2020-02-08_13:11:23.139[Status]Start.
2020-02-08_13:11:23.139[Battery Energy]75.00
2020-02-08_13:11:24.240[Battery Energy]74.96
2020-02-08_13:11:25.342[Battery Energy]74.92
2020-02-08_13:11:26.445[Battery Energy]74.88
2020-02-08_13:11:27.546[Battery Energy]74.84
2020-02-08_13:11:28.646[Task]A New Task Released.
2020-02-08_13:11:28.646[Battery Energy]74.80
2020-02-08_13:11:28.646[Status]Selection Start.
2020-02-08_13:11:31.712[Status]Selection End: Do Task 1.
2020-02-08_13:11:31.813[Battery Energy]72.72
2020-02-08_13:11:31.813[Status]Formation Start.
2020-02-08_13:11:31.976[Status]Formation End: To Position 0.
2020-02-08_13:11:32.089[Battery Energy]72.59
2020-02-08_13:11:32.089[Status]Routing Start.
2020-02-08_13:11:32.280[Status]{'coordinate': [140.31899909654598, 248.62715533697897], 'id': 13}
2020-02-08_13:11:32.281[Status]Routing 1: Walk: 1
2020-02-08_13:11:32.390[Battery Energy]72.34
2020-02-08_13:11:32.390[Status]Routing Start.
2020-02-08_13:11:32.543[Status]{'coordinate': [149.63799819309196, 252.25431067395795], 'id': 13}
2020-02-08_13:11:32.544[Status]Routing 2: Walk: 2
2020-02-08_13:11:32.658[Battery Energy]72.13
2020-02-08_13:11:32.658[Status]Routing Start.
2020-02-08_13:11:32.816[Status]{'coordinate': [158.95699728963794, 255.88146601093692], 'id': 13}
2020-02-08_13:11:32.817[Status]Routing 3: Walk: 3
2020-02-08_13:11:32.924[Battery Energy]71.92
2020-02-08_13:11:32.925[Status]Routing Start.
2020-02-08_13:11:33.120[Status]{'coordinate': [168.27599638618392, 259.5086213479159], 'id': 13}
2020-02-08_13:11:33.120[Status]Routing 4: Walk: 4
2020-02-08_13:11:33.234[Battery Energy]71.68
2020-02-08_13:11:33.234[Status]Routing Start.
2020-02-08_13:11:33.433[Status]{'coordinate': [177.5949954827299, 263.1357766848949], 'id': 13}
2020-02-08_13:11:33.433[Status]Routing 5: Walk: 5
2020-02-08_13:11:33.542[Battery Energy]71.44
2020-02-08_13:11:33.542[Status]Routing Start.
2020-02-08_13:11:33.842[Status]{'coordinate': [186.91399457927588, 266.7629320218739], 'id': 13}
2020-02-08_13:11:33.842[Status]Routing 6: Walk: 6
2020-02-08_13:11:33.946[Battery Energy]71.12
2020-02-08_13:11:33.946[Status]Routing Start.
2020-02-08_13:11:34.272[Status]{'coordinate': [196.23299367582186, 270.3900873588529], 'id': 13}
2020-02-08_13:11:34.273[Status]Routing 7: Walk: 7
2020-02-08_13:11:34.378[Battery Energy]70.81
2020-02-08_13:11:34.378[Status]Routing Start.
2020-02-08_13:11:34.707[Status]{'coordinate': [205.55199277236784, 274.0172426958319], 'id': 13}
2020-02-08_13:11:34.707[Status]Routing 8: Walk: 8
2020-02-08_13:11:34.807[Battery Energy]70.50
2020-02-08_13:11:34.807[Status]Routing Start.
2020-02-08_13:11:35.135[Status]{'coordinate': [214.87099186891382, 277.6443980328109], 'id': 13}
2020-02-08_13:11:35.135[Status]Routing 9: Walk: 9
2020-02-08_13:11:35.239[Battery Energy]70.20
2020-02-08_13:11:35.239[Status]Routing Start.
2020-02-08_13:11:35.573[Status]{'coordinate': [224.1899909654598, 281.2715533697899], 'id': 13}
2020-02-08_13:11:35.573[Status]Routing 10: Walk: 10
2020-02-08_13:11:35.673[Battery Energy]69.93
2020-02-08_13:11:35.673[Status]Routing Start.
2020-02-08_13:11:35.987[Status]{'coordinate': [233.50899006200578, 284.8987087067689], 'id': 13}
2020-02-08_13:11:35.987[Status]Routing 11: Walk: 11
2020-02-08_13:11:36.087[Battery Energy]69.60
2020-02-08_13:11:36.087[Status]Routing Start.
2020-02-08_13:11:36.435[Status]{'coordinate': [242.82798915855176, 288.5258640437479], 'id': 13}
2020-02-08_13:11:36.440[Status]Routing 12: Walk: 12
2020-02-08_13:11:36.550[Battery Energy]69.26
2020-02-08_13:11:36.550[Status]Routing Start.
2020-02-08_13:11:36.856[Status]{'coordinate': [252.14698825509774, 292.1530193807269], 'id': 13}
2020-02-08_13:11:36.856[Status]Routing 13: Walk: 13
2020-02-08_13:11:36.956[Battery Energy]68.99
2020-02-08_13:11:36.956[Status]Routing Start.
2020-02-08_13:11:37.307[Status]{'coordinate': [261.4659873516437, 295.7801747177059], 'id': 13}
2020-02-08_13:11:37.308[Status]Routing 14: Walk: 14
2020-02-08_13:11:37.409[Battery Energy]68.68
2020-02-08_13:11:37.409[Status]Routing Start.
2020-02-08_13:11:37.716[Status]{'coordinate': [270.7849864481897, 299.4073300546849], 'id': 13}
2020-02-08_13:11:37.716[Status]Routing 15: Walk: 15
2020-02-08_13:11:37.817[Battery Energy]68.39
2020-02-08_13:11:37.817[Status]Routing Start.
2020-02-08_13:11:38.201[Status]{'coordinate': [280.10398554473574, 303.0344853916639], 'id': 13}
2020-02-08_13:11:38.201[Status]Routing 16: Walk: 16
2020-02-08_13:11:38.314[Battery Energy]68.09
2020-02-08_13:11:38.314[Status]Routing Start.
2020-02-08_13:11:38.437[Status]{'coordinate': [289.42298464128174, 306.6616407286429], 'id': 13}
2020-02-08_13:11:38.437[Status]Routing 17: Walk: 17
2020-02-08_13:11:38.550[Battery Energy]67.90
2020-02-08_13:11:38.550[Status]Routing Start.
2020-02-08_13:11:38.726[Status]{'coordinate': [298.74198373782775, 310.2887960656219], 'id': 13}
2020-02-08_13:11:38.727[Status]Routing 18: Walk: 18
2020-02-08_13:11:38.827[Battery Energy]67.65
2020-02-08_13:11:38.827[Status]Routing Start.
2020-02-08_13:11:39.119[Status]{'coordinate': [308.06098283437376, 313.9159514026009], 'id': 13}
2020-02-08_13:11:39.119[Status]Routing 19: Walk: 19
2020-02-08_13:11:39.220[Battery Energy]67.35
2020-02-08_13:11:39.220[Status]Routing Start.
2020-02-08_13:11:39.400[Status]{'coordinate': [317.37998193091977, 317.5431067395799], 'id': 13}
2020-02-08_13:11:39.400[Status]Routing 20: Walk: 20
2020-02-08_13:11:39.506[Battery Energy]67.13
2020-02-08_13:11:39.506[Status]Routing Start.
2020-02-08_13:11:39.667[Status]{'coordinate': [326.6989810274658, 321.1702620765589], 'id': 13}
2020-02-08_13:11:39.667[Status]Routing 21: Walk: 21
2020-02-08_13:11:39.774[Battery Energy]66.92
2020-02-08_13:11:39.774[Status]Routing Start.
2020-02-08_13:11:40.115[Status]{'coordinate': [336.0179801240118, 324.7974174135379], 'id': 13}
2020-02-08_13:11:40.115[Status]Routing 22: Walk: 22
2020-02-08_13:11:40.218[Battery Energy]66.61
2020-02-08_13:11:40.218[Status]Routing Start.
2020-02-08_13:11:40.516[Status]{'coordinate': [345.3369792205578, 328.4245727505169], 'id': 13}
2020-02-08_13:11:40.516[Status]Routing 23: Walk: 23
2020-02-08_13:11:40.620[Battery Energy]66.29
2020-02-08_13:11:40.620[Status]Routing Start.
2020-02-08_13:11:40.951[Status]{'coordinate': [354.6559783171038, 332.0517280874959], 'id': 13}
2020-02-08_13:11:40.952[Status]Routing 24: Walk: 24
2020-02-08_13:11:41.053[Battery Energy]65.94
2020-02-08_13:11:41.053[Status]Routing Start.
2020-02-08_13:11:41.383[Status]{'coordinate': [363.9749774136498, 335.6788834244749], 'id': 13}
2020-02-08_13:11:41.387[Status]Routing 25: Walk: 25
2020-02-08_13:11:41.489[Battery Energy]65.62
2020-02-08_13:11:41.489[Status]Routing Start.
2020-02-08_13:11:41.809[Status]{'coordinate': [373.2939765101958, 339.3060387614539], 'id': 13}
2020-02-08_13:11:41.809[Status]Routing 26: Walk: 26
2020-02-08_13:11:41.909[Battery Energy]65.28
2020-02-08_13:11:41.909[Status]Routing Start.
2020-02-08_13:11:42.235[Status]{'coordinate': [382.6129756067418, 342.93319409843286], 'id': 13}
2020-02-08_13:11:42.237[Status]Routing 27: Walk: 27
2020-02-08_13:11:42.337[Battery Energy]64.98
2020-02-08_13:11:42.337[Status]Routing Start.
2020-02-08_13:11:42.480[Status]{'coordinate': [391.93197470328784, 346.56034943541187], 'id': 13}
2020-02-08_13:11:42.480[Status]Routing 28: Walk: 28
2020-02-08_13:11:42.593[Battery Energy]64.79
2020-02-08_13:11:42.594[Status]Routing Start.
2020-02-08_13:11:42.901[Status]{'coordinate': [401.25097379983384, 350.18750477239087], 'id': 13}
2020-02-08_13:11:42.903[Status]Routing 29: Walk: 29
2020-02-08_13:11:43.003[Battery Energy]64.46
2020-02-08_13:11:43.004[Status]Routing Start.
2020-02-08_13:11:43.264[Status]{'coordinate': [410.56997289637985, 353.8146601093698], 'id': 13}
2020-02-08_13:11:43.267[Status]Routing 30: Walk: 30
2020-02-08_13:11:43.370[Battery Energy]64.21
2020-02-08_13:11:43.371[Status]Routing Start.
2020-02-08_13:11:43.708[Status]{'coordinate': [419.88897199292586, 357.44181544634876], 'id': 13}
2020-02-08_13:11:43.708[Status]Routing 31: Walk: 31
2020-02-08_13:11:43.817[Battery Energy]63.88
2020-02-08_13:11:43.817[Status]Routing Start.
2020-02-08_13:11:44.135[Status]{'coordinate': [429.20797108947187, 361.06897078332776], 'id': 13}
2020-02-08_13:11:44.136[Status]Routing 32: Walk: 32
2020-02-08_13:11:44.244[Battery Energy]63.59
2020-02-08_13:11:44.244[Status]Routing Start.
2020-02-08_13:11:44.643[Status]{'coordinate': [438.5269701860179, 364.69612612030676], 'id': 13}
2020-02-08_13:11:44.643[Status]Routing 33: Walk: 33
2020-02-08_13:11:44.750[Battery Energy]63.23
2020-02-08_13:11:44.750[Status]Routing Start.
2020-02-08_13:11:45.071[Status]{'coordinate': [447.8459692825639, 368.32328145728576], 'id': 13}
2020-02-08_13:11:45.071[Status]Routing 34: Walk: 34
2020-02-08_13:11:45.171[Battery Energy]62.89
2020-02-08_13:11:45.171[Status]Routing Start.
2020-02-08_13:11:45.326[Status]{'coordinate': [457.1649683791099, 371.95043679426476], 'id': 13}
2020-02-08_13:11:45.326[Status]Routing 35: Walk: 35
2020-02-08_13:11:45.442[Battery Energy]62.68
2020-02-08_13:11:45.442[Status]Routing Start.
2020-02-08_13:11:45.587[Status]{'coordinate': [466.4839674756559, 375.57759213124376], 'id': 13}
2020-02-08_13:11:45.587[Status]Routing 36: Walk: 36
2020-02-08_13:11:45.688[Battery Energy]62.50
2020-02-08_13:11:45.688[Status]Routing Start.
2020-02-08_13:11:46.018[Status]{'coordinate': [475.8029665722019, 379.2047474682227], 'id': 13}
2020-02-08_13:11:46.018[Status]Routing 37: Walk: 37
2020-02-08_13:11:46.122[Battery Energy]62.17
2020-02-08_13:11:46.122[Status]Routing Start.
2020-02-08_13:11:46.273[Status]{'coordinate': [485.1219656687479, 382.8319028052017], 'id': 13}
2020-02-08_13:11:46.273[Status]Routing 38: Walk: 38
2020-02-08_13:11:46.386[Battery Energy]61.97
2020-02-08_13:11:46.386[Status]Routing Start.
2020-02-08_13:11:46.533[Status]{'coordinate': [494.4409647652939, 386.45905814218065], 'id': 13}
2020-02-08_13:11:46.533[Status]Routing 39: Walk: 39
2020-02-08_13:11:46.638[Battery Energy]61.77
2020-02-08_13:11:46.638[Status]Routing Start.
2020-02-08_13:11:46.786[Status]{'coordinate': [503.75996386183994, 390.08621347915965], 'id': 13}
2020-02-08_13:11:46.786[Status]Routing 40: Walk: 40
2020-02-08_13:11:46.898[Battery Energy]61.59
2020-02-08_13:11:46.898[Status]Routing Start.
2020-02-08_13:11:47.058[Status]{'coordinate': [513.0789629583859, 393.71336881613865], 'id': 13}
2020-02-08_13:11:47.060[Status]Routing 41: Walk: 41
2020-02-08_13:11:47.174[Battery Energy]61.35
2020-02-08_13:11:47.174[Status]Routing Start.
2020-02-08_13:11:47.473[Status]Routing 42: Walk: 41
2020-02-08_13:11:47.573[Battery Energy]61.07
2020-02-08_13:11:47.574[Status]Routing Start.
2020-02-08_13:11:47.887[Status]Routing 43: Walk: 41
2020-02-08_13:11:47.987[Battery Energy]60.80
2020-02-08_13:11:47.987[Status]Routing Start.
2020-02-08_13:11:48.273[Status]Routing 44: Walk: 41
2020-02-08_13:11:48.374[Battery Energy]60.54
2020-02-08_13:11:48.374[Status]Routing Start.
2020-02-08_13:11:48.576[Status]{'coordinate': [522.3979620549319, 397.3405241531176], 'id': 13}
2020-02-08_13:11:48.576[Status]Routing 45: Walk: 42
2020-02-08_13:11:48.682[Battery Energy]60.31
2020-02-08_13:11:48.682[Status]Routing Start.
2020-02-08_13:11:49.194[Status]Routing 46: Walk: 42
2020-02-08_13:11:49.294[Battery Energy]59.92
2020-02-08_13:11:49.295[Status]Routing Start.
2020-02-08_13:11:49.424[Status]{'coordinate': [531.7169611514779, 400.96767949009654], 'id': 13}
2020-02-08_13:11:49.424[Status]Routing 47: Walk: 43
2020-02-08_13:11:49.524[Battery Energy]59.74
2020-02-08_13:11:49.524[Status]Routing Start.
2020-02-08_13:11:49.858[Status]{'coordinate': [541.0359602480239, 404.59483482707554], 'id': 13}
2020-02-08_13:11:49.859[Status]Routing 48: Walk: 44
2020-02-08_13:11:49.966[Battery Energy]59.49
2020-02-08_13:11:49.966[Status]Routing Start.
2020-02-08_13:11:50.157[Status]{'coordinate': [550.3549593445699, 408.22199016405455], 'id': 13}
2020-02-08_13:11:50.157[Status]Routing 49: Walk: 45
2020-02-08_13:11:50.257[Battery Energy]59.25
2020-02-08_13:11:50.257[Status]Routing Start.
2020-02-08_13:11:50.609[Status]{'coordinate': [559.6739584411159, 411.8491455010335], 'id': 13}
2020-02-08_13:11:50.609[Status]Routing 50: Walk: 46
2020-02-08_13:11:50.714[Battery Energy]58.95
2020-02-08_13:11:50.714[Status]Routing Start.
2020-02-08_13:11:50.888[Status]{'coordinate': [568.9929575376619, 415.47630083801243], 'id': 13}
2020-02-08_13:11:50.888[Status]Routing 51: Walk: 47
2020-02-08_13:11:50.988[Battery Energy]58.75
2020-02-08_13:11:50.988[Status]Routing Start.
2020-02-08_13:11:51.388[Status]{'coordinate': [578.311956634208, 419.10345617499144], 'id': 13}
2020-02-08_13:11:51.388[Status]Routing 52: Walk: 48
2020-02-08_13:11:51.490[Battery Energy]58.43
2020-02-08_13:11:51.490[Status]Routing Start.
2020-02-08_13:11:51.814[Status]{'coordinate': [587.630955730754, 422.73061151197044], 'id': 13}
2020-02-08_13:11:51.814[Status]Routing 53: Walk: 49
2020-02-08_13:11:51.915[Battery Energy]58.17
2020-02-08_13:11:51.915[Status]Routing Start.
2020-02-08_13:11:52.277[Status]{'coordinate': [596.9499548273, 426.35776684894944], 'id': 13}
2020-02-08_13:11:52.281[Status]Routing 54: Walk: 50
2020-02-08_13:11:52.390[Battery Energy]57.86
2020-02-08_13:11:52.390[Status]Routing Start.
2020-02-08_13:11:52.674[Status]{'coordinate': [606.268953923846, 429.98492218592844], 'id': 13}
2020-02-08_13:11:52.674[Status]Routing 55: Walk: 51
2020-02-08_13:11:52.775[Battery Energy]57.55
2020-02-08_13:11:52.775[Status]Routing Start.
2020-02-08_13:11:52.951[Status]{'coordinate': [615.587953020392, 433.6120775229074], 'id': 13}
2020-02-08_13:11:52.951[Status]Routing 56: Walk: 52
2020-02-08_13:11:53.054[Battery Energy]57.32
2020-02-08_13:11:53.054[Status]Routing Start.
2020-02-08_13:11:53.197[Status]{'coordinate': [624.906952116938, 437.23923285988633], 'id': 13}
2020-02-08_13:11:53.197[Status]Routing 57: Walk: 53
2020-02-08_13:11:53.305[Battery Energy]57.10
2020-02-08_13:11:53.305[Status]Routing Start.
2020-02-08_13:11:53.610[Status]{'coordinate': [634.225951213484, 440.86638819686533], 'id': 13}
2020-02-08_13:11:53.610[Status]Routing 58: Walk: 54
2020-02-08_13:11:53.714[Battery Energy]56.81
2020-02-08_13:11:53.714[Status]Routing Start.
2020-02-08_13:11:53.872[Status]{'coordinate': [643.54495031003, 444.49354353384433], 'id': 13}
2020-02-08_13:11:53.872[Status]Routing 59: Walk: 55
2020-02-08_13:11:53.985[Battery Energy]56.58
2020-02-08_13:11:53.985[Status]Routing Start.
2020-02-08_13:11:54.316[Status]Routing 60: Walk: 55
2020-02-08_13:11:54.416[Battery Energy]56.30
2020-02-08_13:11:54.416[Status]Routing Start.
2020-02-08_13:11:54.560[Status]{'coordinate': [652.863949406576, 448.1206988708233], 'id': 13}
2020-02-08_13:11:54.560[Status]Routing 61: Walk: 56
2020-02-08_13:11:54.660[Battery Energy]56.13
2020-02-08_13:11:54.660[Status]Routing Start.
2020-02-08_13:11:54.982[Status]Routing 62: Walk: 56
2020-02-08_13:11:55.082[Battery Energy]55.83
2020-02-08_13:11:55.083[Status]Routing Start.
2020-02-08_13:11:55.214[Status]{'coordinate': [662.182948503122, 451.7478542078023], 'id': 13}
2020-02-08_13:11:55.214[Status]Routing 63: Walk: 57
2020-02-08_13:11:55.314[Battery Energy]55.65
2020-02-08_13:11:55.314[Status]Routing Start.
2020-02-08_13:11:55.632[Status]Routing 64: Walk: 57
2020-02-08_13:11:55.735[Battery Energy]55.37
2020-02-08_13:11:55.735[Status]Routing Start.
2020-02-08_13:11:56.031[Status]Routing 65: Walk: 57
2020-02-08_13:11:56.131[Battery Energy]55.06
2020-02-08_13:11:56.131[Status]Routing Start.
2020-02-08_13:11:56.552[Status]Routing 66: Walk: 57
2020-02-08_13:11:56.654[Battery Energy]54.69
2020-02-08_13:11:56.654[Status]Routing Start.
2020-02-08_13:11:56.949[Status]Routing 67: Walk: 57
2020-02-08_13:11:57.049[Battery Energy]54.40
2020-02-08_13:11:57.049[Status]Routing Start.
2020-02-08_13:11:57.380[Status]Routing 68: Walk: 57
2020-02-08_13:11:57.482[Battery Energy]54.07
2020-02-08_13:11:57.482[Status]Routing Start.
2020-02-08_13:11:57.851[Status]Routing 69: Walk: 57
2020-02-08_13:11:57.958[Battery Energy]53.75
2020-02-08_13:11:57.958[Status]Routing Start.
2020-02-08_13:11:58.259[Status]Routing 70: Walk: 57
2020-02-08_13:11:58.362[Battery Energy]53.45
2020-02-08_13:11:58.362[Status]Routing Start.
2020-02-08_13:11:58.512[Status]{'coordinate': [671.501947599668, 455.3750095447813], 'id': 13}
2020-02-08_13:11:58.513[Status]Routing 71: Walk: 58
2020-02-08_13:11:58.613[Battery Energy]53.23
2020-02-08_13:11:58.613[Status]Routing Start.
2020-02-08_13:11:58.930[Status]Routing 72: Walk: 58
2020-02-08_13:11:59.030[Battery Energy]52.92
2020-02-08_13:11:59.031[Status]Routing Start.
2020-02-08_13:11:59.353[Status]Routing 73: Walk: 58
2020-02-08_13:11:59.457[Battery Energy]52.61
2020-02-08_13:11:59.457[Status]Routing Start.
2020-02-08_13:11:59.743[Status]Routing 74: Walk: 58
2020-02-08_13:11:59.844[Battery Energy]52.33
2020-02-08_13:11:59.844[Status]Routing Start.
2020-02-08_13:12:00.132[Status]Routing 75: Walk: 58
2020-02-08_13:12:00.232[Battery Energy]52.04
2020-02-08_13:12:00.232[Status]Routing Start.
2020-02-08_13:12:00.587[Status]Routing 76: Walk: 58
2020-02-08_13:12:00.688[Battery Energy]51.71
2020-02-08_13:12:00.688[Status]Routing Start.
2020-02-08_13:12:00.841[Status]{'coordinate': [680.820946696214, 459.0021648817603], 'id': 13}
2020-02-08_13:12:00.841[Status]Routing 77: Walk: 59
2020-02-08_13:12:00.942[Battery Energy]51.51
2020-02-08_13:12:00.942[Status]Routing Start.
2020-02-08_13:12:01.255[Status]Routing 78: Walk: 59
2020-02-08_13:12:01.364[Battery Energy]51.22
2020-02-08_13:12:01.364[Status]Routing Start.
2020-02-08_13:12:01.555[Status]{'coordinate': [690.13994579276, 462.6293202187392], 'id': 13}
2020-02-08_13:12:01.555[Status]Routing 79: Walk: 60
2020-02-08_13:12:01.655[Battery Energy]51.04
2020-02-08_13:12:01.655[Status]Routing Start.
2020-02-08_13:12:01.808[Status]{'coordinate': [699.458944889306, 466.2564755557182], 'id': 13}
2020-02-08_13:12:01.808[Status]Routing 80: Walk: 61
2020-02-08_13:12:01.908[Battery Energy]50.82
2020-02-08_13:12:01.908[Status]Routing Start.
2020-02-08_13:12:02.058[Status]{'coordinate': [708.7779439858521, 469.8836308926972], 'id': 13}
2020-02-08_13:12:02.058[Status]Routing 81: Walk: 62
2020-02-08_13:12:02.174[Battery Energy]50.63
2020-02-08_13:12:02.174[Status]Routing Start.
2020-02-08_13:12:02.319[Status]{'coordinate': [718.0969430823981, 473.51078622967617], 'id': 13}
2020-02-08_13:12:02.319[Status]Routing 82: Walk: 63
2020-02-08_13:12:02.430[Battery Energy]50.41
2020-02-08_13:12:02.430[Status]Routing Start.
2020-02-08_13:12:02.575[Status]{'coordinate': [727.4159421789441, 477.1379415666552], 'id': 13}
2020-02-08_13:12:02.575[Status]Routing 83: Walk: 64
2020-02-08_13:12:02.676[Battery Energy]50.18
2020-02-08_13:12:02.676[Status]Routing Start.
2020-02-08_13:12:02.833[Status]{'coordinate': [736.7349412754901, 480.7650969036341], 'id': 13}
2020-02-08_13:12:02.833[Status]Routing 84: Walk: 65
2020-02-08_13:12:02.933[Battery Energy]49.97
2020-02-08_13:12:02.933[Status]Routing Start.
2020-02-08_13:12:03.108[Status]{'coordinate': [746.0539403720361, 484.3922522406131], 'id': 13}
2020-02-08_13:12:03.108[Status]Routing 85: Walk: 66
2020-02-08_13:12:03.218[Battery Energy]49.75
2020-02-08_13:12:03.218[Status]Routing Start.
2020-02-08_13:12:03.360[Status]{'coordinate': [755.3729394685821, 488.0194075775921], 'id': 13}
2020-02-08_13:12:03.361[Status]Routing 86: Walk: 67
2020-02-08_13:12:03.467[Battery Energy]49.54
2020-02-08_13:12:03.468[Status]Routing Start.
2020-02-08_13:12:03.642[Status]{'coordinate': [764.6919385651281, 491.64656291457106], 'id': 13}
2020-02-08_13:12:03.642[Status]Routing 87: Walk: 68
2020-02-08_13:12:03.742[Battery Energy]49.32
2020-02-08_13:12:03.742[Status]Routing Start.
2020-02-08_13:12:03.908[Status]{'coordinate': [774.0109376616741, 495.27371825155006], 'id': 13}
2020-02-08_13:12:03.908[Status]Routing 88: Walk: 69
2020-02-08_13:12:04.008[Battery Energy]49.11
2020-02-08_13:12:04.008[Status]Routing Start.
2020-02-08_13:12:04.185[Status]{'coordinate': [783.3299367582201, 498.90087358852907], 'id': 13}
2020-02-08_13:12:04.185[Status]Routing 89: Walk: 70
2020-02-08_13:12:04.294[Battery Energy]48.85
2020-02-08_13:12:04.294[Status]Routing Start.
2020-02-08_13:12:04.538[Status]{'coordinate': [792.6489358547661, 502.528028925508], 'id': 13}
2020-02-08_13:12:04.538[Status]Routing 90: Walk: 71
2020-02-08_13:12:04.639[Battery Energy]48.61
2020-02-08_13:12:04.639[Status]Routing Start.
2020-02-08_13:12:04.761[Status]{'coordinate': [801.9679349513121, 506.155184262487], 'id': 13}
2020-02-08_13:12:04.761[Status]Routing 91: Walk: 72
2020-02-08_13:12:04.862[Battery Energy]48.41
2020-02-08_13:12:04.862[Status]Routing Start.
2020-02-08_13:12:05.015[Status]{'coordinate': [811.2869340478582, 509.782339599466], 'id': 13}
2020-02-08_13:12:05.015[Status]Routing 92: Walk: 73
2020-02-08_13:12:05.116[Battery Energy]48.19
2020-02-08_13:12:05.116[Status]Routing Start.
2020-02-08_13:12:05.286[Status]{'coordinate': [820.6059331444042, 513.409494936445], 'id': 13}
2020-02-08_13:12:05.286[Status]Routing 93: Walk: 74
2020-02-08_13:12:05.386[Battery Energy]47.98
2020-02-08_13:12:05.386[Status]Routing Start.
2020-02-08_13:12:05.545[Status]{'coordinate': [829.9249322409502, 517.0366502734239], 'id': 13}
2020-02-08_13:12:05.545[Status]Routing 94: Walk: 75
2020-02-08_13:12:05.662[Battery Energy]47.77
2020-02-08_13:12:05.662[Status]Routing Start.
2020-02-08_13:12:05.828[Status]{'coordinate': [839.2439313374962, 520.6638056104028], 'id': 13}
2020-02-08_13:12:05.828[Status]Routing 95: Walk: 76
2020-02-08_13:12:05.928[Battery Energy]47.54
2020-02-08_13:12:05.928[Status]Routing Start.
2020-02-08_13:12:06.253[Status]{'coordinate': [848.5629304340422, 524.2909609473818], 'id': 13}
2020-02-08_13:12:06.253[Status]Routing 96: Walk: 77
2020-02-08_13:12:06.354[Battery Energy]47.23
2020-02-08_13:12:06.354[Status]Routing Start.
2020-02-08_13:12:06.680[Status]{'coordinate': [857.8819295305882, 527.9181162843607], 'id': 13}
2020-02-08_13:12:06.680[Status]Routing 97: Walk: 78
2020-02-08_13:12:06.794[Battery Energy]46.87
2020-02-08_13:12:06.794[Status]Routing Start.
2020-02-08_13:12:07.133[Status]{'coordinate': [867.2009286271342, 531.5452716213397], 'id': 13}
2020-02-08_13:12:07.133[Status]Routing 98: Walk: 79
2020-02-08_13:12:07.242[Battery Energy]46.53
2020-02-08_13:12:07.242[Status]Routing Start.
2020-02-08_13:12:07.607[Status]{'coordinate': [876.5199277236802, 535.1724269583186], 'id': 13}
2020-02-08_13:12:07.607[Status]Routing 99: Walk: 80
2020-02-08_13:12:07.709[Battery Energy]46.18
2020-02-08_13:12:07.710[Status]Routing Start.
2020-02-08_13:12:07.975[Status]{'coordinate': [885.8389268202262, 538.7995822952976], 'id': 13}
2020-02-08_13:12:07.975[Status]Routing 100: Walk: 81
2020-02-08_13:12:08.078[Battery Energy]45.91
2020-02-08_13:12:08.078[Status]Routing Start.
2020-02-08_13:12:08.394[Status]{'coordinate': [895.1579259167722, 542.4267376322765], 'id': 13}
2020-02-08_13:12:08.394[Status]Routing 101: Walk: 82
2020-02-08_13:12:08.502[Battery Energy]45.60
2020-02-08_13:12:08.502[Status]Routing Start.
2020-02-08_13:12:08.705[Status]{'coordinate': [904.4769250133182, 546.0538929692555], 'id': 13}
2020-02-08_13:12:08.705[Status]Routing 102: Walk: 83
2020-02-08_13:12:08.810[Battery Energy]45.35
2020-02-08_13:12:08.810[Status]Routing Start.
2020-02-08_13:12:09.164[Status]{'coordinate': [913.7959241098642, 549.6810483062344], 'id': 13}
2020-02-08_13:12:09.164[Status]Routing 103: Walk: 84
2020-02-08_13:12:09.270[Battery Energy]44.97
2020-02-08_13:12:09.270[Status]Routing Start.
2020-02-08_13:12:09.413[Status]{'coordinate': [923.1149232064103, 553.3082036432133], 'id': 13}
2020-02-08_13:12:09.413[Status]Routing 104: Walk: 85
2020-02-08_13:12:09.513[Battery Energy]44.78
2020-02-08_13:12:09.513[Status]Routing Start.
2020-02-08_13:12:09.684[Status]{'coordinate': [932.4339223029563, 556.9353589801923], 'id': 13}
2020-02-08_13:12:09.684[Status]Routing 105: Walk: 86
2020-02-08_13:12:09.802[Battery Energy]44.55
2020-02-08_13:12:09.802[Status]Routing Start.
2020-02-08_13:12:10.025[Status]{'coordinate': [941.7529213995023, 560.5625143171712], 'id': 13}
2020-02-08_13:12:10.026[Status]Routing 106: Walk: 87
2020-02-08_13:12:10.138[Battery Energy]44.30
2020-02-08_13:12:10.138[Status]Routing Start.
2020-02-08_13:12:10.294[Status]{'coordinate': [951.0719204960483, 564.1896696541502], 'id': 13}
2020-02-08_13:12:10.294[Status]Routing 107: Walk: 88
2020-02-08_13:12:10.402[Battery Energy]44.10
2020-02-08_13:12:10.402[Status]Routing Start.
2020-02-08_13:12:10.537[Status]{'coordinate': [960.3909195925943, 567.8168249911291], 'id': 13}
2020-02-08_13:12:10.537[Status]Routing 108: Walk: 89
2020-02-08_13:12:10.641[Battery Energy]43.90
2020-02-08_13:12:10.641[Status]Routing Start.
2020-02-08_13:12:10.952[Status]{'coordinate': [969.7099186891403, 571.4439803281081], 'id': 13}
2020-02-08_13:12:10.952[Status]Routing 109: Walk: 90
2020-02-08_13:12:11.052[Battery Energy]43.58
2020-02-08_13:12:11.052[Status]Routing Start.
2020-02-08_13:12:11.357[Status]{'coordinate': [979.0289177856863, 575.071135665087], 'id': 13}
2020-02-08_13:12:11.357[Status]Routing 110: Walk: 91
2020-02-08_13:12:11.457[Battery Energy]43.33
2020-02-08_13:12:11.457[Status]Routing Start.
2020-02-08_13:12:11.640[Status]{'coordinate': [988.3479168822323, 578.698291002066], 'id': 13}
2020-02-08_13:12:11.640[Status]Routing 111: Walk: 92
2020-02-08_13:12:11.741[Battery Energy]43.10
2020-02-08_13:12:11.741[Status]Routing Start.
2020-02-08_13:12:12.034[Status]{'coordinate': [997.6669159787783, 582.3254463390449], 'id': 13}
2020-02-08_13:12:12.034[Status]Routing 112: Walk: 93
2020-02-08_13:12:12.142[Battery Energy]42.80
2020-02-08_13:12:12.142[Status]Routing Start.
2020-02-08_13:12:12.459[Status]{'coordinate': [1006.9859150753243, 585.9526016760238], 'id': 13}
2020-02-08_13:12:12.459[Status]Routing 113: Walk: 94
2020-02-08_13:12:12.559[Battery Energy]42.51
2020-02-08_13:12:12.559[Status]Routing Start.
2020-02-08_13:12:12.852[Status]{'coordinate': [1016.3049141718703, 589.5797570130028], 'id': 13}
2020-02-08_13:12:12.852[Status]Routing 114: Walk: 95
2020-02-08_13:12:12.952[Battery Energy]42.16
2020-02-08_13:12:12.952[Status]Routing Start.
2020-02-08_13:12:13.245[Status]{'coordinate': [1025.6239132684163, 593.2069123499817], 'id': 13}
2020-02-08_13:12:13.245[Status]Routing 115: Walk: 96
2020-02-08_13:12:13.353[Battery Energy]41.89
2020-02-08_13:12:13.353[Status]Routing Start.
2020-02-08_13:12:13.469[Status]{'coordinate': [1034.9429123649622, 596.8340676869607], 'id': 13}
2020-02-08_13:12:13.469[Status]Routing 116: Walk: 97
2020-02-08_13:12:13.570[Battery Energy]41.70
2020-02-08_13:12:13.570[Status]Routing Start.
2020-02-08_13:12:13.736[Status]{'coordinate': [1044.2619114615081, 600.4612230239396], 'id': 13}
2020-02-08_13:12:13.736[Status]Routing 117: Walk: 98
2020-02-08_13:12:13.836[Battery Energy]41.47
2020-02-08_13:12:13.836[Status]Routing Start.
2020-02-08_13:12:14.153[Status]{'coordinate': [1053.580910558054, 604.0883783609186], 'id': 13}
2020-02-08_13:12:14.153[Status]Routing 118: Walk: 99
2020-02-08_13:12:14.253[Battery Energy]41.11
2020-02-08_13:12:14.253[Status]Routing Start.
2020-02-08_13:12:14.620[Status]{'coordinate': [1062.8999096546, 607.7155336978975], 'id': 13}
2020-02-08_13:12:14.624[Status]Routing 119: Walk: 100
2020-02-08_13:12:14.734[Battery Energy]40.74
2020-02-08_13:12:14.734[Status]Routing Start.
2020-02-08_13:12:14.949[Status]{'coordinate': [1072.2189087511458, 611.3426890348765], 'id': 13}
2020-02-08_13:12:14.950[Status]Routing 120: Walk: 101
2020-02-08_13:12:15.051[Battery Energy]40.51
2020-02-08_13:12:15.051[Status]Routing Start.
2020-02-08_13:12:15.297[Status]{'coordinate': [1081.5379078476917, 614.9698443718554], 'id': 13}
2020-02-08_13:12:15.297[Status]Routing 121: Walk: 102
2020-02-08_13:12:15.402[Battery Energy]40.24
2020-02-08_13:12:15.402[Status]Routing Start.
2020-02-08_13:12:15.547[Status]{'coordinate': [1090.8569069442376, 618.5969997088343], 'id': 13}
2020-02-08_13:12:15.547[Status]Routing 122: Walk: 103
2020-02-08_13:12:15.647[Battery Energy]40.01
2020-02-08_13:12:15.647[Status]Routing Start.
2020-02-08_13:12:15.805[Status]{'coordinate': [1100.1759060407835, 622.2241550458134], 'id': 13}
2020-02-08_13:12:15.805[Status]Routing 123: Walk: 104
2020-02-08_13:12:15.918[Battery Energy]39.80
2020-02-08_13:12:15.918[Status]Routing Start.
2020-02-08_13:12:16.264[Status]{'coordinate': [1109.4949051373294, 625.8513103827923], 'id': 13}
2020-02-08_13:12:16.266[Status]Routing 124: Walk: 105
2020-02-08_13:12:16.374[Battery Energy]39.44
2020-02-08_13:12:16.374[Status]Routing Start.
2020-02-08_13:12:16.713[Status]{'coordinate': [1118.8139042338753, 629.4784657197713], 'id': 13}
2020-02-08_13:12:16.713[Status]Routing 125: Walk: 106
2020-02-08_13:12:16.813[Battery Energy]39.14
2020-02-08_13:12:16.813[Status]Routing Start.
2020-02-08_13:12:16.966[Status]{'coordinate': [1128.1329033304212, 633.1056210567502], 'id': 13}
2020-02-08_13:12:16.966[Status]Routing 126: Walk: 107
2020-02-08_13:12:17.078[Battery Energy]38.94
2020-02-08_13:12:17.078[Status]Routing Start.
2020-02-08_13:12:17.546[Status]Routing 127: Walk: 107
2020-02-08_13:12:17.646[Battery Energy]38.55
2020-02-08_13:12:17.646[Status]Routing Start.
2020-02-08_13:12:17.824[Status]{'coordinate': [1137.451902426967, 636.7327763937292], 'id': 13}
2020-02-08_13:12:17.824[Status]Routing 128: Walk: 108
2020-02-08_13:12:17.924[Battery Energy]38.32
2020-02-08_13:12:17.924[Status]Routing Start.
2020-02-08_13:12:18.074[Status]{'coordinate': [1146.770901523513, 640.3599317307082], 'id': 13}
2020-02-08_13:12:18.074[Status]Routing 129: Walk: 109
2020-02-08_13:12:18.186[Battery Energy]38.10
2020-02-08_13:12:18.186[Status]Routing Start.
2020-02-08_13:12:18.340[Status]{'coordinate': [1156.0899006200589, 643.9870870676872], 'id': 13}
2020-02-08_13:12:18.340[Status]Routing 130: Walk: 110
2020-02-08_13:12:18.454[Battery Energy]37.89
2020-02-08_13:12:18.454[Status]Routing Start.
2020-02-08_13:12:18.700[Status]{'coordinate': [1165.4088997166048, 647.6142424046661], 'id': 13}
2020-02-08_13:12:18.700[Status]Routing 131: Walk: 111
2020-02-08_13:12:18.800[Battery Energy]37.65
2020-02-08_13:12:18.800[Status]Routing Start.
2020-02-08_13:12:18.953[Status]{'coordinate': [1174.7278988131507, 651.2413977416451], 'id': 13}
2020-02-08_13:12:18.954[Status]Routing 132: Walk: 112
2020-02-08_13:12:19.066[Battery Energy]37.44
2020-02-08_13:12:19.066[Status]Routing Start.
2020-02-08_13:12:19.204[Status]{'coordinate': [1184.0468979096966, 654.8685530786241], 'id': 13}
2020-02-08_13:12:19.204[Status]Routing 133: Walk: 113
2020-02-08_13:12:19.304[Battery Energy]37.23
2020-02-08_13:12:19.304[Status]Routing Start.
2020-02-08_13:12:19.459[Status]{'coordinate': [1193.3658970062424, 658.4957084156031], 'id': 13}
2020-02-08_13:12:19.459[Status]Routing 134: Walk: 114
2020-02-08_13:12:19.566[Battery Energy]37.01
2020-02-08_13:12:19.566[Status]Routing Start.
2020-02-08_13:12:19.722[Status]{'coordinate': [1202.6848961027883, 662.122863752582], 'id': 13}
2020-02-08_13:12:19.722[Status]Routing 135: Walk: 115
2020-02-08_13:12:19.826[Battery Energy]36.79
2020-02-08_13:12:19.826[Status]Routing Start.
2020-02-08_13:12:20.025[Status]{'coordinate': [1212.0038951993342, 665.750019089561], 'id': 13}
2020-02-08_13:12:20.025[Status]Routing 136: Walk: 116
2020-02-08_13:12:20.133[Battery Energy]36.55
2020-02-08_13:12:20.134[Status]Routing Start.
2020-02-08_13:12:20.342[Status]{'coordinate': [1221.3228942958801, 669.37717442654], 'id': 13}
2020-02-08_13:12:20.343[Status]Routing 137: Walk: 117
2020-02-08_13:12:20.443[Battery Energy]36.32
2020-02-08_13:12:20.443[Status]Routing Start.
2020-02-08_13:12:20.597[Status]{'coordinate': [1230.641893392426, 673.004329763519], 'id': 13}
2020-02-08_13:12:20.598[Status]Routing 138: Walk: 118
2020-02-08_13:12:20.699[Battery Energy]36.11
2020-02-08_13:12:20.699[Status]Routing Start.
2020-02-08_13:12:20.860[Status]{'coordinate': [1239.960892488972, 676.6314851004979], 'id': 13}
2020-02-08_13:12:20.860[Status]Routing 139: Walk: 119
2020-02-08_13:12:20.970[Battery Energy]35.91
2020-02-08_13:12:20.970[Status]Routing Start.
2020-02-08_13:12:21.101[Status]{'coordinate': [1249.2798915855178, 680.2586404374769], 'id': 13}
2020-02-08_13:12:21.101[Status]Routing 140: Walk: 120
2020-02-08_13:12:21.206[Battery Energy]35.72
2020-02-08_13:12:21.206[Status]Routing Start.
2020-02-08_13:12:21.352[Status]{'coordinate': [1258.5988906820637, 683.8857957744558], 'id': 13}
2020-02-08_13:12:21.352[Status]Routing 141: Walk: 121
2020-02-08_13:12:21.452[Battery Energy]35.51
2020-02-08_13:12:21.453[Status]Routing Start.
2020-02-08_13:12:21.625[Status]{'coordinate': [1267.9178897786096, 687.5129511114349], 'id': 13}
2020-02-08_13:12:21.625[Status]Routing 142: Walk: 122
2020-02-08_13:12:21.725[Battery Energy]35.29
2020-02-08_13:12:21.726[Status]Routing Start.
2020-02-08_13:12:21.899[Status]{'coordinate': [1277.2368888751555, 691.1401064484138], 'id': 13}
2020-02-08_13:12:21.899[Status]Routing 143: Walk: 123
2020-02-08_13:12:22.010[Battery Energy]35.05
2020-02-08_13:12:22.010[Status]Routing Start.
2020-02-08_13:12:22.184[Status]{'coordinate': [1286.5558879717014, 694.7672617853927], 'id': 13}
2020-02-08_13:12:22.184[Status]Routing 144: Walk: 124
2020-02-08_13:12:22.298[Battery Energy]34.84
2020-02-08_13:12:22.298[Status]Routing Start.
2020-02-08_13:12:22.430[Status]{'coordinate': [1295.8748870682473, 698.3944171223717], 'id': 13}
2020-02-08_13:12:22.431[Status]Routing 145: Walk: 125
2020-02-08_13:12:22.550[Battery Energy]34.63
2020-02-08_13:12:22.550[Status]Routing Start.
2020-02-08_13:12:22.550[Status]Task Finished.
2020-02-08_13:12:22.650[Battery Energy]34.63
2020-02-08_13:12:22.804[Status]Routing 147: Walk: 125
2020-02-08_13:12:22.904[Battery Energy]34.53
2020-02-08_13:12:23.053[Status]Routing 148: Walk: 125
2020-02-08_13:12:23.153[Battery Energy]34.43
2020-02-08_13:12:23.319[Status]Routing 149: Walk: 125
2020-02-08_13:12:23.420[Battery Energy]34.30
2020-02-08_13:12:23.585[Status]Routing 150: Walk: 125
2020-02-08_13:12:23.685[Battery Energy]34.19
2020-02-08_13:12:23.855[Status]Routing 151: Walk: 125
2020-02-08_13:12:23.956[Battery Energy]34.07
2020-02-08_13:12:24.149[Status]Routing 152: Walk: 125
2020-02-08_13:12:24.282[Battery Energy]33.92
2020-02-08_13:12:24.407[Status]Routing 153: Walk: 125
2020-02-08_13:12:24.518[Battery Energy]33.83
2020-02-08_13:12:24.660[Status]Routing 154: Walk: 125
2020-02-08_13:12:24.766[Battery Energy]33.71
2020-02-08_13:12:24.898[Status]Routing 155: Walk: 125
2020-02-08_13:12:24.999[Battery Energy]33.62
2020-02-08_13:12:25.152[Status]Routing 156: Walk: 125
2020-02-08_13:12:25.262[Battery Energy]33.53
2020-02-08_13:12:25.430[Status]Routing 157: Walk: 125
2020-02-08_13:12:25.534[Battery Energy]33.40
2020-02-08_13:12:25.722[Status]Routing 158: Walk: 125
2020-02-08_13:12:25.826[Battery Energy]33.25
2020-02-08_13:12:25.955[Status]Routing 159: Walk: 125
2020-02-08_13:12:26.058[Battery Energy]33.16
2020-02-08_13:12:26.210[Status]Routing 160: Walk: 125
2020-02-08_13:12:26.322[Battery Energy]33.04
2020-02-08_13:12:26.485[Status]Routing 161: Walk: 125
2020-02-08_13:12:26.586[Battery Energy]32.95
2020-02-08_13:12:26.728[Status]Routing 162: Walk: 125
2020-02-08_13:12:26.830[Battery Energy]32.85
2020-02-08_13:12:27.007[Status]Routing 163: Walk: 125
2020-02-08_13:12:27.114[Battery Energy]32.75
2020-02-08_13:12:27.279[Status]Routing 164: Walk: 125
2020-02-08_13:12:27.408[Battery Energy]32.61
2020-02-08_13:12:27.528[Status]Routing 165: Walk: 125
2020-02-08_13:12:27.630[Battery Energy]32.50
2020-02-08_13:12:27.797[Status]Routing 166: Walk: 125
2020-02-08_13:12:27.908[Battery Energy]32.37
2020-02-08_13:12:28.058[Status]Routing 167: Walk: 125
2020-02-08_13:12:28.159[Battery Energy]32.26
2020-02-08_13:12:28.311[Status]Routing 168: Walk: 125
2020-02-08_13:12:28.413[Battery Energy]32.16
2020-02-08_13:12:28.588[Status]Routing 169: Walk: 125
2020-02-08_13:12:28.698[Battery Energy]32.05
2020-02-08_13:12:28.860[Status]Routing 170: Walk: 125
2020-02-08_13:12:28.969[Battery Energy]31.91
2020-02-08_13:12:29.104[Status]Routing 171: Walk: 125
2020-02-08_13:12:29.218[Battery Energy]31.81
2020-02-08_13:12:29.365[Status]Routing 172: Walk: 125
2020-02-08_13:12:29.465[Battery Energy]31.69
2020-02-08_13:12:29.640[Status]Routing 173: Walk: 125
2020-02-08_13:12:29.757[Battery Energy]31.57
2020-02-08_13:12:29.896[Status]Routing 174: Walk: 125
2020-02-08_13:12:30.002[Battery Energy]31.47
2020-02-08_13:12:30.149[Status]Routing 175: Walk: 125
2020-02-08_13:12:30.249[Battery Energy]31.36
2020-02-08_13:12:30.408[Status]Routing 176: Walk: 125
2020-02-08_13:12:30.509[Battery Energy]31.22
2020-02-08_13:12:30.656[Status]Routing 177: Walk: 125
2020-02-08_13:12:30.759[Battery Energy]31.09
2020-02-08_13:12:30.907[Status]Routing 178: Walk: 125
2020-02-08_13:12:31.010[Battery Energy]30.99
2020-02-08_13:12:31.159[Status]Routing 179: Walk: 125
2020-02-08_13:12:31.266[Battery Energy]30.89
2020-02-08_13:12:31.399[Status]Routing 180: Walk: 125
2020-02-08_13:12:31.499[Battery Energy]30.78
2020-02-08_13:12:31.668[Status]Routing 181: Walk: 125
2020-02-08_13:12:31.790[Battery Energy]30.66
2020-02-08_13:12:31.926[Status]Routing 182: Walk: 125
2020-02-08_13:12:32.034[Battery Energy]30.55
2020-02-08_13:12:32.178[Status]Routing 183: Walk: 125
2020-02-08_13:12:32.282[Battery Energy]30.45
2020-02-08_13:12:32.450[Status]Routing 184: Walk: 125
2020-02-08_13:12:32.551[Battery Energy]30.32
2020-02-08_13:12:32.687[Status]Routing 185: Walk: 125
2020-02-08_13:12:32.798[Battery Energy]30.21
2020-02-08_13:12:32.963[Status]Routing 186: Walk: 125
2020-02-08_13:12:33.078[Battery Energy]30.10
2020-02-08_13:12:33.219[Status]Routing 187: Walk: 125
2020-02-08_13:12:33.320[Battery Energy]30.00
2020-02-08_13:12:33.490[Status]Routing 188: Walk: 125
2020-02-08_13:12:33.598[Battery Energy]29.87
2020-02-08_13:12:33.806[Status]Routing 189: Walk: 125
2020-02-08_13:12:33.922[Battery Energy]29.73
2020-02-08_13:12:34.100[Status]Routing 190: Walk: 125
2020-02-08_13:12:34.200[Battery Energy]29.58
2020-02-08_13:12:34.359[Status]Routing 191: Walk: 125
2020-02-08_13:12:34.469[Battery Energy]29.47
2020-02-08_13:12:34.595[Status]Routing 192: Walk: 125
2020-02-08_13:12:34.706[Battery Energy]29.38
2020-02-08_13:12:34.849[Status]Routing 193: Walk: 125
2020-02-08_13:12:34.954[Battery Energy]29.26
2020-02-08_13:12:35.109[Status]Routing 194: Walk: 125
2020-02-08_13:12:35.226[Battery Energy]29.14
2020-02-08_13:12:35.345[Status]Routing 195: Walk: 125
2020-02-08_13:12:35.445[Battery Energy]29.05
2020-02-08_13:12:35.605[Status]Routing 196: Walk: 125
2020-02-08_13:12:35.706[Battery Energy]28.93
2020-02-08_13:12:35.887[Status]Routing 197: Walk: 125
2020-02-08_13:12:35.998[Battery Energy]28.82
2020-02-08_13:12:36.137[Status]Routing 198: Walk: 125
2020-02-08_13:12:36.242[Battery Energy]28.71
2020-02-08_13:12:36.393[Status]Routing 199: Walk: 125
2020-02-08_13:12:36.502[Battery Energy]28.59
2020-02-08_13:12:36.666[Status]Routing 200: Walk: 125
2020-02-08_13:12:36.770[Battery Energy]28.48
2020-02-08_13:12:36.909[Status]Routing 201: Walk: 125
2020-02-08_13:12:37.014[Battery Energy]28.37
2020-02-08_13:12:37.168[Status]Routing 202: Walk: 125
2020-02-08_13:12:37.270[Battery Energy]28.26
