2020-02-08_13:11:20.607[Status]Start.
2020-02-08_13:11:20.609[Battery Energy]75.00
2020-02-08_13:11:21.710[Battery Energy]74.96
2020-02-08_13:11:22.811[Battery Energy]74.92
2020-02-08_13:11:23.912[Battery Energy]74.88
2020-02-08_13:11:25.017[Battery Energy]74.84
2020-02-08_13:11:26.118[Task]A New Task Released.
2020-02-08_13:11:26.118[Battery Energy]74.80
2020-02-08_13:11:26.118[Status]Selection Start.
2020-02-08_13:11:31.719[Status]Selection End: Do Task 0.
2020-02-08_13:11:31.827[Battery Energy]70.72
2020-02-08_13:11:31.827[Status]Formation Start.
2020-02-08_13:11:31.980[Status]Formation End: To Position 4.
2020-02-08_13:11:32.094[Battery Energy]70.60
2020-02-08_13:11:32.094[Status]Routing Start.
2020-02-08_13:11:32.281[Status]{'coordinate': [132.14792949259507, 456.4268546064312], 'id': 2}
2020-02-08_13:11:32.281[Status]Routing 1: Walk: 1
2020-02-08_13:11:32.394[Battery Energy]70.38
2020-02-08_13:11:32.394[Status]Routing Start.
2020-02-08_13:11:32.539[Status]{'coordinate': [137.29585898519014, 447.85370921286244], 'id': 2}
2020-02-08_13:11:32.539[Status]Routing 2: Walk: 2
2020-02-08_13:11:32.639[Battery Energy]70.18
2020-02-08_13:11:32.639[Status]Routing Start.
2020-02-08_13:11:32.816[Status]{'coordinate': [142.4437884777852, 439.28056381929366], 'id': 2}
2020-02-08_13:11:32.816[Status]Routing 3: Walk: 3
2020-02-08_13:11:32.916[Battery Energy]69.95
2020-02-08_13:11:32.916[Status]Routing Start.
2020-02-08_13:11:33.122[Status]{'coordinate': [147.59171797038027, 430.7074184257249], 'id': 2}
2020-02-08_13:11:33.123[Status]Routing 4: Walk: 4
2020-02-08_13:11:33.230[Battery Energy]69.73
2020-02-08_13:11:33.230[Status]Routing Start.
2020-02-08_13:11:33.430[Status]{'coordinate': [152.73964746297534, 422.1342730321561], 'id': 2}
2020-02-08_13:11:33.430[Status]Routing 5: Walk: 5
2020-02-08_13:11:33.531[Battery Energy]69.51
2020-02-08_13:11:33.531[Status]Routing Start.
2020-02-08_13:11:34.026[Status]Routing 6: Walk: 5
2020-02-08_13:11:34.127[Battery Energy]69.09
2020-02-08_13:11:34.127[Status]Routing Start.
2020-02-08_13:11:34.443[Status]Routing 7: Walk: 5
2020-02-08_13:11:34.549[Battery Energy]68.79
2020-02-08_13:11:34.549[Status]Routing Start.
2020-02-08_13:11:34.869[Status]Routing 8: Walk: 5
2020-02-08_13:11:34.971[Battery Energy]68.47
2020-02-08_13:11:34.971[Status]Routing Start.
2020-02-08_13:11:35.309[Status]Routing 9: Walk: 5
2020-02-08_13:11:35.410[Battery Energy]68.15
2020-02-08_13:11:35.410[Status]Routing Start.
2020-02-08_13:11:35.692[Status]Routing 10: Walk: 5
2020-02-08_13:11:35.792[Battery Energy]67.87
2020-02-08_13:11:35.792[Status]Routing Start.
2020-02-08_13:11:36.120[Status]Routing 11: Walk: 5
2020-02-08_13:11:36.220[Battery Energy]67.55
2020-02-08_13:11:36.220[Status]Routing Start.
2020-02-08_13:11:36.578[Status]Routing 12: Walk: 5
2020-02-08_13:11:36.679[Battery Energy]67.21
2020-02-08_13:11:36.679[Status]Routing Start.
2020-02-08_13:11:37.020[Status]Routing 13: Walk: 5
2020-02-08_13:11:37.124[Battery Energy]66.89
2020-02-08_13:11:37.124[Status]Routing Start.
2020-02-08_13:11:37.468[Status]Routing 14: Walk: 5
2020-02-08_13:11:37.568[Battery Energy]66.61
2020-02-08_13:11:37.568[Status]Routing Start.
2020-02-08_13:11:37.888[Status]Routing 15: Walk: 5
2020-02-08_13:11:37.992[Battery Energy]66.32
2020-02-08_13:11:37.992[Status]Routing Start.
2020-02-08_13:11:38.185[Status]{'coordinate': [157.8875769555704, 413.5611276385873], 'id': 2}
2020-02-08_13:11:38.191[Status]Routing 16: Walk: 6
2020-02-08_13:11:38.298[Battery Energy]66.10
2020-02-08_13:11:38.298[Status]Routing Start.
2020-02-08_13:11:38.431[Status]{'coordinate': [163.03550644816548, 404.98798224501854], 'id': 2}
2020-02-08_13:11:38.434[Status]Routing 17: Walk: 7
2020-02-08_13:11:38.534[Battery Energy]65.91
2020-02-08_13:11:38.534[Status]Routing Start.
2020-02-08_13:11:38.729[Status]{'coordinate': [168.18343594076055, 396.41483685144976], 'id': 2}
2020-02-08_13:11:38.729[Status]Routing 18: Walk: 8
2020-02-08_13:11:38.850[Battery Energy]65.66
2020-02-08_13:11:38.850[Status]Routing Start.
2020-02-08_13:11:39.140[Status]{'coordinate': [173.33136543335561, 387.841691457881], 'id': 2}
2020-02-08_13:11:39.140[Status]Routing 19: Walk: 9
2020-02-08_13:11:39.246[Battery Energy]65.34
2020-02-08_13:11:39.246[Status]Routing Start.
2020-02-08_13:11:39.393[Status]{'coordinate': [178.47929492595068, 379.2685460643122], 'id': 2}
2020-02-08_13:11:39.394[Status]Routing 20: Walk: 10
2020-02-08_13:11:39.508[Battery Energy]65.12
2020-02-08_13:11:39.508[Status]Routing Start.
2020-02-08_13:11:39.660[Status]{'coordinate': [183.62722441854572, 370.6954006707434], 'id': 2}
2020-02-08_13:11:39.660[Status]Routing 21: Walk: 11
2020-02-08_13:11:39.767[Battery Energy]64.89
2020-02-08_13:11:39.767[Status]Routing Start.
2020-02-08_13:11:40.122[Status]{'coordinate': [188.77515391114076, 362.12225527717465], 'id': 2}
2020-02-08_13:11:40.122[Status]Routing 22: Walk: 12
2020-02-08_13:11:40.226[Battery Energy]64.53
2020-02-08_13:11:40.226[Status]Routing Start.
2020-02-08_13:11:40.515[Status]{'coordinate': [193.9230834037358, 353.54910988360587], 'id': 2}
2020-02-08_13:11:40.515[Status]Routing 23: Walk: 13
2020-02-08_13:11:40.615[Battery Energy]64.21
2020-02-08_13:11:40.615[Status]Routing Start.
2020-02-08_13:11:40.948[Status]{'coordinate': [199.07101289633084, 344.9759644900371], 'id': 2}
2020-02-08_13:11:40.948[Status]Routing 24: Walk: 14
2020-02-08_13:11:41.048[Battery Energy]63.86
2020-02-08_13:11:41.048[Status]Routing Start.
2020-02-08_13:11:41.381[Status]{'coordinate': [204.21894238892588, 336.4028190964683], 'id': 2}
2020-02-08_13:11:41.381[Status]Routing 25: Walk: 15
2020-02-08_13:11:41.482[Battery Energy]63.58
2020-02-08_13:11:41.482[Status]Routing Start.
2020-02-08_13:11:41.814[Status]{'coordinate': [209.36687188152092, 327.8296737028995], 'id': 2}
2020-02-08_13:11:41.814[Status]Routing 26: Walk: 16
2020-02-08_13:11:41.918[Battery Energy]63.23
2020-02-08_13:11:41.918[Status]Routing Start.
2020-02-08_13:11:42.238[Status]{'coordinate': [214.51480137411596, 319.25652830933075], 'id': 2}
2020-02-08_13:11:42.238[Status]Routing 27: Walk: 17
2020-02-08_13:11:42.339[Battery Energy]62.91
2020-02-08_13:11:42.339[Status]Routing Start.
2020-02-08_13:11:42.666[Status]{'coordinate': [224.28410642357406, 321.39210290428935], 'id': 2}
2020-02-08_13:11:42.666[Status]Routing 28: Walk: 18
2020-02-08_13:11:42.766[Battery Energy]62.52
2020-02-08_13:11:42.766[Status]Routing Start.
2020-02-08_13:11:42.917[Status]{'coordinate': [224.64916723854725, 311.39876859579294], 'id': 2}
2020-02-08_13:11:42.917[Status]Routing 29: Walk: 19
2020-02-08_13:11:43.017[Battery Energy]62.30
2020-02-08_13:11:43.017[Status]Routing Start.
2020-02-08_13:11:43.017[Status]Task Finished.
2020-02-08_13:11:43.117[Battery Energy]62.30
2020-02-08_13:11:43.441[Status]Routing 31: Walk: 19
2020-02-08_13:11:43.543[Battery Energy]62.02
2020-02-08_13:11:43.878[Status]Routing 32: Walk: 19
2020-02-08_13:11:43.978[Battery Energy]61.72
2020-02-08_13:11:44.362[Status]Routing 33: Walk: 19
2020-02-08_13:11:44.462[Battery Energy]61.36
2020-02-08_13:11:44.813[Status]Routing 34: Walk: 19
2020-02-08_13:11:44.913[Battery Energy]60.99
2020-02-08_13:11:45.077[Status]Routing 35: Walk: 19
2020-02-08_13:11:45.190[Battery Energy]60.83
2020-02-08_13:11:45.330[Status]Routing 36: Walk: 19
2020-02-08_13:11:45.431[Battery Energy]60.73
2020-02-08_13:11:45.770[Status]Routing 37: Walk: 19
2020-02-08_13:11:45.870[Battery Energy]60.40
2020-02-08_13:11:46.018[Status]Routing 38: Walk: 19
2020-02-08_13:11:46.130[Battery Energy]60.30
2020-02-08_13:11:46.273[Status]Routing 39: Walk: 19
2020-02-08_13:11:46.373[Battery Energy]60.21
2020-02-08_13:11:46.532[Status]Routing 40: Walk: 19
2020-02-08_13:11:46.633[Battery Energy]60.11
2020-02-08_13:11:46.784[Status]Routing 41: Walk: 19
2020-02-08_13:11:46.884[Battery Energy]60.00
2020-02-08_13:11:47.077[Status]Routing 42: Walk: 19
2020-02-08_13:11:47.178[Battery Energy]59.88
2020-02-08_13:11:47.318[Status]Routing 43: Walk: 19
2020-02-08_13:11:47.418[Battery Energy]59.78
2020-02-08_13:11:47.729[Status]Routing 44: Walk: 19
2020-02-08_13:11:47.830[Battery Energy]59.55
2020-02-08_13:11:48.136[Status]Routing 45: Walk: 19
2020-02-08_13:11:48.242[Battery Energy]59.35
2020-02-08_13:11:48.575[Status]Routing 46: Walk: 19
2020-02-08_13:11:48.675[Battery Energy]59.11
2020-02-08_13:11:49.029[Status]Routing 47: Walk: 19
2020-02-08_13:11:49.133[Battery Energy]58.89
2020-02-08_13:11:49.431[Status]Routing 48: Walk: 19
2020-02-08_13:11:49.538[Battery Energy]58.68
2020-02-08_13:11:49.851[Status]Routing 49: Walk: 19
2020-02-08_13:11:49.952[Battery Energy]58.48
2020-02-08_13:11:50.142[Status]Routing 50: Walk: 19
2020-02-08_13:11:50.243[Battery Energy]58.36
2020-02-08_13:11:50.616[Status]Routing 51: Walk: 19
2020-02-08_13:11:50.716[Battery Energy]58.11
2020-02-08_13:11:50.882[Status]Routing 52: Walk: 19
2020-02-08_13:11:50.983[Battery Energy]58.00
2020-02-08_13:11:51.387[Status]Routing 53: Walk: 19
2020-02-08_13:11:51.487[Battery Energy]57.76
2020-02-08_13:11:51.825[Status]Routing 54: Walk: 19
2020-02-08_13:11:51.925[Battery Energy]57.53
2020-02-08_13:11:52.282[Status]Routing 55: Walk: 19
2020-02-08_13:11:52.386[Battery Energy]57.32
2020-02-08_13:11:52.676[Status]Routing 56: Walk: 19
2020-02-08_13:11:52.776[Battery Energy]57.09
2020-02-08_13:11:52.943[Status]Routing 57: Walk: 19
2020-02-08_13:11:53.046[Battery Energy]56.98
2020-02-08_13:11:53.200[Status]Routing 58: Walk: 19
2020-02-08_13:11:53.302[Battery Energy]56.87
2020-02-08_13:11:53.612[Status]Routing 59: Walk: 19
2020-02-08_13:11:53.726[Battery Energy]56.66
2020-02-08_13:11:53.877[Status]Routing 60: Walk: 19
2020-02-08_13:11:53.977[Battery Energy]56.54
2020-02-08_13:11:54.136[Status]Routing 61: Walk: 19
2020-02-08_13:11:54.237[Battery Energy]56.44
2020-02-08_13:11:54.553[Status]Routing 62: Walk: 19
2020-02-08_13:11:54.654[Battery Energy]56.26
2020-02-08_13:11:54.844[Status]Routing 63: Walk: 19
2020-02-08_13:11:54.946[Battery Energy]56.17
2020-02-08_13:11:55.224[Status]Routing 64: Walk: 19
2020-02-08_13:11:55.330[Battery Energy]56.00
2020-02-08_13:11:55.469[Status]Routing 65: Walk: 19
2020-02-08_13:11:55.578[Battery Energy]55.90
2020-02-08_13:11:55.898[Status]Routing 66: Walk: 19
2020-02-08_13:11:56.002[Battery Energy]55.68
2020-02-08_13:11:56.352[Status]Routing 67: Walk: 19
2020-02-08_13:11:56.462[Battery Energy]55.44
2020-02-08_13:11:56.818[Status]Routing 68: Walk: 19
2020-02-08_13:11:56.921[Battery Energy]55.18
2020-02-08_13:11:57.190[Status]Routing 69: Walk: 19
2020-02-08_13:11:57.290[Battery Energy]54.97
2020-02-08_13:11:57.638[Status]Routing 70: Walk: 19
2020-02-08_13:11:57.746[Battery Energy]54.72
2020-02-08_13:11:58.105[Status]Routing 71: Walk: 19
2020-02-08_13:11:58.205[Battery Energy]54.47
2020-02-08_13:11:58.513[Status]Routing 72: Walk: 19
2020-02-08_13:11:58.613[Battery Energy]54.26
2020-02-08_13:11:58.782[Status]Routing 73: Walk: 19
2020-02-08_13:11:58.894[Battery Energy]54.16
2020-02-08_13:11:59.177[Status]Routing 74: Walk: 19
2020-02-08_13:11:59.282[Battery Energy]53.98
2020-02-08_13:11:59.606[Status]Routing 75: Walk: 19
2020-02-08_13:11:59.710[Battery Energy]53.73
2020-02-08_13:11:59.975[Status]Routing 76: Walk: 19
2020-02-08_13:12:00.086[Battery Energy]53.55
2020-02-08_13:12:00.407[Status]Routing 77: Walk: 19
2020-02-08_13:12:00.509[Battery Energy]53.34
2020-02-08_13:12:00.839[Status]Routing 78: Walk: 19
2020-02-08_13:12:00.945[Battery Energy]53.13
2020-02-08_13:12:01.103[Status]Routing 79: Walk: 19
2020-02-08_13:12:01.203[Battery Energy]53.01
2020-02-08_13:12:01.539[Status]Routing 80: Walk: 19
2020-02-08_13:12:01.639[Battery Energy]52.80
2020-02-08_13:12:01.803[Status]Routing 81: Walk: 19
2020-02-08_13:12:01.903[Battery Energy]52.68
2020-02-08_13:12:02.051[Status]Routing 82: Walk: 19
2020-02-08_13:12:02.152[Battery Energy]52.56
2020-02-08_13:12:02.315[Status]Routing 83: Walk: 19
2020-02-08_13:12:02.419[Battery Energy]52.44
2020-02-08_13:12:02.579[Status]Routing 84: Walk: 19
2020-02-08_13:12:02.679[Battery Energy]52.32
2020-02-08_13:12:02.832[Status]Routing 85: Walk: 19
2020-02-08_13:12:02.942[Battery Energy]52.19
2020-02-08_13:12:03.101[Status]Routing 86: Walk: 19
2020-02-08_13:12:03.202[Battery Energy]52.08
2020-02-08_13:12:03.363[Status]Routing 87: Walk: 19
2020-02-08_13:12:03.470[Battery Energy]51.97
2020-02-08_13:12:03.641[Status]Routing 88: Walk: 19
2020-02-08_13:12:03.746[Battery Energy]51.88
2020-02-08_13:12:03.905[Status]Routing 89: Walk: 19
2020-02-08_13:12:04.010[Battery Energy]51.77
2020-02-08_13:12:04.184[Status]Routing 90: Walk: 19
2020-02-08_13:12:04.302[Battery Energy]51.64
2020-02-08_13:12:04.534[Status]Routing 91: Walk: 19
2020-02-08_13:12:04.642[Battery Energy]51.47
2020-02-08_13:12:04.762[Status]Routing 92: Walk: 19
2020-02-08_13:12:04.866[Battery Energy]51.38
2020-02-08_13:12:05.014[Status]Routing 93: Walk: 19
2020-02-08_13:12:05.115[Battery Energy]51.27
2020-02-08_13:12:05.277[Status]Routing 94: Walk: 19
2020-02-08_13:12:05.386[Battery Energy]51.19
2020-02-08_13:12:05.541[Status]Routing 95: Walk: 19
2020-02-08_13:12:05.641[Battery Energy]51.08
2020-02-08_13:12:05.826[Status]Routing 96: Walk: 19
2020-02-08_13:12:05.927[Battery Energy]50.96
2020-02-08_13:12:06.255[Status]Routing 97: Walk: 19
2020-02-08_13:12:06.362[Battery Energy]50.75
2020-02-08_13:12:06.692[Status]Routing 98: Walk: 19
2020-02-08_13:12:06.792[Battery Energy]50.54
2020-02-08_13:12:07.133[Status]Routing 99: Walk: 19
2020-02-08_13:12:07.236[Battery Energy]50.30
2020-02-08_13:12:07.604[Status]Routing 100: Walk: 19
2020-02-08_13:12:07.704[Battery Energy]50.08
2020-02-08_13:12:07.970[Status]Routing 101: Walk: 19
2020-02-08_13:12:08.078[Battery Energy]49.91
2020-02-08_13:12:08.385[Status]Routing 102: Walk: 19
2020-02-08_13:12:08.486[Battery Energy]49.72
2020-02-08_13:12:08.707[Status]Routing 103: Walk: 19
2020-02-08_13:12:08.808[Battery Energy]49.58
2020-02-08_13:12:09.163[Status]Routing 104: Walk: 19
2020-02-08_13:12:09.266[Battery Energy]49.35
2020-02-08_13:12:09.409[Status]Routing 105: Walk: 19
2020-02-08_13:12:09.525[Battery Energy]49.25
2020-02-08_13:12:09.678[Status]Routing 106: Walk: 19
2020-02-08_13:12:09.778[Battery Energy]49.17
2020-02-08_13:12:10.023[Status]Routing 107: Walk: 19
2020-02-08_13:12:10.126[Battery Energy]49.03
2020-02-08_13:12:10.294[Status]Routing 108: Walk: 19
2020-02-08_13:12:10.394[Battery Energy]48.92
2020-02-08_13:12:10.534[Status]Routing 109: Walk: 19
2020-02-08_13:12:10.634[Battery Energy]48.81
2020-02-08_13:12:10.965[Status]Routing 110: Walk: 19
2020-02-08_13:12:11.065[Battery Energy]48.57
2020-02-08_13:12:11.350[Status]Routing 111: Walk: 19
2020-02-08_13:12:11.451[Battery Energy]48.42
2020-02-08_13:12:11.633[Status]Routing 112: Walk: 19
2020-02-08_13:12:11.738[Battery Energy]48.29
2020-02-08_13:12:12.027[Status]Routing 113: Walk: 19
2020-02-08_13:12:12.127[Battery Energy]48.10
2020-02-08_13:12:12.464[Status]Routing 114: Walk: 19
2020-02-08_13:12:12.566[Battery Energy]47.86
2020-02-08_13:12:12.852[Status]Routing 115: Walk: 19
2020-02-08_13:12:12.958[Battery Energy]47.70
2020-02-08_13:12:13.245[Status]Routing 116: Walk: 19
2020-02-08_13:12:13.353[Battery Energy]47.54
2020-02-08_13:12:13.472[Status]Routing 117: Walk: 19
2020-02-08_13:12:13.572[Battery Energy]47.44
2020-02-08_13:12:13.729[Status]Routing 118: Walk: 19
2020-02-08_13:12:13.842[Battery Energy]47.34
2020-02-08_13:12:14.167[Status]Routing 119: Walk: 19
2020-02-08_13:12:14.278[Battery Energy]47.12
2020-02-08_13:12:14.614[Status]Routing 120: Walk: 19
2020-02-08_13:12:14.715[Battery Energy]46.87
2020-02-08_13:12:14.951[Status]Routing 121: Walk: 19
2020-02-08_13:12:15.054[Battery Energy]46.70
2020-02-08_13:12:15.306[Status]Routing 122: Walk: 19
2020-02-08_13:12:15.411[Battery Energy]46.55
2020-02-08_13:12:15.547[Status]Routing 123: Walk: 19
2020-02-08_13:12:15.658[Battery Energy]46.46
2020-02-08_13:12:15.800[Status]Routing 124: Walk: 19
2020-02-08_13:12:15.903[Battery Energy]46.34
2020-02-08_13:12:16.267[Status]Routing 125: Walk: 19
2020-02-08_13:12:16.369[Battery Energy]46.10
2020-02-08_13:12:16.719[Status]Routing 126: Walk: 19
2020-02-08_13:12:16.821[Battery Energy]45.87
2020-02-08_13:12:16.953[Status]Routing 127: Walk: 19
2020-02-08_13:12:17.062[Battery Energy]45.76
2020-02-08_13:12:17.395[Status]Routing 128: Walk: 19
2020-02-08_13:12:17.510[Battery Energy]45.53
2020-02-08_13:12:17.820[Status]Routing 129: Walk: 19
2020-02-08_13:12:17.928[Battery Energy]45.32
2020-02-08_13:12:18.070[Status]Routing 130: Walk: 19
2020-02-08_13:12:18.170[Battery Energy]45.23
2020-02-08_13:12:18.337[Status]Routing 131: Walk: 19
2020-02-08_13:12:18.442[Battery Energy]45.11
2020-02-08_13:12:18.705[Status]Routing 132: Walk: 19
2020-02-08_13:12:18.805[Battery Energy]44.98
2020-02-08_13:12:18.952[Status]Routing 133: Walk: 19
2020-02-08_13:12:19.052[Battery Energy]44.87
2020-02-08_13:12:19.207[Status]Routing 134: Walk: 19
2020-02-08_13:12:19.307[Battery Energy]44.76
2020-02-08_13:12:19.456[Status]Routing 135: Walk: 19
2020-02-08_13:12:19.562[Battery Energy]44.66
2020-02-08_13:12:19.721[Status]Routing 136: Walk: 19
2020-02-08_13:12:19.826[Battery Energy]44.54
2020-02-08_13:12:20.005[Status]Routing 137: Walk: 19
2020-02-08_13:12:20.107[Battery Energy]44.43
2020-02-08_13:12:20.347[Status]Routing 138: Walk: 19
2020-02-08_13:12:20.447[Battery Energy]44.26
2020-02-08_13:12:20.596[Status]Routing 139: Walk: 19
2020-02-08_13:12:20.696[Battery Energy]44.15
2020-02-08_13:12:20.862[Status]Routing 140: Walk: 19
2020-02-08_13:12:20.974[Battery Energy]44.02
2020-02-08_13:12:21.103[Status]Routing 141: Walk: 19
2020-02-08_13:12:21.210[Battery Energy]43.92
2020-02-08_13:12:21.353[Status]Routing 142: Walk: 19
2020-02-08_13:12:21.462[Battery Energy]43.81
2020-02-08_13:12:21.627[Status]Routing 143: Walk: 19
2020-02-08_13:12:21.734[Battery Energy]43.69
2020-02-08_13:12:21.897[Status]Routing 144: Walk: 19
2020-02-08_13:12:22.002[Battery Energy]43.56
2020-02-08_13:12:22.177[Status]Routing 145: Walk: 19
2020-02-08_13:12:22.277[Battery Energy]43.43
2020-02-08_13:12:22.426[Status]Routing 146: Walk: 19
2020-02-08_13:12:22.529[Battery Energy]43.33
2020-02-08_13:12:22.807[Status]Routing 147: Walk: 19
2020-02-08_13:12:22.912[Battery Energy]43.14
2020-02-08_13:12:23.052[Status]Routing 148: Walk: 19
2020-02-08_13:12:23.166[Battery Energy]43.05
2020-02-08_13:12:23.324[Status]Routing 149: Walk: 19
2020-02-08_13:12:23.434[Battery Energy]42.93
2020-02-08_13:12:23.591[Status]Routing 150: Walk: 19
2020-02-08_13:12:23.692[Battery Energy]42.82
2020-02-08_13:12:23.852[Status]Routing 151: Walk: 19
2020-02-08_13:12:23.966[Battery Energy]42.72
2020-02-08_13:12:24.128[Status]Routing 152: Walk: 19
2020-02-08_13:12:24.231[Battery Energy]42.60
2020-02-08_13:12:24.406[Status]Routing 153: Walk: 19
2020-02-08_13:12:24.506[Battery Energy]42.47
2020-02-08_13:12:24.663[Status]Routing 154: Walk: 19
2020-02-08_13:12:24.773[Battery Energy]42.35
2020-02-08_13:12:24.903[Status]Routing 155: Walk: 19
2020-02-08_13:12:25.003[Battery Energy]42.25
2020-02-08_13:12:25.152[Status]Routing 156: Walk: 19
2020-02-08_13:12:25.258[Battery Energy]42.16
2020-02-08_13:12:25.435[Status]Routing 157: Walk: 19
2020-02-08_13:12:25.536[Battery Energy]42.04
2020-02-08_13:12:25.710[Status]Routing 158: Walk: 19
2020-02-08_13:12:25.818[Battery Energy]41.91
2020-02-08_13:12:25.958[Status]Routing 159: Walk: 19
2020-02-08_13:12:26.078[Battery Energy]41.82
2020-02-08_13:12:26.213[Status]Routing 160: Walk: 19
2020-02-08_13:12:26.318[Battery Energy]41.73
2020-02-08_13:12:26.491[Status]Routing 161: Walk: 19
2020-02-08_13:12:26.598[Battery Energy]41.59
2020-02-08_13:12:26.724[Status]Routing 162: Walk: 19
2020-02-08_13:12:26.824[Battery Energy]41.47
2020-02-08_13:12:26.999[Status]Routing 163: Walk: 19
2020-02-08_13:12:27.100[Battery Energy]41.37
2020-02-08_13:12:27.276[Status]Routing 164: Walk: 19
2020-02-08_13:12:27.378[Battery Energy]41.27
2020-02-08_13:12:27.533[Status]Routing 165: Walk: 19
2020-02-08_13:12:27.634[Battery Energy]41.15
2020-02-08_13:12:27.795[Status]Routing 166: Walk: 19
2020-02-08_13:12:27.895[Battery Energy]41.03
2020-02-08_13:12:28.059[Status]Routing 167: Walk: 19
2020-02-08_13:12:28.170[Battery Energy]40.95
2020-02-08_13:12:28.317[Status]Routing 168: Walk: 19
2020-02-08_13:12:28.426[Battery Energy]40.84
2020-02-08_13:12:28.583[Status]Routing 169: Walk: 19
2020-02-08_13:12:28.684[Battery Energy]40.72
2020-02-08_13:12:28.858[Status]Routing 170: Walk: 19
2020-02-08_13:12:28.958[Battery Energy]40.61
2020-02-08_13:12:29.100[Status]Routing 171: Walk: 19
2020-02-08_13:12:29.200[Battery Energy]40.48
2020-02-08_13:12:29.366[Status]Routing 172: Walk: 19
2020-02-08_13:12:29.480[Battery Energy]40.34
2020-02-08_13:12:29.637[Status]Routing 173: Walk: 19
2020-02-08_13:12:29.737[Battery Energy]40.23
2020-02-08_13:12:29.897[Status]Routing 174: Walk: 19
2020-02-08_13:12:30.004[Battery Energy]40.12
2020-02-08_13:12:30.146[Status]Routing 175: Walk: 19
2020-02-08_13:12:30.250[Battery Energy]40.00
2020-02-08_13:12:30.403[Status]Routing 176: Walk: 19
2020-02-08_13:12:30.503[Battery Energy]39.88
2020-02-08_13:12:30.660[Status]Routing 177: Walk: 19
2020-02-08_13:12:30.760[Battery Energy]39.77
2020-02-08_13:12:30.905[Status]Routing 178: Walk: 19
2020-02-08_13:12:31.005[Battery Energy]39.65
2020-02-08_13:12:31.154[Status]Routing 179: Walk: 19
2020-02-08_13:12:31.254[Battery Energy]39.54
2020-02-08_13:12:31.399[Status]Routing 180: Walk: 19
2020-02-08_13:12:31.500[Battery Energy]39.43
2020-02-08_13:12:31.665[Status]Routing 181: Walk: 19
2020-02-08_13:12:31.769[Battery Energy]39.31
2020-02-08_13:12:31.921[Status]Routing 182: Walk: 19
2020-02-08_13:12:32.021[Battery Energy]39.19
2020-02-08_13:12:32.178[Status]Routing 183: Walk: 19
2020-02-08_13:12:32.278[Battery Energy]39.07
2020-02-08_13:12:32.445[Status]Routing 184: Walk: 19
2020-02-08_13:12:32.546[Battery Energy]38.97
2020-02-08_13:12:32.687[Status]Routing 185: Walk: 19
2020-02-08_13:12:32.787[Battery Energy]38.88
2020-02-08_13:12:32.965[Status]Routing 186: Walk: 19
2020-02-08_13:12:33.078[Battery Energy]38.76
2020-02-08_13:12:33.221[Status]Routing 187: Walk: 19
2020-02-08_13:12:33.326[Battery Energy]38.65
2020-02-08_13:12:33.484[Status]Routing 188: Walk: 19
2020-02-08_13:12:33.590[Battery Energy]38.52
2020-02-08_13:12:33.801[Status]Routing 189: Walk: 19
2020-02-08_13:12:33.918[Battery Energy]38.39
2020-02-08_13:12:34.094[Status]Routing 190: Walk: 19
2020-02-08_13:12:34.195[Battery Energy]38.27
2020-02-08_13:12:34.349[Status]Routing 191: Walk: 19
2020-02-08_13:12:34.449[Battery Energy]38.15
2020-02-08_13:12:34.589[Status]Routing 192: Walk: 19
2020-02-08_13:12:34.689[Battery Energy]38.06
2020-02-08_13:12:34.847[Status]Routing 193: Walk: 19
2020-02-08_13:12:34.950[Battery Energy]37.96
2020-02-08_13:12:35.107[Status]Routing 194: Walk: 19
2020-02-08_13:12:35.214[Battery Energy]37.85
2020-02-08_13:12:35.345[Status]Routing 195: Walk: 19
2020-02-08_13:12:35.445[Battery Energy]37.73
2020-02-08_13:12:35.623[Status]Routing 196: Walk: 19
2020-02-08_13:12:35.725[Battery Energy]37.63
2020-02-08_13:12:35.892[Status]Routing 197: Walk: 19
2020-02-08_13:12:35.998[Battery Energy]37.50
2020-02-08_13:12:36.130[Status]Routing 198: Walk: 19
2020-02-08_13:12:36.230[Battery Energy]37.40
2020-02-08_13:12:36.397[Status]Routing 199: Walk: 19
2020-02-08_13:12:36.498[Battery Energy]37.31
2020-02-08_13:12:36.665[Status]Routing 200: Walk: 19
2020-02-08_13:12:36.771[Battery Energy]37.20
2020-02-08_13:12:36.912[Status]Routing 201: Walk: 19
2020-02-08_13:12:37.022[Battery Energy]37.10
2020-02-08_13:12:37.166[Status]Routing 202: Walk: 19
2020-02-08_13:12:37.278[Battery Energy]36.99
