2020-02-08_13:14:51.193[Status]Start.
2020-02-08_13:14:51.193[Battery Energy]52.00
2020-02-08_13:14:52.294[Battery Energy]51.96
2020-02-08_13:14:53.395[Battery Energy]51.92
2020-02-08_13:14:54.496[Battery Energy]51.88
2020-02-08_13:14:55.597[Battery Energy]51.84
2020-02-08_13:14:56.698[Task]A New Task Released.
2020-02-08_13:14:56.698[Battery Energy]51.80
2020-02-08_13:14:56.698[Status]Selection Start.
2020-02-08_13:14:58.694[Status]Selection End: Do Task 2.
2020-02-08_13:14:58.800[Battery Energy]50.45
2020-02-08_13:14:58.800[Status]Formation Start.
2020-02-08_13:14:58.985[Status]Formation End: To Position 2.
2020-02-08_13:14:59.085[Battery Energy]50.31
2020-02-08_13:14:59.085[Status]Routing Start.
2020-02-08_13:14:59.235[Status]{'coordinate': [63.40647878128212, 602.6061589699443], 'id': 18}
2020-02-08_13:14:59.235[Status]Routing 1: Walk: 1
2020-02-08_13:14:59.335[Battery Energy]50.09
2020-02-08_13:14:59.335[Status]Routing Start.
2020-02-08_13:14:59.481[Status]{'coordinate': [72.81295756256424, 599.2123179398886], 'id': 18}
2020-02-08_13:14:59.482[Status]Routing 2: Walk: 2
2020-02-08_13:14:59.582[Battery Energy]49.90
2020-02-08_13:14:59.582[Status]Routing Start.
2020-02-08_13:14:59.741[Status]{'coordinate': [82.21943634384635, 595.818476909833], 'id': 18}
2020-02-08_13:14:59.741[Status]Routing 3: Walk: 3
2020-02-08_13:14:59.850[Battery Energy]49.68
2020-02-08_13:14:59.850[Status]Routing Start.
2020-02-08_13:15:00.011[Status]{'coordinate': [91.62591512512847, 592.4246358797773], 'id': 18}
2020-02-08_13:15:00.011[Status]Routing 4: Walk: 4
2020-02-08_13:15:00.117[Battery Energy]49.46
2020-02-08_13:15:00.117[Status]Routing Start.
2020-02-08_13:15:00.281[Status]{'coordinate': [101.03239390641059, 589.0307948497216], 'id': 18}
2020-02-08_13:15:00.281[Status]Routing 5: Walk: 5
2020-02-08_13:15:00.381[Battery Energy]49.22
2020-02-08_13:15:00.382[Status]Routing Start.
2020-02-08_13:15:00.676[Status]{'coordinate': [110.43887268769271, 585.6369538196659], 'id': 18}
2020-02-08_13:15:00.676[Status]Routing 6: Walk: 6
2020-02-08_13:15:00.790[Battery Energy]48.91
2020-02-08_13:15:00.790[Status]Routing Start.
2020-02-08_13:15:01.110[Status]{'coordinate': [119.84535146897483, 582.2431127896102], 'id': 18}
2020-02-08_13:15:01.110[Status]Routing 7: Walk: 7
2020-02-08_13:15:01.218[Battery Energy]48.58
2020-02-08_13:15:01.218[Status]Routing Start.
2020-02-08_13:15:01.518[Status]{'coordinate': [129.25183025025694, 578.8492717595545], 'id': 18}
2020-02-08_13:15:01.518[Status]Routing 8: Walk: 8
2020-02-08_13:15:01.622[Battery Energy]48.28
2020-02-08_13:15:01.622[Status]Routing Start.
2020-02-08_13:15:01.951[Status]{'coordinate': [138.65830903153906, 575.4554307294989], 'id': 18}
2020-02-08_13:15:01.951[Status]Routing 9: Walk: 9
2020-02-08_13:15:02.054[Battery Energy]47.97
2020-02-08_13:15:02.054[Status]Routing Start.
2020-02-08_13:15:02.376[Status]{'coordinate': [148.06478781282118, 572.0615896994432], 'id': 18}
2020-02-08_13:15:02.376[Status]Routing 10: Walk: 10
2020-02-08_13:15:02.476[Battery Energy]47.69
2020-02-08_13:15:02.476[Status]Routing Start.
2020-02-08_13:15:02.828[Status]{'coordinate': [157.4712665941033, 568.6677486693875], 'id': 18}
2020-02-08_13:15:02.828[Status]Routing 11: Walk: 11
2020-02-08_13:15:02.934[Battery Energy]47.34
2020-02-08_13:15:02.934[Status]Routing Start.
2020-02-08_13:15:03.228[Status]{'coordinate': [166.87774537538542, 565.2739076393318], 'id': 18}
2020-02-08_13:15:03.228[Status]Routing 12: Walk: 12
2020-02-08_13:15:03.328[Battery Energy]47.06
2020-02-08_13:15:03.328[Status]Routing Start.
2020-02-08_13:15:03.667[Status]{'coordinate': [176.28422415666753, 561.8800666092761], 'id': 18}
2020-02-08_13:15:03.667[Status]Routing 13: Walk: 13
2020-02-08_13:15:03.767[Battery Energy]46.74
2020-02-08_13:15:03.767[Status]Routing Start.
2020-02-08_13:15:04.258[Status]{'coordinate': [182.4954105372384, 569.7172321521118], 'id': 18}
2020-02-08_13:15:04.273[Status]Routing 14: Walk: 14
2020-02-08_13:15:04.373[Battery Energy]46.28
2020-02-08_13:15:04.373[Status]Routing Start.
2020-02-08_13:15:04.591[Status]{'coordinate': [191.8670230921094, 566.2282669586219], 'id': 18}
2020-02-08_13:15:04.591[Status]Routing 15: Walk: 15
2020-02-08_13:15:04.702[Battery Energy]46.04
2020-02-08_13:15:04.702[Status]Routing Start.
2020-02-08_13:15:05.038[Status]{'coordinate': [201.2386356469804, 562.739301765132], 'id': 18}
2020-02-08_13:15:05.038[Status]Routing 16: Walk: 16
2020-02-08_13:15:05.138[Battery Energy]45.70
2020-02-08_13:15:05.138[Status]Routing Start.
2020-02-08_13:15:05.468[Status]{'coordinate': [208.02268217745436, 570.0861863206675], 'id': 18}
2020-02-08_13:15:05.468[Status]Routing 17: Walk: 17
2020-02-08_13:15:05.568[Battery Energy]45.38
2020-02-08_13:15:05.568[Status]Routing Start.
2020-02-08_13:15:05.719[Status]{'coordinate': [217.358416496612, 566.5023246154531], 'id': 18}
2020-02-08_13:15:05.722[Status]Routing 18: Walk: 18
2020-02-08_13:15:05.834[Battery Energy]45.16
2020-02-08_13:15:05.834[Status]Routing Start.
2020-02-08_13:15:06.007[Status]{'coordinate': [226.69415081576963, 562.9184629102386], 'id': 18}
2020-02-08_13:15:06.007[Status]Routing 19: Walk: 19
2020-02-08_13:15:06.126[Battery Energy]44.91
2020-02-08_13:15:06.126[Status]Routing Start.
2020-02-08_13:15:06.445[Status]{'coordinate': [234.29270272637862, 569.4193866032057], 'id': 18}
2020-02-08_13:15:06.445[Status]Routing 20: Walk: 20
2020-02-08_13:15:06.545[Battery Energy]44.56
2020-02-08_13:15:06.545[Status]Routing Start.
2020-02-08_13:15:06.698[Status]{'coordinate': [243.59246437779194, 565.7431884003197], 'id': 18}
2020-02-08_13:15:06.698[Status]Routing 21: Walk: 21
2020-02-08_13:15:06.814[Battery Energy]44.35
2020-02-08_13:15:06.814[Status]Routing Start.
2020-02-08_13:15:07.098[Status]{'coordinate': [252.89222602920526, 562.0669901974337], 'id': 18}
2020-02-08_13:15:07.098[Status]Routing 22: Walk: 22
2020-02-08_13:15:07.199[Battery Energy]44.03
2020-02-08_13:15:07.199[Status]Routing Start.
2020-02-08_13:15:07.569[Status]{'coordinate': [262.1919876806186, 558.3907919945477], 'id': 18}
2020-02-08_13:15:07.572[Status]Routing 23: Walk: 23
2020-02-08_13:15:07.672[Battery Energy]43.66
2020-02-08_13:15:07.672[Status]Routing Start.
2020-02-08_13:15:07.961[Status]{'coordinate': [271.49174933203193, 554.7145937916617], 'id': 18}
2020-02-08_13:15:07.963[Status]Routing 24: Walk: 24
2020-02-08_13:15:08.063[Battery Energy]43.30
2020-02-08_13:15:08.063[Status]Routing Start.
2020-02-08_13:15:08.197[Status]{'coordinate': [280.7915109834453, 551.0383955887758], 'id': 18}
2020-02-08_13:15:08.198[Status]Routing 25: Walk: 25
2020-02-08_13:15:08.301[Battery Energy]43.11
2020-02-08_13:15:08.301[Status]Routing Start.
2020-02-08_13:15:08.466[Status]{'coordinate': [290.0912726348586, 547.3621973858898], 'id': 18}
2020-02-08_13:15:08.467[Status]Routing 26: Walk: 26
2020-02-08_13:15:08.578[Battery Energy]42.90
2020-02-08_13:15:08.578[Status]Routing Start.
2020-02-08_13:15:09.106[Status]{'coordinate': [299.391034286272, 543.6859991830038], 'id': 18}
2020-02-08_13:15:09.106[Status]Routing 27: Walk: 27
2020-02-08_13:15:09.206[Battery Energy]42.43
2020-02-08_13:15:09.206[Status]Routing Start.
2020-02-08_13:15:09.332[Status]{'coordinate': [308.6907959376853, 540.0098009801178], 'id': 18}
2020-02-08_13:15:09.335[Status]Routing 28: Walk: 28
2020-02-08_13:15:09.436[Battery Energy]42.23
2020-02-08_13:15:09.436[Status]Routing Start.
2020-02-08_13:15:09.787[Status]{'coordinate': [317.99055758909867, 536.3336027772318], 'id': 18}
2020-02-08_13:15:09.787[Status]Routing 29: Walk: 29
2020-02-08_13:15:09.890[Battery Energy]41.93
2020-02-08_13:15:09.890[Status]Routing Start.
2020-02-08_13:15:10.115[Status]{'coordinate': [327.290319240512, 532.6574045743458], 'id': 18}
2020-02-08_13:15:10.115[Status]Routing 30: Walk: 30
2020-02-08_13:15:10.216[Battery Energy]41.70
2020-02-08_13:15:10.216[Status]Routing Start.
2020-02-08_13:15:10.529[Status]{'coordinate': [336.59008089192537, 528.9812063714598], 'id': 18}
2020-02-08_13:15:10.529[Status]Routing 31: Walk: 31
2020-02-08_13:15:10.638[Battery Energy]41.39
2020-02-08_13:15:10.638[Status]Routing Start.
2020-02-08_13:15:10.958[Status]{'coordinate': [345.8898425433387, 525.3050081685739], 'id': 18}
2020-02-08_13:15:10.959[Status]Routing 32: Walk: 32
2020-02-08_13:15:11.062[Battery Energy]41.08
2020-02-08_13:15:11.062[Status]Routing Start.
2020-02-08_13:15:11.392[Status]{'coordinate': [355.18960419475206, 521.6288099656879], 'id': 18}
2020-02-08_13:15:11.392[Status]Routing 33: Walk: 33
2020-02-08_13:15:11.494[Battery Energy]40.78
2020-02-08_13:15:11.494[Status]Routing Start.
2020-02-08_13:15:11.901[Status]{'coordinate': [364.4893658461654, 517.9526117628019], 'id': 18}
2020-02-08_13:15:11.901[Status]Routing 34: Walk: 34
2020-02-08_13:15:12.014[Battery Energy]40.49
2020-02-08_13:15:12.014[Status]Routing Start.
2020-02-08_13:15:12.149[Status]{'coordinate': [373.78912749757876, 514.2764135599159], 'id': 18}
2020-02-08_13:15:12.149[Status]Routing 35: Walk: 35
2020-02-08_13:15:12.250[Battery Energy]40.29
2020-02-08_13:15:12.250[Status]Routing Start.
2020-02-08_13:15:12.404[Status]{'coordinate': [383.0888891489921, 510.6002153570299], 'id': 18}
2020-02-08_13:15:12.405[Status]Routing 36: Walk: 36
2020-02-08_13:15:12.505[Battery Energy]40.08
2020-02-08_13:15:12.505[Status]Routing Start.
2020-02-08_13:15:12.851[Status]{'coordinate': [392.38865080040546, 506.92401715414394], 'id': 18}
2020-02-08_13:15:12.851[Status]Routing 37: Walk: 37
2020-02-08_13:15:12.955[Battery Energy]39.80
2020-02-08_13:15:12.955[Status]Routing Start.
2020-02-08_13:15:13.141[Status]{'coordinate': [401.6884124518188, 503.24781895125795], 'id': 18}
2020-02-08_13:15:13.142[Status]Routing 38: Walk: 38
2020-02-08_13:15:13.244[Battery Energy]39.57
2020-02-08_13:15:13.244[Status]Routing Start.
2020-02-08_13:15:13.402[Status]{'coordinate': [410.98817410323215, 499.57162074837197], 'id': 18}
2020-02-08_13:15:13.402[Status]Routing 39: Walk: 39
2020-02-08_13:15:13.502[Battery Energy]39.35
2020-02-08_13:15:13.503[Status]Routing Start.
2020-02-08_13:15:13.659[Status]{'coordinate': [420.2879357546455, 495.895422545486], 'id': 18}
2020-02-08_13:15:13.661[Status]Routing 40: Walk: 40
2020-02-08_13:15:13.770[Battery Energy]39.11
2020-02-08_13:15:13.770[Status]Routing Start.
2020-02-08_13:15:14.074[Status]{'coordinate': [426.70177139516466, 503.56762642549376], 'id': 18}
2020-02-08_13:15:14.076[Status]Routing 41: Walk: 41
2020-02-08_13:15:14.178[Battery Energy]38.75
2020-02-08_13:15:14.178[Status]Routing Start.
2020-02-08_13:15:14.360[Status]{'coordinate': [435.9496317049978, 499.76275064699416], 'id': 18}
2020-02-08_13:15:14.361[Status]Routing 42: Walk: 42
2020-02-08_13:15:14.463[Battery Energy]38.54
2020-02-08_13:15:14.463[Status]Routing Start.
2020-02-08_13:15:14.768[Status]{'coordinate': [445.1974920148309, 495.95787486849457], 'id': 18}
2020-02-08_13:15:14.768[Status]Routing 43: Walk: 43
2020-02-08_13:15:14.869[Battery Energy]38.25
2020-02-08_13:15:14.869[Status]Routing Start.
2020-02-08_13:15:15.315[Status]{'coordinate': [450.9142106789177, 504.16269831057315], 'id': 18}
2020-02-08_13:15:15.315[Status]Routing 44: Walk: 44
2020-02-08_13:15:15.415[Battery Energy]37.79
2020-02-08_13:15:15.415[Status]Routing Start.
2020-02-08_13:15:15.574[Status]{'coordinate': [460.1049606679427, 500.2218716664238], 'id': 18}
2020-02-08_13:15:15.585[Status]Routing 45: Walk: 45
2020-02-08_13:15:15.690[Battery Energy]37.60
2020-02-08_13:15:15.690[Status]Routing Start.
2020-02-08_13:15:16.209[Status]{'coordinate': [467.9633998180053, 506.40612053955], 'id': 18}
2020-02-08_13:15:16.209[Status]Routing 46: Walk: 46
2020-02-08_13:15:16.310[Battery Energy]37.13
2020-02-08_13:15:16.310[Status]Routing Start.
2020-02-08_13:15:16.444[Status]{'coordinate': [477.0998519898637, 502.34099548472767], 'id': 18}
2020-02-08_13:15:16.444[Status]Routing 47: Walk: 47
2020-02-08_13:15:16.554[Battery Energy]36.92
2020-02-08_13:15:16.554[Status]Routing Start.
2020-02-08_13:15:17.075[Status]{'coordinate': [486.23630416172205, 498.27587042990535], 'id': 18}
2020-02-08_13:15:17.078[Status]Routing 48: Walk: 48
2020-02-08_13:15:17.178[Battery Energy]36.48
2020-02-08_13:15:17.178[Status]Routing Start.
2020-02-08_13:15:17.478[Status]{'coordinate': [495.3727563335804, 494.21074537508304], 'id': 18}
2020-02-08_13:15:17.478[Status]Routing 49: Walk: 49
2020-02-08_13:15:17.578[Battery Energy]36.11
2020-02-08_13:15:17.578[Status]Routing Start.
2020-02-08_13:15:17.932[Status]{'coordinate': [504.5092085054388, 490.1456203202607], 'id': 18}
2020-02-08_13:15:17.932[Status]Routing 50: Walk: 50
2020-02-08_13:15:18.032[Battery Energy]35.76
2020-02-08_13:15:18.032[Status]Routing Start.
2020-02-08_13:15:18.333[Status]{'coordinate': [505.87828363069633, 500.05145866445963], 'id': 18}
2020-02-08_13:15:18.333[Status]Routing 51: Walk: 51
2020-02-08_13:15:18.433[Battery Energy]35.42
2020-02-08_13:15:18.433[Status]Routing Start.
2020-02-08_13:15:18.783[Status]{'coordinate': [512.5496682209589, 507.50079606108807], 'id': 18}
2020-02-08_13:15:18.783[Status]Routing 52: Walk: 52
2020-02-08_13:15:18.884[Battery Energy]35.02
2020-02-08_13:15:18.884[Status]Routing Start.
2020-02-08_13:15:19.039[Status]{'coordinate': [521.5535868543815, 503.1499973708812], 'id': 18}
2020-02-08_13:15:19.039[Status]Routing 53: Walk: 53
2020-02-08_13:15:19.139[Battery Energy]34.80
2020-02-08_13:15:19.139[Status]Routing Start.
2020-02-08_13:15:19.704[Status]{'coordinate': [530.5575054878041, 498.7991986806743], 'id': 18}
2020-02-08_13:15:19.704[Status]Routing 54: Walk: 54
2020-02-08_13:15:19.804[Battery Energy]34.25
2020-02-08_13:15:19.804[Status]Routing Start.
2020-02-08_13:15:20.121[Status]{'coordinate': [539.5614241212267, 494.4483999904674], 'id': 18}
2020-02-08_13:15:20.127[Status]Routing 55: Walk: 55
2020-02-08_13:15:20.227[Battery Energy]33.90
2020-02-08_13:15:20.227[Status]Routing Start.
2020-02-08_13:15:20.562[Status]{'coordinate': [548.5653427546492, 490.0976013002605], 'id': 18}
2020-02-08_13:15:20.565[Status]Routing 56: Walk: 56
2020-02-08_13:15:20.665[Battery Energy]33.50
2020-02-08_13:15:20.665[Status]Routing Start.
2020-02-08_13:15:20.804[Status]{'coordinate': [557.5692613880718, 485.74680261005363], 'id': 18}
2020-02-08_13:15:20.805[Status]Routing 57: Walk: 57
2020-02-08_13:15:20.907[Battery Energy]33.32
2020-02-08_13:15:20.907[Status]Routing Start.
2020-02-08_13:15:21.221[Status]{'coordinate': [566.5731800214944, 481.39600391984675], 'id': 18}
2020-02-08_13:15:21.226[Status]Routing 58: Walk: 58
2020-02-08_13:15:21.338[Battery Energy]33.02
2020-02-08_13:15:21.338[Status]Routing Start.
2020-02-08_13:15:21.539[Status]{'coordinate': [575.577098654917, 477.04520522963986], 'id': 18}
2020-02-08_13:15:21.539[Status]Routing 59: Walk: 59
2020-02-08_13:15:21.642[Battery Energy]32.80
2020-02-08_13:15:21.642[Status]Routing Start.
2020-02-08_13:15:21.777[Status]{'coordinate': [584.5810172883396, 472.694406539433], 'id': 18}
2020-02-08_13:15:21.783[Status]Routing 60: Walk: 60
2020-02-08_13:15:21.884[Battery Energy]32.60
2020-02-08_13:15:21.884[Status]Routing Start.
2020-02-08_13:15:22.191[Status]{'coordinate': [593.5849359217622, 468.3436078492261], 'id': 18}
2020-02-08_13:15:22.192[Status]Routing 61: Walk: 61
2020-02-08_13:15:22.292[Battery Energy]32.29
2020-02-08_13:15:22.293[Status]Routing Start.
2020-02-08_13:15:22.442[Status]{'coordinate': [602.5888545551848, 463.9928091590192], 'id': 18}
2020-02-08_13:15:22.443[Status]Routing 62: Walk: 62
2020-02-08_13:15:22.543[Battery Energy]32.11
2020-02-08_13:15:22.544[Status]Routing Start.
2020-02-08_13:15:22.827[Status]{'coordinate': [611.5927731886073, 459.6420104688123], 'id': 18}
2020-02-08_13:15:22.828[Status]Routing 63: Walk: 63
2020-02-08_13:15:22.942[Battery Energy]31.86
2020-02-08_13:15:22.942[Status]Routing Start.
2020-02-08_13:15:23.073[Status]{'coordinate': [620.5966918220299, 455.29121177860543], 'id': 18}
2020-02-08_13:15:23.073[Status]Routing 64: Walk: 64
2020-02-08_13:15:23.182[Battery Energy]31.66
2020-02-08_13:15:23.182[Status]Routing Start.
2020-02-08_13:15:23.487[Status]{'coordinate': [629.6006104554525, 450.94041308839854], 'id': 18}
2020-02-08_13:15:23.488[Status]Routing 65: Walk: 65
2020-02-08_13:15:23.590[Battery Energy]31.38
2020-02-08_13:15:23.590[Status]Routing Start.
2020-02-08_13:15:24.110[Status]{'coordinate': [635.2106277574244, 459.2185593707238], 'id': 18}
2020-02-08_13:15:24.111[Status]Routing 66: Walk: 66
2020-02-08_13:15:24.212[Battery Energy]30.89
2020-02-08_13:15:24.212[Status]Routing Start.
2020-02-08_13:15:24.531[Status]{'coordinate': [636.8063555443593, 469.0904210406422], 'id': 18}
2020-02-08_13:15:24.531[Status]Routing 67: Walk: 67
2020-02-08_13:15:24.631[Battery Energy]30.56
2020-02-08_13:15:24.631[Status]Routing Start.
2020-02-08_13:15:24.941[Status]{'coordinate': [638.8011816584572, 478.88943470399187], 'id': 18}
2020-02-08_13:15:24.946[Status]Routing 68: Walk: 68
2020-02-08_13:15:25.046[Battery Energy]30.19
2020-02-08_13:15:25.046[Status]Routing Start.
2020-02-08_13:15:25.227[Status]{'coordinate': [647.5253931638018, 474.001885869452], 'id': 18}
2020-02-08_13:15:25.227[Status]Routing 69: Walk: 69
2020-02-08_13:15:25.328[Battery Energy]29.98
2020-02-08_13:15:25.328[Status]Routing Start.
2020-02-08_13:15:25.863[Status]{'coordinate': [651.5838463235585, 483.1413036818764], 'id': 18}
2020-02-08_13:15:25.863[Status]Routing 70: Walk: 70
2020-02-08_13:15:25.966[Battery Energy]29.46
2020-02-08_13:15:25.966[Status]Routing Start.
2020-02-08_13:15:26.097[Status]{'coordinate': [660.2032748236966, 478.07124921165536], 'id': 18}
2020-02-08_13:15:26.097[Status]Routing 71: Walk: 71
2020-02-08_13:15:26.198[Battery Energy]29.29
2020-02-08_13:15:26.198[Status]Routing Start.
2020-02-08_13:15:26.562[Status]{'coordinate': [664.812816142344, 486.9454888315711], 'id': 18}
2020-02-08_13:15:26.562[Status]Routing 72: Walk: 72
2020-02-08_13:15:26.662[Battery Energy]28.92
2020-02-08_13:15:26.662[Status]Routing Start.
2020-02-08_13:15:27.177[Status]{'coordinate': [673.3390889851498, 492.1706846566126], 'id': 18}
2020-02-08_13:15:27.179[Status]Routing 73: Walk: 73
2020-02-08_13:15:27.279[Battery Energy]28.45
2020-02-08_13:15:27.279[Status]Routing Start.
2020-02-08_13:15:27.456[Status]{'coordinate': [681.743651771224, 486.7518910293429], 'id': 18}
2020-02-08_13:15:27.456[Status]Routing 74: Walk: 74
2020-02-08_13:15:27.562[Battery Energy]28.24
2020-02-08_13:15:27.562[Status]Routing Start.
2020-02-08_13:15:27.885[Status]{'coordinate': [690.5774534352857, 491.4384620743629], 'id': 18}
2020-02-08_13:15:27.889[Status]Routing 75: Walk: 75
2020-02-08_13:15:27.989[Battery Energy]27.89
2020-02-08_13:15:27.989[Status]Routing Start.
2020-02-08_13:15:28.145[Status]{'coordinate': [698.8740422532416, 485.85575538443453], 'id': 18}
2020-02-08_13:15:28.145[Status]Routing 76: Walk: 76
2020-02-08_13:15:28.252[Battery Energy]27.67
2020-02-08_13:15:28.253[Status]Routing Start.
2020-02-08_13:15:28.556[Status]{'coordinate': [707.1706310711974, 480.27304869450614], 'id': 18}
2020-02-08_13:15:28.556[Status]Routing 77: Walk: 77
2020-02-08_13:15:28.657[Battery Energy]27.31
2020-02-08_13:15:28.657[Status]Routing Start.
2020-02-08_13:15:28.967[Status]{'coordinate': [715.4672198891532, 474.69034200457776], 'id': 18}
2020-02-08_13:15:28.967[Status]Routing 78: Walk: 78
2020-02-08_13:15:29.067[Battery Energy]26.95
2020-02-08_13:15:29.067[Status]Routing Start.
2020-02-08_13:15:29.403[Status]{'coordinate': [723.763808707109, 469.1076353146494], 'id': 18}
2020-02-08_13:15:29.403[Status]Routing 79: Walk: 79
2020-02-08_13:15:29.504[Battery Energy]26.59
2020-02-08_13:15:29.504[Status]Routing Start.
2020-02-08_13:15:29.839[Status]{'coordinate': [732.0603975250648, 463.524928624721], 'id': 18}
2020-02-08_13:15:29.839[Status]Routing 80: Walk: 80
2020-02-08_13:15:29.939[Battery Energy]26.24
2020-02-08_13:15:29.939[Status]Routing Start.
2020-02-08_13:15:30.087[Status]{'coordinate': [740.3569863430206, 457.9422219347926], 'id': 18}
2020-02-08_13:15:30.087[Status]Routing 81: Walk: 81
2020-02-08_13:15:30.190[Battery Energy]26.04
2020-02-08_13:15:30.190[Status]Routing Start.
2020-02-08_13:15:30.357[Status]{'coordinate': [748.6535751609764, 452.3595152448642], 'id': 18}
2020-02-08_13:15:30.357[Status]Routing 82: Walk: 82
2020-02-08_13:15:30.457[Battery Energy]25.82
2020-02-08_13:15:30.457[Status]Routing Start.
2020-02-08_13:15:30.607[Status]{'coordinate': [756.9501639789322, 446.7768085549358], 'id': 18}
2020-02-08_13:15:30.607[Status]Routing 83: Walk: 83
2020-02-08_13:15:30.714[Battery Energy]25.61
2020-02-08_13:15:30.714[Status]Routing Start.
2020-02-08_13:15:30.869[Status]{'coordinate': [765.246752796888, 441.19410186500744], 'id': 18}
2020-02-08_13:15:30.869[Status]Routing 84: Walk: 84
2020-02-08_13:15:30.970[Battery Energy]25.38
2020-02-08_13:15:30.970[Status]Routing Start.
2020-02-08_13:15:31.128[Status]{'coordinate': [773.5433416148438, 435.61139517507905], 'id': 18}
2020-02-08_13:15:31.131[Status]Routing 85: Walk: 85
2020-02-08_13:15:31.231[Battery Energy]25.16
2020-02-08_13:15:31.231[Status]Routing Start.
2020-02-08_13:15:31.377[Status]{'coordinate': [781.8399304327996, 430.02868848515067], 'id': 18}
2020-02-08_13:15:31.377[Status]Routing 86: Walk: 86
2020-02-08_13:15:31.477[Battery Energy]24.98
2020-02-08_13:15:31.478[Status]Routing Start.
2020-02-08_13:15:31.632[Status]{'coordinate': [790.1365192507554, 424.4459817952223], 'id': 18}
2020-02-08_13:15:31.632[Status]Routing 87: Walk: 87
2020-02-08_13:15:31.742[Battery Energy]24.80
2020-02-08_13:15:31.742[Status]Routing Start.
2020-02-08_13:15:31.907[Status]{'coordinate': [798.4331080687112, 418.8632751052939], 'id': 18}
2020-02-08_13:15:31.907[Status]Routing 88: Walk: 88
2020-02-08_13:15:32.008[Battery Energy]24.58
2020-02-08_13:15:32.008[Status]Routing Start.
2020-02-08_13:15:32.164[Status]{'coordinate': [806.729696886667, 413.2805684153655], 'id': 18}
2020-02-08_13:15:32.165[Status]Routing 89: Walk: 89
2020-02-08_13:15:32.265[Battery Energy]24.37
2020-02-08_13:15:32.265[Status]Routing Start.
2020-02-08_13:15:32.499[Status]{'coordinate': [815.0262857046229, 407.6978617254371], 'id': 18}
2020-02-08_13:15:32.499[Status]Routing 90: Walk: 90
2020-02-08_13:15:32.609[Battery Energy]24.09
2020-02-08_13:15:32.609[Status]Routing Start.
2020-02-08_13:15:32.773[Status]{'coordinate': [823.3228745225787, 402.11515503550874], 'id': 18}
2020-02-08_13:15:32.773[Status]Routing 91: Walk: 91
2020-02-08_13:15:32.878[Battery Energy]23.86
2020-02-08_13:15:32.878[Status]Routing Start.
2020-02-08_13:15:33.022[Status]{'coordinate': [831.6194633405345, 396.53244834558035], 'id': 18}
2020-02-08_13:15:33.022[Status]Routing 92: Walk: 92
2020-02-08_13:15:33.138[Battery Energy]23.64
2020-02-08_13:15:33.138[Status]Routing Start.
2020-02-08_13:15:33.302[Status]{'coordinate': [839.9160521584903, 390.94974165565196], 'id': 18}
2020-02-08_13:15:33.302[Status]Routing 93: Walk: 93
2020-02-08_13:15:33.414[Battery Energy]23.45
2020-02-08_13:15:33.414[Status]Routing Start.
2020-02-08_13:15:33.543[Status]{'coordinate': [848.2126409764461, 385.3670349657236], 'id': 18}
2020-02-08_13:15:33.543[Status]Routing 94: Walk: 94
2020-02-08_13:15:33.643[Battery Energy]23.25
2020-02-08_13:15:33.643[Status]Routing Start.
2020-02-08_13:15:33.830[Status]{'coordinate': [856.5092297944019, 379.7843282757952], 'id': 18}
2020-02-08_13:15:33.830[Status]Routing 95: Walk: 95
2020-02-08_13:15:33.942[Battery Energy]23.05
2020-02-08_13:15:33.942[Status]Routing Start.
2020-02-08_13:15:34.243[Status]{'coordinate': [864.8058186123577, 374.2016215858668], 'id': 18}
2020-02-08_13:15:34.244[Status]Routing 96: Walk: 96
2020-02-08_13:15:34.354[Battery Energy]22.74
2020-02-08_13:15:34.354[Status]Routing Start.
2020-02-08_13:15:34.684[Status]{'coordinate': [873.1024074303135, 368.6189148959384], 'id': 18}
2020-02-08_13:15:34.684[Status]Routing 97: Walk: 97
2020-02-08_13:15:34.784[Battery Energy]22.41
2020-02-08_13:15:34.784[Status]Routing Start.
2020-02-08_13:15:35.123[Status]{'coordinate': [881.3989962482693, 363.03620820601003], 'id': 18}
2020-02-08_13:15:35.123[Status]Routing 98: Walk: 98
2020-02-08_13:15:35.242[Battery Energy]22.08
2020-02-08_13:15:35.242[Status]Routing Start.
2020-02-08_13:15:35.560[Status]{'coordinate': [889.6955850662251, 357.45350151608164], 'id': 18}
2020-02-08_13:15:35.560[Status]Routing 99: Walk: 99
2020-02-08_13:15:35.667[Battery Energy]21.79
2020-02-08_13:15:35.667[Status]Routing Start.
2020-02-08_13:15:35.906[Status]{'coordinate': [897.9921738841809, 351.87079482615326], 'id': 18}
2020-02-08_13:15:35.906[Status]Routing 100: Walk: 100
2020-02-08_13:15:36.007[Battery Energy]21.54
2020-02-08_13:15:36.007[Status]Routing Start.
2020-02-08_13:15:36.269[Status]{'coordinate': [906.2887627021368, 346.28808813622487], 'id': 18}
2020-02-08_13:15:36.269[Status]Routing 101: Walk: 101
2020-02-08_13:15:36.369[Battery Energy]21.25
2020-02-08_13:15:36.369[Status]Routing Start.
2020-02-08_13:15:36.524[Status]{'coordinate': [914.5853515200926, 340.7053814462965], 'id': 18}
2020-02-08_13:15:36.524[Status]Routing 102: Walk: 102
2020-02-08_13:15:36.634[Battery Energy]21.05
2020-02-08_13:15:36.634[Status]Routing Start.
2020-02-08_13:15:36.961[Status]{'coordinate': [922.8819403380484, 335.1226747563681], 'id': 18}
2020-02-08_13:15:36.961[Status]Routing 103: Walk: 103
2020-02-08_13:15:37.074[Battery Energy]20.74
2020-02-08_13:15:37.074[Status]Routing Start.
2020-02-08_13:15:37.209[Status]{'coordinate': [931.1785291560042, 329.53996806643977], 'id': 18}
2020-02-08_13:15:37.209[Status]Routing 104: Walk: 104
2020-02-08_13:15:37.318[Battery Energy]20.56
2020-02-08_13:15:37.318[Status]Routing Start.
2020-02-08_13:15:37.533[Status]{'coordinate': [939.47511797396, 323.9572613765114], 'id': 18}
2020-02-08_13:15:37.533[Status]Routing 105: Walk: 105
2020-02-08_13:15:37.633[Battery Energy]20.32
2020-02-08_13:15:37.633[Status]Routing Start.
2020-02-08_13:15:37.884[Status]{'coordinate': [947.7717067919158, 318.374554686583], 'id': 18}
2020-02-08_13:15:37.884[Status]Routing 106: Walk: 106
2020-02-08_13:15:37.984[Battery Energy]20.05
2020-02-08_13:15:37.985[Status]Routing Start.
2020-02-08_13:15:38.134[Status]{'coordinate': [956.0682956098716, 312.7918479966546], 'id': 18}
2020-02-08_13:15:38.134[Status]Routing 107: Walk: 107
2020-02-08_13:15:38.235[Battery Energy]19.83
2020-02-08_13:15:38.235[Status]Routing Start.
2020-02-08_13:15:38.401[Status]{'coordinate': [964.3648844278274, 307.2091413067263], 'id': 18}
2020-02-08_13:15:38.402[Status]Routing 108: Walk: 108
2020-02-08_13:15:38.502[Battery Energy]19.61
2020-02-08_13:15:38.503[Status]Routing Start.
2020-02-08_13:15:38.678[Status]{'coordinate': [972.6614732457832, 301.6264346167979], 'id': 18}
2020-02-08_13:15:38.678[Status]Routing 109: Walk: 109
2020-02-08_13:15:38.779[Battery Energy]19.41
2020-02-08_13:15:38.779[Status]Routing Start.
2020-02-08_13:15:38.927[Status]{'coordinate': [980.958062063739, 296.04372792686956], 'id': 18}
2020-02-08_13:15:38.927[Status]Routing 110: Walk: 110
2020-02-08_13:15:39.030[Battery Energy]19.22
2020-02-08_13:15:39.030[Status]Routing Start.
2020-02-08_13:15:39.181[Status]{'coordinate': [989.2546508816948, 290.4610212369412], 'id': 18}
2020-02-08_13:15:39.181[Status]Routing 111: Walk: 111
2020-02-08_13:15:39.306[Battery Energy]19.00
2020-02-08_13:15:39.306[Status]Routing Start.
2020-02-08_13:15:39.425[Status]{'coordinate': [997.5512396996506, 284.8783145470128], 'id': 18}
2020-02-08_13:15:39.425[Status]Routing 112: Walk: 112
2020-02-08_13:15:39.525[Battery Energy]18.81
2020-02-08_13:15:39.525[Status]Routing Start.
2020-02-08_13:15:39.680[Status]{'coordinate': [1005.8478285176064, 279.29560785708446], 'id': 18}
2020-02-08_13:15:39.681[Status]Routing 113: Walk: 113
2020-02-08_13:15:39.794[Battery Energy]18.62
2020-02-08_13:15:39.794[Status]Routing Start.
2020-02-08_13:15:39.938[Status]{'coordinate': [1014.1444173355623, 273.7129011671561], 'id': 18}
2020-02-08_13:15:39.938[Status]Routing 114: Walk: 114
2020-02-08_13:15:40.040[Battery Energy]18.38
2020-02-08_13:15:40.040[Status]Routing Start.
2020-02-08_13:15:40.298[Status]{'coordinate': [1022.4410061535181, 268.1301944772277], 'id': 18}
2020-02-08_13:15:40.298[Status]Routing 115: Walk: 115
2020-02-08_13:15:40.410[Battery Energy]18.10
2020-02-08_13:15:40.410[Status]Routing Start.
2020-02-08_13:15:40.552[Status]{'coordinate': [1030.7375949714738, 262.54748778729936], 'id': 18}
2020-02-08_13:15:40.552[Status]Routing 116: Walk: 116
2020-02-08_13:15:40.666[Battery Energy]17.87
2020-02-08_13:15:40.666[Status]Routing Start.
2020-02-08_13:15:40.797[Status]{'coordinate': [1039.0341837894296, 256.96478109737103], 'id': 18}
2020-02-08_13:15:40.797[Status]Routing 117: Walk: 117
2020-02-08_13:15:40.897[Battery Energy]17.68
2020-02-08_13:15:40.898[Status]Routing Start.
2020-02-08_13:15:41.049[Status]{'coordinate': [1047.3307726073854, 251.38207440744267], 'id': 18}
2020-02-08_13:15:41.049[Status]Routing 118: Walk: 118
2020-02-08_13:15:41.158[Battery Energy]17.47
2020-02-08_13:15:41.158[Status]Routing Start.
2020-02-08_13:15:41.326[Status]{'coordinate': [1055.6273614253412, 245.79936771751431], 'id': 18}
2020-02-08_13:15:41.326[Status]Routing 119: Walk: 119
2020-02-08_13:15:41.426[Battery Energy]17.25
2020-02-08_13:15:41.426[Status]Routing Start.
2020-02-08_13:15:41.427[Status]Task Finished.
2020-02-08_13:15:41.527[Battery Energy]17.25
2020-02-08_13:15:41.667[Status]Routing 121: Walk: 119
2020-02-08_13:15:41.768[Battery Energy]17.14
2020-02-08_13:15:42.023[Status]Routing 122: Walk: 119
2020-02-08_13:15:42.134[Battery Energy]16.99
2020-02-08_13:15:42.392[Status]Routing 123: Walk: 119
2020-02-08_13:15:42.498[Battery Energy]16.83
2020-02-08_13:15:42.643[Status]Routing 124: Walk: 119
2020-02-08_13:15:42.750[Battery Energy]16.71
2020-02-08_13:15:43.070[Status]Routing 125: Walk: 119
2020-02-08_13:15:43.174[Battery Energy]16.46
2020-02-08_13:15:43.464[Status]Routing 126: Walk: 119
2020-02-08_13:15:43.564[Battery Energy]16.24
2020-02-08_13:15:43.729[Status]Routing 127: Walk: 119
2020-02-08_13:15:43.842[Battery Energy]16.12
2020-02-08_13:15:44.156[Status]Routing 128: Walk: 119
2020-02-08_13:15:44.266[Battery Energy]15.90
2020-02-08_13:15:44.405[Status]Routing 129: Walk: 119
2020-02-08_13:15:44.506[Battery Energy]15.80
2020-02-08_13:15:44.646[Status]Routing 130: Walk: 119
2020-02-08_13:15:44.747[Battery Energy]15.70
2020-02-08_13:15:44.910[Status]Routing 131: Walk: 119
2020-02-08_13:15:45.022[Battery Energy]15.60
2020-02-08_13:15:45.160[Status]Routing 132: Walk: 119
2020-02-08_13:15:45.270[Battery Energy]15.50
2020-02-08_13:15:45.408[Status]Routing 133: Walk: 119
2020-02-08_13:15:45.512[Battery Energy]15.41
2020-02-08_13:15:45.655[Status]Routing 134: Walk: 119
2020-02-08_13:15:45.758[Battery Energy]15.32
2020-02-08_13:15:45.919[Status]Routing 135: Walk: 119
2020-02-08_13:15:46.026[Battery Energy]15.22
2020-02-08_13:15:46.197[Status]Routing 136: Walk: 119
2020-02-08_13:15:46.306[Battery Energy]15.09
2020-02-08_13:15:46.445[Status]Routing 137: Walk: 119
2020-02-08_13:15:46.554[Battery Energy]15.00
2020-02-08_13:15:46.803[Status]Routing 138: Walk: 119
2020-02-08_13:15:46.910[Battery Energy]14.83
2020-02-08_13:15:47.037[Status]Routing 139: Walk: 119
2020-02-08_13:15:47.150[Battery Energy]14.74
2020-02-08_13:15:47.289[Status]Routing 140: Walk: 119
2020-02-08_13:15:47.394[Battery Energy]14.62
2020-02-08_13:15:47.562[Status]Routing 141: Walk: 119
2020-02-08_13:15:47.662[Battery Energy]14.51
2020-02-08_13:15:47.815[Status]Routing 142: Walk: 119
2020-02-08_13:15:47.915[Battery Energy]14.40
2020-02-08_13:15:48.086[Status]Routing 143: Walk: 119
2020-02-08_13:15:48.187[Battery Energy]14.28
2020-02-08_13:15:48.355[Status]Routing 144: Walk: 119
2020-02-08_13:15:48.462[Battery Energy]14.14
2020-02-08_13:15:48.617[Status]Routing 145: Walk: 119
2020-02-08_13:15:48.726[Battery Energy]14.03
2020-02-08_13:15:48.871[Status]Routing 146: Walk: 119
2020-02-08_13:15:48.982[Battery Energy]13.93
2020-02-08_13:15:49.215[Status]Routing 147: Walk: 119
2020-02-08_13:15:49.315[Battery Energy]13.79
2020-02-08_13:15:49.471[Status]Routing 148: Walk: 119
2020-02-08_13:15:49.574[Battery Energy]13.68
2020-02-08_13:15:49.724[Status]Routing 149: Walk: 119
2020-02-08_13:15:49.838[Battery Energy]13.56
2020-02-08_13:15:49.974[Status]Routing 150: Walk: 119
2020-02-08_13:15:50.090[Battery Energy]13.46
2020-02-08_13:15:50.246[Status]Routing 151: Walk: 119
2020-02-08_13:15:50.370[Battery Energy]13.35
2020-02-08_13:15:50.509[Status]Routing 152: Walk: 119
2020-02-08_13:15:50.611[Battery Energy]13.25
2020-02-08_13:15:50.772[Status]Routing 153: Walk: 119
2020-02-08_13:15:50.882[Battery Energy]13.15
2020-02-08_13:15:51.018[Status]Routing 154: Walk: 119
2020-02-08_13:15:51.126[Battery Energy]13.05
2020-02-08_13:15:51.273[Status]Routing 155: Walk: 119
2020-02-08_13:15:51.375[Battery Energy]12.94
2020-02-08_13:15:51.525[Status]Routing 156: Walk: 119
2020-02-08_13:15:51.634[Battery Energy]12.84
2020-02-08_13:15:51.802[Status]Routing 157: Walk: 119
2020-02-08_13:15:51.906[Battery Energy]12.71
2020-02-08_13:15:52.075[Status]Routing 158: Walk: 119
2020-02-08_13:15:52.176[Battery Energy]12.58
2020-02-08_13:15:52.343[Status]Routing 159: Walk: 119
2020-02-08_13:15:52.445[Battery Energy]12.47
2020-02-08_13:15:52.591[Status]Routing 160: Walk: 119
2020-02-08_13:15:52.702[Battery Energy]12.38
2020-02-08_13:15:52.835[Status]Routing 161: Walk: 119
2020-02-08_13:15:52.950[Battery Energy]12.29
2020-02-08_13:15:53.072[Status]Routing 162: Walk: 119
2020-02-08_13:15:53.172[Battery Energy]12.20
2020-02-08_13:15:53.320[Status]Routing 163: Walk: 119
2020-02-08_13:15:53.422[Battery Energy]12.11
2020-02-08_13:15:53.567[Status]Routing 164: Walk: 119
2020-02-08_13:15:53.668[Battery Energy]12.03
2020-02-08_13:15:53.811[Status]Routing 165: Walk: 119
2020-02-08_13:15:53.911[Battery Energy]11.93
2020-02-08_13:15:54.061[Status]Routing 166: Walk: 119
2020-02-08_13:15:54.166[Battery Energy]11.82
2020-02-08_13:15:54.300[Status]Routing 167: Walk: 119
2020-02-08_13:15:54.416[Battery Energy]11.70
2020-02-08_13:15:54.553[Status]Routing 168: Walk: 119
2020-02-08_13:15:54.666[Battery Energy]11.59
2020-02-08_13:15:54.783[Status]Routing 169: Walk: 119
2020-02-08_13:15:54.894[Battery Energy]11.48
2020-02-08_13:15:55.048[Status]Routing 170: Walk: 119
2020-02-08_13:15:55.156[Battery Energy]11.36
2020-02-08_13:15:55.297[Status]Routing 171: Walk: 119
2020-02-08_13:15:55.413[Battery Energy]11.26
2020-02-08_13:15:55.562[Status]Routing 172: Walk: 119
2020-02-08_13:15:55.674[Battery Energy]11.16
2020-02-08_13:15:55.820[Status]Routing 173: Walk: 119
2020-02-08_13:15:55.929[Battery Energy]11.05
2020-02-08_13:15:56.050[Status]Routing 174: Walk: 119
2020-02-08_13:15:56.150[Battery Energy]10.96
2020-02-08_13:15:56.303[Status]Routing 175: Walk: 119
2020-02-08_13:15:56.410[Battery Energy]10.86
2020-02-08_13:15:56.561[Status]Routing 176: Walk: 119
2020-02-08_13:15:56.661[Battery Energy]10.77
2020-02-08_13:15:56.846[Status]Routing 177: Walk: 119
2020-02-08_13:15:56.950[Battery Energy]10.65
2020-02-08_13:15:57.102[Status]Routing 178: Walk: 119
2020-02-08_13:15:57.206[Battery Energy]10.54
2020-02-08_13:15:57.353[Status]Routing 179: Walk: 119
2020-02-08_13:15:57.470[Battery Energy]10.42
2020-02-08_13:15:57.635[Status]Routing 180: Walk: 119
2020-02-08_13:15:57.737[Battery Energy]10.29
2020-02-08_13:15:57.895[Status]Routing 181: Walk: 119
2020-02-08_13:15:58.002[Battery Energy]10.18
2020-02-08_13:15:58.167[Status]Routing 182: Walk: 119
2020-02-08_13:15:58.278[Battery Energy]10.07
2020-02-08_13:15:58.432[Status]Routing 183: Walk: 119
2020-02-08_13:15:58.535[Battery Energy]9.96
2020-02-08_13:15:58.710[Status]Routing 184: Walk: 119
2020-02-08_13:15:58.810[Battery Energy]9.86
2020-02-08_13:15:58.971[Status]Routing 185: Walk: 119
2020-02-08_13:15:59.086[Battery Energy]9.77
2020-02-08_13:15:59.203[Status]Routing 186: Walk: 119
2020-02-08_13:15:59.310[Battery Energy]9.70
2020-02-08_13:15:59.460[Status]Routing 187: Walk: 119
2020-02-08_13:15:59.566[Battery Energy]9.57
2020-02-08_13:15:59.726[Status]Routing 188: Walk: 119
2020-02-08_13:15:59.834[Battery Energy]9.44
2020-02-08_13:16:00.012[Status]Routing 189: Walk: 119
2020-02-08_13:16:00.130[Battery Energy]9.34
2020-02-08_13:16:00.252[Status]Routing 190: Walk: 119
2020-02-08_13:16:00.365[Battery Energy]9.23
2020-02-08_13:16:00.532[Status]Routing 191: Walk: 119
2020-02-08_13:16:00.634[Battery Energy]9.12
2020-02-08_13:16:00.815[Status]Routing 192: Walk: 119
2020-02-08_13:16:00.930[Battery Energy]9.00
2020-02-08_13:16:01.073[Status]Routing 193: Walk: 119
2020-02-08_13:16:01.180[Battery Energy]8.91
2020-02-08_13:16:01.322[Status]Routing 194: Walk: 119
2020-02-08_13:16:01.422[Battery Energy]8.81
2020-02-08_13:16:01.603[Status]Routing 195: Walk: 119
2020-02-08_13:16:01.710[Battery Energy]8.69
2020-02-08_13:16:01.857[Status]Routing 196: Walk: 119
2020-02-08_13:16:01.966[Battery Energy]8.58
2020-02-08_13:16:02.092[Status]Routing 197: Walk: 119
2020-02-08_13:16:02.194[Battery Energy]8.49
2020-02-08_13:16:02.369[Status]Routing 198: Walk: 119
2020-02-08_13:16:02.469[Battery Energy]8.36
2020-02-08_13:16:02.629[Status]Routing 199: Walk: 119
2020-02-08_13:16:02.742[Battery Energy]8.23
2020-02-08_13:16:02.901[Status]Routing 200: Walk: 119
2020-02-08_13:16:03.004[Battery Energy]8.11
2020-02-08_13:16:03.210[Status]Routing 201: Walk: 119
2020-02-08_13:16:03.314[Battery Energy]7.99
2020-02-08_13:16:03.489[Status]Routing 202: Walk: 119
2020-02-08_13:16:03.591[Battery Energy]7.88
2020-02-08_13:16:03.811[Status]Routing 203: Walk: 119
2020-02-08_13:16:03.911[Battery Energy]7.73
2020-02-08_13:16:04.092[Status]Routing 204: Walk: 119
2020-02-08_13:16:04.197[Battery Energy]7.61
2020-02-08_13:16:04.387[Status]Routing 205: Walk: 119
2020-02-08_13:16:04.494[Battery Energy]7.50
