2020-02-08_13:14:50.683[Status]Start.
2020-02-08_13:14:50.689[Battery Energy]52.00
2020-02-08_13:14:51.790[Battery Energy]51.96
2020-02-08_13:14:52.891[Battery Energy]51.92
2020-02-08_13:14:53.992[Battery Energy]51.88
2020-02-08_13:14:55.094[Battery Energy]51.84
2020-02-08_13:14:56.194[Task]A New Task Released.
2020-02-08_13:14:56.194[Battery Energy]51.80
2020-02-08_13:14:56.194[Status]Selection Start.
2020-02-08_13:14:58.698[Status]Selection End: Do Task 2.
2020-02-08_13:14:58.814[Battery Energy]50.27
2020-02-08_13:14:58.814[Status]Formation Start.
2020-02-08_13:14:58.988[Status]Formation End: To Position 5.
2020-02-08_13:14:59.088[Battery Energy]50.12
2020-02-08_13:14:59.088[Status]Routing Start.
2020-02-08_13:14:59.233[Status]{'coordinate': [72.99961401201627, 98.08786131508147], 'id': 16}
2020-02-08_13:14:59.234[Status]Routing 1: Walk: 1
2020-02-08_13:14:59.334[Battery Energy]49.91
2020-02-08_13:14:59.334[Status]Routing Start.
2020-02-08_13:14:59.486[Status]{'coordinate': [82.99922802403253, 98.17572263016294], 'id': 16}
2020-02-08_13:14:59.486[Status]Routing 2: Walk: 2
2020-02-08_13:14:59.594[Battery Energy]49.68
2020-02-08_13:14:59.594[Status]Routing Start.
2020-02-08_13:14:59.749[Status]{'coordinate': [92.9988420360488, 98.2635839452444], 'id': 16}
2020-02-08_13:14:59.749[Status]Routing 3: Walk: 3
2020-02-08_13:14:59.849[Battery Energy]49.48
2020-02-08_13:14:59.849[Status]Routing Start.
2020-02-08_13:15:00.012[Status]{'coordinate': [102.99845604806507, 98.35144526032587], 'id': 16}
2020-02-08_13:15:00.012[Status]Routing 4: Walk: 4
2020-02-08_13:15:00.118[Battery Energy]49.26
2020-02-08_13:15:00.118[Status]Routing Start.
2020-02-08_13:15:00.278[Status]{'coordinate': [112.99807006008133, 98.43930657540734], 'id': 16}
2020-02-08_13:15:00.278[Status]Routing 5: Walk: 5
2020-02-08_13:15:00.385[Battery Energy]49.04
2020-02-08_13:15:00.385[Status]Routing Start.
2020-02-08_13:15:00.690[Status]{'coordinate': [122.9976840720976, 98.52716789048881], 'id': 16}
2020-02-08_13:15:00.690[Status]Routing 6: Walk: 6
2020-02-08_13:15:00.792[Battery Energy]48.75
2020-02-08_13:15:00.792[Status]Routing Start.
2020-02-08_13:15:01.124[Status]{'coordinate': [132.99729808411388, 98.61502920557028], 'id': 16}
2020-02-08_13:15:01.124[Status]Routing 7: Walk: 7
2020-02-08_13:15:01.230[Battery Energy]48.48
2020-02-08_13:15:01.230[Status]Routing Start.
2020-02-08_13:15:01.523[Status]{'coordinate': [142.99691209613016, 98.70289052065175], 'id': 16}
2020-02-08_13:15:01.523[Status]Routing 8: Walk: 8
2020-02-08_13:15:01.623[Battery Energy]48.15
2020-02-08_13:15:01.623[Status]Routing Start.
2020-02-08_13:15:01.950[Status]{'coordinate': [152.99652610814644, 98.79075183573322], 'id': 16}
2020-02-08_13:15:01.951[Status]Routing 9: Walk: 9
2020-02-08_13:15:02.051[Battery Energy]47.86
2020-02-08_13:15:02.051[Status]Routing Start.
2020-02-08_13:15:02.359[Status]{'coordinate': [162.99614012016272, 98.8786131508147], 'id': 16}
2020-02-08_13:15:02.359[Status]Routing 10: Walk: 10
2020-02-08_13:15:02.459[Battery Energy]47.54
2020-02-08_13:15:02.459[Status]Routing Start.
2020-02-08_13:15:02.821[Status]{'coordinate': [172.995754132179, 98.96647446589617], 'id': 16}
2020-02-08_13:15:02.827[Status]Routing 11: Walk: 11
2020-02-08_13:15:02.927[Battery Energy]47.23
2020-02-08_13:15:02.927[Status]Routing Start.
2020-02-08_13:15:03.223[Status]{'coordinate': [182.99536814419528, 99.05433578097765], 'id': 16}
2020-02-08_13:15:03.223[Status]Routing 12: Walk: 12
2020-02-08_13:15:03.323[Battery Energy]46.92
2020-02-08_13:15:03.323[Status]Routing Start.
2020-02-08_13:15:03.671[Status]{'coordinate': [192.99498215621156, 99.14219709605912], 'id': 16}
2020-02-08_13:15:03.671[Status]Routing 13: Walk: 13
2020-02-08_13:15:03.772[Battery Energy]46.58
2020-02-08_13:15:03.772[Status]Routing Start.
2020-02-08_13:15:04.110[Status]{'coordinate': [202.99459616822784, 99.2300584111406], 'id': 16}
2020-02-08_13:15:04.110[Status]Routing 14: Walk: 14
2020-02-08_13:15:04.210[Battery Energy]46.23
2020-02-08_13:15:04.210[Status]Routing Start.
2020-02-08_13:15:04.590[Status]{'coordinate': [212.99421018024412, 99.31791972622207], 'id': 16}
2020-02-08_13:15:04.590[Status]Routing 15: Walk: 15
2020-02-08_13:15:04.706[Battery Energy]45.86
2020-02-08_13:15:04.706[Status]Routing Start.
2020-02-08_13:15:05.043[Status]{'coordinate': [222.9938241922604, 99.40578104130356], 'id': 16}
2020-02-08_13:15:05.043[Status]Routing 16: Walk: 16
2020-02-08_13:15:05.143[Battery Energy]45.51
2020-02-08_13:15:05.143[Status]Routing Start.
2020-02-08_13:15:05.297[Status]{'coordinate': [232.99343820427669, 99.49364235638502], 'id': 16}
2020-02-08_13:15:05.298[Status]Routing 17: Walk: 17
2020-02-08_13:15:05.402[Battery Energy]45.30
2020-02-08_13:15:05.402[Status]Routing Start.
2020-02-08_13:15:05.725[Status]{'coordinate': [242.99305221629297, 99.5815036714665], 'id': 16}
2020-02-08_13:15:05.725[Status]Routing 18: Walk: 18
2020-02-08_13:15:05.838[Battery Energy]45.05
2020-02-08_13:15:05.838[Status]Routing Start.
2020-02-08_13:15:06.004[Status]{'coordinate': [252.99266622830925, 99.66936498654798], 'id': 16}
2020-02-08_13:15:06.004[Status]Routing 19: Walk: 19
2020-02-08_13:15:06.114[Battery Energy]44.83
2020-02-08_13:15:06.114[Status]Routing Start.
2020-02-08_13:15:06.258[Status]{'coordinate': [262.9922802403255, 99.75722630162946], 'id': 16}
2020-02-08_13:15:06.260[Status]Routing 20: Walk: 20
2020-02-08_13:15:06.360[Battery Energy]44.63
2020-02-08_13:15:06.360[Status]Routing Start.
2020-02-08_13:15:06.698[Status]{'coordinate': [272.99189425234175, 99.84508761671093], 'id': 16}
2020-02-08_13:15:06.699[Status]Routing 21: Walk: 21
2020-02-08_13:15:06.810[Battery Energy]44.33
2020-02-08_13:15:06.810[Status]Routing Start.
2020-02-08_13:15:06.950[Status]{'coordinate': [282.991508264358, 99.93294893179241], 'id': 16}
2020-02-08_13:15:06.951[Status]Routing 22: Walk: 22
2020-02-08_13:15:07.053[Battery Energy]44.15
2020-02-08_13:15:07.053[Status]Routing Start.
2020-02-08_13:15:07.383[Status]{'coordinate': [292.99112227637426, 100.02081024687388], 'id': 16}
2020-02-08_13:15:07.383[Status]Routing 23: Walk: 23
2020-02-08_13:15:07.490[Battery Energy]43.88
2020-02-08_13:15:07.490[Status]Routing Start.
2020-02-08_13:15:07.797[Status]{'coordinate': [302.9907362883905, 100.10867156195536], 'id': 16}
2020-02-08_13:15:07.797[Status]Routing 24: Walk: 24
2020-02-08_13:15:07.906[Battery Energy]43.60
2020-02-08_13:15:07.906[Status]Routing Start.
2020-02-08_13:15:08.194[Status]{'coordinate': [312.99035030040676, 100.19653287703683], 'id': 16}
2020-02-08_13:15:08.194[Status]Routing 25: Walk: 25
2020-02-08_13:15:08.295[Battery Energy]43.32
2020-02-08_13:15:08.295[Status]Routing Start.
2020-02-08_13:15:08.458[Status]{'coordinate': [322.989964312423, 100.28439419211831], 'id': 16}
2020-02-08_13:15:08.458[Status]Routing 26: Walk: 26
2020-02-08_13:15:08.558[Battery Energy]43.09
2020-02-08_13:15:08.558[Status]Routing Start.
2020-02-08_13:15:08.907[Status]{'coordinate': [332.98957832443926, 100.37225550719978], 'id': 16}
2020-02-08_13:15:08.907[Status]Routing 27: Walk: 27
2020-02-08_13:15:09.007[Battery Energy]42.75
2020-02-08_13:15:09.007[Status]Routing Start.
2020-02-08_13:15:09.346[Status]{'coordinate': [342.9891923364555, 100.46011682228126], 'id': 16}
2020-02-08_13:15:09.346[Status]Routing 28: Walk: 28
2020-02-08_13:15:09.448[Battery Energy]42.43
2020-02-08_13:15:09.448[Status]Routing Start.
2020-02-08_13:15:09.772[Status]{'coordinate': [352.98880634847177, 100.54797813736273], 'id': 16}
2020-02-08_13:15:09.774[Status]Routing 29: Walk: 29
2020-02-08_13:15:09.890[Battery Energy]42.08
2020-02-08_13:15:09.890[Status]Routing Start.
2020-02-08_13:15:10.108[Status]{'coordinate': [362.988420360488, 100.63583945244422], 'id': 16}
2020-02-08_13:15:10.108[Status]Routing 30: Walk: 30
2020-02-08_13:15:10.222[Battery Energy]41.81
2020-02-08_13:15:10.222[Status]Routing Start.
2020-02-08_13:15:10.528[Status]{'coordinate': [372.9880343725043, 100.72370076752568], 'id': 16}
2020-02-08_13:15:10.528[Status]Routing 31: Walk: 31
2020-02-08_13:15:10.629[Battery Energy]41.48
2020-02-08_13:15:10.629[Status]Routing Start.
2020-02-08_13:15:10.960[Status]{'coordinate': [382.9876483845205, 100.81156208260717], 'id': 16}
2020-02-08_13:15:10.960[Status]Routing 32: Walk: 32
2020-02-08_13:15:11.061[Battery Energy]41.16
2020-02-08_13:15:11.061[Status]Routing Start.
2020-02-08_13:15:11.391[Status]{'coordinate': [392.9872623965368, 100.89942339768864], 'id': 16}
2020-02-08_13:15:11.391[Status]Routing 33: Walk: 33
2020-02-08_13:15:11.491[Battery Energy]40.86
2020-02-08_13:15:11.491[Status]Routing Start.
2020-02-08_13:15:11.902[Status]{'coordinate': [402.98687640855303, 100.98728471277012], 'id': 16}
2020-02-08_13:15:11.902[Status]Routing 34: Walk: 34
2020-02-08_13:15:12.013[Battery Energy]40.56
2020-02-08_13:15:12.013[Status]Routing Start.
2020-02-08_13:15:12.152[Status]{'coordinate': [412.9864904205693, 101.07514602785159], 'id': 16}
2020-02-08_13:15:12.152[Status]Routing 35: Walk: 35
2020-02-08_13:15:12.265[Battery Energy]40.33
2020-02-08_13:15:12.265[Status]Routing Start.
2020-02-08_13:15:12.410[Status]{'coordinate': [422.98610443258553, 101.16300734293307], 'id': 16}
2020-02-08_13:15:12.410[Status]Routing 36: Walk: 36
2020-02-08_13:15:12.511[Battery Energy]40.11
2020-02-08_13:15:12.511[Status]Routing Start.
2020-02-08_13:15:12.850[Status]{'coordinate': [432.9857184446018, 101.25086865801454], 'id': 16}
2020-02-08_13:15:12.850[Status]Routing 37: Walk: 37
2020-02-08_13:15:12.962[Battery Energy]39.77
2020-02-08_13:15:12.962[Status]Routing Start.
2020-02-08_13:15:13.153[Status]{'coordinate': [442.98533245661804, 101.33872997309602], 'id': 16}
2020-02-08_13:15:13.153[Status]Routing 38: Walk: 38
2020-02-08_13:15:13.253[Battery Energy]39.53
2020-02-08_13:15:13.253[Status]Routing Start.
2020-02-08_13:15:13.403[Status]{'coordinate': [452.9849464686343, 101.42659128817749], 'id': 16}
2020-02-08_13:15:13.403[Status]Routing 39: Walk: 39
2020-02-08_13:15:13.504[Battery Energy]39.31
2020-02-08_13:15:13.504[Status]Routing Start.
2020-02-08_13:15:13.664[Status]{'coordinate': [462.98456048065054, 101.51445260325897], 'id': 16}
2020-02-08_13:15:13.664[Status]Routing 40: Walk: 40
2020-02-08_13:15:13.766[Battery Energy]39.11
2020-02-08_13:15:13.766[Status]Routing Start.
2020-02-08_13:15:13.905[Status]{'coordinate': [472.9841744926668, 101.60231391834044], 'id': 16}
2020-02-08_13:15:13.905[Status]Routing 41: Walk: 41
2020-02-08_13:15:14.006[Battery Energy]38.91
2020-02-08_13:15:14.006[Status]Routing Start.
2020-02-08_13:15:14.363[Status]{'coordinate': [482.98378850468305, 101.69017523342193], 'id': 16}
2020-02-08_13:15:14.363[Status]Routing 42: Walk: 42
2020-02-08_13:15:14.470[Battery Energy]38.59
2020-02-08_13:15:14.470[Status]Routing Start.
2020-02-08_13:15:14.776[Status]{'coordinate': [492.9834025166993, 101.7780365485034], 'id': 16}
2020-02-08_13:15:14.777[Status]Routing 43: Walk: 43
2020-02-08_13:15:14.882[Battery Energy]38.25
2020-02-08_13:15:14.882[Status]Routing Start.
2020-02-08_13:15:15.172[Status]{'coordinate': [502.98301652871555, 101.86589786358488], 'id': 16}
2020-02-08_13:15:15.172[Status]Routing 44: Walk: 44
2020-02-08_13:15:15.272[Battery Energy]37.94
2020-02-08_13:15:15.272[Status]Routing Start.
2020-02-08_13:15:15.588[Status]{'coordinate': [512.9826305407319, 101.95375917866635], 'id': 16}
2020-02-08_13:15:15.588[Status]Routing 45: Walk: 45
2020-02-08_13:15:15.689[Battery Energy]37.67
2020-02-08_13:15:15.689[Status]Routing Start.
2020-02-08_13:15:15.965[Status]{'coordinate': [522.9822445527482, 102.04162049374783], 'id': 16}
2020-02-08_13:15:15.965[Status]Routing 46: Walk: 46
2020-02-08_13:15:16.078[Battery Energy]37.39
2020-02-08_13:15:16.078[Status]Routing Start.
2020-02-08_13:15:16.441[Status]{'coordinate': [532.9818585647645, 102.1294818088293], 'id': 16}
2020-02-08_13:15:16.441[Status]Routing 47: Walk: 47
2020-02-08_13:15:16.545[Battery Energy]36.98
2020-02-08_13:15:16.545[Status]Routing Start.
2020-02-08_13:15:16.899[Status]{'coordinate': [542.9814725767808, 102.21734312391078], 'id': 16}
2020-02-08_13:15:16.899[Status]Routing 48: Walk: 48
2020-02-08_13:15:17.002[Battery Energy]36.65
2020-02-08_13:15:17.002[Status]Routing Start.
2020-02-08_13:15:17.326[Status]{'coordinate': [552.9810865887971, 102.30520443899225], 'id': 16}
2020-02-08_13:15:17.326[Status]Routing 49: Walk: 49
2020-02-08_13:15:17.438[Battery Energy]36.27
2020-02-08_13:15:17.438[Status]Routing Start.
2020-02-08_13:15:17.732[Status]{'coordinate': [562.9807006008134, 102.39306575407373], 'id': 16}
2020-02-08_13:15:17.733[Status]Routing 50: Walk: 50
2020-02-08_13:15:17.833[Battery Energy]35.97
2020-02-08_13:15:17.834[Status]Routing Start.
2020-02-08_13:15:18.166[Status]{'coordinate': [572.9803146128297, 102.4809270691552], 'id': 16}
2020-02-08_13:15:18.166[Status]Routing 51: Walk: 51
2020-02-08_13:15:18.272[Battery Energy]35.69
2020-02-08_13:15:18.272[Status]Routing Start.
2020-02-08_13:15:18.598[Status]{'coordinate': [582.979928624846, 102.56878838423668], 'id': 16}
2020-02-08_13:15:18.598[Status]Routing 52: Walk: 52
2020-02-08_13:15:18.702[Battery Energy]35.36
2020-02-08_13:15:18.702[Status]Routing Start.
2020-02-08_13:15:19.042[Status]{'coordinate': [592.9795426368623, 102.65664969931815], 'id': 16}
2020-02-08_13:15:19.043[Status]Routing 53: Walk: 53
2020-02-08_13:15:19.143[Battery Energy]35.03
2020-02-08_13:15:19.143[Status]Routing Start.
2020-02-08_13:15:19.455[Status]{'coordinate': [602.9791566488786, 102.74451101439963], 'id': 16}
2020-02-08_13:15:19.455[Status]Routing 54: Walk: 54
2020-02-08_13:15:19.555[Battery Energy]34.74
2020-02-08_13:15:19.555[Status]Routing Start.
2020-02-08_13:15:19.952[Status]{'coordinate': [612.978770660895, 102.8323723294811], 'id': 16}
2020-02-08_13:15:19.952[Status]Routing 55: Walk: 55
2020-02-08_13:15:20.057[Battery Energy]34.35
2020-02-08_13:15:20.057[Status]Routing Start.
2020-02-08_13:15:20.361[Status]{'coordinate': [622.9783846729113, 102.92023364456259], 'id': 16}
2020-02-08_13:15:20.361[Status]Routing 56: Walk: 56
2020-02-08_13:15:20.474[Battery Energy]34.02
2020-02-08_13:15:20.482[Status]Routing Start.
2020-02-08_13:15:20.800[Status]{'coordinate': [632.9779986849276, 103.00809495964405], 'id': 16}
2020-02-08_13:15:20.801[Status]Routing 57: Walk: 57
2020-02-08_13:15:20.901[Battery Energy]33.70
2020-02-08_13:15:20.901[Status]Routing Start.
2020-02-08_13:15:21.218[Status]{'coordinate': [642.9776126969439, 103.09595627472554], 'id': 16}
2020-02-08_13:15:21.218[Status]Routing 58: Walk: 58
2020-02-08_13:15:21.326[Battery Energy]33.38
2020-02-08_13:15:21.326[Status]Routing Start.
2020-02-08_13:15:21.530[Status]{'coordinate': [652.9772267089602, 103.183817589807], 'id': 16}
2020-02-08_13:15:21.530[Status]Routing 59: Walk: 59
2020-02-08_13:15:21.630[Battery Energy]33.13
2020-02-08_13:15:21.630[Status]Routing Start.
2020-02-08_13:15:21.785[Status]{'coordinate': [662.9768407209765, 103.27167890488849], 'id': 16}
2020-02-08_13:15:21.789[Status]Routing 60: Walk: 60
2020-02-08_13:15:21.902[Battery Energy]32.93
2020-02-08_13:15:21.902[Status]Routing Start.
2020-02-08_13:15:22.192[Status]{'coordinate': [672.9764547329928, 103.35954021996997], 'id': 16}
2020-02-08_13:15:22.192[Status]Routing 61: Walk: 61
2020-02-08_13:15:22.302[Battery Energy]32.65
2020-02-08_13:15:22.302[Status]Routing Start.
2020-02-08_13:15:22.441[Status]{'coordinate': [682.9760687450091, 103.44740153505144], 'id': 16}
2020-02-08_13:15:22.441[Status]Routing 62: Walk: 62
2020-02-08_13:15:22.558[Battery Energy]32.43
2020-02-08_13:15:22.558[Status]Routing Start.
2020-02-08_13:15:22.845[Status]{'coordinate': [692.9756827570254, 103.53526285013292], 'id': 16}
2020-02-08_13:15:22.845[Status]Routing 63: Walk: 63
2020-02-08_13:15:22.945[Battery Energy]32.13
2020-02-08_13:15:22.945[Status]Routing Start.
2020-02-08_13:15:23.079[Status]{'coordinate': [702.9752967690417, 103.62312416521439], 'id': 16}
2020-02-08_13:15:23.081[Status]Routing 64: Walk: 64
2020-02-08_13:15:23.190[Battery Energy]31.93
2020-02-08_13:15:23.190[Status]Routing Start.
2020-02-08_13:15:23.479[Status]{'coordinate': [712.974910781058, 103.71098548029588], 'id': 16}
2020-02-08_13:15:23.479[Status]Routing 65: Walk: 65
2020-02-08_13:15:23.579[Battery Energy]31.61
2020-02-08_13:15:23.579[Status]Routing Start.
2020-02-08_13:15:23.926[Status]{'coordinate': [722.9745247930744, 103.79884679537734], 'id': 16}
2020-02-08_13:15:23.927[Status]Routing 66: Walk: 66
2020-02-08_13:15:24.046[Battery Energy]31.27
2020-02-08_13:15:24.046[Status]Routing Start.
2020-02-08_13:15:24.353[Status]{'coordinate': [732.9741388050907, 103.88670811045883], 'id': 16}
2020-02-08_13:15:24.353[Status]Routing 67: Walk: 67
2020-02-08_13:15:24.454[Battery Energy]30.97
2020-02-08_13:15:24.454[Status]Routing Start.
2020-02-08_13:15:24.749[Status]{'coordinate': [742.973752817107, 103.9745694255403], 'id': 16}
2020-02-08_13:15:24.749[Status]Routing 68: Walk: 68
2020-02-08_13:15:24.858[Battery Energy]30.68
2020-02-08_13:15:24.858[Status]Routing Start.
2020-02-08_13:15:25.230[Status]{'coordinate': [752.9733668291233, 104.06243074062178], 'id': 16}
2020-02-08_13:15:25.230[Status]Routing 69: Walk: 69
2020-02-08_13:15:25.334[Battery Energy]30.32
2020-02-08_13:15:25.334[Status]Routing Start.
2020-02-08_13:15:25.682[Status]{'coordinate': [762.9729808411396, 104.15029205570325], 'id': 16}
2020-02-08_13:15:25.682[Status]Routing 70: Walk: 70
2020-02-08_13:15:25.782[Battery Energy]30.01
2020-02-08_13:15:25.782[Status]Routing Start.
2020-02-08_13:15:26.101[Status]{'coordinate': [772.9725948531559, 104.23815337078473], 'id': 16}
2020-02-08_13:15:26.101[Status]Routing 71: Walk: 71
2020-02-08_13:15:26.206[Battery Energy]29.69
2020-02-08_13:15:26.207[Status]Routing Start.
2020-02-08_13:15:26.362[Status]{'coordinate': [782.9722088651722, 104.3260146858662], 'id': 16}
2020-02-08_13:15:26.362[Status]Routing 72: Walk: 72
2020-02-08_13:15:26.463[Battery Energy]29.47
2020-02-08_13:15:26.463[Status]Routing Start.
2020-02-08_13:15:26.840[Status]{'coordinate': [792.9718228771885, 104.41387600094768], 'id': 16}
2020-02-08_13:15:26.841[Status]Routing 73: Walk: 73
2020-02-08_13:15:26.941[Battery Energy]29.10
2020-02-08_13:15:26.941[Status]Routing Start.
2020-02-08_13:15:27.443[Status]{'coordinate': [802.9714368892048, 104.50173731602915], 'id': 16}
2020-02-08_13:15:27.443[Status]Routing 74: Walk: 74
2020-02-08_13:15:27.543[Battery Energy]28.71
2020-02-08_13:15:27.543[Status]Routing Start.
2020-02-08_13:15:27.703[Status]{'coordinate': [812.9710509012211, 104.58959863111063], 'id': 16}
2020-02-08_13:15:27.707[Status]Routing 75: Walk: 75
2020-02-08_13:15:27.811[Battery Energy]28.51
2020-02-08_13:15:27.811[Status]Routing Start.
2020-02-08_13:15:28.142[Status]{'coordinate': [822.9706649132374, 104.6774599461921], 'id': 16}
2020-02-08_13:15:28.142[Status]Routing 76: Walk: 76
2020-02-08_13:15:28.246[Battery Energy]28.22
2020-02-08_13:15:28.246[Status]Routing Start.
2020-02-08_13:15:28.391[Status]{'coordinate': [832.9702789252538, 104.76532126127358], 'id': 16}
2020-02-08_13:15:28.391[Status]Routing 77: Walk: 77
2020-02-08_13:15:28.491[Battery Energy]28.02
2020-02-08_13:15:28.491[Status]Routing Start.
2020-02-08_13:15:28.809[Status]{'coordinate': [842.9698929372701, 104.85318257635505], 'id': 16}
2020-02-08_13:15:28.810[Status]Routing 78: Walk: 78
2020-02-08_13:15:28.910[Battery Energy]27.70
2020-02-08_13:15:28.910[Status]Routing Start.
2020-02-08_13:15:29.270[Status]{'coordinate': [852.9695069492864, 104.94104389143654], 'id': 16}
2020-02-08_13:15:29.271[Status]Routing 79: Walk: 79
2020-02-08_13:15:29.382[Battery Energy]27.33
2020-02-08_13:15:29.382[Status]Routing Start.
2020-02-08_13:15:29.656[Status]{'coordinate': [862.9691209613027, 105.028905206518], 'id': 16}
2020-02-08_13:15:29.657[Status]Routing 80: Walk: 80
2020-02-08_13:15:29.770[Battery Energy]27.02
2020-02-08_13:15:29.770[Status]Routing Start.
2020-02-08_13:15:30.082[Status]{'coordinate': [872.968734973319, 105.11676652159949], 'id': 16}
2020-02-08_13:15:30.082[Status]Routing 81: Walk: 81
2020-02-08_13:15:30.198[Battery Energy]26.71
2020-02-08_13:15:30.198[Status]Routing Start.
2020-02-08_13:15:30.355[Status]{'coordinate': [882.9683489853353, 105.20462783668097], 'id': 16}
2020-02-08_13:15:30.355[Status]Routing 82: Walk: 82
2020-02-08_13:15:30.458[Battery Energy]26.48
2020-02-08_13:15:30.458[Status]Routing Start.
2020-02-08_13:15:30.610[Status]{'coordinate': [892.9679629973516, 105.29248915176244], 'id': 16}
2020-02-08_13:15:30.610[Status]Routing 83: Walk: 83
2020-02-08_13:15:30.722[Battery Energy]26.25
2020-02-08_13:15:30.722[Status]Routing Start.
2020-02-08_13:15:30.856[Status]{'coordinate': [902.9675770093679, 105.38035046684392], 'id': 16}
2020-02-08_13:15:30.856[Status]Routing 84: Walk: 84
2020-02-08_13:15:30.973[Battery Energy]26.07
2020-02-08_13:15:30.973[Status]Routing Start.
2020-02-08_13:15:31.125[Status]{'coordinate': [912.9671910213842, 105.46821178192539], 'id': 16}
2020-02-08_13:15:31.125[Status]Routing 85: Walk: 85
2020-02-08_13:15:31.226[Battery Energy]25.84
2020-02-08_13:15:31.226[Status]Routing Start.
2020-02-08_13:15:31.383[Status]{'coordinate': [922.9668050334005, 105.55607309700687], 'id': 16}
2020-02-08_13:15:31.383[Status]Routing 86: Walk: 86
2020-02-08_13:15:31.498[Battery Energy]25.61
2020-02-08_13:15:31.498[Status]Routing Start.
2020-02-08_13:15:31.630[Status]{'coordinate': [932.9664190454168, 105.64393441208834], 'id': 16}
2020-02-08_13:15:31.630[Status]Routing 87: Walk: 87
2020-02-08_13:15:31.735[Battery Energy]25.42
2020-02-08_13:15:31.736[Status]Routing Start.
2020-02-08_13:15:31.908[Status]{'coordinate': [942.9660330574332, 105.73179572716982], 'id': 16}
2020-02-08_13:15:31.909[Status]Routing 88: Walk: 88
2020-02-08_13:15:32.022[Battery Energy]25.23
2020-02-08_13:15:32.022[Status]Routing Start.
2020-02-08_13:15:32.156[Status]{'coordinate': [952.9656470694495, 105.8196570422513], 'id': 16}
2020-02-08_13:15:32.156[Status]Routing 89: Walk: 89
2020-02-08_13:15:32.270[Battery Energy]25.01
2020-02-08_13:15:32.270[Status]Routing Start.
2020-02-08_13:15:32.501[Status]{'coordinate': [962.9652610814658, 105.90751835733278], 'id': 16}
2020-02-08_13:15:32.502[Status]Routing 90: Walk: 90
2020-02-08_13:15:32.614[Battery Energy]24.77
2020-02-08_13:15:32.614[Status]Routing Start.
2020-02-08_13:15:32.769[Status]{'coordinate': [972.9648750934821, 105.99537967241424], 'id': 16}
2020-02-08_13:15:32.769[Status]Routing 91: Walk: 91
2020-02-08_13:15:32.870[Battery Energy]24.56
2020-02-08_13:15:32.870[Status]Routing Start.
2020-02-08_13:15:33.019[Status]{'coordinate': [982.9644891054984, 106.08324098749573], 'id': 16}
2020-02-08_13:15:33.019[Status]Routing 92: Walk: 92
2020-02-08_13:15:33.122[Battery Energy]24.34
2020-02-08_13:15:33.122[Status]Routing Start.
2020-02-08_13:15:33.300[Status]{'coordinate': [992.9641031175147, 106.1711023025772], 'id': 16}
2020-02-08_13:15:33.301[Status]Routing 93: Walk: 93
2020-02-08_13:15:33.406[Battery Energy]24.10
2020-02-08_13:15:33.406[Status]Routing Start.
2020-02-08_13:15:33.543[Status]{'coordinate': [1002.963717129531, 106.25896361765868], 'id': 16}
2020-02-08_13:15:33.543[Status]Routing 94: Walk: 94
2020-02-08_13:15:33.654[Battery Energy]23.92
2020-02-08_13:15:33.654[Status]Routing Start.
2020-02-08_13:15:33.820[Status]{'coordinate': [1012.9633311415473, 106.34682493274015], 'id': 16}
2020-02-08_13:15:33.820[Status]Routing 95: Walk: 95
2020-02-08_13:15:33.920[Battery Energy]23.71
2020-02-08_13:15:33.920[Status]Routing Start.
2020-02-08_13:15:34.243[Status]{'coordinate': [1022.9629451535636, 106.43468624782163], 'id': 16}
2020-02-08_13:15:34.243[Status]Routing 96: Walk: 96
2020-02-08_13:15:34.343[Battery Energy]23.38
2020-02-08_13:15:34.343[Status]Routing Start.
2020-02-08_13:15:34.706[Status]{'coordinate': [1032.96255916558, 106.5225475629031], 'id': 16}
2020-02-08_13:15:34.707[Status]Routing 97: Walk: 97
2020-02-08_13:15:34.807[Battery Energy]23.07
2020-02-08_13:15:34.807[Status]Routing Start.
2020-02-08_13:15:35.116[Status]{'coordinate': [1042.9621731775962, 106.61040887798458], 'id': 16}
2020-02-08_13:15:35.116[Status]Routing 98: Walk: 98
2020-02-08_13:15:35.220[Battery Energy]22.71
2020-02-08_13:15:35.220[Status]Routing Start.
2020-02-08_13:15:35.560[Status]{'coordinate': [1052.9617871896126, 106.69827019306605], 'id': 16}
2020-02-08_13:15:35.560[Status]Routing 99: Walk: 99
2020-02-08_13:15:35.666[Battery Energy]22.36
2020-02-08_13:15:35.666[Status]Routing Start.
2020-02-08_13:15:35.666[Status]Task Finished.
2020-02-08_13:15:35.766[Battery Energy]22.36
2020-02-08_13:15:35.906[Status]Routing 101: Walk: 99
2020-02-08_13:15:36.008[Battery Energy]22.24
2020-02-08_13:15:36.276[Status]Routing 102: Walk: 99
2020-02-08_13:15:36.394[Battery Energy]22.05
2020-02-08_13:15:36.521[Status]Routing 103: Walk: 99
2020-02-08_13:15:36.630[Battery Energy]21.96
2020-02-08_13:15:36.955[Status]Routing 104: Walk: 99
2020-02-08_13:15:37.055[Battery Energy]21.75
2020-02-08_13:15:37.211[Status]Routing 105: Walk: 99
2020-02-08_13:15:37.311[Battery Energy]21.62
2020-02-08_13:15:37.534[Status]Routing 106: Walk: 99
2020-02-08_13:15:37.634[Battery Energy]21.44
2020-02-08_13:15:37.886[Status]Routing 107: Walk: 99
2020-02-08_13:15:37.994[Battery Energy]21.31
2020-02-08_13:15:38.142[Status]Routing 108: Walk: 99
2020-02-08_13:15:38.252[Battery Energy]21.19
2020-02-08_13:15:38.405[Status]Routing 109: Walk: 99
2020-02-08_13:15:38.512[Battery Energy]21.08
2020-02-08_13:15:38.692[Status]Routing 110: Walk: 99
2020-02-08_13:15:38.799[Battery Energy]20.96
2020-02-08_13:15:38.935[Status]Routing 111: Walk: 99
2020-02-08_13:15:39.046[Battery Energy]20.86
2020-02-08_13:15:39.174[Status]Routing 112: Walk: 99
2020-02-08_13:15:39.275[Battery Energy]20.78
2020-02-08_13:15:39.431[Status]Routing 113: Walk: 99
2020-02-08_13:15:39.534[Battery Energy]20.68
2020-02-08_13:15:39.681[Status]Routing 114: Walk: 99
2020-02-08_13:15:39.790[Battery Energy]20.58
2020-02-08_13:15:39.939[Status]Routing 115: Walk: 99
2020-02-08_13:15:40.041[Battery Energy]20.45
2020-02-08_13:15:40.297[Status]Routing 116: Walk: 99
2020-02-08_13:15:40.402[Battery Energy]20.30
2020-02-08_13:15:40.550[Status]Routing 117: Walk: 99
2020-02-08_13:15:40.658[Battery Energy]20.19
2020-02-08_13:15:40.793[Status]Routing 118: Walk: 99
2020-02-08_13:15:40.902[Battery Energy]20.10
2020-02-08_13:15:41.051[Status]Routing 119: Walk: 99
2020-02-08_13:15:41.166[Battery Energy]19.98
2020-02-08_13:15:41.327[Status]Routing 120: Walk: 99
2020-02-08_13:15:41.438[Battery Energy]19.86
2020-02-08_13:15:41.672[Status]Routing 121: Walk: 99
2020-02-08_13:15:41.778[Battery Energy]19.70
2020-02-08_13:15:42.024[Status]Routing 122: Walk: 99
2020-02-08_13:15:42.138[Battery Energy]19.54
2020-02-08_13:15:42.386[Status]Routing 123: Walk: 99
2020-02-08_13:15:42.486[Battery Energy]19.38
2020-02-08_13:15:42.653[Status]Routing 124: Walk: 99
2020-02-08_13:15:42.762[Battery Energy]19.26
2020-02-08_13:15:43.057[Status]Routing 125: Walk: 99
2020-02-08_13:15:43.162[Battery Energy]19.05
2020-02-08_13:15:43.461[Status]Routing 126: Walk: 99
2020-02-08_13:15:43.562[Battery Energy]18.87
2020-02-08_13:15:43.725[Status]Routing 127: Walk: 99
2020-02-08_13:15:43.825[Battery Energy]18.76
2020-02-08_13:15:44.152[Status]Routing 128: Walk: 99
2020-02-08_13:15:44.253[Battery Energy]18.53
2020-02-08_13:15:44.401[Status]Routing 129: Walk: 99
2020-02-08_13:15:44.501[Battery Energy]18.41
2020-02-08_13:15:44.655[Status]Routing 130: Walk: 99
2020-02-08_13:15:44.770[Battery Energy]18.30
2020-02-08_13:15:44.907[Status]Routing 131: Walk: 99
2020-02-08_13:15:45.007[Battery Energy]18.20
2020-02-08_13:15:45.169[Status]Routing 132: Walk: 99
2020-02-08_13:15:45.270[Battery Energy]18.09
2020-02-08_13:15:45.413[Status]Routing 133: Walk: 99
2020-02-08_13:15:45.517[Battery Energy]17.96
2020-02-08_13:15:45.656[Status]Routing 134: Walk: 99
2020-02-08_13:15:45.757[Battery Energy]17.85
2020-02-08_13:15:45.919[Status]Routing 135: Walk: 99
2020-02-08_13:15:46.026[Battery Energy]17.73
2020-02-08_13:15:46.195[Status]Routing 136: Walk: 99
2020-02-08_13:15:46.296[Battery Energy]17.61
2020-02-08_13:15:46.448[Status]Routing 137: Walk: 99
2020-02-08_13:15:46.548[Battery Energy]17.51
2020-02-08_13:15:46.795[Status]Routing 138: Walk: 99
2020-02-08_13:15:46.902[Battery Energy]17.34
2020-02-08_13:15:47.030[Status]Routing 139: Walk: 99
2020-02-08_13:15:47.131[Battery Energy]17.25
2020-02-08_13:15:47.289[Status]Routing 140: Walk: 99
2020-02-08_13:15:47.389[Battery Energy]17.14
2020-02-08_13:15:47.564[Status]Routing 141: Walk: 99
2020-02-08_13:15:47.666[Battery Energy]17.01
2020-02-08_13:15:47.819[Status]Routing 142: Walk: 99
2020-02-08_13:15:47.926[Battery Energy]16.90
2020-02-08_13:15:48.101[Status]Routing 143: Walk: 99
2020-02-08_13:15:48.209[Battery Energy]16.78
2020-02-08_13:15:48.347[Status]Routing 144: Walk: 99
2020-02-08_13:15:48.447[Battery Energy]16.66
2020-02-08_13:15:48.613[Status]Routing 145: Walk: 99
2020-02-08_13:15:48.713[Battery Energy]16.57
2020-02-08_13:15:48.867[Status]Routing 146: Walk: 99
2020-02-08_13:15:48.970[Battery Energy]16.45
2020-02-08_13:15:49.217[Status]Routing 147: Walk: 99
2020-02-08_13:15:49.318[Battery Energy]16.26
2020-02-08_13:15:49.473[Status]Routing 148: Walk: 99
2020-02-08_13:15:49.578[Battery Energy]16.15
2020-02-08_13:15:49.718[Status]Routing 149: Walk: 99
2020-02-08_13:15:49.826[Battery Energy]16.06
2020-02-08_13:15:49.969[Status]Routing 150: Walk: 99
2020-02-08_13:15:50.074[Battery Energy]15.96
2020-02-08_13:15:50.240[Status]Routing 151: Walk: 99
2020-02-08_13:15:50.341[Battery Energy]15.84
2020-02-08_13:15:50.508[Status]Routing 152: Walk: 99
2020-02-08_13:15:50.608[Battery Energy]15.74
2020-02-08_13:15:50.772[Status]Routing 153: Walk: 99
2020-02-08_13:15:50.886[Battery Energy]15.62
2020-02-08_13:15:51.015[Status]Routing 154: Walk: 99
2020-02-08_13:15:51.130[Battery Energy]15.51
2020-02-08_13:15:51.273[Status]Routing 155: Walk: 99
2020-02-08_13:15:51.379[Battery Energy]15.39
2020-02-08_13:15:51.525[Status]Routing 156: Walk: 99
2020-02-08_13:15:51.626[Battery Energy]15.28
2020-02-08_13:15:51.798[Status]Routing 157: Walk: 99
2020-02-08_13:15:51.900[Battery Energy]15.16
2020-02-08_13:15:52.073[Status]Routing 158: Walk: 99
2020-02-08_13:15:52.175[Battery Energy]15.07
2020-02-08_13:15:52.342[Status]Routing 159: Walk: 99
2020-02-08_13:15:52.454[Battery Energy]14.94
2020-02-08_13:15:52.588[Status]Routing 160: Walk: 99
2020-02-08_13:15:52.694[Battery Energy]14.84
2020-02-08_13:15:52.829[Status]Routing 161: Walk: 99
2020-02-08_13:15:52.929[Battery Energy]14.72
2020-02-08_13:15:53.074[Status]Routing 162: Walk: 99
2020-02-08_13:15:53.186[Battery Energy]14.62
2020-02-08_13:15:53.322[Status]Routing 163: Walk: 99
2020-02-08_13:15:53.434[Battery Energy]14.53
2020-02-08_13:15:53.561[Status]Routing 164: Walk: 99
2020-02-08_13:15:53.663[Battery Energy]14.43
2020-02-08_13:15:53.820[Status]Routing 165: Walk: 99
2020-02-08_13:15:53.920[Battery Energy]14.29
2020-02-08_13:15:54.058[Status]Routing 166: Walk: 99
2020-02-08_13:15:54.161[Battery Energy]14.17
2020-02-08_13:15:54.297[Status]Routing 167: Walk: 99
2020-02-08_13:15:54.399[Battery Energy]14.07
2020-02-08_13:15:54.554[Status]Routing 168: Walk: 99
2020-02-08_13:15:54.666[Battery Energy]13.96
2020-02-08_13:15:54.780[Status]Routing 169: Walk: 99
2020-02-08_13:15:54.906[Battery Energy]13.87
2020-02-08_13:15:55.049[Status]Routing 170: Walk: 99
2020-02-08_13:15:55.177[Battery Energy]13.75
2020-02-08_13:15:55.292[Status]Routing 171: Walk: 99
2020-02-08_13:15:55.392[Battery Energy]13.66
2020-02-08_13:15:55.563[Status]Routing 172: Walk: 99
2020-02-08_13:15:55.674[Battery Energy]13.57
2020-02-08_13:15:55.816[Status]Routing 173: Walk: 99
2020-02-08_13:15:55.924[Battery Energy]13.47
2020-02-08_13:15:56.048[Status]Routing 174: Walk: 99
2020-02-08_13:15:56.148[Battery Energy]13.36
2020-02-08_13:15:56.302[Status]Routing 175: Walk: 99
2020-02-08_13:15:56.406[Battery Energy]13.23
2020-02-08_13:15:56.561[Status]Routing 176: Walk: 99
2020-02-08_13:15:56.670[Battery Energy]13.10
2020-02-08_13:15:56.850[Status]Routing 177: Walk: 99
2020-02-08_13:15:56.954[Battery Energy]12.99
2020-02-08_13:15:57.105[Status]Routing 178: Walk: 99
2020-02-08_13:15:57.222[Battery Energy]12.87
2020-02-08_13:15:57.357[Status]Routing 179: Walk: 99
2020-02-08_13:15:57.463[Battery Energy]12.77
2020-02-08_13:15:57.636[Status]Routing 180: Walk: 99
2020-02-08_13:15:57.742[Battery Energy]12.62
2020-02-08_13:15:57.894[Status]Routing 181: Walk: 99
2020-02-08_13:15:57.997[Battery Energy]12.52
2020-02-08_13:15:58.167[Status]Routing 182: Walk: 99
2020-02-08_13:15:58.274[Battery Energy]12.40
2020-02-08_13:15:58.436[Status]Routing 183: Walk: 99
2020-02-08_13:15:58.542[Battery Energy]12.29
2020-02-08_13:15:58.707[Status]Routing 184: Walk: 99
2020-02-08_13:15:58.808[Battery Energy]12.17
2020-02-08_13:15:58.973[Status]Routing 185: Walk: 99
2020-02-08_13:15:59.077[Battery Energy]12.04
2020-02-08_13:15:59.206[Status]Routing 186: Walk: 99
2020-02-08_13:15:59.310[Battery Energy]11.93
2020-02-08_13:15:59.461[Status]Routing 187: Walk: 99
2020-02-08_13:15:59.562[Battery Energy]11.83
2020-02-08_13:15:59.720[Status]Routing 188: Walk: 99
2020-02-08_13:15:59.823[Battery Energy]11.71
2020-02-08_13:16:00.011[Status]Routing 189: Walk: 99
2020-02-08_13:16:00.122[Battery Energy]11.59
2020-02-08_13:16:00.259[Status]Routing 190: Walk: 99
2020-02-08_13:16:00.368[Battery Energy]11.50
2020-02-08_13:16:00.531[Status]Routing 191: Walk: 99
2020-02-08_13:16:00.631[Battery Energy]11.38
2020-02-08_13:16:00.822[Status]Routing 192: Walk: 99
2020-02-08_13:16:00.938[Battery Energy]11.25
2020-02-08_13:16:01.082[Status]Routing 193: Walk: 99
2020-02-08_13:16:01.196[Battery Energy]11.15
2020-02-08_13:16:01.323[Status]Routing 194: Walk: 99
2020-02-08_13:16:01.423[Battery Energy]11.05
2020-02-08_13:16:01.599[Status]Routing 195: Walk: 99
2020-02-08_13:16:01.710[Battery Energy]10.93
2020-02-08_13:16:01.852[Status]Routing 196: Walk: 99
2020-02-08_13:16:01.960[Battery Energy]10.81
2020-02-08_13:16:02.093[Status]Routing 197: Walk: 99
2020-02-08_13:16:02.200[Battery Energy]10.72
2020-02-08_13:16:02.374[Status]Routing 198: Walk: 99
2020-02-08_13:16:02.475[Battery Energy]10.61
2020-02-08_13:16:02.625[Status]Routing 199: Walk: 99
2020-02-08_13:16:02.725[Battery Energy]10.52
2020-02-08_13:16:02.907[Status]Routing 200: Walk: 99
2020-02-08_13:16:03.022[Battery Energy]10.42
2020-02-08_13:16:03.211[Status]Routing 201: Walk: 99
2020-02-08_13:16:03.314[Battery Energy]10.27
2020-02-08_13:16:03.483[Status]Routing 202: Walk: 99
2020-02-08_13:16:03.583[Battery Energy]10.15
2020-02-08_13:16:03.806[Status]Routing 203: Walk: 99
2020-02-08_13:16:03.906[Battery Energy]10.00
2020-02-08_13:16:04.081[Status]Routing 204: Walk: 99
2020-02-08_13:16:04.185[Battery Energy]9.88
2020-02-08_13:16:04.383[Status]Routing 205: Walk: 99
2020-02-08_13:16:04.490[Battery Energy]9.78
