2020-02-08_13:14:51.281[Status]Start.
2020-02-08_13:14:51.282[Battery Energy]52.00
2020-02-08_13:14:52.383[Battery Energy]51.96
2020-02-08_13:14:53.484[Battery Energy]51.92
2020-02-08_13:14:54.585[Battery Energy]51.88
2020-02-08_13:14:55.686[Battery Energy]51.84
2020-02-08_13:14:56.787[Task]A New Task Released.
2020-02-08_13:14:56.787[Battery Energy]51.80
2020-02-08_13:14:56.787[Status]Selection Start.
2020-02-08_13:14:58.698[Status]Selection End: Do Task 2.
2020-02-08_13:14:58.810[Battery Energy]50.63
2020-02-08_13:14:58.810[Status]Formation Start.
2020-02-08_13:14:58.967[Status]Formation End: To Position 0.
2020-02-08_13:14:59.070[Battery Energy]50.51
2020-02-08_13:14:59.070[Status]Routing Start.
2020-02-08_13:14:59.235[Status]{'id': 19, 'coordinate': [139.59505695394245, 772.8887383202887]}
2020-02-08_13:14:59.235[Status]Routing 1: Walk: 1
2020-02-08_13:14:59.344[Battery Energy]50.29
2020-02-08_13:14:59.344[Status]Routing Start.
2020-02-08_13:14:59.487[Status]{'id': 19, 'coordinate': [148.1901139078849, 767.7774766405773]}
2020-02-08_13:14:59.487[Status]Routing 2: Walk: 2
2020-02-08_13:14:59.587[Battery Energy]50.07
2020-02-08_13:14:59.587[Status]Routing Start.
2020-02-08_13:14:59.744[Status]{'id': 19, 'coordinate': [156.78517086182734, 762.666214960866]}
2020-02-08_13:14:59.744[Status]Routing 3: Walk: 3
2020-02-08_13:14:59.854[Battery Energy]49.88
2020-02-08_13:14:59.854[Status]Routing Start.
2020-02-08_13:15:00.013[Status]{'id': 19, 'coordinate': [165.38022781576979, 757.5549532811547]}
2020-02-08_13:15:00.014[Status]Routing 4: Walk: 4
2020-02-08_13:15:00.126[Battery Energy]49.68
2020-02-08_13:15:00.126[Status]Routing Start.
2020-02-08_13:15:00.281[Status]{'id': 19, 'coordinate': [173.97528476971223, 752.4436916014433]}
2020-02-08_13:15:00.281[Status]Routing 5: Walk: 5
2020-02-08_13:15:00.394[Battery Energy]49.45
2020-02-08_13:15:00.394[Status]Routing Start.
2020-02-08_13:15:00.676[Status]{'id': 19, 'coordinate': [182.57034172365468, 747.332429921732]}
2020-02-08_13:15:00.676[Status]Routing 6: Walk: 6
2020-02-08_13:15:00.777[Battery Energy]49.14
2020-02-08_13:15:00.777[Status]Routing Start.
2020-02-08_13:15:01.108[Status]{'id': 19, 'coordinate': [191.16539867759712, 742.2211682420207]}
2020-02-08_13:15:01.108[Status]Routing 7: Walk: 7
2020-02-08_13:15:01.208[Battery Energy]48.83
2020-02-08_13:15:01.208[Status]Routing Start.
2020-02-08_13:15:01.520[Status]{'id': 19, 'coordinate': [199.76045563153957, 737.1099065623093]}
2020-02-08_13:15:01.520[Status]Routing 8: Walk: 8
2020-02-08_13:15:01.630[Battery Energy]48.50
2020-02-08_13:15:01.630[Status]Routing Start.
2020-02-08_13:15:01.957[Status]{'id': 19, 'coordinate': [208.35551258548202, 731.998644882598]}
2020-02-08_13:15:01.957[Status]Routing 9: Walk: 9
2020-02-08_13:15:02.057[Battery Energy]48.20
2020-02-08_13:15:02.057[Status]Routing Start.
2020-02-08_13:15:02.361[Status]{'id': 19, 'coordinate': [216.95056953942446, 726.8873832028867]}
2020-02-08_13:15:02.361[Status]Routing 10: Walk: 10
2020-02-08_13:15:02.466[Battery Energy]47.92
2020-02-08_13:15:02.466[Status]Routing Start.
2020-02-08_13:15:02.830[Status]{'id': 19, 'coordinate': [225.5456264933669, 721.7761215231753]}
2020-02-08_13:15:02.830[Status]Routing 11: Walk: 11
2020-02-08_13:15:02.931[Battery Energy]47.63
2020-02-08_13:15:02.931[Status]Routing Start.
2020-02-08_13:15:03.225[Status]{'id': 19, 'coordinate': [234.14068344730936, 716.664859843464]}
2020-02-08_13:15:03.226[Status]Routing 12: Walk: 12
2020-02-08_13:15:03.326[Battery Energy]47.34
2020-02-08_13:15:03.326[Status]Routing Start.
2020-02-08_13:15:03.667[Status]{'id': 19, 'coordinate': [242.7357404012518, 711.5535981637527]}
2020-02-08_13:15:03.667[Status]Routing 13: Walk: 13
2020-02-08_13:15:03.767[Battery Energy]47.00
2020-02-08_13:15:03.767[Status]Routing Start.
2020-02-08_13:15:04.112[Status]{'id': 19, 'coordinate': [251.33079735519425, 706.4423364840413]}
2020-02-08_13:15:04.114[Status]Routing 14: Walk: 14
2020-02-08_13:15:04.218[Battery Energy]46.66
2020-02-08_13:15:04.218[Status]Routing Start.
2020-02-08_13:15:04.581[Status]{'id': 19, 'coordinate': [259.9258543091367, 701.33107480433]}
2020-02-08_13:15:04.582[Status]Routing 15: Walk: 15
2020-02-08_13:15:04.684[Battery Energy]46.33
2020-02-08_13:15:04.684[Status]Routing Start.
2020-02-08_13:15:05.052[Status]{'id': 19, 'coordinate': [268.52091126307914, 696.2198131246187]}
2020-02-08_13:15:05.052[Status]Routing 16: Walk: 16
2020-02-08_13:15:05.162[Battery Energy]45.99
2020-02-08_13:15:05.162[Status]Routing Start.
2020-02-08_13:15:05.294[Status]{'id': 19, 'coordinate': [277.1159682170216, 691.1085514449073]}
2020-02-08_13:15:05.294[Status]Routing 17: Walk: 17
2020-02-08_13:15:05.394[Battery Energy]45.79
2020-02-08_13:15:05.394[Status]Routing Start.
2020-02-08_13:15:05.713[Status]{'id': 19, 'coordinate': [285.71102517096404, 685.997289765196]}
2020-02-08_13:15:05.718[Status]Routing 18: Walk: 18
2020-02-08_13:15:05.830[Battery Energy]45.47
2020-02-08_13:15:05.830[Status]Routing Start.
2020-02-08_13:15:06.005[Status]{'id': 19, 'coordinate': [294.3060821249065, 680.8860280854847]}
2020-02-08_13:15:06.005[Status]Routing 19: Walk: 19
2020-02-08_13:15:06.118[Battery Energy]45.22
2020-02-08_13:15:06.118[Status]Routing Start.
2020-02-08_13:15:06.261[Status]{'id': 19, 'coordinate': [302.9011390788489, 675.7747664057733]}
2020-02-08_13:15:06.261[Status]Routing 20: Walk: 20
2020-02-08_13:15:06.374[Battery Energy]45.00
2020-02-08_13:15:06.374[Status]Routing Start.
2020-02-08_13:15:06.698[Status]{'id': 19, 'coordinate': [311.4961960327914, 670.663504726062]}
2020-02-08_13:15:06.698[Status]Routing 21: Walk: 21
2020-02-08_13:15:06.810[Battery Energy]44.68
2020-02-08_13:15:06.810[Status]Routing Start.
2020-02-08_13:15:06.945[Status]{'id': 19, 'coordinate': [320.0912529867338, 665.5522430463507]}
2020-02-08_13:15:06.946[Status]Routing 22: Walk: 22
2020-02-08_13:15:07.046[Battery Energy]44.48
2020-02-08_13:15:07.046[Status]Routing Start.
2020-02-08_13:15:07.379[Status]{'id': 19, 'coordinate': [328.68630994067627, 660.4409813666393]}
2020-02-08_13:15:07.379[Status]Routing 23: Walk: 23
2020-02-08_13:15:07.480[Battery Energy]44.19
2020-02-08_13:15:07.480[Status]Routing Start.
2020-02-08_13:15:07.799[Status]{'id': 19, 'coordinate': [337.2813668946187, 655.329719686928]}
2020-02-08_13:15:07.799[Status]Routing 24: Walk: 24
2020-02-08_13:15:07.914[Battery Energy]43.89
2020-02-08_13:15:07.914[Status]Routing Start.
2020-02-08_13:15:08.196[Status]{'id': 19, 'coordinate': [345.87642384856116, 650.2184580072167]}
2020-02-08_13:15:08.196[Status]Routing 25: Walk: 25
2020-02-08_13:15:08.306[Battery Energy]43.59
2020-02-08_13:15:08.306[Status]Routing Start.
2020-02-08_13:15:08.464[Status]{'id': 19, 'coordinate': [354.4714808025036, 645.1071963275053]}
2020-02-08_13:15:08.464[Status]Routing 26: Walk: 26
2020-02-08_13:15:08.564[Battery Energy]43.40
2020-02-08_13:15:08.564[Status]Routing Start.
2020-02-08_13:15:08.925[Status]{'id': 19, 'coordinate': [363.06653775644605, 639.995934647794]}
2020-02-08_13:15:08.925[Status]Routing 27: Walk: 27
2020-02-08_13:15:09.030[Battery Energy]43.05
2020-02-08_13:15:09.030[Status]Routing Start.
2020-02-08_13:15:09.340[Status]{'id': 19, 'coordinate': [371.6615947103885, 634.8846729680827]}
2020-02-08_13:15:09.340[Status]Routing 28: Walk: 28
2020-02-08_13:15:09.450[Battery Energy]42.76
2020-02-08_13:15:09.450[Status]Routing Start.
2020-02-08_13:15:09.777[Status]{'id': 19, 'coordinate': [380.25665166433095, 629.7734112883713]}
2020-02-08_13:15:09.777[Status]Routing 29: Walk: 29
2020-02-08_13:15:09.877[Battery Energy]42.42
2020-02-08_13:15:09.877[Status]Routing Start.
2020-02-08_13:15:10.124[Status]{'id': 19, 'coordinate': [388.8517086182734, 624.66214960866]}
2020-02-08_13:15:10.124[Status]Routing 30: Walk: 30
2020-02-08_13:15:10.224[Battery Energy]42.19
2020-02-08_13:15:10.224[Status]Routing Start.
2020-02-08_13:15:10.530[Status]{'id': 19, 'coordinate': [397.44676557221584, 619.5508879289487]}
2020-02-08_13:15:10.530[Status]Routing 31: Walk: 31
2020-02-08_13:15:10.635[Battery Energy]41.90
2020-02-08_13:15:10.635[Status]Routing Start.
2020-02-08_13:15:10.963[Status]{'id': 19, 'coordinate': [406.0418225261583, 614.4396262492373]}
2020-02-08_13:15:10.963[Status]Routing 32: Walk: 32
2020-02-08_13:15:11.066[Battery Energy]41.55
2020-02-08_13:15:11.066[Status]Routing Start.
2020-02-08_13:15:11.391[Status]{'id': 19, 'coordinate': [414.63687948010073, 609.328364569526]}
2020-02-08_13:15:11.391[Status]Routing 33: Walk: 33
2020-02-08_13:15:11.494[Battery Energy]41.24
2020-02-08_13:15:11.494[Status]Routing Start.
2020-02-08_13:15:11.899[Status]{'id': 19, 'coordinate': [423.2319364340432, 604.2171028898147]}
2020-02-08_13:15:11.900[Status]Routing 34: Walk: 34
2020-02-08_13:15:12.004[Battery Energy]40.91
2020-02-08_13:15:12.004[Status]Routing Start.
2020-02-08_13:15:12.151[Status]{'id': 19, 'coordinate': [431.8269933879856, 599.1058412101033]}
2020-02-08_13:15:12.151[Status]Routing 35: Walk: 35
2020-02-08_13:15:12.258[Battery Energy]40.70
2020-02-08_13:15:12.258[Status]Routing Start.
2020-02-08_13:15:12.411[Status]{'id': 19, 'coordinate': [440.42205034192807, 593.994579530392]}
2020-02-08_13:15:12.411[Status]Routing 36: Walk: 36
2020-02-08_13:15:12.514[Battery Energy]40.47
2020-02-08_13:15:12.514[Status]Routing Start.
2020-02-08_13:15:12.848[Status]{'id': 19, 'coordinate': [449.0171072958705, 588.8833178506807]}
2020-02-08_13:15:12.848[Status]Routing 37: Walk: 37
2020-02-08_13:15:12.954[Battery Energy]40.16
2020-02-08_13:15:12.954[Status]Routing Start.
2020-02-08_13:15:13.153[Status]{'id': 19, 'coordinate': [457.61216424981296, 583.7720561709693]}
2020-02-08_13:15:13.153[Status]Routing 38: Walk: 38
2020-02-08_13:15:13.256[Battery Energy]39.93
2020-02-08_13:15:13.256[Status]Routing Start.
2020-02-08_13:15:13.406[Status]{'id': 19, 'coordinate': [466.2072212037554, 578.660794491258]}
2020-02-08_13:15:13.407[Status]Routing 39: Walk: 39
2020-02-08_13:15:13.518[Battery Energy]39.72
2020-02-08_13:15:13.518[Status]Routing Start.
2020-02-08_13:15:13.664[Status]{'id': 19, 'coordinate': [474.80227815769786, 573.5495328115467]}
2020-02-08_13:15:13.664[Status]Routing 40: Walk: 40
2020-02-08_13:15:13.770[Battery Energy]39.53
2020-02-08_13:15:13.770[Status]Routing Start.
2020-02-08_13:15:13.917[Status]{'id': 19, 'coordinate': [483.3973351116403, 568.4382711318353]}
2020-02-08_13:15:13.917[Status]Routing 41: Walk: 41
2020-02-08_13:15:14.017[Battery Energy]39.33
2020-02-08_13:15:14.017[Status]Routing Start.
2020-02-08_13:15:14.360[Status]{'id': 19, 'coordinate': [491.99239206558275, 563.327009452124]}
2020-02-08_13:15:14.361[Status]Routing 42: Walk: 42
2020-02-08_13:15:14.466[Battery Energy]39.03
2020-02-08_13:15:14.466[Status]Routing Start.
2020-02-08_13:15:14.769[Status]{'id': 19, 'coordinate': [500.5874490195252, 558.2157477724127]}
2020-02-08_13:15:14.769[Status]Routing 43: Walk: 43
2020-02-08_13:15:14.869[Battery Energy]38.71
2020-02-08_13:15:14.870[Status]Routing Start.
2020-02-08_13:15:15.337[Status]{'id': 19, 'coordinate': [509.18250597346764, 553.1044860927013]}
2020-02-08_13:15:15.337[Status]Routing 44: Walk: 44
2020-02-08_13:15:15.440[Battery Energy]38.25
2020-02-08_13:15:15.440[Status]Routing Start.
2020-02-08_13:15:15.726[Status]{'id': 19, 'coordinate': [517.7775629274101, 547.99322441299]}
2020-02-08_13:15:15.726[Status]Routing 45: Walk: 45
2020-02-08_13:15:15.826[Battery Energy]37.92
2020-02-08_13:15:15.826[Status]Routing Start.
2020-02-08_13:15:16.165[Status]{'id': 19, 'coordinate': [526.3726198813526, 542.8819627332787]}
2020-02-08_13:15:16.172[Status]Routing 46: Walk: 46
2020-02-08_13:15:16.273[Battery Energy]37.56
2020-02-08_13:15:16.273[Status]Routing Start.
2020-02-08_13:15:16.437[Status]{'id': 19, 'coordinate': [534.9676768352952, 537.7707010535673]}
2020-02-08_13:15:16.438[Status]Routing 47: Walk: 47
2020-02-08_13:15:16.539[Battery Energy]37.34
2020-02-08_13:15:16.539[Status]Routing Start.
2020-02-08_13:15:16.894[Status]{'id': 19, 'coordinate': [543.5627337892377, 532.659439373856]}
2020-02-08_13:15:16.894[Status]Routing 48: Walk: 48
2020-02-08_13:15:17.002[Battery Energy]37.04
2020-02-08_13:15:17.002[Status]Routing Start.
2020-02-08_13:15:17.328[Status]{'id': 19, 'coordinate': [552.1577907431802, 527.5481776941447]}
2020-02-08_13:15:17.328[Status]Routing 49: Walk: 49
2020-02-08_13:15:17.429[Battery Energy]36.75
2020-02-08_13:15:17.429[Status]Routing Start.
2020-02-08_13:15:17.752[Status]{'id': 19, 'coordinate': [560.7528476971227, 522.4369160144333]}
2020-02-08_13:15:17.752[Status]Routing 50: Walk: 50
2020-02-08_13:15:17.854[Battery Energy]36.47
2020-02-08_13:15:17.854[Status]Routing Start.
2020-02-08_13:15:18.167[Status]{'id': 19, 'coordinate': [569.3479046510652, 517.325654334722]}
2020-02-08_13:15:18.167[Status]Routing 51: Walk: 51
2020-02-08_13:15:18.267[Battery Energy]36.16
2020-02-08_13:15:18.267[Status]Routing Start.
2020-02-08_13:15:18.605[Status]{'id': 19, 'coordinate': [577.9429616050076, 512.2143926550107]}
2020-02-08_13:15:18.606[Status]Routing 52: Walk: 52
2020-02-08_13:15:18.709[Battery Energy]35.84
2020-02-08_13:15:18.709[Status]Routing Start.
2020-02-08_13:15:19.037[Status]{'id': 19, 'coordinate': [586.53801855895, 507.10313097529934]}
2020-02-08_13:15:19.037[Status]Routing 53: Walk: 53
2020-02-08_13:15:19.142[Battery Energy]35.49
2020-02-08_13:15:19.142[Status]Routing Start.
2020-02-08_13:15:19.461[Status]{'id': 19, 'coordinate': [595.1330755128923, 501.991869295588]}
2020-02-08_13:15:19.461[Status]Routing 54: Walk: 54
2020-02-08_13:15:19.561[Battery Energy]35.16
2020-02-08_13:15:19.561[Status]Routing Start.
2020-02-08_13:15:19.950[Status]{'id': 19, 'coordinate': [603.7281324668347, 496.88060761587667]}
2020-02-08_13:15:19.951[Status]Routing 55: Walk: 55
2020-02-08_13:15:20.051[Battery Energy]34.79
2020-02-08_13:15:20.051[Status]Routing Start.
2020-02-08_13:15:20.370[Status]{'id': 19, 'coordinate': [612.3231894207772, 491.76934593616534]}
2020-02-08_13:15:20.370[Status]Routing 56: Walk: 56
2020-02-08_13:15:20.478[Battery Energy]34.47
2020-02-08_13:15:20.478[Status]Routing Start.
2020-02-08_13:15:20.800[Status]{'id': 19, 'coordinate': [620.9182463747197, 486.658084256454]}
2020-02-08_13:15:20.802[Status]Routing 57: Walk: 57
2020-02-08_13:15:20.914[Battery Energy]34.11
2020-02-08_13:15:20.914[Status]Routing Start.
2020-02-08_13:15:21.216[Status]{'id': 19, 'coordinate': [629.5133033286622, 481.54682257674267]}
2020-02-08_13:15:21.216[Status]Routing 58: Walk: 58
2020-02-08_13:15:21.317[Battery Energy]33.82
2020-02-08_13:15:21.317[Status]Routing Start.
2020-02-08_13:15:21.528[Status]{'id': 19, 'coordinate': [638.1083602826047, 476.43556089703134]}
2020-02-08_13:15:21.528[Status]Routing 59: Walk: 59
2020-02-08_13:15:21.629[Battery Energy]33.60
2020-02-08_13:15:21.629[Status]Routing Start.
2020-02-08_13:15:21.950[Status]{'id': 19, 'coordinate': [646.860643859539, 481.2726604607086]}
2020-02-08_13:15:21.954[Status]Routing 60: Walk: 60
2020-02-08_13:15:22.054[Battery Energy]33.25
2020-02-08_13:15:22.054[Status]Routing Start.
2020-02-08_13:15:22.193[Status]{'id': 19, 'coordinate': [655.3793226561465, 476.03509312842266]}
2020-02-08_13:15:22.193[Status]Routing 61: Walk: 61
2020-02-08_13:15:22.294[Battery Energy]33.03
2020-02-08_13:15:22.294[Status]Routing Start.
2020-02-08_13:15:22.598[Status]{'id': 19, 'coordinate': [664.5110718086137, 480.110771895992]}
2020-02-08_13:15:22.598[Status]Routing 62: Walk: 62
2020-02-08_13:15:22.698[Battery Energy]32.67
2020-02-08_13:15:22.699[Status]Routing Start.
2020-02-08_13:15:22.845[Status]{'id': 19, 'coordinate': [672.9528943705557, 474.7502092545628]}
2020-02-08_13:15:22.845[Status]Routing 63: Walk: 63
2020-02-08_13:15:22.949[Battery Energy]32.46
2020-02-08_13:15:22.949[Status]Routing Start.
2020-02-08_13:15:23.245[Status]{'id': 19, 'coordinate': [681.3947169324977, 469.38964661313355]}
2020-02-08_13:15:23.245[Status]Routing 64: Walk: 64
2020-02-08_13:15:23.345[Battery Energy]32.10
2020-02-08_13:15:23.345[Status]Routing Start.
2020-02-08_13:15:23.683[Status]{'id': 19, 'coordinate': [689.8365394944396, 464.0290839717043]}
2020-02-08_13:15:23.683[Status]Routing 65: Walk: 65
2020-02-08_13:15:23.783[Battery Energy]31.70
2020-02-08_13:15:23.783[Status]Routing Start.
2020-02-08_13:15:24.099[Status]Routing 66: Walk: 65
2020-02-08_13:15:24.200[Battery Energy]31.41
2020-02-08_13:15:24.200[Status]Routing Start.
2020-02-08_13:15:24.527[Status]Routing 67: Walk: 65
2020-02-08_13:15:24.631[Battery Energy]31.09
2020-02-08_13:15:24.631[Status]Routing Start.
2020-02-08_13:15:24.978[Status]Routing 68: Walk: 65
2020-02-08_13:15:25.078[Battery Energy]30.81
2020-02-08_13:15:25.078[Status]Routing Start.
2020-02-08_13:15:25.440[Status]{'id': 19, 'coordinate': [698.2783620563816, 458.6685213302751]}
2020-02-08_13:15:25.440[Status]Routing 69: Walk: 66
2020-02-08_13:15:25.541[Battery Energy]30.39
2020-02-08_13:15:25.541[Status]Routing Start.
2020-02-08_13:15:25.684[Status]{'id': 19, 'coordinate': [706.7201846183236, 453.3079586888459]}
2020-02-08_13:15:25.684[Status]Routing 70: Walk: 67
2020-02-08_13:15:25.786[Battery Energy]30.18
2020-02-08_13:15:25.786[Status]Routing Start.
2020-02-08_13:15:26.107[Status]{'id': 19, 'coordinate': [715.1620071802656, 447.94739604741665]}
2020-02-08_13:15:26.107[Status]Routing 71: Walk: 68
2020-02-08_13:15:26.207[Battery Energy]29.89
2020-02-08_13:15:26.207[Status]Routing Start.
2020-02-08_13:15:26.356[Status]{'id': 19, 'coordinate': [723.6038297422076, 442.5868334059874]}
2020-02-08_13:15:26.356[Status]Routing 72: Walk: 69
2020-02-08_13:15:26.465[Battery Energy]29.66
2020-02-08_13:15:26.465[Status]Routing Start.
2020-02-08_13:15:26.847[Status]{'id': 19, 'coordinate': [732.0456523041496, 437.2262707645582]}
2020-02-08_13:15:26.847[Status]Routing 73: Walk: 70
2020-02-08_13:15:26.948[Battery Energy]29.31
2020-02-08_13:15:26.948[Status]Routing Start.
2020-02-08_13:15:27.471[Status]{'id': 19, 'coordinate': [740.4874748660916, 431.86570812312897]}
2020-02-08_13:15:27.471[Status]Routing 74: Walk: 71
2020-02-08_13:15:27.572[Battery Energy]28.84
2020-02-08_13:15:27.572[Status]Routing Start.
2020-02-08_13:15:27.713[Status]{'id': 19, 'coordinate': [748.9292974280336, 426.50514548169974]}
2020-02-08_13:15:27.713[Status]Routing 75: Walk: 72
2020-02-08_13:15:27.822[Battery Energy]28.63
2020-02-08_13:15:27.822[Status]Routing Start.
2020-02-08_13:15:28.144[Status]{'id': 19, 'coordinate': [757.3711199899756, 421.1445828402705]}
2020-02-08_13:15:28.144[Status]Routing 76: Walk: 73
2020-02-08_13:15:28.254[Battery Energy]28.30
2020-02-08_13:15:28.254[Status]Routing Start.
2020-02-08_13:15:28.388[Status]{'id': 19, 'coordinate': [765.8129425519176, 415.7840201988413]}
2020-02-08_13:15:28.392[Status]Routing 77: Walk: 74
2020-02-08_13:15:28.502[Battery Energy]28.11
2020-02-08_13:15:28.502[Status]Routing Start.
2020-02-08_13:15:28.811[Status]{'id': 19, 'coordinate': [774.2547651138595, 410.42345755741206]}
2020-02-08_13:15:28.811[Status]Routing 78: Walk: 75
2020-02-08_13:15:28.917[Battery Energy]27.82
2020-02-08_13:15:28.917[Status]Routing Start.
2020-02-08_13:15:29.261[Status]{'id': 19, 'coordinate': [782.6965876758015, 405.06289491598284]}
2020-02-08_13:15:29.261[Status]Routing 79: Walk: 76
2020-02-08_13:15:29.361[Battery Energy]27.48
2020-02-08_13:15:29.361[Status]Routing Start.
2020-02-08_13:15:29.659[Status]{'id': 19, 'coordinate': [791.1384102377435, 399.7023322745536]}
2020-02-08_13:15:29.659[Status]Routing 80: Walk: 77
2020-02-08_13:15:29.759[Battery Energy]27.18
2020-02-08_13:15:29.759[Status]Routing Start.
2020-02-08_13:15:30.078[Status]{'id': 19, 'coordinate': [799.5802327996855, 394.3417696331244]}
2020-02-08_13:15:30.080[Status]Routing 81: Walk: 78
2020-02-08_13:15:30.194[Battery Energy]26.82
2020-02-08_13:15:30.194[Status]Routing Start.
2020-02-08_13:15:30.358[Status]{'id': 19, 'coordinate': [808.0220553616275, 388.98120699169516]}
2020-02-08_13:15:30.358[Status]Routing 82: Walk: 79
2020-02-08_13:15:30.470[Battery Energy]26.61
2020-02-08_13:15:30.470[Status]Routing Start.
2020-02-08_13:15:30.607[Status]{'id': 19, 'coordinate': [816.4638779235695, 383.62064435026593]}
2020-02-08_13:15:30.607[Status]Routing 83: Walk: 80
2020-02-08_13:15:30.722[Battery Energy]26.41
2020-02-08_13:15:30.722[Status]Routing Start.
2020-02-08_13:15:30.851[Status]{'id': 19, 'coordinate': [824.9057004855115, 378.2600817088367]}
2020-02-08_13:15:30.852[Status]Routing 84: Walk: 81
2020-02-08_13:15:30.956[Battery Energy]26.21
2020-02-08_13:15:30.956[Status]Routing Start.
2020-02-08_13:15:31.131[Status]{'id': 19, 'coordinate': [833.3475230474535, 372.8995190674075]}
2020-02-08_13:15:31.131[Status]Routing 85: Walk: 82
2020-02-08_13:15:31.242[Battery Energy]25.99
2020-02-08_13:15:31.242[Status]Routing Start.
2020-02-08_13:15:31.378[Status]{'id': 19, 'coordinate': [841.7893456093955, 367.53895642597826]}
2020-02-08_13:15:31.379[Status]Routing 86: Walk: 83
2020-02-08_13:15:31.480[Battery Energy]25.77
2020-02-08_13:15:31.480[Status]Routing Start.
2020-02-08_13:15:31.638[Status]{'id': 19, 'coordinate': [850.2311681713375, 362.17839378454903]}
2020-02-08_13:15:31.639[Status]Routing 87: Walk: 84
2020-02-08_13:15:31.746[Battery Energy]25.54
2020-02-08_13:15:31.746[Status]Routing Start.
2020-02-08_13:15:31.902[Status]{'id': 19, 'coordinate': [858.6729907332794, 356.8178311431198]}
2020-02-08_13:15:31.902[Status]Routing 88: Walk: 85
2020-02-08_13:15:32.002[Battery Energy]25.32
2020-02-08_13:15:32.002[Status]Routing Start.
2020-02-08_13:15:32.155[Status]{'id': 19, 'coordinate': [867.1148132952214, 351.4572685016906]}
2020-02-08_13:15:32.155[Status]Routing 89: Walk: 86
2020-02-08_13:15:32.255[Battery Energy]25.12
2020-02-08_13:15:32.256[Status]Routing Start.
2020-02-08_13:15:32.493[Status]{'id': 19, 'coordinate': [875.5566358571634, 346.0967058602613]}
2020-02-08_13:15:32.493[Status]Routing 90: Walk: 87
2020-02-08_13:15:32.594[Battery Energy]24.87
2020-02-08_13:15:32.594[Status]Routing Start.
2020-02-08_13:15:32.772[Status]{'id': 19, 'coordinate': [883.9984584191054, 340.73614321883207]}
2020-02-08_13:15:32.772[Status]Routing 91: Walk: 88
2020-02-08_13:15:32.882[Battery Energy]24.64
2020-02-08_13:15:32.882[Status]Routing Start.
2020-02-08_13:15:33.019[Status]{'id': 19, 'coordinate': [892.4402809810474, 335.37558057740284]}
2020-02-08_13:15:33.019[Status]Routing 92: Walk: 89
2020-02-08_13:15:33.130[Battery Energy]24.43
2020-02-08_13:15:33.130[Status]Routing Start.
2020-02-08_13:15:33.301[Status]{'id': 19, 'coordinate': [900.8821035429894, 330.01501793597356]}
2020-02-08_13:15:33.301[Status]Routing 93: Walk: 90
2020-02-08_13:15:33.406[Battery Energy]24.24
2020-02-08_13:15:33.406[Status]Routing Start.
2020-02-08_13:15:33.544[Status]{'id': 19, 'coordinate': [909.3239261049314, 324.65445529454433]}
2020-02-08_13:15:33.544[Status]Routing 94: Walk: 91
2020-02-08_13:15:33.658[Battery Energy]24.06
2020-02-08_13:15:33.658[Status]Routing Start.
2020-02-08_13:15:33.829[Status]{'id': 19, 'coordinate': [917.7657486668734, 319.2938926531151]}
2020-02-08_13:15:33.829[Status]Routing 95: Walk: 92
2020-02-08_13:15:33.932[Battery Energy]23.86
2020-02-08_13:15:33.932[Status]Routing Start.
2020-02-08_13:15:34.244[Status]{'id': 19, 'coordinate': [926.2075712288154, 313.9333300116858]}
2020-02-08_13:15:34.245[Status]Routing 96: Walk: 93
2020-02-08_13:15:34.345[Battery Energy]23.56
2020-02-08_13:15:34.345[Status]Routing Start.
2020-02-08_13:15:34.686[Status]{'id': 19, 'coordinate': [934.6493937907574, 308.5727673702566]}
2020-02-08_13:15:34.686[Status]Routing 97: Walk: 94
2020-02-08_13:15:34.802[Battery Energy]23.25
2020-02-08_13:15:34.802[Status]Routing Start.
2020-02-08_13:15:35.124[Status]{'id': 19, 'coordinate': [943.0912163526993, 303.2122047288274]}
2020-02-08_13:15:35.124[Status]Routing 98: Walk: 95
2020-02-08_13:15:35.244[Battery Energy]22.91
2020-02-08_13:15:35.245[Status]Routing Start.
2020-02-08_13:15:35.566[Status]{'id': 19, 'coordinate': [951.5330389146413, 297.8516420873981]}
2020-02-08_13:15:35.566[Status]Routing 99: Walk: 96
2020-02-08_13:15:35.666[Battery Energy]22.61
2020-02-08_13:15:35.667[Status]Routing Start.
2020-02-08_13:15:35.909[Status]{'id': 19, 'coordinate': [959.9748614765833, 292.49107944596886]}
2020-02-08_13:15:35.909[Status]Routing 100: Walk: 97
2020-02-08_13:15:36.022[Battery Energy]22.34
2020-02-08_13:15:36.022[Status]Routing Start.
2020-02-08_13:15:36.277[Status]{'id': 19, 'coordinate': [968.4166840385253, 287.13051680453964]}
2020-02-08_13:15:36.277[Status]Routing 101: Walk: 98
2020-02-08_13:15:36.398[Battery Energy]22.06
2020-02-08_13:15:36.398[Status]Routing Start.
2020-02-08_13:15:36.533[Status]{'id': 19, 'coordinate': [976.8585066004673, 281.76995416311036]}
2020-02-08_13:15:36.534[Status]Routing 102: Walk: 99
2020-02-08_13:15:36.642[Battery Energy]21.85
2020-02-08_13:15:36.642[Status]Routing Start.
2020-02-08_13:15:36.960[Status]{'id': 19, 'coordinate': [985.3003291624093, 276.40939152168113]}
2020-02-08_13:15:36.960[Status]Routing 103: Walk: 100
2020-02-08_13:15:37.066[Battery Energy]21.53
2020-02-08_13:15:37.066[Status]Routing Start.
2020-02-08_13:15:37.208[Status]{'id': 19, 'coordinate': [993.7421517243513, 271.0488288802519]}
2020-02-08_13:15:37.209[Status]Routing 104: Walk: 101
2020-02-08_13:15:37.322[Battery Energy]21.33
2020-02-08_13:15:37.322[Status]Routing Start.
2020-02-08_13:15:37.536[Status]{'id': 19, 'coordinate': [1002.1839742862933, 265.6882662388226]}
2020-02-08_13:15:37.536[Status]Routing 105: Walk: 102
2020-02-08_13:15:37.654[Battery Energy]21.09
2020-02-08_13:15:37.654[Status]Routing Start.
2020-02-08_13:15:37.888[Status]{'id': 19, 'coordinate': [1010.6257968482353, 260.32770359739334]}
2020-02-08_13:15:37.888[Status]Routing 106: Walk: 103
2020-02-08_13:15:38.002[Battery Energy]20.85
2020-02-08_13:15:38.002[Status]Routing Start.
2020-02-08_13:15:38.136[Status]{'id': 19, 'coordinate': [1019.0676194101773, 254.96714095596408]}
2020-02-08_13:15:38.136[Status]Routing 107: Walk: 104
2020-02-08_13:15:38.246[Battery Energy]20.66
2020-02-08_13:15:38.246[Status]Routing Start.
2020-02-08_13:15:38.403[Status]{'id': 19, 'coordinate': [1027.5094419721192, 249.60657831453483]}
2020-02-08_13:15:38.403[Status]Routing 108: Walk: 105
2020-02-08_13:15:38.506[Battery Energy]20.45
2020-02-08_13:15:38.506[Status]Routing Start.
2020-02-08_13:15:38.696[Status]{'id': 19, 'coordinate': [1035.9512645340612, 244.24601567310557]}
2020-02-08_13:15:38.696[Status]Routing 109: Walk: 106
2020-02-08_13:15:38.802[Battery Energy]20.21
2020-02-08_13:15:38.802[Status]Routing Start.
2020-02-08_13:15:38.930[Status]{'id': 19, 'coordinate': [1044.3930870960032, 238.88545303167632]}
2020-02-08_13:15:38.930[Status]Routing 110: Walk: 107
2020-02-08_13:15:39.042[Battery Energy]20.01
2020-02-08_13:15:39.042[Status]Routing Start.
2020-02-08_13:15:39.176[Status]{'id': 19, 'coordinate': [1052.8349096579452, 233.52489039024707]}
2020-02-08_13:15:39.176[Status]Routing 111: Walk: 108
2020-02-08_13:15:39.282[Battery Energy]19.80
2020-02-08_13:15:39.282[Status]Routing Start.
2020-02-08_13:15:39.424[Status]{'id': 19, 'coordinate': [1061.2767322198872, 228.1643277488178]}
2020-02-08_13:15:39.424[Status]Routing 112: Walk: 109
2020-02-08_13:15:39.525[Battery Energy]19.59
2020-02-08_13:15:39.525[Status]Routing Start.
2020-02-08_13:15:39.682[Status]{'id': 19, 'coordinate': [1069.7185547818292, 222.80376510738856]}
2020-02-08_13:15:39.682[Status]Routing 113: Walk: 110
2020-02-08_13:15:39.788[Battery Energy]19.37
2020-02-08_13:15:39.788[Status]Routing Start.
2020-02-08_13:15:39.935[Status]{'id': 19, 'coordinate': [1078.1603773437712, 217.4432024659593]}
2020-02-08_13:15:39.935[Status]Routing 114: Walk: 111
2020-02-08_13:15:40.035[Battery Energy]19.18
2020-02-08_13:15:40.035[Status]Routing Start.
2020-02-08_13:15:40.303[Status]{'id': 19, 'coordinate': [1086.6021999057132, 212.08263982453005]}
2020-02-08_13:15:40.303[Status]Routing 115: Walk: 112
2020-02-08_13:15:40.410[Battery Energy]18.91
2020-02-08_13:15:40.410[Status]Routing Start.
2020-02-08_13:15:40.551[Status]{'id': 19, 'coordinate': [1095.0440224676552, 206.7220771831008]}
2020-02-08_13:15:40.553[Status]Routing 116: Walk: 113
2020-02-08_13:15:40.658[Battery Energy]18.71
2020-02-08_13:15:40.658[Status]Routing Start.
2020-02-08_13:15:40.795[Status]{'id': 19, 'coordinate': [1103.4858450295972, 201.36151454167157]}
2020-02-08_13:15:40.795[Status]Routing 117: Walk: 114
2020-02-08_13:15:40.895[Battery Energy]18.50
2020-02-08_13:15:40.896[Status]Routing Start.
2020-02-08_13:15:41.047[Status]{'id': 19, 'coordinate': [1111.9276675915391, 196.00095190024234]}
2020-02-08_13:15:41.047[Status]Routing 118: Walk: 115
2020-02-08_13:15:41.147[Battery Energy]18.30
2020-02-08_13:15:41.148[Status]Routing Start.
2020-02-08_13:15:41.328[Status]{'id': 19, 'coordinate': [1120.3694901534811, 190.64038925881312]}
2020-02-08_13:15:41.328[Status]Routing 119: Walk: 116
2020-02-08_13:15:41.432[Battery Energy]18.09
2020-02-08_13:15:41.432[Status]Routing Start.
2020-02-08_13:15:41.668[Status]{'id': 19, 'coordinate': [1128.8113127154231, 185.2798266173839]}
2020-02-08_13:15:41.670[Status]Routing 120: Walk: 117
2020-02-08_13:15:41.782[Battery Energy]17.84
2020-02-08_13:15:41.782[Status]Routing Start.
2020-02-08_13:15:42.024[Status]{'id': 19, 'coordinate': [1137.2531352773651, 179.91926397595466]}
2020-02-08_13:15:42.024[Status]Routing 121: Walk: 118
2020-02-08_13:15:42.138[Battery Energy]17.57
2020-02-08_13:15:42.138[Status]Routing Start.
2020-02-08_13:15:42.138[Status]Task Finished.
2020-02-08_13:15:42.238[Battery Energy]17.57
2020-02-08_13:15:42.393[Status]Routing 123: Walk: 118
2020-02-08_13:15:42.502[Battery Energy]17.45
2020-02-08_13:15:42.647[Status]Routing 124: Walk: 118
2020-02-08_13:15:42.756[Battery Energy]17.37
2020-02-08_13:15:43.042[Status]Routing 125: Walk: 118
2020-02-08_13:15:43.150[Battery Energy]17.20
2020-02-08_13:15:43.459[Status]Routing 126: Walk: 118
2020-02-08_13:15:43.559[Battery Energy]16.98
2020-02-08_13:15:43.724[Status]Routing 127: Walk: 118
2020-02-08_13:15:43.825[Battery Energy]16.88
2020-02-08_13:15:44.158[Status]Routing 128: Walk: 118
2020-02-08_13:15:44.286[Battery Energy]16.67
2020-02-08_13:15:44.403[Status]Routing 129: Walk: 118
2020-02-08_13:15:44.505[Battery Energy]16.59
2020-02-08_13:15:44.646[Status]Routing 130: Walk: 118
2020-02-08_13:15:44.747[Battery Energy]16.47
2020-02-08_13:15:44.909[Status]Routing 131: Walk: 118
2020-02-08_13:15:45.026[Battery Energy]16.36
2020-02-08_13:15:45.154[Status]Routing 132: Walk: 118
2020-02-08_13:15:45.266[Battery Energy]16.26
2020-02-08_13:15:45.411[Status]Routing 133: Walk: 118
2020-02-08_13:15:45.526[Battery Energy]16.14
2020-02-08_13:15:45.657[Status]Routing 134: Walk: 118
2020-02-08_13:15:45.757[Battery Energy]16.03
2020-02-08_13:15:45.923[Status]Routing 135: Walk: 118
2020-02-08_13:15:46.030[Battery Energy]15.90
2020-02-08_13:15:46.195[Status]Routing 136: Walk: 118
2020-02-08_13:15:46.310[Battery Energy]15.77
2020-02-08_13:15:46.445[Status]Routing 137: Walk: 118
2020-02-08_13:15:46.558[Battery Energy]15.65
2020-02-08_13:15:46.794[Status]Routing 138: Walk: 118
2020-02-08_13:15:46.895[Battery Energy]15.50
2020-02-08_13:15:47.035[Status]Routing 139: Walk: 118
2020-02-08_13:15:47.136[Battery Energy]15.40
2020-02-08_13:15:47.278[Status]Routing 140: Walk: 118
2020-02-08_13:15:47.380[Battery Energy]15.31
2020-02-08_13:15:47.563[Status]Routing 141: Walk: 118
2020-02-08_13:15:47.666[Battery Energy]15.21
2020-02-08_13:15:47.813[Status]Routing 142: Walk: 118
2020-02-08_13:15:47.920[Battery Energy]15.11
2020-02-08_13:15:48.089[Status]Routing 143: Walk: 118
2020-02-08_13:15:48.201[Battery Energy]15.00
2020-02-08_13:15:48.338[Status]Routing 144: Walk: 118
2020-02-08_13:15:48.438[Battery Energy]14.89
2020-02-08_13:15:48.620[Status]Routing 145: Walk: 118
2020-02-08_13:15:48.730[Battery Energy]14.81
2020-02-08_13:15:48.866[Status]Routing 146: Walk: 118
2020-02-08_13:15:48.974[Battery Energy]14.69
2020-02-08_13:15:49.219[Status]Routing 147: Walk: 118
2020-02-08_13:15:49.330[Battery Energy]14.54
2020-02-08_13:15:49.471[Status]Routing 148: Walk: 118
2020-02-08_13:15:49.582[Battery Energy]14.44
2020-02-08_13:15:49.720[Status]Routing 149: Walk: 118
2020-02-08_13:15:49.824[Battery Energy]14.34
2020-02-08_13:15:49.976[Status]Routing 150: Walk: 118
2020-02-08_13:15:50.076[Battery Energy]14.23
2020-02-08_13:15:50.244[Status]Routing 151: Walk: 118
2020-02-08_13:15:50.358[Battery Energy]14.11
2020-02-08_13:15:50.513[Status]Routing 152: Walk: 118
2020-02-08_13:15:50.613[Battery Energy]13.99
2020-02-08_13:15:50.776[Status]Routing 153: Walk: 118
2020-02-08_13:15:50.886[Battery Energy]13.88
2020-02-08_13:15:51.019[Status]Routing 154: Walk: 118
2020-02-08_13:15:51.119[Battery Energy]13.77
2020-02-08_13:15:51.274[Status]Routing 155: Walk: 118
2020-02-08_13:15:51.374[Battery Energy]13.65
2020-02-08_13:15:51.529[Status]Routing 156: Walk: 118
2020-02-08_13:15:51.629[Battery Energy]13.53
2020-02-08_13:15:51.803[Status]Routing 157: Walk: 118
2020-02-08_13:15:51.906[Battery Energy]13.43
2020-02-08_13:15:52.079[Status]Routing 158: Walk: 118
2020-02-08_13:15:52.179[Battery Energy]13.29
2020-02-08_13:15:52.345[Status]Routing 159: Walk: 118
2020-02-08_13:15:52.458[Battery Energy]13.17
2020-02-08_13:15:52.591[Status]Routing 160: Walk: 118
2020-02-08_13:15:52.691[Battery Energy]13.05
2020-02-08_13:15:52.832[Status]Routing 161: Walk: 118
2020-02-08_13:15:52.938[Battery Energy]12.95
2020-02-08_13:15:53.072[Status]Routing 162: Walk: 118
2020-02-08_13:15:53.172[Battery Energy]12.83
2020-02-08_13:15:53.320[Status]Routing 163: Walk: 118
2020-02-08_13:15:53.420[Battery Energy]12.71
2020-02-08_13:15:53.560[Status]Routing 164: Walk: 118
2020-02-08_13:15:53.674[Battery Energy]12.62
2020-02-08_13:15:53.808[Status]Routing 165: Walk: 118
2020-02-08_13:15:53.909[Battery Energy]12.53
2020-02-08_13:15:54.056[Status]Routing 166: Walk: 118
2020-02-08_13:15:54.157[Battery Energy]12.43
2020-02-08_13:15:54.299[Status]Routing 167: Walk: 118
2020-02-08_13:15:54.402[Battery Energy]12.32
2020-02-08_13:15:54.553[Status]Routing 168: Walk: 118
2020-02-08_13:15:54.662[Battery Energy]12.22
2020-02-08_13:15:54.782[Status]Routing 169: Walk: 118
2020-02-08_13:15:54.914[Battery Energy]12.14
2020-02-08_13:15:55.045[Status]Routing 170: Walk: 118
2020-02-08_13:15:55.158[Battery Energy]12.06
2020-02-08_13:15:55.299[Status]Routing 171: Walk: 118
2020-02-08_13:15:55.400[Battery Energy]11.94
2020-02-08_13:15:55.558[Status]Routing 172: Walk: 118
2020-02-08_13:15:55.662[Battery Energy]11.84
2020-02-08_13:15:55.818[Status]Routing 173: Walk: 118
2020-02-08_13:15:55.918[Battery Energy]11.74
2020-02-08_13:15:56.051[Status]Routing 174: Walk: 118
2020-02-08_13:15:56.158[Battery Energy]11.63
2020-02-08_13:15:56.300[Status]Routing 175: Walk: 118
2020-02-08_13:15:56.400[Battery Energy]11.54
2020-02-08_13:15:56.561[Status]Routing 176: Walk: 118
2020-02-08_13:15:56.666[Battery Energy]11.43
2020-02-08_13:15:56.847[Status]Routing 177: Walk: 118
2020-02-08_13:15:56.954[Battery Energy]11.31
2020-02-08_13:15:57.101[Status]Routing 178: Walk: 118
2020-02-08_13:15:57.202[Battery Energy]11.22
2020-02-08_13:15:57.350[Status]Routing 179: Walk: 118
2020-02-08_13:15:57.458[Battery Energy]11.10
2020-02-08_13:15:57.650[Status]Routing 180: Walk: 118
2020-02-08_13:15:57.751[Battery Energy]10.99
2020-02-08_13:15:57.896[Status]Routing 181: Walk: 118
2020-02-08_13:15:58.006[Battery Energy]10.87
2020-02-08_13:15:58.174[Status]Routing 182: Walk: 118
2020-02-08_13:15:58.276[Battery Energy]10.74
2020-02-08_13:15:58.437[Status]Routing 183: Walk: 118
2020-02-08_13:15:58.538[Battery Energy]10.62
2020-02-08_13:15:58.710[Status]Routing 184: Walk: 118
2020-02-08_13:15:58.818[Battery Energy]10.49
2020-02-08_13:15:58.971[Status]Routing 185: Walk: 118
2020-02-08_13:15:59.071[Battery Energy]10.37
2020-02-08_13:15:59.204[Status]Routing 186: Walk: 118
2020-02-08_13:15:59.304[Battery Energy]10.25
2020-02-08_13:15:59.460[Status]Routing 187: Walk: 118
2020-02-08_13:15:59.560[Battery Energy]10.15
2020-02-08_13:15:59.718[Status]Routing 188: Walk: 118
2020-02-08_13:15:59.818[Battery Energy]10.05
2020-02-08_13:16:00.009[Status]Routing 189: Walk: 118
2020-02-08_13:16:00.110[Battery Energy]9.92
2020-02-08_13:16:00.255[Status]Routing 190: Walk: 118
2020-02-08_13:16:00.362[Battery Energy]9.81
2020-02-08_13:16:00.536[Status]Routing 191: Walk: 118
2020-02-08_13:16:00.646[Battery Energy]9.70
2020-02-08_13:16:00.790[Status]Routing 192: Walk: 118
2020-02-08_13:16:00.898[Battery Energy]9.61
2020-02-08_13:16:01.071[Status]Routing 193: Walk: 118
2020-02-08_13:16:01.171[Battery Energy]9.52
2020-02-08_13:16:01.325[Status]Routing 194: Walk: 118
2020-02-08_13:16:01.425[Battery Energy]9.42
2020-02-08_13:16:01.592[Status]Routing 195: Walk: 118
2020-02-08_13:16:01.702[Battery Energy]9.31
2020-02-08_13:16:01.847[Status]Routing 196: Walk: 118
2020-02-08_13:16:01.948[Battery Energy]9.21
2020-02-08_13:16:02.097[Status]Routing 197: Walk: 118
2020-02-08_13:16:02.210[Battery Energy]9.11
2020-02-08_13:16:02.374[Status]Routing 198: Walk: 118
2020-02-08_13:16:02.485[Battery Energy]8.99
2020-02-08_13:16:02.624[Status]Routing 199: Walk: 118
2020-02-08_13:16:02.738[Battery Energy]8.87
2020-02-08_13:16:02.901[Status]Routing 200: Walk: 118
2020-02-08_13:16:03.007[Battery Energy]8.74
2020-02-08_13:16:03.214[Status]Routing 201: Walk: 118
2020-02-08_13:16:03.322[Battery Energy]8.60
2020-02-08_13:16:03.495[Status]Routing 202: Walk: 118
2020-02-08_13:16:03.606[Battery Energy]8.48
2020-02-08_13:16:03.829[Status]Routing 203: Walk: 118
2020-02-08_13:16:03.930[Battery Energy]8.34
2020-02-08_13:16:04.097[Status]Routing 204: Walk: 118
2020-02-08_13:16:04.202[Battery Energy]8.26
2020-02-08_13:16:04.388[Status]Routing 205: Walk: 118
2020-02-08_13:16:04.490[Battery Energy]8.16
