2020-02-08_13:26:12.891[Status]Start.
2020-02-08_13:26:12.892[Battery Energy]118.00
2020-02-08_13:26:13.993[Battery Energy]117.96
2020-02-08_13:26:15.094[Battery Energy]117.92
2020-02-08_13:26:16.195[Battery Energy]117.88
2020-02-08_13:26:17.296[Battery Energy]117.84
2020-02-08_13:26:18.398[Task]A New Task Released.
2020-02-08_13:26:18.398[Battery Energy]117.80
2020-02-08_13:26:18.398[Status]Selection Start.
2020-02-08_13:26:22.691[Status]Selection End: Do Task 1.
2020-02-08_13:26:22.792[Battery Energy]114.98
2020-02-08_13:26:22.792[Status]Formation Start.
2020-02-08_13:26:22.958[Status]Formation End: To Position 4.
2020-02-08_13:26:23.058[Battery Energy]114.82
2020-02-08_13:26:23.058[Status]Routing Start.
2020-02-08_13:26:23.236[Status]{'id': 8, 'coordinate': [65.9981292664791, 676.806580324749]}
2020-02-08_13:26:23.236[Status]Routing 1: Walk: 1
2020-02-08_13:26:23.337[Battery Energy]114.61
2020-02-08_13:26:23.337[Status]Routing Start.
2020-02-08_13:26:23.500[Status]{'id': 8, 'coordinate': [75.9962585329582, 676.613160649498]}
2020-02-08_13:26:23.500[Status]Routing 2: Walk: 2
2020-02-08_13:26:23.605[Battery Energy]114.37
2020-02-08_13:26:23.605[Status]Routing Start.
2020-02-08_13:26:23.759[Status]{'id': 8, 'coordinate': [85.99438779943729, 676.419740974247]}
2020-02-08_13:26:23.759[Status]Routing 3: Walk: 3
2020-02-08_13:26:23.870[Battery Energy]114.14
2020-02-08_13:26:23.870[Status]Routing Start.
2020-02-08_13:26:24.011[Status]{'id': 8, 'coordinate': [95.99251706591639, 676.226321298996]}
2020-02-08_13:26:24.011[Status]Routing 4: Walk: 4
2020-02-08_13:26:24.118[Battery Energy]113.95
2020-02-08_13:26:24.118[Status]Routing Start.
2020-02-08_13:26:24.274[Status]{'id': 8, 'coordinate': [105.99064633239549, 676.032901623745]}
2020-02-08_13:26:24.274[Status]Routing 5: Walk: 5
2020-02-08_13:26:24.376[Battery Energy]113.75
2020-02-08_13:26:24.376[Status]Routing Start.
2020-02-08_13:26:24.554[Status]{'id': 8, 'coordinate': [115.98877559887458, 675.839481948494]}
2020-02-08_13:26:24.554[Status]Routing 6: Walk: 6
2020-02-08_13:26:24.658[Battery Energy]113.52
2020-02-08_13:26:24.658[Status]Routing Start.
2020-02-08_13:26:24.971[Status]{'id': 8, 'coordinate': [125.98690486535368, 675.646062273243]}
2020-02-08_13:26:24.972[Status]Routing 7: Walk: 7
2020-02-08_13:26:25.073[Battery Energy]113.19
2020-02-08_13:26:25.073[Status]Routing Start.
2020-02-08_13:26:25.438[Status]{'id': 8, 'coordinate': [135.98503413183278, 675.452642597992]}
2020-02-08_13:26:25.438[Status]Routing 8: Walk: 8
2020-02-08_13:26:25.540[Battery Energy]112.89
2020-02-08_13:26:25.540[Status]Routing Start.
2020-02-08_13:26:25.785[Status]{'id': 8, 'coordinate': [145.98316339831186, 675.2592229227411]}
2020-02-08_13:26:25.785[Status]Routing 9: Walk: 9
2020-02-08_13:26:25.888[Battery Energy]112.60
2020-02-08_13:26:25.888[Status]Routing Start.
2020-02-08_13:26:26.222[Status]{'id': 8, 'coordinate': [155.98129266479094, 675.0658032474901]}
2020-02-08_13:26:26.222[Status]Routing 10: Walk: 10
2020-02-08_13:26:26.330[Battery Energy]112.29
2020-02-08_13:26:26.330[Status]Routing Start.
2020-02-08_13:26:26.642[Status]{'id': 8, 'coordinate': [165.97942193127002, 674.8723835722391]}
2020-02-08_13:26:26.642[Status]Routing 11: Walk: 11
2020-02-08_13:26:26.750[Battery Energy]111.96
2020-02-08_13:26:26.750[Status]Routing Start.
2020-02-08_13:26:27.058[Status]{'id': 8, 'coordinate': [175.9775511977491, 674.6789638969881]}
2020-02-08_13:26:27.058[Status]Routing 12: Walk: 12
2020-02-08_13:26:27.163[Battery Energy]111.68
2020-02-08_13:26:27.164[Status]Routing Start.
2020-02-08_13:26:27.496[Status]{'id': 8, 'coordinate': [185.9756804642282, 674.4855442217371]}
2020-02-08_13:26:27.496[Status]Routing 13: Walk: 13
2020-02-08_13:26:27.596[Battery Energy]111.35
2020-02-08_13:26:27.596[Status]Routing Start.
2020-02-08_13:26:27.903[Status]{'id': 8, 'coordinate': [195.97380973070727, 674.2921245464861]}
2020-02-08_13:26:27.903[Status]Routing 14: Walk: 14
2020-02-08_13:26:28.004[Battery Energy]111.09
2020-02-08_13:26:28.004[Status]Routing Start.
2020-02-08_13:26:28.333[Status]{'id': 8, 'coordinate': [205.97193899718636, 674.0987048712351]}
2020-02-08_13:26:28.333[Status]Routing 15: Walk: 15
2020-02-08_13:26:28.437[Battery Energy]110.75
2020-02-08_13:26:28.437[Status]Routing Start.
2020-02-08_13:26:28.739[Status]{'id': 8, 'coordinate': [215.97006826366544, 673.9052851959841]}
2020-02-08_13:26:28.739[Status]Routing 16: Walk: 16
2020-02-08_13:26:28.842[Battery Energy]110.45
2020-02-08_13:26:28.842[Status]Routing Start.
2020-02-08_13:26:29.210[Status]{'id': 8, 'coordinate': [225.96819753014452, 673.7118655207331]}
2020-02-08_13:26:29.210[Status]Routing 17: Walk: 17
2020-02-08_13:26:29.321[Battery Energy]110.09
2020-02-08_13:26:29.321[Status]Routing Start.
2020-02-08_13:26:29.699[Status]{'id': 8, 'coordinate': [235.9663267966236, 673.5184458454821]}
2020-02-08_13:26:29.699[Status]Routing 18: Walk: 18
2020-02-08_13:26:29.806[Battery Energy]109.72
2020-02-08_13:26:29.806[Status]Routing Start.
2020-02-08_13:26:30.113[Status]{'id': 8, 'coordinate': [245.9644560631027, 673.3250261702311]}
2020-02-08_13:26:30.113[Status]Routing 19: Walk: 19
2020-02-08_13:26:30.218[Battery Energy]109.43
2020-02-08_13:26:30.218[Status]Routing Start.
2020-02-08_13:26:30.707[Status]{'id': 8, 'coordinate': [241.44651016257075, 682.2462460890464]}
2020-02-08_13:26:30.707[Status]Routing 20: Walk: 20
2020-02-08_13:26:30.807[Battery Energy]108.96
2020-02-08_13:26:30.807[Status]Routing Start.
2020-02-08_13:26:30.989[Status]{'id': 8, 'coordinate': [251.44215660944397, 681.9512001449787]}
2020-02-08_13:26:30.989[Status]Routing 21: Walk: 21
2020-02-08_13:26:31.098[Battery Energy]108.72
2020-02-08_13:26:31.098[Status]Routing Start.
2020-02-08_13:26:31.567[Status]{'id': 8, 'coordinate': [248.9750455752042, 691.6420908751816]}
2020-02-08_13:26:31.587[Status]Routing 22: Walk: 22
2020-02-08_13:26:31.688[Battery Energy]108.26
2020-02-08_13:26:31.688[Status]Routing Start.
2020-02-08_13:26:32.009[Status]{'id': 8, 'coordinate': [252.02142090513883, 701.1667744578086]}
2020-02-08_13:26:32.009[Status]Routing 23: Walk: 23
2020-02-08_13:26:32.114[Battery Energy]107.92
2020-02-08_13:26:32.114[Status]Routing Start.
2020-02-08_13:26:32.314[Status]{'id': 8, 'coordinate': [262.00796126381556, 700.6481111137009]}
2020-02-08_13:26:32.314[Status]Routing 24: Walk: 24
2020-02-08_13:26:32.414[Battery Energy]107.68
2020-02-08_13:26:32.414[Status]Routing Start.
2020-02-08_13:26:32.706[Status]{'id': 8, 'coordinate': [271.9945016224923, 700.1294477695932]}
2020-02-08_13:26:32.706[Status]Routing 25: Walk: 25
2020-02-08_13:26:32.808[Battery Energy]107.40
2020-02-08_13:26:32.808[Status]Routing Start.
2020-02-08_13:26:33.135[Status]{'id': 8, 'coordinate': [281.981041981169, 699.6107844254855]}
2020-02-08_13:26:33.135[Status]Routing 26: Walk: 26
2020-02-08_13:26:33.238[Battery Energy]107.06
2020-02-08_13:26:33.238[Status]Routing Start.
2020-02-08_13:26:33.537[Status]{'id': 8, 'coordinate': [291.96758233984576, 699.0921210813777]}
2020-02-08_13:26:33.537[Status]Routing 27: Walk: 27
2020-02-08_13:26:33.643[Battery Energy]106.74
2020-02-08_13:26:33.644[Status]Routing Start.
2020-02-08_13:26:33.810[Status]{'id': 8, 'coordinate': [301.9541226985225, 698.57345773727]}
2020-02-08_13:26:33.811[Status]Routing 28: Walk: 28
2020-02-08_13:26:33.911[Battery Energy]106.52
2020-02-08_13:26:33.911[Status]Routing Start.
2020-02-08_13:26:34.166[Status]{'id': 8, 'coordinate': [311.94066305719923, 698.0547943931623]}
2020-02-08_13:26:34.166[Status]Routing 29: Walk: 29
2020-02-08_13:26:34.270[Battery Energy]106.23
2020-02-08_13:26:34.270[Status]Routing Start.
2020-02-08_13:26:34.432[Status]{'id': 8, 'coordinate': [321.92720341587597, 697.5361310490546]}
2020-02-08_13:26:34.432[Status]Routing 30: Walk: 30
2020-02-08_13:26:34.532[Battery Energy]106.02
2020-02-08_13:26:34.533[Status]Routing Start.
2020-02-08_13:26:34.691[Status]{'id': 8, 'coordinate': [331.9137437745527, 697.0174677049469]}
2020-02-08_13:26:34.691[Status]Routing 31: Walk: 31
2020-02-08_13:26:34.792[Battery Energy]105.79
2020-02-08_13:26:34.792[Status]Routing Start.
2020-02-08_13:26:35.031[Status]{'id': 8, 'coordinate': [341.90028413322943, 696.4988043608391]}
2020-02-08_13:26:35.034[Status]Routing 32: Walk: 32
2020-02-08_13:26:35.154[Battery Energy]105.53
2020-02-08_13:26:35.154[Status]Routing Start.
2020-02-08_13:26:35.485[Status]{'id': 8, 'coordinate': [351.88682449190617, 695.9801410167314]}
2020-02-08_13:26:35.485[Status]Routing 33: Walk: 33
2020-02-08_13:26:35.590[Battery Energy]105.18
2020-02-08_13:26:35.590[Status]Routing Start.
2020-02-08_13:26:35.848[Status]{'id': 8, 'coordinate': [361.8733648505829, 695.4614776726237]}
2020-02-08_13:26:35.848[Status]Routing 34: Walk: 34
2020-02-08_13:26:35.950[Battery Energy]104.90
2020-02-08_13:26:35.950[Status]Routing Start.
2020-02-08_13:26:36.312[Status]{'id': 8, 'coordinate': [371.85990520925964, 694.942814328516]}
2020-02-08_13:26:36.312[Status]Routing 35: Walk: 35
2020-02-08_13:26:36.422[Battery Energy]104.54
2020-02-08_13:26:36.422[Status]Routing Start.
2020-02-08_13:26:36.709[Status]{'id': 8, 'coordinate': [381.84644556793637, 694.4241509844082]}
2020-02-08_13:26:36.709[Status]Routing 36: Walk: 36
2020-02-08_13:26:36.809[Battery Energy]104.23
2020-02-08_13:26:36.809[Status]Routing Start.
2020-02-08_13:26:37.172[Status]{'id': 8, 'coordinate': [391.8329859266131, 693.9054876403005]}
2020-02-08_13:26:37.175[Status]Routing 37: Walk: 37
2020-02-08_13:26:37.276[Battery Energy]103.90
2020-02-08_13:26:37.276[Status]Routing Start.
2020-02-08_13:26:37.622[Status]{'id': 8, 'coordinate': [401.81952628528984, 693.3868242961928]}
2020-02-08_13:26:37.622[Status]Routing 38: Walk: 38
2020-02-08_13:26:37.742[Battery Energy]103.60
2020-02-08_13:26:37.742[Status]Routing Start.
2020-02-08_13:26:37.896[Status]{'id': 8, 'coordinate': [411.8060666439666, 692.8681609520851]}
2020-02-08_13:26:37.896[Status]Routing 39: Walk: 39
2020-02-08_13:26:37.997[Battery Energy]103.40
2020-02-08_13:26:37.997[Status]Routing Start.
2020-02-08_13:26:38.188[Status]{'id': 8, 'coordinate': [421.7926070026433, 692.3494976079774]}
2020-02-08_13:26:38.191[Status]Routing 40: Walk: 40
2020-02-08_13:26:38.298[Battery Energy]103.19
2020-02-08_13:26:38.298[Status]Routing Start.
2020-02-08_13:26:38.454[Status]{'id': 8, 'coordinate': [431.77914736132004, 691.8308342638696]}
2020-02-08_13:26:38.455[Status]Routing 41: Walk: 41
2020-02-08_13:26:38.558[Battery Energy]103.00
2020-02-08_13:26:38.558[Status]Routing Start.
2020-02-08_13:26:38.698[Status]{'id': 8, 'coordinate': [441.7656877199968, 691.3121709197619]}
2020-02-08_13:26:38.698[Status]Routing 42: Walk: 42
2020-02-08_13:26:38.806[Battery Energy]102.78
2020-02-08_13:26:38.806[Status]Routing Start.
2020-02-08_13:26:38.939[Status]{'id': 8, 'coordinate': [451.7522280786735, 690.7935075756542]}
2020-02-08_13:26:38.939[Status]Routing 43: Walk: 43
2020-02-08_13:26:39.039[Battery Energy]102.58
2020-02-08_13:26:39.039[Status]Routing Start.
2020-02-08_13:26:39.178[Status]{'id': 8, 'coordinate': [461.73876843735025, 690.2748442315465]}
2020-02-08_13:26:39.180[Status]Routing 44: Walk: 44
2020-02-08_13:26:39.281[Battery Energy]102.39
2020-02-08_13:26:39.281[Status]Routing Start.
2020-02-08_13:26:39.603[Status]{'id': 8, 'coordinate': [471.725308796027, 689.7561808874387]}
2020-02-08_13:26:39.604[Status]Routing 45: Walk: 45
2020-02-08_13:26:39.705[Battery Energy]102.06
2020-02-08_13:26:39.705[Status]Routing Start.
2020-02-08_13:26:39.866[Status]{'id': 8, 'coordinate': [481.7118491547037, 689.237517543331]}
2020-02-08_13:26:39.867[Status]Routing 46: Walk: 46
2020-02-08_13:26:39.974[Battery Energy]101.88
2020-02-08_13:26:39.974[Status]Routing Start.
2020-02-08_13:26:40.300[Status]{'id': 8, 'coordinate': [491.69838951338045, 688.7188541992233]}
2020-02-08_13:26:40.300[Status]Routing 47: Walk: 47
2020-02-08_13:26:40.401[Battery Energy]101.57
2020-02-08_13:26:40.401[Status]Routing Start.
2020-02-08_13:26:40.736[Status]{'id': 8, 'coordinate': [501.6849298720572, 688.2001908551156]}
2020-02-08_13:26:40.736[Status]Routing 48: Walk: 48
2020-02-08_13:26:40.836[Battery Energy]101.22
2020-02-08_13:26:40.836[Status]Routing Start.
2020-02-08_13:26:41.178[Status]{'id': 8, 'coordinate': [511.6714702307339, 687.6815275110079]}
2020-02-08_13:26:41.178[Status]Routing 49: Walk: 49
2020-02-08_13:26:41.280[Battery Energy]100.87
2020-02-08_13:26:41.280[Status]Routing Start.
2020-02-08_13:26:41.562[Status]{'id': 8, 'coordinate': [521.6580105894107, 687.1628641669001]}
2020-02-08_13:26:41.563[Status]Routing 50: Walk: 50
2020-02-08_13:26:41.668[Battery Energy]100.57
2020-02-08_13:26:41.668[Status]Routing Start.
2020-02-08_13:26:42.014[Status]{'id': 8, 'coordinate': [531.6445509480874, 686.6442008227924]}
2020-02-08_13:26:42.014[Status]Routing 51: Walk: 51
2020-02-08_13:26:42.118[Battery Energy]100.23
2020-02-08_13:26:42.118[Status]Routing Start.
2020-02-08_13:26:42.265[Status]{'id': 8, 'coordinate': [541.6310913067641, 686.1255374786847]}
2020-02-08_13:26:42.265[Status]Routing 52: Walk: 52
2020-02-08_13:26:42.374[Battery Energy]100.04
2020-02-08_13:26:42.374[Status]Routing Start.
2020-02-08_13:26:42.546[Status]{'id': 8, 'coordinate': [551.6176316654409, 685.606874134577]}
2020-02-08_13:26:42.546[Status]Routing 53: Walk: 53
2020-02-08_13:26:42.647[Battery Energy]99.86
2020-02-08_13:26:42.647[Status]Routing Start.
2020-02-08_13:26:42.802[Status]{'id': 8, 'coordinate': [561.6041720241176, 685.0882107904692]}
2020-02-08_13:26:42.806[Status]Routing 54: Walk: 54
2020-02-08_13:26:42.910[Battery Energy]99.64
2020-02-08_13:26:42.910[Status]Routing Start.
2020-02-08_13:26:43.053[Status]{'id': 8, 'coordinate': [571.5907123827943, 684.5695474463615]}
2020-02-08_13:26:43.055[Status]Routing 55: Walk: 55
2020-02-08_13:26:43.166[Battery Energy]99.43
2020-02-08_13:26:43.166[Status]Routing Start.
2020-02-08_13:26:43.477[Status]{'id': 8, 'coordinate': [581.577252741471, 684.0508841022538]}
2020-02-08_13:26:43.479[Status]Routing 56: Walk: 56
2020-02-08_13:26:43.586[Battery Energy]99.13
2020-02-08_13:26:43.586[Status]Routing Start.
2020-02-08_13:26:43.851[Status]{'id': 8, 'coordinate': [591.5637931001478, 683.5322207581461]}
2020-02-08_13:26:43.856[Status]Routing 57: Walk: 57
2020-02-08_13:26:43.956[Battery Energy]98.86
2020-02-08_13:26:43.957[Status]Routing Start.
2020-02-08_13:26:44.333[Status]{'id': 8, 'coordinate': [601.5503334588245, 683.0135574140384]}
2020-02-08_13:26:44.333[Status]Routing 58: Walk: 58
2020-02-08_13:26:44.433[Battery Energy]98.47
2020-02-08_13:26:44.433[Status]Routing Start.
2020-02-08_13:26:44.776[Status]{'id': 8, 'coordinate': [611.5368738175013, 682.4948940699306]}
2020-02-08_13:26:44.777[Status]Routing 59: Walk: 59
2020-02-08_13:26:44.886[Battery Energy]98.13
2020-02-08_13:26:44.886[Status]Routing Start.
2020-02-08_13:26:45.252[Status]{'id': 8, 'coordinate': [621.523414176178, 681.9762307258229]}
2020-02-08_13:26:45.252[Status]Routing 60: Walk: 60
2020-02-08_13:26:45.361[Battery Energy]97.80
2020-02-08_13:26:45.370[Status]Routing Start.
2020-02-08_13:26:45.647[Status]{'id': 8, 'coordinate': [631.5099545348547, 681.4575673817152]}
2020-02-08_13:26:45.647[Status]Routing 61: Walk: 61
2020-02-08_13:26:45.750[Battery Energy]97.55
2020-02-08_13:26:45.750[Status]Routing Start.
2020-02-08_13:26:45.895[Status]{'id': 8, 'coordinate': [641.4964948935315, 680.9389040376075]}
2020-02-08_13:26:45.896[Status]Routing 62: Walk: 62
2020-02-08_13:26:45.996[Battery Energy]97.35
2020-02-08_13:26:45.996[Status]Routing Start.
2020-02-08_13:26:46.299[Status]{'id': 8, 'coordinate': [651.4830352522082, 680.4202406934997]}
2020-02-08_13:26:46.299[Status]Routing 63: Walk: 63
2020-02-08_13:26:46.406[Battery Energy]97.05
2020-02-08_13:26:46.406[Status]Routing Start.
2020-02-08_13:26:46.656[Status]{'id': 8, 'coordinate': [661.4695756108849, 679.901577349392]}
2020-02-08_13:26:46.656[Status]Routing 64: Walk: 64
2020-02-08_13:26:46.758[Battery Energy]96.80
2020-02-08_13:26:46.758[Status]Routing Start.
2020-02-08_13:26:47.083[Status]{'id': 8, 'coordinate': [671.4561159695617, 679.3829140052843]}
2020-02-08_13:26:47.083[Status]Routing 65: Walk: 65
2020-02-08_13:26:47.188[Battery Energy]96.44
2020-02-08_13:26:47.188[Status]Routing Start.
2020-02-08_13:26:47.575[Status]{'id': 8, 'coordinate': [681.4426563282384, 678.8642506611766]}
2020-02-08_13:26:47.575[Status]Routing 66: Walk: 66
2020-02-08_13:26:47.678[Battery Energy]96.04
2020-02-08_13:26:47.678[Status]Routing Start.
2020-02-08_13:26:47.854[Status]{'id': 8, 'coordinate': [691.4291966869151, 678.3455873170689]}
2020-02-08_13:26:47.854[Status]Routing 67: Walk: 67
2020-02-08_13:26:47.955[Battery Energy]95.81
2020-02-08_13:26:47.955[Status]Routing Start.
2020-02-08_13:26:48.286[Status]{'id': 8, 'coordinate': [701.4157370455919, 677.8269239729611]}
2020-02-08_13:26:48.286[Status]Routing 68: Walk: 68
2020-02-08_13:26:48.387[Battery Energy]95.49
2020-02-08_13:26:48.387[Status]Routing Start.
2020-02-08_13:26:48.737[Status]{'id': 8, 'coordinate': [711.4022774042686, 677.3082606288534]}
2020-02-08_13:26:48.737[Status]Routing 69: Walk: 69
2020-02-08_13:26:48.842[Battery Energy]95.16
2020-02-08_13:26:48.842[Status]Routing Start.
2020-02-08_13:26:49.165[Status]{'id': 8, 'coordinate': [721.3888177629453, 676.7895972847457]}
2020-02-08_13:26:49.168[Status]Routing 70: Walk: 70
2020-02-08_13:26:49.278[Battery Energy]94.82
2020-02-08_13:26:49.278[Status]Routing Start.
2020-02-08_13:26:49.577[Status]{'id': 8, 'coordinate': [731.3753581216221, 676.270933940638]}
2020-02-08_13:26:49.580[Status]Routing 71: Walk: 71
2020-02-08_13:26:49.686[Battery Energy]94.51
2020-02-08_13:26:49.686[Status]Routing Start.
2020-02-08_13:26:50.013[Status]{'id': 8, 'coordinate': [741.3618984802988, 675.7522705965303]}
2020-02-08_13:26:50.013[Status]Routing 72: Walk: 72
2020-02-08_13:26:50.113[Battery Energy]94.15
2020-02-08_13:26:50.113[Status]Routing Start.
2020-02-08_13:26:50.479[Status]{'id': 8, 'coordinate': [751.3484388389755, 675.2336072524225]}
2020-02-08_13:26:50.479[Status]Routing 73: Walk: 73
2020-02-08_13:26:50.582[Battery Energy]93.78
2020-02-08_13:26:50.582[Status]Routing Start.
2020-02-08_13:26:50.903[Status]{'id': 8, 'coordinate': [761.3349791976523, 674.7149439083149]}
2020-02-08_13:26:50.903[Status]Routing 74: Walk: 74
2020-02-08_13:26:51.006[Battery Energy]93.46
2020-02-08_13:26:51.006[Status]Routing Start.
2020-02-08_13:26:51.283[Status]{'id': 8, 'coordinate': [771.321519556329, 674.1962805642072]}
2020-02-08_13:26:51.284[Status]Routing 75: Walk: 75
2020-02-08_13:26:51.384[Battery Energy]93.16
2020-02-08_13:26:51.384[Status]Routing Start.
2020-02-08_13:26:51.548[Status]{'id': 8, 'coordinate': [781.3080599150057, 673.6776172200996]}
2020-02-08_13:26:51.548[Status]Routing 76: Walk: 76
2020-02-08_13:26:51.657[Battery Energy]92.96
2020-02-08_13:26:51.657[Status]Routing Start.
2020-02-08_13:26:51.821[Status]{'id': 8, 'coordinate': [791.2946002736825, 673.1589538759919]}
2020-02-08_13:26:51.821[Status]Routing 77: Walk: 77
2020-02-08_13:26:51.930[Battery Energy]92.74
2020-02-08_13:26:51.930[Status]Routing Start.
2020-02-08_13:26:52.255[Status]{'id': 8, 'coordinate': [801.2811406323592, 672.6402905318843]}
2020-02-08_13:26:52.255[Status]Routing 78: Walk: 78
2020-02-08_13:26:52.356[Battery Energy]92.43
2020-02-08_13:26:52.356[Status]Routing Start.
2020-02-08_13:26:52.525[Status]{'id': 8, 'coordinate': [811.267680991036, 672.1216271877765]}
2020-02-08_13:26:52.525[Status]Routing 79: Walk: 79
2020-02-08_13:26:52.625[Battery Energy]92.19
2020-02-08_13:26:52.625[Status]Routing Start.
2020-02-08_13:26:52.974[Status]{'id': 8, 'coordinate': [821.2542213497127, 671.6029638436689]}
2020-02-08_13:26:52.974[Status]Routing 80: Walk: 80
2020-02-08_13:26:53.075[Battery Energy]91.88
2020-02-08_13:26:53.075[Status]Routing Start.
2020-02-08_13:26:53.373[Status]{'id': 8, 'coordinate': [831.2407617083894, 671.0843004995612]}
2020-02-08_13:26:53.373[Status]Routing 81: Walk: 81
2020-02-08_13:26:53.482[Battery Energy]91.58
2020-02-08_13:26:53.482[Status]Routing Start.
2020-02-08_13:26:53.636[Status]{'id': 8, 'coordinate': [841.2273020670661, 670.5656371554536]}
2020-02-08_13:26:53.637[Status]Routing 82: Walk: 82
2020-02-08_13:26:53.746[Battery Energy]91.38
2020-02-08_13:26:53.746[Status]Routing Start.
2020-02-08_13:26:53.895[Status]{'id': 8, 'coordinate': [851.2138424257429, 670.0469738113459]}
2020-02-08_13:26:53.895[Status]Routing 83: Walk: 83
2020-02-08_13:26:53.995[Battery Energy]91.17
2020-02-08_13:26:53.995[Status]Routing Start.
2020-02-08_13:26:54.288[Status]{'id': 8, 'coordinate': [861.2003827844196, 669.5283104672383]}
2020-02-08_13:26:54.288[Status]Routing 84: Walk: 84
2020-02-08_13:26:54.394[Battery Energy]90.90
2020-02-08_13:26:54.394[Status]Routing Start.
2020-02-08_13:26:54.753[Status]{'id': 8, 'coordinate': [871.1869231430964, 669.0096471231305]}
2020-02-08_13:26:54.753[Status]Routing 85: Walk: 85
2020-02-08_13:26:54.870[Battery Energy]90.55
2020-02-08_13:26:54.870[Status]Routing Start.
2020-02-08_13:26:55.182[Status]{'id': 8, 'coordinate': [881.1734635017731, 668.4909837790228]}
2020-02-08_13:26:55.182[Status]Routing 86: Walk: 86
2020-02-08_13:26:55.282[Battery Energy]90.24
2020-02-08_13:26:55.282[Status]Routing Start.
2020-02-08_13:26:55.470[Status]{'id': 8, 'coordinate': [891.1600038604498, 667.9723204349152]}
2020-02-08_13:26:55.470[Status]Routing 87: Walk: 87
2020-02-08_13:26:55.570[Battery Energy]90.03
2020-02-08_13:26:55.570[Status]Routing Start.
2020-02-08_13:26:55.737[Status]{'id': 8, 'coordinate': [901.1465442191266, 667.4536570908075]}
2020-02-08_13:26:55.737[Status]Routing 88: Walk: 88
2020-02-08_13:26:55.837[Battery Energy]89.81
2020-02-08_13:26:55.837[Status]Routing Start.
2020-02-08_13:26:56.075[Status]{'id': 8, 'coordinate': [911.1330845778033, 666.9349937466999]}
2020-02-08_13:26:56.075[Status]Routing 89: Walk: 89
2020-02-08_13:26:56.180[Battery Energy]89.56
2020-02-08_13:26:56.180[Status]Routing Start.
2020-02-08_13:26:56.496[Status]{'id': 8, 'coordinate': [921.11962493648, 666.4163304025922]}
2020-02-08_13:26:56.496[Status]Routing 90: Walk: 90
2020-02-08_13:26:56.602[Battery Energy]89.21
2020-02-08_13:26:56.602[Status]Routing Start.
2020-02-08_13:26:56.746[Status]{'id': 8, 'coordinate': [931.1061652951568, 665.8976670584846]}
2020-02-08_13:26:56.746[Status]Routing 91: Walk: 91
2020-02-08_13:26:56.846[Battery Energy]89.01
2020-02-08_13:26:56.846[Status]Routing Start.
2020-02-08_13:26:57.170[Status]{'id': 8, 'coordinate': [941.0927056538335, 665.3790037143768]}
2020-02-08_13:26:57.170[Status]Routing 92: Walk: 92
2020-02-08_13:26:57.282[Battery Energy]88.69
2020-02-08_13:26:57.282[Status]Routing Start.
2020-02-08_13:26:57.593[Status]{'id': 8, 'coordinate': [951.0792460125102, 664.8603403702692]}
2020-02-08_13:26:57.593[Status]Routing 93: Walk: 93
2020-02-08_13:26:57.693[Battery Energy]88.39
2020-02-08_13:26:57.694[Status]Routing Start.
2020-02-08_13:26:58.015[Status]{'id': 8, 'coordinate': [961.065786371187, 664.3416770261615]}
2020-02-08_13:26:58.015[Status]Routing 94: Walk: 94
2020-02-08_13:26:58.122[Battery Energy]88.09
2020-02-08_13:26:58.122[Status]Routing Start.
2020-02-08_13:26:58.270[Status]{'id': 8, 'coordinate': [971.0523267298637, 663.8230136820539]}
2020-02-08_13:26:58.270[Status]Routing 95: Walk: 95
2020-02-08_13:26:58.370[Battery Energy]87.87
2020-02-08_13:26:58.370[Status]Routing Start.
2020-02-08_13:26:58.517[Status]{'id': 8, 'coordinate': [981.0388670885404, 663.3043503379462]}
2020-02-08_13:26:58.518[Status]Routing 96: Walk: 96
2020-02-08_13:26:58.619[Battery Energy]87.67
2020-02-08_13:26:58.619[Status]Routing Start.
2020-02-08_13:26:58.853[Status]{'id': 8, 'coordinate': [991.0254074472172, 662.7856869938386]}
2020-02-08_13:26:58.853[Status]Routing 97: Walk: 97
2020-02-08_13:26:58.970[Battery Energy]87.40
2020-02-08_13:26:58.970[Status]Routing Start.
2020-02-08_13:26:59.211[Status]{'id': 8, 'coordinate': [1001.0119478058939, 662.2670236497308]}
2020-02-08_13:26:59.211[Status]Routing 98: Walk: 98
2020-02-08_13:26:59.311[Battery Energy]87.13
2020-02-08_13:26:59.311[Status]Routing Start.
2020-02-08_13:26:59.472[Status]{'id': 8, 'coordinate': [1010.9984881645706, 661.7483603056232]}
2020-02-08_13:26:59.472[Status]Routing 99: Walk: 99
2020-02-08_13:26:59.572[Battery Energy]86.91
2020-02-08_13:26:59.572[Status]Routing Start.
2020-02-08_13:26:59.868[Status]{'id': 8, 'coordinate': [1020.9850285232474, 661.2296969615155]}
2020-02-08_13:26:59.868[Status]Routing 100: Walk: 100
2020-02-08_13:26:59.969[Battery Energy]86.64
2020-02-08_13:26:59.969[Status]Routing Start.
2020-02-08_13:27:00.318[Status]{'id': 8, 'coordinate': [1030.971568881924, 660.7110336174079]}
2020-02-08_13:27:00.318[Status]Routing 101: Walk: 101
2020-02-08_13:27:00.430[Battery Energy]86.29
2020-02-08_13:27:00.430[Status]Routing Start.
2020-02-08_13:27:00.571[Status]{'id': 8, 'coordinate': [1040.9581092406006, 660.1923702733002]}
2020-02-08_13:27:00.572[Status]Routing 102: Walk: 102
2020-02-08_13:27:00.678[Battery Energy]86.06
2020-02-08_13:27:00.678[Status]Routing Start.
2020-02-08_13:27:01.052[Status]{'id': 8, 'coordinate': [1050.9446495992772, 659.6737069291926]}
2020-02-08_13:27:01.052[Status]Routing 103: Walk: 103
2020-02-08_13:27:01.158[Battery Energy]85.70
2020-02-08_13:27:01.158[Status]Routing Start.
2020-02-08_13:27:01.311[Status]{'id': 8, 'coordinate': [1060.9311899579538, 659.155043585085]}
2020-02-08_13:27:01.311[Status]Routing 104: Walk: 104
2020-02-08_13:27:01.422[Battery Energy]85.46
2020-02-08_13:27:01.422[Status]Routing Start.
2020-02-08_13:27:01.562[Status]{'id': 8, 'coordinate': [1070.9177303166305, 658.6363802409772]}
2020-02-08_13:27:01.562[Status]Routing 105: Walk: 105
2020-02-08_13:27:01.670[Battery Energy]85.25
2020-02-08_13:27:01.670[Status]Routing Start.
2020-02-08_13:27:01.794[Status]{'id': 8, 'coordinate': [1080.904270675307, 658.1177168968696]}
2020-02-08_13:27:01.794[Status]Routing 106: Walk: 106
2020-02-08_13:27:01.895[Battery Energy]85.05
2020-02-08_13:27:01.895[Status]Routing Start.
2020-02-08_13:27:02.049[Status]{'id': 8, 'coordinate': [1090.8908110339837, 657.5990535527619]}
2020-02-08_13:27:02.049[Status]Routing 107: Walk: 107
2020-02-08_13:27:02.149[Battery Energy]84.84
2020-02-08_13:27:02.150[Status]Routing Start.
2020-02-08_13:27:02.321[Status]{'id': 8, 'coordinate': [1100.8773513926603, 657.0803902086543]}
2020-02-08_13:27:02.321[Status]Routing 108: Walk: 108
2020-02-08_13:27:02.421[Battery Energy]84.63
2020-02-08_13:27:02.421[Status]Routing Start.
2020-02-08_13:27:02.421[Status]Task Finished.
2020-02-08_13:27:02.521[Battery Energy]84.63
2020-02-08_13:27:02.754[Status]Routing 110: Walk: 108
2020-02-08_13:27:02.862[Battery Energy]84.49
2020-02-08_13:27:03.179[Status]Routing 111: Walk: 108
2020-02-08_13:27:03.290[Battery Energy]84.27
2020-02-08_13:27:03.617[Status]Routing 112: Walk: 108
2020-02-08_13:27:03.726[Battery Energy]84.03
2020-02-08_13:27:04.042[Status]Routing 113: Walk: 108
2020-02-08_13:27:04.150[Battery Energy]83.79
2020-02-08_13:27:04.479[Status]Routing 114: Walk: 108
2020-02-08_13:27:04.590[Battery Energy]83.56
2020-02-08_13:27:04.915[Status]Routing 115: Walk: 108
2020-02-08_13:27:05.018[Battery Energy]83.30
2020-02-08_13:27:05.255[Status]Routing 116: Walk: 108
2020-02-08_13:27:05.355[Battery Energy]83.13
2020-02-08_13:27:05.530[Status]Routing 117: Walk: 108
2020-02-08_13:27:05.630[Battery Energy]83.00
2020-02-08_13:27:05.764[Status]Routing 118: Walk: 108
2020-02-08_13:27:05.864[Battery Energy]82.90
2020-02-08_13:27:06.214[Status]Routing 119: Walk: 108
2020-02-08_13:27:06.321[Battery Energy]82.67
2020-02-08_13:27:06.641[Status]Routing 120: Walk: 108
2020-02-08_13:27:06.745[Battery Energy]82.42
2020-02-08_13:27:07.063[Status]Routing 121: Walk: 108
2020-02-08_13:27:07.164[Battery Energy]82.19
2020-02-08_13:27:07.482[Status]Routing 122: Walk: 108
2020-02-08_13:27:07.585[Battery Energy]81.98
2020-02-08_13:27:07.910[Status]Routing 123: Walk: 108
2020-02-08_13:27:08.018[Battery Energy]81.75
2020-02-08_13:27:08.161[Status]Routing 124: Walk: 108
2020-02-08_13:27:08.264[Battery Energy]81.63
2020-02-08_13:27:08.628[Status]Routing 125: Walk: 108
2020-02-08_13:27:08.729[Battery Energy]81.38
2020-02-08_13:27:08.967[Status]Routing 126: Walk: 108
2020-02-08_13:27:09.070[Battery Energy]81.24
2020-02-08_13:27:09.376[Status]Routing 127: Walk: 108
2020-02-08_13:27:09.478[Battery Energy]81.01
2020-02-08_13:27:09.779[Status]Routing 128: Walk: 108
2020-02-08_13:27:09.879[Battery Energy]80.81
2020-02-08_13:27:10.199[Status]Routing 129: Walk: 108
2020-02-08_13:27:10.299[Battery Energy]80.61
2020-02-08_13:27:10.628[Status]Routing 130: Walk: 108
2020-02-08_13:27:10.728[Battery Energy]80.40
2020-02-08_13:27:11.070[Status]Routing 131: Walk: 108
2020-02-08_13:27:11.176[Battery Energy]80.23
2020-02-08_13:27:11.366[Status]Routing 132: Walk: 108
2020-02-08_13:27:11.467[Battery Energy]80.11
2020-02-08_13:27:11.720[Status]Routing 133: Walk: 108
2020-02-08_13:27:11.846[Battery Energy]79.92
2020-02-08_13:27:11.981[Status]Routing 134: Walk: 108
2020-02-08_13:27:12.081[Battery Energy]79.81
2020-02-08_13:27:12.328[Status]Routing 135: Walk: 108
2020-02-08_13:27:12.429[Battery Energy]79.64
2020-02-08_13:27:12.603[Status]Routing 136: Walk: 108
2020-02-08_13:27:12.714[Battery Energy]79.53
2020-02-08_13:27:12.878[Status]Routing 137: Walk: 108
2020-02-08_13:27:12.990[Battery Energy]79.43
2020-02-08_13:27:13.127[Status]Routing 138: Walk: 108
2020-02-08_13:27:13.234[Battery Energy]79.34
2020-02-08_13:27:13.411[Status]Routing 139: Walk: 108
2020-02-08_13:27:13.511[Battery Energy]79.20
2020-02-08_13:27:13.668[Status]Routing 140: Walk: 108
2020-02-08_13:27:13.774[Battery Energy]79.08
2020-02-08_13:27:13.918[Status]Routing 141: Walk: 108
2020-02-08_13:27:14.018[Battery Energy]78.97
2020-02-08_13:27:14.158[Status]Routing 142: Walk: 108
2020-02-08_13:27:14.258[Battery Energy]78.84
2020-02-08_13:27:14.415[Status]Routing 143: Walk: 108
2020-02-08_13:27:14.522[Battery Energy]78.73
2020-02-08_13:27:14.704[Status]Routing 144: Walk: 108
2020-02-08_13:27:14.805[Battery Energy]78.59
2020-02-08_13:27:15.013[Status]Routing 145: Walk: 108
2020-02-08_13:27:15.113[Battery Energy]78.45
2020-02-08_13:27:15.283[Status]Routing 146: Walk: 108
2020-02-08_13:27:15.388[Battery Energy]78.34
2020-02-08_13:27:15.533[Status]Routing 147: Walk: 108
2020-02-08_13:27:15.634[Battery Energy]78.23
2020-02-08_13:27:15.820[Status]Routing 148: Walk: 108
2020-02-08_13:27:15.927[Battery Energy]78.10
2020-02-08_13:27:16.057[Status]Routing 149: Walk: 108
2020-02-08_13:27:16.166[Battery Energy]78.00
2020-02-08_13:27:16.323[Status]Routing 150: Walk: 108
2020-02-08_13:27:16.429[Battery Energy]77.90
2020-02-08_13:27:16.576[Status]Routing 151: Walk: 108
2020-02-08_13:27:16.678[Battery Energy]77.78
2020-02-08_13:27:16.836[Status]Routing 152: Walk: 108
2020-02-08_13:27:16.936[Battery Energy]77.65
2020-02-08_13:27:17.084[Status]Routing 153: Walk: 108
2020-02-08_13:27:17.190[Battery Energy]77.54
2020-02-08_13:27:17.348[Status]Routing 154: Walk: 108
2020-02-08_13:27:17.448[Battery Energy]77.41
2020-02-08_13:27:17.605[Status]Routing 155: Walk: 108
2020-02-08_13:27:17.714[Battery Energy]77.27
2020-02-08_13:27:17.899[Status]Routing 156: Walk: 108
2020-02-08_13:27:17.999[Battery Energy]77.17
2020-02-08_13:27:18.173[Status]Routing 157: Walk: 108
2020-02-08_13:27:18.273[Battery Energy]77.07
2020-02-08_13:27:18.431[Status]Routing 158: Walk: 108
2020-02-08_13:27:18.542[Battery Energy]76.96
2020-02-08_13:27:18.693[Status]Routing 159: Walk: 108
2020-02-08_13:27:18.794[Battery Energy]76.87
2020-02-08_13:27:18.948[Status]Routing 160: Walk: 108
2020-02-08_13:27:19.058[Battery Energy]76.73
2020-02-08_13:27:19.214[Status]Routing 161: Walk: 108
2020-02-08_13:27:19.317[Battery Energy]76.60
2020-02-08_13:27:19.465[Status]Routing 162: Walk: 108
2020-02-08_13:27:19.566[Battery Energy]76.50
2020-02-08_13:27:19.741[Status]Routing 163: Walk: 108
2020-02-08_13:27:19.848[Battery Energy]76.36
2020-02-08_13:27:19.976[Status]Routing 164: Walk: 108
2020-02-08_13:27:20.076[Battery Energy]76.28
2020-02-08_13:27:20.239[Status]Routing 165: Walk: 108
2020-02-08_13:27:20.346[Battery Energy]76.16
2020-02-08_13:27:20.473[Status]Routing 166: Walk: 108
2020-02-08_13:27:20.590[Battery Energy]76.06
2020-02-08_13:27:20.757[Status]Routing 167: Walk: 108
2020-02-08_13:27:20.870[Battery Energy]75.94
2020-02-08_13:27:21.039[Status]Routing 168: Walk: 108
2020-02-08_13:27:21.140[Battery Energy]75.83
2020-02-08_13:27:21.283[Status]Routing 169: Walk: 108
2020-02-08_13:27:21.394[Battery Energy]75.73
2020-02-08_13:27:21.558[Status]Routing 170: Walk: 108
2020-02-08_13:27:21.674[Battery Energy]75.60
2020-02-08_13:27:21.811[Status]Routing 171: Walk: 108
2020-02-08_13:27:21.925[Battery Energy]75.49
2020-02-08_13:27:22.060[Status]Routing 172: Walk: 108
2020-02-08_13:27:22.170[Battery Energy]75.38
2020-02-08_13:27:22.321[Status]Routing 173: Walk: 108
2020-02-08_13:27:22.434[Battery Energy]75.27
2020-02-08_13:27:22.581[Status]Routing 174: Walk: 108
2020-02-08_13:27:22.682[Battery Energy]75.14
2020-02-08_13:27:22.859[Status]Routing 175: Walk: 108
2020-02-08_13:27:22.960[Battery Energy]75.05
2020-02-08_13:27:23.104[Status]Routing 176: Walk: 108
2020-02-08_13:27:23.210[Battery Energy]74.94
2020-02-08_13:27:23.369[Status]Routing 177: Walk: 108
2020-02-08_13:27:23.482[Battery Energy]74.85
2020-02-08_13:27:23.620[Status]Routing 178: Walk: 108
2020-02-08_13:27:23.720[Battery Energy]74.73
2020-02-08_13:27:23.870[Status]Routing 179: Walk: 108
2020-02-08_13:27:23.970[Battery Energy]74.63
2020-02-08_13:27:24.161[Status]Routing 180: Walk: 108
2020-02-08_13:27:24.262[Battery Energy]74.51
2020-02-08_13:27:24.457[Status]Routing 181: Walk: 108
2020-02-08_13:27:24.560[Battery Energy]74.38
2020-02-08_13:27:24.687[Status]Routing 182: Walk: 108
2020-02-08_13:27:24.787[Battery Energy]74.30
