2020-02-08_12:33:46.451[Status]Start.
2020-02-08_12:33:46.456[Battery Energy]74.00
2020-02-08_12:33:47.557[Battery Energy]73.96
2020-02-08_12:33:48.659[Battery Energy]73.92
2020-02-08_12:33:49.760[Battery Energy]73.88
2020-02-08_12:33:50.861[Battery Energy]73.84
2020-02-08_12:33:51.962[Task]A New Task Released.
2020-02-08_12:33:51.962[Battery Energy]73.80
2020-02-08_12:33:51.962[Status]Selection Start.
2020-02-08_12:33:54.500[Status]Selection End: Do Task 2.
2020-02-08_12:33:54.606[Battery Energy]72.26
2020-02-08_12:33:54.606[Status]Formation Start.
2020-02-08_12:33:54.782[Status]number of tasks is 7
2020-02-08_12:33:54.788[Status]my group tasks is [ 1059.42353462   243.24495385]
2020-02-08_12:33:54.803[Status]my group tasks is [ 1011.93217925   205.37186174]
2020-02-08_12:33:54.809[Status]my group tasks is [ 1011.93217925   144.62813826]
2020-02-08_12:33:54.825[Status]my group tasks is [ 1059.42353462   106.75504615]
2020-02-08_12:33:54.832[Status]my group tasks is [ 1118.64428613   120.27179623]
2020-02-08_12:33:54.833[Status]my group tasks is [ 1145.   175.]
2020-02-08_12:33:54.835[Status]my group tasks is [ 1118.64428613   229.72820377]
2020-02-08_12:33:54.857[Status]mygroup_robots_utility is {16: [19.24084902270257, 17.394321497359066, 19.335560667716866, 36.91833049669172, 16.899543875093258, 17.256547521316463, 36.53301547023735], 17: [16.993914677071125, 17.83779409747473, 18.759101586382805, 17.657570073902, 38.742772251158264, 33.841015110130364, 18.921923694832728], 18: [16.272416645951054, 17.169940250357993, 34.53320639159501, 16.164909407986553, 17.702205933302327, 15.47111658350878, 15.515036183238747], 19: [16.895272887301342, 17.126150269346205, 16.157788359261264, 17.48486026198566, 15.367811367341428, 15.262688337960872, 31.80135134874618], 20: [33.99195393977069, 34.86822824412521, 19.399158596109366, 38.8232255851493, 17.416020383487144, 18.483777754024366, 18.458460588424934], 14: [19.252305649435943, 33.666911877300244, 34.40971581825523, 19.17907128085734, 18.218201396985556, 34.622812947650274, 18.367182824530616], 15: [19.495327693192685, 35.913018996709674, 18.42049923486951, 19.529291076103462, 20.5097713490686, 20.493009196297034, 36.792602523729975]}
2020-02-08_12:33:54.858[Status]self.local_queue is [14, 15, 16, 17, 18, 19, 20]
2020-02-08_12:33:54.858[Status]task_chosen index is 5
2020-02-08_12:33:54.858[Status]task_chosen index is 6
2020-02-08_12:33:54.858[Status]myindex_in_queue is 6
2020-02-08_12:33:54.858[Status]task destination is [1118.6442861301114, 120.2717962272379]
2020-02-08_12:33:54.959[Battery Energy]72.11
2020-02-08_12:33:54.959[Status]Routing Start.
2020-02-08_12:33:55.127[Status]{'coordinate': [130.99084094094516, 162.57210130552457], 'id': 15}
2020-02-08_12:33:55.127[Status]Routing 1: Walk: 1
2020-02-08_12:33:55.231[Battery Energy]71.89
2020-02-08_12:33:55.231[Status]Routing Start.
2020-02-08_12:33:55.369[Status]{'coordinate': [140.98168188189032, 162.14420261104914], 'id': 15}
2020-02-08_12:33:55.369[Status]Routing 2: Walk: 2
2020-02-08_12:33:55.478[Battery Energy]71.67
2020-02-08_12:33:55.478[Status]Routing Start.
2020-02-08_12:33:55.630[Status]{'coordinate': [150.9725228228355, 161.7163039165737], 'id': 15}
2020-02-08_12:33:55.630[Status]Routing 3: Walk: 3
2020-02-08_12:33:55.743[Battery Energy]71.48
2020-02-08_12:33:55.743[Status]Routing Start.
2020-02-08_12:33:55.873[Status]{'coordinate': [160.96336376378065, 161.28840522209828], 'id': 15}
2020-02-08_12:33:55.873[Status]Routing 4: Walk: 4
2020-02-08_12:33:55.973[Battery Energy]71.29
2020-02-08_12:33:55.973[Status]Routing Start.
2020-02-08_12:33:56.110[Status]{'coordinate': [170.9542047047258, 160.86050652762285], 'id': 15}
2020-02-08_12:33:56.110[Status]Routing 5: Walk: 5
2020-02-08_12:33:56.210[Battery Energy]71.08
2020-02-08_12:33:56.210[Status]Routing Start.
2020-02-08_12:33:56.524[Status]{'coordinate': [180.94504564567097, 160.43260783314742], 'id': 15}
2020-02-08_12:33:56.524[Status]Routing 6: Walk: 6
2020-02-08_12:33:56.624[Battery Energy]70.70
2020-02-08_12:33:56.624[Status]Routing Start.
2020-02-08_12:33:56.943[Status]{'coordinate': [190.93588658661614, 160.00470913867198], 'id': 15}
2020-02-08_12:33:56.943[Status]Routing 7: Walk: 7
2020-02-08_12:33:57.043[Battery Energy]70.38
2020-02-08_12:33:57.043[Status]Routing Start.
2020-02-08_12:33:57.304[Status]{'coordinate': [200.9267275275613, 159.57681044419655], 'id': 15}
2020-02-08_12:33:57.304[Status]Routing 8: Walk: 8
2020-02-08_12:33:57.414[Battery Energy]70.07
2020-02-08_12:33:57.414[Status]Routing Start.
2020-02-08_12:33:57.708[Status]{'coordinate': [210.91756846850646, 159.14891174972112], 'id': 15}
2020-02-08_12:33:57.708[Status]Routing 9: Walk: 9
2020-02-08_12:33:57.814[Battery Energy]69.81
2020-02-08_12:33:57.814[Status]Routing Start.
2020-02-08_12:33:58.115[Status]{'coordinate': [220.90840940945162, 158.7210130552457], 'id': 15}
2020-02-08_12:33:58.115[Status]Routing 10: Walk: 10
2020-02-08_12:33:58.215[Battery Energy]69.52
2020-02-08_12:33:58.215[Status]Routing Start.
2020-02-08_12:33:58.524[Status]{'coordinate': [230.89925035039678, 158.29311436077026], 'id': 15}
2020-02-08_12:33:58.524[Status]Routing 11: Walk: 11
2020-02-08_12:33:58.625[Battery Energy]69.23
2020-02-08_12:33:58.625[Status]Routing Start.
2020-02-08_12:33:58.943[Status]{'coordinate': [240.89009129134195, 157.86521566629483], 'id': 15}
2020-02-08_12:33:58.943[Status]Routing 12: Walk: 12
2020-02-08_12:33:59.046[Battery Energy]68.90
2020-02-08_12:33:59.046[Status]Routing Start.
2020-02-08_12:33:59.384[Status]{'coordinate': [250.8809322322871, 157.4373169718194], 'id': 15}
2020-02-08_12:33:59.386[Status]Routing 13: Walk: 13
2020-02-08_12:33:59.487[Battery Energy]68.59
2020-02-08_12:33:59.487[Status]Routing Start.
2020-02-08_12:33:59.792[Status]{'coordinate': [260.87177317323227, 157.00941827734397], 'id': 15}
2020-02-08_12:33:59.793[Status]Routing 14: Walk: 14
2020-02-08_12:33:59.893[Battery Energy]68.27
2020-02-08_12:33:59.894[Status]Routing Start.
2020-02-08_12:34:00.197[Status]{'coordinate': [270.86261411417746, 156.58151958286854], 'id': 15}
2020-02-08_12:34:00.197[Status]Routing 15: Walk: 15
2020-02-08_12:34:00.298[Battery Energy]67.99
2020-02-08_12:34:00.298[Status]Routing Start.
2020-02-08_12:34:00.629[Status]{'coordinate': [280.85345505512265, 156.1536208883931], 'id': 15}
2020-02-08_12:34:00.631[Status]Routing 16: Walk: 16
2020-02-08_12:34:00.731[Battery Energy]67.64
2020-02-08_12:34:00.731[Status]Routing Start.
2020-02-08_12:34:01.125[Status]{'coordinate': [290.84429599606784, 155.72572219391768], 'id': 15}
2020-02-08_12:34:01.125[Status]Routing 17: Walk: 17
2020-02-08_12:34:01.225[Battery Energy]67.27
2020-02-08_12:34:01.225[Status]Routing Start.
2020-02-08_12:34:01.585[Status]{'coordinate': [300.83513693701303, 155.29782349944225], 'id': 15}
2020-02-08_12:34:01.585[Status]Routing 18: Walk: 18
2020-02-08_12:34:01.685[Battery Energy]66.95
2020-02-08_12:34:01.685[Status]Routing Start.
2020-02-08_12:34:01.867[Status]{'coordinate': [310.8259778779582, 154.8699248049668], 'id': 15}
2020-02-08_12:34:01.867[Status]Routing 19: Walk: 19
2020-02-08_12:34:01.970[Battery Energy]66.72
2020-02-08_12:34:01.970[Status]Routing Start.
2020-02-08_12:34:02.314[Status]{'coordinate': [320.8168188189034, 154.44202611049135], 'id': 15}
2020-02-08_12:34:02.314[Status]Routing 20: Walk: 20
2020-02-08_12:34:02.415[Battery Energy]66.38
2020-02-08_12:34:02.415[Status]Routing Start.
2020-02-08_12:34:02.748[Status]{'coordinate': [330.8076597598486, 154.0141274160159], 'id': 15}
2020-02-08_12:34:02.749[Status]Routing 21: Walk: 21
2020-02-08_12:34:02.850[Battery Energy]66.09
2020-02-08_12:34:02.850[Status]Routing Start.
2020-02-08_12:34:03.195[Status]{'coordinate': [340.7985007007938, 153.58622872154046], 'id': 15}
2020-02-08_12:34:03.197[Status]Routing 22: Walk: 22
2020-02-08_12:34:03.300[Battery Energy]65.75
2020-02-08_12:34:03.301[Status]Routing Start.
2020-02-08_12:34:03.659[Status]{'coordinate': [350.789341641739, 153.158330027065], 'id': 15}
2020-02-08_12:34:03.659[Status]Routing 23: Walk: 23
2020-02-08_12:34:03.759[Battery Energy]65.47
2020-02-08_12:34:03.759[Status]Routing Start.
2020-02-08_12:34:04.115[Status]{'coordinate': [360.7801825826842, 152.73043133258955], 'id': 15}
2020-02-08_12:34:04.116[Status]Routing 24: Walk: 24
2020-02-08_12:34:04.217[Battery Energy]65.17
2020-02-08_12:34:04.217[Status]Routing Start.
2020-02-08_12:34:04.587[Status]{'coordinate': [370.77102352362937, 152.30253263811412], 'id': 15}
2020-02-08_12:34:04.587[Status]Routing 25: Walk: 25
2020-02-08_12:34:04.693[Battery Energy]64.82
2020-02-08_12:34:04.693[Status]Routing Start.
2020-02-08_12:34:05.005[Status]{'coordinate': [380.76186446457456, 151.87463394363868], 'id': 15}
2020-02-08_12:34:05.008[Status]Routing 26: Walk: 26
2020-02-08_12:34:05.110[Battery Energy]64.50
2020-02-08_12:34:05.110[Status]Routing Start.
2020-02-08_12:34:05.443[Status]{'coordinate': [390.75270540551975, 151.44673524916323], 'id': 15}
2020-02-08_12:34:05.444[Status]Routing 27: Walk: 27
2020-02-08_12:34:05.554[Battery Energy]64.18
2020-02-08_12:34:05.554[Status]Routing Start.
2020-02-08_12:34:05.849[Status]{'coordinate': [400.74354634646494, 151.01883655468777], 'id': 15}
2020-02-08_12:34:05.850[Status]Routing 28: Walk: 28
2020-02-08_12:34:05.958[Battery Energy]63.86
2020-02-08_12:34:05.958[Status]Routing Start.
2020-02-08_12:34:06.280[Status]{'coordinate': [410.73438728741013, 150.59093786021234], 'id': 15}
2020-02-08_12:34:06.280[Status]Routing 29: Walk: 29
2020-02-08_12:34:06.386[Battery Energy]63.55
2020-02-08_12:34:06.386[Status]Routing Start.
2020-02-08_12:34:06.538[Status]{'coordinate': [420.7252282283553, 150.1630391657369], 'id': 15}
2020-02-08_12:34:06.538[Status]Routing 30: Walk: 30
2020-02-08_12:34:06.642[Battery Energy]63.35
2020-02-08_12:34:06.642[Status]Routing Start.
2020-02-08_12:34:07.013[Status]{'coordinate': [430.7160691693005, 149.73514047126145], 'id': 15}
2020-02-08_12:34:07.013[Status]Routing 31: Walk: 31
2020-02-08_12:34:07.118[Battery Energy]63.04
2020-02-08_12:34:07.118[Status]Routing Start.
2020-02-08_12:34:07.414[Status]{'coordinate': [440.7069101102457, 149.307241776786], 'id': 15}
2020-02-08_12:34:07.414[Status]Routing 32: Walk: 32
2020-02-08_12:34:07.526[Battery Energy]62.74
2020-02-08_12:34:07.526[Status]Routing Start.
2020-02-08_12:34:07.648[Status]{'coordinate': [450.6977510511909, 148.87934308231056], 'id': 15}
2020-02-08_12:34:07.648[Status]Routing 33: Walk: 33
2020-02-08_12:34:07.758[Battery Energy]62.55
2020-02-08_12:34:07.758[Status]Routing Start.
2020-02-08_12:34:08.086[Status]{'coordinate': [460.6885919921361, 148.4514443878351], 'id': 15}
2020-02-08_12:34:08.088[Status]Routing 34: Walk: 34
2020-02-08_12:34:08.193[Battery Energy]62.23
2020-02-08_12:34:08.193[Status]Routing Start.
2020-02-08_12:34:08.524[Status]{'coordinate': [470.6794329330813, 148.02354569335967], 'id': 15}
2020-02-08_12:34:08.525[Status]Routing 35: Walk: 35
2020-02-08_12:34:08.642[Battery Energy]61.91
2020-02-08_12:34:08.642[Status]Routing Start.
2020-02-08_12:34:08.965[Status]{'coordinate': [480.67027387402646, 147.5956469988842], 'id': 15}
2020-02-08_12:34:08.965[Status]Routing 36: Walk: 36
2020-02-08_12:34:09.078[Battery Energy]61.60
2020-02-08_12:34:09.078[Status]Routing Start.
2020-02-08_12:34:09.391[Status]{'coordinate': [490.66111481497165, 147.16774830440878], 'id': 15}
2020-02-08_12:34:09.391[Status]Routing 37: Walk: 37
2020-02-08_12:34:09.499[Battery Energy]61.31
2020-02-08_12:34:09.499[Status]Routing Start.
2020-02-08_12:34:09.662[Status]{'coordinate': [500.65195575591684, 146.73984960993332], 'id': 15}
2020-02-08_12:34:09.662[Status]Routing 38: Walk: 38
2020-02-08_12:34:09.766[Battery Energy]61.10
2020-02-08_12:34:09.766[Status]Routing Start.
2020-02-08_12:34:10.042[Status]{'coordinate': [510.64279669686204, 146.31195091545789], 'id': 15}
2020-02-08_12:34:10.042[Status]Routing 39: Walk: 39
2020-02-08_12:34:10.149[Battery Energy]60.83
2020-02-08_12:34:10.149[Status]Routing Start.
2020-02-08_12:34:10.453[Status]{'coordinate': [520.6336376378072, 145.88405222098243], 'id': 15}
2020-02-08_12:34:10.456[Status]Routing 40: Walk: 40
2020-02-08_12:34:10.558[Battery Energy]60.51
2020-02-08_12:34:10.558[Status]Routing Start.
2020-02-08_12:34:10.881[Status]{'coordinate': [530.6244785787524, 145.456153526507], 'id': 15}
2020-02-08_12:34:10.881[Status]Routing 41: Walk: 41
2020-02-08_12:34:10.998[Battery Energy]60.23
2020-02-08_12:34:10.998[Status]Routing Start.
2020-02-08_12:34:11.292[Status]{'coordinate': [540.6153195196976, 145.02825483203154], 'id': 15}
2020-02-08_12:34:11.292[Status]Routing 42: Walk: 42
2020-02-08_12:34:11.393[Battery Energy]59.93
2020-02-08_12:34:11.393[Status]Routing Start.
2020-02-08_12:34:11.587[Status]{'coordinate': [550.6061604606427, 144.6003561375561], 'id': 15}
2020-02-08_12:34:11.587[Status]Routing 43: Walk: 43
2020-02-08_12:34:11.702[Battery Energy]59.67
2020-02-08_12:34:11.702[Status]Routing Start.
2020-02-08_12:34:11.927[Status]{'coordinate': [560.5970014015879, 144.17245744308065], 'id': 15}
2020-02-08_12:34:11.927[Status]Routing 44: Walk: 44
2020-02-08_12:34:12.031[Battery Energy]59.41
2020-02-08_12:34:12.031[Status]Routing Start.
2020-02-08_12:34:12.199[Status]{'coordinate': [570.5878423425331, 143.7445587486052], 'id': 15}
2020-02-08_12:34:12.199[Status]Routing 45: Walk: 45
2020-02-08_12:34:12.306[Battery Energy]59.20
2020-02-08_12:34:12.306[Status]Routing Start.
2020-02-08_12:34:12.468[Status]{'coordinate': [580.5786832834783, 143.31666005412976], 'id': 15}
2020-02-08_12:34:12.468[Status]Routing 46: Walk: 46
2020-02-08_12:34:12.569[Battery Energy]59.00
2020-02-08_12:34:12.569[Status]Routing Start.
2020-02-08_12:34:12.726[Status]{'coordinate': [590.5695242244235, 142.88876135965432], 'id': 15}
2020-02-08_12:34:12.726[Status]Routing 47: Walk: 47
2020-02-08_12:34:12.838[Battery Energy]58.79
2020-02-08_12:34:12.838[Status]Routing Start.
2020-02-08_12:34:12.972[Status]{'coordinate': [600.5603651653687, 142.46086266517887], 'id': 15}
2020-02-08_12:34:12.972[Status]Routing 48: Walk: 48
2020-02-08_12:34:13.074[Battery Energy]58.61
2020-02-08_12:34:13.075[Status]Routing Start.
2020-02-08_12:34:13.241[Status]{'coordinate': [610.5512061063139, 142.0329639707034], 'id': 15}
2020-02-08_12:34:13.241[Status]Routing 49: Walk: 49
2020-02-08_12:34:13.358[Battery Energy]58.39
2020-02-08_12:34:13.358[Status]Routing Start.
2020-02-08_12:34:13.700[Status]{'coordinate': [620.5420470472591, 141.60506527622798], 'id': 15}
2020-02-08_12:34:13.700[Status]Routing 50: Walk: 50
2020-02-08_12:34:13.809[Battery Energy]58.07
2020-02-08_12:34:13.809[Status]Routing Start.
2020-02-08_12:34:13.946[Status]{'coordinate': [630.5328879882043, 141.17716658175252], 'id': 15}
2020-02-08_12:34:13.946[Status]Routing 51: Walk: 51
2020-02-08_12:34:14.057[Battery Energy]57.87
2020-02-08_12:34:14.057[Status]Routing Start.
2020-02-08_12:34:14.193[Status]{'coordinate': [640.5237289291495, 140.74926788727709], 'id': 15}
2020-02-08_12:34:14.193[Status]Routing 52: Walk: 52
2020-02-08_12:34:14.306[Battery Energy]57.66
2020-02-08_12:34:14.306[Status]Routing Start.
2020-02-08_12:34:14.451[Status]{'coordinate': [650.5145698700946, 140.32136919280163], 'id': 15}
2020-02-08_12:34:14.455[Status]Routing 53: Walk: 53
2020-02-08_12:34:14.558[Battery Energy]57.46
2020-02-08_12:34:14.558[Status]Routing Start.
2020-02-08_12:34:14.854[Status]{'coordinate': [660.5054108110398, 139.8934704983262], 'id': 15}
2020-02-08_12:34:14.854[Status]Routing 54: Walk: 54
2020-02-08_12:34:14.962[Battery Energy]57.16
2020-02-08_12:34:14.962[Status]Routing Start.
2020-02-08_12:34:15.257[Status]{'coordinate': [670.496251751985, 139.46557180385074], 'id': 15}
2020-02-08_12:34:15.257[Status]Routing 55: Walk: 55
2020-02-08_12:34:15.374[Battery Energy]56.86
2020-02-08_12:34:15.374[Status]Routing Start.
2020-02-08_12:34:15.530[Status]{'coordinate': [680.4870926929302, 139.0376731093753], 'id': 15}
2020-02-08_12:34:15.530[Status]Routing 56: Walk: 56
2020-02-08_12:34:15.638[Battery Energy]56.67
2020-02-08_12:34:15.638[Status]Routing Start.
2020-02-08_12:34:15.788[Status]{'coordinate': [690.4779336338754, 138.60977441489985], 'id': 15}
2020-02-08_12:34:15.788[Status]Routing 57: Walk: 57
2020-02-08_12:34:15.888[Battery Energy]56.46
2020-02-08_12:34:15.888[Status]Routing Start.
2020-02-08_12:34:16.211[Status]{'coordinate': [700.4687745748206, 138.18187572042442], 'id': 15}
2020-02-08_12:34:16.211[Status]Routing 58: Walk: 58
2020-02-08_12:34:16.312[Battery Energy]56.18
2020-02-08_12:34:16.312[Status]Routing Start.
2020-02-08_12:34:16.636[Status]{'coordinate': [710.4596155157658, 137.75397702594896], 'id': 15}
2020-02-08_12:34:16.636[Status]Routing 59: Walk: 59
2020-02-08_12:34:16.736[Battery Energy]55.89
2020-02-08_12:34:16.736[Status]Routing Start.
2020-02-08_12:34:17.081[Status]{'coordinate': [720.450456456711, 137.32607833147352], 'id': 15}
2020-02-08_12:34:17.081[Status]Routing 60: Walk: 60
2020-02-08_12:34:17.198[Battery Energy]55.58
2020-02-08_12:34:17.198[Status]Routing Start.
2020-02-08_12:34:17.517[Status]{'coordinate': [730.4412973976562, 136.89817963699807], 'id': 15}
2020-02-08_12:34:17.517[Status]Routing 61: Walk: 61
2020-02-08_12:34:17.617[Battery Energy]55.31
2020-02-08_12:34:17.617[Status]Routing Start.
2020-02-08_12:34:17.928[Status]{'coordinate': [740.4321383386014, 136.47028094252263], 'id': 15}
2020-02-08_12:34:17.928[Status]Routing 62: Walk: 62
2020-02-08_12:34:18.030[Battery Energy]54.99
2020-02-08_12:34:18.030[Status]Routing Start.
2020-02-08_12:34:18.316[Status]{'coordinate': [750.4229792795466, 136.04238224804718], 'id': 15}
2020-02-08_12:34:18.316[Status]Routing 63: Walk: 63
2020-02-08_12:34:18.416[Battery Energy]54.73
2020-02-08_12:34:18.416[Status]Routing Start.
2020-02-08_12:34:18.729[Status]{'coordinate': [760.4138202204917, 135.61448355357174], 'id': 15}
2020-02-08_12:34:18.729[Status]Routing 64: Walk: 64
2020-02-08_12:34:18.832[Battery Energy]54.42
2020-02-08_12:34:18.832[Status]Routing Start.
2020-02-08_12:34:18.987[Status]{'coordinate': [770.4046611614369, 135.18658485909629], 'id': 15}
2020-02-08_12:34:18.987[Status]Routing 65: Walk: 65
2020-02-08_12:34:19.090[Battery Energy]54.21
2020-02-08_12:34:19.090[Status]Routing Start.
2020-02-08_12:34:19.251[Status]{'coordinate': [780.3955021023821, 134.75868616462083], 'id': 15}
2020-02-08_12:34:19.253[Status]Routing 66: Walk: 66
2020-02-08_12:34:19.370[Battery Energy]54.01
2020-02-08_12:34:19.370[Status]Routing Start.
2020-02-08_12:34:19.660[Status]{'coordinate': [790.3863430433273, 134.3307874701454], 'id': 15}
2020-02-08_12:34:19.662[Status]Routing 67: Walk: 67
2020-02-08_12:34:19.767[Battery Energy]53.70
2020-02-08_12:34:19.767[Status]Routing Start.
2020-02-08_12:34:20.132[Status]{'coordinate': [800.3771839842725, 133.90288877566994], 'id': 15}
2020-02-08_12:34:20.132[Status]Routing 68: Walk: 68
2020-02-08_12:34:20.234[Battery Energy]53.39
2020-02-08_12:34:20.234[Status]Routing Start.
2020-02-08_12:34:20.562[Status]{'coordinate': [810.3680249252177, 133.4749900811945], 'id': 15}
2020-02-08_12:34:20.562[Status]Routing 69: Walk: 69
2020-02-08_12:34:20.668[Battery Energy]53.08
2020-02-08_12:34:20.668[Status]Routing Start.
2020-02-08_12:34:20.811[Status]{'coordinate': [820.3588658661629, 133.04709138671905], 'id': 15}
2020-02-08_12:34:20.811[Status]Routing 70: Walk: 70
2020-02-08_12:34:20.922[Battery Energy]52.89
2020-02-08_12:34:20.922[Status]Routing Start.
2020-02-08_12:34:21.074[Status]{'coordinate': [830.3497068071081, 132.61919269224362], 'id': 15}
2020-02-08_12:34:21.074[Status]Routing 71: Walk: 71
2020-02-08_12:34:21.186[Battery Energy]52.68
2020-02-08_12:34:21.186[Status]Routing Start.
2020-02-08_12:34:21.353[Status]{'coordinate': [840.3405477480533, 132.19129399776816], 'id': 15}
2020-02-08_12:34:21.353[Status]Routing 72: Walk: 72
2020-02-08_12:34:21.466[Battery Energy]52.46
2020-02-08_12:34:21.466[Status]Routing Start.
2020-02-08_12:34:21.628[Status]{'coordinate': [850.3313886889985, 131.76339530329273], 'id': 15}
2020-02-08_12:34:21.628[Status]Routing 73: Walk: 73
2020-02-08_12:34:21.742[Battery Energy]52.26
2020-02-08_12:34:21.742[Status]Routing Start.
2020-02-08_12:34:21.882[Status]{'coordinate': [860.3222296299436, 131.33549660881727], 'id': 15}
2020-02-08_12:34:21.882[Status]Routing 74: Walk: 74
2020-02-08_12:34:21.998[Battery Energy]52.06
2020-02-08_12:34:21.998[Status]Routing Start.
2020-02-08_12:34:22.133[Status]{'coordinate': [870.3130705708888, 130.90759791434184], 'id': 15}
2020-02-08_12:34:22.133[Status]Routing 75: Walk: 75
2020-02-08_12:34:22.233[Battery Energy]51.86
2020-02-08_12:34:22.233[Status]Routing Start.
2020-02-08_12:34:22.390[Status]{'coordinate': [880.303911511834, 130.47969921986638], 'id': 15}
2020-02-08_12:34:22.390[Status]Routing 76: Walk: 76
2020-02-08_12:34:22.502[Battery Energy]51.64
2020-02-08_12:34:22.502[Status]Routing Start.
2020-02-08_12:34:22.657[Status]{'coordinate': [890.2947524527792, 130.05180052539095], 'id': 15}
2020-02-08_12:34:22.657[Status]Routing 77: Walk: 77
2020-02-08_12:34:22.758[Battery Energy]51.45
2020-02-08_12:34:22.758[Status]Routing Start.
2020-02-08_12:34:22.913[Status]{'coordinate': [900.2855933937244, 129.62390183091549], 'id': 15}
2020-02-08_12:34:22.914[Status]Routing 78: Walk: 78
2020-02-08_12:34:23.015[Battery Energy]51.25
2020-02-08_12:34:23.015[Status]Routing Start.
2020-02-08_12:34:23.351[Status]{'coordinate': [910.2764343346696, 129.19600313644005], 'id': 15}
2020-02-08_12:34:23.351[Status]Routing 79: Walk: 79
2020-02-08_12:34:23.451[Battery Energy]50.95
2020-02-08_12:34:23.451[Status]Routing Start.
2020-02-08_12:34:23.779[Status]{'coordinate': [920.2672752756148, 128.7681044419646], 'id': 15}
2020-02-08_12:34:23.779[Status]Routing 80: Walk: 80
2020-02-08_12:34:23.882[Battery Energy]50.66
2020-02-08_12:34:23.882[Status]Routing Start.
2020-02-08_12:34:24.027[Status]{'coordinate': [930.25811621656, 128.34020574748916], 'id': 15}
2020-02-08_12:34:24.028[Status]Routing 81: Walk: 81
2020-02-08_12:34:24.128[Battery Energy]50.47
2020-02-08_12:34:24.128[Status]Routing Start.
2020-02-08_12:34:24.267[Status]{'coordinate': [940.2489571575052, 127.91230705301372], 'id': 15}
2020-02-08_12:34:24.269[Status]Routing 82: Walk: 82
2020-02-08_12:34:24.374[Battery Energy]50.25
2020-02-08_12:34:24.374[Status]Routing Start.
2020-02-08_12:34:24.529[Status]{'coordinate': [950.2397980984504, 127.48440835853827], 'id': 15}
2020-02-08_12:34:24.529[Status]Routing 83: Walk: 83
2020-02-08_12:34:24.629[Battery Energy]50.04
2020-02-08_12:34:24.629[Status]Routing Start.
2020-02-08_12:34:24.786[Status]{'coordinate': [960.2306390393956, 127.05650966406283], 'id': 15}
2020-02-08_12:34:24.786[Status]Routing 84: Walk: 84
2020-02-08_12:34:24.890[Battery Energy]49.83
2020-02-08_12:34:24.890[Status]Routing Start.
2020-02-08_12:34:25.066[Status]{'coordinate': [970.2214799803407, 126.62861096958738], 'id': 15}
2020-02-08_12:34:25.066[Status]Routing 85: Walk: 85
2020-02-08_12:34:25.166[Battery Energy]49.61
2020-02-08_12:34:25.167[Status]Routing Start.
2020-02-08_12:34:25.328[Status]{'coordinate': [980.2123209212859, 126.20071227511194], 'id': 15}
2020-02-08_12:34:25.328[Status]Routing 86: Walk: 86
2020-02-08_12:34:25.429[Battery Energy]49.40
2020-02-08_12:34:25.429[Status]Routing Start.
2020-02-08_12:34:25.715[Status]{'coordinate': [990.2031618622311, 125.7728135806365], 'id': 15}
2020-02-08_12:34:25.715[Status]Routing 87: Walk: 87
2020-02-08_12:34:25.818[Battery Energy]49.14
2020-02-08_12:34:25.818[Status]Routing Start.
2020-02-08_12:34:26.148[Status]{'coordinate': [1000.1940028031763, 125.34491488616105], 'id': 15}
2020-02-08_12:34:26.148[Status]Routing 88: Walk: 88
2020-02-08_12:34:26.262[Battery Energy]48.79
2020-02-08_12:34:26.262[Status]Routing Start.
2020-02-08_12:34:26.586[Status]{'coordinate': [1010.1848437441215, 124.9170161916856], 'id': 15}
2020-02-08_12:34:26.586[Status]Routing 89: Walk: 89
2020-02-08_12:34:26.690[Battery Energy]48.50
2020-02-08_12:34:26.690[Status]Routing Start.
2020-02-08_12:34:26.975[Status]{'coordinate': [1020.1756846850667, 124.48911749721016], 'id': 15}
2020-02-08_12:34:26.975[Status]Routing 90: Walk: 90
2020-02-08_12:34:27.077[Battery Energy]48.24
2020-02-08_12:34:27.077[Status]Routing Start.
2020-02-08_12:34:27.407[Status]{'coordinate': [1030.166525626012, 124.06121880273471], 'id': 15}
2020-02-08_12:34:27.407[Status]Routing 91: Walk: 91
2020-02-08_12:34:27.510[Battery Energy]47.92
2020-02-08_12:34:27.510[Status]Routing Start.
2020-02-08_12:34:27.831[Status]{'coordinate': [1040.157366566957, 123.63332010825927], 'id': 15}
2020-02-08_12:34:27.831[Status]Routing 92: Walk: 92
2020-02-08_12:34:27.933[Battery Energy]47.60
2020-02-08_12:34:27.933[Status]Routing Start.
2020-02-08_12:34:28.225[Status]{'coordinate': [1050.1482075079023, 123.20542141378382], 'id': 15}
2020-02-08_12:34:28.225[Status]Routing 93: Walk: 93
2020-02-08_12:34:28.325[Battery Energy]47.28
2020-02-08_12:34:28.326[Status]Routing Start.
2020-02-08_12:34:28.680[Status]{'coordinate': [1060.1390484488475, 122.77752271930838], 'id': 15}
2020-02-08_12:34:28.680[Status]Routing 94: Walk: 94
2020-02-08_12:34:28.780[Battery Energy]46.96
2020-02-08_12:34:28.780[Status]Routing Start.
2020-02-08_12:34:28.932[Status]{'coordinate': [1070.1298893897927, 122.34962402483293], 'id': 15}
2020-02-08_12:34:28.932[Status]Routing 95: Walk: 95
2020-02-08_12:34:29.038[Battery Energy]46.76
2020-02-08_12:34:29.038[Status]Routing Start.
2020-02-08_12:34:29.209[Status]{'coordinate': [1080.1207303307378, 121.92172533035749], 'id': 15}
2020-02-08_12:34:29.209[Status]Routing 96: Walk: 96
2020-02-08_12:34:29.310[Battery Energy]46.53
2020-02-08_12:34:29.321[Status]Routing Start.
2020-02-08_12:34:29.468[Status]{'coordinate': [1090.111571271683, 121.49382663588204], 'id': 15}
2020-02-08_12:34:29.468[Status]Routing 97: Walk: 97
2020-02-08_12:34:29.574[Battery Energy]46.35
2020-02-08_12:34:29.574[Status]Routing Start.
2020-02-08_12:34:29.751[Status]{'coordinate': [1100.1024122126282, 121.06592794140658], 'id': 15}
2020-02-08_12:34:29.751[Status]Routing 98: Walk: 98
2020-02-08_12:34:29.851[Battery Energy]46.14
2020-02-08_12:34:29.851[Status]Routing Start.
2020-02-08_12:34:30.113[Status]{'coordinate': [1110.0932531535734, 120.63802924693114], 'id': 15}
2020-02-08_12:34:30.114[Status]Routing 99: Walk: 99
2020-02-08_12:34:30.218[Battery Energy]45.89
2020-02-08_12:34:30.218[Status]Routing Start.
2020-02-08_12:34:30.218[Status]Task Finished.
2020-02-08_12:34:30.318[Battery Energy]45.89
2020-02-08_12:34:30.430[Status]Routing 101: Walk: 99
2020-02-08_12:34:30.531[Battery Energy]45.79
2020-02-08_12:34:30.698[Status]Routing 102: Walk: 99
2020-02-08_12:34:30.798[Battery Energy]45.68
2020-02-08_12:34:31.043[Status]Routing 103: Walk: 99
2020-02-08_12:34:31.143[Battery Energy]45.52
2020-02-08_12:34:31.311[Status]Routing 104: Walk: 99
2020-02-08_12:34:31.414[Battery Energy]45.40
2020-02-08_12:34:31.585[Status]Routing 105: Walk: 99
2020-02-08_12:34:31.702[Battery Energy]45.27
2020-02-08_12:34:31.864[Status]Routing 106: Walk: 99
2020-02-08_12:34:31.965[Battery Energy]45.16
2020-02-08_12:34:32.199[Status]Routing 107: Walk: 99
2020-02-08_12:34:32.301[Battery Energy]44.98
2020-02-08_12:34:32.455[Status]Routing 108: Walk: 99
2020-02-08_12:34:32.570[Battery Energy]44.86
2020-02-08_12:34:32.731[Status]Routing 109: Walk: 99
2020-02-08_12:34:32.842[Battery Energy]44.74
2020-02-08_12:34:33.080[Status]Routing 110: Walk: 99
2020-02-08_12:34:33.186[Battery Energy]44.61
2020-02-08_12:34:33.313[Status]Routing 111: Walk: 99
2020-02-08_12:34:33.414[Battery Energy]44.50
2020-02-08_12:34:33.563[Status]Routing 112: Walk: 99
2020-02-08_12:34:33.663[Battery Energy]44.42
2020-02-08_12:34:33.830[Status]Routing 113: Walk: 99
2020-02-08_12:34:33.946[Battery Energy]44.33
2020-02-08_12:34:34.168[Status]Routing 114: Walk: 99
2020-02-08_12:34:34.279[Battery Energy]44.18
2020-02-08_12:34:34.527[Status]Routing 115: Walk: 99
2020-02-08_12:34:34.627[Battery Energy]44.03
2020-02-08_12:34:34.791[Status]Routing 116: Walk: 99
2020-02-08_12:34:34.906[Battery Energy]43.90
2020-02-08_12:34:35.053[Status]Routing 117: Walk: 99
2020-02-08_12:34:35.153[Battery Energy]43.79
2020-02-08_12:34:35.457[Status]Routing 118: Walk: 99
2020-02-08_12:34:35.558[Battery Energy]43.57
2020-02-08_12:34:35.915[Status]Routing 119: Walk: 99
2020-02-08_12:34:36.015[Battery Energy]43.32
2020-02-08_12:34:36.342[Status]Routing 120: Walk: 99
2020-02-08_12:34:36.443[Battery Energy]43.08
2020-02-08_12:34:36.694[Status]Routing 121: Walk: 99
2020-02-08_12:34:36.802[Battery Energy]42.92
2020-02-08_12:34:37.127[Status]Routing 122: Walk: 99
2020-02-08_12:34:37.231[Battery Energy]42.73
2020-02-08_12:34:37.386[Status]Routing 123: Walk: 99
2020-02-08_12:34:37.490[Battery Energy]42.63
2020-02-08_12:34:37.668[Status]Routing 124: Walk: 99
2020-02-08_12:34:37.778[Battery Energy]42.49
2020-02-08_12:34:37.949[Status]Routing 125: Walk: 99
2020-02-08_12:34:38.054[Battery Energy]42.38
2020-02-08_12:34:38.178[Status]Routing 126: Walk: 99
2020-02-08_12:34:38.278[Battery Energy]42.28
2020-02-08_12:34:38.450[Status]Routing 127: Walk: 99
2020-02-08_12:34:38.552[Battery Energy]42.15
2020-02-08_12:34:38.713[Status]Routing 128: Walk: 99
2020-02-08_12:34:38.815[Battery Energy]42.02
2020-02-08_12:34:38.977[Status]Routing 129: Walk: 99
2020-02-08_12:34:39.086[Battery Energy]41.90
2020-02-08_12:34:39.302[Status]Routing 130: Walk: 99
2020-02-08_12:34:39.403[Battery Energy]41.74
2020-02-08_12:34:39.541[Status]Routing 131: Walk: 99
2020-02-08_12:34:39.641[Battery Energy]41.61
2020-02-08_12:34:39.786[Status]Routing 132: Walk: 99
2020-02-08_12:34:39.889[Battery Energy]41.53
2020-02-08_12:34:40.088[Status]Routing 133: Walk: 99
2020-02-08_12:34:40.202[Battery Energy]41.41
2020-02-08_12:34:40.329[Status]Routing 134: Walk: 99
2020-02-08_12:34:40.429[Battery Energy]41.31
2020-02-08_12:34:40.593[Status]Routing 135: Walk: 99
2020-02-08_12:34:40.702[Battery Energy]41.21
2020-02-08_12:34:40.864[Status]Routing 136: Walk: 99
2020-02-08_12:34:40.964[Battery Energy]41.09
2020-02-08_12:34:41.122[Status]Routing 137: Walk: 99
2020-02-08_12:34:41.226[Battery Energy]40.98
2020-02-08_12:34:41.382[Status]Routing 138: Walk: 99
2020-02-08_12:34:41.490[Battery Energy]40.85
2020-02-08_12:34:41.621[Status]Routing 139: Walk: 99
2020-02-08_12:34:41.723[Battery Energy]40.73
2020-02-08_12:34:41.960[Status]Routing 140: Walk: 99
2020-02-08_12:34:42.060[Battery Energy]40.58
2020-02-08_12:34:42.218[Status]Routing 141: Walk: 99
2020-02-08_12:34:42.326[Battery Energy]40.46
2020-02-08_12:34:42.488[Status]Routing 142: Walk: 99
2020-02-08_12:34:42.588[Battery Energy]40.34
2020-02-08_12:34:42.732[Status]Routing 143: Walk: 99
2020-02-08_12:34:42.838[Battery Energy]40.22
2020-02-08_12:34:42.967[Status]Routing 144: Walk: 99
2020-02-08_12:34:43.071[Battery Energy]40.10
2020-02-08_12:34:43.223[Status]Routing 145: Walk: 99
2020-02-08_12:34:43.323[Battery Energy]39.99
2020-02-08_12:34:43.483[Status]Routing 146: Walk: 99
2020-02-08_12:34:43.585[Battery Energy]39.85
2020-02-08_12:34:43.743[Status]Routing 147: Walk: 99
2020-02-08_12:34:43.854[Battery Energy]39.72
2020-02-08_12:34:44.015[Status]Routing 148: Walk: 99
2020-02-08_12:34:44.118[Battery Energy]39.62
2020-02-08_12:34:44.265[Status]Routing 149: Walk: 99
2020-02-08_12:34:44.374[Battery Energy]39.51
2020-02-08_12:34:44.537[Status]Routing 150: Walk: 99
2020-02-08_12:34:44.638[Battery Energy]39.39
2020-02-08_12:34:44.855[Status]Routing 151: Walk: 99
2020-02-08_12:34:44.958[Battery Energy]39.24
2020-02-08_12:34:45.103[Status]Routing 152: Walk: 99
2020-02-08_12:34:45.203[Battery Energy]39.14
2020-02-08_12:34:45.361[Status]Routing 153: Walk: 99
2020-02-08_12:34:45.467[Battery Energy]39.03
2020-02-08_12:34:45.603[Status]Routing 154: Walk: 99
2020-02-08_12:34:45.706[Battery Energy]38.91
2020-02-08_12:34:45.850[Status]Routing 155: Walk: 99
2020-02-08_12:34:45.962[Battery Energy]38.81
2020-02-08_12:34:46.111[Status]Routing 156: Walk: 99
2020-02-08_12:34:46.214[Battery Energy]38.72
2020-02-08_12:34:46.377[Status]Routing 157: Walk: 99
2020-02-08_12:34:46.486[Battery Energy]38.62
2020-02-08_12:34:46.645[Status]Routing 158: Walk: 99
2020-02-08_12:34:46.759[Battery Energy]38.49
2020-02-08_12:34:46.914[Status]Routing 159: Walk: 99
2020-02-08_12:34:47.022[Battery Energy]38.38
2020-02-08_12:34:47.154[Status]Routing 160: Walk: 99
2020-02-08_12:34:47.270[Battery Energy]38.26
2020-02-08_12:34:47.417[Status]Routing 161: Walk: 99
2020-02-08_12:34:47.522[Battery Energy]38.16
2020-02-08_12:34:47.664[Status]Routing 162: Walk: 99
2020-02-08_12:34:47.766[Battery Energy]38.05
2020-02-08_12:34:47.908[Status]Routing 163: Walk: 99
2020-02-08_12:34:48.014[Battery Energy]37.94
2020-02-08_12:34:48.149[Status]Routing 164: Walk: 99
2020-02-08_12:34:48.258[Battery Energy]37.83
2020-02-08_12:34:48.398[Status]Routing 165: Walk: 99
2020-02-08_12:34:48.504[Battery Energy]37.73
2020-02-08_12:34:48.643[Status]Routing 166: Walk: 99
2020-02-08_12:34:48.754[Battery Energy]37.62
2020-02-08_12:34:48.884[Status]Routing 167: Walk: 99
2020-02-08_12:34:48.994[Battery Energy]37.53
2020-02-08_12:34:49.146[Status]Routing 168: Walk: 99
2020-02-08_12:34:49.246[Battery Energy]37.39
2020-02-08_12:34:49.405[Status]Routing 169: Walk: 99
2020-02-08_12:34:49.507[Battery Energy]37.27
2020-02-08_12:34:49.639[Status]Routing 170: Walk: 99
2020-02-08_12:34:49.740[Battery Energy]37.18
2020-02-08_12:34:49.900[Status]Routing 171: Walk: 99
2020-02-08_12:34:50.010[Battery Energy]37.07
2020-02-08_12:34:50.172[Status]Routing 172: Walk: 99
2020-02-08_12:34:50.272[Battery Energy]36.96
2020-02-08_12:34:50.411[Status]Routing 173: Walk: 99
2020-02-08_12:34:50.519[Battery Energy]36.85
2020-02-08_12:34:50.687[Status]Routing 174: Walk: 99
2020-02-08_12:34:50.798[Battery Energy]36.73
2020-02-08_12:34:50.921[Status]Routing 175: Walk: 99
2020-02-08_12:34:51.046[Battery Energy]36.64
2020-02-08_12:34:51.159[Status]Routing 176: Walk: 99
2020-02-08_12:34:51.266[Battery Energy]36.56
2020-02-08_12:34:51.435[Status]Routing 177: Walk: 99
2020-02-08_12:34:51.554[Battery Energy]36.44
2020-02-08_12:34:51.689[Status]Routing 178: Walk: 99
2020-02-08_12:34:51.794[Battery Energy]36.32
2020-02-08_12:34:51.946[Status]Routing 179: Walk: 99
2020-02-08_12:34:52.050[Battery Energy]36.21
2020-02-08_12:34:52.227[Status]Routing 180: Walk: 99
2020-02-08_12:34:52.331[Battery Energy]36.07
2020-02-08_12:34:52.466[Status]Routing 181: Walk: 99
2020-02-08_12:34:52.566[Battery Energy]35.98
2020-02-08_12:34:52.707[Status]Routing 182: Walk: 99
2020-02-08_12:34:52.808[Battery Energy]35.86
2020-02-08_12:34:52.976[Status]Routing 183: Walk: 99
2020-02-08_12:34:53.094[Battery Energy]35.75
2020-02-08_12:34:53.249[Status]Routing 184: Walk: 99
2020-02-08_12:34:53.366[Battery Energy]35.63
2020-02-08_12:34:53.498[Status]Routing 185: Walk: 99
2020-02-08_12:34:53.652[Battery Energy]35.54
2020-02-08_12:34:53.797[Status]Routing 186: Walk: 99
2020-02-08_12:34:53.910[Battery Energy]35.45
2020-02-08_12:34:54.049[Status]Routing 187: Walk: 99
2020-02-08_12:34:54.165[Battery Energy]35.35
2020-02-08_12:34:54.309[Status]Routing 188: Walk: 99
2020-02-08_12:34:54.409[Battery Energy]35.24
2020-02-08_12:34:54.563[Status]Routing 189: Walk: 99
2020-02-08_12:34:54.677[Battery Energy]35.14
2020-02-08_12:34:54.821[Status]Routing 190: Walk: 99
2020-02-08_12:34:54.921[Battery Energy]35.02
2020-02-08_12:34:55.062[Status]Routing 191: Walk: 99
2020-02-08_12:34:55.177[Battery Energy]34.94
2020-02-08_12:34:55.341[Status]Routing 192: Walk: 99
2020-02-08_12:34:55.451[Battery Energy]34.83
2020-02-08_12:34:55.575[Status]Routing 193: Walk: 99
2020-02-08_12:34:55.684[Battery Energy]34.74
2020-02-08_12:34:55.844[Status]Routing 194: Walk: 99
2020-02-08_12:34:55.950[Battery Energy]34.65
2020-02-08_12:34:56.134[Status]Routing 195: Walk: 99
2020-02-08_12:34:56.234[Battery Energy]34.52
2020-02-08_12:34:56.382[Status]Routing 196: Walk: 99
2020-02-08_12:34:56.494[Battery Energy]34.42
2020-02-08_12:34:56.644[Status]Routing 197: Walk: 99
2020-02-08_12:34:56.750[Battery Energy]34.31
2020-02-08_12:34:56.896[Status]Routing 198: Walk: 99
2020-02-08_12:34:57.007[Battery Energy]34.18
2020-02-08_12:34:57.163[Status]Routing 199: Walk: 99
2020-02-08_12:34:57.278[Battery Energy]34.08
2020-02-08_12:34:57.408[Status]Routing 200: Walk: 99
2020-02-08_12:34:57.518[Battery Energy]33.97
2020-02-08_12:34:57.648[Status]Routing 201: Walk: 99
2020-02-08_12:34:57.750[Battery Energy]33.86
2020-02-08_12:34:57.913[Status]Routing 202: Walk: 99
2020-02-08_12:34:58.018[Battery Energy]33.74
2020-02-08_12:34:58.180[Status]Routing 203: Walk: 99
2020-02-08_12:34:58.294[Battery Energy]33.61
2020-02-08_12:34:58.436[Status]Routing 204: Walk: 99
2020-02-08_12:34:58.550[Battery Energy]33.50
2020-02-08_12:34:58.719[Status]Routing 205: Walk: 99
2020-02-08_12:34:58.826[Battery Energy]33.40
2020-02-08_12:34:58.945[Status]Routing 206: Walk: 99
2020-02-08_12:34:59.054[Battery Energy]33.30
2020-02-08_12:34:59.203[Status]Routing 207: Walk: 99
2020-02-08_12:34:59.322[Battery Energy]33.18
2020-02-08_12:34:59.449[Status]Routing 208: Walk: 99
2020-02-08_12:34:59.549[Battery Energy]33.09
2020-02-08_12:34:59.703[Status]Routing 209: Walk: 99
2020-02-08_12:34:59.806[Battery Energy]32.99
2020-02-08_12:34:59.956[Status]Routing 210: Walk: 99
2020-02-08_12:35:00.059[Battery Energy]32.86
2020-02-08_12:35:00.214[Status]Routing 211: Walk: 99
2020-02-08_12:35:00.314[Battery Energy]32.74
2020-02-08_12:35:00.458[Status]Routing 212: Walk: 99
2020-02-08_12:35:00.573[Battery Energy]32.63
2020-02-08_12:35:00.688[Status]Routing 213: Walk: 99
2020-02-08_12:35:00.792[Battery Energy]32.54
2020-02-08_12:35:00.980[Status]Routing 214: Walk: 99
2020-02-08_12:35:01.082[Battery Energy]32.39
2020-02-08_12:35:01.222[Status]Routing 215: Walk: 99
2020-02-08_12:35:01.338[Battery Energy]32.26
2020-02-08_12:35:01.477[Status]Routing 216: Walk: 99
2020-02-08_12:35:01.577[Battery Energy]32.16
2020-02-08_12:35:01.722[Status]Routing 217: Walk: 99
2020-02-08_12:35:01.830[Battery Energy]32.06
2020-02-08_12:35:01.989[Status]Routing 218: Walk: 99
2020-02-08_12:35:02.101[Battery Energy]31.94
2020-02-08_12:35:02.258[Status]Routing 219: Walk: 99
2020-02-08_12:35:02.362[Battery Energy]31.82
2020-02-08_12:35:02.556[Status]Routing 220: Walk: 99
2020-02-08_12:35:02.662[Battery Energy]31.67
2020-02-08_12:35:02.807[Status]Routing 221: Walk: 99
2020-02-08_12:35:02.914[Battery Energy]31.58
2020-02-08_12:35:03.088[Status]Routing 222: Walk: 99
2020-02-08_12:35:03.188[Battery Energy]31.44
2020-02-08_12:35:03.360[Status]Routing 223: Walk: 99
2020-02-08_12:35:03.460[Battery Energy]31.35
2020-02-08_12:35:03.634[Status]Routing 224: Walk: 99
2020-02-08_12:35:03.741[Battery Energy]31.24
2020-02-08_12:35:03.874[Status]Routing 225: Walk: 99
2020-02-08_12:35:03.974[Battery Energy]31.14
