2020-02-08_12:33:46.584[Status]Start.
2020-02-08_12:33:46.585[Battery Energy]74.00
2020-02-08_12:33:47.686[Battery Energy]73.96
2020-02-08_12:33:48.786[Battery Energy]73.92
2020-02-08_12:33:49.887[Battery Energy]73.88
2020-02-08_12:33:50.989[Battery Energy]73.84
2020-02-08_12:33:52.090[Task]A New Task Released.
2020-02-08_12:33:52.090[Battery Energy]73.80
2020-02-08_12:33:52.090[Status]Selection Start.
2020-02-08_12:33:54.493[Status]Selection End: Do Task 2.
2020-02-08_12:33:54.593[Battery Energy]72.36
2020-02-08_12:33:54.593[Status]Formation Start.
2020-02-08_12:33:54.782[Status]number of tasks is 7
2020-02-08_12:33:54.782[Status]my group tasks is [ 1059.42353462   243.24495385]
2020-02-08_12:33:54.783[Status]my group tasks is [ 1011.93217925   205.37186174]
2020-02-08_12:33:54.792[Status]my group tasks is [ 1011.93217925   144.62813826]
2020-02-08_12:33:54.793[Status]my group tasks is [ 1059.42353462   106.75504615]
2020-02-08_12:33:54.800[Status]my group tasks is [ 1118.64428613   120.27179623]
2020-02-08_12:33:54.806[Status]my group tasks is [ 1145.   175.]
2020-02-08_12:33:54.807[Status]my group tasks is [ 1118.64428613   229.72820377]
2020-02-08_12:33:54.879[Status]mygroup_robots_utility is {16: [19.24084902270257, 17.394321497359066, 19.335560667716866, 36.91833049669172, 16.899543875093258, 17.256547521316463, 36.53301547023735], 17: [16.993914677071125, 17.83779409747473, 18.759101586382805, 17.657570073902, 38.742772251158264, 33.841015110130364, 18.921923694832728], 18: [16.272416645951054, 17.169940250357993, 34.53320639159501, 16.164909407986553, 17.702205933302327, 15.47111658350878, 15.515036183238747], 19: [16.895272887301342, 17.126150269346205, 16.157788359261264, 17.48486026198566, 15.367811367341428, 15.262688337960872, 31.80135134874618], 20: [33.99195393977069, 34.86822824412521, 19.399158596109366, 38.8232255851493, 17.416020383487144, 18.483777754024366, 18.458460588424934], 14: [19.252305649435943, 33.666911877300244, 34.40971581825523, 19.17907128085734, 18.218201396985556, 34.622812947650274, 18.367182824530616], 15: [19.495327693192685, 35.913018996709674, 18.42049923486951, 19.529291076103462, 20.5097713490686, 20.493009196297034, 36.792602523729975]}
2020-02-08_12:33:54.879[Status]self.local_queue is [14, 15, 16, 17, 18, 19, 20]
2020-02-08_12:33:54.879[Status]task_chosen index is 5
2020-02-08_12:33:54.879[Status]task_chosen index is 6
2020-02-08_12:33:54.879[Status]task_chosen index is 3
2020-02-08_12:33:54.879[Status]myindex_in_queue is 3
2020-02-08_12:33:54.879[Status]task destination is [1011.9321792468306, 205.3718617382291]
2020-02-08_12:33:54.980[Battery Energy]72.12
2020-02-08_12:33:54.980[Status]Routing Start.
2020-02-08_12:33:55.133[Status]{'coordinate': [72.93659336544144, 99.12432748337189], 'id': 16}
2020-02-08_12:33:55.133[Status]Routing 1: Walk: 1
2020-02-08_12:33:55.233[Battery Energy]71.92
2020-02-08_12:33:55.233[Status]Routing Start.
2020-02-08_12:33:55.369[Status]{'coordinate': [82.87318673088286, 100.24865496674377], 'id': 16}
2020-02-08_12:33:55.369[Status]Routing 2: Walk: 2
2020-02-08_12:33:55.474[Battery Energy]71.73
2020-02-08_12:33:55.474[Status]Routing Start.
2020-02-08_12:33:55.629[Status]{'coordinate': [92.80978009632429, 101.37298245011566], 'id': 16}
2020-02-08_12:33:55.629[Status]Routing 3: Walk: 3
2020-02-08_12:33:55.729[Battery Energy]71.54
2020-02-08_12:33:55.729[Status]Routing Start.
2020-02-08_12:33:55.870[Status]{'coordinate': [102.74637346176571, 102.49730993348754], 'id': 16}
2020-02-08_12:33:55.872[Status]Routing 4: Walk: 4
2020-02-08_12:33:55.972[Battery Energy]71.33
2020-02-08_12:33:55.972[Status]Routing Start.
2020-02-08_12:33:56.109[Status]{'coordinate': [112.68296682720714, 103.62163741685941], 'id': 16}
2020-02-08_12:33:56.110[Status]Routing 5: Walk: 5
2020-02-08_12:33:56.214[Battery Energy]71.12
2020-02-08_12:33:56.214[Status]Routing Start.
2020-02-08_12:33:56.363[Status]{'coordinate': [122.61956019264856, 104.74596490023129], 'id': 16}
2020-02-08_12:33:56.363[Status]Routing 6: Walk: 6
2020-02-08_12:33:56.464[Battery Energy]70.92
2020-02-08_12:33:56.464[Status]Routing Start.
2020-02-08_12:33:56.763[Status]{'coordinate': [132.55615355809, 105.87029238360317], 'id': 16}
2020-02-08_12:33:56.763[Status]Routing 7: Walk: 7
2020-02-08_12:33:56.866[Battery Energy]70.62
2020-02-08_12:33:56.866[Status]Routing Start.
2020-02-08_12:33:57.309[Status]{'coordinate': [142.49274692353143, 106.99461986697506], 'id': 16}
2020-02-08_12:33:57.309[Status]Routing 8: Walk: 8
2020-02-08_12:33:57.414[Battery Energy]70.27
2020-02-08_12:33:57.414[Status]Routing Start.
2020-02-08_12:33:57.712[Status]{'coordinate': [152.42934028897287, 108.11894735034693], 'id': 16}
2020-02-08_12:33:57.713[Status]Routing 9: Walk: 9
2020-02-08_12:33:57.814[Battery Energy]69.98
2020-02-08_12:33:57.814[Status]Routing Start.
2020-02-08_12:33:58.129[Status]{'coordinate': [162.3659336544143, 109.2432748337188], 'id': 16}
2020-02-08_12:33:58.129[Status]Routing 10: Walk: 10
2020-02-08_12:33:58.234[Battery Energy]69.68
2020-02-08_12:33:58.234[Status]Routing Start.
2020-02-08_12:33:58.520[Status]{'coordinate': [172.30252701985575, 110.36760231709067], 'id': 16}
2020-02-08_12:33:58.520[Status]Routing 11: Walk: 11
2020-02-08_12:33:58.622[Battery Energy]69.43
2020-02-08_12:33:58.622[Status]Routing Start.
2020-02-08_12:33:58.948[Status]{'coordinate': [182.23912038529718, 111.49192980046256], 'id': 16}
2020-02-08_12:33:58.948[Status]Routing 12: Walk: 12
2020-02-08_12:33:59.050[Battery Energy]69.09
2020-02-08_12:33:59.050[Status]Routing Start.
2020-02-08_12:33:59.382[Status]{'coordinate': [192.17571375073862, 112.61625728383444], 'id': 16}
2020-02-08_12:33:59.387[Status]Routing 13: Walk: 13
2020-02-08_12:33:59.490[Battery Energy]68.80
2020-02-08_12:33:59.490[Status]Routing Start.
2020-02-08_12:33:59.792[Status]{'coordinate': [202.11230711618006, 113.74058476720631], 'id': 16}
2020-02-08_12:33:59.793[Status]Routing 14: Walk: 14
2020-02-08_12:33:59.898[Battery Energy]68.50
2020-02-08_12:33:59.898[Status]Routing Start.
2020-02-08_12:34:00.204[Status]{'coordinate': [212.0489004816215, 114.8649122505782], 'id': 16}
2020-02-08_12:34:00.204[Status]Routing 15: Walk: 15
2020-02-08_12:34:00.306[Battery Energy]68.21
2020-02-08_12:34:00.306[Status]Routing Start.
2020-02-08_12:34:00.645[Status]{'coordinate': [221.98549384706294, 115.98923973395009], 'id': 16}
2020-02-08_12:34:00.645[Status]Routing 16: Walk: 16
2020-02-08_12:34:00.750[Battery Energy]67.90
2020-02-08_12:34:00.750[Status]Routing Start.
2020-02-08_12:34:01.145[Status]{'coordinate': [231.92208721250438, 117.11356721732196], 'id': 16}
2020-02-08_12:34:01.145[Status]Routing 17: Walk: 17
2020-02-08_12:34:01.245[Battery Energy]67.53
2020-02-08_12:34:01.245[Status]Routing Start.
2020-02-08_12:34:01.581[Status]{'coordinate': [241.85868057794582, 118.23789470069384], 'id': 16}
2020-02-08_12:34:01.581[Status]Routing 18: Walk: 18
2020-02-08_12:34:01.681[Battery Energy]67.16
2020-02-08_12:34:01.681[Status]Routing Start.
2020-02-08_12:34:01.876[Status]{'coordinate': [251.79527394338726, 119.36222218406573], 'id': 16}
2020-02-08_12:34:01.876[Status]Routing 19: Walk: 19
2020-02-08_12:34:01.976[Battery Energy]66.94
2020-02-08_12:34:01.976[Status]Routing Start.
2020-02-08_12:34:02.309[Status]{'coordinate': [261.73186730882867, 120.4865496674376], 'id': 16}
2020-02-08_12:34:02.309[Status]Routing 20: Walk: 20
2020-02-08_12:34:02.409[Battery Energy]66.65
2020-02-08_12:34:02.409[Status]Routing Start.
2020-02-08_12:34:02.754[Status]{'coordinate': [271.6684606742701, 121.61087715080947], 'id': 16}
2020-02-08_12:34:02.754[Status]Routing 21: Walk: 21
2020-02-08_12:34:02.857[Battery Energy]66.31
2020-02-08_12:34:02.857[Status]Routing Start.
2020-02-08_12:34:03.220[Status]{'coordinate': [281.6050540397115, 122.73520463418136], 'id': 16}
2020-02-08_12:34:03.220[Status]Routing 22: Walk: 22
2020-02-08_12:34:03.329[Battery Energy]65.96
2020-02-08_12:34:03.329[Status]Routing Start.
2020-02-08_12:34:03.662[Status]{'coordinate': [291.5416474051529, 123.85953211755324], 'id': 16}
2020-02-08_12:34:03.670[Status]Routing 23: Walk: 23
2020-02-08_12:34:03.770[Battery Energy]65.68
2020-02-08_12:34:03.770[Status]Routing Start.
2020-02-08_12:34:04.128[Status]{'coordinate': [301.4782407705943, 124.98385960092511], 'id': 16}
2020-02-08_12:34:04.128[Status]Routing 24: Walk: 24
2020-02-08_12:34:04.229[Battery Energy]65.38
2020-02-08_12:34:04.229[Status]Routing Start.
2020-02-08_12:34:04.590[Status]{'coordinate': [311.4148341360357, 126.10818708429699], 'id': 16}
2020-02-08_12:34:04.590[Status]Routing 25: Walk: 25
2020-02-08_12:34:04.691[Battery Energy]65.04
2020-02-08_12:34:04.691[Status]Routing Start.
2020-02-08_12:34:05.001[Status]{'coordinate': [321.35142750147713, 127.23251456766886], 'id': 16}
2020-02-08_12:34:05.001[Status]Routing 26: Walk: 26
2020-02-08_12:34:05.102[Battery Energy]64.71
2020-02-08_12:34:05.102[Status]Routing Start.
2020-02-08_12:34:05.440[Status]{'coordinate': [331.28802086691854, 128.35684205104073], 'id': 16}
2020-02-08_12:34:05.440[Status]Routing 27: Walk: 27
2020-02-08_12:34:05.541[Battery Energy]64.38
2020-02-08_12:34:05.541[Status]Routing Start.
2020-02-08_12:34:05.855[Status]{'coordinate': [341.22461423235995, 129.4811695344126], 'id': 16}
2020-02-08_12:34:05.855[Status]Routing 28: Walk: 28
2020-02-08_12:34:05.962[Battery Energy]64.08
2020-02-08_12:34:05.962[Status]Routing Start.
2020-02-08_12:34:06.271[Status]{'coordinate': [351.16120759780136, 130.60549701778447], 'id': 16}
2020-02-08_12:34:06.271[Status]Routing 29: Walk: 29
2020-02-08_12:34:06.371[Battery Energy]63.78
2020-02-08_12:34:06.371[Status]Routing Start.
2020-02-08_12:34:06.532[Status]{'coordinate': [361.0978009632428, 131.72982450115634], 'id': 16}
2020-02-08_12:34:06.532[Status]Routing 30: Walk: 30
2020-02-08_12:34:06.636[Battery Energy]63.53
2020-02-08_12:34:06.636[Status]Routing Start.
2020-02-08_12:34:07.003[Status]{'coordinate': [371.0343943286842, 132.85415198452822], 'id': 16}
2020-02-08_12:34:07.003[Status]Routing 31: Walk: 31
2020-02-08_12:34:07.103[Battery Energy]63.22
2020-02-08_12:34:07.103[Status]Routing Start.
2020-02-08_12:34:07.424[Status]{'coordinate': [380.9709876941256, 133.9784794679001], 'id': 16}
2020-02-08_12:34:07.424[Status]Routing 32: Walk: 32
2020-02-08_12:34:07.530[Battery Energy]62.95
2020-02-08_12:34:07.530[Status]Routing Start.
2020-02-08_12:34:07.644[Status]{'coordinate': [390.907581059567, 135.10280695127196], 'id': 16}
2020-02-08_12:34:07.648[Status]Routing 33: Walk: 33
2020-02-08_12:34:07.762[Battery Energy]62.77
2020-02-08_12:34:07.762[Status]Routing Start.
2020-02-08_12:34:08.092[Status]{'coordinate': [400.8441744250084, 136.22713443464383], 'id': 16}
2020-02-08_12:34:08.092[Status]Routing 34: Walk: 34
2020-02-08_12:34:08.202[Battery Energy]62.47
2020-02-08_12:34:08.202[Status]Routing Start.
2020-02-08_12:34:08.530[Status]{'coordinate': [410.78076779044983, 137.3514619180157], 'id': 16}
2020-02-08_12:34:08.531[Status]Routing 35: Walk: 35
2020-02-08_12:34:08.634[Battery Energy]62.16
2020-02-08_12:34:08.634[Status]Routing Start.
2020-02-08_12:34:08.974[Status]{'coordinate': [420.71736115589124, 138.47578940138757], 'id': 16}
2020-02-08_12:34:08.974[Status]Routing 36: Walk: 36
2020-02-08_12:34:09.086[Battery Energy]61.86
2020-02-08_12:34:09.086[Status]Routing Start.
2020-02-08_12:34:09.393[Status]{'coordinate': [430.65395452133265, 139.60011688475944], 'id': 16}
2020-02-08_12:34:09.393[Status]Routing 37: Walk: 37
2020-02-08_12:34:09.510[Battery Energy]61.59
2020-02-08_12:34:09.510[Status]Routing Start.
2020-02-08_12:34:09.647[Status]{'coordinate': [440.59054788677406, 140.72444436813132], 'id': 16}
2020-02-08_12:34:09.647[Status]Routing 38: Walk: 38
2020-02-08_12:34:09.754[Battery Energy]61.41
2020-02-08_12:34:09.754[Status]Routing Start.
2020-02-08_12:34:10.050[Status]{'coordinate': [450.5271412522155, 141.8487718515032], 'id': 16}
2020-02-08_12:34:10.050[Status]Routing 39: Walk: 39
2020-02-08_12:34:10.154[Battery Energy]61.12
2020-02-08_12:34:10.154[Status]Routing Start.
2020-02-08_12:34:10.467[Status]{'coordinate': [460.4637346176569, 142.97309933487506], 'id': 16}
2020-02-08_12:34:10.467[Status]Routing 40: Walk: 40
2020-02-08_12:34:10.567[Battery Energy]60.77
2020-02-08_12:34:10.567[Status]Routing Start.
2020-02-08_12:34:10.881[Status]{'coordinate': [470.4003279830983, 144.09742681824693], 'id': 16}
2020-02-08_12:34:10.882[Status]Routing 41: Walk: 41
2020-02-08_12:34:10.986[Battery Energy]60.45
2020-02-08_12:34:10.986[Status]Routing Start.
2020-02-08_12:34:11.297[Status]{'coordinate': [480.3369213485397, 145.2217543016188], 'id': 16}
2020-02-08_12:34:11.297[Status]Routing 42: Walk: 42
2020-02-08_12:34:11.403[Battery Energy]60.14
2020-02-08_12:34:11.403[Status]Routing Start.
2020-02-08_12:34:11.585[Status]{'coordinate': [490.2735147139811, 146.34608178499067], 'id': 16}
2020-02-08_12:34:11.585[Status]Routing 43: Walk: 43
2020-02-08_12:34:11.691[Battery Energy]59.92
2020-02-08_12:34:11.692[Status]Routing Start.
2020-02-08_12:34:11.924[Status]{'coordinate': [500.2101080794225, 147.47040926836254], 'id': 16}
2020-02-08_12:34:11.924[Status]Routing 44: Walk: 44
2020-02-08_12:34:12.025[Battery Energy]59.66
2020-02-08_12:34:12.026[Status]Routing Start.
2020-02-08_12:34:12.210[Status]{'coordinate': [510.14670144486394, 148.59473675173442], 'id': 16}
2020-02-08_12:34:12.210[Status]Routing 45: Walk: 45
2020-02-08_12:34:12.314[Battery Energy]59.41
2020-02-08_12:34:12.314[Status]Routing Start.
2020-02-08_12:34:12.459[Status]{'coordinate': [520.0832948103053, 149.7190642351063], 'id': 16}
2020-02-08_12:34:12.460[Status]Routing 46: Walk: 46
2020-02-08_12:34:12.574[Battery Energy]59.20
2020-02-08_12:34:12.574[Status]Routing Start.
2020-02-08_12:34:12.720[Status]{'coordinate': [530.0198881757468, 150.84339171847816], 'id': 16}
2020-02-08_12:34:12.720[Status]Routing 47: Walk: 47
2020-02-08_12:34:12.826[Battery Energy]59.00
2020-02-08_12:34:12.826[Status]Routing Start.
2020-02-08_12:34:12.979[Status]{'coordinate': [539.9564815411883, 151.96771920185003], 'id': 16}
2020-02-08_12:34:12.979[Status]Routing 48: Walk: 48
2020-02-08_12:34:13.090[Battery Energy]58.78
2020-02-08_12:34:13.090[Status]Routing Start.
2020-02-08_12:34:13.437[Status]Routing 49: Walk: 48
2020-02-08_12:34:13.538[Battery Energy]58.46
2020-02-08_12:34:13.538[Status]Routing Start.
2020-02-08_12:34:13.701[Status]{'coordinate': [549.8930749066297, 153.0920466852219], 'id': 16}
2020-02-08_12:34:13.701[Status]Routing 50: Walk: 49
2020-02-08_12:34:13.802[Battery Energy]58.26
2020-02-08_12:34:13.802[Status]Routing Start.
2020-02-08_12:34:13.946[Status]{'coordinate': [559.8296682720712, 154.21637416859377], 'id': 16}
2020-02-08_12:34:13.946[Status]Routing 51: Walk: 50
2020-02-08_12:34:14.050[Battery Energy]58.07
2020-02-08_12:34:14.050[Status]Routing Start.
2020-02-08_12:34:14.186[Status]{'coordinate': [569.7662616375127, 155.34070165196565], 'id': 16}
2020-02-08_12:34:14.189[Status]Routing 52: Walk: 51
2020-02-08_12:34:14.293[Battery Energy]57.86
2020-02-08_12:34:14.293[Status]Routing Start.
2020-02-08_12:34:14.602[Status]Routing 53: Walk: 51
2020-02-08_12:34:14.702[Battery Energy]57.54
2020-02-08_12:34:14.702[Status]Routing Start.
2020-02-08_12:34:14.849[Status]{'coordinate': [579.7028550029542, 156.46502913533752], 'id': 16}
2020-02-08_12:34:14.849[Status]Routing 54: Walk: 52
2020-02-08_12:34:14.966[Battery Energy]57.35
2020-02-08_12:34:14.966[Status]Routing Start.
2020-02-08_12:34:15.250[Status]{'coordinate': [589.6394483683956, 157.5893566187094], 'id': 16}
2020-02-08_12:34:15.250[Status]Routing 55: Walk: 53
2020-02-08_12:34:15.350[Battery Energy]57.07
2020-02-08_12:34:15.350[Status]Routing Start.
2020-02-08_12:34:15.530[Status]{'coordinate': [599.5760417338371, 158.71368410208126], 'id': 16}
2020-02-08_12:34:15.531[Status]Routing 56: Walk: 54
2020-02-08_12:34:15.646[Battery Energy]56.86
2020-02-08_12:34:15.646[Status]Routing Start.
2020-02-08_12:34:15.940[Status]Routing 57: Walk: 54
2020-02-08_12:34:16.045[Battery Energy]56.57
2020-02-08_12:34:16.045[Status]Routing Start.
2020-02-08_12:34:16.399[Status]Routing 58: Walk: 54
2020-02-08_12:34:16.499[Battery Energy]56.27
2020-02-08_12:34:16.499[Status]Routing Start.
2020-02-08_12:34:16.806[Status]Routing 59: Walk: 54
2020-02-08_12:34:16.906[Battery Energy]56.00
2020-02-08_12:34:16.906[Status]Routing Start.
2020-02-08_12:34:17.239[Status]Routing 60: Walk: 54
2020-02-08_12:34:17.339[Battery Energy]55.68
2020-02-08_12:34:17.340[Status]Routing Start.
2020-02-08_12:34:17.677[Status]Routing 61: Walk: 54
2020-02-08_12:34:17.777[Battery Energy]55.37
2020-02-08_12:34:17.777[Status]Routing Start.
2020-02-08_12:34:18.077[Status]Routing 62: Walk: 54
2020-02-08_12:34:18.178[Battery Energy]55.06
2020-02-08_12:34:18.178[Status]Routing Start.
2020-02-08_12:34:18.495[Status]Routing 63: Walk: 54
2020-02-08_12:34:18.595[Battery Energy]54.75
2020-02-08_12:34:18.595[Status]Routing Start.
2020-02-08_12:34:18.732[Status]{'coordinate': [609.5126350992786, 159.83801158545313], 'id': 16}
2020-02-08_12:34:18.732[Status]Routing 64: Walk: 55
2020-02-08_12:34:18.846[Battery Energy]54.54
2020-02-08_12:34:18.846[Status]Routing Start.
2020-02-08_12:34:18.980[Status]{'coordinate': [619.44922846472, 160.962339068825], 'id': 16}
2020-02-08_12:34:18.980[Status]Routing 65: Walk: 56
2020-02-08_12:34:19.080[Battery Energy]54.32
2020-02-08_12:34:19.080[Status]Routing Start.
2020-02-08_12:34:19.252[Status]{'coordinate': [629.3858218301615, 162.08666655219687], 'id': 16}
2020-02-08_12:34:19.252[Status]Routing 66: Walk: 57
2020-02-08_12:34:19.354[Battery Energy]54.12
2020-02-08_12:34:19.354[Status]Routing Start.
2020-02-08_12:34:19.654[Status]{'coordinate': [639.322415195603, 163.21099403556875], 'id': 16}
2020-02-08_12:34:19.654[Status]Routing 67: Walk: 58
2020-02-08_12:34:19.770[Battery Energy]53.83
2020-02-08_12:34:19.770[Status]Routing Start.
2020-02-08_12:34:20.123[Status]{'coordinate': [649.2590085610444, 164.33532151894062], 'id': 16}
2020-02-08_12:34:20.123[Status]Routing 68: Walk: 59
2020-02-08_12:34:20.226[Battery Energy]53.55
2020-02-08_12:34:20.226[Status]Routing Start.
2020-02-08_12:34:20.561[Status]{'coordinate': [659.1956019264859, 165.4596490023125], 'id': 16}
2020-02-08_12:34:20.561[Status]Routing 69: Walk: 60
2020-02-08_12:34:20.661[Battery Energy]53.27
2020-02-08_12:34:20.661[Status]Routing Start.
2020-02-08_12:34:20.812[Status]{'coordinate': [669.1321952919274, 166.5839764856844], 'id': 16}
2020-02-08_12:34:20.812[Status]Routing 70: Walk: 61
2020-02-08_12:34:20.926[Battery Energy]53.08
2020-02-08_12:34:20.926[Status]Routing Start.
2020-02-08_12:34:21.070[Status]{'coordinate': [679.0687886573688, 167.70830396905626], 'id': 16}
2020-02-08_12:34:21.070[Status]Routing 71: Walk: 62
2020-02-08_12:34:21.171[Battery Energy]52.88
2020-02-08_12:34:21.171[Status]Routing Start.
2020-02-08_12:34:21.356[Status]{'coordinate': [689.0053820228103, 168.83263145242816], 'id': 16}
2020-02-08_12:34:21.356[Status]Routing 72: Walk: 63
2020-02-08_12:34:21.456[Battery Energy]52.67
2020-02-08_12:34:21.457[Status]Routing Start.
2020-02-08_12:34:21.626[Status]{'coordinate': [698.9419753882518, 169.95695893580006], 'id': 16}
2020-02-08_12:34:21.627[Status]Routing 73: Walk: 64
2020-02-08_12:34:21.742[Battery Energy]52.45
2020-02-08_12:34:21.742[Status]Routing Start.
2020-02-08_12:34:21.875[Status]{'coordinate': [708.8785687536932, 171.08128641917193], 'id': 16}
2020-02-08_12:34:21.876[Status]Routing 74: Walk: 65
2020-02-08_12:34:21.976[Battery Energy]52.23
2020-02-08_12:34:21.976[Status]Routing Start.
2020-02-08_12:34:22.135[Status]{'coordinate': [718.8151621191347, 172.20561390254383], 'id': 16}
2020-02-08_12:34:22.136[Status]Routing 75: Walk: 66
2020-02-08_12:34:22.237[Battery Energy]52.02
2020-02-08_12:34:22.237[Status]Routing Start.
2020-02-08_12:34:22.388[Status]{'coordinate': [728.7517554845762, 173.32994138591573], 'id': 16}
2020-02-08_12:34:22.388[Status]Routing 76: Walk: 67
2020-02-08_12:34:22.494[Battery Energy]51.81
2020-02-08_12:34:22.494[Status]Routing Start.
2020-02-08_12:34:22.656[Status]{'coordinate': [738.6883488500176, 174.4542688692876], 'id': 16}
2020-02-08_12:34:22.656[Status]Routing 77: Walk: 68
2020-02-08_12:34:22.774[Battery Energy]51.61
2020-02-08_12:34:22.774[Status]Routing Start.
2020-02-08_12:34:22.910[Status]{'coordinate': [748.6249422154591, 175.5785963526595], 'id': 16}
2020-02-08_12:34:22.910[Status]Routing 78: Walk: 69
2020-02-08_12:34:23.011[Battery Energy]51.41
2020-02-08_12:34:23.011[Status]Routing Start.
2020-02-08_12:34:23.350[Status]{'coordinate': [758.5615355809006, 176.7029238360314], 'id': 16}
2020-02-08_12:34:23.350[Status]Routing 79: Walk: 70
2020-02-08_12:34:23.454[Battery Energy]51.07
2020-02-08_12:34:23.454[Status]Routing Start.
2020-02-08_12:34:23.770[Status]{'coordinate': [768.498128946342, 177.82725131940327], 'id': 16}
2020-02-08_12:34:23.771[Status]Routing 80: Walk: 71
2020-02-08_12:34:23.871[Battery Energy]50.75
2020-02-08_12:34:23.871[Status]Routing Start.
2020-02-08_12:34:24.020[Status]{'coordinate': [778.4347223117835, 178.95157880277517], 'id': 16}
2020-02-08_12:34:24.020[Status]Routing 81: Walk: 72
2020-02-08_12:34:24.126[Battery Energy]50.56
2020-02-08_12:34:24.126[Status]Routing Start.
2020-02-08_12:34:24.261[Status]{'coordinate': [788.371315677225, 180.07590628614707], 'id': 16}
2020-02-08_12:34:24.261[Status]Routing 82: Walk: 73
2020-02-08_12:34:24.378[Battery Energy]50.36
2020-02-08_12:34:24.378[Status]Routing Start.
2020-02-08_12:34:24.526[Status]{'coordinate': [798.3079090426664, 181.20023376951895], 'id': 16}
2020-02-08_12:34:24.527[Status]Routing 83: Walk: 74
2020-02-08_12:34:24.646[Battery Energy]50.13
2020-02-08_12:34:24.646[Status]Routing Start.
2020-02-08_12:34:24.787[Status]{'coordinate': [808.2445024081079, 182.32456125289085], 'id': 16}
2020-02-08_12:34:24.787[Status]Routing 84: Walk: 75
2020-02-08_12:34:24.898[Battery Energy]49.94
2020-02-08_12:34:24.898[Status]Routing Start.
2020-02-08_12:34:25.067[Status]{'coordinate': [818.1810957735494, 183.44888873626275], 'id': 16}
2020-02-08_12:34:25.067[Status]Routing 85: Walk: 76
2020-02-08_12:34:25.174[Battery Energy]49.75
2020-02-08_12:34:25.174[Status]Routing Start.
2020-02-08_12:34:25.332[Status]{'coordinate': [828.1176891389908, 184.57321621963462], 'id': 16}
2020-02-08_12:34:25.332[Status]Routing 86: Walk: 77
2020-02-08_12:34:25.434[Battery Energy]49.56
2020-02-08_12:34:25.434[Status]Routing Start.
2020-02-08_12:34:25.706[Status]{'coordinate': [838.0542825044323, 185.69754370300652], 'id': 16}
2020-02-08_12:34:25.706[Status]Routing 87: Walk: 78
2020-02-08_12:34:25.810[Battery Energy]49.28
2020-02-08_12:34:25.810[Status]Routing Start.
2020-02-08_12:34:26.151[Status]{'coordinate': [847.9908758698738, 186.8218711863784], 'id': 16}
2020-02-08_12:34:26.151[Status]Routing 88: Walk: 79
2020-02-08_12:34:26.260[Battery Energy]48.94
2020-02-08_12:34:26.260[Status]Routing Start.
2020-02-08_12:34:26.583[Status]{'coordinate': [857.9274692353152, 187.9461986697503], 'id': 16}
2020-02-08_12:34:26.584[Status]Routing 89: Walk: 80
2020-02-08_12:34:26.685[Battery Energy]48.67
2020-02-08_12:34:26.685[Status]Routing Start.
2020-02-08_12:34:27.118[Status]Routing 90: Walk: 80
2020-02-08_12:34:27.218[Battery Energy]48.27
2020-02-08_12:34:27.218[Status]Routing Start.
2020-02-08_12:34:27.542[Status]Routing 91: Walk: 80
2020-02-08_12:34:27.642[Battery Energy]47.96
2020-02-08_12:34:27.642[Status]Routing Start.
2020-02-08_12:34:27.971[Status]Routing 92: Walk: 80
2020-02-08_12:34:28.072[Battery Energy]47.62
2020-02-08_12:34:28.072[Status]Routing Start.
2020-02-08_12:34:28.430[Status]Routing 93: Walk: 80
2020-02-08_12:34:28.530[Battery Energy]47.24
2020-02-08_12:34:28.530[Status]Routing Start.
2020-02-08_12:34:28.681[Status]{'coordinate': [867.8640626007567, 189.0705261531222], 'id': 16}
2020-02-08_12:34:28.681[Status]Routing 94: Walk: 81
2020-02-08_12:34:28.790[Battery Energy]47.03
2020-02-08_12:34:28.790[Status]Routing Start.
2020-02-08_12:34:28.931[Status]{'coordinate': [877.8006559661982, 190.19485363649406], 'id': 16}
2020-02-08_12:34:28.931[Status]Routing 95: Walk: 82
2020-02-08_12:34:29.032[Battery Energy]46.84
2020-02-08_12:34:29.032[Status]Routing Start.
2020-02-08_12:34:29.201[Status]{'coordinate': [887.7372493316396, 191.31918111986596], 'id': 16}
2020-02-08_12:34:29.201[Status]Routing 96: Walk: 83
2020-02-08_12:34:29.310[Battery Energy]46.63
2020-02-08_12:34:29.310[Status]Routing Start.
2020-02-08_12:34:29.469[Status]{'coordinate': [897.6738426970811, 192.44350860323786], 'id': 16}
2020-02-08_12:34:29.470[Status]Routing 97: Walk: 84
2020-02-08_12:34:29.572[Battery Energy]46.41
2020-02-08_12:34:29.572[Status]Routing Start.
2020-02-08_12:34:29.760[Status]{'coordinate': [907.6104360625226, 193.56783608660973], 'id': 16}
2020-02-08_12:34:29.760[Status]Routing 98: Walk: 85
2020-02-08_12:34:29.874[Battery Energy]46.19
2020-02-08_12:34:29.874[Status]Routing Start.
2020-02-08_12:34:30.113[Status]{'coordinate': [917.547029427964, 194.69216356998163], 'id': 16}
2020-02-08_12:34:30.113[Status]Routing 99: Walk: 86
2020-02-08_12:34:30.234[Battery Energy]45.95
2020-02-08_12:34:30.234[Status]Routing Start.
2020-02-08_12:34:30.428[Status]{'coordinate': [927.4836227934055, 195.8164910533535], 'id': 16}
2020-02-08_12:34:30.428[Status]Routing 100: Walk: 87
2020-02-08_12:34:30.536[Battery Energy]45.68
2020-02-08_12:34:30.536[Status]Routing Start.
2020-02-08_12:34:30.701[Status]{'coordinate': [937.420216158847, 196.9408185367254], 'id': 16}
2020-02-08_12:34:30.701[Status]Routing 101: Walk: 88
2020-02-08_12:34:30.812[Battery Energy]45.48
2020-02-08_12:34:30.812[Status]Routing Start.
2020-02-08_12:34:31.045[Status]{'coordinate': [947.3568095242885, 198.0651460200973], 'id': 16}
2020-02-08_12:34:31.045[Status]Routing 102: Walk: 89
2020-02-08_12:34:31.156[Battery Energy]45.21
2020-02-08_12:34:31.156[Status]Routing Start.
2020-02-08_12:34:31.311[Status]{'coordinate': [957.2934028897299, 199.18947350346917], 'id': 16}
2020-02-08_12:34:31.311[Status]Routing 103: Walk: 90
2020-02-08_12:34:31.411[Battery Energy]44.99
2020-02-08_12:34:31.412[Status]Routing Start.
2020-02-08_12:34:31.586[Status]{'coordinate': [967.2299962551714, 200.31380098684107], 'id': 16}
2020-02-08_12:34:31.586[Status]Routing 104: Walk: 91
2020-02-08_12:34:31.694[Battery Energy]44.77
2020-02-08_12:34:31.694[Status]Routing Start.
2020-02-08_12:34:31.856[Status]{'coordinate': [977.1665896206129, 201.43812847021297], 'id': 16}
2020-02-08_12:34:31.856[Status]Routing 105: Walk: 92
2020-02-08_12:34:31.956[Battery Energy]44.55
2020-02-08_12:34:31.956[Status]Routing Start.
2020-02-08_12:34:32.198[Status]{'coordinate': [987.1031829860543, 202.56245595358484], 'id': 16}
2020-02-08_12:34:32.198[Status]Routing 106: Walk: 93
2020-02-08_12:34:32.301[Battery Energy]44.27
2020-02-08_12:34:32.301[Status]Routing Start.
2020-02-08_12:34:32.461[Status]{'coordinate': [997.0397763514958, 203.68678343695674], 'id': 16}
2020-02-08_12:34:32.461[Status]Routing 107: Walk: 94
2020-02-08_12:34:32.561[Battery Energy]44.04
2020-02-08_12:34:32.561[Status]Routing Start.
2020-02-08_12:34:32.730[Status]{'coordinate': [1006.9763697169373, 204.81111092032864], 'id': 16}
2020-02-08_12:34:32.730[Status]Routing 108: Walk: 95
2020-02-08_12:34:32.830[Battery Energy]43.82
2020-02-08_12:34:32.830[Status]Routing Start.
2020-02-08_12:34:32.830[Status]Task Finished.
2020-02-08_12:34:32.930[Battery Energy]43.82
2020-02-08_12:34:33.076[Status]Routing 110: Walk: 95
2020-02-08_12:34:33.176[Battery Energy]43.73
2020-02-08_12:34:33.315[Status]Routing 111: Walk: 95
2020-02-08_12:34:33.430[Battery Energy]43.62
2020-02-08_12:34:33.559[Status]Routing 112: Walk: 95
2020-02-08_12:34:33.659[Battery Energy]43.52
2020-02-08_12:34:33.826[Status]Routing 113: Walk: 95
2020-02-08_12:34:33.938[Battery Energy]43.39
2020-02-08_12:34:34.169[Status]Routing 114: Walk: 95
2020-02-08_12:34:34.276[Battery Energy]43.21
2020-02-08_12:34:34.532[Status]Routing 115: Walk: 95
2020-02-08_12:34:34.638[Battery Energy]43.05
2020-02-08_12:34:34.797[Status]Routing 116: Walk: 95
2020-02-08_12:34:34.897[Battery Energy]42.93
2020-02-08_12:34:35.058[Status]Routing 117: Walk: 95
2020-02-08_12:34:35.165[Battery Energy]42.82
2020-02-08_12:34:35.448[Status]Routing 118: Walk: 95
2020-02-08_12:34:35.550[Battery Energy]42.59
2020-02-08_12:34:35.903[Status]Routing 119: Walk: 95
2020-02-08_12:34:36.003[Battery Energy]42.35
2020-02-08_12:34:36.343[Status]Routing 120: Walk: 95
2020-02-08_12:34:36.443[Battery Energy]42.13
2020-02-08_12:34:36.696[Status]Routing 121: Walk: 95
2020-02-08_12:34:36.806[Battery Energy]41.94
2020-02-08_12:34:37.130[Status]Routing 122: Walk: 95
2020-02-08_12:34:37.242[Battery Energy]41.72
2020-02-08_12:34:37.371[Status]Routing 123: Walk: 95
2020-02-08_12:34:37.472[Battery Energy]41.62
2020-02-08_12:34:37.666[Status]Routing 124: Walk: 95
2020-02-08_12:34:37.774[Battery Energy]41.51
2020-02-08_12:34:37.948[Status]Routing 125: Walk: 95
2020-02-08_12:34:38.054[Battery Energy]41.41
2020-02-08_12:34:38.180[Status]Routing 126: Walk: 95
2020-02-08_12:34:38.285[Battery Energy]41.33
2020-02-08_12:34:38.451[Status]Routing 127: Walk: 95
2020-02-08_12:34:38.553[Battery Energy]41.21
2020-02-08_12:34:38.714[Status]Routing 128: Walk: 95
2020-02-08_12:34:38.826[Battery Energy]41.07
2020-02-08_12:34:38.976[Status]Routing 129: Walk: 95
2020-02-08_12:34:39.076[Battery Energy]40.95
2020-02-08_12:34:39.300[Status]Routing 130: Walk: 95
2020-02-08_12:34:39.406[Battery Energy]40.83
2020-02-08_12:34:39.537[Status]Routing 131: Walk: 95
2020-02-08_12:34:39.646[Battery Energy]40.72
2020-02-08_12:34:39.798[Status]Routing 132: Walk: 95
2020-02-08_12:34:39.908[Battery Energy]40.61
2020-02-08_12:34:40.064[Status]Routing 133: Walk: 95
2020-02-08_12:34:40.165[Battery Energy]40.51
2020-02-08_12:34:40.333[Status]Routing 134: Walk: 95
2020-02-08_12:34:40.434[Battery Energy]40.40
2020-02-08_12:34:40.590[Status]Routing 135: Walk: 95
2020-02-08_12:34:40.690[Battery Energy]40.29
2020-02-08_12:34:40.862[Status]Routing 136: Walk: 95
2020-02-08_12:34:40.966[Battery Energy]40.16
2020-02-08_12:34:41.123[Status]Routing 137: Walk: 95
2020-02-08_12:34:41.230[Battery Energy]40.04
2020-02-08_12:34:41.379[Status]Routing 138: Walk: 95
2020-02-08_12:34:41.482[Battery Energy]39.92
2020-02-08_12:34:41.622[Status]Routing 139: Walk: 95
2020-02-08_12:34:41.730[Battery Energy]39.82
2020-02-08_12:34:41.959[Status]Routing 140: Walk: 95
2020-02-08_12:34:42.078[Battery Energy]39.67
2020-02-08_12:34:42.217[Status]Routing 141: Walk: 95
2020-02-08_12:34:42.321[Battery Energy]39.56
2020-02-08_12:34:42.495[Status]Routing 142: Walk: 95
2020-02-08_12:34:42.606[Battery Energy]39.45
2020-02-08_12:34:42.744[Status]Routing 143: Walk: 95
2020-02-08_12:34:42.845[Battery Energy]39.35
2020-02-08_12:34:42.976[Status]Routing 144: Walk: 95
2020-02-08_12:34:43.081[Battery Energy]39.24
2020-02-08_12:34:43.221[Status]Routing 145: Walk: 95
2020-02-08_12:34:43.321[Battery Energy]39.15
2020-02-08_12:34:43.486[Status]Routing 146: Walk: 95
2020-02-08_12:34:43.586[Battery Energy]39.05
2020-02-08_12:34:43.743[Status]Routing 147: Walk: 95
2020-02-08_12:34:43.850[Battery Energy]38.92
2020-02-08_12:34:44.016[Status]Routing 148: Walk: 95
2020-02-08_12:34:44.120[Battery Energy]38.79
2020-02-08_12:34:44.267[Status]Routing 149: Walk: 95
2020-02-08_12:34:44.378[Battery Energy]38.67
2020-02-08_12:34:44.539[Status]Routing 150: Walk: 95
2020-02-08_12:34:44.646[Battery Energy]38.54
2020-02-08_12:34:44.861[Status]Routing 151: Walk: 95
2020-02-08_12:34:44.970[Battery Energy]38.42
2020-02-08_12:34:45.101[Status]Routing 152: Walk: 95
2020-02-08_12:34:45.210[Battery Energy]38.33
2020-02-08_12:34:45.361[Status]Routing 153: Walk: 95
2020-02-08_12:34:45.470[Battery Energy]38.22
2020-02-08_12:34:45.606[Status]Routing 154: Walk: 95
2020-02-08_12:34:45.718[Battery Energy]38.13
2020-02-08_12:34:45.852[Status]Routing 155: Walk: 95
2020-02-08_12:34:45.966[Battery Energy]38.02
2020-02-08_12:34:46.111[Status]Routing 156: Walk: 95
2020-02-08_12:34:46.223[Battery Energy]37.89
2020-02-08_12:34:46.376[Status]Routing 157: Walk: 95
2020-02-08_12:34:46.494[Battery Energy]37.78
2020-02-08_12:34:46.647[Status]Routing 158: Walk: 95
2020-02-08_12:34:46.759[Battery Energy]37.68
2020-02-08_12:34:46.910[Status]Routing 159: Walk: 95
2020-02-08_12:34:47.014[Battery Energy]37.57
2020-02-08_12:34:47.153[Status]Routing 160: Walk: 95
2020-02-08_12:34:47.253[Battery Energy]37.47
2020-02-08_12:34:47.407[Status]Routing 161: Walk: 95
2020-02-08_12:34:47.514[Battery Energy]37.36
2020-02-08_12:34:47.659[Status]Routing 162: Walk: 95
2020-02-08_12:34:47.770[Battery Energy]37.25
2020-02-08_12:34:47.912[Status]Routing 163: Walk: 95
2020-02-08_12:34:48.012[Battery Energy]37.15
2020-02-08_12:34:48.143[Status]Routing 164: Walk: 95
2020-02-08_12:34:48.250[Battery Energy]37.05
2020-02-08_12:34:48.399[Status]Routing 165: Walk: 95
2020-02-08_12:34:48.509[Battery Energy]36.94
2020-02-08_12:34:48.641[Status]Routing 166: Walk: 95
2020-02-08_12:34:48.742[Battery Energy]36.85
2020-02-08_12:34:48.884[Status]Routing 167: Walk: 95
2020-02-08_12:34:48.986[Battery Energy]36.75
2020-02-08_12:34:49.138[Status]Routing 168: Walk: 95
2020-02-08_12:34:49.270[Battery Energy]36.62
2020-02-08_12:34:49.406[Status]Routing 169: Walk: 95
2020-02-08_12:34:49.506[Battery Energy]36.52
2020-02-08_12:34:49.643[Status]Routing 170: Walk: 95
2020-02-08_12:34:49.758[Battery Energy]36.43
2020-02-08_12:34:49.906[Status]Routing 171: Walk: 95
2020-02-08_12:34:50.018[Battery Energy]36.31
2020-02-08_12:34:50.159[Status]Routing 172: Walk: 95
2020-02-08_12:34:50.264[Battery Energy]36.22
2020-02-08_12:34:50.397[Status]Routing 173: Walk: 95
2020-02-08_12:34:50.500[Battery Energy]36.13
2020-02-08_12:34:50.679[Status]Routing 174: Walk: 95
2020-02-08_12:34:50.782[Battery Energy]36.02
2020-02-08_12:34:50.916[Status]Routing 175: Walk: 95
2020-02-08_12:34:51.038[Battery Energy]35.91
2020-02-08_12:34:51.159[Status]Routing 176: Walk: 95
2020-02-08_12:34:51.270[Battery Energy]35.82
2020-02-08_12:34:51.433[Status]Routing 177: Walk: 95
2020-02-08_12:34:51.538[Battery Energy]35.70
2020-02-08_12:34:51.683[Status]Routing 178: Walk: 95
2020-02-08_12:34:51.783[Battery Energy]35.60
2020-02-08_12:34:51.943[Status]Routing 179: Walk: 95
2020-02-08_12:34:52.050[Battery Energy]35.50
2020-02-08_12:34:52.193[Status]Routing 180: Walk: 95
2020-02-08_12:34:52.298[Battery Energy]35.38
2020-02-08_12:34:52.460[Status]Routing 181: Walk: 95
2020-02-08_12:34:52.560[Battery Energy]35.27
2020-02-08_12:34:52.709[Status]Routing 182: Walk: 95
2020-02-08_12:34:52.825[Battery Energy]35.17
2020-02-08_12:34:52.968[Status]Routing 183: Walk: 95
2020-02-08_12:34:53.068[Battery Energy]35.05
2020-02-08_12:34:53.248[Status]Routing 184: Walk: 95
2020-02-08_12:34:53.348[Battery Energy]34.91
2020-02-08_12:34:53.496[Status]Routing 185: Walk: 95
2020-02-08_12:34:53.596[Battery Energy]34.81
2020-02-08_12:34:53.787[Status]Routing 186: Walk: 95
2020-02-08_12:34:53.887[Battery Energy]34.73
2020-02-08_12:34:54.046[Status]Routing 187: Walk: 95
2020-02-08_12:34:54.149[Battery Energy]34.62
2020-02-08_12:34:54.304[Status]Routing 188: Walk: 95
2020-02-08_12:34:54.409[Battery Energy]34.52
2020-02-08_12:34:54.564[Status]Routing 189: Walk: 95
2020-02-08_12:34:54.664[Battery Energy]34.43
2020-02-08_12:34:54.818[Status]Routing 190: Walk: 95
2020-02-08_12:34:54.930[Battery Energy]34.31
2020-02-08_12:34:55.065[Status]Routing 191: Walk: 95
2020-02-08_12:34:55.173[Battery Energy]34.23
2020-02-08_12:34:55.338[Status]Routing 192: Walk: 95
2020-02-08_12:34:55.442[Battery Energy]34.12
2020-02-08_12:34:55.569[Status]Routing 193: Walk: 95
2020-02-08_12:34:55.669[Battery Energy]34.01
2020-02-08_12:34:55.849[Status]Routing 194: Walk: 95
2020-02-08_12:34:55.962[Battery Energy]33.86
2020-02-08_12:34:56.138[Status]Routing 195: Walk: 95
2020-02-08_12:34:56.254[Battery Energy]33.73
2020-02-08_12:34:56.385[Status]Routing 196: Walk: 95
2020-02-08_12:34:56.498[Battery Energy]33.64
2020-02-08_12:34:56.646[Status]Routing 197: Walk: 95
2020-02-08_12:34:56.750[Battery Energy]33.55
2020-02-08_12:34:56.904[Status]Routing 198: Walk: 95
2020-02-08_12:34:57.014[Battery Energy]33.43
2020-02-08_12:34:57.158[Status]Routing 199: Walk: 95
2020-02-08_12:34:57.258[Battery Energy]33.32
2020-02-08_12:34:57.413[Status]Routing 200: Walk: 95
2020-02-08_12:34:57.514[Battery Energy]33.21
2020-02-08_12:34:57.646[Status]Routing 201: Walk: 95
2020-02-08_12:34:57.748[Battery Energy]33.10
2020-02-08_12:34:57.914[Status]Routing 202: Walk: 95
2020-02-08_12:34:58.026[Battery Energy]33.00
2020-02-08_12:34:58.179[Status]Routing 203: Walk: 95
2020-02-08_12:34:58.281[Battery Energy]32.88
2020-02-08_12:34:58.435[Status]Routing 204: Walk: 95
2020-02-08_12:34:58.540[Battery Energy]32.78
2020-02-08_12:34:58.706[Status]Routing 205: Walk: 95
2020-02-08_12:34:58.814[Battery Energy]32.66
2020-02-08_12:34:58.945[Status]Routing 206: Walk: 95
2020-02-08_12:34:59.054[Battery Energy]32.55
2020-02-08_12:34:59.205[Status]Routing 207: Walk: 95
2020-02-08_12:34:59.318[Battery Energy]32.45
2020-02-08_12:34:59.454[Status]Routing 208: Walk: 95
2020-02-08_12:34:59.558[Battery Energy]32.35
2020-02-08_12:34:59.701[Status]Routing 209: Walk: 95
2020-02-08_12:34:59.806[Battery Energy]32.24
2020-02-08_12:34:59.962[Status]Routing 210: Walk: 95
2020-02-08_12:35:00.070[Battery Energy]32.11
2020-02-08_12:35:00.220[Status]Routing 211: Walk: 95
2020-02-08_12:35:00.326[Battery Energy]31.98
2020-02-08_12:35:00.458[Status]Routing 212: Walk: 95
2020-02-08_12:35:00.560[Battery Energy]31.87
2020-02-08_12:35:00.693[Status]Routing 213: Walk: 95
2020-02-08_12:35:00.802[Battery Energy]31.76
2020-02-08_12:35:00.981[Status]Routing 214: Walk: 95
2020-02-08_12:35:01.090[Battery Energy]31.64
2020-02-08_12:35:01.222[Status]Routing 215: Walk: 95
2020-02-08_12:35:01.338[Battery Energy]31.54
2020-02-08_12:35:01.475[Status]Routing 216: Walk: 95
2020-02-08_12:35:01.575[Battery Energy]31.43
2020-02-08_12:35:01.724[Status]Routing 217: Walk: 95
2020-02-08_12:35:01.824[Battery Energy]31.33
2020-02-08_12:35:01.986[Status]Routing 218: Walk: 95
2020-02-08_12:35:02.092[Battery Energy]31.21
2020-02-08_12:35:02.251[Status]Routing 219: Walk: 95
2020-02-08_12:35:02.358[Battery Energy]31.09
2020-02-08_12:35:02.554[Status]Routing 220: Walk: 95
2020-02-08_12:35:02.658[Battery Energy]30.96
2020-02-08_12:35:02.807[Status]Routing 221: Walk: 95
2020-02-08_12:35:02.918[Battery Energy]30.86
2020-02-08_12:35:03.090[Status]Routing 222: Walk: 95
2020-02-08_12:35:03.194[Battery Energy]30.75
2020-02-08_12:35:03.378[Status]Routing 223: Walk: 95
2020-02-08_12:35:03.478[Battery Energy]30.63
2020-02-08_12:35:03.644[Status]Routing 224: Walk: 95
2020-02-08_12:35:03.754[Battery Energy]30.51
2020-02-08_12:35:03.875[Status]Routing 225: Walk: 95
2020-02-08_12:35:03.986[Battery Energy]30.41
