2020-02-08_13:37:25.830[Status]Start.
2020-02-08_13:37:25.830[Battery Energy]109.00
2020-02-08_13:37:26.931[Battery Energy]108.96
2020-02-08_13:37:28.032[Battery Energy]108.92
2020-02-08_13:37:29.133[Battery Energy]108.88
2020-02-08_13:37:30.234[Battery Energy]108.84
2020-02-08_13:37:31.334[Task]A New Task Released.
2020-02-08_13:37:31.334[Battery Energy]108.80
2020-02-08_13:37:31.335[Status]Selection Start.
2020-02-08_13:37:33.014[Status]Selection End: Do Task 2.
2020-02-08_13:37:33.114[Battery Energy]107.75
2020-02-08_13:37:33.115[Status]Formation Start.
2020-02-08_13:37:33.282[Status]Formation End: To Position 0.
2020-02-08_13:37:33.394[Battery Energy]107.60
2020-02-08_13:37:33.394[Status]Routing Start.
2020-02-08_13:37:33.520[Status]{'id': 19, 'coordinate': [139.59505695394245, 772.8887383202887]}
2020-02-08_13:37:33.520[Status]Routing 1: Walk: 1
2020-02-08_13:37:33.620[Battery Energy]107.39
2020-02-08_13:37:33.620[Status]Routing Start.
2020-02-08_13:37:33.768[Status]{'id': 19, 'coordinate': [148.1901139078849, 767.7774766405773]}
2020-02-08_13:37:33.768[Status]Routing 2: Walk: 2
2020-02-08_13:37:33.868[Battery Energy]107.18
2020-02-08_13:37:33.868[Status]Routing Start.
2020-02-08_13:37:34.020[Status]{'id': 19, 'coordinate': [156.78517086182734, 762.666214960866]}
2020-02-08_13:37:34.020[Status]Routing 3: Walk: 3
2020-02-08_13:37:34.130[Battery Energy]106.96
2020-02-08_13:37:34.130[Status]Routing Start.
2020-02-08_13:37:34.293[Status]{'id': 19, 'coordinate': [165.38022781576979, 757.5549532811547]}
2020-02-08_13:37:34.296[Status]Routing 4: Walk: 4
2020-02-08_13:37:34.396[Battery Energy]106.77
2020-02-08_13:37:34.396[Status]Routing Start.
2020-02-08_13:37:34.537[Status]{'id': 19, 'coordinate': [173.97528476971223, 752.4436916014433]}
2020-02-08_13:37:34.537[Status]Routing 5: Walk: 5
2020-02-08_13:37:34.650[Battery Energy]106.55
2020-02-08_13:37:34.650[Status]Routing Start.
2020-02-08_13:37:34.936[Status]{'id': 19, 'coordinate': [182.57034172365468, 747.332429921732]}
2020-02-08_13:37:34.936[Status]Routing 6: Walk: 6
2020-02-08_13:37:35.036[Battery Energy]106.27
2020-02-08_13:37:35.036[Status]Routing Start.
2020-02-08_13:37:35.376[Status]{'id': 19, 'coordinate': [191.16539867759712, 742.2211682420207]}
2020-02-08_13:37:35.376[Status]Routing 7: Walk: 7
2020-02-08_13:37:35.477[Battery Energy]105.91
2020-02-08_13:37:35.477[Status]Routing Start.
2020-02-08_13:37:35.814[Status]{'id': 19, 'coordinate': [199.76045563153957, 737.1099065623093]}
2020-02-08_13:37:35.814[Status]Routing 8: Walk: 8
2020-02-08_13:37:35.914[Battery Energy]105.58
2020-02-08_13:37:35.915[Status]Routing Start.
2020-02-08_13:37:36.245[Status]{'id': 19, 'coordinate': [208.35551258548202, 731.998644882598]}
2020-02-08_13:37:36.245[Status]Routing 9: Walk: 9
2020-02-08_13:37:36.346[Battery Energy]105.29
2020-02-08_13:37:36.346[Status]Routing Start.
2020-02-08_13:37:36.707[Status]{'id': 19, 'coordinate': [216.95056953942446, 726.8873832028867]}
2020-02-08_13:37:36.707[Status]Routing 10: Walk: 10
2020-02-08_13:37:36.810[Battery Energy]104.96
2020-02-08_13:37:36.810[Status]Routing Start.
2020-02-08_13:37:37.131[Status]{'id': 19, 'coordinate': [225.5456264933669, 721.7761215231753]}
2020-02-08_13:37:37.132[Status]Routing 11: Walk: 11
2020-02-08_13:37:37.233[Battery Energy]104.66
2020-02-08_13:37:37.233[Status]Routing Start.
2020-02-08_13:37:37.569[Status]{'id': 19, 'coordinate': [234.14068344730936, 716.664859843464]}
2020-02-08_13:37:37.569[Status]Routing 12: Walk: 12
2020-02-08_13:37:37.678[Battery Energy]104.36
2020-02-08_13:37:37.678[Status]Routing Start.
2020-02-08_13:37:38.029[Status]{'id': 19, 'coordinate': [242.7357404012518, 711.5535981637527]}
2020-02-08_13:37:38.029[Status]Routing 13: Walk: 13
2020-02-08_13:37:38.129[Battery Energy]104.05
2020-02-08_13:37:38.129[Status]Routing Start.
2020-02-08_13:37:38.498[Status]{'id': 19, 'coordinate': [251.33079735519425, 706.4423364840413]}
2020-02-08_13:37:38.498[Status]Routing 14: Walk: 14
2020-02-08_13:37:38.598[Battery Energy]103.76
2020-02-08_13:37:38.598[Status]Routing Start.
2020-02-08_13:37:38.916[Status]{'id': 19, 'coordinate': [259.9258543091367, 701.33107480433]}
2020-02-08_13:37:38.916[Status]Routing 15: Walk: 15
2020-02-08_13:37:39.016[Battery Energy]103.48
2020-02-08_13:37:39.016[Status]Routing Start.
2020-02-08_13:37:39.491[Status]{'id': 19, 'coordinate': [267.09799970851793, 708.2995990648986]}
2020-02-08_13:37:39.493[Status]Routing 16: Walk: 16
2020-02-08_13:37:39.593[Battery Energy]103.04
2020-02-08_13:37:39.594[Status]Routing Start.
2020-02-08_13:37:39.753[Status]{'id': 19, 'coordinate': [275.6446322448968, 703.1077716132098]}
2020-02-08_13:37:39.753[Status]Routing 17: Walk: 17
2020-02-08_13:37:39.853[Battery Energy]102.82
2020-02-08_13:37:39.853[Status]Routing Start.
2020-02-08_13:37:40.150[Status]{'id': 19, 'coordinate': [284.19126478127566, 697.915944161521]}
2020-02-08_13:37:40.150[Status]Routing 18: Walk: 18
2020-02-08_13:37:40.266[Battery Energy]102.55
2020-02-08_13:37:40.266[Status]Routing Start.
2020-02-08_13:37:40.565[Status]{'id': 19, 'coordinate': [292.73789731765453, 692.7241167098322]}
2020-02-08_13:37:40.565[Status]Routing 19: Walk: 19
2020-02-08_13:37:40.678[Battery Energy]102.24
2020-02-08_13:37:40.678[Status]Routing Start.
2020-02-08_13:37:41.065[Status]{'id': 19, 'coordinate': [301.2845298540334, 687.5322892581434]}
2020-02-08_13:37:41.065[Status]Routing 20: Walk: 20
2020-02-08_13:37:41.169[Battery Energy]101.94
2020-02-08_13:37:41.169[Status]Routing Start.
2020-02-08_13:37:41.496[Status]{'id': 19, 'coordinate': [309.83116239041226, 682.3404618064545]}
2020-02-08_13:37:41.496[Status]Routing 21: Walk: 21
2020-02-08_13:37:41.596[Battery Energy]101.60
2020-02-08_13:37:41.596[Status]Routing Start.
2020-02-08_13:37:41.907[Status]{'id': 19, 'coordinate': [318.3777949267911, 677.1486343547657]}
2020-02-08_13:37:41.907[Status]Routing 22: Walk: 22
2020-02-08_13:37:42.014[Battery Energy]101.30
2020-02-08_13:37:42.014[Status]Routing Start.
2020-02-08_13:37:42.352[Status]{'id': 19, 'coordinate': [326.92442746317, 671.9568069030769]}
2020-02-08_13:37:42.352[Status]Routing 23: Walk: 23
2020-02-08_13:37:42.457[Battery Energy]100.97
2020-02-08_13:37:42.457[Status]Routing Start.
2020-02-08_13:37:42.817[Status]{'id': 19, 'coordinate': [335.47105999954886, 666.7649794513881]}
2020-02-08_13:37:42.817[Status]Routing 24: Walk: 24
2020-02-08_13:37:42.923[Battery Energy]100.67
2020-02-08_13:37:42.923[Status]Routing Start.
2020-02-08_13:37:43.077[Status]{'id': 19, 'coordinate': [344.0176925359277, 661.5731519996992]}
2020-02-08_13:37:43.079[Status]Routing 25: Walk: 25
2020-02-08_13:37:43.186[Battery Energy]100.49
2020-02-08_13:37:43.186[Status]Routing Start.
2020-02-08_13:37:43.353[Status]{'id': 19, 'coordinate': [352.5643250723066, 656.3813245480104]}
2020-02-08_13:37:43.353[Status]Routing 26: Walk: 26
2020-02-08_13:37:43.470[Battery Energy]100.29
2020-02-08_13:37:43.470[Status]Routing Start.
2020-02-08_13:37:43.621[Status]{'id': 19, 'coordinate': [361.11095760868545, 651.1894970963216]}
2020-02-08_13:37:43.621[Status]Routing 27: Walk: 27
2020-02-08_13:37:43.721[Battery Energy]100.08
2020-02-08_13:37:43.721[Status]Routing Start.
2020-02-08_13:37:44.025[Status]{'id': 19, 'coordinate': [369.6575901450643, 645.9976696446328]}
2020-02-08_13:37:44.025[Status]Routing 28: Walk: 28
2020-02-08_13:37:44.142[Battery Energy]99.80
2020-02-08_13:37:44.142[Status]Routing Start.
2020-02-08_13:37:44.439[Status]{'id': 19, 'coordinate': [378.2042226814432, 640.8058421929439]}
2020-02-08_13:37:44.439[Status]Routing 29: Walk: 29
2020-02-08_13:37:44.540[Battery Energy]99.52
2020-02-08_13:37:44.540[Status]Routing Start.
2020-02-08_13:37:44.831[Status]{'id': 19, 'coordinate': [386.75085521782205, 635.6140147412551]}
2020-02-08_13:37:44.831[Status]Routing 30: Walk: 30
2020-02-08_13:37:44.944[Battery Energy]99.20
2020-02-08_13:37:44.944[Status]Routing Start.
2020-02-08_13:37:45.085[Status]{'id': 19, 'coordinate': [395.2974877542009, 630.4221872895663]}
2020-02-08_13:37:45.085[Status]Routing 31: Walk: 31
2020-02-08_13:37:45.185[Battery Energy]99.00
2020-02-08_13:37:45.185[Status]Routing Start.
2020-02-08_13:37:45.511[Status]{'id': 19, 'coordinate': [403.8441202905798, 625.2303598378775]}
2020-02-08_13:37:45.511[Status]Routing 32: Walk: 32
2020-02-08_13:37:45.614[Battery Energy]98.68
2020-02-08_13:37:45.614[Status]Routing Start.
2020-02-08_13:37:45.962[Status]{'id': 19, 'coordinate': [412.39075282695865, 620.0385323861886]}
2020-02-08_13:37:45.964[Status]Routing 33: Walk: 33
2020-02-08_13:37:46.074[Battery Energy]98.35
2020-02-08_13:37:46.074[Status]Routing Start.
2020-02-08_13:37:46.373[Status]{'id': 19, 'coordinate': [420.9373853633375, 614.8467049344998]}
2020-02-08_13:37:46.374[Status]Routing 34: Walk: 34
2020-02-08_13:37:46.486[Battery Energy]98.06
2020-02-08_13:37:46.486[Status]Routing Start.
2020-02-08_13:37:46.770[Status]{'id': 19, 'coordinate': [429.4840178997164, 609.654877482811]}
2020-02-08_13:37:46.770[Status]Routing 35: Walk: 35
2020-02-08_13:37:46.873[Battery Energy]97.80
2020-02-08_13:37:46.873[Status]Routing Start.
2020-02-08_13:37:47.209[Status]{'id': 19, 'coordinate': [438.03065043609524, 604.4630500311222]}
2020-02-08_13:37:47.209[Status]Routing 36: Walk: 36
2020-02-08_13:37:47.309[Battery Energy]97.48
2020-02-08_13:37:47.309[Status]Routing Start.
2020-02-08_13:37:47.456[Status]{'id': 19, 'coordinate': [446.5772829724741, 599.2712225794334]}
2020-02-08_13:37:47.456[Status]Routing 37: Walk: 37
2020-02-08_13:37:47.557[Battery Energy]97.28
2020-02-08_13:37:47.558[Status]Routing Start.
2020-02-08_13:37:47.814[Status]{'id': 19, 'coordinate': [455.123915508853, 594.0793951277445]}
2020-02-08_13:37:47.814[Status]Routing 38: Walk: 38
2020-02-08_13:37:47.922[Battery Energy]96.99
2020-02-08_13:37:47.922[Status]Routing Start.
2020-02-08_13:37:48.053[Status]{'id': 19, 'coordinate': [463.67054804523184, 588.8875676760557]}
2020-02-08_13:37:48.054[Status]Routing 39: Walk: 39
2020-02-08_13:37:48.166[Battery Energy]96.78
2020-02-08_13:37:48.166[Status]Routing Start.
2020-02-08_13:37:48.460[Status]{'id': 19, 'coordinate': [472.2171805816107, 583.6957402243669]}
2020-02-08_13:37:48.460[Status]Routing 40: Walk: 40
2020-02-08_13:37:48.561[Battery Energy]96.48
2020-02-08_13:37:48.561[Status]Routing Start.
2020-02-08_13:37:48.878[Status]{'id': 19, 'coordinate': [480.76381311798957, 578.5039127726781]}
2020-02-08_13:37:48.878[Status]Routing 41: Walk: 41
2020-02-08_13:37:48.978[Battery Energy]96.18
2020-02-08_13:37:48.978[Status]Routing Start.
2020-02-08_13:37:49.355[Status]{'id': 19, 'coordinate': [489.31044565436844, 573.3120853209892]}
2020-02-08_13:37:49.355[Status]Routing 42: Walk: 42
2020-02-08_13:37:49.455[Battery Energy]95.84
2020-02-08_13:37:49.455[Status]Routing Start.
2020-02-08_13:37:49.628[Status]{'id': 19, 'coordinate': [497.8570781907473, 568.1202578693004]}
2020-02-08_13:37:49.628[Status]Routing 43: Walk: 43
2020-02-08_13:37:49.734[Battery Energy]95.66
2020-02-08_13:37:49.734[Status]Routing Start.
2020-02-08_13:37:50.067[Status]{'id': 19, 'coordinate': [506.40371072712617, 562.9284304176116]}
2020-02-08_13:37:50.067[Status]Routing 44: Walk: 44
2020-02-08_13:37:50.169[Battery Energy]95.32
2020-02-08_13:37:50.169[Status]Routing Start.
2020-02-08_13:37:50.499[Status]{'id': 19, 'coordinate': [514.950343263505, 557.7366029659228]}
2020-02-08_13:37:50.499[Status]Routing 45: Walk: 45
2020-02-08_13:37:50.606[Battery Energy]95.05
2020-02-08_13:37:50.606[Status]Routing Start.
2020-02-08_13:37:50.775[Status]{'id': 19, 'coordinate': [523.4969757998839, 552.544775514234]}
2020-02-08_13:37:50.776[Status]Routing 46: Walk: 46
2020-02-08_13:37:50.886[Battery Energy]94.82
2020-02-08_13:37:50.886[Status]Routing Start.
2020-02-08_13:37:51.024[Status]{'id': 19, 'coordinate': [532.0436083362628, 547.3529480625451]}
2020-02-08_13:37:51.024[Status]Routing 47: Walk: 47
2020-02-08_13:37:51.129[Battery Energy]94.61
2020-02-08_13:37:51.129[Status]Routing Start.
2020-02-08_13:37:51.506[Status]Routing 48: Walk: 47
2020-02-08_13:37:51.606[Battery Energy]94.24
2020-02-08_13:37:51.606[Status]Routing Start.
2020-02-08_13:37:51.760[Status]{'id': 19, 'coordinate': [540.5902408726416, 542.1611206108563]}
2020-02-08_13:37:51.761[Status]Routing 49: Walk: 48
2020-02-08_13:37:51.868[Battery Energy]94.03
2020-02-08_13:37:51.868[Status]Routing Start.
2020-02-08_13:37:52.009[Status]{'id': 19, 'coordinate': [549.1368734090205, 536.9692931591675]}
2020-02-08_13:37:52.009[Status]Routing 50: Walk: 49
2020-02-08_13:37:52.110[Battery Energy]93.83
2020-02-08_13:37:52.110[Status]Routing Start.
2020-02-08_13:37:52.270[Status]{'id': 19, 'coordinate': [557.6835059453994, 531.7774657074787]}
2020-02-08_13:37:52.270[Status]Routing 51: Walk: 50
2020-02-08_13:37:52.382[Battery Energy]93.63
2020-02-08_13:37:52.382[Status]Routing Start.
2020-02-08_13:37:52.525[Status]{'id': 19, 'coordinate': [566.2301384817782, 526.5856382557898]}
2020-02-08_13:37:52.525[Status]Routing 52: Walk: 51
2020-02-08_13:37:52.639[Battery Energy]93.43
2020-02-08_13:37:52.640[Status]Routing Start.
2020-02-08_13:37:52.793[Status]{'id': 19, 'coordinate': [574.7767710181571, 521.393810804101]}
2020-02-08_13:37:52.794[Status]Routing 53: Walk: 52
2020-02-08_13:37:52.902[Battery Energy]93.21
2020-02-08_13:37:52.902[Status]Routing Start.
2020-02-08_13:37:53.044[Status]{'id': 19, 'coordinate': [583.323403554536, 516.2019833524122]}
2020-02-08_13:37:53.044[Status]Routing 54: Walk: 53
2020-02-08_13:37:53.145[Battery Energy]93.01
2020-02-08_13:37:53.145[Status]Routing Start.
2020-02-08_13:37:53.325[Status]{'id': 19, 'coordinate': [591.8700360909148, 511.0101559007233]}
2020-02-08_13:37:53.325[Status]Routing 55: Walk: 54
2020-02-08_13:37:53.434[Battery Energy]92.80
2020-02-08_13:37:53.434[Status]Routing Start.
2020-02-08_13:37:53.770[Status]{'id': 19, 'coordinate': [600.4166686272937, 505.8183284490344]}
2020-02-08_13:37:53.772[Status]Routing 56: Walk: 55
2020-02-08_13:37:53.872[Battery Energy]92.48
2020-02-08_13:37:53.872[Status]Routing Start.
2020-02-08_13:37:54.051[Status]{'id': 19, 'coordinate': [608.9633011636726, 500.62650099734554]}
2020-02-08_13:37:54.051[Status]Routing 57: Walk: 56
2020-02-08_13:37:54.158[Battery Energy]92.26
2020-02-08_13:37:54.158[Status]Routing Start.
2020-02-08_13:37:54.342[Status]{'id': 19, 'coordinate': [617.5099337000514, 495.43467354565666]}
2020-02-08_13:37:54.344[Status]Routing 58: Walk: 57
2020-02-08_13:37:54.453[Battery Energy]92.02
2020-02-08_13:37:54.453[Status]Routing Start.
2020-02-08_13:37:54.588[Status]{'id': 19, 'coordinate': [626.0565662364303, 490.2428460939678]}
2020-02-08_13:37:54.589[Status]Routing 59: Walk: 58
2020-02-08_13:37:54.702[Battery Energy]91.84
2020-02-08_13:37:54.702[Status]Routing Start.
2020-02-08_13:37:54.836[Status]{'id': 19, 'coordinate': [634.6031987728092, 485.0510186422789]}
2020-02-08_13:37:54.836[Status]Routing 60: Walk: 59
2020-02-08_13:37:54.936[Battery Energy]91.63
2020-02-08_13:37:54.936[Status]Routing Start.
2020-02-08_13:37:55.070[Status]{'id': 19, 'coordinate': [643.149831309188, 479.85919119059]}
2020-02-08_13:37:55.070[Status]Routing 61: Walk: 60
2020-02-08_13:37:55.186[Battery Energy]91.41
2020-02-08_13:37:55.186[Status]Routing Start.
2020-02-08_13:37:55.342[Status]{'id': 19, 'coordinate': [651.6964638455669, 474.66736373890114]}
2020-02-08_13:37:55.342[Status]Routing 62: Walk: 61
2020-02-08_13:37:55.448[Battery Energy]91.20
2020-02-08_13:37:55.448[Status]Routing Start.
2020-02-08_13:37:55.717[Status]Routing 63: Walk: 61
2020-02-08_13:37:55.817[Battery Energy]90.91
2020-02-08_13:37:55.817[Status]Routing Start.
2020-02-08_13:37:56.144[Status]Routing 64: Walk: 61
2020-02-08_13:37:56.244[Battery Energy]90.59
2020-02-08_13:37:56.244[Status]Routing Start.
2020-02-08_13:37:56.567[Status]Routing 65: Walk: 61
2020-02-08_13:37:56.668[Battery Energy]90.27
2020-02-08_13:37:56.668[Status]Routing Start.
2020-02-08_13:37:56.813[Status]{'id': 19, 'coordinate': [660.2430963819457, 469.47553628721226]}
2020-02-08_13:37:56.813[Status]Routing 66: Walk: 62
2020-02-08_13:37:56.939[Battery Energy]90.06
2020-02-08_13:37:56.939[Status]Routing Start.
2020-02-08_13:37:57.094[Status]{'id': 19, 'coordinate': [668.7897289183246, 464.2837088355234]}
2020-02-08_13:37:57.094[Status]Routing 67: Walk: 63
2020-02-08_13:37:57.198[Battery Energy]89.85
2020-02-08_13:37:57.198[Status]Routing Start.
2020-02-08_13:37:57.341[Status]{'id': 19, 'coordinate': [677.3363614547035, 459.0918813838345]}
2020-02-08_13:37:57.344[Status]Routing 68: Walk: 64
2020-02-08_13:37:57.444[Battery Energy]89.64
2020-02-08_13:37:57.444[Status]Routing Start.
2020-02-08_13:37:57.593[Status]{'id': 19, 'coordinate': [685.8829939910823, 453.9000539321456]}
2020-02-08_13:37:57.595[Status]Routing 69: Walk: 65
2020-02-08_13:37:57.695[Battery Energy]89.43
2020-02-08_13:37:57.695[Status]Routing Start.
2020-02-08_13:37:57.855[Status]{'id': 19, 'coordinate': [694.4296265274612, 448.70822648045674]}
2020-02-08_13:37:57.867[Status]Routing 70: Walk: 66
2020-02-08_13:37:57.971[Battery Energy]89.22
2020-02-08_13:37:57.971[Status]Routing Start.
2020-02-08_13:37:58.123[Status]{'id': 19, 'coordinate': [702.9762590638401, 443.51639902876786]}
2020-02-08_13:37:58.123[Status]Routing 71: Walk: 67
2020-02-08_13:37:58.223[Battery Energy]89.02
2020-02-08_13:37:58.223[Status]Routing Start.
2020-02-08_13:37:58.408[Status]{'id': 19, 'coordinate': [711.5228916002189, 438.324571577079]}
2020-02-08_13:37:58.408[Status]Routing 72: Walk: 68
2020-02-08_13:37:58.518[Battery Energy]88.81
2020-02-08_13:37:58.518[Status]Routing Start.
2020-02-08_13:37:58.665[Status]{'id': 19, 'coordinate': [720.0695241365978, 433.1327441253901]}
2020-02-08_13:37:58.665[Status]Routing 73: Walk: 69
2020-02-08_13:37:58.765[Battery Energy]88.60
2020-02-08_13:37:58.765[Status]Routing Start.
2020-02-08_13:37:58.927[Status]{'id': 19, 'coordinate': [728.6161566729767, 427.9409166737012]}
2020-02-08_13:37:58.927[Status]Routing 74: Walk: 70
2020-02-08_13:37:59.042[Battery Energy]88.38
2020-02-08_13:37:59.042[Status]Routing Start.
2020-02-08_13:37:59.202[Status]{'id': 19, 'coordinate': [737.1627892093555, 422.74908922201234]}
2020-02-08_13:37:59.202[Status]Routing 75: Walk: 71
2020-02-08_13:37:59.318[Battery Energy]88.17
2020-02-08_13:37:59.318[Status]Routing Start.
2020-02-08_13:37:59.455[Status]{'id': 19, 'coordinate': [745.7094217457344, 417.55726177032346]}
2020-02-08_13:37:59.456[Status]Routing 76: Walk: 72
2020-02-08_13:37:59.558[Battery Energy]87.96
2020-02-08_13:37:59.558[Status]Routing Start.
2020-02-08_13:37:59.708[Status]{'id': 19, 'coordinate': [754.2560542821133, 412.3654343186346]}
2020-02-08_13:37:59.709[Status]Routing 77: Walk: 73
2020-02-08_13:37:59.817[Battery Energy]87.74
2020-02-08_13:37:59.818[Status]Routing Start.
2020-02-08_13:37:59.959[Status]{'id': 19, 'coordinate': [762.8026868184921, 407.1736068669457]}
2020-02-08_13:37:59.959[Status]Routing 78: Walk: 74
2020-02-08_13:38:00.062[Battery Energy]87.53
2020-02-08_13:38:00.062[Status]Routing Start.
2020-02-08_13:38:00.372[Status]{'id': 19, 'coordinate': [771.349319354871, 401.9817794152568]}
2020-02-08_13:38:00.372[Status]Routing 79: Walk: 75
2020-02-08_13:38:00.482[Battery Energy]87.25
2020-02-08_13:38:00.482[Status]Routing Start.
2020-02-08_13:38:00.633[Status]{'id': 19, 'coordinate': [779.8959518912499, 396.78995196356794]}
2020-02-08_13:38:00.635[Status]Routing 80: Walk: 76
2020-02-08_13:38:00.745[Battery Energy]87.05
2020-02-08_13:38:00.745[Status]Routing Start.
2020-02-08_13:38:00.881[Status]{'id': 19, 'coordinate': [788.4425844276287, 391.59812451187906]}
2020-02-08_13:38:00.882[Status]Routing 81: Walk: 77
2020-02-08_13:38:00.985[Battery Energy]86.84
2020-02-08_13:38:00.985[Status]Routing Start.
2020-02-08_13:38:01.168[Status]{'id': 19, 'coordinate': [796.9892169640076, 386.4062970601902]}
2020-02-08_13:38:01.168[Status]Routing 82: Walk: 78
2020-02-08_13:38:01.278[Battery Energy]86.62
2020-02-08_13:38:01.278[Status]Routing Start.
2020-02-08_13:38:01.427[Status]{'id': 19, 'coordinate': [805.5358495003865, 381.2144696085013]}
2020-02-08_13:38:01.427[Status]Routing 83: Walk: 79
2020-02-08_13:38:01.530[Battery Energy]86.42
2020-02-08_13:38:01.530[Status]Routing Start.
2020-02-08_13:38:01.691[Status]{'id': 19, 'coordinate': [814.0824820367653, 376.0226421568124]}
2020-02-08_13:38:01.691[Status]Routing 84: Walk: 80
2020-02-08_13:38:01.800[Battery Energy]86.20
2020-02-08_13:38:01.800[Status]Routing Start.
2020-02-08_13:38:02.106[Status]{'id': 19, 'coordinate': [822.6291145731442, 370.83081470512354]}
2020-02-08_13:38:02.106[Status]Routing 85: Walk: 81
2020-02-08_13:38:02.208[Battery Energy]85.93
2020-02-08_13:38:02.208[Status]Routing Start.
2020-02-08_13:38:02.390[Status]{'id': 19, 'coordinate': [831.1757471095231, 365.63898725343466]}
2020-02-08_13:38:02.392[Status]Routing 86: Walk: 82
2020-02-08_13:38:02.494[Battery Energy]85.71
2020-02-08_13:38:02.494[Status]Routing Start.
2020-02-08_13:38:02.659[Status]{'id': 19, 'coordinate': [839.7223796459019, 360.4471598017458]}
2020-02-08_13:38:02.659[Status]Routing 87: Walk: 83
2020-02-08_13:38:02.762[Battery Energy]85.50
2020-02-08_13:38:02.762[Status]Routing Start.
2020-02-08_13:38:02.907[Status]{'id': 19, 'coordinate': [848.2690121822808, 355.25533235005696]}
2020-02-08_13:38:02.910[Status]Routing 88: Walk: 84
2020-02-08_13:38:03.018[Battery Energy]85.30
2020-02-08_13:38:03.018[Status]Routing Start.
2020-02-08_13:38:03.260[Status]{'id': 19, 'coordinate': [856.8156447186597, 350.06350489836814]}
2020-02-08_13:38:03.264[Status]Routing 89: Walk: 85
2020-02-08_13:38:03.370[Battery Energy]85.04
2020-02-08_13:38:03.370[Status]Routing Start.
2020-02-08_13:38:03.534[Status]{'id': 19, 'coordinate': [865.3622772550385, 344.8716774466793]}
2020-02-08_13:38:03.540[Status]Routing 90: Walk: 86
2020-02-08_13:38:03.658[Battery Energy]84.85
2020-02-08_13:38:03.658[Status]Routing Start.
2020-02-08_13:38:03.975[Status]Routing 91: Walk: 86
2020-02-08_13:38:04.075[Battery Energy]84.58
2020-02-08_13:38:04.075[Status]Routing Start.
2020-02-08_13:38:04.368[Status]Routing 92: Walk: 86
2020-02-08_13:38:04.469[Battery Energy]84.31
2020-02-08_13:38:04.469[Status]Routing Start.
2020-02-08_13:38:04.859[Status]Routing 93: Walk: 86
2020-02-08_13:38:04.959[Battery Energy]83.98
2020-02-08_13:38:04.960[Status]Routing Start.
2020-02-08_13:38:05.100[Status]{'id': 19, 'coordinate': [873.9089097914174, 339.67984999499043]}
2020-02-08_13:38:05.100[Status]Routing 94: Walk: 87
2020-02-08_13:38:05.207[Battery Energy]83.79
2020-02-08_13:38:05.207[Status]Routing Start.
2020-02-08_13:38:05.509[Status]Routing 95: Walk: 87
2020-02-08_13:38:05.610[Battery Energy]83.46
2020-02-08_13:38:05.610[Status]Routing Start.
2020-02-08_13:38:05.781[Status]{'id': 19, 'coordinate': [882.4555423277963, 334.48802254330155]}
2020-02-08_13:38:05.782[Status]Routing 96: Walk: 88
2020-02-08_13:38:05.889[Battery Energy]83.26
2020-02-08_13:38:05.889[Status]Routing Start.
2020-02-08_13:38:06.162[Status]{'id': 19, 'coordinate': [891.0021748641751, 329.29619509161273]}
2020-02-08_13:38:06.162[Status]Routing 97: Walk: 89
2020-02-08_13:38:06.266[Battery Energy]82.98
2020-02-08_13:38:06.266[Status]Routing Start.
2020-02-08_13:38:06.611[Status]{'id': 19, 'coordinate': [899.548807400554, 324.10436763992385]}
2020-02-08_13:38:06.612[Status]Routing 98: Walk: 90
2020-02-08_13:38:06.712[Battery Energy]82.63
2020-02-08_13:38:06.712[Status]Routing Start.
2020-02-08_13:38:06.855[Status]{'id': 19, 'coordinate': [908.0954399369328, 318.912540188235]}
2020-02-08_13:38:06.855[Status]Routing 99: Walk: 91
2020-02-08_13:38:06.966[Battery Energy]82.41
2020-02-08_13:38:06.966[Status]Routing Start.
2020-02-08_13:38:07.239[Status]{'id': 19, 'coordinate': [916.6420724733117, 313.7207127365462]}
2020-02-08_13:38:07.239[Status]Routing 100: Walk: 92
2020-02-08_13:38:07.339[Battery Energy]82.16
2020-02-08_13:38:07.339[Status]Routing Start.
2020-02-08_13:38:07.682[Status]{'id': 19, 'coordinate': [925.1887050096906, 308.5288852848573]}
2020-02-08_13:38:07.682[Status]Routing 101: Walk: 93
2020-02-08_13:38:07.786[Battery Energy]81.90
2020-02-08_13:38:07.786[Status]Routing Start.
2020-02-08_13:38:08.086[Status]{'id': 19, 'coordinate': [933.7353375460694, 303.3370578331685]}
2020-02-08_13:38:08.087[Status]Routing 102: Walk: 94
2020-02-08_13:38:08.188[Battery Energy]81.60
2020-02-08_13:38:08.189[Status]Routing Start.
2020-02-08_13:38:08.346[Status]{'id': 19, 'coordinate': [942.2819700824483, 298.1452303814797]}
2020-02-08_13:38:08.348[Status]Routing 103: Walk: 95
2020-02-08_13:38:08.458[Battery Energy]81.39
2020-02-08_13:38:08.458[Status]Routing Start.
2020-02-08_13:38:08.614[Status]{'id': 19, 'coordinate': [950.8286026188272, 292.9534029297908]}
2020-02-08_13:38:08.622[Status]Routing 104: Walk: 96
2020-02-08_13:38:08.730[Battery Energy]81.16
2020-02-08_13:38:08.730[Status]Routing Start.
2020-02-08_13:38:08.925[Status]{'id': 19, 'coordinate': [959.375235155206, 287.7615754781019]}
2020-02-08_13:38:08.925[Status]Routing 105: Walk: 97
2020-02-08_13:38:09.030[Battery Energy]80.92
2020-02-08_13:38:09.030[Status]Routing Start.
2020-02-08_13:38:09.190[Status]{'id': 19, 'coordinate': [967.9218676915849, 282.5697480264131]}
2020-02-08_13:38:09.190[Status]Routing 106: Walk: 98
2020-02-08_13:38:09.290[Battery Energy]80.70
2020-02-08_13:38:09.290[Status]Routing Start.
2020-02-08_13:38:09.420[Status]{'id': 19, 'coordinate': [976.4685002279638, 277.37792057472427]}
2020-02-08_13:38:09.420[Status]Routing 107: Walk: 99
2020-02-08_13:38:09.534[Battery Energy]80.52
2020-02-08_13:38:09.534[Status]Routing Start.
2020-02-08_13:38:09.684[Status]{'id': 19, 'coordinate': [985.0151327643426, 272.18609312303545]}
2020-02-08_13:38:09.684[Status]Routing 108: Walk: 100
2020-02-08_13:38:09.785[Battery Energy]80.31
2020-02-08_13:38:09.785[Status]Routing Start.
2020-02-08_13:38:10.072[Status]{'id': 19, 'coordinate': [993.5617653007215, 266.99426567134657]}
2020-02-08_13:38:10.072[Status]Routing 109: Walk: 101
2020-02-08_13:38:10.173[Battery Energy]80.02
2020-02-08_13:38:10.173[Status]Routing Start.
2020-02-08_13:38:10.429[Status]{'id': 19, 'coordinate': [1002.1083978371004, 261.80243821965774]}
2020-02-08_13:38:10.430[Status]Routing 110: Walk: 102
2020-02-08_13:38:10.538[Battery Energy]79.75
2020-02-08_13:38:10.538[Status]Routing Start.
2020-02-08_13:38:10.848[Status]{'id': 19, 'coordinate': [1010.6550303734792, 256.61061076796886]}
2020-02-08_13:38:10.848[Status]Routing 111: Walk: 103
2020-02-08_13:38:10.948[Battery Energy]79.46
2020-02-08_13:38:10.948[Status]Routing Start.
2020-02-08_13:38:11.243[Status]{'id': 19, 'coordinate': [1013.6859570781946, 266.1402216367632]}
2020-02-08_13:38:11.243[Status]Routing 112: Walk: 104
2020-02-08_13:38:11.343[Battery Energy]79.12
2020-02-08_13:38:11.343[Status]Routing Start.
2020-02-08_13:38:11.594[Status]{'id': 19, 'coordinate': [1021.9011244974752, 260.43837770052716]}
2020-02-08_13:38:11.594[Status]Routing 113: Walk: 105
2020-02-08_13:38:11.702[Battery Energy]78.85
2020-02-08_13:38:11.702[Status]Routing Start.
2020-02-08_13:38:12.196[Status]{'id': 19, 'coordinate': [1026.6101752308373, 269.2602165785969]}
2020-02-08_13:38:12.196[Status]Routing 114: Walk: 106
2020-02-08_13:38:12.296[Battery Energy]78.36
2020-02-08_13:38:12.296[Status]Routing Start.
2020-02-08_13:38:12.421[Status]{'id': 19, 'coordinate': [1034.4334005021647, 263.03148104447234]}
2020-02-08_13:38:12.421[Status]Routing 115: Walk: 107
2020-02-08_13:38:12.521[Battery Energy]78.17
2020-02-08_13:38:12.521[Status]Routing Start.
2020-02-08_13:38:12.982[Status]{'id': 19, 'coordinate': [1042.370789154322, 269.1140677791277]}
2020-02-08_13:38:12.986[Status]Routing 116: Walk: 108
2020-02-08_13:38:13.086[Battery Energy]77.72
2020-02-08_13:38:13.086[Status]Routing Start.
2020-02-08_13:38:13.268[Status]{'id': 19, 'coordinate': [1049.7409964527503, 262.3553663965991]}
2020-02-08_13:38:13.279[Status]Routing 117: Walk: 109
2020-02-08_13:38:13.379[Battery Energy]77.50
2020-02-08_13:38:13.379[Status]Routing Start.
2020-02-08_13:38:13.718[Status]{'id': 19, 'coordinate': [1057.1112037511787, 255.59666501407048]}
2020-02-08_13:38:13.719[Status]Routing 118: Walk: 110
2020-02-08_13:38:13.838[Battery Energy]77.16
2020-02-08_13:38:13.838[Status]Routing Start.
2020-02-08_13:38:14.143[Status]{'id': 19, 'coordinate': [1064.481411049607, 248.83796363154187]}
2020-02-08_13:38:14.145[Status]Routing 119: Walk: 111
2020-02-08_13:38:14.249[Battery Energy]76.92
2020-02-08_13:38:14.249[Status]Routing Start.
2020-02-08_13:38:14.544[Status]{'id': 19, 'coordinate': [1071.8516183480353, 242.07926224901325]}
2020-02-08_13:38:14.544[Status]Routing 120: Walk: 112
2020-02-08_13:38:14.646[Battery Energy]76.64
2020-02-08_13:38:14.646[Status]Routing Start.
2020-02-08_13:38:15.187[Status]{'id': 19, 'coordinate': [1079.8794385431902, 248.04198838009327]}
2020-02-08_13:38:15.187[Status]Routing 121: Walk: 113
2020-02-08_13:38:15.287[Battery Energy]76.16
2020-02-08_13:38:15.287[Status]Routing Start.
2020-02-08_13:38:15.561[Status]{'id': 19, 'coordinate': [1085.1646037429475, 256.5312185460904]}
2020-02-08_13:38:15.562[Status]Routing 122: Walk: 114
2020-02-08_13:38:15.662[Battery Energy]75.81
2020-02-08_13:38:15.662[Status]Routing Start.
2020-02-08_13:38:15.985[Status]{'id': 19, 'coordinate': [1088.6681293819236, 265.89739749468185]}
2020-02-08_13:38:15.990[Status]Routing 123: Walk: 115
2020-02-08_13:38:16.090[Battery Energy]75.46
2020-02-08_13:38:16.090[Status]Routing Start.
2020-02-08_13:38:16.423[Status]{'id': 19, 'coordinate': [1095.1846474237773, 273.4825799321842]}
2020-02-08_13:38:16.423[Status]Routing 124: Walk: 116
2020-02-08_13:38:16.524[Battery Energy]75.08
2020-02-08_13:38:16.524[Status]Routing Start.
2020-02-08_13:38:16.824[Status]{'id': 19, 'coordinate': [1104.3467969997696, 277.4894509242605]}
2020-02-08_13:38:16.824[Status]Routing 125: Walk: 117
2020-02-08_13:38:16.925[Battery Energy]74.72
2020-02-08_13:38:16.925[Status]Routing Start.
2020-02-08_13:38:17.095[Status]{'id': 19, 'coordinate': [1108.033903314049, 268.19400865252317]}
2020-02-08_13:38:17.095[Status]Routing 126: Walk: 118
2020-02-08_13:38:17.199[Battery Energy]74.50
2020-02-08_13:38:17.199[Status]Routing Start.
2020-02-08_13:38:17.579[Status]{'id': 19, 'coordinate': [1117.841318166303, 270.1471123148483]}
2020-02-08_13:38:17.586[Status]Routing 127: Walk: 119
2020-02-08_13:38:17.686[Battery Energy]74.08
2020-02-08_13:38:17.687[Status]Routing Start.
2020-02-08_13:38:17.842[Status]{'id': 19, 'coordinate': [1120.58608063008, 260.5311735142194]}
2020-02-08_13:38:17.842[Status]Routing 128: Walk: 120
2020-02-08_13:38:17.949[Battery Energy]73.87
2020-02-08_13:38:17.949[Status]Routing Start.
2020-02-08_13:38:18.257[Status]{'id': 19, 'coordinate': [1130.2662801987733, 258.0224415017734]}
2020-02-08_13:38:18.257[Status]Routing 129: Walk: 121
2020-02-08_13:38:18.358[Battery Energy]73.50
2020-02-08_13:38:18.358[Status]Routing Start.
2020-02-08_13:38:18.682[Status]{'id': 19, 'coordinate': [1132.0136445091703, 248.17628905694755]}
2020-02-08_13:38:18.685[Status]Routing 130: Walk: 122
2020-02-08_13:38:18.786[Battery Energy]73.08
2020-02-08_13:38:18.786[Status]Routing Start.
2020-02-08_13:38:19.065[Status]{'id': 19, 'coordinate': [1133.7610088195675, 238.3301366121217]}
2020-02-08_13:38:19.065[Status]Routing 131: Walk: 123
2020-02-08_13:38:19.165[Battery Energy]72.72
2020-02-08_13:38:19.165[Status]Routing Start.
2020-02-08_13:38:19.501[Status]{'id': 19, 'coordinate': [1135.5083731299644, 228.48398416729583]}
2020-02-08_13:38:19.501[Status]Routing 132: Walk: 124
2020-02-08_13:38:19.601[Battery Energy]72.39
2020-02-08_13:38:19.601[Status]Routing Start.
2020-02-08_13:38:19.770[Status]{'id': 19, 'coordinate': [1137.2557374403616, 218.63783172246997]}
2020-02-08_13:38:19.771[Status]Routing 133: Walk: 125
2020-02-08_13:38:19.872[Battery Energy]72.16
2020-02-08_13:38:19.872[Status]Routing Start.
2020-02-08_13:38:20.039[Status]{'id': 19, 'coordinate': [1139.0031017507586, 208.7916792776441]}
2020-02-08_13:38:20.039[Status]Routing 134: Walk: 126
2020-02-08_13:38:20.146[Battery Energy]71.96
2020-02-08_13:38:20.146[Status]Routing Start.
2020-02-08_13:38:20.298[Status]{'id': 19, 'coordinate': [1140.7504660611557, 198.94552683281825]}
2020-02-08_13:38:20.298[Status]Routing 135: Walk: 127
2020-02-08_13:38:20.399[Battery Energy]71.76
2020-02-08_13:38:20.399[Status]Routing Start.
2020-02-08_13:38:20.544[Status]{'id': 19, 'coordinate': [1142.4978303715527, 189.09937438799236]}
2020-02-08_13:38:20.544[Status]Routing 136: Walk: 128
2020-02-08_13:38:20.649[Battery Energy]71.57
2020-02-08_13:38:20.649[Status]Routing Start.
2020-02-08_13:38:20.782[Status]{'id': 19, 'coordinate': [1144.24519468195, 179.2532219431665]}
2020-02-08_13:38:20.788[Status]Routing 137: Walk: 129
2020-02-08_13:38:20.888[Battery Energy]71.37
2020-02-08_13:38:20.888[Status]Routing Start.
2020-02-08_13:38:20.888[Status]Task Finished.
2020-02-08_13:38:20.988[Battery Energy]71.37
2020-02-08_13:38:21.119[Status]Routing 139: Walk: 129
2020-02-08_13:38:21.222[Battery Energy]71.25
2020-02-08_13:38:21.364[Status]Routing 140: Walk: 129
2020-02-08_13:38:21.477[Battery Energy]71.13
2020-02-08_13:38:21.653[Status]Routing 141: Walk: 129
2020-02-08_13:38:21.754[Battery Energy]71.01
2020-02-08_13:38:21.906[Status]Routing 142: Walk: 129
2020-02-08_13:38:22.007[Battery Energy]70.92
2020-02-08_13:38:22.179[Status]Routing 143: Walk: 129
2020-02-08_13:38:22.298[Battery Energy]70.81
2020-02-08_13:38:22.475[Status]Routing 144: Walk: 129
2020-02-08_13:38:22.578[Battery Energy]70.68
2020-02-08_13:38:22.714[Status]Routing 145: Walk: 129
2020-02-08_13:38:22.815[Battery Energy]70.58
2020-02-08_13:38:22.953[Status]Routing 146: Walk: 129
2020-02-08_13:38:23.066[Battery Energy]70.47
2020-02-08_13:38:23.218[Status]Routing 147: Walk: 129
2020-02-08_13:38:23.322[Battery Energy]70.37
2020-02-08_13:38:23.458[Status]Routing 148: Walk: 129
2020-02-08_13:38:23.582[Battery Energy]70.24
2020-02-08_13:38:23.750[Status]Routing 149: Walk: 129
2020-02-08_13:38:23.853[Battery Energy]70.15
2020-02-08_13:38:24.022[Status]Routing 150: Walk: 129
2020-02-08_13:38:24.123[Battery Energy]70.04
2020-02-08_13:38:24.287[Status]Routing 151: Walk: 129
2020-02-08_13:38:24.394[Battery Energy]69.94
2020-02-08_13:38:24.532[Status]Routing 152: Walk: 129
2020-02-08_13:38:24.649[Battery Energy]69.84
2020-02-08_13:38:24.766[Status]Routing 153: Walk: 129
2020-02-08_13:38:24.870[Battery Energy]69.76
2020-02-08_13:38:25.025[Status]Routing 154: Walk: 129
2020-02-08_13:38:25.126[Battery Energy]69.66
2020-02-08_13:38:25.279[Status]Routing 155: Walk: 129
2020-02-08_13:38:25.382[Battery Energy]69.56
2020-02-08_13:38:25.529[Status]Routing 156: Walk: 129
2020-02-08_13:38:25.638[Battery Energy]69.47
2020-02-08_13:38:25.779[Status]Routing 157: Walk: 129
2020-02-08_13:38:25.894[Battery Energy]69.34
2020-02-08_13:38:26.046[Status]Routing 158: Walk: 129
2020-02-08_13:38:26.147[Battery Energy]69.25
2020-02-08_13:38:26.296[Status]Routing 159: Walk: 129
2020-02-08_13:38:26.396[Battery Energy]69.15
2020-02-08_13:38:26.560[Status]Routing 160: Walk: 129
2020-02-08_13:38:26.666[Battery Energy]69.03
2020-02-08_13:38:26.804[Status]Routing 161: Walk: 129
2020-02-08_13:38:26.905[Battery Energy]68.92
2020-02-08_13:38:27.059[Status]Routing 162: Walk: 129
2020-02-08_13:38:27.160[Battery Energy]68.84
2020-02-08_13:38:27.346[Status]Routing 163: Walk: 129
2020-02-08_13:38:27.458[Battery Energy]68.72
2020-02-08_13:38:27.597[Status]Routing 164: Walk: 129
2020-02-08_13:38:27.707[Battery Energy]68.60
2020-02-08_13:38:27.866[Status]Routing 165: Walk: 129
2020-02-08_13:38:27.982[Battery Energy]68.47
2020-02-08_13:38:28.137[Status]Routing 166: Walk: 129
2020-02-08_13:38:28.238[Battery Energy]68.37
2020-02-08_13:38:28.373[Status]Routing 167: Walk: 129
2020-02-08_13:38:28.482[Battery Energy]68.25
2020-02-08_13:38:28.636[Status]Routing 168: Walk: 129
2020-02-08_13:38:28.737[Battery Energy]68.15
2020-02-08_13:38:28.913[Status]Routing 169: Walk: 129
2020-02-08_13:38:29.013[Battery Energy]68.03
2020-02-08_13:38:29.207[Status]Routing 170: Walk: 129
2020-02-08_13:38:29.312[Battery Energy]67.89
2020-02-08_13:38:29.449[Status]Routing 171: Walk: 129
2020-02-08_13:38:29.558[Battery Energy]67.79
2020-02-08_13:38:29.701[Status]Routing 172: Walk: 129
2020-02-08_13:38:29.802[Battery Energy]67.69
2020-02-08_13:38:29.973[Status]Routing 173: Walk: 129
2020-02-08_13:38:30.078[Battery Energy]67.56
2020-02-08_13:38:30.223[Status]Routing 174: Walk: 129
2020-02-08_13:38:30.323[Battery Energy]67.45
2020-02-08_13:38:30.470[Status]Routing 175: Walk: 129
2020-02-08_13:38:30.586[Battery Energy]67.34
2020-02-08_13:38:30.749[Status]Routing 176: Walk: 129
2020-02-08_13:38:30.870[Battery Energy]67.26
2020-02-08_13:38:31.008[Status]Routing 177: Walk: 129
2020-02-08_13:38:31.110[Battery Energy]67.17
2020-02-08_13:38:31.256[Status]Routing 178: Walk: 129
2020-02-08_13:38:31.358[Battery Energy]67.08
2020-02-08_13:38:31.491[Status]Routing 179: Walk: 129
2020-02-08_13:38:31.605[Battery Energy]66.97
2020-02-08_13:38:31.741[Status]Routing 180: Walk: 129
2020-02-08_13:38:31.842[Battery Energy]66.88
2020-02-08_13:38:32.002[Status]Routing 181: Walk: 129
2020-02-08_13:38:32.112[Battery Energy]66.77
2020-02-08_13:38:32.289[Status]Routing 182: Walk: 129
2020-02-08_13:38:32.389[Battery Energy]66.65
2020-02-08_13:38:32.524[Status]Routing 183: Walk: 129
2020-02-08_13:38:32.630[Battery Energy]66.54
2020-02-08_13:38:32.775[Status]Routing 184: Walk: 129
2020-02-08_13:38:32.882[Battery Energy]66.43
2020-02-08_13:38:33.028[Status]Routing 185: Walk: 129
2020-02-08_13:38:33.134[Battery Energy]66.34
2020-02-08_13:38:33.293[Status]Routing 186: Walk: 129
2020-02-08_13:38:33.393[Battery Energy]66.20
2020-02-08_13:38:33.535[Status]Routing 187: Walk: 129
2020-02-08_13:38:33.640[Battery Energy]66.10
2020-02-08_13:38:33.815[Status]Routing 188: Walk: 129
2020-02-08_13:38:33.916[Battery Energy]66.00
2020-02-08_13:38:34.102[Status]Routing 189: Walk: 129
2020-02-08_13:38:34.210[Battery Energy]65.89
2020-02-08_13:38:34.366[Status]Routing 190: Walk: 129
2020-02-08_13:38:34.478[Battery Energy]65.78
2020-02-08_13:38:34.617[Status]Routing 191: Walk: 129
2020-02-08_13:38:34.726[Battery Energy]65.69
2020-02-08_13:38:34.879[Status]Routing 192: Walk: 129
2020-02-08_13:38:34.986[Battery Energy]65.58
2020-02-08_13:38:35.129[Status]Routing 193: Walk: 129
2020-02-08_13:38:35.230[Battery Energy]65.49
2020-02-08_13:38:35.385[Status]Routing 194: Walk: 129
2020-02-08_13:38:35.489[Battery Energy]65.37
2020-02-08_13:38:35.645[Status]Routing 195: Walk: 129
2020-02-08_13:38:35.746[Battery Energy]65.26
2020-02-08_13:38:35.905[Status]Routing 196: Walk: 129
2020-02-08_13:38:36.005[Battery Energy]65.15
2020-02-08_13:38:36.162[Status]Routing 197: Walk: 129
2020-02-08_13:38:36.266[Battery Energy]65.04
2020-02-08_13:38:36.437[Status]Routing 198: Walk: 129
2020-02-08_13:38:36.537[Battery Energy]64.92
2020-02-08_13:38:36.702[Status]Routing 199: Walk: 129
2020-02-08_13:38:36.810[Battery Energy]64.81
2020-02-08_13:38:36.960[Status]Routing 200: Walk: 129
2020-02-08_13:38:37.070[Battery Energy]64.70
2020-02-08_13:38:37.236[Status]Routing 201: Walk: 129
2020-02-08_13:38:37.346[Battery Energy]64.60
2020-02-08_13:38:37.493[Status]Routing 202: Walk: 129
2020-02-08_13:38:37.602[Battery Energy]64.50
2020-02-08_13:38:37.743[Status]Routing 203: Walk: 129
2020-02-08_13:38:37.858[Battery Energy]64.38
2020-02-08_13:38:37.986[Status]Routing 204: Walk: 129
2020-02-08_13:38:38.087[Battery Energy]64.27
2020-02-08_13:38:38.224[Status]Routing 205: Walk: 129
2020-02-08_13:38:38.325[Battery Energy]64.17
2020-02-08_13:38:38.486[Status]Routing 206: Walk: 129
2020-02-08_13:38:38.598[Battery Energy]64.07
2020-02-08_13:38:38.751[Status]Routing 207: Walk: 129
2020-02-08_13:38:38.862[Battery Energy]63.95
2020-02-08_13:38:39.002[Status]Routing 208: Walk: 129
2020-02-08_13:38:39.114[Battery Energy]63.86
2020-02-08_13:38:39.256[Status]Routing 209: Walk: 129
2020-02-08_13:38:39.360[Battery Energy]63.75
2020-02-08_13:38:39.528[Status]Routing 210: Walk: 129
2020-02-08_13:38:39.634[Battery Energy]63.61
2020-02-08_13:38:39.818[Status]Routing 211: Walk: 129
2020-02-08_13:38:39.930[Battery Energy]63.49
2020-02-08_13:38:40.056[Status]Routing 212: Walk: 129
2020-02-08_13:38:40.156[Battery Energy]63.38
2020-02-08_13:38:40.325[Status]Routing 213: Walk: 129
2020-02-08_13:38:40.438[Battery Energy]63.27
2020-02-08_13:38:40.597[Status]Routing 214: Walk: 129
2020-02-08_13:38:40.704[Battery Energy]63.17
2020-02-08_13:38:40.843[Status]Routing 215: Walk: 129
2020-02-08_13:38:40.945[Battery Energy]63.07
2020-02-08_13:38:41.081[Status]Routing 216: Walk: 129
2020-02-08_13:38:41.190[Battery Energy]62.98
2020-02-08_13:38:41.342[Status]Routing 217: Walk: 129
2020-02-08_13:38:41.450[Battery Energy]62.86
2020-02-08_13:38:41.619[Status]Routing 218: Walk: 129
2020-02-08_13:38:41.726[Battery Energy]62.76
2020-02-08_13:38:41.889[Status]Routing 219: Walk: 129
2020-02-08_13:38:41.989[Battery Energy]62.64
2020-02-08_13:38:42.143[Status]Routing 220: Walk: 129
2020-02-08_13:38:42.257[Battery Energy]62.52
2020-02-08_13:38:42.416[Status]Routing 221: Walk: 129
2020-02-08_13:38:42.522[Battery Energy]62.42
2020-02-08_13:38:42.685[Status]Routing 222: Walk: 129
2020-02-08_13:38:42.790[Battery Energy]62.31
2020-02-08_13:38:42.956[Status]Routing 223: Walk: 129
2020-02-08_13:38:43.059[Battery Energy]62.19
2020-02-08_13:38:43.221[Status]Routing 224: Walk: 129
2020-02-08_13:38:43.334[Battery Energy]62.07
2020-02-08_13:38:43.473[Status]Routing 225: Walk: 129
2020-02-08_13:38:43.582[Battery Energy]61.96
2020-02-08_13:38:43.727[Status]Routing 226: Walk: 129
2020-02-08_13:38:43.846[Battery Energy]61.86
2020-02-08_13:38:44.046[Status]Routing 227: Walk: 129
2020-02-08_13:38:44.162[Battery Energy]61.74
2020-02-08_13:38:44.310[Status]Routing 228: Walk: 129
2020-02-08_13:38:44.422[Battery Energy]61.64
2020-02-08_13:38:44.576[Status]Routing 229: Walk: 129
2020-02-08_13:38:44.682[Battery Energy]61.51
2020-02-08_13:38:44.857[Status]Routing 230: Walk: 129
2020-02-08_13:38:44.966[Battery Energy]61.38
2020-02-08_13:38:45.097[Status]Routing 231: Walk: 129
2020-02-08_13:38:45.198[Battery Energy]61.26
2020-02-08_13:38:45.391[Status]Routing 232: Walk: 129
2020-02-08_13:38:45.491[Battery Energy]61.13
2020-02-08_13:38:45.624[Status]Routing 233: Walk: 129
2020-02-08_13:38:45.734[Battery Energy]61.03
2020-02-08_13:38:45.893[Status]Routing 234: Walk: 129
2020-02-08_13:38:46.014[Battery Energy]60.93
2020-02-08_13:38:46.164[Status]Routing 235: Walk: 129
2020-02-08_13:38:46.264[Battery Energy]60.81
2020-02-08_13:38:46.421[Status]Routing 236: Walk: 129
2020-02-08_13:38:46.535[Battery Energy]60.71
2020-02-08_13:38:46.682[Status]Routing 237: Walk: 129
2020-02-08_13:38:46.790[Battery Energy]60.60
2020-02-08_13:38:46.920[Status]Routing 238: Walk: 129
2020-02-08_13:38:47.034[Battery Energy]60.50
2020-02-08_13:38:47.212[Status]Routing 239: Walk: 129
2020-02-08_13:38:47.312[Battery Energy]60.37
2020-02-08_13:38:47.490[Status]Routing 240: Walk: 129
2020-02-08_13:38:47.595[Battery Energy]60.24
2020-02-08_13:38:47.745[Status]Routing 241: Walk: 129
2020-02-08_13:38:47.846[Battery Energy]60.14
2020-02-08_13:38:47.997[Status]Routing 242: Walk: 129
2020-02-08_13:38:48.113[Battery Energy]60.02
2020-02-08_13:38:48.270[Status]Routing 243: Walk: 129
2020-02-08_13:38:48.371[Battery Energy]59.91
2020-02-08_13:38:48.513[Status]Routing 244: Walk: 129
2020-02-08_13:38:48.615[Battery Energy]59.82
2020-02-08_13:38:48.747[Status]Routing 245: Walk: 129
2020-02-08_13:38:48.870[Battery Energy]59.73
2020-02-08_13:38:49.011[Status]Routing 246: Walk: 129
2020-02-08_13:38:49.118[Battery Energy]59.65
2020-02-08_13:38:49.266[Status]Routing 247: Walk: 129
2020-02-08_13:38:49.382[Battery Energy]59.54
2020-02-08_13:38:49.581[Status]Routing 248: Walk: 129
2020-02-08_13:38:49.681[Battery Energy]59.41
2020-02-08_13:38:49.856[Status]Routing 249: Walk: 129
2020-02-08_13:38:49.971[Battery Energy]59.27
2020-02-08_13:38:50.107[Status]Routing 250: Walk: 129
2020-02-08_13:38:50.208[Battery Energy]59.15
2020-02-08_13:38:50.363[Status]Routing 251: Walk: 129
2020-02-08_13:38:50.470[Battery Energy]59.03
2020-02-08_13:38:50.648[Status]Routing 252: Walk: 129
2020-02-08_13:38:50.758[Battery Energy]58.90
2020-02-08_13:38:50.897[Status]Routing 253: Walk: 129
2020-02-08_13:38:51.006[Battery Energy]58.78
2020-02-08_13:38:51.139[Status]Routing 254: Walk: 129
2020-02-08_13:38:51.241[Battery Energy]58.67
2020-02-08_13:38:51.408[Status]Routing 255: Walk: 129
2020-02-08_13:38:51.522[Battery Energy]58.55
2020-02-08_13:38:51.695[Status]Routing 256: Walk: 129
2020-02-08_13:38:51.797[Battery Energy]58.44
2020-02-08_13:38:51.938[Status]Routing 257: Walk: 129
2020-02-08_13:38:52.042[Battery Energy]58.32
2020-02-08_13:38:52.208[Status]Routing 258: Walk: 129
2020-02-08_13:38:52.316[Battery Energy]58.18
2020-02-08_13:38:52.463[Status]Routing 259: Walk: 129
2020-02-08_13:38:52.566[Battery Energy]58.06
2020-02-08_13:38:52.738[Status]Routing 260: Walk: 129
2020-02-08_13:38:52.853[Battery Energy]57.96
2020-02-08_13:38:52.990[Status]Routing 261: Walk: 129
2020-02-08_13:38:53.090[Battery Energy]57.86
2020-02-08_13:38:53.255[Status]Routing 262: Walk: 129
2020-02-08_13:38:53.355[Battery Energy]57.74
2020-02-08_13:38:53.516[Status]Routing 263: Walk: 129
2020-02-08_13:38:53.630[Battery Energy]57.60
2020-02-08_13:38:53.749[Status]Routing 264: Walk: 129
2020-02-08_13:38:53.854[Battery Energy]57.52
2020-02-08_13:38:53.989[Status]Routing 265: Walk: 129
2020-02-08_13:38:54.089[Battery Energy]57.43
2020-02-08_13:38:54.263[Status]Routing 266: Walk: 129
2020-02-08_13:38:54.363[Battery Energy]57.28
2020-02-08_13:38:54.513[Status]Routing 267: Walk: 129
2020-02-08_13:38:54.614[Battery Energy]57.18
2020-02-08_13:38:54.752[Status]Routing 268: Walk: 129
2020-02-08_13:38:54.853[Battery Energy]57.07
2020-02-08_13:38:55.005[Status]Routing 269: Walk: 129
2020-02-08_13:38:55.114[Battery Energy]56.98
2020-02-08_13:38:55.244[Status]Routing 270: Walk: 129
2020-02-08_13:38:55.358[Battery Energy]56.89
2020-02-08_13:38:55.483[Status]Routing 271: Walk: 129
2020-02-08_13:38:55.583[Battery Energy]56.78
2020-02-08_13:38:55.753[Status]Routing 272: Walk: 129
2020-02-08_13:38:55.862[Battery Energy]56.69
2020-02-08_13:38:56.002[Status]Routing 273: Walk: 129
2020-02-08_13:38:56.118[Battery Energy]56.59
2020-02-08_13:38:56.255[Status]Routing 274: Walk: 129
2020-02-08_13:38:56.355[Battery Energy]56.50
2020-02-08_13:38:56.506[Status]Routing 275: Walk: 129
2020-02-08_13:38:56.610[Battery Energy]56.39
2020-02-08_13:38:56.748[Status]Routing 276: Walk: 129
2020-02-08_13:38:56.858[Battery Energy]56.29
2020-02-08_13:38:56.971[Status]Routing 277: Walk: 129
2020-02-08_13:38:57.071[Battery Energy]56.21
2020-02-08_13:38:57.234[Status]Routing 278: Walk: 129
2020-02-08_13:38:57.346[Battery Energy]56.10
2020-02-08_13:38:57.479[Status]Routing 279: Walk: 129
2020-02-08_13:38:57.579[Battery Energy]55.99
2020-02-08_13:38:57.726[Status]Routing 280: Walk: 129
2020-02-08_13:38:57.833[Battery Energy]55.88
2020-02-08_13:38:57.960[Status]Routing 281: Walk: 129
2020-02-08_13:38:58.070[Battery Energy]55.77
2020-02-08_13:38:58.243[Status]Routing 282: Walk: 129
2020-02-08_13:38:58.358[Battery Energy]55.66
2020-02-08_13:38:58.525[Status]Routing 283: Walk: 129
2020-02-08_13:38:58.630[Battery Energy]55.55
2020-02-08_13:38:58.770[Status]Routing 284: Walk: 129
2020-02-08_13:38:58.885[Battery Energy]55.44
2020-02-08_13:38:59.036[Status]Routing 285: Walk: 129
2020-02-08_13:38:59.136[Battery Energy]55.32
2020-02-08_13:38:59.278[Status]Routing 286: Walk: 129
2020-02-08_13:38:59.378[Battery Energy]55.19
2020-02-08_13:38:59.525[Status]Routing 287: Walk: 129
2020-02-08_13:38:59.625[Battery Energy]55.09
2020-02-08_13:38:59.767[Status]Routing 288: Walk: 129
2020-02-08_13:38:59.882[Battery Energy]54.98
2020-02-08_13:39:00.005[Status]Routing 289: Walk: 129
2020-02-08_13:39:00.108[Battery Energy]54.88
2020-02-08_13:39:00.271[Status]Routing 290: Walk: 129
2020-02-08_13:39:00.382[Battery Energy]54.77
2020-02-08_13:39:00.487[Status]Routing 291: Walk: 129
2020-02-08_13:39:00.602[Battery Energy]54.70
2020-02-08_13:39:00.765[Status]Routing 292: Walk: 129
2020-02-08_13:39:00.874[Battery Energy]54.60
2020-02-08_13:39:01.026[Status]Routing 293: Walk: 129
2020-02-08_13:39:01.126[Battery Energy]54.48
2020-02-08_13:39:01.291[Status]Routing 294: Walk: 129
2020-02-08_13:39:01.394[Battery Energy]54.39
2020-02-08_13:39:01.539[Status]Routing 295: Walk: 129
2020-02-08_13:39:01.650[Battery Energy]54.31
2020-02-08_13:39:01.796[Status]Routing 296: Walk: 129
2020-02-08_13:39:01.910[Battery Energy]54.20
2020-02-08_13:39:02.085[Status]Routing 297: Walk: 129
2020-02-08_13:39:02.198[Battery Energy]54.10
2020-02-08_13:39:02.356[Status]Routing 298: Walk: 129
2020-02-08_13:39:02.466[Battery Energy]53.99
2020-02-08_13:39:02.620[Status]Routing 299: Walk: 129
2020-02-08_13:39:02.720[Battery Energy]53.89
2020-02-08_13:39:02.879[Status]Routing 300: Walk: 129
2020-02-08_13:39:02.986[Battery Energy]53.79
2020-02-08_13:39:03.169[Status]Routing 301: Walk: 129
2020-02-08_13:39:03.272[Battery Energy]53.67
2020-02-08_13:39:03.448[Status]Routing 302: Walk: 129
2020-02-08_13:39:03.553[Battery Energy]53.57
2020-02-08_13:39:03.710[Status]Routing 303: Walk: 129
2020-02-08_13:39:03.817[Battery Energy]53.46
2020-02-08_13:39:03.983[Status]Routing 304: Walk: 129
2020-02-08_13:39:04.087[Battery Energy]53.37
2020-02-08_13:39:04.252[Status]Routing 305: Walk: 129
2020-02-08_13:39:04.353[Battery Energy]53.27
2020-02-08_13:39:04.505[Status]Routing 306: Walk: 129
2020-02-08_13:39:04.614[Battery Energy]53.16
2020-02-08_13:39:04.745[Status]Routing 307: Walk: 129
2020-02-08_13:39:04.874[Battery Energy]53.07
2020-02-08_13:39:05.016[Status]Routing 308: Walk: 129
2020-02-08_13:39:05.122[Battery Energy]52.96
2020-02-08_13:39:05.259[Status]Routing 309: Walk: 129
2020-02-08_13:39:05.366[Battery Energy]52.86
2020-02-08_13:39:05.535[Status]Routing 310: Walk: 129
2020-02-08_13:39:05.635[Battery Energy]52.71
2020-02-08_13:39:05.792[Status]Routing 311: Walk: 129
2020-02-08_13:39:05.892[Battery Energy]52.59
2020-02-08_13:39:06.062[Status]Routing 312: Walk: 129
2020-02-08_13:39:06.162[Battery Energy]52.48
2020-02-08_13:39:06.301[Status]Routing 313: Walk: 129
2020-02-08_13:39:06.422[Battery Energy]52.38
2020-02-08_13:39:06.558[Status]Routing 314: Walk: 129
2020-02-08_13:39:06.666[Battery Energy]52.28
2020-02-08_13:39:06.826[Status]Routing 315: Walk: 129
2020-02-08_13:39:06.938[Battery Energy]52.17
2020-02-08_13:39:07.072[Status]Routing 316: Walk: 129
2020-02-08_13:39:07.186[Battery Energy]52.07
2020-02-08_13:39:07.321[Status]Routing 317: Walk: 129
2020-02-08_13:39:07.421[Battery Energy]51.96
2020-02-08_13:39:07.579[Status]Routing 318: Walk: 129
2020-02-08_13:39:07.680[Battery Energy]51.85
2020-02-08_13:39:07.863[Status]Routing 319: Walk: 129
2020-02-08_13:39:07.966[Battery Energy]51.74
2020-02-08_13:39:08.129[Status]Routing 320: Walk: 129
2020-02-08_13:39:08.238[Battery Energy]51.61
2020-02-08_13:39:08.391[Status]Routing 321: Walk: 129
2020-02-08_13:39:08.491[Battery Energy]51.49
2020-02-08_13:39:08.642[Status]Routing 322: Walk: 129
2020-02-08_13:39:08.746[Battery Energy]51.39
2020-02-08_13:39:08.903[Status]Routing 323: Walk: 129
2020-02-08_13:39:09.003[Battery Energy]51.28
2020-02-08_13:39:09.158[Status]Routing 324: Walk: 129
2020-02-08_13:39:09.262[Battery Energy]51.18
2020-02-08_13:39:09.407[Status]Routing 325: Walk: 129
2020-02-08_13:39:09.520[Battery Energy]51.06
2020-02-08_13:39:09.662[Status]Routing 326: Walk: 129
2020-02-08_13:39:09.776[Battery Energy]50.95
2020-02-08_13:39:09.914[Status]Routing 327: Walk: 129
2020-02-08_13:39:10.017[Battery Energy]50.84
2020-02-08_13:39:10.168[Status]Routing 328: Walk: 129
2020-02-08_13:39:10.273[Battery Energy]50.73
2020-02-08_13:39:10.407[Status]Routing 329: Walk: 129
2020-02-08_13:39:10.511[Battery Energy]50.62
2020-02-08_13:39:10.677[Status]Routing 330: Walk: 129
2020-02-08_13:39:10.777[Battery Energy]50.51
2020-02-08_13:39:10.947[Status]Routing 331: Walk: 129
2020-02-08_13:39:11.047[Battery Energy]50.40
2020-02-08_13:39:11.209[Status]Routing 332: Walk: 129
2020-02-08_13:39:11.318[Battery Energy]50.29
2020-02-08_13:39:11.457[Status]Routing 333: Walk: 129
2020-02-08_13:39:11.558[Battery Energy]50.17
2020-02-08_13:39:11.715[Status]Routing 334: Walk: 129
2020-02-08_13:39:11.830[Battery Energy]50.08
2020-02-08_13:39:11.975[Status]Routing 335: Walk: 129
2020-02-08_13:39:12.082[Battery Energy]49.96
2020-02-08_13:39:12.218[Status]Routing 336: Walk: 129
2020-02-08_13:39:12.326[Battery Energy]49.85
2020-02-08_13:39:12.478[Status]Routing 337: Walk: 129
2020-02-08_13:39:12.579[Battery Energy]49.76
2020-02-08_13:39:12.739[Status]Routing 338: Walk: 129
2020-02-08_13:39:12.846[Battery Energy]49.65
2020-02-08_13:39:12.988[Status]Routing 339: Walk: 129
2020-02-08_13:39:13.088[Battery Energy]49.55
2020-02-08_13:39:13.282[Status]Routing 340: Walk: 129
2020-02-08_13:39:13.390[Battery Energy]49.41
2020-02-08_13:39:13.560[Status]Routing 341: Walk: 129
2020-02-08_13:39:13.666[Battery Energy]49.30
2020-02-08_13:39:13.892[Status]Routing 342: Walk: 129
2020-02-08_13:39:13.994[Battery Energy]49.17
2020-02-08_13:39:14.137[Status]Routing 343: Walk: 129
2020-02-08_13:39:14.242[Battery Energy]49.07
2020-02-08_13:39:14.413[Status]Routing 344: Walk: 129
2020-02-08_13:39:14.528[Battery Energy]48.95
2020-02-08_13:39:14.696[Status]Routing 345: Walk: 129
2020-02-08_13:39:14.798[Battery Energy]48.84
2020-02-08_13:39:14.998[Status]Routing 346: Walk: 129
2020-02-08_13:39:15.099[Battery Energy]48.71
