2020-01-30_22:26:16.926[Status]Start.
2020-01-30_22:26:16.935[Battery Energy]97.00
2020-01-30_22:26:18.036[Battery Energy]96.96
2020-01-30_22:26:19.137[Battery Energy]96.92
2020-01-30_22:26:20.238[Battery Energy]96.88
2020-01-30_22:26:21.339[Battery Energy]96.84
2020-01-30_22:26:22.439[Task]A New Task Released.
2020-01-30_22:26:22.439[Battery Energy]96.80
2020-01-30_22:26:22.439[Status]Selection Start.
2020-01-30_22:26:26.072[Status]Selection End: Do Task 2.
2020-01-30_22:26:26.182[Battery Energy]94.22
2020-01-30_22:26:26.182[Status]Formation Start.
2020-01-30_22:26:26.330[Status]number of tasks is 6
2020-01-30_22:26:26.333[Status]my group tasks is [ 1005.   175.]
2020-01-30_22:26:26.336[Status]my group tasks is [ 1040.           114.37822174]
2020-01-30_22:26:26.344[Status]my group tasks is [ 1145.   175.]
2020-01-30_22:26:26.352[Status]my group tasks is [ 1110.           114.37822174]
2020-01-30_22:26:26.356[Status]my group tasks is [ 1110.           235.62177826]
2020-01-30_22:26:26.365[Status]my group tasks is [ 1040.           235.62177826]
2020-01-30_22:26:26.406[Status]mygroup_robots_utility is {16: [33.80614663564009, 18.820212299614546, 35.095914167691156, 38.871762008942156, 17.398843611573398, 18.648986164526303], 17: [16.903073317820045, 17.06838008835575, 19.253358997922135, 36.37930347705664, 17.819250815786404, 19.043733933564518], 2: [19.490251019325353, 17.59037839761749, 18.78263808484312, 34.66891669564445, 39.62940767999633, 18.20924850498171], 19: [16.196334755991494, 16.303229184363644, 34.52323903619288, 17.321823068743257, 15.34422157139463, 15.296340530050085], 6: [17.969827901989994, 18.652634766076073, 19.824076289700027, 20.00504897411821, 20.662595669581645, 18.49571932695292], 12: [16.404039310305176, 32.80496917203794, 14.530471759099125, 15.41612457081733, 14.531713965559492, 15.413356859243235]}
2020-01-30_22:26:26.407[Status]self.local_queue is [6, 12, 17, 2, 19, 16]
2020-01-30_22:26:26.407[Status]task_chosen index is 4
2020-01-30_22:26:26.407[Status]task_chosen index is 1
2020-01-30_22:26:26.407[Status]task_chosen index is 3
2020-01-30_22:26:26.407[Status]myindex_in_queue is 3
2020-01-30_22:26:26.407[Status]task destination is [1005.0, 175.0]
2020-01-30_22:26:26.507[Battery Energy]94.07
2020-01-30_22:26:26.507[Status]Routing Start.
2020-01-30_22:26:26.680[Status]{'coordinate': [136.20009986827273, 545.0810508533781], 'id': 17}
2020-01-30_22:26:26.681[Status]Routing 1: Walk: 1
2020-01-30_22:26:26.794[Battery Energy]93.83
2020-01-30_22:26:26.794[Status]Routing Start.
2020-01-30_22:26:26.911[Status]{'coordinate': [145.40019973654546, 541.1621017067562], 'id': 17}
2020-01-30_22:26:26.911[Status]Routing 2: Walk: 2
2020-01-30_22:26:27.017[Battery Energy]93.63
2020-01-30_22:26:27.017[Status]Routing Start.
2020-01-30_22:26:27.266[Status]{'coordinate': [154.6002996048182, 537.2431525601343], 'id': 17}
2020-01-30_22:26:27.266[Status]Routing 3: Walk: 3
2020-01-30_22:26:27.374[Battery Energy]93.36
2020-01-30_22:26:27.374[Status]Routing Start.
2020-01-30_22:26:27.506[Status]{'coordinate': [163.80039947309092, 533.3242034135124], 'id': 17}
2020-01-30_22:26:27.507[Status]Routing 4: Walk: 4
2020-01-30_22:26:27.608[Battery Energy]93.17
2020-01-30_22:26:27.608[Status]Routing Start.
2020-01-30_22:26:27.726[Status]{'coordinate': [173.00049934136365, 529.4052542668904], 'id': 17}
2020-01-30_22:26:27.726[Status]Routing 5: Walk: 5
2020-01-30_22:26:27.838[Battery Energy]92.98
2020-01-30_22:26:27.838[Status]Routing Start.
2020-01-30_22:26:27.965[Status]{'coordinate': [182.20059920963638, 525.4863051202685], 'id': 17}
2020-01-30_22:26:27.965[Status]Routing 6: Walk: 6
2020-01-30_22:26:28.072[Battery Energy]92.76
2020-01-30_22:26:28.072[Status]Routing Start.
2020-01-30_22:26:28.365[Status]{'coordinate': [191.4006990779091, 521.5673559736466], 'id': 17}
2020-01-30_22:26:28.365[Status]Routing 7: Walk: 7
2020-01-30_22:26:28.474[Battery Energy]92.41
2020-01-30_22:26:28.474[Status]Routing Start.
2020-01-30_22:26:28.623[Status]{'coordinate': [200.60079894618184, 517.6484068270247], 'id': 17}
2020-01-30_22:26:28.623[Status]Routing 8: Walk: 8
2020-01-30_22:26:28.732[Battery Energy]92.17
2020-01-30_22:26:28.732[Status]Routing Start.
2020-01-30_22:26:28.905[Status]{'coordinate': [209.80089881445457, 513.7294576804028], 'id': 17}
2020-01-30_22:26:28.905[Status]Routing 9: Walk: 9
2020-01-30_22:26:29.007[Battery Energy]91.94
2020-01-30_22:26:29.007[Status]Routing Start.
2020-01-30_22:26:29.133[Status]{'coordinate': [219.0009986827273, 509.81050853378093], 'id': 17}
2020-01-30_22:26:29.133[Status]Routing 10: Walk: 10
2020-01-30_22:26:29.242[Battery Energy]91.73
2020-01-30_22:26:29.242[Status]Routing Start.
2020-01-30_22:26:29.532[Status]{'coordinate': [228.20109855100003, 505.8915593871591], 'id': 17}
2020-01-30_22:26:29.532[Status]Routing 11: Walk: 11
2020-01-30_22:26:29.633[Battery Energy]91.40
2020-01-30_22:26:29.633[Status]Routing Start.
2020-01-30_22:26:29.941[Status]{'coordinate': [237.40119841927276, 501.9726102405372], 'id': 17}
2020-01-30_22:26:29.941[Status]Routing 12: Walk: 12
2020-01-30_22:26:30.045[Battery Energy]91.09
2020-01-30_22:26:30.045[Status]Routing Start.
2020-01-30_22:26:30.362[Status]{'coordinate': [246.6012982875455, 498.05366109391537], 'id': 17}
2020-01-30_22:26:30.362[Status]Routing 13: Walk: 13
2020-01-30_22:26:30.462[Battery Energy]90.74
2020-01-30_22:26:30.462[Status]Routing Start.
2020-01-30_22:26:30.828[Status]{'coordinate': [255.80139815581822, 494.1347119472935], 'id': 17}
2020-01-30_22:26:30.828[Status]Routing 14: Walk: 14
2020-01-30_22:26:30.928[Battery Energy]90.44
2020-01-30_22:26:30.928[Status]Routing Start.
2020-01-30_22:26:31.065[Status]{'coordinate': [265.00149802409095, 490.21576280067165], 'id': 17}
2020-01-30_22:26:31.065[Status]Routing 15: Walk: 15
2020-01-30_22:26:31.170[Battery Energy]90.25
2020-01-30_22:26:31.170[Status]Routing Start.
2020-01-30_22:26:31.455[Status]{'coordinate': [274.2015978923637, 486.2968136540498], 'id': 17}
2020-01-30_22:26:31.456[Status]Routing 16: Walk: 16
2020-01-30_22:26:31.562[Battery Energy]89.93
2020-01-30_22:26:31.562[Status]Routing Start.
2020-01-30_22:26:31.709[Status]{'coordinate': [283.4016977606364, 482.37786450742794], 'id': 17}
2020-01-30_22:26:31.710[Status]Routing 17: Walk: 17
2020-01-30_22:26:31.811[Battery Energy]89.71
2020-01-30_22:26:31.811[Status]Routing Start.
2020-01-30_22:26:31.948[Status]{'coordinate': [292.60179762890914, 478.4589153608061], 'id': 17}
2020-01-30_22:26:31.951[Status]Routing 18: Walk: 18
2020-01-30_22:26:32.058[Battery Energy]89.48
2020-01-30_22:26:32.058[Status]Routing Start.
2020-01-30_22:26:32.206[Status]{'coordinate': [301.80189749718187, 474.53996621418423], 'id': 17}
2020-01-30_22:26:32.207[Status]Routing 19: Walk: 19
2020-01-30_22:26:32.318[Battery Energy]89.25
2020-01-30_22:26:32.318[Status]Routing Start.
2020-01-30_22:26:32.519[Status]{'coordinate': [311.0019973654546, 470.6210170675624], 'id': 17}
2020-01-30_22:26:32.519[Status]Routing 20: Walk: 20
2020-01-30_22:26:32.630[Battery Energy]88.98
2020-01-30_22:26:32.630[Status]Routing Start.
2020-01-30_22:26:32.906[Status]{'coordinate': [320.20209723372733, 466.7020679209405], 'id': 17}
2020-01-30_22:26:32.907[Status]Routing 21: Walk: 21
2020-01-30_22:26:33.010[Battery Energy]88.67
2020-01-30_22:26:33.010[Status]Routing Start.
2020-01-30_22:26:33.314[Status]{'coordinate': [329.40219710200006, 462.78311877431867], 'id': 17}
2020-01-30_22:26:33.315[Status]Routing 22: Walk: 22
2020-01-30_22:26:33.417[Battery Energy]88.38
2020-01-30_22:26:33.417[Status]Routing Start.
2020-01-30_22:26:33.705[Status]{'coordinate': [338.6022969702728, 458.8641696276968], 'id': 17}
2020-01-30_22:26:33.705[Status]Routing 23: Walk: 23
2020-01-30_22:26:33.806[Battery Energy]88.05
2020-01-30_22:26:33.806[Status]Routing Start.
2020-01-30_22:26:34.137[Status]{'coordinate': [347.8023968385455, 454.94522048107495], 'id': 17}
2020-01-30_22:26:34.137[Status]Routing 24: Walk: 24
2020-01-30_22:26:34.242[Battery Energy]87.74
2020-01-30_22:26:34.242[Status]Routing Start.
2020-01-30_22:26:34.542[Status]{'coordinate': [357.00249670681825, 451.0262713344531], 'id': 17}
2020-01-30_22:26:34.542[Status]Routing 25: Walk: 25
2020-01-30_22:26:34.650[Battery Energy]87.41
2020-01-30_22:26:34.650[Status]Routing Start.
2020-01-30_22:26:34.926[Status]{'coordinate': [366.202596575091, 447.10732218783124], 'id': 17}
2020-01-30_22:26:34.926[Status]Routing 26: Walk: 26
2020-01-30_22:26:35.034[Battery Energy]87.11
2020-01-30_22:26:35.034[Status]Routing Start.
2020-01-30_22:26:35.458[Status]Routing 27: Walk: 26
2020-01-30_22:26:35.561[Battery Energy]86.75
2020-01-30_22:26:35.561[Status]Routing Start.
2020-01-30_22:26:35.884[Status]Routing 28: Walk: 26
2020-01-30_22:26:35.986[Battery Energy]86.43
2020-01-30_22:26:35.986[Status]Routing Start.
2020-01-30_22:26:36.274[Status]Routing 29: Walk: 26
2020-01-30_22:26:36.374[Battery Energy]86.14
2020-01-30_22:26:36.374[Status]Routing Start.
2020-01-30_22:26:36.707[Status]Routing 30: Walk: 26
2020-01-30_22:26:36.810[Battery Energy]85.81
2020-01-30_22:26:36.810[Status]Routing Start.
2020-01-30_22:26:36.964[Status]{'coordinate': [375.4026964433637, 443.1883730412094], 'id': 17}
2020-01-30_22:26:36.965[Status]Routing 31: Walk: 27
2020-01-30_22:26:37.065[Battery Energy]85.58
2020-01-30_22:26:37.066[Status]Routing Start.
2020-01-30_22:26:37.502[Status]Routing 32: Walk: 27
2020-01-30_22:26:37.602[Battery Energy]85.14
2020-01-30_22:26:37.602[Status]Routing Start.
2020-01-30_22:26:37.874[Status]Routing 33: Walk: 27
2020-01-30_22:26:37.974[Battery Energy]84.82
2020-01-30_22:26:37.974[Status]Routing Start.
2020-01-30_22:26:38.265[Status]Routing 34: Walk: 27
2020-01-30_22:26:38.365[Battery Energy]84.55
2020-01-30_22:26:38.365[Status]Routing Start.
2020-01-30_22:26:38.723[Status]Routing 35: Walk: 27
2020-01-30_22:26:38.824[Battery Energy]84.22
2020-01-30_22:26:38.824[Status]Routing Start.
2020-01-30_22:26:39.110[Status]Routing 36: Walk: 27
2020-01-30_22:26:39.211[Battery Energy]83.92
2020-01-30_22:26:39.212[Status]Routing Start.
2020-01-30_22:26:39.383[Status]{'coordinate': [384.60279631163644, 439.26942389458753], 'id': 17}
2020-01-30_22:26:39.383[Status]Routing 37: Walk: 28
2020-01-30_22:26:39.483[Battery Energy]83.71
2020-01-30_22:26:39.483[Status]Routing Start.
2020-01-30_22:26:39.794[Status]{'coordinate': [393.80289617990917, 435.3504747479657], 'id': 17}
2020-01-30_22:26:39.795[Status]Routing 38: Walk: 29
2020-01-30_22:26:39.898[Battery Energy]83.40
2020-01-30_22:26:39.898[Status]Routing Start.
2020-01-30_22:26:40.187[Status]{'coordinate': [403.0029960481819, 431.4315256013438], 'id': 17}
2020-01-30_22:26:40.188[Status]Routing 39: Walk: 30
2020-01-30_22:26:40.298[Battery Energy]83.06
2020-01-30_22:26:40.298[Status]Routing Start.
2020-01-30_22:26:40.582[Status]{'coordinate': [412.20309591645463, 427.51257645472197], 'id': 17}
2020-01-30_22:26:40.582[Status]Routing 40: Walk: 31
2020-01-30_22:26:40.683[Battery Energy]82.76
2020-01-30_22:26:40.683[Status]Routing Start.
2020-01-30_22:26:41.043[Status]{'coordinate': [421.40319578472736, 423.5936273081001], 'id': 17}
2020-01-30_22:26:41.045[Status]Routing 41: Walk: 32
2020-01-30_22:26:41.145[Battery Energy]82.39
2020-01-30_22:26:41.146[Status]Routing Start.
2020-01-30_22:26:41.491[Status]{'coordinate': [430.6032956530001, 419.67467816147825], 'id': 17}
2020-01-30_22:26:41.491[Status]Routing 42: Walk: 33
2020-01-30_22:26:41.610[Battery Energy]82.08
2020-01-30_22:26:41.610[Status]Routing Start.
2020-01-30_22:26:41.875[Status]{'coordinate': [439.8033955212728, 415.7557290148564], 'id': 17}
2020-01-30_22:26:41.875[Status]Routing 43: Walk: 34
2020-01-30_22:26:41.975[Battery Energy]81.81
2020-01-30_22:26:41.975[Status]Routing Start.
2020-01-30_22:26:42.305[Status]{'coordinate': [449.00349538954555, 411.83677986823454], 'id': 17}
2020-01-30_22:26:42.305[Status]Routing 44: Walk: 35
2020-01-30_22:26:42.414[Battery Energy]81.47
2020-01-30_22:26:42.414[Status]Routing Start.
2020-01-30_22:26:42.544[Status]{'coordinate': [458.2035952578183, 407.9178307216127], 'id': 17}
2020-01-30_22:26:42.544[Status]Routing 45: Walk: 36
2020-01-30_22:26:42.650[Battery Energy]81.24
2020-01-30_22:26:42.650[Status]Routing Start.
2020-01-30_22:26:42.979[Status]{'coordinate': [467.403695126091, 403.99888157499083], 'id': 17}
2020-01-30_22:26:42.979[Status]Routing 46: Walk: 37
2020-01-30_22:26:43.079[Battery Energy]80.90
2020-01-30_22:26:43.079[Status]Routing Start.
2020-01-30_22:26:43.336[Status]{'coordinate': [476.60379499436374, 400.079932428369], 'id': 17}
2020-01-30_22:26:43.336[Status]Routing 47: Walk: 38
2020-01-30_22:26:43.442[Battery Energy]80.64
2020-01-30_22:26:43.442[Status]Routing Start.
2020-01-30_22:26:43.589[Status]{'coordinate': [485.80389486263647, 396.1609832817471], 'id': 17}
2020-01-30_22:26:43.590[Status]Routing 48: Walk: 39
2020-01-30_22:26:43.697[Battery Energy]80.43
2020-01-30_22:26:43.697[Status]Routing Start.
2020-01-30_22:26:43.822[Status]{'coordinate': [495.0039947309092, 392.24203413512527], 'id': 17}
2020-01-30_22:26:43.822[Status]Routing 49: Walk: 40
2020-01-30_22:26:43.930[Battery Energy]80.23
2020-01-30_22:26:43.930[Status]Routing Start.
2020-01-30_22:26:44.062[Status]{'coordinate': [504.20409459918193, 388.3230849885034], 'id': 17}
2020-01-30_22:26:44.062[Status]Routing 50: Walk: 41
2020-01-30_22:26:44.163[Battery Energy]80.03
2020-01-30_22:26:44.163[Status]Routing Start.
2020-01-30_22:26:44.476[Status]{'coordinate': [513.4041944674547, 384.40413584188155], 'id': 17}
2020-01-30_22:26:44.476[Status]Routing 51: Walk: 42
2020-01-30_22:26:44.578[Battery Energy]79.70
2020-01-30_22:26:44.582[Status]Routing Start.
2020-01-30_22:26:44.884[Status]{'coordinate': [522.6042943357273, 380.4851866952597], 'id': 17}
2020-01-30_22:26:44.885[Status]Routing 52: Walk: 43
2020-01-30_22:26:44.987[Battery Energy]79.38
2020-01-30_22:26:44.987[Status]Routing Start.
2020-01-30_22:26:45.324[Status]{'coordinate': [531.804394204, 376.56623754863784], 'id': 17}
2020-01-30_22:26:45.324[Status]Routing 53: Walk: 44
2020-01-30_22:26:45.430[Battery Energy]79.08
2020-01-30_22:26:45.430[Status]Routing Start.
2020-01-30_22:26:45.743[Status]{'coordinate': [541.0044940722727, 372.647288402016], 'id': 17}
2020-01-30_22:26:45.743[Status]Routing 54: Walk: 45
2020-01-30_22:26:45.854[Battery Energy]78.78
2020-01-30_22:26:45.854[Status]Routing Start.
2020-01-30_22:26:45.973[Status]{'coordinate': [550.2045939405454, 368.72833925539413], 'id': 17}
2020-01-30_22:26:45.974[Status]Routing 55: Walk: 46
2020-01-30_22:26:46.077[Battery Energy]78.60
2020-01-30_22:26:46.077[Status]Routing Start.
2020-01-30_22:26:46.236[Status]{'coordinate': [559.404693808818, 364.8093901087723], 'id': 17}
2020-01-30_22:26:46.236[Status]Routing 56: Walk: 47
2020-01-30_22:26:46.338[Battery Energy]78.38
2020-01-30_22:26:46.338[Status]Routing Start.
2020-01-30_22:26:46.622[Status]{'coordinate': [568.6047936770907, 360.8904409621504], 'id': 17}
2020-01-30_22:26:46.624[Status]Routing 57: Walk: 48
2020-01-30_22:26:46.738[Battery Energy]78.10
2020-01-30_22:26:46.738[Status]Routing Start.
2020-01-30_22:26:47.083[Status]{'coordinate': [577.8048935453634, 356.97149181552857], 'id': 17}
2020-01-30_22:26:47.083[Status]Routing 58: Walk: 49
2020-01-30_22:26:47.198[Battery Energy]77.79
2020-01-30_22:26:47.198[Status]Routing Start.
2020-01-30_22:26:47.500[Status]{'coordinate': [587.004993413636, 353.0525426689067], 'id': 17}
2020-01-30_22:26:47.500[Status]Routing 59: Walk: 50
2020-01-30_22:26:47.604[Battery Energy]77.54
2020-01-30_22:26:47.604[Status]Routing Start.
2020-01-30_22:26:47.872[Status]{'coordinate': [596.2050932819087, 349.13359352228485], 'id': 17}
2020-01-30_22:26:47.872[Status]Routing 60: Walk: 51
2020-01-30_22:26:47.986[Battery Energy]77.22
2020-01-30_22:26:47.986[Status]Routing Start.
2020-01-30_22:26:48.232[Status]{'coordinate': [605.4051931501814, 345.214644375663], 'id': 17}
2020-01-30_22:26:48.232[Status]Routing 61: Walk: 52
2020-01-30_22:26:48.338[Battery Energy]76.92
2020-01-30_22:26:48.338[Status]Routing Start.
2020-01-30_22:26:48.489[Status]{'coordinate': [614.6052930184541, 341.29569522904114], 'id': 17}
2020-01-30_22:26:48.489[Status]Routing 62: Walk: 53
2020-01-30_22:26:48.598[Battery Energy]76.71
2020-01-30_22:26:48.598[Status]Routing Start.
2020-01-30_22:26:48.761[Status]{'coordinate': [623.8053928867267, 337.3767460824193], 'id': 17}
2020-01-30_22:26:48.761[Status]Routing 63: Walk: 54
2020-01-30_22:26:48.870[Battery Energy]76.48
2020-01-30_22:26:48.870[Status]Routing Start.
2020-01-30_22:26:49.024[Status]{'coordinate': [633.0054927549994, 333.45779693579743], 'id': 17}
2020-01-30_22:26:49.024[Status]Routing 64: Walk: 55
2020-01-30_22:26:49.125[Battery Energy]76.28
2020-01-30_22:26:49.125[Status]Routing Start.
2020-01-30_22:26:49.274[Status]{'coordinate': [642.2055926232721, 329.5388477891756], 'id': 17}
2020-01-30_22:26:49.274[Status]Routing 65: Walk: 56
2020-01-30_22:26:49.390[Battery Energy]76.08
2020-01-30_22:26:49.390[Status]Routing Start.
2020-01-30_22:26:49.703[Status]{'coordinate': [651.4056924915448, 325.6198986425537], 'id': 17}
2020-01-30_22:26:49.704[Status]Routing 66: Walk: 57
2020-01-30_22:26:49.818[Battery Energy]75.77
2020-01-30_22:26:49.818[Status]Routing Start.
2020-01-30_22:26:49.955[Status]{'coordinate': [660.6057923598174, 321.70094949593187], 'id': 17}
2020-01-30_22:26:49.956[Status]Routing 67: Walk: 58
2020-01-30_22:26:50.065[Battery Energy]75.57
2020-01-30_22:26:50.065[Status]Routing Start.
2020-01-30_22:26:50.191[Status]{'coordinate': [669.8058922280901, 317.78200034931], 'id': 17}
2020-01-30_22:26:50.191[Status]Routing 68: Walk: 59
2020-01-30_22:26:50.291[Battery Energy]75.38
2020-01-30_22:26:50.291[Status]Routing Start.
2020-01-30_22:26:50.447[Status]{'coordinate': [679.0059920963628, 313.86305120268815], 'id': 17}
2020-01-30_22:26:50.447[Status]Routing 69: Walk: 60
2020-01-30_22:26:50.550[Battery Energy]75.18
2020-01-30_22:26:50.550[Status]Routing Start.
2020-01-30_22:26:50.693[Status]{'coordinate': [688.2060919646354, 309.9441020560663], 'id': 17}
2020-01-30_22:26:50.693[Status]Routing 70: Walk: 61
2020-01-30_22:26:50.802[Battery Energy]74.99
2020-01-30_22:26:50.802[Status]Routing Start.
2020-01-30_22:26:50.939[Status]{'coordinate': [697.4061918329081, 306.02515290944444], 'id': 17}
2020-01-30_22:26:50.939[Status]Routing 71: Walk: 62
2020-01-30_22:26:51.039[Battery Energy]74.79
2020-01-30_22:26:51.039[Status]Routing Start.
2020-01-30_22:26:51.212[Status]{'coordinate': [706.6062917011808, 302.1062037628226], 'id': 17}
2020-01-30_22:26:51.212[Status]Routing 72: Walk: 63
2020-01-30_22:26:51.319[Battery Energy]74.58
2020-01-30_22:26:51.319[Status]Routing Start.
2020-01-30_22:26:51.448[Status]{'coordinate': [715.8063915694535, 298.18725461620073], 'id': 17}
2020-01-30_22:26:51.448[Status]Routing 73: Walk: 64
2020-01-30_22:26:51.552[Battery Energy]74.38
2020-01-30_22:26:51.553[Status]Routing Start.
2020-01-30_22:26:51.717[Status]{'coordinate': [725.0064914377261, 294.2683054695789], 'id': 17}
2020-01-30_22:26:51.717[Status]Routing 74: Walk: 65
2020-01-30_22:26:51.819[Battery Energy]74.17
2020-01-30_22:26:51.819[Status]Routing Start.
2020-01-30_22:26:51.959[Status]{'coordinate': [734.2065913059988, 290.349356322957], 'id': 17}
2020-01-30_22:26:51.959[Status]Routing 75: Walk: 66
2020-01-30_22:26:52.059[Battery Energy]73.98
2020-01-30_22:26:52.059[Status]Routing Start.
2020-01-30_22:26:52.215[Status]{'coordinate': [743.4066911742715, 286.43040717633517], 'id': 17}
2020-01-30_22:26:52.215[Status]Routing 76: Walk: 67
2020-01-30_22:26:52.321[Battery Energy]73.79
2020-01-30_22:26:52.321[Status]Routing Start.
2020-01-30_22:26:52.463[Status]{'coordinate': [752.6067910425442, 282.5114580297133], 'id': 17}
2020-01-30_22:26:52.465[Status]Routing 77: Walk: 68
2020-01-30_22:26:52.573[Battery Energy]73.59
2020-01-30_22:26:52.573[Status]Routing Start.
2020-01-30_22:26:52.760[Status]{'coordinate': [761.8068909108168, 278.59250888309145], 'id': 17}
2020-01-30_22:26:52.760[Status]Routing 78: Walk: 69
2020-01-30_22:26:52.874[Battery Energy]73.34
2020-01-30_22:26:52.874[Status]Routing Start.
2020-01-30_22:26:53.003[Status]{'coordinate': [771.0069907790895, 274.6735597364696], 'id': 17}
2020-01-30_22:26:53.003[Status]Routing 79: Walk: 70
2020-01-30_22:26:53.114[Battery Energy]73.15
2020-01-30_22:26:53.114[Status]Routing Start.
2020-01-30_22:26:53.253[Status]{'coordinate': [780.2070906473622, 270.75461058984774], 'id': 17}
2020-01-30_22:26:53.255[Status]Routing 80: Walk: 71
2020-01-30_22:26:53.366[Battery Energy]72.93
2020-01-30_22:26:53.366[Status]Routing Start.
2020-01-30_22:26:53.522[Status]{'coordinate': [789.4071905156349, 266.8356614432259], 'id': 17}
2020-01-30_22:26:53.522[Status]Routing 81: Walk: 72
2020-01-30_22:26:53.630[Battery Energy]72.72
2020-01-30_22:26:53.630[Status]Routing Start.
2020-01-30_22:26:53.782[Status]{'coordinate': [798.6072903839075, 262.91671229660403], 'id': 17}
2020-01-30_22:26:53.782[Status]Routing 82: Walk: 73
2020-01-30_22:26:53.898[Battery Energy]72.53
2020-01-30_22:26:53.898[Status]Routing Start.
2020-01-30_22:26:54.049[Status]{'coordinate': [807.8073902521802, 258.9977631499822], 'id': 17}
2020-01-30_22:26:54.049[Status]Routing 83: Walk: 74
2020-01-30_22:26:54.157[Battery Energy]72.30
2020-01-30_22:26:54.157[Status]Routing Start.
2020-01-30_22:26:54.308[Status]{'coordinate': [817.0074901204529, 255.07881400336032], 'id': 17}
2020-01-30_22:26:54.309[Status]Routing 84: Walk: 75
2020-01-30_22:26:54.413[Battery Energy]72.07
2020-01-30_22:26:54.413[Status]Routing Start.
2020-01-30_22:26:54.553[Status]{'coordinate': [826.2075899887255, 251.15986485673847], 'id': 17}
2020-01-30_22:26:54.554[Status]Routing 85: Walk: 76
2020-01-30_22:26:54.662[Battery Energy]71.84
2020-01-30_22:26:54.662[Status]Routing Start.
2020-01-30_22:26:54.808[Status]{'coordinate': [835.4076898569982, 247.2409157101166], 'id': 17}
2020-01-30_22:26:54.809[Status]Routing 86: Walk: 77
2020-01-30_22:26:54.918[Battery Energy]71.64
2020-01-30_22:26:54.918[Status]Routing Start.
2020-01-30_22:26:55.072[Status]{'coordinate': [844.6077897252709, 243.32196656349475], 'id': 17}
2020-01-30_22:26:55.073[Status]Routing 87: Walk: 78
2020-01-30_22:26:55.190[Battery Energy]71.45
2020-01-30_22:26:55.190[Status]Routing Start.
2020-01-30_22:26:55.339[Status]{'coordinate': [853.8078895935436, 239.4030174168729], 'id': 17}
2020-01-30_22:26:55.339[Status]Routing 88: Walk: 79
2020-01-30_22:26:55.442[Battery Energy]71.25
2020-01-30_22:26:55.442[Status]Routing Start.
2020-01-30_22:26:55.583[Status]{'coordinate': [863.0079894618162, 235.48406827025104], 'id': 17}
2020-01-30_22:26:55.583[Status]Routing 89: Walk: 80
2020-01-30_22:26:55.694[Battery Energy]71.03
2020-01-30_22:26:55.694[Status]Routing Start.
2020-01-30_22:26:55.841[Status]{'coordinate': [872.208089330089, 231.5651191236292], 'id': 17}
2020-01-30_22:26:55.841[Status]Routing 90: Walk: 81
2020-01-30_22:26:55.950[Battery Energy]70.81
2020-01-30_22:26:55.950[Status]Routing Start.
2020-01-30_22:26:56.074[Status]{'coordinate': [881.4081891983617, 227.64616997700733], 'id': 17}
2020-01-30_22:26:56.074[Status]Routing 91: Walk: 82
2020-01-30_22:26:56.178[Battery Energy]70.62
2020-01-30_22:26:56.178[Status]Routing Start.
2020-01-30_22:26:56.409[Status]{'coordinate': [890.6082890666345, 223.72722083038548], 'id': 17}
2020-01-30_22:26:56.409[Status]Routing 92: Walk: 83
2020-01-30_22:26:56.511[Battery Energy]70.37
2020-01-30_22:26:56.511[Status]Routing Start.
2020-01-30_22:26:56.650[Status]{'coordinate': [899.8083889349073, 219.80827168376362], 'id': 17}
2020-01-30_22:26:56.650[Status]Routing 93: Walk: 84
2020-01-30_22:26:56.751[Battery Energy]70.16
2020-01-30_22:26:56.751[Status]Routing Start.
2020-01-30_22:26:56.911[Status]{'coordinate': [909.00848880318, 215.88932253714177], 'id': 17}
2020-01-30_22:26:56.911[Status]Routing 94: Walk: 85
2020-01-30_22:26:57.011[Battery Energy]69.94
2020-01-30_22:26:57.011[Status]Routing Start.
2020-01-30_22:26:57.157[Status]{'coordinate': [918.2085886714526, 211.9703733905199], 'id': 17}
2020-01-30_22:26:57.157[Status]Routing 95: Walk: 86
2020-01-30_22:26:57.274[Battery Energy]69.74
2020-01-30_22:26:57.274[Status]Routing Start.
2020-01-30_22:26:57.410[Status]{'coordinate': [927.4086885397254, 208.05142424389805], 'id': 17}
2020-01-30_22:26:57.410[Status]Routing 96: Walk: 87
2020-01-30_22:26:57.514[Battery Energy]69.53
2020-01-30_22:26:57.514[Status]Routing Start.
2020-01-30_22:26:57.843[Status]{'coordinate': [936.6087884079982, 204.1324750972762], 'id': 17}
2020-01-30_22:26:57.844[Status]Routing 97: Walk: 88
2020-01-30_22:26:57.944[Battery Energy]69.17
2020-01-30_22:26:57.944[Status]Routing Start.
2020-01-30_22:26:58.284[Status]{'coordinate': [945.808888276271, 200.21352595065434], 'id': 17}
2020-01-30_22:26:58.284[Status]Routing 98: Walk: 89
2020-01-30_22:26:58.394[Battery Energy]68.82
2020-01-30_22:26:58.394[Status]Routing Start.
2020-01-30_22:26:58.539[Status]{'coordinate': [955.0089881445438, 196.2945768040325], 'id': 17}
2020-01-30_22:26:58.539[Status]Routing 99: Walk: 90
2020-01-30_22:26:58.641[Battery Energy]68.60
2020-01-30_22:26:58.642[Status]Routing Start.
2020-01-30_22:26:59.001[Status]{'coordinate': [964.2090880128164, 192.37562765741063], 'id': 17}
2020-01-30_22:26:59.001[Status]Routing 100: Walk: 91
2020-01-30_22:26:59.106[Battery Energy]68.29
2020-01-30_22:26:59.106[Status]Routing Start.
2020-01-30_22:26:59.417[Status]{'coordinate': [973.4091878810892, 188.4566785107888], 'id': 17}
2020-01-30_22:26:59.417[Status]Routing 101: Walk: 92
2020-01-30_22:26:59.525[Battery Energy]67.98
2020-01-30_22:26:59.525[Status]Routing Start.
2020-01-30_22:26:59.675[Status]{'coordinate': [982.6092877493619, 184.53772936416695], 'id': 17}
2020-01-30_22:26:59.675[Status]Routing 102: Walk: 93
2020-01-30_22:26:59.775[Battery Energy]67.77
2020-01-30_22:26:59.775[Status]Routing Start.
2020-01-30_22:26:59.950[Status]{'coordinate': [991.8093876176347, 180.61878021754512], 'id': 17}
2020-01-30_22:26:59.952[Status]Routing 103: Walk: 94
2020-01-30_22:27:00.066[Battery Energy]67.52
2020-01-30_22:27:00.066[Status]Routing Start.
2020-01-30_22:27:00.418[Status]{'coordinate': [1001.0094874859074, 176.69983107092327], 'id': 17}
2020-01-30_22:27:00.418[Status]Routing 104: Walk: 95
2020-01-30_22:27:00.526[Battery Energy]67.19
2020-01-30_22:27:00.526[Status]Routing Start.
2020-01-30_22:27:00.526[Status]Task Finished.
2020-01-30_22:27:00.626[Battery Energy]67.19
2020-01-30_22:27:00.839[Status]Routing 106: Walk: 95
2020-01-30_22:27:00.945[Battery Energy]67.06
2020-01-30_22:27:01.272[Status]Routing 107: Walk: 95
2020-01-30_22:27:01.373[Battery Energy]66.86
2020-01-30_22:27:01.731[Status]Routing 108: Walk: 95
2020-01-30_22:27:01.839[Battery Energy]66.60
2020-01-30_22:27:01.989[Status]Routing 109: Walk: 95
2020-01-30_22:27:02.098[Battery Energy]66.50
2020-01-30_22:27:02.249[Status]Routing 110: Walk: 95
2020-01-30_22:27:02.358[Battery Energy]66.39
2020-01-30_22:27:02.564[Status]Routing 111: Walk: 95
2020-01-30_22:27:02.664[Battery Energy]66.26
2020-01-30_22:27:02.901[Status]Routing 112: Walk: 95
2020-01-30_22:27:03.010[Battery Energy]66.07
2020-01-30_22:27:03.190[Status]Routing 113: Walk: 95
2020-01-30_22:27:03.302[Battery Energy]65.95
2020-01-30_22:27:03.548[Status]Routing 114: Walk: 95
2020-01-30_22:27:03.657[Battery Energy]65.77
2020-01-30_22:27:03.805[Status]Routing 115: Walk: 95
2020-01-30_22:27:03.907[Battery Energy]65.66
2020-01-30_22:27:04.166[Status]Routing 116: Walk: 95
2020-01-30_22:27:04.267[Battery Energy]65.48
2020-01-30_22:27:04.436[Status]Routing 117: Walk: 95
2020-01-30_22:27:04.542[Battery Energy]65.33
2020-01-30_22:27:04.678[Status]Routing 118: Walk: 95
2020-01-30_22:27:04.779[Battery Energy]65.24
2020-01-30_22:27:05.108[Status]Routing 119: Walk: 95
2020-01-30_22:27:05.224[Battery Energy]65.01
2020-01-30_22:27:05.515[Status]Routing 120: Walk: 95
2020-01-30_22:27:05.626[Battery Energy]64.81
2020-01-30_22:27:05.934[Status]Routing 121: Walk: 95
2020-01-30_22:27:06.034[Battery Energy]64.61
2020-01-30_22:27:06.332[Status]Routing 122: Walk: 95
2020-01-30_22:27:06.433[Battery Energy]64.44
2020-01-30_22:27:06.553[Status]Routing 123: Walk: 95
2020-01-30_22:27:06.655[Battery Energy]64.35
2020-01-30_22:27:06.986[Status]Routing 124: Walk: 95
2020-01-30_22:27:07.086[Battery Energy]64.15
2020-01-30_22:27:07.391[Status]Routing 125: Walk: 95
2020-01-30_22:27:07.491[Battery Energy]63.94
2020-01-30_22:27:07.633[Status]Routing 126: Walk: 95
2020-01-30_22:27:07.733[Battery Energy]63.83
2020-01-30_22:27:07.966[Status]Routing 127: Walk: 95
2020-01-30_22:27:08.070[Battery Energy]63.66
2020-01-30_22:27:08.208[Status]Routing 128: Walk: 95
2020-01-30_22:27:08.313[Battery Energy]63.55
2020-01-30_22:27:08.533[Status]Routing 129: Walk: 95
2020-01-30_22:27:08.634[Battery Energy]63.43
2020-01-30_22:27:08.809[Status]Routing 130: Walk: 95
2020-01-30_22:27:08.909[Battery Energy]63.28
2020-01-30_22:27:09.128[Status]Routing 131: Walk: 95
2020-01-30_22:27:09.229[Battery Energy]63.11
2020-01-30_22:27:09.387[Status]Routing 132: Walk: 95
2020-01-30_22:27:09.498[Battery Energy]63.00
2020-01-30_22:27:09.646[Status]Routing 133: Walk: 95
2020-01-30_22:27:09.756[Battery Energy]62.90
2020-01-30_22:27:09.883[Status]Routing 134: Walk: 95
2020-01-30_22:27:09.986[Battery Energy]62.80
2020-01-30_22:27:10.131[Status]Routing 135: Walk: 95
2020-01-30_22:27:10.233[Battery Energy]62.71
2020-01-30_22:27:10.407[Status]Routing 136: Walk: 95
2020-01-30_22:27:10.507[Battery Energy]62.60
2020-01-30_22:27:10.647[Status]Routing 137: Walk: 95
2020-01-30_22:27:10.750[Battery Energy]62.48
2020-01-30_22:27:10.887[Status]Routing 138: Walk: 95
2020-01-30_22:27:10.998[Battery Energy]62.38
2020-01-30_22:27:11.132[Status]Routing 139: Walk: 95
2020-01-30_22:27:11.232[Battery Energy]62.27
2020-01-30_22:27:11.384[Status]Routing 140: Walk: 95
2020-01-30_22:27:11.484[Battery Energy]62.15
2020-01-30_22:27:11.630[Status]Routing 141: Walk: 95
2020-01-30_22:27:11.732[Battery Energy]62.03
2020-01-30_22:27:11.881[Status]Routing 142: Walk: 95
2020-01-30_22:27:11.994[Battery Energy]61.93
2020-01-30_22:27:12.197[Status]Routing 143: Walk: 95
2020-01-30_22:27:12.299[Battery Energy]61.75
2020-01-30_22:27:12.504[Status]Routing 144: Walk: 95
2020-01-30_22:27:12.604[Battery Energy]61.62
2020-01-30_22:27:12.745[Status]Routing 145: Walk: 95
2020-01-30_22:27:12.845[Battery Energy]61.51
2020-01-30_22:27:12.984[Status]Routing 146: Walk: 95
2020-01-30_22:27:13.092[Battery Energy]61.39
2020-01-30_22:27:13.226[Status]Routing 147: Walk: 95
2020-01-30_22:27:13.336[Battery Energy]61.29
2020-01-30_22:27:13.483[Status]Routing 148: Walk: 95
2020-01-30_22:27:13.593[Battery Energy]61.17
2020-01-30_22:27:13.722[Status]Routing 149: Walk: 95
2020-01-30_22:27:13.831[Battery Energy]61.06
2020-01-30_22:27:13.956[Status]Routing 150: Walk: 95
2020-01-30_22:27:14.056[Battery Energy]60.96
2020-01-30_22:27:14.205[Status]Routing 151: Walk: 95
2020-01-30_22:27:14.305[Battery Energy]60.86
2020-01-30_22:27:14.437[Status]Routing 152: Walk: 95
2020-01-30_22:27:14.544[Battery Energy]60.77
2020-01-30_22:27:14.684[Status]Routing 153: Walk: 95
2020-01-30_22:27:14.802[Battery Energy]60.66
2020-01-30_22:27:14.932[Status]Routing 154: Walk: 95
2020-01-30_22:27:15.050[Battery Energy]60.57
2020-01-30_22:27:15.189[Status]Routing 155: Walk: 95
2020-01-30_22:27:15.294[Battery Energy]60.45
2020-01-30_22:27:15.428[Status]Routing 156: Walk: 95
2020-01-30_22:27:15.528[Battery Energy]60.35
2020-01-30_22:27:15.687[Status]Routing 157: Walk: 95
2020-01-30_22:27:15.802[Battery Energy]60.23
2020-01-30_22:27:15.941[Status]Routing 158: Walk: 95
2020-01-30_22:27:16.041[Battery Energy]60.12
2020-01-30_22:27:16.199[Status]Routing 159: Walk: 95
2020-01-30_22:27:16.304[Battery Energy]60.02
2020-01-30_22:27:16.430[Status]Routing 160: Walk: 95
2020-01-30_22:27:16.546[Battery Energy]59.92
2020-01-30_22:27:16.671[Status]Routing 161: Walk: 95
2020-01-30_22:27:16.771[Battery Energy]59.81
2020-01-30_22:27:16.908[Status]Routing 162: Walk: 95
2020-01-30_22:27:17.008[Battery Energy]59.72
2020-01-30_22:27:17.153[Status]Routing 163: Walk: 95
2020-01-30_22:27:17.253[Battery Energy]59.62
2020-01-30_22:27:17.431[Status]Routing 164: Walk: 95
2020-01-30_22:27:17.533[Battery Energy]59.52
2020-01-30_22:27:17.706[Status]Routing 165: Walk: 95
2020-01-30_22:27:17.818[Battery Energy]59.39
2020-01-30_22:27:17.960[Status]Routing 166: Walk: 95
2020-01-30_22:27:18.066[Battery Energy]59.29
2020-01-30_22:27:18.216[Status]Routing 167: Walk: 95
2020-01-30_22:27:18.326[Battery Energy]59.19
2020-01-30_22:27:18.443[Status]Routing 168: Walk: 95
2020-01-30_22:27:18.554[Battery Energy]59.10
2020-01-30_22:27:18.686[Status]Routing 169: Walk: 95
2020-01-30_22:27:18.798[Battery Energy]59.02
2020-01-30_22:27:18.939[Status]Routing 170: Walk: 95
2020-01-30_22:27:19.050[Battery Energy]58.91
2020-01-30_22:27:19.165[Status]Routing 171: Walk: 95
2020-01-30_22:27:19.265[Battery Energy]58.80
2020-01-30_22:27:19.425[Status]Routing 172: Walk: 95
2020-01-30_22:27:19.534[Battery Energy]58.69
2020-01-30_22:27:19.655[Status]Routing 173: Walk: 95
2020-01-30_22:27:19.757[Battery Energy]58.59
2020-01-30_22:27:19.885[Status]Routing 174: Walk: 95
2020-01-30_22:27:19.994[Battery Energy]58.49
2020-01-30_22:27:20.127[Status]Routing 175: Walk: 95
2020-01-30_22:27:20.227[Battery Energy]58.39
2020-01-30_22:27:20.361[Status]Routing 176: Walk: 95
2020-01-30_22:27:20.461[Battery Energy]58.30
2020-01-30_22:27:20.621[Status]Routing 177: Walk: 95
2020-01-30_22:27:20.721[Battery Energy]58.19
2020-01-30_22:27:20.880[Status]Routing 178: Walk: 95
2020-01-30_22:27:20.980[Battery Energy]58.08
2020-01-30_22:27:21.172[Status]Routing 179: Walk: 95
2020-01-30_22:27:21.281[Battery Energy]57.94
2020-01-30_22:27:21.419[Status]Routing 180: Walk: 95
2020-01-30_22:27:21.524[Battery Energy]57.82
2020-01-30_22:27:21.689[Status]Routing 181: Walk: 95
2020-01-30_22:27:21.790[Battery Energy]57.70
2020-01-30_22:27:21.944[Status]Routing 182: Walk: 95
2020-01-30_22:27:22.049[Battery Energy]57.58
2020-01-30_22:27:22.185[Status]Routing 183: Walk: 95
2020-01-30_22:27:22.286[Battery Energy]57.45
2020-01-30_22:27:22.421[Status]Routing 184: Walk: 95
2020-01-30_22:27:22.532[Battery Energy]57.33
2020-01-30_22:27:22.678[Status]Routing 185: Walk: 95
2020-01-30_22:27:22.779[Battery Energy]57.23
2020-01-30_22:27:22.932[Status]Routing 186: Walk: 95
2020-01-30_22:27:23.046[Battery Energy]57.12
2020-01-30_22:27:23.172[Status]Routing 187: Walk: 95
2020-01-30_22:27:23.285[Battery Energy]57.02
2020-01-30_22:27:23.411[Status]Routing 188: Walk: 95
2020-01-30_22:27:23.522[Battery Energy]56.93
2020-01-30_22:27:23.684[Status]Routing 189: Walk: 95
2020-01-30_22:27:23.793[Battery Energy]56.83
2020-01-30_22:27:23.941[Status]Routing 190: Walk: 95
2020-01-30_22:27:24.045[Battery Energy]56.71
2020-01-30_22:27:24.193[Status]Routing 191: Walk: 95
2020-01-30_22:27:24.298[Battery Energy]56.57
2020-01-30_22:27:24.435[Status]Routing 192: Walk: 95
2020-01-30_22:27:24.536[Battery Energy]56.45
2020-01-30_22:27:24.702[Status]Routing 193: Walk: 95
2020-01-30_22:27:24.818[Battery Energy]56.33
2020-01-30_22:27:24.939[Status]Routing 194: Walk: 95
2020-01-30_22:27:25.039[Battery Energy]56.25
2020-01-30_22:27:25.210[Status]Routing 195: Walk: 95
2020-01-30_22:27:25.326[Battery Energy]56.14
2020-01-30_22:27:25.464[Status]Routing 196: Walk: 95
2020-01-30_22:27:25.582[Battery Energy]56.02
2020-01-30_22:27:25.719[Status]Routing 197: Walk: 95
2020-01-30_22:27:25.822[Battery Energy]55.92
2020-01-30_22:27:25.943[Status]Routing 198: Walk: 95
2020-01-30_22:27:26.046[Battery Energy]55.81
2020-01-30_22:27:26.216[Status]Routing 199: Walk: 95
2020-01-30_22:27:26.330[Battery Energy]55.68
2020-01-30_22:27:26.479[Status]Routing 200: Walk: 95
2020-01-30_22:27:26.590[Battery Energy]55.55
2020-01-30_22:27:26.781[Status]Routing 201: Walk: 95
2020-01-30_22:27:26.883[Battery Energy]55.42
2020-01-30_22:27:27.044[Status]Routing 202: Walk: 95
2020-01-30_22:27:27.154[Battery Energy]55.31
2020-01-30_22:27:27.317[Status]Routing 203: Walk: 95
2020-01-30_22:27:27.417[Battery Energy]55.19
2020-01-30_22:27:27.575[Status]Routing 204: Walk: 95
2020-01-30_22:27:27.681[Battery Energy]55.06
2020-01-30_22:27:27.827[Status]Routing 205: Walk: 95
2020-01-30_22:27:27.927[Battery Energy]54.96
2020-01-30_22:27:28.063[Status]Routing 206: Walk: 95
2020-01-30_22:27:28.164[Battery Energy]54.85
2020-01-30_22:27:28.305[Status]Routing 207: Walk: 95
2020-01-30_22:27:28.409[Battery Energy]54.75
2020-01-30_22:27:28.530[Status]Routing 208: Walk: 95
2020-01-30_22:27:28.634[Battery Energy]54.66
2020-01-30_22:27:28.780[Status]Routing 209: Walk: 95
2020-01-30_22:27:28.885[Battery Energy]54.53
2020-01-30_22:27:29.049[Status]Routing 210: Walk: 95
2020-01-30_22:27:29.149[Battery Energy]54.40
2020-01-30_22:27:29.289[Status]Routing 211: Walk: 95
2020-01-30_22:27:29.392[Battery Energy]54.32
2020-01-30_22:27:29.527[Status]Routing 212: Walk: 95
2020-01-30_22:27:29.628[Battery Energy]54.22
2020-01-30_22:27:29.772[Status]Routing 213: Walk: 95
2020-01-30_22:27:29.876[Battery Energy]54.11
2020-01-30_22:27:30.001[Status]Routing 214: Walk: 95
2020-01-30_22:27:30.106[Battery Energy]54.02
2020-01-30_22:27:30.240[Status]Routing 215: Walk: 95
2020-01-30_22:27:30.344[Battery Energy]53.91
2020-01-30_22:27:30.488[Status]Routing 216: Walk: 95
2020-01-30_22:27:30.590[Battery Energy]53.81
2020-01-30_22:27:30.759[Status]Routing 217: Walk: 95
2020-01-30_22:27:30.878[Battery Energy]53.71
2020-01-30_22:27:31.025[Status]Routing 218: Walk: 95
2020-01-30_22:27:31.138[Battery Energy]53.60
2020-01-30_22:27:31.279[Status]Routing 219: Walk: 95
2020-01-30_22:27:31.380[Battery Energy]53.48
2020-01-30_22:27:31.526[Status]Routing 220: Walk: 95
2020-01-30_22:27:31.626[Battery Energy]53.36
2020-01-30_22:27:31.775[Status]Routing 221: Walk: 95
2020-01-30_22:27:31.875[Battery Energy]53.22
2020-01-30_22:27:32.045[Status]Routing 222: Walk: 95
2020-01-30_22:27:32.158[Battery Energy]53.11
2020-01-30_22:27:32.284[Status]Routing 223: Walk: 95
2020-01-30_22:27:32.384[Battery Energy]53.02
2020-01-30_22:27:32.528[Status]Routing 224: Walk: 95
2020-01-30_22:27:32.631[Battery Energy]52.90
2020-01-30_22:27:32.774[Status]Routing 225: Walk: 95
2020-01-30_22:27:32.886[Battery Energy]52.80
2020-01-30_22:27:33.040[Status]Routing 226: Walk: 95
2020-01-30_22:27:33.141[Battery Energy]52.69
2020-01-30_22:27:33.320[Status]Routing 227: Walk: 95
2020-01-30_22:27:33.420[Battery Energy]52.58
2020-01-30_22:27:33.569[Status]Routing 228: Walk: 95
2020-01-30_22:27:33.678[Battery Energy]52.46
2020-01-30_22:27:33.830[Status]Routing 229: Walk: 95
2020-01-30_22:27:33.942[Battery Energy]52.35
2020-01-30_22:27:34.097[Status]Routing 230: Walk: 95
2020-01-30_22:27:34.198[Battery Energy]52.25
2020-01-30_22:27:34.353[Status]Routing 231: Walk: 95
2020-01-30_22:27:34.454[Battery Energy]52.14
2020-01-30_22:27:34.581[Status]Routing 232: Walk: 95
2020-01-30_22:27:34.682[Battery Energy]52.04
2020-01-30_22:27:34.803[Status]Routing 233: Walk: 95
2020-01-30_22:27:34.905[Battery Energy]51.94
2020-01-30_22:27:35.071[Status]Routing 234: Walk: 95
2020-01-30_22:27:35.184[Battery Energy]51.81
2020-01-30_22:27:35.296[Status]Routing 235: Walk: 95
2020-01-30_22:27:35.397[Battery Energy]51.71
2020-01-30_22:27:35.540[Status]Routing 236: Walk: 95
2020-01-30_22:27:35.640[Battery Energy]51.59
2020-01-30_22:27:35.800[Status]Routing 237: Walk: 95
2020-01-30_22:27:35.900[Battery Energy]51.49
2020-01-30_22:27:36.058[Status]Routing 238: Walk: 95
2020-01-30_22:27:36.166[Battery Energy]51.37
2020-01-30_22:27:36.328[Status]Routing 239: Walk: 95
2020-01-30_22:27:36.428[Battery Energy]51.27
2020-01-30_22:27:36.583[Status]Routing 240: Walk: 95
2020-01-30_22:27:36.687[Battery Energy]51.13
2020-01-30_22:27:36.825[Status]Routing 241: Walk: 95
2020-01-30_22:27:36.925[Battery Energy]51.02
2020-01-30_22:27:37.077[Status]Routing 242: Walk: 95
2020-01-30_22:27:37.178[Battery Energy]50.90
2020-01-30_22:27:37.346[Status]Routing 243: Walk: 95
2020-01-30_22:27:37.454[Battery Energy]50.78
2020-01-30_22:27:37.620[Status]Routing 244: Walk: 95
2020-01-30_22:27:37.730[Battery Energy]50.68
2020-01-30_22:27:37.848[Status]Routing 245: Walk: 95
2020-01-30_22:27:37.950[Battery Energy]50.58
2020-01-30_22:27:38.086[Status]Routing 246: Walk: 95
2020-01-30_22:27:38.194[Battery Energy]50.46
2020-01-30_22:27:38.353[Status]Routing 247: Walk: 95
2020-01-30_22:27:38.482[Battery Energy]50.33
2020-01-30_22:27:38.601[Status]Routing 248: Walk: 95
2020-01-30_22:27:38.722[Battery Energy]50.23
2020-01-30_22:27:38.854[Status]Routing 249: Walk: 95
2020-01-30_22:27:38.957[Battery Energy]50.14
2020-01-30_22:27:39.101[Status]Routing 250: Walk: 95
2020-01-30_22:27:39.201[Battery Energy]50.05
2020-01-30_22:27:39.349[Status]Routing 251: Walk: 95
2020-01-30_22:27:39.451[Battery Energy]49.94
2020-01-30_22:27:39.596[Status]Routing 252: Walk: 95
2020-01-30_22:27:39.696[Battery Energy]49.82
2020-01-30_22:27:39.866[Status]Routing 253: Walk: 95
2020-01-30_22:27:39.966[Battery Energy]49.67
2020-01-30_22:27:40.132[Status]Routing 254: Walk: 95
2020-01-30_22:27:40.242[Battery Energy]49.54
2020-01-30_22:27:40.419[Status]Routing 255: Walk: 95
2020-01-30_22:27:40.530[Battery Energy]49.43
2020-01-30_22:27:40.664[Status]Routing 256: Walk: 95
2020-01-30_22:27:40.764[Battery Energy]49.33
2020-01-30_22:27:40.911[Status]Routing 257: Walk: 95
2020-01-30_22:27:41.014[Battery Energy]49.24
2020-01-30_22:27:41.177[Status]Routing 258: Walk: 95
2020-01-30_22:27:41.279[Battery Energy]49.11
2020-01-30_22:27:41.445[Status]Routing 259: Walk: 95
2020-01-30_22:27:41.545[Battery Energy]49.00
2020-01-30_22:27:41.681[Status]Routing 260: Walk: 95
2020-01-30_22:27:41.791[Battery Energy]48.89
2020-01-30_22:27:41.925[Status]Routing 261: Walk: 95
2020-01-30_22:27:42.038[Battery Energy]48.79
2020-01-30_22:27:42.185[Status]Routing 262: Walk: 95
2020-01-30_22:27:42.293[Battery Energy]48.67
2020-01-30_22:27:42.435[Status]Routing 263: Walk: 95
2020-01-30_22:27:42.537[Battery Energy]48.55
2020-01-30_22:27:42.669[Status]Routing 264: Walk: 95
2020-01-30_22:27:42.769[Battery Energy]48.45
2020-01-30_22:27:42.921[Status]Routing 265: Walk: 95
2020-01-30_22:27:43.021[Battery Energy]48.35
2020-01-30_22:27:43.195[Status]Routing 266: Walk: 95
2020-01-30_22:27:43.304[Battery Energy]48.25
2020-01-30_22:27:43.442[Status]Routing 267: Walk: 95
2020-01-30_22:27:43.549[Battery Energy]48.14
2020-01-30_22:27:43.699[Status]Routing 268: Walk: 95
2020-01-30_22:27:43.801[Battery Energy]48.01
2020-01-30_22:27:43.964[Status]Routing 269: Walk: 95
2020-01-30_22:27:44.074[Battery Energy]47.87
2020-01-30_22:27:44.191[Status]Routing 270: Walk: 95
2020-01-30_22:27:44.298[Battery Energy]47.77
2020-01-30_22:27:44.452[Status]Routing 271: Walk: 95
2020-01-30_22:27:44.558[Battery Energy]47.67
2020-01-30_22:27:44.711[Status]Routing 272: Walk: 95
2020-01-30_22:27:44.816[Battery Energy]47.56
2020-01-30_22:27:44.934[Status]Routing 273: Walk: 95
2020-01-30_22:27:45.037[Battery Energy]47.45
2020-01-30_22:27:45.195[Status]Routing 274: Walk: 95
2020-01-30_22:27:45.298[Battery Energy]47.32
2020-01-30_22:27:45.437[Status]Routing 275: Walk: 95
2020-01-30_22:27:45.539[Battery Energy]47.20
2020-01-30_22:27:45.708[Status]Routing 276: Walk: 95
2020-01-30_22:27:45.817[Battery Energy]47.07
2020-01-30_22:27:45.963[Status]Routing 277: Walk: 95
2020-01-30_22:27:46.063[Battery Energy]46.95
2020-01-30_22:27:46.193[Status]Routing 278: Walk: 95
2020-01-30_22:27:46.310[Battery Energy]46.84
2020-01-30_22:27:46.432[Status]Routing 279: Walk: 95
2020-01-30_22:27:46.532[Battery Energy]46.73
2020-01-30_22:27:46.717[Status]Routing 280: Walk: 95
2020-01-30_22:27:46.817[Battery Energy]46.61
2020-01-30_22:27:46.982[Status]Routing 281: Walk: 95
2020-01-30_22:27:47.090[Battery Energy]46.50
2020-01-30_22:27:47.225[Status]Routing 282: Walk: 95
2020-01-30_22:27:47.325[Battery Energy]46.40
2020-01-30_22:27:47.482[Status]Routing 283: Walk: 95
2020-01-30_22:27:47.582[Battery Energy]46.27
2020-01-30_22:27:47.711[Status]Routing 284: Walk: 95
2020-01-30_22:27:47.819[Battery Energy]46.17
2020-01-30_22:27:48.008[Status]Routing 285: Walk: 95
2020-01-30_22:27:48.122[Battery Energy]46.06
2020-01-30_22:27:48.247[Status]Routing 286: Walk: 95
2020-01-30_22:27:48.349[Battery Energy]45.97
2020-01-30_22:27:48.489[Status]Routing 287: Walk: 95
2020-01-30_22:27:48.589[Battery Energy]45.87
2020-01-30_22:27:48.758[Status]Routing 288: Walk: 95
2020-01-30_22:27:48.866[Battery Energy]45.74
2020-01-30_22:27:48.990[Status]Routing 289: Walk: 95
2020-01-30_22:27:49.106[Battery Energy]45.64
2020-01-30_22:27:49.250[Status]Routing 290: Walk: 95
2020-01-30_22:27:49.358[Battery Energy]45.54
2020-01-30_22:27:49.480[Status]Routing 291: Walk: 95
2020-01-30_22:27:49.581[Battery Energy]45.45
2020-01-30_22:27:49.724[Status]Routing 292: Walk: 95
2020-01-30_22:27:49.826[Battery Energy]45.34
2020-01-30_22:27:49.983[Status]Routing 293: Walk: 95
2020-01-30_22:27:50.102[Battery Energy]45.24
2020-01-30_22:27:50.229[Status]Routing 294: Walk: 95
2020-01-30_22:27:50.330[Battery Energy]45.14
2020-01-30_22:27:50.518[Status]Routing 295: Walk: 95
2020-01-30_22:27:50.630[Battery Energy]45.03
2020-01-30_22:27:50.773[Status]Routing 296: Walk: 95
2020-01-30_22:27:50.885[Battery Energy]44.90
2020-01-30_22:27:51.024[Status]Routing 297: Walk: 95
2020-01-30_22:27:51.129[Battery Energy]44.82
2020-01-30_22:27:51.262[Status]Routing 298: Walk: 95
2020-01-30_22:27:51.374[Battery Energy]44.70
2020-01-30_22:27:51.517[Status]Routing 299: Walk: 95
2020-01-30_22:27:51.617[Battery Energy]44.61
2020-01-30_22:27:51.744[Status]Routing 300: Walk: 95
2020-01-30_22:27:51.850[Battery Energy]44.50
2020-01-30_22:27:51.977[Status]Routing 301: Walk: 95
2020-01-30_22:27:52.090[Battery Energy]44.41
2020-01-30_22:27:52.214[Status]Routing 302: Walk: 95
2020-01-30_22:27:52.316[Battery Energy]44.32
2020-01-30_22:27:52.461[Status]Routing 303: Walk: 95
2020-01-30_22:27:52.570[Battery Energy]44.21
2020-01-30_22:27:52.709[Status]Routing 304: Walk: 95
2020-01-30_22:27:52.821[Battery Energy]44.11
2020-01-30_22:27:52.976[Status]Routing 305: Walk: 95
2020-01-30_22:27:53.076[Battery Energy]43.97
2020-01-30_22:27:53.206[Status]Routing 306: Walk: 95
2020-01-30_22:27:53.309[Battery Energy]43.86
2020-01-30_22:27:53.457[Status]Routing 307: Walk: 95
2020-01-30_22:27:53.570[Battery Energy]43.74
2020-01-30_22:27:53.695[Status]Routing 308: Walk: 95
2020-01-30_22:27:53.796[Battery Energy]43.65
2020-01-30_22:27:53.933[Status]Routing 309: Walk: 95
2020-01-30_22:27:54.034[Battery Energy]43.53
2020-01-30_22:27:54.205[Status]Routing 310: Walk: 95
2020-01-30_22:27:54.314[Battery Energy]43.41
2020-01-30_22:27:54.436[Status]Routing 311: Walk: 95
2020-01-30_22:27:54.542[Battery Energy]43.30
2020-01-30_22:27:54.671[Status]Routing 312: Walk: 95
2020-01-30_22:27:54.771[Battery Energy]43.20
2020-01-30_22:27:54.905[Status]Routing 313: Walk: 95
2020-01-30_22:27:55.030[Battery Energy]43.10
2020-01-30_22:27:55.163[Status]Routing 314: Walk: 95
2020-01-30_22:27:55.274[Battery Energy]42.99
2020-01-30_22:27:55.429[Status]Routing 315: Walk: 95
2020-01-30_22:27:55.529[Battery Energy]42.89
2020-01-30_22:27:55.659[Status]Routing 316: Walk: 95
2020-01-30_22:27:55.770[Battery Energy]42.81
2020-01-30_22:27:55.905[Status]Routing 317: Walk: 95
2020-01-30_22:27:56.005[Battery Energy]42.71
2020-01-30_22:27:56.163[Status]Routing 318: Walk: 95
2020-01-30_22:27:56.265[Battery Energy]42.60
2020-01-30_22:27:56.406[Status]Routing 319: Walk: 95
2020-01-30_22:27:56.510[Battery Energy]42.51
2020-01-30_22:27:56.656[Status]Routing 320: Walk: 95
2020-01-30_22:27:56.770[Battery Energy]42.39
2020-01-30_22:27:56.909[Status]Routing 321: Walk: 95
2020-01-30_22:27:57.018[Battery Energy]42.28
2020-01-30_22:27:57.156[Status]Routing 322: Walk: 95
2020-01-30_22:27:57.270[Battery Energy]42.18
2020-01-30_22:27:57.414[Status]Routing 323: Walk: 95
2020-01-30_22:27:57.515[Battery Energy]42.07
2020-01-30_22:27:57.674[Status]Routing 324: Walk: 95
2020-01-30_22:27:57.778[Battery Energy]41.93
2020-01-30_22:27:57.911[Status]Routing 325: Walk: 95
2020-01-30_22:27:58.012[Battery Energy]41.84
2020-01-30_22:27:58.153[Status]Routing 326: Walk: 95
2020-01-30_22:27:58.258[Battery Energy]41.75
2020-01-30_22:27:58.398[Status]Routing 327: Walk: 95
2020-01-30_22:27:58.499[Battery Energy]41.66
2020-01-30_22:27:58.658[Status]Routing 328: Walk: 95
2020-01-30_22:27:58.766[Battery Energy]41.56
2020-01-30_22:27:58.907[Status]Routing 329: Walk: 95
2020-01-30_22:27:59.007[Battery Energy]41.44
2020-01-30_22:27:59.175[Status]Routing 330: Walk: 95
2020-01-30_22:27:59.282[Battery Energy]41.33
2020-01-30_22:27:59.441[Status]Routing 331: Walk: 95
2020-01-30_22:27:59.541[Battery Energy]41.20
2020-01-30_22:27:59.676[Status]Routing 332: Walk: 95
2020-01-30_22:27:59.780[Battery Energy]41.08
2020-01-30_22:27:59.924[Status]Routing 333: Walk: 95
2020-01-30_22:28:00.034[Battery Energy]40.98
2020-01-30_22:28:00.202[Status]Routing 334: Walk: 95
2020-01-30_22:28:00.303[Battery Energy]40.84
2020-01-30_22:28:00.462[Status]Routing 335: Walk: 95
2020-01-30_22:28:00.562[Battery Energy]40.71
2020-01-30_22:28:00.684[Status]Routing 336: Walk: 95
2020-01-30_22:28:00.793[Battery Energy]40.63
2020-01-30_22:28:00.911[Status]Routing 337: Walk: 95
2020-01-30_22:28:01.016[Battery Energy]40.52
2020-01-30_22:28:01.151[Status]Routing 338: Walk: 95
2020-01-30_22:28:01.263[Battery Energy]40.43
2020-01-30_22:28:01.420[Status]Routing 339: Walk: 95
2020-01-30_22:28:01.525[Battery Energy]40.30
2020-01-30_22:28:01.687[Status]Routing 340: Walk: 95
2020-01-30_22:28:01.798[Battery Energy]40.16
2020-01-30_22:28:01.923[Status]Routing 341: Walk: 95
2020-01-30_22:28:02.026[Battery Energy]40.05
2020-01-30_22:28:02.177[Status]Routing 342: Walk: 95
2020-01-30_22:28:02.281[Battery Energy]39.93
2020-01-30_22:28:02.434[Status]Routing 343: Walk: 95
2020-01-30_22:28:02.546[Battery Energy]39.81
2020-01-30_22:28:02.652[Status]Routing 344: Walk: 95
2020-01-30_22:28:02.753[Battery Energy]39.72
2020-01-30_22:28:02.911[Status]Routing 345: Walk: 95
2020-01-30_22:28:03.012[Battery Energy]39.58
2020-01-30_22:28:03.159[Status]Routing 346: Walk: 95
2020-01-30_22:28:03.270[Battery Energy]39.47
2020-01-30_22:28:03.444[Status]Routing 347: Walk: 95
2020-01-30_22:28:03.550[Battery Energy]39.32
2020-01-30_22:28:03.690[Status]Routing 348: Walk: 95
2020-01-30_22:28:03.792[Battery Energy]39.18
2020-01-30_22:28:03.946[Status]Routing 349: Walk: 95
2020-01-30_22:28:04.054[Battery Energy]39.08
2020-01-30_22:28:04.191[Status]Routing 350: Walk: 95
2020-01-30_22:28:04.291[Battery Energy]38.95
2020-01-30_22:28:04.429[Status]Routing 351: Walk: 95
2020-01-30_22:28:04.529[Battery Energy]38.85
2020-01-30_22:28:04.661[Status]Routing 352: Walk: 95
2020-01-30_22:28:04.762[Battery Energy]38.75
2020-01-30_22:28:04.931[Status]Routing 353: Walk: 95
2020-01-30_22:28:05.031[Battery Energy]38.62
2020-01-30_22:28:05.180[Status]Routing 354: Walk: 95
2020-01-30_22:28:05.281[Battery Energy]38.52
2020-01-30_22:28:05.433[Status]Routing 355: Walk: 95
2020-01-30_22:28:05.545[Battery Energy]38.42
2020-01-30_22:28:05.708[Status]Routing 356: Walk: 95
2020-01-30_22:28:05.809[Battery Energy]38.28
2020-01-30_22:28:05.948[Status]Routing 357: Walk: 95
2020-01-30_22:28:06.050[Battery Energy]38.17
2020-01-30_22:28:06.199[Status]Routing 358: Walk: 95
2020-01-30_22:28:06.314[Battery Energy]38.04
2020-01-30_22:28:06.435[Status]Routing 359: Walk: 95
2020-01-30_22:28:06.536[Battery Energy]37.95
2020-01-30_22:28:06.672[Status]Routing 360: Walk: 95
2020-01-30_22:28:06.776[Battery Energy]37.82
2020-01-30_22:28:06.916[Status]Routing 361: Walk: 95
2020-01-30_22:28:07.030[Battery Energy]37.71
2020-01-30_22:28:07.169[Status]Routing 362: Walk: 95
2020-01-30_22:28:07.279[Battery Energy]37.59
2020-01-30_22:28:07.431[Status]Routing 363: Walk: 95
2020-01-30_22:28:07.531[Battery Energy]37.46
2020-01-30_22:28:07.668[Status]Routing 364: Walk: 95
2020-01-30_22:28:07.787[Battery Energy]37.35
2020-01-30_22:28:07.922[Status]Routing 365: Walk: 95
2020-01-30_22:28:08.033[Battery Energy]37.24
2020-01-30_22:28:08.181[Status]Routing 366: Walk: 95
2020-01-30_22:28:08.289[Battery Energy]37.10
2020-01-30_22:28:08.415[Status]Routing 367: Walk: 95
2020-01-30_22:28:08.528[Battery Energy]36.98
2020-01-30_22:28:08.679[Status]Routing 368: Walk: 95
2020-01-30_22:28:08.790[Battery Energy]36.90
2020-01-30_22:28:08.940[Status]Routing 369: Walk: 95
2020-01-30_22:28:09.049[Battery Energy]36.76
2020-01-30_22:28:09.172[Status]Routing 370: Walk: 95
2020-01-30_22:28:09.272[Battery Energy]36.67
2020-01-30_22:28:09.414[Status]Routing 371: Walk: 95
2020-01-30_22:28:09.517[Battery Energy]36.55
2020-01-30_22:28:09.668[Status]Routing 372: Walk: 95
2020-01-30_22:28:09.777[Battery Energy]36.42
2020-01-30_22:28:09.927[Status]Routing 373: Walk: 95
2020-01-30_22:28:10.034[Battery Energy]36.31
2020-01-30_22:28:10.167[Status]Routing 374: Walk: 95
2020-01-30_22:28:10.274[Battery Energy]36.19
2020-01-30_22:28:10.402[Status]Routing 375: Walk: 95
2020-01-30_22:28:10.510[Battery Energy]36.07
2020-01-30_22:28:10.672[Status]Routing 376: Walk: 95
2020-01-30_22:28:10.782[Battery Energy]35.97
2020-01-30_22:28:10.913[Status]Routing 377: Walk: 95
2020-01-30_22:28:11.022[Battery Energy]35.88
2020-01-30_22:28:11.147[Status]Routing 378: Walk: 95
2020-01-30_22:28:11.254[Battery Energy]35.78
2020-01-30_22:28:11.415[Status]Routing 379: Walk: 95
2020-01-30_22:28:11.516[Battery Energy]35.65
2020-01-30_22:28:11.646[Status]Routing 380: Walk: 95
2020-01-30_22:28:11.754[Battery Energy]35.55
2020-01-30_22:28:11.895[Status]Routing 381: Walk: 95
2020-01-30_22:28:11.998[Battery Energy]35.43
2020-01-30_22:28:12.153[Status]Routing 382: Walk: 95
2020-01-30_22:28:12.254[Battery Energy]35.30
2020-01-30_22:28:12.361[Status]Routing 383: Walk: 95
2020-01-30_22:28:12.463[Battery Energy]35.24
2020-01-30_22:28:12.654[Status]Routing 384: Walk: 95
2020-01-30_22:28:12.766[Battery Energy]35.10
2020-01-30_22:28:12.931[Status]Routing 385: Walk: 95
2020-01-30_22:28:13.031[Battery Energy]34.99
2020-01-30_22:28:13.174[Status]Routing 386: Walk: 95
2020-01-30_22:28:13.274[Battery Energy]34.87
2020-01-30_22:28:13.410[Status]Routing 387: Walk: 95
2020-01-30_22:28:13.521[Battery Energy]34.74
2020-01-30_22:28:13.672[Status]Routing 388: Walk: 95
2020-01-30_22:28:13.773[Battery Energy]34.62
2020-01-30_22:28:13.905[Status]Routing 389: Walk: 95
2020-01-30_22:28:14.022[Battery Energy]34.50
2020-01-30_22:28:14.144[Status]Routing 390: Walk: 95
2020-01-30_22:28:14.254[Battery Energy]34.41
2020-01-30_22:28:14.378[Status]Routing 391: Walk: 95
2020-01-30_22:28:14.481[Battery Energy]34.33
2020-01-30_22:28:14.673[Status]Routing 392: Walk: 95
2020-01-30_22:28:14.790[Battery Energy]34.20
2020-01-30_22:28:14.933[Status]Routing 393: Walk: 95
2020-01-30_22:28:15.042[Battery Energy]34.07
2020-01-30_22:28:15.199[Status]Routing 394: Walk: 95
2020-01-30_22:28:15.299[Battery Energy]33.94
2020-01-30_22:28:15.460[Status]Routing 395: Walk: 95
2020-01-30_22:28:15.570[Battery Energy]33.82
2020-01-30_22:28:15.705[Status]Routing 396: Walk: 95
2020-01-30_22:28:15.805[Battery Energy]33.69
2020-01-30_22:28:15.974[Status]Routing 397: Walk: 95
2020-01-30_22:28:16.082[Battery Energy]33.56
2020-01-30_22:28:16.225[Status]Routing 398: Walk: 95
2020-01-30_22:28:16.325[Battery Energy]33.47
2020-01-30_22:28:16.470[Status]Routing 399: Walk: 95
2020-01-30_22:28:16.586[Battery Energy]33.38
2020-01-30_22:28:16.722[Status]Routing 400: Walk: 95
2020-01-30_22:28:16.825[Battery Energy]33.30
2020-01-30_22:28:16.988[Status]Routing 401: Walk: 95
2020-01-30_22:28:17.088[Battery Energy]33.15
2020-01-30_22:28:17.228[Status]Routing 402: Walk: 95
2020-01-30_22:28:17.334[Battery Energy]33.04
2020-01-30_22:28:17.462[Status]Routing 403: Walk: 95
2020-01-30_22:28:17.564[Battery Energy]32.95
2020-01-30_22:28:17.704[Status]Routing 404: Walk: 95
2020-01-30_22:28:17.814[Battery Energy]32.83
2020-01-30_22:28:17.990[Status]Routing 405: Walk: 95
2020-01-30_22:28:18.096[Battery Energy]32.72
2020-01-30_22:28:18.247[Status]Routing 406: Walk: 95
2020-01-30_22:28:18.354[Battery Energy]32.60
2020-01-30_22:28:18.494[Status]Routing 407: Walk: 95
2020-01-30_22:28:18.602[Battery Energy]32.51
2020-01-30_22:28:18.780[Status]Routing 408: Walk: 95
2020-01-30_22:28:18.881[Battery Energy]32.40
2020-01-30_22:28:19.032[Status]Routing 409: Walk: 95
2020-01-30_22:28:19.132[Battery Energy]32.31
2020-01-30_22:28:19.256[Status]Routing 410: Walk: 95
2020-01-30_22:28:19.356[Battery Energy]32.23
2020-01-30_22:28:19.486[Status]Routing 411: Walk: 95
2020-01-30_22:28:19.594[Battery Energy]32.13
2020-01-30_22:28:19.744[Status]Routing 412: Walk: 95
2020-01-30_22:28:19.852[Battery Energy]32.01
2020-01-30_22:28:20.005[Status]Routing 413: Walk: 95
2020-01-30_22:28:20.121[Battery Energy]31.91
2020-01-30_22:28:20.255[Status]Routing 414: Walk: 95
2020-01-30_22:28:20.355[Battery Energy]31.80
2020-01-30_22:28:20.491[Status]Routing 415: Walk: 95
2020-01-30_22:28:20.606[Battery Energy]31.68
2020-01-30_22:28:20.737[Status]Routing 416: Walk: 95
2020-01-30_22:28:20.850[Battery Energy]31.60
2020-01-30_22:28:20.975[Status]Routing 417: Walk: 95
2020-01-30_22:28:21.080[Battery Energy]31.49
2020-01-30_22:28:21.226[Status]Routing 418: Walk: 95
2020-01-30_22:28:21.329[Battery Energy]31.40
2020-01-30_22:28:21.495[Status]Routing 419: Walk: 95
2020-01-30_22:28:21.606[Battery Energy]31.29
2020-01-30_22:28:21.746[Status]Routing 420: Walk: 95
2020-01-30_22:28:21.849[Battery Energy]31.19
2020-01-30_22:28:21.984[Status]Routing 421: Walk: 95
2020-01-30_22:28:22.094[Battery Energy]31.09
2020-01-30_22:28:22.249[Status]Routing 422: Walk: 95
2020-01-30_22:28:22.355[Battery Energy]31.00
2020-01-30_22:28:22.491[Status]Routing 423: Walk: 95
2020-01-30_22:28:22.591[Battery Energy]30.90
2020-01-30_22:28:22.730[Status]Routing 424: Walk: 95
2020-01-30_22:28:22.838[Battery Energy]30.81
2020-01-30_22:28:22.963[Status]Routing 425: Walk: 95
2020-01-30_22:28:23.063[Battery Energy]30.69
2020-01-30_22:28:23.197[Status]Routing 426: Walk: 95
2020-01-30_22:28:23.302[Battery Energy]30.60
2020-01-30_22:28:23.433[Status]Routing 427: Walk: 95
2020-01-30_22:28:23.533[Battery Energy]30.49
2020-01-30_22:28:23.690[Status]Routing 428: Walk: 95
2020-01-30_22:28:23.792[Battery Energy]30.38
2020-01-30_22:28:23.919[Status]Routing 429: Walk: 95
2020-01-30_22:28:24.029[Battery Energy]30.26
2020-01-30_22:28:24.155[Status]Routing 430: Walk: 95
2020-01-30_22:28:24.259[Battery Energy]30.16
2020-01-30_22:28:24.388[Status]Routing 431: Walk: 95
2020-01-30_22:28:24.502[Battery Energy]30.06
2020-01-30_22:28:24.626[Status]Routing 432: Walk: 95
2020-01-30_22:28:24.731[Battery Energy]29.96
2020-01-30_22:28:24.859[Status]Routing 433: Walk: 95
2020-01-30_22:28:24.970[Battery Energy]29.86
2020-01-30_22:28:25.129[Status]Routing 434: Walk: 95
2020-01-30_22:28:25.234[Battery Energy]29.76
2020-01-30_22:28:25.358[Status]Routing 435: Walk: 95
2020-01-30_22:28:25.458[Battery Energy]29.66
2020-01-30_22:28:25.606[Status]Routing 436: Walk: 95
2020-01-30_22:28:25.722[Battery Energy]29.56
2020-01-30_22:28:25.873[Status]Routing 437: Walk: 95
2020-01-30_22:28:25.994[Battery Energy]29.45
2020-01-30_22:28:26.112[Status]Routing 438: Walk: 95
2020-01-30_22:28:26.222[Battery Energy]29.36
2020-01-30_22:28:26.409[Status]Routing 439: Walk: 95
2020-01-30_22:28:26.509[Battery Energy]29.22
2020-01-30_22:28:26.649[Status]Routing 440: Walk: 95
2020-01-30_22:28:26.750[Battery Energy]29.11
2020-01-30_22:28:26.902[Status]Routing 441: Walk: 95
2020-01-30_22:28:27.002[Battery Energy]28.97
2020-01-30_22:28:27.145[Status]Routing 442: Walk: 95
2020-01-30_22:28:27.250[Battery Energy]28.87
2020-01-30_22:28:27.417[Status]Routing 443: Walk: 95
2020-01-30_22:28:27.518[Battery Energy]28.74
2020-01-30_22:28:27.673[Status]Routing 444: Walk: 95
2020-01-30_22:28:27.773[Battery Energy]28.63
2020-01-30_22:28:27.915[Status]Routing 445: Walk: 95
2020-01-30_22:28:28.018[Battery Energy]28.54
2020-01-30_22:28:28.167[Status]Routing 446: Walk: 95
2020-01-30_22:28:28.284[Battery Energy]28.42
2020-01-30_22:28:28.415[Status]Routing 447: Walk: 95
2020-01-30_22:28:28.515[Battery Energy]28.31
2020-01-30_22:28:28.671[Status]Routing 448: Walk: 95
2020-01-30_22:28:28.774[Battery Energy]28.20
2020-01-30_22:28:28.925[Status]Routing 449: Walk: 95
2020-01-30_22:28:29.037[Battery Energy]28.08
2020-01-30_22:28:29.153[Status]Routing 450: Walk: 95
2020-01-30_22:28:29.264[Battery Energy]27.98
2020-01-30_22:28:29.428[Status]Routing 451: Walk: 95
2020-01-30_22:28:29.542[Battery Energy]27.84
2020-01-30_22:28:29.658[Status]Routing 452: Walk: 95
2020-01-30_22:28:29.782[Battery Energy]27.74
2020-01-30_22:28:29.915[Status]Routing 453: Walk: 95
2020-01-30_22:28:30.030[Battery Energy]27.62
2020-01-30_22:28:30.147[Status]Routing 454: Walk: 95
2020-01-30_22:28:30.251[Battery Energy]27.54
2020-01-30_22:28:30.406[Status]Routing 455: Walk: 95
2020-01-30_22:28:30.506[Battery Energy]27.41
2020-01-30_22:28:30.657[Status]Routing 456: Walk: 95
2020-01-30_22:28:30.762[Battery Energy]27.30
2020-01-30_22:28:30.916[Status]Routing 457: Walk: 95
2020-01-30_22:28:31.026[Battery Energy]27.20
2020-01-30_22:28:31.176[Status]Routing 458: Walk: 95
2020-01-30_22:28:31.276[Battery Energy]27.10
2020-01-30_22:28:31.421[Status]Routing 459: Walk: 95
2020-01-30_22:28:31.521[Battery Energy]27.00
2020-01-30_22:28:31.658[Status]Routing 460: Walk: 95
2020-01-30_22:28:31.760[Battery Energy]26.91
2020-01-30_22:28:31.895[Status]Routing 461: Walk: 95
2020-01-30_22:28:32.010[Battery Energy]26.81
2020-01-30_22:28:32.147[Status]Routing 462: Walk: 95
2020-01-30_22:28:32.250[Battery Energy]26.70
2020-01-30_22:28:32.389[Status]Routing 463: Walk: 95
2020-01-30_22:28:32.490[Battery Energy]26.58
2020-01-30_22:28:32.653[Status]Routing 464: Walk: 95
2020-01-30_22:28:32.774[Battery Energy]26.45
2020-01-30_22:28:32.905[Status]Routing 465: Walk: 95
2020-01-30_22:28:33.018[Battery Energy]26.35
2020-01-30_22:28:33.145[Status]Routing 466: Walk: 95
2020-01-30_22:28:33.258[Battery Energy]26.25
2020-01-30_22:28:33.394[Status]Routing 467: Walk: 95
2020-01-30_22:28:33.502[Battery Energy]26.17
2020-01-30_22:28:33.654[Status]Routing 468: Walk: 95
2020-01-30_22:28:33.754[Battery Energy]26.06
2020-01-30_22:28:33.936[Status]Routing 469: Walk: 95
2020-01-30_22:28:34.036[Battery Energy]25.92
2020-01-30_22:28:34.180[Status]Routing 470: Walk: 95
2020-01-30_22:28:34.294[Battery Energy]25.80
2020-01-30_22:28:34.429[Status]Routing 471: Walk: 95
2020-01-30_22:28:34.538[Battery Energy]25.70
2020-01-30_22:28:34.706[Status]Routing 472: Walk: 95
2020-01-30_22:28:34.807[Battery Energy]25.60
2020-01-30_22:28:34.937[Status]Routing 473: Walk: 95
2020-01-30_22:28:35.042[Battery Energy]25.50
2020-01-30_22:28:35.212[Status]Routing 474: Walk: 95
2020-01-30_22:28:35.314[Battery Energy]25.39
2020-01-30_22:28:35.452[Status]Routing 475: Walk: 95
2020-01-30_22:28:35.552[Battery Energy]25.26
2020-01-30_22:28:35.712[Status]Routing 476: Walk: 95
2020-01-30_22:28:35.815[Battery Energy]25.14
2020-01-30_22:28:35.976[Status]Routing 477: Walk: 95
2020-01-30_22:28:36.086[Battery Energy]25.02
2020-01-30_22:28:36.230[Status]Routing 478: Walk: 95
2020-01-30_22:28:36.339[Battery Energy]24.94
2020-01-30_22:28:36.465[Status]Routing 479: Walk: 95
2020-01-30_22:28:36.565[Battery Energy]24.84
2020-01-30_22:28:36.746[Status]Routing 480: Walk: 95
2020-01-30_22:28:36.847[Battery Energy]24.70
2020-01-30_22:28:37.011[Status]Routing 481: Walk: 95
2020-01-30_22:28:37.112[Battery Energy]24.59
2020-01-30_22:28:37.273[Status]Routing 482: Walk: 95
2020-01-30_22:28:37.378[Battery Energy]24.46
2020-01-30_22:28:37.522[Status]Routing 483: Walk: 95
2020-01-30_22:28:37.630[Battery Energy]24.32
2020-01-30_22:28:37.767[Status]Routing 484: Walk: 95
2020-01-30_22:28:37.870[Battery Energy]24.23
2020-01-30_22:28:38.044[Status]Routing 485: Walk: 95
2020-01-30_22:28:38.146[Battery Energy]24.09
2020-01-30_22:28:38.304[Status]Routing 486: Walk: 95
2020-01-30_22:28:38.404[Battery Energy]23.95
2020-01-30_22:28:38.550[Status]Routing 487: Walk: 95
2020-01-30_22:28:38.657[Battery Energy]23.85
2020-01-30_22:28:38.788[Status]Routing 488: Walk: 95
2020-01-30_22:28:38.898[Battery Energy]23.75
2020-01-30_22:28:39.025[Status]Routing 489: Walk: 95
2020-01-30_22:28:39.138[Battery Energy]23.65
2020-01-30_22:28:39.270[Status]Routing 490: Walk: 95
2020-01-30_22:28:39.374[Battery Energy]23.56
2020-01-30_22:28:39.509[Status]Routing 491: Walk: 95
2020-01-30_22:28:39.616[Battery Energy]23.45
2020-01-30_22:28:39.750[Status]Routing 492: Walk: 95
2020-01-30_22:28:39.858[Battery Energy]23.38
2020-01-30_22:28:40.019[Status]Routing 493: Walk: 95
2020-01-30_22:28:40.134[Battery Energy]23.25
2020-01-30_22:28:40.276[Status]Routing 494: Walk: 95
2020-01-30_22:28:40.390[Battery Energy]23.13
2020-01-30_22:28:40.528[Status]Routing 495: Walk: 95
2020-01-30_22:28:40.642[Battery Energy]23.01
2020-01-30_22:28:40.811[Status]Routing 496: Walk: 95
2020-01-30_22:28:40.911[Battery Energy]22.89
2020-01-30_22:28:41.057[Status]Routing 497: Walk: 95
2020-01-30_22:28:41.166[Battery Energy]22.78
2020-01-30_22:28:41.284[Status]Routing 498: Walk: 95
2020-01-30_22:28:41.386[Battery Energy]22.68
2020-01-30_22:28:41.527[Status]Routing 499: Walk: 95
2020-01-30_22:28:41.630[Battery Energy]22.54
2020-01-30_22:28:41.771[Status]Routing 500: Walk: 95
2020-01-30_22:28:41.882[Battery Energy]22.43
2020-01-30_22:28:42.034[Status]Routing 501: Walk: 95
2020-01-30_22:28:42.136[Battery Energy]22.31
2020-01-30_22:28:42.269[Status]Routing 502: Walk: 95
2020-01-30_22:28:42.386[Battery Energy]22.22
2020-01-30_22:28:42.514[Status]Routing 503: Walk: 95
2020-01-30_22:28:42.626[Battery Energy]22.11
2020-01-30_22:28:42.742[Status]Routing 504: Walk: 95
2020-01-30_22:28:42.843[Battery Energy]22.01
2020-01-30_22:28:42.977[Status]Routing 505: Walk: 95
2020-01-30_22:28:43.090[Battery Energy]21.92
2020-01-30_22:28:43.223[Status]Routing 506: Walk: 95
2020-01-30_22:28:43.334[Battery Energy]21.82
2020-01-30_22:28:43.449[Status]Routing 507: Walk: 95
2020-01-30_22:28:43.549[Battery Energy]21.72
2020-01-30_22:28:43.696[Status]Routing 508: Walk: 95
2020-01-30_22:28:43.802[Battery Energy]21.60
2020-01-30_22:28:43.923[Status]Routing 509: Walk: 95
2020-01-30_22:28:44.027[Battery Energy]21.49
2020-01-30_22:28:44.165[Status]Routing 510: Walk: 95
2020-01-30_22:28:44.271[Battery Energy]21.37
2020-01-30_22:28:44.401[Status]Routing 511: Walk: 95
2020-01-30_22:28:44.518[Battery Energy]21.27
2020-01-30_22:28:44.625[Status]Routing 512: Walk: 95
2020-01-30_22:28:44.732[Battery Energy]21.16
2020-01-30_22:28:44.856[Status]Routing 513: Walk: 95
2020-01-30_22:28:44.958[Battery Energy]21.05
2020-01-30_22:28:45.079[Status]Routing 514: Walk: 95
2020-01-30_22:28:45.180[Battery Energy]20.94
2020-01-30_22:28:45.320[Status]Routing 515: Walk: 95
2020-01-30_22:28:45.422[Battery Energy]20.83
2020-01-30_22:28:45.602[Status]Routing 516: Walk: 95
2020-01-30_22:28:45.710[Battery Energy]20.72
2020-01-30_22:28:45.879[Status]Routing 517: Walk: 95
2020-01-30_22:28:45.986[Battery Energy]20.62
2020-01-30_22:28:46.121[Status]Routing 518: Walk: 95
2020-01-30_22:28:46.222[Battery Energy]20.50
2020-01-30_22:28:46.362[Status]Routing 519: Walk: 95
2020-01-30_22:28:46.462[Battery Energy]20.37
2020-01-30_22:28:46.597[Status]Routing 520: Walk: 95
2020-01-30_22:28:46.697[Battery Energy]20.27
2020-01-30_22:28:46.851[Status]Routing 521: Walk: 95
2020-01-30_22:28:46.954[Battery Energy]20.16
2020-01-30_22:28:47.085[Status]Routing 522: Walk: 95
2020-01-30_22:28:47.190[Battery Energy]20.06
2020-01-30_22:28:47.319[Status]Routing 523: Walk: 95
2020-01-30_22:28:47.419[Battery Energy]19.96
2020-01-30_22:28:47.561[Status]Routing 524: Walk: 95
2020-01-30_22:28:47.661[Battery Energy]19.86
2020-01-30_22:28:47.794[Status]Routing 525: Walk: 95
2020-01-30_22:28:47.894[Battery Energy]19.77
2020-01-30_22:28:48.035[Status]Routing 526: Walk: 95
2020-01-30_22:28:48.145[Battery Energy]19.66
2020-01-30_22:28:48.302[Status]Routing 527: Walk: 95
2020-01-30_22:28:48.410[Battery Energy]19.53
2020-01-30_22:28:48.552[Status]Routing 528: Walk: 95
2020-01-30_22:28:48.666[Battery Energy]19.42
2020-01-30_22:28:48.810[Status]Routing 529: Walk: 95
2020-01-30_22:28:48.922[Battery Energy]19.31
2020-01-30_22:28:49.048[Status]Routing 530: Walk: 95
2020-01-30_22:28:49.148[Battery Energy]19.21
2020-01-30_22:28:49.326[Status]Routing 531: Walk: 95
2020-01-30_22:28:49.429[Battery Energy]19.08
2020-01-30_22:28:49.565[Status]Routing 532: Walk: 95
2020-01-30_22:28:49.666[Battery Energy]18.96
2020-01-30_22:28:49.805[Status]Routing 533: Walk: 95
2020-01-30_22:28:49.906[Battery Energy]18.88
2020-01-30_22:28:50.050[Status]Routing 534: Walk: 95
2020-01-30_22:28:50.154[Battery Energy]18.78
2020-01-30_22:28:50.273[Status]Routing 535: Walk: 95
2020-01-30_22:28:50.378[Battery Energy]18.68
2020-01-30_22:28:50.589[Status]Routing 536: Walk: 95
2020-01-30_22:28:50.697[Battery Energy]18.50
2020-01-30_22:28:50.826[Status]Routing 537: Walk: 95
2020-01-30_22:28:50.928[Battery Energy]18.38
2020-01-30_22:28:51.065[Status]Routing 538: Walk: 95
2020-01-30_22:28:51.165[Battery Energy]18.28
2020-01-30_22:28:51.333[Status]Routing 539: Walk: 95
2020-01-30_22:28:51.442[Battery Energy]18.15
2020-01-30_22:28:51.575[Status]Routing 540: Walk: 95
2020-01-30_22:28:51.686[Battery Energy]18.04
2020-01-30_22:28:51.828[Status]Routing 541: Walk: 95
2020-01-30_22:28:51.934[Battery Energy]17.93
2020-01-30_22:28:52.077[Status]Routing 542: Walk: 95
2020-01-30_22:28:52.182[Battery Energy]17.85
2020-01-30_22:28:52.302[Status]Routing 543: Walk: 95
2020-01-30_22:28:52.402[Battery Energy]17.75
2020-01-30_22:28:52.560[Status]Routing 544: Walk: 95
2020-01-30_22:28:52.674[Battery Energy]17.63
2020-01-30_22:28:52.804[Status]Routing 545: Walk: 95
2020-01-30_22:28:52.913[Battery Energy]17.54
2020-01-30_22:28:53.046[Status]Routing 546: Walk: 95
2020-01-30_22:28:53.146[Battery Energy]17.46
2020-01-30_22:28:53.284[Status]Routing 547: Walk: 95
2020-01-30_22:28:53.398[Battery Energy]17.37
2020-01-30_22:28:53.517[Status]Routing 548: Walk: 95
2020-01-30_22:28:53.626[Battery Energy]17.27
2020-01-30_22:28:53.763[Status]Routing 549: Walk: 95
2020-01-30_22:28:53.865[Battery Energy]17.16
2020-01-30_22:28:53.989[Status]Routing 550: Walk: 95
2020-01-30_22:28:54.106[Battery Energy]17.06
2020-01-30_22:28:54.243[Status]Routing 551: Walk: 95
2020-01-30_22:28:54.343[Battery Energy]16.98
2020-01-30_22:28:54.490[Status]Routing 552: Walk: 95
2020-01-30_22:28:54.595[Battery Energy]16.89
2020-01-30_22:28:54.729[Status]Routing 553: Walk: 95
2020-01-30_22:28:54.831[Battery Energy]16.80
2020-01-30_22:28:54.981[Status]Routing 554: Walk: 95
2020-01-30_22:28:55.086[Battery Energy]16.68
2020-01-30_22:28:55.214[Status]Routing 555: Walk: 95
2020-01-30_22:28:55.314[Battery Energy]16.58
2020-01-30_22:28:55.470[Status]Routing 556: Walk: 95
2020-01-30_22:28:55.573[Battery Energy]16.45
2020-01-30_22:28:55.717[Status]Routing 557: Walk: 95
2020-01-30_22:28:55.826[Battery Energy]16.33
2020-01-30_22:28:55.949[Status]Routing 558: Walk: 95
2020-01-30_22:28:56.049[Battery Energy]16.22
2020-01-30_22:28:56.223[Status]Routing 559: Walk: 95
2020-01-30_22:28:56.323[Battery Energy]16.10
2020-01-30_22:28:56.469[Status]Routing 560: Walk: 95
2020-01-30_22:28:56.571[Battery Energy]15.99
2020-01-30_22:28:56.714[Status]Routing 561: Walk: 95
2020-01-30_22:28:56.814[Battery Energy]15.88
2020-01-30_22:28:56.968[Status]Routing 562: Walk: 95
2020-01-30_22:28:57.079[Battery Energy]15.75
2020-01-30_22:28:57.213[Status]Routing 563: Walk: 95
2020-01-30_22:28:57.329[Battery Energy]15.66
2020-01-30_22:28:57.453[Status]Routing 564: Walk: 95
2020-01-30_22:28:57.566[Battery Energy]15.55
2020-01-30_22:28:57.695[Status]Routing 565: Walk: 95
2020-01-30_22:28:57.822[Battery Energy]15.43
2020-01-30_22:28:57.961[Status]Routing 566: Walk: 95
2020-01-30_22:28:58.070[Battery Energy]15.31
2020-01-30_22:28:58.227[Status]Routing 567: Walk: 95
2020-01-30_22:28:58.328[Battery Energy]15.19
2020-01-30_22:28:58.497[Status]Routing 568: Walk: 95
2020-01-30_22:28:58.597[Battery Energy]15.09
2020-01-30_22:28:58.746[Status]Routing 569: Walk: 95
2020-01-30_22:28:58.858[Battery Energy]14.98
2020-01-30_22:28:59.025[Status]Routing 570: Walk: 95
2020-01-30_22:28:59.126[Battery Energy]14.87
2020-01-30_22:28:59.246[Status]Routing 571: Walk: 95
2020-01-30_22:28:59.346[Battery Energy]14.78
2020-01-30_22:28:59.517[Status]Routing 572: Walk: 95
2020-01-30_22:28:59.618[Battery Energy]14.66
