2020-02-08_11:59:19.436[Status]Start.
2020-02-08_11:59:19.436[Battery Energy]118.00
2020-02-08_11:59:20.542[Battery Energy]117.96
2020-02-08_11:59:21.644[Battery Energy]117.92
2020-02-08_11:59:22.745[Battery Energy]117.88
2020-02-08_11:59:23.846[Battery Energy]117.84
2020-02-08_11:59:24.947[Task]A New Task Released.
2020-02-08_11:59:24.947[Battery Energy]117.80
2020-02-08_11:59:24.947[Status]Selection Start.
2020-02-08_11:59:28.661[Status]Selection End: Do Task 1.
2020-02-08_11:59:28.761[Battery Energy]115.21
2020-02-08_11:59:28.762[Status]Formation Start.
2020-02-08_11:59:28.899[Status]number of tasks is 7
2020-02-08_11:59:28.902[Status]my group tasks is [ 1300.   700.]
2020-02-08_11:59:28.922[Status]my group tasks is [ 1262.34898019   778.18314825]
2020-02-08_11:59:28.922[Status]my group tasks is [ 1177.7479066    797.49279122]
2020-02-08_11:59:28.923[Status]my group tasks is [ 1109.90311321   743.38837391]
2020-02-08_11:59:28.924[Status]my group tasks is [ 1109.90311321   656.61162609]
2020-02-08_11:59:28.924[Status]my group tasks is [ 1177.7479066    602.50720878]
2020-02-08_11:59:28.943[Status]my group tasks is [ 1262.34898019   621.81685175]
2020-02-08_11:59:28.971[Status]mygroup_robots_utility is {8: [16.18075024434686, 17.392358891111186, 14.945534172708678, 16.24531190920084, 17.42529172297273, 28.816772139180515, 14.901145179572703], 9: [16.276659886287614, 17.08316935060274, 14.938583854154968, 17.325247641934368, 28.536368362727643, 14.610771544897409, 15.80090784165605], 10: [32.036697672509504, 17.397679064061087, 14.70214783030748, 16.93829675756464, 17.86436765896997, 14.895117304164096, 15.530646689327297], 11: [16.44573154923073, 33.73287014711585, 15.980392833535353, 29.305192775711053, 13.879734910899913, 14.076493862751056, 15.148684071289512], 12: [16.290457279186807, 17.36140439487632, 34.88879409320084, 14.4063713471728, 32.25545390395476, 14.864937845518794, 14.976840738220359], 13: [16.668993279105063, 16.542073011857532, 34.579103365457, 14.261968418308731, 15.17381338630586, 14.315305564966629, 15.308593595243655], 14: [16.099248304205783, 14.112752757706973, 15.38677377981329, 13.341074976264533, 13.274296622763002, 14.281049060617757, 15.54452444522902]}
2020-02-08_11:59:28.972[Status]self.local_queue is [8, 9, 10, 11, 12, 13, 14]
2020-02-08_11:59:28.972[Status]task_chosen index is 5
2020-02-08_11:59:28.972[Status]task_chosen index is 4
2020-02-08_11:59:28.972[Status]myindex_in_queue is 4
2020-02-08_11:59:28.972[Status]task destination is [1109.903113209758, 656.6116260882442]
2020-02-08_11:59:29.073[Battery Energy]115.08
2020-02-08_11:59:29.073[Status]Routing Start.
2020-02-08_11:59:29.278[Status]{'id': 9, 'coordinate': [67.92494228389309, 528.2229148218053]}
2020-02-08_11:59:29.278[Status]Routing 1: Walk: 1
2020-02-08_11:59:29.379[Battery Energy]114.87
2020-02-08_11:59:29.379[Status]Routing Start.
2020-02-08_11:59:29.542[Status]{'id': 9, 'coordinate': [77.84988456778618, 529.4458296436105]}
2020-02-08_11:59:29.542[Status]Routing 2: Walk: 2
2020-02-08_11:59:29.642[Battery Energy]114.64
2020-02-08_11:59:29.642[Status]Routing Start.
2020-02-08_11:59:29.797[Status]{'id': 9, 'coordinate': [87.77482685167926, 530.6687444654158]}
2020-02-08_11:59:29.797[Status]Routing 3: Walk: 3
2020-02-08_11:59:29.898[Battery Energy]114.42
2020-02-08_11:59:29.898[Status]Routing Start.
2020-02-08_11:59:30.076[Status]{'id': 9, 'coordinate': [97.69976913557235, 531.891659287221]}
2020-02-08_11:59:30.076[Status]Routing 4: Walk: 4
2020-02-08_11:59:30.176[Battery Energy]114.19
2020-02-08_11:59:30.176[Status]Routing Start.
2020-02-08_11:59:30.331[Status]{'id': 9, 'coordinate': [107.62471141946544, 533.1145741090263]}
2020-02-08_11:59:30.331[Status]Routing 5: Walk: 5
2020-02-08_11:59:30.442[Battery Energy]113.99
2020-02-08_11:59:30.442[Status]Routing Start.
2020-02-08_11:59:30.587[Status]{'id': 9, 'coordinate': [117.54965370335853, 534.3374889308316]}
2020-02-08_11:59:30.587[Status]Routing 6: Walk: 6
2020-02-08_11:59:30.690[Battery Energy]113.79
2020-02-08_11:59:30.690[Status]Routing Start.
2020-02-08_11:59:31.083[Status]{'id': 9, 'coordinate': [127.47459598725162, 535.5604037526368]}
2020-02-08_11:59:31.086[Status]Routing 7: Walk: 7
2020-02-08_11:59:31.186[Battery Energy]113.40
2020-02-08_11:59:31.186[Status]Routing Start.
2020-02-08_11:59:31.519[Status]{'id': 9, 'coordinate': [137.3995382711447, 536.7833185744421]}
2020-02-08_11:59:31.519[Status]Routing 8: Walk: 8
2020-02-08_11:59:31.619[Battery Energy]113.05
2020-02-08_11:59:31.619[Status]Routing Start.
2020-02-08_11:59:31.941[Status]{'id': 9, 'coordinate': [147.32448055503778, 538.0062333962474]}
2020-02-08_11:59:31.942[Status]Routing 9: Walk: 9
2020-02-08_11:59:32.045[Battery Energy]112.73
2020-02-08_11:59:32.045[Status]Routing Start.
2020-02-08_11:59:32.360[Status]{'id': 9, 'coordinate': [157.24942283893085, 539.2291482180526]}
2020-02-08_11:59:32.360[Status]Routing 10: Walk: 10
2020-02-08_11:59:32.463[Battery Energy]112.44
2020-02-08_11:59:32.463[Status]Routing Start.
2020-02-08_11:59:32.774[Status]{'id': 9, 'coordinate': [167.17436512282393, 540.4520630398579]}
2020-02-08_11:59:32.774[Status]Routing 11: Walk: 11
2020-02-08_11:59:32.874[Battery Energy]112.16
2020-02-08_11:59:32.875[Status]Routing Start.
2020-02-08_11:59:33.341[Status]Routing 12: Walk: 11
2020-02-08_11:59:33.441[Battery Energy]111.76
2020-02-08_11:59:33.441[Status]Routing Start.
2020-02-08_11:59:33.619[Status]{'id': 9, 'coordinate': [177.099307406717, 541.6749778616631]}
2020-02-08_11:59:33.619[Status]Routing 13: Walk: 12
2020-02-08_11:59:33.719[Battery Energy]111.55
2020-02-08_11:59:33.719[Status]Routing Start.
2020-02-08_11:59:34.037[Status]{'id': 9, 'coordinate': [187.02424969061008, 542.8978926834684]}
2020-02-08_11:59:34.039[Status]Routing 14: Walk: 13
2020-02-08_11:59:34.139[Battery Energy]111.21
2020-02-08_11:59:34.139[Status]Routing Start.
2020-02-08_11:59:34.604[Status]Routing 15: Walk: 13
2020-02-08_11:59:34.704[Battery Energy]110.82
2020-02-08_11:59:34.704[Status]Routing Start.
2020-02-08_11:59:34.899[Status]{'id': 9, 'coordinate': [196.94919197450315, 544.1208075052737]}
2020-02-08_11:59:34.899[Status]Routing 16: Walk: 14
2020-02-08_11:59:35.014[Battery Energy]110.59
2020-02-08_11:59:35.014[Status]Routing Start.
2020-02-08_11:59:35.513[Status]Routing 17: Walk: 14
2020-02-08_11:59:35.613[Battery Energy]110.16
2020-02-08_11:59:35.613[Status]Routing Start.
2020-02-08_11:59:35.877[Status]Routing 18: Walk: 14
2020-02-08_11:59:35.977[Battery Energy]109.87
2020-02-08_11:59:35.977[Status]Routing Start.
2020-02-08_11:59:36.283[Status]Routing 19: Walk: 14
2020-02-08_11:59:36.383[Battery Energy]109.57
2020-02-08_11:59:36.383[Status]Routing Start.
2020-02-08_11:59:36.742[Status]Routing 20: Walk: 14
2020-02-08_11:59:36.848[Battery Energy]109.24
2020-02-08_11:59:36.848[Status]Routing Start.
2020-02-08_11:59:36.992[Status]{'id': 9, 'coordinate': [206.87413425839623, 545.3437223270789]}
2020-02-08_11:59:36.992[Status]Routing 21: Walk: 15
2020-02-08_11:59:37.093[Battery Energy]109.04
2020-02-08_11:59:37.093[Status]Routing Start.
2020-02-08_11:59:37.389[Status]{'id': 9, 'coordinate': [216.7990765422893, 546.5666371488842]}
2020-02-08_11:59:37.390[Status]Routing 22: Walk: 16
2020-02-08_11:59:37.498[Battery Energy]108.77
2020-02-08_11:59:37.498[Status]Routing Start.
2020-02-08_11:59:37.818[Status]{'id': 9, 'coordinate': [226.72401882618237, 547.7895519706894]}
2020-02-08_11:59:37.818[Status]Routing 23: Walk: 17
2020-02-08_11:59:37.926[Battery Energy]108.47
2020-02-08_11:59:37.926[Status]Routing Start.
2020-02-08_11:59:38.198[Status]{'id': 9, 'coordinate': [236.64896111007545, 549.0124667924947]}
2020-02-08_11:59:38.199[Status]Routing 24: Walk: 18
2020-02-08_11:59:38.306[Battery Energy]108.16
2020-02-08_11:59:38.306[Status]Routing Start.
2020-02-08_11:59:38.640[Status]{'id': 9, 'coordinate': [246.57390339396852, 550.2353816143]}
2020-02-08_11:59:38.640[Status]Routing 25: Walk: 19
2020-02-08_11:59:38.742[Battery Energy]107.77
2020-02-08_11:59:38.742[Status]Routing Start.
2020-02-08_11:59:39.064[Status]{'id': 9, 'coordinate': [256.4988456778616, 551.4582964361052]}
2020-02-08_11:59:39.064[Status]Routing 26: Walk: 20
2020-02-08_11:59:39.172[Battery Energy]107.44
2020-02-08_11:59:39.172[Status]Routing Start.
2020-02-08_11:59:39.510[Status]{'id': 9, 'coordinate': [266.42378796175467, 552.6812112579105]}
2020-02-08_11:59:39.510[Status]Routing 27: Walk: 21
2020-02-08_11:59:39.622[Battery Energy]107.16
2020-02-08_11:59:39.622[Status]Routing Start.
2020-02-08_11:59:39.999[Status]{'id': 9, 'coordinate': [276.34873024564774, 553.9041260797158]}
2020-02-08_11:59:39.999[Status]Routing 28: Walk: 22
2020-02-08_11:59:40.114[Battery Energy]106.84
2020-02-08_11:59:40.114[Status]Routing Start.
2020-02-08_11:59:40.455[Status]{'id': 9, 'coordinate': [286.2736725295408, 555.127040901521]}
2020-02-08_11:59:40.455[Status]Routing 29: Walk: 23
2020-02-08_11:59:40.555[Battery Energy]106.51
2020-02-08_11:59:40.555[Status]Routing Start.
2020-02-08_11:59:40.884[Status]{'id': 9, 'coordinate': [296.1986148134339, 556.3499557233263]}
2020-02-08_11:59:40.886[Status]Routing 30: Walk: 24
2020-02-08_11:59:40.988[Battery Energy]106.20
2020-02-08_11:59:40.988[Status]Routing Start.
2020-02-08_11:59:41.298[Status]{'id': 9, 'coordinate': [306.12355709732697, 557.5728705451315]}
2020-02-08_11:59:41.298[Status]Routing 31: Walk: 25
2020-02-08_11:59:41.410[Battery Energy]105.92
2020-02-08_11:59:41.410[Status]Routing Start.
2020-02-08_11:59:41.717[Status]{'id': 9, 'coordinate': [316.04849938122004, 558.7957853669368]}
2020-02-08_11:59:41.717[Status]Routing 32: Walk: 26
2020-02-08_11:59:41.820[Battery Energy]105.63
2020-02-08_11:59:41.820[Status]Routing Start.
2020-02-08_11:59:42.103[Status]{'id': 9, 'coordinate': [325.9734416651131, 560.0187001887421]}
2020-02-08_11:59:42.103[Status]Routing 33: Walk: 27
2020-02-08_11:59:42.206[Battery Energy]105.32
2020-02-08_11:59:42.210[Status]Routing Start.
2020-02-08_11:59:42.534[Status]{'id': 9, 'coordinate': [335.8983839490062, 561.2416150105473]}
2020-02-08_11:59:42.536[Status]Routing 34: Walk: 28
2020-02-08_11:59:42.636[Battery Energy]104.99
2020-02-08_11:59:42.637[Status]Routing Start.
2020-02-08_11:59:42.978[Status]{'id': 9, 'coordinate': [345.82332623289926, 562.4645298323526]}
2020-02-08_11:59:42.979[Status]Routing 35: Walk: 29
2020-02-08_11:59:43.080[Battery Energy]104.66
2020-02-08_11:59:43.080[Status]Routing Start.
2020-02-08_11:59:43.491[Status]{'id': 9, 'coordinate': [355.74826851679234, 563.6874446541578]}
2020-02-08_11:59:43.492[Status]Routing 36: Walk: 30
2020-02-08_11:59:43.592[Battery Energy]104.32
2020-02-08_11:59:43.592[Status]Routing Start.
2020-02-08_11:59:43.987[Status]{'id': 9, 'coordinate': [365.6732108006854, 564.9103594759632]}
2020-02-08_11:59:43.987[Status]Routing 37: Walk: 31
2020-02-08_11:59:44.098[Battery Energy]103.93
2020-02-08_11:59:44.098[Status]Routing Start.
2020-02-08_11:59:44.261[Status]{'id': 9, 'coordinate': [375.5981530845785, 566.1332742977686]}
2020-02-08_11:59:44.262[Status]Routing 38: Walk: 32
2020-02-08_11:59:44.370[Battery Energy]103.73
2020-02-08_11:59:44.370[Status]Routing Start.
2020-02-08_11:59:44.512[Status]{'id': 9, 'coordinate': [385.52309536847156, 567.3561891195739]}
2020-02-08_11:59:44.512[Status]Routing 39: Walk: 33
2020-02-08_11:59:44.622[Battery Energy]103.53
2020-02-08_11:59:44.622[Status]Routing Start.
2020-02-08_11:59:44.761[Status]{'id': 9, 'coordinate': [395.44803765236463, 568.5791039413791]}
2020-02-08_11:59:44.761[Status]Routing 40: Walk: 34
2020-02-08_11:59:44.861[Battery Energy]103.32
2020-02-08_11:59:44.861[Status]Routing Start.
2020-02-08_11:59:45.023[Status]{'id': 9, 'coordinate': [405.3729799362577, 569.8020187631845]}
2020-02-08_11:59:45.023[Status]Routing 41: Walk: 35
2020-02-08_11:59:45.126[Battery Energy]103.13
2020-02-08_11:59:45.126[Status]Routing Start.
2020-02-08_11:59:45.441[Status]{'id': 9, 'coordinate': [415.2979222201508, 571.0249335849898]}
2020-02-08_11:59:45.441[Status]Routing 42: Walk: 36
2020-02-08_11:59:45.558[Battery Energy]102.83
2020-02-08_11:59:45.558[Status]Routing Start.
2020-02-08_11:59:45.694[Status]{'id': 9, 'coordinate': [425.22286450404386, 572.2478484067951]}
2020-02-08_11:59:45.694[Status]Routing 43: Walk: 37
2020-02-08_11:59:45.794[Battery Energy]102.63
2020-02-08_11:59:45.794[Status]Routing Start.
2020-02-08_11:59:46.088[Status]{'id': 9, 'coordinate': [435.14780678793693, 573.4707632286004]}
2020-02-08_11:59:46.089[Status]Routing 44: Walk: 38
2020-02-08_11:59:46.202[Battery Energy]102.37
2020-02-08_11:59:46.202[Status]Routing Start.
2020-02-08_11:59:46.333[Status]{'id': 9, 'coordinate': [445.07274907183, 574.6936780504058]}
2020-02-08_11:59:46.337[Status]Routing 45: Walk: 39
2020-02-08_11:59:46.440[Battery Energy]102.18
2020-02-08_11:59:46.441[Status]Routing Start.
2020-02-08_11:59:46.751[Status]{'id': 9, 'coordinate': [454.9976913557231, 575.916592872211]}
2020-02-08_11:59:46.754[Status]Routing 46: Walk: 40
2020-02-08_11:59:46.854[Battery Energy]101.88
2020-02-08_11:59:46.854[Status]Routing Start.
2020-02-08_11:59:47.208[Status]{'id': 9, 'coordinate': [464.92263363961615, 577.1395076940164]}
2020-02-08_11:59:47.208[Status]Routing 47: Walk: 41
2020-02-08_11:59:47.309[Battery Energy]101.57
2020-02-08_11:59:47.309[Status]Routing Start.
2020-02-08_11:59:47.618[Status]{'id': 9, 'coordinate': [474.8475759235092, 578.3624225158217]}
2020-02-08_11:59:47.618[Status]Routing 48: Walk: 42
2020-02-08_11:59:47.718[Battery Energy]101.25
2020-02-08_11:59:47.718[Status]Routing Start.
2020-02-08_11:59:48.022[Status]{'id': 9, 'coordinate': [484.7725182074023, 579.585337337627]}
2020-02-08_11:59:48.022[Status]Routing 49: Walk: 43
2020-02-08_11:59:48.122[Battery Energy]100.95
2020-02-08_11:59:48.122[Status]Routing Start.
2020-02-08_11:59:48.293[Status]{'id': 9, 'coordinate': [494.6974604912954, 580.8082521594323]}
2020-02-08_11:59:48.293[Status]Routing 50: Walk: 44
2020-02-08_11:59:48.398[Battery Energy]100.73
2020-02-08_11:59:48.398[Status]Routing Start.
2020-02-08_11:59:48.756[Status]{'id': 9, 'coordinate': [504.62240277518845, 582.0311669812377]}
2020-02-08_11:59:48.756[Status]Routing 51: Walk: 45
2020-02-08_11:59:48.856[Battery Energy]100.42
2020-02-08_11:59:48.856[Status]Routing Start.
2020-02-08_11:59:49.131[Status]{'id': 9, 'coordinate': [514.5473450590815, 583.2540818030429]}
2020-02-08_11:59:49.132[Status]Routing 52: Walk: 46
2020-02-08_11:59:49.232[Battery Energy]100.19
2020-02-08_11:59:49.232[Status]Routing Start.
2020-02-08_11:59:49.545[Status]{'id': 9, 'coordinate': [524.4722873429746, 584.4769966248483]}
2020-02-08_11:59:49.545[Status]Routing 53: Walk: 47
2020-02-08_11:59:49.658[Battery Energy]99.88
2020-02-08_11:59:49.658[Status]Routing Start.
2020-02-08_11:59:49.952[Status]{'id': 9, 'coordinate': [534.3972296268677, 585.6999114466536]}
2020-02-08_11:59:49.952[Status]Routing 54: Walk: 48
2020-02-08_11:59:50.059[Battery Energy]99.55
2020-02-08_11:59:50.061[Status]Routing Start.
2020-02-08_11:59:50.208[Status]{'id': 9, 'coordinate': [544.3221719107607, 586.922826268459]}
2020-02-08_11:59:50.208[Status]Routing 55: Walk: 49
2020-02-08_11:59:50.321[Battery Energy]99.33
2020-02-08_11:59:50.321[Status]Routing Start.
2020-02-08_11:59:50.696[Status]{'id': 9, 'coordinate': [554.2471141946538, 588.1457410902642]}
2020-02-08_11:59:50.696[Status]Routing 56: Walk: 50
2020-02-08_11:59:50.797[Battery Energy]98.97
2020-02-08_11:59:50.797[Status]Routing Start.
2020-02-08_11:59:50.929[Status]{'id': 9, 'coordinate': [564.1720564785469, 589.3686559120696]}
2020-02-08_11:59:50.929[Status]Routing 57: Walk: 51
2020-02-08_11:59:51.035[Battery Energy]98.76
2020-02-08_11:59:51.035[Status]Routing Start.
2020-02-08_11:59:51.306[Status]{'id': 9, 'coordinate': [574.09699876244, 590.5915707338748]}
2020-02-08_11:59:51.306[Status]Routing 58: Walk: 52
2020-02-08_11:59:51.422[Battery Energy]98.47
2020-02-08_11:59:51.430[Status]Routing Start.
2020-02-08_11:59:51.595[Status]{'id': 9, 'coordinate': [584.021941046333, 591.8144855556802]}
2020-02-08_11:59:51.595[Status]Routing 59: Walk: 53
2020-02-08_11:59:51.702[Battery Energy]98.24
2020-02-08_11:59:51.702[Status]Routing Start.
2020-02-08_11:59:52.002[Status]{'id': 9, 'coordinate': [593.9468833302261, 593.0374003774855]}
2020-02-08_11:59:52.003[Status]Routing 60: Walk: 54
2020-02-08_11:59:52.109[Battery Energy]97.94
2020-02-08_11:59:52.109[Status]Routing Start.
2020-02-08_11:59:52.245[Status]{'id': 9, 'coordinate': [603.8718256141192, 594.2603151992909]}
2020-02-08_11:59:52.245[Status]Routing 61: Walk: 55
2020-02-08_11:59:52.347[Battery Energy]97.73
2020-02-08_11:59:52.347[Status]Routing Start.
2020-02-08_11:59:52.632[Status]{'id': 9, 'coordinate': [613.7967678980123, 595.4832300210961]}
2020-02-08_11:59:52.632[Status]Routing 62: Walk: 56
2020-02-08_11:59:52.733[Battery Energy]97.42
2020-02-08_11:59:52.733[Status]Routing Start.
2020-02-08_11:59:52.896[Status]{'id': 9, 'coordinate': [623.7217101819053, 596.7061448429015]}
2020-02-08_11:59:52.896[Status]Routing 63: Walk: 57
2020-02-08_11:59:52.998[Battery Energy]97.19
2020-02-08_11:59:52.998[Status]Routing Start.
2020-02-08_11:59:53.483[Status]{'id': 9, 'coordinate': [633.6466524657984, 597.9290596647068]}
2020-02-08_11:59:53.485[Status]Routing 64: Walk: 58
2020-02-08_11:59:53.586[Battery Energy]96.75
2020-02-08_11:59:53.586[Status]Routing Start.
2020-02-08_11:59:53.727[Status]{'id': 9, 'coordinate': [643.5715947496915, 599.1519744865121]}
2020-02-08_11:59:53.734[Status]Routing 65: Walk: 59
2020-02-08_11:59:53.834[Battery Energy]96.54
2020-02-08_11:59:53.834[Status]Routing Start.
2020-02-08_11:59:54.149[Status]{'id': 9, 'coordinate': [653.4965370335846, 600.3748893083174]}
2020-02-08_11:59:54.151[Status]Routing 66: Walk: 60
2020-02-08_11:59:54.253[Battery Energy]96.24
2020-02-08_11:59:54.253[Status]Routing Start.
2020-02-08_11:59:54.587[Status]{'id': 9, 'coordinate': [663.4214793174776, 601.5978041301228]}
2020-02-08_11:59:54.587[Status]Routing 67: Walk: 61
2020-02-08_11:59:54.702[Battery Energy]95.91
2020-02-08_11:59:54.702[Status]Routing Start.
2020-02-08_11:59:54.998[Status]{'id': 9, 'coordinate': [673.3464216013707, 602.820718951928]}
2020-02-08_11:59:54.998[Status]Routing 68: Walk: 62
2020-02-08_11:59:55.102[Battery Energy]95.59
2020-02-08_11:59:55.102[Status]Routing Start.
2020-02-08_11:59:55.380[Status]{'id': 9, 'coordinate': [683.2713638852638, 604.0436337737334]}
2020-02-08_11:59:55.381[Status]Routing 69: Walk: 63
2020-02-08_11:59:55.481[Battery Energy]95.34
2020-02-08_11:59:55.481[Status]Routing Start.
2020-02-08_11:59:55.813[Status]{'id': 9, 'coordinate': [693.1963061691569, 605.2665485955387]}
2020-02-08_11:59:55.813[Status]Routing 70: Walk: 64
2020-02-08_11:59:55.917[Battery Energy]95.03
2020-02-08_11:59:55.917[Status]Routing Start.
2020-02-08_11:59:56.062[Status]{'id': 9, 'coordinate': [703.1212484530499, 606.489463417344]}
2020-02-08_11:59:56.062[Status]Routing 71: Walk: 65
2020-02-08_11:59:56.162[Battery Energy]94.80
2020-02-08_11:59:56.163[Status]Routing Start.
2020-02-08_11:59:56.324[Status]{'id': 9, 'coordinate': [713.046190736943, 607.7123782391493]}
2020-02-08_11:59:56.324[Status]Routing 72: Walk: 66
2020-02-08_11:59:56.446[Battery Energy]94.60
2020-02-08_11:59:56.446[Status]Routing Start.
2020-02-08_11:59:56.586[Status]{'id': 9, 'coordinate': [722.9711330208361, 608.9352930609547]}
2020-02-08_11:59:56.586[Status]Routing 73: Walk: 67
2020-02-08_11:59:56.694[Battery Energy]94.40
2020-02-08_11:59:56.694[Status]Routing Start.
2020-02-08_11:59:56.803[Status]{'id': 9, 'coordinate': [732.8960753047292, 610.1582078827599]}
2020-02-08_11:59:56.803[Status]Routing 74: Walk: 68
2020-02-08_11:59:56.904[Battery Energy]94.20
2020-02-08_11:59:56.904[Status]Routing Start.
2020-02-08_11:59:57.038[Status]{'id': 9, 'coordinate': [742.8210175886222, 611.3811227045653]}
2020-02-08_11:59:57.040[Status]Routing 75: Walk: 69
2020-02-08_11:59:57.140[Battery Energy]94.02
2020-02-08_11:59:57.140[Status]Routing Start.
2020-02-08_11:59:57.325[Status]{'id': 9, 'coordinate': [752.7459598725153, 612.6040375263706]}
2020-02-08_11:59:57.325[Status]Routing 76: Walk: 70
2020-02-08_11:59:57.425[Battery Energy]93.81
2020-02-08_11:59:57.425[Status]Routing Start.
2020-02-08_11:59:57.572[Status]{'id': 9, 'coordinate': [762.6709021564084, 613.826952348176]}
2020-02-08_11:59:57.572[Status]Routing 77: Walk: 71
2020-02-08_11:59:57.672[Battery Energy]93.58
2020-02-08_11:59:57.673[Status]Routing Start.
2020-02-08_11:59:57.838[Status]{'id': 9, 'coordinate': [772.5958444403014, 615.0498671699812]}
2020-02-08_11:59:57.838[Status]Routing 78: Walk: 72
2020-02-08_11:59:57.938[Battery Energy]93.39
2020-02-08_11:59:57.938[Status]Routing Start.
2020-02-08_11:59:58.088[Status]{'id': 9, 'coordinate': [782.5207867241945, 616.2727819917866]}
2020-02-08_11:59:58.088[Status]Routing 79: Walk: 73
2020-02-08_11:59:58.206[Battery Energy]93.19
2020-02-08_11:59:58.206[Status]Routing Start.
2020-02-08_11:59:58.343[Status]{'id': 9, 'coordinate': [792.4457290080876, 617.4956968135918]}
2020-02-08_11:59:58.344[Status]Routing 80: Walk: 74
2020-02-08_11:59:58.444[Battery Energy]92.98
2020-02-08_11:59:58.444[Status]Routing Start.
2020-02-08_11:59:58.611[Status]{'id': 9, 'coordinate': [802.3706712919807, 618.7186116353971]}
2020-02-08_11:59:58.612[Status]Routing 81: Walk: 75
2020-02-08_11:59:58.718[Battery Energy]92.75
2020-02-08_11:59:58.718[Status]Routing Start.
2020-02-08_11:59:58.868[Status]{'id': 9, 'coordinate': [812.2956135758737, 619.9415264572025]}
2020-02-08_11:59:58.868[Status]Routing 82: Walk: 76
2020-02-08_11:59:58.979[Battery Energy]92.52
2020-02-08_11:59:58.979[Status]Routing Start.
2020-02-08_11:59:59.250[Status]Routing 83: Walk: 76
2020-02-08_11:59:59.350[Battery Energy]92.26
2020-02-08_11:59:59.351[Status]Routing Start.
2020-02-08_11:59:59.655[Status]{'id': 9, 'coordinate': [822.2205558597668, 621.1644412790079]}
2020-02-08_11:59:59.655[Status]Routing 84: Walk: 77
2020-02-08_11:59:59.755[Battery Energy]91.93
2020-02-08_11:59:59.755[Status]Routing Start.
2020-02-08_11:59:59.908[Status]{'id': 9, 'coordinate': [832.1454981436599, 622.3873561008131]}
2020-02-08_11:59:59.908[Status]Routing 85: Walk: 78
2020-02-08_12:00:00.009[Battery Energy]91.72
2020-02-08_12:00:00.009[Status]Routing Start.
2020-02-08_12:00:00.167[Status]{'id': 9, 'coordinate': [842.070440427553, 623.6102709226184]}
2020-02-08_12:00:00.167[Status]Routing 86: Walk: 79
2020-02-08_12:00:00.282[Battery Energy]91.55
2020-02-08_12:00:00.282[Status]Routing Start.
2020-02-08_12:00:00.579[Status]Routing 87: Walk: 79
2020-02-08_12:00:00.687[Battery Energy]91.27
2020-02-08_12:00:00.687[Status]Routing Start.
2020-02-08_12:00:00.966[Status]Routing 88: Walk: 79
2020-02-08_12:00:01.066[Battery Energy]90.98
2020-02-08_12:00:01.066[Status]Routing Start.
2020-02-08_12:00:01.379[Status]Routing 89: Walk: 79
2020-02-08_12:00:01.479[Battery Energy]90.65
2020-02-08_12:00:01.479[Status]Routing Start.
2020-02-08_12:00:01.754[Status]{'id': 9, 'coordinate': [851.995382711446, 624.8331857444238]}
2020-02-08_12:00:01.755[Status]Routing 90: Walk: 80
2020-02-08_12:00:01.855[Battery Energy]90.31
2020-02-08_12:00:01.855[Status]Routing Start.
2020-02-08_12:00:02.004[Status]{'id': 9, 'coordinate': [861.9203249953391, 626.056100566229]}
2020-02-08_12:00:02.005[Status]Routing 91: Walk: 81
2020-02-08_12:00:02.109[Battery Energy]90.10
2020-02-08_12:00:02.109[Status]Routing Start.
2020-02-08_12:00:02.463[Status]{'id': 9, 'coordinate': [871.8452672792322, 627.2790153880344]}
2020-02-08_12:00:02.463[Status]Routing 92: Walk: 82
2020-02-08_12:00:02.577[Battery Energy]89.77
2020-02-08_12:00:02.577[Status]Routing Start.
2020-02-08_12:00:02.739[Status]{'id': 9, 'coordinate': [881.7702095631253, 628.5019302098397]}
2020-02-08_12:00:02.739[Status]Routing 93: Walk: 83
2020-02-08_12:00:02.841[Battery Energy]89.56
2020-02-08_12:00:02.842[Status]Routing Start.
2020-02-08_12:00:02.999[Status]{'id': 9, 'coordinate': [891.6951518470183, 629.724845031645]}
2020-02-08_12:00:02.999[Status]Routing 94: Walk: 84
2020-02-08_12:00:03.104[Battery Energy]89.34
2020-02-08_12:00:03.109[Status]Routing Start.
2020-02-08_12:00:03.265[Status]{'id': 9, 'coordinate': [901.6200941309114, 630.9477598534503]}
2020-02-08_12:00:03.265[Status]Routing 95: Walk: 85
2020-02-08_12:00:03.374[Battery Energy]89.13
2020-02-08_12:00:03.374[Status]Routing Start.
2020-02-08_12:00:03.528[Status]{'id': 9, 'coordinate': [911.5450364148045, 632.1706746752557]}
2020-02-08_12:00:03.528[Status]Routing 96: Walk: 86
2020-02-08_12:00:03.630[Battery Energy]88.94
2020-02-08_12:00:03.630[Status]Routing Start.
2020-02-08_12:00:03.785[Status]{'id': 9, 'coordinate': [921.4699786986976, 633.3935894970609]}
2020-02-08_12:00:03.785[Status]Routing 97: Walk: 87
2020-02-08_12:00:03.890[Battery Energy]88.71
2020-02-08_12:00:03.890[Status]Routing Start.
2020-02-08_12:00:04.122[Status]{'id': 9, 'coordinate': [931.3949209825906, 634.6165043188663]}
2020-02-08_12:00:04.123[Status]Routing 98: Walk: 88
2020-02-08_12:00:04.229[Battery Energy]88.46
2020-02-08_12:00:04.229[Status]Routing Start.
2020-02-08_12:00:04.691[Status]Routing 99: Walk: 88
2020-02-08_12:00:04.791[Battery Energy]88.08
2020-02-08_12:00:04.791[Status]Routing Start.
2020-02-08_12:00:04.948[Status]{'id': 9, 'coordinate': [941.3198632664837, 635.8394191406716]}
2020-02-08_12:00:04.948[Status]Routing 100: Walk: 89
2020-02-08_12:00:05.054[Battery Energy]87.86
2020-02-08_12:00:05.054[Status]Routing Start.
2020-02-08_12:00:05.372[Status]{'id': 9, 'coordinate': [951.2448055503768, 637.0623339624769]}
2020-02-08_12:00:05.375[Status]Routing 101: Walk: 90
2020-02-08_12:00:05.478[Battery Energy]87.57
2020-02-08_12:00:05.478[Status]Routing Start.
2020-02-08_12:00:05.962[Status]Routing 102: Walk: 90
2020-02-08_12:00:06.066[Battery Energy]87.15
2020-02-08_12:00:06.066[Status]Routing Start.
2020-02-08_12:00:06.189[Status]{'id': 9, 'coordinate': [961.1697478342699, 638.2852487842822]}
2020-02-08_12:00:06.190[Status]Routing 103: Walk: 91
2020-02-08_12:00:06.293[Battery Energy]86.95
2020-02-08_12:00:06.293[Status]Routing Start.
2020-02-08_12:00:06.625[Status]{'id': 9, 'coordinate': [971.0946901181629, 639.5081636060876]}
2020-02-08_12:00:06.625[Status]Routing 104: Walk: 92
2020-02-08_12:00:06.725[Battery Energy]86.58
2020-02-08_12:00:06.726[Status]Routing Start.
2020-02-08_12:00:06.911[Status]{'id': 9, 'coordinate': [981.019632402056, 640.7310784278928]}
2020-02-08_12:00:06.911[Status]Routing 105: Walk: 93
2020-02-08_12:00:07.022[Battery Energy]86.33
2020-02-08_12:00:07.022[Status]Routing Start.
2020-02-08_12:00:07.358[Status]{'id': 9, 'coordinate': [990.9445746859491, 641.9539932496982]}
2020-02-08_12:00:07.358[Status]Routing 106: Walk: 94
2020-02-08_12:00:07.465[Battery Energy]85.98
2020-02-08_12:00:07.465[Status]Routing Start.
2020-02-08_12:00:07.763[Status]{'id': 9, 'coordinate': [1000.8695169698422, 643.1769080715035]}
2020-02-08_12:00:07.763[Status]Routing 107: Walk: 95
2020-02-08_12:00:07.863[Battery Energy]85.67
2020-02-08_12:00:07.863[Status]Routing Start.
2020-02-08_12:00:08.172[Status]{'id': 9, 'coordinate': [1010.7944592537352, 644.3998228933089]}
2020-02-08_12:00:08.172[Status]Routing 108: Walk: 96
2020-02-08_12:00:08.273[Battery Energy]85.39
2020-02-08_12:00:08.273[Status]Routing Start.
2020-02-08_12:00:08.656[Status]Routing 109: Walk: 96
2020-02-08_12:00:08.757[Battery Energy]85.04
2020-02-08_12:00:08.757[Status]Routing Start.
2020-02-08_12:00:09.052[Status]{'id': 9, 'coordinate': [1015.6172002115699, 653.1600266382924]}
2020-02-08_12:00:09.053[Status]Routing 110: Walk: 97
2020-02-08_12:00:09.156[Battery Energy]84.66
2020-02-08_12:00:09.156[Status]Routing Start.
2020-02-08_12:00:09.345[Status]{'id': 9, 'coordinate': [1025.6105062853042, 653.5258595464169]}
2020-02-08_12:00:09.345[Status]Routing 111: Walk: 98
2020-02-08_12:00:09.450[Battery Energy]84.44
2020-02-08_12:00:09.450[Status]Routing Start.
2020-02-08_12:00:09.727[Status]{'id': 9, 'coordinate': [1035.6038123590383, 653.8916924545414]}
2020-02-08_12:00:09.727[Status]Routing 112: Walk: 99
2020-02-08_12:00:09.827[Battery Energy]84.15
2020-02-08_12:00:09.827[Status]Routing Start.
2020-02-08_12:00:10.052[Status]{'id': 9, 'coordinate': [1045.5971184327725, 654.2575253626659]}
2020-02-08_12:00:10.052[Status]Routing 113: Walk: 100
2020-02-08_12:00:10.158[Battery Energy]83.86
2020-02-08_12:00:10.158[Status]Routing Start.
2020-02-08_12:00:10.467[Status]{'id': 9, 'coordinate': [1055.5904245065067, 654.6233582707904]}
2020-02-08_12:00:10.467[Status]Routing 114: Walk: 101
2020-02-08_12:00:10.567[Battery Energy]83.50
2020-02-08_12:00:10.567[Status]Routing Start.
2020-02-08_12:00:10.914[Status]{'id': 9, 'coordinate': [1065.5837305802409, 654.9891911789149]}
2020-02-08_12:00:10.914[Status]Routing 115: Walk: 102
2020-02-08_12:00:11.015[Battery Energy]83.08
2020-02-08_12:00:11.015[Status]Routing Start.
2020-02-08_12:00:11.301[Status]{'id': 9, 'coordinate': [1075.577036653975, 655.3550240870394]}
2020-02-08_12:00:11.301[Status]Routing 116: Walk: 103
2020-02-08_12:00:11.401[Battery Energy]82.73
2020-02-08_12:00:11.401[Status]Routing Start.
2020-02-08_12:00:11.541[Status]{'id': 9, 'coordinate': [1085.5703427277092, 655.7208569951639]}
2020-02-08_12:00:11.541[Status]Routing 117: Walk: 104
2020-02-08_12:00:11.642[Battery Energy]82.54
2020-02-08_12:00:11.642[Status]Routing Start.
2020-02-08_12:00:11.910[Status]{'id': 9, 'coordinate': [1095.5636488014434, 656.0866899032884]}
2020-02-08_12:00:11.911[Status]Routing 118: Walk: 105
2020-02-08_12:00:12.012[Battery Energy]82.24
2020-02-08_12:00:12.012[Status]Routing Start.
2020-02-08_12:00:12.142[Status]{'id': 9, 'coordinate': [1105.5569548751776, 656.4525228114129]}
2020-02-08_12:00:12.142[Status]Routing 119: Walk: 106
2020-02-08_12:00:12.242[Battery Energy]82.02
2020-02-08_12:00:12.242[Status]Routing Start.
2020-02-08_12:00:12.242[Status]Task Finished.
2020-02-08_12:00:12.346[Battery Energy]82.02
2020-02-08_12:00:12.483[Status]Routing 121: Walk: 106
2020-02-08_12:00:12.586[Battery Energy]81.93
2020-02-08_12:00:12.939[Status]Routing 122: Walk: 106
2020-02-08_12:00:13.040[Battery Energy]81.60
2020-02-08_12:00:13.373[Status]Routing 123: Walk: 106
2020-02-08_12:00:13.474[Battery Energy]81.31
2020-02-08_12:00:13.634[Status]Routing 124: Walk: 106
2020-02-08_12:00:13.736[Battery Energy]81.20
2020-02-08_12:00:14.184[Status]Routing 125: Walk: 106
2020-02-08_12:00:14.284[Battery Energy]80.85
2020-02-08_12:00:14.602[Status]Routing 126: Walk: 106
2020-02-08_12:00:14.702[Battery Energy]80.52
2020-02-08_12:00:14.885[Status]Routing 127: Walk: 106
2020-02-08_12:00:14.985[Battery Energy]80.39
2020-02-08_12:00:15.171[Status]Routing 128: Walk: 106
2020-02-08_12:00:15.282[Battery Energy]80.28
2020-02-08_12:00:15.596[Status]Routing 129: Walk: 106
2020-02-08_12:00:15.701[Battery Energy]80.09
2020-02-08_12:00:16.047[Status]Routing 130: Walk: 106
2020-02-08_12:00:16.150[Battery Energy]79.87
2020-02-08_12:00:16.341[Status]Routing 131: Walk: 106
2020-02-08_12:00:16.442[Battery Energy]79.75
2020-02-08_12:00:16.781[Status]Routing 132: Walk: 106
2020-02-08_12:00:16.889[Battery Energy]79.55
2020-02-08_12:00:17.028[Status]Routing 133: Walk: 106
2020-02-08_12:00:17.129[Battery Energy]79.44
2020-02-08_12:00:17.283[Status]Routing 134: Walk: 106
2020-02-08_12:00:17.383[Battery Energy]79.33
2020-02-08_12:00:17.531[Status]Routing 135: Walk: 106
2020-02-08_12:00:17.631[Battery Energy]79.23
2020-02-08_12:00:17.790[Status]Routing 136: Walk: 106
2020-02-08_12:00:17.891[Battery Energy]79.12
2020-02-08_12:00:18.148[Status]Routing 137: Walk: 106
2020-02-08_12:00:18.258[Battery Energy]78.97
2020-02-08_12:00:18.393[Status]Routing 138: Walk: 106
2020-02-08_12:00:18.500[Battery Energy]78.86
2020-02-08_12:00:18.631[Status]Routing 139: Walk: 106
2020-02-08_12:00:18.733[Battery Energy]78.76
2020-02-08_12:00:18.880[Status]Routing 140: Walk: 106
2020-02-08_12:00:18.980[Battery Energy]78.64
2020-02-08_12:00:19.123[Status]Routing 141: Walk: 106
2020-02-08_12:00:19.226[Battery Energy]78.53
2020-02-08_12:00:19.379[Status]Routing 142: Walk: 106
2020-02-08_12:00:19.480[Battery Energy]78.44
2020-02-08_12:00:19.719[Status]Routing 143: Walk: 106
2020-02-08_12:00:19.834[Battery Energy]78.29
2020-02-08_12:00:19.982[Status]Routing 144: Walk: 106
2020-02-08_12:00:20.085[Battery Energy]78.18
2020-02-08_12:00:20.243[Status]Routing 145: Walk: 106
2020-02-08_12:00:20.343[Battery Energy]78.04
2020-02-08_12:00:20.504[Status]Routing 146: Walk: 106
2020-02-08_12:00:20.614[Battery Energy]77.93
2020-02-08_12:00:20.747[Status]Routing 147: Walk: 106
2020-02-08_12:00:20.861[Battery Energy]77.83
2020-02-08_12:00:21.016[Status]Routing 148: Walk: 106
2020-02-08_12:00:21.133[Battery Energy]77.73
2020-02-08_12:00:21.377[Status]Routing 149: Walk: 106
2020-02-08_12:00:21.477[Battery Energy]77.58
2020-02-08_12:00:21.619[Status]Routing 150: Walk: 106
2020-02-08_12:00:21.726[Battery Energy]77.48
2020-02-08_12:00:21.913[Status]Routing 151: Walk: 106
2020-02-08_12:00:22.022[Battery Energy]77.34
2020-02-08_12:00:22.156[Status]Routing 152: Walk: 106
2020-02-08_12:00:22.266[Battery Energy]77.22
2020-02-08_12:00:22.412[Status]Routing 153: Walk: 106
2020-02-08_12:00:22.513[Battery Energy]77.10
2020-02-08_12:00:22.654[Status]Routing 154: Walk: 106
2020-02-08_12:00:22.766[Battery Energy]77.00
2020-02-08_12:00:22.912[Status]Routing 155: Walk: 106
2020-02-08_12:00:23.022[Battery Energy]76.90
2020-02-08_12:00:23.149[Status]Routing 156: Walk: 106
2020-02-08_12:00:23.250[Battery Energy]76.80
2020-02-08_12:00:23.422[Status]Routing 157: Walk: 106
2020-02-08_12:00:23.530[Battery Energy]76.68
2020-02-08_12:00:23.656[Status]Routing 158: Walk: 106
2020-02-08_12:00:23.758[Battery Energy]76.59
2020-02-08_12:00:23.939[Status]Routing 159: Walk: 106
2020-02-08_12:00:24.040[Battery Energy]76.46
2020-02-08_12:00:24.194[Status]Routing 160: Walk: 106
2020-02-08_12:00:24.310[Battery Energy]76.34
2020-02-08_12:00:24.446[Status]Routing 161: Walk: 106
2020-02-08_12:00:24.550[Battery Energy]76.24
2020-02-08_12:00:24.691[Status]Routing 162: Walk: 106
2020-02-08_12:00:24.802[Battery Energy]76.12
2020-02-08_12:00:24.945[Status]Routing 163: Walk: 106
2020-02-08_12:00:25.045[Battery Energy]76.01
2020-02-08_12:00:25.196[Status]Routing 164: Walk: 106
2020-02-08_12:00:25.314[Battery Energy]75.90
2020-02-08_12:00:25.461[Status]Routing 165: Walk: 106
2020-02-08_12:00:25.561[Battery Energy]75.77
2020-02-08_12:00:25.726[Status]Routing 166: Walk: 106
2020-02-08_12:00:25.830[Battery Energy]75.65
2020-02-08_12:00:26.000[Status]Routing 167: Walk: 106
2020-02-08_12:00:26.106[Battery Energy]75.51
2020-02-08_12:00:26.264[Status]Routing 168: Walk: 106
2020-02-08_12:00:26.374[Battery Energy]75.39
2020-02-08_12:00:26.512[Status]Routing 169: Walk: 106
2020-02-08_12:00:26.618[Battery Energy]75.29
2020-02-08_12:00:26.764[Status]Routing 170: Walk: 106
2020-02-08_12:00:26.874[Battery Energy]75.19
2020-02-08_12:00:27.028[Status]Routing 171: Walk: 106
2020-02-08_12:00:27.134[Battery Energy]75.06
2020-02-08_12:00:27.289[Status]Routing 172: Walk: 106
2020-02-08_12:00:27.400[Battery Energy]74.95
2020-02-08_12:00:27.559[Status]Routing 173: Walk: 106
2020-02-08_12:00:27.660[Battery Energy]74.85
2020-02-08_12:00:27.825[Status]Routing 174: Walk: 106
2020-02-08_12:00:27.937[Battery Energy]74.73
2020-02-08_12:00:28.084[Status]Routing 175: Walk: 106
2020-02-08_12:00:28.190[Battery Energy]74.60
2020-02-08_12:00:28.341[Status]Routing 176: Walk: 106
2020-02-08_12:00:28.450[Battery Energy]74.48
2020-02-08_12:00:28.588[Status]Routing 177: Walk: 106
2020-02-08_12:00:28.688[Battery Energy]74.38
2020-02-08_12:00:28.835[Status]Routing 178: Walk: 106
2020-02-08_12:00:28.935[Battery Energy]74.28
2020-02-08_12:00:29.090[Status]Routing 179: Walk: 106
2020-02-08_12:00:29.202[Battery Energy]74.16
2020-02-08_12:00:29.375[Status]Routing 180: Walk: 106
2020-02-08_12:00:29.475[Battery Energy]74.04
2020-02-08_12:00:29.617[Status]Routing 181: Walk: 106
2020-02-08_12:00:29.735[Battery Energy]73.97
2020-02-08_12:00:29.864[Status]Routing 182: Walk: 106
2020-02-08_12:00:29.966[Battery Energy]73.88
2020-02-08_12:00:30.131[Status]Routing 183: Walk: 106
2020-02-08_12:00:30.231[Battery Energy]73.74
2020-02-08_12:00:30.399[Status]Routing 184: Walk: 106
2020-02-08_12:00:30.501[Battery Energy]73.61
2020-02-08_12:00:30.641[Status]Routing 185: Walk: 106
2020-02-08_12:00:30.741[Battery Energy]73.48
2020-02-08_12:00:30.901[Status]Routing 186: Walk: 106
2020-02-08_12:00:31.001[Battery Energy]73.38
2020-02-08_12:00:31.178[Status]Routing 187: Walk: 106
2020-02-08_12:00:31.280[Battery Energy]73.28
2020-02-08_12:00:31.433[Status]Routing 188: Walk: 106
2020-02-08_12:00:31.533[Battery Energy]73.18
2020-02-08_12:00:31.688[Status]Routing 189: Walk: 106
2020-02-08_12:00:31.789[Battery Energy]73.09
2020-02-08_12:00:32.020[Status]Routing 190: Walk: 106
2020-02-08_12:00:32.120[Battery Energy]72.97
2020-02-08_12:00:32.296[Status]Routing 191: Walk: 106
2020-02-08_12:00:32.410[Battery Energy]72.86
