2020-02-08_11:59:18.706[Status]Start.
2020-02-08_11:59:18.707[Battery Energy]118.00
2020-02-08_11:59:19.808[Battery Energy]117.96
2020-02-08_11:59:20.910[Battery Energy]117.92
2020-02-08_11:59:22.011[Battery Energy]117.88
2020-02-08_11:59:23.112[Battery Energy]117.84
2020-02-08_11:59:24.214[Task]A New Task Released.
2020-02-08_11:59:24.214[Battery Energy]117.80
2020-02-08_11:59:24.214[Status]Selection Start.
2020-02-08_11:59:28.654[Status]Selection End: Do Task 0.
2020-02-08_11:59:28.762[Battery Energy]114.60
2020-02-08_11:59:28.762[Status]Formation Start.
2020-02-08_11:59:28.927[Status]number of tasks is 7
2020-02-08_11:59:28.942[Status]my group tasks is [ 525.  475.]
2020-02-08_11:59:28.949[Status]my group tasks is [ 449.69796037  631.36629649]
2020-02-08_11:59:28.954[Status]my group tasks is [ 280.49581321  669.98558244]
2020-02-08_11:59:28.957[Status]my group tasks is [ 144.80622642  561.77674782]
2020-02-08_11:59:28.965[Status]my group tasks is [ 144.80622642  388.22325218]
2020-02-08_11:59:28.968[Status]my group tasks is [ 280.49581321  280.01441756]
2020-02-08_11:59:28.971[Status]my group tasks is [ 449.69796037  318.63370351]
2020-02-08_11:59:29.009[Status]mygroup_robots_utility is {1: [32.34270563257427, 33.015447405333305, 36.41183291399482, 37.76677699745089, 43.21931157034518, 44.911432074896304, 31.224083421741376], 2: [33.578883331079304, 34.777275466672336, 35.08180709733934, 38.70376869291566, 39.3166064929303, 90.62852086462907, 46.21056593511067], 3: [36.241101572692, 86.32551689736214, 31.79644913093721, 36.28951599327828, 43.10702925605191, 30.335610740626677, 31.82063023331188], 4: [32.75811286405169, 33.75912853365558, 39.90052519340955, 60.242023534647004, 76.66656014195594, 30.451029072349435, 44.482232719450714], 5: [65.23329504061428, 34.24748648342535, 39.42575616318219, 72.27005166467508, 42.527489452626114, 93.58940092670363, 31.995810039765892], 6: [67.66432306200323, 37.563839888011174, 26.87879849395251, 27.766668004073203, 28.93479770700928, 78.9564904347584, 31.587917910348555], 7: [32.819154274475785, 32.13595375241445, 36.38948017615555, 46.830533103974645, 68.62547615919549, 42.82618475323189, 78.81070420220388]}
2020-02-08_11:59:29.009[Status]self.local_queue is [1, 2, 3, 5, 4, 6, 7]
2020-02-08_11:59:29.009[Status]task_chosen index is 5
2020-02-08_11:59:29.009[Status]task_chosen index is 6
2020-02-08_11:59:29.010[Status]task_chosen index is 1
2020-02-08_11:59:29.010[Status]task_chosen index is 3
2020-02-08_11:59:29.010[Status]myindex_in_queue is 3
2020-02-08_11:59:29.010[Status]task destination is [144.80622641951618, 561.7767478235116]
2020-02-08_11:59:29.110[Battery Energy]114.42
2020-02-08_11:59:29.110[Status]Routing Start.
2020-02-08_11:59:29.283[Status]{'coordinate': [125.83358243180537, 334.96519645212203], 'id': 5}
2020-02-08_11:59:29.283[Status]Routing 1: Walk: 1
2020-02-08_11:59:29.383[Battery Energy]114.19
2020-02-08_11:59:29.383[Status]Routing Start.
2020-02-08_11:59:29.536[Status]{'coordinate': [126.66716486361074, 344.93039290424406], 'id': 5}
2020-02-08_11:59:29.536[Status]Routing 2: Walk: 2
2020-02-08_11:59:29.641[Battery Energy]113.98
2020-02-08_11:59:29.641[Status]Routing Start.
2020-02-08_11:59:29.800[Status]{'coordinate': [127.5007472954161, 354.8955893563661], 'id': 5}
2020-02-08_11:59:29.800[Status]Routing 3: Walk: 3
2020-02-08_11:59:29.900[Battery Energy]113.76
2020-02-08_11:59:29.900[Status]Routing Start.
2020-02-08_11:59:30.073[Status]{'coordinate': [128.33432972722147, 364.8607858084881], 'id': 5}
2020-02-08_11:59:30.073[Status]Routing 4: Walk: 4
2020-02-08_11:59:30.181[Battery Energy]113.52
2020-02-08_11:59:30.181[Status]Routing Start.
2020-02-08_11:59:30.334[Status]{'coordinate': [129.16791215902683, 374.82598226061015], 'id': 5}
2020-02-08_11:59:30.334[Status]Routing 5: Walk: 5
2020-02-08_11:59:30.454[Battery Energy]113.30
2020-02-08_11:59:30.454[Status]Routing Start.
2020-02-08_11:59:30.830[Status]Routing 6: Walk: 5
2020-02-08_11:59:30.931[Battery Energy]112.98
2020-02-08_11:59:30.931[Status]Routing Start.
2020-02-08_11:59:31.296[Status]Routing 7: Walk: 5
2020-02-08_11:59:31.396[Battery Energy]112.65
2020-02-08_11:59:31.396[Status]Routing Start.
2020-02-08_11:59:31.703[Status]Routing 8: Walk: 5
2020-02-08_11:59:31.803[Battery Energy]112.32
2020-02-08_11:59:31.803[Status]Routing Start.
2020-02-08_11:59:32.131[Status]Routing 9: Walk: 5
2020-02-08_11:59:32.231[Battery Energy]112.01
2020-02-08_11:59:32.231[Status]Routing Start.
2020-02-08_11:59:32.511[Status]Routing 10: Walk: 5
2020-02-08_11:59:32.611[Battery Energy]111.76
2020-02-08_11:59:32.612[Status]Routing Start.
2020-02-08_11:59:32.946[Status]Routing 11: Walk: 5
2020-02-08_11:59:33.046[Battery Energy]111.42
2020-02-08_11:59:33.047[Status]Routing Start.
2020-02-08_11:59:33.367[Status]Routing 12: Walk: 5
2020-02-08_11:59:33.467[Battery Energy]111.10
2020-02-08_11:59:33.467[Status]Routing Start.
2020-02-08_11:59:33.749[Status]Routing 13: Walk: 5
2020-02-08_11:59:33.849[Battery Energy]110.83
2020-02-08_11:59:33.849[Status]Routing Start.
2020-02-08_11:59:34.210[Status]Routing 14: Walk: 5
2020-02-08_11:59:34.310[Battery Energy]110.51
2020-02-08_11:59:34.310[Status]Routing Start.
2020-02-08_11:59:34.620[Status]Routing 15: Walk: 5
2020-02-08_11:59:34.725[Battery Energy]110.23
2020-02-08_11:59:34.725[Status]Routing Start.
2020-02-08_11:59:35.082[Status]Routing 16: Walk: 5
2020-02-08_11:59:35.184[Battery Energy]109.88
2020-02-08_11:59:35.184[Status]Routing Start.
2020-02-08_11:59:35.501[Status]Routing 17: Walk: 5
2020-02-08_11:59:35.609[Battery Energy]109.60
2020-02-08_11:59:35.609[Status]Routing Start.
2020-02-08_11:59:35.747[Status]{'coordinate': [130.00149459083218, 384.7911787127322], 'id': 5}
2020-02-08_11:59:35.756[Status]Routing 18: Walk: 6
2020-02-08_11:59:35.862[Battery Energy]109.39
2020-02-08_11:59:35.862[Status]Routing Start.
2020-02-08_11:59:36.290[Status]Routing 19: Walk: 6
2020-02-08_11:59:36.394[Battery Energy]109.04
2020-02-08_11:59:36.394[Status]Routing Start.
2020-02-08_11:59:36.556[Status]{'coordinate': [130.83507702263753, 394.7563751648542], 'id': 5}
2020-02-08_11:59:36.558[Status]Routing 20: Walk: 7
2020-02-08_11:59:36.658[Battery Energy]108.82
2020-02-08_11:59:36.658[Status]Routing Start.
2020-02-08_11:59:37.160[Status]Routing 21: Walk: 7
2020-02-08_11:59:37.260[Battery Energy]108.44
2020-02-08_11:59:37.261[Status]Routing Start.
2020-02-08_11:59:37.555[Status]Routing 22: Walk: 7
2020-02-08_11:59:37.655[Battery Energy]108.18
2020-02-08_11:59:37.655[Status]Routing Start.
2020-02-08_11:59:37.956[Status]Routing 23: Walk: 7
2020-02-08_11:59:38.057[Battery Energy]107.85
2020-02-08_11:59:38.057[Status]Routing Start.
2020-02-08_11:59:38.370[Status]Routing 24: Walk: 7
2020-02-08_11:59:38.470[Battery Energy]107.55
2020-02-08_11:59:38.470[Status]Routing Start.
2020-02-08_11:59:38.834[Status]Routing 25: Walk: 7
2020-02-08_11:59:38.934[Battery Energy]107.24
2020-02-08_11:59:38.935[Status]Routing Start.
2020-02-08_11:59:39.204[Status]Routing 26: Walk: 7
2020-02-08_11:59:39.304[Battery Energy]106.96
2020-02-08_11:59:39.304[Status]Routing Start.
2020-02-08_11:59:39.506[Status]{'coordinate': [131.6686594544429, 404.72157161697623], 'id': 5}
2020-02-08_11:59:39.509[Status]Routing 27: Walk: 8
2020-02-08_11:59:39.614[Battery Energy]106.75
2020-02-08_11:59:39.614[Status]Routing Start.
2020-02-08_11:59:40.173[Status]Routing 28: Walk: 8
2020-02-08_11:59:40.273[Battery Energy]106.28
2020-02-08_11:59:40.273[Status]Routing Start.
2020-02-08_11:59:40.613[Status]Routing 29: Walk: 8
2020-02-08_11:59:40.718[Battery Energy]105.95
2020-02-08_11:59:40.718[Status]Routing Start.
2020-02-08_11:59:41.051[Status]Routing 30: Walk: 8
2020-02-08_11:59:41.152[Battery Energy]105.64
2020-02-08_11:59:41.152[Status]Routing Start.
2020-02-08_11:59:41.295[Status]{'coordinate': [132.50224188624824, 414.68676806909826], 'id': 5}
2020-02-08_11:59:41.295[Status]Routing 31: Walk: 9
2020-02-08_11:59:41.409[Battery Energy]105.43
2020-02-08_11:59:41.409[Status]Routing Start.
2020-02-08_11:59:41.886[Status]Routing 32: Walk: 9
2020-02-08_11:59:41.986[Battery Energy]105.03
2020-02-08_11:59:41.986[Status]Routing Start.
2020-02-08_11:59:42.278[Status]Routing 33: Walk: 9
2020-02-08_11:59:42.381[Battery Energy]104.77
2020-02-08_11:59:42.381[Status]Routing Start.
2020-02-08_11:59:42.697[Status]Routing 34: Walk: 9
2020-02-08_11:59:42.798[Battery Energy]104.45
2020-02-08_11:59:42.798[Status]Routing Start.
2020-02-08_11:59:43.124[Status]Routing 35: Walk: 9
2020-02-08_11:59:43.226[Battery Energy]104.14
2020-02-08_11:59:43.226[Status]Routing Start.
2020-02-08_11:59:43.614[Status]Routing 36: Walk: 9
2020-02-08_11:59:43.716[Battery Energy]103.80
2020-02-08_11:59:43.716[Status]Routing Start.
2020-02-08_11:59:43.983[Status]{'coordinate': [133.3358243180536, 424.6519645212203], 'id': 5}
2020-02-08_11:59:43.985[Status]Routing 37: Walk: 10
2020-02-08_11:59:44.090[Battery Energy]103.48
2020-02-08_11:59:44.090[Status]Routing Start.
2020-02-08_11:59:44.259[Status]{'coordinate': [134.16940674985895, 434.6171609733423], 'id': 5}
2020-02-08_11:59:44.259[Status]Routing 38: Walk: 11
2020-02-08_11:59:44.362[Battery Energy]103.28
2020-02-08_11:59:44.362[Status]Routing Start.
2020-02-08_11:59:44.510[Status]{'coordinate': [135.0029891816643, 444.58235742546435], 'id': 5}
2020-02-08_11:59:44.511[Status]Routing 39: Walk: 12
2020-02-08_11:59:44.611[Battery Energy]103.09
2020-02-08_11:59:44.611[Status]Routing Start.
2020-02-08_11:59:44.770[Status]{'coordinate': [135.8365716134697, 454.5475538775864], 'id': 5}
2020-02-08_11:59:44.771[Status]Routing 40: Walk: 13
2020-02-08_11:59:44.874[Battery Energy]102.88
2020-02-08_11:59:44.874[Status]Routing Start.
2020-02-08_11:59:45.020[Status]{'coordinate': [136.67015404527504, 464.5127503297084], 'id': 5}
2020-02-08_11:59:45.020[Status]Routing 41: Walk: 14
2020-02-08_11:59:45.129[Battery Energy]102.69
2020-02-08_11:59:45.129[Status]Routing Start.
2020-02-08_11:59:45.433[Status]{'coordinate': [137.50373647708042, 474.47794678183044], 'id': 5}
2020-02-08_11:59:45.436[Status]Routing 42: Walk: 15
2020-02-08_11:59:45.542[Battery Energy]102.38
2020-02-08_11:59:45.542[Status]Routing Start.
2020-02-08_11:59:45.695[Status]{'coordinate': [138.33731890888578, 484.44314323395247], 'id': 5}
2020-02-08_11:59:45.695[Status]Routing 43: Walk: 16
2020-02-08_11:59:45.798[Battery Energy]102.19
2020-02-08_11:59:45.798[Status]Routing Start.
2020-02-08_11:59:46.087[Status]{'coordinate': [139.17090134069116, 494.4083396860745], 'id': 5}
2020-02-08_11:59:46.087[Status]Routing 44: Walk: 17
2020-02-08_11:59:46.188[Battery Energy]101.88
2020-02-08_11:59:46.188[Status]Routing Start.
2020-02-08_11:59:46.334[Status]{'coordinate': [140.0044837724965, 504.3735361381965], 'id': 5}
2020-02-08_11:59:46.334[Status]Routing 45: Walk: 18
2020-02-08_11:59:46.434[Battery Energy]101.68
2020-02-08_11:59:46.434[Status]Routing Start.
2020-02-08_11:59:46.757[Status]{'coordinate': [140.8380662043019, 514.3387325903185], 'id': 5}
2020-02-08_11:59:46.757[Status]Routing 46: Walk: 19
2020-02-08_11:59:46.862[Battery Energy]101.36
2020-02-08_11:59:46.862[Status]Routing Start.
2020-02-08_11:59:47.205[Status]{'coordinate': [141.67164863610725, 524.3039290424405], 'id': 5}
2020-02-08_11:59:47.205[Status]Routing 47: Walk: 20
2020-02-08_11:59:47.305[Battery Energy]101.02
2020-02-08_11:59:47.305[Status]Routing Start.
2020-02-08_11:59:47.616[Status]{'coordinate': [142.50523106791263, 534.2691254945624], 'id': 5}
2020-02-08_11:59:47.616[Status]Routing 48: Walk: 21
2020-02-08_11:59:47.720[Battery Energy]100.68
2020-02-08_11:59:47.720[Status]Routing Start.
2020-02-08_11:59:48.036[Status]{'coordinate': [143.338813499718, 544.2343219466845], 'id': 5}
2020-02-08_11:59:48.036[Status]Routing 49: Walk: 22
2020-02-08_11:59:48.142[Battery Energy]100.35
2020-02-08_11:59:48.142[Status]Routing Start.
2020-02-08_11:59:48.293[Status]{'coordinate': [144.17239593152337, 554.1995183988065], 'id': 5}
2020-02-08_11:59:48.293[Status]Routing 50: Walk: 23
2020-02-08_11:59:48.393[Battery Energy]100.12
2020-02-08_11:59:48.393[Status]Routing Start.
2020-02-08_11:59:48.393[Status]Task Finished.
2020-02-08_11:59:48.493[Battery Energy]100.12
2020-02-08_11:59:48.771[Status]Routing 52: Walk: 23
2020-02-08_11:59:48.871[Battery Energy]99.95
2020-02-08_11:59:49.131[Status]Routing 53: Walk: 23
2020-02-08_11:59:49.246[Battery Energy]99.76
2020-02-08_11:59:49.550[Status]Routing 54: Walk: 23
2020-02-08_11:59:49.650[Battery Energy]99.55
2020-02-08_11:59:49.953[Status]Routing 55: Walk: 23
2020-02-08_11:59:50.053[Battery Energy]99.38
2020-02-08_11:59:50.209[Status]Routing 56: Walk: 23
2020-02-08_11:59:50.309[Battery Energy]99.27
2020-02-08_11:59:50.689[Status]Routing 57: Walk: 23
2020-02-08_11:59:50.789[Battery Energy]99.04
2020-02-08_11:59:50.924[Status]Routing 58: Walk: 23
2020-02-08_11:59:51.028[Battery Energy]98.94
2020-02-08_11:59:51.301[Status]Routing 59: Walk: 23
2020-02-08_11:59:51.410[Battery Energy]98.76
2020-02-08_11:59:51.597[Status]Routing 60: Walk: 23
2020-02-08_11:59:51.698[Battery Energy]98.62
2020-02-08_11:59:52.002[Status]Routing 61: Walk: 23
2020-02-08_11:59:52.106[Battery Energy]98.42
2020-02-08_11:59:52.246[Status]Routing 62: Walk: 23
2020-02-08_11:59:52.350[Battery Energy]98.30
2020-02-08_11:59:52.633[Status]Routing 63: Walk: 23
2020-02-08_11:59:52.746[Battery Energy]98.07
2020-02-08_11:59:52.878[Status]Routing 64: Walk: 23
2020-02-08_11:59:52.978[Battery Energy]97.94
2020-02-08_11:59:53.317[Status]Routing 65: Walk: 23
2020-02-08_11:59:53.426[Battery Energy]97.72
2020-02-08_11:59:53.716[Status]Routing 66: Walk: 23
2020-02-08_11:59:53.820[Battery Energy]97.52
2020-02-08_11:59:54.149[Status]Routing 67: Walk: 23
2020-02-08_11:59:54.254[Battery Energy]97.31
2020-02-08_11:59:54.587[Status]Routing 68: Walk: 23
2020-02-08_11:59:54.696[Battery Energy]97.05
2020-02-08_11:59:55.005[Status]Routing 69: Walk: 23
2020-02-08_11:59:55.110[Battery Energy]96.87
2020-02-08_11:59:55.377[Status]Routing 70: Walk: 23
2020-02-08_11:59:55.485[Battery Energy]96.70
2020-02-08_11:59:55.813[Status]Routing 71: Walk: 23
2020-02-08_11:59:55.913[Battery Energy]96.51
2020-02-08_11:59:56.063[Status]Routing 72: Walk: 23
2020-02-08_11:59:56.174[Battery Energy]96.39
2020-02-08_11:59:56.320[Status]Routing 73: Walk: 23
2020-02-08_11:59:56.422[Battery Energy]96.27
2020-02-08_11:59:56.583[Status]Routing 74: Walk: 23
2020-02-08_11:59:56.686[Battery Energy]96.14
2020-02-08_11:59:56.807[Status]Routing 75: Walk: 23
2020-02-08_11:59:56.914[Battery Energy]96.04
2020-02-08_11:59:57.042[Status]Routing 76: Walk: 23
2020-02-08_11:59:57.149[Battery Energy]95.93
2020-02-08_11:59:57.322[Status]Routing 77: Walk: 23
2020-02-08_11:59:57.436[Battery Energy]95.79
2020-02-08_11:59:57.570[Status]Routing 78: Walk: 23
2020-02-08_11:59:57.671[Battery Energy]95.70
2020-02-08_11:59:57.829[Status]Routing 79: Walk: 23
2020-02-08_11:59:57.934[Battery Energy]95.58
2020-02-08_11:59:58.086[Status]Routing 80: Walk: 23
2020-02-08_11:59:58.194[Battery Energy]95.45
2020-02-08_11:59:58.347[Status]Routing 81: Walk: 23
2020-02-08_11:59:58.457[Battery Energy]95.33
2020-02-08_11:59:58.612[Status]Routing 82: Walk: 23
2020-02-08_11:59:58.718[Battery Energy]95.22
2020-02-08_11:59:58.865[Status]Routing 83: Walk: 23
2020-02-08_11:59:58.967[Battery Energy]95.10
2020-02-08_11:59:59.094[Status]Routing 84: Walk: 23
2020-02-08_11:59:59.194[Battery Energy]95.00
2020-02-08_11:59:59.508[Status]Routing 85: Walk: 23
2020-02-08_11:59:59.618[Battery Energy]94.79
2020-02-08_11:59:59.910[Status]Routing 86: Walk: 23
2020-02-08_12:00:00.018[Battery Energy]94.57
2020-02-08_12:00:00.161[Status]Routing 87: Walk: 23
2020-02-08_12:00:00.278[Battery Energy]94.47
2020-02-08_12:00:00.432[Status]Routing 88: Walk: 23
2020-02-08_12:00:00.532[Battery Energy]94.37
2020-02-08_12:00:00.832[Status]Routing 89: Walk: 23
2020-02-08_12:00:00.934[Battery Energy]94.18
2020-02-08_12:00:01.194[Status]Routing 90: Walk: 23
2020-02-08_12:00:01.303[Battery Energy]94.03
2020-02-08_12:00:01.593[Status]Routing 91: Walk: 23
2020-02-08_12:00:01.697[Battery Energy]93.83
2020-02-08_12:00:02.012[Status]Routing 92: Walk: 23
2020-02-08_12:00:02.118[Battery Energy]93.61
2020-02-08_12:00:02.462[Status]Routing 93: Walk: 23
2020-02-08_12:00:02.582[Battery Energy]93.40
2020-02-08_12:00:02.739[Status]Routing 94: Walk: 23
2020-02-08_12:00:02.846[Battery Energy]93.28
2020-02-08_12:00:02.999[Status]Routing 95: Walk: 23
2020-02-08_12:00:03.100[Battery Energy]93.15
2020-02-08_12:00:03.268[Status]Routing 96: Walk: 23
2020-02-08_12:00:03.374[Battery Energy]93.03
2020-02-08_12:00:03.519[Status]Routing 97: Walk: 23
2020-02-08_12:00:03.620[Battery Energy]92.93
2020-02-08_12:00:03.775[Status]Routing 98: Walk: 23
2020-02-08_12:00:03.879[Battery Energy]92.82
2020-02-08_12:00:04.119[Status]Routing 99: Walk: 23
2020-02-08_12:00:04.219[Battery Energy]92.64
2020-02-08_12:00:04.506[Status]Routing 100: Walk: 23
2020-02-08_12:00:04.610[Battery Energy]92.44
2020-02-08_12:00:04.949[Status]Routing 101: Walk: 23
2020-02-08_12:00:05.052[Battery Energy]92.20
2020-02-08_12:00:05.372[Status]Routing 102: Walk: 23
2020-02-08_12:00:05.482[Battery Energy]91.98
2020-02-08_12:00:05.799[Status]Routing 103: Walk: 23
2020-02-08_12:00:05.902[Battery Energy]91.76
2020-02-08_12:00:06.188[Status]Routing 104: Walk: 23
2020-02-08_12:00:06.289[Battery Energy]91.55
2020-02-08_12:00:06.627[Status]Routing 105: Walk: 23
2020-02-08_12:00:06.734[Battery Energy]91.27
2020-02-08_12:00:06.910[Status]Routing 106: Walk: 23
2020-02-08_12:00:07.013[Battery Energy]91.13
2020-02-08_12:00:07.338[Status]Routing 107: Walk: 23
2020-02-08_12:00:07.438[Battery Energy]90.94
2020-02-08_12:00:07.771[Status]Routing 108: Walk: 23
2020-02-08_12:00:07.872[Battery Energy]90.74
2020-02-08_12:00:08.170[Status]Routing 109: Walk: 23
2020-02-08_12:00:08.274[Battery Energy]90.50
2020-02-08_12:00:08.470[Status]Routing 110: Walk: 23
2020-02-08_12:00:08.578[Battery Energy]90.37
2020-02-08_12:00:08.902[Status]Routing 111: Walk: 23
2020-02-08_12:00:09.006[Battery Energy]90.17
2020-02-08_12:00:09.348[Status]Routing 112: Walk: 23
2020-02-08_12:00:09.456[Battery Energy]89.98
2020-02-08_12:00:09.702[Status]Routing 113: Walk: 23
2020-02-08_12:00:09.802[Battery Energy]89.79
2020-02-08_12:00:10.047[Status]Routing 114: Walk: 23
2020-02-08_12:00:10.150[Battery Energy]89.60
2020-02-08_12:00:10.324[Status]Routing 115: Walk: 23
2020-02-08_12:00:10.427[Battery Energy]89.49
2020-02-08_12:00:10.730[Status]Routing 116: Walk: 23
2020-02-08_12:00:10.830[Battery Energy]89.29
2020-02-08_12:00:11.146[Status]Routing 117: Walk: 23
2020-02-08_12:00:11.252[Battery Energy]89.12
2020-02-08_12:00:11.538[Status]Routing 118: Walk: 23
2020-02-08_12:00:11.646[Battery Energy]88.94
2020-02-08_12:00:11.906[Status]Routing 119: Walk: 23
2020-02-08_12:00:12.008[Battery Energy]88.77
2020-02-08_12:00:12.138[Status]Routing 120: Walk: 23
2020-02-08_12:00:12.242[Battery Energy]88.68
2020-02-08_12:00:12.488[Status]Routing 121: Walk: 23
2020-02-08_12:00:12.598[Battery Energy]88.51
2020-02-08_12:00:12.742[Status]Routing 122: Walk: 23
2020-02-08_12:00:12.844[Battery Energy]88.42
2020-02-08_12:00:13.202[Status]Routing 123: Walk: 23
2020-02-08_12:00:13.314[Battery Energy]88.23
2020-02-08_12:00:13.629[Status]Routing 124: Walk: 23
2020-02-08_12:00:13.732[Battery Energy]88.01
2020-02-08_12:00:13.964[Status]Routing 125: Walk: 23
2020-02-08_12:00:14.064[Battery Energy]87.82
2020-02-08_12:00:14.438[Status]Routing 126: Walk: 23
2020-02-08_12:00:14.542[Battery Energy]87.56
2020-02-08_12:00:14.876[Status]Routing 127: Walk: 23
2020-02-08_12:00:14.982[Battery Energy]87.35
2020-02-08_12:00:15.168[Status]Routing 128: Walk: 23
2020-02-08_12:00:15.282[Battery Energy]87.25
2020-02-08_12:00:15.599[Status]Routing 129: Walk: 23
2020-02-08_12:00:15.702[Battery Energy]87.05
2020-02-08_12:00:16.036[Status]Routing 130: Walk: 23
2020-02-08_12:00:16.136[Battery Energy]86.80
2020-02-08_12:00:16.337[Status]Routing 131: Walk: 23
2020-02-08_12:00:16.442[Battery Energy]86.67
2020-02-08_12:00:16.780[Status]Routing 132: Walk: 23
2020-02-08_12:00:16.880[Battery Energy]86.46
2020-02-08_12:00:17.038[Status]Routing 133: Walk: 23
2020-02-08_12:00:17.154[Battery Energy]86.33
2020-02-08_12:00:17.283[Status]Routing 134: Walk: 23
2020-02-08_12:00:17.394[Battery Energy]86.24
2020-02-08_12:00:17.526[Status]Routing 135: Walk: 23
2020-02-08_12:00:17.627[Battery Energy]86.13
2020-02-08_12:00:17.788[Status]Routing 136: Walk: 23
2020-02-08_12:00:17.898[Battery Energy]86.03
2020-02-08_12:00:18.146[Status]Routing 137: Walk: 23
2020-02-08_12:00:18.255[Battery Energy]85.89
2020-02-08_12:00:18.394[Status]Routing 138: Walk: 23
2020-02-08_12:00:18.506[Battery Energy]85.78
2020-02-08_12:00:18.633[Status]Routing 139: Walk: 23
2020-02-08_12:00:18.742[Battery Energy]85.67
2020-02-08_12:00:18.880[Status]Routing 140: Walk: 23
2020-02-08_12:00:18.986[Battery Energy]85.56
2020-02-08_12:00:19.120[Status]Routing 141: Walk: 23
2020-02-08_12:00:19.222[Battery Energy]85.45
2020-02-08_12:00:19.383[Status]Routing 142: Walk: 23
2020-02-08_12:00:19.484[Battery Energy]85.34
2020-02-08_12:00:19.718[Status]Routing 143: Walk: 23
2020-02-08_12:00:19.838[Battery Energy]85.19
2020-02-08_12:00:19.972[Status]Routing 144: Walk: 23
2020-02-08_12:00:20.073[Battery Energy]85.08
2020-02-08_12:00:20.239[Status]Routing 145: Walk: 23
2020-02-08_12:00:20.339[Battery Energy]84.95
2020-02-08_12:00:20.503[Status]Routing 146: Walk: 23
2020-02-08_12:00:20.610[Battery Energy]84.83
2020-02-08_12:00:20.746[Status]Routing 147: Walk: 23
2020-02-08_12:00:20.854[Battery Energy]84.73
2020-02-08_12:00:21.037[Status]Routing 148: Walk: 23
2020-02-08_12:00:21.138[Battery Energy]84.58
2020-02-08_12:00:21.370[Status]Routing 149: Walk: 23
2020-02-08_12:00:21.486[Battery Energy]84.43
2020-02-08_12:00:21.632[Status]Routing 150: Walk: 23
2020-02-08_12:00:21.732[Battery Energy]84.34
2020-02-08_12:00:21.910[Status]Routing 151: Walk: 23
2020-02-08_12:00:22.011[Battery Energy]84.21
2020-02-08_12:00:22.157[Status]Routing 152: Walk: 23
2020-02-08_12:00:22.270[Battery Energy]84.10
2020-02-08_12:00:22.404[Status]Routing 153: Walk: 23
2020-02-08_12:00:22.510[Battery Energy]84.00
2020-02-08_12:00:22.654[Status]Routing 154: Walk: 23
2020-02-08_12:00:22.766[Battery Energy]83.89
2020-02-08_12:00:22.909[Status]Routing 155: Walk: 23
2020-02-08_12:00:23.013[Battery Energy]83.79
2020-02-08_12:00:23.147[Status]Routing 156: Walk: 23
2020-02-08_12:00:23.251[Battery Energy]83.68
2020-02-08_12:00:23.415[Status]Routing 157: Walk: 23
2020-02-08_12:00:23.518[Battery Energy]83.60
2020-02-08_12:00:23.659[Status]Routing 158: Walk: 23
2020-02-08_12:00:23.762[Battery Energy]83.50
2020-02-08_12:00:23.952[Status]Routing 159: Walk: 23
2020-02-08_12:00:24.053[Battery Energy]83.36
2020-02-08_12:00:24.190[Status]Routing 160: Walk: 23
2020-02-08_12:00:24.306[Battery Energy]83.24
2020-02-08_12:00:24.450[Status]Routing 161: Walk: 23
2020-02-08_12:00:24.566[Battery Energy]83.14
2020-02-08_12:00:24.685[Status]Routing 162: Walk: 23
2020-02-08_12:00:24.785[Battery Energy]83.05
2020-02-08_12:00:24.942[Status]Routing 163: Walk: 23
2020-02-08_12:00:25.042[Battery Energy]82.93
2020-02-08_12:00:25.197[Status]Routing 164: Walk: 23
2020-02-08_12:00:25.310[Battery Energy]82.81
2020-02-08_12:00:25.456[Status]Routing 165: Walk: 23
2020-02-08_12:00:25.562[Battery Energy]82.70
2020-02-08_12:00:25.720[Status]Routing 166: Walk: 23
2020-02-08_12:00:25.822[Battery Energy]82.59
2020-02-08_12:00:25.999[Status]Routing 167: Walk: 23
2020-02-08_12:00:26.100[Battery Energy]82.46
2020-02-08_12:00:26.265[Status]Routing 168: Walk: 23
2020-02-08_12:00:26.370[Battery Energy]82.32
2020-02-08_12:00:26.511[Status]Routing 169: Walk: 23
2020-02-08_12:00:26.614[Battery Energy]82.19
2020-02-08_12:00:26.770[Status]Routing 170: Walk: 23
2020-02-08_12:00:26.878[Battery Energy]82.06
2020-02-08_12:00:27.028[Status]Routing 171: Walk: 23
2020-02-08_12:00:27.146[Battery Energy]81.96
2020-02-08_12:00:27.274[Status]Routing 172: Walk: 23
2020-02-08_12:00:27.398[Battery Energy]81.85
2020-02-08_12:00:27.558[Status]Routing 173: Walk: 23
2020-02-08_12:00:27.666[Battery Energy]81.77
2020-02-08_12:00:27.821[Status]Routing 174: Walk: 23
2020-02-08_12:00:27.922[Battery Energy]81.66
2020-02-08_12:00:28.094[Status]Routing 175: Walk: 23
2020-02-08_12:00:28.210[Battery Energy]81.53
2020-02-08_12:00:28.340[Status]Routing 176: Walk: 23
2020-02-08_12:00:28.441[Battery Energy]81.44
2020-02-08_12:00:28.591[Status]Routing 177: Walk: 23
2020-02-08_12:00:28.697[Battery Energy]81.34
2020-02-08_12:00:28.829[Status]Routing 178: Walk: 23
2020-02-08_12:00:28.929[Battery Energy]81.25
2020-02-08_12:00:29.089[Status]Routing 179: Walk: 23
2020-02-08_12:00:29.198[Battery Energy]81.14
2020-02-08_12:00:29.366[Status]Routing 180: Walk: 23
2020-02-08_12:00:29.478[Battery Energy]80.98
2020-02-08_12:00:29.616[Status]Routing 181: Walk: 23
2020-02-08_12:00:29.717[Battery Energy]80.88
2020-02-08_12:00:29.857[Status]Routing 182: Walk: 23
2020-02-08_12:00:29.966[Battery Energy]80.78
2020-02-08_12:00:30.138[Status]Routing 183: Walk: 23
2020-02-08_12:00:30.246[Battery Energy]80.65
2020-02-08_12:00:30.399[Status]Routing 184: Walk: 23
2020-02-08_12:00:30.502[Battery Energy]80.55
2020-02-08_12:00:30.654[Status]Routing 185: Walk: 23
2020-02-08_12:00:30.758[Battery Energy]80.46
2020-02-08_12:00:30.906[Status]Routing 186: Walk: 23
2020-02-08_12:00:31.010[Battery Energy]80.36
2020-02-08_12:00:31.181[Status]Routing 187: Walk: 23
2020-02-08_12:00:31.290[Battery Energy]80.24
2020-02-08_12:00:31.442[Status]Routing 188: Walk: 23
2020-02-08_12:00:31.553[Battery Energy]80.16
2020-02-08_12:00:31.689[Status]Routing 189: Walk: 23
2020-02-08_12:00:31.791[Battery Energy]80.05
2020-02-08_12:00:32.025[Status]Routing 190: Walk: 23
2020-02-08_12:00:32.125[Battery Energy]79.89
2020-02-08_12:00:32.306[Status]Routing 191: Walk: 23
2020-02-08_12:00:32.412[Battery Energy]79.75
