2020-02-08_11:51:48.233[Status]Start.
2020-02-08_11:51:48.234[Battery Energy]105.00
2020-02-08_11:51:49.336[Battery Energy]104.96
2020-02-08_11:51:50.437[Battery Energy]104.92
2020-02-08_11:51:51.539[Battery Energy]104.88
2020-02-08_11:51:52.641[Battery Energy]104.84
2020-02-08_11:51:53.742[Task]A New Task Released.
2020-02-08_11:51:53.742[Battery Energy]104.80
2020-02-08_11:51:53.742[Status]Selection Start.
2020-02-08_11:51:57.145[Status]Selection End: Do Task 1.
2020-02-08_11:51:57.254[Battery Energy]102.73
2020-02-08_11:51:57.254[Status]Formation Start.
2020-02-08_11:51:57.434[Status]number of tasks is 7
2020-02-08_11:51:57.442[Status]my group tasks is [ 1300.   700.]
2020-02-08_11:51:57.449[Status]my group tasks is [ 1262.34898019   778.18314825]
2020-02-08_11:51:57.449[Status]my group tasks is [ 1177.7479066    797.49279122]
2020-02-08_11:51:57.459[Status]my group tasks is [ 1109.90311321   743.38837391]
2020-02-08_11:51:57.460[Status]my group tasks is [ 1109.90311321   656.61162609]
2020-02-08_11:51:57.474[Status]my group tasks is [ 1177.7479066    602.50720878]
2020-02-08_11:51:57.480[Status]my group tasks is [ 1262.34898019   621.81685175]
2020-02-08_11:51:57.525[Status]mygroup_robots_utility is {8: [16.18075024434686, 17.392358891111186, 14.945534172708678, 16.24531190920084, 17.42529172297273, 28.816772139180515, 14.901145179572703], 9: [16.276659886287614, 17.08316935060274, 14.938583854154968, 17.325247641934368, 28.536368362727643, 14.610771544897409, 15.80090784165605], 10: [32.036697672509504, 17.397679064061087, 14.70214783030748, 16.93829675756464, 17.86436765896997, 14.895117304164096, 15.530646689327297], 11: [16.44573154923073, 33.73287014711585, 15.980392833535353, 29.305192775711053, 13.879734910899913, 14.076493862751056, 15.148684071289512], 12: [16.290457279186807, 17.36140439487632, 34.88879409320084, 14.4063713471728, 32.25545390395476, 14.864937845518794, 14.976840738220359], 13: [16.668993279105063, 16.542073011857532, 34.579103365457, 14.261968418308731, 15.17381338630586, 14.315305564966629, 15.308593595243655], 14: [16.099248304205783, 14.112752757706973, 15.38677377981329, 13.341074976264533, 13.274296622763002, 14.281049060617757, 15.54452444522902]}
2020-02-08_11:51:57.525[Status]self.local_queue is [9, 8, 11, 10, 12, 14, 13]
2020-02-08_11:51:57.525[Status]task_chosen index is 4
2020-02-08_11:51:57.525[Status]task_chosen index is 5
2020-02-08_11:51:57.525[Status]task_chosen index is 1
2020-02-08_11:51:57.525[Status]task_chosen index is 0
2020-02-08_11:51:57.526[Status]task_chosen index is 2
2020-02-08_11:51:57.526[Status]task_chosen index is 6
2020-02-08_11:51:57.526[Status]task_chosen index is 3
2020-02-08_11:51:57.526[Status]myindex_in_queue is 3
2020-02-08_11:51:57.526[Status]task destination is [1109.903113209758, 743.3883739117558]
2020-02-08_11:51:57.686[Battery Energy]102.54
2020-02-08_11:51:57.686[Status]Routing Start.
2020-02-08_11:51:57.839[Status]{'coordinate': [139.91149239964196, 249.53710295355125], 'id': 13}
2020-02-08_11:51:57.839[Status]Routing 1: Walk: 1
2020-02-08_11:51:57.940[Battery Energy]102.36
2020-02-08_11:51:57.940[Status]Routing Start.
2020-02-08_11:51:58.125[Status]{'coordinate': [148.82298479928392, 254.0742059071025], 'id': 13}
2020-02-08_11:51:58.125[Status]Routing 2: Walk: 2
2020-02-08_11:51:58.225[Battery Energy]102.14
2020-02-08_11:51:58.225[Status]Routing Start.
2020-02-08_11:51:58.368[Status]{'coordinate': [157.73447719892587, 258.61130886065376], 'id': 13}
2020-02-08_11:51:58.368[Status]Routing 3: Walk: 3
2020-02-08_11:51:58.474[Battery Energy]101.92
2020-02-08_11:51:58.474[Status]Routing Start.
2020-02-08_11:51:58.668[Status]{'coordinate': [166.64596959856783, 263.148411814205], 'id': 13}
2020-02-08_11:51:58.668[Status]Routing 4: Walk: 4
2020-02-08_11:51:58.768[Battery Energy]101.66
2020-02-08_11:51:58.768[Status]Routing Start.
2020-02-08_11:51:58.929[Status]{'coordinate': [175.5574619982098, 267.6855147677563], 'id': 13}
2020-02-08_11:51:58.929[Status]Routing 5: Walk: 5
2020-02-08_11:51:59.034[Battery Energy]101.45
2020-02-08_11:51:59.034[Status]Routing Start.
2020-02-08_11:51:59.187[Status]{'coordinate': [184.46895439785175, 272.22261772130753], 'id': 13}
2020-02-08_11:51:59.187[Status]Routing 6: Walk: 6
2020-02-08_11:51:59.290[Battery Energy]101.23
2020-02-08_11:51:59.290[Status]Routing Start.
2020-02-08_11:51:59.603[Status]{'coordinate': [193.3804467974937, 276.7597206748588], 'id': 13}
2020-02-08_11:51:59.608[Status]Routing 7: Walk: 7
2020-02-08_11:51:59.718[Battery Energy]100.91
2020-02-08_11:51:59.718[Status]Routing Start.
2020-02-08_11:52:00.041[Status]{'coordinate': [202.29193919713566, 281.29682362841004], 'id': 13}
2020-02-08_11:52:00.042[Status]Routing 8: Walk: 8
2020-02-08_11:52:00.148[Battery Energy]100.63
2020-02-08_11:52:00.148[Status]Routing Start.
2020-02-08_11:52:00.477[Status]{'coordinate': [211.20343159677762, 285.8339265819613], 'id': 13}
2020-02-08_11:52:00.481[Status]Routing 9: Walk: 9
2020-02-08_11:52:00.586[Battery Energy]100.28
2020-02-08_11:52:00.586[Status]Routing Start.
2020-02-08_11:52:00.874[Status]{'coordinate': [220.11492399641958, 290.37102953551255], 'id': 13}
2020-02-08_11:52:00.874[Status]Routing 10: Walk: 10
2020-02-08_11:52:00.975[Battery Energy]100.01
2020-02-08_11:52:00.975[Status]Routing Start.
2020-02-08_11:52:01.300[Status]{'coordinate': [229.02641639606153, 294.9081324890638], 'id': 13}
2020-02-08_11:52:01.300[Status]Routing 11: Walk: 11
2020-02-08_11:52:01.405[Battery Energy]99.74
2020-02-08_11:52:01.405[Status]Routing Start.
2020-02-08_11:52:01.742[Status]{'coordinate': [237.9379087957035, 299.44523544261506], 'id': 13}
2020-02-08_11:52:01.742[Status]Routing 12: Walk: 12
2020-02-08_11:52:01.842[Battery Energy]99.44
2020-02-08_11:52:01.842[Status]Routing Start.
2020-02-08_11:52:02.166[Status]{'coordinate': [246.84940119534545, 303.9823383961663], 'id': 13}
2020-02-08_11:52:02.166[Status]Routing 13: Walk: 13
2020-02-08_11:52:02.268[Battery Energy]99.14
2020-02-08_11:52:02.268[Status]Routing Start.
2020-02-08_11:52:02.609[Status]{'coordinate': [255.7608935949874, 308.51944134971757], 'id': 13}
2020-02-08_11:52:02.610[Status]Routing 14: Walk: 14
2020-02-08_11:52:02.710[Battery Energy]98.83
2020-02-08_11:52:02.711[Status]Routing Start.
2020-02-08_11:52:03.036[Status]{'coordinate': [264.67238599462934, 313.0565443032688], 'id': 13}
2020-02-08_11:52:03.036[Status]Routing 15: Walk: 15
2020-02-08_11:52:03.137[Battery Energy]98.54
2020-02-08_11:52:03.137[Status]Routing Start.
2020-02-08_11:52:03.508[Status]{'coordinate': [273.58387839427127, 317.5936472568201], 'id': 13}
2020-02-08_11:52:03.508[Status]Routing 16: Walk: 16
2020-02-08_11:52:03.608[Battery Energy]98.21
2020-02-08_11:52:03.608[Status]Routing Start.
2020-02-08_11:52:03.948[Status]{'coordinate': [282.4953707939132, 322.13075021037133], 'id': 13}
2020-02-08_11:52:03.948[Status]Routing 17: Walk: 17
2020-02-08_11:52:04.057[Battery Energy]97.86
2020-02-08_11:52:04.057[Status]Routing Start.
2020-02-08_11:52:04.371[Status]{'coordinate': [291.4068631935551, 326.6678531639226], 'id': 13}
2020-02-08_11:52:04.371[Status]Routing 18: Walk: 18
2020-02-08_11:52:04.474[Battery Energy]97.57
2020-02-08_11:52:04.474[Status]Routing Start.
2020-02-08_11:52:04.818[Status]{'coordinate': [300.31835559319705, 331.20495611747384], 'id': 13}
2020-02-08_11:52:04.820[Status]Routing 19: Walk: 19
2020-02-08_11:52:04.922[Battery Energy]97.26
2020-02-08_11:52:04.922[Status]Routing Start.
2020-02-08_11:52:05.246[Status]{'coordinate': [309.229847992839, 335.7420590710251], 'id': 13}
2020-02-08_11:52:05.249[Status]Routing 20: Walk: 20
2020-02-08_11:52:05.350[Battery Energy]96.95
2020-02-08_11:52:05.351[Status]Routing Start.
2020-02-08_11:52:05.690[Status]{'coordinate': [318.1413403924809, 340.27916202457635], 'id': 13}
2020-02-08_11:52:05.691[Status]Routing 21: Walk: 21
2020-02-08_11:52:05.792[Battery Energy]96.66
2020-02-08_11:52:05.792[Status]Routing Start.
2020-02-08_11:52:06.118[Status]{'coordinate': [327.05283279212284, 344.8162649781276], 'id': 13}
2020-02-08_11:52:06.120[Status]Routing 22: Walk: 22
2020-02-08_11:52:06.222[Battery Energy]96.35
2020-02-08_11:52:06.222[Status]Routing Start.
2020-02-08_11:52:06.578[Status]{'coordinate': [335.9643251917648, 349.35336793167886], 'id': 13}
2020-02-08_11:52:06.578[Status]Routing 23: Walk: 23
2020-02-08_11:52:06.682[Battery Energy]96.00
2020-02-08_11:52:06.682[Status]Routing Start.
2020-02-08_11:52:07.070[Status]{'coordinate': [344.8758175914067, 353.8904708852301], 'id': 13}
2020-02-08_11:52:07.070[Status]Routing 24: Walk: 24
2020-02-08_11:52:07.170[Battery Energy]95.67
2020-02-08_11:52:07.170[Status]Routing Start.
2020-02-08_11:52:07.512[Status]{'coordinate': [353.78730999104863, 358.42757383878137], 'id': 13}
2020-02-08_11:52:07.512[Status]Routing 25: Walk: 25
2020-02-08_11:52:07.618[Battery Energy]95.33
2020-02-08_11:52:07.618[Status]Routing Start.
2020-02-08_11:52:07.929[Status]{'coordinate': [362.69880239069056, 362.9646767923326], 'id': 13}
2020-02-08_11:52:07.930[Status]Routing 26: Walk: 26
2020-02-08_11:52:08.030[Battery Energy]95.02
2020-02-08_11:52:08.030[Status]Routing Start.
2020-02-08_11:52:08.331[Status]{'coordinate': [371.6102947903325, 367.5017797458839], 'id': 13}
2020-02-08_11:52:08.333[Status]Routing 27: Walk: 27
2020-02-08_11:52:08.437[Battery Energy]94.71
2020-02-08_11:52:08.437[Status]Routing Start.
2020-02-08_11:52:08.761[Status]{'coordinate': [380.5217871899744, 372.03888269943513], 'id': 13}
2020-02-08_11:52:08.775[Status]Routing 28: Walk: 28
2020-02-08_11:52:08.876[Battery Energy]94.39
2020-02-08_11:52:08.876[Status]Routing Start.
2020-02-08_11:52:09.175[Status]{'coordinate': [389.43327958961635, 376.5759856529864], 'id': 13}
2020-02-08_11:52:09.175[Status]Routing 29: Walk: 29
2020-02-08_11:52:09.286[Battery Energy]94.08
2020-02-08_11:52:09.286[Status]Routing Start.
2020-02-08_11:52:09.581[Status]{'coordinate': [398.3447719892583, 381.11308860653764], 'id': 13}
2020-02-08_11:52:09.581[Status]Routing 30: Walk: 30
2020-02-08_11:52:09.686[Battery Energy]93.80
2020-02-08_11:52:09.686[Status]Routing Start.
2020-02-08_11:52:09.971[Status]{'coordinate': [407.2562643889002, 385.6501915600889], 'id': 13}
2020-02-08_11:52:09.974[Status]Routing 31: Walk: 31
2020-02-08_11:52:10.083[Battery Energy]93.51
2020-02-08_11:52:10.083[Status]Routing Start.
2020-02-08_11:52:10.244[Status]{'coordinate': [416.16775678854214, 390.18729451364015], 'id': 13}
2020-02-08_11:52:10.244[Status]Routing 32: Walk: 32
2020-02-08_11:52:10.349[Battery Energy]93.30
2020-02-08_11:52:10.349[Status]Routing Start.
2020-02-08_11:52:10.686[Status]{'coordinate': [425.07924918818406, 394.7243974671914], 'id': 13}
2020-02-08_11:52:10.686[Status]Routing 33: Walk: 33
2020-02-08_11:52:10.787[Battery Energy]92.93
2020-02-08_11:52:10.787[Status]Routing Start.
2020-02-08_11:52:11.298[Status]Routing 34: Walk: 33
2020-02-08_11:52:11.398[Battery Energy]92.51
2020-02-08_11:52:11.398[Status]Routing Start.
2020-02-08_11:52:11.743[Status]Routing 35: Walk: 33
2020-02-08_11:52:11.847[Battery Energy]92.23
2020-02-08_11:52:11.847[Status]Routing Start.
2020-02-08_11:52:12.206[Status]Routing 36: Walk: 33
2020-02-08_11:52:12.306[Battery Energy]91.92
2020-02-08_11:52:12.306[Status]Routing Start.
2020-02-08_11:52:12.540[Status]{'coordinate': [433.990741587826, 399.26150042074266], 'id': 13}
2020-02-08_11:52:12.540[Status]Routing 37: Walk: 34
2020-02-08_11:52:12.641[Battery Energy]91.67
2020-02-08_11:52:12.641[Status]Routing Start.
2020-02-08_11:52:12.922[Status]Routing 38: Walk: 34
2020-02-08_11:52:13.022[Battery Energy]91.39
2020-02-08_11:52:13.022[Status]Routing Start.
2020-02-08_11:52:13.195[Status]{'coordinate': [442.9022339874679, 403.7986033742939], 'id': 13}
2020-02-08_11:52:13.195[Status]Routing 39: Walk: 35
2020-02-08_11:52:13.313[Battery Energy]91.18
2020-02-08_11:52:13.313[Status]Routing Start.
2020-02-08_11:52:13.447[Status]{'coordinate': [451.81372638710985, 408.3357063278452], 'id': 13}
2020-02-08_11:52:13.447[Status]Routing 40: Walk: 36
2020-02-08_11:52:13.566[Battery Energy]90.99
2020-02-08_11:52:13.566[Status]Routing Start.
2020-02-08_11:52:13.727[Status]{'coordinate': [460.7252187867518, 412.8728092813964], 'id': 13}
2020-02-08_11:52:13.727[Status]Routing 41: Walk: 37
2020-02-08_11:52:13.834[Battery Energy]90.80
2020-02-08_11:52:13.834[Status]Routing Start.
2020-02-08_11:52:13.993[Status]{'coordinate': [469.6367111863937, 417.4099122349477], 'id': 13}
2020-02-08_11:52:13.993[Status]Routing 42: Walk: 38
2020-02-08_11:52:14.106[Battery Energy]90.59
2020-02-08_11:52:14.106[Status]Routing Start.
2020-02-08_11:52:14.231[Status]{'coordinate': [478.54820358603564, 421.94701518849894], 'id': 13}
2020-02-08_11:52:14.241[Status]Routing 43: Walk: 39
2020-02-08_11:52:14.342[Battery Energy]90.38
2020-02-08_11:52:14.342[Status]Routing Start.
2020-02-08_11:52:14.499[Status]{'coordinate': [487.45969598567757, 426.4841181420502], 'id': 13}
2020-02-08_11:52:14.499[Status]Routing 44: Walk: 40
2020-02-08_11:52:14.599[Battery Energy]90.17
2020-02-08_11:52:14.599[Status]Routing Start.
2020-02-08_11:52:14.764[Status]{'coordinate': [496.3711883853195, 431.02122109560145], 'id': 13}
2020-02-08_11:52:14.764[Status]Routing 45: Walk: 41
2020-02-08_11:52:14.864[Battery Energy]89.99
2020-02-08_11:52:14.864[Status]Routing Start.
2020-02-08_11:52:15.086[Status]{'coordinate': [505.2826807849614, 435.5583240491527], 'id': 13}
2020-02-08_11:52:15.086[Status]Routing 46: Walk: 42
2020-02-08_11:52:15.189[Battery Energy]89.76
2020-02-08_11:52:15.189[Status]Routing Start.
2020-02-08_11:52:15.326[Status]{'coordinate': [514.1941731846034, 440.09542700270396], 'id': 13}
2020-02-08_11:52:15.326[Status]Routing 47: Walk: 43
2020-02-08_11:52:15.426[Battery Energy]89.56
2020-02-08_11:52:15.426[Status]Routing Start.
2020-02-08_11:52:15.722[Status]Routing 48: Walk: 43
2020-02-08_11:52:15.823[Battery Energy]89.24
2020-02-08_11:52:15.823[Status]Routing Start.
2020-02-08_11:52:16.004[Status]{'coordinate': [523.1056655842453, 444.6325299562552], 'id': 13}
2020-02-08_11:52:16.005[Status]Routing 49: Walk: 44
2020-02-08_11:52:16.110[Battery Energy]89.01
2020-02-08_11:52:16.110[Status]Routing Start.
2020-02-08_11:52:16.375[Status]Routing 50: Walk: 44
2020-02-08_11:52:16.475[Battery Energy]88.71
2020-02-08_11:52:16.475[Status]Routing Start.
2020-02-08_11:52:16.626[Status]{'coordinate': [532.0171579838873, 449.16963290980647], 'id': 13}
2020-02-08_11:52:16.627[Status]Routing 51: Walk: 45
2020-02-08_11:52:16.727[Battery Energy]88.52
2020-02-08_11:52:16.727[Status]Routing Start.
2020-02-08_11:52:17.203[Status]Routing 52: Walk: 45
2020-02-08_11:52:17.303[Battery Energy]88.14
2020-02-08_11:52:17.304[Status]Routing Start.
2020-02-08_11:52:17.447[Status]{'coordinate': [540.9286503835292, 453.7067358633577], 'id': 13}
2020-02-08_11:52:17.447[Status]Routing 53: Walk: 46
2020-02-08_11:52:17.554[Battery Energy]87.93
2020-02-08_11:52:17.554[Status]Routing Start.
2020-02-08_11:52:18.063[Status]Routing 54: Walk: 46
2020-02-08_11:52:18.164[Battery Energy]87.53
2020-02-08_11:52:18.164[Status]Routing Start.
2020-02-08_11:52:18.318[Status]{'coordinate': [549.8401427831711, 458.243838816909], 'id': 13}
2020-02-08_11:52:18.319[Status]Routing 55: Walk: 47
2020-02-08_11:52:18.426[Battery Energy]87.33
2020-02-08_11:52:18.426[Status]Routing Start.
2020-02-08_11:52:18.895[Status]Routing 56: Walk: 47
2020-02-08_11:52:18.995[Battery Energy]86.94
2020-02-08_11:52:18.995[Status]Routing Start.
2020-02-08_11:52:19.125[Status]{'coordinate': [558.7516351828131, 462.78094177046023], 'id': 13}
2020-02-08_11:52:19.125[Status]Routing 57: Walk: 48
2020-02-08_11:52:19.226[Battery Energy]86.75
2020-02-08_11:52:19.226[Status]Routing Start.
2020-02-08_11:52:19.542[Status]Routing 58: Walk: 48
2020-02-08_11:52:19.642[Battery Energy]86.43
2020-02-08_11:52:19.642[Status]Routing Start.
2020-02-08_11:52:19.785[Status]{'coordinate': [567.663127582455, 467.3180447240115], 'id': 13}
2020-02-08_11:52:19.785[Status]Routing 59: Walk: 49
2020-02-08_11:52:19.894[Battery Energy]86.25
2020-02-08_11:52:19.894[Status]Routing Start.
2020-02-08_11:52:20.176[Status]Routing 60: Walk: 49
2020-02-08_11:52:20.277[Battery Energy]85.97
2020-02-08_11:52:20.277[Status]Routing Start.
2020-02-08_11:52:20.575[Status]Routing 61: Walk: 49
2020-02-08_11:52:20.675[Battery Energy]85.68
2020-02-08_11:52:20.676[Status]Routing Start.
2020-02-08_11:52:21.000[Status]Routing 62: Walk: 49
2020-02-08_11:52:21.100[Battery Energy]85.35
2020-02-08_11:52:21.100[Status]Routing Start.
2020-02-08_11:52:21.358[Status]Routing 63: Walk: 49
2020-02-08_11:52:21.458[Battery Energy]85.07
2020-02-08_11:52:21.458[Status]Routing Start.
2020-02-08_11:52:21.773[Status]Routing 64: Walk: 49
2020-02-08_11:52:21.873[Battery Energy]84.76
2020-02-08_11:52:21.874[Status]Routing Start.
2020-02-08_11:52:22.049[Status]{'coordinate': [576.5746199820969, 471.85514767756274], 'id': 13}
2020-02-08_11:52:22.049[Status]Routing 65: Walk: 50
2020-02-08_11:52:22.158[Battery Energy]84.53
2020-02-08_11:52:22.158[Status]Routing Start.
2020-02-08_11:52:22.646[Status]Routing 66: Walk: 50
2020-02-08_11:52:22.747[Battery Energy]84.17
2020-02-08_11:52:22.747[Status]Routing Start.
2020-02-08_11:52:22.920[Status]{'coordinate': [585.4861123817388, 476.392250631114], 'id': 13}
2020-02-08_11:52:22.920[Status]Routing 67: Walk: 51
2020-02-08_11:52:23.020[Battery Energy]83.94
2020-02-08_11:52:23.020[Status]Routing Start.
2020-02-08_11:52:23.310[Status]{'coordinate': [594.3976047813808, 480.92935358466525], 'id': 13}
2020-02-08_11:52:23.313[Status]Routing 68: Walk: 52
2020-02-08_11:52:23.416[Battery Energy]83.64
2020-02-08_11:52:23.416[Status]Routing Start.
2020-02-08_11:52:23.587[Status]{'coordinate': [603.3090971810227, 485.4664565382165], 'id': 13}
2020-02-08_11:52:23.587[Status]Routing 69: Walk: 53
2020-02-08_11:52:23.694[Battery Energy]83.45
2020-02-08_11:52:23.694[Status]Routing Start.
2020-02-08_11:52:23.828[Status]{'coordinate': [612.2205895806646, 490.00355949176776], 'id': 13}
2020-02-08_11:52:23.828[Status]Routing 70: Walk: 54
2020-02-08_11:52:23.946[Battery Energy]83.24
2020-02-08_11:52:23.946[Status]Routing Start.
2020-02-08_11:52:24.090[Status]{'coordinate': [621.1320819803066, 494.540662445319], 'id': 13}
2020-02-08_11:52:24.090[Status]Routing 71: Walk: 55
2020-02-08_11:52:24.190[Battery Energy]83.04
2020-02-08_11:52:24.191[Status]Routing Start.
2020-02-08_11:52:24.358[Status]{'coordinate': [630.0435743799485, 499.07776539887027], 'id': 13}
2020-02-08_11:52:24.358[Status]Routing 72: Walk: 56
2020-02-08_11:52:24.458[Battery Energy]82.85
2020-02-08_11:52:24.458[Status]Routing Start.
2020-02-08_11:52:24.602[Status]{'coordinate': [638.9550667795904, 503.6148683524215], 'id': 13}
2020-02-08_11:52:24.602[Status]Routing 73: Walk: 57
2020-02-08_11:52:24.722[Battery Energy]82.64
2020-02-08_11:52:24.722[Status]Routing Start.
2020-02-08_11:52:24.859[Status]{'coordinate': [647.8665591792324, 508.1519713059728], 'id': 13}
2020-02-08_11:52:24.859[Status]Routing 74: Walk: 58
2020-02-08_11:52:24.972[Battery Energy]82.43
2020-02-08_11:52:24.972[Status]Routing Start.
2020-02-08_11:52:25.144[Status]{'coordinate': [656.7780515788743, 512.6890742595241], 'id': 13}
2020-02-08_11:52:25.145[Status]Routing 75: Walk: 59
2020-02-08_11:52:25.254[Battery Energy]82.20
2020-02-08_11:52:25.254[Status]Routing Start.
2020-02-08_11:52:25.410[Status]{'coordinate': [665.6895439785162, 517.2261772130754], 'id': 13}
2020-02-08_11:52:25.410[Status]Routing 76: Walk: 60
2020-02-08_11:52:25.514[Battery Energy]81.98
2020-02-08_11:52:25.514[Status]Routing Start.
2020-02-08_11:52:25.683[Status]{'coordinate': [674.6010363781581, 521.7632801666267], 'id': 13}
2020-02-08_11:52:25.683[Status]Routing 77: Walk: 61
2020-02-08_11:52:25.790[Battery Energy]81.77
2020-02-08_11:52:25.790[Status]Routing Start.
2020-02-08_11:52:25.936[Status]{'coordinate': [683.5125287778001, 526.300383120178], 'id': 13}
2020-02-08_11:52:25.936[Status]Routing 78: Walk: 62
2020-02-08_11:52:26.046[Battery Energy]81.58
2020-02-08_11:52:26.046[Status]Routing Start.
2020-02-08_11:52:26.163[Status]{'coordinate': [692.424021177442, 530.8374860737293], 'id': 13}
2020-02-08_11:52:26.163[Status]Routing 79: Walk: 63
2020-02-08_11:52:26.269[Battery Energy]81.40
2020-02-08_11:52:26.269[Status]Routing Start.
2020-02-08_11:52:26.439[Status]{'coordinate': [701.3355135770839, 535.3745890272806], 'id': 13}
2020-02-08_11:52:26.439[Status]Routing 80: Walk: 64
2020-02-08_11:52:26.550[Battery Energy]81.20
2020-02-08_11:52:26.550[Status]Routing Start.
2020-02-08_11:52:26.703[Status]{'coordinate': [710.2470059767259, 539.911691980832], 'id': 13}
2020-02-08_11:52:26.703[Status]Routing 81: Walk: 65
2020-02-08_11:52:26.814[Battery Energy]80.97
2020-02-08_11:52:26.814[Status]Routing Start.
2020-02-08_11:52:26.983[Status]{'coordinate': [719.1584983763678, 544.4487949343833], 'id': 13}
2020-02-08_11:52:26.983[Status]Routing 82: Walk: 66
2020-02-08_11:52:27.094[Battery Energy]80.76
2020-02-08_11:52:27.094[Status]Routing Start.
2020-02-08_11:52:27.256[Status]{'coordinate': [728.0699907760097, 548.9858978879346], 'id': 13}
2020-02-08_11:52:27.256[Status]Routing 83: Walk: 67
2020-02-08_11:52:27.356[Battery Energy]80.57
2020-02-08_11:52:27.356[Status]Routing Start.
2020-02-08_11:52:27.735[Status]{'coordinate': [736.9814831756516, 553.5230008414859], 'id': 13}
2020-02-08_11:52:27.739[Status]Routing 84: Walk: 68
2020-02-08_11:52:27.846[Battery Energy]80.24
2020-02-08_11:52:27.846[Status]Routing Start.
2020-02-08_11:52:28.134[Status]{'coordinate': [745.8929755752936, 558.0601037950372], 'id': 13}
2020-02-08_11:52:28.136[Status]Routing 85: Walk: 69
2020-02-08_11:52:28.240[Battery Energy]79.95
2020-02-08_11:52:28.240[Status]Routing Start.
2020-02-08_11:52:28.400[Status]{'coordinate': [754.8044679749355, 562.5972067485885], 'id': 13}
2020-02-08_11:52:28.400[Status]Routing 86: Walk: 70
2020-02-08_11:52:28.518[Battery Energy]79.72
2020-02-08_11:52:28.518[Status]Routing Start.
2020-02-08_11:52:28.708[Status]{'coordinate': [763.7159603745774, 567.1343097021398], 'id': 13}
2020-02-08_11:52:28.708[Status]Routing 87: Walk: 71
2020-02-08_11:52:28.809[Battery Energy]79.46
2020-02-08_11:52:28.809[Status]Routing Start.
2020-02-08_11:52:29.103[Status]{'coordinate': [772.6274527742194, 571.6714126556911], 'id': 13}
2020-02-08_11:52:29.103[Status]Routing 88: Walk: 72
2020-02-08_11:52:29.206[Battery Energy]79.16
2020-02-08_11:52:29.210[Status]Routing Start.
2020-02-08_11:52:29.518[Status]{'coordinate': [781.5389451738613, 576.2085156092425], 'id': 13}
2020-02-08_11:52:29.519[Status]Routing 89: Walk: 73
2020-02-08_11:52:29.626[Battery Energy]78.85
2020-02-08_11:52:29.626[Status]Routing Start.
2020-02-08_11:52:29.925[Status]{'coordinate': [790.4504375735032, 580.7456185627938], 'id': 13}
2020-02-08_11:52:29.925[Status]Routing 90: Walk: 74
2020-02-08_11:52:30.038[Battery Energy]78.57
2020-02-08_11:52:30.038[Status]Routing Start.
2020-02-08_11:52:30.178[Status]{'coordinate': [799.3619299731452, 585.282721516345], 'id': 13}
2020-02-08_11:52:30.178[Status]Routing 91: Walk: 75
2020-02-08_11:52:30.294[Battery Energy]78.35
2020-02-08_11:52:30.294[Status]Routing Start.
2020-02-08_11:52:30.457[Status]{'coordinate': [808.2734223727871, 589.8198244698963], 'id': 13}
2020-02-08_11:52:30.458[Status]Routing 92: Walk: 76
2020-02-08_11:52:30.570[Battery Energy]78.13
2020-02-08_11:52:30.570[Status]Routing Start.
2020-02-08_11:52:30.733[Status]{'coordinate': [817.184914772429, 594.3569274234476], 'id': 13}
2020-02-08_11:52:30.733[Status]Routing 93: Walk: 77
2020-02-08_11:52:30.843[Battery Energy]77.91
2020-02-08_11:52:30.843[Status]Routing Start.
2020-02-08_11:52:30.982[Status]{'coordinate': [826.0964071720709, 598.8940303769988], 'id': 13}
2020-02-08_11:52:30.982[Status]Routing 94: Walk: 78
2020-02-08_11:52:31.086[Battery Energy]77.70
2020-02-08_11:52:31.086[Status]Routing Start.
2020-02-08_11:52:31.239[Status]{'coordinate': [835.0078995717129, 603.43113333055], 'id': 13}
2020-02-08_11:52:31.239[Status]Routing 95: Walk: 79
2020-02-08_11:52:31.354[Battery Energy]77.49
2020-02-08_11:52:31.354[Status]Routing Start.
2020-02-08_11:52:31.615[Status]{'coordinate': [843.9193919713548, 607.9682362841013], 'id': 13}
2020-02-08_11:52:31.615[Status]Routing 96: Walk: 80
2020-02-08_11:52:31.722[Battery Energy]77.21
2020-02-08_11:52:31.723[Status]Routing Start.
2020-02-08_11:52:31.842[Status]{'coordinate': [852.8308843709967, 612.5053392376525], 'id': 13}
2020-02-08_11:52:31.842[Status]Routing 97: Walk: 81
2020-02-08_11:52:31.946[Battery Energy]77.01
2020-02-08_11:52:31.946[Status]Routing Start.
2020-02-08_11:52:32.192[Status]{'coordinate': [861.7423767706387, 617.0424421912037], 'id': 13}
2020-02-08_11:52:32.193[Status]Routing 98: Walk: 82
2020-02-08_11:52:32.298[Battery Energy]76.75
2020-02-08_11:52:32.298[Status]Routing Start.
2020-02-08_11:52:32.593[Status]{'coordinate': [870.6538691702806, 621.579545144755], 'id': 13}
2020-02-08_11:52:32.593[Status]Routing 99: Walk: 83
2020-02-08_11:52:32.693[Battery Energy]76.46
2020-02-08_11:52:32.693[Status]Routing Start.
2020-02-08_11:52:33.059[Status]{'coordinate': [879.5653615699225, 626.1166480983062], 'id': 13}
2020-02-08_11:52:33.059[Status]Routing 100: Walk: 84
2020-02-08_11:52:33.160[Battery Energy]76.14
2020-02-08_11:52:33.160[Status]Routing Start.
2020-02-08_11:52:33.448[Status]{'coordinate': [888.4768539695644, 630.6537510518574], 'id': 13}
2020-02-08_11:52:33.449[Status]Routing 101: Walk: 85
2020-02-08_11:52:33.550[Battery Energy]75.86
2020-02-08_11:52:33.550[Status]Routing Start.
2020-02-08_11:52:33.864[Status]{'coordinate': [897.3883463692064, 635.1908540054087], 'id': 13}
2020-02-08_11:52:33.864[Status]Routing 102: Walk: 86
2020-02-08_11:52:33.966[Battery Energy]75.56
2020-02-08_11:52:33.966[Status]Routing Start.
2020-02-08_11:52:34.279[Status]{'coordinate': [906.2998387688483, 639.7279569589599], 'id': 13}
2020-02-08_11:52:34.279[Status]Routing 103: Walk: 87
2020-02-08_11:52:34.390[Battery Energy]75.26
2020-02-08_11:52:34.390[Status]Routing Start.
2020-02-08_11:52:34.697[Status]{'coordinate': [915.2113311684902, 644.2650599125111], 'id': 13}
2020-02-08_11:52:34.697[Status]Routing 104: Walk: 88
2020-02-08_11:52:34.797[Battery Energy]74.97
2020-02-08_11:52:34.797[Status]Routing Start.
2020-02-08_11:52:34.955[Status]{'coordinate': [924.1228235681322, 648.8021628660624], 'id': 13}
2020-02-08_11:52:34.956[Status]Routing 105: Walk: 89
2020-02-08_11:52:35.056[Battery Energy]74.75
2020-02-08_11:52:35.056[Status]Routing Start.
2020-02-08_11:52:35.352[Status]{'coordinate': [933.0343159677741, 653.3392658196136], 'id': 13}
2020-02-08_11:52:35.356[Status]Routing 106: Walk: 90
2020-02-08_11:52:35.457[Battery Energy]74.45
2020-02-08_11:52:35.457[Status]Routing Start.
2020-02-08_11:52:35.791[Status]{'coordinate': [941.945808367416, 657.8763687731648], 'id': 13}
2020-02-08_11:52:35.792[Status]Routing 107: Walk: 91
2020-02-08_11:52:35.895[Battery Energy]74.09
2020-02-08_11:52:35.895[Status]Routing Start.
2020-02-08_11:52:36.243[Status]{'coordinate': [950.857300767058, 662.4134717267161], 'id': 13}
2020-02-08_11:52:36.243[Status]Routing 108: Walk: 92
2020-02-08_11:52:36.354[Battery Energy]73.72
2020-02-08_11:52:36.354[Status]Routing Start.
2020-02-08_11:52:36.507[Status]{'coordinate': [959.7687931666999, 666.9505746802673], 'id': 13}
2020-02-08_11:52:36.507[Status]Routing 109: Walk: 93
2020-02-08_11:52:36.607[Battery Energy]73.52
2020-02-08_11:52:36.607[Status]Routing Start.
2020-02-08_11:52:36.892[Status]{'coordinate': [968.6802855663418, 671.4876776338185], 'id': 13}
2020-02-08_11:52:36.893[Status]Routing 110: Walk: 94
2020-02-08_11:52:37.000[Battery Energy]73.19
2020-02-08_11:52:37.000[Status]Routing Start.
2020-02-08_11:52:37.315[Status]{'coordinate': [977.5917779659837, 676.0247805873698], 'id': 13}
2020-02-08_11:52:37.315[Status]Routing 111: Walk: 95
2020-02-08_11:52:37.422[Battery Energy]72.84
2020-02-08_11:52:37.422[Status]Routing Start.
2020-02-08_11:52:37.674[Status]{'coordinate': [986.5032703656257, 680.561883540921], 'id': 13}
2020-02-08_11:52:37.674[Status]Routing 112: Walk: 96
2020-02-08_11:52:37.782[Battery Energy]72.54
2020-02-08_11:52:37.782[Status]Routing Start.
2020-02-08_11:52:38.001[Status]{'coordinate': [995.4147627652676, 685.0989864944722], 'id': 13}
2020-02-08_11:52:38.001[Status]Routing 113: Walk: 97
2020-02-08_11:52:38.101[Battery Energy]72.26
2020-02-08_11:52:38.101[Status]Routing Start.
2020-02-08_11:52:38.285[Status]{'coordinate': [1004.3262551649095, 689.6360894480235], 'id': 13}
2020-02-08_11:52:38.285[Status]Routing 114: Walk: 98
2020-02-08_11:52:38.390[Battery Energy]72.04
2020-02-08_11:52:38.390[Status]Routing Start.
2020-02-08_11:52:38.711[Status]{'coordinate': [1013.2377475645515, 694.1731924015747], 'id': 13}
2020-02-08_11:52:38.711[Status]Routing 115: Walk: 99
2020-02-08_11:52:38.818[Battery Energy]71.74
2020-02-08_11:52:38.818[Status]Routing Start.
2020-02-08_11:52:39.105[Status]{'coordinate': [1022.1492399641934, 698.7102953551259], 'id': 13}
2020-02-08_11:52:39.106[Status]Routing 116: Walk: 100
2020-02-08_11:52:39.218[Battery Energy]71.45
2020-02-08_11:52:39.218[Status]Routing Start.
2020-02-08_11:52:39.507[Status]{'coordinate': [1031.0607323638353, 703.2473983086772], 'id': 13}
2020-02-08_11:52:39.507[Status]Routing 117: Walk: 101
2020-02-08_11:52:39.610[Battery Energy]71.16
2020-02-08_11:52:39.610[Status]Routing Start.
2020-02-08_11:52:39.865[Status]{'coordinate': [1039.9722247634772, 707.7845012622284], 'id': 13}
2020-02-08_11:52:39.865[Status]Routing 118: Walk: 102
2020-02-08_11:52:39.974[Battery Energy]70.89
2020-02-08_11:52:39.974[Status]Routing Start.
2020-02-08_11:52:40.136[Status]{'coordinate': [1048.8837171631192, 712.3216042157796], 'id': 13}
2020-02-08_11:52:40.136[Status]Routing 119: Walk: 103
2020-02-08_11:52:40.250[Battery Energy]70.63
2020-02-08_11:52:40.250[Status]Routing Start.
2020-02-08_11:52:40.523[Status]{'coordinate': [1057.795209562761, 716.858707169331], 'id': 13}
2020-02-08_11:52:40.523[Status]Routing 120: Walk: 104
2020-02-08_11:52:40.623[Battery Energy]70.35
2020-02-08_11:52:40.624[Status]Routing Start.
2020-02-08_11:52:40.775[Status]{'coordinate': [1066.706701962403, 721.3958101228822], 'id': 13}
2020-02-08_11:52:40.775[Status]Routing 121: Walk: 105
2020-02-08_11:52:40.877[Battery Energy]70.15
2020-02-08_11:52:40.877[Status]Routing Start.
2020-02-08_11:52:41.206[Status]{'coordinate': [1075.618194362045, 725.9329130764334], 'id': 13}
2020-02-08_11:52:41.206[Status]Routing 122: Walk: 106
2020-02-08_11:52:41.306[Battery Energy]69.83
2020-02-08_11:52:41.306[Status]Routing Start.
2020-02-08_11:52:41.623[Status]{'coordinate': [1084.529686761687, 730.4700160299847], 'id': 13}
2020-02-08_11:52:41.623[Status]Routing 123: Walk: 107
2020-02-08_11:52:41.734[Battery Energy]69.50
2020-02-08_11:52:41.734[Status]Routing Start.
2020-02-08_11:52:42.047[Status]{'coordinate': [1093.4411791613288, 735.0071189835359], 'id': 13}
2020-02-08_11:52:42.047[Status]Routing 124: Walk: 108
2020-02-08_11:52:42.150[Battery Energy]69.20
2020-02-08_11:52:42.150[Status]Routing Start.
2020-02-08_11:52:42.455[Status]{'coordinate': [1102.3526715609707, 739.5442219370872], 'id': 13}
2020-02-08_11:52:42.460[Status]Routing 125: Walk: 109
2020-02-08_11:52:42.560[Battery Energy]68.88
2020-02-08_11:52:42.560[Status]Routing Start.
2020-02-08_11:52:42.560[Status]Task Finished.
2020-02-08_11:52:42.666[Battery Energy]68.88
2020-02-08_11:52:42.968[Status]Routing 127: Walk: 109
2020-02-08_11:52:43.068[Battery Energy]68.67
2020-02-08_11:52:43.463[Status]Routing 128: Walk: 109
2020-02-08_11:52:43.568[Battery Energy]68.41
2020-02-08_11:52:43.860[Status]Routing 129: Walk: 109
2020-02-08_11:52:43.964[Battery Energy]68.22
2020-02-08_11:52:44.352[Status]Routing 130: Walk: 109
2020-02-08_11:52:44.455[Battery Energy]67.96
2020-02-08_11:52:44.781[Status]Routing 131: Walk: 109
2020-02-08_11:52:44.889[Battery Energy]67.78
2020-02-08_11:52:45.021[Status]Routing 132: Walk: 109
2020-02-08_11:52:45.126[Battery Energy]67.67
2020-02-08_11:52:45.289[Status]Routing 133: Walk: 109
2020-02-08_11:52:45.406[Battery Energy]67.56
2020-02-08_11:52:45.571[Status]Routing 134: Walk: 109
2020-02-08_11:52:45.675[Battery Energy]67.43
2020-02-08_11:52:45.808[Status]Routing 135: Walk: 109
2020-02-08_11:52:45.929[Battery Energy]67.33
2020-02-08_11:52:46.171[Status]Routing 136: Walk: 109
2020-02-08_11:52:46.278[Battery Energy]67.16
2020-02-08_11:52:46.423[Status]Routing 137: Walk: 109
2020-02-08_11:52:46.538[Battery Energy]67.05
2020-02-08_11:52:46.669[Status]Routing 138: Walk: 109
2020-02-08_11:52:46.772[Battery Energy]66.96
2020-02-08_11:52:46.969[Status]Routing 139: Walk: 109
2020-02-08_11:52:47.069[Battery Energy]66.84
2020-02-08_11:52:47.216[Status]Routing 140: Walk: 109
2020-02-08_11:52:47.316[Battery Energy]66.74
2020-02-08_11:52:47.485[Status]Routing 141: Walk: 109
2020-02-08_11:52:47.585[Battery Energy]66.61
2020-02-08_11:52:47.748[Status]Routing 142: Walk: 109
2020-02-08_11:52:47.854[Battery Energy]66.49
2020-02-08_11:52:48.059[Status]Routing 143: Walk: 109
2020-02-08_11:52:48.182[Battery Energy]66.34
2020-02-08_11:52:48.315[Status]Routing 144: Walk: 109
2020-02-08_11:52:48.415[Battery Energy]66.25
2020-02-08_11:52:48.569[Status]Routing 145: Walk: 109
2020-02-08_11:52:48.669[Battery Energy]66.15
2020-02-08_11:52:48.812[Status]Routing 146: Walk: 109
2020-02-08_11:52:48.912[Battery Energy]66.04
2020-02-08_11:52:49.053[Status]Routing 147: Walk: 109
2020-02-08_11:52:49.153[Battery Energy]65.93
2020-02-08_11:52:49.304[Status]Routing 148: Walk: 109
2020-02-08_11:52:49.406[Battery Energy]65.83
2020-02-08_11:52:49.656[Status]Routing 149: Walk: 109
2020-02-08_11:52:49.757[Battery Energy]65.69
2020-02-08_11:52:49.905[Status]Routing 150: Walk: 109
2020-02-08_11:52:50.006[Battery Energy]65.60
2020-02-08_11:52:50.149[Status]Routing 151: Walk: 109
2020-02-08_11:52:50.251[Battery Energy]65.49
2020-02-08_11:52:50.421[Status]Routing 152: Walk: 109
2020-02-08_11:52:50.521[Battery Energy]65.34
2020-02-08_11:52:50.703[Status]Routing 153: Walk: 109
2020-02-08_11:52:50.810[Battery Energy]65.22
2020-02-08_11:52:50.957[Status]Routing 154: Walk: 109
2020-02-08_11:52:51.065[Battery Energy]65.10
2020-02-08_11:52:51.196[Status]Routing 155: Walk: 109
2020-02-08_11:52:51.296[Battery Energy]64.98
2020-02-08_11:52:51.461[Status]Routing 156: Walk: 109
2020-02-08_11:52:51.570[Battery Energy]64.85
2020-02-08_11:52:51.731[Status]Routing 157: Walk: 109
2020-02-08_11:52:51.842[Battery Energy]64.72
2020-02-08_11:52:51.974[Status]Routing 158: Walk: 109
2020-02-08_11:52:52.075[Battery Energy]64.60
2020-02-08_11:52:52.242[Status]Routing 159: Walk: 109
2020-02-08_11:52:52.343[Battery Energy]64.49
2020-02-08_11:52:52.486[Status]Routing 160: Walk: 109
2020-02-08_11:52:52.594[Battery Energy]64.39
2020-02-08_11:52:52.741[Status]Routing 161: Walk: 109
2020-02-08_11:52:52.850[Battery Energy]64.30
2020-02-08_11:52:52.995[Status]Routing 162: Walk: 109
2020-02-08_11:52:53.095[Battery Energy]64.18
2020-02-08_11:52:53.233[Status]Routing 163: Walk: 109
2020-02-08_11:52:53.346[Battery Energy]64.07
2020-02-08_11:52:53.476[Status]Routing 164: Walk: 109
2020-02-08_11:52:53.582[Battery Energy]63.96
2020-02-08_11:52:53.730[Status]Routing 165: Walk: 109
2020-02-08_11:52:53.831[Battery Energy]63.87
2020-02-08_11:52:53.975[Status]Routing 166: Walk: 109
2020-02-08_11:52:54.082[Battery Energy]63.79
2020-02-08_11:52:54.231[Status]Routing 167: Walk: 109
2020-02-08_11:52:54.332[Battery Energy]63.69
2020-02-08_11:52:54.486[Status]Routing 168: Walk: 109
2020-02-08_11:52:54.602[Battery Energy]63.59
2020-02-08_11:52:54.755[Status]Routing 169: Walk: 109
2020-02-08_11:52:54.855[Battery Energy]63.49
2020-02-08_11:52:55.007[Status]Routing 170: Walk: 109
2020-02-08_11:52:55.114[Battery Energy]63.38
2020-02-08_11:52:55.278[Status]Routing 171: Walk: 109
2020-02-08_11:52:55.378[Battery Energy]63.28
2020-02-08_11:52:55.520[Status]Routing 172: Walk: 109
2020-02-08_11:52:55.621[Battery Energy]63.16
2020-02-08_11:52:55.757[Status]Routing 173: Walk: 109
2020-02-08_11:52:55.858[Battery Energy]63.05
2020-02-08_11:52:56.020[Status]Routing 174: Walk: 109
2020-02-08_11:52:56.130[Battery Energy]62.94
2020-02-08_11:52:56.271[Status]Routing 175: Walk: 109
2020-02-08_11:52:56.372[Battery Energy]62.83
2020-02-08_11:52:56.532[Status]Routing 176: Walk: 109
2020-02-08_11:52:56.637[Battery Energy]62.71
2020-02-08_11:52:56.807[Status]Routing 177: Walk: 109
2020-02-08_11:52:56.908[Battery Energy]62.57
2020-02-08_11:52:57.062[Status]Routing 178: Walk: 109
2020-02-08_11:52:57.162[Battery Energy]62.47
2020-02-08_11:52:57.351[Status]Routing 179: Walk: 109
2020-02-08_11:52:57.454[Battery Energy]62.35
2020-02-08_11:52:57.635[Status]Routing 180: Walk: 109
2020-02-08_11:52:57.735[Battery Energy]62.21
2020-02-08_11:52:57.902[Status]Routing 181: Walk: 109
2020-02-08_11:52:58.004[Battery Energy]62.11
2020-02-08_11:52:58.181[Status]Routing 182: Walk: 109
2020-02-08_11:52:58.294[Battery Energy]61.97
2020-02-08_11:52:58.440[Status]Routing 183: Walk: 109
2020-02-08_11:52:58.554[Battery Energy]61.89
2020-02-08_11:52:58.681[Status]Routing 184: Walk: 109
2020-02-08_11:52:58.790[Battery Energy]61.78
2020-02-08_11:52:58.953[Status]Routing 185: Walk: 109
2020-02-08_11:52:59.062[Battery Energy]61.67
2020-02-08_11:52:59.209[Status]Routing 186: Walk: 109
2020-02-08_11:52:59.309[Battery Energy]61.58
2020-02-08_11:52:59.459[Status]Routing 187: Walk: 109
2020-02-08_11:52:59.559[Battery Energy]61.49
2020-02-08_11:52:59.734[Status]Routing 188: Walk: 109
2020-02-08_11:52:59.834[Battery Energy]61.35
2020-02-08_11:52:59.970[Status]Routing 189: Walk: 109
2020-02-08_11:53:00.070[Battery Energy]61.26
2020-02-08_11:53:00.242[Status]Routing 190: Walk: 109
2020-02-08_11:53:00.344[Battery Energy]61.13
2020-02-08_11:53:00.485[Status]Routing 191: Walk: 109
2020-02-08_11:53:00.585[Battery Energy]61.02
2020-02-08_11:53:00.727[Status]Routing 192: Walk: 109
2020-02-08_11:53:00.827[Battery Energy]60.92
2020-02-08_11:53:00.995[Status]Routing 193: Walk: 109
2020-02-08_11:53:01.102[Battery Energy]60.81
2020-02-08_11:53:01.247[Status]Routing 194: Walk: 109
2020-02-08_11:53:01.366[Battery Energy]60.69
2020-02-08_11:53:01.489[Status]Routing 195: Walk: 109
2020-02-08_11:53:01.598[Battery Energy]60.59
2020-02-08_11:53:01.753[Status]Routing 196: Walk: 109
2020-02-08_11:53:01.862[Battery Energy]60.47
2020-02-08_11:53:02.029[Status]Routing 197: Walk: 109
2020-02-08_11:53:02.138[Battery Energy]60.35
2020-02-08_11:53:02.288[Status]Routing 198: Walk: 109
2020-02-08_11:53:02.389[Battery Energy]60.25
2020-02-08_11:53:02.542[Status]Routing 199: Walk: 109
2020-02-08_11:53:02.650[Battery Energy]60.16
2020-02-08_11:53:02.800[Status]Routing 200: Walk: 109
2020-02-08_11:53:02.906[Battery Energy]60.05
2020-02-08_11:53:03.033[Status]Routing 201: Walk: 109
2020-02-08_11:53:03.134[Battery Energy]59.94
2020-02-08_11:53:03.294[Status]Routing 202: Walk: 109
2020-02-08_11:53:03.395[Battery Energy]59.83
2020-02-08_11:53:03.549[Status]Routing 203: Walk: 109
2020-02-08_11:53:03.653[Battery Energy]59.73
2020-02-08_11:53:03.817[Status]Routing 204: Walk: 109
2020-02-08_11:53:03.917[Battery Energy]59.61
2020-02-08_11:53:04.059[Status]Routing 205: Walk: 109
2020-02-08_11:53:04.164[Battery Energy]59.49
2020-02-08_11:53:04.301[Status]Routing 206: Walk: 109
2020-02-08_11:53:04.402[Battery Energy]59.38
2020-02-08_11:53:04.577[Status]Routing 207: Walk: 109
2020-02-08_11:53:04.690[Battery Energy]59.24
2020-02-08_11:53:04.863[Status]Routing 208: Walk: 109
2020-02-08_11:53:04.963[Battery Energy]59.12
2020-02-08_11:53:05.114[Status]Routing 209: Walk: 109
2020-02-08_11:53:05.222[Battery Energy]59.02
2020-02-08_11:53:05.358[Status]Routing 210: Walk: 109
2020-02-08_11:53:05.470[Battery Energy]58.92
2020-02-08_11:53:05.664[Status]Routing 211: Walk: 109
2020-02-08_11:53:05.774[Battery Energy]58.77
2020-02-08_11:53:05.953[Status]Routing 212: Walk: 109
2020-02-08_11:53:06.066[Battery Energy]58.62
2020-02-08_11:53:06.200[Status]Routing 213: Walk: 109
2020-02-08_11:53:06.302[Battery Energy]58.52
2020-02-08_11:53:06.456[Status]Routing 214: Walk: 109
2020-02-08_11:53:06.558[Battery Energy]58.43
2020-02-08_11:53:06.741[Status]Routing 215: Walk: 109
2020-02-08_11:53:06.845[Battery Energy]58.32
2020-02-08_11:53:06.989[Status]Routing 216: Walk: 109
2020-02-08_11:53:07.092[Battery Energy]58.21
2020-02-08_11:53:07.263[Status]Routing 217: Walk: 109
2020-02-08_11:53:07.364[Battery Energy]58.09
2020-02-08_11:53:07.519[Status]Routing 218: Walk: 109
2020-02-08_11:53:07.626[Battery Energy]57.97
2020-02-08_11:53:07.780[Status]Routing 219: Walk: 109
2020-02-08_11:53:07.882[Battery Energy]57.85
2020-02-08_11:53:08.035[Status]Routing 220: Walk: 109
2020-02-08_11:53:08.150[Battery Energy]57.74
2020-02-08_11:53:08.282[Status]Routing 221: Walk: 109
2020-02-08_11:53:08.382[Battery Energy]57.65
2020-02-08_11:53:08.528[Status]Routing 222: Walk: 109
2020-02-08_11:53:08.628[Battery Energy]57.53
2020-02-08_11:53:08.801[Status]Routing 223: Walk: 109
2020-02-08_11:53:08.914[Battery Energy]57.40
2020-02-08_11:53:09.058[Status]Routing 224: Walk: 109
2020-02-08_11:53:09.162[Battery Energy]57.28
2020-02-08_11:53:09.308[Status]Routing 225: Walk: 109
2020-02-08_11:53:09.408[Battery Energy]57.16
2020-02-08_11:53:09.561[Status]Routing 226: Walk: 109
2020-02-08_11:53:09.661[Battery Energy]57.06
2020-02-08_11:53:09.814[Status]Routing 227: Walk: 109
2020-02-08_11:53:09.918[Battery Energy]56.95
2020-02-08_11:53:10.065[Status]Routing 228: Walk: 109
2020-02-08_11:53:10.170[Battery Energy]56.84
2020-02-08_11:53:10.320[Status]Routing 229: Walk: 109
2020-02-08_11:53:10.430[Battery Energy]56.71
2020-02-08_11:53:10.570[Status]Routing 230: Walk: 109
2020-02-08_11:53:10.682[Battery Energy]56.63
2020-02-08_11:53:10.831[Status]Routing 231: Walk: 109
2020-02-08_11:53:10.931[Battery Energy]56.48
2020-02-08_11:53:11.117[Status]Routing 232: Walk: 109
2020-02-08_11:53:11.226[Battery Energy]56.34
2020-02-08_11:53:11.375[Status]Routing 233: Walk: 109
2020-02-08_11:53:11.476[Battery Energy]56.23
2020-02-08_11:53:11.633[Status]Routing 234: Walk: 109
2020-02-08_11:53:11.738[Battery Energy]56.13
2020-02-08_11:53:11.903[Status]Routing 235: Walk: 109
2020-02-08_11:53:12.003[Battery Energy]56.02
2020-02-08_11:53:12.146[Status]Routing 236: Walk: 109
2020-02-08_11:53:12.246[Battery Energy]55.91
2020-02-08_11:53:12.408[Status]Routing 237: Walk: 109
2020-02-08_11:53:12.526[Battery Energy]55.81
2020-02-08_11:53:12.657[Status]Routing 238: Walk: 109
2020-02-08_11:53:12.757[Battery Energy]55.70
2020-02-08_11:53:12.922[Status]Routing 239: Walk: 109
2020-02-08_11:53:13.034[Battery Energy]55.59
2020-02-08_11:53:13.179[Status]Routing 240: Walk: 109
2020-02-08_11:53:13.292[Battery Energy]55.48
2020-02-08_11:53:13.445[Status]Routing 241: Walk: 109
2020-02-08_11:53:13.554[Battery Energy]55.37
2020-02-08_11:53:13.706[Status]Routing 242: Walk: 109
2020-02-08_11:53:13.822[Battery Energy]55.28
2020-02-08_11:53:13.965[Status]Routing 243: Walk: 109
2020-02-08_11:53:14.065[Battery Energy]55.17
2020-02-08_11:53:14.220[Status]Routing 244: Walk: 109
2020-02-08_11:53:14.326[Battery Energy]55.07
2020-02-08_11:53:14.460[Status]Routing 245: Walk: 109
2020-02-08_11:53:14.570[Battery Energy]54.99
2020-02-08_11:53:14.717[Status]Routing 246: Walk: 109
2020-02-08_11:53:14.822[Battery Energy]54.87
2020-02-08_11:53:15.007[Status]Routing 247: Walk: 109
2020-02-08_11:53:15.114[Battery Energy]54.77
2020-02-08_11:53:15.279[Status]Routing 248: Walk: 109
2020-02-08_11:53:15.382[Battery Energy]54.64
2020-02-08_11:53:15.521[Status]Routing 249: Walk: 109
2020-02-08_11:53:15.634[Battery Energy]54.52
2020-02-08_11:53:15.828[Status]Routing 250: Walk: 109
2020-02-08_11:53:15.958[Battery Energy]54.42
2020-02-08_11:53:16.086[Status]Routing 251: Walk: 109
2020-02-08_11:53:16.188[Battery Energy]54.30
2020-02-08_11:53:16.361[Status]Routing 252: Walk: 109
2020-02-08_11:53:16.461[Battery Energy]54.20
2020-02-08_11:53:16.627[Status]Routing 253: Walk: 109
2020-02-08_11:53:16.729[Battery Energy]54.06
2020-02-08_11:53:16.880[Status]Routing 254: Walk: 109
2020-02-08_11:53:16.980[Battery Energy]53.95
2020-02-08_11:53:17.141[Status]Routing 255: Walk: 109
2020-02-08_11:53:17.243[Battery Energy]53.84
2020-02-08_11:53:17.415[Status]Routing 256: Walk: 109
2020-02-08_11:53:17.518[Battery Energy]53.72
2020-02-08_11:53:17.673[Status]Routing 257: Walk: 109
2020-02-08_11:53:17.798[Battery Energy]53.63
2020-02-08_11:53:17.927[Status]Routing 258: Walk: 109
2020-02-08_11:53:18.038[Battery Energy]53.54
2020-02-08_11:53:18.183[Status]Routing 259: Walk: 109
2020-02-08_11:53:18.285[Battery Energy]53.44
2020-02-08_11:53:18.436[Status]Routing 260: Walk: 109
2020-02-08_11:53:18.546[Battery Energy]53.33
2020-02-08_11:53:18.699[Status]Routing 261: Walk: 109
2020-02-08_11:53:18.831[Battery Energy]53.21
2020-02-08_11:53:18.961[Status]Routing 262: Walk: 109
2020-02-08_11:53:19.069[Battery Energy]53.10
2020-02-08_11:53:19.222[Status]Routing 263: Walk: 109
2020-02-08_11:53:19.323[Battery Energy]52.98
2020-02-08_11:53:19.473[Status]Routing 264: Walk: 109
2020-02-08_11:53:19.573[Battery Energy]52.89
2020-02-08_11:53:19.738[Status]Routing 265: Walk: 109
2020-02-08_11:53:19.851[Battery Energy]52.75
2020-02-08_11:53:19.969[Status]Routing 266: Walk: 109
2020-02-08_11:53:20.082[Battery Energy]52.63
2020-02-08_11:53:20.215[Status]Routing 267: Walk: 109
2020-02-08_11:53:20.322[Battery Energy]52.53
2020-02-08_11:53:20.500[Status]Routing 268: Walk: 109
2020-02-08_11:53:20.607[Battery Energy]52.38
2020-02-08_11:53:20.758[Status]Routing 269: Walk: 109
2020-02-08_11:53:20.859[Battery Energy]52.27
2020-02-08_11:53:20.987[Status]Routing 270: Walk: 109
2020-02-08_11:53:21.092[Battery Energy]52.18
2020-02-08_11:53:21.227[Status]Routing 271: Walk: 109
2020-02-08_11:53:21.329[Battery Energy]52.10
2020-02-08_11:53:21.492[Status]Routing 272: Walk: 109
2020-02-08_11:53:21.593[Battery Energy]51.98
2020-02-08_11:53:21.738[Status]Routing 273: Walk: 109
2020-02-08_11:53:21.850[Battery Energy]51.88
2020-02-08_11:53:21.998[Status]Routing 274: Walk: 109
2020-02-08_11:53:22.106[Battery Energy]51.75
2020-02-08_11:53:22.246[Status]Routing 275: Walk: 109
2020-02-08_11:53:22.354[Battery Energy]51.64
2020-02-08_11:53:22.502[Status]Routing 276: Walk: 109
2020-02-08_11:53:22.606[Battery Energy]51.52
2020-02-08_11:53:22.745[Status]Routing 277: Walk: 109
2020-02-08_11:53:22.858[Battery Energy]51.41
2020-02-08_11:53:23.038[Status]Routing 278: Walk: 109
2020-02-08_11:53:23.158[Battery Energy]51.28
2020-02-08_11:53:23.285[Status]Routing 279: Walk: 109
2020-02-08_11:53:23.387[Battery Energy]51.17
2020-02-08_11:53:23.532[Status]Routing 280: Walk: 109
2020-02-08_11:53:23.646[Battery Energy]51.04
2020-02-08_11:53:23.822[Status]Routing 281: Walk: 109
2020-02-08_11:53:23.926[Battery Energy]50.92
2020-02-08_11:53:24.079[Status]Routing 282: Walk: 109
2020-02-08_11:53:24.182[Battery Energy]50.82
2020-02-08_11:53:24.331[Status]Routing 283: Walk: 109
2020-02-08_11:53:24.442[Battery Energy]50.69
2020-02-08_11:53:24.617[Status]Routing 284: Walk: 109
2020-02-08_11:53:24.726[Battery Energy]50.59
2020-02-08_11:53:24.844[Status]Routing 285: Walk: 109
2020-02-08_11:53:24.945[Battery Energy]50.51
2020-02-08_11:53:25.093[Status]Routing 286: Walk: 109
2020-02-08_11:53:25.206[Battery Energy]50.39
2020-02-08_11:53:25.338[Status]Routing 287: Walk: 109
2020-02-08_11:53:25.443[Battery Energy]50.27
2020-02-08_11:53:25.609[Status]Routing 288: Walk: 109
2020-02-08_11:53:25.710[Battery Energy]50.16
2020-02-08_11:53:25.904[Status]Routing 289: Walk: 109
2020-02-08_11:53:26.018[Battery Energy]50.00
2020-02-08_11:53:26.152[Status]Routing 290: Walk: 109
2020-02-08_11:53:26.262[Battery Energy]49.89
2020-02-08_11:53:26.409[Status]Routing 291: Walk: 109
2020-02-08_11:53:26.514[Battery Energy]49.77
2020-02-08_11:53:26.683[Status]Routing 292: Walk: 109
2020-02-08_11:53:26.790[Battery Energy]49.66
2020-02-08_11:53:26.925[Status]Routing 293: Walk: 109
2020-02-08_11:53:27.030[Battery Energy]49.55
2020-02-08_11:53:27.189[Status]Routing 294: Walk: 109
2020-02-08_11:53:27.290[Battery Energy]49.44
2020-02-08_11:53:27.448[Status]Routing 295: Walk: 109
2020-02-08_11:53:27.548[Battery Energy]49.32
2020-02-08_11:53:27.732[Status]Routing 296: Walk: 109
2020-02-08_11:53:27.842[Battery Energy]49.19
2020-02-08_11:53:27.974[Status]Routing 297: Walk: 109
2020-02-08_11:53:28.082[Battery Energy]49.08
2020-02-08_11:53:28.228[Status]Routing 298: Walk: 109
2020-02-08_11:53:28.328[Battery Energy]48.96
2020-02-08_11:53:28.476[Status]Routing 299: Walk: 109
2020-02-08_11:53:28.576[Battery Energy]48.85
2020-02-08_11:53:28.729[Status]Routing 300: Walk: 109
2020-02-08_11:53:28.837[Battery Energy]48.75
2020-02-08_11:53:29.012[Status]Routing 301: Walk: 109
2020-02-08_11:53:29.130[Battery Energy]48.62
2020-02-08_11:53:29.262[Status]Routing 302: Walk: 109
2020-02-08_11:53:29.374[Battery Energy]48.49
2020-02-08_11:53:29.521[Status]Routing 303: Walk: 109
2020-02-08_11:53:29.621[Battery Energy]48.37
2020-02-08_11:53:29.801[Status]Routing 304: Walk: 109
2020-02-08_11:53:29.903[Battery Energy]48.26
2020-02-08_11:53:30.045[Status]Routing 305: Walk: 109
2020-02-08_11:53:30.154[Battery Energy]48.15
2020-02-08_11:53:30.310[Status]Routing 306: Walk: 109
2020-02-08_11:53:30.414[Battery Energy]48.05
2020-02-08_11:53:30.555[Status]Routing 307: Walk: 109
2020-02-08_11:53:30.659[Battery Energy]47.95
2020-02-08_11:53:30.826[Status]Routing 308: Walk: 109
2020-02-08_11:53:30.926[Battery Energy]47.83
2020-02-08_11:53:31.070[Status]Routing 309: Walk: 109
2020-02-08_11:53:31.170[Battery Energy]47.72
2020-02-08_11:53:31.348[Status]Routing 310: Walk: 109
2020-02-08_11:53:31.449[Battery Energy]47.62
2020-02-08_11:53:31.614[Status]Routing 311: Walk: 109
2020-02-08_11:53:31.718[Battery Energy]47.47
2020-02-08_11:53:31.876[Status]Routing 312: Walk: 109
2020-02-08_11:53:31.990[Battery Energy]47.37
2020-02-08_11:53:32.153[Status]Routing 313: Walk: 109
2020-02-08_11:53:32.253[Battery Energy]47.27
2020-02-08_11:53:32.376[Status]Routing 314: Walk: 109
2020-02-08_11:53:32.478[Battery Energy]47.15
2020-02-08_11:53:32.627[Status]Routing 315: Walk: 109
2020-02-08_11:53:32.735[Battery Energy]47.02
2020-02-08_11:53:32.887[Status]Routing 316: Walk: 109
2020-02-08_11:53:32.990[Battery Energy]46.90
2020-02-08_11:53:33.124[Status]Routing 317: Walk: 109
2020-02-08_11:53:33.229[Battery Energy]46.80
2020-02-08_11:53:33.373[Status]Routing 318: Walk: 109
2020-02-08_11:53:33.482[Battery Energy]46.68
2020-02-08_11:53:33.640[Status]Routing 319: Walk: 109
2020-02-08_11:53:33.754[Battery Energy]46.57
2020-02-08_11:53:33.876[Status]Routing 320: Walk: 109
2020-02-08_11:53:33.982[Battery Energy]46.48
2020-02-08_11:53:34.127[Status]Routing 321: Walk: 109
2020-02-08_11:53:34.227[Battery Energy]46.36
2020-02-08_11:53:34.390[Status]Routing 322: Walk: 109
2020-02-08_11:53:34.492[Battery Energy]46.25
2020-02-08_11:53:34.640[Status]Routing 323: Walk: 109
2020-02-08_11:53:34.748[Battery Energy]46.14
2020-02-08_11:53:34.900[Status]Routing 324: Walk: 109
2020-02-08_11:53:35.000[Battery Energy]46.03
2020-02-08_11:53:35.156[Status]Routing 325: Walk: 109
2020-02-08_11:53:35.266[Battery Energy]45.91
2020-02-08_11:53:35.409[Status]Routing 326: Walk: 109
2020-02-08_11:53:35.518[Battery Energy]45.81
2020-02-08_11:53:35.671[Status]Routing 327: Walk: 109
2020-02-08_11:53:35.782[Battery Energy]45.70
2020-02-08_11:53:35.922[Status]Routing 328: Walk: 109
2020-02-08_11:53:36.034[Battery Energy]45.60
2020-02-08_11:53:36.166[Status]Routing 329: Walk: 109
2020-02-08_11:53:36.278[Battery Energy]45.50
2020-02-08_11:53:36.420[Status]Routing 330: Walk: 109
2020-02-08_11:53:36.530[Battery Energy]45.39
2020-02-08_11:53:36.679[Status]Routing 331: Walk: 109
2020-02-08_11:53:36.794[Battery Energy]45.28
2020-02-08_11:53:36.948[Status]Routing 332: Walk: 109
2020-02-08_11:53:37.052[Battery Energy]45.17
2020-02-08_11:53:37.185[Status]Routing 333: Walk: 109
2020-02-08_11:53:37.294[Battery Energy]45.07
2020-02-08_11:53:37.449[Status]Routing 334: Walk: 109
2020-02-08_11:53:37.560[Battery Energy]44.95
2020-02-08_11:53:37.701[Status]Routing 335: Walk: 109
2020-02-08_11:53:37.803[Battery Energy]44.84
2020-02-08_11:53:37.971[Status]Routing 336: Walk: 109
2020-02-08_11:53:38.073[Battery Energy]44.73
2020-02-08_11:53:38.210[Status]Routing 337: Walk: 109
2020-02-08_11:53:38.318[Battery Energy]44.62
2020-02-08_11:53:38.503[Status]Routing 338: Walk: 109
2020-02-08_11:53:38.604[Battery Energy]44.49
2020-02-08_11:53:38.773[Status]Routing 339: Walk: 109
2020-02-08_11:53:38.873[Battery Energy]44.36
2020-02-08_11:53:39.051[Status]Routing 340: Walk: 109
2020-02-08_11:53:39.158[Battery Energy]44.26
2020-02-08_11:53:39.320[Status]Routing 341: Walk: 109
2020-02-08_11:53:39.434[Battery Energy]44.13
2020-02-08_11:53:39.595[Status]Routing 342: Walk: 109
2020-02-08_11:53:39.706[Battery Energy]44.01
2020-02-08_11:53:39.875[Status]Routing 343: Walk: 109
2020-02-08_11:53:39.986[Battery Energy]43.88
2020-02-08_11:53:40.148[Status]Routing 344: Walk: 109
2020-02-08_11:53:40.248[Battery Energy]43.75
2020-02-08_11:53:40.444[Status]Routing 345: Walk: 109
2020-02-08_11:53:40.549[Battery Energy]43.63
2020-02-08_11:53:40.678[Status]Routing 346: Walk: 109
2020-02-08_11:53:40.785[Battery Energy]43.54
2020-02-08_11:53:40.940[Status]Routing 347: Walk: 109
2020-02-08_11:53:41.040[Battery Energy]43.41
2020-02-08_11:53:41.199[Status]Routing 348: Walk: 109
2020-02-08_11:53:41.302[Battery Energy]43.28
2020-02-08_11:53:41.451[Status]Routing 349: Walk: 109
2020-02-08_11:53:41.562[Battery Energy]43.17
2020-02-08_11:53:41.695[Status]Routing 350: Walk: 109
2020-02-08_11:53:41.806[Battery Energy]43.05
2020-02-08_11:53:41.974[Status]Routing 351: Walk: 109
2020-02-08_11:53:42.074[Battery Energy]42.93
2020-02-08_11:53:42.242[Status]Routing 352: Walk: 109
2020-02-08_11:53:42.342[Battery Energy]42.81
2020-02-08_11:53:42.487[Status]Routing 353: Walk: 109
2020-02-08_11:53:42.588[Battery Energy]42.70
2020-02-08_11:53:42.748[Status]Routing 354: Walk: 109
2020-02-08_11:53:42.848[Battery Energy]42.58
2020-02-08_11:53:43.017[Status]Routing 355: Walk: 109
2020-02-08_11:53:43.122[Battery Energy]42.43
2020-02-08_11:53:43.288[Status]Routing 356: Walk: 109
2020-02-08_11:53:43.398[Battery Energy]42.33
2020-02-08_11:53:43.564[Status]Routing 357: Walk: 109
2020-02-08_11:53:43.673[Battery Energy]42.22
2020-02-08_11:53:43.806[Status]Routing 358: Walk: 109
2020-02-08_11:53:43.918[Battery Energy]42.10
2020-02-08_11:53:44.052[Status]Routing 359: Walk: 109
2020-02-08_11:53:44.152[Battery Energy]42.01
2020-02-08_11:53:44.302[Status]Routing 360: Walk: 109
2020-02-08_11:53:44.414[Battery Energy]41.91
2020-02-08_11:53:44.581[Status]Routing 361: Walk: 109
2020-02-08_11:53:44.686[Battery Energy]41.81
2020-02-08_11:53:44.854[Status]Routing 362: Walk: 109
2020-02-08_11:53:44.968[Battery Energy]41.71
2020-02-08_11:53:45.107[Status]Routing 363: Walk: 109
2020-02-08_11:53:45.210[Battery Energy]41.62
2020-02-08_11:53:45.345[Status]Routing 364: Walk: 109
2020-02-08_11:53:45.455[Battery Energy]41.51
2020-02-08_11:53:45.584[Status]Routing 365: Walk: 109
2020-02-08_11:53:45.685[Battery Energy]41.41
2020-02-08_11:53:45.844[Status]Routing 366: Walk: 109
2020-02-08_11:53:45.946[Battery Energy]41.32
2020-02-08_11:53:46.095[Status]Routing 367: Walk: 109
2020-02-08_11:53:46.202[Battery Energy]41.21
2020-02-08_11:53:46.358[Status]Routing 368: Walk: 109
2020-02-08_11:53:46.458[Battery Energy]41.09
2020-02-08_11:53:46.608[Status]Routing 369: Walk: 109
2020-02-08_11:53:46.720[Battery Energy]40.96
2020-02-08_11:53:46.867[Status]Routing 370: Walk: 109
2020-02-08_11:53:46.967[Battery Energy]40.85
2020-02-08_11:53:47.103[Status]Routing 371: Walk: 109
2020-02-08_11:53:47.225[Battery Energy]40.76
2020-02-08_11:53:47.358[Status]Routing 372: Walk: 109
2020-02-08_11:53:47.468[Battery Energy]40.65
2020-02-08_11:53:47.615[Status]Routing 373: Walk: 109
2020-02-08_11:53:47.716[Battery Energy]40.52
2020-02-08_11:53:47.879[Status]Routing 374: Walk: 109
2020-02-08_11:53:47.983[Battery Energy]40.39
2020-02-08_11:53:48.135[Status]Routing 375: Walk: 109
2020-02-08_11:53:48.242[Battery Energy]40.26
2020-02-08_11:53:48.394[Status]Routing 376: Walk: 109
2020-02-08_11:53:48.498[Battery Energy]40.13
2020-02-08_11:53:48.660[Status]Routing 377: Walk: 109
2020-02-08_11:53:48.765[Battery Energy]40.02
2020-02-08_11:53:48.898[Status]Routing 378: Walk: 109
2020-02-08_11:53:49.005[Battery Energy]39.90
2020-02-08_11:53:49.173[Status]Routing 379: Walk: 109
2020-02-08_11:53:49.282[Battery Energy]39.80
2020-02-08_11:53:49.425[Status]Routing 380: Walk: 109
2020-02-08_11:53:49.528[Battery Energy]39.69
2020-02-08_11:53:49.655[Status]Routing 381: Walk: 109
2020-02-08_11:53:49.755[Battery Energy]39.59
2020-02-08_11:53:49.945[Status]Routing 382: Walk: 109
2020-02-08_11:53:50.058[Battery Energy]39.45
2020-02-08_11:53:50.204[Status]Routing 383: Walk: 109
2020-02-08_11:53:50.310[Battery Energy]39.36
2020-02-08_11:53:50.439[Status]Routing 384: Walk: 109
2020-02-08_11:53:50.554[Battery Energy]39.26
2020-02-08_11:53:50.701[Status]Routing 385: Walk: 109
2020-02-08_11:53:50.810[Battery Energy]39.18
2020-02-08_11:53:50.958[Status]Routing 386: Walk: 109
2020-02-08_11:53:51.058[Battery Energy]39.07
2020-02-08_11:53:51.215[Status]Routing 387: Walk: 109
2020-02-08_11:53:51.326[Battery Energy]38.97
2020-02-08_11:53:51.456[Status]Routing 388: Walk: 109
2020-02-08_11:53:51.566[Battery Energy]38.88
2020-02-08_11:53:51.710[Status]Routing 389: Walk: 109
2020-02-08_11:53:51.810[Battery Energy]38.76
2020-02-08_11:53:51.967[Status]Routing 390: Walk: 109
2020-02-08_11:53:52.070[Battery Energy]38.65
2020-02-08_11:53:52.212[Status]Routing 391: Walk: 109
2020-02-08_11:53:52.322[Battery Energy]38.56
2020-02-08_11:53:52.452[Status]Routing 392: Walk: 109
2020-02-08_11:53:52.552[Battery Energy]38.45
2020-02-08_11:53:52.726[Status]Routing 393: Walk: 109
2020-02-08_11:53:52.846[Battery Energy]38.34
2020-02-08_11:53:52.983[Status]Routing 394: Walk: 109
2020-02-08_11:53:53.086[Battery Energy]38.23
2020-02-08_11:53:53.239[Status]Routing 395: Walk: 109
2020-02-08_11:53:53.348[Battery Energy]38.12
2020-02-08_11:53:53.501[Status]Routing 396: Walk: 109
2020-02-08_11:53:53.602[Battery Energy]38.01
2020-02-08_11:53:53.752[Status]Routing 397: Walk: 109
2020-02-08_11:53:53.866[Battery Energy]37.90
2020-02-08_11:53:54.035[Status]Routing 398: Walk: 109
2020-02-08_11:53:54.164[Battery Energy]37.75
2020-02-08_11:53:54.295[Status]Routing 399: Walk: 109
2020-02-08_11:53:54.395[Battery Energy]37.65
2020-02-08_11:53:54.563[Status]Routing 400: Walk: 109
2020-02-08_11:53:54.670[Battery Energy]37.54
2020-02-08_11:53:54.808[Status]Routing 401: Walk: 109
2020-02-08_11:53:54.908[Battery Energy]37.45
2020-02-08_11:53:55.059[Status]Routing 402: Walk: 109
2020-02-08_11:53:55.162[Battery Energy]37.36
2020-02-08_11:53:55.316[Status]Routing 403: Walk: 109
2020-02-08_11:53:55.417[Battery Energy]37.24
2020-02-08_11:53:55.581[Status]Routing 404: Walk: 109
2020-02-08_11:53:55.686[Battery Energy]37.13
2020-02-08_11:53:55.813[Status]Routing 405: Walk: 109
2020-02-08_11:53:55.914[Battery Energy]37.02
2020-02-08_11:53:56.056[Status]Routing 406: Walk: 109
2020-02-08_11:53:56.161[Battery Energy]36.91
2020-02-08_11:53:56.297[Status]Routing 407: Walk: 109
2020-02-08_11:53:56.398[Battery Energy]36.79
2020-02-08_11:53:56.563[Status]Routing 408: Walk: 109
2020-02-08_11:53:56.663[Battery Energy]36.72
2020-02-08_11:53:56.845[Status]Routing 409: Walk: 109
2020-02-08_11:53:56.946[Battery Energy]36.60
2020-02-08_11:53:57.099[Status]Routing 410: Walk: 109
2020-02-08_11:53:57.201[Battery Energy]36.46
2020-02-08_11:53:57.358[Status]Routing 411: Walk: 109
2020-02-08_11:53:57.478[Battery Energy]36.33
2020-02-08_11:53:57.603[Status]Routing 412: Walk: 109
2020-02-08_11:53:57.718[Battery Energy]36.21
2020-02-08_11:53:57.857[Status]Routing 413: Walk: 109
2020-02-08_11:53:57.962[Battery Energy]36.10
2020-02-08_11:53:58.119[Status]Routing 414: Walk: 109
2020-02-08_11:53:58.220[Battery Energy]35.96
2020-02-08_11:53:58.389[Status]Routing 415: Walk: 109
2020-02-08_11:53:58.494[Battery Energy]35.84
2020-02-08_11:53:58.634[Status]Routing 416: Walk: 109
2020-02-08_11:53:58.738[Battery Energy]35.73
2020-02-08_11:53:58.895[Status]Routing 417: Walk: 109
2020-02-08_11:53:58.999[Battery Energy]35.61
2020-02-08_11:53:59.157[Status]Routing 418: Walk: 109
2020-02-08_11:53:59.258[Battery Energy]35.47
2020-02-08_11:53:59.387[Status]Routing 419: Walk: 109
2020-02-08_11:53:59.498[Battery Energy]35.35
2020-02-08_11:53:59.620[Status]Routing 420: Walk: 109
2020-02-08_11:53:59.726[Battery Energy]35.26
2020-02-08_11:53:59.878[Status]Routing 421: Walk: 109
2020-02-08_11:53:59.979[Battery Energy]35.14
2020-02-08_11:54:00.140[Status]Routing 422: Walk: 109
2020-02-08_11:54:00.241[Battery Energy]35.04
2020-02-08_11:54:00.390[Status]Routing 423: Walk: 109
2020-02-08_11:54:00.502[Battery Energy]34.95
2020-02-08_11:54:00.623[Status]Routing 424: Walk: 109
2020-02-08_11:54:00.724[Battery Energy]34.85
2020-02-08_11:54:00.874[Status]Routing 425: Walk: 109
2020-02-08_11:54:00.982[Battery Energy]34.73
2020-02-08_11:54:01.133[Status]Routing 426: Walk: 109
2020-02-08_11:54:01.245[Battery Energy]34.65
2020-02-08_11:54:01.387[Status]Routing 427: Walk: 109
2020-02-08_11:54:01.491[Battery Energy]34.55
2020-02-08_11:54:01.637[Status]Routing 428: Walk: 109
2020-02-08_11:54:01.737[Battery Energy]34.44
2020-02-08_11:54:01.884[Status]Routing 429: Walk: 109
2020-02-08_11:54:01.990[Battery Energy]34.31
2020-02-08_11:54:02.138[Status]Routing 430: Walk: 109
2020-02-08_11:54:02.240[Battery Energy]34.22
2020-02-08_11:54:02.374[Status]Routing 431: Walk: 109
2020-02-08_11:54:02.475[Battery Energy]34.12
2020-02-08_11:54:02.660[Status]Routing 432: Walk: 109
2020-02-08_11:54:02.770[Battery Energy]33.96
2020-02-08_11:54:02.901[Status]Routing 433: Walk: 109
2020-02-08_11:54:03.021[Battery Energy]33.87
2020-02-08_11:54:03.158[Status]Routing 434: Walk: 109
2020-02-08_11:54:03.270[Battery Energy]33.79
2020-02-08_11:54:03.409[Status]Routing 435: Walk: 109
2020-02-08_11:54:03.514[Battery Energy]33.66
2020-02-08_11:54:03.667[Status]Routing 436: Walk: 109
2020-02-08_11:54:03.767[Battery Energy]33.53
2020-02-08_11:54:03.914[Status]Routing 437: Walk: 109
2020-02-08_11:54:04.025[Battery Energy]33.41
2020-02-08_11:54:04.153[Status]Routing 438: Walk: 109
2020-02-08_11:54:04.258[Battery Energy]33.31
2020-02-08_11:54:04.449[Status]Routing 439: Walk: 109
2020-02-08_11:54:04.549[Battery Energy]33.16
2020-02-08_11:54:04.691[Status]Routing 440: Walk: 109
2020-02-08_11:54:04.802[Battery Energy]33.06
2020-02-08_11:54:04.935[Status]Routing 441: Walk: 109
2020-02-08_11:54:05.059[Battery Energy]32.94
2020-02-08_11:54:05.189[Status]Routing 442: Walk: 109
2020-02-08_11:54:05.290[Battery Energy]32.85
2020-02-08_11:54:05.461[Status]Routing 443: Walk: 109
2020-02-08_11:54:05.561[Battery Energy]32.75
2020-02-08_11:54:05.749[Status]Routing 444: Walk: 109
2020-02-08_11:54:05.854[Battery Energy]32.62
2020-02-08_11:54:06.016[Status]Routing 445: Walk: 109
2020-02-08_11:54:06.122[Battery Energy]32.50
2020-02-08_11:54:06.294[Status]Routing 446: Walk: 109
2020-02-08_11:54:06.395[Battery Energy]32.38
2020-02-08_11:54:06.532[Status]Routing 447: Walk: 109
2020-02-08_11:54:06.646[Battery Energy]32.29
2020-02-08_11:54:06.776[Status]Routing 448: Walk: 109
2020-02-08_11:54:06.882[Battery Energy]32.20
2020-02-08_11:54:07.065[Status]Routing 449: Walk: 109
2020-02-08_11:54:07.166[Battery Energy]32.06
