2020-02-08_13:21:23.572[Status]Start.
2020-02-08_13:21:23.573[Battery Energy]105.00
2020-02-08_13:21:24.674[Battery Energy]104.96
2020-02-08_13:21:25.774[Battery Energy]104.92
2020-02-08_13:21:26.876[Battery Energy]104.88
2020-02-08_13:21:27.977[Battery Energy]104.84
2020-02-08_13:21:29.078[Task]A New Task Released.
2020-02-08_13:21:29.078[Battery Energy]104.80
2020-02-08_13:21:29.078[Status]Selection Start.
2020-02-08_13:21:34.232[Status]Selection End: Do Task 1.
2020-02-08_13:21:34.342[Battery Energy]101.60
2020-02-08_13:21:34.342[Status]Formation Start.
2020-02-08_13:21:34.476[Status]Formation End: To Position 4.
2020-02-08_13:21:34.576[Battery Energy]101.49
2020-02-08_13:21:34.576[Status]Routing Start.
2020-02-08_13:21:34.784[Status]{'coordinate': [65.9981292664791, 676.806580324749], 'id': 8}
2020-02-08_13:21:34.793[Status]Routing 1: Walk: 1
2020-02-08_13:21:34.922[Battery Energy]101.25
2020-02-08_13:21:34.922[Status]Routing Start.
2020-02-08_13:21:35.078[Status]{'coordinate': [75.9962585329582, 676.613160649498], 'id': 8}
2020-02-08_13:21:35.078[Status]Routing 2: Walk: 2
2020-02-08_13:21:35.178[Battery Energy]101.03
2020-02-08_13:21:35.178[Status]Routing Start.
2020-02-08_13:21:35.336[Status]{'coordinate': [85.99438779943729, 676.419740974247], 'id': 8}
2020-02-08_13:21:35.336[Status]Routing 3: Walk: 3
2020-02-08_13:21:35.438[Battery Energy]100.84
2020-02-08_13:21:35.438[Status]Routing Start.
2020-02-08_13:21:35.596[Status]{'coordinate': [95.99251706591639, 676.226321298996], 'id': 8}
2020-02-08_13:21:35.597[Status]Routing 4: Walk: 4
2020-02-08_13:21:35.697[Battery Energy]100.63
2020-02-08_13:21:35.697[Status]Routing Start.
2020-02-08_13:21:35.870[Status]{'coordinate': [105.99064633239549, 676.032901623745], 'id': 8}
2020-02-08_13:21:35.872[Status]Routing 5: Walk: 5
2020-02-08_13:21:35.989[Battery Energy]100.38
2020-02-08_13:21:35.989[Status]Routing Start.
2020-02-08_13:21:36.141[Status]{'coordinate': [115.98877559887458, 675.839481948494], 'id': 8}
2020-02-08_13:21:36.141[Status]Routing 6: Walk: 6
2020-02-08_13:21:36.250[Battery Energy]100.17
2020-02-08_13:21:36.250[Status]Routing Start.
2020-02-08_13:21:36.422[Status]{'coordinate': [125.98690486535368, 675.646062273243], 'id': 8}
2020-02-08_13:21:36.422[Status]Routing 7: Walk: 7
2020-02-08_13:21:36.526[Battery Energy]99.94
2020-02-08_13:21:36.526[Status]Routing Start.
2020-02-08_13:21:36.870[Status]{'coordinate': [135.98503413183278, 675.452642597992], 'id': 8}
2020-02-08_13:21:36.870[Status]Routing 8: Walk: 8
2020-02-08_13:21:36.970[Battery Energy]99.62
2020-02-08_13:21:36.970[Status]Routing Start.
2020-02-08_13:21:37.272[Status]{'coordinate': [145.98316339831186, 675.2592229227411], 'id': 8}
2020-02-08_13:21:37.273[Status]Routing 9: Walk: 9
2020-02-08_13:21:37.373[Battery Energy]99.33
2020-02-08_13:21:37.373[Status]Routing Start.
2020-02-08_13:21:37.529[Status]{'coordinate': [155.98129266479094, 675.0658032474901], 'id': 8}
2020-02-08_13:21:37.529[Status]Routing 10: Walk: 10
2020-02-08_13:21:37.638[Battery Energy]99.13
2020-02-08_13:21:37.638[Status]Routing Start.
2020-02-08_13:21:37.782[Status]{'coordinate': [165.97942193127002, 674.8723835722391], 'id': 8}
2020-02-08_13:21:37.785[Status]Routing 11: Walk: 11
2020-02-08_13:21:37.890[Battery Energy]98.91
2020-02-08_13:21:37.890[Status]Routing Start.
2020-02-08_13:21:38.216[Status]{'coordinate': [175.9775511977491, 674.6789638969881], 'id': 8}
2020-02-08_13:21:38.216[Status]Routing 12: Walk: 12
2020-02-08_13:21:38.318[Battery Energy]98.58
2020-02-08_13:21:38.318[Status]Routing Start.
2020-02-08_13:21:38.687[Status]{'coordinate': [185.9756804642282, 674.4855442217371], 'id': 8}
2020-02-08_13:21:38.687[Status]Routing 13: Walk: 13
2020-02-08_13:21:38.787[Battery Energy]98.23
2020-02-08_13:21:38.787[Status]Routing Start.
2020-02-08_13:21:39.122[Status]{'coordinate': [195.97380973070727, 674.2921245464861], 'id': 8}
2020-02-08_13:21:39.122[Status]Routing 14: Walk: 14
2020-02-08_13:21:39.222[Battery Energy]97.93
2020-02-08_13:21:39.222[Status]Routing Start.
2020-02-08_13:21:39.539[Status]{'coordinate': [205.97193899718636, 674.0987048712351], 'id': 8}
2020-02-08_13:21:39.539[Status]Routing 15: Walk: 15
2020-02-08_13:21:39.644[Battery Energy]97.62
2020-02-08_13:21:39.644[Status]Routing Start.
2020-02-08_13:21:39.929[Status]{'coordinate': [215.97006826366544, 673.9052851959841], 'id': 8}
2020-02-08_13:21:39.929[Status]Routing 16: Walk: 16
2020-02-08_13:21:40.038[Battery Energy]97.34
2020-02-08_13:21:40.038[Status]Routing Start.
2020-02-08_13:21:40.377[Status]{'coordinate': [225.96819753014452, 673.7118655207331], 'id': 8}
2020-02-08_13:21:40.377[Status]Routing 17: Walk: 17
2020-02-08_13:21:40.480[Battery Energy]97.02
2020-02-08_13:21:40.480[Status]Routing Start.
2020-02-08_13:21:40.771[Status]{'coordinate': [235.9663267966236, 673.5184458454821], 'id': 8}
2020-02-08_13:21:40.771[Status]Routing 18: Walk: 18
2020-02-08_13:21:40.874[Battery Energy]96.74
2020-02-08_13:21:40.874[Status]Routing Start.
2020-02-08_13:21:41.036[Status]{'coordinate': [245.9644560631027, 673.3250261702311], 'id': 8}
2020-02-08_13:21:41.037[Status]Routing 19: Walk: 19
2020-02-08_13:21:41.137[Battery Energy]96.54
2020-02-08_13:21:41.137[Status]Routing Start.
2020-02-08_13:21:41.591[Status]{'coordinate': [241.44651016257075, 682.2462460890464], 'id': 8}
2020-02-08_13:21:41.591[Status]Routing 20: Walk: 20
2020-02-08_13:21:41.691[Battery Energy]96.08
2020-02-08_13:21:41.691[Status]Routing Start.
2020-02-08_13:21:41.820[Status]{'coordinate': [251.44215660944397, 681.9512001449787], 'id': 8}
2020-02-08_13:21:41.821[Status]Routing 21: Walk: 21
2020-02-08_13:21:41.921[Battery Energy]95.88
2020-02-08_13:21:41.921[Status]Routing Start.
2020-02-08_13:21:42.386[Status]{'coordinate': [248.9750455752042, 691.6420908751816], 'id': 8}
2020-02-08_13:21:42.386[Status]Routing 22: Walk: 22
2020-02-08_13:21:42.487[Battery Energy]95.40
2020-02-08_13:21:42.487[Status]Routing Start.
2020-02-08_13:21:42.803[Status]{'coordinate': [252.02142090513883, 701.1667744578086], 'id': 8}
2020-02-08_13:21:42.807[Status]Routing 23: Walk: 23
2020-02-08_13:21:42.910[Battery Energy]95.05
2020-02-08_13:21:42.910[Status]Routing Start.
2020-02-08_13:21:43.090[Status]{'coordinate': [262.00796126381556, 700.6481111137009], 'id': 8}
2020-02-08_13:21:43.090[Status]Routing 24: Walk: 24
2020-02-08_13:21:43.206[Battery Energy]94.82
2020-02-08_13:21:43.206[Status]Routing Start.
2020-02-08_13:21:43.519[Status]{'coordinate': [271.9945016224923, 700.1294477695932], 'id': 8}
2020-02-08_13:21:43.519[Status]Routing 25: Walk: 25
2020-02-08_13:21:43.622[Battery Energy]94.53
2020-02-08_13:21:43.622[Status]Routing Start.
2020-02-08_13:21:43.936[Status]{'coordinate': [281.981041981169, 699.6107844254855], 'id': 8}
2020-02-08_13:21:43.936[Status]Routing 26: Walk: 26
2020-02-08_13:21:44.037[Battery Energy]94.21
2020-02-08_13:21:44.037[Status]Routing Start.
2020-02-08_13:21:44.358[Status]{'coordinate': [291.96758233984576, 699.0921210813777], 'id': 8}
2020-02-08_13:21:44.359[Status]Routing 27: Walk: 27
2020-02-08_13:21:44.459[Battery Energy]93.89
2020-02-08_13:21:44.459[Status]Routing Start.
2020-02-08_13:21:44.764[Status]{'coordinate': [301.9541226985225, 698.57345773727], 'id': 8}
2020-02-08_13:21:44.765[Status]Routing 28: Walk: 28
2020-02-08_13:21:44.878[Battery Energy]93.60
2020-02-08_13:21:44.878[Status]Routing Start.
2020-02-08_13:21:45.219[Status]{'coordinate': [311.94066305719923, 698.0547943931623], 'id': 8}
2020-02-08_13:21:45.220[Status]Routing 29: Walk: 29
2020-02-08_13:21:45.320[Battery Energy]93.27
2020-02-08_13:21:45.320[Status]Routing Start.
2020-02-08_13:21:45.686[Status]{'coordinate': [321.92720341587597, 697.5361310490546], 'id': 8}
2020-02-08_13:21:45.686[Status]Routing 30: Walk: 30
2020-02-08_13:21:45.790[Battery Energy]92.94
2020-02-08_13:21:45.790[Status]Routing Start.
2020-02-08_13:21:46.131[Status]{'coordinate': [331.9137437745527, 697.0174677049469], 'id': 8}
2020-02-08_13:21:46.131[Status]Routing 31: Walk: 31
2020-02-08_13:21:46.232[Battery Energy]92.66
2020-02-08_13:21:46.233[Status]Routing Start.
2020-02-08_13:21:46.524[Status]{'coordinate': [341.90028413322943, 696.4988043608391], 'id': 8}
2020-02-08_13:21:46.525[Status]Routing 32: Walk: 32
2020-02-08_13:21:46.630[Battery Energy]92.34
2020-02-08_13:21:46.630[Status]Routing Start.
2020-02-08_13:21:46.770[Status]{'coordinate': [351.88682449190617, 695.9801410167314], 'id': 8}
2020-02-08_13:21:46.770[Status]Routing 33: Walk: 33
2020-02-08_13:21:46.878[Battery Energy]92.12
2020-02-08_13:21:46.878[Status]Routing Start.
2020-02-08_13:21:47.208[Status]{'coordinate': [361.8733648505829, 695.4614776726237], 'id': 8}
2020-02-08_13:21:47.211[Status]Routing 34: Walk: 34
2020-02-08_13:21:47.322[Battery Energy]91.83
2020-02-08_13:21:47.322[Status]Routing Start.
2020-02-08_13:21:47.670[Status]{'coordinate': [371.85990520925964, 694.942814328516], 'id': 8}
2020-02-08_13:21:47.670[Status]Routing 35: Walk: 35
2020-02-08_13:21:47.777[Battery Energy]91.44
2020-02-08_13:21:47.777[Status]Routing Start.
2020-02-08_13:21:48.118[Status]{'coordinate': [381.84644556793637, 694.4241509844082], 'id': 8}
2020-02-08_13:21:48.120[Status]Routing 36: Walk: 36
2020-02-08_13:21:48.224[Battery Energy]91.12
2020-02-08_13:21:48.224[Status]Routing Start.
2020-02-08_13:21:48.381[Status]{'coordinate': [391.8329859266131, 693.9054876403005], 'id': 8}
2020-02-08_13:21:48.381[Status]Routing 37: Walk: 37
2020-02-08_13:21:48.482[Battery Energy]90.88
2020-02-08_13:21:48.482[Status]Routing Start.
2020-02-08_13:21:48.647[Status]{'coordinate': [401.81952628528984, 693.3868242961928], 'id': 8}
2020-02-08_13:21:48.647[Status]Routing 38: Walk: 38
2020-02-08_13:21:48.766[Battery Energy]90.67
2020-02-08_13:21:48.770[Status]Routing Start.
2020-02-08_13:21:48.902[Status]{'coordinate': [411.8060666439666, 692.8681609520851], 'id': 8}
2020-02-08_13:21:48.902[Status]Routing 39: Walk: 39
2020-02-08_13:21:49.017[Battery Energy]90.48
2020-02-08_13:21:49.017[Status]Routing Start.
2020-02-08_13:21:49.184[Status]{'coordinate': [421.7926070026433, 692.3494976079774], 'id': 8}
2020-02-08_13:21:49.184[Status]Routing 40: Walk: 40
2020-02-08_13:21:49.290[Battery Energy]90.24
2020-02-08_13:21:49.290[Status]Routing Start.
2020-02-08_13:21:49.435[Status]{'coordinate': [431.77914736132004, 691.8308342638696], 'id': 8}
2020-02-08_13:21:49.439[Status]Routing 41: Walk: 41
2020-02-08_13:21:49.539[Battery Energy]90.03
2020-02-08_13:21:49.539[Status]Routing Start.
2020-02-08_13:21:49.721[Status]{'coordinate': [441.7656877199968, 691.3121709197619], 'id': 8}
2020-02-08_13:21:49.721[Status]Routing 42: Walk: 42
2020-02-08_13:21:49.842[Battery Energy]89.82
2020-02-08_13:21:49.842[Status]Routing Start.
2020-02-08_13:21:49.986[Status]{'coordinate': [451.7522280786735, 690.7935075756542], 'id': 8}
2020-02-08_13:21:49.986[Status]Routing 43: Walk: 43
2020-02-08_13:21:50.086[Battery Energy]89.63
2020-02-08_13:21:50.086[Status]Routing Start.
2020-02-08_13:21:50.255[Status]{'coordinate': [461.73876843735025, 690.2748442315465], 'id': 8}
2020-02-08_13:21:50.255[Status]Routing 44: Walk: 44
2020-02-08_13:21:50.362[Battery Energy]89.39
2020-02-08_13:21:50.362[Status]Routing Start.
2020-02-08_13:21:50.655[Status]{'coordinate': [471.725308796027, 689.7561808874387], 'id': 8}
2020-02-08_13:21:50.656[Status]Routing 45: Walk: 45
2020-02-08_13:21:50.770[Battery Energy]89.08
2020-02-08_13:21:50.770[Status]Routing Start.
2020-02-08_13:21:50.919[Status]{'coordinate': [481.7118491547037, 689.237517543331], 'id': 8}
2020-02-08_13:21:50.919[Status]Routing 46: Walk: 46
2020-02-08_13:21:51.020[Battery Energy]88.88
2020-02-08_13:21:51.020[Status]Routing Start.
2020-02-08_13:21:51.460[Status]{'coordinate': [491.69838951338045, 688.7188541992233], 'id': 8}
2020-02-08_13:21:51.460[Status]Routing 47: Walk: 47
2020-02-08_13:21:51.561[Battery Energy]88.56
2020-02-08_13:21:51.561[Status]Routing Start.
2020-02-08_13:21:51.867[Status]{'coordinate': [501.6849298720572, 688.2001908551156], 'id': 8}
2020-02-08_13:21:51.868[Status]Routing 48: Walk: 48
2020-02-08_13:21:51.971[Battery Energy]88.27
2020-02-08_13:21:51.971[Status]Routing Start.
2020-02-08_13:21:52.302[Status]{'coordinate': [511.6714702307339, 687.6815275110079], 'id': 8}
2020-02-08_13:21:52.302[Status]Routing 49: Walk: 49
2020-02-08_13:21:52.402[Battery Energy]87.97
2020-02-08_13:21:52.402[Status]Routing Start.
2020-02-08_13:21:52.695[Status]{'coordinate': [521.6580105894107, 687.1628641669001], 'id': 8}
2020-02-08_13:21:52.695[Status]Routing 50: Walk: 50
2020-02-08_13:21:52.795[Battery Energy]87.67
2020-02-08_13:21:52.795[Status]Routing Start.
2020-02-08_13:21:53.111[Status]{'coordinate': [531.6445509480874, 686.6442008227924], 'id': 8}
2020-02-08_13:21:53.112[Status]Routing 51: Walk: 51
2020-02-08_13:21:53.222[Battery Energy]87.33
2020-02-08_13:21:53.222[Status]Routing Start.
2020-02-08_13:21:53.376[Status]{'coordinate': [541.6310913067641, 686.1255374786847], 'id': 8}
2020-02-08_13:21:53.376[Status]Routing 52: Walk: 52
2020-02-08_13:21:53.477[Battery Energy]87.12
2020-02-08_13:21:53.477[Status]Routing Start.
2020-02-08_13:21:53.636[Status]{'coordinate': [551.6176316654409, 685.606874134577], 'id': 8}
2020-02-08_13:21:53.636[Status]Routing 53: Walk: 53
2020-02-08_13:21:53.746[Battery Energy]86.91
2020-02-08_13:21:53.746[Status]Routing Start.
2020-02-08_13:21:53.929[Status]{'coordinate': [561.6041720241176, 685.0882107904692], 'id': 8}
2020-02-08_13:21:53.929[Status]Routing 54: Walk: 54
2020-02-08_13:21:54.030[Battery Energy]86.69
2020-02-08_13:21:54.030[Status]Routing Start.
2020-02-08_13:21:54.270[Status]{'coordinate': [571.5907123827943, 684.5695474463615], 'id': 8}
2020-02-08_13:21:54.270[Status]Routing 55: Walk: 55
2020-02-08_13:21:54.371[Battery Energy]86.42
2020-02-08_13:21:54.371[Status]Routing Start.
2020-02-08_13:21:54.657[Status]{'coordinate': [581.577252741471, 684.0508841022538], 'id': 8}
2020-02-08_13:21:54.657[Status]Routing 56: Walk: 56
2020-02-08_13:21:54.757[Battery Energy]86.15
2020-02-08_13:21:54.757[Status]Routing Start.
2020-02-08_13:21:54.927[Status]{'coordinate': [591.5637931001478, 683.5322207581461], 'id': 8}
2020-02-08_13:21:54.927[Status]Routing 57: Walk: 57
2020-02-08_13:21:55.034[Battery Energy]85.94
2020-02-08_13:21:55.034[Status]Routing Start.
2020-02-08_13:21:55.341[Status]{'coordinate': [601.5503334588245, 683.0135574140384], 'id': 8}
2020-02-08_13:21:55.342[Status]Routing 58: Walk: 58
2020-02-08_13:21:55.442[Battery Energy]85.65
2020-02-08_13:21:55.442[Status]Routing Start.
2020-02-08_13:21:55.718[Status]{'coordinate': [611.5368738175013, 682.4948940699306], 'id': 8}
2020-02-08_13:21:55.719[Status]Routing 59: Walk: 59
2020-02-08_13:21:55.822[Battery Energy]85.37
2020-02-08_13:21:55.822[Status]Routing Start.
2020-02-08_13:21:56.199[Status]{'coordinate': [621.523414176178, 681.9762307258229], 'id': 8}
2020-02-08_13:21:56.199[Status]Routing 60: Walk: 60
2020-02-08_13:21:56.313[Battery Energy]85.02
2020-02-08_13:21:56.313[Status]Routing Start.
2020-02-08_13:21:56.458[Status]{'coordinate': [631.5099545348547, 681.4575673817152], 'id': 8}
2020-02-08_13:21:56.458[Status]Routing 61: Walk: 61
2020-02-08_13:21:56.563[Battery Energy]84.81
2020-02-08_13:21:56.563[Status]Routing Start.
2020-02-08_13:21:56.864[Status]{'coordinate': [641.4964948935315, 680.9389040376075], 'id': 8}
2020-02-08_13:21:56.864[Status]Routing 62: Walk: 62
2020-02-08_13:21:56.974[Battery Energy]84.49
2020-02-08_13:21:56.974[Status]Routing Start.
2020-02-08_13:21:57.274[Status]{'coordinate': [651.4830352522082, 680.4202406934997], 'id': 8}
2020-02-08_13:21:57.274[Status]Routing 63: Walk: 63
2020-02-08_13:21:57.375[Battery Energy]84.17
2020-02-08_13:21:57.375[Status]Routing Start.
2020-02-08_13:21:57.716[Status]{'coordinate': [661.4695756108849, 679.901577349392], 'id': 8}
2020-02-08_13:21:57.716[Status]Routing 64: Walk: 64
2020-02-08_13:21:57.818[Battery Energy]83.87
2020-02-08_13:21:57.818[Status]Routing Start.
2020-02-08_13:21:58.129[Status]{'coordinate': [671.4561159695617, 679.3829140052843], 'id': 8}
2020-02-08_13:21:58.129[Status]Routing 65: Walk: 65
2020-02-08_13:21:58.229[Battery Energy]83.57
2020-02-08_13:21:58.229[Status]Routing Start.
2020-02-08_13:21:58.407[Status]{'coordinate': [681.4426563282384, 678.8642506611766], 'id': 8}
2020-02-08_13:21:58.407[Status]Routing 66: Walk: 66
2020-02-08_13:21:58.507[Battery Energy]83.36
2020-02-08_13:21:58.507[Status]Routing Start.
2020-02-08_13:21:58.784[Status]{'coordinate': [691.4291966869151, 678.3455873170689], 'id': 8}
2020-02-08_13:21:58.785[Status]Routing 67: Walk: 67
2020-02-08_13:21:58.910[Battery Energy]83.06
2020-02-08_13:21:58.910[Status]Routing Start.
2020-02-08_13:21:59.122[Status]{'coordinate': [701.4157370455919, 677.8269239729611], 'id': 8}
2020-02-08_13:21:59.122[Status]Routing 68: Walk: 68
2020-02-08_13:21:59.242[Battery Energy]82.82
2020-02-08_13:21:59.242[Status]Routing Start.
2020-02-08_13:21:59.383[Status]{'coordinate': [711.4022774042686, 677.3082606288534], 'id': 8}
2020-02-08_13:21:59.386[Status]Routing 69: Walk: 69
2020-02-08_13:21:59.502[Battery Energy]82.63
2020-02-08_13:21:59.502[Status]Routing Start.
2020-02-08_13:21:59.628[Status]{'coordinate': [721.3888177629453, 676.7895972847457], 'id': 8}
2020-02-08_13:21:59.633[Status]Routing 70: Walk: 70
2020-02-08_13:21:59.733[Battery Energy]82.42
2020-02-08_13:21:59.733[Status]Routing Start.
2020-02-08_13:21:59.911[Status]{'coordinate': [731.3753581216221, 676.270933940638], 'id': 8}
2020-02-08_13:21:59.911[Status]Routing 71: Walk: 71
2020-02-08_13:22:00.011[Battery Energy]82.21
2020-02-08_13:22:00.011[Status]Routing Start.
2020-02-08_13:22:00.328[Status]{'coordinate': [741.3618984802988, 675.7522705965303], 'id': 8}
2020-02-08_13:22:00.329[Status]Routing 72: Walk: 72
2020-02-08_13:22:00.438[Battery Energy]81.91
2020-02-08_13:22:00.438[Status]Routing Start.
2020-02-08_13:22:00.629[Status]{'coordinate': [751.3484388389755, 675.2336072524225], 'id': 8}
2020-02-08_13:22:00.629[Status]Routing 73: Walk: 73
2020-02-08_13:22:00.729[Battery Energy]81.66
2020-02-08_13:22:00.729[Status]Routing Start.
2020-02-08_13:22:01.038[Status]{'coordinate': [761.3349791976523, 674.7149439083149], 'id': 8}
2020-02-08_13:22:01.038[Status]Routing 74: Walk: 74
2020-02-08_13:22:01.154[Battery Energy]81.36
2020-02-08_13:22:01.154[Status]Routing Start.
2020-02-08_13:22:01.296[Status]{'coordinate': [771.321519556329, 674.1962805642072], 'id': 8}
2020-02-08_13:22:01.296[Status]Routing 75: Walk: 75
2020-02-08_13:22:01.397[Battery Energy]81.14
2020-02-08_13:22:01.397[Status]Routing Start.
2020-02-08_13:22:01.713[Status]{'coordinate': [781.3080599150057, 673.6776172200996], 'id': 8}
2020-02-08_13:22:01.713[Status]Routing 76: Walk: 76
2020-02-08_13:22:01.813[Battery Energy]80.85
2020-02-08_13:22:01.813[Status]Routing Start.
2020-02-08_13:22:02.007[Status]{'coordinate': [791.2946002736825, 673.1589538759919], 'id': 8}
2020-02-08_13:22:02.007[Status]Routing 77: Walk: 77
2020-02-08_13:22:02.108[Battery Energy]80.60
2020-02-08_13:22:02.108[Status]Routing Start.
2020-02-08_13:22:02.409[Status]{'coordinate': [801.2811406323592, 672.6402905318843], 'id': 8}
2020-02-08_13:22:02.410[Status]Routing 78: Walk: 78
2020-02-08_13:22:02.518[Battery Energy]80.29
2020-02-08_13:22:02.518[Status]Routing Start.
2020-02-08_13:22:02.818[Status]{'coordinate': [811.267680991036, 672.1216271877765], 'id': 8}
2020-02-08_13:22:02.818[Status]Routing 79: Walk: 79
2020-02-08_13:22:02.922[Battery Energy]80.01
2020-02-08_13:22:02.922[Status]Routing Start.
2020-02-08_13:22:03.293[Status]{'coordinate': [821.2542213497127, 671.6029638436689], 'id': 8}
2020-02-08_13:22:03.293[Status]Routing 80: Walk: 80
2020-02-08_13:22:03.393[Battery Energy]79.64
2020-02-08_13:22:03.393[Status]Routing Start.
2020-02-08_13:22:03.712[Status]{'coordinate': [831.2407617083894, 671.0843004995612], 'id': 8}
2020-02-08_13:22:03.712[Status]Routing 81: Walk: 81
2020-02-08_13:22:03.812[Battery Energy]79.34
2020-02-08_13:22:03.812[Status]Routing Start.
2020-02-08_13:22:04.108[Status]{'coordinate': [841.2273020670661, 670.5656371554536], 'id': 8}
2020-02-08_13:22:04.108[Status]Routing 82: Walk: 82
2020-02-08_13:22:04.210[Battery Energy]79.05
2020-02-08_13:22:04.210[Status]Routing Start.
2020-02-08_13:22:04.521[Status]{'coordinate': [851.2138424257429, 670.0469738113459], 'id': 8}
2020-02-08_13:22:04.521[Status]Routing 83: Walk: 83
2020-02-08_13:22:04.625[Battery Energy]78.75
2020-02-08_13:22:04.625[Status]Routing Start.
2020-02-08_13:22:04.935[Status]{'coordinate': [861.2003827844196, 669.5283104672383], 'id': 8}
2020-02-08_13:22:04.935[Status]Routing 84: Walk: 84
2020-02-08_13:22:05.035[Battery Energy]78.46
2020-02-08_13:22:05.035[Status]Routing Start.
2020-02-08_13:22:05.436[Status]{'coordinate': [871.1869231430964, 669.0096471231305], 'id': 8}
2020-02-08_13:22:05.436[Status]Routing 85: Walk: 85
2020-02-08_13:22:05.550[Battery Energy]78.10
2020-02-08_13:22:05.550[Status]Routing Start.
2020-02-08_13:22:05.853[Status]{'coordinate': [881.1734635017731, 668.4909837790228], 'id': 8}
2020-02-08_13:22:05.857[Status]Routing 86: Walk: 86
2020-02-08_13:22:05.959[Battery Energy]77.83
2020-02-08_13:22:05.959[Status]Routing Start.
2020-02-08_13:22:06.284[Status]{'coordinate': [891.1600038604498, 667.9723204349152], 'id': 8}
2020-02-08_13:22:06.285[Status]Routing 87: Walk: 87
2020-02-08_13:22:06.387[Battery Energy]77.50
2020-02-08_13:22:06.387[Status]Routing Start.
2020-02-08_13:22:06.709[Status]{'coordinate': [901.1465442191266, 667.4536570908075], 'id': 8}
2020-02-08_13:22:06.711[Status]Routing 88: Walk: 88
2020-02-08_13:22:06.821[Battery Energy]77.18
2020-02-08_13:22:06.821[Status]Routing Start.
2020-02-08_13:22:07.140[Status]{'coordinate': [911.1330845778033, 666.9349937466999], 'id': 8}
2020-02-08_13:22:07.140[Status]Routing 89: Walk: 89
2020-02-08_13:22:07.240[Battery Energy]76.86
2020-02-08_13:22:07.240[Status]Routing Start.
2020-02-08_13:22:07.559[Status]{'coordinate': [921.11962493648, 666.4163304025922], 'id': 8}
2020-02-08_13:22:07.559[Status]Routing 90: Walk: 90
2020-02-08_13:22:07.660[Battery Energy]76.56
2020-02-08_13:22:07.660[Status]Routing Start.
2020-02-08_13:22:07.967[Status]{'coordinate': [931.1061652951568, 665.8976670584846], 'id': 8}
2020-02-08_13:22:07.967[Status]Routing 91: Walk: 91
2020-02-08_13:22:08.082[Battery Energy]76.24
2020-02-08_13:22:08.082[Status]Routing Start.
2020-02-08_13:22:08.366[Status]{'coordinate': [941.0927056538335, 665.3790037143768], 'id': 8}
2020-02-08_13:22:08.366[Status]Routing 92: Walk: 92
2020-02-08_13:22:08.474[Battery Energy]75.94
2020-02-08_13:22:08.474[Status]Routing Start.
2020-02-08_13:22:08.746[Status]{'coordinate': [951.0792460125102, 664.8603403702692], 'id': 8}
2020-02-08_13:22:08.747[Status]Routing 93: Walk: 93
2020-02-08_13:22:08.847[Battery Energy]75.66
2020-02-08_13:22:08.847[Status]Routing Start.
2020-02-08_13:22:09.188[Status]{'coordinate': [961.065786371187, 664.3416770261615], 'id': 8}
2020-02-08_13:22:09.188[Status]Routing 94: Walk: 94
2020-02-08_13:22:09.288[Battery Energy]75.34
2020-02-08_13:22:09.288[Status]Routing Start.
2020-02-08_13:22:09.624[Status]{'coordinate': [971.0523267298637, 663.8230136820539], 'id': 8}
2020-02-08_13:22:09.624[Status]Routing 95: Walk: 95
2020-02-08_13:22:09.725[Battery Energy]75.00
2020-02-08_13:22:09.725[Status]Routing Start.
2020-02-08_13:22:09.896[Status]{'coordinate': [981.0388670885404, 663.3043503379462], 'id': 8}
2020-02-08_13:22:09.896[Status]Routing 96: Walk: 96
2020-02-08_13:22:10.006[Battery Energy]74.79
2020-02-08_13:22:10.006[Status]Routing Start.
2020-02-08_13:22:10.333[Status]{'coordinate': [991.0254074472172, 662.7856869938386], 'id': 8}
2020-02-08_13:22:10.333[Status]Routing 97: Walk: 97
2020-02-08_13:22:10.433[Battery Energy]74.47
2020-02-08_13:22:10.433[Status]Routing Start.
2020-02-08_13:22:10.660[Status]{'coordinate': [1001.0119478058939, 662.2670236497308], 'id': 8}
2020-02-08_13:22:10.660[Status]Routing 98: Walk: 98
2020-02-08_13:22:10.761[Battery Energy]74.23
2020-02-08_13:22:10.761[Status]Routing Start.
2020-02-08_13:22:10.903[Status]{'coordinate': [1010.9984881645706, 661.7483603056232], 'id': 8}
2020-02-08_13:22:10.903[Status]Routing 99: Walk: 99
2020-02-08_13:22:11.010[Battery Energy]74.03
2020-02-08_13:22:11.010[Status]Routing Start.
2020-02-08_13:22:11.339[Status]{'coordinate': [1020.9850285232474, 661.2296969615155], 'id': 8}
2020-02-08_13:22:11.339[Status]Routing 100: Walk: 100
2020-02-08_13:22:11.440[Battery Energy]73.70
2020-02-08_13:22:11.440[Status]Routing Start.
2020-02-08_13:22:11.765[Status]{'coordinate': [1030.971568881924, 660.7110336174079], 'id': 8}
2020-02-08_13:22:11.766[Status]Routing 101: Walk: 101
2020-02-08_13:22:11.882[Battery Energy]73.40
2020-02-08_13:22:11.882[Status]Routing Start.
2020-02-08_13:22:12.022[Status]{'coordinate': [1040.9581092406006, 660.1923702733002], 'id': 8}
2020-02-08_13:22:12.022[Status]Routing 102: Walk: 102
2020-02-08_13:22:12.131[Battery Energy]73.19
2020-02-08_13:22:12.132[Status]Routing Start.
2020-02-08_13:22:12.260[Status]{'coordinate': [1050.9446495992772, 659.6737069291926], 'id': 8}
2020-02-08_13:22:12.260[Status]Routing 103: Walk: 103
2020-02-08_13:22:12.362[Battery Energy]72.99
2020-02-08_13:22:12.362[Status]Routing Start.
2020-02-08_13:22:12.678[Status]{'coordinate': [1060.9311899579538, 659.155043585085], 'id': 8}
2020-02-08_13:22:12.678[Status]Routing 104: Walk: 104
2020-02-08_13:22:12.779[Battery Energy]72.68
2020-02-08_13:22:12.779[Status]Routing Start.
2020-02-08_13:22:12.933[Status]{'coordinate': [1070.9177303166305, 658.6363802409772], 'id': 8}
2020-02-08_13:22:12.933[Status]Routing 105: Walk: 105
2020-02-08_13:22:13.034[Battery Energy]72.49
2020-02-08_13:22:13.034[Status]Routing Start.
2020-02-08_13:22:13.240[Status]{'coordinate': [1080.904270675307, 658.1177168968696], 'id': 8}
2020-02-08_13:22:13.241[Status]Routing 106: Walk: 106
2020-02-08_13:22:13.348[Battery Energy]72.22
2020-02-08_13:22:13.348[Status]Routing Start.
2020-02-08_13:22:13.513[Status]{'coordinate': [1090.8908110339837, 657.5990535527619], 'id': 8}
2020-02-08_13:22:13.517[Status]Routing 107: Walk: 107
2020-02-08_13:22:13.618[Battery Energy]72.01
2020-02-08_13:22:13.618[Status]Routing Start.
2020-02-08_13:22:13.768[Status]{'coordinate': [1100.8773513926603, 657.0803902086543], 'id': 8}
2020-02-08_13:22:13.768[Status]Routing 108: Walk: 108
2020-02-08_13:22:13.878[Battery Energy]71.80
2020-02-08_13:22:13.878[Status]Routing Start.
2020-02-08_13:22:13.878[Status]Task Finished.
2020-02-08_13:22:13.978[Battery Energy]71.80
2020-02-08_13:22:14.112[Status]Routing 110: Walk: 108
2020-02-08_13:22:14.222[Battery Energy]71.70
2020-02-08_13:22:14.368[Status]Routing 111: Walk: 108
2020-02-08_13:22:14.474[Battery Energy]71.60
2020-02-08_13:22:14.648[Status]Routing 112: Walk: 108
2020-02-08_13:22:14.758[Battery Energy]71.46
2020-02-08_13:22:14.996[Status]Routing 113: Walk: 108
2020-02-08_13:22:15.110[Battery Energy]71.28
2020-02-08_13:22:15.283[Status]Routing 114: Walk: 108
2020-02-08_13:22:15.391[Battery Energy]71.14
2020-02-08_13:22:15.636[Status]Routing 115: Walk: 108
2020-02-08_13:22:15.737[Battery Energy]70.96
2020-02-08_13:22:15.967[Status]Routing 116: Walk: 108
2020-02-08_13:22:16.078[Battery Energy]70.82
2020-02-08_13:22:16.218[Status]Routing 117: Walk: 108
2020-02-08_13:22:16.320[Battery Energy]70.72
2020-02-08_13:22:16.477[Status]Routing 118: Walk: 108
2020-02-08_13:22:16.577[Battery Energy]70.60
2020-02-08_13:22:16.734[Status]Routing 119: Walk: 108
2020-02-08_13:22:16.841[Battery Energy]70.48
2020-02-08_13:22:16.991[Status]Routing 120: Walk: 108
2020-02-08_13:22:17.098[Battery Energy]70.39
2020-02-08_13:22:17.254[Status]Routing 121: Walk: 108
2020-02-08_13:22:17.354[Battery Energy]70.28
2020-02-08_13:22:17.602[Status]Routing 122: Walk: 108
2020-02-08_13:22:17.710[Battery Energy]70.06
2020-02-08_13:22:17.856[Status]Routing 123: Walk: 108
2020-02-08_13:22:17.956[Battery Energy]69.93
2020-02-08_13:22:18.107[Status]Routing 124: Walk: 108
2020-02-08_13:22:18.214[Battery Energy]69.83
2020-02-08_13:22:18.383[Status]Routing 125: Walk: 108
2020-02-08_13:22:18.483[Battery Energy]69.70
2020-02-08_13:22:18.741[Status]Routing 126: Walk: 108
2020-02-08_13:22:18.842[Battery Energy]69.55
2020-02-08_13:22:18.992[Status]Routing 127: Walk: 108
2020-02-08_13:22:19.096[Battery Energy]69.45
2020-02-08_13:22:19.361[Status]Routing 128: Walk: 108
2020-02-08_13:22:19.463[Battery Energy]69.28
2020-02-08_13:22:19.666[Status]Routing 129: Walk: 108
2020-02-08_13:22:19.777[Battery Energy]69.14
2020-02-08_13:22:20.111[Status]Routing 130: Walk: 108
2020-02-08_13:22:20.218[Battery Energy]68.93
2020-02-08_13:22:20.571[Status]Routing 131: Walk: 108
2020-02-08_13:22:20.678[Battery Energy]68.70
2020-02-08_13:22:20.959[Status]Routing 132: Walk: 108
2020-02-08_13:22:21.060[Battery Energy]68.50
2020-02-08_13:22:21.403[Status]Routing 133: Walk: 108
2020-02-08_13:22:21.514[Battery Energy]68.25
2020-02-08_13:22:21.852[Status]Routing 134: Walk: 108
2020-02-08_13:22:21.953[Battery Energy]67.99
2020-02-08_13:22:22.288[Status]Routing 135: Walk: 108
2020-02-08_13:22:22.394[Battery Energy]67.74
2020-02-08_13:22:22.735[Status]Routing 136: Walk: 108
2020-02-08_13:22:22.836[Battery Energy]67.50
2020-02-08_13:22:23.200[Status]Routing 137: Walk: 108
2020-02-08_13:22:23.314[Battery Energy]67.28
2020-02-08_13:22:23.660[Status]Routing 138: Walk: 108
2020-02-08_13:22:23.761[Battery Energy]67.08
2020-02-08_13:22:24.080[Status]Routing 139: Walk: 108
2020-02-08_13:22:24.182[Battery Energy]66.93
2020-02-08_13:22:24.342[Status]Routing 140: Walk: 108
2020-02-08_13:22:24.442[Battery Energy]66.84
2020-02-08_13:22:24.587[Status]Routing 141: Walk: 108
2020-02-08_13:22:24.690[Battery Energy]66.75
2020-02-08_13:22:24.874[Status]Routing 142: Walk: 108
2020-02-08_13:22:24.987[Battery Energy]66.64
2020-02-08_13:22:25.144[Status]Routing 143: Walk: 108
2020-02-08_13:22:25.244[Battery Energy]66.52
2020-02-08_13:22:25.409[Status]Routing 144: Walk: 108
2020-02-08_13:22:25.522[Battery Energy]66.42
2020-02-08_13:22:25.712[Status]Routing 145: Walk: 108
2020-02-08_13:22:25.818[Battery Energy]66.29
2020-02-08_13:22:26.082[Status]Routing 146: Walk: 108
2020-02-08_13:22:26.187[Battery Energy]66.12
2020-02-08_13:22:26.323[Status]Routing 147: Walk: 108
2020-02-08_13:22:26.434[Battery Energy]66.01
2020-02-08_13:22:26.573[Status]Routing 148: Walk: 108
2020-02-08_13:22:26.690[Battery Energy]65.91
2020-02-08_13:22:26.908[Status]Routing 149: Walk: 108
2020-02-08_13:22:27.018[Battery Energy]65.75
2020-02-08_13:22:27.193[Status]Routing 150: Walk: 108
2020-02-08_13:22:27.293[Battery Energy]65.63
2020-02-08_13:22:27.454[Status]Routing 151: Walk: 108
2020-02-08_13:22:27.558[Battery Energy]65.51
2020-02-08_13:22:27.736[Status]Routing 152: Walk: 108
2020-02-08_13:22:27.840[Battery Energy]65.36
2020-02-08_13:22:27.990[Status]Routing 153: Walk: 108
2020-02-08_13:22:28.090[Battery Energy]65.25
2020-02-08_13:22:28.243[Status]Routing 154: Walk: 108
2020-02-08_13:22:28.350[Battery Energy]65.13
2020-02-08_13:22:28.490[Status]Routing 155: Walk: 108
2020-02-08_13:22:28.591[Battery Energy]65.02
2020-02-08_13:22:28.767[Status]Routing 156: Walk: 108
2020-02-08_13:22:28.869[Battery Energy]64.87
2020-02-08_13:22:29.034[Status]Routing 157: Walk: 108
2020-02-08_13:22:29.142[Battery Energy]64.78
2020-02-08_13:22:29.286[Status]Routing 158: Walk: 108
2020-02-08_13:22:29.402[Battery Energy]64.68
2020-02-08_13:22:29.541[Status]Routing 159: Walk: 108
2020-02-08_13:22:29.650[Battery Energy]64.56
2020-02-08_13:22:29.814[Status]Routing 160: Walk: 108
2020-02-08_13:22:29.922[Battery Energy]64.44
2020-02-08_13:22:30.079[Status]Routing 161: Walk: 108
2020-02-08_13:22:30.179[Battery Energy]64.33
2020-02-08_13:22:30.342[Status]Routing 162: Walk: 108
2020-02-08_13:22:30.450[Battery Energy]64.22
2020-02-08_13:22:30.600[Status]Routing 163: Walk: 108
2020-02-08_13:22:30.710[Battery Energy]64.10
2020-02-08_13:22:30.868[Status]Routing 164: Walk: 108
2020-02-08_13:22:30.968[Battery Energy]63.98
2020-02-08_13:22:31.186[Status]Routing 165: Walk: 108
2020-02-08_13:22:31.287[Battery Energy]63.86
2020-02-08_13:22:31.463[Status]Routing 166: Walk: 108
2020-02-08_13:22:31.570[Battery Energy]63.75
2020-02-08_13:22:31.725[Status]Routing 167: Walk: 108
2020-02-08_13:22:31.825[Battery Energy]63.65
2020-02-08_13:22:32.011[Status]Routing 168: Walk: 108
2020-02-08_13:22:32.112[Battery Energy]63.54
2020-02-08_13:22:32.288[Status]Routing 169: Walk: 108
2020-02-08_13:22:32.394[Battery Energy]63.43
2020-02-08_13:22:32.698[Status]Routing 170: Walk: 108
2020-02-08_13:22:32.799[Battery Energy]63.24
