2020-02-08_13:21:22.432[Status]Start.
2020-02-08_13:21:22.432[Battery Energy]105.00
2020-02-08_13:21:23.534[Battery Energy]104.96
2020-02-08_13:21:24.638[Battery Energy]104.92
2020-02-08_13:21:25.743[Battery Energy]104.88
2020-02-08_13:21:26.844[Battery Energy]104.84
2020-02-08_13:21:27.945[Task]A New Task Released.
2020-02-08_13:21:27.945[Battery Energy]104.80
2020-02-08_13:21:27.946[Status]Selection Start.
2020-02-08_13:21:34.234[Status]Selection End: Do Task 0.
2020-02-08_13:21:34.346[Battery Energy]100.57
2020-02-08_13:21:34.346[Status]Formation Start.
2020-02-08_13:21:34.490[Status]Formation End: To Position 5.
2020-02-08_13:21:34.591[Battery Energy]100.45
2020-02-08_13:21:34.591[Status]Routing Start.
2020-02-08_13:21:34.792[Status]{'coordinate': [66.90525761957859, 309.6267296370414], 'id': 4}
2020-02-08_13:21:34.793[Status]Routing 1: Walk: 1
2020-02-08_13:21:34.895[Battery Energy]100.21
2020-02-08_13:21:34.896[Status]Routing Start.
2020-02-08_13:21:35.082[Status]{'coordinate': [76.81051523915718, 308.25345927408284], 'id': 4}
2020-02-08_13:21:35.082[Status]Routing 2: Walk: 2
2020-02-08_13:21:35.183[Battery Energy]99.96
2020-02-08_13:21:35.183[Status]Routing Start.
2020-02-08_13:21:35.336[Status]{'coordinate': [86.71577285873578, 306.88018891112426], 'id': 4}
2020-02-08_13:21:35.336[Status]Routing 3: Walk: 3
2020-02-08_13:21:35.446[Battery Energy]99.75
2020-02-08_13:21:35.446[Status]Routing Start.
2020-02-08_13:21:35.594[Status]{'coordinate': [96.62103047831437, 305.5069185481657], 'id': 4}
2020-02-08_13:21:35.594[Status]Routing 4: Walk: 4
2020-02-08_13:21:35.710[Battery Energy]99.55
2020-02-08_13:21:35.710[Status]Routing Start.
2020-02-08_13:21:35.870[Status]{'coordinate': [106.52628809789296, 304.1336481852071], 'id': 4}
2020-02-08_13:21:35.871[Status]Routing 5: Walk: 5
2020-02-08_13:21:35.971[Battery Energy]99.33
2020-02-08_13:21:35.971[Status]Routing Start.
2020-02-08_13:21:36.140[Status]{'coordinate': [116.43154571747155, 302.76037782224853], 'id': 4}
2020-02-08_13:21:36.140[Status]Routing 6: Walk: 6
2020-02-08_13:21:36.240[Battery Energy]99.10
2020-02-08_13:21:36.240[Status]Routing Start.
2020-02-08_13:21:36.437[Status]{'coordinate': [126.33680333705014, 301.38710745928995], 'id': 4}
2020-02-08_13:21:36.439[Status]Routing 7: Walk: 7
2020-02-08_13:21:36.540[Battery Energy]98.87
2020-02-08_13:21:36.540[Status]Routing Start.
2020-02-08_13:21:36.838[Status]{'coordinate': [136.24206095662873, 300.0138370963314], 'id': 4}
2020-02-08_13:21:36.838[Status]Routing 8: Walk: 8
2020-02-08_13:21:36.939[Battery Energy]98.55
2020-02-08_13:21:36.939[Status]Routing Start.
2020-02-08_13:21:37.272[Status]{'coordinate': [146.1473185762073, 298.6405667333728], 'id': 4}
2020-02-08_13:21:37.273[Status]Routing 9: Walk: 9
2020-02-08_13:21:37.386[Battery Energy]98.27
2020-02-08_13:21:37.386[Status]Routing Start.
2020-02-08_13:21:37.524[Status]{'coordinate': [156.0525761957859, 297.2672963704142], 'id': 4}
2020-02-08_13:21:37.524[Status]Routing 10: Walk: 10
2020-02-08_13:21:37.630[Battery Energy]98.06
2020-02-08_13:21:37.630[Status]Routing Start.
2020-02-08_13:21:37.952[Status]Routing 11: Walk: 10
2020-02-08_13:21:38.061[Battery Energy]97.76
2020-02-08_13:21:38.061[Status]Routing Start.
2020-02-08_13:21:38.388[Status]Routing 12: Walk: 10
2020-02-08_13:21:38.510[Battery Energy]97.45
2020-02-08_13:21:38.510[Status]Routing Start.
2020-02-08_13:21:38.867[Status]Routing 13: Walk: 10
2020-02-08_13:21:38.967[Battery Energy]97.12
2020-02-08_13:21:38.968[Status]Routing Start.
2020-02-08_13:21:39.292[Status]Routing 14: Walk: 10
2020-02-08_13:21:39.402[Battery Energy]96.83
2020-02-08_13:21:39.402[Status]Routing Start.
2020-02-08_13:21:39.695[Status]Routing 15: Walk: 10
2020-02-08_13:21:39.796[Battery Energy]96.53
2020-02-08_13:21:39.796[Status]Routing Start.
2020-02-08_13:21:39.930[Status]{'coordinate': [165.95783381536447, 295.89402600745564], 'id': 4}
2020-02-08_13:21:39.930[Status]Routing 16: Walk: 11
2020-02-08_13:21:40.031[Battery Energy]96.33
2020-02-08_13:21:40.031[Status]Routing Start.
2020-02-08_13:21:40.373[Status]{'coordinate': [175.86309143494304, 294.52075564449706], 'id': 4}
2020-02-08_13:21:40.376[Status]Routing 17: Walk: 12
2020-02-08_13:21:40.478[Battery Energy]96.01
2020-02-08_13:21:40.478[Status]Routing Start.
2020-02-08_13:21:40.778[Status]{'coordinate': [185.76834905452162, 293.1474852815385], 'id': 4}
2020-02-08_13:21:40.778[Status]Routing 18: Walk: 13
2020-02-08_13:21:40.879[Battery Energy]95.72
2020-02-08_13:21:40.879[Status]Routing Start.
2020-02-08_13:21:41.044[Status]{'coordinate': [195.6736066741002, 291.77421491857996], 'id': 4}
2020-02-08_13:21:41.045[Status]Routing 19: Walk: 14
2020-02-08_13:21:41.154[Battery Energy]95.50
2020-02-08_13:21:41.154[Status]Routing Start.
2020-02-08_13:21:41.422[Status]{'coordinate': [205.57886429367878, 290.4009445556214], 'id': 4}
2020-02-08_13:21:41.422[Status]Routing 20: Walk: 15
2020-02-08_13:21:41.534[Battery Energy]95.21
2020-02-08_13:21:41.534[Status]Routing Start.
2020-02-08_13:21:41.819[Status]{'coordinate': [215.48412191325735, 289.02767419266286], 'id': 4}
2020-02-08_13:21:41.820[Status]Routing 21: Walk: 16
2020-02-08_13:21:41.930[Battery Energy]94.90
2020-02-08_13:21:41.930[Status]Routing Start.
2020-02-08_13:21:42.235[Status]{'coordinate': [225.38937953283593, 287.65440382970434], 'id': 4}
2020-02-08_13:21:42.235[Status]Routing 22: Walk: 17
2020-02-08_13:21:42.346[Battery Energy]94.58
2020-02-08_13:21:42.346[Status]Routing Start.
2020-02-08_13:21:42.672[Status]{'coordinate': [235.2946371524145, 286.28113346674576], 'id': 4}
2020-02-08_13:21:42.672[Status]Routing 23: Walk: 18
2020-02-08_13:21:42.778[Battery Energy]94.24
2020-02-08_13:21:42.778[Status]Routing Start.
2020-02-08_13:21:43.092[Status]{'coordinate': [245.1998947719931, 284.90786310378724], 'id': 4}
2020-02-08_13:21:43.092[Status]Routing 24: Walk: 19
2020-02-08_13:21:43.197[Battery Energy]93.89
2020-02-08_13:21:43.197[Status]Routing Start.
2020-02-08_13:21:43.537[Status]{'coordinate': [255.10515239157166, 283.53459274082866], 'id': 4}
2020-02-08_13:21:43.537[Status]Routing 25: Walk: 20
2020-02-08_13:21:43.637[Battery Energy]93.59
2020-02-08_13:21:43.637[Status]Routing Start.
2020-02-08_13:21:43.932[Status]{'coordinate': [265.01041001115027, 282.16132237787014], 'id': 4}
2020-02-08_13:21:43.937[Status]Routing 26: Walk: 21
2020-02-08_13:21:44.054[Battery Energy]93.29
2020-02-08_13:21:44.054[Status]Routing Start.
2020-02-08_13:21:44.348[Status]{'coordinate': [274.9156676307289, 280.78805201491156], 'id': 4}
2020-02-08_13:21:44.350[Status]Routing 27: Walk: 22
2020-02-08_13:21:44.452[Battery Energy]93.01
2020-02-08_13:21:44.452[Status]Routing Start.
2020-02-08_13:21:44.452[Status]Task Finished.
2020-02-08_13:21:44.553[Battery Energy]93.01
2020-02-08_13:21:44.764[Status]Routing 29: Walk: 22
2020-02-08_13:21:44.867[Battery Energy]92.85
2020-02-08_13:21:45.235[Status]Routing 30: Walk: 22
2020-02-08_13:21:45.338[Battery Energy]92.62
2020-02-08_13:21:45.703[Status]Routing 31: Walk: 22
2020-02-08_13:21:45.803[Battery Energy]92.39
2020-02-08_13:21:46.119[Status]Routing 32: Walk: 22
2020-02-08_13:21:46.220[Battery Energy]92.20
2020-02-08_13:21:46.534[Status]Routing 33: Walk: 22
2020-02-08_13:21:46.642[Battery Energy]91.97
2020-02-08_13:21:46.771[Status]Routing 34: Walk: 22
2020-02-08_13:21:46.878[Battery Energy]91.86
2020-02-08_13:21:47.209[Status]Routing 35: Walk: 22
2020-02-08_13:21:47.309[Battery Energy]91.64
2020-02-08_13:21:47.676[Status]Routing 36: Walk: 22
2020-02-08_13:21:47.784[Battery Energy]91.43
2020-02-08_13:21:48.120[Status]Routing 37: Walk: 22
2020-02-08_13:21:48.220[Battery Energy]91.21
2020-02-08_13:21:48.385[Status]Routing 38: Walk: 22
2020-02-08_13:21:48.485[Battery Energy]91.11
2020-02-08_13:21:48.647[Status]Routing 39: Walk: 22
2020-02-08_13:21:48.762[Battery Energy]90.98
2020-02-08_13:21:48.912[Status]Routing 40: Walk: 22
2020-02-08_13:21:49.012[Battery Energy]90.89
2020-02-08_13:21:49.183[Status]Routing 41: Walk: 22
2020-02-08_13:21:49.286[Battery Energy]90.75
2020-02-08_13:21:49.438[Status]Routing 42: Walk: 22
2020-02-08_13:21:49.544[Battery Energy]90.65
2020-02-08_13:21:49.726[Status]Routing 43: Walk: 22
2020-02-08_13:21:49.829[Battery Energy]90.51
2020-02-08_13:21:49.984[Status]Routing 44: Walk: 22
2020-02-08_13:21:50.084[Battery Energy]90.38
2020-02-08_13:21:50.256[Status]Routing 45: Walk: 22
2020-02-08_13:21:50.357[Battery Energy]90.27
2020-02-08_13:21:50.672[Status]Routing 46: Walk: 22
2020-02-08_13:21:50.780[Battery Energy]90.02
2020-02-08_13:21:50.920[Status]Routing 47: Walk: 22
2020-02-08_13:21:51.030[Battery Energy]89.94
2020-02-08_13:21:51.442[Status]Routing 48: Walk: 22
2020-02-08_13:21:51.542[Battery Energy]89.71
2020-02-08_13:21:51.864[Status]Routing 49: Walk: 22
2020-02-08_13:21:51.966[Battery Energy]89.51
2020-02-08_13:21:52.318[Status]Routing 50: Walk: 22
2020-02-08_13:21:52.422[Battery Energy]89.33
2020-02-08_13:21:52.697[Status]Routing 51: Walk: 22
2020-02-08_13:21:52.802[Battery Energy]89.12
2020-02-08_13:21:53.112[Status]Routing 52: Walk: 22
2020-02-08_13:21:53.212[Battery Energy]88.88
2020-02-08_13:21:53.368[Status]Routing 53: Walk: 22
2020-02-08_13:21:53.468[Battery Energy]88.79
2020-02-08_13:21:53.638[Status]Routing 54: Walk: 22
2020-02-08_13:21:53.748[Battery Energy]88.67
2020-02-08_13:21:53.920[Status]Routing 55: Walk: 22
2020-02-08_13:21:54.020[Battery Energy]88.55
2020-02-08_13:21:54.267[Status]Routing 56: Walk: 22
2020-02-08_13:21:54.374[Battery Energy]88.42
2020-02-08_13:21:54.664[Status]Routing 57: Walk: 22
2020-02-08_13:21:54.764[Battery Energy]88.26
2020-02-08_13:21:54.926[Status]Routing 58: Walk: 22
2020-02-08_13:21:55.038[Battery Energy]88.14
2020-02-08_13:21:55.337[Status]Routing 59: Walk: 22
2020-02-08_13:21:55.437[Battery Energy]87.99
2020-02-08_13:21:55.718[Status]Routing 60: Walk: 22
2020-02-08_13:21:55.818[Battery Energy]87.84
2020-02-08_13:21:56.192[Status]Routing 61: Walk: 22
2020-02-08_13:21:56.293[Battery Energy]87.61
2020-02-08_13:21:56.461[Status]Routing 62: Walk: 22
2020-02-08_13:21:56.566[Battery Energy]87.50
2020-02-08_13:21:56.866[Status]Routing 63: Walk: 22
2020-02-08_13:21:56.974[Battery Energy]87.31
2020-02-08_13:21:57.276[Status]Routing 64: Walk: 22
2020-02-08_13:21:57.381[Battery Energy]87.12
2020-02-08_13:21:57.709[Status]Routing 65: Walk: 22
2020-02-08_13:21:57.809[Battery Energy]86.90
2020-02-08_13:21:58.126[Status]Routing 66: Walk: 22
2020-02-08_13:21:58.242[Battery Energy]86.67
2020-02-08_13:21:58.402[Status]Routing 67: Walk: 22
2020-02-08_13:21:58.514[Battery Energy]86.55
2020-02-08_13:21:58.782[Status]Routing 68: Walk: 22
2020-02-08_13:21:58.906[Battery Energy]86.35
2020-02-08_13:21:59.126[Status]Routing 69: Walk: 22
2020-02-08_13:21:59.230[Battery Energy]86.18
2020-02-08_13:21:59.388[Status]Routing 70: Walk: 22
2020-02-08_13:21:59.492[Battery Energy]86.09
2020-02-08_13:21:59.634[Status]Routing 71: Walk: 22
2020-02-08_13:21:59.741[Battery Energy]85.97
2020-02-08_13:21:59.914[Status]Routing 72: Walk: 22
2020-02-08_13:22:00.015[Battery Energy]85.82
2020-02-08_13:22:00.332[Status]Routing 73: Walk: 22
2020-02-08_13:22:00.433[Battery Energy]85.59
2020-02-08_13:22:00.612[Status]Routing 74: Walk: 22
2020-02-08_13:22:00.716[Battery Energy]85.46
2020-02-08_13:22:01.045[Status]Routing 75: Walk: 22
2020-02-08_13:22:01.145[Battery Energy]85.25
2020-02-08_13:22:01.307[Status]Routing 76: Walk: 22
2020-02-08_13:22:01.418[Battery Energy]85.14
2020-02-08_13:22:01.713[Status]Routing 77: Walk: 22
2020-02-08_13:22:01.822[Battery Energy]84.91
2020-02-08_13:22:02.002[Status]Routing 78: Walk: 22
2020-02-08_13:22:02.110[Battery Energy]84.77
2020-02-08_13:22:02.402[Status]Routing 79: Walk: 22
2020-02-08_13:22:02.510[Battery Energy]84.62
2020-02-08_13:22:02.812[Status]Routing 80: Walk: 22
2020-02-08_13:22:02.918[Battery Energy]84.40
2020-02-08_13:22:03.272[Status]Routing 81: Walk: 22
2020-02-08_13:22:03.374[Battery Energy]84.21
2020-02-08_13:22:03.725[Status]Routing 82: Walk: 22
2020-02-08_13:22:03.830[Battery Energy]84.00
2020-02-08_13:22:04.103[Status]Routing 83: Walk: 22
2020-02-08_13:22:04.203[Battery Energy]83.79
2020-02-08_13:22:04.516[Status]Routing 84: Walk: 22
2020-02-08_13:22:04.616[Battery Energy]83.56
2020-02-08_13:22:04.939[Status]Routing 85: Walk: 22
2020-02-08_13:22:05.043[Battery Energy]83.35
2020-02-08_13:22:05.427[Status]Routing 86: Walk: 22
2020-02-08_13:22:05.528[Battery Energy]83.11
2020-02-08_13:22:05.854[Status]Routing 87: Walk: 22
2020-02-08_13:22:05.962[Battery Energy]82.94
2020-02-08_13:22:06.285[Status]Routing 88: Walk: 22
2020-02-08_13:22:06.390[Battery Energy]82.73
2020-02-08_13:22:06.706[Status]Routing 89: Walk: 22
2020-02-08_13:22:06.808[Battery Energy]82.50
2020-02-08_13:22:07.173[Status]Routing 90: Walk: 22
2020-02-08_13:22:07.273[Battery Energy]82.25
2020-02-08_13:22:07.566[Status]Routing 91: Walk: 22
2020-02-08_13:22:07.670[Battery Energy]82.04
2020-02-08_13:22:07.964[Status]Routing 92: Walk: 22
2020-02-08_13:22:08.065[Battery Energy]81.86
2020-02-08_13:22:08.364[Status]Routing 93: Walk: 22
2020-02-08_13:22:08.464[Battery Energy]81.66
2020-02-08_13:22:08.744[Status]Routing 94: Walk: 22
2020-02-08_13:22:08.844[Battery Energy]81.45
2020-02-08_13:22:09.186[Status]Routing 95: Walk: 22
2020-02-08_13:22:09.287[Battery Energy]81.26
2020-02-08_13:22:09.621[Status]Routing 96: Walk: 22
2020-02-08_13:22:09.721[Battery Energy]81.05
2020-02-08_13:22:09.896[Status]Routing 97: Walk: 22
2020-02-08_13:22:09.996[Battery Energy]80.91
2020-02-08_13:22:10.333[Status]Routing 98: Walk: 22
2020-02-08_13:22:10.438[Battery Energy]80.66
2020-02-08_13:22:10.663[Status]Routing 99: Walk: 22
2020-02-08_13:22:10.763[Battery Energy]80.51
2020-02-08_13:22:10.906[Status]Routing 100: Walk: 22
2020-02-08_13:22:11.034[Battery Energy]80.41
2020-02-08_13:22:11.340[Status]Routing 101: Walk: 22
2020-02-08_13:22:11.440[Battery Energy]80.22
2020-02-08_13:22:11.775[Status]Routing 102: Walk: 22
2020-02-08_13:22:11.875[Battery Energy]80.03
2020-02-08_13:22:12.022[Status]Routing 103: Walk: 22
2020-02-08_13:22:12.130[Battery Energy]79.92
2020-02-08_13:22:12.267[Status]Routing 104: Walk: 22
2020-02-08_13:22:12.368[Battery Energy]79.81
2020-02-08_13:22:12.686[Status]Routing 105: Walk: 22
2020-02-08_13:22:12.790[Battery Energy]79.60
2020-02-08_13:22:12.934[Status]Routing 106: Walk: 22
2020-02-08_13:22:13.042[Battery Energy]79.49
2020-02-08_13:22:13.240[Status]Routing 107: Walk: 22
2020-02-08_13:22:13.341[Battery Energy]79.33
2020-02-08_13:22:13.525[Status]Routing 108: Walk: 22
2020-02-08_13:22:13.628[Battery Energy]79.21
2020-02-08_13:22:13.768[Status]Routing 109: Walk: 22
2020-02-08_13:22:13.874[Battery Energy]79.09
2020-02-08_13:22:14.123[Status]Routing 110: Walk: 22
2020-02-08_13:22:14.226[Battery Energy]78.92
2020-02-08_13:22:14.368[Status]Routing 111: Walk: 22
2020-02-08_13:22:14.478[Battery Energy]78.79
2020-02-08_13:22:14.646[Status]Routing 112: Walk: 22
2020-02-08_13:22:14.746[Battery Energy]78.69
2020-02-08_13:22:14.997[Status]Routing 113: Walk: 22
2020-02-08_13:22:15.114[Battery Energy]78.54
2020-02-08_13:22:15.280[Status]Routing 114: Walk: 22
2020-02-08_13:22:15.381[Battery Energy]78.41
2020-02-08_13:22:15.632[Status]Routing 115: Walk: 22
2020-02-08_13:22:15.732[Battery Energy]78.22
2020-02-08_13:22:15.970[Status]Routing 116: Walk: 22
2020-02-08_13:22:16.078[Battery Energy]78.01
2020-02-08_13:22:16.214[Status]Routing 117: Walk: 22
2020-02-08_13:22:16.320[Battery Energy]77.92
2020-02-08_13:22:16.473[Status]Routing 118: Walk: 22
2020-02-08_13:22:16.582[Battery Energy]77.83
2020-02-08_13:22:16.727[Status]Routing 119: Walk: 22
2020-02-08_13:22:16.827[Battery Energy]77.75
2020-02-08_13:22:16.988[Status]Routing 120: Walk: 22
2020-02-08_13:22:17.088[Battery Energy]77.63
2020-02-08_13:22:17.248[Status]Routing 121: Walk: 22
2020-02-08_13:22:17.348[Battery Energy]77.51
2020-02-08_13:22:17.602[Status]Routing 122: Walk: 22
2020-02-08_13:22:17.706[Battery Energy]77.37
2020-02-08_13:22:17.855[Status]Routing 123: Walk: 22
2020-02-08_13:22:17.956[Battery Energy]77.25
2020-02-08_13:22:18.107[Status]Routing 124: Walk: 22
2020-02-08_13:22:18.218[Battery Energy]77.13
2020-02-08_13:22:18.391[Status]Routing 125: Walk: 22
2020-02-08_13:22:18.494[Battery Energy]77.00
2020-02-08_13:22:18.741[Status]Routing 126: Walk: 22
2020-02-08_13:22:18.841[Battery Energy]76.84
2020-02-08_13:22:18.992[Status]Routing 127: Walk: 22
2020-02-08_13:22:19.102[Battery Energy]76.75
2020-02-08_13:22:19.367[Status]Routing 128: Walk: 22
2020-02-08_13:22:19.467[Battery Energy]76.60
2020-02-08_13:22:19.669[Status]Routing 129: Walk: 22
2020-02-08_13:22:19.774[Battery Energy]76.50
2020-02-08_13:22:20.111[Status]Routing 130: Walk: 22
2020-02-08_13:22:20.221[Battery Energy]76.29
2020-02-08_13:22:20.572[Status]Routing 131: Walk: 22
2020-02-08_13:22:20.682[Battery Energy]76.05
2020-02-08_13:22:20.962[Status]Routing 132: Walk: 22
2020-02-08_13:22:21.074[Battery Energy]75.87
2020-02-08_13:22:21.401[Status]Routing 133: Walk: 22
2020-02-08_13:22:21.501[Battery Energy]75.65
2020-02-08_13:22:21.853[Status]Routing 134: Walk: 22
2020-02-08_13:22:21.962[Battery Energy]75.45
2020-02-08_13:22:22.287[Status]Routing 135: Walk: 22
2020-02-08_13:22:22.387[Battery Energy]75.22
2020-02-08_13:22:22.725[Status]Routing 136: Walk: 22
2020-02-08_13:22:22.825[Battery Energy]74.98
2020-02-08_13:22:23.198[Status]Routing 137: Walk: 22
2020-02-08_13:22:23.298[Battery Energy]74.77
2020-02-08_13:22:23.663[Status]Routing 138: Walk: 22
2020-02-08_13:22:23.768[Battery Energy]74.51
2020-02-08_13:22:24.089[Status]Routing 139: Walk: 22
2020-02-08_13:22:24.189[Battery Energy]74.32
2020-02-08_13:22:24.343[Status]Routing 140: Walk: 22
2020-02-08_13:22:24.446[Battery Energy]74.20
2020-02-08_13:22:24.593[Status]Routing 141: Walk: 22
2020-02-08_13:22:24.693[Battery Energy]74.07
2020-02-08_13:22:24.873[Status]Routing 142: Walk: 22
2020-02-08_13:22:24.981[Battery Energy]73.96
2020-02-08_13:22:25.151[Status]Routing 143: Walk: 22
2020-02-08_13:22:25.262[Battery Energy]73.83
2020-02-08_13:22:25.405[Status]Routing 144: Walk: 22
2020-02-08_13:22:25.506[Battery Energy]73.74
2020-02-08_13:22:25.714[Status]Routing 145: Walk: 22
2020-02-08_13:22:25.822[Battery Energy]73.58
2020-02-08_13:22:26.048[Status]Routing 146: Walk: 22
2020-02-08_13:22:26.149[Battery Energy]73.40
2020-02-08_13:22:26.329[Status]Routing 147: Walk: 22
2020-02-08_13:22:26.429[Battery Energy]73.29
2020-02-08_13:22:26.573[Status]Routing 148: Walk: 22
2020-02-08_13:22:26.686[Battery Energy]73.19
2020-02-08_13:22:26.916[Status]Routing 149: Walk: 22
2020-02-08_13:22:27.022[Battery Energy]73.05
2020-02-08_13:22:27.196[Status]Routing 150: Walk: 22
2020-02-08_13:22:27.306[Battery Energy]72.89
2020-02-08_13:22:27.447[Status]Routing 151: Walk: 22
2020-02-08_13:22:27.547[Battery Energy]72.79
2020-02-08_13:22:27.734[Status]Routing 152: Walk: 22
2020-02-08_13:22:27.834[Battery Energy]72.68
2020-02-08_13:22:27.991[Status]Routing 153: Walk: 22
2020-02-08_13:22:28.092[Battery Energy]72.57
2020-02-08_13:22:28.250[Status]Routing 154: Walk: 22
2020-02-08_13:22:28.357[Battery Energy]72.46
2020-02-08_13:22:28.493[Status]Routing 155: Walk: 22
2020-02-08_13:22:28.598[Battery Energy]72.36
2020-02-08_13:22:28.771[Status]Routing 156: Walk: 22
2020-02-08_13:22:28.871[Battery Energy]72.26
2020-02-08_13:22:29.028[Status]Routing 157: Walk: 22
2020-02-08_13:22:29.129[Battery Energy]72.14
2020-02-08_13:22:29.296[Status]Routing 158: Walk: 22
2020-02-08_13:22:29.397[Battery Energy]72.02
2020-02-08_13:22:29.545[Status]Routing 159: Walk: 22
2020-02-08_13:22:29.662[Battery Energy]71.92
2020-02-08_13:22:29.824[Status]Routing 160: Walk: 22
2020-02-08_13:22:29.930[Battery Energy]71.79
2020-02-08_13:22:30.082[Status]Routing 161: Walk: 22
2020-02-08_13:22:30.182[Battery Energy]71.69
2020-02-08_13:22:30.343[Status]Routing 162: Walk: 22
2020-02-08_13:22:30.446[Battery Energy]71.56
2020-02-08_13:22:30.602[Status]Routing 163: Walk: 22
2020-02-08_13:22:30.706[Battery Energy]71.45
2020-02-08_13:22:30.872[Status]Routing 164: Walk: 22
2020-02-08_13:22:30.982[Battery Energy]71.32
2020-02-08_13:22:31.188[Status]Routing 165: Walk: 22
2020-02-08_13:22:31.291[Battery Energy]71.19
2020-02-08_13:22:31.466[Status]Routing 166: Walk: 22
2020-02-08_13:22:31.569[Battery Energy]71.05
2020-02-08_13:22:31.731[Status]Routing 167: Walk: 22
2020-02-08_13:22:31.854[Battery Energy]70.93
2020-02-08_13:22:32.012[Status]Routing 168: Walk: 22
2020-02-08_13:22:32.122[Battery Energy]70.82
2020-02-08_13:22:32.294[Status]Routing 169: Walk: 22
2020-02-08_13:22:32.401[Battery Energy]70.72
2020-02-08_13:22:32.690[Status]Routing 170: Walk: 22
2020-02-08_13:22:32.797[Battery Energy]70.56
