2020-02-08_13:29:15.105[Status]Start.
2020-02-08_13:29:15.105[Battery Energy]100.00
2020-02-08_13:29:16.206[Battery Energy]99.96
2020-02-08_13:29:17.307[Battery Energy]99.92
2020-02-08_13:29:18.410[Battery Energy]99.88
2020-02-08_13:29:19.511[Battery Energy]99.84
2020-02-08_13:29:20.612[Task]A New Task Released.
2020-02-08_13:29:20.612[Battery Energy]99.80
2020-02-08_13:29:20.612[Status]Selection Start.
2020-02-08_13:29:25.397[Status]Selection End: Do Task 0.
2020-02-08_13:29:25.503[Battery Energy]96.45
2020-02-08_13:29:25.503[Status]Formation Start.
2020-02-08_13:29:25.657[Status]Formation End: To Position 0.
2020-02-08_13:29:25.757[Battery Energy]96.34
2020-02-08_13:29:25.757[Status]Routing Start.
2020-02-08_13:29:25.912[Status]{'id': 5, 'coordinate': [134.36329177569044, 328.5112344158839]}
2020-02-08_13:29:25.912[Status]Routing 1: Walk: 1
2020-02-08_13:29:26.015[Battery Energy]96.14
2020-02-08_13:29:26.015[Status]Routing Start.
2020-02-08_13:29:26.163[Status]{'id': 5, 'coordinate': [143.72658355138088, 332.0224688317678]}
2020-02-08_13:29:26.163[Status]Routing 2: Walk: 2
2020-02-08_13:29:26.266[Battery Energy]95.95
2020-02-08_13:29:26.266[Status]Routing Start.
2020-02-08_13:29:26.409[Status]{'id': 5, 'coordinate': [153.08987532707133, 335.5337032476517]}
2020-02-08_13:29:26.410[Status]Routing 3: Walk: 3
2020-02-08_13:29:26.522[Battery Energy]95.75
2020-02-08_13:29:26.522[Status]Routing Start.
2020-02-08_13:29:26.669[Status]{'id': 5, 'coordinate': [162.45316710276177, 339.0449376635356]}
2020-02-08_13:29:26.669[Status]Routing 4: Walk: 4
2020-02-08_13:29:26.769[Battery Energy]95.56
2020-02-08_13:29:26.769[Status]Routing Start.
2020-02-08_13:29:26.911[Status]{'id': 5, 'coordinate': [171.8164588784522, 342.5561720794195]}
2020-02-08_13:29:26.911[Status]Routing 5: Walk: 5
2020-02-08_13:29:27.030[Battery Energy]95.35
2020-02-08_13:29:27.030[Status]Routing Start.
2020-02-08_13:29:27.314[Status]{'id': 5, 'coordinate': [181.17975065414265, 346.06740649530343]}
2020-02-08_13:29:27.314[Status]Routing 6: Walk: 6
2020-02-08_13:29:27.422[Battery Energy]95.08
2020-02-08_13:29:27.422[Status]Routing Start.
2020-02-08_13:29:27.571[Status]{'id': 5, 'coordinate': [190.5430424298331, 349.57864091118734]}
2020-02-08_13:29:27.571[Status]Routing 7: Walk: 7
2020-02-08_13:29:27.671[Battery Energy]94.87
2020-02-08_13:29:27.672[Status]Routing Start.
2020-02-08_13:29:28.069[Status]{'id': 5, 'coordinate': [199.90633420552354, 353.08987532707124]}
2020-02-08_13:29:28.070[Status]Routing 8: Walk: 8
2020-02-08_13:29:28.174[Battery Energy]94.51
2020-02-08_13:29:28.174[Status]Routing Start.
2020-02-08_13:29:28.480[Status]{'id': 5, 'coordinate': [209.26962598121398, 356.60110974295515]}
2020-02-08_13:29:28.480[Status]Routing 9: Walk: 9
2020-02-08_13:29:28.580[Battery Energy]94.22
2020-02-08_13:29:28.580[Status]Routing Start.
2020-02-08_13:29:28.945[Status]{'id': 5, 'coordinate': [218.63291775690442, 360.11234415883905]}
2020-02-08_13:29:28.945[Status]Routing 10: Walk: 10
2020-02-08_13:29:29.047[Battery Energy]93.91
2020-02-08_13:29:29.047[Status]Routing Start.
2020-02-08_13:29:29.348[Status]{'id': 5, 'coordinate': [227.99620953259486, 363.62357857472296]}
2020-02-08_13:29:29.348[Status]Routing 11: Walk: 11
2020-02-08_13:29:29.450[Battery Energy]93.63
2020-02-08_13:29:29.450[Status]Routing Start.
2020-02-08_13:29:29.755[Status]{'id': 5, 'coordinate': [237.3595013082853, 367.13481299060686]}
2020-02-08_13:29:29.759[Status]Routing 12: Walk: 12
2020-02-08_13:29:29.860[Battery Energy]93.30
2020-02-08_13:29:29.860[Status]Routing Start.
2020-02-08_13:29:30.150[Status]{'id': 5, 'coordinate': [246.72279308397574, 370.64604740649077]}
2020-02-08_13:29:30.150[Status]Routing 13: Walk: 13
2020-02-08_13:29:30.258[Battery Energy]93.01
2020-02-08_13:29:30.258[Status]Routing Start.
2020-02-08_13:29:30.560[Status]{'id': 5, 'coordinate': [256.0860848596662, 374.15728182237467]}
2020-02-08_13:29:30.560[Status]Routing 14: Walk: 14
2020-02-08_13:29:30.666[Battery Energy]92.73
2020-02-08_13:29:30.666[Status]Routing Start.
2020-02-08_13:29:31.023[Status]{'id': 5, 'coordinate': [265.44937663535666, 377.6685162382586]}
2020-02-08_13:29:31.023[Status]Routing 15: Walk: 15
2020-02-08_13:29:31.126[Battery Energy]92.35
2020-02-08_13:29:31.126[Status]Routing Start.
2020-02-08_13:29:31.299[Status]{'id': 5, 'coordinate': [274.81266841104707, 381.1797506541425]}
2020-02-08_13:29:31.299[Status]Routing 16: Walk: 16
2020-02-08_13:29:31.399[Battery Energy]92.14
2020-02-08_13:29:31.399[Status]Routing Start.
2020-02-08_13:29:31.601[Status]{'id': 5, 'coordinate': [284.17596018673754, 384.6909850700264]}
2020-02-08_13:29:31.602[Status]Routing 17: Walk: 17
2020-02-08_13:29:31.722[Battery Energy]91.86
2020-02-08_13:29:31.722[Status]Routing Start.
2020-02-08_13:29:31.878[Status]{'id': 5, 'coordinate': [293.539251962428, 388.2022194859103]}
2020-02-08_13:29:31.878[Status]Routing 18: Walk: 18
2020-02-08_13:29:31.986[Battery Energy]91.65
2020-02-08_13:29:31.986[Status]Routing Start.
2020-02-08_13:29:32.140[Status]{'id': 5, 'coordinate': [302.9025437381185, 391.7134539017942]}
2020-02-08_13:29:32.141[Status]Routing 19: Walk: 19
2020-02-08_13:29:32.251[Battery Energy]91.44
2020-02-08_13:29:32.251[Status]Routing Start.
2020-02-08_13:29:32.422[Status]{'id': 5, 'coordinate': [312.26583551380895, 395.2246883176781]}
2020-02-08_13:29:32.422[Status]Routing 20: Walk: 20
2020-02-08_13:29:32.530[Battery Energy]91.23
2020-02-08_13:29:32.530[Status]Routing Start.
2020-02-08_13:29:32.670[Status]{'id': 5, 'coordinate': [321.62912728949937, 398.735922733562]}
2020-02-08_13:29:32.670[Status]Routing 21: Walk: 21
2020-02-08_13:29:32.770[Battery Energy]91.03
2020-02-08_13:29:32.770[Status]Routing Start.
2020-02-08_13:29:32.926[Status]{'id': 5, 'coordinate': [330.9924190651898, 402.2471571494459]}
2020-02-08_13:29:32.926[Status]Routing 22: Walk: 22
2020-02-08_13:29:33.049[Battery Energy]90.83
2020-02-08_13:29:33.050[Status]Routing Start.
2020-02-08_13:29:33.208[Status]{'id': 5, 'coordinate': [340.3557108408802, 405.7583915653298]}
2020-02-08_13:29:33.209[Status]Routing 23: Walk: 23
2020-02-08_13:29:33.309[Battery Energy]90.62
2020-02-08_13:29:33.309[Status]Routing Start.
2020-02-08_13:29:33.646[Status]Routing 24: Walk: 23
2020-02-08_13:29:33.746[Battery Energy]90.30
2020-02-08_13:29:33.746[Status]Routing Start.
2020-02-08_13:29:34.090[Status]Routing 25: Walk: 23
2020-02-08_13:29:34.191[Battery Energy]89.97
2020-02-08_13:29:34.191[Status]Routing Start.
2020-02-08_13:29:34.516[Status]Routing 26: Walk: 23
2020-02-08_13:29:34.617[Battery Energy]89.66
2020-02-08_13:29:34.617[Status]Routing Start.
2020-02-08_13:29:34.769[Status]{'id': 5, 'coordinate': [349.7190026165706, 409.2696259812137]}
2020-02-08_13:29:34.769[Status]Routing 27: Walk: 24
2020-02-08_13:29:34.869[Battery Energy]89.46
2020-02-08_13:29:34.870[Status]Routing Start.
2020-02-08_13:29:35.214[Status]{'id': 5, 'coordinate': [359.082294392261, 412.7808603970976]}
2020-02-08_13:29:35.214[Status]Routing 28: Walk: 25
2020-02-08_13:29:35.326[Battery Energy]89.10
2020-02-08_13:29:35.326[Status]Routing Start.
2020-02-08_13:29:35.688[Status]{'id': 5, 'coordinate': [368.44558616795143, 416.29209481298153]}
2020-02-08_13:29:35.688[Status]Routing 29: Walk: 26
2020-02-08_13:29:35.794[Battery Energy]88.77
2020-02-08_13:29:35.794[Status]Routing Start.
2020-02-08_13:29:36.135[Status]{'id': 5, 'coordinate': [377.80887794364185, 419.80332922886544]}
2020-02-08_13:29:36.135[Status]Routing 30: Walk: 27
2020-02-08_13:29:36.235[Battery Energy]88.43
2020-02-08_13:29:36.235[Status]Routing Start.
2020-02-08_13:29:36.509[Status]{'id': 5, 'coordinate': [387.17216971933226, 423.31456364474934]}
2020-02-08_13:29:36.509[Status]Routing 31: Walk: 28
2020-02-08_13:29:36.615[Battery Energy]88.14
2020-02-08_13:29:36.615[Status]Routing Start.
2020-02-08_13:29:36.952[Status]{'id': 5, 'coordinate': [396.5354614950227, 426.82579806063325]}
2020-02-08_13:29:36.952[Status]Routing 32: Walk: 29
2020-02-08_13:29:37.058[Battery Energy]87.82
2020-02-08_13:29:37.058[Status]Routing Start.
2020-02-08_13:29:37.203[Status]{'id': 5, 'coordinate': [405.8987532707131, 430.33703247651715]}
2020-02-08_13:29:37.203[Status]Routing 33: Walk: 30
2020-02-08_13:29:37.313[Battery Energy]87.60
2020-02-08_13:29:37.313[Status]Routing Start.
2020-02-08_13:29:37.755[Status]Routing 34: Walk: 30
2020-02-08_13:29:37.855[Battery Energy]87.19
2020-02-08_13:29:37.855[Status]Routing Start.
2020-02-08_13:29:38.022[Status]{'id': 5, 'coordinate': [415.2620450464035, 433.8482668924011]}
2020-02-08_13:29:38.022[Status]Routing 35: Walk: 31
2020-02-08_13:29:38.123[Battery Energy]86.98
2020-02-08_13:29:38.123[Status]Routing Start.
2020-02-08_13:29:38.578[Status]Routing 36: Walk: 31
2020-02-08_13:29:38.679[Battery Energy]86.56
2020-02-08_13:29:38.679[Status]Routing Start.
2020-02-08_13:29:39.000[Status]Routing 37: Walk: 31
2020-02-08_13:29:39.101[Battery Energy]86.28
2020-02-08_13:29:39.101[Status]Routing Start.
2020-02-08_13:29:39.462[Status]Routing 38: Walk: 31
2020-02-08_13:29:39.562[Battery Energy]85.92
2020-02-08_13:29:39.562[Status]Routing Start.
2020-02-08_13:29:39.721[Status]{'id': 5, 'coordinate': [424.6253368220939, 437.359501308285]}
2020-02-08_13:29:39.721[Status]Routing 39: Walk: 32
2020-02-08_13:29:39.834[Battery Energy]85.73
2020-02-08_13:29:39.838[Status]Routing Start.
2020-02-08_13:29:40.156[Status]{'id': 5, 'coordinate': [433.9886285977843, 440.870735724169]}
2020-02-08_13:29:40.156[Status]Routing 40: Walk: 33
2020-02-08_13:29:40.262[Battery Energy]85.42
2020-02-08_13:29:40.262[Status]Routing Start.
2020-02-08_13:29:40.775[Status]Routing 41: Walk: 33
2020-02-08_13:29:40.875[Battery Energy]84.99
2020-02-08_13:29:40.876[Status]Routing Start.
2020-02-08_13:29:41.024[Status]{'id': 5, 'coordinate': [443.35192037347474, 444.3819701400529]}
2020-02-08_13:29:41.024[Status]Routing 42: Walk: 34
2020-02-08_13:29:41.124[Battery Energy]84.78
2020-02-08_13:29:41.124[Status]Routing Start.
2020-02-08_13:29:41.270[Status]{'id': 5, 'coordinate': [452.71521214916515, 447.8932045559368]}
2020-02-08_13:29:41.270[Status]Routing 43: Walk: 35
2020-02-08_13:29:41.377[Battery Energy]84.56
2020-02-08_13:29:41.377[Status]Routing Start.
2020-02-08_13:29:41.515[Status]{'id': 5, 'coordinate': [462.07850392485557, 451.4044389718207]}
2020-02-08_13:29:41.515[Status]Routing 44: Walk: 36
2020-02-08_13:29:41.615[Battery Energy]84.33
2020-02-08_13:29:41.615[Status]Routing Start.
2020-02-08_13:29:41.766[Status]{'id': 5, 'coordinate': [471.441795700546, 454.91567338770466]}
2020-02-08_13:29:41.767[Status]Routing 45: Walk: 37
2020-02-08_13:29:41.874[Battery Energy]84.13
2020-02-08_13:29:41.874[Status]Routing Start.
2020-02-08_13:29:42.029[Status]{'id': 5, 'coordinate': [480.8050874762364, 458.42690780358856]}
2020-02-08_13:29:42.030[Status]Routing 46: Walk: 38
2020-02-08_13:29:42.131[Battery Energy]83.90
2020-02-08_13:29:42.131[Status]Routing Start.
2020-02-08_13:29:42.280[Status]{'id': 5, 'coordinate': [490.1683792519268, 461.93814221947247]}
2020-02-08_13:29:42.281[Status]Routing 47: Walk: 39
2020-02-08_13:29:42.386[Battery Energy]83.72
2020-02-08_13:29:42.386[Status]Routing Start.
2020-02-08_13:29:42.536[Status]{'id': 5, 'coordinate': [499.5316710276172, 465.44937663535643]}
2020-02-08_13:29:42.538[Status]Routing 48: Walk: 40
2020-02-08_13:29:42.638[Battery Energy]83.51
2020-02-08_13:29:42.638[Status]Routing Start.
2020-02-08_13:29:42.773[Status]{'id': 5, 'coordinate': [508.89496280330764, 468.96061105124033]}
2020-02-08_13:29:42.786[Status]Routing 49: Walk: 41
2020-02-08_13:29:42.898[Battery Energy]83.31
2020-02-08_13:29:42.898[Status]Routing Start.
2020-02-08_13:29:43.049[Status]{'id': 5, 'coordinate': [518.258254578998, 472.47184546712424]}
2020-02-08_13:29:43.049[Status]Routing 50: Walk: 42
2020-02-08_13:29:43.151[Battery Energy]83.10
2020-02-08_13:29:43.151[Status]Routing Start.
2020-02-08_13:29:43.151[Status]Task Finished.
2020-02-08_13:29:43.251[Battery Energy]83.10
2020-02-08_13:29:43.385[Status]Routing 52: Walk: 42
2020-02-08_13:29:43.498[Battery Energy]83.00
2020-02-08_13:29:43.651[Status]Routing 53: Walk: 42
2020-02-08_13:29:43.758[Battery Energy]82.89
2020-02-08_13:29:43.920[Status]Routing 54: Walk: 42
2020-02-08_13:29:44.034[Battery Energy]82.77
2020-02-08_13:29:44.196[Status]Routing 55: Walk: 42
2020-02-08_13:29:44.306[Battery Energy]82.64
2020-02-08_13:29:44.452[Status]Routing 56: Walk: 42
2020-02-08_13:29:44.553[Battery Energy]82.55
2020-02-08_13:29:44.696[Status]Routing 57: Walk: 42
2020-02-08_13:29:44.796[Battery Energy]82.47
2020-02-08_13:29:44.979[Status]Routing 58: Walk: 42
2020-02-08_13:29:45.079[Battery Energy]82.35
2020-02-08_13:29:45.226[Status]Routing 59: Walk: 42
2020-02-08_13:29:45.342[Battery Energy]82.25
2020-02-08_13:29:45.476[Status]Routing 60: Walk: 42
2020-02-08_13:29:45.577[Battery Energy]82.16
2020-02-08_13:29:45.883[Status]Routing 61: Walk: 42
2020-02-08_13:29:45.989[Battery Energy]82.00
2020-02-08_13:29:46.157[Status]Routing 62: Walk: 42
2020-02-08_13:29:46.260[Battery Energy]81.88
2020-02-08_13:29:46.409[Status]Routing 63: Walk: 42
2020-02-08_13:29:46.518[Battery Energy]81.78
2020-02-08_13:29:46.672[Status]Routing 64: Walk: 42
2020-02-08_13:29:46.778[Battery Energy]81.69
2020-02-08_13:29:46.946[Status]Routing 65: Walk: 42
2020-02-08_13:29:47.046[Battery Energy]81.57
2020-02-08_13:29:47.212[Status]Routing 66: Walk: 42
2020-02-08_13:29:47.318[Battery Energy]81.48
2020-02-08_13:29:47.489[Status]Routing 67: Walk: 42
2020-02-08_13:29:47.598[Battery Energy]81.34
2020-02-08_13:29:47.755[Status]Routing 68: Walk: 42
2020-02-08_13:29:47.855[Battery Energy]81.20
2020-02-08_13:29:48.010[Status]Routing 69: Walk: 42
2020-02-08_13:29:48.111[Battery Energy]81.09
2020-02-08_13:29:48.275[Status]Routing 70: Walk: 42
2020-02-08_13:29:48.382[Battery Energy]80.97
2020-02-08_13:29:48.550[Status]Routing 71: Walk: 42
2020-02-08_13:29:48.658[Battery Energy]80.87
2020-02-08_13:29:48.942[Status]Routing 72: Walk: 42
2020-02-08_13:29:49.042[Battery Energy]80.68
2020-02-08_13:29:49.217[Status]Routing 73: Walk: 42
2020-02-08_13:29:49.325[Battery Energy]80.57
2020-02-08_13:29:49.475[Status]Routing 74: Walk: 42
2020-02-08_13:29:49.582[Battery Energy]80.46
2020-02-08_13:29:49.825[Status]Routing 75: Walk: 42
2020-02-08_13:29:49.925[Battery Energy]80.29
2020-02-08_13:29:50.097[Status]Routing 76: Walk: 42
2020-02-08_13:29:50.202[Battery Energy]80.14
2020-02-08_13:29:50.522[Status]Routing 77: Walk: 42
2020-02-08_13:29:50.628[Battery Energy]79.93
2020-02-08_13:29:50.795[Status]Routing 78: Walk: 42
2020-02-08_13:29:50.896[Battery Energy]79.80
2020-02-08_13:29:51.080[Status]Routing 79: Walk: 42
2020-02-08_13:29:51.182[Battery Energy]79.68
2020-02-08_13:29:51.352[Status]Routing 80: Walk: 42
2020-02-08_13:29:51.452[Battery Energy]79.56
2020-02-08_13:29:51.626[Status]Routing 81: Walk: 42
2020-02-08_13:29:51.726[Battery Energy]79.40
2020-02-08_13:29:51.903[Status]Routing 82: Walk: 42
2020-02-08_13:29:52.014[Battery Energy]79.28
2020-02-08_13:29:52.159[Status]Routing 83: Walk: 42
2020-02-08_13:29:52.286[Battery Energy]79.15
2020-02-08_13:29:52.424[Status]Routing 84: Walk: 42
2020-02-08_13:29:52.524[Battery Energy]79.04
2020-02-08_13:29:52.687[Status]Routing 85: Walk: 42
2020-02-08_13:29:52.806[Battery Energy]78.94
2020-02-08_13:29:52.950[Status]Routing 86: Walk: 42
2020-02-08_13:29:53.070[Battery Energy]78.85
2020-02-08_13:29:53.221[Status]Routing 87: Walk: 42
2020-02-08_13:29:53.321[Battery Energy]78.74
2020-02-08_13:29:53.501[Status]Routing 88: Walk: 42
2020-02-08_13:29:53.614[Battery Energy]78.61
2020-02-08_13:29:53.776[Status]Routing 89: Walk: 42
2020-02-08_13:29:53.886[Battery Energy]78.50
2020-02-08_13:29:54.030[Status]Routing 90: Walk: 42
2020-02-08_13:29:54.130[Battery Energy]78.41
2020-02-08_13:29:54.372[Status]Routing 91: Walk: 42
2020-02-08_13:29:54.472[Battery Energy]78.26
2020-02-08_13:29:54.609[Status]Routing 92: Walk: 42
2020-02-08_13:29:54.709[Battery Energy]78.17
2020-02-08_13:29:54.897[Status]Routing 93: Walk: 42
2020-02-08_13:29:54.997[Battery Energy]78.04
2020-02-08_13:29:55.188[Status]Routing 94: Walk: 42
2020-02-08_13:29:55.298[Battery Energy]77.94
2020-02-08_13:29:55.450[Status]Routing 95: Walk: 42
2020-02-08_13:29:55.551[Battery Energy]77.82
2020-02-08_13:29:55.724[Status]Routing 96: Walk: 42
2020-02-08_13:29:55.824[Battery Energy]77.70
2020-02-08_13:29:56.142[Status]Routing 97: Walk: 42
2020-02-08_13:29:56.250[Battery Energy]77.49
2020-02-08_13:29:56.593[Status]Routing 98: Walk: 42
2020-02-08_13:29:56.693[Battery Energy]77.25
2020-02-08_13:29:57.013[Status]Routing 99: Walk: 42
2020-02-08_13:29:57.116[Battery Energy]77.06
2020-02-08_13:29:57.447[Status]Routing 100: Walk: 42
2020-02-08_13:29:57.554[Battery Energy]76.79
2020-02-08_13:29:57.843[Status]Routing 101: Walk: 42
2020-02-08_13:29:57.943[Battery Energy]76.57
2020-02-08_13:29:58.259[Status]Routing 102: Walk: 42
2020-02-08_13:29:58.359[Battery Energy]76.37
2020-02-08_13:29:58.499[Status]Routing 103: Walk: 42
2020-02-08_13:29:58.606[Battery Energy]76.27
2020-02-08_13:29:58.949[Status]Routing 104: Walk: 42
2020-02-08_13:29:59.049[Battery Energy]76.06
2020-02-08_13:29:59.196[Status]Routing 105: Walk: 42
2020-02-08_13:29:59.296[Battery Energy]75.94
2020-02-08_13:29:59.452[Status]Routing 106: Walk: 42
2020-02-08_13:29:59.552[Battery Energy]75.85
2020-02-08_13:29:59.785[Status]Routing 107: Walk: 42
2020-02-08_13:29:59.888[Battery Energy]75.68
2020-02-08_13:30:00.202[Status]Routing 108: Walk: 42
2020-02-08_13:30:00.306[Battery Energy]75.50
2020-02-08_13:30:00.609[Status]Routing 109: Walk: 42
2020-02-08_13:30:00.714[Battery Energy]75.33
2020-02-08_13:30:01.021[Status]Routing 110: Walk: 42
2020-02-08_13:30:01.121[Battery Energy]75.13
2020-02-08_13:30:01.291[Status]Routing 111: Walk: 42
2020-02-08_13:30:01.398[Battery Energy]75.02
2020-02-08_13:30:01.703[Status]Routing 112: Walk: 42
2020-02-08_13:30:01.818[Battery Energy]74.85
2020-02-08_13:30:02.157[Status]Routing 113: Walk: 42
2020-02-08_13:30:02.265[Battery Energy]74.65
2020-02-08_13:30:02.412[Status]Routing 114: Walk: 42
2020-02-08_13:30:02.512[Battery Energy]74.54
2020-02-08_13:30:02.834[Status]Routing 115: Walk: 42
2020-02-08_13:30:02.938[Battery Energy]74.35
2020-02-08_13:30:03.222[Status]Routing 116: Walk: 42
2020-02-08_13:30:03.322[Battery Energy]74.15
2020-02-08_13:30:03.687[Status]Routing 117: Walk: 42
2020-02-08_13:30:03.794[Battery Energy]73.94
2020-02-08_13:30:03.941[Status]Routing 118: Walk: 42
2020-02-08_13:30:04.045[Battery Energy]73.84
2020-02-08_13:30:04.388[Status]Routing 119: Walk: 42
2020-02-08_13:30:04.506[Battery Energy]73.63
2020-02-08_13:30:04.828[Status]Routing 120: Walk: 42
2020-02-08_13:30:04.942[Battery Energy]73.38
2020-02-08_13:30:05.227[Status]Routing 121: Walk: 42
2020-02-08_13:30:05.338[Battery Energy]73.17
2020-02-08_13:30:05.569[Status]Routing 122: Walk: 42
2020-02-08_13:30:05.669[Battery Energy]73.01
2020-02-08_13:30:05.966[Status]Routing 123: Walk: 42
2020-02-08_13:30:06.067[Battery Energy]72.84
2020-02-08_13:30:06.236[Status]Routing 124: Walk: 42
2020-02-08_13:30:06.338[Battery Energy]72.73
2020-02-08_13:30:06.478[Status]Routing 125: Walk: 42
2020-02-08_13:30:06.578[Battery Energy]72.65
2020-02-08_13:30:06.827[Status]Routing 126: Walk: 42
2020-02-08_13:30:06.938[Battery Energy]72.49
2020-02-08_13:30:07.151[Status]Routing 127: Walk: 42
2020-02-08_13:30:07.262[Battery Energy]72.32
2020-02-08_13:30:07.524[Status]Routing 128: Walk: 42
2020-02-08_13:30:07.630[Battery Energy]72.11
2020-02-08_13:30:07.785[Status]Routing 129: Walk: 42
2020-02-08_13:30:07.885[Battery Energy]72.01
2020-02-08_13:30:08.063[Status]Routing 130: Walk: 42
2020-02-08_13:30:08.173[Battery Energy]71.88
2020-02-08_13:30:08.339[Status]Routing 131: Walk: 42
2020-02-08_13:30:08.442[Battery Energy]71.75
2020-02-08_13:30:08.687[Status]Routing 132: Walk: 42
2020-02-08_13:30:08.794[Battery Energy]71.59
2020-02-08_13:30:08.924[Status]Routing 133: Walk: 42
2020-02-08_13:30:09.025[Battery Energy]71.50
2020-02-08_13:30:09.211[Status]Routing 134: Walk: 42
2020-02-08_13:30:09.318[Battery Energy]71.39
2020-02-08_13:30:09.471[Status]Routing 135: Walk: 42
2020-02-08_13:30:09.571[Battery Energy]71.28
2020-02-08_13:30:09.763[Status]Routing 136: Walk: 42
2020-02-08_13:30:09.866[Battery Energy]71.14
2020-02-08_13:30:10.021[Status]Routing 137: Walk: 42
2020-02-08_13:30:10.158[Battery Energy]71.04
2020-02-08_13:30:10.297[Status]Routing 138: Walk: 42
2020-02-08_13:30:10.414[Battery Energy]70.92
2020-02-08_13:30:10.563[Status]Routing 139: Walk: 42
2020-02-08_13:30:10.664[Battery Energy]70.81
2020-02-08_13:30:10.829[Status]Routing 140: Walk: 42
2020-02-08_13:30:10.932[Battery Energy]70.71
2020-02-08_13:30:11.073[Status]Routing 141: Walk: 42
2020-02-08_13:30:11.194[Battery Energy]70.61
2020-02-08_13:30:11.357[Status]Routing 142: Walk: 42
2020-02-08_13:30:11.469[Battery Energy]70.50
2020-02-08_13:30:11.652[Status]Routing 143: Walk: 42
2020-02-08_13:30:11.753[Battery Energy]70.37
2020-02-08_13:30:11.894[Status]Routing 144: Walk: 42
2020-02-08_13:30:11.994[Battery Energy]70.26
2020-02-08_13:30:12.152[Status]Routing 145: Walk: 42
2020-02-08_13:30:12.252[Battery Energy]70.16
2020-02-08_13:30:12.385[Status]Routing 146: Walk: 42
2020-02-08_13:30:12.494[Battery Energy]70.06
2020-02-08_13:30:12.631[Status]Routing 147: Walk: 42
2020-02-08_13:30:12.731[Battery Energy]69.96
2020-02-08_13:30:12.884[Status]Routing 148: Walk: 42
2020-02-08_13:30:12.994[Battery Energy]69.85
2020-02-08_13:30:13.198[Status]Routing 149: Walk: 42
2020-02-08_13:30:13.306[Battery Energy]69.69
2020-02-08_13:30:13.456[Status]Routing 150: Walk: 42
2020-02-08_13:30:13.570[Battery Energy]69.58
2020-02-08_13:30:13.704[Status]Routing 151: Walk: 42
2020-02-08_13:30:13.818[Battery Energy]69.46
2020-02-08_13:30:13.955[Status]Routing 152: Walk: 42
2020-02-08_13:30:14.055[Battery Energy]69.36
2020-02-08_13:30:14.213[Status]Routing 153: Walk: 42
2020-02-08_13:30:14.322[Battery Energy]69.24
2020-02-08_13:30:14.526[Status]Routing 154: Walk: 42
2020-02-08_13:30:14.628[Battery Energy]69.12
2020-02-08_13:30:14.775[Status]Routing 155: Walk: 42
2020-02-08_13:30:14.875[Battery Energy]69.00
2020-02-08_13:30:15.053[Status]Routing 156: Walk: 42
2020-02-08_13:30:15.162[Battery Energy]68.90
2020-02-08_13:30:15.313[Status]Routing 157: Walk: 42
2020-02-08_13:30:15.418[Battery Energy]68.79
