2020-02-08_13:29:17.380[Status]Start.
2020-02-08_13:29:17.381[Battery Energy]100.00
2020-02-08_13:29:18.482[Battery Energy]99.96
2020-02-08_13:29:19.583[Battery Energy]99.92
2020-02-08_13:29:20.684[Battery Energy]99.88
2020-02-08_13:29:21.786[Battery Energy]99.84
2020-02-08_13:29:22.887[Task]A New Task Released.
2020-02-08_13:29:22.887[Battery Energy]99.80
2020-02-08_13:29:22.887[Status]Selection Start.
2020-02-08_13:29:25.398[Status]Selection End: Do Task 2.
2020-02-08_13:29:25.498[Battery Energy]98.29
2020-02-08_13:29:25.500[Status]Formation Start.
2020-02-08_13:29:25.653[Status]Formation End: To Position 4.
2020-02-08_13:29:25.758[Battery Energy]98.17
2020-02-08_13:29:25.758[Status]Routing Start.
2020-02-08_13:29:25.914[Status]{'coordinate': [130.99787456135215, 162.79383439795316], 'id': 15}
2020-02-08_13:29:25.914[Status]Routing 1: Walk: 1
2020-02-08_13:29:26.024[Battery Energy]97.98
2020-02-08_13:29:26.024[Status]Routing Start.
2020-02-08_13:29:26.170[Status]{'coordinate': [140.9957491227043, 162.58766879590632], 'id': 15}
2020-02-08_13:29:26.170[Status]Routing 2: Walk: 2
2020-02-08_13:29:26.271[Battery Energy]97.76
2020-02-08_13:29:26.271[Status]Routing Start.
2020-02-08_13:29:26.413[Status]{'coordinate': [150.99362368405644, 162.3815031938595], 'id': 15}
2020-02-08_13:29:26.413[Status]Routing 3: Walk: 3
2020-02-08_13:29:26.515[Battery Energy]97.55
2020-02-08_13:29:26.515[Status]Routing Start.
2020-02-08_13:29:26.667[Status]{'coordinate': [160.9914982454086, 162.17533759181265], 'id': 15}
2020-02-08_13:29:26.667[Status]Routing 4: Walk: 4
2020-02-08_13:29:26.770[Battery Energy]97.32
2020-02-08_13:29:26.770[Status]Routing Start.
2020-02-08_13:29:27.072[Status]{'coordinate': [170.98937280676074, 161.9691719897658], 'id': 15}
2020-02-08_13:29:27.073[Status]Routing 5: Walk: 5
2020-02-08_13:29:27.173[Battery Energy]96.94
2020-02-08_13:29:27.173[Status]Routing Start.
2020-02-08_13:29:27.308[Status]{'coordinate': [180.9872473681129, 161.76300638771897], 'id': 15}
2020-02-08_13:29:27.309[Status]Routing 6: Walk: 6
2020-02-08_13:29:27.418[Battery Energy]96.73
2020-02-08_13:29:27.418[Status]Routing Start.
2020-02-08_13:29:27.571[Status]{'coordinate': [190.98512192946504, 161.55684078567214], 'id': 15}
2020-02-08_13:29:27.571[Status]Routing 7: Walk: 7
2020-02-08_13:29:27.671[Battery Energy]96.52
2020-02-08_13:29:27.671[Status]Routing Start.
2020-02-08_13:29:28.064[Status]{'coordinate': [200.9829964908172, 161.3506751836253], 'id': 15}
2020-02-08_13:29:28.065[Status]Routing 8: Walk: 8
2020-02-08_13:29:28.169[Battery Energy]96.18
2020-02-08_13:29:28.169[Status]Routing Start.
2020-02-08_13:29:28.492[Status]{'coordinate': [210.98087105216933, 161.14450958157846], 'id': 15}
2020-02-08_13:29:28.494[Status]Routing 9: Walk: 9
2020-02-08_13:29:28.610[Battery Energy]95.81
2020-02-08_13:29:28.610[Status]Routing Start.
2020-02-08_13:29:28.940[Status]{'coordinate': [220.97874561352148, 160.93834397953162], 'id': 15}
2020-02-08_13:29:28.946[Status]Routing 10: Walk: 10
2020-02-08_13:29:29.047[Battery Energy]95.47
2020-02-08_13:29:29.047[Status]Routing Start.
2020-02-08_13:29:29.340[Status]{'coordinate': [230.97662017487363, 160.7321783774848], 'id': 15}
2020-02-08_13:29:29.342[Status]Routing 11: Walk: 11
2020-02-08_13:29:29.446[Battery Energy]95.15
2020-02-08_13:29:29.446[Status]Routing Start.
2020-02-08_13:29:29.758[Status]{'coordinate': [240.97449473622578, 160.52601277543795], 'id': 15}
2020-02-08_13:29:29.758[Status]Routing 12: Walk: 12
2020-02-08_13:29:29.862[Battery Energy]94.82
2020-02-08_13:29:29.862[Status]Routing Start.
2020-02-08_13:29:30.146[Status]{'coordinate': [250.97236929757793, 160.3198471733911], 'id': 15}
2020-02-08_13:29:30.148[Status]Routing 13: Walk: 13
2020-02-08_13:29:30.253[Battery Energy]94.51
2020-02-08_13:29:30.253[Status]Routing Start.
2020-02-08_13:29:30.561[Status]{'coordinate': [260.9702438589301, 160.11368157134427], 'id': 15}
2020-02-08_13:29:30.562[Status]Routing 14: Walk: 14
2020-02-08_13:29:30.663[Battery Energy]94.19
2020-02-08_13:29:30.663[Status]Routing Start.
2020-02-08_13:29:31.027[Status]{'coordinate': [270.9681184202822, 159.90751596929744], 'id': 15}
2020-02-08_13:29:31.027[Status]Routing 15: Walk: 15
2020-02-08_13:29:31.134[Battery Energy]93.86
2020-02-08_13:29:31.134[Status]Routing Start.
2020-02-08_13:29:31.296[Status]{'coordinate': [280.9659929816344, 159.7013503672506], 'id': 15}
2020-02-08_13:29:31.296[Status]Routing 16: Walk: 16
2020-02-08_13:29:31.406[Battery Energy]93.61
2020-02-08_13:29:31.406[Status]Routing Start.
2020-02-08_13:29:31.602[Status]{'coordinate': [290.9638675429865, 159.49518476520376], 'id': 15}
2020-02-08_13:29:31.603[Status]Routing 17: Walk: 17
2020-02-08_13:29:31.703[Battery Energy]93.36
2020-02-08_13:29:31.703[Status]Routing Start.
2020-02-08_13:29:31.885[Status]{'coordinate': [300.96174210433867, 159.28901916315692], 'id': 15}
2020-02-08_13:29:31.885[Status]Routing 18: Walk: 18
2020-02-08_13:29:31.985[Battery Energy]93.11
2020-02-08_13:29:31.985[Status]Routing Start.
2020-02-08_13:29:32.137[Status]{'coordinate': [310.9596166656908, 159.08285356111008], 'id': 15}
2020-02-08_13:29:32.137[Status]Routing 19: Walk: 19
2020-02-08_13:29:32.237[Battery Energy]92.91
2020-02-08_13:29:32.237[Status]Routing Start.
2020-02-08_13:29:32.419[Status]{'coordinate': [320.95749122704296, 158.87668795906325], 'id': 15}
2020-02-08_13:29:32.419[Status]Routing 20: Walk: 20
2020-02-08_13:29:32.519[Battery Energy]92.68
2020-02-08_13:29:32.519[Status]Routing Start.
2020-02-08_13:29:32.670[Status]{'coordinate': [330.9553657883951, 158.6705223570164], 'id': 15}
2020-02-08_13:29:32.670[Status]Routing 21: Walk: 21
2020-02-08_13:29:32.782[Battery Energy]92.48
2020-02-08_13:29:32.782[Status]Routing Start.
2020-02-08_13:29:32.923[Status]{'coordinate': [340.95324034974726, 158.46435675496957], 'id': 15}
2020-02-08_13:29:32.923[Status]Routing 22: Walk: 22
2020-02-08_13:29:33.030[Battery Energy]92.27
2020-02-08_13:29:33.030[Status]Routing Start.
2020-02-08_13:29:33.195[Status]{'coordinate': [350.9511149110994, 158.25819115292273], 'id': 15}
2020-02-08_13:29:33.195[Status]Routing 23: Walk: 23
2020-02-08_13:29:33.295[Battery Energy]92.06
2020-02-08_13:29:33.295[Status]Routing Start.
2020-02-08_13:29:33.473[Status]{'coordinate': [360.94898947245156, 158.0520255508759], 'id': 15}
2020-02-08_13:29:33.473[Status]Routing 24: Walk: 24
2020-02-08_13:29:33.581[Battery Energy]91.84
2020-02-08_13:29:33.581[Status]Routing Start.
2020-02-08_13:29:33.903[Status]{'coordinate': [370.9468640338037, 157.84585994882906], 'id': 15}
2020-02-08_13:29:33.903[Status]Routing 25: Walk: 25
2020-02-08_13:29:34.018[Battery Energy]91.53
2020-02-08_13:29:34.018[Status]Routing Start.
2020-02-08_13:29:34.323[Status]{'coordinate': [380.94473859515585, 157.63969434678222], 'id': 15}
2020-02-08_13:29:34.323[Status]Routing 26: Walk: 26
2020-02-08_13:29:34.430[Battery Energy]91.26
2020-02-08_13:29:34.430[Status]Routing Start.
2020-02-08_13:29:34.767[Status]{'coordinate': [390.942613156508, 157.43352874473538], 'id': 15}
2020-02-08_13:29:34.767[Status]Routing 27: Walk: 27
2020-02-08_13:29:34.870[Battery Energy]90.92
2020-02-08_13:29:34.870[Status]Routing Start.
2020-02-08_13:29:35.208[Status]{'coordinate': [400.94048771786015, 157.22736314268855], 'id': 15}
2020-02-08_13:29:35.210[Status]Routing 28: Walk: 28
2020-02-08_13:29:35.326[Battery Energy]90.61
2020-02-08_13:29:35.326[Status]Routing Start.
2020-02-08_13:29:35.684[Status]{'coordinate': [410.9383622792123, 157.0211975406417], 'id': 15}
2020-02-08_13:29:35.684[Status]Routing 29: Walk: 29
2020-02-08_13:29:35.785[Battery Energy]90.24
2020-02-08_13:29:35.785[Status]Routing Start.
2020-02-08_13:29:36.136[Status]{'coordinate': [420.93623684056445, 156.81503193859487], 'id': 15}
2020-02-08_13:29:36.136[Status]Routing 30: Walk: 30
2020-02-08_13:29:36.244[Battery Energy]89.90
2020-02-08_13:29:36.244[Status]Routing Start.
2020-02-08_13:29:36.506[Status]{'coordinate': [430.9341114019166, 156.60886633654803], 'id': 15}
2020-02-08_13:29:36.506[Status]Routing 31: Walk: 31
2020-02-08_13:29:36.607[Battery Energy]89.63
2020-02-08_13:29:36.607[Status]Routing Start.
2020-02-08_13:29:36.949[Status]{'coordinate': [440.93198596326874, 156.4027007345012], 'id': 15}
2020-02-08_13:29:36.952[Status]Routing 32: Walk: 32
2020-02-08_13:29:37.052[Battery Energy]89.31
2020-02-08_13:29:37.052[Status]Routing Start.
2020-02-08_13:29:37.200[Status]{'coordinate': [450.9298605246209, 156.19653513245436], 'id': 15}
2020-02-08_13:29:37.203[Status]Routing 33: Walk: 33
2020-02-08_13:29:37.303[Battery Energy]89.10
2020-02-08_13:29:37.303[Status]Routing Start.
2020-02-08_13:29:37.629[Status]{'coordinate': [460.92773508597304, 155.99036953040752], 'id': 15}
2020-02-08_13:29:37.629[Status]Routing 34: Walk: 34
2020-02-08_13:29:37.738[Battery Energy]88.79
2020-02-08_13:29:37.738[Status]Routing Start.
2020-02-08_13:29:38.009[Status]{'coordinate': [470.9256096473252, 155.78420392836068], 'id': 15}
2020-02-08_13:29:38.014[Status]Routing 35: Walk: 35
2020-02-08_13:29:38.126[Battery Energy]88.48
2020-02-08_13:29:38.126[Status]Routing Start.
2020-02-08_13:29:38.415[Status]{'coordinate': [480.92348420867734, 155.57803832631384], 'id': 15}
2020-02-08_13:29:38.415[Status]Routing 36: Walk: 36
2020-02-08_13:29:38.526[Battery Energy]88.17
2020-02-08_13:29:38.526[Status]Routing Start.
2020-02-08_13:29:38.842[Status]{'coordinate': [490.9213587700295, 155.371872724267], 'id': 15}
2020-02-08_13:29:38.842[Status]Routing 37: Walk: 37
2020-02-08_13:29:38.950[Battery Energy]87.84
2020-02-08_13:29:38.950[Status]Routing Start.
2020-02-08_13:29:39.304[Status]{'coordinate': [500.91923333138163, 155.16570712222017], 'id': 15}
2020-02-08_13:29:39.304[Status]Routing 38: Walk: 38
2020-02-08_13:29:39.404[Battery Energy]87.50
2020-02-08_13:29:39.404[Status]Routing Start.
2020-02-08_13:29:39.735[Status]{'coordinate': [510.9171078927338, 154.95954152017333], 'id': 15}
2020-02-08_13:29:39.736[Status]Routing 39: Walk: 39
2020-02-08_13:29:39.836[Battery Energy]87.17
2020-02-08_13:29:39.836[Status]Routing Start.
2020-02-08_13:29:40.155[Status]{'coordinate': [520.9149824540859, 154.7533759181265], 'id': 15}
2020-02-08_13:29:40.155[Status]Routing 40: Walk: 40
2020-02-08_13:29:40.255[Battery Energy]86.84
2020-02-08_13:29:40.255[Status]Routing Start.
2020-02-08_13:29:40.579[Status]{'coordinate': [530.9128570154381, 154.54721031607966], 'id': 15}
2020-02-08_13:29:40.582[Status]Routing 41: Walk: 41
2020-02-08_13:29:40.690[Battery Energy]86.55
2020-02-08_13:29:40.690[Status]Routing Start.
2020-02-08_13:29:41.024[Status]{'coordinate': [540.9107315767903, 154.34104471403282], 'id': 15}
2020-02-08_13:29:41.025[Status]Routing 42: Walk: 42
2020-02-08_13:29:41.134[Battery Energy]86.22
2020-02-08_13:29:41.134[Status]Routing Start.
2020-02-08_13:29:41.266[Status]{'coordinate': [550.9086061381425, 154.13487911198598], 'id': 15}
2020-02-08_13:29:41.267[Status]Routing 43: Walk: 43
2020-02-08_13:29:41.367[Battery Energy]86.03
2020-02-08_13:29:41.367[Status]Routing Start.
2020-02-08_13:29:41.520[Status]{'coordinate': [560.9064806994948, 153.92871350993914], 'id': 15}
2020-02-08_13:29:41.520[Status]Routing 44: Walk: 44
2020-02-08_13:29:41.630[Battery Energy]85.83
2020-02-08_13:29:41.630[Status]Routing Start.
2020-02-08_13:29:41.763[Status]{'coordinate': [570.904355260847, 153.7225479078923], 'id': 15}
2020-02-08_13:29:41.763[Status]Routing 45: Walk: 45
2020-02-08_13:29:41.863[Battery Energy]85.62
2020-02-08_13:29:41.863[Status]Routing Start.
2020-02-08_13:29:42.037[Status]{'coordinate': [580.9022298221992, 153.51638230584547], 'id': 15}
2020-02-08_13:29:42.037[Status]Routing 46: Walk: 46
2020-02-08_13:29:42.142[Battery Energy]85.42
2020-02-08_13:29:42.142[Status]Routing Start.
2020-02-08_13:29:42.285[Status]{'coordinate': [590.9001043835514, 153.31021670379863], 'id': 15}
2020-02-08_13:29:42.286[Status]Routing 47: Walk: 47
2020-02-08_13:29:42.390[Battery Energy]85.24
2020-02-08_13:29:42.390[Status]Routing Start.
2020-02-08_13:29:42.538[Status]{'coordinate': [600.8979789449036, 153.1040511017518], 'id': 15}
2020-02-08_13:29:42.538[Status]Routing 48: Walk: 48
2020-02-08_13:29:42.644[Battery Energy]85.06
2020-02-08_13:29:42.644[Status]Routing Start.
2020-02-08_13:29:42.771[Status]{'coordinate': [610.8958535062558, 152.89788549970496], 'id': 15}
2020-02-08_13:29:42.772[Status]Routing 49: Walk: 49
2020-02-08_13:29:42.873[Battery Energy]84.84
2020-02-08_13:29:42.873[Status]Routing Start.
2020-02-08_13:29:43.046[Status]{'coordinate': [620.893728067608, 152.69171989765812], 'id': 15}
2020-02-08_13:29:43.046[Status]Routing 50: Walk: 50
2020-02-08_13:29:43.155[Battery Energy]84.62
2020-02-08_13:29:43.155[Status]Routing Start.
2020-02-08_13:29:43.387[Status]{'coordinate': [630.8916026289602, 152.48555429561128], 'id': 15}
2020-02-08_13:29:43.387[Status]Routing 51: Walk: 51
2020-02-08_13:29:43.487[Battery Energy]84.38
2020-02-08_13:29:43.487[Status]Routing Start.
2020-02-08_13:29:43.652[Status]{'coordinate': [640.8894771903124, 152.27938869356444], 'id': 15}
2020-02-08_13:29:43.652[Status]Routing 52: Walk: 52
2020-02-08_13:29:43.758[Battery Energy]84.14
2020-02-08_13:29:43.758[Status]Routing Start.
2020-02-08_13:29:43.922[Status]{'coordinate': [650.8873517516646, 152.0732230915176], 'id': 15}
2020-02-08_13:29:43.927[Status]Routing 53: Walk: 53
2020-02-08_13:29:44.027[Battery Energy]83.94
2020-02-08_13:29:44.027[Status]Routing Start.
2020-02-08_13:29:44.191[Status]{'coordinate': [660.8852263130168, 151.86705748947077], 'id': 15}
2020-02-08_13:29:44.191[Status]Routing 54: Walk: 54
2020-02-08_13:29:44.292[Battery Energy]83.70
2020-02-08_13:29:44.292[Status]Routing Start.
2020-02-08_13:29:44.453[Status]{'coordinate': [670.883100874369, 151.66089188742393], 'id': 15}
2020-02-08_13:29:44.453[Status]Routing 55: Walk: 55
2020-02-08_13:29:44.553[Battery Energy]83.51
2020-02-08_13:29:44.553[Status]Routing Start.
2020-02-08_13:29:44.697[Status]{'coordinate': [680.8809754357212, 151.4547262853771], 'id': 15}
2020-02-08_13:29:44.697[Status]Routing 56: Walk: 56
2020-02-08_13:29:44.797[Battery Energy]83.29
2020-02-08_13:29:44.797[Status]Routing Start.
2020-02-08_13:29:44.971[Status]{'coordinate': [690.8788499970734, 151.24856068333025], 'id': 15}
2020-02-08_13:29:44.975[Status]Routing 57: Walk: 57
2020-02-08_13:29:45.078[Battery Energy]83.05
2020-02-08_13:29:45.078[Status]Routing Start.
2020-02-08_13:29:45.223[Status]{'coordinate': [700.8767245584256, 151.04239508128342], 'id': 15}
2020-02-08_13:29:45.225[Status]Routing 58: Walk: 58
2020-02-08_13:29:45.330[Battery Energy]82.86
2020-02-08_13:29:45.330[Status]Routing Start.
2020-02-08_13:29:45.506[Status]{'coordinate': [710.8745991197778, 150.8362294792366], 'id': 15}
2020-02-08_13:29:45.506[Status]Routing 59: Walk: 59
2020-02-08_13:29:45.610[Battery Energy]82.64
2020-02-08_13:29:45.610[Status]Routing Start.
2020-02-08_13:29:45.887[Status]{'coordinate': [720.87247368113, 150.63006387718977], 'id': 15}
2020-02-08_13:29:45.887[Status]Routing 60: Walk: 60
2020-02-08_13:29:45.987[Battery Energy]82.38
2020-02-08_13:29:45.987[Status]Routing Start.
2020-02-08_13:29:46.160[Status]{'coordinate': [730.8703482424822, 150.42389827514296], 'id': 15}
2020-02-08_13:29:46.160[Status]Routing 61: Walk: 61
2020-02-08_13:29:46.260[Battery Energy]82.15
2020-02-08_13:29:46.260[Status]Routing Start.
2020-02-08_13:29:46.408[Status]{'coordinate': [740.8682228038344, 150.21773267309612], 'id': 15}
2020-02-08_13:29:46.411[Status]Routing 62: Walk: 62
2020-02-08_13:29:46.518[Battery Energy]81.93
2020-02-08_13:29:46.518[Status]Routing Start.
2020-02-08_13:29:46.670[Status]{'coordinate': [750.8660973651866, 150.0115670710493], 'id': 15}
2020-02-08_13:29:46.671[Status]Routing 63: Walk: 63
2020-02-08_13:29:46.771[Battery Energy]81.72
2020-02-08_13:29:46.771[Status]Routing Start.
2020-02-08_13:29:46.948[Status]{'coordinate': [760.8639719265389, 149.80540146900248], 'id': 15}
2020-02-08_13:29:46.949[Status]Routing 64: Walk: 64
2020-02-08_13:29:47.051[Battery Energy]81.52
2020-02-08_13:29:47.051[Status]Routing Start.
2020-02-08_13:29:47.206[Status]{'coordinate': [770.8618464878911, 149.59923586695564], 'id': 15}
2020-02-08_13:29:47.207[Status]Routing 65: Walk: 65
2020-02-08_13:29:47.310[Battery Energy]81.29
2020-02-08_13:29:47.310[Status]Routing Start.
2020-02-08_13:29:47.483[Status]{'coordinate': [780.8597210492433, 149.39307026490883], 'id': 15}
2020-02-08_13:29:47.484[Status]Routing 66: Walk: 66
2020-02-08_13:29:47.586[Battery Energy]81.06
2020-02-08_13:29:47.586[Status]Routing Start.
2020-02-08_13:29:47.760[Status]{'coordinate': [790.8575956105955, 149.186904662862], 'id': 15}
2020-02-08_13:29:47.760[Status]Routing 67: Walk: 67
2020-02-08_13:29:47.866[Battery Energy]80.84
2020-02-08_13:29:47.866[Status]Routing Start.
2020-02-08_13:29:48.015[Status]{'coordinate': [800.8554701719477, 148.98073906081518], 'id': 15}
2020-02-08_13:29:48.016[Status]Routing 68: Walk: 68
2020-02-08_13:29:48.126[Battery Energy]80.64
2020-02-08_13:29:48.126[Status]Routing Start.
2020-02-08_13:29:48.279[Status]{'coordinate': [810.8533447332999, 148.77457345876834], 'id': 15}
2020-02-08_13:29:48.279[Status]Routing 69: Walk: 69
2020-02-08_13:29:48.386[Battery Energy]80.41
2020-02-08_13:29:48.386[Status]Routing Start.
2020-02-08_13:29:48.544[Status]{'coordinate': [820.8512192946521, 148.56840785672154], 'id': 15}
2020-02-08_13:29:48.545[Status]Routing 70: Walk: 70
2020-02-08_13:29:48.645[Battery Energy]80.18
2020-02-08_13:29:48.645[Status]Routing Start.
2020-02-08_13:29:48.946[Status]{'coordinate': [830.8490938560043, 148.3622422546747], 'id': 15}
2020-02-08_13:29:48.946[Status]Routing 71: Walk: 71
2020-02-08_13:29:49.046[Battery Energy]79.90
2020-02-08_13:29:49.046[Status]Routing Start.
2020-02-08_13:29:49.220[Status]{'coordinate': [840.8469684173565, 148.1560766526279], 'id': 15}
2020-02-08_13:29:49.220[Status]Routing 72: Walk: 72
2020-02-08_13:29:49.330[Battery Energy]79.68
2020-02-08_13:29:49.330[Status]Routing Start.
2020-02-08_13:29:49.472[Status]{'coordinate': [850.8448429787087, 147.94991105058105], 'id': 15}
2020-02-08_13:29:49.473[Status]Routing 73: Walk: 73
2020-02-08_13:29:49.578[Battery Energy]79.50
2020-02-08_13:29:49.578[Status]Routing Start.
2020-02-08_13:29:49.820[Status]{'coordinate': [860.8427175400609, 147.74374544853424], 'id': 15}
2020-02-08_13:29:49.820[Status]Routing 74: Walk: 74
2020-02-08_13:29:49.934[Battery Energy]79.28
2020-02-08_13:29:49.934[Status]Routing Start.
2020-02-08_13:29:50.095[Status]{'coordinate': [870.8405921014131, 147.5375798464874], 'id': 15}
2020-02-08_13:29:50.096[Status]Routing 75: Walk: 75
2020-02-08_13:29:50.197[Battery Energy]79.07
2020-02-08_13:29:50.197[Status]Routing Start.
2020-02-08_13:29:50.526[Status]{'coordinate': [880.8384666627653, 147.3314142444406], 'id': 15}
2020-02-08_13:29:50.526[Status]Routing 76: Walk: 76
2020-02-08_13:29:50.634[Battery Energy]78.75
2020-02-08_13:29:50.634[Status]Routing Start.
2020-02-08_13:29:50.798[Status]{'coordinate': [890.8363412241175, 147.12524864239376], 'id': 15}
2020-02-08_13:29:50.798[Status]Routing 77: Walk: 77
2020-02-08_13:29:50.918[Battery Energy]78.53
2020-02-08_13:29:50.918[Status]Routing Start.
2020-02-08_13:29:51.078[Status]{'coordinate': [900.8342157854697, 146.91908304034695], 'id': 15}
2020-02-08_13:29:51.078[Status]Routing 78: Walk: 78
2020-02-08_13:29:51.187[Battery Energy]78.32
2020-02-08_13:29:51.187[Status]Routing Start.
2020-02-08_13:29:51.354[Status]{'coordinate': [910.8320903468219, 146.7129174383001], 'id': 15}
2020-02-08_13:29:51.354[Status]Routing 79: Walk: 79
2020-02-08_13:29:51.466[Battery Energy]78.09
2020-02-08_13:29:51.466[Status]Routing Start.
2020-02-08_13:29:51.636[Status]{'coordinate': [920.8299649081741, 146.50675183625327], 'id': 15}
2020-02-08_13:29:51.636[Status]Routing 80: Walk: 80
2020-02-08_13:29:51.738[Battery Energy]77.87
2020-02-08_13:29:51.738[Status]Routing Start.
2020-02-08_13:29:51.904[Status]{'coordinate': [930.8278394695263, 146.30058623420646], 'id': 15}
2020-02-08_13:29:51.905[Status]Routing 81: Walk: 81
2020-02-08_13:29:52.012[Battery Energy]77.67
2020-02-08_13:29:52.012[Status]Routing Start.
2020-02-08_13:29:52.159[Status]{'coordinate': [940.8257140308785, 146.09442063215963], 'id': 15}
2020-02-08_13:29:52.159[Status]Routing 82: Walk: 82
2020-02-08_13:29:52.259[Battery Energy]77.45
2020-02-08_13:29:52.259[Status]Routing Start.
2020-02-08_13:29:52.427[Status]{'coordinate': [950.8235885922307, 145.88825503011282], 'id': 15}
2020-02-08_13:29:52.427[Status]Routing 83: Walk: 83
2020-02-08_13:29:52.527[Battery Energy]77.24
2020-02-08_13:29:52.527[Status]Routing Start.
2020-02-08_13:29:52.687[Status]{'coordinate': [960.821463153583, 145.68208942806598], 'id': 15}
2020-02-08_13:29:52.687[Status]Routing 84: Walk: 84
2020-02-08_13:29:52.801[Battery Energy]77.03
2020-02-08_13:29:52.801[Status]Routing Start.
2020-02-08_13:29:52.950[Status]{'coordinate': [970.8193377149352, 145.47592382601917], 'id': 15}
2020-02-08_13:29:52.950[Status]Routing 85: Walk: 85
2020-02-08_13:29:53.074[Battery Energy]76.84
2020-02-08_13:29:53.074[Status]Routing Start.
2020-02-08_13:29:53.225[Status]{'coordinate': [980.8172122762874, 145.26975822397233], 'id': 15}
2020-02-08_13:29:53.225[Status]Routing 86: Walk: 86
2020-02-08_13:29:53.338[Battery Energy]76.62
2020-02-08_13:29:53.338[Status]Routing Start.
2020-02-08_13:29:53.505[Status]{'coordinate': [990.8150868376396, 145.06359262192552], 'id': 15}
2020-02-08_13:29:53.505[Status]Routing 87: Walk: 87
2020-02-08_13:29:53.606[Battery Energy]76.44
2020-02-08_13:29:53.606[Status]Routing Start.
2020-02-08_13:29:53.778[Status]{'coordinate': [1000.8129613989918, 144.85742701987868], 'id': 15}
2020-02-08_13:29:53.778[Status]Routing 88: Walk: 88
2020-02-08_13:29:53.886[Battery Energy]76.25
2020-02-08_13:29:53.886[Status]Routing Start.
2020-02-08_13:29:54.030[Status]{'coordinate': [1010.810835960344, 144.65126141783188], 'id': 15}
2020-02-08_13:29:54.031[Status]Routing 89: Walk: 89
2020-02-08_13:29:54.131[Battery Energy]76.03
2020-02-08_13:29:54.131[Status]Routing Start.
2020-02-08_13:29:54.132[Status]Task Finished.
2020-02-08_13:29:54.232[Battery Energy]76.03
2020-02-08_13:29:54.370[Status]Routing 91: Walk: 89
2020-02-08_13:29:54.471[Battery Energy]75.92
2020-02-08_13:29:54.617[Status]Routing 92: Walk: 89
2020-02-08_13:29:54.718[Battery Energy]75.80
2020-02-08_13:29:54.896[Status]Routing 93: Walk: 89
2020-02-08_13:29:54.996[Battery Energy]75.70
2020-02-08_13:29:55.188[Status]Routing 94: Walk: 89
2020-02-08_13:29:55.290[Battery Energy]75.55
2020-02-08_13:29:55.452[Status]Routing 95: Walk: 89
2020-02-08_13:29:55.554[Battery Energy]75.43
2020-02-08_13:29:55.912[Status]Routing 96: Walk: 89
2020-02-08_13:29:56.013[Battery Energy]75.07
2020-02-08_13:29:56.354[Status]Routing 97: Walk: 89
2020-02-08_13:29:56.454[Battery Energy]74.75
2020-02-08_13:29:56.783[Status]Routing 98: Walk: 89
2020-02-08_13:29:56.883[Battery Energy]74.44
2020-02-08_13:29:57.201[Status]Routing 99: Walk: 89
2020-02-08_13:29:57.301[Battery Energy]74.12
2020-02-08_13:29:57.450[Status]Routing 100: Walk: 89
2020-02-08_13:29:57.561[Battery Energy]74.00
2020-02-08_13:29:58.018[Status]Routing 101: Walk: 89
2020-02-08_13:29:58.118[Battery Energy]73.61
2020-02-08_13:29:58.259[Status]Routing 102: Walk: 89
2020-02-08_13:29:58.359[Battery Energy]73.50
2020-02-08_13:29:58.706[Status]Routing 103: Walk: 89
2020-02-08_13:29:58.807[Battery Energy]73.17
2020-02-08_13:29:58.948[Status]Routing 104: Walk: 89
2020-02-08_13:29:59.054[Battery Energy]73.07
2020-02-08_13:29:59.195[Status]Routing 105: Walk: 89
2020-02-08_13:29:59.295[Battery Energy]72.95
2020-02-08_13:29:59.457[Status]Routing 106: Walk: 89
2020-02-08_13:29:59.557[Battery Energy]72.83
2020-02-08_13:29:59.788[Status]Routing 107: Walk: 89
2020-02-08_13:29:59.890[Battery Energy]72.71
2020-02-08_13:30:00.204[Status]Routing 108: Walk: 89
2020-02-08_13:30:00.305[Battery Energy]72.51
2020-02-08_13:30:00.605[Status]Routing 109: Walk: 89
2020-02-08_13:30:00.710[Battery Energy]72.36
2020-02-08_13:30:01.022[Status]Routing 110: Walk: 89
2020-02-08_13:30:01.123[Battery Energy]72.16
2020-02-08_13:30:01.298[Status]Routing 111: Walk: 89
2020-02-08_13:30:01.402[Battery Energy]72.01
2020-02-08_13:30:01.693[Status]Routing 112: Walk: 89
2020-02-08_13:30:01.798[Battery Energy]71.77
2020-02-08_13:30:02.152[Status]Routing 113: Walk: 89
2020-02-08_13:30:02.255[Battery Energy]71.55
2020-02-08_13:30:02.407[Status]Routing 114: Walk: 89
2020-02-08_13:30:02.507[Battery Energy]71.46
2020-02-08_13:30:02.824[Status]Routing 115: Walk: 89
2020-02-08_13:30:02.924[Battery Energy]71.26
2020-02-08_13:30:03.223[Status]Routing 116: Walk: 89
2020-02-08_13:30:03.327[Battery Energy]71.05
2020-02-08_13:30:03.679[Status]Routing 117: Walk: 89
2020-02-08_13:30:03.786[Battery Energy]70.86
2020-02-08_13:30:03.942[Status]Routing 118: Walk: 89
2020-02-08_13:30:04.046[Battery Energy]70.74
2020-02-08_13:30:04.381[Status]Routing 119: Walk: 89
2020-02-08_13:30:04.490[Battery Energy]70.57
2020-02-08_13:30:04.825[Status]Routing 120: Walk: 89
2020-02-08_13:30:04.925[Battery Energy]70.35
2020-02-08_13:30:05.222[Status]Routing 121: Walk: 89
2020-02-08_13:30:05.323[Battery Energy]70.19
2020-02-08_13:30:05.575[Status]Routing 122: Walk: 89
2020-02-08_13:30:05.675[Battery Energy]70.00
2020-02-08_13:30:05.968[Status]Routing 123: Walk: 89
2020-02-08_13:30:06.074[Battery Energy]69.79
2020-02-08_13:30:06.236[Status]Routing 124: Walk: 89
2020-02-08_13:30:06.342[Battery Energy]69.68
2020-02-08_13:30:06.483[Status]Routing 125: Walk: 89
2020-02-08_13:30:06.594[Battery Energy]69.58
2020-02-08_13:30:06.825[Status]Routing 126: Walk: 89
2020-02-08_13:30:06.950[Battery Energy]69.42
2020-02-08_13:30:07.149[Status]Routing 127: Walk: 89
2020-02-08_13:30:07.255[Battery Energy]69.29
2020-02-08_13:30:07.529[Status]Routing 128: Walk: 89
2020-02-08_13:30:07.642[Battery Energy]69.10
2020-02-08_13:30:07.792[Status]Routing 129: Walk: 89
2020-02-08_13:30:07.892[Battery Energy]69.00
2020-02-08_13:30:08.056[Status]Routing 130: Walk: 89
2020-02-08_13:30:08.156[Battery Energy]68.89
2020-02-08_13:30:08.339[Status]Routing 131: Walk: 89
2020-02-08_13:30:08.450[Battery Energy]68.77
2020-02-08_13:30:08.687[Status]Routing 132: Walk: 89
2020-02-08_13:30:08.788[Battery Energy]68.60
2020-02-08_13:30:08.925[Status]Routing 133: Walk: 89
2020-02-08_13:30:09.031[Battery Energy]68.50
2020-02-08_13:30:09.211[Status]Routing 134: Walk: 89
2020-02-08_13:30:09.314[Battery Energy]68.40
2020-02-08_13:30:09.484[Status]Routing 135: Walk: 89
2020-02-08_13:30:09.584[Battery Energy]68.26
2020-02-08_13:30:09.765[Status]Routing 136: Walk: 89
2020-02-08_13:30:09.868[Battery Energy]68.14
2020-02-08_13:30:10.011[Status]Routing 137: Walk: 89
2020-02-08_13:30:10.111[Battery Energy]68.05
2020-02-08_13:30:10.292[Status]Routing 138: Walk: 89
2020-02-08_13:30:10.400[Battery Energy]67.89
2020-02-08_13:30:10.565[Status]Routing 139: Walk: 89
2020-02-08_13:30:10.675[Battery Energy]67.78
2020-02-08_13:30:10.831[Status]Routing 140: Walk: 89
2020-02-08_13:30:10.945[Battery Energy]67.65
2020-02-08_13:30:11.085[Status]Routing 141: Walk: 89
2020-02-08_13:30:11.191[Battery Energy]67.54
2020-02-08_13:30:11.356[Status]Routing 142: Walk: 89
2020-02-08_13:30:11.469[Battery Energy]67.44
2020-02-08_13:30:11.646[Status]Routing 143: Walk: 89
2020-02-08_13:30:11.758[Battery Energy]67.30
2020-02-08_13:30:11.895[Status]Routing 144: Walk: 89
2020-02-08_13:30:12.014[Battery Energy]67.18
2020-02-08_13:30:12.153[Status]Routing 145: Walk: 89
2020-02-08_13:30:12.254[Battery Energy]67.07
2020-02-08_13:30:12.383[Status]Routing 146: Walk: 89
2020-02-08_13:30:12.483[Battery Energy]66.98
2020-02-08_13:30:12.631[Status]Routing 147: Walk: 89
2020-02-08_13:30:12.732[Battery Energy]66.88
2020-02-08_13:30:12.882[Status]Routing 148: Walk: 89
2020-02-08_13:30:12.982[Battery Energy]66.75
2020-02-08_13:30:13.194[Status]Routing 149: Walk: 89
2020-02-08_13:30:13.304[Battery Energy]66.61
2020-02-08_13:30:13.452[Status]Routing 150: Walk: 89
2020-02-08_13:30:13.560[Battery Energy]66.50
2020-02-08_13:30:13.705[Status]Routing 151: Walk: 89
2020-02-08_13:30:13.822[Battery Energy]66.38
2020-02-08_13:30:13.959[Status]Routing 152: Walk: 89
2020-02-08_13:30:14.066[Battery Energy]66.28
2020-02-08_13:30:14.217[Status]Routing 153: Walk: 89
2020-02-08_13:30:14.334[Battery Energy]66.20
2020-02-08_13:30:14.528[Status]Routing 154: Walk: 89
2020-02-08_13:30:14.631[Battery Energy]66.07
2020-02-08_13:30:14.776[Status]Routing 155: Walk: 89
2020-02-08_13:30:14.878[Battery Energy]65.97
2020-02-08_13:30:15.051[Status]Routing 156: Walk: 89
2020-02-08_13:30:15.155[Battery Energy]65.86
2020-02-08_13:30:15.321[Status]Routing 157: Walk: 89
2020-02-08_13:30:15.421[Battery Energy]65.75
