2020-02-08_13:29:15.573[Status]Start.
2020-02-08_13:29:15.575[Battery Energy]100.00
2020-02-08_13:29:16.676[Battery Energy]99.96
2020-02-08_13:29:17.778[Battery Energy]99.92
2020-02-08_13:29:18.879[Battery Energy]99.88
2020-02-08_13:29:19.980[Battery Energy]99.84
2020-02-08_13:29:21.081[Task]A New Task Released.
2020-02-08_13:29:21.082[Battery Energy]99.80
2020-02-08_13:29:21.082[Status]Selection Start.
2020-02-08_13:29:25.394[Status]Selection End: Do Task 1.
2020-02-08_13:29:25.513[Battery Energy]96.90
2020-02-08_13:29:25.513[Status]Formation Start.
2020-02-08_13:29:25.673[Status]Formation End: To Position 4.
2020-02-08_13:29:25.786[Battery Energy]96.79
2020-02-08_13:29:25.786[Status]Routing Start.
2020-02-08_13:29:25.913[Status]{'coordinate': [141.99510410475858, 626.3128800649419], 'id': 7}
2020-02-08_13:29:25.913[Status]Routing 1: Walk: 1
2020-02-08_13:29:26.022[Battery Energy]96.59
2020-02-08_13:29:26.022[Status]Routing Start.
2020-02-08_13:29:26.167[Status]{'coordinate': [151.99020820951716, 626.6257601298837], 'id': 7}
2020-02-08_13:29:26.168[Status]Routing 2: Walk: 2
2020-02-08_13:29:26.270[Battery Energy]96.39
2020-02-08_13:29:26.270[Status]Routing Start.
2020-02-08_13:29:26.410[Status]{'coordinate': [161.98531231427575, 626.9386401948256], 'id': 7}
2020-02-08_13:29:26.410[Status]Routing 3: Walk: 3
2020-02-08_13:29:26.526[Battery Energy]96.18
2020-02-08_13:29:26.526[Status]Routing Start.
2020-02-08_13:29:26.671[Status]{'coordinate': [171.98041641903433, 627.2515202597674], 'id': 7}
2020-02-08_13:29:26.671[Status]Routing 4: Walk: 4
2020-02-08_13:29:26.782[Battery Energy]95.97
2020-02-08_13:29:26.782[Status]Routing Start.
2020-02-08_13:29:26.919[Status]{'coordinate': [181.9755205237929, 627.5644003247093], 'id': 7}
2020-02-08_13:29:26.919[Status]Routing 5: Walk: 5
2020-02-08_13:29:27.022[Battery Energy]95.76
2020-02-08_13:29:27.022[Status]Routing Start.
2020-02-08_13:29:27.310[Status]{'coordinate': [191.9706246285515, 627.8772803896511], 'id': 7}
2020-02-08_13:29:27.310[Status]Routing 6: Walk: 6
2020-02-08_13:29:27.410[Battery Energy]95.49
2020-02-08_13:29:27.410[Status]Routing Start.
2020-02-08_13:29:27.582[Status]{'coordinate': [201.96572873331007, 628.190160454593], 'id': 7}
2020-02-08_13:29:27.582[Status]Routing 7: Walk: 7
2020-02-08_13:29:27.686[Battery Energy]95.26
2020-02-08_13:29:27.686[Status]Routing Start.
2020-02-08_13:29:28.064[Status]{'coordinate': [211.96083283806865, 628.5030405195348], 'id': 7}
2020-02-08_13:29:28.064[Status]Routing 8: Walk: 8
2020-02-08_13:29:28.164[Battery Energy]94.95
2020-02-08_13:29:28.164[Status]Routing Start.
2020-02-08_13:29:28.491[Status]{'coordinate': [221.95593694282724, 628.8159205844767], 'id': 7}
2020-02-08_13:29:28.491[Status]Routing 9: Walk: 9
2020-02-08_13:29:28.591[Battery Energy]94.60
2020-02-08_13:29:28.591[Status]Routing Start.
2020-02-08_13:29:29.106[Status]{'coordinate': [231.95104104758582, 629.1288006494185], 'id': 7}
2020-02-08_13:29:29.111[Status]Routing 10: Walk: 10
2020-02-08_13:29:29.212[Battery Energy]94.12
2020-02-08_13:29:29.212[Status]Routing Start.
2020-02-08_13:29:29.516[Status]{'coordinate': [241.9461451523444, 629.4416807143604], 'id': 7}
2020-02-08_13:29:29.516[Status]Routing 11: Walk: 11
2020-02-08_13:29:29.616[Battery Energy]93.75
2020-02-08_13:29:29.616[Status]Routing Start.
2020-02-08_13:29:29.747[Status]{'coordinate': [251.94124925710298, 629.7545607793022], 'id': 7}
2020-02-08_13:29:29.751[Status]Routing 12: Walk: 12
2020-02-08_13:29:29.858[Battery Energy]93.57
2020-02-08_13:29:29.858[Status]Routing Start.
2020-02-08_13:29:30.147[Status]{'coordinate': [261.93635336186156, 630.0674408442441], 'id': 7}
2020-02-08_13:29:30.147[Status]Routing 13: Walk: 13
2020-02-08_13:29:30.247[Battery Energy]93.22
2020-02-08_13:29:30.247[Status]Routing Start.
2020-02-08_13:29:30.556[Status]{'coordinate': [271.93145746662015, 630.3803209091859], 'id': 7}
2020-02-08_13:29:30.556[Status]Routing 14: Walk: 14
2020-02-08_13:29:30.666[Battery Energy]92.92
2020-02-08_13:29:30.666[Status]Routing Start.
2020-02-08_13:29:31.016[Status]{'coordinate': [281.9265615713787, 630.6932009741278], 'id': 7}
2020-02-08_13:29:31.016[Status]Routing 15: Walk: 15
2020-02-08_13:29:31.122[Battery Energy]92.59
2020-02-08_13:29:31.122[Status]Routing Start.
2020-02-08_13:29:31.293[Status]{'coordinate': [291.9216656761373, 631.0060810390696], 'id': 7}
2020-02-08_13:29:31.295[Status]Routing 16: Walk: 16
2020-02-08_13:29:31.399[Battery Energy]92.36
2020-02-08_13:29:31.399[Status]Routing Start.
2020-02-08_13:29:31.598[Status]{'coordinate': [301.9167697808959, 631.3189611040115], 'id': 7}
2020-02-08_13:29:31.598[Status]Routing 17: Walk: 17
2020-02-08_13:29:31.706[Battery Energy]92.15
2020-02-08_13:29:31.706[Status]Routing Start.
2020-02-08_13:29:31.882[Status]{'coordinate': [311.9118738856545, 631.6318411689533], 'id': 7}
2020-02-08_13:29:31.883[Status]Routing 18: Walk: 18
2020-02-08_13:29:31.986[Battery Energy]91.95
2020-02-08_13:29:31.986[Status]Routing Start.
2020-02-08_13:29:32.141[Status]{'coordinate': [321.90697799041305, 631.9447212338952], 'id': 7}
2020-02-08_13:29:32.141[Status]Routing 19: Walk: 19
2020-02-08_13:29:32.241[Battery Energy]91.74
2020-02-08_13:29:32.241[Status]Routing Start.
2020-02-08_13:29:32.424[Status]{'coordinate': [331.90208209517164, 632.257601298837], 'id': 7}
2020-02-08_13:29:32.424[Status]Routing 20: Walk: 20
2020-02-08_13:29:32.534[Battery Energy]91.51
2020-02-08_13:29:32.534[Status]Routing Start.
2020-02-08_13:29:32.671[Status]{'coordinate': [341.8971861999302, 632.5704813637789], 'id': 7}
2020-02-08_13:29:32.671[Status]Routing 21: Walk: 21
2020-02-08_13:29:32.777[Battery Energy]91.32
2020-02-08_13:29:32.777[Status]Routing Start.
2020-02-08_13:29:32.924[Status]{'coordinate': [351.8922903046888, 632.8833614287207], 'id': 7}
2020-02-08_13:29:32.924[Status]Routing 22: Walk: 22
2020-02-08_13:29:33.028[Battery Energy]91.12
2020-02-08_13:29:33.028[Status]Routing Start.
2020-02-08_13:29:33.198[Status]{'coordinate': [361.8873944094474, 633.1962414936626], 'id': 7}
2020-02-08_13:29:33.198[Status]Routing 23: Walk: 23
2020-02-08_13:29:33.298[Battery Energy]90.91
2020-02-08_13:29:33.299[Status]Routing Start.
2020-02-08_13:29:33.471[Status]{'coordinate': [371.88249851420596, 633.5091215586044], 'id': 7}
2020-02-08_13:29:33.471[Status]Routing 24: Walk: 24
2020-02-08_13:29:33.578[Battery Energy]90.69
2020-02-08_13:29:33.578[Status]Routing Start.
2020-02-08_13:29:33.900[Status]{'coordinate': [381.87760261896454, 633.8220016235463], 'id': 7}
2020-02-08_13:29:33.900[Status]Routing 25: Walk: 25
2020-02-08_13:29:34.004[Battery Energy]90.36
2020-02-08_13:29:34.004[Status]Routing Start.
2020-02-08_13:29:34.328[Status]{'coordinate': [391.8727067237231, 634.1348816884881], 'id': 7}
2020-02-08_13:29:34.328[Status]Routing 26: Walk: 26
2020-02-08_13:29:34.430[Battery Energy]90.02
2020-02-08_13:29:34.430[Status]Routing Start.
2020-02-08_13:29:34.755[Status]{'coordinate': [401.8678108284817, 634.44776175343], 'id': 7}
2020-02-08_13:29:34.755[Status]Routing 27: Walk: 27
2020-02-08_13:29:34.857[Battery Energy]89.67
2020-02-08_13:29:34.857[Status]Routing Start.
2020-02-08_13:29:35.211[Status]{'coordinate': [411.8629149332403, 634.7606418183718], 'id': 7}
2020-02-08_13:29:35.211[Status]Routing 28: Walk: 28
2020-02-08_13:29:35.316[Battery Energy]89.37
2020-02-08_13:29:35.316[Status]Routing Start.
2020-02-08_13:29:35.686[Status]{'coordinate': [421.8580190379989, 635.0735218833137], 'id': 7}
2020-02-08_13:29:35.686[Status]Routing 29: Walk: 29
2020-02-08_13:29:35.786[Battery Energy]89.02
2020-02-08_13:29:35.786[Status]Routing Start.
2020-02-08_13:29:36.133[Status]{'coordinate': [431.85312314275745, 635.3864019482555], 'id': 7}
2020-02-08_13:29:36.133[Status]Routing 30: Walk: 30
2020-02-08_13:29:36.234[Battery Energy]88.69
2020-02-08_13:29:36.234[Status]Routing Start.
2020-02-08_13:29:36.507[Status]{'coordinate': [441.84822724751604, 635.6992820131974], 'id': 7}
2020-02-08_13:29:36.507[Status]Routing 31: Walk: 31
2020-02-08_13:29:36.614[Battery Energy]88.41
2020-02-08_13:29:36.614[Status]Routing Start.
2020-02-08_13:29:36.953[Status]{'coordinate': [451.8433313522746, 636.0121620781392], 'id': 7}
2020-02-08_13:29:36.956[Status]Routing 32: Walk: 32
2020-02-08_13:29:37.056[Battery Energy]88.11
2020-02-08_13:29:37.056[Status]Routing Start.
2020-02-08_13:29:37.205[Status]{'coordinate': [461.8384354570332, 636.3250421430811], 'id': 7}
2020-02-08_13:29:37.205[Status]Routing 33: Walk: 33
2020-02-08_13:29:37.305[Battery Energy]87.89
2020-02-08_13:29:37.305[Status]Routing Start.
2020-02-08_13:29:37.626[Status]{'coordinate': [471.8335395617918, 636.637922208023], 'id': 7}
2020-02-08_13:29:37.626[Status]Routing 34: Walk: 34
2020-02-08_13:29:37.738[Battery Energy]87.59
2020-02-08_13:29:37.738[Status]Routing Start.
2020-02-08_13:29:38.011[Status]{'coordinate': [481.82864366655036, 636.9508022729649], 'id': 7}
2020-02-08_13:29:38.011[Status]Routing 35: Walk: 35
2020-02-08_13:29:38.117[Battery Energy]87.29
2020-02-08_13:29:38.117[Status]Routing Start.
2020-02-08_13:29:38.412[Status]{'coordinate': [491.82374777130894, 637.2636823379069], 'id': 7}
2020-02-08_13:29:38.413[Status]Routing 36: Walk: 36
2020-02-08_13:29:38.519[Battery Energy]86.97
2020-02-08_13:29:38.519[Status]Routing Start.
2020-02-08_13:29:38.843[Status]{'coordinate': [501.8188518760675, 637.5765624028487], 'id': 7}
2020-02-08_13:29:38.843[Status]Routing 37: Walk: 37
2020-02-08_13:29:38.945[Battery Energy]86.65
2020-02-08_13:29:38.945[Status]Routing Start.
2020-02-08_13:29:39.290[Status]{'coordinate': [511.8139559808261, 637.8894424677907], 'id': 7}
2020-02-08_13:29:39.290[Status]Routing 38: Walk: 38
2020-02-08_13:29:39.394[Battery Energy]86.33
2020-02-08_13:29:39.394[Status]Routing Start.
2020-02-08_13:29:39.738[Status]{'coordinate': [521.8090600855847, 638.2023225327325], 'id': 7}
2020-02-08_13:29:39.738[Status]Routing 39: Walk: 39
2020-02-08_13:29:39.842[Battery Energy]86.02
2020-02-08_13:29:39.842[Status]Routing Start.
2020-02-08_13:29:40.156[Status]{'coordinate': [531.8041641903434, 638.5152025976745], 'id': 7}
2020-02-08_13:29:40.156[Status]Routing 40: Walk: 40
2020-02-08_13:29:40.256[Battery Energy]85.73
2020-02-08_13:29:40.256[Status]Routing Start.
2020-02-08_13:29:40.582[Status]{'coordinate': [541.799268295102, 638.8280826626163], 'id': 7}
2020-02-08_13:29:40.582[Status]Routing 41: Walk: 41
2020-02-08_13:29:40.686[Battery Energy]85.45
2020-02-08_13:29:40.686[Status]Routing Start.
2020-02-08_13:29:41.022[Status]{'coordinate': [551.7943723998607, 639.1409627275583], 'id': 7}
2020-02-08_13:29:41.022[Status]Routing 42: Walk: 42
2020-02-08_13:29:41.123[Battery Energy]85.16
2020-02-08_13:29:41.123[Status]Routing Start.
2020-02-08_13:29:41.270[Status]{'coordinate': [561.7894765046193, 639.4538427925002], 'id': 7}
2020-02-08_13:29:41.270[Status]Routing 43: Walk: 43
2020-02-08_13:29:41.376[Battery Energy]84.95
2020-02-08_13:29:41.376[Status]Routing Start.
2020-02-08_13:29:41.519[Status]{'coordinate': [571.7845806093779, 639.7667228574421], 'id': 7}
2020-02-08_13:29:41.519[Status]Routing 44: Walk: 44
2020-02-08_13:29:41.625[Battery Energy]84.76
2020-02-08_13:29:41.625[Status]Routing Start.
2020-02-08_13:29:41.773[Status]{'coordinate': [581.7796847141366, 640.079602922384], 'id': 7}
2020-02-08_13:29:41.773[Status]Routing 45: Walk: 45
2020-02-08_13:29:41.873[Battery Energy]84.56
2020-02-08_13:29:41.873[Status]Routing Start.
2020-02-08_13:29:42.035[Status]{'coordinate': [591.7747888188952, 640.3924829873259], 'id': 7}
2020-02-08_13:29:42.036[Status]Routing 46: Walk: 46
2020-02-08_13:29:42.142[Battery Energy]84.33
2020-02-08_13:29:42.142[Status]Routing Start.
2020-02-08_13:29:42.286[Status]{'coordinate': [601.7698929236539, 640.7053630522678], 'id': 7}
2020-02-08_13:29:42.286[Status]Routing 47: Walk: 47
2020-02-08_13:29:42.398[Battery Energy]84.13
2020-02-08_13:29:42.398[Status]Routing Start.
2020-02-08_13:29:42.541[Status]{'coordinate': [611.7649970284125, 641.0182431172097], 'id': 7}
2020-02-08_13:29:42.541[Status]Routing 48: Walk: 48
2020-02-08_13:29:42.644[Battery Energy]83.91
2020-02-08_13:29:42.644[Status]Routing Start.
2020-02-08_13:29:42.775[Status]{'coordinate': [621.7601011331711, 641.3311231821516], 'id': 7}
2020-02-08_13:29:42.775[Status]Routing 49: Walk: 49
2020-02-08_13:29:42.881[Battery Energy]83.72
2020-02-08_13:29:42.882[Status]Routing Start.
2020-02-08_13:29:43.048[Status]{'coordinate': [631.7552052379298, 641.6440032470936], 'id': 7}
2020-02-08_13:29:43.048[Status]Routing 50: Walk: 50
2020-02-08_13:29:43.158[Battery Energy]83.49
2020-02-08_13:29:43.158[Status]Routing Start.
2020-02-08_13:29:43.388[Status]{'coordinate': [641.7503093426884, 641.9568833120354], 'id': 7}
2020-02-08_13:29:43.388[Status]Routing 51: Walk: 51
2020-02-08_13:29:43.494[Battery Energy]83.23
2020-02-08_13:29:43.494[Status]Routing Start.
2020-02-08_13:29:43.653[Status]{'coordinate': [651.745413447447, 642.2697633769774], 'id': 7}
2020-02-08_13:29:43.654[Status]Routing 52: Walk: 52
2020-02-08_13:29:43.754[Battery Energy]83.01
2020-02-08_13:29:43.754[Status]Routing Start.
2020-02-08_13:29:43.929[Status]{'coordinate': [661.7405175522057, 642.5826434419193], 'id': 7}
2020-02-08_13:29:43.929[Status]Routing 53: Walk: 53
2020-02-08_13:29:44.038[Battery Energy]82.78
2020-02-08_13:29:44.038[Status]Routing Start.
2020-02-08_13:29:44.196[Status]{'coordinate': [671.7356216569643, 642.8955235068612], 'id': 7}
2020-02-08_13:29:44.196[Status]Routing 54: Walk: 54
2020-02-08_13:29:44.306[Battery Energy]82.56
2020-02-08_13:29:44.306[Status]Routing Start.
2020-02-08_13:29:44.448[Status]{'coordinate': [681.730725761723, 643.2084035718032], 'id': 7}
2020-02-08_13:29:44.448[Status]Routing 55: Walk: 55
2020-02-08_13:29:44.548[Battery Energy]82.35
2020-02-08_13:29:44.549[Status]Routing Start.
2020-02-08_13:29:44.699[Status]{'coordinate': [691.7258298664816, 643.521283636745], 'id': 7}
2020-02-08_13:29:44.700[Status]Routing 56: Walk: 56
2020-02-08_13:29:44.817[Battery Energy]82.14
2020-02-08_13:29:44.818[Status]Routing Start.
2020-02-08_13:29:44.977[Status]{'coordinate': [701.7209339712402, 643.834163701687], 'id': 7}
2020-02-08_13:29:44.977[Status]Routing 57: Walk: 57
2020-02-08_13:29:45.086[Battery Energy]81.94
2020-02-08_13:29:45.086[Status]Routing Start.
2020-02-08_13:29:45.222[Status]{'coordinate': [711.7160380759989, 644.1470437666288], 'id': 7}
2020-02-08_13:29:45.225[Status]Routing 58: Walk: 58
2020-02-08_13:29:45.330[Battery Energy]81.74
2020-02-08_13:29:45.330[Status]Routing Start.
2020-02-08_13:29:45.504[Status]{'coordinate': [721.7111421807575, 644.4599238315708], 'id': 7}
2020-02-08_13:29:45.504[Status]Routing 59: Walk: 59
2020-02-08_13:29:45.604[Battery Energy]81.53
2020-02-08_13:29:45.604[Status]Routing Start.
2020-02-08_13:29:45.886[Status]{'coordinate': [731.7062462855162, 644.7728038965126], 'id': 7}
2020-02-08_13:29:45.886[Status]Routing 60: Walk: 60
2020-02-08_13:29:45.994[Battery Energy]81.23
2020-02-08_13:29:45.994[Status]Routing Start.
2020-02-08_13:29:46.158[Status]{'coordinate': [741.7013503902748, 645.0856839614546], 'id': 7}
2020-02-08_13:29:46.158[Status]Routing 61: Walk: 61
2020-02-08_13:29:46.258[Battery Energy]81.02
2020-02-08_13:29:46.258[Status]Routing Start.
2020-02-08_13:29:46.413[Status]{'coordinate': [751.6964544950334, 645.3985640263965], 'id': 7}
2020-02-08_13:29:46.413[Status]Routing 62: Walk: 62
2020-02-08_13:29:46.526[Battery Energy]80.79
2020-02-08_13:29:46.526[Status]Routing Start.
2020-02-08_13:29:46.679[Status]{'coordinate': [761.6915585997921, 645.7114440913384], 'id': 7}
2020-02-08_13:29:46.679[Status]Routing 63: Walk: 63
2020-02-08_13:29:46.779[Battery Energy]80.59
2020-02-08_13:29:46.780[Status]Routing Start.
2020-02-08_13:29:46.951[Status]{'coordinate': [771.6866627045507, 646.0243241562803], 'id': 7}
2020-02-08_13:29:46.951[Status]Routing 64: Walk: 64
2020-02-08_13:29:47.051[Battery Energy]80.39
2020-02-08_13:29:47.051[Status]Routing Start.
2020-02-08_13:29:47.208[Status]{'coordinate': [781.6817668093094, 646.3372042212222], 'id': 7}
2020-02-08_13:29:47.208[Status]Routing 65: Walk: 65
2020-02-08_13:29:47.318[Battery Energy]80.16
2020-02-08_13:29:47.318[Status]Routing Start.
2020-02-08_13:29:47.487[Status]{'coordinate': [791.676870914068, 646.6500842861641], 'id': 7}
2020-02-08_13:29:47.488[Status]Routing 66: Walk: 66
2020-02-08_13:29:47.598[Battery Energy]79.92
2020-02-08_13:29:47.598[Status]Routing Start.
2020-02-08_13:29:47.759[Status]{'coordinate': [801.6719750188266, 646.962964351106], 'id': 7}
2020-02-08_13:29:47.759[Status]Routing 67: Walk: 67
2020-02-08_13:29:47.859[Battery Energy]79.73
2020-02-08_13:29:47.859[Status]Routing Start.
2020-02-08_13:29:48.013[Status]{'coordinate': [811.6670791235853, 647.2758444160479], 'id': 7}
2020-02-08_13:29:48.013[Status]Routing 68: Walk: 68
2020-02-08_13:29:48.126[Battery Energy]79.53
2020-02-08_13:29:48.126[Status]Routing Start.
2020-02-08_13:29:48.266[Status]{'coordinate': [821.6621832283439, 647.5887244809899], 'id': 7}
2020-02-08_13:29:48.266[Status]Routing 69: Walk: 69
2020-02-08_13:29:48.367[Battery Energy]79.34
2020-02-08_13:29:48.367[Status]Routing Start.
2020-02-08_13:29:48.544[Status]{'coordinate': [831.6572873331025, 647.9016045459317], 'id': 7}
2020-02-08_13:29:48.544[Status]Routing 70: Walk: 70
2020-02-08_13:29:48.645[Battery Energy]79.13
2020-02-08_13:29:48.645[Status]Routing Start.
2020-02-08_13:29:48.942[Status]{'coordinate': [841.6523914378612, 648.2144846108737], 'id': 7}
2020-02-08_13:29:48.942[Status]Routing 71: Walk: 71
2020-02-08_13:29:49.050[Battery Energy]78.85
2020-02-08_13:29:49.050[Status]Routing Start.
2020-02-08_13:29:49.219[Status]{'coordinate': [851.6474955426198, 648.5273646758155], 'id': 7}
2020-02-08_13:29:49.219[Status]Routing 72: Walk: 72
2020-02-08_13:29:49.330[Battery Energy]78.65
2020-02-08_13:29:49.330[Status]Routing Start.
2020-02-08_13:29:49.468[Status]{'coordinate': [861.6425996473785, 648.8402447407575], 'id': 7}
2020-02-08_13:29:49.470[Status]Routing 73: Walk: 73
2020-02-08_13:29:49.570[Battery Energy]78.42
2020-02-08_13:29:49.570[Status]Routing Start.
2020-02-08_13:29:49.818[Status]{'coordinate': [871.6377037521371, 649.1531248056993], 'id': 7}
2020-02-08_13:29:49.819[Status]Routing 74: Walk: 74
2020-02-08_13:29:49.920[Battery Energy]78.14
2020-02-08_13:29:49.920[Status]Routing Start.
2020-02-08_13:29:50.094[Status]{'coordinate': [881.6328078568957, 649.4660048706413], 'id': 7}
2020-02-08_13:29:50.094[Status]Routing 75: Walk: 75
2020-02-08_13:29:50.198[Battery Energy]77.91
2020-02-08_13:29:50.198[Status]Routing Start.
2020-02-08_13:29:50.520[Status]{'coordinate': [891.6279119616544, 649.7788849355832], 'id': 7}
2020-02-08_13:29:50.521[Status]Routing 76: Walk: 76
2020-02-08_13:29:50.634[Battery Energy]77.63
2020-02-08_13:29:50.634[Status]Routing Start.
2020-02-08_13:29:50.800[Status]{'coordinate': [901.623016066413, 650.0917650005251], 'id': 7}
2020-02-08_13:29:50.800[Status]Routing 77: Walk: 77
2020-02-08_13:29:50.906[Battery Energy]77.42
2020-02-08_13:29:50.906[Status]Routing Start.
2020-02-08_13:29:51.085[Status]{'coordinate': [911.6181201711717, 650.404645065467], 'id': 7}
2020-02-08_13:29:51.085[Status]Routing 78: Walk: 78
2020-02-08_13:29:51.190[Battery Energy]77.18
2020-02-08_13:29:51.190[Status]Routing Start.
2020-02-08_13:29:51.353[Status]{'coordinate': [921.6132242759303, 650.717525130409], 'id': 7}
2020-02-08_13:29:51.353[Status]Routing 79: Walk: 79
2020-02-08_13:29:51.453[Battery Energy]76.96
2020-02-08_13:29:51.453[Status]Routing Start.
2020-02-08_13:29:51.626[Status]{'coordinate': [931.6083283806889, 651.0304051953508], 'id': 7}
2020-02-08_13:29:51.626[Status]Routing 80: Walk: 80
2020-02-08_13:29:51.726[Battery Energy]76.73
2020-02-08_13:29:51.726[Status]Routing Start.
2020-02-08_13:29:51.897[Status]{'coordinate': [941.6034324854476, 651.3432852602928], 'id': 7}
2020-02-08_13:29:51.897[Status]Routing 81: Walk: 81
2020-02-08_13:29:51.997[Battery Energy]76.53
2020-02-08_13:29:51.997[Status]Routing Start.
2020-02-08_13:29:52.156[Status]{'coordinate': [951.5985365902062, 651.6561653252346], 'id': 7}
2020-02-08_13:29:52.156[Status]Routing 82: Walk: 82
2020-02-08_13:29:52.256[Battery Energy]76.31
2020-02-08_13:29:52.256[Status]Routing Start.
2020-02-08_13:29:52.419[Status]{'coordinate': [961.5936406949648, 651.9690453901766], 'id': 7}
2020-02-08_13:29:52.419[Status]Routing 83: Walk: 83
2020-02-08_13:29:52.519[Battery Energy]76.08
2020-02-08_13:29:52.519[Status]Routing Start.
2020-02-08_13:29:52.680[Status]{'coordinate': [971.5887447997235, 652.2819254551184], 'id': 7}
2020-02-08_13:29:52.682[Status]Routing 84: Walk: 84
2020-02-08_13:29:52.783[Battery Energy]75.86
2020-02-08_13:29:52.783[Status]Routing Start.
2020-02-08_13:29:52.952[Status]{'coordinate': [981.5838489044821, 652.5948055200604], 'id': 7}
2020-02-08_13:29:52.952[Status]Routing 85: Walk: 85
2020-02-08_13:29:53.052[Battery Energy]75.67
2020-02-08_13:29:53.052[Status]Routing Start.
2020-02-08_13:29:53.230[Status]{'coordinate': [991.5789530092408, 652.9076855850022], 'id': 7}
2020-02-08_13:29:53.230[Status]Routing 86: Walk: 86
2020-02-08_13:29:53.334[Battery Energy]75.45
2020-02-08_13:29:53.334[Status]Routing Start.
2020-02-08_13:29:53.503[Status]{'coordinate': [1001.5740571139994, 653.2205656499442], 'id': 7}
2020-02-08_13:29:53.503[Status]Routing 87: Walk: 87
2020-02-08_13:29:53.603[Battery Energy]75.23
2020-02-08_13:29:53.603[Status]Routing Start.
2020-02-08_13:29:53.775[Status]{'coordinate': [1011.569161218758, 653.5334457148862], 'id': 7}
2020-02-08_13:29:53.775[Status]Routing 88: Walk: 88
2020-02-08_13:29:53.882[Battery Energy]75.01
2020-02-08_13:29:53.882[Status]Routing Start.
2020-02-08_13:29:54.019[Status]{'coordinate': [1021.5642653235167, 653.846325779828], 'id': 7}
2020-02-08_13:29:54.026[Status]Routing 89: Walk: 89
2020-02-08_13:29:54.126[Battery Energy]74.80
2020-02-08_13:29:54.126[Status]Routing Start.
2020-02-08_13:29:54.373[Status]{'coordinate': [1031.5593694282752, 654.15920584477], 'id': 7}
2020-02-08_13:29:54.373[Status]Routing 90: Walk: 90
2020-02-08_13:29:54.478[Battery Energy]74.52
2020-02-08_13:29:54.478[Status]Routing Start.
2020-02-08_13:29:54.614[Status]{'coordinate': [1041.5544735330338, 654.4720859097118], 'id': 7}
2020-02-08_13:29:54.614[Status]Routing 91: Walk: 91
2020-02-08_13:29:54.714[Battery Energy]74.31
2020-02-08_13:29:54.714[Status]Routing Start.
2020-02-08_13:29:54.899[Status]{'coordinate': [1051.5495776377925, 654.7849659746538], 'id': 7}
2020-02-08_13:29:54.899[Status]Routing 92: Walk: 92
2020-02-08_13:29:54.999[Battery Energy]74.10
2020-02-08_13:29:54.999[Status]Routing Start.
2020-02-08_13:29:55.189[Status]{'coordinate': [1061.5446817425511, 655.0978460395957], 'id': 7}
2020-02-08_13:29:55.189[Status]Routing 93: Walk: 93
2020-02-08_13:29:55.289[Battery Energy]73.87
2020-02-08_13:29:55.289[Status]Routing Start.
2020-02-08_13:29:55.451[Status]{'coordinate': [1071.5397858473098, 655.4107261045376], 'id': 7}
2020-02-08_13:29:55.451[Status]Routing 94: Walk: 94
2020-02-08_13:29:55.551[Battery Energy]73.67
2020-02-08_13:29:55.551[Status]Routing Start.
2020-02-08_13:29:55.737[Status]{'coordinate': [1081.5348899520684, 655.7236061694795], 'id': 7}
2020-02-08_13:29:55.738[Status]Routing 95: Walk: 95
2020-02-08_13:29:55.838[Battery Energy]73.47
2020-02-08_13:29:55.838[Status]Routing Start.
2020-02-08_13:29:56.146[Status]{'coordinate': [1091.529994056827, 656.0364862344214], 'id': 7}
2020-02-08_13:29:56.146[Status]Routing 96: Walk: 96
2020-02-08_13:29:56.248[Battery Energy]73.16
2020-02-08_13:29:56.249[Status]Routing Start.
2020-02-08_13:29:56.596[Status]{'coordinate': [1101.5250981615857, 656.3493662993633], 'id': 7}
2020-02-08_13:29:56.597[Status]Routing 97: Walk: 97
2020-02-08_13:29:56.701[Battery Energy]72.86
2020-02-08_13:29:56.701[Status]Routing Start.
2020-02-08_13:29:56.701[Status]Task Finished.
2020-02-08_13:29:56.801[Battery Energy]72.86
2020-02-08_13:29:57.021[Status]Routing 99: Walk: 97
2020-02-08_13:29:57.121[Battery Energy]72.68
2020-02-08_13:29:57.444[Status]Routing 100: Walk: 97
2020-02-08_13:29:57.550[Battery Energy]72.43
2020-02-08_13:29:57.817[Status]Routing 101: Walk: 97
2020-02-08_13:29:57.917[Battery Energy]72.25
2020-02-08_13:29:58.255[Status]Routing 102: Walk: 97
2020-02-08_13:29:58.355[Battery Energy]72.04
2020-02-08_13:29:58.499[Status]Routing 103: Walk: 97
2020-02-08_13:29:58.606[Battery Energy]71.93
2020-02-08_13:29:58.952[Status]Routing 104: Walk: 97
2020-02-08_13:29:59.052[Battery Energy]71.65
2020-02-08_13:29:59.195[Status]Routing 105: Walk: 97
2020-02-08_13:29:59.296[Battery Energy]71.55
2020-02-08_13:29:59.447[Status]Routing 106: Walk: 97
2020-02-08_13:29:59.559[Battery Energy]71.45
2020-02-08_13:29:59.787[Status]Routing 107: Walk: 97
2020-02-08_13:29:59.887[Battery Energy]71.27
2020-02-08_13:30:00.212[Status]Routing 108: Walk: 97
2020-02-08_13:30:00.316[Battery Energy]71.10
2020-02-08_13:30:00.614[Status]Routing 109: Walk: 97
2020-02-08_13:30:00.719[Battery Energy]70.90
2020-02-08_13:30:01.027[Status]Routing 110: Walk: 97
2020-02-08_13:30:01.134[Battery Energy]70.68
2020-02-08_13:30:01.291[Status]Routing 111: Walk: 97
2020-02-08_13:30:01.392[Battery Energy]70.54
2020-02-08_13:30:01.691[Status]Routing 112: Walk: 97
2020-02-08_13:30:01.791[Battery Energy]70.32
2020-02-08_13:30:02.159[Status]Routing 113: Walk: 97
2020-02-08_13:30:02.274[Battery Energy]70.11
2020-02-08_13:30:02.402[Status]Routing 114: Walk: 97
2020-02-08_13:30:02.506[Battery Energy]70.02
2020-02-08_13:30:02.824[Status]Routing 115: Walk: 97
2020-02-08_13:30:02.930[Battery Energy]69.79
2020-02-08_13:30:03.226[Status]Routing 116: Walk: 97
2020-02-08_13:30:03.334[Battery Energy]69.61
2020-02-08_13:30:03.678[Status]Routing 117: Walk: 97
2020-02-08_13:30:03.790[Battery Energy]69.39
2020-02-08_13:30:03.943[Status]Routing 118: Walk: 97
2020-02-08_13:30:04.050[Battery Energy]69.27
2020-02-08_13:30:04.379[Status]Routing 119: Walk: 97
2020-02-08_13:30:04.479[Battery Energy]69.03
2020-02-08_13:30:04.822[Status]Routing 120: Walk: 97
2020-02-08_13:30:04.923[Battery Energy]68.78
2020-02-08_13:30:05.224[Status]Routing 121: Walk: 97
2020-02-08_13:30:05.325[Battery Energy]68.58
2020-02-08_13:30:05.560[Status]Routing 122: Walk: 97
2020-02-08_13:30:05.674[Battery Energy]68.43
2020-02-08_13:30:05.972[Status]Routing 123: Walk: 97
2020-02-08_13:30:06.094[Battery Energy]68.22
2020-02-08_13:30:06.237[Status]Routing 124: Walk: 97
2020-02-08_13:30:06.342[Battery Energy]68.12
2020-02-08_13:30:06.485[Status]Routing 125: Walk: 97
2020-02-08_13:30:06.598[Battery Energy]68.01
2020-02-08_13:30:06.824[Status]Routing 126: Walk: 97
2020-02-08_13:30:06.938[Battery Energy]67.86
2020-02-08_13:30:07.155[Status]Routing 127: Walk: 97
2020-02-08_13:30:07.270[Battery Energy]67.71
2020-02-08_13:30:07.524[Status]Routing 128: Walk: 97
2020-02-08_13:30:07.634[Battery Energy]67.49
2020-02-08_13:30:07.789[Status]Routing 129: Walk: 97
2020-02-08_13:30:07.889[Battery Energy]67.35
2020-02-08_13:30:08.060[Status]Routing 130: Walk: 97
2020-02-08_13:30:08.160[Battery Energy]67.22
2020-02-08_13:30:08.339[Status]Routing 131: Walk: 97
2020-02-08_13:30:08.442[Battery Energy]67.10
2020-02-08_13:30:08.688[Status]Routing 132: Walk: 97
2020-02-08_13:30:08.789[Battery Energy]66.90
2020-02-08_13:30:08.926[Status]Routing 133: Walk: 97
2020-02-08_13:30:09.034[Battery Energy]66.79
2020-02-08_13:30:09.214[Status]Routing 134: Walk: 97
2020-02-08_13:30:09.326[Battery Energy]66.65
2020-02-08_13:30:09.474[Status]Routing 135: Walk: 97
2020-02-08_13:30:09.586[Battery Energy]66.54
2020-02-08_13:30:09.761[Status]Routing 136: Walk: 97
2020-02-08_13:30:09.874[Battery Energy]66.41
2020-02-08_13:30:10.019[Status]Routing 137: Walk: 97
2020-02-08_13:30:10.120[Battery Energy]66.30
2020-02-08_13:30:10.296[Status]Routing 138: Walk: 97
2020-02-08_13:30:10.398[Battery Energy]66.18
2020-02-08_13:30:10.563[Status]Routing 139: Walk: 97
2020-02-08_13:30:10.665[Battery Energy]66.03
2020-02-08_13:30:10.830[Status]Routing 140: Walk: 97
2020-02-08_13:30:10.932[Battery Energy]65.91
2020-02-08_13:30:11.084[Status]Routing 141: Walk: 97
2020-02-08_13:30:11.190[Battery Energy]65.81
2020-02-08_13:30:11.366[Status]Routing 142: Walk: 97
2020-02-08_13:30:11.466[Battery Energy]65.70
2020-02-08_13:30:11.651[Status]Routing 143: Walk: 97
2020-02-08_13:30:11.753[Battery Energy]65.57
2020-02-08_13:30:11.892[Status]Routing 144: Walk: 97
2020-02-08_13:30:12.002[Battery Energy]65.48
2020-02-08_13:30:12.153[Status]Routing 145: Walk: 97
2020-02-08_13:30:12.258[Battery Energy]65.36
2020-02-08_13:30:12.380[Status]Routing 146: Walk: 97
2020-02-08_13:30:12.490[Battery Energy]65.27
2020-02-08_13:30:12.635[Status]Routing 147: Walk: 97
2020-02-08_13:30:12.735[Battery Energy]65.16
2020-02-08_13:30:12.890[Status]Routing 148: Walk: 97
2020-02-08_13:30:13.002[Battery Energy]65.04
2020-02-08_13:30:13.193[Status]Routing 149: Walk: 97
2020-02-08_13:30:13.293[Battery Energy]64.91
2020-02-08_13:30:13.455[Status]Routing 150: Walk: 97
2020-02-08_13:30:13.562[Battery Energy]64.79
2020-02-08_13:30:13.704[Status]Routing 151: Walk: 97
2020-02-08_13:30:13.806[Battery Energy]64.69
2020-02-08_13:30:13.959[Status]Routing 152: Walk: 97
2020-02-08_13:30:14.059[Battery Energy]64.57
2020-02-08_13:30:14.213[Status]Routing 153: Walk: 97
2020-02-08_13:30:14.330[Battery Energy]64.46
2020-02-08_13:30:14.516[Status]Routing 154: Walk: 97
2020-02-08_13:30:14.616[Battery Energy]64.32
2020-02-08_13:30:14.776[Status]Routing 155: Walk: 97
2020-02-08_13:30:14.882[Battery Energy]64.22
2020-02-08_13:30:15.058[Status]Routing 156: Walk: 97
2020-02-08_13:30:15.166[Battery Energy]64.08
2020-02-08_13:30:15.302[Status]Routing 157: Walk: 97
2020-02-08_13:30:15.402[Battery Energy]63.98
