2020-01-27_16:12:15.287[Status]Start.
2020-01-27_16:12:15.288[Battery Energy]100.00
2020-01-27_16:12:16.389[Battery Energy]99.96
2020-01-27_16:12:17.490[Battery Energy]99.92
2020-01-27_16:12:18.591[Battery Energy]99.88
2020-01-27_16:12:19.695[Battery Energy]99.84
2020-01-27_16:12:20.796[Task]A New Task Released.
2020-01-27_16:12:20.796[Battery Energy]99.80
2020-01-27_16:12:20.796[Status]Selection Start.
2020-01-27_16:12:22.982[Status]Selection End: Do Task 1.
2020-01-27_16:12:23.082[Battery Energy]98.16
2020-01-27_16:12:23.082[Status]Formation Start.
2020-01-27_16:12:23.235[Status]number of tasks is 7
2020-01-27_16:12:23.239[Status]my group tasks is [ 1300.   700.]
2020-01-27_16:12:23.245[Status]my group tasks is [ 1262.34898019   778.18314825]
2020-01-27_16:12:23.249[Status]my group tasks is [ 1177.7479066    797.49279122]
2020-01-27_16:12:23.252[Status]my group tasks is [ 1109.90311321   743.38837391]
2020-01-27_16:12:23.267[Status]my group tasks is [ 1109.90311321   656.61162609]
2020-01-27_16:12:23.268[Status]my group tasks is [ 1177.7479066    602.50720878]
2020-01-27_16:12:23.276[Status]my group tasks is [ 1262.34898019   621.81685175]
2020-01-27_16:12:23.279[Status]b_list is {16.035844278606046: array([ 1177.7479066 ,   797.49279122]), 17.87860025172552: array([ 1109.90311321,   656.61162609]), 34.830979305042085: array([ 1109.90311321,   743.38837391]), 14.713560574695641: array([ 1300.,   700.]), 16.94858395036171: array([ 1177.7479066 ,   602.50720878]), 14.90969407155665: array([ 1262.34898019,   778.18314825]), 15.540148804807208: array([ 1262.34898019,   621.81685175])}
2020-01-27_16:12:23.279[Status]the length of b_list is 7
2020-01-27_16:12:23.281[Status]send_data is {'id': 10, 'stage': 'formation', 'round': 1, 'task_id': 1, 'utility': [[array([ 1177.7479066 ,   797.49279122]), array([ 1109.90311321,   656.61162609]), array([ 1109.90311321,   743.38837391]), array([ 1300.,   700.]), array([ 1177.7479066 ,   602.50720878]), array([ 1262.34898019,   778.18314825]), array([ 1262.34898019,   621.81685175])], [16.035844278606046, 17.87860025172552, 34.830979305042085, 14.713560574695641, 16.94858395036171, 14.90969407155665, 15.540148804807208]]}
