2020-01-27_23:49:56.187[Status]Start.
2020-01-27_23:49:56.188[Battery Energy]100.00
2020-01-27_23:49:57.291[Battery Energy]99.96
2020-01-27_23:49:58.392[Battery Energy]99.92
2020-01-27_23:49:59.493[Battery Energy]99.88
2020-01-27_23:50:00.594[Battery Energy]99.84
2020-01-27_23:50:01.695[Task]A New Task Released.
2020-01-27_23:50:01.695[Battery Energy]99.80
2020-01-27_23:50:01.695[Status]Selection Start.
2020-01-27_23:50:03.991[Status]Selection End: Do Task 1.
2020-01-27_23:50:04.091[Battery Energy]98.25
2020-01-27_23:50:04.091[Status]Formation Start.
2020-01-27_23:50:04.235[Status]number of tasks is 7
2020-01-27_23:50:04.241[Status]my group tasks is [ 1300.   700.]
2020-01-27_23:50:04.256[Status]my group tasks is [ 1262.34898019   778.18314825]
2020-01-27_23:50:04.260[Status]my group tasks is [ 1177.7479066    797.49279122]
2020-01-27_23:50:04.270[Status]my group tasks is [ 1109.90311321   743.38837391]
2020-01-27_23:50:04.276[Status]my group tasks is [ 1109.90311321   656.61162609]
2020-01-27_23:50:04.277[Status]my group tasks is [ 1177.7479066    602.50720878]
2020-01-27_23:50:04.280[Status]my group tasks is [ 1262.34898019   621.81685175]
2020-01-27_23:50:04.281[Status]task destination is [ 1177.7479066    602.50720878]
2020-01-27_23:50:04.395[Battery Energy]98.12
2020-01-27_23:50:04.395[Status]Routing Start.
2020-01-27_23:50:04.626[Status]{'coordinate': [140.47154593178786, 251.20777456533858], 'id': 13}
2020-01-27_23:50:04.627[Status]Routing 1: Walk: 1
2020-01-27_23:50:04.727[Battery Energy]97.87
2020-01-27_23:50:04.727[Status]Routing Start.
2020-01-27_23:50:04.870[Status]{'coordinate': [149.94309186357572, 254.41554913067716], 'id': 13}
2020-01-27_23:50:04.871[Status]Routing 2: Walk: 2
2020-01-27_23:50:04.971[Battery Energy]97.65
2020-01-27_23:50:04.971[Status]Routing Start.
2020-01-27_23:50:05.102[Status]{'coordinate': [159.41463779536357, 257.62332369601575], 'id': 13}
2020-01-27_23:50:05.102[Status]Routing 3: Walk: 3
2020-01-27_23:50:05.203[Battery Energy]97.45
2020-01-27_23:50:05.203[Status]Routing Start.
2020-01-27_23:50:05.373[Status]{'coordinate': [168.88618372715143, 260.83109826135433], 'id': 13}
2020-01-27_23:50:05.374[Status]Routing 4: Walk: 4
2020-01-27_23:50:05.474[Battery Energy]97.23
2020-01-27_23:50:05.474[Status]Routing Start.
2020-01-27_23:50:05.625[Status]{'coordinate': [178.35772965893929, 264.03887282669291], 'id': 13}
2020-01-27_23:50:05.625[Status]Routing 5: Walk: 5
2020-01-27_23:50:05.730[Battery Energy]97.02
2020-01-27_23:50:05.731[Status]Routing Start.
2020-01-27_23:50:05.869[Status]{'coordinate': [187.82927559072715, 267.24664739203149], 'id': 13}
2020-01-27_23:50:05.871[Status]Routing 6: Walk: 6
2020-01-27_23:50:05.983[Battery Energy]96.82
2020-01-27_23:50:05.983[Status]Routing Start.
2020-01-27_23:50:06.278[Status]{'coordinate': [197.30082152251501, 270.45442195737007], 'id': 13}
2020-01-27_23:50:06.278[Status]Routing 7: Walk: 7
2020-01-27_23:50:06.378[Battery Energy]96.50
2020-01-27_23:50:06.378[Status]Routing Start.
2020-01-27_23:50:06.511[Status]{'coordinate': [206.77236745430287, 273.66219652270865], 'id': 13}
2020-01-27_23:50:06.511[Status]Routing 8: Walk: 8
2020-01-27_23:50:06.615[Battery Energy]96.28
2020-01-27_23:50:06.615[Status]Routing Start.
2020-01-27_23:50:06.902[Status]{'coordinate': [216.24391338609072, 276.86997108804724], 'id': 13}
2020-01-27_23:50:06.902[Status]Routing 9: Walk: 9
2020-01-27_23:50:07.002[Battery Energy]95.97
2020-01-27_23:50:07.003[Status]Routing Start.
2020-01-27_23:50:07.456[Status]Routing 10: Walk: 9
2020-01-27_23:50:07.563[Battery Energy]95.58
2020-01-27_23:50:07.563[Status]Routing Start.
2020-01-27_23:50:07.968[Status]{'coordinate': [217.48448096236942, 286.79272232390343], 'id': 13}
2020-01-27_23:50:07.969[Status]Routing 11: Walk: 10
2020-01-27_23:50:08.069[Battery Energy]95.18
2020-01-27_23:50:08.069[Status]Routing Start.
2020-01-27_23:50:08.397[Status]{'coordinate': [226.98421340572227, 289.91603522925078], 'id': 13}
2020-01-27_23:50:08.397[Status]Routing 12: Walk: 11
2020-01-27_23:50:08.497[Battery Energy]94.79
2020-01-27_23:50:08.497[Status]Routing Start.
2020-01-27_23:50:08.786[Status]{'coordinate': [236.48394584907513, 293.03934813459813], 'id': 13}
2020-01-27_23:50:08.786[Status]Routing 13: Walk: 12
2020-01-27_23:50:08.886[Battery Energy]94.42
2020-01-27_23:50:08.886[Status]Routing Start.
2020-01-27_23:50:09.208[Status]{'coordinate': [245.98367829242798, 296.16266103994548], 'id': 13}
2020-01-27_23:50:09.209[Status]Routing 14: Walk: 13
2020-01-27_23:50:09.309[Battery Energy]94.02
2020-01-27_23:50:09.309[Status]Routing Start.
2020-01-27_23:50:09.604[Status]{'coordinate': [255.48341073578084, 299.28597394529282], 'id': 13}
2020-01-27_23:50:09.604[Status]Routing 15: Walk: 14
2020-01-27_23:50:09.704[Battery Energy]93.63
2020-01-27_23:50:09.704[Status]Routing Start.
2020-01-27_23:50:10.047[Status]{'coordinate': [264.98314317913366, 302.40928685064017], 'id': 13}
2020-01-27_23:50:10.047[Status]Routing 16: Walk: 15
2020-01-27_23:50:10.147[Battery Energy]93.26
2020-01-27_23:50:10.147[Status]Routing Start.
2020-01-27_23:50:10.276[Status]{'coordinate': [274.48287562248652, 305.53259975598752], 'id': 13}
2020-01-27_23:50:10.276[Status]Routing 17: Walk: 16
2020-01-27_23:50:10.383[Battery Energy]93.08
2020-01-27_23:50:10.383[Status]Routing Start.
2020-01-27_23:50:10.714[Status]{'coordinate': [283.98260806583937, 308.65591266133487], 'id': 13}
2020-01-27_23:50:10.714[Status]Routing 18: Walk: 17
2020-01-27_23:50:10.814[Battery Energy]92.73
2020-01-27_23:50:10.814[Status]Routing Start.
2020-01-27_23:50:10.971[Status]{'coordinate': [293.48234050919223, 311.77922556668221], 'id': 13}
2020-01-27_23:50:10.971[Status]Routing 19: Walk: 18
2020-01-27_23:50:11.072[Battery Energy]92.50
2020-01-27_23:50:11.072[Status]Routing Start.
2020-01-27_23:50:11.357[Status]{'coordinate': [302.98207295254508, 314.90253847202956], 'id': 13}
2020-01-27_23:50:11.357[Status]Routing 20: Walk: 19
2020-01-27_23:50:11.467[Battery Energy]92.20
2020-01-27_23:50:11.467[Status]Routing Start.
2020-01-27_23:50:11.668[Status]{'coordinate': [312.48180539589794, 318.02585137737691], 'id': 13}
2020-01-27_23:50:11.670[Status]Routing 21: Walk: 20
2020-01-27_23:50:11.770[Battery Energy]91.97
2020-01-27_23:50:11.770[Status]Routing Start.
2020-01-27_23:50:12.087[Status]{'coordinate': [321.98153783925079, 321.14916428272426], 'id': 13}
2020-01-27_23:50:12.088[Status]Routing 22: Walk: 21
2020-01-27_23:50:12.190[Battery Energy]91.66
2020-01-27_23:50:12.191[Status]Routing Start.
2020-01-27_23:50:12.514[Status]{'coordinate': [331.48127028260365, 324.2724771880716], 'id': 13}
2020-01-27_23:50:12.514[Status]Routing 23: Walk: 22
2020-01-27_23:50:12.624[Battery Energy]91.34
2020-01-27_23:50:12.624[Status]Routing Start.
2020-01-27_23:50:12.916[Status]{'coordinate': [340.9810027259565, 327.39579009341895], 'id': 13}
2020-01-27_23:50:12.916[Status]Routing 24: Walk: 23
2020-01-27_23:50:13.026[Battery Energy]91.00
2020-01-27_23:50:13.027[Status]Routing Start.
2020-01-27_23:50:13.309[Status]{'coordinate': [350.48073516930936, 330.5191029987663], 'id': 13}
2020-01-27_23:50:13.309[Status]Routing 25: Walk: 24
2020-01-27_23:50:13.414[Battery Energy]90.66
2020-01-27_23:50:13.415[Status]Routing Start.
2020-01-27_23:50:13.723[Status]{'coordinate': [359.98046761266221, 333.64241590411365], 'id': 13}
2020-01-27_23:50:13.723[Status]Routing 26: Walk: 25
2020-01-27_23:50:13.830[Battery Energy]90.32
2020-01-27_23:50:13.831[Status]Routing Start.
2020-01-27_23:50:14.155[Status]{'coordinate': [369.48020005601506, 336.765728809461], 'id': 13}
2020-01-27_23:50:14.164[Status]Routing 27: Walk: 26
2020-01-27_23:50:14.275[Battery Energy]89.97
2020-01-27_23:50:14.275[Status]Routing Start.
2020-01-27_23:50:14.586[Status]{'coordinate': [378.97993249936792, 339.88904171480834], 'id': 13}
2020-01-27_23:50:14.586[Status]Routing 28: Walk: 27
2020-01-27_23:50:14.691[Battery Energy]89.62
2020-01-27_23:50:14.691[Status]Routing Start.
2020-01-27_23:50:15.016[Status]{'coordinate': [388.47966494272077, 343.01235462015569], 'id': 13}
2020-01-27_23:50:15.016[Status]Routing 29: Walk: 28
2020-01-27_23:50:15.116[Battery Energy]89.29
2020-01-27_23:50:15.116[Status]Routing Start.
2020-01-27_23:50:15.454[Status]{'coordinate': [397.97939738607363, 346.13566752550304], 'id': 13}
2020-01-27_23:50:15.455[Status]Routing 30: Walk: 29
2020-01-27_23:50:15.558[Battery Energy]88.95
2020-01-27_23:50:15.559[Status]Routing Start.
2020-01-27_23:50:15.703[Status]{'coordinate': [407.47912982942648, 349.25898043085039], 'id': 13}
2020-01-27_23:50:15.703[Status]Routing 31: Walk: 30
2020-01-27_23:50:15.803[Battery Energy]88.72
2020-01-27_23:50:15.803[Status]Routing Start.
2020-01-27_23:50:16.219[Status]{'coordinate': [416.97886227277934, 352.38229333619773], 'id': 13}
2020-01-27_23:50:16.221[Status]Routing 32: Walk: 31
2020-01-27_23:50:16.321[Battery Energy]88.37
2020-01-27_23:50:16.321[Status]Routing Start.
2020-01-27_23:50:16.639[Status]{'coordinate': [426.47859471613219, 355.50560624154508], 'id': 13}
2020-01-27_23:50:16.639[Status]Routing 33: Walk: 32
2020-01-27_23:50:16.743[Battery Energy]88.06
2020-01-27_23:50:16.743[Status]Routing Start.
2020-01-27_23:50:17.043[Status]{'coordinate': [435.97832715948505, 358.62891914689243], 'id': 13}
2020-01-27_23:50:17.043[Status]Routing 34: Walk: 33
2020-01-27_23:50:17.143[Battery Energy]87.78
2020-01-27_23:50:17.143[Status]Routing Start.
2020-01-27_23:50:17.536[Status]{'coordinate': [445.4780596028379, 361.75223205223978], 'id': 13}
2020-01-27_23:50:17.536[Status]Routing 35: Walk: 34
2020-01-27_23:50:17.636[Battery Energy]87.40
2020-01-27_23:50:17.636[Status]Routing Start.
2020-01-27_23:50:17.941[Status]{'coordinate': [454.97779204619076, 364.87554495758718], 'id': 13}
2020-01-27_23:50:17.945[Status]Routing 36: Walk: 35
2020-01-27_23:50:18.050[Battery Energy]87.06
2020-01-27_23:50:18.050[Status]Routing Start.
2020-01-27_23:50:18.369[Status]{'coordinate': [464.47752448954361, 367.99885786293453], 'id': 13}
2020-01-27_23:50:18.371[Status]Routing 37: Walk: 36
2020-01-27_23:50:18.473[Battery Energy]86.74
2020-01-27_23:50:18.473[Status]Routing Start.
2020-01-27_23:50:18.913[Status]{'coordinate': [473.97725693289647, 371.12217076828188], 'id': 13}
2020-01-27_23:50:18.913[Status]Routing 38: Walk: 37
2020-01-27_23:50:19.023[Battery Energy]86.28
2020-01-27_23:50:19.023[Status]Routing Start.
2020-01-27_23:50:19.317[Status]{'coordinate': [483.47698937624932, 374.24548367362928], 'id': 13}
2020-01-27_23:50:19.317[Status]Routing 39: Walk: 38
2020-01-27_23:50:19.418[Battery Energy]85.97
2020-01-27_23:50:19.418[Status]Routing Start.
2020-01-27_23:50:19.896[Status]{'coordinate': [492.97672181960218, 377.36879657897663], 'id': 13}
2020-01-27_23:50:19.896[Status]Routing 40: Walk: 39
2020-01-27_23:50:19.996[Battery Energy]85.57
2020-01-27_23:50:19.996[Status]Routing Start.
2020-01-27_23:50:20.512[Status]{'coordinate': [502.47645426295503, 380.49210948432403], 'id': 13}
2020-01-27_23:50:20.512[Status]Routing 41: Walk: 40
2020-01-27_23:50:20.612[Battery Energy]85.12
2020-01-27_23:50:20.612[Status]Routing Start.
2020-01-27_23:50:20.956[Status]{'coordinate': [511.97618670630789, 383.61542238967144], 'id': 13}
2020-01-27_23:50:20.956[Status]Routing 42: Walk: 41
2020-01-27_23:50:21.056[Battery Energy]84.80
2020-01-27_23:50:21.056[Status]Routing Start.
2020-01-27_23:50:21.479[Status]{'coordinate': [521.47591914966074, 386.73873529501884], 'id': 13}
2020-01-27_23:50:21.479[Status]Routing 43: Walk: 42
2020-01-27_23:50:21.579[Battery Energy]84.44
2020-01-27_23:50:21.579[Status]Routing Start.
2020-01-27_23:50:22.039[Status]{'coordinate': [530.97565159301359, 389.86204820036619], 'id': 13}
2020-01-27_23:50:22.039[Status]Routing 44: Walk: 43
2020-01-27_23:50:22.151[Battery Energy]84.02
2020-01-27_23:50:22.151[Status]Routing Start.
2020-01-27_23:50:22.587[Status]{'coordinate': [540.47538403636645, 392.98536110571354], 'id': 13}
2020-01-27_23:50:22.588[Status]Routing 45: Walk: 44
2020-01-27_23:50:22.691[Battery Energy]83.57
2020-01-27_23:50:22.691[Status]Routing Start.
2020-01-27_23:50:23.072[Status]{'coordinate': [549.9751164797193, 396.10867401106094], 'id': 13}
2020-01-27_23:50:23.073[Status]Routing 46: Walk: 45
2020-01-27_23:50:23.183[Battery Energy]83.20
2020-01-27_23:50:23.183[Status]Routing Start.
2020-01-27_23:50:23.633[Status]{'coordinate': [559.47484892307216, 399.23198691640835], 'id': 13}
2020-01-27_23:50:23.633[Status]Routing 47: Walk: 46
2020-01-27_23:50:23.734[Battery Energy]82.78
2020-01-27_23:50:23.734[Status]Routing Start.
2020-01-27_23:50:24.188[Status]{'coordinate': [568.97458136642501, 402.35529982175569], 'id': 13}
2020-01-27_23:50:24.188[Status]Routing 48: Walk: 47
2020-01-27_23:50:24.295[Battery Energy]82.33
2020-01-27_23:50:24.295[Status]Routing Start.
2020-01-27_23:50:24.618[Status]{'coordinate': [578.47431380977787, 405.4786127271031], 'id': 13}
2020-01-27_23:50:24.618[Status]Routing 49: Walk: 48
2020-01-27_23:50:24.718[Battery Energy]82.04
2020-01-27_23:50:24.718[Status]Routing Start.
2020-01-27_23:50:25.203[Status]{'coordinate': [587.97404625313072, 408.60192563245045], 'id': 13}
2020-01-27_23:50:25.203[Status]Routing 50: Walk: 49
2020-01-27_23:50:25.303[Battery Energy]81.66
2020-01-27_23:50:25.303[Status]Routing Start.
2020-01-27_23:50:25.634[Status]{'coordinate': [597.47377869648358, 411.72523853779785], 'id': 13}
2020-01-27_23:50:25.634[Status]Routing 51: Walk: 50
2020-01-27_23:50:25.747[Battery Energy]81.28
2020-01-27_23:50:25.747[Status]Routing Start.
2020-01-27_23:50:26.108[Status]{'coordinate': [606.97351113983643, 414.8485514431452], 'id': 13}
2020-01-27_23:50:26.108[Status]Routing 52: Walk: 51
2020-01-27_23:50:26.218[Battery Energy]80.94
2020-01-27_23:50:26.219[Status]Routing Start.
2020-01-27_23:50:26.578[Status]{'coordinate': [616.47324358318929, 417.9718643484926], 'id': 13}
2020-01-27_23:50:26.579[Status]Routing 53: Walk: 52
2020-01-27_23:50:26.679[Battery Energy]80.56
2020-01-27_23:50:26.679[Status]Routing Start.
2020-01-27_23:50:27.005[Status]{'coordinate': [625.97297602654214, 421.09517725384001], 'id': 13}
2020-01-27_23:50:27.005[Status]Routing 54: Walk: 53
2020-01-27_23:50:27.110[Battery Energy]80.19
2020-01-27_23:50:27.111[Status]Routing Start.
2020-01-27_23:50:27.443[Status]{'coordinate': [635.472708469895, 424.21849015918735], 'id': 13}
2020-01-27_23:50:27.443[Status]Routing 55: Walk: 54
2020-01-27_23:50:27.555[Battery Energy]79.84
2020-01-27_23:50:27.555[Status]Routing Start.
2020-01-27_23:50:27.871[Status]{'coordinate': [644.97244091324785, 427.34180306453476], 'id': 13}
2020-01-27_23:50:27.871[Status]Routing 56: Walk: 55
2020-01-27_23:50:27.979[Battery Energy]79.47
2020-01-27_23:50:27.979[Status]Routing Start.
2020-01-27_23:50:28.323[Status]{'coordinate': [654.47217335660071, 430.46511596988216], 'id': 13}
2020-01-27_23:50:28.324[Status]Routing 57: Walk: 56
2020-01-27_23:50:28.435[Battery Energy]79.13
2020-01-27_23:50:28.435[Status]Routing Start.
2020-01-27_23:50:28.771[Status]{'coordinate': [663.97190579995356, 433.58842887522951], 'id': 13}
2020-01-27_23:50:28.771[Status]Routing 58: Walk: 57
2020-01-27_23:50:28.872[Battery Energy]78.75
2020-01-27_23:50:28.872[Status]Routing Start.
2020-01-27_23:50:29.348[Status]{'coordinate': [673.47163824330642, 436.71174178057692], 'id': 13}
2020-01-27_23:50:29.349[Status]Routing 59: Walk: 58
2020-01-27_23:50:29.455[Battery Energy]78.31
2020-01-27_23:50:29.455[Status]Routing Start.
2020-01-27_23:50:29.795[Status]{'coordinate': [682.97137068665927, 439.83505468592426], 'id': 13}
2020-01-27_23:50:29.796[Status]Routing 60: Walk: 59
2020-01-27_23:50:29.899[Battery Energy]77.93
2020-01-27_23:50:29.899[Status]Routing Start.
2020-01-27_23:50:30.244[Status]{'coordinate': [692.47110313001212, 442.95836759127167], 'id': 13}
2020-01-27_23:50:30.246[Status]Routing 61: Walk: 60
2020-01-27_23:50:30.346[Battery Energy]77.53
2020-01-27_23:50:30.346[Status]Routing Start.
2020-01-27_23:50:30.780[Status]{'coordinate': [701.97083557336498, 446.08168049661901], 'id': 13}
2020-01-27_23:50:30.780[Status]Routing 62: Walk: 61
2020-01-27_23:50:30.883[Battery Energy]77.09
2020-01-27_23:50:30.883[Status]Routing Start.
2020-01-27_23:50:31.327[Status]{'coordinate': [711.47056801671783, 449.20499340196642], 'id': 13}
2020-01-27_23:50:31.327[Status]Routing 63: Walk: 62
2020-01-27_23:50:31.427[Battery Energy]76.73
2020-01-27_23:50:31.427[Status]Routing Start.
2020-01-27_23:50:31.822[Status]{'coordinate': [720.97030046007069, 452.32830630731382], 'id': 13}
2020-01-27_23:50:31.822[Status]Routing 64: Walk: 63
2020-01-27_23:50:31.922[Battery Energy]76.35
2020-01-27_23:50:31.923[Status]Routing Start.
2020-01-27_23:50:32.366[Status]{'coordinate': [730.47003290342354, 455.45161921266117], 'id': 13}
2020-01-27_23:50:32.366[Status]Routing 65: Walk: 64
2020-01-27_23:50:32.466[Battery Energy]75.91
2020-01-27_23:50:32.467[Status]Routing Start.
2020-01-27_23:50:32.793[Status]{'coordinate': [739.9697653467764, 458.57493211800858], 'id': 13}
2020-01-27_23:50:32.794[Status]Routing 66: Walk: 65
2020-01-27_23:50:32.906[Battery Energy]75.58
2020-01-27_23:50:32.907[Status]Routing Start.
2020-01-27_23:50:33.359[Status]{'coordinate': [749.46949779012925, 461.69824502335592], 'id': 13}
2020-01-27_23:50:33.359[Status]Routing 67: Walk: 66
2020-01-27_23:50:33.470[Battery Energy]75.20
2020-01-27_23:50:33.470[Status]Routing Start.
2020-01-27_23:50:33.803[Status]{'coordinate': [758.96923023348211, 464.82155792870333], 'id': 13}
2020-01-27_23:50:33.803[Status]Routing 68: Walk: 67
2020-01-27_23:50:33.903[Battery Energy]74.87
2020-01-27_23:50:33.903[Status]Routing Start.
2020-01-27_23:50:34.244[Status]{'coordinate': [768.46896267683496, 467.94487083405068], 'id': 13}
2020-01-27_23:50:34.246[Status]Routing 69: Walk: 68
2020-01-27_23:50:34.346[Battery Energy]74.57
2020-01-27_23:50:34.346[Status]Routing Start.
2020-01-27_23:50:34.681[Status]{'coordinate': [777.96869512018782, 471.06818373939808], 'id': 13}
2020-01-27_23:50:34.681[Status]Routing 70: Walk: 69
2020-01-27_23:50:34.781[Battery Energy]74.24
2020-01-27_23:50:34.781[Status]Routing Start.
2020-01-27_23:50:35.126[Status]{'coordinate': [787.46842756354067, 474.19149664474548], 'id': 13}
2020-01-27_23:50:35.126[Status]Routing 71: Walk: 70
2020-01-27_23:50:35.228[Battery Energy]73.92
2020-01-27_23:50:35.228[Status]Routing Start.
2020-01-27_23:50:35.654[Status]{'coordinate': [796.96816000689353, 477.31480955009283], 'id': 13}
2020-01-27_23:50:35.656[Status]Routing 72: Walk: 71
2020-01-27_23:50:35.758[Battery Energy]73.52
2020-01-27_23:50:35.758[Status]Routing Start.
2020-01-27_23:50:36.180[Status]{'coordinate': [806.46789245024638, 480.43812245544024], 'id': 13}
2020-01-27_23:50:36.180[Status]Routing 73: Walk: 72
2020-01-27_23:50:36.283[Battery Energy]73.11
2020-01-27_23:50:36.283[Status]Routing Start.
2020-01-27_23:50:36.570[Status]{'coordinate': [815.96762489359924, 483.56143536078758], 'id': 13}
2020-01-27_23:50:36.570[Status]Routing 74: Walk: 73
2020-01-27_23:50:36.687[Battery Energy]72.80
2020-01-27_23:50:36.687[Status]Routing Start.
2020-01-27_23:50:37.087[Status]{'coordinate': [825.46735733695209, 486.68474826613499], 'id': 13}
2020-01-27_23:50:37.089[Status]Routing 75: Walk: 74
2020-01-27_23:50:37.191[Battery Energy]72.47
2020-01-27_23:50:37.191[Status]Routing Start.
2020-01-27_23:50:37.660[Status]{'coordinate': [834.96708978030495, 489.80806117148234], 'id': 13}
2020-01-27_23:50:37.660[Status]Routing 76: Walk: 75
2020-01-27_23:50:37.767[Battery Energy]71.99
2020-01-27_23:50:37.767[Status]Routing Start.
2020-01-27_23:50:38.166[Status]{'coordinate': [844.4668222236578, 492.93137407682974], 'id': 13}
2020-01-27_23:50:38.170[Status]Routing 77: Walk: 76
2020-01-27_23:50:38.270[Battery Energy]71.63
2020-01-27_23:50:38.270[Status]Routing Start.
2020-01-27_23:50:38.549[Status]{'coordinate': [853.96655466701066, 496.05468698217715], 'id': 13}
2020-01-27_23:50:38.550[Status]Routing 78: Walk: 77
2020-01-27_23:50:38.658[Battery Energy]71.32
2020-01-27_23:50:38.659[Status]Routing Start.
2020-01-27_23:50:39.079[Status]{'coordinate': [863.46628711036351, 499.17799988752449], 'id': 13}
2020-01-27_23:50:39.079[Status]Routing 79: Walk: 78
2020-01-27_23:50:39.190[Battery Energy]70.89
2020-01-27_23:50:39.191[Status]Routing Start.
2020-01-27_23:50:39.660[Status]{'coordinate': [872.96601955371636, 502.3013127928719], 'id': 13}
2020-01-27_23:50:39.661[Status]Routing 80: Walk: 79
2020-01-27_23:50:39.763[Battery Energy]70.42
2020-01-27_23:50:39.763[Status]Routing Start.
2020-01-27_23:50:40.202[Status]{'coordinate': [882.46575199706922, 505.4246256982193], 'id': 13}
2020-01-27_23:50:40.203[Status]Routing 81: Walk: 80
2020-01-27_23:50:40.306[Battery Energy]69.98
2020-01-27_23:50:40.307[Status]Routing Start.
2020-01-27_23:50:40.610[Status]{'coordinate': [891.96548444042207, 508.54793860356665], 'id': 13}
2020-01-27_23:50:40.610[Status]Routing 82: Walk: 81
2020-01-27_23:50:40.711[Battery Energy]69.64
2020-01-27_23:50:40.711[Status]Routing Start.
2020-01-27_23:50:41.016[Status]{'coordinate': [901.46521688377493, 511.671251508914], 'id': 13}
2020-01-27_23:50:41.016[Status]Routing 83: Walk: 82
2020-01-27_23:50:41.116[Battery Energy]69.33
2020-01-27_23:50:41.116[Status]Routing Start.
2020-01-27_23:50:41.610[Status]{'coordinate': [910.96494932712778, 514.79456441426134], 'id': 13}
2020-01-27_23:50:41.610[Status]Routing 84: Walk: 83
2020-01-27_23:50:41.717[Battery Energy]68.93
2020-01-27_23:50:41.717[Status]Routing Start.
2020-01-27_23:50:42.063[Status]{'coordinate': [920.46468177048064, 517.91787731960869], 'id': 13}
2020-01-27_23:50:42.064[Status]Routing 85: Walk: 84
2020-01-27_23:50:42.165[Battery Energy]68.57
2020-01-27_23:50:42.165[Status]Routing Start.
2020-01-27_23:50:42.625[Status]{'coordinate': [929.96441421383349, 521.04119022495604], 'id': 13}
2020-01-27_23:50:42.629[Status]Routing 86: Walk: 85
2020-01-27_23:50:42.730[Battery Energy]68.15
2020-01-27_23:50:42.730[Status]Routing Start.
2020-01-27_23:50:43.006[Status]{'coordinate': [939.46414665718635, 524.16450313030339], 'id': 13}
2020-01-27_23:50:43.006[Status]Routing 87: Walk: 86
2020-01-27_23:50:43.107[Battery Energy]67.84
2020-01-27_23:50:43.107[Status]Routing Start.
2020-01-27_23:50:43.543[Status]{'coordinate': [948.9638791005392, 527.28781603565074], 'id': 13}
2020-01-27_23:50:43.544[Status]Routing 88: Walk: 87
2020-01-27_23:50:43.655[Battery Energy]67.41
2020-01-27_23:50:43.655[Status]Routing Start.
2020-01-27_23:50:44.101[Status]{'coordinate': [958.46361154389206, 530.41112894099808], 'id': 13}
2020-01-27_23:50:44.101[Status]Routing 89: Walk: 88
2020-01-27_23:50:44.207[Battery Energy]66.95
2020-01-27_23:50:44.207[Status]Routing Start.
2020-01-27_23:50:44.635[Status]{'coordinate': [967.96334398724491, 533.53444184634543], 'id': 13}
2020-01-27_23:50:44.635[Status]Routing 90: Walk: 89
2020-01-27_23:50:44.737[Battery Energy]66.51
2020-01-27_23:50:44.737[Status]Routing Start.
2020-01-27_23:50:45.075[Status]{'coordinate': [977.46307643059777, 536.65775475169278], 'id': 13}
2020-01-27_23:50:45.076[Status]Routing 91: Walk: 90
2020-01-27_23:50:45.179[Battery Energy]66.18
2020-01-27_23:50:45.179[Status]Routing Start.
2020-01-27_23:50:45.501[Status]{'coordinate': [986.96280887395062, 539.78106765704013], 'id': 13}
2020-01-27_23:50:45.502[Status]Routing 92: Walk: 91
2020-01-27_23:50:45.610[Battery Energy]65.85
2020-01-27_23:50:45.610[Status]Routing Start.
2020-01-27_23:50:46.068[Status]{'coordinate': [996.46254131730348, 542.90438056238747], 'id': 13}
2020-01-27_23:50:46.068[Status]Routing 93: Walk: 92
2020-01-27_23:50:46.168[Battery Energy]65.44
2020-01-27_23:50:46.168[Status]Routing Start.
2020-01-27_23:50:46.639[Status]{'coordinate': [1005.9622737606563, 546.02769346773482], 'id': 13}
2020-01-27_23:50:46.640[Status]Routing 94: Walk: 93
2020-01-27_23:50:46.751[Battery Energy]65.00
2020-01-27_23:50:46.751[Status]Routing Start.
2020-01-27_23:50:47.180[Status]{'coordinate': [1015.4620062040092, 549.15100637308217], 'id': 13}
2020-01-27_23:50:47.180[Status]Routing 95: Walk: 94
2020-01-27_23:50:47.280[Battery Energy]64.62
2020-01-27_23:50:47.280[Status]Routing Start.
2020-01-27_23:50:47.791[Status]{'coordinate': [1024.9617386473619, 552.27431927842952], 'id': 13}
2020-01-27_23:50:47.791[Status]Routing 96: Walk: 95
2020-01-27_23:50:47.903[Battery Energy]64.16
2020-01-27_23:50:47.903[Status]Routing Start.
2020-01-27_23:50:48.250[Status]{'coordinate': [1034.4614710907147, 555.39763218377686], 'id': 13}
2020-01-27_23:50:48.250[Status]Routing 97: Walk: 96
2020-01-27_23:50:48.350[Battery Energy]63.82
2020-01-27_23:50:48.350[Status]Routing Start.
2020-01-27_23:50:48.644[Status]{'coordinate': [1043.9612035340674, 558.52094508912421], 'id': 13}
2020-01-27_23:50:48.644[Status]Routing 98: Walk: 97
2020-01-27_23:50:48.763[Battery Energy]63.52
2020-01-27_23:50:48.763[Status]Routing Start.
2020-01-27_23:50:49.142[Status]{'coordinate': [1053.4609359774201, 561.64425799447156], 'id': 13}
2020-01-27_23:50:49.143[Status]Routing 99: Walk: 98
2020-01-27_23:50:49.246[Battery Energy]63.13
2020-01-27_23:50:49.247[Status]Routing Start.
2020-01-27_23:50:49.559[Status]{'coordinate': [1062.9606684207729, 564.76757089981902], 'id': 13}
2020-01-27_23:50:49.562[Status]Routing 100: Walk: 99
2020-01-27_23:50:49.662[Battery Energy]62.77
2020-01-27_23:50:49.662[Status]Routing Start.
2020-01-27_23:50:49.966[Status]{'coordinate': [1072.4604008641256, 567.89088380516637], 'id': 13}
2020-01-27_23:50:49.967[Status]Routing 101: Walk: 100
2020-01-27_23:50:50.069[Battery Energy]62.46
2020-01-27_23:50:50.069[Status]Routing Start.
2020-01-27_23:50:50.359[Status]{'coordinate': [1081.9601333074784, 571.01419671051372], 'id': 13}
2020-01-27_23:50:50.359[Status]Routing 102: Walk: 101
2020-01-27_23:50:50.469[Battery Energy]62.17
2020-01-27_23:50:50.469[Status]Routing Start.
2020-01-27_23:50:50.919[Status]{'coordinate': [1091.4598657508311, 574.13750961586106], 'id': 13}
2020-01-27_23:50:50.919[Status]Routing 103: Walk: 102
2020-01-27_23:50:51.019[Battery Energy]61.76
2020-01-27_23:50:51.019[Status]Routing Start.
2020-01-27_23:50:51.446[Status]{'coordinate': [1100.9595981941839, 577.26082252120841], 'id': 13}
2020-01-27_23:50:51.446[Status]Routing 104: Walk: 103
2020-01-27_23:50:51.549[Battery Energy]61.38
2020-01-27_23:50:51.549[Status]Routing Start.
2020-01-27_23:50:52.013[Status]{'coordinate': [1110.4593306375366, 580.38413542655587], 'id': 13}
2020-01-27_23:50:52.013[Status]Routing 105: Walk: 104
2020-01-27_23:50:52.123[Battery Energy]60.96
2020-01-27_23:50:52.123[Status]Routing Start.
2020-01-27_23:50:52.589[Status]{'coordinate': [1119.9590630808893, 583.50744833190322], 'id': 13}
2020-01-27_23:50:52.589[Status]Routing 106: Walk: 105
2020-01-27_23:50:52.698[Battery Energy]60.55
2020-01-27_23:50:52.698[Status]Routing Start.
2020-01-27_23:50:53.149[Status]{'coordinate': [1129.4587955242421, 586.63076123725057], 'id': 13}
2020-01-27_23:50:53.149[Status]Routing 107: Walk: 106
2020-01-27_23:50:53.250[Battery Energy]60.12
2020-01-27_23:50:53.250[Status]Routing Start.
2020-01-27_23:50:53.723[Status]{'coordinate': [1138.9585279675948, 589.75407414259791], 'id': 13}
2020-01-27_23:50:53.723[Status]Routing 108: Walk: 107
2020-01-27_23:50:53.831[Battery Energy]59.68
2020-01-27_23:50:53.831[Status]Routing Start.
2020-01-27_23:50:54.249[Status]{'coordinate': [1148.4582604109476, 592.87738704794538], 'id': 13}
2020-01-27_23:50:54.250[Status]Routing 109: Walk: 108
2020-01-27_23:50:54.358[Battery Energy]59.29
2020-01-27_23:50:54.362[Status]Routing Start.
2020-01-27_23:50:54.816[Status]{'coordinate': [1140.7895166665817, 599.2953594211524], 'id': 13}
2020-01-27_23:50:54.816[Status]Routing 110: Walk: 109
2020-01-27_23:50:54.916[Battery Energy]58.86
2020-01-27_23:50:54.916[Status]Routing Start.
2020-01-27_23:50:55.354[Status]{'coordinate': [1136.430840592596, 608.29546735839767], 'id': 13}
2020-01-27_23:50:55.355[Status]Routing 111: Walk: 110
2020-01-27_23:50:55.455[Battery Energy]58.40
2020-01-27_23:50:55.455[Status]Routing Start.
2020-01-27_23:50:55.763[Status]{'coordinate': [1146.3341306717857, 606.90807930618462], 'id': 13}
2020-01-27_23:50:55.763[Status]Routing 112: Walk: 111
2020-01-27_23:50:55.864[Battery Energy]58.14
2020-01-27_23:50:55.864[Status]Routing Start.
2020-01-27_23:50:56.453[Status]{'coordinate': [1142.0000966971286, 615.92007961169497], 'id': 13}
2020-01-27_23:50:56.454[Status]Routing 113: Walk: 112
2020-01-27_23:50:56.555[Battery Energy]57.62
2020-01-27_23:50:56.555[Status]Routing Start.
2020-01-27_23:50:56.839[Status]{'coordinate': [1142.872482722312, 625.88195406498255], 'id': 13}
2020-01-27_23:50:56.844[Status]Routing 114: Walk: 113
2020-01-27_23:50:56.944[Battery Energy]57.27
2020-01-27_23:50:56.944[Status]Routing Start.
2020-01-27_23:50:57.339[Status]{'coordinate': [1151.1792779906382, 620.31444543273835], 'id': 13}
2020-01-27_23:50:57.339[Status]Routing 115: Walk: 114
2020-01-27_23:50:57.443[Battery Energy]56.86
2020-01-27_23:50:57.443[Status]Routing Start.
2020-01-27_23:50:58.032[Status]{'coordinate': [1152.7576447534616, 630.18909774874498], 'id': 13}
2020-01-27_23:50:58.039[Status]Routing 116: Walk: 115
2020-01-27_23:50:58.147[Battery Energy]56.37
2020-01-27_23:50:58.147[Status]Routing Start.
2020-01-27_23:50:58.479[Status]{'coordinate': [1158.9498934922051, 638.04123475452434], 'id': 13}
2020-01-27_23:50:58.482[Status]Routing 117: Walk: 116
2020-01-27_23:50:58.582[Battery Energy]56.00
2020-01-27_23:50:58.582[Status]Routing Start.
2020-01-27_23:50:58.797[Status]{'coordinate': [1163.6260272989462, 629.20190374921333], 'id': 13}
2020-01-27_23:50:58.797[Status]Routing 118: Walk: 117
2020-01-27_23:50:58.903[Battery Energy]55.75
2020-01-27_23:50:58.903[Status]Routing Start.
2020-01-27_23:50:59.354[Status]{'coordinate': [1170.4729666597304, 636.49021091821646], 'id': 13}
2020-01-27_23:50:59.355[Status]Routing 119: Walk: 118
2020-01-27_23:50:59.456[Battery Energy]55.30
2020-01-27_23:50:59.456[Status]Routing Start.
2020-01-27_23:50:59.673[Status]{'coordinate': [1172.566295418922, 626.71176652731549], 'id': 13}
2020-01-27_23:50:59.673[Status]Routing 120: Walk: 119
2020-01-27_23:50:59.779[Battery Energy]55.02
2020-01-27_23:50:59.779[Status]Routing Start.
2020-01-27_23:51:00.384[Status]{'coordinate': [1180.5070026174849, 632.79002032151413], 'id': 13}
2020-01-27_23:51:00.385[Status]Routing 121: Walk: 120
2020-01-27_23:51:00.485[Battery Energy]54.45
2020-01-27_23:51:00.485[Status]Routing Start.
2020-01-27_23:51:00.706[Status]{'coordinate': [1179.5996512954612, 622.83126971822958], 'id': 13}
2020-01-27_23:51:00.706[Status]Routing 122: Walk: 121
2020-01-27_23:51:00.806[Battery Energy]54.17
2020-01-27_23:51:00.806[Status]Routing Start.
2020-01-27_23:51:01.274[Status]{'coordinate': [1170.5229870999194, 618.63434619243458], 'id': 13}
2020-01-27_23:51:01.277[Status]Routing 123: Walk: 122
2020-01-27_23:51:01.378[Battery Energy]53.70
2020-01-27_23:51:01.379[Status]Routing Start.
2020-01-27_23:51:01.728[Status]{'coordinate': [1174.6114318208622, 609.50830544281075], 'id': 13}
2020-01-27_23:51:01.729[Status]Routing 124: Walk: 123
2020-01-27_23:51:01.832[Battery Energy]53.36
2020-01-27_23:51:01.832[Status]Routing Start.
2020-01-27_23:51:01.833[Status]Task Finished.
2020-01-27_23:51:01.933[Battery Energy]53.36
2020-01-27_23:51:02.222[Status]Routing 126: Walk: 123
2020-01-27_23:51:02.322[Battery Energy]53.09
2020-01-27_23:51:02.800[Status]Routing 127: Walk: 123
2020-01-27_23:51:02.900[Battery Energy]52.59
2020-01-27_23:51:03.285[Status]Routing 128: Walk: 123
2020-01-27_23:51:03.385[Battery Energy]52.20
2020-01-27_23:51:03.819[Status]Routing 129: Walk: 123
2020-01-27_23:51:03.919[Battery Energy]51.84
2020-01-27_23:51:04.435[Status]Routing 130: Walk: 123
2020-01-27_23:51:04.539[Battery Energy]51.41
2020-01-27_23:51:05.078[Status]Routing 131: Walk: 123
2020-01-27_23:51:05.179[Battery Energy]51.01
2020-01-27_23:51:05.736[Status]Routing 132: Walk: 123
2020-01-27_23:51:05.836[Battery Energy]50.55
2020-01-27_23:51:06.289[Status]Routing 133: Walk: 123
2020-01-27_23:51:06.390[Battery Energy]50.08
2020-01-27_23:51:06.841[Status]Routing 134: Walk: 123
2020-01-27_23:51:06.942[Battery Energy]49.64
2020-01-27_23:51:07.408[Status]Routing 135: Walk: 123
2020-01-27_23:51:07.509[Battery Energy]49.24
2020-01-27_23:51:07.916[Status]Routing 136: Walk: 123
2020-01-27_23:51:08.016[Battery Energy]48.89
2020-01-27_23:51:08.477[Status]Routing 137: Walk: 123
2020-01-27_23:51:08.577[Battery Energy]48.52
2020-01-27_23:51:09.006[Status]Routing 138: Walk: 123
2020-01-27_23:51:09.108[Battery Energy]48.11
2020-01-27_23:51:09.595[Status]Routing 139: Walk: 123
2020-01-27_23:51:09.696[Battery Energy]47.71
2020-01-27_23:51:10.164[Status]Routing 140: Walk: 123
2020-01-27_23:51:10.264[Battery Energy]47.31
2020-01-27_23:51:10.786[Status]Routing 141: Walk: 123
2020-01-27_23:51:10.886[Battery Energy]46.90
2020-01-27_23:51:11.363[Status]Routing 142: Walk: 123
2020-01-27_23:51:11.463[Battery Energy]46.49
2020-01-27_23:51:11.920[Status]Routing 143: Walk: 123
2020-01-27_23:51:12.020[Battery Energy]46.05
2020-01-27_23:51:12.412[Status]Routing 144: Walk: 123
2020-01-27_23:51:12.512[Battery Energy]45.58
2020-01-27_23:51:12.859[Status]Routing 145: Walk: 123
2020-01-27_23:51:12.960[Battery Energy]45.25
2020-01-27_23:51:13.407[Status]Routing 146: Walk: 123
2020-01-27_23:51:13.508[Battery Energy]44.85
2020-01-27_23:51:13.986[Status]Routing 147: Walk: 123
2020-01-27_23:51:14.087[Battery Energy]44.41
2020-01-27_23:51:14.602[Status]Routing 148: Walk: 123
2020-01-27_23:51:14.703[Battery Energy]44.00
2020-01-27_23:51:15.164[Status]Routing 149: Walk: 123
2020-01-27_23:51:15.277[Battery Energy]43.66
2020-01-27_23:51:15.713[Status]Routing 150: Walk: 123
2020-01-27_23:51:15.813[Battery Energy]43.31
2020-01-27_23:51:16.261[Status]Routing 151: Walk: 123
2020-01-27_23:51:16.362[Battery Energy]42.95
2020-01-27_23:51:16.718[Status]Routing 152: Walk: 123
2020-01-27_23:51:16.821[Battery Energy]42.60
2020-01-27_23:51:17.320[Status]Routing 153: Walk: 123
2020-01-27_23:51:17.421[Battery Energy]42.16
2020-01-27_23:51:17.772[Status]Routing 154: Walk: 123
2020-01-27_23:51:17.875[Battery Energy]41.79
2020-01-27_23:51:18.367[Status]Routing 155: Walk: 123
2020-01-27_23:51:18.467[Battery Energy]41.38
2020-01-27_23:51:18.801[Status]Routing 156: Walk: 123
2020-01-27_23:51:18.901[Battery Energy]41.03
2020-01-27_23:51:19.374[Status]Routing 157: Walk: 123
2020-01-27_23:51:19.474[Battery Energy]40.62
2020-01-27_23:51:19.923[Status]Routing 158: Walk: 123
2020-01-27_23:51:20.027[Battery Energy]40.22
2020-01-27_23:51:20.459[Status]Routing 159: Walk: 123
2020-01-27_23:51:20.559[Battery Energy]39.85
2020-01-27_23:51:21.009[Status]Routing 160: Walk: 123
2020-01-27_23:51:21.110[Battery Energy]39.48
2020-01-27_23:51:21.531[Status]Routing 161: Walk: 123
2020-01-27_23:51:21.631[Battery Energy]39.10
2020-01-27_23:51:22.107[Status]Routing 162: Walk: 123
2020-01-27_23:51:22.207[Battery Energy]38.64
2020-01-27_23:51:22.638[Status]Routing 163: Walk: 123
2020-01-27_23:51:22.739[Battery Energy]38.28
2020-01-27_23:51:23.151[Status]Routing 164: Walk: 123
2020-01-27_23:51:23.251[Battery Energy]37.88
2020-01-27_23:51:23.745[Status]Routing 165: Walk: 123
2020-01-27_23:51:23.846[Battery Energy]37.46
2020-01-27_23:51:24.342[Status]Routing 166: Walk: 123
2020-01-27_23:51:24.443[Battery Energy]36.99
2020-01-27_23:51:24.906[Status]Routing 167: Walk: 123
2020-01-27_23:51:25.007[Battery Energy]36.54
2020-01-27_23:51:25.481[Status]Routing 168: Walk: 123
2020-01-27_23:51:25.581[Battery Energy]36.07
2020-01-27_23:51:26.062[Status]Routing 169: Walk: 123
2020-01-27_23:51:26.163[Battery Energy]35.63
2020-01-27_23:51:26.684[Status]Routing 170: Walk: 123
2020-01-27_23:51:26.787[Battery Energy]35.15
2020-01-27_23:51:27.218[Status]Routing 171: Walk: 123
2020-01-27_23:51:27.319[Battery Energy]34.76
2020-01-27_23:51:27.741[Status]Routing 172: Walk: 123
2020-01-27_23:51:27.844[Battery Energy]34.39
