2020-01-27_16:12:15.562[Status]Start.
2020-01-27_16:12:15.562[Battery Energy]100.00
2020-01-27_16:12:16.663[Battery Energy]99.96
2020-01-27_16:12:17.764[Battery Energy]99.92
2020-01-27_16:12:18.865[Battery Energy]99.88
2020-01-27_16:12:19.966[Battery Energy]99.84
2020-01-27_16:12:21.067[Task]A New Task Released.
2020-01-27_16:12:21.067[Battery Energy]99.80
2020-01-27_16:12:21.067[Status]Selection Start.
2020-01-27_16:12:22.986[Status]Selection End: Do Task 1.
2020-01-27_16:12:23.102[Battery Energy]98.45
2020-01-27_16:12:23.103[Status]Formation Start.
2020-01-27_16:12:23.243[Status]number of tasks is 7
2020-01-27_16:12:23.246[Status]my group tasks is [ 1300.   700.]
2020-01-27_16:12:23.256[Status]my group tasks is [ 1262.34898019   778.18314825]
2020-01-27_16:12:23.260[Status]my group tasks is [ 1177.7479066    797.49279122]
2020-01-27_16:12:23.263[Status]my group tasks is [ 1109.90311321   743.38837391]
2020-01-27_16:12:23.267[Status]my group tasks is [ 1109.90311321   656.61162609]
2020-01-27_16:12:23.272[Status]my group tasks is [ 1177.7479066    602.50720878]
2020-01-27_16:12:23.277[Status]my group tasks is [ 1262.34898019   621.81685175]
2020-01-27_16:12:23.288[Status]b_list is {16.292113125710237: array([ 1177.7479066 ,   797.49279122]), 17.443596351935888: array([ 1109.90311321,   743.38837391]), 34.71267932450971: array([ 1109.90311321,   656.61162609]), 14.859877698695687: array([ 1262.34898019,   621.81685175]), 16.12101643702586: array([ 1177.7479066 ,   602.50720878]), 28.80861009560241: array([ 1300.,   700.]), 14.977537102229327: array([ 1262.34898019,   778.18314825])}
2020-01-27_16:12:23.290[Status]the length of b_list is 7
2020-01-27_16:12:23.299[Status]send_data is {'round': 1, 'id': 12, 'task_id': 1, 'utility': [[array([ 1177.7479066 ,   797.49279122]), array([ 1109.90311321,   743.38837391]), array([ 1109.90311321,   656.61162609]), array([ 1262.34898019,   621.81685175]), array([ 1177.7479066 ,   602.50720878]), array([ 1300.,   700.]), array([ 1262.34898019,   778.18314825])], [16.292113125710237, 17.443596351935888, 34.71267932450971, 14.859877698695687, 16.12101643702586, 28.80861009560241, 14.977537102229327]], 'stage': 'formation'}
