2020-01-23_22:18:11.858[Status]Start.
2020-01-23_22:18:11.858[Battery Energy]100.00
2020-01-23_22:18:12.960[Battery Energy]99.96
2020-01-23_22:18:14.061[Battery Energy]99.92
2020-01-23_22:18:15.162[Battery Energy]99.88
2020-01-23_22:18:16.264[Battery Energy]99.84
2020-01-23_22:18:17.364[Task]A New Task Released.
2020-01-23_22:18:17.364[Battery Energy]99.80
2020-01-23_22:18:17.364[Status]Selection Start.
2020-01-23_22:18:18.381[Status]Selection End: Do Task 2.
2020-01-23_22:18:18.490[Battery Energy]99.12
2020-01-23_22:18:18.500[Status]Formation Start.
2020-01-23_22:18:18.668[Status]number of tasks is 7
2020-01-23_22:18:18.680[Status]my group tasks is [ 1059.42353462   243.24495385]
2020-01-23_22:18:18.681[Status]my group tasks is [ 1011.93217925   205.37186174]
2020-01-23_22:18:18.701[Status]my group tasks is [ 1011.93217925   144.62813826]
2020-01-23_22:18:18.709[Status]my group tasks is [ 1059.42353462   106.75504615]
2020-01-23_22:18:18.711[Status]my group tasks is [ 1118.64428613   120.27179623]
2020-01-23_22:18:18.714[Status]my group tasks is [ 1145.   175.]
2020-01-23_22:18:18.715[Status]my group tasks is [ 1118.64428613   229.72820377]
2020-01-23_22:18:18.717[Status]b_list is [(38.82053338740311, array([ 1011.93217925,   144.62813826])), (34.863639127432926, array([ 1118.64428613,   120.27179623])), (33.99275725518828, array([ 1145.,   175.])), (0.0, array([ 1118.64428613,   229.72820377]))]
2020-01-23_22:18:18.718[Status]the length of b_list is 4
2020-01-23_22:18:18.718[Status]task destination is [ 1011.93217925   144.62813826]
2020-01-23_22:18:18.835[Battery Energy]98.99
2020-01-23_22:18:18.835[Status]Routing Start.
2020-01-23_22:18:19.018[Status]{'id': 20, 'coordinate': [75.996949030729326, 167.75299781984754]}
2020-01-23_22:18:19.018[Status]Routing 1: Walk: 1
2020-01-23_22:18:19.122[Battery Energy]98.74
2020-01-23_22:18:19.122[Status]Routing Start.
2020-01-23_22:18:19.260[Status]{'id': 20, 'coordinate': [85.993898061458651, 167.50599563969507]}
2020-01-23_22:18:19.260[Status]Routing 2: Walk: 2
2020-01-23_22:18:19.361[Battery Energy]98.53
2020-01-23_22:18:19.362[Status]Routing Start.
2020-01-23_22:18:19.515[Status]{'id': 20, 'coordinate': [95.990847092187977, 167.25899345954261]}
2020-01-23_22:18:19.515[Status]Routing 3: Walk: 3
2020-01-23_22:18:19.616[Battery Energy]98.33
2020-01-23_22:18:19.616[Status]Routing Start.
2020-01-23_22:18:19.827[Status]{'id': 20, 'coordinate': [105.9877961229173, 167.01199127939014]}
2020-01-23_22:18:19.827[Status]Routing 4: Walk: 4
2020-01-23_22:18:19.934[Battery Energy]98.09
2020-01-23_22:18:19.934[Status]Routing Start.
2020-01-23_22:18:20.069[Status]{'id': 20, 'coordinate': [115.98474515364663, 166.76498909923768]}
2020-01-23_22:18:20.074[Status]Routing 5: Walk: 5
2020-01-23_22:18:20.174[Battery Energy]97.89
2020-01-23_22:18:20.174[Status]Routing Start.
2020-01-23_22:18:20.335[Status]{'id': 20, 'coordinate': [125.98169418437595, 166.51798691908522]}
2020-01-23_22:18:20.335[Status]Routing 6: Walk: 6
2020-01-23_22:18:20.442[Battery Energy]97.67
2020-01-23_22:18:20.442[Status]Routing Start.
2020-01-23_22:18:20.733[Status]{'id': 20, 'coordinate': [135.97864321510528, 166.27098473893275]}
2020-01-23_22:18:20.734[Status]Routing 7: Walk: 7
2020-01-23_22:18:20.834[Battery Energy]97.36
2020-01-23_22:18:20.834[Status]Routing Start.
2020-01-23_22:18:20.982[Status]{'id': 20, 'coordinate': [145.9755922458346, 166.02398255878029]}
2020-01-23_22:18:20.985[Status]Routing 8: Walk: 8
2020-01-23_22:18:21.086[Battery Energy]97.18
2020-01-23_22:18:21.086[Status]Routing Start.
2020-01-23_22:18:21.592[Status]Routing 9: Walk: 8
2020-01-23_22:18:21.692[Battery Energy]96.73
2020-01-23_22:18:21.692[Status]Routing Start.
2020-01-23_22:18:21.981[Status]Routing 10: Walk: 8
2020-01-23_22:18:22.081[Battery Energy]96.44
2020-01-23_22:18:22.081[Status]Routing Start.
2020-01-23_22:18:22.443[Status]Routing 11: Walk: 8
2020-01-23_22:18:22.546[Battery Energy]96.13
2020-01-23_22:18:22.546[Status]Routing Start.
2020-01-23_22:18:22.891[Status]Routing 12: Walk: 8
2020-01-23_22:18:22.994[Battery Energy]95.81
2020-01-23_22:18:22.994[Status]Routing Start.
2020-01-23_22:18:23.325[Status]Routing 13: Walk: 8
2020-01-23_22:18:23.425[Battery Energy]95.50
2020-01-23_22:18:23.425[Status]Routing Start.
2020-01-23_22:18:23.768[Status]Routing 14: Walk: 8
2020-01-23_22:18:23.878[Battery Energy]95.23
2020-01-23_22:18:23.906[Status]Routing Start.
2020-01-23_22:18:24.221[Status]Routing 15: Walk: 8
2020-01-23_22:18:24.322[Battery Energy]94.93
2020-01-23_22:18:24.322[Status]Routing Start.
2020-01-23_22:18:24.453[Status]{'id': 20, 'coordinate': [155.97254127656393, 165.77698037862783]}
2020-01-23_22:18:24.453[Status]Routing 16: Walk: 9
2020-01-23_22:18:24.553[Battery Energy]94.73
2020-01-23_22:18:24.553[Status]Routing Start.
2020-01-23_22:18:24.871[Status]{'id': 20, 'coordinate': [165.96949030729326, 165.52997819847536]}
2020-01-23_22:18:24.875[Status]Routing 17: Walk: 10
2020-01-23_22:18:24.986[Battery Energy]94.44
2020-01-23_22:18:24.986[Status]Routing Start.
2020-01-23_22:18:25.312[Status]{'id': 20, 'coordinate': [175.96643933802258, 165.2829760183229]}
2020-01-23_22:18:25.312[Status]Routing 18: Walk: 11
2020-01-23_22:18:25.418[Battery Energy]94.13
2020-01-23_22:18:25.418[Status]Routing Start.
2020-01-23_22:18:25.541[Status]{'id': 20, 'coordinate': [185.96338836875191, 165.03597383817043]}
2020-01-23_22:18:25.541[Status]Routing 19: Walk: 12
2020-01-23_22:18:25.642[Battery Energy]93.94
2020-01-23_22:18:25.642[Status]Routing Start.
2020-01-23_22:18:25.924[Status]{'id': 20, 'coordinate': [195.96033739948123, 164.78897165801797]}
2020-01-23_22:18:25.926[Status]Routing 20: Walk: 13
2020-01-23_22:18:26.030[Battery Energy]93.68
2020-01-23_22:18:26.030[Status]Routing Start.
2020-01-23_22:18:26.165[Status]{'id': 20, 'coordinate': [205.95728643021056, 164.54196947786551]}
2020-01-23_22:18:26.166[Status]Routing 21: Walk: 14
2020-01-23_22:18:26.270[Battery Energy]93.46
2020-01-23_22:18:26.270[Status]Routing Start.
2020-01-23_22:18:26.549[Status]{'id': 20, 'coordinate': [215.95423546093988, 164.29496729771304]}
2020-01-23_22:18:26.551[Status]Routing 22: Walk: 15
2020-01-23_22:18:26.652[Battery Energy]93.15
2020-01-23_22:18:26.652[Status]Routing Start.
2020-01-23_22:18:26.912[Status]{'id': 20, 'coordinate': [225.95118449166921, 164.04796511756058]}
2020-01-23_22:18:26.912[Status]Routing 23: Walk: 16
2020-01-23_22:18:27.026[Battery Energy]92.83
2020-01-23_22:18:27.026[Status]Routing Start.
2020-01-23_22:18:27.317[Status]{'id': 20, 'coordinate': [235.94813352239854, 163.80096293740812]}
2020-01-23_22:18:27.317[Status]Routing 24: Walk: 17
2020-01-23_22:18:27.418[Battery Energy]92.52
2020-01-23_22:18:27.418[Status]Routing Start.
2020-01-23_22:18:27.769[Status]{'id': 20, 'coordinate': [245.94508255312786, 163.55396075725565]}
2020-01-23_22:18:27.769[Status]Routing 25: Walk: 18
2020-01-23_22:18:27.870[Battery Energy]92.16
2020-01-23_22:18:27.870[Status]Routing Start.
2020-01-23_22:18:28.184[Status]{'id': 20, 'coordinate': [255.94203158385719, 163.30695857710319]}
2020-01-23_22:18:28.184[Status]Routing 26: Walk: 19
2020-01-23_22:18:28.284[Battery Energy]91.84
2020-01-23_22:18:28.284[Status]Routing Start.
2020-01-23_22:18:28.648[Status]{'id': 20, 'coordinate': [265.93898061458651, 163.05995639695072]}
2020-01-23_22:18:28.661[Status]Routing 27: Walk: 20
2020-01-23_22:18:28.762[Battery Energy]91.49
2020-01-23_22:18:28.762[Status]Routing Start.
2020-01-23_22:18:29.039[Status]{'id': 20, 'coordinate': [275.93592964531581, 162.81295421679826]}
2020-01-23_22:18:29.041[Status]Routing 28: Walk: 21
2020-01-23_22:18:29.141[Battery Energy]91.20
2020-01-23_22:18:29.141[Status]Routing Start.
2020-01-23_22:18:29.446[Status]{'id': 20, 'coordinate': [285.93287867604511, 162.5659520366458]}
2020-01-23_22:18:29.446[Status]Routing 29: Walk: 22
2020-01-23_22:18:29.554[Battery Energy]90.88
2020-01-23_22:18:29.554[Status]Routing Start.
2020-01-23_22:18:29.813[Status]{'id': 20, 'coordinate': [295.9298277067744, 162.31894985649333]}
2020-01-23_22:18:29.813[Status]Routing 30: Walk: 23
2020-01-23_22:18:29.915[Battery Energy]90.59
2020-01-23_22:18:29.917[Status]Routing Start.
2020-01-23_22:18:30.120[Status]{'id': 20, 'coordinate': [305.9267767375037, 162.07194767634087]}
2020-01-23_22:18:30.120[Status]Routing 31: Walk: 24
2020-01-23_22:18:30.230[Battery Energy]90.36
2020-01-23_22:18:30.230[Status]Routing Start.
2020-01-23_22:18:30.619[Status]{'id': 20, 'coordinate': [315.923725768233, 161.82494549618841]}
2020-01-23_22:18:30.619[Status]Routing 32: Walk: 25
2020-01-23_22:18:30.726[Battery Energy]89.98
2020-01-23_22:18:30.726[Status]Routing Start.
2020-01-23_22:18:31.060[Status]{'id': 20, 'coordinate': [325.9206747989623, 161.57794331603594]}
2020-01-23_22:18:31.060[Status]Routing 33: Walk: 26
2020-01-23_22:18:31.170[Battery Energy]89.67
2020-01-23_22:18:31.171[Status]Routing Start.
2020-01-23_22:18:31.472[Status]{'id': 20, 'coordinate': [335.91762382969159, 161.33094113588348]}
2020-01-23_22:18:31.472[Status]Routing 34: Walk: 27
2020-01-23_22:18:31.573[Battery Energy]89.36
2020-01-23_22:18:31.573[Status]Routing Start.
2020-01-23_22:18:32.002[Status]{'id': 20, 'coordinate': [345.91457286042089, 161.08393895573104]}
2020-01-23_22:18:32.002[Status]Routing 35: Walk: 28
2020-01-23_22:18:32.103[Battery Energy]88.97
2020-01-23_22:18:32.103[Status]Routing Start.
2020-01-23_22:18:32.562[Status]{'id': 20, 'coordinate': [355.91152189115019, 160.83693677557858]}
2020-01-23_22:18:32.564[Status]Routing 36: Walk: 29
2020-01-23_22:18:32.666[Battery Energy]88.58
2020-01-23_22:18:32.666[Status]Routing Start.
2020-01-23_22:18:32.949[Status]{'id': 20, 'coordinate': [365.90847092187948, 160.58993459542614]}
2020-01-23_22:18:32.949[Status]Routing 37: Walk: 30
2020-01-23_22:18:33.049[Battery Energy]88.29
2020-01-23_22:18:33.049[Status]Routing Start.
2020-01-23_22:18:33.380[Status]{'id': 20, 'coordinate': [375.90541995260878, 160.34293241527368]}
2020-01-23_22:18:33.380[Status]Routing 38: Walk: 31
2020-01-23_22:18:33.481[Battery Energy]87.98
2020-01-23_22:18:33.481[Status]Routing Start.
2020-01-23_22:18:33.832[Status]{'id': 20, 'coordinate': [385.90236898333808, 160.09593023512124]}
2020-01-23_22:18:33.833[Status]Routing 39: Walk: 32
2020-01-23_22:18:33.950[Battery Energy]87.62
2020-01-23_22:18:33.950[Status]Routing Start.
2020-01-23_22:18:34.227[Status]{'id': 20, 'coordinate': [395.89931801406738, 159.84892805496878]}
2020-01-23_22:18:34.227[Status]Routing 40: Walk: 33
2020-01-23_22:18:34.334[Battery Energy]87.28
2020-01-23_22:18:34.334[Status]Routing Start.
2020-01-23_22:18:34.786[Status]{'id': 20, 'coordinate': [405.89626704479667, 159.60192587481635]}
2020-01-23_22:18:34.786[Status]Routing 41: Walk: 34
2020-01-23_22:18:34.887[Battery Energy]86.87
2020-01-23_22:18:34.887[Status]Routing Start.
2020-01-23_22:18:35.396[Status]{'id': 20, 'coordinate': [415.89321607552597, 159.35492369466388]}
2020-01-23_22:18:35.396[Status]Routing 42: Walk: 35
2020-01-23_22:18:35.507[Battery Energy]86.46
2020-01-23_22:18:35.507[Status]Routing Start.
2020-01-23_22:18:35.860[Status]{'id': 20, 'coordinate': [425.89016510625527, 159.10792151451145]}
2020-01-23_22:18:35.861[Status]Routing 43: Walk: 36
2020-01-23_22:18:35.966[Battery Energy]86.13
2020-01-23_22:18:35.966[Status]Routing Start.
2020-01-23_22:18:36.407[Status]{'id': 20, 'coordinate': [435.88711413698456, 158.86091933435898]}
2020-01-23_22:18:36.409[Status]Routing 44: Walk: 37
2020-01-23_22:18:36.513[Battery Energy]85.74
2020-01-23_22:18:36.513[Status]Routing Start.
2020-01-23_22:18:36.966[Status]{'id': 20, 'coordinate': [445.88406316771386, 158.61391715420655]}
2020-01-23_22:18:36.967[Status]Routing 45: Walk: 38
2020-01-23_22:18:37.082[Battery Energy]85.32
2020-01-23_22:18:37.082[Status]Routing Start.
2020-01-23_22:18:37.385[Status]{'id': 20, 'coordinate': [455.88101219844316, 158.36691497405408]}
2020-01-23_22:18:37.386[Status]Routing 46: Walk: 39
2020-01-23_22:18:37.498[Battery Energy]85.03
2020-01-23_22:18:37.498[Status]Routing Start.
2020-01-23_22:18:37.909[Status]{'id': 20, 'coordinate': [465.87796122917246, 158.11991279390165]}
2020-01-23_22:18:37.909[Status]Routing 47: Walk: 40
2020-01-23_22:18:38.010[Battery Energy]84.67
2020-01-23_22:18:38.010[Status]Routing Start.
2020-01-23_22:18:38.510[Status]{'id': 20, 'coordinate': [475.87491025990175, 157.87291061374918]}
2020-01-23_22:18:38.510[Status]Routing 48: Walk: 41
2020-01-23_22:18:38.610[Battery Energy]84.31
2020-01-23_22:18:38.610[Status]Routing Start.
2020-01-23_22:18:38.937[Status]{'id': 20, 'coordinate': [485.87185929063105, 157.62590843359675]}
2020-01-23_22:18:38.937[Status]Routing 49: Walk: 42
2020-01-23_22:18:39.050[Battery Energy]84.01
2020-01-23_22:18:39.050[Status]Routing Start.
2020-01-23_22:18:39.419[Status]{'id': 20, 'coordinate': [495.86880832136035, 157.37890625344428]}
2020-01-23_22:18:39.419[Status]Routing 50: Walk: 43
2020-01-23_22:18:39.550[Battery Energy]83.65
2020-01-23_22:18:39.551[Status]Routing Start.
2020-01-23_22:18:39.828[Status]{'id': 20, 'coordinate': [505.86575735208964, 157.13190407329185]}
2020-01-23_22:18:39.828[Status]Routing 51: Walk: 44
2020-01-23_22:18:39.930[Battery Energy]83.34
2020-01-23_22:18:39.930[Status]Routing Start.
2020-01-23_22:18:40.222[Status]{'id': 20, 'coordinate': [515.86270638281894, 156.88490189313939]}
2020-01-23_22:18:40.222[Status]Routing 52: Walk: 45
2020-01-23_22:18:40.323[Battery Energy]83.05
2020-01-23_22:18:40.323[Status]Routing Start.
2020-01-23_22:18:40.783[Status]{'id': 20, 'coordinate': [525.85965541354824, 156.63789971298695]}
2020-01-23_22:18:40.783[Status]Routing 53: Walk: 46
2020-01-23_22:18:40.885[Battery Energy]82.61
2020-01-23_22:18:40.885[Status]Routing Start.
2020-01-23_22:18:41.323[Status]{'id': 20, 'coordinate': [535.85660444427754, 156.39089753283452]}
2020-01-23_22:18:41.323[Status]Routing 54: Walk: 47
2020-01-23_22:18:41.426[Battery Energy]82.21
2020-01-23_22:18:41.426[Status]Routing Start.
2020-01-23_22:18:41.806[Status]{'id': 20, 'coordinate': [545.85355347500683, 156.14389535268205]}
2020-01-23_22:18:41.806[Status]Routing 55: Walk: 48
2020-01-23_22:18:41.906[Battery Energy]81.82
2020-01-23_22:18:41.906[Status]Routing Start.
2020-01-23_22:18:42.224[Status]{'id': 20, 'coordinate': [555.85050250573613, 155.89689317252962]}
2020-01-23_22:18:42.224[Status]Routing 56: Walk: 49
2020-01-23_22:18:42.334[Battery Energy]81.49
2020-01-23_22:18:42.334[Status]Routing Start.
2020-01-23_22:18:42.666[Status]{'id': 20, 'coordinate': [565.84745153646543, 155.64989099237715]}
2020-01-23_22:18:42.667[Status]Routing 57: Walk: 50
2020-01-23_22:18:42.774[Battery Energy]81.21
2020-01-23_22:18:42.774[Status]Routing Start.
2020-01-23_22:18:43.144[Status]{'id': 20, 'coordinate': [575.84440056719473, 155.40288881222472]}
2020-01-23_22:18:43.144[Status]Routing 58: Walk: 51
2020-01-23_22:18:43.244[Battery Energy]80.89
2020-01-23_22:18:43.245[Status]Routing Start.
2020-01-23_22:18:43.678[Status]{'id': 20, 'coordinate': [585.84134959792402, 155.15588663207225]}
2020-01-23_22:18:43.678[Status]Routing 59: Walk: 52
2020-01-23_22:18:43.790[Battery Energy]80.50
2020-01-23_22:18:43.790[Status]Routing Start.
2020-01-23_22:18:44.095[Status]{'id': 20, 'coordinate': [595.83829862865332, 154.90888445191982]}
2020-01-23_22:18:44.095[Status]Routing 60: Walk: 53
2020-01-23_22:18:44.195[Battery Energy]80.16
2020-01-23_22:18:44.195[Status]Routing Start.
2020-01-23_22:18:44.651[Status]{'id': 20, 'coordinate': [605.83524765938262, 154.66188227176735]}
2020-01-23_22:18:44.651[Status]Routing 61: Walk: 54
2020-01-23_22:18:44.762[Battery Energy]79.74
2020-01-23_22:18:44.762[Status]Routing Start.
2020-01-23_22:18:45.195[Status]{'id': 20, 'coordinate': [615.83219669011191, 154.41488009161492]}
2020-01-23_22:18:45.195[Status]Routing 62: Walk: 55
2020-01-23_22:18:45.302[Battery Energy]79.33
2020-01-23_22:18:45.302[Status]Routing Start.
2020-01-23_22:18:45.779[Status]{'id': 20, 'coordinate': [625.82914572084121, 154.16787791146245]}
2020-01-23_22:18:45.779[Status]Routing 63: Walk: 56
2020-01-23_22:18:45.886[Battery Energy]78.93
2020-01-23_22:18:45.886[Status]Routing Start.
2020-01-23_22:18:46.349[Status]{'id': 20, 'coordinate': [635.82609475157051, 153.92087573131002]}
2020-01-23_22:18:46.349[Status]Routing 64: Walk: 57
2020-01-23_22:18:46.450[Battery Energy]78.50
2020-01-23_22:18:46.450[Status]Routing Start.
2020-01-23_22:18:46.885[Status]{'id': 20, 'coordinate': [645.82304378229981, 153.67387355115756]}
2020-01-23_22:18:46.886[Status]Routing 65: Walk: 58
2020-01-23_22:18:46.987[Battery Energy]78.04
2020-01-23_22:18:46.987[Status]Routing Start.
2020-01-23_22:18:47.374[Status]{'id': 20, 'coordinate': [655.8199928130291, 153.42687137100512]}
2020-01-23_22:18:47.374[Status]Routing 66: Walk: 59
2020-01-23_22:18:47.474[Battery Energy]77.67
2020-01-23_22:18:47.475[Status]Routing Start.
2020-01-23_22:18:47.918[Status]{'id': 20, 'coordinate': [665.8169418437584, 153.17986919085266]}
2020-01-23_22:18:47.918[Status]Routing 67: Walk: 60
2020-01-23_22:18:48.022[Battery Energy]77.27
2020-01-23_22:18:48.022[Status]Routing Start.
2020-01-23_22:18:48.332[Status]{'id': 20, 'coordinate': [675.8138908744877, 152.93286701070022]}
2020-01-23_22:18:48.332[Status]Routing 68: Walk: 61
2020-01-23_22:18:48.432[Battery Energy]76.93
2020-01-23_22:18:48.432[Status]Routing Start.
2020-01-23_22:18:49.103[Status]{'id': 20, 'coordinate': [685.81083990521699, 152.68586483054776]}
2020-01-23_22:18:49.108[Status]Routing 69: Walk: 62
2020-01-23_22:18:49.211[Battery Energy]76.41
2020-01-23_22:18:49.211[Status]Routing Start.
2020-01-23_22:18:49.613[Status]{'id': 20, 'coordinate': [695.80778893594629, 152.43886265039532]}
2020-01-23_22:18:49.618[Status]Routing 70: Walk: 63
2020-01-23_22:18:49.725[Battery Energy]76.02
2020-01-23_22:18:49.726[Status]Routing Start.
2020-01-23_22:18:50.156[Status]{'id': 20, 'coordinate': [705.80473796667559, 152.19186047024286]}
2020-01-23_22:18:50.157[Status]Routing 71: Walk: 64
2020-01-23_22:18:50.257[Battery Energy]75.66
2020-01-23_22:18:50.257[Status]Routing Start.
2020-01-23_22:18:50.711[Status]{'id': 20, 'coordinate': [715.80168699740489, 151.94485829009042]}
2020-01-23_22:18:50.711[Status]Routing 72: Walk: 65
2020-01-23_22:18:50.822[Battery Energy]75.25
2020-01-23_22:18:50.822[Status]Routing Start.
2020-01-23_22:18:51.134[Status]{'id': 20, 'coordinate': [725.79863602813418, 151.69785610993796]}
2020-01-23_22:18:51.134[Status]Routing 73: Walk: 66
2020-01-23_22:18:51.238[Battery Energy]74.97
2020-01-23_22:18:51.238[Status]Routing Start.
2020-01-23_22:18:51.647[Status]{'id': 20, 'coordinate': [735.79558505886348, 151.45085392978552]}
2020-01-23_22:18:51.647[Status]Routing 74: Walk: 67
2020-01-23_22:18:51.747[Battery Energy]74.61
2020-01-23_22:18:51.747[Status]Routing Start.
2020-01-23_22:18:52.084[Status]{'id': 20, 'coordinate': [745.79253408959278, 151.20385174963309]}
2020-01-23_22:18:52.086[Status]Routing 75: Walk: 68
2020-01-23_22:18:52.187[Battery Energy]74.30
2020-01-23_22:18:52.187[Status]Routing Start.
2020-01-23_22:18:52.492[Status]{'id': 20, 'coordinate': [755.78948312032207, 150.95684956948062]}
2020-01-23_22:18:52.492[Status]Routing 76: Walk: 69
2020-01-23_22:18:52.598[Battery Energy]74.00
2020-01-23_22:18:52.598[Status]Routing Start.
2020-01-23_22:18:52.891[Status]{'id': 20, 'coordinate': [765.78643215105137, 150.70984738932816]}
2020-01-23_22:18:52.891[Status]Routing 77: Walk: 70
2020-01-23_22:18:52.994[Battery Energy]73.70
2020-01-23_22:18:52.994[Status]Routing Start.
2020-01-23_22:18:53.311[Status]{'id': 20, 'coordinate': [775.78338118178067, 150.46284520917573]}
2020-01-23_22:18:53.311[Status]Routing 78: Walk: 71
2020-01-23_22:18:53.412[Battery Energy]73.38
2020-01-23_22:18:53.412[Status]Routing Start.
2020-01-23_22:18:53.863[Status]{'id': 20, 'coordinate': [785.78033021250997, 150.21584302902329]}
2020-01-23_22:18:53.863[Status]Routing 79: Walk: 72
2020-01-23_22:18:53.974[Battery Energy]72.99
2020-01-23_22:18:53.974[Status]Routing Start.
2020-01-23_22:18:54.420[Status]{'id': 20, 'coordinate': [795.77727924323926, 149.96884084887083]}
2020-01-23_22:18:54.420[Status]Routing 80: Walk: 73
2020-01-23_22:18:54.522[Battery Energy]72.57
2020-01-23_22:18:54.522[Status]Routing Start.
2020-01-23_22:18:54.932[Status]{'id': 20, 'coordinate': [805.77422827396856, 149.72183866871839]}
2020-01-23_22:18:54.932[Status]Routing 81: Walk: 74
2020-01-23_22:18:55.034[Battery Energy]72.18
2020-01-23_22:18:55.034[Status]Routing Start.
2020-01-23_22:18:55.498[Status]{'id': 20, 'coordinate': [815.77117730469786, 149.47483648856593]}
2020-01-23_22:18:55.500[Status]Routing 82: Walk: 75
2020-01-23_22:18:55.611[Battery Energy]71.75
2020-01-23_22:18:55.611[Status]Routing Start.
2020-01-23_22:18:56.052[Status]{'id': 20, 'coordinate': [825.76812633542716, 149.22783430841349]}
2020-01-23_22:18:56.052[Status]Routing 83: Walk: 76
2020-01-23_22:18:56.155[Battery Energy]71.37
2020-01-23_22:18:56.155[Status]Routing Start.
2020-01-23_22:18:56.607[Status]{'id': 20, 'coordinate': [835.76507536615645, 148.98083212826103]}
2020-01-23_22:18:56.607[Status]Routing 84: Walk: 77
2020-01-23_22:18:56.710[Battery Energy]70.91
2020-01-23_22:18:56.710[Status]Routing Start.
2020-01-23_22:18:57.008[Status]{'id': 20, 'coordinate': [845.76202439688575, 148.73382994810859]}
2020-01-23_22:18:57.008[Status]Routing 85: Walk: 78
2020-01-23_22:18:57.126[Battery Energy]70.57
2020-01-23_22:18:57.126[Status]Routing Start.
2020-01-23_22:18:57.508[Status]{'id': 20, 'coordinate': [855.75897342761505, 148.48682776795613]}
2020-01-23_22:18:57.508[Status]Routing 86: Walk: 79
2020-01-23_22:18:57.623[Battery Energy]70.26
2020-01-23_22:18:57.624[Status]Routing Start.
2020-01-23_22:18:58.147[Status]{'id': 20, 'coordinate': [865.75592245834434, 148.23982558780369]}
2020-01-23_22:18:58.147[Status]Routing 87: Walk: 80
2020-01-23_22:18:58.247[Battery Energy]69.88
2020-01-23_22:18:58.247[Status]Routing Start.
2020-01-23_22:18:58.685[Status]{'id': 20, 'coordinate': [875.75287148907364, 147.99282340765123]}
2020-01-23_22:18:58.685[Status]Routing 88: Walk: 81
2020-01-23_22:18:58.786[Battery Energy]69.51
2020-01-23_22:18:58.786[Status]Routing Start.
2020-01-23_22:18:59.156[Status]{'id': 20, 'coordinate': [885.74982051980294, 147.74582122749879]}
2020-01-23_22:18:59.156[Status]Routing 89: Walk: 82
2020-01-23_22:18:59.258[Battery Energy]69.12
2020-01-23_22:18:59.258[Status]Routing Start.
2020-01-23_22:18:59.750[Status]{'id': 20, 'coordinate': [895.74676955053224, 147.49881904734633]}
2020-01-23_22:18:59.754[Status]Routing 90: Walk: 83
2020-01-23_22:18:59.858[Battery Energy]68.72
2020-01-23_22:18:59.858[Status]Routing Start.
2020-01-23_22:19:00.325[Status]{'id': 20, 'coordinate': [905.74371858126153, 147.2518168671939]}
2020-01-23_22:19:00.325[Status]Routing 91: Walk: 84
2020-01-23_22:19:00.425[Battery Energy]68.31
2020-01-23_22:19:00.426[Status]Routing Start.
2020-01-23_22:19:00.972[Status]{'id': 20, 'coordinate': [915.74066761199083, 147.00481468704143]}
2020-01-23_22:19:00.972[Status]Routing 92: Walk: 85
2020-01-23_22:19:01.082[Battery Energy]67.87
2020-01-23_22:19:01.082[Status]Routing Start.
2020-01-23_22:19:01.511[Status]{'id': 20, 'coordinate': [925.73761664272013, 146.757812506889]}
2020-01-23_22:19:01.511[Status]Routing 93: Walk: 86
2020-01-23_22:19:01.621[Battery Energy]67.53
2020-01-23_22:19:01.621[Status]Routing Start.
2020-01-23_22:19:02.037[Status]{'id': 20, 'coordinate': [935.73456567344942, 146.51081032673653]}
2020-01-23_22:19:02.037[Status]Routing 94: Walk: 87
2020-01-23_22:19:02.154[Battery Energy]67.14
2020-01-23_22:19:02.155[Status]Routing Start.
2020-01-23_22:19:02.464[Status]{'id': 20, 'coordinate': [945.73151470417872, 146.2638081465841]}
2020-01-23_22:19:02.464[Status]Routing 95: Walk: 88
2020-01-23_22:19:02.566[Battery Energy]66.84
2020-01-23_22:19:02.566[Status]Routing Start.
2020-01-23_22:19:03.064[Status]{'id': 20, 'coordinate': [955.72846373490802, 146.01680596643163]}
2020-01-23_22:19:03.066[Status]Routing 96: Walk: 89
2020-01-23_22:19:03.170[Battery Energy]66.44
2020-01-23_22:19:03.170[Status]Routing Start.
2020-01-23_22:19:03.656[Status]{'id': 20, 'coordinate': [965.72541276563732, 145.7698037862792]}
2020-01-23_22:19:03.658[Status]Routing 97: Walk: 90
2020-01-23_22:19:03.766[Battery Energy]66.02
2020-01-23_22:19:03.767[Status]Routing Start.
2020-01-23_22:19:04.299[Status]{'id': 20, 'coordinate': [975.72236179636661, 145.52280160612673]}
2020-01-23_22:19:04.299[Status]Routing 98: Walk: 91
2020-01-23_22:19:04.399[Battery Energy]65.56
2020-01-23_22:19:04.399[Status]Routing Start.
2020-01-23_22:19:04.819[Status]{'id': 20, 'coordinate': [985.71931082709591, 145.2757994259743]}
2020-01-23_22:19:04.819[Status]Routing 99: Walk: 92
2020-01-23_22:19:04.919[Battery Energy]65.16
2020-01-23_22:19:04.919[Status]Routing Start.
2020-01-23_22:19:05.259[Status]{'id': 20, 'coordinate': [995.71625985782521, 145.02879724582186]}
2020-01-23_22:19:05.259[Status]Routing 100: Walk: 93
2020-01-23_22:19:05.366[Battery Energy]64.84
2020-01-23_22:19:05.366[Status]Routing Start.
2020-01-23_22:19:05.816[Status]{'id': 20, 'coordinate': [1005.7132088885545, 144.7817950656694]}
2020-01-23_22:19:05.816[Status]Routing 101: Walk: 94
2020-01-23_22:19:05.917[Battery Energy]64.49
2020-01-23_22:19:05.917[Status]Routing Start.
2020-01-23_22:19:05.917[Status]Task Finished.
2020-01-23_22:19:06.018[Battery Energy]64.49
2020-01-23_22:19:06.256[Status]Routing 103: Walk: 94
2020-01-23_22:19:06.357[Battery Energy]64.33
2020-01-23_22:19:06.904[Status]Routing 104: Walk: 94
2020-01-23_22:19:07.008[Battery Energy]64.04
2020-01-23_22:19:07.370[Status]Routing 105: Walk: 94
2020-01-23_22:19:07.470[Battery Energy]63.81
