2020-01-27_23:49:57.540[Status]Start.
2020-01-27_23:49:57.540[Battery Energy]100.00
2020-01-27_23:49:58.648[Battery Energy]99.96
2020-01-27_23:49:59.750[Battery Energy]99.92
2020-01-27_23:50:00.851[Battery Energy]99.88
2020-01-27_23:50:01.952[Battery Energy]99.84
2020-01-27_23:50:03.053[Task]A New Task Released.
2020-01-27_23:50:03.053[Battery Energy]99.80
2020-01-27_23:50:03.053[Status]Selection Start.
2020-01-27_23:50:03.993[Status]Selection End: Do Task 2.
2020-01-27_23:50:04.098[Battery Energy]99.26
2020-01-27_23:50:04.098[Status]Formation Start.
2020-01-27_23:50:04.256[Status]number of tasks is 7
2020-01-27_23:50:04.260[Status]my group tasks is [ 1059.42353462   243.24495385]
2020-01-27_23:50:04.261[Status]my group tasks is [ 1011.93217925   205.37186174]
2020-01-27_23:50:04.261[Status]my group tasks is [ 1011.93217925   144.62813826]
2020-01-27_23:50:04.263[Status]my group tasks is [ 1059.42353462   106.75504615]
2020-01-27_23:50:04.264[Status]my group tasks is [ 1118.64428613   120.27179623]
2020-01-27_23:50:04.265[Status]my group tasks is [ 1145.   175.]
2020-01-27_23:50:04.265[Status]my group tasks is [ 1118.64428613   229.72820377]
2020-01-27_23:50:04.271[Status]task destination is [ 1011.93217925   144.62813826]
2020-01-27_23:50:04.383[Battery Energy]99.10
2020-01-27_23:50:04.383[Status]Routing Start.
2020-01-27_23:50:04.632[Status]{'id': 20, 'coordinate': [75.996949030729326, 167.75299781984754]}
2020-01-27_23:50:04.634[Status]Routing 1: Walk: 1
2020-01-27_23:50:04.738[Battery Energy]98.79
2020-01-27_23:50:04.739[Status]Routing Start.
2020-01-27_23:50:04.867[Status]{'id': 20, 'coordinate': [85.993898061458651, 167.50599563969507]}
2020-01-27_23:50:04.867[Status]Routing 2: Walk: 2
2020-01-27_23:50:04.967[Battery Energy]98.58
2020-01-27_23:50:04.967[Status]Routing Start.
2020-01-27_23:50:05.109[Status]{'id': 20, 'coordinate': [95.990847092187977, 167.25899345954261]}
2020-01-27_23:50:05.109[Status]Routing 3: Walk: 3
2020-01-27_23:50:05.209[Battery Energy]98.36
2020-01-27_23:50:05.209[Status]Routing Start.
2020-01-27_23:50:05.371[Status]{'id': 20, 'coordinate': [105.9877961229173, 167.01199127939014]}
2020-01-27_23:50:05.371[Status]Routing 4: Walk: 4
2020-01-27_23:50:05.483[Battery Energy]98.13
2020-01-27_23:50:05.483[Status]Routing Start.
2020-01-27_23:50:05.625[Status]{'id': 20, 'coordinate': [115.98474515364663, 166.76498909923768]}
2020-01-27_23:50:05.625[Status]Routing 5: Walk: 5
2020-01-27_23:50:05.731[Battery Energy]97.94
2020-01-27_23:50:05.731[Status]Routing Start.
2020-01-27_23:50:05.870[Status]{'id': 20, 'coordinate': [125.98169418437595, 166.51798691908522]}
2020-01-27_23:50:05.871[Status]Routing 6: Walk: 6
2020-01-27_23:50:05.982[Battery Energy]97.74
2020-01-27_23:50:05.983[Status]Routing Start.
2020-01-27_23:50:06.283[Status]{'id': 20, 'coordinate': [135.97864321510528, 166.27098473893275]}
2020-01-27_23:50:06.283[Status]Routing 7: Walk: 7
2020-01-27_23:50:06.395[Battery Energy]97.45
2020-01-27_23:50:06.395[Status]Routing Start.
2020-01-27_23:50:06.513[Status]{'id': 20, 'coordinate': [145.9755922458346, 166.02398255878029]}
2020-01-27_23:50:06.515[Status]Routing 8: Walk: 8
2020-01-27_23:50:06.618[Battery Energy]97.25
2020-01-27_23:50:06.619[Status]Routing Start.
2020-01-27_23:50:07.079[Status]Routing 9: Walk: 8
2020-01-27_23:50:07.179[Battery Energy]96.85
2020-01-27_23:50:07.179[Status]Routing Start.
2020-01-27_23:50:07.471[Status]Routing 10: Walk: 8
2020-01-27_23:50:07.575[Battery Energy]96.55
2020-01-27_23:50:07.575[Status]Routing Start.
2020-01-27_23:50:07.935[Status]Routing 11: Walk: 8
2020-01-27_23:50:08.037[Battery Energy]96.23
2020-01-27_23:50:08.037[Status]Routing Start.
2020-01-27_23:50:08.387[Status]Routing 12: Walk: 8
2020-01-27_23:50:08.488[Battery Energy]95.93
2020-01-27_23:50:08.488[Status]Routing Start.
2020-01-27_23:50:08.803[Status]Routing 13: Walk: 8
2020-01-27_23:50:08.904[Battery Energy]95.63
2020-01-27_23:50:08.904[Status]Routing Start.
2020-01-27_23:50:09.209[Status]Routing 14: Walk: 8
2020-01-27_23:50:09.313[Battery Energy]95.33
2020-01-27_23:50:09.313[Status]Routing Start.
2020-01-27_23:50:09.589[Status]Routing 15: Walk: 8
2020-01-27_23:50:09.693[Battery Energy]95.06
2020-01-27_23:50:09.693[Status]Routing Start.
2020-01-27_23:50:09.868[Status]{'id': 20, 'coordinate': [155.97254127656393, 165.77698037862783]}
2020-01-27_23:50:09.868[Status]Routing 16: Walk: 9
2020-01-27_23:50:09.970[Battery Energy]94.83
2020-01-27_23:50:09.970[Status]Routing Start.
2020-01-27_23:50:10.272[Status]{'id': 20, 'coordinate': [165.96949030729326, 165.52997819847536]}
2020-01-27_23:50:10.273[Status]Routing 17: Walk: 10
2020-01-27_23:50:10.374[Battery Energy]94.53
2020-01-27_23:50:10.374[Status]Routing Start.
2020-01-27_23:50:10.692[Status]{'id': 20, 'coordinate': [175.96643933802258, 165.2829760183229]}
2020-01-27_23:50:10.696[Status]Routing 18: Walk: 11
2020-01-27_23:50:10.799[Battery Energy]94.21
2020-01-27_23:50:10.799[Status]Routing Start.
2020-01-27_23:50:10.970[Status]{'id': 20, 'coordinate': [185.96338836875191, 165.03597383817043]}
2020-01-27_23:50:10.970[Status]Routing 19: Walk: 12
2020-01-27_23:50:11.075[Battery Energy]94.01
2020-01-27_23:50:11.075[Status]Routing Start.
2020-01-27_23:50:11.354[Status]{'id': 20, 'coordinate': [195.96033739948123, 164.78897165801797]}
2020-01-27_23:50:11.355[Status]Routing 20: Walk: 13
2020-01-27_23:50:11.455[Battery Energy]93.70
2020-01-27_23:50:11.456[Status]Routing Start.
2020-01-27_23:50:11.663[Status]{'id': 20, 'coordinate': [205.95728643021056, 164.54196947786551]}
2020-01-27_23:50:11.667[Status]Routing 21: Walk: 14
2020-01-27_23:50:11.768[Battery Energy]93.46
2020-01-27_23:50:11.768[Status]Routing Start.
2020-01-27_23:50:12.091[Status]{'id': 20, 'coordinate': [215.95423546093988, 164.29496729771304]}
2020-01-27_23:50:12.092[Status]Routing 22: Walk: 15
2020-01-27_23:50:12.203[Battery Energy]93.15
2020-01-27_23:50:12.203[Status]Routing Start.
2020-01-27_23:50:12.513[Status]{'id': 20, 'coordinate': [225.95118449166921, 164.04796511756058]}
2020-01-27_23:50:12.513[Status]Routing 23: Walk: 16
2020-01-27_23:50:12.619[Battery Energy]92.82
2020-01-27_23:50:12.619[Status]Routing Start.
2020-01-27_23:50:12.920[Status]{'id': 20, 'coordinate': [235.94813352239854, 163.80096293740812]}
2020-01-27_23:50:12.920[Status]Routing 24: Walk: 17
2020-01-27_23:50:13.027[Battery Energy]92.55
2020-01-27_23:50:13.027[Status]Routing Start.
2020-01-27_23:50:13.313[Status]{'id': 20, 'coordinate': [245.94508255312786, 163.55396075725565]}
2020-01-27_23:50:13.313[Status]Routing 25: Walk: 18
2020-01-27_23:50:13.419[Battery Energy]92.26
2020-01-27_23:50:13.419[Status]Routing Start.
2020-01-27_23:50:13.723[Status]{'id': 20, 'coordinate': [255.94203158385719, 163.30695857710319]}
2020-01-27_23:50:13.724[Status]Routing 26: Walk: 19
2020-01-27_23:50:13.830[Battery Energy]91.93
2020-01-27_23:50:13.831[Status]Routing Start.
2020-01-27_23:50:14.158[Status]{'id': 20, 'coordinate': [265.93898061458651, 163.05995639695072]}
2020-01-27_23:50:14.158[Status]Routing 27: Walk: 20
2020-01-27_23:50:14.270[Battery Energy]91.64
2020-01-27_23:50:14.271[Status]Routing Start.
2020-01-27_23:50:14.583[Status]{'id': 20, 'coordinate': [275.93592964531581, 162.81295421679826]}
2020-01-27_23:50:14.583[Status]Routing 28: Walk: 21
2020-01-27_23:50:14.687[Battery Energy]91.34
2020-01-27_23:50:14.687[Status]Routing Start.
2020-01-27_23:50:15.019[Status]{'id': 20, 'coordinate': [285.93287867604511, 162.5659520366458]}
2020-01-27_23:50:15.019[Status]Routing 29: Walk: 22
2020-01-27_23:50:15.131[Battery Energy]91.03
2020-01-27_23:50:15.131[Status]Routing Start.
2020-01-27_23:50:15.455[Status]{'id': 20, 'coordinate': [295.9298277067744, 162.31894985649333]}
2020-01-27_23:50:15.455[Status]Routing 30: Walk: 23
2020-01-27_23:50:15.567[Battery Energy]90.69
2020-01-27_23:50:15.567[Status]Routing Start.
2020-01-27_23:50:15.714[Status]{'id': 20, 'coordinate': [305.9267767375037, 162.07194767634087]}
2020-01-27_23:50:15.714[Status]Routing 31: Walk: 24
2020-01-27_23:50:15.817[Battery Energy]90.46
2020-01-27_23:50:15.817[Status]Routing Start.
2020-01-27_23:50:16.217[Status]{'id': 20, 'coordinate': [315.923725768233, 161.82494549618841]}
2020-01-27_23:50:16.217[Status]Routing 32: Walk: 25
2020-01-27_23:50:16.325[Battery Energy]90.03
2020-01-27_23:50:16.325[Status]Routing Start.
2020-01-27_23:50:16.627[Status]{'id': 20, 'coordinate': [325.9206747989623, 161.57794331603594]}
2020-01-27_23:50:16.627[Status]Routing 33: Walk: 26
2020-01-27_23:50:16.727[Battery Energy]89.71
2020-01-27_23:50:16.727[Status]Routing Start.
2020-01-27_23:50:17.040[Status]{'id': 20, 'coordinate': [335.91762382969159, 161.33094113588348]}
2020-01-27_23:50:17.040[Status]Routing 34: Walk: 27
2020-01-27_23:50:17.147[Battery Energy]89.39
2020-01-27_23:50:17.147[Status]Routing Start.
2020-01-27_23:50:17.525[Status]{'id': 20, 'coordinate': [345.91457286042089, 161.08393895573104]}
2020-01-27_23:50:17.525[Status]Routing 35: Walk: 28
2020-01-27_23:50:17.629[Battery Energy]89.01
2020-01-27_23:50:17.630[Status]Routing Start.
2020-01-27_23:50:17.937[Status]{'id': 20, 'coordinate': [355.91152189115019, 160.83693677557858]}
2020-01-27_23:50:17.940[Status]Routing 36: Walk: 29
2020-01-27_23:50:18.040[Battery Energy]88.68
2020-01-27_23:50:18.040[Status]Routing Start.
2020-01-27_23:50:18.361[Status]{'id': 20, 'coordinate': [365.90847092187948, 160.58993459542614]}
2020-01-27_23:50:18.363[Status]Routing 37: Walk: 30
2020-01-27_23:50:18.470[Battery Energy]88.32
2020-01-27_23:50:18.470[Status]Routing Start.
2020-01-27_23:50:18.912[Status]{'id': 20, 'coordinate': [375.90541995260878, 160.34293241527368]}
2020-01-27_23:50:18.912[Status]Routing 38: Walk: 31
2020-01-27_23:50:19.027[Battery Energy]87.92
2020-01-27_23:50:19.027[Status]Routing Start.
2020-01-27_23:50:19.336[Status]{'id': 20, 'coordinate': [385.90236898333808, 160.09593023512124]}
2020-01-27_23:50:19.336[Status]Routing 39: Walk: 32
2020-01-27_23:50:19.438[Battery Energy]87.60
2020-01-27_23:50:19.438[Status]Routing Start.
2020-01-27_23:50:19.905[Status]{'id': 20, 'coordinate': [395.89931801406738, 159.84892805496878]}
2020-01-27_23:50:19.905[Status]Routing 40: Walk: 33
2020-01-27_23:50:20.018[Battery Energy]87.22
2020-01-27_23:50:20.019[Status]Routing Start.
2020-01-27_23:50:20.512[Status]{'id': 20, 'coordinate': [405.89626704479667, 159.60192587481635]}
2020-01-27_23:50:20.512[Status]Routing 41: Walk: 34
2020-01-27_23:50:20.623[Battery Energy]86.80
2020-01-27_23:50:20.623[Status]Routing Start.
2020-01-27_23:50:20.956[Status]{'id': 20, 'coordinate': [415.89321607552597, 159.35492369466388]}
2020-01-27_23:50:20.956[Status]Routing 42: Walk: 35
2020-01-27_23:50:21.062[Battery Energy]86.45
2020-01-27_23:50:21.063[Status]Routing Start.
2020-01-27_23:50:21.480[Status]{'id': 20, 'coordinate': [425.89016510625527, 159.10792151451145]}
2020-01-27_23:50:21.481[Status]Routing 43: Walk: 36
2020-01-27_23:50:21.582[Battery Energy]86.11
2020-01-27_23:50:21.582[Status]Routing Start.
2020-01-27_23:50:22.037[Status]{'id': 20, 'coordinate': [435.88711413698456, 158.86091933435898]}
2020-01-27_23:50:22.037[Status]Routing 44: Walk: 37
2020-01-27_23:50:22.138[Battery Energy]85.71
2020-01-27_23:50:22.138[Status]Routing Start.
2020-01-27_23:50:22.582[Status]{'id': 20, 'coordinate': [445.88406316771386, 158.61391715420655]}
2020-01-27_23:50:22.582[Status]Routing 45: Walk: 38
2020-01-27_23:50:22.683[Battery Energy]85.30
2020-01-27_23:50:22.683[Status]Routing Start.
2020-01-27_23:50:23.062[Status]{'id': 20, 'coordinate': [455.88101219844316, 158.36691497405408]}
2020-01-27_23:50:23.062[Status]Routing 46: Walk: 39
2020-01-27_23:50:23.162[Battery Energy]84.96
2020-01-27_23:50:23.162[Status]Routing Start.
2020-01-27_23:50:23.628[Status]{'id': 20, 'coordinate': [465.87796122917246, 158.11991279390165]}
2020-01-27_23:50:23.628[Status]Routing 47: Walk: 40
2020-01-27_23:50:23.728[Battery Energy]84.61
2020-01-27_23:50:23.728[Status]Routing Start.
2020-01-27_23:50:24.194[Status]{'id': 20, 'coordinate': [475.87491025990175, 157.87291061374918]}
2020-01-27_23:50:24.194[Status]Routing 48: Walk: 41
2020-01-27_23:50:24.299[Battery Energy]84.22
2020-01-27_23:50:24.299[Status]Routing Start.
2020-01-27_23:50:24.623[Status]{'id': 20, 'coordinate': [485.87185929063105, 157.62590843359675]}
2020-01-27_23:50:24.623[Status]Routing 49: Walk: 42
2020-01-27_23:50:24.731[Battery Energy]83.88
2020-01-27_23:50:24.731[Status]Routing Start.
2020-01-27_23:50:25.209[Status]{'id': 20, 'coordinate': [495.86880832136035, 157.37890625344428]}
2020-01-27_23:50:25.209[Status]Routing 50: Walk: 43
2020-01-27_23:50:25.319[Battery Energy]83.40
2020-01-27_23:50:25.319[Status]Routing Start.
2020-01-27_23:50:25.639[Status]{'id': 20, 'coordinate': [505.86575735208964, 157.13190407329185]}
2020-01-27_23:50:25.639[Status]Routing 51: Walk: 44
2020-01-27_23:50:25.739[Battery Energy]83.07
2020-01-27_23:50:25.739[Status]Routing Start.
2020-01-27_23:50:26.104[Status]{'id': 20, 'coordinate': [515.86270638281894, 156.88490189313939]}
2020-01-27_23:50:26.105[Status]Routing 52: Walk: 45
2020-01-27_23:50:26.205[Battery Energy]82.72
2020-01-27_23:50:26.205[Status]Routing Start.
2020-01-27_23:50:26.586[Status]{'id': 20, 'coordinate': [525.85965541354824, 156.63789971298695]}
2020-01-27_23:50:26.586[Status]Routing 53: Walk: 46
2020-01-27_23:50:26.687[Battery Energy]82.39
2020-01-27_23:50:26.687[Status]Routing Start.
2020-01-27_23:50:27.000[Status]{'id': 20, 'coordinate': [535.85660444427754, 156.39089753283452]}
2020-01-27_23:50:27.000[Status]Routing 54: Walk: 47
2020-01-27_23:50:27.107[Battery Energy]82.06
2020-01-27_23:50:27.107[Status]Routing Start.
2020-01-27_23:50:27.436[Status]{'id': 20, 'coordinate': [545.85355347500683, 156.14389535268205]}
2020-01-27_23:50:27.436[Status]Routing 55: Walk: 48
2020-01-27_23:50:27.536[Battery Energy]81.73
2020-01-27_23:50:27.537[Status]Routing Start.
2020-01-27_23:50:27.864[Status]{'id': 20, 'coordinate': [555.85050250573613, 155.89689317252962]}
2020-01-27_23:50:27.864[Status]Routing 56: Walk: 49
2020-01-27_23:50:27.964[Battery Energy]81.37
2020-01-27_23:50:27.964[Status]Routing Start.
2020-01-27_23:50:28.323[Status]{'id': 20, 'coordinate': [565.84745153646543, 155.64989099237715]}
2020-01-27_23:50:28.323[Status]Routing 57: Walk: 50
2020-01-27_23:50:28.431[Battery Energy]81.01
2020-01-27_23:50:28.431[Status]Routing Start.
2020-01-27_23:50:28.776[Status]{'id': 20, 'coordinate': [575.84440056719473, 155.40288881222472]}
2020-01-27_23:50:28.776[Status]Routing 58: Walk: 51
2020-01-27_23:50:28.877[Battery Energy]80.62
2020-01-27_23:50:28.877[Status]Routing Start.
2020-01-27_23:50:29.344[Status]{'id': 20, 'coordinate': [585.84134959792402, 155.15588663207225]}
2020-01-27_23:50:29.346[Status]Routing 59: Walk: 52
2020-01-27_23:50:29.451[Battery Energy]80.25
2020-01-27_23:50:29.451[Status]Routing Start.
2020-01-27_23:50:29.800[Status]{'id': 20, 'coordinate': [595.83829862865332, 154.90888445191982]}
2020-01-27_23:50:29.800[Status]Routing 60: Walk: 53
2020-01-27_23:50:29.910[Battery Energy]79.90
2020-01-27_23:50:29.911[Status]Routing Start.
2020-01-27_23:50:30.243[Status]{'id': 20, 'coordinate': [605.83524765938262, 154.66188227176735]}
2020-01-27_23:50:30.243[Status]Routing 61: Walk: 54
2020-01-27_23:50:30.344[Battery Energy]79.58
2020-01-27_23:50:30.344[Status]Routing Start.
2020-01-27_23:50:30.784[Status]{'id': 20, 'coordinate': [615.83219669011191, 154.41488009161492]}
2020-01-27_23:50:30.788[Status]Routing 62: Walk: 55
2020-01-27_23:50:30.888[Battery Energy]79.23
2020-01-27_23:50:30.889[Status]Routing Start.
2020-01-27_23:50:31.338[Status]{'id': 20, 'coordinate': [625.82914572084121, 154.16787791146245]}
2020-01-27_23:50:31.338[Status]Routing 63: Walk: 56
2020-01-27_23:50:31.438[Battery Energy]78.83
2020-01-27_23:50:31.438[Status]Routing Start.
2020-01-27_23:50:31.823[Status]{'id': 20, 'coordinate': [635.82609475157051, 153.92087573131002]}
2020-01-27_23:50:31.823[Status]Routing 64: Walk: 57
2020-01-27_23:50:31.931[Battery Energy]78.47
2020-01-27_23:50:31.931[Status]Routing Start.
2020-01-27_23:50:32.365[Status]{'id': 20, 'coordinate': [645.82304378229981, 153.67387355115756]}
2020-01-27_23:50:32.365[Status]Routing 65: Walk: 58
2020-01-27_23:50:32.466[Battery Energy]78.06
2020-01-27_23:50:32.466[Status]Routing Start.
2020-01-27_23:50:32.794[Status]{'id': 20, 'coordinate': [655.8199928130291, 153.42687137100512]}
2020-01-27_23:50:32.794[Status]Routing 66: Walk: 59
2020-01-27_23:50:32.907[Battery Energy]77.77
2020-01-27_23:50:32.907[Status]Routing Start.
2020-01-27_23:50:33.376[Status]{'id': 20, 'coordinate': [665.8169418437584, 153.17986919085266]}
2020-01-27_23:50:33.377[Status]Routing 67: Walk: 60
2020-01-27_23:50:33.478[Battery Energy]77.31
2020-01-27_23:50:33.479[Status]Routing Start.
2020-01-27_23:50:33.810[Status]{'id': 20, 'coordinate': [675.8138908744877, 152.93286701070022]}
2020-01-27_23:50:33.810[Status]Routing 68: Walk: 61
2020-01-27_23:50:33.910[Battery Energy]76.99
2020-01-27_23:50:33.910[Status]Routing Start.
2020-01-27_23:50:34.224[Status]{'id': 20, 'coordinate': [685.81083990521699, 152.68586483054776]}
2020-01-27_23:50:34.224[Status]Routing 69: Walk: 62
2020-01-27_23:50:34.324[Battery Energy]76.68
2020-01-27_23:50:34.324[Status]Routing Start.
2020-01-27_23:50:34.682[Status]{'id': 20, 'coordinate': [695.80778893594629, 152.43886265039532]}
2020-01-27_23:50:34.682[Status]Routing 70: Walk: 63
2020-01-27_23:50:34.787[Battery Energy]76.35
2020-01-27_23:50:34.787[Status]Routing Start.
2020-01-27_23:50:35.124[Status]{'id': 20, 'coordinate': [705.80473796667559, 152.19186047024286]}
2020-01-27_23:50:35.125[Status]Routing 71: Walk: 64
2020-01-27_23:50:35.226[Battery Energy]76.01
2020-01-27_23:50:35.226[Status]Routing Start.
2020-01-27_23:50:35.657[Status]{'id': 20, 'coordinate': [715.80168699740489, 151.94485829009042]}
2020-01-27_23:50:35.658[Status]Routing 72: Walk: 65
2020-01-27_23:50:35.758[Battery Energy]75.64
2020-01-27_23:50:35.758[Status]Routing Start.
2020-01-27_23:50:36.165[Status]{'id': 20, 'coordinate': [725.79863602813418, 151.69785610993796]}
2020-01-27_23:50:36.165[Status]Routing 73: Walk: 66
2020-01-27_23:50:36.271[Battery Energy]75.30
2020-01-27_23:50:36.271[Status]Routing Start.
2020-01-27_23:50:36.572[Status]{'id': 20, 'coordinate': [735.79558505886348, 151.45085392978552]}
2020-01-27_23:50:36.573[Status]Routing 74: Walk: 67
2020-01-27_23:50:36.679[Battery Energy]74.99
2020-01-27_23:50:36.679[Status]Routing Start.
2020-01-27_23:50:37.099[Status]{'id': 20, 'coordinate': [745.79253408959278, 151.20385174963309]}
2020-01-27_23:50:37.099[Status]Routing 75: Walk: 68
2020-01-27_23:50:37.208[Battery Energy]74.59
2020-01-27_23:50:37.208[Status]Routing Start.
2020-01-27_23:50:37.662[Status]{'id': 20, 'coordinate': [755.78948312032207, 150.95684956948062]}
2020-01-27_23:50:37.662[Status]Routing 76: Walk: 69
2020-01-27_23:50:37.775[Battery Energy]74.22
2020-01-27_23:50:37.775[Status]Routing Start.
2020-01-27_23:50:38.170[Status]{'id': 20, 'coordinate': [765.78643215105137, 150.70984738932816]}
2020-01-27_23:50:38.170[Status]Routing 77: Walk: 70
2020-01-27_23:50:38.274[Battery Energy]73.88
2020-01-27_23:50:38.275[Status]Routing Start.
2020-01-27_23:50:38.546[Status]{'id': 20, 'coordinate': [775.78338118178067, 150.46284520917573]}
2020-01-27_23:50:38.546[Status]Routing 78: Walk: 71
2020-01-27_23:50:38.646[Battery Energy]73.59
2020-01-27_23:50:38.646[Status]Routing Start.
2020-01-27_23:50:39.084[Status]{'id': 20, 'coordinate': [785.78033021250997, 150.21584302902329]}
2020-01-27_23:50:39.085[Status]Routing 79: Walk: 72
2020-01-27_23:50:39.195[Battery Energy]73.16
2020-01-27_23:50:39.195[Status]Routing Start.
2020-01-27_23:50:39.665[Status]{'id': 20, 'coordinate': [795.77727924323926, 149.96884084887083]}
2020-01-27_23:50:39.666[Status]Routing 80: Walk: 73
2020-01-27_23:50:39.769[Battery Energy]72.79
2020-01-27_23:50:39.769[Status]Routing Start.
2020-01-27_23:50:40.200[Status]{'id': 20, 'coordinate': [805.77422827396856, 149.72183866871839]}
2020-01-27_23:50:40.200[Status]Routing 81: Walk: 74
2020-01-27_23:50:40.301[Battery Energy]72.46
2020-01-27_23:50:40.301[Status]Routing Start.
2020-01-27_23:50:40.618[Status]{'id': 20, 'coordinate': [815.77117730469786, 149.47483648856593]}
2020-01-27_23:50:40.618[Status]Routing 82: Walk: 75
2020-01-27_23:50:40.723[Battery Energy]72.12
2020-01-27_23:50:40.723[Status]Routing Start.
2020-01-27_23:50:41.023[Status]{'id': 20, 'coordinate': [825.76812633542716, 149.22783430841349]}
2020-01-27_23:50:41.023[Status]Routing 83: Walk: 76
2020-01-27_23:50:41.127[Battery Energy]71.82
2020-01-27_23:50:41.127[Status]Routing Start.
2020-01-27_23:50:41.609[Status]{'id': 20, 'coordinate': [835.76507536615645, 148.98083212826103]}
2020-01-27_23:50:41.609[Status]Routing 84: Walk: 77
2020-01-27_23:50:41.719[Battery Energy]71.42
2020-01-27_23:50:41.719[Status]Routing Start.
2020-01-27_23:50:42.070[Status]{'id': 20, 'coordinate': [845.76202439688575, 148.73382994810859]}
2020-01-27_23:50:42.070[Status]Routing 85: Walk: 78
2020-01-27_23:50:42.182[Battery Energy]71.05
2020-01-27_23:50:42.183[Status]Routing Start.
2020-01-27_23:50:42.623[Status]{'id': 20, 'coordinate': [855.75897342761505, 148.48682776795613]}
2020-01-27_23:50:42.623[Status]Routing 86: Walk: 79
2020-01-27_23:50:42.735[Battery Energy]70.65
2020-01-27_23:50:42.735[Status]Routing Start.
2020-01-27_23:50:43.003[Status]{'id': 20, 'coordinate': [865.75592245834434, 148.23982558780369]}
2020-01-27_23:50:43.004[Status]Routing 87: Walk: 80
2020-01-27_23:50:43.104[Battery Energy]70.35
2020-01-27_23:50:43.104[Status]Routing Start.
2020-01-27_23:50:43.538[Status]{'id': 20, 'coordinate': [875.75287148907364, 147.99282340765123]}
2020-01-27_23:50:43.540[Status]Routing 88: Walk: 81
2020-01-27_23:50:43.646[Battery Energy]70.01
2020-01-27_23:50:43.647[Status]Routing Start.
2020-01-27_23:50:44.110[Status]{'id': 20, 'coordinate': [885.74982051980294, 147.74582122749879]}
2020-01-27_23:50:44.110[Status]Routing 89: Walk: 82
2020-01-27_23:50:44.210[Battery Energy]69.63
2020-01-27_23:50:44.210[Status]Routing Start.
2020-01-27_23:50:44.633[Status]{'id': 20, 'coordinate': [895.74676955053224, 147.49881904734633]}
2020-01-27_23:50:44.633[Status]Routing 90: Walk: 83
2020-01-27_23:50:44.733[Battery Energy]69.24
2020-01-27_23:50:44.733[Status]Routing Start.
2020-01-27_23:50:45.083[Status]{'id': 20, 'coordinate': [905.74371858126153, 147.2518168671939]}
2020-01-27_23:50:45.083[Status]Routing 91: Walk: 84
2020-01-27_23:50:45.184[Battery Energy]68.90
2020-01-27_23:50:45.184[Status]Routing Start.
2020-01-27_23:50:45.498[Status]{'id': 20, 'coordinate': [915.74066761199083, 147.00481468704143]}
2020-01-27_23:50:45.499[Status]Routing 92: Walk: 85
2020-01-27_23:50:45.602[Battery Energy]68.53
2020-01-27_23:50:45.602[Status]Routing Start.
2020-01-27_23:50:46.066[Status]{'id': 20, 'coordinate': [925.73761664272013, 146.757812506889]}
2020-01-27_23:50:46.066[Status]Routing 93: Walk: 86
2020-01-27_23:50:46.183[Battery Energy]68.07
2020-01-27_23:50:46.183[Status]Routing Start.
2020-01-27_23:50:46.635[Status]{'id': 20, 'coordinate': [935.73456567344942, 146.51081032673653]}
2020-01-27_23:50:46.635[Status]Routing 94: Walk: 87
2020-01-27_23:50:46.751[Battery Energy]67.64
2020-01-27_23:50:46.751[Status]Routing Start.
2020-01-27_23:50:47.186[Status]{'id': 20, 'coordinate': [945.73151470417872, 146.2638081465841]}
2020-01-27_23:50:47.186[Status]Routing 95: Walk: 88
2020-01-27_23:50:47.287[Battery Energy]67.27
2020-01-27_23:50:47.287[Status]Routing Start.
2020-01-27_23:50:47.796[Status]{'id': 20, 'coordinate': [955.72846373490802, 146.01680596643163]}
2020-01-27_23:50:47.796[Status]Routing 96: Walk: 89
2020-01-27_23:50:47.907[Battery Energy]66.83
2020-01-27_23:50:47.907[Status]Routing Start.
2020-01-27_23:50:48.246[Status]{'id': 20, 'coordinate': [965.72541276563732, 145.7698037862792]}
2020-01-27_23:50:48.246[Status]Routing 97: Walk: 90
2020-01-27_23:50:48.350[Battery Energy]66.53
2020-01-27_23:50:48.351[Status]Routing Start.
2020-01-27_23:50:48.644[Status]{'id': 20, 'coordinate': [975.72236179636661, 145.52280160612673]}
2020-01-27_23:50:48.644[Status]Routing 98: Walk: 91
2020-01-27_23:50:48.744[Battery Energy]66.21
2020-01-27_23:50:48.744[Status]Routing Start.
2020-01-27_23:50:49.142[Status]{'id': 20, 'coordinate': [985.71931082709591, 145.2757994259743]}
2020-01-27_23:50:49.142[Status]Routing 99: Walk: 92
2020-01-27_23:50:49.259[Battery Energy]65.89
2020-01-27_23:50:49.259[Status]Routing Start.
2020-01-27_23:50:49.556[Status]{'id': 20, 'coordinate': [995.71625985782521, 145.02879724582186]}
2020-01-27_23:50:49.557[Status]Routing 100: Walk: 93
2020-01-27_23:50:49.671[Battery Energy]65.57
2020-01-27_23:50:49.671[Status]Routing Start.
2020-01-27_23:50:49.958[Status]{'id': 20, 'coordinate': [1005.7132088885545, 144.7817950656694]}
2020-01-27_23:50:49.958[Status]Routing 101: Walk: 94
2020-01-27_23:50:50.062[Battery Energy]65.27
2020-01-27_23:50:50.062[Status]Routing Start.
2020-01-27_23:50:50.063[Status]Task Finished.
2020-01-27_23:50:50.163[Battery Energy]65.27
2020-01-27_23:50:50.357[Status]Routing 103: Walk: 94
2020-01-27_23:50:50.458[Battery Energy]65.14
2020-01-27_23:50:50.916[Status]Routing 104: Walk: 94
2020-01-27_23:50:51.022[Battery Energy]64.78
2020-01-27_23:50:51.457[Status]Routing 105: Walk: 94
2020-01-27_23:50:51.566[Battery Energy]64.47
2020-01-27_23:50:52.011[Status]Routing 106: Walk: 94
2020-01-27_23:50:52.112[Battery Energy]64.14
2020-01-27_23:50:52.585[Status]Routing 107: Walk: 94
2020-01-27_23:50:52.685[Battery Energy]63.80
2020-01-27_23:50:53.155[Status]Routing 108: Walk: 94
2020-01-27_23:50:53.267[Battery Energy]63.53
2020-01-27_23:50:53.710[Status]Routing 109: Walk: 94
2020-01-27_23:50:53.812[Battery Energy]63.21
2020-01-27_23:50:54.403[Status]Routing 110: Walk: 94
2020-01-27_23:50:54.504[Battery Energy]62.79
2020-01-27_23:50:54.674[Status]Routing 111: Walk: 94
2020-01-27_23:50:54.779[Battery Energy]62.67
2020-01-27_23:50:55.211[Status]Routing 112: Walk: 94
2020-01-27_23:50:55.315[Battery Energy]62.31
2020-01-27_23:50:55.922[Status]Routing 113: Walk: 94
2020-01-27_23:50:56.022[Battery Energy]61.86
2020-01-27_23:50:56.458[Status]Routing 114: Walk: 94
2020-01-27_23:50:56.559[Battery Energy]61.49
2020-01-27_23:50:56.901[Status]Routing 115: Walk: 94
2020-01-27_23:50:57.003[Battery Energy]61.20
2020-01-27_23:50:57.495[Status]Routing 116: Walk: 94
2020-01-27_23:50:57.596[Battery Energy]60.74
2020-01-27_23:50:58.066[Status]Routing 117: Walk: 94
2020-01-27_23:50:58.175[Battery Energy]60.31
2020-01-27_23:50:58.507[Status]Routing 118: Walk: 94
2020-01-27_23:50:58.611[Battery Energy]59.96
2020-01-27_23:50:58.957[Status]Routing 119: Walk: 94
2020-01-27_23:50:59.062[Battery Energy]59.64
2020-01-27_23:50:59.393[Status]Routing 120: Walk: 94
2020-01-27_23:50:59.493[Battery Energy]59.37
2020-01-27_23:50:59.864[Status]Routing 121: Walk: 94
2020-01-27_23:50:59.964[Battery Energy]59.07
2020-01-27_23:51:00.365[Status]Routing 122: Walk: 94
2020-01-27_23:51:00.471[Battery Energy]58.72
2020-01-27_23:51:00.698[Status]Routing 123: Walk: 94
2020-01-27_23:51:00.799[Battery Energy]58.57
2020-01-27_23:51:01.274[Status]Routing 124: Walk: 94
2020-01-27_23:51:01.375[Battery Energy]58.20
2020-01-27_23:51:01.578[Status]Routing 125: Walk: 94
2020-01-27_23:51:01.687[Battery Energy]58.03
2020-01-27_23:51:02.209[Status]Routing 126: Walk: 94
2020-01-27_23:51:02.315[Battery Energy]57.56
2020-01-27_23:51:02.604[Status]Routing 127: Walk: 94
2020-01-27_23:51:02.706[Battery Energy]57.38
2020-01-27_23:51:03.135[Status]Routing 128: Walk: 94
2020-01-27_23:51:03.238[Battery Energy]57.12
2020-01-27_23:51:03.682[Status]Routing 129: Walk: 94
2020-01-27_23:51:03.795[Battery Energy]56.86
2020-01-27_23:51:04.259[Status]Routing 130: Walk: 94
2020-01-27_23:51:04.363[Battery Energy]56.58
2020-01-27_23:51:04.892[Status]Routing 131: Walk: 94
2020-01-27_23:51:04.995[Battery Energy]56.28
2020-01-27_23:51:05.519[Status]Routing 132: Walk: 94
2020-01-27_23:51:05.619[Battery Energy]55.93
2020-01-27_23:51:06.102[Status]Routing 133: Walk: 94
2020-01-27_23:51:06.207[Battery Energy]55.60
2020-01-27_23:51:06.686[Status]Routing 134: Walk: 94
2020-01-27_23:51:06.797[Battery Energy]55.28
2020-01-27_23:51:07.247[Status]Routing 135: Walk: 94
2020-01-27_23:51:07.348[Battery Energy]54.98
2020-01-27_23:51:07.777[Status]Routing 136: Walk: 94
2020-01-27_23:51:07.878[Battery Energy]54.67
2020-01-27_23:51:08.310[Status]Routing 137: Walk: 94
2020-01-27_23:51:08.410[Battery Energy]54.35
2020-01-27_23:51:08.872[Status]Routing 138: Walk: 94
2020-01-27_23:51:08.975[Battery Energy]54.00
2020-01-27_23:51:09.429[Status]Routing 139: Walk: 94
2020-01-27_23:51:09.531[Battery Energy]53.71
2020-01-27_23:51:10.014[Status]Routing 140: Walk: 94
2020-01-27_23:51:10.118[Battery Energy]53.38
2020-01-27_23:51:10.614[Status]Routing 141: Walk: 94
2020-01-27_23:51:10.715[Battery Energy]53.02
2020-01-27_23:51:11.180[Status]Routing 142: Walk: 94
2020-01-27_23:51:11.282[Battery Energy]52.71
2020-01-27_23:51:11.771[Status]Routing 143: Walk: 94
2020-01-27_23:51:11.879[Battery Energy]52.40
2020-01-27_23:51:12.223[Status]Routing 144: Walk: 94
2020-01-27_23:51:12.324[Battery Energy]52.13
2020-01-27_23:51:12.710[Status]Routing 145: Walk: 94
2020-01-27_23:51:12.817[Battery Energy]51.83
2020-01-27_23:51:13.258[Status]Routing 146: Walk: 94
2020-01-27_23:51:13.359[Battery Energy]51.60
2020-01-27_23:51:13.796[Status]Routing 147: Walk: 94
2020-01-27_23:51:13.897[Battery Energy]51.31
2020-01-27_23:51:14.428[Status]Routing 148: Walk: 94
2020-01-27_23:51:14.529[Battery Energy]50.95
2020-01-27_23:51:14.998[Status]Routing 149: Walk: 94
2020-01-27_23:51:15.102[Battery Energy]50.58
2020-01-27_23:51:15.576[Status]Routing 150: Walk: 94
2020-01-27_23:51:15.676[Battery Energy]50.25
2020-01-27_23:51:16.097[Status]Routing 151: Walk: 94
2020-01-27_23:51:16.199[Battery Energy]49.94
2020-01-27_23:51:16.555[Status]Routing 152: Walk: 94
2020-01-27_23:51:16.659[Battery Energy]49.70
2020-01-27_23:51:17.118[Status]Routing 153: Walk: 94
2020-01-27_23:51:17.218[Battery Energy]49.41
2020-01-27_23:51:17.620[Status]Routing 154: Walk: 94
2020-01-27_23:51:17.720[Battery Energy]49.14
2020-01-27_23:51:18.224[Status]Routing 155: Walk: 94
2020-01-27_23:51:18.324[Battery Energy]48.84
2020-01-27_23:51:18.647[Status]Routing 156: Walk: 94
2020-01-27_23:51:18.748[Battery Energy]48.62
2020-01-27_23:51:19.190[Status]Routing 157: Walk: 94
2020-01-27_23:51:19.295[Battery Energy]48.25
2020-01-27_23:51:19.768[Status]Routing 158: Walk: 94
2020-01-27_23:51:19.870[Battery Energy]47.89
2020-01-27_23:51:20.317[Status]Routing 159: Walk: 94
2020-01-27_23:51:20.423[Battery Energy]47.62
2020-01-27_23:51:20.855[Status]Routing 160: Walk: 94
2020-01-27_23:51:20.955[Battery Energy]47.39
2020-01-27_23:51:21.406[Status]Routing 161: Walk: 94
2020-01-27_23:51:21.511[Battery Energy]47.11
2020-01-27_23:51:21.940[Status]Routing 162: Walk: 94
2020-01-27_23:51:22.045[Battery Energy]46.82
2020-01-27_23:51:22.493[Status]Routing 163: Walk: 94
2020-01-27_23:51:22.593[Battery Energy]46.55
2020-01-27_23:51:23.002[Status]Routing 164: Walk: 94
2020-01-27_23:51:23.109[Battery Energy]46.26
2020-01-27_23:51:23.549[Status]Routing 165: Walk: 94
2020-01-27_23:51:23.653[Battery Energy]45.94
2020-01-27_23:51:24.173[Status]Routing 166: Walk: 94
2020-01-27_23:51:24.275[Battery Energy]45.61
2020-01-27_23:51:24.737[Status]Routing 167: Walk: 94
2020-01-27_23:51:24.837[Battery Energy]45.22
2020-01-27_23:51:25.337[Status]Routing 168: Walk: 94
2020-01-27_23:51:25.437[Battery Energy]44.85
2020-01-27_23:51:25.888[Status]Routing 169: Walk: 94
2020-01-27_23:51:25.991[Battery Energy]44.51
2020-01-27_23:51:26.533[Status]Routing 170: Walk: 94
2020-01-27_23:51:26.635[Battery Energy]44.14
2020-01-27_23:51:27.061[Status]Routing 171: Walk: 94
2020-01-27_23:51:27.171[Battery Energy]43.85
2020-01-27_23:51:27.616[Status]Routing 172: Walk: 94
2020-01-27_23:51:27.716[Battery Energy]43.58
