2020-01-27_16:12:14.896[Status]Start.
2020-01-27_16:12:14.896[Battery Energy]100.00
2020-01-27_16:12:15.997[Battery Energy]99.96
2020-01-27_16:12:17.099[Battery Energy]99.92
2020-01-27_16:12:18.200[Battery Energy]99.88
2020-01-27_16:12:19.301[Battery Energy]99.84
2020-01-27_16:12:20.402[Task]A New Task Released.
2020-01-27_16:12:20.403[Battery Energy]99.80
2020-01-27_16:12:20.403[Status]Selection Start.
2020-01-27_16:12:22.980[Status]Selection End: Do Task 1.
2020-01-27_16:12:23.080[Battery Energy]97.94
2020-01-27_16:12:23.080[Status]Formation Start.
2020-01-27_16:12:23.232[Status]number of tasks is 7
2020-01-27_16:12:23.234[Status]my group tasks is [ 1300.   700.]
2020-01-27_16:12:23.239[Status]my group tasks is [ 1262.34898019   778.18314825]
2020-01-27_16:12:23.243[Status]my group tasks is [ 1177.7479066    797.49279122]
2020-01-27_16:12:23.245[Status]my group tasks is [ 1109.90311321   743.38837391]
2020-01-27_16:12:23.245[Status]my group tasks is [ 1109.90311321   656.61162609]
2020-01-27_16:12:23.246[Status]my group tasks is [ 1177.7479066    602.50720878]
2020-01-27_16:12:23.246[Status]my group tasks is [ 1262.34898019   621.81685175]
2020-01-27_16:12:23.272[Status]b_list is {16.185871586829574: array([ 1177.7479066 ,   797.49279122]), 17.39556563248832: array([ 1109.90311321,   743.38837391]), 14.943429890916915: array([ 1262.34898019,   621.81685175]), 16.242018181208127: array([ 1177.7479066 ,   602.50720878]), 17.42420628124733: array([ 1109.90311321,   656.61162609]), 29.8096540465072: array([ 1262.34898019,   778.18314825]), 14.409133035463206: array([ 1300.,   700.])}
2020-01-27_16:12:23.272[Status]the length of b_list is 7
2020-01-27_16:12:23.293[Status]send_data is {'utility': [[array([ 1177.7479066 ,   797.49279122]), array([ 1109.90311321,   743.38837391]), array([ 1262.34898019,   621.81685175]), array([ 1177.7479066 ,   602.50720878]), array([ 1109.90311321,   656.61162609]), array([ 1262.34898019,   778.18314825]), array([ 1300.,   700.])], [16.185871586829574, 17.39556563248832, 14.943429890916915, 16.242018181208127, 17.42420628124733, 29.8096540465072, 14.409133035463206]], 'stage': 'formation', 'task_id': 1, 'round': 1, 'id': 8}
