2020-01-23_22:18:09.524[Status]Start.
2020-01-23_22:18:09.524[Battery Energy]100.00
2020-01-23_22:18:10.626[Battery Energy]99.96
2020-01-23_22:18:11.726[Battery Energy]99.92
2020-01-23_22:18:12.828[Battery Energy]99.88
2020-01-23_22:18:13.930[Battery Energy]99.84
2020-01-23_22:18:15.032[Task]A New Task Released.
2020-01-23_22:18:15.032[Battery Energy]99.80
2020-01-23_22:18:15.032[Status]Selection Start.
2020-01-23_22:18:18.388[Status]Selection End: Do Task 1.
2020-01-23_22:18:18.502[Battery Energy]97.25
2020-01-23_22:18:18.502[Status]Formation Start.
2020-01-23_22:18:18.667[Status]number of tasks is 7
2020-01-23_22:18:18.667[Status]my group tasks is [ 1300.   700.]
2020-01-23_22:18:18.675[Status]my group tasks is [ 1262.34898019   778.18314825]
2020-01-23_22:18:18.694[Status]my group tasks is [ 1177.7479066    797.49279122]
2020-01-23_22:18:18.703[Status]my group tasks is [ 1109.90311321   743.38837391]
2020-01-23_22:18:18.704[Status]my group tasks is [ 1109.90311321   656.61162609]
2020-01-23_22:18:18.705[Status]my group tasks is [ 1177.7479066    602.50720878]
2020-01-23_22:18:18.706[Status]my group tasks is [ 1262.34898019   621.81685175]
2020-01-23_22:18:18.707[Status]b_list is [(35.13109906296073, array([ 1177.7479066 ,   602.50720878])), (32.29131737835475, array([ 1262.34898019,   621.81685175])), (31.031853632976187, array([ 1300.,   700.])), (0.0, array([ 1109.90311321,   656.61162609]))]
2020-01-23_22:18:18.707[Status]the length of b_list is 4
2020-01-23_22:18:18.714[Status]task destination is [ 1177.7479066    602.50720878]
2020-01-23_22:18:18.815[Battery Energy]97.12
2020-01-23_22:18:18.815[Status]Routing Start.
2020-01-23_22:18:19.018[Status]{'id': 7, 'coordinate': [141.99679253117836, 628.74674303844415]}
2020-01-23_22:18:19.018[Status]Routing 1: Walk: 1
2020-01-23_22:18:19.122[Battery Energy]96.88
2020-01-23_22:18:19.122[Status]Routing Start.
2020-01-23_22:18:19.261[Status]{'id': 7, 'coordinate': [151.99358506235671, 628.4934860768883]}
2020-01-23_22:18:19.261[Status]Routing 2: Walk: 2
2020-01-23_22:18:19.370[Battery Energy]96.67
2020-01-23_22:18:19.370[Status]Routing Start.
2020-01-23_22:18:19.517[Status]{'id': 7, 'coordinate': [161.99037759353507, 628.24022911533245]}
2020-01-23_22:18:19.517[Status]Routing 3: Walk: 3
2020-01-23_22:18:19.617[Battery Energy]96.46
2020-01-23_22:18:19.617[Status]Routing Start.
2020-01-23_22:18:19.824[Status]{'id': 7, 'coordinate': [171.98717012471343, 627.98697215377661]}
2020-01-23_22:18:19.824[Status]Routing 4: Walk: 4
2020-01-23_22:18:19.924[Battery Energy]96.24
2020-01-23_22:18:19.925[Status]Routing Start.
2020-01-23_22:18:20.076[Status]{'id': 7, 'coordinate': [181.98396265589179, 627.73371519222076]}
2020-01-23_22:18:20.076[Status]Routing 5: Walk: 5
2020-01-23_22:18:20.185[Battery Energy]96.03
2020-01-23_22:18:20.186[Status]Routing Start.
2020-01-23_22:18:20.328[Status]{'id': 7, 'coordinate': [191.98075518707014, 627.48045823066491]}
2020-01-23_22:18:20.328[Status]Routing 6: Walk: 6
2020-01-23_22:18:20.431[Battery Energy]95.81
2020-01-23_22:18:20.431[Status]Routing Start.
2020-01-23_22:18:20.743[Status]{'id': 7, 'coordinate': [201.9775477182485, 627.22720126910906]}
2020-01-23_22:18:20.743[Status]Routing 7: Walk: 7
2020-01-23_22:18:20.843[Battery Energy]95.48
2020-01-23_22:18:20.843[Status]Routing Start.
2020-01-23_22:18:20.987[Status]{'id': 7, 'coordinate': [211.97434024942686, 626.97394430755321]}
2020-01-23_22:18:20.987[Status]Routing 8: Walk: 8
2020-01-23_22:18:21.094[Battery Energy]95.27
2020-01-23_22:18:21.094[Status]Routing Start.
2020-01-23_22:18:21.425[Status]{'id': 7, 'coordinate': [221.97113278060522, 626.72068734599736]}
2020-01-23_22:18:21.425[Status]Routing 9: Walk: 9
2020-01-23_22:18:21.526[Battery Energy]94.94
2020-01-23_22:18:21.526[Status]Routing Start.
2020-01-23_22:18:21.834[Status]{'id': 7, 'coordinate': [231.96792531178357, 626.46743038444151]}
2020-01-23_22:18:21.838[Status]Routing 10: Walk: 10
2020-01-23_22:18:21.938[Battery Energy]94.61
2020-01-23_22:18:21.938[Status]Routing Start.
2020-01-23_22:18:22.451[Status]{'id': 7, 'coordinate': [241.96471784296193, 626.21417342288566]}
2020-01-23_22:18:22.454[Status]Routing 11: Walk: 11
2020-01-23_22:18:22.556[Battery Energy]94.10
2020-01-23_22:18:22.556[Status]Routing Start.
2020-01-23_22:18:22.703[Status]{'id': 7, 'coordinate': [251.96151037414029, 625.96091646132982]}
2020-01-23_22:18:22.703[Status]Routing 12: Walk: 12
2020-01-23_22:18:22.803[Battery Energy]93.91
2020-01-23_22:18:22.803[Status]Routing Start.
2020-01-23_22:18:23.132[Status]{'id': 7, 'coordinate': [261.95830290531865, 625.70765949977397]}
2020-01-23_22:18:23.132[Status]Routing 13: Walk: 13
2020-01-23_22:18:23.232[Battery Energy]93.61
2020-01-23_22:18:23.232[Status]Routing Start.
2020-01-23_22:18:23.563[Status]{'id': 7, 'coordinate': [271.955095436497, 625.45440253821812]}
2020-01-23_22:18:23.564[Status]Routing 14: Walk: 14
2020-01-23_22:18:23.664[Battery Energy]93.30
2020-01-23_22:18:23.664[Status]Routing Start.
2020-01-23_22:18:24.038[Status]{'id': 7, 'coordinate': [281.95188796767536, 625.20114557666227]}
2020-01-23_22:18:24.038[Status]Routing 15: Walk: 15
2020-01-23_22:18:24.146[Battery Energy]92.93
2020-01-23_22:18:24.146[Status]Routing Start.
2020-01-23_22:18:24.446[Status]{'id': 7, 'coordinate': [291.94868049885372, 624.94788861510642]}
2020-01-23_22:18:24.446[Status]Routing 16: Walk: 16
2020-01-23_22:18:24.554[Battery Energy]92.64
2020-01-23_22:18:24.554[Status]Routing Start.
2020-01-23_22:18:24.872[Status]{'id': 7, 'coordinate': [301.94547303003208, 624.69463165355057]}
2020-01-23_22:18:24.872[Status]Routing 17: Walk: 17
2020-01-23_22:18:24.974[Battery Energy]92.32
2020-01-23_22:18:24.975[Status]Routing Start.
2020-01-23_22:18:25.310[Status]{'id': 7, 'coordinate': [311.94226556121043, 624.44137469199472]}
2020-01-23_22:18:25.310[Status]Routing 18: Walk: 18
2020-01-23_22:18:25.414[Battery Energy]91.98
2020-01-23_22:18:25.414[Status]Routing Start.
2020-01-23_22:18:25.552[Status]{'id': 7, 'coordinate': [321.93905809238879, 624.18811773043888]}
2020-01-23_22:18:25.553[Status]Routing 19: Walk: 19
2020-01-23_22:18:25.666[Battery Energy]91.79
2020-01-23_22:18:25.666[Status]Routing Start.
2020-01-23_22:18:25.930[Status]{'id': 7, 'coordinate': [331.93585062356715, 623.93486076888303]}
2020-01-23_22:18:25.930[Status]Routing 20: Walk: 20
2020-01-23_22:18:26.034[Battery Energy]91.54
2020-01-23_22:18:26.034[Status]Routing Start.
2020-01-23_22:18:26.164[Status]{'id': 7, 'coordinate': [341.93264315474551, 623.68160380732718]}
2020-01-23_22:18:26.166[Status]Routing 21: Walk: 21
2020-01-23_22:18:26.266[Battery Energy]91.32
2020-01-23_22:18:26.266[Status]Routing Start.
2020-01-23_22:18:26.547[Status]{'id': 7, 'coordinate': [351.92943568592386, 623.42834684577133]}
2020-01-23_22:18:26.548[Status]Routing 22: Walk: 22
2020-01-23_22:18:26.648[Battery Energy]91.04
2020-01-23_22:18:26.648[Status]Routing Start.
2020-01-23_22:18:26.906[Status]{'id': 7, 'coordinate': [361.92622821710222, 623.17508988421548]}
2020-01-23_22:18:26.906[Status]Routing 23: Walk: 23
2020-01-23_22:18:27.007[Battery Energy]90.75
2020-01-23_22:18:27.007[Status]Routing Start.
2020-01-23_22:18:27.318[Status]{'id': 7, 'coordinate': [371.92302074828058, 622.92183292265963]}
2020-01-23_22:18:27.322[Status]Routing 24: Walk: 24
2020-01-23_22:18:27.426[Battery Energy]90.40
2020-01-23_22:18:27.426[Status]Routing Start.
2020-01-23_22:18:27.767[Status]{'id': 7, 'coordinate': [381.91981327945894, 622.66857596110378]}
2020-01-23_22:18:27.767[Status]Routing 25: Walk: 25
2020-01-23_22:18:27.874[Battery Energy]90.08
2020-01-23_22:18:27.874[Status]Routing Start.
2020-01-23_22:18:28.180[Status]{'id': 7, 'coordinate': [391.91660581063729, 622.41531899954794]}
2020-01-23_22:18:28.180[Status]Routing 26: Walk: 26
2020-01-23_22:18:28.280[Battery Energy]89.78
2020-01-23_22:18:28.280[Status]Routing Start.
2020-01-23_22:18:28.645[Status]{'id': 7, 'coordinate': [401.91339834181565, 622.16206203799209]}
2020-01-23_22:18:28.645[Status]Routing 27: Walk: 27
2020-01-23_22:18:28.746[Battery Energy]89.42
2020-01-23_22:18:28.746[Status]Routing Start.
2020-01-23_22:18:29.041[Status]{'id': 7, 'coordinate': [411.91019087299401, 621.90880507643624]}
2020-01-23_22:18:29.042[Status]Routing 28: Walk: 28
2020-01-23_22:18:29.150[Battery Energy]89.14
2020-01-23_22:18:29.158[Status]Routing Start.
2020-01-23_22:18:29.447[Status]{'id': 7, 'coordinate': [421.90698340417237, 621.65554811488039]}
2020-01-23_22:18:29.447[Status]Routing 29: Walk: 29
2020-01-23_22:18:29.550[Battery Energy]88.80
2020-01-23_22:18:29.551[Status]Routing Start.
2020-01-23_22:18:29.812[Status]{'id': 7, 'coordinate': [431.90377593535072, 621.40229115332454]}
2020-01-23_22:18:29.812[Status]Routing 30: Walk: 30
2020-01-23_22:18:29.933[Battery Energy]88.52
2020-01-23_22:18:29.934[Status]Routing Start.
2020-01-23_22:18:30.111[Status]{'id': 7, 'coordinate': [441.90056846652908, 621.14903419176869]}
2020-01-23_22:18:30.111[Status]Routing 31: Walk: 31
2020-01-23_22:18:30.211[Battery Energy]88.28
2020-01-23_22:18:30.211[Status]Routing Start.
2020-01-23_22:18:30.612[Status]{'id': 7, 'coordinate': [451.89736099770744, 620.89577723021284]}
2020-01-23_22:18:30.612[Status]Routing 32: Walk: 32
2020-01-23_22:18:30.712[Battery Energy]87.87
2020-01-23_22:18:30.712[Status]Routing Start.
2020-01-23_22:18:31.051[Status]{'id': 7, 'coordinate': [461.89415352888579, 620.64252026865699]}
2020-01-23_22:18:31.051[Status]Routing 33: Walk: 33
2020-01-23_22:18:31.151[Battery Energy]87.53
2020-01-23_22:18:31.152[Status]Routing Start.
2020-01-23_22:18:31.473[Status]{'id': 7, 'coordinate': [471.89094606006415, 620.38926330710115]}
2020-01-23_22:18:31.475[Status]Routing 34: Walk: 34
2020-01-23_22:18:31.582[Battery Energy]87.18
2020-01-23_22:18:31.582[Status]Routing Start.
2020-01-23_22:18:32.009[Status]{'id': 7, 'coordinate': [481.88773859124251, 620.1360063455453]}
2020-01-23_22:18:32.009[Status]Routing 35: Walk: 35
2020-01-23_22:18:32.114[Battery Energy]86.76
2020-01-23_22:18:32.114[Status]Routing Start.
2020-01-23_22:18:32.548[Status]{'id': 7, 'coordinate': [491.88453112242087, 619.88274938398945]}
2020-01-23_22:18:32.550[Status]Routing 36: Walk: 36
2020-01-23_22:18:32.654[Battery Energy]86.36
2020-01-23_22:18:32.654[Status]Routing Start.
2020-01-23_22:18:32.950[Status]{'id': 7, 'coordinate': [501.88132365359922, 619.6294924224336]}
2020-01-23_22:18:32.950[Status]Routing 37: Walk: 37
2020-01-23_22:18:33.062[Battery Energy]86.04
2020-01-23_22:18:33.062[Status]Routing Start.
2020-01-23_22:18:33.385[Status]{'id': 7, 'coordinate': [511.87811618477758, 619.37623546087775]}
2020-01-23_22:18:33.385[Status]Routing 38: Walk: 38
2020-01-23_22:18:33.486[Battery Energy]85.70
2020-01-23_22:18:33.486[Status]Routing Start.
2020-01-23_22:18:33.824[Status]{'id': 7, 'coordinate': [521.87490871595594, 619.1229784993219]}
2020-01-23_22:18:33.824[Status]Routing 39: Walk: 39
2020-01-23_22:18:33.938[Battery Energy]85.38
2020-01-23_22:18:33.938[Status]Routing Start.
2020-01-23_22:18:34.244[Status]{'id': 7, 'coordinate': [531.8717012471343, 618.86972153776605]}
2020-01-23_22:18:34.244[Status]Routing 40: Walk: 40
2020-01-23_22:18:34.344[Battery Energy]85.08
2020-01-23_22:18:34.344[Status]Routing Start.
2020-01-23_22:18:34.792[Status]{'id': 7, 'coordinate': [541.86849377831265, 618.61646457621021]}
2020-01-23_22:18:34.793[Status]Routing 41: Walk: 41
2020-01-23_22:18:34.894[Battery Energy]84.66
2020-01-23_22:18:34.894[Status]Routing Start.
2020-01-23_22:18:35.395[Status]{'id': 7, 'coordinate': [551.86528630949101, 618.36320761465436]}
2020-01-23_22:18:35.395[Status]Routing 42: Walk: 42
2020-01-23_22:18:35.498[Battery Energy]84.19
2020-01-23_22:18:35.498[Status]Routing Start.
2020-01-23_22:18:35.857[Status]{'id': 7, 'coordinate': [561.86207884066937, 618.10995065309851]}
2020-01-23_22:18:35.859[Status]Routing 43: Walk: 43
2020-01-23_22:18:35.974[Battery Energy]83.83
2020-01-23_22:18:35.974[Status]Routing Start.
2020-01-23_22:18:36.403[Status]{'id': 7, 'coordinate': [571.85887137184773, 617.85669369154266]}
2020-01-23_22:18:36.403[Status]Routing 44: Walk: 44
2020-01-23_22:18:36.503[Battery Energy]83.41
2020-01-23_22:18:36.503[Status]Routing Start.
2020-01-23_22:18:36.963[Status]{'id': 7, 'coordinate': [581.85566390302608, 617.60343672998681]}
2020-01-23_22:18:36.963[Status]Routing 45: Walk: 45
2020-01-23_22:18:37.066[Battery Energy]83.00
2020-01-23_22:18:37.066[Status]Routing Start.
2020-01-23_22:18:37.395[Status]{'id': 7, 'coordinate': [591.85245643420444, 617.35017976843096]}
2020-01-23_22:18:37.395[Status]Routing 46: Walk: 46
2020-01-23_22:18:37.495[Battery Energy]82.65
2020-01-23_22:18:37.495[Status]Routing Start.
2020-01-23_22:18:37.920[Status]{'id': 7, 'coordinate': [601.8492489653828, 617.09692280687511]}
2020-01-23_22:18:37.920[Status]Routing 47: Walk: 47
2020-01-23_22:18:38.020[Battery Energy]82.30
2020-01-23_22:18:38.020[Status]Routing Start.
2020-01-23_22:18:38.513[Status]{'id': 7, 'coordinate': [611.84604149656116, 616.84366584531926]}
2020-01-23_22:18:38.513[Status]Routing 48: Walk: 48
2020-01-23_22:18:38.613[Battery Energy]81.90
2020-01-23_22:18:38.614[Status]Routing Start.
2020-01-23_22:18:38.937[Status]{'id': 7, 'coordinate': [621.84283402773951, 616.59040888376342]}
2020-01-23_22:18:38.938[Status]Routing 49: Walk: 49
2020-01-23_22:18:39.054[Battery Energy]81.61
2020-01-23_22:18:39.054[Status]Routing Start.
2020-01-23_22:18:39.414[Status]{'id': 7, 'coordinate': [631.83962655891787, 616.33715192220757]}
2020-01-23_22:18:39.414[Status]Routing 50: Walk: 50
2020-01-23_22:18:39.516[Battery Energy]81.22
2020-01-23_22:18:39.516[Status]Routing Start.
2020-01-23_22:18:39.841[Status]{'id': 7, 'coordinate': [641.83641909009623, 616.08389496065172]}
2020-01-23_22:18:39.845[Status]Routing 51: Walk: 51
2020-01-23_22:18:39.950[Battery Energy]80.91
2020-01-23_22:18:39.950[Status]Routing Start.
2020-01-23_22:18:40.230[Status]{'id': 7, 'coordinate': [651.83321162127459, 615.83063799909587]}
2020-01-23_22:18:40.230[Status]Routing 52: Walk: 52
2020-01-23_22:18:40.336[Battery Energy]80.60
2020-01-23_22:18:40.346[Status]Routing Start.
2020-01-23_22:18:40.790[Status]{'id': 7, 'coordinate': [661.83000415245294, 615.57738103754002]}
2020-01-23_22:18:40.790[Status]Routing 53: Walk: 53
2020-01-23_22:18:40.897[Battery Energy]80.21
2020-01-23_22:18:40.897[Status]Routing Start.
2020-01-23_22:18:41.324[Status]{'id': 7, 'coordinate': [671.8267966836313, 615.32412407598417]}
2020-01-23_22:18:41.325[Status]Routing 54: Walk: 54
2020-01-23_22:18:41.426[Battery Energy]79.83
2020-01-23_22:18:41.426[Status]Routing Start.
2020-01-23_22:18:41.802[Status]{'id': 7, 'coordinate': [681.82358921480966, 615.07086711442832]}
2020-01-23_22:18:41.803[Status]Routing 55: Walk: 55
2020-01-23_22:18:41.906[Battery Energy]79.48
2020-01-23_22:18:41.906[Status]Routing Start.
2020-01-23_22:18:42.222[Status]{'id': 7, 'coordinate': [691.82038174598802, 614.81761015287248]}
2020-01-23_22:18:42.222[Status]Routing 56: Walk: 56
2020-01-23_22:18:42.326[Battery Energy]79.13
2020-01-23_22:18:42.326[Status]Routing Start.
2020-01-23_22:18:42.663[Status]{'id': 7, 'coordinate': [701.81717427716637, 614.56435319131663]}
2020-01-23_22:18:42.663[Status]Routing 57: Walk: 57
2020-01-23_22:18:42.767[Battery Energy]78.82
2020-01-23_22:18:42.767[Status]Routing Start.
2020-01-23_22:18:43.142[Status]{'id': 7, 'coordinate': [711.81396680834473, 614.31109622976078]}
2020-01-23_22:18:43.142[Status]Routing 58: Walk: 58
2020-01-23_22:18:43.242[Battery Energy]78.46
2020-01-23_22:18:43.242[Status]Routing Start.
2020-01-23_22:18:43.676[Status]{'id': 7, 'coordinate': [721.81075933952309, 614.05783926820493]}
2020-01-23_22:18:43.677[Status]Routing 59: Walk: 59
2020-01-23_22:18:43.782[Battery Energy]78.00
2020-01-23_22:18:43.782[Status]Routing Start.
2020-01-23_22:18:44.093[Status]{'id': 7, 'coordinate': [731.80755187070145, 613.80458230664908]}
2020-01-23_22:18:44.093[Status]Routing 60: Walk: 60
2020-01-23_22:18:44.194[Battery Energy]77.65
2020-01-23_22:18:44.194[Status]Routing Start.
2020-01-23_22:18:44.650[Status]{'id': 7, 'coordinate': [741.8043444018798, 613.55132534509323]}
2020-01-23_22:18:44.650[Status]Routing 61: Walk: 61
2020-01-23_22:18:44.750[Battery Energy]77.24
2020-01-23_22:18:44.750[Status]Routing Start.
2020-01-23_22:18:45.194[Status]{'id': 7, 'coordinate': [751.80113693305816, 613.29806838353738]}
2020-01-23_22:18:45.195[Status]Routing 62: Walk: 62
2020-01-23_22:18:45.298[Battery Energy]76.78
2020-01-23_22:18:45.298[Status]Routing Start.
2020-01-23_22:18:45.774[Status]{'id': 7, 'coordinate': [761.79792946423652, 613.04481142198154]}
2020-01-23_22:18:45.774[Status]Routing 63: Walk: 63
2020-01-23_22:18:45.875[Battery Energy]76.33
2020-01-23_22:18:45.875[Status]Routing Start.
2020-01-23_22:18:46.342[Status]{'id': 7, 'coordinate': [771.79472199541487, 612.79155446042569]}
2020-01-23_22:18:46.342[Status]Routing 64: Walk: 64
2020-01-23_22:18:46.450[Battery Energy]75.91
2020-01-23_22:18:46.450[Status]Routing Start.
2020-01-23_22:18:46.883[Status]{'id': 7, 'coordinate': [781.79151452659323, 612.53829749886984]}
2020-01-23_22:18:46.883[Status]Routing 65: Walk: 65
2020-01-23_22:18:46.983[Battery Energy]75.51
2020-01-23_22:18:46.983[Status]Routing Start.
2020-01-23_22:18:47.381[Status]{'id': 7, 'coordinate': [791.78830705777159, 612.28504053731399]}
2020-01-23_22:18:47.381[Status]Routing 66: Walk: 66
2020-01-23_22:18:47.490[Battery Energy]75.13
2020-01-23_22:18:47.490[Status]Routing Start.
2020-01-23_22:18:47.922[Status]{'id': 7, 'coordinate': [801.78509958894995, 612.03178357575814]}
2020-01-23_22:18:47.939[Status]Routing 67: Walk: 67
2020-01-23_22:18:48.039[Battery Energy]74.74
2020-01-23_22:18:48.040[Status]Routing Start.
2020-01-23_22:18:48.336[Status]{'id': 7, 'coordinate': [811.7818921201283, 611.77852661420229]}
2020-01-23_22:18:48.336[Status]Routing 68: Walk: 68
2020-01-23_22:18:48.438[Battery Energy]74.40
2020-01-23_22:18:48.438[Status]Routing Start.
2020-01-23_22:18:49.098[Status]{'id': 7, 'coordinate': [821.77868465130666, 611.52526965264644]}
2020-01-23_22:18:49.098[Status]Routing 69: Walk: 69
2020-01-23_22:18:49.198[Battery Energy]73.86
2020-01-23_22:18:49.198[Status]Routing Start.
2020-01-23_22:18:49.617[Status]{'id': 7, 'coordinate': [831.77547718248502, 611.27201269109059]}
2020-01-23_22:18:49.617[Status]Routing 70: Walk: 70
2020-01-23_22:18:49.718[Battery Energy]73.46
2020-01-23_22:18:49.718[Status]Routing Start.
2020-01-23_22:18:50.150[Status]{'id': 7, 'coordinate': [841.77226971366338, 611.01875572953475]}
2020-01-23_22:18:50.150[Status]Routing 71: Walk: 71
2020-01-23_22:18:50.254[Battery Energy]73.04
2020-01-23_22:18:50.254[Status]Routing Start.
2020-01-23_22:18:50.713[Status]{'id': 7, 'coordinate': [851.76906224484173, 610.7654987679789]}
2020-01-23_22:18:50.713[Status]Routing 72: Walk: 72
2020-01-23_22:18:50.814[Battery Energy]72.62
2020-01-23_22:18:50.814[Status]Routing Start.
2020-01-23_22:18:51.122[Status]{'id': 7, 'coordinate': [861.76585477602009, 610.51224180642316]}
2020-01-23_22:18:51.124[Status]Routing 73: Walk: 73
2020-01-23_22:18:51.224[Battery Energy]72.31
2020-01-23_22:18:51.224[Status]Routing Start.
2020-01-23_22:18:51.644[Status]{'id': 7, 'coordinate': [871.76264730719845, 610.25898484486731]}
2020-01-23_22:18:51.645[Status]Routing 74: Walk: 74
2020-01-23_22:18:51.745[Battery Energy]71.91
2020-01-23_22:18:51.745[Status]Routing Start.
2020-01-23_22:18:52.090[Status]{'id': 7, 'coordinate': [881.75943983837681, 610.00572788331158]}
2020-01-23_22:18:52.090[Status]Routing 75: Walk: 75
2020-01-23_22:18:52.194[Battery Energy]71.56
2020-01-23_22:18:52.194[Status]Routing Start.
2020-01-23_22:18:52.492[Status]{'id': 7, 'coordinate': [891.75623236955516, 609.75247092175573]}
2020-01-23_22:18:52.492[Status]Routing 76: Walk: 76
2020-01-23_22:18:52.611[Battery Energy]71.24
2020-01-23_22:18:52.612[Status]Routing Start.
2020-01-23_22:18:52.887[Status]{'id': 7, 'coordinate': [901.75302490073352, 609.4992139602]}
2020-01-23_22:18:52.888[Status]Routing 77: Walk: 77
2020-01-23_22:18:52.988[Battery Energy]70.95
2020-01-23_22:18:52.988[Status]Routing Start.
2020-01-23_22:18:53.315[Status]{'id': 7, 'coordinate': [911.74981743191188, 609.24595699864415]}
2020-01-23_22:18:53.316[Status]Routing 78: Walk: 78
2020-01-23_22:18:53.422[Battery Energy]70.60
2020-01-23_22:18:53.422[Status]Routing Start.
2020-01-23_22:18:53.855[Status]{'id': 7, 'coordinate': [921.74660996309024, 608.99270003708841]}
2020-01-23_22:18:53.855[Status]Routing 79: Walk: 79
2020-01-23_22:18:53.962[Battery Energy]70.17
2020-01-23_22:18:53.962[Status]Routing Start.
2020-01-23_22:18:54.419[Status]{'id': 7, 'coordinate': [931.74340249426859, 608.73944307553256]}
2020-01-23_22:18:54.419[Status]Routing 80: Walk: 80
2020-01-23_22:18:54.519[Battery Energy]69.75
2020-01-23_22:18:54.519[Status]Routing Start.
2020-01-23_22:18:54.933[Status]{'id': 7, 'coordinate': [941.74019502544695, 608.48618611397683]}
2020-01-23_22:18:54.933[Status]Routing 81: Walk: 81
2020-01-23_22:18:55.034[Battery Energy]69.36
2020-01-23_22:18:55.034[Status]Routing Start.
2020-01-23_22:18:55.499[Status]{'id': 7, 'coordinate': [951.73698755662531, 608.23292915242098]}
2020-01-23_22:18:55.499[Status]Routing 82: Walk: 82
2020-01-23_22:18:55.600[Battery Energy]68.94
2020-01-23_22:18:55.600[Status]Routing Start.
2020-01-23_22:18:56.055[Status]{'id': 7, 'coordinate': [961.73378008780367, 607.97967219086524]}
2020-01-23_22:18:56.056[Status]Routing 83: Walk: 83
2020-01-23_22:18:56.156[Battery Energy]68.52
2020-01-23_22:18:56.156[Status]Routing Start.
2020-01-23_22:18:56.604[Status]{'id': 7, 'coordinate': [971.73057261898202, 607.7264152293094]}
2020-01-23_22:18:56.605[Status]Routing 84: Walk: 84
2020-01-23_22:18:56.710[Battery Energy]68.14
2020-01-23_22:18:56.710[Status]Routing Start.
2020-01-23_22:18:57.007[Status]{'id': 7, 'coordinate': [981.72736515016038, 607.47315826775366]}
2020-01-23_22:18:57.009[Status]Routing 85: Walk: 85
2020-01-23_22:18:57.109[Battery Energy]67.87
2020-01-23_22:18:57.109[Status]Routing Start.
2020-01-23_22:18:57.506[Status]{'id': 7, 'coordinate': [991.72415768133874, 607.21990130619781]}
2020-01-23_22:18:57.506[Status]Routing 86: Walk: 86
2020-01-23_22:18:57.618[Battery Energy]67.53
2020-01-23_22:18:57.618[Status]Routing Start.
2020-01-23_22:18:58.146[Status]{'id': 7, 'coordinate': [1001.7209502125171, 606.96664434464208]}
2020-01-23_22:18:58.146[Status]Routing 87: Walk: 87
2020-01-23_22:18:58.250[Battery Energy]67.06
2020-01-23_22:18:58.250[Status]Routing Start.
2020-01-23_22:18:58.680[Status]{'id': 7, 'coordinate': [1011.7177427436955, 606.71338738308623]}
2020-01-23_22:18:58.680[Status]Routing 88: Walk: 88
2020-01-23_22:18:58.786[Battery Energy]66.63
2020-01-23_22:18:58.786[Status]Routing Start.
2020-01-23_22:18:59.154[Status]{'id': 7, 'coordinate': [1021.7145352748738, 606.46013042153049]}
2020-01-23_22:18:59.156[Status]Routing 89: Walk: 89
2020-01-23_22:18:59.257[Battery Energy]66.26
2020-01-23_22:18:59.257[Status]Routing Start.
2020-01-23_22:18:59.753[Status]{'id': 7, 'coordinate': [1031.7113278060522, 606.20687345997464]}
2020-01-23_22:18:59.753[Status]Routing 90: Walk: 90
2020-01-23_22:18:59.854[Battery Energy]65.83
2020-01-23_22:18:59.854[Status]Routing Start.
2020-01-23_22:19:00.343[Status]{'id': 7, 'coordinate': [1041.7081203372306, 605.95361649841891]}
2020-01-23_22:19:00.343[Status]Routing 91: Walk: 91
2020-01-23_22:19:00.445[Battery Energy]65.43
2020-01-23_22:19:00.445[Status]Routing Start.
2020-01-23_22:19:00.962[Status]{'id': 7, 'coordinate': [1051.7049128684091, 605.70035953686306]}
2020-01-23_22:19:00.963[Status]Routing 92: Walk: 92
2020-01-23_22:19:01.063[Battery Energy]65.00
2020-01-23_22:19:01.063[Status]Routing Start.
2020-01-23_22:19:01.506[Status]{'id': 7, 'coordinate': [1061.7017053995876, 605.44710257530733]}
2020-01-23_22:19:01.506[Status]Routing 93: Walk: 93
2020-01-23_22:19:01.606[Battery Energy]64.58
2020-01-23_22:19:01.607[Status]Routing Start.
2020-01-23_22:19:02.035[Status]{'id': 7, 'coordinate': [1071.6984979307661, 605.19384561375148]}
2020-01-23_22:19:02.036[Status]Routing 94: Walk: 94
2020-01-23_22:19:02.136[Battery Energy]64.18
2020-01-23_22:19:02.136[Status]Routing Start.
2020-01-23_22:19:02.463[Status]{'id': 7, 'coordinate': [1081.6952904619445, 604.94058865219574]}
2020-01-23_22:19:02.463[Status]Routing 95: Walk: 95
2020-01-23_22:19:02.564[Battery Energy]63.87
2020-01-23_22:19:02.564[Status]Routing Start.
2020-01-23_22:19:03.057[Status]{'id': 7, 'coordinate': [1091.692082993123, 604.68733169063989]}
2020-01-23_22:19:03.057[Status]Routing 96: Walk: 96
2020-01-23_22:19:03.157[Battery Energy]63.53
2020-01-23_22:19:03.157[Status]Routing Start.
2020-01-23_22:19:03.648[Status]{'id': 7, 'coordinate': [1101.6888755243015, 604.43407472908416]}
2020-01-23_22:19:03.650[Status]Routing 97: Walk: 97
2020-01-23_22:19:03.752[Battery Energy]63.10
2020-01-23_22:19:03.752[Status]Routing Start.
2020-01-23_22:19:04.311[Status]{'id': 7, 'coordinate': [1111.6856680554799, 604.18081776752831]}
2020-01-23_22:19:04.311[Status]Routing 98: Walk: 98
2020-01-23_22:19:04.418[Battery Energy]62.65
2020-01-23_22:19:04.418[Status]Routing Start.
2020-01-23_22:19:04.813[Status]{'id': 7, 'coordinate': [1121.6824605866584, 603.92756080597258]}
2020-01-23_22:19:04.813[Status]Routing 99: Walk: 99
2020-01-23_22:19:04.930[Battery Energy]62.28
2020-01-23_22:19:04.931[Status]Routing Start.
2020-01-23_22:19:05.257[Status]{'id': 7, 'coordinate': [1131.6792531178369, 603.67430384441673]}
2020-01-23_22:19:05.260[Status]Routing 100: Walk: 100
2020-01-23_22:19:05.362[Battery Energy]61.94
2020-01-23_22:19:05.362[Status]Routing Start.
2020-01-23_22:19:05.829[Status]{'id': 7, 'coordinate': [1141.6760456490154, 603.42104688286099]}
2020-01-23_22:19:05.830[Status]Routing 101: Walk: 101
2020-01-23_22:19:05.934[Battery Energy]61.51
2020-01-23_22:19:05.934[Status]Routing Start.
2020-01-23_22:19:06.247[Status]{'id': 7, 'coordinate': [1151.6728381801938, 603.16778992130514]}
2020-01-23_22:19:06.248[Status]Routing 102: Walk: 102
2020-01-23_22:19:06.353[Battery Energy]61.23
2020-01-23_22:19:06.354[Status]Routing Start.
2020-01-23_22:19:06.888[Status]{'id': 7, 'coordinate': [1161.6696307113723, 602.91453295974941]}
2020-01-23_22:19:06.889[Status]Routing 103: Walk: 103
2020-01-23_22:19:06.994[Battery Energy]60.79
2020-01-23_22:19:06.994[Status]Routing Start.
2020-01-23_22:19:07.368[Status]{'id': 7, 'coordinate': [1171.6664232425508, 602.66127599819356]}
2020-01-23_22:19:07.368[Status]Routing 104: Walk: 104
2020-01-23_22:19:07.471[Battery Energy]60.41
2020-01-23_22:19:07.471[Status]Routing Start.
2020-01-23_22:19:07.471[Status]Task Finished.
2020-01-23_22:19:07.571[Battery Energy]60.41
