2020-02-08_13:45:50.379[Status]Start.
2020-02-08_13:45:50.379[Battery Energy]118.00
2020-02-08_13:45:51.481[Battery Energy]117.96
2020-02-08_13:45:52.582[Battery Energy]117.92
2020-02-08_13:45:53.683[Battery Energy]117.88
2020-02-08_13:45:54.784[Battery Energy]117.84
2020-02-08_13:45:55.885[Task]A New Task Released.
2020-02-08_13:45:55.886[Battery Energy]117.80
2020-02-08_13:45:55.886[Status]Selection Start.
2020-02-08_13:46:01.406[Status]Selection End: Do Task 0.
2020-02-08_13:46:01.522[Battery Energy]114.20
2020-02-08_13:46:01.522[Status]Formation Start.
2020-02-08_13:46:01.658[Status]Formation End: To Position 1.
2020-02-08_13:46:01.758[Battery Energy]114.09
2020-02-08_13:46:01.758[Status]Routing Start.
2020-02-08_13:46:01.924[Status]{'id': 7, 'coordinate': [141.99857374375352, 626.1688878051322]}
2020-02-08_13:46:01.924[Status]Routing 1: Walk: 1
2020-02-08_13:46:02.032[Battery Energy]113.91
2020-02-08_13:46:02.032[Status]Routing Start.
2020-02-08_13:46:02.185[Status]{'id': 7, 'coordinate': [151.99714748750705, 626.3377756102644]}
2020-02-08_13:46:02.188[Status]Routing 2: Walk: 2
2020-02-08_13:46:02.290[Battery Energy]113.71
2020-02-08_13:46:02.290[Status]Routing Start.
2020-02-08_13:46:02.434[Status]{'id': 7, 'coordinate': [161.99572123126057, 626.5066634153966]}
2020-02-08_13:46:02.434[Status]Routing 3: Walk: 3
2020-02-08_13:46:02.542[Battery Energy]113.51
2020-02-08_13:46:02.542[Status]Routing Start.
2020-02-08_13:46:02.688[Status]{'id': 7, 'coordinate': [171.9942949750141, 626.6755512205289]}
2020-02-08_13:46:02.688[Status]Routing 4: Walk: 4
2020-02-08_13:46:02.791[Battery Energy]113.31
2020-02-08_13:46:02.791[Status]Routing Start.
2020-02-08_13:46:02.943[Status]{'id': 7, 'coordinate': [181.99286871876762, 626.844439025661]}
2020-02-08_13:46:02.943[Status]Routing 5: Walk: 5
2020-02-08_13:46:03.044[Battery Energy]113.11
2020-02-08_13:46:03.044[Status]Routing Start.
2020-02-08_13:46:03.365[Status]{'id': 7, 'coordinate': [191.99144246252115, 627.0133268307933]}
2020-02-08_13:46:03.365[Status]Routing 6: Walk: 6
2020-02-08_13:46:03.466[Battery Energy]112.82
2020-02-08_13:46:03.466[Status]Routing Start.
2020-02-08_13:46:03.815[Status]{'id': 7, 'coordinate': [201.99001620627467, 627.1822146359254]}
2020-02-08_13:46:03.815[Status]Routing 7: Walk: 7
2020-02-08_13:46:03.934[Battery Energy]112.48
2020-02-08_13:46:03.934[Status]Routing Start.
2020-02-08_13:46:04.268[Status]{'id': 7, 'coordinate': [211.9885899500282, 627.3511024410577]}
2020-02-08_13:46:04.268[Status]Routing 8: Walk: 8
2020-02-08_13:46:04.374[Battery Energy]112.16
2020-02-08_13:46:04.374[Status]Routing Start.
2020-02-08_13:46:04.673[Status]{'id': 7, 'coordinate': [221.98716369378172, 627.5199902461899]}
2020-02-08_13:46:04.674[Status]Routing 9: Walk: 9
2020-02-08_13:46:04.774[Battery Energy]111.89
2020-02-08_13:46:04.790[Status]Routing Start.
2020-02-08_13:46:05.112[Status]{'id': 7, 'coordinate': [231.98573743753525, 627.6888780513221]}
2020-02-08_13:46:05.114[Status]Routing 10: Walk: 10
2020-02-08_13:46:05.222[Battery Energy]111.57
2020-02-08_13:46:05.222[Status]Routing Start.
2020-02-08_13:46:05.580[Status]{'id': 7, 'coordinate': [241.98431118128877, 627.8577658564543]}
2020-02-08_13:46:05.580[Status]Routing 11: Walk: 11
2020-02-08_13:46:05.681[Battery Energy]111.23
2020-02-08_13:46:05.681[Status]Routing Start.
2020-02-08_13:46:06.072[Status]{'id': 7, 'coordinate': [251.9828849250423, 628.0266536615866]}
2020-02-08_13:46:06.072[Status]Routing 12: Walk: 12
2020-02-08_13:46:06.173[Battery Energy]110.87
2020-02-08_13:46:06.173[Status]Routing Start.
2020-02-08_13:46:06.486[Status]{'id': 7, 'coordinate': [261.9814586687958, 628.1955414667187]}
2020-02-08_13:46:06.486[Status]Routing 13: Walk: 13
2020-02-08_13:46:06.602[Battery Energy]110.57
2020-02-08_13:46:06.602[Status]Routing Start.
2020-02-08_13:46:06.929[Status]{'id': 7, 'coordinate': [271.98003241254935, 628.364429271851]}
2020-02-08_13:46:06.929[Status]Routing 14: Walk: 14
2020-02-08_13:46:07.029[Battery Energy]110.23
2020-02-08_13:46:07.029[Status]Routing Start.
2020-02-08_13:46:07.329[Status]{'id': 7, 'coordinate': [281.9786061563029, 628.5333170769832]}
2020-02-08_13:46:07.329[Status]Routing 15: Walk: 15
2020-02-08_13:46:07.429[Battery Energy]109.88
2020-02-08_13:46:07.429[Status]Routing Start.
2020-02-08_13:46:07.767[Status]{'id': 7, 'coordinate': [291.9771799000564, 628.7022048821154]}
2020-02-08_13:46:07.767[Status]Routing 16: Walk: 16
2020-02-08_13:46:07.870[Battery Energy]109.56
2020-02-08_13:46:07.870[Status]Routing Start.
2020-02-08_13:46:08.240[Status]{'id': 7, 'coordinate': [301.9757536438099, 628.8710926872476]}
2020-02-08_13:46:08.240[Status]Routing 17: Walk: 17
2020-02-08_13:46:08.346[Battery Energy]109.19
2020-02-08_13:46:08.346[Status]Routing Start.
2020-02-08_13:46:08.643[Status]{'id': 7, 'coordinate': [311.97432738756345, 629.0399804923799]}
2020-02-08_13:46:08.643[Status]Routing 18: Walk: 18
2020-02-08_13:46:08.745[Battery Energy]108.90
2020-02-08_13:46:08.745[Status]Routing Start.
2020-02-08_13:46:09.100[Status]{'id': 7, 'coordinate': [321.972901131317, 629.208868297512]}
2020-02-08_13:46:09.100[Status]Routing 19: Walk: 19
2020-02-08_13:46:09.206[Battery Energy]108.58
2020-02-08_13:46:09.206[Status]Routing Start.
2020-02-08_13:46:09.547[Status]{'id': 7, 'coordinate': [331.9714748750705, 629.3777561026443]}
2020-02-08_13:46:09.547[Status]Routing 20: Walk: 20
2020-02-08_13:46:09.647[Battery Energy]108.26
2020-02-08_13:46:09.647[Status]Routing Start.
2020-02-08_13:46:10.056[Status]{'id': 7, 'coordinate': [341.970048618824, 629.5466439077765]}
2020-02-08_13:46:10.056[Status]Routing 21: Walk: 21
2020-02-08_13:46:10.157[Battery Energy]107.89
2020-02-08_13:46:10.157[Status]Routing Start.
2020-02-08_13:46:10.512[Status]{'id': 7, 'coordinate': [351.96862236257755, 629.7155317129087]}
2020-02-08_13:46:10.512[Status]Routing 22: Walk: 22
2020-02-08_13:46:10.612[Battery Energy]107.56
2020-02-08_13:46:10.612[Status]Routing Start.
2020-02-08_13:46:10.976[Status]{'id': 7, 'coordinate': [361.9671961063311, 629.8844195180409]}
2020-02-08_13:46:10.976[Status]Routing 23: Walk: 23
2020-02-08_13:46:11.076[Battery Energy]107.23
2020-02-08_13:46:11.076[Status]Routing Start.
2020-02-08_13:46:11.396[Status]{'id': 7, 'coordinate': [371.9657698500846, 630.0533073231732]}
2020-02-08_13:46:11.396[Status]Routing 24: Walk: 24
2020-02-08_13:46:11.498[Battery Energy]106.91
2020-02-08_13:46:11.498[Status]Routing Start.
2020-02-08_13:46:11.664[Status]{'id': 7, 'coordinate': [381.9643435938381, 630.2221951283053]}
2020-02-08_13:46:11.664[Status]Routing 25: Walk: 25
2020-02-08_13:46:11.764[Battery Energy]106.69
2020-02-08_13:46:11.764[Status]Routing Start.
2020-02-08_13:46:11.943[Status]{'id': 7, 'coordinate': [391.96291733759165, 630.3910829334376]}
2020-02-08_13:46:11.943[Status]Routing 26: Walk: 26
2020-02-08_13:46:12.050[Battery Energy]106.50
2020-02-08_13:46:12.050[Status]Routing Start.
2020-02-08_13:46:12.195[Status]{'id': 7, 'coordinate': [401.9614910813452, 630.5599707385697]}
2020-02-08_13:46:12.198[Status]Routing 27: Walk: 27
2020-02-08_13:46:12.308[Battery Energy]106.30
2020-02-08_13:46:12.308[Status]Routing Start.
2020-02-08_13:46:12.604[Status]{'id': 7, 'coordinate': [411.9600648250987, 630.728858543702]}
2020-02-08_13:46:12.604[Status]Routing 28: Walk: 28
2020-02-08_13:46:12.704[Battery Energy]106.00
2020-02-08_13:46:12.704[Status]Routing Start.
2020-02-08_13:46:13.017[Status]{'id': 7, 'coordinate': [421.9586385688522, 630.8977463488342]}
2020-02-08_13:46:13.017[Status]Routing 29: Walk: 29
2020-02-08_13:46:13.117[Battery Energy]105.71
2020-02-08_13:46:13.117[Status]Routing Start.
2020-02-08_13:46:13.427[Status]{'id': 7, 'coordinate': [431.95721231260575, 631.0666341539664]}
2020-02-08_13:46:13.427[Status]Routing 30: Walk: 30
2020-02-08_13:46:13.527[Battery Energy]105.43
2020-02-08_13:46:13.527[Status]Routing Start.
2020-02-08_13:46:13.708[Status]{'id': 7, 'coordinate': [441.9557860563593, 631.2355219590986]}
2020-02-08_13:46:13.708[Status]Routing 31: Walk: 31
2020-02-08_13:46:13.809[Battery Energy]105.23
2020-02-08_13:46:13.809[Status]Routing Start.
2020-02-08_13:46:13.809[Status]Task Finished.
2020-02-08_13:46:13.914[Battery Energy]105.23
2020-02-08_13:46:14.120[Status]Routing 33: Walk: 31
2020-02-08_13:46:14.220[Battery Energy]105.10
2020-02-08_13:46:14.564[Status]Routing 34: Walk: 31
2020-02-08_13:46:14.667[Battery Energy]104.90
2020-02-08_13:46:15.009[Status]Routing 35: Walk: 31
2020-02-08_13:46:15.118[Battery Energy]104.68
2020-02-08_13:46:15.463[Status]Routing 36: Walk: 31
2020-02-08_13:46:15.564[Battery Energy]104.46
2020-02-08_13:46:15.897[Status]Routing 37: Walk: 31
2020-02-08_13:46:15.997[Battery Energy]104.22
2020-02-08_13:46:16.317[Status]Routing 38: Walk: 31
2020-02-08_13:46:16.422[Battery Energy]104.02
2020-02-08_13:46:16.592[Status]Routing 39: Walk: 31
2020-02-08_13:46:16.697[Battery Energy]103.89
2020-02-08_13:46:17.187[Status]Routing 40: Walk: 31
2020-02-08_13:46:17.287[Battery Energy]103.49
2020-02-08_13:46:17.561[Status]Routing 41: Walk: 31
2020-02-08_13:46:17.662[Battery Energy]103.23
2020-02-08_13:46:17.985[Status]Routing 42: Walk: 31
2020-02-08_13:46:18.085[Battery Energy]102.91
2020-02-08_13:46:18.257[Status]Routing 43: Walk: 31
2020-02-08_13:46:18.370[Battery Energy]102.80
2020-02-08_13:46:18.703[Status]Routing 44: Walk: 31
2020-02-08_13:46:18.803[Battery Energy]102.50
2020-02-08_13:46:19.119[Status]Routing 45: Walk: 31
2020-02-08_13:46:19.222[Battery Energy]102.23
2020-02-08_13:46:19.356[Status]Routing 46: Walk: 31
2020-02-08_13:46:19.461[Battery Energy]102.10
2020-02-08_13:46:19.617[Status]Routing 47: Walk: 31
2020-02-08_13:46:19.719[Battery Energy]101.98
2020-02-08_13:46:19.897[Status]Routing 48: Walk: 31
2020-02-08_13:46:20.002[Battery Energy]101.86
2020-02-08_13:46:20.144[Status]Routing 49: Walk: 31
2020-02-08_13:46:20.246[Battery Energy]101.77
2020-02-08_13:46:20.536[Status]Routing 50: Walk: 31
2020-02-08_13:46:20.636[Battery Energy]101.59
2020-02-08_13:46:20.807[Status]Routing 51: Walk: 31
2020-02-08_13:46:20.908[Battery Energy]101.45
2020-02-08_13:46:21.084[Status]Routing 52: Walk: 31
2020-02-08_13:46:21.198[Battery Energy]101.33
2020-02-08_13:46:21.341[Status]Routing 53: Walk: 31
2020-02-08_13:46:21.446[Battery Energy]101.24
2020-02-08_13:46:21.613[Status]Routing 54: Walk: 31
2020-02-08_13:46:21.717[Battery Energy]101.14
2020-02-08_13:46:21.857[Status]Routing 55: Walk: 31
2020-02-08_13:46:21.962[Battery Energy]101.05
2020-02-08_13:46:22.131[Status]Routing 56: Walk: 31
2020-02-08_13:46:22.246[Battery Energy]100.95
2020-02-08_13:46:22.563[Status]Routing 57: Walk: 31
2020-02-08_13:46:22.678[Battery Energy]100.74
2020-02-08_13:46:22.851[Status]Routing 58: Walk: 31
2020-02-08_13:46:22.954[Battery Energy]100.62
2020-02-08_13:46:23.104[Status]Routing 59: Walk: 31
2020-02-08_13:46:23.214[Battery Energy]100.52
2020-02-08_13:46:23.393[Status]Routing 60: Walk: 31
2020-02-08_13:46:23.506[Battery Energy]100.43
2020-02-08_13:46:23.657[Status]Routing 61: Walk: 31
2020-02-08_13:46:23.758[Battery Energy]100.34
2020-02-08_13:46:23.949[Status]Routing 62: Walk: 31
2020-02-08_13:46:24.050[Battery Energy]100.20
2020-02-08_13:46:24.180[Status]Routing 63: Walk: 31
2020-02-08_13:46:24.282[Battery Energy]100.10
2020-02-08_13:46:24.440[Status]Routing 64: Walk: 31
2020-02-08_13:46:24.550[Battery Energy]99.99
2020-02-08_13:46:24.878[Status]Routing 65: Walk: 31
2020-02-08_13:46:24.979[Battery Energy]99.81
2020-02-08_13:46:25.271[Status]Routing 66: Walk: 31
2020-02-08_13:46:25.375[Battery Energy]99.61
2020-02-08_13:46:25.671[Status]Routing 67: Walk: 31
2020-02-08_13:46:25.771[Battery Energy]99.41
2020-02-08_13:46:25.957[Status]Routing 68: Walk: 31
2020-02-08_13:46:26.060[Battery Energy]99.31
2020-02-08_13:46:26.211[Status]Routing 69: Walk: 31
2020-02-08_13:46:26.318[Battery Energy]99.22
2020-02-08_13:46:26.475[Status]Routing 70: Walk: 31
2020-02-08_13:46:26.576[Battery Energy]99.09
2020-02-08_13:46:26.767[Status]Routing 71: Walk: 31
2020-02-08_13:46:26.874[Battery Energy]98.97
2020-02-08_13:46:27.029[Status]Routing 72: Walk: 31
2020-02-08_13:46:27.129[Battery Energy]98.89
2020-02-08_13:46:27.294[Status]Routing 73: Walk: 31
2020-02-08_13:46:27.410[Battery Energy]98.77
2020-02-08_13:46:27.559[Status]Routing 74: Walk: 31
2020-02-08_13:46:27.659[Battery Energy]98.66
2020-02-08_13:46:27.803[Status]Routing 75: Walk: 31
2020-02-08_13:46:27.914[Battery Energy]98.55
2020-02-08_13:46:28.071[Status]Routing 76: Walk: 31
2020-02-08_13:46:28.174[Battery Energy]98.44
2020-02-08_13:46:28.355[Status]Routing 77: Walk: 31
2020-02-08_13:46:28.456[Battery Energy]98.30
2020-02-08_13:46:28.634[Status]Routing 78: Walk: 31
2020-02-08_13:46:28.736[Battery Energy]98.18
2020-02-08_13:46:28.921[Status]Routing 79: Walk: 31
2020-02-08_13:46:29.026[Battery Energy]98.05
2020-02-08_13:46:29.368[Status]Routing 80: Walk: 31
2020-02-08_13:46:29.471[Battery Energy]97.84
2020-02-08_13:46:29.610[Status]Routing 81: Walk: 31
2020-02-08_13:46:29.710[Battery Energy]97.73
2020-02-08_13:46:29.863[Status]Routing 82: Walk: 31
2020-02-08_13:46:29.977[Battery Energy]97.63
2020-02-08_13:46:30.111[Status]Routing 83: Walk: 31
2020-02-08_13:46:30.222[Battery Energy]97.52
2020-02-08_13:46:30.370[Status]Routing 84: Walk: 31
2020-02-08_13:46:30.482[Battery Energy]97.41
2020-02-08_13:46:30.640[Status]Routing 85: Walk: 31
2020-02-08_13:46:30.750[Battery Energy]97.30
2020-02-08_13:46:31.102[Status]Routing 86: Walk: 31
2020-02-08_13:46:31.203[Battery Energy]97.11
2020-02-08_13:46:31.360[Status]Routing 87: Walk: 31
2020-02-08_13:46:31.461[Battery Energy]97.01
2020-02-08_13:46:31.614[Status]Routing 88: Walk: 31
2020-02-08_13:46:31.722[Battery Energy]96.91
2020-02-08_13:46:31.881[Status]Routing 89: Walk: 31
2020-02-08_13:46:31.982[Battery Energy]96.79
2020-02-08_13:46:32.254[Status]Routing 90: Walk: 31
2020-02-08_13:46:32.355[Battery Energy]96.65
2020-02-08_13:46:32.508[Status]Routing 91: Walk: 31
2020-02-08_13:46:32.618[Battery Energy]96.55
2020-02-08_13:46:32.767[Status]Routing 92: Walk: 31
2020-02-08_13:46:32.868[Battery Energy]96.44
2020-02-08_13:46:33.190[Status]Routing 93: Walk: 31
2020-02-08_13:46:33.296[Battery Energy]96.22
2020-02-08_13:46:33.663[Status]Routing 94: Walk: 31
2020-02-08_13:46:33.767[Battery Energy]95.96
2020-02-08_13:46:34.139[Status]Routing 95: Walk: 31
2020-02-08_13:46:34.246[Battery Energy]95.72
2020-02-08_13:46:34.401[Status]Routing 96: Walk: 31
2020-02-08_13:46:34.501[Battery Energy]95.64
2020-02-08_13:46:34.870[Status]Routing 97: Walk: 31
2020-02-08_13:46:34.976[Battery Energy]95.41
2020-02-08_13:46:35.303[Status]Routing 98: Walk: 31
2020-02-08_13:46:35.406[Battery Energy]95.24
2020-02-08_13:46:35.717[Status]Routing 99: Walk: 31
2020-02-08_13:46:35.822[Battery Energy]95.02
2020-02-08_13:46:35.987[Status]Routing 100: Walk: 31
2020-02-08_13:46:36.110[Battery Energy]94.92
2020-02-08_13:46:36.416[Status]Routing 101: Walk: 31
2020-02-08_13:46:36.526[Battery Energy]94.73
2020-02-08_13:46:36.844[Status]Routing 102: Walk: 31
2020-02-08_13:46:36.950[Battery Energy]94.53
2020-02-08_13:46:37.106[Status]Routing 103: Walk: 31
2020-02-08_13:46:37.206[Battery Energy]94.40
2020-02-08_13:46:37.499[Status]Routing 104: Walk: 31
2020-02-08_13:46:37.604[Battery Energy]94.20
2020-02-08_13:46:37.745[Status]Routing 105: Walk: 31
2020-02-08_13:46:37.858[Battery Energy]94.10
2020-02-08_13:46:37.986[Status]Routing 106: Walk: 31
2020-02-08_13:46:38.101[Battery Energy]94.00
2020-02-08_13:46:38.246[Status]Routing 107: Walk: 31
2020-02-08_13:46:38.350[Battery Energy]93.89
2020-02-08_13:46:38.506[Status]Routing 108: Walk: 31
2020-02-08_13:46:38.618[Battery Energy]93.78
2020-02-08_13:46:38.777[Status]Routing 109: Walk: 31
2020-02-08_13:46:38.883[Battery Energy]93.65
2020-02-08_13:46:39.135[Status]Routing 110: Walk: 31
2020-02-08_13:46:39.235[Battery Energy]93.45
2020-02-08_13:46:39.395[Status]Routing 111: Walk: 31
2020-02-08_13:46:39.495[Battery Energy]93.36
2020-02-08_13:46:39.826[Status]Routing 112: Walk: 31
2020-02-08_13:46:39.935[Battery Energy]93.13
2020-02-08_13:46:40.226[Status]Routing 113: Walk: 31
2020-02-08_13:46:40.338[Battery Energy]92.95
2020-02-08_13:46:40.621[Status]Routing 114: Walk: 31
2020-02-08_13:46:40.730[Battery Energy]92.73
2020-02-08_13:46:41.052[Status]Routing 115: Walk: 31
2020-02-08_13:46:41.156[Battery Energy]92.53
2020-02-08_13:46:41.468[Status]Routing 116: Walk: 31
2020-02-08_13:46:41.577[Battery Energy]92.35
2020-02-08_13:46:41.753[Status]Routing 117: Walk: 31
2020-02-08_13:46:41.862[Battery Energy]92.23
2020-02-08_13:46:42.178[Status]Routing 118: Walk: 31
2020-02-08_13:46:42.278[Battery Energy]92.03
2020-02-08_13:46:42.608[Status]Routing 119: Walk: 31
2020-02-08_13:46:42.709[Battery Energy]91.80
2020-02-08_13:46:43.026[Status]Routing 120: Walk: 31
2020-02-08_13:46:43.128[Battery Energy]91.62
2020-02-08_13:46:43.501[Status]Routing 121: Walk: 31
2020-02-08_13:46:43.610[Battery Energy]91.35
2020-02-08_13:46:43.929[Status]Routing 122: Walk: 31
2020-02-08_13:46:44.034[Battery Energy]91.17
2020-02-08_13:46:44.428[Status]Routing 123: Walk: 31
2020-02-08_13:46:44.538[Battery Energy]90.90
2020-02-08_13:46:44.824[Status]Routing 124: Walk: 31
2020-02-08_13:46:44.938[Battery Energy]90.67
2020-02-08_13:46:45.227[Status]Routing 125: Walk: 31
2020-02-08_13:46:45.334[Battery Energy]90.46
2020-02-08_13:46:45.647[Status]Routing 126: Walk: 31
2020-02-08_13:46:45.762[Battery Energy]90.25
2020-02-08_13:46:46.081[Status]Routing 127: Walk: 31
2020-02-08_13:46:46.185[Battery Energy]90.06
2020-02-08_13:46:46.421[Status]Routing 128: Walk: 31
2020-02-08_13:46:46.522[Battery Energy]89.91
2020-02-08_13:46:46.805[Status]Routing 129: Walk: 31
2020-02-08_13:46:46.914[Battery Energy]89.68
2020-02-08_13:46:47.039[Status]Routing 130: Walk: 31
2020-02-08_13:46:47.142[Battery Energy]89.60
2020-02-08_13:46:47.449[Status]Routing 131: Walk: 31
2020-02-08_13:46:47.558[Battery Energy]89.39
2020-02-08_13:46:47.865[Status]Routing 132: Walk: 31
2020-02-08_13:46:47.967[Battery Energy]89.20
2020-02-08_13:46:48.306[Status]Routing 133: Walk: 31
2020-02-08_13:46:48.407[Battery Energy]89.02
2020-02-08_13:46:48.699[Status]Routing 134: Walk: 31
2020-02-08_13:46:48.799[Battery Energy]88.81
2020-02-08_13:46:48.959[Status]Routing 135: Walk: 31
2020-02-08_13:46:49.060[Battery Energy]88.71
2020-02-08_13:46:49.240[Status]Routing 136: Walk: 31
2020-02-08_13:46:49.346[Battery Energy]88.59
2020-02-08_13:46:49.493[Status]Routing 137: Walk: 31
2020-02-08_13:46:49.606[Battery Energy]88.48
2020-02-08_13:46:49.748[Status]Routing 138: Walk: 31
2020-02-08_13:46:49.848[Battery Energy]88.37
2020-02-08_13:46:50.099[Status]Routing 139: Walk: 31
2020-02-08_13:46:50.199[Battery Energy]88.25
2020-02-08_13:46:50.373[Status]Routing 140: Walk: 31
2020-02-08_13:46:50.473[Battery Energy]88.13
2020-02-08_13:46:50.635[Status]Routing 141: Walk: 31
2020-02-08_13:46:50.736[Battery Energy]88.01
2020-02-08_13:46:50.891[Status]Routing 142: Walk: 31
2020-02-08_13:46:50.992[Battery Energy]87.92
2020-02-08_13:46:51.172[Status]Routing 143: Walk: 31
2020-02-08_13:46:51.282[Battery Energy]87.81
2020-02-08_13:46:51.418[Status]Routing 144: Walk: 31
2020-02-08_13:46:51.518[Battery Energy]87.71
2020-02-08_13:46:51.669[Status]Routing 145: Walk: 31
2020-02-08_13:46:51.782[Battery Energy]87.58
2020-02-08_13:46:51.908[Status]Routing 146: Walk: 31
2020-02-08_13:46:52.009[Battery Energy]87.49
2020-02-08_13:46:52.189[Status]Routing 147: Walk: 31
2020-02-08_13:46:52.294[Battery Energy]87.36
2020-02-08_13:46:52.455[Status]Routing 148: Walk: 31
2020-02-08_13:46:52.566[Battery Energy]87.23
2020-02-08_13:46:52.716[Status]Routing 149: Walk: 31
2020-02-08_13:46:52.826[Battery Energy]87.13
2020-02-08_13:46:53.010[Status]Routing 150: Walk: 31
2020-02-08_13:46:53.118[Battery Energy]87.02
2020-02-08_13:46:53.260[Status]Routing 151: Walk: 31
2020-02-08_13:46:53.366[Battery Energy]86.91
2020-02-08_13:46:53.514[Status]Routing 152: Walk: 31
2020-02-08_13:46:53.614[Battery Energy]86.80
2020-02-08_13:46:53.745[Status]Routing 153: Walk: 31
2020-02-08_13:46:53.852[Battery Energy]86.70
2020-02-08_13:46:53.993[Status]Routing 154: Walk: 31
2020-02-08_13:46:54.098[Battery Energy]86.60
2020-02-08_13:46:54.238[Status]Routing 155: Walk: 31
2020-02-08_13:46:54.338[Battery Energy]86.49
2020-02-08_13:46:54.526[Status]Routing 156: Walk: 31
2020-02-08_13:46:54.627[Battery Energy]86.37
2020-02-08_13:46:54.793[Status]Routing 157: Walk: 31
2020-02-08_13:46:54.900[Battery Energy]86.26
2020-02-08_13:46:55.055[Status]Routing 158: Walk: 31
2020-02-08_13:46:55.170[Battery Energy]86.14
2020-02-08_13:46:55.299[Status]Routing 159: Walk: 31
2020-02-08_13:46:55.402[Battery Energy]86.05
2020-02-08_13:46:55.613[Status]Routing 160: Walk: 31
2020-02-08_13:46:55.714[Battery Energy]85.89
2020-02-08_13:46:55.869[Status]Routing 161: Walk: 31
2020-02-08_13:46:55.982[Battery Energy]85.78
2020-02-08_13:46:56.127[Status]Routing 162: Walk: 31
2020-02-08_13:46:56.234[Battery Energy]85.67
2020-02-08_13:46:56.395[Status]Routing 163: Walk: 31
2020-02-08_13:46:56.504[Battery Energy]85.56
2020-02-08_13:46:56.660[Status]Routing 164: Walk: 31
2020-02-08_13:46:56.760[Battery Energy]85.47
2020-02-08_13:46:56.916[Status]Routing 165: Walk: 31
2020-02-08_13:46:57.028[Battery Energy]85.38
2020-02-08_13:46:57.169[Status]Routing 166: Walk: 31
2020-02-08_13:46:57.269[Battery Energy]85.29
2020-02-08_13:46:57.480[Status]Routing 167: Walk: 31
2020-02-08_13:46:57.581[Battery Energy]85.17
2020-02-08_13:46:57.765[Status]Routing 168: Walk: 31
2020-02-08_13:46:57.865[Battery Energy]85.08
2020-02-08_13:46:58.059[Status]Routing 169: Walk: 31
2020-02-08_13:46:58.166[Battery Energy]84.97
