2020-02-08_13:45:49.392[Status]Start.
2020-02-08_13:45:49.392[Battery Energy]118.00
2020-02-08_13:45:50.494[Battery Energy]117.96
2020-02-08_13:45:51.595[Battery Energy]117.92
2020-02-08_13:45:52.696[Battery Energy]117.88
2020-02-08_13:45:53.798[Battery Energy]117.84
2020-02-08_13:45:54.898[Task]A New Task Released.
2020-02-08_13:45:54.898[Battery Energy]117.80
2020-02-08_13:45:54.898[Status]Selection Start.
2020-02-08_13:46:01.410[Status]Selection End: Do Task 0.
2020-02-08_13:46:01.518[Battery Energy]113.10
2020-02-08_13:46:01.518[Status]Formation Start.
2020-02-08_13:46:01.662[Status]Formation End: To Position 3.
2020-02-08_13:46:01.770[Battery Energy]112.99
2020-02-08_13:46:01.770[Status]Routing Start.
2020-02-08_13:46:01.916[Status]{'coordinate': [128.80955337142845, 474.83491314633494], 'id': 2}
2020-02-08_13:46:01.917[Status]Routing 1: Walk: 1
2020-02-08_13:46:02.017[Battery Energy]112.78
2020-02-08_13:46:02.017[Status]Routing Start.
2020-02-08_13:46:02.192[Status]{'coordinate': [130.6191067428569, 484.6698262926699], 'id': 2}
2020-02-08_13:46:02.192[Status]Routing 2: Walk: 2
2020-02-08_13:46:02.310[Battery Energy]112.55
2020-02-08_13:46:02.310[Status]Routing Start.
2020-02-08_13:46:02.422[Status]{'coordinate': [132.42866011428535, 494.5047394390048], 'id': 2}
2020-02-08_13:46:02.424[Status]Routing 3: Walk: 3
2020-02-08_13:46:02.524[Battery Energy]112.38
2020-02-08_13:46:02.524[Status]Routing Start.
2020-02-08_13:46:02.702[Status]{'coordinate': [134.2382134857138, 504.33965258533976], 'id': 2}
2020-02-08_13:46:02.702[Status]Routing 4: Walk: 4
2020-02-08_13:46:02.802[Battery Energy]112.17
2020-02-08_13:46:02.803[Status]Routing Start.
2020-02-08_13:46:02.950[Status]{'coordinate': [136.04776685714225, 514.1745657316748], 'id': 2}
2020-02-08_13:46:02.950[Status]Routing 5: Walk: 5
2020-02-08_13:46:03.057[Battery Energy]111.94
2020-02-08_13:46:03.057[Status]Routing Start.
2020-02-08_13:46:03.359[Status]{'coordinate': [137.8573202285707, 524.0094788780098], 'id': 2}
2020-02-08_13:46:03.359[Status]Routing 6: Walk: 6
2020-02-08_13:46:03.459[Battery Energy]111.63
2020-02-08_13:46:03.459[Status]Routing Start.
2020-02-08_13:46:03.970[Status]Routing 7: Walk: 6
2020-02-08_13:46:04.070[Battery Energy]111.15
2020-02-08_13:46:04.070[Status]Routing Start.
2020-02-08_13:46:04.445[Status]Routing 8: Walk: 6
2020-02-08_13:46:04.546[Battery Energy]110.82
2020-02-08_13:46:04.546[Status]Routing Start.
2020-02-08_13:46:04.849[Status]Routing 9: Walk: 6
2020-02-08_13:46:04.949[Battery Energy]110.54
2020-02-08_13:46:04.949[Status]Routing Start.
2020-02-08_13:46:05.337[Status]Routing 10: Walk: 6
2020-02-08_13:46:05.438[Battery Energy]110.21
2020-02-08_13:46:05.438[Status]Routing Start.
2020-02-08_13:46:05.803[Status]Routing 11: Walk: 6
2020-02-08_13:46:05.904[Battery Energy]109.87
2020-02-08_13:46:05.904[Status]Routing Start.
2020-02-08_13:46:06.073[Status]{'coordinate': [139.66687359999915, 533.8443920243448], 'id': 2}
2020-02-08_13:46:06.076[Status]Routing 12: Walk: 7
2020-02-08_13:46:06.178[Battery Energy]109.63
2020-02-08_13:46:06.178[Status]Routing Start.
2020-02-08_13:46:06.483[Status]{'coordinate': [141.4764269714276, 543.6793051706798], 'id': 2}
2020-02-08_13:46:06.483[Status]Routing 13: Walk: 8
2020-02-08_13:46:06.583[Battery Energy]109.32
2020-02-08_13:46:06.583[Status]Routing Start.
2020-02-08_13:46:07.113[Status]Routing 14: Walk: 8
2020-02-08_13:46:07.213[Battery Energy]108.87
2020-02-08_13:46:07.213[Status]Routing Start.
2020-02-08_13:46:07.502[Status]Routing 15: Walk: 8
2020-02-08_13:46:07.602[Battery Energy]108.59
2020-02-08_13:46:07.602[Status]Routing Start.
2020-02-08_13:46:07.921[Status]Routing 16: Walk: 8
2020-02-08_13:46:08.021[Battery Energy]108.28
2020-02-08_13:46:08.021[Status]Routing Start.
2020-02-08_13:46:08.393[Status]Routing 17: Walk: 8
2020-02-08_13:46:08.494[Battery Energy]107.93
2020-02-08_13:46:08.494[Status]Routing Start.
2020-02-08_13:46:08.640[Status]{'coordinate': [143.28598034285605, 553.5142183170148], 'id': 2}
2020-02-08_13:46:08.641[Status]Routing 18: Walk: 9
2020-02-08_13:46:08.750[Battery Energy]107.74
2020-02-08_13:46:08.750[Status]Routing Start.
2020-02-08_13:46:08.758[Status]Task Finished.
2020-02-08_13:46:08.858[Battery Energy]107.74
2020-02-08_13:46:09.089[Status]Routing 20: Walk: 9
2020-02-08_13:46:09.197[Battery Energy]107.56
2020-02-08_13:46:09.546[Status]Routing 21: Walk: 9
2020-02-08_13:46:09.650[Battery Energy]107.35
2020-02-08_13:46:10.040[Status]Routing 22: Walk: 9
2020-02-08_13:46:10.142[Battery Energy]107.06
2020-02-08_13:46:10.511[Status]Routing 23: Walk: 9
2020-02-08_13:46:10.611[Battery Energy]106.81
2020-02-08_13:46:10.970[Status]Routing 24: Walk: 9
2020-02-08_13:46:11.075[Battery Energy]106.54
2020-02-08_13:46:11.392[Status]Routing 25: Walk: 9
2020-02-08_13:46:11.492[Battery Energy]106.32
2020-02-08_13:46:11.667[Status]Routing 26: Walk: 9
2020-02-08_13:46:11.773[Battery Energy]106.20
2020-02-08_13:46:11.940[Status]Routing 27: Walk: 9
2020-02-08_13:46:12.040[Battery Energy]106.08
2020-02-08_13:46:12.199[Status]Routing 28: Walk: 9
2020-02-08_13:46:12.306[Battery Energy]105.96
2020-02-08_13:46:12.605[Status]Routing 29: Walk: 9
2020-02-08_13:46:12.705[Battery Energy]105.74
2020-02-08_13:46:13.015[Status]Routing 30: Walk: 9
2020-02-08_13:46:13.125[Battery Energy]105.57
2020-02-08_13:46:13.436[Status]Routing 31: Walk: 9
2020-02-08_13:46:13.542[Battery Energy]105.33
2020-02-08_13:46:13.699[Status]Routing 32: Walk: 9
2020-02-08_13:46:13.800[Battery Energy]105.21
2020-02-08_13:46:14.121[Status]Routing 33: Walk: 9
2020-02-08_13:46:14.230[Battery Energy]105.01
2020-02-08_13:46:14.565[Status]Routing 34: Walk: 9
2020-02-08_13:46:14.670[Battery Energy]104.76
2020-02-08_13:46:14.993[Status]Routing 35: Walk: 9
2020-02-08_13:46:15.093[Battery Energy]104.51
2020-02-08_13:46:15.463[Status]Routing 36: Walk: 9
2020-02-08_13:46:15.564[Battery Energy]104.28
2020-02-08_13:46:15.896[Status]Routing 37: Walk: 9
2020-02-08_13:46:15.997[Battery Energy]104.06
2020-02-08_13:46:16.320[Status]Routing 38: Walk: 9
2020-02-08_13:46:16.434[Battery Energy]103.87
2020-02-08_13:46:16.601[Status]Routing 39: Walk: 9
2020-02-08_13:46:16.711[Battery Energy]103.77
2020-02-08_13:46:17.008[Status]Routing 40: Walk: 9
2020-02-08_13:46:17.109[Battery Energy]103.58
2020-02-08_13:46:17.420[Status]Routing 41: Walk: 9
2020-02-08_13:46:17.520[Battery Energy]103.37
2020-02-08_13:46:17.842[Status]Routing 42: Walk: 9
2020-02-08_13:46:17.946[Battery Energy]103.14
2020-02-08_13:46:18.250[Status]Routing 43: Walk: 9
2020-02-08_13:46:18.351[Battery Energy]102.96
2020-02-08_13:46:18.544[Status]Routing 44: Walk: 9
2020-02-08_13:46:18.648[Battery Energy]102.82
2020-02-08_13:46:18.970[Status]Routing 45: Walk: 9
2020-02-08_13:46:19.074[Battery Energy]102.59
2020-02-08_13:46:19.357[Status]Routing 46: Walk: 9
2020-02-08_13:46:19.463[Battery Energy]102.40
2020-02-08_13:46:19.616[Status]Routing 47: Walk: 9
2020-02-08_13:46:19.716[Battery Energy]102.29
2020-02-08_13:46:19.891[Status]Routing 48: Walk: 9
2020-02-08_13:46:19.993[Battery Energy]102.18
2020-02-08_13:46:20.146[Status]Routing 49: Walk: 9
2020-02-08_13:46:20.251[Battery Energy]102.08
2020-02-08_13:46:20.562[Status]Routing 50: Walk: 9
2020-02-08_13:46:20.663[Battery Energy]101.86
2020-02-08_13:46:20.802[Status]Routing 51: Walk: 9
2020-02-08_13:46:20.903[Battery Energy]101.75
2020-02-08_13:46:21.082[Status]Routing 52: Walk: 9
2020-02-08_13:46:21.182[Battery Energy]101.66
2020-02-08_13:46:21.339[Status]Routing 53: Walk: 9
2020-02-08_13:46:21.439[Battery Energy]101.54
2020-02-08_13:46:21.620[Status]Routing 54: Walk: 9
2020-02-08_13:46:21.723[Battery Energy]101.39
2020-02-08_13:46:21.853[Status]Routing 55: Walk: 9
2020-02-08_13:46:21.953[Battery Energy]101.29
2020-02-08_13:46:22.136[Status]Routing 56: Walk: 9
2020-02-08_13:46:22.242[Battery Energy]101.18
2020-02-08_13:46:22.564[Status]Routing 57: Walk: 9
2020-02-08_13:46:22.665[Battery Energy]100.98
2020-02-08_13:46:22.850[Status]Routing 58: Walk: 9
2020-02-08_13:46:22.951[Battery Energy]100.85
2020-02-08_13:46:23.104[Status]Routing 59: Walk: 9
2020-02-08_13:46:23.214[Battery Energy]100.74
2020-02-08_13:46:23.390[Status]Routing 60: Walk: 9
2020-02-08_13:46:23.491[Battery Energy]100.64
2020-02-08_13:46:23.660[Status]Routing 61: Walk: 9
2020-02-08_13:46:23.774[Battery Energy]100.52
2020-02-08_13:46:23.928[Status]Routing 62: Walk: 9
2020-02-08_13:46:24.038[Battery Energy]100.41
2020-02-08_13:46:24.197[Status]Routing 63: Walk: 9
2020-02-08_13:46:24.297[Battery Energy]100.30
2020-02-08_13:46:24.438[Status]Routing 64: Walk: 9
2020-02-08_13:46:24.539[Battery Energy]100.17
2020-02-08_13:46:24.872[Status]Routing 65: Walk: 9
2020-02-08_13:46:24.986[Battery Energy]99.93
2020-02-08_13:46:25.270[Status]Routing 66: Walk: 9
2020-02-08_13:46:25.371[Battery Energy]99.77
2020-02-08_13:46:25.672[Status]Routing 67: Walk: 9
2020-02-08_13:46:25.790[Battery Energy]99.54
2020-02-08_13:46:25.953[Status]Routing 68: Walk: 9
2020-02-08_13:46:26.056[Battery Energy]99.42
2020-02-08_13:46:26.210[Status]Routing 69: Walk: 9
2020-02-08_13:46:26.318[Battery Energy]99.32
2020-02-08_13:46:26.473[Status]Routing 70: Walk: 9
2020-02-08_13:46:26.577[Battery Energy]99.19
2020-02-08_13:46:26.768[Status]Routing 71: Walk: 9
2020-02-08_13:46:26.878[Battery Energy]99.05
2020-02-08_13:46:27.031[Status]Routing 72: Walk: 9
2020-02-08_13:46:27.142[Battery Energy]98.96
2020-02-08_13:46:27.287[Status]Routing 73: Walk: 9
2020-02-08_13:46:27.397[Battery Energy]98.86
2020-02-08_13:46:27.560[Status]Routing 74: Walk: 9
2020-02-08_13:46:27.666[Battery Energy]98.75
2020-02-08_13:46:27.806[Status]Routing 75: Walk: 9
2020-02-08_13:46:27.918[Battery Energy]98.64
2020-02-08_13:46:28.076[Status]Routing 76: Walk: 9
2020-02-08_13:46:28.190[Battery Energy]98.51
2020-02-08_13:46:28.356[Status]Routing 77: Walk: 9
2020-02-08_13:46:28.460[Battery Energy]98.41
2020-02-08_13:46:28.634[Status]Routing 78: Walk: 9
2020-02-08_13:46:28.734[Battery Energy]98.28
2020-02-08_13:46:28.908[Status]Routing 79: Walk: 9
2020-02-08_13:46:29.010[Battery Energy]98.16
2020-02-08_13:46:29.370[Status]Routing 80: Walk: 9
2020-02-08_13:46:29.470[Battery Energy]97.88
2020-02-08_13:46:29.612[Status]Routing 81: Walk: 9
2020-02-08_13:46:29.730[Battery Energy]97.79
2020-02-08_13:46:29.866[Status]Routing 82: Walk: 9
2020-02-08_13:46:29.981[Battery Energy]97.67
2020-02-08_13:46:30.108[Status]Routing 83: Walk: 9
2020-02-08_13:46:30.209[Battery Energy]97.58
2020-02-08_13:46:30.371[Status]Routing 84: Walk: 9
2020-02-08_13:46:30.482[Battery Energy]97.48
2020-02-08_13:46:30.636[Status]Routing 85: Walk: 9
2020-02-08_13:46:30.736[Battery Energy]97.37
2020-02-08_13:46:31.103[Status]Routing 86: Walk: 9
2020-02-08_13:46:31.218[Battery Energy]97.11
2020-02-08_13:46:31.361[Status]Routing 87: Walk: 9
2020-02-08_13:46:31.478[Battery Energy]97.00
2020-02-08_13:46:31.609[Status]Routing 88: Walk: 9
2020-02-08_13:46:31.714[Battery Energy]96.89
2020-02-08_13:46:31.883[Status]Routing 89: Walk: 9
2020-02-08_13:46:31.990[Battery Energy]96.80
2020-02-08_13:46:32.245[Status]Routing 90: Walk: 9
2020-02-08_13:46:32.358[Battery Energy]96.64
2020-02-08_13:46:32.516[Status]Routing 91: Walk: 9
2020-02-08_13:46:32.622[Battery Energy]96.51
2020-02-08_13:46:32.763[Status]Routing 92: Walk: 9
2020-02-08_13:46:32.866[Battery Energy]96.39
2020-02-08_13:46:33.192[Status]Routing 93: Walk: 9
2020-02-08_13:46:33.293[Battery Energy]96.14
2020-02-08_13:46:33.661[Status]Routing 94: Walk: 9
2020-02-08_13:46:33.770[Battery Energy]95.93
2020-02-08_13:46:34.138[Status]Routing 95: Walk: 9
2020-02-08_13:46:34.238[Battery Energy]95.69
2020-02-08_13:46:34.406[Status]Routing 96: Walk: 9
2020-02-08_13:46:34.522[Battery Energy]95.57
2020-02-08_13:46:34.870[Status]Routing 97: Walk: 9
2020-02-08_13:46:34.970[Battery Energy]95.35
2020-02-08_13:46:35.289[Status]Routing 98: Walk: 9
2020-02-08_13:46:35.410[Battery Energy]95.13
2020-02-08_13:46:35.715[Status]Routing 99: Walk: 9
2020-02-08_13:46:35.815[Battery Energy]94.94
2020-02-08_13:46:35.999[Status]Routing 100: Walk: 9
2020-02-08_13:46:36.106[Battery Energy]94.80
2020-02-08_13:46:36.417[Status]Routing 101: Walk: 9
2020-02-08_13:46:36.517[Battery Energy]94.59
2020-02-08_13:46:36.835[Status]Routing 102: Walk: 9
2020-02-08_13:46:36.936[Battery Energy]94.37
2020-02-08_13:46:37.104[Status]Routing 103: Walk: 9
2020-02-08_13:46:37.214[Battery Energy]94.25
2020-02-08_13:46:37.494[Status]Routing 104: Walk: 9
2020-02-08_13:46:37.595[Battery Energy]94.05
2020-02-08_13:46:37.744[Status]Routing 105: Walk: 9
2020-02-08_13:46:37.844[Battery Energy]93.95
2020-02-08_13:46:37.989[Status]Routing 106: Walk: 9
2020-02-08_13:46:38.089[Battery Energy]93.86
2020-02-08_13:46:38.239[Status]Routing 107: Walk: 9
2020-02-08_13:46:38.342[Battery Energy]93.74
2020-02-08_13:46:38.505[Status]Routing 108: Walk: 9
2020-02-08_13:46:38.614[Battery Energy]93.61
2020-02-08_13:46:38.775[Status]Routing 109: Walk: 9
2020-02-08_13:46:38.875[Battery Energy]93.48
2020-02-08_13:46:39.134[Status]Routing 110: Walk: 9
2020-02-08_13:46:39.234[Battery Energy]93.30
2020-02-08_13:46:39.395[Status]Routing 111: Walk: 9
2020-02-08_13:46:39.495[Battery Energy]93.18
2020-02-08_13:46:39.826[Status]Routing 112: Walk: 9
2020-02-08_13:46:39.927[Battery Energy]92.94
2020-02-08_13:46:40.223[Status]Routing 113: Walk: 9
2020-02-08_13:46:40.324[Battery Energy]92.75
2020-02-08_13:46:40.617[Status]Routing 114: Walk: 9
2020-02-08_13:46:40.726[Battery Energy]92.55
2020-02-08_13:46:41.065[Status]Routing 115: Walk: 9
2020-02-08_13:46:41.165[Battery Energy]92.32
2020-02-08_13:46:41.471[Status]Routing 116: Walk: 9
2020-02-08_13:46:41.572[Battery Energy]92.12
2020-02-08_13:46:41.754[Status]Routing 117: Walk: 9
2020-02-08_13:46:41.857[Battery Energy]92.03
2020-02-08_13:46:42.182[Status]Routing 118: Walk: 9
2020-02-08_13:46:42.283[Battery Energy]91.81
2020-02-08_13:46:42.607[Status]Routing 119: Walk: 9
2020-02-08_13:46:42.714[Battery Energy]91.61
2020-02-08_13:46:43.024[Status]Routing 120: Walk: 9
2020-02-08_13:46:43.124[Battery Energy]91.43
2020-02-08_13:46:43.507[Status]Routing 121: Walk: 9
2020-02-08_13:46:43.611[Battery Energy]91.20
2020-02-08_13:46:43.925[Status]Routing 122: Walk: 9
2020-02-08_13:46:44.026[Battery Energy]90.98
2020-02-08_13:46:44.448[Status]Routing 123: Walk: 9
2020-02-08_13:46:44.549[Battery Energy]90.68
2020-02-08_13:46:44.835[Status]Routing 124: Walk: 9
2020-02-08_13:46:44.946[Battery Energy]90.50
2020-02-08_13:46:45.223[Status]Routing 125: Walk: 9
2020-02-08_13:46:45.324[Battery Energy]90.32
2020-02-08_13:46:45.646[Status]Routing 126: Walk: 9
2020-02-08_13:46:45.748[Battery Energy]90.09
2020-02-08_13:46:46.095[Status]Routing 127: Walk: 9
2020-02-08_13:46:46.195[Battery Energy]89.90
2020-02-08_13:46:46.430[Status]Routing 128: Walk: 9
2020-02-08_13:46:46.542[Battery Energy]89.72
2020-02-08_13:46:46.798[Status]Routing 129: Walk: 9
2020-02-08_13:46:46.902[Battery Energy]89.53
2020-02-08_13:46:47.039[Status]Routing 130: Walk: 9
2020-02-08_13:46:47.150[Battery Energy]89.43
2020-02-08_13:46:47.435[Status]Routing 131: Walk: 9
2020-02-08_13:46:47.536[Battery Energy]89.21
2020-02-08_13:46:47.864[Status]Routing 132: Walk: 9
2020-02-08_13:46:47.974[Battery Energy]88.98
2020-02-08_13:46:48.311[Status]Routing 133: Walk: 9
2020-02-08_13:46:48.413[Battery Energy]88.74
2020-02-08_13:46:48.719[Status]Routing 134: Walk: 9
2020-02-08_13:46:48.822[Battery Energy]88.57
2020-02-08_13:46:48.958[Status]Routing 135: Walk: 9
2020-02-08_13:46:49.070[Battery Energy]88.45
2020-02-08_13:46:49.244[Status]Routing 136: Walk: 9
2020-02-08_13:46:49.358[Battery Energy]88.33
2020-02-08_13:46:49.500[Status]Routing 137: Walk: 9
2020-02-08_13:46:49.620[Battery Energy]88.21
2020-02-08_13:46:49.748[Status]Routing 138: Walk: 9
2020-02-08_13:46:49.851[Battery Energy]88.12
2020-02-08_13:46:50.102[Status]Routing 139: Walk: 9
2020-02-08_13:46:50.218[Battery Energy]87.94
2020-02-08_13:46:50.374[Status]Routing 140: Walk: 9
2020-02-08_13:46:50.474[Battery Energy]87.83
2020-02-08_13:46:50.634[Status]Routing 141: Walk: 9
2020-02-08_13:46:50.746[Battery Energy]87.73
2020-02-08_13:46:50.891[Status]Routing 142: Walk: 9
2020-02-08_13:46:50.991[Battery Energy]87.63
2020-02-08_13:46:51.169[Status]Routing 143: Walk: 9
2020-02-08_13:46:51.286[Battery Energy]87.51
2020-02-08_13:46:51.423[Status]Routing 144: Walk: 9
2020-02-08_13:46:51.534[Battery Energy]87.40
2020-02-08_13:46:51.670[Status]Routing 145: Walk: 9
2020-02-08_13:46:51.778[Battery Energy]87.31
2020-02-08_13:46:51.923[Status]Routing 146: Walk: 9
2020-02-08_13:46:52.030[Battery Energy]87.19
2020-02-08_13:46:52.193[Status]Routing 147: Walk: 9
2020-02-08_13:46:52.299[Battery Energy]87.07
2020-02-08_13:46:52.459[Status]Routing 148: Walk: 9
2020-02-08_13:46:52.566[Battery Energy]86.94
2020-02-08_13:46:52.718[Status]Routing 149: Walk: 9
2020-02-08_13:46:52.826[Battery Energy]86.82
2020-02-08_13:46:53.012[Status]Routing 150: Walk: 9
2020-02-08_13:46:53.126[Battery Energy]86.72
2020-02-08_13:46:53.260[Status]Routing 151: Walk: 9
2020-02-08_13:46:53.366[Battery Energy]86.61
2020-02-08_13:46:53.511[Status]Routing 152: Walk: 9
2020-02-08_13:46:53.612[Battery Energy]86.51
2020-02-08_13:46:53.747[Status]Routing 153: Walk: 9
2020-02-08_13:46:53.862[Battery Energy]86.41
2020-02-08_13:46:53.989[Status]Routing 154: Walk: 9
2020-02-08_13:46:54.089[Battery Energy]86.32
2020-02-08_13:46:54.246[Status]Routing 155: Walk: 9
2020-02-08_13:46:54.350[Battery Energy]86.21
2020-02-08_13:46:54.529[Status]Routing 156: Walk: 9
2020-02-08_13:46:54.646[Battery Energy]86.04
2020-02-08_13:46:54.795[Status]Routing 157: Walk: 9
2020-02-08_13:46:54.902[Battery Energy]85.95
2020-02-08_13:46:55.053[Status]Routing 158: Walk: 9
2020-02-08_13:46:55.162[Battery Energy]85.83
2020-02-08_13:46:55.300[Status]Routing 159: Walk: 9
2020-02-08_13:46:55.406[Battery Energy]85.74
2020-02-08_13:46:55.618[Status]Routing 160: Walk: 9
2020-02-08_13:46:55.720[Battery Energy]85.59
2020-02-08_13:46:55.872[Status]Routing 161: Walk: 9
2020-02-08_13:46:55.990[Battery Energy]85.51
2020-02-08_13:46:56.121[Status]Routing 162: Walk: 9
2020-02-08_13:46:56.230[Battery Energy]85.40
2020-02-08_13:46:56.395[Status]Routing 163: Walk: 9
2020-02-08_13:46:56.495[Battery Energy]85.28
2020-02-08_13:46:56.659[Status]Routing 164: Walk: 9
2020-02-08_13:46:56.759[Battery Energy]85.16
2020-02-08_13:46:56.923[Status]Routing 165: Walk: 9
2020-02-08_13:46:57.033[Battery Energy]85.05
2020-02-08_13:46:57.185[Status]Routing 166: Walk: 9
2020-02-08_13:46:57.294[Battery Energy]84.94
2020-02-08_13:46:57.459[Status]Routing 167: Walk: 9
2020-02-08_13:46:57.561[Battery Energy]84.83
2020-02-08_13:46:57.773[Status]Routing 168: Walk: 9
2020-02-08_13:46:57.880[Battery Energy]84.70
2020-02-08_13:46:58.065[Status]Routing 169: Walk: 9
2020-02-08_13:46:58.170[Battery Energy]84.56
