2020-02-08_13:35:38.712[Status]Start.
2020-02-08_13:35:38.712[Battery Energy]116.00
2020-02-08_13:35:39.814[Battery Energy]115.96
2020-02-08_13:35:40.915[Battery Energy]115.92
2020-02-08_13:35:42.016[Battery Energy]115.88
2020-02-08_13:35:43.118[Battery Energy]115.84
2020-02-08_13:35:44.218[Task]A New Task Released.
2020-02-08_13:35:44.218[Battery Energy]115.80
2020-02-08_13:35:44.218[Status]Selection Start.
2020-02-08_13:35:46.901[Status]Selection End: Do Task 2.
2020-02-08_13:35:47.006[Battery Energy]114.08
2020-02-08_13:35:47.006[Status]Formation Start.
2020-02-08_13:35:47.167[Status]Formation End: To Position 3.
2020-02-08_13:35:47.267[Battery Energy]113.95
2020-02-08_13:35:47.267[Status]Routing Start.
2020-02-08_13:35:47.440[Status]{'id': 15, 'coordinate': [130.9990787702587, 163.13573410095373]}
2020-02-08_13:35:47.440[Status]Routing 1: Walk: 1
2020-02-08_13:35:47.546[Battery Energy]113.71
2020-02-08_13:35:47.546[Status]Routing Start.
2020-02-08_13:35:47.717[Status]{'id': 15, 'coordinate': [140.9981575405174, 163.27146820190745]}
2020-02-08_13:35:47.718[Status]Routing 2: Walk: 2
2020-02-08_13:35:47.830[Battery Energy]113.47
2020-02-08_13:35:47.830[Status]Routing Start.
2020-02-08_13:35:47.980[Status]{'id': 15, 'coordinate': [150.99723631077612, 163.40720230286118]}
2020-02-08_13:35:47.980[Status]Routing 3: Walk: 3
2020-02-08_13:35:48.083[Battery Energy]113.27
2020-02-08_13:35:48.083[Status]Routing Start.
2020-02-08_13:35:48.245[Status]{'id': 15, 'coordinate': [160.99631508103482, 163.5429364038149]}
2020-02-08_13:35:48.245[Status]Routing 4: Walk: 4
2020-02-08_13:35:48.358[Battery Energy]113.05
2020-02-08_13:35:48.358[Status]Routing Start.
2020-02-08_13:35:48.494[Status]{'id': 15, 'coordinate': [170.99539385129353, 163.67867050476863]}
2020-02-08_13:35:48.497[Status]Routing 5: Walk: 5
2020-02-08_13:35:48.614[Battery Energy]112.87
2020-02-08_13:35:48.614[Status]Routing Start.
2020-02-08_13:35:49.100[Status]{'id': 15, 'coordinate': [180.99447262155223, 163.81440460572236]}
2020-02-08_13:35:49.100[Status]Routing 6: Walk: 6
2020-02-08_13:35:49.200[Battery Energy]112.44
2020-02-08_13:35:49.200[Status]Routing Start.
2020-02-08_13:35:49.560[Status]{'id': 15, 'coordinate': [190.99355139181094, 163.95013870667609]}
2020-02-08_13:35:49.560[Status]Routing 7: Walk: 7
2020-02-08_13:35:49.660[Battery Energy]112.05
2020-02-08_13:35:49.660[Status]Routing Start.
2020-02-08_13:35:49.806[Status]{'id': 15, 'coordinate': [200.99263016206964, 164.0858728076298]}
2020-02-08_13:35:49.806[Status]Routing 8: Walk: 8
2020-02-08_13:35:49.910[Battery Energy]111.84
2020-02-08_13:35:49.910[Status]Routing Start.
2020-02-08_13:35:50.190[Status]{'id': 15, 'coordinate': [210.99170893232835, 164.22160690858354]}
2020-02-08_13:35:50.190[Status]Routing 9: Walk: 9
2020-02-08_13:35:50.294[Battery Energy]111.53
2020-02-08_13:35:50.294[Status]Routing Start.
2020-02-08_13:35:50.632[Status]{'id': 15, 'coordinate': [220.99078770258706, 164.35734100953727]}
2020-02-08_13:35:50.632[Status]Routing 10: Walk: 10
2020-02-08_13:35:50.734[Battery Energy]111.19
2020-02-08_13:35:50.734[Status]Routing Start.
2020-02-08_13:35:51.039[Status]{'id': 15, 'coordinate': [230.98986647284576, 164.493075110491]}
2020-02-08_13:35:51.039[Status]Routing 11: Walk: 11
2020-02-08_13:35:51.142[Battery Energy]110.87
2020-02-08_13:35:51.142[Status]Routing Start.
2020-02-08_13:35:51.542[Status]{'id': 15, 'coordinate': [240.98894524310447, 164.62880921144472]}
2020-02-08_13:35:51.542[Status]Routing 12: Walk: 12
2020-02-08_13:35:51.642[Battery Energy]110.49
2020-02-08_13:35:51.642[Status]Routing Start.
2020-02-08_13:35:51.960[Status]{'id': 15, 'coordinate': [250.98802401336317, 164.76454331239844]}
2020-02-08_13:35:51.960[Status]Routing 13: Walk: 13
2020-02-08_13:35:52.070[Battery Energy]110.14
2020-02-08_13:35:52.070[Status]Routing Start.
2020-02-08_13:35:52.406[Status]{'id': 15, 'coordinate': [260.9871027836219, 164.90027741335217]}
2020-02-08_13:35:52.406[Status]Routing 14: Walk: 14
2020-02-08_13:35:52.507[Battery Energy]109.78
2020-02-08_13:35:52.507[Status]Routing Start.
2020-02-08_13:35:52.893[Status]{'id': 15, 'coordinate': [270.98618155388056, 165.0360115143059]}
2020-02-08_13:35:52.893[Status]Routing 15: Walk: 15
2020-02-08_13:35:52.993[Battery Energy]109.37
2020-02-08_13:35:52.993[Status]Routing Start.
2020-02-08_13:35:53.292[Status]{'id': 15, 'coordinate': [280.98526032413923, 165.17174561525962]}
2020-02-08_13:35:53.292[Status]Routing 16: Walk: 16
2020-02-08_13:35:53.398[Battery Energy]109.04
2020-02-08_13:35:53.398[Status]Routing Start.
2020-02-08_13:35:53.717[Status]{'id': 15, 'coordinate': [290.9843390943979, 165.30747971621335]}
2020-02-08_13:35:53.717[Status]Routing 17: Walk: 17
2020-02-08_13:35:53.825[Battery Energy]108.72
2020-02-08_13:35:53.825[Status]Routing Start.
2020-02-08_13:35:54.151[Status]{'id': 15, 'coordinate': [300.9834178646566, 165.4432138171671]}
2020-02-08_13:35:54.152[Status]Routing 18: Walk: 18
2020-02-08_13:35:54.254[Battery Energy]108.37
2020-02-08_13:35:54.254[Status]Routing Start.
2020-02-08_13:35:54.554[Status]{'id': 15, 'coordinate': [310.98249663491526, 165.57894791812083]}
2020-02-08_13:35:54.555[Status]Routing 19: Walk: 19
2020-02-08_13:35:54.661[Battery Energy]108.06
2020-02-08_13:35:54.661[Status]Routing Start.
2020-02-08_13:35:54.955[Status]{'id': 15, 'coordinate': [320.98157540517394, 165.7146820190746]}
2020-02-08_13:35:54.955[Status]Routing 20: Walk: 20
2020-02-08_13:35:55.056[Battery Energy]107.76
2020-02-08_13:35:55.056[Status]Routing Start.
2020-02-08_13:35:55.369[Status]{'id': 15, 'coordinate': [330.9806541754326, 165.8504161200283]}
2020-02-08_13:35:55.369[Status]Routing 21: Walk: 21
2020-02-08_13:35:55.469[Battery Energy]107.45
2020-02-08_13:35:55.469[Status]Routing Start.
2020-02-08_13:35:55.847[Status]{'id': 15, 'coordinate': [340.9797329456913, 165.98615022098207]}
2020-02-08_13:35:55.847[Status]Routing 22: Walk: 22
2020-02-08_13:35:55.947[Battery Energy]107.16
2020-02-08_13:35:55.947[Status]Routing Start.
2020-02-08_13:35:56.293[Status]{'id': 15, 'coordinate': [350.97881171595, 166.1218843219358]}
2020-02-08_13:35:56.293[Status]Routing 23: Walk: 23
2020-02-08_13:35:56.393[Battery Energy]106.83
2020-02-08_13:35:56.393[Status]Routing Start.
2020-02-08_13:35:56.764[Status]{'id': 15, 'coordinate': [360.97789048620865, 166.25761842288955]}
2020-02-08_13:35:56.764[Status]Routing 24: Walk: 24
2020-02-08_13:35:56.865[Battery Energy]106.46
2020-02-08_13:35:56.865[Status]Routing Start.
2020-02-08_13:35:57.192[Status]{'id': 15, 'coordinate': [370.9769692564673, 166.39335252384328]}
2020-02-08_13:35:57.194[Status]Routing 25: Walk: 25
2020-02-08_13:35:57.306[Battery Energy]106.12
2020-02-08_13:35:57.306[Status]Routing Start.
2020-02-08_13:35:57.541[Status]{'id': 15, 'coordinate': [380.976048026726, 166.529086624797]}
2020-02-08_13:35:57.541[Status]Routing 26: Walk: 26
2020-02-08_13:35:57.642[Battery Energy]105.87
2020-02-08_13:35:57.642[Status]Routing Start.
2020-02-08_13:35:57.983[Status]{'id': 15, 'coordinate': [390.9751267969847, 166.66482072575076]}
2020-02-08_13:35:57.983[Status]Routing 27: Walk: 27
2020-02-08_13:35:58.092[Battery Energy]105.53
2020-02-08_13:35:58.092[Status]Routing Start.
2020-02-08_13:35:58.390[Status]{'id': 15, 'coordinate': [400.97420556724336, 166.8005548267045]}
2020-02-08_13:35:58.390[Status]Routing 28: Walk: 28
2020-02-08_13:35:58.492[Battery Energy]105.23
2020-02-08_13:35:58.492[Status]Routing Start.
2020-02-08_13:35:58.816[Status]{'id': 15, 'coordinate': [410.97328433750204, 166.93628892765824]}
2020-02-08_13:35:58.816[Status]Routing 29: Walk: 29
2020-02-08_13:35:58.922[Battery Energy]104.90
2020-02-08_13:35:58.922[Status]Routing Start.
2020-02-08_13:35:59.219[Status]{'id': 15, 'coordinate': [420.9723631077607, 167.07202302861197]}
2020-02-08_13:35:59.219[Status]Routing 30: Walk: 30
2020-02-08_13:35:59.329[Battery Energy]104.63
2020-02-08_13:35:59.330[Status]Routing Start.
2020-02-08_13:35:59.658[Status]{'id': 15, 'coordinate': [430.9714418780194, 167.20775712956572]}
2020-02-08_13:35:59.658[Status]Routing 31: Walk: 31
2020-02-08_13:35:59.759[Battery Energy]104.32
2020-02-08_13:35:59.759[Status]Routing Start.
2020-02-08_13:36:00.051[Status]{'id': 15, 'coordinate': [440.97052064827807, 167.34349123051945]}
2020-02-08_13:36:00.051[Status]Routing 32: Walk: 32
2020-02-08_13:36:00.157[Battery Energy]103.99
2020-02-08_13:36:00.157[Status]Routing Start.
2020-02-08_13:36:00.452[Status]{'id': 15, 'coordinate': [450.96959941853675, 167.4792253314732]}
2020-02-08_13:36:00.453[Status]Routing 33: Walk: 33
2020-02-08_13:36:00.558[Battery Energy]103.73
2020-02-08_13:36:00.558[Status]Routing Start.
2020-02-08_13:36:00.883[Status]{'id': 15, 'coordinate': [460.9686781887954, 167.61495943242693]}
2020-02-08_13:36:00.883[Status]Routing 34: Walk: 34
2020-02-08_13:36:00.990[Battery Energy]103.43
2020-02-08_13:36:00.990[Status]Routing Start.
2020-02-08_13:36:01.332[Status]{'id': 15, 'coordinate': [470.9677569590541, 167.75069353338068]}
2020-02-08_13:36:01.334[Status]Routing 35: Walk: 35
2020-02-08_13:36:01.441[Battery Energy]103.12
2020-02-08_13:36:01.441[Status]Routing Start.
2020-02-08_13:36:01.805[Status]{'id': 15, 'coordinate': [480.9668357293128, 167.8864276343344]}
2020-02-08_13:36:01.805[Status]Routing 36: Walk: 36
2020-02-08_13:36:01.905[Battery Energy]102.78
2020-02-08_13:36:01.905[Status]Routing Start.
2020-02-08_13:36:02.056[Status]{'id': 15, 'coordinate': [490.96591449957145, 168.02216173528817]}
2020-02-08_13:36:02.056[Status]Routing 37: Walk: 37
2020-02-08_13:36:02.161[Battery Energy]102.56
2020-02-08_13:36:02.161[Status]Routing Start.
2020-02-08_13:36:02.400[Status]{'id': 15, 'coordinate': [500.96499326983013, 168.1578958362419]}
2020-02-08_13:36:02.400[Status]Routing 38: Walk: 38
2020-02-08_13:36:02.510[Battery Energy]102.31
2020-02-08_13:36:02.510[Status]Routing Start.
2020-02-08_13:36:02.632[Status]{'id': 15, 'coordinate': [510.9640720400888, 168.29362993719565]}
2020-02-08_13:36:02.632[Status]Routing 39: Walk: 39
2020-02-08_13:36:02.742[Battery Energy]102.11
2020-02-08_13:36:02.742[Status]Routing Start.
2020-02-08_13:36:02.888[Status]{'id': 15, 'coordinate': [520.9631508103475, 168.42936403814937]}
2020-02-08_13:36:02.889[Status]Routing 40: Walk: 40
2020-02-08_13:36:02.994[Battery Energy]101.91
2020-02-08_13:36:02.994[Status]Routing Start.
2020-02-08_13:36:03.137[Status]{'id': 15, 'coordinate': [530.9622295806063, 168.56509813910313]}
2020-02-08_13:36:03.137[Status]Routing 41: Walk: 41
2020-02-08_13:36:03.246[Battery Energy]101.71
2020-02-08_13:36:03.246[Status]Routing Start.
2020-02-08_13:36:03.552[Status]{'id': 15, 'coordinate': [540.961308350865, 168.70083224005685]}
2020-02-08_13:36:03.552[Status]Routing 42: Walk: 42
2020-02-08_13:36:03.656[Battery Energy]101.42
2020-02-08_13:36:03.656[Status]Routing Start.
2020-02-08_13:36:03.946[Status]{'id': 15, 'coordinate': [550.9603871211237, 168.8365663410106]}
2020-02-08_13:36:03.946[Status]Routing 43: Walk: 43
2020-02-08_13:36:04.047[Battery Energy]101.14
2020-02-08_13:36:04.047[Status]Routing Start.
2020-02-08_13:36:04.192[Status]{'id': 15, 'coordinate': [560.9594658913825, 168.97230044196434]}
2020-02-08_13:36:04.192[Status]Routing 44: Walk: 44
2020-02-08_13:36:04.298[Battery Energy]100.93
2020-02-08_13:36:04.298[Status]Routing Start.
2020-02-08_13:36:04.464[Status]{'id': 15, 'coordinate': [570.9585446616412, 169.1080345429181]}
2020-02-08_13:36:04.464[Status]Routing 45: Walk: 45
2020-02-08_13:36:04.578[Battery Energy]100.73
2020-02-08_13:36:04.578[Status]Routing Start.
2020-02-08_13:36:04.717[Status]{'id': 15, 'coordinate': [580.9576234319, 169.24376864387182]}
2020-02-08_13:36:04.717[Status]Routing 46: Walk: 46
2020-02-08_13:36:04.826[Battery Energy]100.54
2020-02-08_13:36:04.826[Status]Routing Start.
2020-02-08_13:36:04.952[Status]{'id': 15, 'coordinate': [590.9567022021587, 169.37950274482557]}
2020-02-08_13:36:04.952[Status]Routing 47: Walk: 47
2020-02-08_13:36:05.052[Battery Energy]100.34
2020-02-08_13:36:05.052[Status]Routing Start.
2020-02-08_13:36:05.197[Status]{'id': 15, 'coordinate': [600.9557809724174, 169.51523684577933]}
2020-02-08_13:36:05.197[Status]Routing 48: Walk: 48
2020-02-08_13:36:05.314[Battery Energy]100.15
2020-02-08_13:36:05.314[Status]Routing Start.
2020-02-08_13:36:05.588[Status]{'id': 15, 'coordinate': [610.9548597426761, 169.65097094673305]}
2020-02-08_13:36:05.588[Status]Routing 49: Walk: 49
2020-02-08_13:36:05.690[Battery Energy]99.90
2020-02-08_13:36:05.690[Status]Routing Start.
2020-02-08_13:36:05.996[Status]{'id': 15, 'coordinate': [620.9539385129349, 169.78670504768678]}
2020-02-08_13:36:05.996[Status]Routing 50: Walk: 50
2020-02-08_13:36:06.096[Battery Energy]99.58
2020-02-08_13:36:06.096[Status]Routing Start.
2020-02-08_13:36:06.388[Status]{'id': 15, 'coordinate': [630.9530172831936, 169.92243914864054]}
2020-02-08_13:36:06.388[Status]Routing 51: Walk: 51
2020-02-08_13:36:06.492[Battery Energy]99.26
2020-02-08_13:36:06.492[Status]Routing Start.
2020-02-08_13:36:06.785[Status]{'id': 15, 'coordinate': [640.9520960534524, 170.0581732495943]}
2020-02-08_13:36:06.789[Status]Routing 52: Walk: 52
2020-02-08_13:36:06.891[Battery Energy]98.97
2020-02-08_13:36:06.891[Status]Routing Start.
2020-02-08_13:36:07.167[Status]{'id': 15, 'coordinate': [650.9511748237111, 170.19390735054802]}
2020-02-08_13:36:07.167[Status]Routing 53: Walk: 53
2020-02-08_13:36:07.267[Battery Energy]98.68
2020-02-08_13:36:07.267[Status]Routing Start.
2020-02-08_13:36:07.623[Status]{'id': 15, 'coordinate': [660.9502535939698, 170.32964145150177]}
2020-02-08_13:36:07.623[Status]Routing 54: Walk: 54
2020-02-08_13:36:07.730[Battery Energy]98.33
2020-02-08_13:36:07.730[Status]Routing Start.
2020-02-08_13:36:08.020[Status]{'id': 15, 'coordinate': [670.9493323642286, 170.4653755524555]}
2020-02-08_13:36:08.020[Status]Routing 55: Walk: 55
2020-02-08_13:36:08.128[Battery Energy]98.06
2020-02-08_13:36:08.128[Status]Routing Start.
2020-02-08_13:36:08.279[Status]{'id': 15, 'coordinate': [680.9484111344873, 170.60110965340925]}
2020-02-08_13:36:08.279[Status]Routing 56: Walk: 56
2020-02-08_13:36:08.398[Battery Energy]97.85
2020-02-08_13:36:08.398[Status]Routing Start.
2020-02-08_13:36:08.524[Status]{'id': 15, 'coordinate': [690.947489904746, 170.73684375436298]}
2020-02-08_13:36:08.524[Status]Routing 57: Walk: 57
2020-02-08_13:36:08.626[Battery Energy]97.66
2020-02-08_13:36:08.626[Status]Routing Start.
2020-02-08_13:36:08.940[Status]{'id': 15, 'coordinate': [700.9465686750048, 170.87257785531673]}
2020-02-08_13:36:08.941[Status]Routing 58: Walk: 58
2020-02-08_13:36:09.050[Battery Energy]97.34
2020-02-08_13:36:09.050[Status]Routing Start.
2020-02-08_13:36:09.185[Status]{'id': 15, 'coordinate': [710.9456474452635, 171.00831195627046]}
2020-02-08_13:36:09.185[Status]Routing 59: Walk: 59
2020-02-08_13:36:09.302[Battery Energy]97.12
2020-02-08_13:36:09.302[Status]Routing Start.
2020-02-08_13:36:09.468[Status]{'id': 15, 'coordinate': [720.9447262155222, 171.14404605722422]}
2020-02-08_13:36:09.468[Status]Routing 60: Walk: 60
2020-02-08_13:36:09.572[Battery Energy]96.87
2020-02-08_13:36:09.572[Status]Routing Start.
2020-02-08_13:36:09.683[Status]{'id': 15, 'coordinate': [730.943804985781, 171.27978015817794]}
2020-02-08_13:36:09.683[Status]Routing 61: Walk: 61
2020-02-08_13:36:09.784[Battery Energy]96.68
2020-02-08_13:36:09.784[Status]Routing Start.
2020-02-08_13:36:09.943[Status]{'id': 15, 'coordinate': [740.9428837560397, 171.4155142591317]}
2020-02-08_13:36:09.943[Status]Routing 62: Walk: 62
2020-02-08_13:36:10.043[Battery Energy]96.45
2020-02-08_13:36:10.043[Status]Routing Start.
2020-02-08_13:36:10.206[Status]{'id': 15, 'coordinate': [750.9419625262984, 171.55124836008542]}
2020-02-08_13:36:10.206[Status]Routing 63: Walk: 63
2020-02-08_13:36:10.314[Battery Energy]96.24
2020-02-08_13:36:10.314[Status]Routing Start.
2020-02-08_13:36:10.635[Status]{'id': 15, 'coordinate': [760.9410412965572, 171.68698246103918]}
2020-02-08_13:36:10.635[Status]Routing 64: Walk: 64
2020-02-08_13:36:10.736[Battery Energy]95.91
2020-02-08_13:36:10.736[Status]Routing Start.
2020-02-08_13:36:10.993[Status]{'id': 15, 'coordinate': [770.9401200668159, 171.8227165619929]}
2020-02-08_13:36:10.996[Status]Routing 65: Walk: 65
2020-02-08_13:36:11.096[Battery Energy]95.65
2020-02-08_13:36:11.096[Status]Routing Start.
2020-02-08_13:36:11.446[Status]{'id': 15, 'coordinate': [780.9391988370746, 171.95845066294666]}
2020-02-08_13:36:11.446[Status]Routing 66: Walk: 66
2020-02-08_13:36:11.547[Battery Energy]95.34
2020-02-08_13:36:11.547[Status]Routing Start.
2020-02-08_13:36:11.712[Status]{'id': 15, 'coordinate': [790.9382776073334, 172.0941847639004]}
2020-02-08_13:36:11.712[Status]Routing 67: Walk: 67
2020-02-08_13:36:11.818[Battery Energy]95.11
2020-02-08_13:36:11.818[Status]Routing Start.
2020-02-08_13:36:12.000[Status]{'id': 15, 'coordinate': [800.9373563775921, 172.22991886485414]}
2020-02-08_13:36:12.000[Status]Routing 68: Walk: 68
2020-02-08_13:36:12.121[Battery Energy]94.87
2020-02-08_13:36:12.122[Status]Routing Start.
2020-02-08_13:36:12.253[Status]{'id': 15, 'coordinate': [810.9364351478508, 172.36565296580787]}
2020-02-08_13:36:12.254[Status]Routing 69: Walk: 69
2020-02-08_13:36:12.358[Battery Energy]94.67
2020-02-08_13:36:12.362[Status]Routing Start.
2020-02-08_13:36:12.520[Status]{'id': 15, 'coordinate': [820.9355139181096, 172.50138706676162]}
2020-02-08_13:36:12.520[Status]Routing 70: Walk: 70
2020-02-08_13:36:12.626[Battery Energy]94.46
2020-02-08_13:36:12.626[Status]Routing Start.
2020-02-08_13:36:12.771[Status]{'id': 15, 'coordinate': [830.9345926883683, 172.63712116771535]}
2020-02-08_13:36:12.771[Status]Routing 71: Walk: 71
2020-02-08_13:36:12.878[Battery Energy]94.26
2020-02-08_13:36:12.878[Status]Routing Start.
2020-02-08_13:36:13.034[Status]{'id': 15, 'coordinate': [840.933671458627, 172.7728552686691]}
2020-02-08_13:36:13.037[Status]Routing 72: Walk: 72
2020-02-08_13:36:13.144[Battery Energy]94.05
2020-02-08_13:36:13.144[Status]Routing Start.
2020-02-08_13:36:13.321[Status]{'id': 15, 'coordinate': [850.9327502288858, 172.90858936962283]}
2020-02-08_13:36:13.321[Status]Routing 73: Walk: 73
2020-02-08_13:36:13.423[Battery Energy]93.83
2020-02-08_13:36:13.423[Status]Routing Start.
2020-02-08_13:36:13.574[Status]{'id': 15, 'coordinate': [860.9318289991445, 173.0443234705766]}
2020-02-08_13:36:13.574[Status]Routing 74: Walk: 74
2020-02-08_13:36:13.690[Battery Energy]93.62
2020-02-08_13:36:13.690[Status]Routing Start.
2020-02-08_13:36:13.817[Status]{'id': 15, 'coordinate': [870.9309077694032, 173.1800575715303]}
2020-02-08_13:36:13.817[Status]Routing 75: Walk: 75
2020-02-08_13:36:13.930[Battery Energy]93.42
2020-02-08_13:36:13.930[Status]Routing Start.
2020-02-08_13:36:14.063[Status]{'id': 15, 'coordinate': [880.929986539662, 173.31579167248407]}
2020-02-08_13:36:14.063[Status]Routing 76: Walk: 76
2020-02-08_13:36:14.163[Battery Energy]93.22
2020-02-08_13:36:14.163[Status]Routing Start.
2020-02-08_13:36:14.316[Status]{'id': 15, 'coordinate': [890.9290653099207, 173.4515257734378]}
2020-02-08_13:36:14.316[Status]Routing 77: Walk: 77
2020-02-08_13:36:14.427[Battery Energy]93.00
2020-02-08_13:36:14.427[Status]Routing Start.
2020-02-08_13:36:14.581[Status]{'id': 15, 'coordinate': [900.9281440801794, 173.58725987439155]}
2020-02-08_13:36:14.581[Status]Routing 78: Walk: 78
2020-02-08_13:36:14.682[Battery Energy]92.81
2020-02-08_13:36:14.682[Status]Routing Start.
2020-02-08_13:36:14.841[Status]{'id': 15, 'coordinate': [910.9272228504382, 173.72299397534528]}
2020-02-08_13:36:14.841[Status]Routing 79: Walk: 79
2020-02-08_13:36:14.943[Battery Energy]92.59
2020-02-08_13:36:14.944[Status]Routing Start.
2020-02-08_13:36:15.097[Status]{'id': 15, 'coordinate': [920.9263016206969, 173.85872807629903]}
2020-02-08_13:36:15.097[Status]Routing 80: Walk: 80
2020-02-08_13:36:15.214[Battery Energy]92.39
2020-02-08_13:36:15.214[Status]Routing Start.
2020-02-08_13:36:15.331[Status]{'id': 15, 'coordinate': [930.9253803909556, 173.99446217725279]}
2020-02-08_13:36:15.332[Status]Routing 81: Walk: 81
2020-02-08_13:36:15.438[Battery Energy]92.21
2020-02-08_13:36:15.438[Status]Routing Start.
2020-02-08_13:36:15.632[Status]{'id': 15, 'coordinate': [940.9244591612144, 174.1301962782065]}
2020-02-08_13:36:15.636[Status]Routing 82: Walk: 82
2020-02-08_13:36:15.738[Battery Energy]91.99
2020-02-08_13:36:15.738[Status]Routing Start.
2020-02-08_13:36:15.903[Status]{'id': 15, 'coordinate': [950.9235379314731, 174.26593037916027]}
2020-02-08_13:36:15.903[Status]Routing 83: Walk: 83
2020-02-08_13:36:16.006[Battery Energy]91.77
2020-02-08_13:36:16.006[Status]Routing Start.
2020-02-08_13:36:16.158[Status]{'id': 15, 'coordinate': [960.9226167017318, 174.401664480114]}
2020-02-08_13:36:16.158[Status]Routing 84: Walk: 84
2020-02-08_13:36:16.265[Battery Energy]91.57
2020-02-08_13:36:16.265[Status]Routing Start.
2020-02-08_13:36:16.533[Status]{'id': 15, 'coordinate': [970.9216954719906, 174.53739858106775]}
2020-02-08_13:36:16.533[Status]Routing 85: Walk: 85
2020-02-08_13:36:16.642[Battery Energy]91.27
2020-02-08_13:36:16.642[Status]Routing Start.
2020-02-08_13:36:16.781[Status]{'id': 15, 'coordinate': [980.9207742422493, 174.67313268202147]}
2020-02-08_13:36:16.781[Status]Routing 86: Walk: 86
2020-02-08_13:36:16.894[Battery Energy]91.04
2020-02-08_13:36:16.894[Status]Routing Start.
2020-02-08_13:36:17.039[Status]{'id': 15, 'coordinate': [990.919853012508, 174.80886678297523]}
2020-02-08_13:36:17.039[Status]Routing 87: Walk: 87
2020-02-08_13:36:17.150[Battery Energy]90.83
2020-02-08_13:36:17.150[Status]Routing Start.
2020-02-08_13:36:17.313[Status]{'id': 15, 'coordinate': [1000.9189317827668, 174.94460088392896]}
2020-02-08_13:36:17.313[Status]Routing 88: Walk: 88
2020-02-08_13:36:17.414[Battery Energy]90.63
2020-02-08_13:36:17.414[Status]Routing Start.
2020-02-08_13:36:17.414[Status]Task Finished.
2020-02-08_13:36:17.514[Battery Energy]90.63
2020-02-08_13:36:17.679[Status]Routing 90: Walk: 88
2020-02-08_13:36:17.788[Battery Energy]90.49
2020-02-08_13:36:17.932[Status]Routing 91: Walk: 88
2020-02-08_13:36:18.038[Battery Energy]90.37
2020-02-08_13:36:18.199[Status]Routing 92: Walk: 88
2020-02-08_13:36:18.299[Battery Energy]90.25
2020-02-08_13:36:18.457[Status]Routing 93: Walk: 88
2020-02-08_13:36:18.574[Battery Energy]90.14
2020-02-08_13:36:18.718[Status]Routing 94: Walk: 88
2020-02-08_13:36:18.830[Battery Energy]90.04
2020-02-08_13:36:18.975[Status]Routing 95: Walk: 88
2020-02-08_13:36:19.075[Battery Energy]89.93
2020-02-08_13:36:19.224[Status]Routing 96: Walk: 88
2020-02-08_13:36:19.326[Battery Energy]89.81
2020-02-08_13:36:19.616[Status]Routing 97: Walk: 88
2020-02-08_13:36:19.719[Battery Energy]89.60
2020-02-08_13:36:20.034[Status]Routing 98: Walk: 88
2020-02-08_13:36:20.138[Battery Energy]89.37
2020-02-08_13:36:20.440[Status]Routing 99: Walk: 88
2020-02-08_13:36:20.540[Battery Energy]89.15
2020-02-08_13:36:20.729[Status]Routing 100: Walk: 88
2020-02-08_13:36:20.829[Battery Energy]89.00
2020-02-08_13:36:21.201[Status]Routing 101: Walk: 88
2020-02-08_13:36:21.302[Battery Energy]88.79
2020-02-08_13:36:21.637[Status]Routing 102: Walk: 88
2020-02-08_13:36:21.737[Battery Energy]88.57
2020-02-08_13:36:21.931[Status]Routing 103: Walk: 88
2020-02-08_13:36:22.042[Battery Energy]88.44
2020-02-08_13:36:22.360[Status]Routing 104: Walk: 88
2020-02-08_13:36:22.462[Battery Energy]88.22
2020-02-08_13:36:22.641[Status]Routing 105: Walk: 88
2020-02-08_13:36:22.746[Battery Energy]88.11
2020-02-08_13:36:22.905[Status]Routing 106: Walk: 88
2020-02-08_13:36:23.006[Battery Energy]87.98
2020-02-08_13:36:23.327[Status]Routing 107: Walk: 88
2020-02-08_13:36:23.431[Battery Energy]87.79
2020-02-08_13:36:23.735[Status]Routing 108: Walk: 88
2020-02-08_13:36:23.836[Battery Energy]87.54
2020-02-08_13:36:24.210[Status]Routing 109: Walk: 88
2020-02-08_13:36:24.322[Battery Energy]87.30
2020-02-08_13:36:24.565[Status]Routing 110: Walk: 88
2020-02-08_13:36:24.674[Battery Energy]87.12
2020-02-08_13:36:24.844[Status]Routing 111: Walk: 88
2020-02-08_13:36:24.945[Battery Energy]86.98
2020-02-08_13:36:25.111[Status]Routing 112: Walk: 88
2020-02-08_13:36:25.214[Battery Energy]86.87
2020-02-08_13:36:25.459[Status]Routing 113: Walk: 88
2020-02-08_13:36:25.559[Battery Energy]86.72
2020-02-08_13:36:25.737[Status]Routing 114: Walk: 88
2020-02-08_13:36:25.839[Battery Energy]86.58
2020-02-08_13:36:26.005[Status]Routing 115: Walk: 88
2020-02-08_13:36:26.110[Battery Energy]86.45
2020-02-08_13:36:26.337[Status]Routing 116: Walk: 88
2020-02-08_13:36:26.438[Battery Energy]86.30
2020-02-08_13:36:26.596[Status]Routing 117: Walk: 88
2020-02-08_13:36:26.702[Battery Energy]86.19
2020-02-08_13:36:27.018[Status]Routing 118: Walk: 88
2020-02-08_13:36:27.119[Battery Energy]86.00
2020-02-08_13:36:27.466[Status]Routing 119: Walk: 88
2020-02-08_13:36:27.578[Battery Energy]85.78
2020-02-08_13:36:27.856[Status]Routing 120: Walk: 88
2020-02-08_13:36:27.957[Battery Energy]85.58
2020-02-08_13:36:28.284[Status]Routing 121: Walk: 88
2020-02-08_13:36:28.394[Battery Energy]85.34
2020-02-08_13:36:28.643[Status]Routing 122: Walk: 88
2020-02-08_13:36:28.744[Battery Energy]85.17
2020-02-08_13:36:29.083[Status]Routing 123: Walk: 88
2020-02-08_13:36:29.198[Battery Energy]84.99
2020-02-08_13:36:29.442[Status]Routing 124: Walk: 88
2020-02-08_13:36:29.542[Battery Energy]84.86
2020-02-08_13:36:29.882[Status]Routing 125: Walk: 88
2020-02-08_13:36:29.983[Battery Energy]84.67
2020-02-08_13:36:30.349[Status]Routing 126: Walk: 88
2020-02-08_13:36:30.458[Battery Energy]84.46
2020-02-08_13:36:30.783[Status]Routing 127: Walk: 88
2020-02-08_13:36:30.893[Battery Energy]84.22
2020-02-08_13:36:31.227[Status]Routing 128: Walk: 88
2020-02-08_13:36:31.329[Battery Energy]83.98
2020-02-08_13:36:31.724[Status]Routing 129: Walk: 88
2020-02-08_13:36:31.846[Battery Energy]83.75
2020-02-08_13:36:32.154[Status]Routing 130: Walk: 88
2020-02-08_13:36:32.255[Battery Energy]83.56
2020-02-08_13:36:32.565[Status]Routing 131: Walk: 88
2020-02-08_13:36:32.667[Battery Energy]83.34
2020-02-08_13:36:32.848[Status]Routing 132: Walk: 88
2020-02-08_13:36:32.954[Battery Energy]83.21
2020-02-08_13:36:33.270[Status]Routing 133: Walk: 88
2020-02-08_13:36:33.370[Battery Energy]82.99
2020-02-08_13:36:33.559[Status]Routing 134: Walk: 88
2020-02-08_13:36:33.662[Battery Energy]82.86
2020-02-08_13:36:34.000[Status]Routing 135: Walk: 88
2020-02-08_13:36:34.100[Battery Energy]82.62
2020-02-08_13:36:34.358[Status]Routing 136: Walk: 88
2020-02-08_13:36:34.466[Battery Energy]82.41
2020-02-08_13:36:34.611[Status]Routing 137: Walk: 88
2020-02-08_13:36:34.716[Battery Energy]82.29
2020-02-08_13:36:34.892[Status]Routing 138: Walk: 88
2020-02-08_13:36:34.992[Battery Energy]82.18
2020-02-08_13:36:35.153[Status]Routing 139: Walk: 88
2020-02-08_13:36:35.273[Battery Energy]82.06
2020-02-08_13:36:35.408[Status]Routing 140: Walk: 88
2020-02-08_13:36:35.514[Battery Energy]81.97
2020-02-08_13:36:35.673[Status]Routing 141: Walk: 88
2020-02-08_13:36:35.786[Battery Energy]81.86
2020-02-08_13:36:35.954[Status]Routing 142: Walk: 88
2020-02-08_13:36:36.074[Battery Energy]81.75
2020-02-08_13:36:36.321[Status]Routing 143: Walk: 88
2020-02-08_13:36:36.425[Battery Energy]81.59
2020-02-08_13:36:36.574[Status]Routing 144: Walk: 88
2020-02-08_13:36:36.682[Battery Energy]81.48
2020-02-08_13:36:36.919[Status]Routing 145: Walk: 88
2020-02-08_13:36:37.020[Battery Energy]81.33
2020-02-08_13:36:37.150[Status]Routing 146: Walk: 88
2020-02-08_13:36:37.254[Battery Energy]81.22
2020-02-08_13:36:37.382[Status]Routing 147: Walk: 88
2020-02-08_13:36:37.490[Battery Energy]81.11
2020-02-08_13:36:37.633[Status]Routing 148: Walk: 88
2020-02-08_13:36:37.736[Battery Energy]81.00
2020-02-08_13:36:37.880[Status]Routing 149: Walk: 88
2020-02-08_13:36:37.981[Battery Energy]80.90
2020-02-08_13:36:38.140[Status]Routing 150: Walk: 88
2020-02-08_13:36:38.245[Battery Energy]80.78
2020-02-08_13:36:38.396[Status]Routing 151: Walk: 88
2020-02-08_13:36:38.504[Battery Energy]80.66
2020-02-08_13:36:38.657[Status]Routing 152: Walk: 88
2020-02-08_13:36:38.766[Battery Energy]80.56
2020-02-08_13:36:38.911[Status]Routing 153: Walk: 88
2020-02-08_13:36:39.018[Battery Energy]80.47
2020-02-08_13:36:39.189[Status]Routing 154: Walk: 88
2020-02-08_13:36:39.306[Battery Energy]80.37
2020-02-08_13:36:39.475[Status]Routing 155: Walk: 88
2020-02-08_13:36:39.586[Battery Energy]80.27
2020-02-08_13:36:39.763[Status]Routing 156: Walk: 88
2020-02-08_13:36:39.866[Battery Energy]80.12
2020-02-08_13:36:40.018[Status]Routing 157: Walk: 88
2020-02-08_13:36:40.118[Battery Energy]79.99
2020-02-08_13:36:40.275[Status]Routing 158: Walk: 88
2020-02-08_13:36:40.378[Battery Energy]79.87
2020-02-08_13:36:40.518[Status]Routing 159: Walk: 88
2020-02-08_13:36:40.620[Battery Energy]79.77
2020-02-08_13:36:40.785[Status]Routing 160: Walk: 88
2020-02-08_13:36:40.885[Battery Energy]79.67
2020-02-08_13:36:41.064[Status]Routing 161: Walk: 88
2020-02-08_13:36:41.165[Battery Energy]79.57
2020-02-08_13:36:41.333[Status]Routing 162: Walk: 88
2020-02-08_13:36:41.446[Battery Energy]79.43
2020-02-08_13:36:41.588[Status]Routing 163: Walk: 88
2020-02-08_13:36:41.694[Battery Energy]79.33
2020-02-08_13:36:41.867[Status]Routing 164: Walk: 88
2020-02-08_13:36:41.970[Battery Energy]79.21
2020-02-08_13:36:42.159[Status]Routing 165: Walk: 88
2020-02-08_13:36:42.260[Battery Energy]79.14
2020-02-08_13:36:42.403[Status]Routing 166: Walk: 88
2020-02-08_13:36:42.503[Battery Energy]79.05
2020-02-08_13:36:42.671[Status]Routing 167: Walk: 88
2020-02-08_13:36:42.778[Battery Energy]78.94
2020-02-08_13:36:42.952[Status]Routing 168: Walk: 88
2020-02-08_13:36:43.058[Battery Energy]78.84
2020-02-08_13:36:43.225[Status]Routing 169: Walk: 88
2020-02-08_13:36:43.325[Battery Energy]78.72
2020-02-08_13:36:43.467[Status]Routing 170: Walk: 88
2020-02-08_13:36:43.574[Battery Energy]78.65
2020-02-08_13:36:43.749[Status]Routing 171: Walk: 88
2020-02-08_13:36:43.849[Battery Energy]78.53
2020-02-08_13:36:44.025[Status]Routing 172: Walk: 88
2020-02-08_13:36:44.134[Battery Energy]78.43
2020-02-08_13:36:44.274[Status]Routing 173: Walk: 88
2020-02-08_13:36:44.375[Battery Energy]78.34
2020-02-08_13:36:44.517[Status]Routing 174: Walk: 88
2020-02-08_13:36:44.622[Battery Energy]78.24
2020-02-08_13:36:44.778[Status]Routing 175: Walk: 88
2020-02-08_13:36:44.886[Battery Energy]78.12
2020-02-08_13:36:45.061[Status]Routing 176: Walk: 88
2020-02-08_13:36:45.177[Battery Energy]78.01
2020-02-08_13:36:45.328[Status]Routing 177: Walk: 88
2020-02-08_13:36:45.438[Battery Energy]77.88
2020-02-08_13:36:45.568[Status]Routing 178: Walk: 88
2020-02-08_13:36:45.674[Battery Energy]77.79
2020-02-08_13:36:45.849[Status]Routing 179: Walk: 88
2020-02-08_13:36:45.954[Battery Energy]77.69
2020-02-08_13:36:46.142[Status]Routing 180: Walk: 88
2020-02-08_13:36:46.245[Battery Energy]77.54
2020-02-08_13:36:46.368[Status]Routing 181: Walk: 88
2020-02-08_13:36:46.482[Battery Energy]77.44
2020-02-08_13:36:46.631[Status]Routing 182: Walk: 88
2020-02-08_13:36:46.742[Battery Energy]77.33
2020-02-08_13:36:46.899[Status]Routing 183: Walk: 88
2020-02-08_13:36:47.006[Battery Energy]77.19
2020-02-08_13:36:47.159[Status]Routing 184: Walk: 88
2020-02-08_13:36:47.260[Battery Energy]77.06
2020-02-08_13:36:47.418[Status]Routing 185: Walk: 88
2020-02-08_13:36:47.520[Battery Energy]76.92
2020-02-08_13:36:47.678[Status]Routing 186: Walk: 88
2020-02-08_13:36:47.778[Battery Energy]76.81
2020-02-08_13:36:47.924[Status]Routing 187: Walk: 88
2020-02-08_13:36:48.025[Battery Energy]76.69
2020-02-08_13:36:48.171[Status]Routing 188: Walk: 88
2020-02-08_13:36:48.278[Battery Energy]76.55
2020-02-08_13:36:48.416[Status]Routing 189: Walk: 88
2020-02-08_13:36:48.518[Battery Energy]76.45
2020-02-08_13:36:48.674[Status]Routing 190: Walk: 88
2020-02-08_13:36:48.782[Battery Energy]76.36
2020-02-08_13:36:48.936[Status]Routing 191: Walk: 88
2020-02-08_13:36:49.049[Battery Energy]76.25
2020-02-08_13:36:49.247[Status]Routing 192: Walk: 88
2020-02-08_13:36:49.358[Battery Energy]76.12
2020-02-08_13:36:49.531[Status]Routing 193: Walk: 88
2020-02-08_13:36:49.634[Battery Energy]76.00
2020-02-08_13:36:49.783[Status]Routing 194: Walk: 88
2020-02-08_13:36:49.884[Battery Energy]75.88
2020-02-08_13:36:50.031[Status]Routing 195: Walk: 88
2020-02-08_13:36:50.134[Battery Energy]75.78
2020-02-08_13:36:50.282[Status]Routing 196: Walk: 88
2020-02-08_13:36:50.383[Battery Energy]75.68
2020-02-08_13:36:50.536[Status]Routing 197: Walk: 88
2020-02-08_13:36:50.639[Battery Energy]75.58
2020-02-08_13:36:50.783[Status]Routing 198: Walk: 88
2020-02-08_13:36:50.883[Battery Energy]75.49
2020-02-08_13:36:51.044[Status]Routing 199: Walk: 88
2020-02-08_13:36:51.156[Battery Energy]75.38
2020-02-08_13:36:51.299[Status]Routing 200: Walk: 88
2020-02-08_13:36:51.410[Battery Energy]75.28
2020-02-08_13:36:51.583[Status]Routing 201: Walk: 88
2020-02-08_13:36:51.694[Battery Energy]75.14
2020-02-08_13:36:51.844[Status]Routing 202: Walk: 88
2020-02-08_13:36:51.951[Battery Energy]75.01
2020-02-08_13:36:52.139[Status]Routing 203: Walk: 88
2020-02-08_13:36:52.239[Battery Energy]74.89
2020-02-08_13:36:52.374[Status]Routing 204: Walk: 88
2020-02-08_13:36:52.479[Battery Energy]74.79
2020-02-08_13:36:52.620[Status]Routing 205: Walk: 88
2020-02-08_13:36:52.720[Battery Energy]74.69
2020-02-08_13:36:52.865[Status]Routing 206: Walk: 88
2020-02-08_13:36:52.966[Battery Energy]74.59
2020-02-08_13:36:53.135[Status]Routing 207: Walk: 88
2020-02-08_13:36:53.236[Battery Energy]74.47
2020-02-08_13:36:53.418[Status]Routing 208: Walk: 88
2020-02-08_13:36:53.530[Battery Energy]74.38
2020-02-08_13:36:53.670[Status]Routing 209: Walk: 88
2020-02-08_13:36:53.782[Battery Energy]74.30
2020-02-08_13:36:53.922[Status]Routing 210: Walk: 88
2020-02-08_13:36:54.030[Battery Energy]74.20
2020-02-08_13:36:54.172[Status]Routing 211: Walk: 88
2020-02-08_13:36:54.286[Battery Energy]74.09
2020-02-08_13:36:54.430[Status]Routing 212: Walk: 88
2020-02-08_13:36:54.538[Battery Energy]73.97
2020-02-08_13:36:54.731[Status]Routing 213: Walk: 88
2020-02-08_13:36:54.850[Battery Energy]73.85
2020-02-08_13:36:54.997[Status]Routing 214: Walk: 88
2020-02-08_13:36:55.106[Battery Energy]73.73
2020-02-08_13:36:55.268[Status]Routing 215: Walk: 88
2020-02-08_13:36:55.381[Battery Energy]73.61
2020-02-08_13:36:55.548[Status]Routing 216: Walk: 88
2020-02-08_13:36:55.651[Battery Energy]73.49
2020-02-08_13:36:55.800[Status]Routing 217: Walk: 88
2020-02-08_13:36:55.903[Battery Energy]73.40
2020-02-08_13:36:56.085[Status]Routing 218: Walk: 88
2020-02-08_13:36:56.194[Battery Energy]73.23
2020-02-08_13:36:56.325[Status]Routing 219: Walk: 88
2020-02-08_13:36:56.434[Battery Energy]73.12
2020-02-08_13:36:56.575[Status]Routing 220: Walk: 88
2020-02-08_13:36:56.681[Battery Energy]73.01
2020-02-08_13:36:56.831[Status]Routing 221: Walk: 88
2020-02-08_13:36:56.942[Battery Energy]72.90
2020-02-08_13:36:57.101[Status]Routing 222: Walk: 88
2020-02-08_13:36:57.201[Battery Energy]72.77
2020-02-08_13:36:57.368[Status]Routing 223: Walk: 88
2020-02-08_13:36:57.478[Battery Energy]72.65
2020-02-08_13:36:57.658[Status]Routing 224: Walk: 88
2020-02-08_13:36:57.766[Battery Energy]72.53
2020-02-08_13:36:57.891[Status]Routing 225: Walk: 88
2020-02-08_13:36:57.993[Battery Energy]72.43
2020-02-08_13:36:58.198[Status]Routing 226: Walk: 88
2020-02-08_13:36:58.306[Battery Energy]72.33
2020-02-08_13:36:58.488[Status]Routing 227: Walk: 88
2020-02-08_13:36:58.593[Battery Energy]72.19
