2020-02-08_13:13:10.129[Status]Start.
2020-02-08_13:13:10.129[Battery Energy]123.00
2020-02-08_13:13:11.230[Battery Energy]122.96
2020-02-08_13:13:12.334[Battery Energy]122.92
2020-02-08_13:13:13.436[Battery Energy]122.88
2020-02-08_13:13:14.537[Battery Energy]122.84
2020-02-08_13:13:15.638[Task]A New Task Released.
2020-02-08_13:13:15.638[Battery Energy]122.80
2020-02-08_13:13:15.638[Status]Selection Start.
2020-02-08_13:13:19.772[Status]Selection End: Do Task 0.
2020-02-08_13:13:19.878[Battery Energy]119.95
2020-02-08_13:13:19.878[Status]Formation Start.
2020-02-08_13:13:20.028[Status]Formation End: To Position 0.
2020-02-08_13:13:20.134[Battery Energy]119.80
2020-02-08_13:13:20.134[Status]Routing Start.
2020-02-08_13:13:20.319[Status]{'coordinate': [131.3311898239762, 109.80100402623229], 'id': 6}
2020-02-08_13:13:20.319[Status]Routing 1: Walk: 1
2020-02-08_13:13:20.419[Battery Energy]119.54
2020-02-08_13:13:20.419[Status]Routing Start.
2020-02-08_13:13:20.587[Status]{'coordinate': [138.66237964795238, 116.60200805246458], 'id': 6}
2020-02-08_13:13:20.590[Status]Routing 2: Walk: 2
2020-02-08_13:13:20.691[Battery Energy]119.31
2020-02-08_13:13:20.691[Status]Routing Start.
2020-02-08_13:13:20.842[Status]{'coordinate': [145.9935694719286, 123.40301207869688], 'id': 6}
2020-02-08_13:13:20.842[Status]Routing 3: Walk: 3
2020-02-08_13:13:20.952[Battery Energy]119.09
2020-02-08_13:13:20.953[Status]Routing Start.
2020-02-08_13:13:21.079[Status]{'coordinate': [153.3247592959048, 130.20401610492917], 'id': 6}
2020-02-08_13:13:21.079[Status]Routing 4: Walk: 4
2020-02-08_13:13:21.194[Battery Energy]118.89
2020-02-08_13:13:21.194[Status]Routing Start.
2020-02-08_13:13:21.340[Status]{'coordinate': [160.655949119881, 137.00502013116144], 'id': 6}
2020-02-08_13:13:21.340[Status]Routing 5: Walk: 5
2020-02-08_13:13:21.440[Battery Energy]118.67
2020-02-08_13:13:21.441[Status]Routing Start.
2020-02-08_13:13:21.911[Status]Routing 6: Walk: 5
2020-02-08_13:13:22.011[Battery Energy]118.28
2020-02-08_13:13:22.011[Status]Routing Start.
2020-02-08_13:13:22.356[Status]Routing 7: Walk: 5
2020-02-08_13:13:22.456[Battery Energy]117.96
2020-02-08_13:13:22.456[Status]Routing Start.
2020-02-08_13:13:22.632[Status]{'coordinate': [167.9871389438572, 143.80602415739372], 'id': 6}
2020-02-08_13:13:22.632[Status]Routing 8: Walk: 6
2020-02-08_13:13:22.732[Battery Energy]117.77
2020-02-08_13:13:22.732[Status]Routing Start.
2020-02-08_13:13:23.062[Status]{'coordinate': [175.3183287678334, 150.607028183626], 'id': 6}
2020-02-08_13:13:23.062[Status]Routing 9: Walk: 7
2020-02-08_13:13:23.163[Battery Energy]117.46
2020-02-08_13:13:23.163[Status]Routing Start.
2020-02-08_13:13:23.660[Status]Routing 10: Walk: 7
2020-02-08_13:13:23.761[Battery Energy]117.04
2020-02-08_13:13:23.762[Status]Routing Start.
2020-02-08_13:13:23.932[Status]{'coordinate': [182.6495185918096, 157.40803220985828], 'id': 6}
2020-02-08_13:13:23.932[Status]Routing 11: Walk: 8
2020-02-08_13:13:24.032[Battery Energy]116.82
2020-02-08_13:13:24.032[Status]Routing Start.
2020-02-08_13:13:24.467[Status]Routing 12: Walk: 8
2020-02-08_13:13:24.582[Battery Energy]116.46
2020-02-08_13:13:24.582[Status]Routing Start.
2020-02-08_13:13:24.977[Status]Routing 13: Walk: 8
2020-02-08_13:13:25.081[Battery Energy]116.14
2020-02-08_13:13:25.081[Status]Routing Start.
2020-02-08_13:13:25.405[Status]Routing 14: Walk: 8
2020-02-08_13:13:25.505[Battery Energy]115.87
2020-02-08_13:13:25.506[Status]Routing Start.
2020-02-08_13:13:25.860[Status]Routing 15: Walk: 8
2020-02-08_13:13:25.962[Battery Energy]115.59
2020-02-08_13:13:25.962[Status]Routing Start.
2020-02-08_13:13:26.325[Status]Routing 16: Walk: 8
2020-02-08_13:13:26.425[Battery Energy]115.28
2020-02-08_13:13:26.425[Status]Routing Start.
2020-02-08_13:13:26.592[Status]{'coordinate': [189.98070841578578, 164.20903623609055], 'id': 6}
2020-02-08_13:13:26.592[Status]Routing 17: Walk: 9
2020-02-08_13:13:26.692[Battery Energy]115.06
2020-02-08_13:13:26.692[Status]Routing Start.
2020-02-08_13:13:27.033[Status]{'coordinate': [197.31189823976197, 171.01004026232283], 'id': 6}
2020-02-08_13:13:27.034[Status]Routing 18: Walk: 10
2020-02-08_13:13:27.142[Battery Energy]114.73
2020-02-08_13:13:27.142[Status]Routing Start.
2020-02-08_13:13:27.589[Status]Routing 19: Walk: 10
2020-02-08_13:13:27.690[Battery Energy]114.36
2020-02-08_13:13:27.690[Status]Routing Start.
2020-02-08_13:13:27.865[Status]{'coordinate': [204.64308806373816, 177.8110442885551], 'id': 6}
2020-02-08_13:13:27.865[Status]Routing 20: Walk: 11
2020-02-08_13:13:27.965[Battery Energy]114.12
2020-02-08_13:13:27.966[Status]Routing Start.
2020-02-08_13:13:28.307[Status]{'coordinate': [211.97427788771435, 184.6120483147874], 'id': 6}
2020-02-08_13:13:28.307[Status]Routing 21: Walk: 12
2020-02-08_13:13:28.410[Battery Energy]113.78
2020-02-08_13:13:28.410[Status]Routing Start.
2020-02-08_13:13:28.823[Status]{'coordinate': [219.30546771169054, 191.41305234101966], 'id': 6}
2020-02-08_13:13:28.823[Status]Routing 22: Walk: 13
2020-02-08_13:13:28.930[Battery Energy]113.42
2020-02-08_13:13:28.930[Status]Routing Start.
2020-02-08_13:13:29.272[Status]{'coordinate': [226.63665753566673, 198.21405636725194], 'id': 6}
2020-02-08_13:13:29.272[Status]Routing 23: Walk: 14
2020-02-08_13:13:29.373[Battery Energy]113.09
2020-02-08_13:13:29.373[Status]Routing Start.
2020-02-08_13:13:29.684[Status]{'coordinate': [233.96784735964292, 205.01506039348422], 'id': 6}
2020-02-08_13:13:29.684[Status]Routing 24: Walk: 15
2020-02-08_13:13:29.798[Battery Energy]112.81
2020-02-08_13:13:29.798[Status]Routing Start.
2020-02-08_13:13:30.097[Status]{'coordinate': [241.2990371836191, 211.8160644197165], 'id': 6}
2020-02-08_13:13:30.098[Status]Routing 25: Walk: 16
2020-02-08_13:13:30.206[Battery Energy]112.50
2020-02-08_13:13:30.206[Status]Routing Start.
2020-02-08_13:13:30.506[Status]{'coordinate': [248.6302270075953, 218.61706844594877], 'id': 6}
2020-02-08_13:13:30.507[Status]Routing 26: Walk: 17
2020-02-08_13:13:30.618[Battery Energy]112.19
2020-02-08_13:13:30.618[Status]Routing Start.
2020-02-08_13:13:30.776[Status]{'coordinate': [255.9614168315715, 225.41807247218105], 'id': 6}
2020-02-08_13:13:30.776[Status]Routing 27: Walk: 18
2020-02-08_13:13:30.880[Battery Energy]111.98
2020-02-08_13:13:30.880[Status]Routing Start.
2020-02-08_13:13:31.212[Status]{'coordinate': [263.29260665554773, 232.21907649841333], 'id': 6}
2020-02-08_13:13:31.212[Status]Routing 28: Walk: 19
2020-02-08_13:13:31.317[Battery Energy]111.68
2020-02-08_13:13:31.317[Status]Routing Start.
2020-02-08_13:13:31.475[Status]{'coordinate': [270.62379647952395, 239.0200805246456], 'id': 6}
2020-02-08_13:13:31.475[Status]Routing 29: Walk: 20
2020-02-08_13:13:31.582[Battery Energy]111.49
2020-02-08_13:13:31.582[Status]Routing Start.
2020-02-08_13:13:31.921[Status]{'coordinate': [277.95498630350016, 245.82108455087788], 'id': 6}
2020-02-08_13:13:31.924[Status]Routing 30: Walk: 21
2020-02-08_13:13:32.038[Battery Energy]111.18
2020-02-08_13:13:32.038[Status]Routing Start.
2020-02-08_13:13:32.178[Status]{'coordinate': [285.2861761274764, 252.62208857711016], 'id': 6}
2020-02-08_13:13:32.178[Status]Routing 31: Walk: 22
2020-02-08_13:13:32.279[Battery Energy]110.97
2020-02-08_13:13:32.279[Status]Routing Start.
2020-02-08_13:13:32.774[Status]{'coordinate': [292.6173659514526, 259.42309260334247], 'id': 6}
2020-02-08_13:13:32.774[Status]Routing 32: Walk: 23
2020-02-08_13:13:32.874[Battery Energy]110.50
2020-02-08_13:13:32.874[Status]Routing Start.
2020-02-08_13:13:33.215[Status]{'coordinate': [299.9485557754288, 266.2240966295748], 'id': 6}
2020-02-08_13:13:33.216[Status]Routing 33: Walk: 24
2020-02-08_13:13:33.318[Battery Energy]110.12
2020-02-08_13:13:33.318[Status]Routing Start.
2020-02-08_13:13:33.674[Status]{'coordinate': [307.27974559940503, 273.0251006558071], 'id': 6}
2020-02-08_13:13:33.674[Status]Routing 34: Walk: 25
2020-02-08_13:13:33.774[Battery Energy]109.75
2020-02-08_13:13:33.774[Status]Routing Start.
2020-02-08_13:13:34.068[Status]{'coordinate': [314.61093542338125, 279.8261046820394], 'id': 6}
2020-02-08_13:13:34.069[Status]Routing 35: Walk: 26
2020-02-08_13:13:34.169[Battery Energy]109.40
2020-02-08_13:13:34.169[Status]Routing Start.
2020-02-08_13:13:34.393[Status]{'coordinate': [321.94212524735747, 286.6271087082717], 'id': 6}
2020-02-08_13:13:34.394[Status]Routing 36: Walk: 27
2020-02-08_13:13:34.498[Battery Energy]109.17
2020-02-08_13:13:34.498[Status]Routing Start.
2020-02-08_13:13:34.820[Status]{'coordinate': [329.2733150713337, 293.428112734504], 'id': 6}
2020-02-08_13:13:34.820[Status]Routing 37: Walk: 28
2020-02-08_13:13:34.922[Battery Energy]108.89
2020-02-08_13:13:34.922[Status]Routing Start.
2020-02-08_13:13:35.228[Status]{'coordinate': [336.6045048953099, 300.2291167607363], 'id': 6}
2020-02-08_13:13:35.228[Status]Routing 38: Walk: 29
2020-02-08_13:13:35.328[Battery Energy]108.61
2020-02-08_13:13:35.328[Status]Routing Start.
2020-02-08_13:13:35.502[Status]{'coordinate': [343.9356947192861, 307.0301207869686], 'id': 6}
2020-02-08_13:13:35.502[Status]Routing 39: Walk: 30
2020-02-08_13:13:35.606[Battery Energy]108.38
2020-02-08_13:13:35.606[Status]Routing Start.
2020-02-08_13:13:35.757[Status]{'coordinate': [351.26688454326234, 313.8311248132009], 'id': 6}
2020-02-08_13:13:35.764[Status]Routing 40: Walk: 31
2020-02-08_13:13:35.865[Battery Energy]108.17
2020-02-08_13:13:35.865[Status]Routing Start.
2020-02-08_13:13:36.117[Status]{'coordinate': [358.59807436723855, 320.6321288394332], 'id': 6}
2020-02-08_13:13:36.117[Status]Routing 41: Walk: 32
2020-02-08_13:13:36.230[Battery Energy]107.90
2020-02-08_13:13:36.230[Status]Routing Start.
2020-02-08_13:13:36.359[Status]{'coordinate': [365.92926419121477, 327.4331328656655], 'id': 6}
2020-02-08_13:13:36.359[Status]Routing 42: Walk: 33
2020-02-08_13:13:36.460[Battery Energy]107.71
2020-02-08_13:13:36.460[Status]Routing Start.
2020-02-08_13:13:36.609[Status]{'coordinate': [373.260454015191, 334.23413689189783], 'id': 6}
2020-02-08_13:13:36.612[Status]Routing 43: Walk: 34
2020-02-08_13:13:36.712[Battery Energy]107.49
2020-02-08_13:13:36.712[Status]Routing Start.
2020-02-08_13:13:37.023[Status]{'coordinate': [380.5916438391672, 341.03514091813014], 'id': 6}
2020-02-08_13:13:37.025[Status]Routing 44: Walk: 35
2020-02-08_13:13:37.126[Battery Energy]107.20
2020-02-08_13:13:37.126[Status]Routing Start.
2020-02-08_13:13:37.432[Status]{'coordinate': [387.9228336631434, 347.83614494436245], 'id': 6}
2020-02-08_13:13:37.432[Status]Routing 45: Walk: 36
2020-02-08_13:13:37.533[Battery Energy]106.91
2020-02-08_13:13:37.533[Status]Routing Start.
2020-02-08_13:13:37.857[Status]{'coordinate': [395.25402348711964, 354.63714897059475], 'id': 6}
2020-02-08_13:13:37.857[Status]Routing 46: Walk: 37
2020-02-08_13:13:37.966[Battery Energy]106.63
2020-02-08_13:13:37.966[Status]Routing Start.
2020-02-08_13:13:38.132[Status]{'coordinate': [402.58521331109586, 361.43815299682706], 'id': 6}
2020-02-08_13:13:38.132[Status]Routing 47: Walk: 38
2020-02-08_13:13:38.238[Battery Energy]106.40
2020-02-08_13:13:38.238[Status]Routing Start.
2020-02-08_13:13:38.588[Status]{'coordinate': [409.9164031350721, 368.23915702305936], 'id': 6}
2020-02-08_13:13:38.588[Status]Routing 48: Walk: 39
2020-02-08_13:13:38.698[Battery Energy]106.06
2020-02-08_13:13:38.698[Status]Routing Start.
2020-02-08_13:13:38.839[Status]{'coordinate': [417.2475929590483, 375.04016104929167], 'id': 6}
2020-02-08_13:13:38.839[Status]Routing 49: Walk: 40
2020-02-08_13:13:38.950[Battery Energy]105.83
2020-02-08_13:13:38.950[Status]Routing Start.
2020-02-08_13:13:39.292[Status]{'coordinate': [424.5787827830245, 381.841165075524], 'id': 6}
2020-02-08_13:13:39.293[Status]Routing 50: Walk: 41
2020-02-08_13:13:39.402[Battery Energy]105.53
2020-02-08_13:13:39.402[Status]Routing Start.
2020-02-08_13:13:39.561[Status]{'coordinate': [431.9099726070007, 388.6421691017563], 'id': 6}
2020-02-08_13:13:39.568[Status]Routing 51: Walk: 42
2020-02-08_13:13:39.674[Battery Energy]105.32
2020-02-08_13:13:39.674[Status]Routing Start.
2020-02-08_13:13:40.028[Status]{'coordinate': [439.24116243097694, 395.4431731279886], 'id': 6}
2020-02-08_13:13:40.028[Status]Routing 52: Walk: 43
2020-02-08_13:13:40.138[Battery Energy]104.98
2020-02-08_13:13:40.138[Status]Routing Start.
2020-02-08_13:13:40.310[Status]{'coordinate': [446.57235225495316, 402.2441771542209], 'id': 6}
2020-02-08_13:13:40.310[Status]Routing 53: Walk: 44
2020-02-08_13:13:40.419[Battery Energy]104.74
2020-02-08_13:13:40.419[Status]Routing Start.
2020-02-08_13:13:40.722[Status]{'coordinate': [453.9035420789294, 409.0451811804532], 'id': 6}
2020-02-08_13:13:40.722[Status]Routing 54: Walk: 45
2020-02-08_13:13:40.834[Battery Energy]104.43
2020-02-08_13:13:40.834[Status]Routing Start.
2020-02-08_13:13:40.976[Status]{'coordinate': [461.2347319029056, 415.8461852066855], 'id': 6}
2020-02-08_13:13:40.977[Status]Routing 55: Walk: 46
2020-02-08_13:13:41.090[Battery Energy]104.22
2020-02-08_13:13:41.090[Status]Routing Start.
2020-02-08_13:13:41.414[Status]{'coordinate': [468.5659217268818, 422.6471892329178], 'id': 6}
2020-02-08_13:13:41.414[Status]Routing 56: Walk: 47
2020-02-08_13:13:41.518[Battery Energy]103.92
2020-02-08_13:13:41.518[Status]Routing Start.
2020-02-08_13:13:41.817[Status]{'coordinate': [475.897111550858, 429.4481932591501], 'id': 6}
2020-02-08_13:13:41.817[Status]Routing 57: Walk: 48
2020-02-08_13:13:41.917[Battery Energy]103.66
2020-02-08_13:13:41.918[Status]Routing Start.
2020-02-08_13:13:42.276[Status]{'coordinate': [483.22830137483425, 436.2491972853824], 'id': 6}
2020-02-08_13:13:42.276[Status]Routing 58: Walk: 49
2020-02-08_13:13:42.378[Battery Energy]103.35
2020-02-08_13:13:42.378[Status]Routing Start.
2020-02-08_13:13:42.689[Status]{'coordinate': [490.55949119881046, 443.0502013116147], 'id': 6}
2020-02-08_13:13:42.689[Status]Routing 59: Walk: 50
2020-02-08_13:13:42.791[Battery Energy]103.03
2020-02-08_13:13:42.791[Status]Routing Start.
2020-02-08_13:13:43.112[Status]{'coordinate': [497.8906810227867, 449.85120533784703], 'id': 6}
2020-02-08_13:13:43.113[Status]Routing 60: Walk: 51
2020-02-08_13:13:43.218[Battery Energy]102.74
2020-02-08_13:13:43.218[Status]Routing Start.
2020-02-08_13:13:43.562[Status]{'coordinate': [505.2218708467629, 456.65220936407934], 'id': 6}
2020-02-08_13:13:43.562[Status]Routing 61: Walk: 52
2020-02-08_13:13:43.670[Battery Energy]102.38
2020-02-08_13:13:43.670[Status]Routing Start.
2020-02-08_13:13:43.972[Status]{'coordinate': [512.5530606707391, 463.45321339031165], 'id': 6}
2020-02-08_13:13:43.972[Status]Routing 62: Walk: 53
2020-02-08_13:13:44.079[Battery Energy]102.08
2020-02-08_13:13:44.079[Status]Routing Start.
2020-02-08_13:13:44.404[Status]{'coordinate': [519.8842504947154, 470.2542174165439], 'id': 6}
2020-02-08_13:13:44.404[Status]Routing 63: Walk: 54
2020-02-08_13:13:44.506[Battery Energy]101.73
2020-02-08_13:13:44.506[Status]Routing Start.
2020-02-08_13:13:44.506[Status]Task Finished.
2020-02-08_13:13:44.606[Battery Energy]101.73
2020-02-08_13:13:44.788[Status]Routing 65: Walk: 54
2020-02-08_13:13:44.889[Battery Energy]101.63
2020-02-08_13:13:45.234[Status]Routing 66: Walk: 54
2020-02-08_13:13:45.342[Battery Energy]101.42
2020-02-08_13:13:45.623[Status]Routing 67: Walk: 54
2020-02-08_13:13:45.725[Battery Energy]101.25
2020-02-08_13:13:46.044[Status]Routing 68: Walk: 54
2020-02-08_13:13:46.145[Battery Energy]101.02
2020-02-08_13:13:46.492[Status]Routing 69: Walk: 54
2020-02-08_13:13:46.595[Battery Energy]100.83
2020-02-08_13:13:46.923[Status]Routing 70: Walk: 54
2020-02-08_13:13:47.030[Battery Energy]100.63
2020-02-08_13:13:47.169[Status]Routing 71: Walk: 54
2020-02-08_13:13:47.269[Battery Energy]100.53
2020-02-08_13:13:47.594[Status]Routing 72: Walk: 54
2020-02-08_13:13:47.707[Battery Energy]100.34
2020-02-08_13:13:48.017[Status]Routing 73: Walk: 54
2020-02-08_13:13:48.130[Battery Energy]100.09
2020-02-08_13:13:48.425[Status]Routing 74: Walk: 54
2020-02-08_13:13:48.542[Battery Energy]99.91
2020-02-08_13:13:48.858[Status]Routing 75: Walk: 54
2020-02-08_13:13:48.970[Battery Energy]99.70
2020-02-08_13:13:49.283[Status]Routing 76: Walk: 54
2020-02-08_13:13:49.390[Battery Energy]99.50
2020-02-08_13:13:49.767[Status]Routing 77: Walk: 54
2020-02-08_13:13:49.873[Battery Energy]99.29
2020-02-08_13:13:50.213[Status]Routing 78: Walk: 54
2020-02-08_13:13:50.318[Battery Energy]99.05
2020-02-08_13:13:50.643[Status]Routing 79: Walk: 54
2020-02-08_13:13:50.744[Battery Energy]98.82
2020-02-08_13:13:51.021[Status]Routing 80: Walk: 54
2020-02-08_13:13:51.130[Battery Energy]98.62
2020-02-08_13:13:51.268[Status]Routing 81: Walk: 54
2020-02-08_13:13:51.382[Battery Energy]98.53
2020-02-08_13:13:51.736[Status]Routing 82: Walk: 54
2020-02-08_13:13:51.838[Battery Energy]98.32
2020-02-08_13:13:51.996[Status]Routing 83: Walk: 54
2020-02-08_13:13:52.102[Battery Energy]98.21
2020-02-08_13:13:52.286[Status]Routing 84: Walk: 54
2020-02-08_13:13:52.390[Battery Energy]98.10
2020-02-08_13:13:52.695[Status]Routing 85: Walk: 54
2020-02-08_13:13:52.810[Battery Energy]97.92
2020-02-08_13:13:52.955[Status]Routing 86: Walk: 54
2020-02-08_13:13:53.062[Battery Energy]97.82
2020-02-08_13:13:53.368[Status]Routing 87: Walk: 54
2020-02-08_13:13:53.468[Battery Energy]97.62
2020-02-08_13:13:53.774[Status]Routing 88: Walk: 54
2020-02-08_13:13:53.886[Battery Energy]97.40
2020-02-08_13:13:54.202[Status]Routing 89: Walk: 54
2020-02-08_13:13:54.304[Battery Energy]97.16
2020-02-08_13:13:54.584[Status]Routing 90: Walk: 54
2020-02-08_13:13:54.690[Battery Energy]96.98
2020-02-08_13:13:54.993[Status]Routing 91: Walk: 54
2020-02-08_13:13:55.098[Battery Energy]96.80
2020-02-08_13:13:55.421[Status]Routing 92: Walk: 54
2020-02-08_13:13:55.530[Battery Energy]96.60
2020-02-08_13:13:55.846[Status]Routing 93: Walk: 54
2020-02-08_13:13:55.953[Battery Energy]96.36
2020-02-08_13:13:56.101[Status]Routing 94: Walk: 54
2020-02-08_13:13:56.206[Battery Energy]96.24
2020-02-08_13:13:56.403[Status]Routing 95: Walk: 54
2020-02-08_13:13:56.503[Battery Energy]96.12
2020-02-08_13:13:56.823[Status]Routing 96: Walk: 54
2020-02-08_13:13:56.923[Battery Energy]95.87
2020-02-08_13:13:57.270[Status]Routing 97: Walk: 54
2020-02-08_13:13:57.370[Battery Energy]95.67
2020-02-08_13:13:57.637[Status]Routing 98: Walk: 54
2020-02-08_13:13:57.739[Battery Energy]95.47
2020-02-08_13:13:58.023[Status]Routing 99: Walk: 54
2020-02-08_13:13:58.134[Battery Energy]95.32
2020-02-08_13:13:58.277[Status]Routing 100: Walk: 54
2020-02-08_13:13:58.382[Battery Energy]95.21
2020-02-08_13:13:58.519[Status]Routing 101: Walk: 54
2020-02-08_13:13:58.630[Battery Energy]95.10
2020-02-08_13:13:58.789[Status]Routing 102: Walk: 54
2020-02-08_13:13:58.898[Battery Energy]94.99
2020-02-08_13:13:59.042[Status]Routing 103: Walk: 54
2020-02-08_13:13:59.150[Battery Energy]94.87
2020-02-08_13:13:59.301[Status]Routing 104: Walk: 54
2020-02-08_13:13:59.404[Battery Energy]94.78
2020-02-08_13:13:59.574[Status]Routing 105: Walk: 54
2020-02-08_13:13:59.682[Battery Energy]94.68
2020-02-08_13:13:59.825[Status]Routing 106: Walk: 54
2020-02-08_13:13:59.939[Battery Energy]94.58
2020-02-08_13:14:00.105[Status]Routing 107: Walk: 54
2020-02-08_13:14:00.205[Battery Energy]94.46
2020-02-08_13:14:00.351[Status]Routing 108: Walk: 54
2020-02-08_13:14:00.462[Battery Energy]94.35
2020-02-08_13:14:00.644[Status]Routing 109: Walk: 54
2020-02-08_13:14:00.746[Battery Energy]94.24
2020-02-08_13:14:01.060[Status]Routing 110: Walk: 54
2020-02-08_13:14:01.162[Battery Energy]94.06
2020-02-08_13:14:01.520[Status]Routing 111: Walk: 54
2020-02-08_13:14:01.620[Battery Energy]93.80
2020-02-08_13:14:01.863[Status]Routing 112: Walk: 54
2020-02-08_13:14:01.982[Battery Energy]93.61
2020-02-08_13:14:02.261[Status]Routing 113: Walk: 54
2020-02-08_13:14:02.374[Battery Energy]93.42
2020-02-08_13:14:02.520[Status]Routing 114: Walk: 54
2020-02-08_13:14:02.630[Battery Energy]93.32
2020-02-08_13:14:02.898[Status]Routing 115: Walk: 54
2020-02-08_13:14:03.004[Battery Energy]93.12
2020-02-08_13:14:03.317[Status]Routing 116: Walk: 54
2020-02-08_13:14:03.418[Battery Energy]92.92
2020-02-08_13:14:03.601[Status]Routing 117: Walk: 54
2020-02-08_13:14:03.706[Battery Energy]92.79
2020-02-08_13:14:03.846[Status]Routing 118: Walk: 54
2020-02-08_13:14:03.946[Battery Energy]92.67
2020-02-08_13:14:04.293[Status]Routing 119: Walk: 54
2020-02-08_13:14:04.396[Battery Energy]92.52
2020-02-08_13:14:04.550[Status]Routing 120: Walk: 54
2020-02-08_13:14:04.658[Battery Energy]92.41
2020-02-08_13:14:04.811[Status]Routing 121: Walk: 54
2020-02-08_13:14:04.912[Battery Energy]92.27
2020-02-08_13:14:05.161[Status]Routing 122: Walk: 54
2020-02-08_13:14:05.264[Battery Energy]92.11
2020-02-08_13:14:05.434[Status]Routing 123: Walk: 54
2020-02-08_13:14:05.535[Battery Energy]91.99
2020-02-08_13:14:05.701[Status]Routing 124: Walk: 54
2020-02-08_13:14:05.801[Battery Energy]91.87
2020-02-08_13:14:06.025[Status]Routing 125: Walk: 54
2020-02-08_13:14:06.142[Battery Energy]91.76
2020-02-08_13:14:06.279[Status]Routing 126: Walk: 54
2020-02-08_13:14:06.379[Battery Energy]91.67
2020-02-08_13:14:06.625[Status]Routing 127: Walk: 54
2020-02-08_13:14:06.725[Battery Energy]91.51
2020-02-08_13:14:06.891[Status]Routing 128: Walk: 54
2020-02-08_13:14:06.992[Battery Energy]91.40
2020-02-08_13:14:07.139[Status]Routing 129: Walk: 54
2020-02-08_13:14:07.245[Battery Energy]91.30
2020-02-08_13:14:07.396[Status]Routing 130: Walk: 54
2020-02-08_13:14:07.502[Battery Energy]91.19
2020-02-08_13:14:07.731[Status]Routing 131: Walk: 54
2020-02-08_13:14:07.831[Battery Energy]91.02
2020-02-08_13:14:08.075[Status]Routing 132: Walk: 54
2020-02-08_13:14:08.190[Battery Energy]90.83
2020-02-08_13:14:08.344[Status]Routing 133: Walk: 54
2020-02-08_13:14:08.444[Battery Energy]90.73
2020-02-08_13:14:08.619[Status]Routing 134: Walk: 54
2020-02-08_13:14:08.730[Battery Energy]90.60
2020-02-08_13:14:08.857[Status]Routing 135: Walk: 54
2020-02-08_13:14:08.978[Battery Energy]90.49
2020-02-08_13:14:09.114[Status]Routing 136: Walk: 54
2020-02-08_13:14:09.215[Battery Energy]90.38
2020-02-08_13:14:09.381[Status]Routing 137: Walk: 54
2020-02-08_13:14:09.490[Battery Energy]90.27
2020-02-08_13:14:09.636[Status]Routing 138: Walk: 54
2020-02-08_13:14:09.742[Battery Energy]90.15
2020-02-08_13:14:09.968[Status]Routing 139: Walk: 54
2020-02-08_13:14:10.074[Battery Energy]89.98
2020-02-08_13:14:10.205[Status]Routing 140: Walk: 54
2020-02-08_13:14:10.322[Battery Energy]89.86
2020-02-08_13:14:10.476[Status]Routing 141: Walk: 54
2020-02-08_13:14:10.603[Battery Energy]89.77
2020-02-08_13:14:10.751[Status]Routing 142: Walk: 54
2020-02-08_13:14:10.858[Battery Energy]89.66
2020-02-08_13:14:11.013[Status]Routing 143: Walk: 54
2020-02-08_13:14:11.116[Battery Energy]89.56
2020-02-08_13:14:11.257[Status]Routing 144: Walk: 54
2020-02-08_13:14:11.362[Battery Energy]89.47
2020-02-08_13:14:11.519[Status]Routing 145: Walk: 54
2020-02-08_13:14:11.622[Battery Energy]89.38
2020-02-08_13:14:11.763[Status]Routing 146: Walk: 54
2020-02-08_13:14:11.870[Battery Energy]89.28
2020-02-08_13:14:12.030[Status]Routing 147: Walk: 54
2020-02-08_13:14:12.137[Battery Energy]89.16
2020-02-08_13:14:12.277[Status]Routing 148: Walk: 54
2020-02-08_13:14:12.377[Battery Energy]89.04
2020-02-08_13:14:12.526[Status]Routing 149: Walk: 54
2020-02-08_13:14:12.638[Battery Energy]88.94
2020-02-08_13:14:12.891[Status]Routing 150: Walk: 54
2020-02-08_13:14:12.994[Battery Energy]88.77
2020-02-08_13:14:13.148[Status]Routing 151: Walk: 54
2020-02-08_13:14:13.254[Battery Energy]88.66
2020-02-08_13:14:13.408[Status]Routing 152: Walk: 54
2020-02-08_13:14:13.518[Battery Energy]88.55
2020-02-08_13:14:13.666[Status]Routing 153: Walk: 54
2020-02-08_13:14:13.773[Battery Energy]88.46
2020-02-08_13:14:13.919[Status]Routing 154: Walk: 54
2020-02-08_13:14:14.038[Battery Energy]88.36
2020-02-08_13:14:14.180[Status]Routing 155: Walk: 54
2020-02-08_13:14:14.289[Battery Energy]88.24
2020-02-08_13:14:14.442[Status]Routing 156: Walk: 54
2020-02-08_13:14:14.562[Battery Energy]88.12
2020-02-08_13:14:14.686[Status]Routing 157: Walk: 54
2020-02-08_13:14:14.788[Battery Energy]88.02
2020-02-08_13:14:14.956[Status]Routing 158: Walk: 54
2020-02-08_13:14:15.066[Battery Energy]87.92
2020-02-08_13:14:15.204[Status]Routing 159: Walk: 54
2020-02-08_13:14:15.304[Battery Energy]87.82
2020-02-08_13:14:15.450[Status]Routing 160: Walk: 54
2020-02-08_13:14:15.558[Battery Energy]87.72
2020-02-08_13:14:15.683[Status]Routing 161: Walk: 54
2020-02-08_13:14:15.787[Battery Energy]87.62
2020-02-08_13:14:15.935[Status]Routing 162: Walk: 54
2020-02-08_13:14:16.054[Battery Energy]87.48
2020-02-08_13:14:16.196[Status]Routing 163: Walk: 54
2020-02-08_13:14:16.306[Battery Energy]87.36
2020-02-08_13:14:16.460[Status]Routing 164: Walk: 54
2020-02-08_13:14:16.578[Battery Energy]87.22
2020-02-08_13:14:16.704[Status]Routing 165: Walk: 54
2020-02-08_13:14:16.810[Battery Energy]87.10
2020-02-08_13:14:16.966[Status]Routing 166: Walk: 54
2020-02-08_13:14:17.070[Battery Energy]86.99
2020-02-08_13:14:17.225[Status]Routing 167: Walk: 54
2020-02-08_13:14:17.342[Battery Energy]86.88
2020-02-08_13:14:17.481[Status]Routing 168: Walk: 54
2020-02-08_13:14:17.586[Battery Energy]86.79
2020-02-08_13:14:17.739[Status]Routing 169: Walk: 54
2020-02-08_13:14:17.854[Battery Energy]86.68
2020-02-08_13:14:18.000[Status]Routing 170: Walk: 54
2020-02-08_13:14:18.109[Battery Energy]86.57
2020-02-08_13:14:18.254[Status]Routing 171: Walk: 54
2020-02-08_13:14:18.354[Battery Energy]86.47
2020-02-08_13:14:18.524[Status]Routing 172: Walk: 54
2020-02-08_13:14:18.634[Battery Energy]86.37
2020-02-08_13:14:18.794[Status]Routing 173: Walk: 54
2020-02-08_13:14:18.902[Battery Energy]86.26
2020-02-08_13:14:19.032[Status]Routing 174: Walk: 54
2020-02-08_13:14:19.132[Battery Energy]86.15
2020-02-08_13:14:19.284[Status]Routing 175: Walk: 54
2020-02-08_13:14:19.385[Battery Energy]86.03
2020-02-08_13:14:19.536[Status]Routing 176: Walk: 54
2020-02-08_13:14:19.650[Battery Energy]85.93
2020-02-08_13:14:19.812[Status]Routing 177: Walk: 54
2020-02-08_13:14:19.914[Battery Energy]85.80
2020-02-08_13:14:20.062[Status]Routing 178: Walk: 54
2020-02-08_13:14:20.170[Battery Energy]85.68
2020-02-08_13:14:20.311[Status]Routing 179: Walk: 54
2020-02-08_13:14:20.430[Battery Energy]85.59
2020-02-08_13:14:20.570[Status]Routing 180: Walk: 54
2020-02-08_13:14:20.672[Battery Energy]85.51
2020-02-08_13:14:20.840[Status]Routing 181: Walk: 54
2020-02-08_13:14:20.940[Battery Energy]85.41
2020-02-08_13:14:21.084[Status]Routing 182: Walk: 54
2020-02-08_13:14:21.190[Battery Energy]85.30
2020-02-08_13:14:21.332[Status]Routing 183: Walk: 54
2020-02-08_13:14:21.432[Battery Energy]85.18
2020-02-08_13:14:21.571[Status]Routing 184: Walk: 54
2020-02-08_13:14:21.678[Battery Energy]85.07
2020-02-08_13:14:21.841[Status]Routing 185: Walk: 54
2020-02-08_13:14:21.958[Battery Energy]84.96
2020-02-08_13:14:22.100[Status]Routing 186: Walk: 54
2020-02-08_13:14:22.200[Battery Energy]84.87
2020-02-08_13:14:22.351[Status]Routing 187: Walk: 54
2020-02-08_13:14:22.454[Battery Energy]84.77
2020-02-08_13:14:22.622[Status]Routing 188: Walk: 54
2020-02-08_13:14:22.722[Battery Energy]84.68
2020-02-08_13:14:22.928[Status]Routing 189: Walk: 54
2020-02-08_13:14:23.032[Battery Energy]84.56
2020-02-08_13:14:23.188[Status]Routing 190: Walk: 54
2020-02-08_13:14:23.298[Battery Energy]84.47
