2020-02-08_13:13:11.560[Status]Start.
2020-02-08_13:13:11.560[Battery Energy]123.00
2020-02-08_13:13:12.662[Battery Energy]122.96
2020-02-08_13:13:13.763[Battery Energy]122.92
2020-02-08_13:13:14.865[Battery Energy]122.88
2020-02-08_13:13:15.966[Battery Energy]122.84
2020-02-08_13:13:17.067[Task]A New Task Released.
2020-02-08_13:13:17.067[Battery Energy]122.80
2020-02-08_13:13:17.067[Status]Selection Start.
2020-02-08_13:13:19.777[Status]Selection End: Do Task 1.
2020-02-08_13:13:19.886[Battery Energy]121.05
2020-02-08_13:13:19.886[Status]Formation Start.
2020-02-08_13:13:20.037[Status]Formation End: To Position 6.
2020-02-08_13:13:20.137[Battery Energy]120.93
2020-02-08_13:13:20.137[Status]Routing Start.
2020-02-08_13:13:20.314[Status]{'coordinate': [140.48758613781968, 248.16001729068878], 'id': 13}
2020-02-08_13:13:20.314[Status]Routing 1: Walk: 1
2020-02-08_13:13:20.422[Battery Energy]120.72
2020-02-08_13:13:20.422[Status]Routing Start.
2020-02-08_13:13:20.590[Status]{'coordinate': [149.97517227563935, 251.32003458137757], 'id': 13}
2020-02-08_13:13:20.590[Status]Routing 2: Walk: 2
2020-02-08_13:13:20.705[Battery Energy]120.50
2020-02-08_13:13:20.705[Status]Routing Start.
2020-02-08_13:13:20.841[Status]{'coordinate': [159.46275841345903, 254.48005187206635], 'id': 13}
2020-02-08_13:13:20.842[Status]Routing 3: Walk: 3
2020-02-08_13:13:20.942[Battery Energy]120.30
2020-02-08_13:13:20.942[Status]Routing Start.
2020-02-08_13:13:21.080[Status]{'coordinate': [168.9503445512787, 257.64006916275514], 'id': 13}
2020-02-08_13:13:21.080[Status]Routing 4: Walk: 4
2020-02-08_13:13:21.198[Battery Energy]120.09
2020-02-08_13:13:21.198[Status]Routing Start.
2020-02-08_13:13:21.338[Status]{'coordinate': [178.43793068909838, 260.8000864534439], 'id': 13}
2020-02-08_13:13:21.338[Status]Routing 5: Walk: 5
2020-02-08_13:13:21.448[Battery Energy]119.87
2020-02-08_13:13:21.448[Status]Routing Start.
2020-02-08_13:13:21.775[Status]{'coordinate': [187.92551682691806, 263.96010374413265], 'id': 13}
2020-02-08_13:13:21.779[Status]Routing 6: Walk: 6
2020-02-08_13:13:21.894[Battery Energy]119.58
2020-02-08_13:13:21.894[Status]Routing Start.
2020-02-08_13:13:22.199[Status]{'coordinate': [197.41310296473773, 267.1201210348214], 'id': 13}
2020-02-08_13:13:22.199[Status]Routing 7: Walk: 7
2020-02-08_13:13:22.306[Battery Energy]119.28
2020-02-08_13:13:22.306[Status]Routing Start.
2020-02-08_13:13:22.624[Status]{'coordinate': [206.9006891025574, 270.28013832551017], 'id': 13}
2020-02-08_13:13:22.631[Status]Routing 8: Walk: 8
2020-02-08_13:13:22.733[Battery Energy]118.95
2020-02-08_13:13:22.733[Status]Routing Start.
2020-02-08_13:13:23.053[Status]{'coordinate': [216.38827524037708, 273.4401556161989], 'id': 13}
2020-02-08_13:13:23.059[Status]Routing 9: Walk: 9
2020-02-08_13:13:23.166[Battery Energy]118.63
2020-02-08_13:13:23.166[Status]Routing Start.
2020-02-08_13:13:23.498[Status]{'coordinate': [225.87586137819676, 276.6001729068877], 'id': 13}
2020-02-08_13:13:23.498[Status]Routing 10: Walk: 10
2020-02-08_13:13:23.598[Battery Energy]118.34
2020-02-08_13:13:23.598[Status]Routing Start.
2020-02-08_13:13:23.933[Status]{'coordinate': [235.36344751601644, 279.76019019757643], 'id': 13}
2020-02-08_13:13:23.933[Status]Routing 11: Walk: 11
2020-02-08_13:13:24.033[Battery Energy]118.00
2020-02-08_13:13:24.033[Status]Routing Start.
2020-02-08_13:13:24.320[Status]{'coordinate': [244.8510336538361, 282.9202074882652], 'id': 13}
2020-02-08_13:13:24.320[Status]Routing 12: Walk: 12
2020-02-08_13:13:24.420[Battery Energy]117.73
2020-02-08_13:13:24.420[Status]Routing Start.
2020-02-08_13:13:24.773[Status]{'coordinate': [254.3386197916558, 286.08022477895395], 'id': 13}
2020-02-08_13:13:24.775[Status]Routing 13: Walk: 13
2020-02-08_13:13:24.877[Battery Energy]117.39
2020-02-08_13:13:24.877[Status]Routing Start.
2020-02-08_13:13:25.277[Status]{'coordinate': [263.82620592947546, 289.2402420696427], 'id': 13}
2020-02-08_13:13:25.277[Status]Routing 14: Walk: 14
2020-02-08_13:13:25.385[Battery Energy]117.03
2020-02-08_13:13:25.385[Status]Routing Start.
2020-02-08_13:13:25.723[Status]{'coordinate': [273.31379206729514, 292.40025936033146], 'id': 13}
2020-02-08_13:13:25.723[Status]Routing 15: Walk: 15
2020-02-08_13:13:25.825[Battery Energy]116.69
2020-02-08_13:13:25.825[Status]Routing Start.
2020-02-08_13:13:26.145[Status]{'coordinate': [282.8013782051148, 295.5602766510203], 'id': 13}
2020-02-08_13:13:26.145[Status]Routing 16: Walk: 16
2020-02-08_13:13:26.245[Battery Energy]116.41
2020-02-08_13:13:26.245[Status]Routing Start.
2020-02-08_13:13:26.596[Status]{'coordinate': [292.2889643429345, 298.7202939417091], 'id': 13}
2020-02-08_13:13:26.596[Status]Routing 17: Walk: 17
2020-02-08_13:13:26.706[Battery Energy]116.06
2020-02-08_13:13:26.706[Status]Routing Start.
2020-02-08_13:13:27.209[Status]{'coordinate': [293.0298060344257, 308.6928138633813], 'id': 13}
2020-02-08_13:13:27.209[Status]Routing 18: Walk: 18
2020-02-08_13:13:27.309[Battery Energy]115.56
2020-02-08_13:13:27.309[Status]Routing Start.
2020-02-08_13:13:27.636[Status]{'coordinate': [302.545628107748, 311.7667576281357], 'id': 13}
2020-02-08_13:13:27.636[Status]Routing 19: Walk: 19
2020-02-08_13:13:27.736[Battery Energy]115.19
2020-02-08_13:13:27.736[Status]Routing Start.
2020-02-08_13:13:28.026[Status]{'coordinate': [312.06145018107026, 314.8407013928901], 'id': 13}
2020-02-08_13:13:28.034[Status]Routing 20: Walk: 20
2020-02-08_13:13:28.134[Battery Energy]114.86
2020-02-08_13:13:28.134[Status]Routing Start.
2020-02-08_13:13:28.488[Status]{'coordinate': [321.57727225439254, 317.9146451576445], 'id': 13}
2020-02-08_13:13:28.488[Status]Routing 21: Walk: 21
2020-02-08_13:13:28.588[Battery Energy]114.47
2020-02-08_13:13:28.588[Status]Routing Start.
2020-02-08_13:13:29.004[Status]{'coordinate': [331.0930943277148, 320.9885889223989], 'id': 13}
2020-02-08_13:13:29.008[Status]Routing 22: Walk: 22
2020-02-08_13:13:29.109[Battery Energy]114.03
2020-02-08_13:13:29.109[Status]Routing Start.
2020-02-08_13:13:29.274[Status]{'coordinate': [340.6089164010371, 324.0625326871533], 'id': 13}
2020-02-08_13:13:29.275[Status]Routing 23: Walk: 23
2020-02-08_13:13:29.386[Battery Energy]113.80
2020-02-08_13:13:29.386[Status]Routing Start.
2020-02-08_13:13:29.688[Status]{'coordinate': [350.1247384743594, 327.1364764519077], 'id': 13}
2020-02-08_13:13:29.688[Status]Routing 24: Walk: 24
2020-02-08_13:13:29.788[Battery Energy]113.51
2020-02-08_13:13:29.788[Status]Routing Start.
2020-02-08_13:13:30.098[Status]{'coordinate': [359.6405605476817, 330.2104202166621], 'id': 13}
2020-02-08_13:13:30.100[Status]Routing 25: Walk: 25
2020-02-08_13:13:30.204[Battery Energy]113.21
2020-02-08_13:13:30.204[Status]Routing Start.
2020-02-08_13:13:30.504[Status]{'coordinate': [369.15638262100396, 333.2843639814165], 'id': 13}
2020-02-08_13:13:30.504[Status]Routing 26: Walk: 26
2020-02-08_13:13:30.605[Battery Energy]112.94
2020-02-08_13:13:30.605[Status]Routing Start.
2020-02-08_13:13:30.777[Status]{'coordinate': [378.67220469432624, 336.3583077461709], 'id': 13}
2020-02-08_13:13:30.779[Status]Routing 27: Walk: 27
2020-02-08_13:13:30.879[Battery Energy]112.71
2020-02-08_13:13:30.879[Status]Routing Start.
2020-02-08_13:13:31.212[Status]{'coordinate': [388.1880267676485, 339.4322515109253], 'id': 13}
2020-02-08_13:13:31.212[Status]Routing 28: Walk: 28
2020-02-08_13:13:31.317[Battery Energy]112.40
2020-02-08_13:13:31.317[Status]Routing Start.
2020-02-08_13:13:31.475[Status]{'coordinate': [397.7038488409708, 342.5061952756797], 'id': 13}
2020-02-08_13:13:31.475[Status]Routing 29: Walk: 29
2020-02-08_13:13:31.578[Battery Energy]112.22
2020-02-08_13:13:31.578[Status]Routing Start.
2020-02-08_13:13:31.925[Status]{'coordinate': [407.2196709142931, 345.5801390404341], 'id': 13}
2020-02-08_13:13:31.925[Status]Routing 30: Walk: 30
2020-02-08_13:13:32.028[Battery Energy]111.89
2020-02-08_13:13:32.028[Status]Routing Start.
2020-02-08_13:13:32.183[Status]{'coordinate': [416.7354929876154, 348.6540828051885], 'id': 13}
2020-02-08_13:13:32.183[Status]Routing 31: Walk: 31
2020-02-08_13:13:32.290[Battery Energy]111.69
2020-02-08_13:13:32.290[Status]Routing Start.
2020-02-08_13:13:32.608[Status]{'coordinate': [426.25131506093766, 351.7280265699429], 'id': 13}
2020-02-08_13:13:32.608[Status]Routing 32: Walk: 32
2020-02-08_13:13:32.709[Battery Energy]111.40
2020-02-08_13:13:32.709[Status]Routing Start.
2020-02-08_13:13:33.048[Status]{'coordinate': [435.76713713425994, 354.80197033469733], 'id': 13}
2020-02-08_13:13:33.048[Status]Routing 33: Walk: 33
2020-02-08_13:13:33.166[Battery Energy]111.08
2020-02-08_13:13:33.166[Status]Routing Start.
2020-02-08_13:13:33.491[Status]{'coordinate': [445.2829592075822, 357.87591409945173], 'id': 13}
2020-02-08_13:13:33.494[Status]Routing 34: Walk: 34
2020-02-08_13:13:33.606[Battery Energy]110.73
2020-02-08_13:13:33.606[Status]Routing Start.
2020-02-08_13:13:33.919[Status]{'coordinate': [454.7987812809045, 360.94985786420614], 'id': 13}
2020-02-08_13:13:33.922[Status]Routing 35: Walk: 35
2020-02-08_13:13:34.023[Battery Energy]110.39
2020-02-08_13:13:34.023[Status]Routing Start.
2020-02-08_13:13:34.395[Status]{'coordinate': [464.3146033542268, 364.02380162896054], 'id': 13}
2020-02-08_13:13:34.395[Status]Routing 36: Walk: 36
2020-02-08_13:13:34.502[Battery Energy]110.05
2020-02-08_13:13:34.502[Status]Routing Start.
2020-02-08_13:13:34.821[Status]{'coordinate': [473.8304254275491, 367.09774539371494], 'id': 13}
2020-02-08_13:13:34.823[Status]Routing 37: Walk: 37
2020-02-08_13:13:34.946[Battery Energy]109.76
2020-02-08_13:13:34.946[Status]Routing Start.
2020-02-08_13:13:35.226[Status]{'coordinate': [483.34624750087136, 370.17168915846935], 'id': 13}
2020-02-08_13:13:35.226[Status]Routing 38: Walk: 38
2020-02-08_13:13:35.326[Battery Energy]109.47
2020-02-08_13:13:35.326[Status]Routing Start.
2020-02-08_13:13:35.508[Status]{'coordinate': [492.86206957419364, 373.24563292322375], 'id': 13}
2020-02-08_13:13:35.508[Status]Routing 39: Walk: 39
2020-02-08_13:13:35.608[Battery Energy]109.26
2020-02-08_13:13:35.608[Status]Routing Start.
2020-02-08_13:13:35.759[Status]{'coordinate': [502.3778916475159, 376.31957668797816], 'id': 13}
2020-02-08_13:13:35.759[Status]Routing 40: Walk: 40
2020-02-08_13:13:35.874[Battery Energy]109.05
2020-02-08_13:13:35.874[Status]Routing Start.
2020-02-08_13:13:36.113[Status]{'coordinate': [511.8937137208382, 379.39352045273256], 'id': 13}
2020-02-08_13:13:36.113[Status]Routing 41: Walk: 41
2020-02-08_13:13:36.222[Battery Energy]108.81
2020-02-08_13:13:36.222[Status]Routing Start.
2020-02-08_13:13:36.358[Status]{'coordinate': [521.4095357941605, 382.46746421748696], 'id': 13}
2020-02-08_13:13:36.358[Status]Routing 42: Walk: 42
2020-02-08_13:13:36.466[Battery Energy]108.60
2020-02-08_13:13:36.466[Status]Routing Start.
2020-02-08_13:13:36.791[Status]Routing 43: Walk: 42
2020-02-08_13:13:36.891[Battery Energy]108.32
2020-02-08_13:13:36.891[Status]Routing Start.
2020-02-08_13:13:37.190[Status]Routing 44: Walk: 42
2020-02-08_13:13:37.293[Battery Energy]108.04
2020-02-08_13:13:37.293[Status]Routing Start.
2020-02-08_13:13:37.596[Status]Routing 45: Walk: 42
2020-02-08_13:13:37.696[Battery Energy]107.80
2020-02-08_13:13:37.696[Status]Routing Start.
2020-02-08_13:13:37.859[Status]{'coordinate': [530.9253578674828, 385.54140798224137], 'id': 13}
2020-02-08_13:13:37.860[Status]Routing 46: Walk: 43
2020-02-08_13:13:37.974[Battery Energy]107.60
2020-02-08_13:13:37.974[Status]Routing Start.
2020-02-08_13:13:38.326[Status]Routing 47: Walk: 43
2020-02-08_13:13:38.426[Battery Energy]107.27
2020-02-08_13:13:38.426[Status]Routing Start.
2020-02-08_13:13:38.588[Status]{'coordinate': [540.4411799408051, 388.61535174699577], 'id': 13}
2020-02-08_13:13:38.588[Status]Routing 48: Walk: 44
2020-02-08_13:13:38.688[Battery Energy]107.07
2020-02-08_13:13:38.689[Status]Routing Start.
2020-02-08_13:13:38.840[Status]{'coordinate': [549.9570020141274, 391.6892955117502], 'id': 13}
2020-02-08_13:13:38.840[Status]Routing 49: Walk: 45
2020-02-08_13:13:38.954[Battery Energy]106.84
2020-02-08_13:13:38.954[Status]Routing Start.
2020-02-08_13:13:39.301[Status]{'coordinate': [559.4728240874497, 394.7632392765046], 'id': 13}
2020-02-08_13:13:39.302[Status]Routing 50: Walk: 46
2020-02-08_13:13:39.406[Battery Energy]106.54
2020-02-08_13:13:39.406[Status]Routing Start.
2020-02-08_13:13:39.561[Status]{'coordinate': [568.988646160772, 397.837183041259], 'id': 13}
2020-02-08_13:13:39.561[Status]Routing 51: Walk: 47
2020-02-08_13:13:39.661[Battery Energy]106.31
2020-02-08_13:13:39.661[Status]Routing Start.
2020-02-08_13:13:40.031[Status]{'coordinate': [578.5044682340942, 400.9111268060134], 'id': 13}
2020-02-08_13:13:40.031[Status]Routing 52: Walk: 48
2020-02-08_13:13:40.140[Battery Energy]105.95
2020-02-08_13:13:40.140[Status]Routing Start.
2020-02-08_13:13:40.314[Status]{'coordinate': [588.0202903074165, 403.9850705707678], 'id': 13}
2020-02-08_13:13:40.314[Status]Routing 53: Walk: 49
2020-02-08_13:13:40.418[Battery Energy]105.72
2020-02-08_13:13:40.418[Status]Routing Start.
2020-02-08_13:13:40.720[Status]{'coordinate': [597.5361123807388, 407.0590143355222], 'id': 13}
2020-02-08_13:13:40.720[Status]Routing 54: Walk: 50
2020-02-08_13:13:40.834[Battery Energy]105.41
2020-02-08_13:13:40.834[Status]Routing Start.
2020-02-08_13:13:40.976[Status]{'coordinate': [607.0519344540611, 410.1329581002766], 'id': 13}
2020-02-08_13:13:40.976[Status]Routing 55: Walk: 51
2020-02-08_13:13:41.078[Battery Energy]105.20
2020-02-08_13:13:41.078[Status]Routing Start.
2020-02-08_13:13:41.413[Status]{'coordinate': [616.5677565273834, 413.206901865031], 'id': 13}
2020-02-08_13:13:41.413[Status]Routing 56: Walk: 52
2020-02-08_13:13:41.518[Battery Energy]104.89
2020-02-08_13:13:41.518[Status]Routing Start.
2020-02-08_13:13:41.819[Status]{'coordinate': [626.0835786007057, 416.2808456297854], 'id': 13}
2020-02-08_13:13:41.819[Status]Routing 57: Walk: 53
2020-02-08_13:13:41.919[Battery Energy]104.57
2020-02-08_13:13:41.919[Status]Routing Start.
2020-02-08_13:13:42.269[Status]{'coordinate': [635.599400674028, 419.3547893945398], 'id': 13}
2020-02-08_13:13:42.269[Status]Routing 58: Walk: 54
2020-02-08_13:13:42.378[Battery Energy]104.26
2020-02-08_13:13:42.378[Status]Routing Start.
2020-02-08_13:13:42.689[Status]{'coordinate': [645.1152227473502, 422.4287331592942], 'id': 13}
2020-02-08_13:13:42.689[Status]Routing 59: Walk: 55
2020-02-08_13:13:42.806[Battery Energy]103.92
2020-02-08_13:13:42.806[Status]Routing Start.
2020-02-08_13:13:43.113[Status]{'coordinate': [654.6310448206725, 425.5026769240486], 'id': 13}
2020-02-08_13:13:43.113[Status]Routing 60: Walk: 56
2020-02-08_13:13:43.226[Battery Energy]103.59
2020-02-08_13:13:43.226[Status]Routing Start.
2020-02-08_13:13:43.558[Status]{'coordinate': [664.1468668939948, 428.57662068880296], 'id': 13}
2020-02-08_13:13:43.559[Status]Routing 61: Walk: 57
2020-02-08_13:13:43.670[Battery Energy]103.25
2020-02-08_13:13:43.670[Status]Routing Start.
2020-02-08_13:13:43.975[Status]{'coordinate': [673.6626889673171, 431.6505644535573], 'id': 13}
2020-02-08_13:13:43.975[Status]Routing 62: Walk: 58
2020-02-08_13:13:44.075[Battery Energy]102.90
2020-02-08_13:13:44.075[Status]Routing Start.
2020-02-08_13:13:44.406[Status]{'coordinate': [683.1785110406394, 434.7245082183117], 'id': 13}
2020-02-08_13:13:44.406[Status]Routing 63: Walk: 59
2020-02-08_13:13:44.510[Battery Energy]102.61
2020-02-08_13:13:44.510[Status]Routing Start.
2020-02-08_13:13:44.797[Status]{'coordinate': [692.6943331139616, 437.7984519830661], 'id': 13}
2020-02-08_13:13:44.797[Status]Routing 64: Walk: 60
2020-02-08_13:13:44.897[Battery Energy]102.31
2020-02-08_13:13:44.897[Status]Routing Start.
2020-02-08_13:13:45.235[Status]{'coordinate': [702.2101551872839, 440.87239574782046], 'id': 13}
2020-02-08_13:13:45.235[Status]Routing 65: Walk: 61
2020-02-08_13:13:45.338[Battery Energy]101.95
2020-02-08_13:13:45.338[Status]Routing Start.
2020-02-08_13:13:45.627[Status]{'coordinate': [711.7259772606062, 443.94633951257487], 'id': 13}
2020-02-08_13:13:45.627[Status]Routing 66: Walk: 62
2020-02-08_13:13:45.727[Battery Energy]101.68
2020-02-08_13:13:45.727[Status]Routing Start.
2020-02-08_13:13:46.039[Status]{'coordinate': [721.2417993339285, 447.0202832773292], 'id': 13}
2020-02-08_13:13:46.039[Status]Routing 67: Walk: 63
2020-02-08_13:13:46.139[Battery Energy]101.37
2020-02-08_13:13:46.139[Status]Routing Start.
2020-02-08_13:13:46.492[Status]{'coordinate': [730.7576214072508, 450.09422704208356], 'id': 13}
2020-02-08_13:13:46.492[Status]Routing 68: Walk: 64
2020-02-08_13:13:46.595[Battery Energy]101.06
2020-02-08_13:13:46.595[Status]Routing Start.
2020-02-08_13:13:46.927[Status]{'coordinate': [740.2734434805731, 453.1681708068379], 'id': 13}
2020-02-08_13:13:46.927[Status]Routing 69: Walk: 65
2020-02-08_13:13:47.034[Battery Energy]100.79
2020-02-08_13:13:47.034[Status]Routing Start.
2020-02-08_13:13:47.166[Status]{'coordinate': [749.7892655538953, 456.2421145715923], 'id': 13}
2020-02-08_13:13:47.166[Status]Routing 70: Walk: 66
2020-02-08_13:13:47.278[Battery Energy]100.60
2020-02-08_13:13:47.278[Status]Routing Start.
2020-02-08_13:13:47.586[Status]{'coordinate': [759.3050876272176, 459.3160583363467], 'id': 13}
2020-02-08_13:13:47.586[Status]Routing 71: Walk: 67
2020-02-08_13:13:47.690[Battery Energy]100.30
2020-02-08_13:13:47.690[Status]Routing Start.
2020-02-08_13:13:48.016[Status]{'coordinate': [768.8209097005399, 462.3900021011011], 'id': 13}
2020-02-08_13:13:48.017[Status]Routing 72: Walk: 68
2020-02-08_13:13:48.122[Battery Energy]99.99
2020-02-08_13:13:48.122[Status]Routing Start.
2020-02-08_13:13:48.427[Status]{'coordinate': [778.3367317738622, 465.46394586585546], 'id': 13}
2020-02-08_13:13:48.427[Status]Routing 73: Walk: 69
2020-02-08_13:13:48.530[Battery Energy]99.69
2020-02-08_13:13:48.530[Status]Routing Start.
2020-02-08_13:13:48.861[Status]{'coordinate': [787.8525538471845, 468.5378896306098], 'id': 13}
2020-02-08_13:13:48.862[Status]Routing 74: Walk: 70
2020-02-08_13:13:48.974[Battery Energy]99.36
2020-02-08_13:13:48.974[Status]Routing Start.
2020-02-08_13:13:49.275[Status]{'coordinate': [797.3683759205068, 471.6118333953642], 'id': 13}
2020-02-08_13:13:49.275[Status]Routing 75: Walk: 71
2020-02-08_13:13:49.375[Battery Energy]99.04
2020-02-08_13:13:49.375[Status]Routing Start.
2020-02-08_13:13:49.765[Status]{'coordinate': [806.884197993829, 474.6857771601186], 'id': 13}
2020-02-08_13:13:49.765[Status]Routing 76: Walk: 72
2020-02-08_13:13:49.865[Battery Energy]98.67
2020-02-08_13:13:49.865[Status]Routing Start.
2020-02-08_13:13:50.210[Status]{'coordinate': [816.4000200671513, 477.75972092487297], 'id': 13}
2020-02-08_13:13:50.210[Status]Routing 77: Walk: 73
2020-02-08_13:13:50.310[Battery Energy]98.39
2020-02-08_13:13:50.310[Status]Routing Start.
2020-02-08_13:13:50.646[Status]{'coordinate': [825.9158421404736, 480.8336646896273], 'id': 13}
2020-02-08_13:13:50.646[Status]Routing 78: Walk: 74
2020-02-08_13:13:50.758[Battery Energy]98.06
2020-02-08_13:13:50.758[Status]Routing Start.
2020-02-08_13:13:51.023[Status]{'coordinate': [835.4316642137959, 483.9076084543817], 'id': 13}
2020-02-08_13:13:51.023[Status]Routing 79: Walk: 75
2020-02-08_13:13:51.134[Battery Energy]97.76
2020-02-08_13:13:51.134[Status]Routing Start.
2020-02-08_13:13:51.272[Status]{'coordinate': [844.9474862871182, 486.98155221913606], 'id': 13}
2020-02-08_13:13:51.272[Status]Routing 80: Walk: 76
2020-02-08_13:13:51.386[Battery Energy]97.56
2020-02-08_13:13:51.386[Status]Routing Start.
2020-02-08_13:13:51.741[Status]{'coordinate': [854.4633083604405, 490.05549598389047], 'id': 13}
2020-02-08_13:13:51.741[Status]Routing 81: Walk: 77
2020-02-08_13:13:51.854[Battery Energy]97.24
2020-02-08_13:13:51.854[Status]Routing Start.
2020-02-08_13:13:51.989[Status]{'coordinate': [863.9791304337627, 493.1294397486448], 'id': 13}
2020-02-08_13:13:51.989[Status]Routing 82: Walk: 78
2020-02-08_13:13:52.102[Battery Energy]97.04
2020-02-08_13:13:52.102[Status]Routing Start.
2020-02-08_13:13:52.282[Status]{'coordinate': [873.494952507085, 496.2033835133992], 'id': 13}
2020-02-08_13:13:52.282[Status]Routing 83: Walk: 79
2020-02-08_13:13:52.385[Battery Energy]96.81
2020-02-08_13:13:52.385[Status]Routing Start.
2020-02-08_13:13:52.704[Status]{'coordinate': [883.0107745804073, 499.27732727815356], 'id': 13}
2020-02-08_13:13:52.704[Status]Routing 84: Walk: 80
2020-02-08_13:13:52.810[Battery Energy]96.46
2020-02-08_13:13:52.810[Status]Routing Start.
2020-02-08_13:13:52.956[Status]{'coordinate': [892.5265966537296, 502.3512710429079], 'id': 13}
2020-02-08_13:13:52.956[Status]Routing 85: Walk: 81
2020-02-08_13:13:53.062[Battery Energy]96.24
2020-02-08_13:13:53.062[Status]Routing Start.
2020-02-08_13:13:53.367[Status]{'coordinate': [902.0424187270519, 505.4252148076623], 'id': 13}
2020-02-08_13:13:53.369[Status]Routing 86: Walk: 82
2020-02-08_13:13:53.469[Battery Energy]95.96
2020-02-08_13:13:53.469[Status]Routing Start.
2020-02-08_13:13:53.772[Status]{'coordinate': [911.5582408003742, 508.49915857241666], 'id': 13}
2020-02-08_13:13:53.772[Status]Routing 87: Walk: 83
2020-02-08_13:13:53.878[Battery Energy]95.66
2020-02-08_13:13:53.878[Status]Routing Start.
2020-02-08_13:13:54.215[Status]{'coordinate': [921.0740628736964, 511.57310233717106], 'id': 13}
2020-02-08_13:13:54.215[Status]Routing 88: Walk: 84
2020-02-08_13:13:54.315[Battery Energy]95.33
2020-02-08_13:13:54.315[Status]Routing Start.
2020-02-08_13:13:54.584[Status]{'coordinate': [930.5898849470187, 514.6470461019254], 'id': 13}
2020-02-08_13:13:54.584[Status]Routing 89: Walk: 85
2020-02-08_13:13:54.684[Battery Energy]95.03
2020-02-08_13:13:54.684[Status]Routing Start.
2020-02-08_13:13:54.997[Status]{'coordinate': [940.105707020341, 517.7209898666798], 'id': 13}
2020-02-08_13:13:54.997[Status]Routing 90: Walk: 86
2020-02-08_13:13:55.097[Battery Energy]94.74
2020-02-08_13:13:55.097[Status]Routing Start.
2020-02-08_13:13:55.422[Status]{'coordinate': [949.6215290936633, 520.7949336314342], 'id': 13}
2020-02-08_13:13:55.422[Status]Routing 91: Walk: 87
2020-02-08_13:13:55.530[Battery Energy]94.43
2020-02-08_13:13:55.530[Status]Routing Start.
2020-02-08_13:13:55.834[Status]{'coordinate': [959.1373511669856, 523.8688773961886], 'id': 13}
2020-02-08_13:13:55.834[Status]Routing 92: Walk: 88
2020-02-08_13:13:55.942[Battery Energy]94.13
2020-02-08_13:13:55.942[Status]Routing Start.
2020-02-08_13:13:56.100[Status]{'coordinate': [968.6531732403079, 526.942821160943], 'id': 13}
2020-02-08_13:13:56.100[Status]Routing 93: Walk: 89
2020-02-08_13:13:56.218[Battery Energy]93.90
2020-02-08_13:13:56.218[Status]Routing Start.
2020-02-08_13:13:56.404[Status]{'coordinate': [978.1689953136301, 530.0167649256974], 'id': 13}
2020-02-08_13:13:56.404[Status]Routing 94: Walk: 90
2020-02-08_13:13:56.514[Battery Energy]93.66
2020-02-08_13:13:56.514[Status]Routing Start.
2020-02-08_13:13:56.828[Status]{'coordinate': [987.6848173869524, 533.0907086904518], 'id': 13}
2020-02-08_13:13:56.828[Status]Routing 95: Walk: 91
2020-02-08_13:13:56.929[Battery Energy]93.33
2020-02-08_13:13:56.929[Status]Routing Start.
2020-02-08_13:13:57.283[Status]{'coordinate': [997.2006394602747, 536.1646524552062], 'id': 13}
2020-02-08_13:13:57.283[Status]Routing 96: Walk: 92
2020-02-08_13:13:57.386[Battery Energy]92.98
2020-02-08_13:13:57.386[Status]Routing Start.
2020-02-08_13:13:57.638[Status]{'coordinate': [1006.716461533597, 539.2385962199606], 'id': 13}
2020-02-08_13:13:57.638[Status]Routing 97: Walk: 93
2020-02-08_13:13:57.738[Battery Energy]92.74
2020-02-08_13:13:57.738[Status]Routing Start.
2020-02-08_13:13:58.016[Status]{'coordinate': [1016.2322836069193, 542.312539984715], 'id': 13}
2020-02-08_13:13:58.017[Status]Routing 98: Walk: 94
2020-02-08_13:13:58.117[Battery Energy]92.44
2020-02-08_13:13:58.117[Status]Routing Start.
2020-02-08_13:13:58.274[Status]{'coordinate': [1025.7481056802417, 545.3864837494694], 'id': 13}
2020-02-08_13:13:58.275[Status]Routing 99: Walk: 95
2020-02-08_13:13:58.375[Battery Energy]92.23
2020-02-08_13:13:58.375[Status]Routing Start.
2020-02-08_13:13:58.516[Status]{'coordinate': [1035.263927753564, 548.4604275142239], 'id': 13}
2020-02-08_13:13:58.516[Status]Routing 100: Walk: 96
2020-02-08_13:13:58.622[Battery Energy]92.04
2020-02-08_13:13:58.622[Status]Routing Start.
2020-02-08_13:13:58.787[Status]{'coordinate': [1044.7797498268865, 551.5343712789783], 'id': 13}
2020-02-08_13:13:58.788[Status]Routing 101: Walk: 97
2020-02-08_13:13:58.890[Battery Energy]91.83
2020-02-08_13:13:58.890[Status]Routing Start.
2020-02-08_13:13:59.039[Status]{'coordinate': [1054.2955719002089, 554.6083150437327], 'id': 13}
2020-02-08_13:13:59.039[Status]Routing 102: Walk: 98
2020-02-08_13:13:59.146[Battery Energy]91.61
2020-02-08_13:13:59.146[Status]Routing Start.
2020-02-08_13:13:59.296[Status]{'coordinate': [1063.8113939735313, 557.6822588084871], 'id': 13}
2020-02-08_13:13:59.296[Status]Routing 103: Walk: 99
2020-02-08_13:13:59.396[Battery Energy]91.41
2020-02-08_13:13:59.397[Status]Routing Start.
2020-02-08_13:13:59.580[Status]{'coordinate': [1073.3272160468537, 560.7562025732415], 'id': 13}
2020-02-08_13:13:59.580[Status]Routing 104: Walk: 100
2020-02-08_13:13:59.692[Battery Energy]91.18
2020-02-08_13:13:59.692[Status]Routing Start.
2020-02-08_13:13:59.835[Status]{'coordinate': [1082.843038120176, 563.8301463379959], 'id': 13}
2020-02-08_13:13:59.835[Status]Routing 105: Walk: 101
2020-02-08_13:13:59.938[Battery Energy]91.01
2020-02-08_13:13:59.938[Status]Routing Start.
2020-02-08_13:14:00.118[Status]{'coordinate': [1092.3588601934985, 566.9040901027503], 'id': 13}
2020-02-08_13:14:00.119[Status]Routing 106: Walk: 102
2020-02-08_13:14:00.226[Battery Energy]90.76
2020-02-08_13:14:00.226[Status]Routing Start.
2020-02-08_13:14:00.353[Status]{'coordinate': [1101.8746822668209, 569.9780338675047], 'id': 13}
2020-02-08_13:14:00.355[Status]Routing 107: Walk: 103
2020-02-08_13:14:00.455[Battery Energy]90.55
2020-02-08_13:14:00.455[Status]Routing Start.
2020-02-08_13:14:00.639[Status]{'coordinate': [1111.3905043401433, 573.0519776322591], 'id': 13}
2020-02-08_13:14:00.639[Status]Routing 108: Walk: 104
2020-02-08_13:14:00.746[Battery Energy]90.31
2020-02-08_13:14:00.746[Status]Routing Start.
2020-02-08_13:14:01.063[Status]{'coordinate': [1120.9063264134656, 576.1259213970135], 'id': 13}
2020-02-08_13:14:01.064[Status]Routing 109: Walk: 105
2020-02-08_13:14:01.164[Battery Energy]89.99
2020-02-08_13:14:01.164[Status]Routing Start.
2020-02-08_13:14:01.520[Status]{'coordinate': [1130.422148486788, 579.1998651617679], 'id': 13}
2020-02-08_13:14:01.520[Status]Routing 110: Walk: 106
2020-02-08_13:14:01.621[Battery Energy]89.68
2020-02-08_13:14:01.621[Status]Routing Start.
2020-02-08_13:14:01.859[Status]{'coordinate': [1139.9379705601104, 582.2738089265223], 'id': 13}
2020-02-08_13:14:01.859[Status]Routing 111: Walk: 107
2020-02-08_13:14:01.959[Battery Energy]89.44
2020-02-08_13:14:01.959[Status]Routing Start.
2020-02-08_13:14:02.251[Status]{'coordinate': [1149.4537926334328, 585.3477526912767], 'id': 13}
2020-02-08_13:14:02.251[Status]Routing 112: Walk: 108
2020-02-08_13:14:02.353[Battery Energy]89.13
2020-02-08_13:14:02.353[Status]Routing Start.
2020-02-08_13:14:02.533[Status]{'coordinate': [1158.9696147067552, 588.4216964560311], 'id': 13}
2020-02-08_13:14:02.533[Status]Routing 113: Walk: 109
2020-02-08_13:14:02.633[Battery Energy]88.92
2020-02-08_13:14:02.633[Status]Routing Start.
2020-02-08_13:14:02.904[Status]{'coordinate': [1168.4854367800776, 591.4956402207855], 'id': 13}
2020-02-08_13:14:02.905[Status]Routing 114: Walk: 110
2020-02-08_13:14:03.010[Battery Energy]88.67
2020-02-08_13:14:03.010[Status]Routing Start.
2020-02-08_13:14:03.318[Status]{'coordinate': [1178.0012588534, 594.5695839855399], 'id': 13}
2020-02-08_13:14:03.319[Status]Routing 115: Walk: 111
2020-02-08_13:14:03.429[Battery Energy]88.38
2020-02-08_13:14:03.429[Status]Routing Start.
2020-02-08_13:14:03.597[Status]{'coordinate': [1187.5170809267224, 597.6435277502943], 'id': 13}
2020-02-08_13:14:03.597[Status]Routing 116: Walk: 112
2020-02-08_13:14:03.702[Battery Energy]88.15
2020-02-08_13:14:03.702[Status]Routing Start.
2020-02-08_13:14:03.853[Status]{'coordinate': [1197.0329030000448, 600.7174715150487], 'id': 13}
2020-02-08_13:14:03.853[Status]Routing 117: Walk: 113
2020-02-08_13:14:03.964[Battery Energy]87.93
2020-02-08_13:14:03.964[Status]Routing Start.
2020-02-08_13:14:04.293[Status]{'coordinate': [1206.5487250733672, 603.7914152798031], 'id': 13}
2020-02-08_13:14:04.293[Status]Routing 118: Walk: 114
2020-02-08_13:14:04.393[Battery Energy]87.58
2020-02-08_13:14:04.393[Status]Routing Start.
2020-02-08_13:14:04.549[Status]{'coordinate': [1216.0645471466896, 606.8653590445575], 'id': 13}
2020-02-08_13:14:04.549[Status]Routing 119: Walk: 115
2020-02-08_13:14:04.649[Battery Energy]87.37
2020-02-08_13:14:04.649[Status]Routing Start.
2020-02-08_13:14:04.814[Status]{'coordinate': [1225.580369220012, 609.9393028093119], 'id': 13}
2020-02-08_13:14:04.814[Status]Routing 120: Walk: 116
2020-02-08_13:14:04.922[Battery Energy]87.18
2020-02-08_13:14:04.922[Status]Routing Start.
2020-02-08_13:14:05.162[Status]{'coordinate': [1235.0961912933344, 613.0132465740663], 'id': 13}
2020-02-08_13:14:05.162[Status]Routing 121: Walk: 117
2020-02-08_13:14:05.270[Battery Energy]86.93
2020-02-08_13:14:05.270[Status]Routing Start.
2020-02-08_13:14:05.437[Status]{'coordinate': [1244.6120133666568, 616.0871903388206], 'id': 13}
2020-02-08_13:14:05.438[Status]Routing 122: Walk: 118
2020-02-08_13:14:05.538[Battery Energy]86.71
2020-02-08_13:14:05.538[Status]Routing Start.
2020-02-08_13:14:05.696[Status]{'coordinate': [1254.1278354399792, 619.161134103575], 'id': 13}
2020-02-08_13:14:05.696[Status]Routing 123: Walk: 119
2020-02-08_13:14:05.798[Battery Energy]86.48
2020-02-08_13:14:05.798[Status]Routing Start.
2020-02-08_13:14:05.799[Status]Task Finished.
2020-02-08_13:14:05.899[Battery Energy]86.48
2020-02-08_13:14:06.027[Status]Routing 125: Walk: 119
2020-02-08_13:14:06.146[Battery Energy]86.38
2020-02-08_13:14:06.286[Status]Routing 126: Walk: 119
2020-02-08_13:14:06.406[Battery Energy]86.25
2020-02-08_13:14:06.626[Status]Routing 127: Walk: 119
2020-02-08_13:14:06.734[Battery Energy]86.06
2020-02-08_13:14:06.892[Status]Routing 128: Walk: 119
2020-02-08_13:14:06.998[Battery Energy]85.94
2020-02-08_13:14:07.132[Status]Routing 129: Walk: 119
2020-02-08_13:14:07.236[Battery Energy]85.84
2020-02-08_13:14:07.411[Status]Routing 130: Walk: 119
2020-02-08_13:14:07.512[Battery Energy]85.70
2020-02-08_13:14:07.729[Status]Routing 131: Walk: 119
2020-02-08_13:14:07.840[Battery Energy]85.55
2020-02-08_13:14:08.072[Status]Routing 132: Walk: 119
2020-02-08_13:14:08.174[Battery Energy]85.40
2020-02-08_13:14:08.342[Status]Routing 133: Walk: 119
2020-02-08_13:14:08.450[Battery Energy]85.27
2020-02-08_13:14:08.621[Status]Routing 134: Walk: 119
2020-02-08_13:14:08.734[Battery Energy]85.16
2020-02-08_13:14:08.857[Status]Routing 135: Walk: 119
2020-02-08_13:14:08.957[Battery Energy]85.04
2020-02-08_13:14:09.119[Status]Routing 136: Walk: 119
2020-02-08_13:14:09.220[Battery Energy]84.91
2020-02-08_13:14:09.374[Status]Routing 137: Walk: 119
2020-02-08_13:14:09.475[Battery Energy]84.81
2020-02-08_13:14:09.634[Status]Routing 138: Walk: 119
2020-02-08_13:14:09.738[Battery Energy]84.69
2020-02-08_13:14:09.966[Status]Routing 139: Walk: 119
2020-02-08_13:14:10.070[Battery Energy]84.54
2020-02-08_13:14:10.206[Status]Routing 140: Walk: 119
2020-02-08_13:14:10.307[Battery Energy]84.43
2020-02-08_13:14:10.478[Status]Routing 141: Walk: 119
2020-02-08_13:14:10.590[Battery Energy]84.32
2020-02-08_13:14:10.754[Status]Routing 142: Walk: 119
2020-02-08_13:14:10.855[Battery Energy]84.22
2020-02-08_13:14:10.985[Status]Routing 143: Walk: 119
2020-02-08_13:14:11.088[Battery Energy]84.12
2020-02-08_13:14:11.259[Status]Routing 144: Walk: 119
2020-02-08_13:14:11.359[Battery Energy]84.01
2020-02-08_13:14:11.509[Status]Routing 145: Walk: 119
2020-02-08_13:14:11.622[Battery Energy]83.92
2020-02-08_13:14:11.764[Status]Routing 146: Walk: 119
2020-02-08_13:14:11.866[Battery Energy]83.81
2020-02-08_13:14:12.041[Status]Routing 147: Walk: 119
2020-02-08_13:14:12.141[Battery Energy]83.70
2020-02-08_13:14:12.266[Status]Routing 148: Walk: 119
2020-02-08_13:14:12.369[Battery Energy]83.60
2020-02-08_13:14:12.530[Status]Routing 149: Walk: 119
2020-02-08_13:14:12.642[Battery Energy]83.48
2020-02-08_13:14:12.894[Status]Routing 150: Walk: 119
2020-02-08_13:14:13.002[Battery Energy]83.30
2020-02-08_13:14:13.148[Status]Routing 151: Walk: 119
2020-02-08_13:14:13.258[Battery Energy]83.20
2020-02-08_13:14:13.407[Status]Routing 152: Walk: 119
2020-02-08_13:14:13.507[Battery Energy]83.09
2020-02-08_13:14:13.667[Status]Routing 153: Walk: 119
2020-02-08_13:14:13.782[Battery Energy]83.00
2020-02-08_13:14:13.922[Status]Routing 154: Walk: 119
2020-02-08_13:14:14.030[Battery Energy]82.92
2020-02-08_13:14:14.179[Status]Routing 155: Walk: 119
2020-02-08_13:14:14.279[Battery Energy]82.82
2020-02-08_13:14:14.442[Status]Routing 156: Walk: 119
2020-02-08_13:14:14.553[Battery Energy]82.74
2020-02-08_13:14:14.695[Status]Routing 157: Walk: 119
2020-02-08_13:14:14.795[Battery Energy]82.66
2020-02-08_13:14:14.955[Status]Routing 158: Walk: 119
2020-02-08_13:14:15.059[Battery Energy]82.57
2020-02-08_13:14:15.207[Status]Routing 159: Walk: 119
2020-02-08_13:14:15.318[Battery Energy]82.44
2020-02-08_13:14:15.447[Status]Routing 160: Walk: 119
2020-02-08_13:14:15.554[Battery Energy]82.32
2020-02-08_13:14:15.681[Status]Routing 161: Walk: 119
2020-02-08_13:14:15.782[Battery Energy]82.20
2020-02-08_13:14:15.929[Status]Routing 162: Walk: 119
2020-02-08_13:14:16.030[Battery Energy]82.09
2020-02-08_13:14:16.196[Status]Routing 163: Walk: 119
2020-02-08_13:14:16.296[Battery Energy]81.98
2020-02-08_13:14:16.458[Status]Routing 164: Walk: 119
2020-02-08_13:14:16.558[Battery Energy]81.85
2020-02-08_13:14:16.702[Status]Routing 165: Walk: 119
2020-02-08_13:14:16.805[Battery Energy]81.76
2020-02-08_13:14:16.965[Status]Routing 166: Walk: 119
2020-02-08_13:14:17.078[Battery Energy]81.67
2020-02-08_13:14:17.227[Status]Routing 167: Walk: 119
2020-02-08_13:14:17.350[Battery Energy]81.57
2020-02-08_13:14:17.477[Status]Routing 168: Walk: 119
2020-02-08_13:14:17.577[Battery Energy]81.47
2020-02-08_13:14:17.728[Status]Routing 169: Walk: 119
2020-02-08_13:14:17.829[Battery Energy]81.36
2020-02-08_13:14:17.997[Status]Routing 170: Walk: 119
2020-02-08_13:14:18.097[Battery Energy]81.23
2020-02-08_13:14:18.257[Status]Routing 171: Walk: 119
2020-02-08_13:14:18.359[Battery Energy]81.11
2020-02-08_13:14:18.522[Status]Routing 172: Walk: 119
2020-02-08_13:14:18.623[Battery Energy]81.01
2020-02-08_13:14:18.799[Status]Routing 173: Walk: 119
2020-02-08_13:14:18.910[Battery Energy]80.91
2020-02-08_13:14:19.043[Status]Routing 174: Walk: 119
2020-02-08_13:14:19.146[Battery Energy]80.80
2020-02-08_13:14:19.282[Status]Routing 175: Walk: 119
2020-02-08_13:14:19.384[Battery Energy]80.69
2020-02-08_13:14:19.539[Status]Routing 176: Walk: 119
2020-02-08_13:14:19.666[Battery Energy]80.59
2020-02-08_13:14:19.820[Status]Routing 177: Walk: 119
2020-02-08_13:14:19.920[Battery Energy]80.48
2020-02-08_13:14:20.058[Status]Routing 178: Walk: 119
2020-02-08_13:14:20.158[Battery Energy]80.38
2020-02-08_13:14:20.311[Status]Routing 179: Walk: 119
2020-02-08_13:14:20.426[Battery Energy]80.29
2020-02-08_13:14:20.567[Status]Routing 180: Walk: 119
2020-02-08_13:14:20.669[Battery Energy]80.17
2020-02-08_13:14:20.833[Status]Routing 181: Walk: 119
2020-02-08_13:14:20.936[Battery Energy]80.05
2020-02-08_13:14:21.080[Status]Routing 182: Walk: 119
2020-02-08_13:14:21.185[Battery Energy]79.97
2020-02-08_13:14:21.340[Status]Routing 183: Walk: 119
2020-02-08_13:14:21.450[Battery Energy]79.87
2020-02-08_13:14:21.573[Status]Routing 184: Walk: 119
2020-02-08_13:14:21.673[Battery Energy]79.78
2020-02-08_13:14:21.831[Status]Routing 185: Walk: 119
2020-02-08_13:14:21.931[Battery Energy]79.67
2020-02-08_13:14:22.101[Status]Routing 186: Walk: 119
2020-02-08_13:14:22.202[Battery Energy]79.54
2020-02-08_13:14:22.350[Status]Routing 187: Walk: 119
2020-02-08_13:14:22.466[Battery Energy]79.44
2020-02-08_13:14:22.630[Status]Routing 188: Walk: 119
2020-02-08_13:14:22.738[Battery Energy]79.34
2020-02-08_13:14:22.929[Status]Routing 189: Walk: 119
2020-02-08_13:14:23.029[Battery Energy]79.22
2020-02-08_13:14:23.188[Status]Routing 190: Walk: 119
2020-02-08_13:14:23.290[Battery Energy]79.12
