2020-02-08_13:13:12.646[Status]Start.
2020-02-08_13:13:12.646[Battery Energy]123.00
2020-02-08_13:13:13.747[Battery Energy]122.96
2020-02-08_13:13:14.849[Battery Energy]122.92
2020-02-08_13:13:15.950[Battery Energy]122.88
2020-02-08_13:13:17.052[Battery Energy]122.84
2020-02-08_13:13:18.153[Task]A New Task Released.
2020-02-08_13:13:18.153[Battery Energy]122.80
2020-02-08_13:13:18.153[Status]Selection Start.
2020-02-08_13:13:19.778[Status]Selection End: Do Task 2.
2020-02-08_13:13:19.880[Battery Energy]121.78
2020-02-08_13:13:19.880[Status]Formation Start.
2020-02-08_13:13:20.021[Status]Formation End: To Position 2.
2020-02-08_13:13:20.124[Battery Energy]121.66
2020-02-08_13:13:20.124[Status]Routing Start.
2020-02-08_13:13:20.316[Status]{'id': 17, 'coordinate': [136.46785947911394, 542.7813610199726]}
2020-02-08_13:13:20.318[Status]Routing 1: Walk: 1
2020-02-08_13:13:20.434[Battery Energy]121.44
2020-02-08_13:13:20.434[Status]Routing Start.
2020-02-08_13:13:20.587[Status]{'id': 17, 'coordinate': [145.93571895822788, 539.5627220399451]}
2020-02-08_13:13:20.587[Status]Routing 2: Walk: 2
2020-02-08_13:13:20.702[Battery Energy]121.22
2020-02-08_13:13:20.702[Status]Routing Start.
2020-02-08_13:13:20.843[Status]{'id': 17, 'coordinate': [155.40357843734182, 536.3440830599177]}
2020-02-08_13:13:20.843[Status]Routing 3: Walk: 3
2020-02-08_13:13:20.954[Battery Energy]121.01
2020-02-08_13:13:20.954[Status]Routing Start.
2020-02-08_13:13:21.075[Status]{'id': 17, 'coordinate': [164.87143791645576, 533.1254440798903]}
2020-02-08_13:13:21.075[Status]Routing 4: Walk: 4
2020-02-08_13:13:21.178[Battery Energy]120.81
2020-02-08_13:13:21.178[Status]Routing Start.
2020-02-08_13:13:21.330[Status]{'id': 17, 'coordinate': [174.3392973955697, 529.9068050998628]}
2020-02-08_13:13:21.330[Status]Routing 5: Walk: 5
2020-02-08_13:13:21.432[Battery Energy]120.61
2020-02-08_13:13:21.432[Status]Routing Start.
2020-02-08_13:13:21.772[Status]{'id': 17, 'coordinate': [183.80715687468364, 526.6881661198354]}
2020-02-08_13:13:21.772[Status]Routing 6: Walk: 6
2020-02-08_13:13:21.874[Battery Energy]120.25
2020-02-08_13:13:21.874[Status]Routing Start.
2020-02-08_13:13:22.190[Status]{'id': 17, 'coordinate': [193.27501635379758, 523.469527139808]}
2020-02-08_13:13:22.197[Status]Routing 7: Walk: 7
2020-02-08_13:13:22.302[Battery Energy]119.96
2020-02-08_13:13:22.302[Status]Routing Start.
2020-02-08_13:13:22.644[Status]{'id': 17, 'coordinate': [202.74287583291152, 520.2508881597805]}
2020-02-08_13:13:22.644[Status]Routing 8: Walk: 8
2020-02-08_13:13:22.763[Battery Energy]119.61
2020-02-08_13:13:22.763[Status]Routing Start.
2020-02-08_13:13:23.056[Status]{'id': 17, 'coordinate': [212.21073531202546, 517.0322491797531]}
2020-02-08_13:13:23.065[Status]Routing 9: Walk: 9
2020-02-08_13:13:23.165[Battery Energy]119.35
2020-02-08_13:13:23.165[Status]Routing Start.
2020-02-08_13:13:23.500[Status]{'id': 17, 'coordinate': [221.6785947911394, 513.8136101997256]}
2020-02-08_13:13:23.501[Status]Routing 10: Walk: 10
2020-02-08_13:13:23.606[Battery Energy]119.02
2020-02-08_13:13:23.606[Status]Routing Start.
2020-02-08_13:13:23.934[Status]{'id': 17, 'coordinate': [231.14645427025334, 510.59497121969815]}
2020-02-08_13:13:23.934[Status]Routing 11: Walk: 11
2020-02-08_13:13:24.042[Battery Energy]118.71
2020-02-08_13:13:24.042[Status]Routing Start.
2020-02-08_13:13:24.327[Status]{'id': 17, 'coordinate': [240.61431374936728, 507.37633223967066]}
2020-02-08_13:13:24.327[Status]Routing 12: Walk: 12
2020-02-08_13:13:24.427[Battery Energy]118.37
2020-02-08_13:13:24.427[Status]Routing Start.
2020-02-08_13:13:24.771[Status]{'id': 17, 'coordinate': [250.08217322848122, 504.15769325964317]}
2020-02-08_13:13:24.771[Status]Routing 13: Walk: 13
2020-02-08_13:13:24.871[Battery Energy]118.05
2020-02-08_13:13:24.871[Status]Routing Start.
2020-02-08_13:13:25.268[Status]{'id': 17, 'coordinate': [259.55003270759516, 500.9390542796157]}
2020-02-08_13:13:25.268[Status]Routing 14: Walk: 14
2020-02-08_13:13:25.373[Battery Energy]117.72
2020-02-08_13:13:25.373[Status]Routing Start.
2020-02-08_13:13:25.727[Status]{'id': 17, 'coordinate': [269.0178921867091, 497.7204152995882]}
2020-02-08_13:13:25.727[Status]Routing 15: Walk: 15
2020-02-08_13:13:25.830[Battery Energy]117.41
2020-02-08_13:13:25.830[Status]Routing Start.
2020-02-08_13:13:26.178[Status]{'id': 17, 'coordinate': [278.48575166582305, 494.5017763195607]}
2020-02-08_13:13:26.178[Status]Routing 16: Walk: 16
2020-02-08_13:13:26.282[Battery Energy]117.10
2020-02-08_13:13:26.282[Status]Routing Start.
2020-02-08_13:13:26.596[Status]{'id': 17, 'coordinate': [287.953611144937, 491.2831373395332]}
2020-02-08_13:13:26.596[Status]Routing 17: Walk: 17
2020-02-08_13:13:26.702[Battery Energy]116.77
2020-02-08_13:13:26.702[Status]Routing Start.
2020-02-08_13:13:27.031[Status]{'id': 17, 'coordinate': [297.4214706240509, 488.0644983595057]}
2020-02-08_13:13:27.031[Status]Routing 18: Walk: 18
2020-02-08_13:13:27.131[Battery Energy]116.46
2020-02-08_13:13:27.131[Status]Routing Start.
2020-02-08_13:13:27.453[Status]{'id': 17, 'coordinate': [306.88933010316487, 484.8458593794782]}
2020-02-08_13:13:27.453[Status]Routing 19: Walk: 19
2020-02-08_13:13:27.553[Battery Energy]116.15
2020-02-08_13:13:27.553[Status]Routing Start.
2020-02-08_13:13:27.871[Status]{'id': 17, 'coordinate': [316.3571895822788, 481.6272203994507]}
2020-02-08_13:13:27.871[Status]Routing 20: Walk: 20
2020-02-08_13:13:27.978[Battery Energy]115.83
2020-02-08_13:13:27.978[Status]Routing Start.
2020-02-08_13:13:28.315[Status]{'id': 17, 'coordinate': [325.82504906139275, 478.40858141942323]}
2020-02-08_13:13:28.315[Status]Routing 21: Walk: 21
2020-02-08_13:13:28.418[Battery Energy]115.51
2020-02-08_13:13:28.418[Status]Routing Start.
2020-02-08_13:13:28.947[Status]{'id': 17, 'coordinate': [335.2929085405067, 475.18994243939574]}
2020-02-08_13:13:28.948[Status]Routing 22: Walk: 22
2020-02-08_13:13:29.048[Battery Energy]115.01
2020-02-08_13:13:29.048[Status]Routing Start.
2020-02-08_13:13:29.399[Status]{'id': 17, 'coordinate': [344.7607680196206, 471.97130345936824]}
2020-02-08_13:13:29.399[Status]Routing 23: Walk: 23
2020-02-08_13:13:29.525[Battery Energy]114.60
2020-02-08_13:13:29.525[Status]Routing Start.
2020-02-08_13:13:29.816[Status]{'id': 17, 'coordinate': [354.22862749873457, 468.75266447934075]}
2020-02-08_13:13:29.816[Status]Routing 24: Walk: 24
2020-02-08_13:13:29.916[Battery Energy]114.25
2020-02-08_13:13:29.916[Status]Routing Start.
2020-02-08_13:13:30.105[Status]{'id': 17, 'coordinate': [363.6964869778485, 465.53402549931326]}
2020-02-08_13:13:30.106[Status]Routing 25: Walk: 25
2020-02-08_13:13:30.210[Battery Energy]114.03
2020-02-08_13:13:30.210[Status]Routing Start.
2020-02-08_13:13:30.505[Status]{'id': 17, 'coordinate': [373.16434645696245, 462.31538651928577]}
2020-02-08_13:13:30.505[Status]Routing 26: Walk: 26
2020-02-08_13:13:30.605[Battery Energy]113.70
2020-02-08_13:13:30.605[Status]Routing Start.
2020-02-08_13:13:30.777[Status]{'id': 17, 'coordinate': [382.6322059360764, 459.0967475392583]}
2020-02-08_13:13:30.777[Status]Routing 27: Walk: 27
2020-02-08_13:13:30.880[Battery Energy]113.48
2020-02-08_13:13:30.880[Status]Routing Start.
2020-02-08_13:13:31.212[Status]{'id': 17, 'coordinate': [392.10006541519033, 455.8781085592308]}
2020-02-08_13:13:31.212[Status]Routing 28: Walk: 28
2020-02-08_13:13:31.322[Battery Energy]113.14
2020-02-08_13:13:31.322[Status]Routing Start.
2020-02-08_13:13:31.480[Status]{'id': 17, 'coordinate': [401.56792489430427, 452.6594695792033]}
2020-02-08_13:13:31.480[Status]Routing 29: Walk: 29
2020-02-08_13:13:31.594[Battery Energy]112.91
2020-02-08_13:13:31.594[Status]Routing Start.
2020-02-08_13:13:31.924[Status]{'id': 17, 'coordinate': [411.0357843734182, 449.4408305991758]}
2020-02-08_13:13:31.924[Status]Routing 30: Walk: 30
2020-02-08_13:13:32.030[Battery Energy]112.60
2020-02-08_13:13:32.030[Status]Routing Start.
2020-02-08_13:13:32.184[Status]{'id': 17, 'coordinate': [420.50364385253215, 446.2221916191483]}
2020-02-08_13:13:32.184[Status]Routing 31: Walk: 31
2020-02-08_13:13:32.290[Battery Energy]112.39
2020-02-08_13:13:32.290[Status]Routing Start.
2020-02-08_13:13:32.605[Status]{'id': 17, 'coordinate': [429.9715033316461, 443.0035526391208]}
2020-02-08_13:13:32.605[Status]Routing 32: Walk: 32
2020-02-08_13:13:32.710[Battery Energy]112.09
2020-02-08_13:13:32.710[Status]Routing Start.
2020-02-08_13:13:33.055[Status]{'id': 17, 'coordinate': [439.43936281076003, 439.7849136590933]}
2020-02-08_13:13:33.056[Status]Routing 33: Walk: 33
2020-02-08_13:13:33.156[Battery Energy]111.81
2020-02-08_13:13:33.156[Status]Routing Start.
2020-02-08_13:13:33.489[Status]{'id': 17, 'coordinate': [448.90722228987397, 436.5662746790658]}
2020-02-08_13:13:33.490[Status]Routing 34: Walk: 34
2020-02-08_13:13:33.593[Battery Energy]111.47
2020-02-08_13:13:33.593[Status]Routing Start.
2020-02-08_13:13:33.920[Status]{'id': 17, 'coordinate': [458.3750817689879, 433.34763569903834]}
2020-02-08_13:13:33.920[Status]Routing 35: Walk: 35
2020-02-08_13:13:34.020[Battery Energy]111.16
2020-02-08_13:13:34.020[Status]Routing Start.
2020-02-08_13:13:34.386[Status]{'id': 17, 'coordinate': [467.84294124810185, 430.12899671901084]}
2020-02-08_13:13:34.386[Status]Routing 36: Walk: 36
2020-02-08_13:13:34.486[Battery Energy]110.80
2020-02-08_13:13:34.486[Status]Routing Start.
2020-02-08_13:13:34.822[Status]{'id': 17, 'coordinate': [477.3108007272158, 426.91035773898335]}
2020-02-08_13:13:34.822[Status]Routing 37: Walk: 37
2020-02-08_13:13:34.930[Battery Energy]110.48
2020-02-08_13:13:34.930[Status]Routing Start.
2020-02-08_13:13:35.226[Status]{'id': 17, 'coordinate': [486.77866020632973, 423.69171875895586]}
2020-02-08_13:13:35.226[Status]Routing 38: Walk: 38
2020-02-08_13:13:35.326[Battery Energy]110.20
2020-02-08_13:13:35.326[Status]Routing Start.
2020-02-08_13:13:35.503[Status]{'id': 17, 'coordinate': [496.2465196854437, 420.47307977892837]}
2020-02-08_13:13:35.503[Status]Routing 39: Walk: 39
2020-02-08_13:13:35.610[Battery Energy]109.98
2020-02-08_13:13:35.610[Status]Routing Start.
2020-02-08_13:13:35.754[Status]{'id': 17, 'coordinate': [505.7143791645576, 417.2544407989009]}
2020-02-08_13:13:35.754[Status]Routing 40: Walk: 40
2020-02-08_13:13:35.855[Battery Energy]109.76
2020-02-08_13:13:35.855[Status]Routing Start.
2020-02-08_13:13:36.117[Status]{'id': 17, 'coordinate': [515.1822386436716, 414.0358018188734]}
2020-02-08_13:13:36.117[Status]Routing 41: Walk: 41
2020-02-08_13:13:36.218[Battery Energy]109.49
2020-02-08_13:13:36.218[Status]Routing Start.
2020-02-08_13:13:36.358[Status]{'id': 17, 'coordinate': [524.6500981227855, 410.8171628388459]}
2020-02-08_13:13:36.358[Status]Routing 42: Walk: 42
2020-02-08_13:13:36.460[Battery Energy]109.27
2020-02-08_13:13:36.460[Status]Routing Start.
2020-02-08_13:13:36.804[Status]{'id': 17, 'coordinate': [534.1179576018994, 407.5985238588184]}
2020-02-08_13:13:36.804[Status]Routing 43: Walk: 43
2020-02-08_13:13:36.904[Battery Energy]108.92
2020-02-08_13:13:36.904[Status]Routing Start.
2020-02-08_13:13:37.166[Status]{'id': 17, 'coordinate': [543.5858170810134, 404.3798848787909]}
2020-02-08_13:13:37.166[Status]Routing 44: Walk: 44
2020-02-08_13:13:37.266[Battery Energy]108.59
2020-02-08_13:13:37.266[Status]Routing Start.
2020-02-08_13:13:37.619[Status]{'id': 17, 'coordinate': [553.0536765601273, 401.1612458987634]}
2020-02-08_13:13:37.619[Status]Routing 45: Walk: 45
2020-02-08_13:13:37.719[Battery Energy]108.21
2020-02-08_13:13:37.719[Status]Routing Start.
2020-02-08_13:13:37.868[Status]{'id': 17, 'coordinate': [562.5215360392413, 397.9426069187359]}
2020-02-08_13:13:37.868[Status]Routing 46: Walk: 46
2020-02-08_13:13:37.968[Battery Energy]108.03
2020-02-08_13:13:37.968[Status]Routing Start.
2020-02-08_13:13:38.301[Status]{'id': 17, 'coordinate': [571.9893955183552, 394.7239679387084]}
2020-02-08_13:13:38.301[Status]Routing 47: Walk: 47
2020-02-08_13:13:38.401[Battery Energy]107.69
2020-02-08_13:13:38.401[Status]Routing Start.
2020-02-08_13:13:38.588[Status]{'id': 17, 'coordinate': [581.4572549974691, 391.50532895868093]}
2020-02-08_13:13:38.588[Status]Routing 48: Walk: 48
2020-02-08_13:13:38.702[Battery Energy]107.46
2020-02-08_13:13:38.702[Status]Routing Start.
2020-02-08_13:13:38.835[Status]{'id': 17, 'coordinate': [590.9251144765831, 388.28668997865344]}
2020-02-08_13:13:38.835[Status]Routing 49: Walk: 49
2020-02-08_13:13:38.946[Battery Energy]107.24
2020-02-08_13:13:38.946[Status]Routing Start.
2020-02-08_13:13:39.317[Status]{'id': 17, 'coordinate': [600.392973955697, 385.06805099862595]}
2020-02-08_13:13:39.317[Status]Routing 50: Walk: 50
2020-02-08_13:13:39.417[Battery Energy]106.89
2020-02-08_13:13:39.417[Status]Routing Start.
2020-02-08_13:13:39.558[Status]{'id': 17, 'coordinate': [609.860833434811, 381.84941201859846]}
2020-02-08_13:13:39.558[Status]Routing 51: Walk: 51
2020-02-08_13:13:39.664[Battery Energy]106.68
2020-02-08_13:13:39.664[Status]Routing Start.
2020-02-08_13:13:40.027[Status]{'id': 17, 'coordinate': [619.3286929139249, 378.63077303857096]}
2020-02-08_13:13:40.027[Status]Routing 52: Walk: 52
2020-02-08_13:13:40.128[Battery Energy]106.40
2020-02-08_13:13:40.128[Status]Routing Start.
2020-02-08_13:13:40.316[Status]{'id': 17, 'coordinate': [628.7965523930388, 375.4121340585435]}
2020-02-08_13:13:40.316[Status]Routing 53: Walk: 53
2020-02-08_13:13:40.416[Battery Energy]106.15
2020-02-08_13:13:40.416[Status]Routing Start.
2020-02-08_13:13:40.715[Status]{'id': 17, 'coordinate': [638.2644118721528, 372.193495078516]}
2020-02-08_13:13:40.715[Status]Routing 54: Walk: 54
2020-02-08_13:13:40.815[Battery Energy]105.84
2020-02-08_13:13:40.815[Status]Routing Start.
2020-02-08_13:13:40.984[Status]{'id': 17, 'coordinate': [647.7322713512667, 368.9748560984885]}
2020-02-08_13:13:40.984[Status]Routing 55: Walk: 55
2020-02-08_13:13:41.084[Battery Energy]105.62
2020-02-08_13:13:41.085[Status]Routing Start.
2020-02-08_13:13:41.414[Status]{'id': 17, 'coordinate': [657.2001308303807, 365.756217118461]}
2020-02-08_13:13:41.415[Status]Routing 56: Walk: 56
2020-02-08_13:13:41.521[Battery Energy]105.36
2020-02-08_13:13:41.521[Status]Routing Start.
2020-02-08_13:13:41.824[Status]{'id': 17, 'coordinate': [666.6679903094946, 362.5375781384335]}
2020-02-08_13:13:41.824[Status]Routing 57: Walk: 57
2020-02-08_13:13:41.924[Battery Energy]105.07
2020-02-08_13:13:41.924[Status]Routing Start.
2020-02-08_13:13:42.274[Status]{'id': 17, 'coordinate': [676.1358497886085, 359.318939158406]}
2020-02-08_13:13:42.278[Status]Routing 58: Walk: 58
2020-02-08_13:13:42.382[Battery Energy]104.71
2020-02-08_13:13:42.382[Status]Routing Start.
2020-02-08_13:13:42.690[Status]{'id': 17, 'coordinate': [685.6037092677225, 356.1003001783785]}
2020-02-08_13:13:42.690[Status]Routing 59: Walk: 59
2020-02-08_13:13:42.795[Battery Energy]104.41
2020-02-08_13:13:42.795[Status]Routing Start.
2020-02-08_13:13:43.109[Status]{'id': 17, 'coordinate': [695.0715687468364, 352.881661198351]}
2020-02-08_13:13:43.110[Status]Routing 60: Walk: 60
2020-02-08_13:13:43.210[Battery Energy]104.11
2020-02-08_13:13:43.210[Status]Routing Start.
2020-02-08_13:13:43.555[Status]{'id': 17, 'coordinate': [704.5394282259504, 349.66302221832353]}
2020-02-08_13:13:43.555[Status]Routing 61: Walk: 61
2020-02-08_13:13:43.655[Battery Energy]103.78
2020-02-08_13:13:43.655[Status]Routing Start.
2020-02-08_13:13:43.976[Status]{'id': 17, 'coordinate': [714.0072877050643, 346.44438323829604]}
2020-02-08_13:13:43.976[Status]Routing 62: Walk: 62
2020-02-08_13:13:44.076[Battery Energy]103.47
2020-02-08_13:13:44.076[Status]Routing Start.
2020-02-08_13:13:44.405[Status]{'id': 17, 'coordinate': [723.4751471841782, 343.22574425826855]}
2020-02-08_13:13:44.405[Status]Routing 63: Walk: 63
2020-02-08_13:13:44.506[Battery Energy]103.14
2020-02-08_13:13:44.506[Status]Routing Start.
2020-02-08_13:13:44.797[Status]{'id': 17, 'coordinate': [732.9430066632922, 340.00710527824106]}
2020-02-08_13:13:44.797[Status]Routing 64: Walk: 64
2020-02-08_13:13:44.906[Battery Energy]102.84
2020-02-08_13:13:44.906[Status]Routing Start.
2020-02-08_13:13:45.235[Status]{'id': 17, 'coordinate': [742.4108661424061, 336.78846629821356]}
2020-02-08_13:13:45.236[Status]Routing 65: Walk: 65
2020-02-08_13:13:45.336[Battery Energy]102.52
2020-02-08_13:13:45.336[Status]Routing Start.
2020-02-08_13:13:45.618[Status]{'id': 17, 'coordinate': [751.8787256215201, 333.56982731818607]}
2020-02-08_13:13:45.619[Status]Routing 66: Walk: 66
2020-02-08_13:13:45.726[Battery Energy]102.21
2020-02-08_13:13:45.726[Status]Routing Start.
2020-02-08_13:13:46.049[Status]{'id': 17, 'coordinate': [761.346585100634, 330.3511883381586]}
2020-02-08_13:13:46.050[Status]Routing 67: Walk: 67
2020-02-08_13:13:46.150[Battery Energy]101.87
2020-02-08_13:13:46.150[Status]Routing Start.
2020-02-08_13:13:46.491[Status]{'id': 17, 'coordinate': [770.8144445797479, 327.1325493581311]}
2020-02-08_13:13:46.491[Status]Routing 68: Walk: 68
2020-02-08_13:13:46.591[Battery Energy]101.55
2020-02-08_13:13:46.591[Status]Routing Start.
2020-02-08_13:13:46.928[Status]{'id': 17, 'coordinate': [780.2823040588619, 323.9139103781036]}
2020-02-08_13:13:46.928[Status]Routing 69: Walk: 69
2020-02-08_13:13:47.034[Battery Energy]101.24
2020-02-08_13:13:47.034[Status]Routing Start.
2020-02-08_13:13:47.180[Status]{'id': 17, 'coordinate': [789.7501635379758, 320.6952713980761]}
2020-02-08_13:13:47.181[Status]Routing 70: Walk: 70
2020-02-08_13:13:47.286[Battery Energy]101.04
2020-02-08_13:13:47.286[Status]Routing Start.
2020-02-08_13:13:47.602[Status]{'id': 17, 'coordinate': [799.2180230170898, 317.4766324180486]}
2020-02-08_13:13:47.604[Status]Routing 71: Walk: 71
2020-02-08_13:13:47.704[Battery Energy]100.76
2020-02-08_13:13:47.704[Status]Routing Start.
2020-02-08_13:13:48.035[Status]{'id': 17, 'coordinate': [808.6858824962037, 314.2579934380211]}
2020-02-08_13:13:48.035[Status]Routing 72: Walk: 72
2020-02-08_13:13:48.142[Battery Energy]100.42
2020-02-08_13:13:48.142[Status]Routing Start.
2020-02-08_13:13:48.426[Status]{'id': 17, 'coordinate': [818.1537419753176, 311.0393544579936]}
2020-02-08_13:13:48.426[Status]Routing 73: Walk: 73
2020-02-08_13:13:48.527[Battery Energy]100.13
2020-02-08_13:13:48.527[Status]Routing Start.
2020-02-08_13:13:48.859[Status]{'id': 17, 'coordinate': [827.6216014544316, 307.82071547796613]}
2020-02-08_13:13:48.860[Status]Routing 74: Walk: 74
2020-02-08_13:13:48.962[Battery Energy]99.82
2020-02-08_13:13:48.963[Status]Routing Start.
2020-02-08_13:13:49.302[Status]{'id': 17, 'coordinate': [837.0894609335455, 304.60207649793864]}
2020-02-08_13:13:49.302[Status]Routing 75: Walk: 75
2020-02-08_13:13:49.403[Battery Energy]99.54
2020-02-08_13:13:49.403[Status]Routing Start.
2020-02-08_13:13:49.759[Status]{'id': 17, 'coordinate': [846.5573204126595, 301.38343751791115]}
2020-02-08_13:13:49.759[Status]Routing 76: Walk: 76
2020-02-08_13:13:49.859[Battery Energy]99.19
2020-02-08_13:13:49.859[Status]Routing Start.
2020-02-08_13:13:50.217[Status]{'id': 17, 'coordinate': [856.0251798917734, 298.16479853788366]}
2020-02-08_13:13:50.217[Status]Routing 77: Walk: 77
2020-02-08_13:13:50.319[Battery Energy]98.86
2020-02-08_13:13:50.319[Status]Routing Start.
2020-02-08_13:13:50.642[Status]{'id': 17, 'coordinate': [865.4930393708873, 294.94615955785616]}
2020-02-08_13:13:50.644[Status]Routing 78: Walk: 78
2020-02-08_13:13:50.758[Battery Energy]98.54
2020-02-08_13:13:50.758[Status]Routing Start.
2020-02-08_13:13:51.020[Status]{'id': 17, 'coordinate': [874.9608988500013, 291.72752057782867]}
2020-02-08_13:13:51.021[Status]Routing 79: Walk: 79
2020-02-08_13:13:51.121[Battery Energy]98.28
2020-02-08_13:13:51.121[Status]Routing Start.
2020-02-08_13:13:51.271[Status]{'id': 17, 'coordinate': [884.4287583291152, 288.5088815978012]}
2020-02-08_13:13:51.271[Status]Routing 80: Walk: 80
2020-02-08_13:13:51.378[Battery Energy]98.08
2020-02-08_13:13:51.378[Status]Routing Start.
2020-02-08_13:13:51.734[Status]{'id': 17, 'coordinate': [893.8966178082292, 285.2902426177737]}
2020-02-08_13:13:51.734[Status]Routing 81: Walk: 81
2020-02-08_13:13:51.834[Battery Energy]97.76
2020-02-08_13:13:51.834[Status]Routing Start.
2020-02-08_13:13:51.997[Status]{'id': 17, 'coordinate': [903.3644772873431, 282.0716036377462]}
2020-02-08_13:13:51.997[Status]Routing 82: Walk: 82
2020-02-08_13:13:52.110[Battery Energy]97.57
2020-02-08_13:13:52.110[Status]Routing Start.
2020-02-08_13:13:52.287[Status]{'id': 17, 'coordinate': [912.832336766457, 278.8529646577187]}
2020-02-08_13:13:52.287[Status]Routing 83: Walk: 83
2020-02-08_13:13:52.387[Battery Energy]97.38
2020-02-08_13:13:52.387[Status]Routing Start.
2020-02-08_13:13:52.695[Status]{'id': 17, 'coordinate': [922.300196245571, 275.6343256776912]}
2020-02-08_13:13:52.696[Status]Routing 84: Walk: 84
2020-02-08_13:13:52.806[Battery Energy]97.11
2020-02-08_13:13:52.806[Status]Routing Start.
2020-02-08_13:13:52.956[Status]{'id': 17, 'coordinate': [931.7680557246849, 272.4156866976637]}
2020-02-08_13:13:52.956[Status]Routing 85: Walk: 85
2020-02-08_13:13:53.070[Battery Energy]96.92
2020-02-08_13:13:53.070[Status]Routing Start.
2020-02-08_13:13:53.373[Status]{'id': 17, 'coordinate': [941.2359152037989, 269.1970477176362]}
2020-02-08_13:13:53.373[Status]Routing 86: Walk: 86
2020-02-08_13:13:53.478[Battery Energy]96.61
2020-02-08_13:13:53.478[Status]Routing Start.
2020-02-08_13:13:53.771[Status]{'id': 17, 'coordinate': [950.7037746829128, 265.97840873760873]}
2020-02-08_13:13:53.772[Status]Routing 87: Walk: 87
2020-02-08_13:13:53.874[Battery Energy]96.29
2020-02-08_13:13:53.875[Status]Routing Start.
2020-02-08_13:13:54.198[Status]{'id': 17, 'coordinate': [960.1716341620267, 262.75976975758124]}
2020-02-08_13:13:54.198[Status]Routing 88: Walk: 88
2020-02-08_13:13:54.298[Battery Energy]95.99
2020-02-08_13:13:54.298[Status]Routing Start.
2020-02-08_13:13:54.587[Status]{'id': 17, 'coordinate': [969.6394936411407, 259.54113077755375]}
2020-02-08_13:13:54.587[Status]Routing 89: Walk: 89
2020-02-08_13:13:54.694[Battery Energy]95.71
2020-02-08_13:13:54.694[Status]Routing Start.
2020-02-08_13:13:54.985[Status]{'id': 17, 'coordinate': [979.1073531202546, 256.32249179752625]}
2020-02-08_13:13:54.985[Status]Routing 90: Walk: 90
2020-02-08_13:13:55.086[Battery Energy]95.44
2020-02-08_13:13:55.087[Status]Routing Start.
2020-02-08_13:13:55.420[Status]{'id': 17, 'coordinate': [988.5752125993686, 253.1038528174988]}
2020-02-08_13:13:55.420[Status]Routing 91: Walk: 91
2020-02-08_13:13:55.520[Battery Energy]95.13
2020-02-08_13:13:55.520[Status]Routing Start.
2020-02-08_13:13:55.836[Status]{'id': 17, 'coordinate': [998.0430720784825, 249.88521383747133]}
2020-02-08_13:13:55.836[Status]Routing 92: Walk: 92
2020-02-08_13:13:55.945[Battery Energy]94.82
2020-02-08_13:13:55.945[Status]Routing Start.
2020-02-08_13:13:56.098[Status]{'id': 17, 'coordinate': [1007.5109315575965, 246.66657485744386]}
2020-02-08_13:13:56.098[Status]Routing 93: Walk: 93
2020-02-08_13:13:56.210[Battery Energy]94.61
2020-02-08_13:13:56.210[Status]Routing Start.
2020-02-08_13:13:56.421[Status]{'id': 17, 'coordinate': [1016.9787910367104, 243.4479358774164]}
2020-02-08_13:13:56.421[Status]Routing 94: Walk: 94
2020-02-08_13:13:56.521[Battery Energy]94.37
2020-02-08_13:13:56.521[Status]Routing Start.
2020-02-08_13:13:56.831[Status]{'id': 17, 'coordinate': [1026.4466505158243, 240.22929689738893]}
2020-02-08_13:13:56.831[Status]Routing 95: Walk: 95
2020-02-08_13:13:56.931[Battery Energy]94.06
2020-02-08_13:13:56.931[Status]Routing Start.
2020-02-08_13:13:57.285[Status]{'id': 17, 'coordinate': [1035.9145099949383, 237.01065791736147]}
2020-02-08_13:13:57.285[Status]Routing 96: Walk: 96
2020-02-08_13:13:57.396[Battery Energy]93.72
2020-02-08_13:13:57.397[Status]Routing Start.
2020-02-08_13:13:57.397[Status]Task Finished.
2020-02-08_13:13:57.497[Battery Energy]93.72
2020-02-08_13:13:57.635[Status]Routing 98: Walk: 96
2020-02-08_13:13:57.735[Battery Energy]93.64
2020-02-08_13:13:58.025[Status]Routing 99: Walk: 96
2020-02-08_13:13:58.125[Battery Energy]93.44
2020-02-08_13:13:58.282[Status]Routing 100: Walk: 96
2020-02-08_13:13:58.391[Battery Energy]93.34
2020-02-08_13:13:58.524[Status]Routing 101: Walk: 96
2020-02-08_13:13:58.629[Battery Energy]93.23
2020-02-08_13:13:58.783[Status]Routing 102: Walk: 96
2020-02-08_13:13:58.884[Battery Energy]93.15
2020-02-08_13:13:59.036[Status]Routing 103: Walk: 96
2020-02-08_13:13:59.138[Battery Energy]93.04
2020-02-08_13:13:59.302[Status]Routing 104: Walk: 96
2020-02-08_13:13:59.413[Battery Energy]92.96
2020-02-08_13:13:59.570[Status]Routing 105: Walk: 96
2020-02-08_13:13:59.675[Battery Energy]92.82
2020-02-08_13:13:59.843[Status]Routing 106: Walk: 96
2020-02-08_13:13:59.954[Battery Energy]92.70
2020-02-08_13:14:00.104[Status]Routing 107: Walk: 96
2020-02-08_13:14:00.204[Battery Energy]92.59
2020-02-08_13:14:00.358[Status]Routing 108: Walk: 96
2020-02-08_13:14:00.463[Battery Energy]92.45
2020-02-08_13:14:00.631[Status]Routing 109: Walk: 96
2020-02-08_13:14:00.732[Battery Energy]92.32
2020-02-08_13:14:01.070[Status]Routing 110: Walk: 96
2020-02-08_13:14:01.174[Battery Energy]92.12
2020-02-08_13:14:01.523[Status]Routing 111: Walk: 96
2020-02-08_13:14:01.625[Battery Energy]91.90
2020-02-08_13:14:01.863[Status]Routing 112: Walk: 96
2020-02-08_13:14:01.970[Battery Energy]91.75
2020-02-08_13:14:02.249[Status]Routing 113: Walk: 96
2020-02-08_13:14:02.349[Battery Energy]91.56
2020-02-08_13:14:02.519[Status]Routing 114: Walk: 96
2020-02-08_13:14:02.619[Battery Energy]91.46
2020-02-08_13:14:02.897[Status]Routing 115: Walk: 96
2020-02-08_13:14:03.000[Battery Energy]91.27
2020-02-08_13:14:03.319[Status]Routing 116: Walk: 96
2020-02-08_13:14:03.425[Battery Energy]91.09
2020-02-08_13:14:03.598[Status]Routing 117: Walk: 96
2020-02-08_13:14:03.709[Battery Energy]90.95
2020-02-08_13:14:03.849[Status]Routing 118: Walk: 96
2020-02-08_13:14:03.950[Battery Energy]90.85
2020-02-08_13:14:04.289[Status]Routing 119: Walk: 96
2020-02-08_13:14:04.390[Battery Energy]90.61
2020-02-08_13:14:04.552[Status]Routing 120: Walk: 96
2020-02-08_13:14:04.674[Battery Energy]90.48
2020-02-08_13:14:04.815[Status]Routing 121: Walk: 96
2020-02-08_13:14:04.922[Battery Energy]90.37
2020-02-08_13:14:05.159[Status]Routing 122: Walk: 96
2020-02-08_13:14:05.262[Battery Energy]90.19
2020-02-08_13:14:05.433[Status]Routing 123: Walk: 96
2020-02-08_13:14:05.536[Battery Energy]90.07
2020-02-08_13:14:05.702[Status]Routing 124: Walk: 96
2020-02-08_13:14:05.810[Battery Energy]89.98
2020-02-08_13:14:06.027[Status]Routing 125: Walk: 96
2020-02-08_13:14:06.127[Battery Energy]89.84
2020-02-08_13:14:06.288[Status]Routing 126: Walk: 96
2020-02-08_13:14:06.401[Battery Energy]89.75
2020-02-08_13:14:06.629[Status]Routing 127: Walk: 96
2020-02-08_13:14:06.742[Battery Energy]89.56
2020-02-08_13:14:06.896[Status]Routing 128: Walk: 96
2020-02-08_13:14:07.006[Battery Energy]89.48
2020-02-08_13:14:07.133[Status]Routing 129: Walk: 96
2020-02-08_13:14:07.246[Battery Energy]89.38
2020-02-08_13:14:07.391[Status]Routing 130: Walk: 96
2020-02-08_13:14:07.494[Battery Energy]89.32
2020-02-08_13:14:07.736[Status]Routing 131: Walk: 96
2020-02-08_13:14:07.837[Battery Energy]89.17
2020-02-08_13:14:08.076[Status]Routing 132: Walk: 96
2020-02-08_13:14:08.177[Battery Energy]88.99
2020-02-08_13:14:08.342[Status]Routing 133: Walk: 96
2020-02-08_13:14:08.442[Battery Energy]88.89
2020-02-08_13:14:08.618[Status]Routing 134: Walk: 96
2020-02-08_13:14:08.719[Battery Energy]88.76
2020-02-08_13:14:08.858[Status]Routing 135: Walk: 96
2020-02-08_13:14:08.962[Battery Energy]88.66
2020-02-08_13:14:09.112[Status]Routing 136: Walk: 96
2020-02-08_13:14:09.222[Battery Energy]88.55
2020-02-08_13:14:09.381[Status]Routing 137: Walk: 96
2020-02-08_13:14:09.481[Battery Energy]88.46
2020-02-08_13:14:09.639[Status]Routing 138: Walk: 96
2020-02-08_13:14:09.746[Battery Energy]88.36
2020-02-08_13:14:09.967[Status]Routing 139: Walk: 96
2020-02-08_13:14:10.068[Battery Energy]88.24
2020-02-08_13:14:10.217[Status]Routing 140: Walk: 96
2020-02-08_13:14:10.322[Battery Energy]88.13
2020-02-08_13:14:10.489[Status]Routing 141: Walk: 96
2020-02-08_13:14:10.589[Battery Energy]87.99
2020-02-08_13:14:10.751[Status]Routing 142: Walk: 96
2020-02-08_13:14:10.860[Battery Energy]87.90
2020-02-08_13:14:11.002[Status]Routing 143: Walk: 96
2020-02-08_13:14:11.110[Battery Energy]87.78
2020-02-08_13:14:11.263[Status]Routing 144: Walk: 96
2020-02-08_13:14:11.372[Battery Energy]87.67
2020-02-08_13:14:11.511[Status]Routing 145: Walk: 96
2020-02-08_13:14:11.613[Battery Energy]87.57
2020-02-08_13:14:11.765[Status]Routing 146: Walk: 96
2020-02-08_13:14:11.865[Battery Energy]87.46
2020-02-08_13:14:12.034[Status]Routing 147: Walk: 96
2020-02-08_13:14:12.134[Battery Energy]87.33
2020-02-08_13:14:12.278[Status]Routing 148: Walk: 96
2020-02-08_13:14:12.390[Battery Energy]87.23
2020-02-08_13:14:12.529[Status]Routing 149: Walk: 96
2020-02-08_13:14:12.638[Battery Energy]87.12
2020-02-08_13:14:12.893[Status]Routing 150: Walk: 96
2020-02-08_13:14:13.006[Battery Energy]86.92
2020-02-08_13:14:13.147[Status]Routing 151: Walk: 96
2020-02-08_13:14:13.254[Battery Energy]86.82
2020-02-08_13:14:13.407[Status]Routing 152: Walk: 96
2020-02-08_13:14:13.509[Battery Energy]86.70
2020-02-08_13:14:13.662[Status]Routing 153: Walk: 96
2020-02-08_13:14:13.764[Battery Energy]86.60
2020-02-08_13:14:13.922[Status]Routing 154: Walk: 96
2020-02-08_13:14:14.026[Battery Energy]86.48
2020-02-08_13:14:14.179[Status]Routing 155: Walk: 96
2020-02-08_13:14:14.280[Battery Energy]86.37
2020-02-08_13:14:14.448[Status]Routing 156: Walk: 96
2020-02-08_13:14:14.562[Battery Energy]86.25
2020-02-08_13:14:14.691[Status]Routing 157: Walk: 96
2020-02-08_13:14:14.791[Battery Energy]86.16
2020-02-08_13:14:14.955[Status]Routing 158: Walk: 96
2020-02-08_13:14:15.062[Battery Energy]86.04
2020-02-08_13:14:15.207[Status]Routing 159: Walk: 96
2020-02-08_13:14:15.308[Battery Energy]85.95
2020-02-08_13:14:15.448[Status]Routing 160: Walk: 96
2020-02-08_13:14:15.550[Battery Energy]85.86
2020-02-08_13:14:15.685[Status]Routing 161: Walk: 96
2020-02-08_13:14:15.785[Battery Energy]85.73
2020-02-08_13:14:15.929[Status]Routing 162: Walk: 96
2020-02-08_13:14:16.042[Battery Energy]85.61
2020-02-08_13:14:16.195[Status]Routing 163: Walk: 96
2020-02-08_13:14:16.296[Battery Energy]85.49
2020-02-08_13:14:16.458[Status]Routing 164: Walk: 96
2020-02-08_13:14:16.570[Battery Energy]85.36
2020-02-08_13:14:16.701[Status]Routing 165: Walk: 96
2020-02-08_13:14:16.802[Battery Energy]85.26
2020-02-08_13:14:16.968[Status]Routing 166: Walk: 96
2020-02-08_13:14:17.078[Battery Energy]85.14
2020-02-08_13:14:17.223[Status]Routing 167: Walk: 96
2020-02-08_13:14:17.334[Battery Energy]85.04
2020-02-08_13:14:17.475[Status]Routing 168: Walk: 96
2020-02-08_13:14:17.575[Battery Energy]84.95
2020-02-08_13:14:17.732[Status]Routing 169: Walk: 96
2020-02-08_13:14:17.832[Battery Energy]84.85
2020-02-08_13:14:17.999[Status]Routing 170: Walk: 96
2020-02-08_13:14:18.104[Battery Energy]84.76
2020-02-08_13:14:18.252[Status]Routing 171: Walk: 96
2020-02-08_13:14:18.354[Battery Energy]84.67
2020-02-08_13:14:18.526[Status]Routing 172: Walk: 96
2020-02-08_13:14:18.637[Battery Energy]84.57
2020-02-08_13:14:18.800[Status]Routing 173: Walk: 96
2020-02-08_13:14:18.914[Battery Energy]84.45
2020-02-08_13:14:19.035[Status]Routing 174: Walk: 96
2020-02-08_13:14:19.146[Battery Energy]84.35
2020-02-08_13:14:19.290[Status]Routing 175: Walk: 96
2020-02-08_13:14:19.402[Battery Energy]84.26
2020-02-08_13:14:19.531[Status]Routing 176: Walk: 96
2020-02-08_13:14:19.633[Battery Energy]84.17
2020-02-08_13:14:19.817[Status]Routing 177: Walk: 96
2020-02-08_13:14:19.934[Battery Energy]84.07
2020-02-08_13:14:20.060[Status]Routing 178: Walk: 96
2020-02-08_13:14:20.162[Battery Energy]83.96
2020-02-08_13:14:20.315[Status]Routing 179: Walk: 96
2020-02-08_13:14:20.418[Battery Energy]83.84
2020-02-08_13:14:20.573[Status]Routing 180: Walk: 96
2020-02-08_13:14:20.673[Battery Energy]83.71
2020-02-08_13:14:20.835[Status]Routing 181: Walk: 96
2020-02-08_13:14:20.938[Battery Energy]83.60
2020-02-08_13:14:21.084[Status]Routing 182: Walk: 96
2020-02-08_13:14:21.194[Battery Energy]83.50
2020-02-08_13:14:21.333[Status]Routing 183: Walk: 96
2020-02-08_13:14:21.433[Battery Energy]83.39
2020-02-08_13:14:21.568[Status]Routing 184: Walk: 96
2020-02-08_13:14:21.669[Battery Energy]83.28
2020-02-08_13:14:21.850[Status]Routing 185: Walk: 96
2020-02-08_13:14:21.950[Battery Energy]83.20
2020-02-08_13:14:22.105[Status]Routing 186: Walk: 96
2020-02-08_13:14:22.205[Battery Energy]83.07
2020-02-08_13:14:22.348[Status]Routing 187: Walk: 96
2020-02-08_13:14:22.448[Battery Energy]82.95
2020-02-08_13:14:22.646[Status]Routing 188: Walk: 96
2020-02-08_13:14:22.749[Battery Energy]82.84
2020-02-08_13:14:22.923[Status]Routing 189: Walk: 96
2020-02-08_13:14:23.023[Battery Energy]82.70
2020-02-08_13:14:23.184[Status]Routing 190: Walk: 96
2020-02-08_13:14:23.290[Battery Energy]82.58
