2020-02-08_13:24:35.031[Status]Start.
2020-02-08_13:24:35.031[Battery Energy]112.00
2020-02-08_13:24:36.139[Battery Energy]111.96
2020-02-08_13:24:37.240[Battery Energy]111.92
2020-02-08_13:24:38.341[Battery Energy]111.88
2020-02-08_13:24:39.442[Battery Energy]111.84
2020-02-08_13:24:40.543[Task]A New Task Released.
2020-02-08_13:24:40.543[Battery Energy]111.80
2020-02-08_13:24:40.543[Status]Selection Start.
2020-02-08_13:24:45.327[Status]Selection End: Do Task 1.
2020-02-08_13:24:45.433[Battery Energy]108.43
2020-02-08_13:24:45.433[Status]Formation Start.
2020-02-08_13:24:45.581[Status]Formation End: To Position 4.
2020-02-08_13:24:45.681[Battery Energy]108.30
2020-02-08_13:24:45.681[Status]Routing Start.
2020-02-08_13:24:45.863[Status]{'coordinate': [65.9981292664791, 676.806580324749], 'id': 8}
2020-02-08_13:24:45.863[Status]Routing 1: Walk: 1
2020-02-08_13:24:45.978[Battery Energy]108.06
2020-02-08_13:24:45.978[Status]Routing Start.
2020-02-08_13:24:46.126[Status]{'coordinate': [75.9962585329582, 676.613160649498], 'id': 8}
2020-02-08_13:24:46.126[Status]Routing 2: Walk: 2
2020-02-08_13:24:46.242[Battery Energy]107.86
2020-02-08_13:24:46.242[Status]Routing Start.
2020-02-08_13:24:46.403[Status]{'coordinate': [85.99438779943729, 676.419740974247], 'id': 8}
2020-02-08_13:24:46.403[Status]Routing 3: Walk: 3
2020-02-08_13:24:46.518[Battery Energy]107.63
2020-02-08_13:24:46.518[Status]Routing Start.
2020-02-08_13:24:46.671[Status]{'coordinate': [95.99251706591639, 676.226321298996], 'id': 8}
2020-02-08_13:24:46.676[Status]Routing 4: Walk: 4
2020-02-08_13:24:46.786[Battery Energy]107.40
2020-02-08_13:24:46.786[Status]Routing Start.
2020-02-08_13:24:46.939[Status]{'coordinate': [105.99064633239549, 676.032901623745], 'id': 8}
2020-02-08_13:24:46.939[Status]Routing 5: Walk: 5
2020-02-08_13:24:47.046[Battery Energy]107.19
2020-02-08_13:24:47.046[Status]Routing Start.
2020-02-08_13:24:47.331[Status]{'coordinate': [115.98877559887458, 675.839481948494], 'id': 8}
2020-02-08_13:24:47.331[Status]Routing 6: Walk: 6
2020-02-08_13:24:47.431[Battery Energy]106.90
2020-02-08_13:24:47.431[Status]Routing Start.
2020-02-08_13:24:47.782[Status]{'coordinate': [125.98690486535368, 675.646062273243], 'id': 8}
2020-02-08_13:24:47.782[Status]Routing 7: Walk: 7
2020-02-08_13:24:47.902[Battery Energy]106.58
2020-02-08_13:24:47.909[Status]Routing Start.
2020-02-08_13:24:48.210[Status]{'coordinate': [135.98503413183278, 675.452642597992], 'id': 8}
2020-02-08_13:24:48.211[Status]Routing 8: Walk: 8
2020-02-08_13:24:48.311[Battery Energy]106.31
2020-02-08_13:24:48.311[Status]Routing Start.
2020-02-08_13:24:48.634[Status]{'coordinate': [145.98316339831186, 675.2592229227411], 'id': 8}
2020-02-08_13:24:48.635[Status]Routing 9: Walk: 9
2020-02-08_13:24:48.742[Battery Energy]105.96
2020-02-08_13:24:48.742[Status]Routing Start.
2020-02-08_13:24:49.128[Status]{'coordinate': [155.98129266479094, 675.0658032474901], 'id': 8}
2020-02-08_13:24:49.128[Status]Routing 10: Walk: 10
2020-02-08_13:24:49.229[Battery Energy]105.57
2020-02-08_13:24:49.229[Status]Routing Start.
2020-02-08_13:24:49.525[Status]{'coordinate': [165.97942193127002, 674.8723835722391], 'id': 8}
2020-02-08_13:24:49.525[Status]Routing 11: Walk: 11
2020-02-08_13:24:49.640[Battery Energy]105.27
2020-02-08_13:24:49.640[Status]Routing Start.
2020-02-08_13:24:49.987[Status]{'coordinate': [175.9775511977491, 674.6789638969881], 'id': 8}
2020-02-08_13:24:49.990[Status]Routing 12: Walk: 12
2020-02-08_13:24:50.091[Battery Energy]104.96
2020-02-08_13:24:50.091[Status]Routing Start.
2020-02-08_13:24:50.428[Status]{'coordinate': [185.9756804642282, 674.4855442217371], 'id': 8}
2020-02-08_13:24:50.430[Status]Routing 13: Walk: 13
2020-02-08_13:24:50.534[Battery Energy]104.66
2020-02-08_13:24:50.534[Status]Routing Start.
2020-02-08_13:24:50.892[Status]{'coordinate': [195.97380973070727, 674.2921245464861], 'id': 8}
2020-02-08_13:24:50.893[Status]Routing 14: Walk: 14
2020-02-08_13:24:50.997[Battery Energy]104.33
2020-02-08_13:24:50.997[Status]Routing Start.
2020-02-08_13:24:51.334[Status]{'coordinate': [205.97193899718636, 674.0987048712351], 'id': 8}
2020-02-08_13:24:51.334[Status]Routing 15: Walk: 15
2020-02-08_13:24:51.437[Battery Energy]104.03
2020-02-08_13:24:51.437[Status]Routing Start.
2020-02-08_13:24:51.769[Status]{'coordinate': [215.97006826366544, 673.9052851959841], 'id': 8}
2020-02-08_13:24:51.775[Status]Routing 16: Walk: 16
2020-02-08_13:24:51.875[Battery Energy]103.70
2020-02-08_13:24:51.875[Status]Routing Start.
2020-02-08_13:24:52.242[Status]{'coordinate': [225.96819753014452, 673.7118655207331], 'id': 8}
2020-02-08_13:24:52.244[Status]Routing 17: Walk: 17
2020-02-08_13:24:52.354[Battery Energy]103.37
2020-02-08_13:24:52.354[Status]Routing Start.
2020-02-08_13:24:52.516[Status]{'coordinate': [235.9663267966236, 673.5184458454821], 'id': 8}
2020-02-08_13:24:52.516[Status]Routing 18: Walk: 18
2020-02-08_13:24:52.616[Battery Energy]103.15
2020-02-08_13:24:52.616[Status]Routing Start.
2020-02-08_13:24:52.931[Status]{'coordinate': [245.9644560631027, 673.3250261702311], 'id': 8}
2020-02-08_13:24:52.931[Status]Routing 19: Walk: 19
2020-02-08_13:24:53.034[Battery Energy]102.87
2020-02-08_13:24:53.034[Status]Routing Start.
2020-02-08_13:24:53.511[Status]{'coordinate': [241.44651016257075, 682.2462460890464], 'id': 8}
2020-02-08_13:24:53.513[Status]Routing 20: Walk: 20
2020-02-08_13:24:53.614[Battery Energy]102.44
2020-02-08_13:24:53.614[Status]Routing Start.
2020-02-08_13:24:53.760[Status]{'coordinate': [251.44215660944397, 681.9512001449787], 'id': 8}
2020-02-08_13:24:53.763[Status]Routing 21: Walk: 21
2020-02-08_13:24:53.864[Battery Energy]102.25
2020-02-08_13:24:53.864[Status]Routing Start.
2020-02-08_13:24:54.343[Status]{'coordinate': [248.9750455752042, 691.6420908751816], 'id': 8}
2020-02-08_13:24:54.343[Status]Routing 22: Walk: 22
2020-02-08_13:24:54.443[Battery Energy]101.76
2020-02-08_13:24:54.443[Status]Routing Start.
2020-02-08_13:24:54.804[Status]{'coordinate': [252.02142090513883, 701.1667744578086], 'id': 8}
2020-02-08_13:24:54.806[Status]Routing 23: Walk: 23
2020-02-08_13:24:54.906[Battery Energy]101.38
2020-02-08_13:24:54.906[Status]Routing Start.
2020-02-08_13:24:55.075[Status]{'coordinate': [262.00796126381556, 700.6481111137009], 'id': 8}
2020-02-08_13:24:55.076[Status]Routing 24: Walk: 24
2020-02-08_13:24:55.176[Battery Energy]101.15
2020-02-08_13:24:55.176[Status]Routing Start.
2020-02-08_13:24:55.319[Status]{'coordinate': [271.9945016224923, 700.1294477695932], 'id': 8}
2020-02-08_13:24:55.319[Status]Routing 25: Walk: 25
2020-02-08_13:24:55.419[Battery Energy]100.94
2020-02-08_13:24:55.419[Status]Routing Start.
2020-02-08_13:24:55.580[Status]{'coordinate': [281.981041981169, 699.6107844254855], 'id': 8}
2020-02-08_13:24:55.580[Status]Routing 26: Walk: 26
2020-02-08_13:24:55.680[Battery Energy]100.74
2020-02-08_13:24:55.680[Status]Routing Start.
2020-02-08_13:24:55.827[Status]{'coordinate': [291.96758233984576, 699.0921210813777], 'id': 8}
2020-02-08_13:24:55.828[Status]Routing 27: Walk: 27
2020-02-08_13:24:55.930[Battery Energy]100.55
2020-02-08_13:24:55.930[Status]Routing Start.
2020-02-08_13:24:56.256[Status]{'coordinate': [301.9541226985225, 698.57345773727], 'id': 8}
2020-02-08_13:24:56.256[Status]Routing 28: Walk: 28
2020-02-08_13:24:56.356[Battery Energy]100.21
2020-02-08_13:24:56.356[Status]Routing Start.
2020-02-08_13:24:56.689[Status]{'coordinate': [311.94066305719923, 698.0547943931623], 'id': 8}
2020-02-08_13:24:56.689[Status]Routing 29: Walk: 29
2020-02-08_13:24:56.794[Battery Energy]99.88
2020-02-08_13:24:56.794[Status]Routing Start.
2020-02-08_13:24:57.085[Status]{'coordinate': [321.92720341587597, 697.5361310490546], 'id': 8}
2020-02-08_13:24:57.085[Status]Routing 30: Walk: 30
2020-02-08_13:24:57.185[Battery Energy]99.59
2020-02-08_13:24:57.185[Status]Routing Start.
2020-02-08_13:24:57.501[Status]{'coordinate': [331.9137437745527, 697.0174677049469], 'id': 8}
2020-02-08_13:24:57.501[Status]Routing 31: Walk: 31
2020-02-08_13:24:57.606[Battery Energy]99.27
2020-02-08_13:24:57.606[Status]Routing Start.
2020-02-08_13:24:57.864[Status]{'coordinate': [341.90028413322943, 696.4988043608391], 'id': 8}
2020-02-08_13:24:57.865[Status]Routing 32: Walk: 32
2020-02-08_13:24:57.970[Battery Energy]99.00
2020-02-08_13:24:57.970[Status]Routing Start.
2020-02-08_13:24:58.312[Status]{'coordinate': [351.88682449190617, 695.9801410167314], 'id': 8}
2020-02-08_13:24:58.313[Status]Routing 33: Walk: 33
2020-02-08_13:24:58.414[Battery Energy]98.70
2020-02-08_13:24:58.414[Status]Routing Start.
2020-02-08_13:24:58.783[Status]{'coordinate': [361.8733648505829, 695.4614776726237], 'id': 8}
2020-02-08_13:24:58.783[Status]Routing 34: Walk: 34
2020-02-08_13:24:58.883[Battery Energy]98.40
2020-02-08_13:24:58.883[Status]Routing Start.
2020-02-08_13:24:59.196[Status]{'coordinate': [371.85990520925964, 694.942814328516], 'id': 8}
2020-02-08_13:24:59.196[Status]Routing 35: Walk: 35
2020-02-08_13:24:59.303[Battery Energy]98.10
2020-02-08_13:24:59.303[Status]Routing Start.
2020-02-08_13:24:59.625[Status]{'coordinate': [381.84644556793637, 694.4241509844082], 'id': 8}
2020-02-08_13:24:59.625[Status]Routing 36: Walk: 36
2020-02-08_13:24:59.746[Battery Energy]97.78
2020-02-08_13:24:59.746[Status]Routing Start.
2020-02-08_13:24:59.887[Status]{'coordinate': [391.8329859266131, 693.9054876403005], 'id': 8}
2020-02-08_13:24:59.887[Status]Routing 37: Walk: 37
2020-02-08_13:24:59.987[Battery Energy]97.57
2020-02-08_13:24:59.987[Status]Routing Start.
2020-02-08_13:25:00.341[Status]{'coordinate': [401.81952628528984, 693.3868242961928], 'id': 8}
2020-02-08_13:25:00.341[Status]Routing 38: Walk: 38
2020-02-08_13:25:00.454[Battery Energy]97.30
2020-02-08_13:25:00.454[Status]Routing Start.
2020-02-08_13:25:00.596[Status]{'coordinate': [411.8060666439666, 692.8681609520851], 'id': 8}
2020-02-08_13:25:00.602[Status]Routing 39: Walk: 39
2020-02-08_13:25:00.730[Battery Energy]97.09
2020-02-08_13:25:00.730[Status]Routing Start.
2020-02-08_13:25:00.880[Status]{'coordinate': [421.7926070026433, 692.3494976079774], 'id': 8}
2020-02-08_13:25:00.880[Status]Routing 40: Walk: 40
2020-02-08_13:25:00.980[Battery Energy]96.89
2020-02-08_13:25:00.980[Status]Routing Start.
2020-02-08_13:25:01.145[Status]{'coordinate': [431.77914736132004, 691.8308342638696], 'id': 8}
2020-02-08_13:25:01.145[Status]Routing 41: Walk: 41
2020-02-08_13:25:01.245[Battery Energy]96.66
2020-02-08_13:25:01.245[Status]Routing Start.
2020-02-08_13:25:01.380[Status]{'coordinate': [441.7656877199968, 691.3121709197619], 'id': 8}
2020-02-08_13:25:01.381[Status]Routing 42: Walk: 42
2020-02-08_13:25:01.481[Battery Energy]96.48
2020-02-08_13:25:01.481[Status]Routing Start.
2020-02-08_13:25:01.634[Status]{'coordinate': [451.7522280786735, 690.7935075756542], 'id': 8}
2020-02-08_13:25:01.634[Status]Routing 43: Walk: 43
2020-02-08_13:25:01.734[Battery Energy]96.28
2020-02-08_13:25:01.734[Status]Routing Start.
2020-02-08_13:25:02.081[Status]{'coordinate': [461.73876843735025, 690.2748442315465], 'id': 8}
2020-02-08_13:25:02.081[Status]Routing 44: Walk: 44
2020-02-08_13:25:02.190[Battery Energy]95.94
2020-02-08_13:25:02.190[Status]Routing Start.
2020-02-08_13:25:02.485[Status]{'coordinate': [471.725308796027, 689.7561808874387], 'id': 8}
2020-02-08_13:25:02.488[Status]Routing 45: Walk: 45
2020-02-08_13:25:02.602[Battery Energy]95.62
2020-02-08_13:25:02.602[Status]Routing Start.
2020-02-08_13:25:02.939[Status]{'coordinate': [481.7118491547037, 689.237517543331], 'id': 8}
2020-02-08_13:25:02.939[Status]Routing 46: Walk: 46
2020-02-08_13:25:03.042[Battery Energy]95.28
2020-02-08_13:25:03.042[Status]Routing Start.
2020-02-08_13:25:03.236[Status]{'coordinate': [491.69838951338045, 688.7188541992233], 'id': 8}
2020-02-08_13:25:03.236[Status]Routing 47: Walk: 47
2020-02-08_13:25:03.342[Battery Energy]95.03
2020-02-08_13:25:03.342[Status]Routing Start.
2020-02-08_13:25:03.646[Status]{'coordinate': [501.6849298720572, 688.2001908551156], 'id': 8}
2020-02-08_13:25:03.646[Status]Routing 48: Walk: 48
2020-02-08_13:25:03.746[Battery Energy]94.71
2020-02-08_13:25:03.746[Status]Routing Start.
2020-02-08_13:25:04.066[Status]{'coordinate': [511.6714702307339, 687.6815275110079], 'id': 8}
2020-02-08_13:25:04.066[Status]Routing 49: Walk: 49
2020-02-08_13:25:04.181[Battery Energy]94.42
2020-02-08_13:25:04.181[Status]Routing Start.
2020-02-08_13:25:04.316[Status]{'coordinate': [521.6580105894107, 687.1628641669001], 'id': 8}
2020-02-08_13:25:04.316[Status]Routing 50: Walk: 50
2020-02-08_13:25:04.422[Battery Energy]94.22
2020-02-08_13:25:04.422[Status]Routing Start.
2020-02-08_13:25:04.586[Status]{'coordinate': [531.6445509480874, 686.6442008227924], 'id': 8}
2020-02-08_13:25:04.586[Status]Routing 51: Walk: 51
2020-02-08_13:25:04.688[Battery Energy]94.01
2020-02-08_13:25:04.688[Status]Routing Start.
2020-02-08_13:25:04.861[Status]{'coordinate': [541.6310913067641, 686.1255374786847], 'id': 8}
2020-02-08_13:25:04.862[Status]Routing 52: Walk: 52
2020-02-08_13:25:04.963[Battery Energy]93.79
2020-02-08_13:25:04.963[Status]Routing Start.
2020-02-08_13:25:05.263[Status]{'coordinate': [551.6176316654409, 685.606874134577], 'id': 8}
2020-02-08_13:25:05.263[Status]Routing 53: Walk: 53
2020-02-08_13:25:05.370[Battery Energy]93.46
2020-02-08_13:25:05.370[Status]Routing Start.
2020-02-08_13:25:05.643[Status]{'coordinate': [561.6041720241176, 685.0882107904692], 'id': 8}
2020-02-08_13:25:05.644[Status]Routing 54: Walk: 54
2020-02-08_13:25:05.748[Battery Energy]93.19
2020-02-08_13:25:05.748[Status]Routing Start.
2020-02-08_13:25:06.040[Status]{'coordinate': [571.5907123827943, 684.5695474463615], 'id': 8}
2020-02-08_13:25:06.041[Status]Routing 55: Walk: 55
2020-02-08_13:25:06.143[Battery Energy]92.90
2020-02-08_13:25:06.143[Status]Routing Start.
2020-02-08_13:25:06.464[Status]{'coordinate': [581.577252741471, 684.0508841022538], 'id': 8}
2020-02-08_13:25:06.464[Status]Routing 56: Walk: 56
2020-02-08_13:25:06.564[Battery Energy]92.62
2020-02-08_13:25:06.564[Status]Routing Start.
2020-02-08_13:25:06.732[Status]{'coordinate': [591.5637931001478, 683.5322207581461], 'id': 8}
2020-02-08_13:25:06.732[Status]Routing 57: Walk: 57
2020-02-08_13:25:06.838[Battery Energy]92.41
2020-02-08_13:25:06.838[Status]Routing Start.
2020-02-08_13:25:07.148[Status]{'coordinate': [601.5503334588245, 683.0135574140384], 'id': 8}
2020-02-08_13:25:07.148[Status]Routing 58: Walk: 58
2020-02-08_13:25:07.249[Battery Energy]92.10
2020-02-08_13:25:07.249[Status]Routing Start.
2020-02-08_13:25:07.408[Status]{'coordinate': [611.5368738175013, 682.4948940699306], 'id': 8}
2020-02-08_13:25:07.408[Status]Routing 59: Walk: 59
2020-02-08_13:25:07.513[Battery Energy]91.88
2020-02-08_13:25:07.513[Status]Routing Start.
2020-02-08_13:25:07.800[Status]{'coordinate': [621.523414176178, 681.9762307258229], 'id': 8}
2020-02-08_13:25:07.800[Status]Routing 60: Walk: 60
2020-02-08_13:25:07.900[Battery Energy]91.57
2020-02-08_13:25:07.900[Status]Routing Start.
2020-02-08_13:25:08.071[Status]{'coordinate': [631.5099545348547, 681.4575673817152], 'id': 8}
2020-02-08_13:25:08.071[Status]Routing 61: Walk: 61
2020-02-08_13:25:08.174[Battery Energy]91.37
2020-02-08_13:25:08.174[Status]Routing Start.
2020-02-08_13:25:08.497[Status]{'coordinate': [641.4964948935315, 680.9389040376075], 'id': 8}
2020-02-08_13:25:08.497[Status]Routing 62: Walk: 62
2020-02-08_13:25:08.597[Battery Energy]91.09
2020-02-08_13:25:08.597[Status]Routing Start.
2020-02-08_13:25:08.925[Status]{'coordinate': [651.4830352522082, 680.4202406934997], 'id': 8}
2020-02-08_13:25:08.925[Status]Routing 63: Walk: 63
2020-02-08_13:25:09.025[Battery Energy]90.75
2020-02-08_13:25:09.025[Status]Routing Start.
2020-02-08_13:25:09.322[Status]{'coordinate': [661.4695756108849, 679.901577349392], 'id': 8}
2020-02-08_13:25:09.322[Status]Routing 64: Walk: 64
2020-02-08_13:25:09.430[Battery Energy]90.46
2020-02-08_13:25:09.430[Status]Routing Start.
2020-02-08_13:25:09.757[Status]{'coordinate': [671.4561159695617, 679.3829140052843], 'id': 8}
2020-02-08_13:25:09.757[Status]Routing 65: Walk: 65
2020-02-08_13:25:09.866[Battery Energy]90.15
2020-02-08_13:25:09.866[Status]Routing Start.
2020-02-08_13:25:10.007[Status]{'coordinate': [681.4426563282384, 678.8642506611766], 'id': 8}
2020-02-08_13:25:10.008[Status]Routing 66: Walk: 66
2020-02-08_13:25:10.118[Battery Energy]89.94
2020-02-08_13:25:10.118[Status]Routing Start.
2020-02-08_13:25:10.498[Status]{'coordinate': [691.4291966869151, 678.3455873170689], 'id': 8}
2020-02-08_13:25:10.498[Status]Routing 67: Walk: 67
2020-02-08_13:25:10.598[Battery Energy]89.63
2020-02-08_13:25:10.598[Status]Routing Start.
2020-02-08_13:25:10.752[Status]{'coordinate': [701.4157370455919, 677.8269239729611], 'id': 8}
2020-02-08_13:25:10.753[Status]Routing 68: Walk: 68
2020-02-08_13:25:10.853[Battery Energy]89.40
2020-02-08_13:25:10.853[Status]Routing Start.
2020-02-08_13:25:11.010[Status]{'coordinate': [711.4022774042686, 677.3082606288534], 'id': 8}
2020-02-08_13:25:11.010[Status]Routing 69: Walk: 69
2020-02-08_13:25:11.110[Battery Energy]89.19
2020-02-08_13:25:11.111[Status]Routing Start.
2020-02-08_13:25:11.287[Status]{'coordinate': [721.3888177629453, 676.7895972847457], 'id': 8}
2020-02-08_13:25:11.287[Status]Routing 70: Walk: 70
2020-02-08_13:25:11.406[Battery Energy]88.93
2020-02-08_13:25:11.406[Status]Routing Start.
2020-02-08_13:25:11.577[Status]{'coordinate': [731.3753581216221, 676.270933940638], 'id': 8}
2020-02-08_13:25:11.577[Status]Routing 71: Walk: 71
2020-02-08_13:25:11.698[Battery Energy]88.68
2020-02-08_13:25:11.698[Status]Routing Start.
2020-02-08_13:25:12.000[Status]{'coordinate': [741.3618984802988, 675.7522705965303], 'id': 8}
2020-02-08_13:25:12.000[Status]Routing 72: Walk: 72
2020-02-08_13:25:12.102[Battery Energy]88.40
2020-02-08_13:25:12.102[Status]Routing Start.
2020-02-08_13:25:12.416[Status]{'coordinate': [751.3484388389755, 675.2336072524225], 'id': 8}
2020-02-08_13:25:12.416[Status]Routing 73: Walk: 73
2020-02-08_13:25:12.521[Battery Energy]88.10
2020-02-08_13:25:12.521[Status]Routing Start.
2020-02-08_13:25:12.864[Status]{'coordinate': [761.3349791976523, 674.7149439083149], 'id': 8}
2020-02-08_13:25:12.864[Status]Routing 74: Walk: 74
2020-02-08_13:25:12.964[Battery Energy]87.77
2020-02-08_13:25:12.964[Status]Routing Start.
2020-02-08_13:25:13.286[Status]{'coordinate': [771.321519556329, 674.1962805642072], 'id': 8}
2020-02-08_13:25:13.286[Status]Routing 75: Walk: 75
2020-02-08_13:25:13.389[Battery Energy]87.50
2020-02-08_13:25:13.389[Status]Routing Start.
2020-02-08_13:25:13.673[Status]{'coordinate': [781.3080599150057, 673.6776172200996], 'id': 8}
2020-02-08_13:25:13.675[Status]Routing 76: Walk: 76
2020-02-08_13:25:13.778[Battery Energy]87.23
2020-02-08_13:25:13.778[Status]Routing Start.
2020-02-08_13:25:14.070[Status]{'coordinate': [791.2946002736825, 673.1589538759919], 'id': 8}
2020-02-08_13:25:14.070[Status]Routing 77: Walk: 77
2020-02-08_13:25:14.186[Battery Energy]86.90
2020-02-08_13:25:14.186[Status]Routing Start.
2020-02-08_13:25:14.343[Status]{'coordinate': [801.2811406323592, 672.6402905318843], 'id': 8}
2020-02-08_13:25:14.343[Status]Routing 78: Walk: 78
2020-02-08_13:25:14.443[Battery Energy]86.71
2020-02-08_13:25:14.443[Status]Routing Start.
2020-02-08_13:25:14.731[Status]{'coordinate': [811.267680991036, 672.1216271877765], 'id': 8}
2020-02-08_13:25:14.731[Status]Routing 79: Walk: 79
2020-02-08_13:25:14.834[Battery Energy]86.38
2020-02-08_13:25:14.834[Status]Routing Start.
2020-02-08_13:25:15.140[Status]{'coordinate': [821.2542213497127, 671.6029638436689], 'id': 8}
2020-02-08_13:25:15.140[Status]Routing 80: Walk: 80
2020-02-08_13:25:15.246[Battery Energy]86.11
2020-02-08_13:25:15.246[Status]Routing Start.
2020-02-08_13:25:15.537[Status]{'coordinate': [831.2407617083894, 671.0843004995612], 'id': 8}
2020-02-08_13:25:15.537[Status]Routing 81: Walk: 81
2020-02-08_13:25:15.638[Battery Energy]85.80
2020-02-08_13:25:15.638[Status]Routing Start.
2020-02-08_13:25:15.980[Status]{'coordinate': [841.2273020670661, 670.5656371554536], 'id': 8}
2020-02-08_13:25:15.980[Status]Routing 82: Walk: 82
2020-02-08_13:25:16.080[Battery Energy]85.46
2020-02-08_13:25:16.080[Status]Routing Start.
2020-02-08_13:25:16.396[Status]{'coordinate': [851.2138424257429, 670.0469738113459], 'id': 8}
2020-02-08_13:25:16.396[Status]Routing 83: Walk: 83
2020-02-08_13:25:16.497[Battery Energy]85.14
2020-02-08_13:25:16.497[Status]Routing Start.
2020-02-08_13:25:16.819[Status]{'coordinate': [861.2003827844196, 669.5283104672383], 'id': 8}
2020-02-08_13:25:16.819[Status]Routing 84: Walk: 84
2020-02-08_13:25:16.920[Battery Energy]84.81
2020-02-08_13:25:16.920[Status]Routing Start.
2020-02-08_13:25:17.306[Status]{'coordinate': [871.1869231430964, 669.0096471231305], 'id': 8}
2020-02-08_13:25:17.306[Status]Routing 85: Walk: 85
2020-02-08_13:25:17.410[Battery Energy]84.50
2020-02-08_13:25:17.410[Status]Routing Start.
2020-02-08_13:25:17.708[Status]{'coordinate': [881.1734635017731, 668.4909837790228], 'id': 8}
2020-02-08_13:25:17.708[Status]Routing 86: Walk: 86
2020-02-08_13:25:17.808[Battery Energy]84.19
2020-02-08_13:25:17.808[Status]Routing Start.
2020-02-08_13:25:17.977[Status]{'coordinate': [891.1600038604498, 667.9723204349152], 'id': 8}
2020-02-08_13:25:17.977[Status]Routing 87: Walk: 87
2020-02-08_13:25:18.077[Battery Energy]83.98
2020-02-08_13:25:18.077[Status]Routing Start.
2020-02-08_13:25:18.388[Status]{'coordinate': [901.1465442191266, 667.4536570908075], 'id': 8}
2020-02-08_13:25:18.388[Status]Routing 88: Walk: 88
2020-02-08_13:25:18.498[Battery Energy]83.70
2020-02-08_13:25:18.498[Status]Routing Start.
2020-02-08_13:25:18.728[Status]{'coordinate': [911.1330845778033, 666.9349937466999], 'id': 8}
2020-02-08_13:25:18.728[Status]Routing 89: Walk: 89
2020-02-08_13:25:18.838[Battery Energy]83.43
2020-02-08_13:25:18.838[Status]Routing Start.
2020-02-08_13:25:19.122[Status]{'coordinate': [921.11962493648, 666.4163304025922], 'id': 8}
2020-02-08_13:25:19.123[Status]Routing 90: Walk: 90
2020-02-08_13:25:19.228[Battery Energy]83.09
2020-02-08_13:25:19.228[Status]Routing Start.
2020-02-08_13:25:19.537[Status]{'coordinate': [931.1061652951568, 665.8976670584846], 'id': 8}
2020-02-08_13:25:19.538[Status]Routing 91: Walk: 91
2020-02-08_13:25:19.638[Battery Energy]82.79
2020-02-08_13:25:19.638[Status]Routing Start.
2020-02-08_13:25:19.947[Status]{'coordinate': [941.0927056538335, 665.3790037143768], 'id': 8}
2020-02-08_13:25:19.947[Status]Routing 92: Walk: 92
2020-02-08_13:25:20.054[Battery Energy]82.49
2020-02-08_13:25:20.054[Status]Routing Start.
2020-02-08_13:25:20.209[Status]{'coordinate': [951.0792460125102, 664.8603403702692], 'id': 8}
2020-02-08_13:25:20.209[Status]Routing 93: Walk: 93
2020-02-08_13:25:20.318[Battery Energy]82.28
2020-02-08_13:25:20.318[Status]Routing Start.
2020-02-08_13:25:20.484[Status]{'coordinate': [961.065786371187, 664.3416770261615], 'id': 8}
2020-02-08_13:25:20.484[Status]Routing 94: Walk: 94
2020-02-08_13:25:20.594[Battery Energy]82.03
2020-02-08_13:25:20.594[Status]Routing Start.
2020-02-08_13:25:20.760[Status]{'coordinate': [971.0523267298637, 663.8230136820539], 'id': 8}
2020-02-08_13:25:20.760[Status]Routing 95: Walk: 95
2020-02-08_13:25:20.866[Battery Energy]81.84
2020-02-08_13:25:20.866[Status]Routing Start.
2020-02-08_13:25:21.012[Status]{'coordinate': [981.0388670885404, 663.3043503379462], 'id': 8}
2020-02-08_13:25:21.012[Status]Routing 96: Walk: 96
2020-02-08_13:25:21.119[Battery Energy]81.62
2020-02-08_13:25:21.119[Status]Routing Start.
2020-02-08_13:25:21.350[Status]{'coordinate': [991.0254074472172, 662.7856869938386], 'id': 8}
2020-02-08_13:25:21.350[Status]Routing 97: Walk: 97
2020-02-08_13:25:21.452[Battery Energy]81.36
2020-02-08_13:25:21.452[Status]Routing Start.
2020-02-08_13:25:21.800[Status]{'coordinate': [1001.0119478058939, 662.2670236497308], 'id': 8}
2020-02-08_13:25:21.800[Status]Routing 98: Walk: 98
2020-02-08_13:25:21.900[Battery Energy]81.07
2020-02-08_13:25:21.900[Status]Routing Start.
2020-02-08_13:25:22.061[Status]{'coordinate': [1010.9984881645706, 661.7483603056232], 'id': 8}
2020-02-08_13:25:22.061[Status]Routing 99: Walk: 99
2020-02-08_13:25:22.161[Battery Energy]80.88
2020-02-08_13:25:22.161[Status]Routing Start.
2020-02-08_13:25:22.525[Status]{'coordinate': [1020.9850285232474, 661.2296969615155], 'id': 8}
2020-02-08_13:25:22.525[Status]Routing 100: Walk: 100
2020-02-08_13:25:22.625[Battery Energy]80.53
2020-02-08_13:25:22.625[Status]Routing Start.
2020-02-08_13:25:22.962[Status]{'coordinate': [1030.971568881924, 660.7110336174079], 'id': 8}
2020-02-08_13:25:22.962[Status]Routing 101: Walk: 101
2020-02-08_13:25:23.062[Battery Energy]80.22
2020-02-08_13:25:23.062[Status]Routing Start.
2020-02-08_13:25:23.434[Status]{'coordinate': [1040.9581092406006, 660.1923702733002], 'id': 8}
2020-02-08_13:25:23.434[Status]Routing 102: Walk: 102
2020-02-08_13:25:23.542[Battery Energy]79.90
2020-02-08_13:25:23.542[Status]Routing Start.
2020-02-08_13:25:23.860[Status]{'coordinate': [1050.9446495992772, 659.6737069291926], 'id': 8}
2020-02-08_13:25:23.860[Status]Routing 103: Walk: 103
2020-02-08_13:25:23.960[Battery Energy]79.58
2020-02-08_13:25:23.960[Status]Routing Start.
2020-02-08_13:25:24.110[Status]{'coordinate': [1060.9311899579538, 659.155043585085], 'id': 8}
2020-02-08_13:25:24.110[Status]Routing 104: Walk: 104
2020-02-08_13:25:24.216[Battery Energy]79.39
2020-02-08_13:25:24.216[Status]Routing Start.
2020-02-08_13:25:24.370[Status]{'coordinate': [1070.9177303166305, 658.6363802409772], 'id': 8}
2020-02-08_13:25:24.371[Status]Routing 105: Walk: 105
2020-02-08_13:25:24.482[Battery Energy]79.17
2020-02-08_13:25:24.482[Status]Routing Start.
2020-02-08_13:25:24.786[Status]{'coordinate': [1080.904270675307, 658.1177168968696], 'id': 8}
2020-02-08_13:25:24.786[Status]Routing 106: Walk: 106
2020-02-08_13:25:24.897[Battery Energy]78.87
2020-02-08_13:25:24.897[Status]Routing Start.
2020-02-08_13:25:25.048[Status]{'coordinate': [1090.8908110339837, 657.5990535527619], 'id': 8}
2020-02-08_13:25:25.048[Status]Routing 107: Walk: 107
2020-02-08_13:25:25.153[Battery Energy]78.66
2020-02-08_13:25:25.153[Status]Routing Start.
2020-02-08_13:25:25.308[Status]{'coordinate': [1100.8773513926603, 657.0803902086543], 'id': 8}
2020-02-08_13:25:25.308[Status]Routing 108: Walk: 108
2020-02-08_13:25:25.410[Battery Energy]78.47
2020-02-08_13:25:25.410[Status]Routing Start.
2020-02-08_13:25:25.410[Status]Task Finished.
2020-02-08_13:25:25.510[Battery Energy]78.47
2020-02-08_13:25:25.715[Status]Routing 110: Walk: 108
2020-02-08_13:25:25.815[Battery Energy]78.30
2020-02-08_13:25:25.969[Status]Routing 111: Walk: 108
2020-02-08_13:25:26.070[Battery Energy]78.17
2020-02-08_13:25:26.398[Status]Routing 112: Walk: 108
2020-02-08_13:25:26.498[Battery Energy]77.99
2020-02-08_13:25:26.823[Status]Routing 113: Walk: 108
2020-02-08_13:25:26.926[Battery Energy]77.77
2020-02-08_13:25:27.296[Status]Routing 114: Walk: 108
2020-02-08_13:25:27.410[Battery Energy]77.59
2020-02-08_13:25:27.770[Status]Routing 115: Walk: 108
2020-02-08_13:25:27.873[Battery Energy]77.37
2020-02-08_13:25:28.010[Status]Routing 116: Walk: 108
2020-02-08_13:25:28.121[Battery Energy]77.27
2020-02-08_13:25:28.275[Status]Routing 117: Walk: 108
2020-02-08_13:25:28.386[Battery Energy]77.16
2020-02-08_13:25:28.533[Status]Routing 118: Walk: 108
2020-02-08_13:25:28.642[Battery Energy]77.04
2020-02-08_13:25:28.792[Status]Routing 119: Walk: 108
2020-02-08_13:25:28.892[Battery Energy]76.93
2020-02-08_13:25:29.043[Status]Routing 120: Walk: 108
2020-02-08_13:25:29.149[Battery Energy]76.83
2020-02-08_13:25:29.315[Status]Routing 121: Walk: 108
2020-02-08_13:25:29.417[Battery Energy]76.72
2020-02-08_13:25:29.662[Status]Routing 122: Walk: 108
2020-02-08_13:25:29.762[Battery Energy]76.56
2020-02-08_13:25:29.923[Status]Routing 123: Walk: 108
2020-02-08_13:25:30.028[Battery Energy]76.44
2020-02-08_13:25:30.332[Status]Routing 124: Walk: 108
2020-02-08_13:25:30.432[Battery Energy]76.21
2020-02-08_13:25:30.577[Status]Routing 125: Walk: 108
2020-02-08_13:25:30.694[Battery Energy]76.12
2020-02-08_13:25:30.990[Status]Routing 126: Walk: 108
2020-02-08_13:25:31.094[Battery Energy]75.93
2020-02-08_13:25:31.418[Status]Routing 127: Walk: 108
2020-02-08_13:25:31.519[Battery Energy]75.72
2020-02-08_13:25:31.857[Status]Routing 128: Walk: 108
2020-02-08_13:25:31.958[Battery Energy]75.53
2020-02-08_13:25:32.315[Status]Routing 129: Walk: 108
2020-02-08_13:25:32.415[Battery Energy]75.32
2020-02-08_13:25:32.558[Status]Routing 130: Walk: 108
2020-02-08_13:25:32.658[Battery Energy]75.22
2020-02-08_13:25:32.990[Status]Routing 131: Walk: 108
2020-02-08_13:25:33.093[Battery Energy]75.05
2020-02-08_13:25:33.468[Status]Routing 132: Walk: 108
2020-02-08_13:25:33.569[Battery Energy]74.82
2020-02-08_13:25:33.871[Status]Routing 133: Walk: 108
2020-02-08_13:25:33.972[Battery Energy]74.63
2020-02-08_13:25:34.326[Status]Routing 134: Walk: 108
2020-02-08_13:25:34.434[Battery Energy]74.45
2020-02-08_13:25:34.598[Status]Routing 135: Walk: 108
2020-02-08_13:25:34.699[Battery Energy]74.35
2020-02-08_13:25:34.995[Status]Routing 136: Walk: 108
2020-02-08_13:25:35.095[Battery Energy]74.13
2020-02-08_13:25:35.242[Status]Routing 137: Walk: 108
2020-02-08_13:25:35.346[Battery Energy]74.00
2020-02-08_13:25:35.491[Status]Routing 138: Walk: 108
2020-02-08_13:25:35.594[Battery Energy]73.90
2020-02-08_13:25:35.773[Status]Routing 139: Walk: 108
2020-02-08_13:25:35.874[Battery Energy]73.77
2020-02-08_13:25:36.046[Status]Routing 140: Walk: 108
2020-02-08_13:25:36.158[Battery Energy]73.66
2020-02-08_13:25:36.346[Status]Routing 141: Walk: 108
2020-02-08_13:25:36.454[Battery Energy]73.53
2020-02-08_13:25:36.682[Status]Routing 142: Walk: 108
2020-02-08_13:25:36.802[Battery Energy]73.36
2020-02-08_13:25:36.922[Status]Routing 143: Walk: 108
2020-02-08_13:25:37.038[Battery Energy]73.27
2020-02-08_13:25:37.183[Status]Routing 144: Walk: 108
2020-02-08_13:25:37.293[Battery Energy]73.16
2020-02-08_13:25:37.530[Status]Routing 145: Walk: 108
2020-02-08_13:25:37.649[Battery Energy]72.98
2020-02-08_13:25:37.892[Status]Routing 146: Walk: 108
2020-02-08_13:25:37.995[Battery Energy]72.83
2020-02-08_13:25:38.173[Status]Routing 147: Walk: 108
2020-02-08_13:25:38.278[Battery Energy]72.71
2020-02-08_13:25:38.415[Status]Routing 148: Walk: 108
2020-02-08_13:25:38.518[Battery Energy]72.60
2020-02-08_13:25:38.639[Status]Routing 149: Walk: 108
2020-02-08_13:25:38.746[Battery Energy]72.49
2020-02-08_13:25:38.878[Status]Routing 150: Walk: 108
2020-02-08_13:25:38.978[Battery Energy]72.39
2020-02-08_13:25:39.133[Status]Routing 151: Walk: 108
2020-02-08_13:25:39.238[Battery Energy]72.27
2020-02-08_13:25:39.384[Status]Routing 152: Walk: 108
2020-02-08_13:25:39.484[Battery Energy]72.16
2020-02-08_13:25:39.647[Status]Routing 153: Walk: 108
2020-02-08_13:25:39.749[Battery Energy]72.06
2020-02-08_13:25:39.907[Status]Routing 154: Walk: 108
2020-02-08_13:25:40.014[Battery Energy]71.93
2020-02-08_13:25:40.176[Status]Routing 155: Walk: 108
2020-02-08_13:25:40.282[Battery Energy]71.81
2020-02-08_13:25:40.424[Status]Routing 156: Walk: 108
2020-02-08_13:25:40.530[Battery Energy]71.70
2020-02-08_13:25:40.698[Status]Routing 157: Walk: 108
2020-02-08_13:25:40.806[Battery Energy]71.59
2020-02-08_13:25:40.961[Status]Routing 158: Walk: 108
2020-02-08_13:25:41.063[Battery Energy]71.49
2020-02-08_13:25:41.232[Status]Routing 159: Walk: 108
2020-02-08_13:25:41.346[Battery Energy]71.39
2020-02-08_13:25:41.482[Status]Routing 160: Walk: 108
2020-02-08_13:25:41.598[Battery Energy]71.27
2020-02-08_13:25:41.739[Status]Routing 161: Walk: 108
2020-02-08_13:25:41.840[Battery Energy]71.17
2020-02-08_13:25:42.013[Status]Routing 162: Walk: 108
2020-02-08_13:25:42.113[Battery Energy]71.06
2020-02-08_13:25:42.299[Status]Routing 163: Walk: 108
2020-02-08_13:25:42.406[Battery Energy]70.92
2020-02-08_13:25:42.574[Status]Routing 164: Walk: 108
2020-02-08_13:25:42.675[Battery Energy]70.79
2020-02-08_13:25:42.825[Status]Routing 165: Walk: 108
2020-02-08_13:25:42.931[Battery Energy]70.68
2020-02-08_13:25:43.127[Status]Routing 166: Walk: 108
2020-02-08_13:25:43.238[Battery Energy]70.55
2020-02-08_13:25:43.392[Status]Routing 167: Walk: 108
2020-02-08_13:25:43.502[Battery Energy]70.43
2020-02-08_13:25:43.636[Status]Routing 168: Walk: 108
2020-02-08_13:25:43.746[Battery Energy]70.34
2020-02-08_13:25:43.883[Status]Routing 169: Walk: 108
2020-02-08_13:25:43.986[Battery Energy]70.23
2020-02-08_13:25:44.175[Status]Routing 170: Walk: 108
2020-02-08_13:25:44.275[Battery Energy]70.09
2020-02-08_13:25:44.453[Status]Routing 171: Walk: 108
2020-02-08_13:25:44.555[Battery Energy]69.97
2020-02-08_13:25:44.743[Status]Routing 172: Walk: 108
2020-02-08_13:25:44.845[Battery Energy]69.84
2020-02-08_13:25:45.015[Status]Routing 173: Walk: 108
2020-02-08_13:25:45.122[Battery Energy]69.71
2020-02-08_13:25:45.273[Status]Routing 174: Walk: 108
2020-02-08_13:25:45.394[Battery Energy]69.60
2020-02-08_13:25:45.536[Status]Routing 175: Walk: 108
2020-02-08_13:25:45.653[Battery Energy]69.50
2020-02-08_13:25:45.844[Status]Routing 176: Walk: 108
2020-02-08_13:25:45.944[Battery Energy]69.37
2020-02-08_13:25:46.094[Status]Routing 177: Walk: 108
2020-02-08_13:25:46.205[Battery Energy]69.26
2020-02-08_13:25:46.357[Status]Routing 178: Walk: 108
2020-02-08_13:25:46.461[Battery Energy]69.15
2020-02-08_13:25:46.606[Status]Routing 179: Walk: 108
2020-02-08_13:25:46.709[Battery Energy]69.05
2020-02-08_13:25:46.866[Status]Routing 180: Walk: 108
2020-02-08_13:25:46.971[Battery Energy]68.95
2020-02-08_13:25:47.108[Status]Routing 181: Walk: 108
2020-02-08_13:25:47.222[Battery Energy]68.85
2020-02-08_13:25:47.361[Status]Routing 182: Walk: 108
2020-02-08_13:25:47.482[Battery Energy]68.74
2020-02-08_13:25:47.628[Status]Routing 183: Walk: 108
2020-02-08_13:25:47.738[Battery Energy]68.64
2020-02-08_13:25:47.893[Status]Routing 184: Walk: 108
2020-02-08_13:25:48.006[Battery Energy]68.53
2020-02-08_13:25:48.146[Status]Routing 185: Walk: 108
2020-02-08_13:25:48.254[Battery Energy]68.43
2020-02-08_13:25:48.431[Status]Routing 186: Walk: 108
2020-02-08_13:25:48.531[Battery Energy]68.30
2020-02-08_13:25:48.714[Status]Routing 187: Walk: 108
2020-02-08_13:25:48.815[Battery Energy]68.16
2020-02-08_13:25:48.963[Status]Routing 188: Walk: 108
2020-02-08_13:25:49.070[Battery Energy]68.07
