2020-02-08_13:24:35.720[Status]Start.
2020-02-08_13:24:35.721[Battery Energy]112.00
2020-02-08_13:24:36.822[Battery Energy]111.96
2020-02-08_13:24:37.924[Battery Energy]111.92
2020-02-08_13:24:39.025[Battery Energy]111.88
2020-02-08_13:24:40.126[Battery Energy]111.84
2020-02-08_13:24:41.227[Task]A New Task Released.
2020-02-08_13:24:41.228[Battery Energy]111.80
2020-02-08_13:24:41.228[Status]Selection Start.
2020-02-08_13:24:45.339[Status]Selection End: Do Task 1.
2020-02-08_13:24:45.443[Battery Energy]109.06
2020-02-08_13:24:45.445[Status]Formation Start.
2020-02-08_13:24:45.581[Status]Formation End: To Position 2.
2020-02-08_13:24:45.690[Battery Energy]108.93
2020-02-08_13:24:45.690[Status]Routing Start.
2020-02-08_13:24:45.862[Status]{'coordinate': [68.36889003148661, 383.4962693800551], 'id': 11}
2020-02-08_13:24:45.862[Status]Routing 1: Walk: 1
2020-02-08_13:24:45.974[Battery Energy]108.69
2020-02-08_13:24:45.974[Status]Routing Start.
2020-02-08_13:24:46.121[Status]{'coordinate': [77.73778006297324, 386.99253876011016], 'id': 11}
2020-02-08_13:24:46.121[Status]Routing 2: Walk: 2
2020-02-08_13:24:46.221[Battery Energy]108.48
2020-02-08_13:24:46.221[Status]Routing Start.
2020-02-08_13:24:46.401[Status]{'coordinate': [87.10667009445987, 390.48880814016525], 'id': 11}
2020-02-08_13:24:46.401[Status]Routing 3: Walk: 3
2020-02-08_13:24:46.510[Battery Energy]108.24
2020-02-08_13:24:46.510[Status]Routing Start.
2020-02-08_13:24:46.674[Status]{'coordinate': [96.4755601259465, 393.98507752022033], 'id': 11}
2020-02-08_13:24:46.674[Status]Routing 4: Walk: 4
2020-02-08_13:24:46.790[Battery Energy]108.04
2020-02-08_13:24:46.790[Status]Routing Start.
2020-02-08_13:24:47.078[Status]{'coordinate': [105.84445015743313, 397.4813469002754], 'id': 11}
2020-02-08_13:24:47.078[Status]Routing 5: Walk: 5
2020-02-08_13:24:47.179[Battery Energy]107.69
2020-02-08_13:24:47.179[Status]Routing Start.
2020-02-08_13:24:47.518[Status]{'coordinate': [115.21334018891974, 400.9776162803305], 'id': 11}
2020-02-08_13:24:47.518[Status]Routing 6: Walk: 6
2020-02-08_13:24:47.618[Battery Energy]107.36
2020-02-08_13:24:47.619[Status]Routing Start.
2020-02-08_13:24:47.781[Status]{'coordinate': [124.58223022040636, 404.4738856603856], 'id': 11}
2020-02-08_13:24:47.781[Status]Routing 7: Walk: 7
2020-02-08_13:24:47.882[Battery Energy]107.17
2020-02-08_13:24:47.882[Status]Routing Start.
2020-02-08_13:24:48.393[Status]{'coordinate': [133.95112025189297, 407.97015504044066], 'id': 11}
2020-02-08_13:24:48.393[Status]Routing 8: Walk: 8
2020-02-08_13:24:48.494[Battery Energy]106.79
2020-02-08_13:24:48.494[Status]Routing Start.
2020-02-08_13:24:48.631[Status]{'coordinate': [143.3200102833796, 411.46642442049574], 'id': 11}
2020-02-08_13:24:48.631[Status]Routing 9: Walk: 9
2020-02-08_13:24:48.731[Battery Energy]106.59
2020-02-08_13:24:48.731[Status]Routing Start.
2020-02-08_13:24:49.102[Status]{'coordinate': [152.6889003148662, 414.9626938005508], 'id': 11}
2020-02-08_13:24:49.103[Status]Routing 10: Walk: 10
2020-02-08_13:24:49.210[Battery Energy]106.22
2020-02-08_13:24:49.210[Status]Routing Start.
2020-02-08_13:24:49.520[Status]{'coordinate': [162.05779034635282, 418.4589631806059], 'id': 11}
2020-02-08_13:24:49.520[Status]Routing 11: Walk: 11
2020-02-08_13:24:49.622[Battery Energy]105.89
2020-02-08_13:24:49.622[Status]Routing Start.
2020-02-08_13:24:49.991[Status]{'coordinate': [171.42668037783943, 421.955232560661], 'id': 11}
2020-02-08_13:24:49.991[Status]Routing 12: Walk: 12
2020-02-08_13:24:50.091[Battery Energy]105.56
2020-02-08_13:24:50.092[Status]Routing Start.
2020-02-08_13:24:50.427[Status]{'coordinate': [180.79557040932605, 425.45150194071607], 'id': 11}
2020-02-08_13:24:50.427[Status]Routing 13: Walk: 13
2020-02-08_13:24:50.527[Battery Energy]105.24
2020-02-08_13:24:50.527[Status]Routing Start.
2020-02-08_13:24:50.884[Status]{'coordinate': [190.16446044081266, 428.94777132077115], 'id': 11}
2020-02-08_13:24:50.886[Status]Routing 14: Walk: 14
2020-02-08_13:24:50.987[Battery Energy]104.94
2020-02-08_13:24:50.987[Status]Routing Start.
2020-02-08_13:24:51.328[Status]{'coordinate': [199.53335047229928, 432.44404070082624], 'id': 11}
2020-02-08_13:24:51.328[Status]Routing 15: Walk: 15
2020-02-08_13:24:51.434[Battery Energy]104.61
2020-02-08_13:24:51.434[Status]Routing Start.
2020-02-08_13:24:51.772[Status]{'coordinate': [208.9022405037859, 435.9403100808813], 'id': 11}
2020-02-08_13:24:51.772[Status]Routing 16: Walk: 16
2020-02-08_13:24:51.878[Battery Energy]104.30
2020-02-08_13:24:51.878[Status]Routing Start.
2020-02-08_13:24:52.237[Status]{'coordinate': [218.2711305352725, 439.4365794609364], 'id': 11}
2020-02-08_13:24:52.243[Status]Routing 17: Walk: 17
2020-02-08_13:24:52.344[Battery Energy]103.97
2020-02-08_13:24:52.344[Status]Routing Start.
2020-02-08_13:24:52.513[Status]{'coordinate': [227.64002056675912, 442.9328488409915], 'id': 11}
2020-02-08_13:24:52.514[Status]Routing 18: Walk: 18
2020-02-08_13:24:52.614[Battery Energy]103.76
2020-02-08_13:24:52.614[Status]Routing Start.
2020-02-08_13:24:52.930[Status]{'coordinate': [237.00891059824573, 446.42911822104656], 'id': 11}
2020-02-08_13:24:52.931[Status]Routing 19: Walk: 19
2020-02-08_13:24:53.034[Battery Energy]103.45
2020-02-08_13:24:53.034[Status]Routing Start.
2020-02-08_13:24:53.346[Status]{'coordinate': [246.37780062973235, 449.92538760110165], 'id': 11}
2020-02-08_13:24:53.346[Status]Routing 20: Walk: 20
2020-02-08_13:24:53.446[Battery Energy]103.15
2020-02-08_13:24:53.447[Status]Routing Start.
2020-02-08_13:24:53.769[Status]{'coordinate': [255.74669066121896, 453.42165698115673], 'id': 11}
2020-02-08_13:24:53.769[Status]Routing 21: Walk: 21
2020-02-08_13:24:53.874[Battery Energy]102.82
2020-02-08_13:24:53.874[Status]Routing Start.
2020-02-08_13:24:54.168[Status]{'coordinate': [265.1155806927056, 456.9179263612118], 'id': 11}
2020-02-08_13:24:54.172[Status]Routing 22: Walk: 22
2020-02-08_13:24:54.275[Battery Energy]102.53
2020-02-08_13:24:54.275[Status]Routing Start.
2020-02-08_13:24:54.639[Status]{'coordinate': [274.4844707241922, 460.4141957412669], 'id': 11}
2020-02-08_13:24:54.639[Status]Routing 23: Walk: 23
2020-02-08_13:24:54.739[Battery Energy]102.26
2020-02-08_13:24:54.739[Status]Routing Start.
2020-02-08_13:24:55.068[Status]{'coordinate': [283.8533607556788, 463.910465121322], 'id': 11}
2020-02-08_13:24:55.068[Status]Routing 24: Walk: 24
2020-02-08_13:24:55.182[Battery Energy]101.98
2020-02-08_13:24:55.182[Status]Routing Start.
2020-02-08_13:24:55.319[Status]{'coordinate': [293.2222507871654, 467.40673450137706], 'id': 11}
2020-02-08_13:24:55.319[Status]Routing 25: Walk: 25
2020-02-08_13:24:55.420[Battery Energy]101.81
2020-02-08_13:24:55.420[Status]Routing Start.
2020-02-08_13:24:55.577[Status]{'coordinate': [302.59114081865204, 470.90300388143214], 'id': 11}
2020-02-08_13:24:55.578[Status]Routing 26: Walk: 26
2020-02-08_13:24:55.692[Battery Energy]101.61
2020-02-08_13:24:55.697[Status]Routing Start.
2020-02-08_13:24:55.821[Status]{'coordinate': [311.96003085013865, 474.3992732614872], 'id': 11}
2020-02-08_13:24:55.821[Status]Routing 27: Walk: 27
2020-02-08_13:24:55.921[Battery Energy]101.41
2020-02-08_13:24:55.921[Status]Routing Start.
2020-02-08_13:24:56.257[Status]{'coordinate': [321.32892088162527, 477.8955426415423], 'id': 11}
2020-02-08_13:24:56.257[Status]Routing 28: Walk: 28
2020-02-08_13:24:56.366[Battery Energy]101.07
2020-02-08_13:24:56.366[Status]Routing Start.
2020-02-08_13:24:56.685[Status]{'coordinate': [330.6978109131119, 481.3918120215974], 'id': 11}
2020-02-08_13:24:56.685[Status]Routing 29: Walk: 29
2020-02-08_13:24:56.786[Battery Energy]100.77
2020-02-08_13:24:56.786[Status]Routing Start.
2020-02-08_13:24:57.250[Status]Routing 30: Walk: 29
2020-02-08_13:24:57.356[Battery Energy]100.40
2020-02-08_13:24:57.356[Status]Routing Start.
2020-02-08_13:24:57.502[Status]{'coordinate': [340.0667009445985, 484.88808140165247], 'id': 11}
2020-02-08_13:24:57.503[Status]Routing 31: Walk: 30
2020-02-08_13:24:57.614[Battery Energy]100.19
2020-02-08_13:24:57.614[Status]Routing Start.
2020-02-08_13:24:58.023[Status]Routing 32: Walk: 30
2020-02-08_13:24:58.126[Battery Energy]99.88
2020-02-08_13:24:58.126[Status]Routing Start.
2020-02-08_13:24:58.461[Status]Routing 33: Walk: 30
2020-02-08_13:24:58.570[Battery Energy]99.58
2020-02-08_13:24:58.570[Status]Routing Start.
2020-02-08_13:24:58.913[Status]Routing 34: Walk: 30
2020-02-08_13:24:59.014[Battery Energy]99.26
2020-02-08_13:24:59.014[Status]Routing Start.
2020-02-08_13:24:59.193[Status]{'coordinate': [349.4355909760851, 488.38435078170755], 'id': 11}
2020-02-08_13:24:59.195[Status]Routing 35: Walk: 31
2020-02-08_13:24:59.314[Battery Energy]99.02
2020-02-08_13:24:59.314[Status]Routing Start.
2020-02-08_13:24:59.630[Status]{'coordinate': [358.8044810075717, 491.88062016176264], 'id': 11}
2020-02-08_13:24:59.630[Status]Routing 36: Walk: 32
2020-02-08_13:24:59.730[Battery Energy]98.67
2020-02-08_13:24:59.730[Status]Routing Start.
2020-02-08_13:25:00.043[Status]Routing 37: Walk: 32
2020-02-08_13:25:00.144[Battery Energy]98.35
2020-02-08_13:25:00.144[Status]Routing Start.
2020-02-08_13:25:00.337[Status]{'coordinate': [368.17337103905834, 495.3768895418177], 'id': 11}
2020-02-08_13:25:00.337[Status]Routing 38: Walk: 33
2020-02-08_13:25:00.437[Battery Energy]98.12
2020-02-08_13:25:00.437[Status]Routing Start.
2020-02-08_13:25:00.595[Status]{'coordinate': [377.54226107054495, 498.8731589218728], 'id': 11}
2020-02-08_13:25:00.599[Status]Routing 39: Walk: 34
2020-02-08_13:25:00.699[Battery Energy]97.94
2020-02-08_13:25:00.699[Status]Routing Start.
2020-02-08_13:25:00.879[Status]{'coordinate': [386.91115110203157, 502.3694283019279], 'id': 11}
2020-02-08_13:25:00.879[Status]Routing 40: Walk: 35
2020-02-08_13:25:00.984[Battery Energy]97.73
2020-02-08_13:25:00.984[Status]Routing Start.
2020-02-08_13:25:01.133[Status]{'coordinate': [396.2800411335182, 505.8656976819829], 'id': 11}
2020-02-08_13:25:01.137[Status]Routing 41: Walk: 36
2020-02-08_13:25:01.238[Battery Energy]97.51
2020-02-08_13:25:01.238[Status]Routing Start.
2020-02-08_13:25:01.385[Status]{'coordinate': [405.6489311650048, 509.36196706203793], 'id': 11}
2020-02-08_13:25:01.385[Status]Routing 42: Walk: 37
2020-02-08_13:25:01.485[Battery Energy]97.28
2020-02-08_13:25:01.485[Status]Routing Start.
2020-02-08_13:25:01.623[Status]{'coordinate': [415.0178211964914, 512.858236442093], 'id': 11}
2020-02-08_13:25:01.623[Status]Routing 43: Walk: 38
2020-02-08_13:25:01.723[Battery Energy]97.08
2020-02-08_13:25:01.723[Status]Routing Start.
2020-02-08_13:25:02.084[Status]{'coordinate': [424.386711227978, 516.3545058221481], 'id': 11}
2020-02-08_13:25:02.084[Status]Routing 44: Walk: 39
2020-02-08_13:25:02.194[Battery Energy]96.77
2020-02-08_13:25:02.194[Status]Routing Start.
2020-02-08_13:25:02.492[Status]{'coordinate': [433.75560125946464, 519.8507752022032], 'id': 11}
2020-02-08_13:25:02.493[Status]Routing 45: Walk: 40
2020-02-08_13:25:02.593[Battery Energy]96.47
2020-02-08_13:25:02.593[Status]Routing Start.
2020-02-08_13:25:02.930[Status]{'coordinate': [443.12449129095125, 523.3470445822583], 'id': 11}
2020-02-08_13:25:02.932[Status]Routing 46: Walk: 41
2020-02-08_13:25:03.032[Battery Energy]96.16
2020-02-08_13:25:03.032[Status]Routing Start.
2020-02-08_13:25:03.235[Status]{'coordinate': [452.49338132243787, 526.8433139623133], 'id': 11}
2020-02-08_13:25:03.235[Status]Routing 47: Walk: 42
2020-02-08_13:25:03.336[Battery Energy]95.93
2020-02-08_13:25:03.336[Status]Routing Start.
2020-02-08_13:25:03.649[Status]{'coordinate': [461.8622713539245, 530.3395833423684], 'id': 11}
2020-02-08_13:25:03.649[Status]Routing 48: Walk: 43
2020-02-08_13:25:03.749[Battery Energy]95.61
2020-02-08_13:25:03.749[Status]Routing Start.
2020-02-08_13:25:04.066[Status]{'coordinate': [471.2311613854111, 533.8358527224235], 'id': 11}
2020-02-08_13:25:04.066[Status]Routing 49: Walk: 44
2020-02-08_13:25:04.170[Battery Energy]95.28
2020-02-08_13:25:04.170[Status]Routing Start.
2020-02-08_13:25:04.325[Status]{'coordinate': [480.6000514168977, 537.3321221024786], 'id': 11}
2020-02-08_13:25:04.325[Status]Routing 50: Walk: 45
2020-02-08_13:25:04.430[Battery Energy]95.07
2020-02-08_13:25:04.430[Status]Routing Start.
2020-02-08_13:25:04.585[Status]{'coordinate': [489.9689414483843, 540.8283914825337], 'id': 11}
2020-02-08_13:25:04.585[Status]Routing 51: Walk: 46
2020-02-08_13:25:04.688[Battery Energy]94.87
2020-02-08_13:25:04.688[Status]Routing Start.
2020-02-08_13:25:04.865[Status]{'coordinate': [499.33783147987094, 544.3246608625888], 'id': 11}
2020-02-08_13:25:04.866[Status]Routing 52: Walk: 47
2020-02-08_13:25:04.974[Battery Energy]94.65
2020-02-08_13:25:04.974[Status]Routing Start.
2020-02-08_13:25:05.261[Status]{'coordinate': [508.70672151135756, 547.8209302426438], 'id': 11}
2020-02-08_13:25:05.261[Status]Routing 53: Walk: 48
2020-02-08_13:25:05.361[Battery Energy]94.35
2020-02-08_13:25:05.361[Status]Routing Start.
2020-02-08_13:25:05.648[Status]{'coordinate': [518.0756115428442, 551.3171996226989], 'id': 11}
2020-02-08_13:25:05.648[Status]Routing 54: Walk: 49
2020-02-08_13:25:05.748[Battery Energy]94.07
2020-02-08_13:25:05.748[Status]Routing Start.
2020-02-08_13:25:06.042[Status]{'coordinate': [527.4445015743308, 554.813469002754], 'id': 11}
2020-02-08_13:25:06.042[Status]Routing 55: Walk: 50
2020-02-08_13:25:06.158[Battery Energy]93.76
2020-02-08_13:25:06.158[Status]Routing Start.
2020-02-08_13:25:06.467[Status]{'coordinate': [536.8133916058175, 558.3097383828091], 'id': 11}
2020-02-08_13:25:06.469[Status]Routing 56: Walk: 51
2020-02-08_13:25:06.582[Battery Energy]93.48
2020-02-08_13:25:06.582[Status]Routing Start.
2020-02-08_13:25:06.729[Status]{'coordinate': [546.1822816373042, 561.8060077628642], 'id': 11}
2020-02-08_13:25:06.729[Status]Routing 57: Walk: 52
2020-02-08_13:25:06.832[Battery Energy]93.28
2020-02-08_13:25:06.832[Status]Routing Start.
2020-02-08_13:25:07.140[Status]{'coordinate': [555.5511716687909, 565.3022771429193], 'id': 11}
2020-02-08_13:25:07.140[Status]Routing 58: Walk: 53
2020-02-08_13:25:07.249[Battery Energy]92.97
2020-02-08_13:25:07.249[Status]Routing Start.
2020-02-08_13:25:07.408[Status]{'coordinate': [564.9200617002775, 568.7985465229743], 'id': 11}
2020-02-08_13:25:07.408[Status]Routing 59: Walk: 54
2020-02-08_13:25:07.510[Battery Energy]92.76
2020-02-08_13:25:07.510[Status]Routing Start.
2020-02-08_13:25:07.816[Status]{'coordinate': [574.2889517317642, 572.2948159030294], 'id': 11}
2020-02-08_13:25:07.816[Status]Routing 60: Walk: 55
2020-02-08_13:25:07.922[Battery Energy]92.47
2020-02-08_13:25:07.922[Status]Routing Start.
2020-02-08_13:25:08.068[Status]{'coordinate': [583.6578417632509, 575.7910852830845], 'id': 11}
2020-02-08_13:25:08.068[Status]Routing 61: Walk: 56
2020-02-08_13:25:08.168[Battery Energy]92.28
2020-02-08_13:25:08.168[Status]Routing Start.
2020-02-08_13:25:08.485[Status]{'coordinate': [593.0267317947375, 579.2873546631396], 'id': 11}
2020-02-08_13:25:08.486[Status]Routing 62: Walk: 57
2020-02-08_13:25:08.594[Battery Energy]91.95
2020-02-08_13:25:08.594[Status]Routing Start.
2020-02-08_13:25:08.928[Status]{'coordinate': [602.3956218262242, 582.7836240431947], 'id': 11}
2020-02-08_13:25:08.928[Status]Routing 63: Walk: 58
2020-02-08_13:25:09.030[Battery Energy]91.64
2020-02-08_13:25:09.030[Status]Routing Start.
2020-02-08_13:25:09.330[Status]{'coordinate': [611.7645118577109, 586.2798934232497], 'id': 11}
2020-02-08_13:25:09.330[Status]Routing 64: Walk: 59
2020-02-08_13:25:09.434[Battery Energy]91.35
2020-02-08_13:25:09.434[Status]Routing Start.
2020-02-08_13:25:09.751[Status]{'coordinate': [621.1334018891976, 589.7761628033048], 'id': 11}
2020-02-08_13:25:09.752[Status]Routing 65: Walk: 60
2020-02-08_13:25:09.854[Battery Energy]91.02
2020-02-08_13:25:09.855[Status]Routing Start.
2020-02-08_13:25:10.010[Status]{'coordinate': [630.5022919206842, 593.2724321833599], 'id': 11}
2020-02-08_13:25:10.010[Status]Routing 66: Walk: 61
2020-02-08_13:25:10.114[Battery Energy]90.80
2020-02-08_13:25:10.114[Status]Routing Start.
2020-02-08_13:25:10.504[Status]{'coordinate': [639.8711819521709, 596.768701563415], 'id': 11}
2020-02-08_13:25:10.504[Status]Routing 67: Walk: 62
2020-02-08_13:25:10.605[Battery Energy]90.46
2020-02-08_13:25:10.605[Status]Routing Start.
2020-02-08_13:25:10.752[Status]{'coordinate': [649.2400719836576, 600.2649709434701], 'id': 11}
2020-02-08_13:25:10.752[Status]Routing 68: Walk: 63
2020-02-08_13:25:10.852[Battery Energy]90.25
2020-02-08_13:25:10.852[Status]Routing Start.
2020-02-08_13:25:11.011[Status]{'coordinate': [658.6089620151442, 603.7612403235252], 'id': 11}
2020-02-08_13:25:11.012[Status]Routing 69: Walk: 64
2020-02-08_13:25:11.112[Battery Energy]90.08
2020-02-08_13:25:11.112[Status]Routing Start.
2020-02-08_13:25:11.277[Status]{'coordinate': [667.9778520466309, 607.2575097035802], 'id': 11}
2020-02-08_13:25:11.277[Status]Routing 70: Walk: 65
2020-02-08_13:25:11.377[Battery Energy]89.89
2020-02-08_13:25:11.377[Status]Routing Start.
2020-02-08_13:25:11.570[Status]{'coordinate': [677.3467420781176, 610.7537790836353], 'id': 11}
2020-02-08_13:25:11.571[Status]Routing 71: Walk: 66
2020-02-08_13:25:11.690[Battery Energy]89.68
2020-02-08_13:25:11.690[Status]Routing Start.
2020-02-08_13:25:12.004[Status]{'coordinate': [686.7156321096043, 614.2500484636904], 'id': 11}
2020-02-08_13:25:12.004[Status]Routing 72: Walk: 67
2020-02-08_13:25:12.114[Battery Energy]89.37
2020-02-08_13:25:12.114[Status]Routing Start.
2020-02-08_13:25:12.415[Status]{'coordinate': [696.0845221410909, 617.7463178437455], 'id': 11}
2020-02-08_13:25:12.415[Status]Routing 73: Walk: 68
2020-02-08_13:25:12.516[Battery Energy]89.06
2020-02-08_13:25:12.516[Status]Routing Start.
2020-02-08_13:25:12.855[Status]{'coordinate': [705.4534121725776, 621.2425872238006], 'id': 11}
2020-02-08_13:25:12.855[Status]Routing 74: Walk: 69
2020-02-08_13:25:12.956[Battery Energy]88.72
2020-02-08_13:25:12.956[Status]Routing Start.
2020-02-08_13:25:13.272[Status]{'coordinate': [714.8223022040643, 624.7388566038557], 'id': 11}
2020-02-08_13:25:13.273[Status]Routing 75: Walk: 70
2020-02-08_13:25:13.375[Battery Energy]88.40
2020-02-08_13:25:13.375[Status]Routing Start.
2020-02-08_13:25:13.675[Status]{'coordinate': [724.191192235551, 628.2351259839107], 'id': 11}
2020-02-08_13:25:13.675[Status]Routing 76: Walk: 71
2020-02-08_13:25:13.782[Battery Energy]88.15
2020-02-08_13:25:13.782[Status]Routing Start.
2020-02-08_13:25:14.066[Status]{'coordinate': [733.5600822670376, 631.7313953639658], 'id': 11}
2020-02-08_13:25:14.067[Status]Routing 77: Walk: 72
2020-02-08_13:25:14.174[Battery Energy]87.84
2020-02-08_13:25:14.174[Status]Routing Start.
2020-02-08_13:25:14.342[Status]{'coordinate': [742.9289722985243, 635.2276647440209], 'id': 11}
2020-02-08_13:25:14.342[Status]Routing 78: Walk: 73
2020-02-08_13:25:14.446[Battery Energy]87.63
2020-02-08_13:25:14.446[Status]Routing Start.
2020-02-08_13:25:14.727[Status]{'coordinate': [752.297862330011, 638.723934124076], 'id': 11}
2020-02-08_13:25:14.728[Status]Routing 79: Walk: 74
2020-02-08_13:25:14.830[Battery Energy]87.35
2020-02-08_13:25:14.830[Status]Routing Start.
2020-02-08_13:25:15.137[Status]{'coordinate': [761.6667523614976, 642.2202035041311], 'id': 11}
2020-02-08_13:25:15.137[Status]Routing 80: Walk: 75
2020-02-08_13:25:15.238[Battery Energy]87.08
2020-02-08_13:25:15.238[Status]Routing Start.
2020-02-08_13:25:15.539[Status]{'coordinate': [771.0356423929843, 645.7164728841861], 'id': 11}
2020-02-08_13:25:15.539[Status]Routing 81: Walk: 76
2020-02-08_13:25:15.639[Battery Energy]86.79
2020-02-08_13:25:15.639[Status]Routing Start.
2020-02-08_13:25:15.971[Status]{'coordinate': [780.404532424471, 649.2127422642412], 'id': 11}
2020-02-08_13:25:15.972[Status]Routing 82: Walk: 77
2020-02-08_13:25:16.072[Battery Energy]86.46
2020-02-08_13:25:16.072[Status]Routing Start.
2020-02-08_13:25:16.395[Status]{'coordinate': [789.7734224559576, 652.7090116442963], 'id': 11}
2020-02-08_13:25:16.395[Status]Routing 83: Walk: 78
2020-02-08_13:25:16.506[Battery Energy]86.11
2020-02-08_13:25:16.506[Status]Routing Start.
2020-02-08_13:25:16.831[Status]{'coordinate': [799.1423124874443, 656.2052810243514], 'id': 11}
2020-02-08_13:25:16.831[Status]Routing 84: Walk: 79
2020-02-08_13:25:16.933[Battery Energy]85.77
2020-02-08_13:25:16.933[Status]Routing Start.
2020-02-08_13:25:17.305[Status]{'coordinate': [808.511202518931, 659.7015504044065], 'id': 11}
2020-02-08_13:25:17.305[Status]Routing 85: Walk: 80
2020-02-08_13:25:17.406[Battery Energy]85.48
2020-02-08_13:25:17.406[Status]Routing Start.
2020-02-08_13:25:17.704[Status]{'coordinate': [817.8800925504177, 663.1978197844616], 'id': 11}
2020-02-08_13:25:17.704[Status]Routing 86: Walk: 81
2020-02-08_13:25:17.805[Battery Energy]85.17
2020-02-08_13:25:17.805[Status]Routing Start.
2020-02-08_13:25:17.978[Status]{'coordinate': [827.2489825819043, 666.6940891645166], 'id': 11}
2020-02-08_13:25:17.978[Status]Routing 87: Walk: 82
2020-02-08_13:25:18.101[Battery Energy]84.93
2020-02-08_13:25:18.101[Status]Routing Start.
2020-02-08_13:25:18.385[Status]{'coordinate': [836.617872613391, 670.1903585445717], 'id': 11}
2020-02-08_13:25:18.385[Status]Routing 88: Walk: 83
2020-02-08_13:25:18.487[Battery Energy]84.64
2020-02-08_13:25:18.487[Status]Routing Start.
2020-02-08_13:25:18.724[Status]{'coordinate': [845.9867626448777, 673.6866279246268], 'id': 11}
2020-02-08_13:25:18.725[Status]Routing 89: Walk: 84
2020-02-08_13:25:18.825[Battery Energy]84.36
2020-02-08_13:25:18.825[Status]Routing Start.
2020-02-08_13:25:19.126[Status]{'coordinate': [855.3556526763643, 677.1828973046819], 'id': 11}
2020-02-08_13:25:19.126[Status]Routing 90: Walk: 85
2020-02-08_13:25:19.230[Battery Energy]84.06
2020-02-08_13:25:19.230[Status]Routing Start.
2020-02-08_13:25:19.545[Status]{'coordinate': [864.724542707851, 680.679166684737], 'id': 11}
2020-02-08_13:25:19.545[Status]Routing 91: Walk: 86
2020-02-08_13:25:19.645[Battery Energy]83.76
2020-02-08_13:25:19.645[Status]Routing Start.
2020-02-08_13:25:19.955[Status]{'coordinate': [874.0934327393377, 684.175436064792], 'id': 11}
2020-02-08_13:25:19.955[Status]Routing 92: Walk: 87
2020-02-08_13:25:20.056[Battery Energy]83.47
2020-02-08_13:25:20.056[Status]Routing Start.
2020-02-08_13:25:20.204[Status]{'coordinate': [883.4623227708244, 687.6717054448471], 'id': 11}
2020-02-08_13:25:20.208[Status]Routing 93: Walk: 88
2020-02-08_13:25:20.322[Battery Energy]83.24
2020-02-08_13:25:20.322[Status]Routing Start.
2020-02-08_13:25:20.479[Status]{'coordinate': [892.831212802311, 691.1679748249022], 'id': 11}
2020-02-08_13:25:20.479[Status]Routing 94: Walk: 89
2020-02-08_13:25:20.579[Battery Energy]83.04
2020-02-08_13:25:20.579[Status]Routing Start.
2020-02-08_13:25:20.760[Status]{'coordinate': [902.2001028337977, 694.6642442049573], 'id': 11}
2020-02-08_13:25:20.760[Status]Routing 95: Walk: 90
2020-02-08_13:25:20.866[Battery Energy]82.82
2020-02-08_13:25:20.866[Status]Routing Start.
2020-02-08_13:25:21.004[Status]{'coordinate': [911.5689928652844, 698.1605135850124], 'id': 11}
2020-02-08_13:25:21.004[Status]Routing 96: Walk: 91
2020-02-08_13:25:21.104[Battery Energy]82.62
2020-02-08_13:25:21.104[Status]Routing Start.
2020-02-08_13:25:21.552[Status]Routing 97: Walk: 91
2020-02-08_13:25:21.653[Battery Energy]82.25
2020-02-08_13:25:21.653[Status]Routing Start.
2020-02-08_13:25:21.805[Status]{'coordinate': [920.937882896771, 701.6567829650675], 'id': 11}
2020-02-08_13:25:21.805[Status]Routing 98: Walk: 92
2020-02-08_13:25:21.914[Battery Energy]82.03
2020-02-08_13:25:21.914[Status]Routing Start.
2020-02-08_13:25:22.069[Status]{'coordinate': [930.3067729282577, 705.1530523451225], 'id': 11}
2020-02-08_13:25:22.069[Status]Routing 99: Walk: 93
2020-02-08_13:25:22.181[Battery Energy]81.81
2020-02-08_13:25:22.181[Status]Routing Start.
2020-02-08_13:25:22.528[Status]{'coordinate': [939.6756629597444, 708.6493217251775], 'id': 11}
2020-02-08_13:25:22.529[Status]Routing 100: Walk: 94
2020-02-08_13:25:22.629[Battery Energy]81.49
2020-02-08_13:25:22.629[Status]Routing Start.
2020-02-08_13:25:23.148[Status]Routing 101: Walk: 94
2020-02-08_13:25:23.248[Battery Energy]81.03
2020-02-08_13:25:23.248[Status]Routing Start.
2020-02-08_13:25:23.423[Status]{'coordinate': [949.0445529912311, 712.1455911052326], 'id': 11}
2020-02-08_13:25:23.423[Status]Routing 102: Walk: 95
2020-02-08_13:25:23.538[Battery Energy]80.80
2020-02-08_13:25:23.538[Status]Routing Start.
2020-02-08_13:25:23.886[Status]{'coordinate': [958.4134430227177, 715.6418604852877], 'id': 11}
2020-02-08_13:25:23.886[Status]Routing 103: Walk: 96
2020-02-08_13:25:23.986[Battery Energy]80.52
2020-02-08_13:25:23.986[Status]Routing Start.
2020-02-08_13:25:24.116[Status]{'coordinate': [967.7823330542044, 719.1381298653426], 'id': 11}
2020-02-08_13:25:24.116[Status]Routing 104: Walk: 97
2020-02-08_13:25:24.226[Battery Energy]80.32
2020-02-08_13:25:24.226[Status]Routing Start.
2020-02-08_13:25:24.531[Status]Routing 105: Walk: 97
2020-02-08_13:25:24.631[Battery Energy]80.04
2020-02-08_13:25:24.631[Status]Routing Start.
2020-02-08_13:25:24.783[Status]{'coordinate': [977.1512230856911, 722.6343992453977], 'id': 11}
2020-02-08_13:25:24.783[Status]Routing 106: Walk: 98
2020-02-08_13:25:24.894[Battery Energy]79.82
2020-02-08_13:25:24.894[Status]Routing Start.
2020-02-08_13:25:25.050[Status]{'coordinate': [986.5201131171777, 726.1306686254527], 'id': 11}
2020-02-08_13:25:25.050[Status]Routing 107: Walk: 99
2020-02-08_13:25:25.162[Battery Energy]79.59
2020-02-08_13:25:25.162[Status]Routing Start.
2020-02-08_13:25:25.483[Status]Routing 108: Walk: 99
2020-02-08_13:25:25.583[Battery Energy]79.29
2020-02-08_13:25:25.583[Status]Routing Start.
2020-02-08_13:25:25.717[Status]{'coordinate': [995.8890031486644, 729.6269380055078], 'id': 11}
2020-02-08_13:25:25.717[Status]Routing 109: Walk: 100
2020-02-08_13:25:25.822[Battery Energy]79.09
2020-02-08_13:25:25.822[Status]Routing Start.
2020-02-08_13:25:26.111[Status]Routing 110: Walk: 100
2020-02-08_13:25:26.211[Battery Energy]78.81
2020-02-08_13:25:26.212[Status]Routing Start.
2020-02-08_13:25:26.581[Status]Routing 111: Walk: 100
2020-02-08_13:25:26.682[Battery Energy]78.43
2020-02-08_13:25:26.682[Status]Routing Start.
2020-02-08_13:25:26.990[Status]Routing 112: Walk: 100
2020-02-08_13:25:27.091[Battery Energy]78.13
2020-02-08_13:25:27.091[Status]Routing Start.
2020-02-08_13:25:27.507[Status]Routing 113: Walk: 100
2020-02-08_13:25:27.608[Battery Energy]77.82
2020-02-08_13:25:27.608[Status]Routing Start.
2020-02-08_13:25:27.768[Status]{'coordinate': [1005.2578931801511, 733.1232073855629], 'id': 11}
2020-02-08_13:25:27.768[Status]Routing 114: Walk: 101
2020-02-08_13:25:27.877[Battery Energy]77.60
2020-02-08_13:25:27.878[Status]Routing Start.
2020-02-08_13:25:28.009[Status]{'coordinate': [1014.6267832116378, 736.6194767656178], 'id': 11}
2020-02-08_13:25:28.009[Status]Routing 115: Walk: 102
2020-02-08_13:25:28.122[Battery Energy]77.40
2020-02-08_13:25:28.122[Status]Routing Start.
2020-02-08_13:25:28.278[Status]{'coordinate': [1023.9956732431244, 740.1157461456729], 'id': 11}
2020-02-08_13:25:28.281[Status]Routing 116: Walk: 103
2020-02-08_13:25:28.395[Battery Energy]77.17
2020-02-08_13:25:28.396[Status]Routing Start.
2020-02-08_13:25:28.529[Status]{'coordinate': [1033.364563274611, 743.612015525728], 'id': 11}
2020-02-08_13:25:28.529[Status]Routing 117: Walk: 104
2020-02-08_13:25:28.630[Battery Energy]76.98
2020-02-08_13:25:28.630[Status]Routing Start.
2020-02-08_13:25:28.783[Status]{'coordinate': [1042.7334533060978, 747.108284905783], 'id': 11}
2020-02-08_13:25:28.783[Status]Routing 118: Walk: 105
2020-02-08_13:25:28.883[Battery Energy]76.77
2020-02-08_13:25:28.883[Status]Routing Start.
2020-02-08_13:25:29.040[Status]{'coordinate': [1052.1023433375844, 750.604554285838], 'id': 11}
2020-02-08_13:25:29.041[Status]Routing 119: Walk: 106
2020-02-08_13:25:29.143[Battery Energy]76.59
2020-02-08_13:25:29.143[Status]Routing Start.
2020-02-08_13:25:29.320[Status]{'coordinate': [1061.4712333690711, 754.100823665893], 'id': 11}
2020-02-08_13:25:29.320[Status]Routing 120: Walk: 107
2020-02-08_13:25:29.423[Battery Energy]76.37
2020-02-08_13:25:29.423[Status]Routing Start.
2020-02-08_13:25:29.663[Status]{'coordinate': [1070.8401234005578, 757.5970930459481], 'id': 11}
2020-02-08_13:25:29.663[Status]Routing 121: Walk: 108
2020-02-08_13:25:29.765[Battery Energy]76.08
2020-02-08_13:25:29.765[Status]Routing Start.
2020-02-08_13:25:30.105[Status]{'coordinate': [1071.7596154044995, 767.5547300374581], 'id': 11}
2020-02-08_13:25:30.105[Status]Routing 122: Walk: 109
2020-02-08_13:25:30.205[Battery Energy]75.69
2020-02-08_13:25:30.205[Status]Routing Start.
2020-02-08_13:25:30.334[Status]{'coordinate': [1081.3830693865707, 770.2730260947257], 'id': 11}
2020-02-08_13:25:30.334[Status]Routing 123: Walk: 110
2020-02-08_13:25:30.442[Battery Energy]75.49
2020-02-08_13:25:30.442[Status]Routing Start.
2020-02-08_13:25:30.570[Status]{'coordinate': [1091.0065233686419, 772.9913221519932], 'id': 11}
2020-02-08_13:25:30.570[Status]Routing 124: Walk: 111
2020-02-08_13:25:30.670[Battery Energy]75.28
2020-02-08_13:25:30.670[Status]Routing Start.
2020-02-08_13:25:30.995[Status]{'coordinate': [1100.629977350713, 775.7096182092608], 'id': 11}
2020-02-08_13:25:30.995[Status]Routing 125: Walk: 112
2020-02-08_13:25:31.096[Battery Energy]74.94
2020-02-08_13:25:31.096[Status]Routing Start.
2020-02-08_13:25:31.423[Status]{'coordinate': [1110.2534313327842, 778.4279142665284], 'id': 11}
2020-02-08_13:25:31.423[Status]Routing 126: Walk: 113
2020-02-08_13:25:31.523[Battery Energy]74.63
2020-02-08_13:25:31.523[Status]Routing Start.
2020-02-08_13:25:31.858[Status]{'coordinate': [1119.8768853148554, 781.146210323796], 'id': 11}
2020-02-08_13:25:31.858[Status]Routing 127: Walk: 114
2020-02-08_13:25:31.961[Battery Energy]74.27
2020-02-08_13:25:31.962[Status]Routing Start.
2020-02-08_13:25:32.319[Status]{'coordinate': [1129.5003392969265, 783.8645063810636], 'id': 11}
2020-02-08_13:25:32.320[Status]Routing 128: Walk: 115
2020-02-08_13:25:32.430[Battery Energy]73.91
2020-02-08_13:25:32.430[Status]Routing Start.
2020-02-08_13:25:32.565[Status]{'coordinate': [1139.1237932789977, 786.5828024383312], 'id': 11}
2020-02-08_13:25:32.565[Status]Routing 129: Walk: 116
2020-02-08_13:25:32.665[Battery Energy]73.70
2020-02-08_13:25:32.666[Status]Routing Start.
2020-02-08_13:25:32.995[Status]{'coordinate': [1148.7472472610689, 789.3010984955988], 'id': 11}
2020-02-08_13:25:32.995[Status]Routing 130: Walk: 117
2020-02-08_13:25:33.118[Battery Energy]73.39
2020-02-08_13:25:33.118[Status]Routing Start.
2020-02-08_13:25:33.471[Status]{'coordinate': [1158.3707012431403, 792.0193945528664], 'id': 11}
2020-02-08_13:25:33.471[Status]Routing 131: Walk: 118
2020-02-08_13:25:33.578[Battery Energy]73.04
2020-02-08_13:25:33.578[Status]Routing Start.
2020-02-08_13:25:33.888[Status]{'coordinate': [1167.9941552252117, 794.7376906101339], 'id': 11}
2020-02-08_13:25:33.888[Status]Routing 132: Walk: 119
2020-02-08_13:25:34.002[Battery Energy]72.69
2020-02-08_13:25:34.002[Status]Routing Start.
2020-02-08_13:25:34.002[Status]Task Finished.
2020-02-08_13:25:34.102[Battery Energy]72.69
2020-02-08_13:25:34.329[Status]Routing 134: Walk: 119
2020-02-08_13:25:34.429[Battery Energy]72.53
2020-02-08_13:25:34.606[Status]Routing 135: Walk: 119
2020-02-08_13:25:34.710[Battery Energy]72.39
2020-02-08_13:25:34.992[Status]Routing 136: Walk: 119
2020-02-08_13:25:35.092[Battery Energy]72.25
2020-02-08_13:25:35.230[Status]Routing 137: Walk: 119
2020-02-08_13:25:35.345[Battery Energy]72.14
2020-02-08_13:25:35.487[Status]Routing 138: Walk: 119
2020-02-08_13:25:35.590[Battery Energy]72.06
2020-02-08_13:25:35.770[Status]Routing 139: Walk: 119
2020-02-08_13:25:35.872[Battery Energy]71.94
2020-02-08_13:25:36.046[Status]Routing 140: Walk: 119
2020-02-08_13:25:36.162[Battery Energy]71.85
2020-02-08_13:25:36.339[Status]Routing 141: Walk: 119
2020-02-08_13:25:36.450[Battery Energy]71.72
2020-02-08_13:25:36.679[Status]Routing 142: Walk: 119
2020-02-08_13:25:36.790[Battery Energy]71.54
2020-02-08_13:25:36.924[Status]Routing 143: Walk: 119
2020-02-08_13:25:37.024[Battery Energy]71.43
2020-02-08_13:25:37.182[Status]Routing 144: Walk: 119
2020-02-08_13:25:37.298[Battery Energy]71.32
2020-02-08_13:25:37.532[Status]Routing 145: Walk: 119
2020-02-08_13:25:37.646[Battery Energy]71.15
2020-02-08_13:25:37.890[Status]Routing 146: Walk: 119
2020-02-08_13:25:37.990[Battery Energy]70.99
2020-02-08_13:25:38.176[Status]Routing 147: Walk: 119
2020-02-08_13:25:38.282[Battery Energy]70.87
2020-02-08_13:25:38.413[Status]Routing 148: Walk: 119
2020-02-08_13:25:38.519[Battery Energy]70.77
2020-02-08_13:25:38.642[Status]Routing 149: Walk: 119
2020-02-08_13:25:38.762[Battery Energy]70.69
2020-02-08_13:25:38.885[Status]Routing 150: Walk: 119
2020-02-08_13:25:38.985[Battery Energy]70.59
2020-02-08_13:25:39.137[Status]Routing 151: Walk: 119
2020-02-08_13:25:39.246[Battery Energy]70.46
2020-02-08_13:25:39.386[Status]Routing 152: Walk: 119
2020-02-08_13:25:39.510[Battery Energy]70.34
2020-02-08_13:25:39.652[Status]Routing 153: Walk: 119
2020-02-08_13:25:39.766[Battery Energy]70.25
2020-02-08_13:25:39.898[Status]Routing 154: Walk: 119
2020-02-08_13:25:40.002[Battery Energy]70.16
2020-02-08_13:25:40.171[Status]Routing 155: Walk: 119
2020-02-08_13:25:40.271[Battery Energy]70.05
2020-02-08_13:25:40.421[Status]Routing 156: Walk: 119
2020-02-08_13:25:40.522[Battery Energy]69.94
2020-02-08_13:25:40.701[Status]Routing 157: Walk: 119
2020-02-08_13:25:40.826[Battery Energy]69.82
2020-02-08_13:25:40.963[Status]Routing 158: Walk: 119
2020-02-08_13:25:41.063[Battery Energy]69.71
2020-02-08_13:25:41.230[Status]Routing 159: Walk: 119
2020-02-08_13:25:41.330[Battery Energy]69.58
2020-02-08_13:25:41.485[Status]Routing 160: Walk: 119
2020-02-08_13:25:41.600[Battery Energy]69.49
2020-02-08_13:25:41.743[Status]Routing 161: Walk: 119
2020-02-08_13:25:41.858[Battery Energy]69.38
2020-02-08_13:25:42.008[Status]Routing 162: Walk: 119
2020-02-08_13:25:42.108[Battery Energy]69.27
2020-02-08_13:25:42.298[Status]Routing 163: Walk: 119
2020-02-08_13:25:42.410[Battery Energy]69.13
2020-02-08_13:25:42.568[Status]Routing 164: Walk: 119
2020-02-08_13:25:42.670[Battery Energy]69.03
2020-02-08_13:25:42.836[Status]Routing 165: Walk: 119
2020-02-08_13:25:42.942[Battery Energy]68.94
2020-02-08_13:25:43.124[Status]Routing 166: Walk: 119
2020-02-08_13:25:43.230[Battery Energy]68.80
2020-02-08_13:25:43.397[Status]Routing 167: Walk: 119
2020-02-08_13:25:43.505[Battery Energy]68.68
2020-02-08_13:25:43.632[Status]Routing 168: Walk: 119
2020-02-08_13:25:43.733[Battery Energy]68.58
2020-02-08_13:25:43.884[Status]Routing 169: Walk: 119
2020-02-08_13:25:43.985[Battery Energy]68.49
2020-02-08_13:25:44.173[Status]Routing 170: Walk: 119
2020-02-08_13:25:44.278[Battery Energy]68.35
2020-02-08_13:25:44.452[Status]Routing 171: Walk: 119
2020-02-08_13:25:44.590[Battery Energy]68.22
2020-02-08_13:25:44.738[Status]Routing 172: Walk: 119
2020-02-08_13:25:44.840[Battery Energy]68.09
2020-02-08_13:25:45.015[Status]Routing 173: Walk: 119
2020-02-08_13:25:45.118[Battery Energy]67.96
2020-02-08_13:25:45.284[Status]Routing 174: Walk: 119
2020-02-08_13:25:45.385[Battery Energy]67.83
2020-02-08_13:25:45.530[Status]Routing 175: Walk: 119
2020-02-08_13:25:45.630[Battery Energy]67.71
2020-02-08_13:25:45.842[Status]Routing 176: Walk: 119
2020-02-08_13:25:45.946[Battery Energy]67.56
2020-02-08_13:25:46.093[Status]Routing 177: Walk: 119
2020-02-08_13:25:46.201[Battery Energy]67.45
2020-02-08_13:25:46.361[Status]Routing 178: Walk: 119
2020-02-08_13:25:46.461[Battery Energy]67.34
2020-02-08_13:25:46.608[Status]Routing 179: Walk: 119
2020-02-08_13:25:46.716[Battery Energy]67.24
2020-02-08_13:25:46.871[Status]Routing 180: Walk: 119
2020-02-08_13:25:46.972[Battery Energy]67.12
2020-02-08_13:25:47.110[Status]Routing 181: Walk: 119
2020-02-08_13:25:47.210[Battery Energy]67.02
2020-02-08_13:25:47.357[Status]Routing 182: Walk: 119
2020-02-08_13:25:47.478[Battery Energy]66.93
2020-02-08_13:25:47.629[Status]Routing 183: Walk: 119
2020-02-08_13:25:47.730[Battery Energy]66.81
2020-02-08_13:25:47.893[Status]Routing 184: Walk: 119
2020-02-08_13:25:48.001[Battery Energy]66.71
2020-02-08_13:25:48.151[Status]Routing 185: Walk: 119
2020-02-08_13:25:48.251[Battery Energy]66.60
2020-02-08_13:25:48.426[Status]Routing 186: Walk: 119
2020-02-08_13:25:48.527[Battery Energy]66.49
2020-02-08_13:25:48.723[Status]Routing 187: Walk: 119
2020-02-08_13:25:48.823[Battery Energy]66.36
2020-02-08_13:25:48.965[Status]Routing 188: Walk: 119
2020-02-08_13:25:49.065[Battery Energy]66.25
