2020-02-08_12:20:29.068[Status]Start.
2020-02-08_12:20:29.069[Battery Energy]75.00
2020-02-08_12:20:30.173[Battery Energy]74.96
2020-02-08_12:20:31.274[Battery Energy]74.92
2020-02-08_12:20:32.374[Battery Energy]74.88
2020-02-08_12:20:33.475[Battery Energy]74.84
2020-02-08_12:20:34.576[Task]A New Task Released.
2020-02-08_12:20:34.576[Battery Energy]74.80
2020-02-08_12:20:34.576[Status]Selection Start.
2020-02-08_12:20:39.033[Status]Selection End: Do Task 1.
2020-02-08_12:20:39.162[Battery Energy]71.81
2020-02-08_12:20:39.162[Status]Formation Start.
2020-02-08_12:20:39.299[Status]number of tasks is 7
2020-02-08_12:20:39.305[Status]my group tasks is [ 1300.   700.]
2020-02-08_12:20:39.310[Status]my group tasks is [ 1262.34898019   778.18314825]
2020-02-08_12:20:39.311[Status]my group tasks is [ 1177.7479066    797.49279122]
2020-02-08_12:20:39.312[Status]my group tasks is [ 1109.90311321   743.38837391]
2020-02-08_12:20:39.312[Status]my group tasks is [ 1109.90311321   656.61162609]
2020-02-08_12:20:39.313[Status]my group tasks is [ 1177.7479066    602.50720878]
2020-02-08_12:20:39.313[Status]my group tasks is [ 1262.34898019   621.81685175]
2020-02-08_12:20:39.374[Status]mygroup_robots_utility is {7: [32.2918044365551, 17.327707119099202, 18.673387642292365, 35.133617272540995, 31.02608665385033, 18.795939953300852, 15.982198946779915], 8: [16.18075024434686, 17.392358891111186, 14.945534172708678, 16.24531190920084, 17.42529172297273, 29.802290359145406, 14.408386069590257], 9: [16.276659886287614, 17.08316935060274, 14.938583854154968, 17.325247641934368, 29.221543089794817, 14.268184181363821, 15.80090784165605], 10: [16.018348836254752, 17.86436765896997, 34.795358128122174, 14.70214783030748, 16.93829675756464, 14.895117304164096, 15.530646689327297], 11: [16.44573154923073, 33.73287014711585, 14.652596387855526, 31.960785667070706, 13.879734910899913, 14.076493862751056, 15.148684071289512], 12: [16.290457279186807, 17.44439704660042, 34.72280878975264, 14.864937845518794, 16.12772695197738, 28.8127426943456, 14.976840738220359], 13: [16.668993279105063, 17.2895516827285, 30.34762677261172, 33.084146023715064, 28.523936836617462, 14.315305564966629, 15.308593595243655]}
2020-02-08_12:20:39.374[Status]self.local_queue is [7, 8, 9, 10, 11, 12, 13]
2020-02-08_12:20:39.374[Status]task_chosen index is 3
2020-02-08_12:20:39.374[Status]task_chosen index is 5
2020-02-08_12:20:39.374[Status]task_chosen index is 4
2020-02-08_12:20:39.374[Status]myindex_in_queue is 4
2020-02-08_12:20:39.374[Status]task destination is [1109.903113209758, 656.6116260882442]
2020-02-08_12:20:39.498[Battery Energy]71.63
2020-02-08_12:20:39.498[Status]Routing Start.
2020-02-08_12:20:39.641[Status]{'coordinate': [67.92494228389309, 528.2229148218053], 'id': 9}
2020-02-08_12:20:39.641[Status]Routing 1: Walk: 1
2020-02-08_12:20:39.741[Battery Energy]71.42
2020-02-08_12:20:39.741[Status]Routing Start.
2020-02-08_12:20:39.908[Status]{'coordinate': [77.84988456778618, 529.4458296436105], 'id': 9}
2020-02-08_12:20:39.908[Status]Routing 2: Walk: 2
2020-02-08_12:20:40.014[Battery Energy]71.22
2020-02-08_12:20:40.014[Status]Routing Start.
2020-02-08_12:20:40.185[Status]{'coordinate': [87.77482685167926, 530.6687444654158], 'id': 9}
2020-02-08_12:20:40.185[Status]Routing 3: Walk: 3
2020-02-08_12:20:40.292[Battery Energy]70.97
2020-02-08_12:20:40.292[Status]Routing Start.
2020-02-08_12:20:40.447[Status]{'coordinate': [97.69976913557235, 531.891659287221], 'id': 9}
2020-02-08_12:20:40.447[Status]Routing 4: Walk: 4
2020-02-08_12:20:40.554[Battery Energy]70.75
2020-02-08_12:20:40.554[Status]Routing Start.
2020-02-08_12:20:40.697[Status]{'coordinate': [107.62471141946544, 533.1145741090263], 'id': 9}
2020-02-08_12:20:40.698[Status]Routing 5: Walk: 5
2020-02-08_12:20:40.814[Battery Energy]70.53
2020-02-08_12:20:40.814[Status]Routing Start.
2020-02-08_12:20:40.937[Status]{'coordinate': [117.54965370335853, 534.3374889308316], 'id': 9}
2020-02-08_12:20:40.937[Status]Routing 6: Walk: 6
2020-02-08_12:20:41.045[Battery Energy]70.34
2020-02-08_12:20:41.045[Status]Routing Start.
2020-02-08_12:20:41.385[Status]{'coordinate': [127.47459598725162, 535.5604037526368], 'id': 9}
2020-02-08_12:20:41.386[Status]Routing 7: Walk: 7
2020-02-08_12:20:41.487[Battery Energy]69.99
2020-02-08_12:20:41.487[Status]Routing Start.
2020-02-08_12:20:41.778[Status]{'coordinate': [137.3995382711447, 536.7833185744421], 'id': 9}
2020-02-08_12:20:41.778[Status]Routing 8: Walk: 8
2020-02-08_12:20:41.879[Battery Energy]69.71
2020-02-08_12:20:41.879[Status]Routing Start.
2020-02-08_12:20:42.211[Status]{'coordinate': [147.32448055503778, 538.0062333962474], 'id': 9}
2020-02-08_12:20:42.212[Status]Routing 9: Walk: 9
2020-02-08_12:20:42.318[Battery Energy]69.37
2020-02-08_12:20:42.318[Status]Routing Start.
2020-02-08_12:20:42.621[Status]{'coordinate': [157.24942283893085, 539.2291482180526], 'id': 9}
2020-02-08_12:20:42.622[Status]Routing 10: Walk: 10
2020-02-08_12:20:42.722[Battery Energy]69.07
2020-02-08_12:20:42.722[Status]Routing Start.
2020-02-08_12:20:43.031[Status]{'coordinate': [167.17436512282393, 540.4520630398579], 'id': 9}
2020-02-08_12:20:43.031[Status]Routing 11: Walk: 11
2020-02-08_12:20:43.131[Battery Energy]68.74
2020-02-08_12:20:43.131[Status]Routing Start.
2020-02-08_12:20:43.461[Status]{'coordinate': [177.099307406717, 541.6749778616631], 'id': 9}
2020-02-08_12:20:43.463[Status]Routing 12: Walk: 12
2020-02-08_12:20:43.566[Battery Energy]68.37
2020-02-08_12:20:43.566[Status]Routing Start.
2020-02-08_12:20:44.085[Status]{'coordinate': [187.02424969061008, 542.8978926834684], 'id': 9}
2020-02-08_12:20:44.085[Status]Routing 13: Walk: 13
2020-02-08_12:20:44.186[Battery Energy]67.89
2020-02-08_12:20:44.186[Status]Routing Start.
2020-02-08_12:20:44.529[Status]{'coordinate': [196.94919197450315, 544.1208075052737], 'id': 9}
2020-02-08_12:20:44.530[Status]Routing 14: Walk: 14
2020-02-08_12:20:44.630[Battery Energy]67.50
2020-02-08_12:20:44.630[Status]Routing Start.
2020-02-08_12:20:44.823[Status]{'coordinate': [206.87413425839623, 545.3437223270789], 'id': 9}
2020-02-08_12:20:44.823[Status]Routing 15: Walk: 15
2020-02-08_12:20:44.923[Battery Energy]67.27
2020-02-08_12:20:44.923[Status]Routing Start.
2020-02-08_12:20:45.402[Status]{'coordinate': [211.24264604017384, 554.3390602758427], 'id': 9}
2020-02-08_12:20:45.402[Status]Routing 16: Walk: 16
2020-02-08_12:20:45.502[Battery Energy]66.85
2020-02-08_12:20:45.502[Status]Routing Start.
2020-02-08_12:20:45.826[Status]{'coordinate': [221.1785098393773, 555.46981690911], 'id': 9}
2020-02-08_12:20:45.826[Status]Routing 17: Walk: 17
2020-02-08_12:20:45.926[Battery Energy]66.44
2020-02-08_12:20:45.926[Status]Routing Start.
2020-02-08_12:20:46.070[Status]{'coordinate': [231.1143736385808, 556.6005735423773], 'id': 9}
2020-02-08_12:20:46.071[Status]Routing 18: Walk: 18
2020-02-08_12:20:46.171[Battery Energy]66.24
2020-02-08_12:20:46.172[Status]Routing Start.
2020-02-08_12:20:46.458[Status]{'coordinate': [241.05023743778426, 557.7313301756446], 'id': 9}
2020-02-08_12:20:46.459[Status]Routing 19: Walk: 19
2020-02-08_12:20:46.559[Battery Energy]65.90
2020-02-08_12:20:46.559[Status]Routing Start.
2020-02-08_12:20:46.972[Status]{'coordinate': [250.98610123698774, 558.862086808912], 'id': 9}
2020-02-08_12:20:46.972[Status]Routing 20: Walk: 20
2020-02-08_12:20:47.073[Battery Energy]65.47
2020-02-08_12:20:47.073[Status]Routing Start.
2020-02-08_12:20:47.379[Status]{'coordinate': [260.9219650361912, 559.9928434421793], 'id': 9}
2020-02-08_12:20:47.382[Status]Routing 21: Walk: 21
2020-02-08_12:20:47.486[Battery Energy]65.12
2020-02-08_12:20:47.486[Status]Routing Start.
2020-02-08_12:20:47.623[Status]{'coordinate': [270.8578288353946, 561.1236000754466], 'id': 9}
2020-02-08_12:20:47.623[Status]Routing 22: Walk: 22
2020-02-08_12:20:47.723[Battery Energy]64.91
2020-02-08_12:20:47.723[Status]Routing Start.
2020-02-08_12:20:48.018[Status]{'coordinate': [280.7936926345981, 562.2543567087139], 'id': 9}
2020-02-08_12:20:48.018[Status]Routing 23: Walk: 23
2020-02-08_12:20:48.126[Battery Energy]64.60
2020-02-08_12:20:48.126[Status]Routing Start.
2020-02-08_12:20:48.488[Status]{'coordinate': [290.7295564338015, 563.3851133419812], 'id': 9}
2020-02-08_12:20:48.488[Status]Routing 24: Walk: 24
2020-02-08_12:20:48.594[Battery Energy]64.23
2020-02-08_12:20:48.594[Status]Routing Start.
2020-02-08_12:20:48.911[Status]{'coordinate': [300.66542023300497, 564.5158699752485], 'id': 9}
2020-02-08_12:20:48.911[Status]Routing 25: Walk: 25
2020-02-08_12:20:49.018[Battery Energy]63.94
2020-02-08_12:20:49.018[Status]Routing Start.
2020-02-08_12:20:49.306[Status]{'coordinate': [310.6012840322084, 565.6466266085158], 'id': 9}
2020-02-08_12:20:49.306[Status]Routing 26: Walk: 26
2020-02-08_12:20:49.409[Battery Energy]63.63
2020-02-08_12:20:49.409[Status]Routing Start.
2020-02-08_12:20:49.751[Status]{'coordinate': [320.53714783141186, 566.7773832417831], 'id': 9}
2020-02-08_12:20:49.753[Status]Routing 27: Walk: 27
2020-02-08_12:20:49.853[Battery Energy]63.32
2020-02-08_12:20:49.853[Status]Routing Start.
2020-02-08_12:20:50.152[Status]{'coordinate': [330.4730116306153, 567.9081398750504], 'id': 9}
2020-02-08_12:20:50.152[Status]Routing 28: Walk: 28
2020-02-08_12:20:50.256[Battery Energy]63.03
2020-02-08_12:20:50.257[Status]Routing Start.
2020-02-08_12:20:50.561[Status]{'coordinate': [340.40887542981875, 569.0388965083177], 'id': 9}
2020-02-08_12:20:50.561[Status]Routing 29: Walk: 29
2020-02-08_12:20:50.661[Battery Energy]62.71
2020-02-08_12:20:50.661[Status]Routing Start.
2020-02-08_12:20:50.815[Status]{'coordinate': [350.3447392290222, 570.1696531415851], 'id': 9}
2020-02-08_12:20:50.815[Status]Routing 30: Walk: 30
2020-02-08_12:20:50.918[Battery Energy]62.49
2020-02-08_12:20:50.918[Status]Routing Start.
2020-02-08_12:20:51.206[Status]{'coordinate': [360.28060302822564, 571.3004097748524], 'id': 9}
2020-02-08_12:20:51.207[Status]Routing 31: Walk: 31
2020-02-08_12:20:51.307[Battery Energy]62.21
2020-02-08_12:20:51.307[Status]Routing Start.
2020-02-08_12:20:51.606[Status]{'coordinate': [370.2164668274291, 572.4311664081197], 'id': 9}
2020-02-08_12:20:51.607[Status]Routing 32: Walk: 32
2020-02-08_12:20:51.713[Battery Energy]61.90
2020-02-08_12:20:51.713[Status]Routing Start.
2020-02-08_12:20:51.865[Status]{'coordinate': [380.15233062663253, 573.561923041387], 'id': 9}
2020-02-08_12:20:51.865[Status]Routing 33: Walk: 33
2020-02-08_12:20:51.965[Battery Energy]61.67
2020-02-08_12:20:51.965[Status]Routing Start.
2020-02-08_12:20:52.290[Status]{'coordinate': [390.088194425836, 574.6926796746543], 'id': 9}
2020-02-08_12:20:52.290[Status]Routing 34: Walk: 34
2020-02-08_12:20:52.394[Battery Energy]61.40
2020-02-08_12:20:52.394[Status]Routing Start.
2020-02-08_12:20:52.734[Status]{'coordinate': [400.0240582250394, 575.8234363079216], 'id': 9}
2020-02-08_12:20:52.735[Status]Routing 35: Walk: 35
2020-02-08_12:20:52.836[Battery Energy]61.08
2020-02-08_12:20:52.836[Status]Routing Start.
2020-02-08_12:20:53.149[Status]{'coordinate': [409.95992202424287, 576.9541929411889], 'id': 9}
2020-02-08_12:20:53.150[Status]Routing 36: Walk: 36
2020-02-08_12:20:53.253[Battery Energy]60.81
2020-02-08_12:20:53.253[Status]Routing Start.
2020-02-08_12:20:53.559[Status]{'coordinate': [419.8957858234463, 578.0849495744562], 'id': 9}
2020-02-08_12:20:53.559[Status]Routing 37: Walk: 37
2020-02-08_12:20:53.659[Battery Energy]60.52
2020-02-08_12:20:53.659[Status]Routing Start.
2020-02-08_12:20:53.822[Status]{'coordinate': [429.83164962264976, 579.2157062077235], 'id': 9}
2020-02-08_12:20:53.822[Status]Routing 38: Walk: 38
2020-02-08_12:20:53.922[Battery Energy]60.30
2020-02-08_12:20:53.922[Status]Routing Start.
2020-02-08_12:20:54.421[Status]{'coordinate': [430.39325352465943, 589.1999238063763], 'id': 9}
2020-02-08_12:20:54.422[Status]Routing 39: Walk: 39
2020-02-08_12:20:54.522[Battery Energy]59.83
2020-02-08_12:20:54.522[Status]Routing Start.
2020-02-08_12:20:54.815[Status]{'coordinate': [426.1215927613983, 598.2416556274168], 'id': 9}
2020-02-08_12:20:54.816[Status]Routing 40: Walk: 40
2020-02-08_12:20:54.917[Battery Energy]59.48
2020-02-08_12:20:54.917[Status]Routing Start.
2020-02-08_12:20:55.234[Status]{'coordinate': [421.3190292387438, 607.0129373815772], 'id': 9}
2020-02-08_12:20:55.237[Status]Routing 41: Walk: 41
2020-02-08_12:20:55.341[Battery Energy]59.10
2020-02-08_12:20:55.341[Status]Routing Start.
2020-02-08_12:20:55.484[Status]{'coordinate': [431.2931881685264, 607.7313757181362], 'id': 9}
2020-02-08_12:20:55.484[Status]Routing 42: Walk: 42
2020-02-08_12:20:55.594[Battery Energy]58.91
2020-02-08_12:20:55.594[Status]Routing Start.
2020-02-08_12:20:55.748[Status]{'coordinate': [441.267347098309, 608.4498140546951], 'id': 9}
2020-02-08_12:20:55.748[Status]Routing 43: Walk: 43
2020-02-08_12:20:55.848[Battery Energy]58.73
2020-02-08_12:20:55.848[Status]Routing Start.
2020-02-08_12:20:56.094[Status]{'coordinate': [451.24150602809164, 609.1682523912541], 'id': 9}
2020-02-08_12:20:56.094[Status]Routing 44: Walk: 44
2020-02-08_12:20:56.210[Battery Energy]58.43
2020-02-08_12:20:56.210[Status]Routing Start.
2020-02-08_12:20:56.356[Status]{'coordinate': [461.21566495787425, 609.8866907278131], 'id': 9}
2020-02-08_12:20:56.356[Status]Routing 45: Walk: 45
2020-02-08_12:20:56.456[Battery Energy]58.20
2020-02-08_12:20:56.456[Status]Routing Start.
2020-02-08_12:20:56.599[Status]{'coordinate': [471.18982388765687, 610.605129064372], 'id': 9}
2020-02-08_12:20:56.599[Status]Routing 46: Walk: 46
2020-02-08_12:20:56.699[Battery Energy]58.01
2020-02-08_12:20:56.699[Status]Routing Start.
2020-02-08_12:20:56.861[Status]{'coordinate': [481.1639828174395, 611.323567400931], 'id': 9}
2020-02-08_12:20:56.861[Status]Routing 47: Walk: 47
2020-02-08_12:20:56.970[Battery Energy]57.79
2020-02-08_12:20:56.970[Status]Routing Start.
2020-02-08_12:20:57.099[Status]{'coordinate': [491.1381417472221, 612.04200573749], 'id': 9}
2020-02-08_12:20:57.099[Status]Routing 48: Walk: 48
2020-02-08_12:20:57.199[Battery Energy]57.60
2020-02-08_12:20:57.200[Status]Routing Start.
2020-02-08_12:20:57.375[Status]{'coordinate': [501.1123006770047, 612.7604440740489], 'id': 9}
2020-02-08_12:20:57.375[Status]Routing 49: Walk: 49
2020-02-08_12:20:57.484[Battery Energy]57.37
2020-02-08_12:20:57.484[Status]Routing Start.
2020-02-08_12:20:57.845[Status]{'coordinate': [511.08645960678734, 613.4788824106079], 'id': 9}
2020-02-08_12:20:57.845[Status]Routing 50: Walk: 50
2020-02-08_12:20:57.945[Battery Energy]57.00
2020-02-08_12:20:57.945[Status]Routing Start.
2020-02-08_12:20:58.106[Status]{'coordinate': [521.06061853657, 614.1973207471668], 'id': 9}
2020-02-08_12:20:58.106[Status]Routing 51: Walk: 51
2020-02-08_12:20:58.207[Battery Energy]56.78
2020-02-08_12:20:58.207[Status]Routing Start.
2020-02-08_12:20:58.374[Status]{'coordinate': [531.0347774663527, 614.9157590837258], 'id': 9}
2020-02-08_12:20:58.374[Status]Routing 52: Walk: 52
2020-02-08_12:20:58.474[Battery Energy]56.57
2020-02-08_12:20:58.474[Status]Routing Start.
2020-02-08_12:20:58.623[Status]{'coordinate': [541.0089363961354, 615.6341974202847], 'id': 9}
2020-02-08_12:20:58.627[Status]Routing 53: Walk: 53
2020-02-08_12:20:58.735[Battery Energy]56.35
2020-02-08_12:20:58.735[Status]Routing Start.
2020-02-08_12:20:59.096[Status]{'coordinate': [550.983095325918, 616.3526357568437], 'id': 9}
2020-02-08_12:20:59.097[Status]Routing 54: Walk: 54
2020-02-08_12:20:59.206[Battery Energy]56.03
2020-02-08_12:20:59.206[Status]Routing Start.
2020-02-08_12:20:59.502[Status]{'coordinate': [560.9572542557007, 617.0710740934027], 'id': 9}
2020-02-08_12:20:59.503[Status]Routing 55: Walk: 55
2020-02-08_12:20:59.606[Battery Energy]55.72
2020-02-08_12:20:59.606[Status]Routing Start.
2020-02-08_12:20:59.793[Status]{'coordinate': [570.9314131854834, 617.7895124299616], 'id': 9}
2020-02-08_12:20:59.793[Status]Routing 56: Walk: 56
2020-02-08_12:20:59.898[Battery Energy]55.50
2020-02-08_12:20:59.898[Status]Routing Start.
2020-02-08_12:21:00.073[Status]{'coordinate': [580.9055721152661, 618.5079507665206], 'id': 9}
2020-02-08_12:21:00.073[Status]Routing 57: Walk: 57
2020-02-08_12:21:00.182[Battery Energy]55.26
2020-02-08_12:21:00.182[Status]Routing Start.
2020-02-08_12:21:00.520[Status]{'coordinate': [590.8797310450487, 619.2263891030796], 'id': 9}
2020-02-08_12:21:00.521[Status]Routing 58: Walk: 58
2020-02-08_12:21:00.629[Battery Energy]54.94
2020-02-08_12:21:00.629[Status]Routing Start.
2020-02-08_12:21:00.980[Status]{'coordinate': [600.8538899748314, 619.9448274396385], 'id': 9}
2020-02-08_12:21:00.980[Status]Routing 59: Walk: 59
2020-02-08_12:21:01.089[Battery Energy]54.62
2020-02-08_12:21:01.089[Status]Routing Start.
2020-02-08_12:21:01.377[Status]{'coordinate': [610.8280489046141, 620.6632657761975], 'id': 9}
2020-02-08_12:21:01.377[Status]Routing 60: Walk: 60
2020-02-08_12:21:01.477[Battery Energy]54.31
2020-02-08_12:21:01.477[Status]Routing Start.
2020-02-08_12:21:01.776[Status]{'coordinate': [620.8022078343968, 621.3817041127564], 'id': 9}
2020-02-08_12:21:01.780[Status]Routing 61: Walk: 61
2020-02-08_12:21:01.880[Battery Energy]54.02
2020-02-08_12:21:01.880[Status]Routing Start.
2020-02-08_12:21:02.210[Status]{'coordinate': [630.7763667641794, 622.1001424493154], 'id': 9}
2020-02-08_12:21:02.210[Status]Routing 62: Walk: 62
2020-02-08_12:21:02.318[Battery Energy]53.69
2020-02-08_12:21:02.318[Status]Routing Start.
2020-02-08_12:21:02.598[Status]{'coordinate': [640.7505256939621, 622.8185807858744], 'id': 9}
2020-02-08_12:21:02.599[Status]Routing 63: Walk: 63
2020-02-08_12:21:02.706[Battery Energy]53.43
2020-02-08_12:21:02.706[Status]Routing Start.
2020-02-08_12:21:02.937[Status]{'coordinate': [650.7246846237448, 623.5370191224333], 'id': 9}
2020-02-08_12:21:02.938[Status]Routing 64: Walk: 64
2020-02-08_12:21:03.039[Battery Energy]53.17
2020-02-08_12:21:03.039[Status]Routing Start.
2020-02-08_12:21:03.190[Status]{'coordinate': [660.6988435535275, 624.2554574589923], 'id': 9}
2020-02-08_12:21:03.190[Status]Routing 65: Walk: 65
2020-02-08_12:21:03.302[Battery Energy]52.96
2020-02-08_12:21:03.302[Status]Routing Start.
2020-02-08_12:21:03.453[Status]{'coordinate': [670.6730024833101, 624.9738957955512], 'id': 9}
2020-02-08_12:21:03.453[Status]Routing 66: Walk: 66
2020-02-08_12:21:03.558[Battery Energy]52.71
2020-02-08_12:21:03.558[Status]Routing Start.
2020-02-08_12:21:04.082[Status]{'coordinate': [669.880447672738, 634.9424391631771], 'id': 9}
2020-02-08_12:21:04.082[Status]Routing 67: Walk: 67
2020-02-08_12:21:04.182[Battery Energy]52.22
2020-02-08_12:21:04.182[Status]Routing Start.
2020-02-08_12:21:04.483[Status]{'coordinate': [665.5552343017846, 643.9586761440759], 'id': 9}
2020-02-08_12:21:04.484[Status]Routing 68: Walk: 68
2020-02-08_12:21:04.584[Battery Energy]51.88
2020-02-08_12:21:04.584[Status]Routing Start.
2020-02-08_12:21:04.744[Status]{'coordinate': [675.5511825451616, 644.2433140117727], 'id': 9}
2020-02-08_12:21:04.744[Status]Routing 69: Walk: 69
2020-02-08_12:21:04.845[Battery Energy]51.68
2020-02-08_12:21:04.845[Status]Routing Start.
2020-02-08_12:21:04.993[Status]{'coordinate': [685.5471307885387, 644.5279518794695], 'id': 9}
2020-02-08_12:21:04.993[Status]Routing 70: Walk: 70
2020-02-08_12:21:05.094[Battery Energy]51.49
2020-02-08_12:21:05.094[Status]Routing Start.
2020-02-08_12:21:05.233[Status]{'coordinate': [695.5430790319157, 644.8125897471663], 'id': 9}
2020-02-08_12:21:05.233[Status]Routing 71: Walk: 71
2020-02-08_12:21:05.342[Battery Energy]51.29
2020-02-08_12:21:05.342[Status]Routing Start.
2020-02-08_12:21:05.482[Status]{'coordinate': [705.5390272752927, 645.0972276148631], 'id': 9}
2020-02-08_12:21:05.482[Status]Routing 72: Walk: 72
2020-02-08_12:21:05.588[Battery Energy]51.07
2020-02-08_12:21:05.588[Status]Routing Start.
2020-02-08_12:21:05.886[Status]{'coordinate': [715.5349755186697, 645.3818654825599], 'id': 9}
2020-02-08_12:21:05.889[Status]Routing 73: Walk: 73
2020-02-08_12:21:06.006[Battery Energy]50.80
2020-02-08_12:21:06.006[Status]Routing Start.
2020-02-08_12:21:06.151[Status]{'coordinate': [725.5309237620468, 645.6665033502567], 'id': 9}
2020-02-08_12:21:06.151[Status]Routing 74: Walk: 74
2020-02-08_12:21:06.252[Battery Energy]50.60
2020-02-08_12:21:06.252[Status]Routing Start.
2020-02-08_12:21:06.401[Status]{'coordinate': [735.5268720054238, 645.9511412179535], 'id': 9}
2020-02-08_12:21:06.401[Status]Routing 75: Walk: 75
2020-02-08_12:21:06.522[Battery Energy]50.41
2020-02-08_12:21:06.522[Status]Routing Start.
2020-02-08_12:21:06.675[Status]{'coordinate': [745.5228202488008, 646.2357790856503], 'id': 9}
2020-02-08_12:21:06.680[Status]Routing 76: Walk: 76
2020-02-08_12:21:06.798[Battery Energy]50.18
2020-02-08_12:21:06.798[Status]Routing Start.
2020-02-08_12:21:06.931[Status]{'coordinate': [755.5187684921779, 646.5204169533471], 'id': 9}
2020-02-08_12:21:06.931[Status]Routing 77: Walk: 77
2020-02-08_12:21:07.031[Battery Energy]49.99
2020-02-08_12:21:07.031[Status]Routing Start.
2020-02-08_12:21:07.414[Status]{'coordinate': [765.5147167355549, 646.8050548210439], 'id': 9}
2020-02-08_12:21:07.414[Status]Routing 78: Walk: 78
2020-02-08_12:21:07.514[Battery Energy]49.62
2020-02-08_12:21:07.514[Status]Routing Start.
2020-02-08_12:21:07.821[Status]{'coordinate': [775.5106649789319, 647.0896926887407], 'id': 9}
2020-02-08_12:21:07.821[Status]Routing 79: Walk: 79
2020-02-08_12:21:07.921[Battery Energy]49.27
2020-02-08_12:21:07.921[Status]Routing Start.
2020-02-08_12:21:08.077[Status]{'coordinate': [785.5066132223089, 647.3743305564375], 'id': 9}
2020-02-08_12:21:08.078[Status]Routing 80: Walk: 80
2020-02-08_12:21:08.178[Battery Energy]49.06
2020-02-08_12:21:08.178[Status]Routing Start.
2020-02-08_12:21:08.327[Status]{'coordinate': [795.502561465686, 647.6589684241343], 'id': 9}
2020-02-08_12:21:08.327[Status]Routing 81: Walk: 81
2020-02-08_12:21:08.430[Battery Energy]48.86
2020-02-08_12:21:08.430[Status]Routing Start.
2020-02-08_12:21:08.575[Status]{'coordinate': [805.498509709063, 647.9436062918311], 'id': 9}
2020-02-08_12:21:08.575[Status]Routing 82: Walk: 82
2020-02-08_12:21:08.675[Battery Energy]48.63
2020-02-08_12:21:08.675[Status]Routing Start.
2020-02-08_12:21:08.880[Status]{'coordinate': [815.49445795244, 648.2282441595279], 'id': 9}
2020-02-08_12:21:08.880[Status]Routing 83: Walk: 83
2020-02-08_12:21:08.980[Battery Energy]48.37
2020-02-08_12:21:08.980[Status]Routing Start.
2020-02-08_12:21:09.144[Status]{'coordinate': [825.4904061958171, 648.5128820272247], 'id': 9}
2020-02-08_12:21:09.144[Status]Routing 84: Walk: 84
2020-02-08_12:21:09.244[Battery Energy]48.17
2020-02-08_12:21:09.244[Status]Routing Start.
2020-02-08_12:21:09.440[Status]{'coordinate': [835.4863544391941, 648.7975198949215], 'id': 9}
2020-02-08_12:21:09.440[Status]Routing 85: Walk: 85
2020-02-08_12:21:09.544[Battery Energy]47.94
2020-02-08_12:21:09.545[Status]Routing Start.
2020-02-08_12:21:09.704[Status]{'coordinate': [845.4823026825711, 649.0821577626183], 'id': 9}
2020-02-08_12:21:09.704[Status]Routing 86: Walk: 86
2020-02-08_12:21:09.804[Battery Energy]47.72
2020-02-08_12:21:09.804[Status]Routing Start.
2020-02-08_12:21:10.146[Status]{'coordinate': [855.4782509259481, 649.366795630315], 'id': 9}
2020-02-08_12:21:10.147[Status]Routing 87: Walk: 87
2020-02-08_12:21:10.250[Battery Energy]47.38
2020-02-08_12:21:10.250[Status]Routing Start.
2020-02-08_12:21:10.548[Status]{'coordinate': [865.4741991693252, 649.6514334980118], 'id': 9}
2020-02-08_12:21:10.548[Status]Routing 88: Walk: 88
2020-02-08_12:21:10.648[Battery Energy]47.09
2020-02-08_12:21:10.648[Status]Routing Start.
2020-02-08_12:21:10.960[Status]{'coordinate': [875.4701474127022, 649.9360713657085], 'id': 9}
2020-02-08_12:21:10.960[Status]Routing 89: Walk: 89
2020-02-08_12:21:11.062[Battery Energy]46.81
2020-02-08_12:21:11.062[Status]Routing Start.
2020-02-08_12:21:11.391[Status]{'coordinate': [885.4660956560792, 650.2207092334053], 'id': 9}
2020-02-08_12:21:11.391[Status]Routing 90: Walk: 90
2020-02-08_12:21:11.491[Battery Energy]46.49
2020-02-08_12:21:11.491[Status]Routing Start.
2020-02-08_12:21:11.651[Status]{'coordinate': [895.4620438994563, 650.505347101102], 'id': 9}
2020-02-08_12:21:11.652[Status]Routing 91: Walk: 91
2020-02-08_12:21:11.757[Battery Energy]46.29
2020-02-08_12:21:11.757[Status]Routing Start.
2020-02-08_12:21:11.920[Status]{'coordinate': [905.4579921428333, 650.7899849687988], 'id': 9}
2020-02-08_12:21:11.920[Status]Routing 92: Walk: 92
2020-02-08_12:21:12.034[Battery Energy]46.08
2020-02-08_12:21:12.034[Status]Routing Start.
2020-02-08_12:21:12.185[Status]{'coordinate': [915.4539403862103, 651.0746228364955], 'id': 9}
2020-02-08_12:21:12.185[Status]Routing 93: Walk: 93
2020-02-08_12:21:12.288[Battery Energy]45.87
2020-02-08_12:21:12.288[Status]Routing Start.
2020-02-08_12:21:12.576[Status]{'coordinate': [925.4498886295873, 651.3592607041923], 'id': 9}
2020-02-08_12:21:12.576[Status]Routing 94: Walk: 94
2020-02-08_12:21:12.690[Battery Energy]45.57
2020-02-08_12:21:12.690[Status]Routing Start.
2020-02-08_12:21:12.848[Status]{'coordinate': [935.4458368729644, 651.6438985718889], 'id': 9}
2020-02-08_12:21:12.848[Status]Routing 95: Walk: 95
2020-02-08_12:21:12.949[Battery Energy]45.35
2020-02-08_12:21:12.949[Status]Routing Start.
2020-02-08_12:21:13.271[Status]{'coordinate': [945.4417851163414, 651.9285364395857], 'id': 9}
2020-02-08_12:21:13.271[Status]Routing 96: Walk: 96
2020-02-08_12:21:13.374[Battery Energy]45.04
2020-02-08_12:21:13.374[Status]Routing Start.
2020-02-08_12:21:13.701[Status]{'coordinate': [955.4377333597184, 652.2131743072824], 'id': 9}
2020-02-08_12:21:13.701[Status]Routing 97: Walk: 97
2020-02-08_12:21:13.813[Battery Energy]44.72
2020-02-08_12:21:13.813[Status]Routing Start.
2020-02-08_12:21:14.144[Status]{'coordinate': [965.4336816030955, 652.4978121749792], 'id': 9}
2020-02-08_12:21:14.144[Status]Routing 98: Walk: 98
2020-02-08_12:21:14.262[Battery Energy]44.40
2020-02-08_12:21:14.262[Status]Routing Start.
2020-02-08_12:21:14.489[Status]{'coordinate': [975.4296298464725, 652.7824500426759], 'id': 9}
2020-02-08_12:21:14.491[Status]Routing 99: Walk: 99
2020-02-08_12:21:14.594[Battery Energy]44.12
2020-02-08_12:21:14.594[Status]Routing Start.
2020-02-08_12:21:14.882[Status]{'coordinate': [985.4255780898495, 653.0670879103727], 'id': 9}
2020-02-08_12:21:14.884[Status]Routing 100: Walk: 100
2020-02-08_12:21:14.984[Battery Energy]43.81
2020-02-08_12:21:14.984[Status]Routing Start.
2020-02-08_12:21:15.226[Status]{'coordinate': [995.4215263332266, 653.3517257780694], 'id': 9}
2020-02-08_12:21:15.226[Status]Routing 101: Walk: 101
2020-02-08_12:21:15.330[Battery Energy]43.55
2020-02-08_12:21:15.330[Status]Routing Start.
2020-02-08_12:21:15.574[Status]{'coordinate': [1005.4174745766036, 653.6363636457662], 'id': 9}
2020-02-08_12:21:15.574[Status]Routing 102: Walk: 102
2020-02-08_12:21:15.686[Battery Energy]43.26
2020-02-08_12:21:15.686[Status]Routing Start.
2020-02-08_12:21:15.836[Status]{'coordinate': [1015.4134228199806, 653.9210015134629], 'id': 9}
2020-02-08_12:21:15.836[Status]Routing 103: Walk: 103
2020-02-08_12:21:15.936[Battery Energy]43.06
2020-02-08_12:21:15.936[Status]Routing Start.
2020-02-08_12:21:16.080[Status]{'coordinate': [1025.4093710633576, 654.2056393811597], 'id': 9}
2020-02-08_12:21:16.081[Status]Routing 104: Walk: 104
2020-02-08_12:21:16.181[Battery Energy]42.86
2020-02-08_12:21:16.181[Status]Routing Start.
2020-02-08_12:21:16.328[Status]{'coordinate': [1035.4053193067348, 654.4902772488564], 'id': 9}
2020-02-08_12:21:16.331[Status]Routing 105: Walk: 105
2020-02-08_12:21:16.437[Battery Energy]42.67
2020-02-08_12:21:16.437[Status]Routing Start.
2020-02-08_12:21:16.667[Status]{'coordinate': [1045.401267550112, 654.7749151165532], 'id': 9}
2020-02-08_12:21:16.669[Status]Routing 106: Walk: 106
2020-02-08_12:21:16.769[Battery Energy]42.40
2020-02-08_12:21:16.769[Status]Routing Start.
2020-02-08_12:21:16.949[Status]{'coordinate': [1055.397215793489, 655.0595529842499], 'id': 9}
2020-02-08_12:21:16.949[Status]Routing 107: Walk: 107
2020-02-08_12:21:17.049[Battery Energy]42.17
2020-02-08_12:21:17.049[Status]Routing Start.
2020-02-08_12:21:17.187[Status]{'coordinate': [1065.3931640368662, 655.3441908519467], 'id': 9}
2020-02-08_12:21:17.187[Status]Routing 108: Walk: 108
2020-02-08_12:21:17.294[Battery Energy]41.98
2020-02-08_12:21:17.294[Status]Routing Start.
2020-02-08_12:21:17.444[Status]{'coordinate': [1075.3891122802434, 655.6288287196434], 'id': 9}
2020-02-08_12:21:17.444[Status]Routing 109: Walk: 109
2020-02-08_12:21:17.545[Battery Energy]41.79
2020-02-08_12:21:17.545[Status]Routing Start.
2020-02-08_12:21:17.705[Status]{'coordinate': [1085.3850605236205, 655.9134665873402], 'id': 9}
2020-02-08_12:21:17.705[Status]Routing 110: Walk: 110
2020-02-08_12:21:17.810[Battery Energy]41.57
2020-02-08_12:21:17.810[Status]Routing Start.
2020-02-08_12:21:17.984[Status]{'coordinate': [1095.3810087669976, 656.1981044550369], 'id': 9}
2020-02-08_12:21:17.984[Status]Routing 111: Walk: 111
2020-02-08_12:21:18.090[Battery Energy]41.38
2020-02-08_12:21:18.090[Status]Routing Start.
2020-02-08_12:21:18.246[Status]{'coordinate': [1105.3769570103748, 656.4827423227337], 'id': 9}
2020-02-08_12:21:18.246[Status]Routing 112: Walk: 112
2020-02-08_12:21:18.346[Battery Energy]41.15
2020-02-08_12:21:18.347[Status]Routing Start.
2020-02-08_12:21:18.347[Status]Task Finished.
2020-02-08_12:21:18.447[Battery Energy]41.15
2020-02-08_12:21:18.594[Status]Routing 114: Walk: 112
2020-02-08_12:21:18.694[Battery Energy]41.05
2020-02-08_12:21:18.935[Status]Routing 115: Walk: 112
2020-02-08_12:21:19.054[Battery Energy]40.89
2020-02-08_12:21:19.215[Status]Routing 116: Walk: 112
2020-02-08_12:21:19.316[Battery Energy]40.79
2020-02-08_12:21:19.470[Status]Routing 117: Walk: 112
2020-02-08_12:21:19.571[Battery Energy]40.66
2020-02-08_12:21:19.869[Status]Routing 118: Walk: 112
2020-02-08_12:21:19.982[Battery Energy]40.46
2020-02-08_12:21:20.285[Status]Routing 119: Walk: 112
2020-02-08_12:21:20.385[Battery Energy]40.28
2020-02-08_12:21:20.633[Status]Routing 120: Walk: 112
2020-02-08_12:21:20.736[Battery Energy]40.11
2020-02-08_12:21:20.996[Status]Routing 121: Walk: 112
2020-02-08_12:21:21.096[Battery Energy]39.95
2020-02-08_12:21:21.416[Status]Routing 122: Walk: 112
2020-02-08_12:21:21.517[Battery Energy]39.73
2020-02-08_12:21:21.663[Status]Routing 123: Walk: 112
2020-02-08_12:21:21.764[Battery Energy]39.60
2020-02-08_12:21:22.043[Status]Routing 124: Walk: 112
2020-02-08_12:21:22.143[Battery Energy]39.41
2020-02-08_12:21:22.286[Status]Routing 125: Walk: 112
2020-02-08_12:21:22.395[Battery Energy]39.29
2020-02-08_12:21:22.543[Status]Routing 126: Walk: 112
2020-02-08_12:21:22.658[Battery Energy]39.18
2020-02-08_12:21:22.806[Status]Routing 127: Walk: 112
2020-02-08_12:21:22.915[Battery Energy]39.07
2020-02-08_12:21:23.055[Status]Routing 128: Walk: 112
2020-02-08_12:21:23.155[Battery Energy]38.96
2020-02-08_12:21:23.296[Status]Routing 129: Walk: 112
2020-02-08_12:21:23.398[Battery Energy]38.87
2020-02-08_12:21:23.635[Status]Routing 130: Walk: 112
2020-02-08_12:21:23.736[Battery Energy]38.71
2020-02-08_12:21:23.888[Status]Routing 131: Walk: 112
2020-02-08_12:21:23.988[Battery Energy]38.59
2020-02-08_12:21:24.141[Status]Routing 132: Walk: 112
2020-02-08_12:21:24.241[Battery Energy]38.49
2020-02-08_12:21:24.392[Status]Routing 133: Walk: 112
2020-02-08_12:21:24.492[Battery Energy]38.37
2020-02-08_12:21:24.692[Status]Routing 134: Walk: 112
2020-02-08_12:21:24.806[Battery Energy]38.24
2020-02-08_12:21:24.953[Status]Routing 135: Walk: 112
2020-02-08_12:21:25.053[Battery Energy]38.13
2020-02-08_12:21:25.248[Status]Routing 136: Walk: 112
2020-02-08_12:21:25.349[Battery Energy]38.00
2020-02-08_12:21:25.483[Status]Routing 137: Walk: 112
2020-02-08_12:21:25.590[Battery Energy]37.90
2020-02-08_12:21:25.743[Status]Routing 138: Walk: 112
2020-02-08_12:21:25.854[Battery Energy]37.80
2020-02-08_12:21:25.990[Status]Routing 139: Walk: 112
2020-02-08_12:21:26.102[Battery Energy]37.71
2020-02-08_12:21:26.334[Status]Routing 140: Walk: 112
2020-02-08_12:21:26.445[Battery Energy]37.55
2020-02-08_12:21:26.560[Status]Routing 141: Walk: 112
2020-02-08_12:21:26.661[Battery Energy]37.47
2020-02-08_12:21:26.838[Status]Routing 142: Walk: 112
2020-02-08_12:21:26.939[Battery Energy]37.36
2020-02-08_12:21:27.138[Status]Routing 143: Walk: 112
2020-02-08_12:21:27.250[Battery Energy]37.23
2020-02-08_12:21:27.379[Status]Routing 144: Walk: 112
2020-02-08_12:21:27.486[Battery Energy]37.13
2020-02-08_12:21:27.633[Status]Routing 145: Walk: 112
2020-02-08_12:21:27.742[Battery Energy]37.04
2020-02-08_12:21:27.894[Status]Routing 146: Walk: 112
2020-02-08_12:21:28.006[Battery Energy]36.93
2020-02-08_12:21:28.176[Status]Routing 147: Walk: 112
2020-02-08_12:21:28.277[Battery Energy]36.79
2020-02-08_12:21:28.435[Status]Routing 148: Walk: 112
2020-02-08_12:21:28.536[Battery Energy]36.69
2020-02-08_12:21:28.680[Status]Routing 149: Walk: 112
2020-02-08_12:21:28.780[Battery Energy]36.59
2020-02-08_12:21:28.953[Status]Routing 150: Walk: 112
2020-02-08_12:21:29.058[Battery Energy]36.49
2020-02-08_12:21:29.204[Status]Routing 151: Walk: 112
2020-02-08_12:21:29.305[Battery Energy]36.38
2020-02-08_12:21:29.478[Status]Routing 152: Walk: 112
2020-02-08_12:21:29.586[Battery Energy]36.26
2020-02-08_12:21:29.728[Status]Routing 153: Walk: 112
2020-02-08_12:21:29.832[Battery Energy]36.16
2020-02-08_12:21:29.981[Status]Routing 154: Walk: 112
2020-02-08_12:21:30.090[Battery Energy]36.03
2020-02-08_12:21:30.237[Status]Routing 155: Walk: 112
2020-02-08_12:21:30.350[Battery Energy]35.94
2020-02-08_12:21:30.502[Status]Routing 156: Walk: 112
2020-02-08_12:21:30.605[Battery Energy]35.84
2020-02-08_12:21:30.778[Status]Routing 157: Walk: 112
2020-02-08_12:21:30.879[Battery Energy]35.74
2020-02-08_12:21:31.030[Status]Routing 158: Walk: 112
2020-02-08_12:21:31.130[Battery Energy]35.64
2020-02-08_12:21:31.278[Status]Routing 159: Walk: 112
2020-02-08_12:21:31.390[Battery Energy]35.54
2020-02-08_12:21:31.573[Status]Routing 160: Walk: 112
2020-02-08_12:21:31.678[Battery Energy]35.38
2020-02-08_12:21:31.822[Status]Routing 161: Walk: 112
2020-02-08_12:21:31.930[Battery Energy]35.29
