2020-01-30_22:16:45.373[Status]Start.
2020-01-30_22:16:45.374[Battery Energy]89.00
2020-01-30_22:16:46.475[Battery Energy]88.96
2020-01-30_22:16:47.576[Battery Energy]88.92
2020-01-30_22:16:48.677[Battery Energy]88.88
2020-01-30_22:16:49.778[Battery Energy]88.84
2020-01-30_22:16:50.879[Task]A New Task Released.
2020-01-30_22:16:50.879[Battery Energy]88.80
2020-01-30_22:16:50.879[Status]Selection Start.
2020-01-30_22:16:54.359[Status]Selection End: Do Task 1.
2020-01-30_22:16:54.464[Battery Energy]86.46
2020-01-30_22:16:54.464[Status]Formation Start.
2020-01-30_22:16:54.621[Status]number of tasks is 7
2020-01-30_22:16:54.625[Status]my group tasks is [ 1262.34898019   621.81685175]
2020-01-30_22:16:54.628[Status]my group tasks is [ 1300.   700.]
2020-01-30_22:16:54.635[Status]my group tasks is [ 1262.34898019   778.18314825]
2020-01-30_22:16:54.637[Status]my group tasks is [ 1177.7479066    797.49279122]
2020-01-30_22:16:54.643[Status]my group tasks is [ 1109.90311321   743.38837391]
2020-01-30_22:16:54.650[Status]my group tasks is [ 1109.90311321   656.61162609]
2020-01-30_22:16:54.656[Status]my group tasks is [ 1177.7479066    602.50720878]
2020-01-30_22:16:54.717[Status]mygroup_robots_utility is {17: [32.056132537208, 16.98433817886867, 18.358307628536, 37.20316262415002, 17.46001846161857, 15.322829546807071, 15.701768795661284], 2: [33.24725991466921, 18.378599502796316, 36.032340858833024, 17.334537282789743, 15.899725825631828, 30.248524064375776, 15.410740219661509], 4: [16.037512522188823, 16.52343573009919, 27.210837911646973, 14.410978292708347, 27.48198930795322, 14.752794365685018, 15.716897432988858], 8: [32.37174317365915, 17.39556563248832, 14.943429890916915, 16.242018181208127, 17.42420628124733, 28.818266070926413, 14.9048270232536], 9: [32.559760966774704, 17.093430092438915, 14.942046344952391, 17.33153248697351, 28.548080870643982, 14.619672263807887, 31.623968169455797], 14: [16.11717171103408, 26.71500457442087, 15.401121986984439, 28.251320098359145, 13.288227395461178, 14.300252600103672, 15.564781494448349], 15: [33.1570319768207, 14.629218106826054, 31.874865974165346, 13.692669033587743, 13.704565004951283, 14.599201560469524, 31.818477636114423]}
2020-01-30_22:16:54.717[Status]self.local_queue is [2, 9, 17, 4, 8, 15, 14]
2020-01-30_22:16:54.717[Status]task_chosen index is 2
2020-01-30_22:16:54.717[Status]task_chosen index is 0
2020-01-30_22:16:54.717[Status]task_chosen index is 3
2020-01-30_22:16:54.717[Status]myindex_in_queue is 3
2020-01-30_22:16:54.717[Status]task destination is [1109.903113209758, 743.3883739117558]
2020-01-30_22:16:54.818[Battery Energy]86.27
2020-01-30_22:16:54.818[Status]Routing Start.
2020-01-30_22:16:54.961[Status]{'id': 17, 'coordinate': [136.8099918843549, 550.9401183543513]}
2020-01-30_22:16:54.961[Status]Routing 1: Walk: 1
2020-01-30_22:16:55.066[Battery Energy]86.05
2020-01-30_22:16:55.066[Status]Routing Start.
2020-01-30_22:16:55.207[Status]{'id': 17, 'coordinate': [146.6199837687098, 552.8802367087026]}
2020-01-30_22:16:55.207[Status]Routing 2: Walk: 2
2020-01-30_22:16:55.322[Battery Energy]85.84
2020-01-30_22:16:55.322[Status]Routing Start.
2020-01-30_22:16:55.442[Status]{'id': 17, 'coordinate': [156.4299756530647, 554.8203550630539]}
2020-01-30_22:16:55.442[Status]Routing 3: Walk: 3
2020-01-30_22:16:55.554[Battery Energy]85.64
2020-01-30_22:16:55.554[Status]Routing Start.
2020-01-30_22:16:55.672[Status]{'id': 17, 'coordinate': [166.2399675374196, 556.7604734174051]}
2020-01-30_22:16:55.672[Status]Routing 4: Walk: 4
2020-01-30_22:16:55.772[Battery Energy]85.43
2020-01-30_22:16:55.772[Status]Routing Start.
2020-01-30_22:16:55.973[Status]{'id': 17, 'coordinate': [176.0499594217745, 558.7005917717564]}
2020-01-30_22:16:55.973[Status]Routing 5: Walk: 5
2020-01-30_22:16:56.073[Battery Energy]85.17
2020-01-30_22:16:56.073[Status]Routing Start.
2020-01-30_22:16:56.387[Status]{'id': 17, 'coordinate': [185.8599513061294, 560.6407101261077]}
2020-01-30_22:16:56.387[Status]Routing 6: Walk: 6
2020-01-30_22:16:56.494[Battery Energy]84.81
2020-01-30_22:16:56.494[Status]Routing Start.
2020-01-30_22:16:56.795[Status]{'id': 17, 'coordinate': [195.6699431904843, 562.580828480459]}
2020-01-30_22:16:56.795[Status]Routing 7: Walk: 7
2020-01-30_22:16:56.895[Battery Energy]84.54
2020-01-30_22:16:56.895[Status]Routing Start.
2020-01-30_22:16:57.217[Status]{'id': 17, 'coordinate': [205.4799350748392, 564.5209468348103]}
2020-01-30_22:16:57.217[Status]Routing 8: Walk: 8
2020-01-30_22:16:57.326[Battery Energy]84.21
2020-01-30_22:16:57.326[Status]Routing Start.
2020-01-30_22:16:57.650[Status]{'id': 17, 'coordinate': [215.2899269591941, 566.4610651891616]}
2020-01-30_22:16:57.651[Status]Routing 9: Walk: 9
2020-01-30_22:16:57.753[Battery Energy]83.89
2020-01-30_22:16:57.753[Status]Routing Start.
2020-01-30_22:16:58.092[Status]{'id': 17, 'coordinate': [225.099918843549, 568.4011835435128]}
2020-01-30_22:16:58.092[Status]Routing 10: Walk: 10
2020-01-30_22:16:58.193[Battery Energy]83.55
2020-01-30_22:16:58.194[Status]Routing Start.
2020-01-30_22:16:58.527[Status]{'id': 17, 'coordinate': [234.9099107279039, 570.3413018978641]}
2020-01-30_22:16:58.527[Status]Routing 11: Walk: 11
2020-01-30_22:16:58.629[Battery Energy]83.20
2020-01-30_22:16:58.629[Status]Routing Start.
2020-01-30_22:16:58.939[Status]{'id': 17, 'coordinate': [244.7199026122588, 572.2814202522154]}
2020-01-30_22:16:58.940[Status]Routing 12: Walk: 12
2020-01-30_22:16:59.042[Battery Energy]82.86
2020-01-30_22:16:59.042[Status]Routing Start.
2020-01-30_22:16:59.373[Status]{'id': 17, 'coordinate': [254.5298944966137, 574.2215386065667]}
2020-01-30_22:16:59.373[Status]Routing 13: Walk: 13
2020-01-30_22:16:59.473[Battery Energy]82.53
2020-01-30_22:16:59.473[Status]Routing Start.
2020-01-30_22:16:59.839[Status]{'id': 17, 'coordinate': [264.3398863809686, 576.161656960918]}
2020-01-30_22:16:59.839[Status]Routing 14: Walk: 14
2020-01-30_22:16:59.939[Battery Energy]82.19
2020-01-30_22:16:59.939[Status]Routing Start.
2020-01-30_22:17:00.243[Status]{'id': 17, 'coordinate': [274.14987826532354, 578.1017753152693]}
2020-01-30_22:17:00.243[Status]Routing 15: Walk: 15
2020-01-30_22:17:00.344[Battery Energy]81.88
2020-01-30_22:17:00.344[Status]Routing Start.
2020-01-30_22:17:00.677[Status]{'id': 17, 'coordinate': [283.95987014967847, 580.0418936696205]}
2020-01-30_22:17:00.677[Status]Routing 16: Walk: 16
2020-01-30_22:17:00.779[Battery Energy]81.55
2020-01-30_22:17:00.779[Status]Routing Start.
2020-01-30_22:17:01.078[Status]{'id': 17, 'coordinate': [293.7698620340334, 581.9820120239718]}
2020-01-30_22:17:01.084[Status]Routing 17: Walk: 17
2020-01-30_22:17:01.185[Battery Energy]81.22
2020-01-30_22:17:01.185[Status]Routing Start.
2020-01-30_22:17:01.465[Status]{'id': 17, 'coordinate': [303.5798539183883, 583.9221303783231]}
2020-01-30_22:17:01.465[Status]Routing 18: Walk: 18
2020-01-30_22:17:01.570[Battery Energy]80.95
2020-01-30_22:17:01.570[Status]Routing Start.
2020-01-30_22:17:01.912[Status]{'id': 17, 'coordinate': [313.38984580274325, 585.8622487326744]}
2020-01-30_22:17:01.913[Status]Routing 19: Walk: 19
2020-01-30_22:17:02.013[Battery Energy]80.59
2020-01-30_22:17:02.013[Status]Routing Start.
2020-01-30_22:17:02.340[Status]{'id': 17, 'coordinate': [323.1998376870982, 587.8023670870257]}
2020-01-30_22:17:02.340[Status]Routing 20: Walk: 20
2020-01-30_22:17:02.441[Battery Energy]80.29
2020-01-30_22:17:02.441[Status]Routing Start.
2020-01-30_22:17:02.743[Status]{'id': 17, 'coordinate': [333.0098295714531, 589.742485441377]}
2020-01-30_22:17:02.743[Status]Routing 21: Walk: 21
2020-01-30_22:17:02.855[Battery Energy]79.97
2020-01-30_22:17:02.855[Status]Routing Start.
2020-01-30_22:17:02.986[Status]{'id': 17, 'coordinate': [342.81982145580804, 591.6826037957283]}
2020-01-30_22:17:02.987[Status]Routing 22: Walk: 22
2020-01-30_22:17:03.089[Battery Energy]79.76
2020-01-30_22:17:03.089[Status]Routing Start.
2020-01-30_22:17:03.377[Status]{'id': 17, 'coordinate': [352.62981334016297, 593.6227221500795]}
2020-01-30_22:17:03.377[Status]Routing 23: Walk: 23
2020-01-30_22:17:03.485[Battery Energy]79.46
2020-01-30_22:17:03.485[Status]Routing Start.
2020-01-30_22:17:03.625[Status]{'id': 17, 'coordinate': [362.4398052245179, 595.5628405044308]}
2020-01-30_22:17:03.625[Status]Routing 24: Walk: 24
2020-01-30_22:17:03.732[Battery Energy]79.25
2020-01-30_22:17:03.732[Status]Routing Start.
2020-01-30_22:17:04.008[Status]{'id': 17, 'coordinate': [372.2497971088728, 597.5029588587821]}
2020-01-30_22:17:04.009[Status]Routing 25: Walk: 25
2020-01-30_22:17:04.109[Battery Energy]78.96
2020-01-30_22:17:04.110[Status]Routing Start.
2020-01-30_22:17:04.437[Status]{'id': 17, 'coordinate': [382.05978899322776, 599.4430772131334]}
2020-01-30_22:17:04.437[Status]Routing 26: Walk: 26
2020-01-30_22:17:04.538[Battery Energy]78.68
2020-01-30_22:17:04.538[Status]Routing Start.
2020-01-30_22:17:04.805[Status]{'id': 17, 'coordinate': [391.8697808775827, 601.3831955674847]}
2020-01-30_22:17:04.805[Status]Routing 27: Walk: 27
2020-01-30_22:17:04.905[Battery Energy]78.43
2020-01-30_22:17:04.905[Status]Routing Start.
2020-01-30_22:17:05.238[Status]{'id': 17, 'coordinate': [401.6797727619376, 603.323313921836]}
2020-01-30_22:17:05.238[Status]Routing 28: Walk: 28
2020-01-30_22:17:05.350[Battery Energy]78.09
2020-01-30_22:17:05.350[Status]Routing Start.
2020-01-30_22:17:05.646[Status]{'id': 17, 'coordinate': [411.48976464629254, 605.2634322761872]}
2020-01-30_22:17:05.646[Status]Routing 29: Walk: 29
2020-01-30_22:17:05.766[Battery Energy]77.75
2020-01-30_22:17:05.766[Status]Routing Start.
2020-01-30_22:17:06.054[Status]{'id': 17, 'coordinate': [421.29975653064747, 607.2035506305385]}
2020-01-30_22:17:06.055[Status]Routing 30: Walk: 30
2020-01-30_22:17:06.156[Battery Energy]77.48
2020-01-30_22:17:06.156[Status]Routing Start.
2020-01-30_22:17:06.473[Status]{'id': 17, 'coordinate': [431.1097484150024, 609.1436689848898]}
2020-01-30_22:17:06.477[Status]Routing 31: Walk: 31
2020-01-30_22:17:06.586[Battery Energy]77.15
2020-01-30_22:17:06.586[Status]Routing Start.
2020-01-30_22:17:07.042[Status]Routing 32: Walk: 31
2020-01-30_22:17:07.146[Battery Energy]76.74
2020-01-30_22:17:07.146[Status]Routing Start.
2020-01-30_22:17:07.585[Status]{'id': 17, 'coordinate': [431.43259525279177, 619.1384561221594]}
2020-01-30_22:17:07.585[Status]Routing 33: Walk: 32
2020-01-30_22:17:07.687[Battery Energy]76.29
2020-01-30_22:17:07.687[Status]Routing Start.
2020-01-30_22:17:08.018[Status]{'id': 17, 'coordinate': [426.11345544347813, 627.6064400433164]}
2020-01-30_22:17:08.018[Status]Routing 34: Walk: 33
2020-01-30_22:17:08.118[Battery Energy]75.97
2020-01-30_22:17:08.118[Status]Routing Start.
2020-01-30_22:17:08.446[Status]{'id': 17, 'coordinate': [418.2181793942571, 633.743590530847]}
2020-01-30_22:17:08.446[Status]Routing 35: Walk: 34
2020-01-30_22:17:08.546[Battery Energy]75.60
2020-01-30_22:17:08.546[Status]Routing Start.
2020-01-30_22:17:08.848[Status]{'id': 17, 'coordinate': [414.82750166425916, 643.1512100241777]}
2020-01-30_22:17:08.848[Status]Routing 36: Walk: 35
2020-01-30_22:17:08.948[Battery Energy]75.22
2020-01-30_22:17:08.948[Status]Routing Start.
2020-01-30_22:17:09.100[Status]{'id': 17, 'coordinate': [424.7251126726289, 644.5785489212158]}
2020-01-30_22:17:09.100[Status]Routing 37: Walk: 36
2020-01-30_22:17:09.214[Battery Energy]75.01
2020-01-30_22:17:09.214[Status]Routing Start.
2020-01-30_22:17:09.687[Status]{'id': 17, 'coordinate': [424.16892745038933, 654.5630698410478]}
2020-01-30_22:17:09.687[Status]Routing 38: Walk: 37
2020-01-30_22:17:09.788[Battery Energy]74.52
2020-01-30_22:17:09.788[Status]Routing Start.
2020-01-30_22:17:09.948[Status]{'id': 17, 'coordinate': [434.08607446195407, 655.847669059097]}
2020-01-30_22:17:09.948[Status]Routing 39: Walk: 38
2020-01-30_22:17:10.049[Battery Energy]74.30
2020-01-30_22:17:10.049[Status]Routing Start.
2020-01-30_22:17:10.370[Status]{'id': 17, 'coordinate': [444.0032214735188, 657.1322682771463]}
2020-01-30_22:17:10.370[Status]Routing 40: Walk: 39
2020-01-30_22:17:10.474[Battery Energy]73.95
2020-01-30_22:17:10.474[Status]Routing Start.
2020-01-30_22:17:10.757[Status]{'id': 17, 'coordinate': [453.92036848508354, 658.4168674951956]}
2020-01-30_22:17:10.757[Status]Routing 41: Walk: 40
2020-01-30_22:17:10.858[Battery Energy]73.68
2020-01-30_22:17:10.859[Status]Routing Start.
2020-01-30_22:17:11.155[Status]{'id': 17, 'coordinate': [463.8375154966483, 659.7014667132448]}
2020-01-30_22:17:11.155[Status]Routing 42: Walk: 41
2020-01-30_22:17:11.255[Battery Energy]73.37
2020-01-30_22:17:11.255[Status]Routing Start.
2020-01-30_22:17:11.526[Status]{'id': 17, 'coordinate': [473.754662508213, 660.9860659312941]}
2020-01-30_22:17:11.526[Status]Routing 43: Walk: 42
2020-01-30_22:17:11.630[Battery Energy]73.09
2020-01-30_22:17:11.630[Status]Routing Start.
2020-01-30_22:17:11.789[Status]{'id': 17, 'coordinate': [483.67180951977775, 662.2706651493434]}
2020-01-30_22:17:11.789[Status]Routing 44: Walk: 43
2020-01-30_22:17:11.889[Battery Energy]72.88
2020-01-30_22:17:11.889[Status]Routing Start.
2020-01-30_22:17:12.029[Status]{'id': 17, 'coordinate': [493.5889565313425, 663.5552643673926]}
2020-01-30_22:17:12.030[Status]Routing 45: Walk: 44
2020-01-30_22:17:12.130[Battery Energy]72.68
2020-01-30_22:17:12.130[Status]Routing Start.
2020-01-30_22:17:12.269[Status]{'id': 17, 'coordinate': [503.5061035429072, 664.8398635854419]}
2020-01-30_22:17:12.269[Status]Routing 46: Walk: 45
2020-01-30_22:17:12.369[Battery Energy]72.47
2020-01-30_22:17:12.369[Status]Routing Start.
2020-01-30_22:17:12.527[Status]{'id': 17, 'coordinate': [513.4232505544719, 666.1244628034912]}
2020-01-30_22:17:12.527[Status]Routing 47: Walk: 46
2020-01-30_22:17:12.629[Battery Energy]72.26
2020-01-30_22:17:12.629[Status]Routing Start.
2020-01-30_22:17:13.001[Status]{'id': 17, 'coordinate': [523.3403975660366, 667.4090620215404]}
2020-01-30_22:17:13.002[Status]Routing 48: Walk: 47
2020-01-30_22:17:13.106[Battery Energy]71.86
2020-01-30_22:17:13.106[Status]Routing Start.
2020-01-30_22:17:13.422[Status]{'id': 17, 'coordinate': [533.2575445776013, 668.6936612395897]}
2020-01-30_22:17:13.422[Status]Routing 49: Walk: 48
2020-01-30_22:17:13.523[Battery Energy]71.55
2020-01-30_22:17:13.523[Status]Routing Start.
2020-01-30_22:17:13.845[Status]{'id': 17, 'coordinate': [543.174691589166, 669.978260457639]}
2020-01-30_22:17:13.845[Status]Routing 50: Walk: 49
2020-01-30_22:17:13.954[Battery Energy]71.20
2020-01-30_22:17:13.954[Status]Routing Start.
2020-01-30_22:17:14.292[Status]{'id': 17, 'coordinate': [553.0918386007306, 671.2628596756882]}
2020-01-30_22:17:14.292[Status]Routing 51: Walk: 50
2020-01-30_22:17:14.398[Battery Energy]70.86
2020-01-30_22:17:14.398[Status]Routing Start.
2020-01-30_22:17:14.741[Status]{'id': 17, 'coordinate': [563.0089856122953, 672.5474588937375]}
2020-01-30_22:17:14.741[Status]Routing 52: Walk: 51
2020-01-30_22:17:14.846[Battery Energy]70.53
2020-01-30_22:17:14.846[Status]Routing Start.
2020-01-30_22:17:14.999[Status]{'id': 17, 'coordinate': [572.92613262386, 673.8320581117868]}
2020-01-30_22:17:14.999[Status]Routing 53: Walk: 52
2020-01-30_22:17:15.099[Battery Energy]70.31
2020-01-30_22:17:15.099[Status]Routing Start.
2020-01-30_22:17:15.265[Status]{'id': 17, 'coordinate': [582.8432796354247, 675.116657329836]}
2020-01-30_22:17:15.265[Status]Routing 54: Walk: 53
2020-01-30_22:17:15.372[Battery Energy]70.08
2020-01-30_22:17:15.372[Status]Routing Start.
2020-01-30_22:17:15.500[Status]{'id': 17, 'coordinate': [592.7604266469893, 676.4012565478853]}
2020-01-30_22:17:15.500[Status]Routing 55: Walk: 54
2020-01-30_22:17:15.618[Battery Energy]69.90
2020-01-30_22:17:15.618[Status]Routing Start.
2020-01-30_22:17:15.768[Status]{'id': 17, 'coordinate': [602.677573658554, 677.6858557659345]}
2020-01-30_22:17:15.768[Status]Routing 56: Walk: 55
2020-01-30_22:17:15.869[Battery Energy]69.68
2020-01-30_22:17:15.869[Status]Routing Start.
2020-01-30_22:17:16.016[Status]{'id': 17, 'coordinate': [612.5947206701187, 678.9704549839838]}
2020-01-30_22:17:16.016[Status]Routing 57: Walk: 56
2020-01-30_22:17:16.117[Battery Energy]69.46
2020-01-30_22:17:16.117[Status]Routing Start.
2020-01-30_22:17:16.291[Status]{'id': 17, 'coordinate': [622.5118676816834, 680.2550542020331]}
2020-01-30_22:17:16.291[Status]Routing 58: Walk: 57
2020-01-30_22:17:16.398[Battery Energy]69.25
2020-01-30_22:17:16.398[Status]Routing Start.
2020-01-30_22:17:16.541[Status]{'id': 17, 'coordinate': [632.4290146932481, 681.5396534200823]}
2020-01-30_22:17:16.541[Status]Routing 59: Walk: 58
2020-01-30_22:17:16.644[Battery Energy]69.05
2020-01-30_22:17:16.644[Status]Routing Start.
2020-01-30_22:17:16.779[Status]{'id': 17, 'coordinate': [642.3461617048127, 682.8242526381316]}
2020-01-30_22:17:16.779[Status]Routing 60: Walk: 59
2020-01-30_22:17:16.886[Battery Energy]68.84
2020-01-30_22:17:16.886[Status]Routing Start.
2020-01-30_22:17:17.029[Status]{'id': 17, 'coordinate': [652.2633087163774, 684.1088518561809]}
2020-01-30_22:17:17.029[Status]Routing 61: Walk: 60
2020-01-30_22:17:17.134[Battery Energy]68.64
2020-01-30_22:17:17.134[Status]Routing Start.
2020-01-30_22:17:17.274[Status]{'id': 17, 'coordinate': [662.1804557279421, 685.3934510742301]}
2020-01-30_22:17:17.274[Status]Routing 62: Walk: 61
2020-01-30_22:17:17.382[Battery Energy]68.41
2020-01-30_22:17:17.382[Status]Routing Start.
2020-01-30_22:17:17.529[Status]{'id': 17, 'coordinate': [672.0976027395068, 686.6780502922794]}
2020-01-30_22:17:17.530[Status]Routing 63: Walk: 62
2020-01-30_22:17:17.637[Battery Energy]68.18
2020-01-30_22:17:17.637[Status]Routing Start.
2020-01-30_22:17:17.858[Status]{'id': 17, 'coordinate': [682.0147497510715, 687.9626495103287]}
2020-01-30_22:17:17.858[Status]Routing 64: Walk: 63
2020-01-30_22:17:17.958[Battery Energy]67.92
2020-01-30_22:17:17.958[Status]Routing Start.
2020-01-30_22:17:18.109[Status]{'id': 17, 'coordinate': [691.9318967626361, 689.2472487283779]}
2020-01-30_22:17:18.109[Status]Routing 65: Walk: 64
2020-01-30_22:17:18.214[Battery Energy]67.71
2020-01-30_22:17:18.214[Status]Routing Start.
2020-01-30_22:17:18.376[Status]{'id': 17, 'coordinate': [701.8490437742008, 690.5318479464272]}
2020-01-30_22:17:18.377[Status]Routing 66: Walk: 65
2020-01-30_22:17:18.478[Battery Energy]67.47
2020-01-30_22:17:18.478[Status]Routing Start.
2020-01-30_22:17:18.624[Status]{'id': 17, 'coordinate': [711.7661907857655, 691.8164471644765]}
2020-01-30_22:17:18.624[Status]Routing 67: Walk: 66
2020-01-30_22:17:18.738[Battery Energy]67.26
2020-01-30_22:17:18.738[Status]Routing Start.
2020-01-30_22:17:18.896[Status]{'id': 17, 'coordinate': [721.6833377973302, 693.1010463825257]}
2020-01-30_22:17:18.896[Status]Routing 68: Walk: 67
2020-01-30_22:17:19.010[Battery Energy]67.04
2020-01-30_22:17:19.010[Status]Routing Start.
2020-01-30_22:17:19.141[Status]{'id': 17, 'coordinate': [731.6004848088949, 694.385645600575]}
2020-01-30_22:17:19.141[Status]Routing 69: Walk: 68
2020-01-30_22:17:19.241[Battery Energy]66.84
2020-01-30_22:17:19.241[Status]Routing Start.
2020-01-30_22:17:19.401[Status]{'id': 17, 'coordinate': [741.5176318204595, 695.6702448186243]}
2020-01-30_22:17:19.402[Status]Routing 70: Walk: 69
2020-01-30_22:17:19.506[Battery Energy]66.61
2020-01-30_22:17:19.506[Status]Routing Start.
2020-01-30_22:17:19.677[Status]{'id': 17, 'coordinate': [751.4347788320242, 696.9548440366735]}
2020-01-30_22:17:19.677[Status]Routing 71: Walk: 70
2020-01-30_22:17:19.796[Battery Energy]66.39
2020-01-30_22:17:19.796[Status]Routing Start.
2020-01-30_22:17:19.919[Status]{'id': 17, 'coordinate': [761.3519258435889, 698.2394432547228]}
2020-01-30_22:17:19.919[Status]Routing 72: Walk: 71
2020-01-30_22:17:20.026[Battery Energy]66.18
2020-01-30_22:17:20.026[Status]Routing Start.
2020-01-30_22:17:20.156[Status]{'id': 17, 'coordinate': [771.2690728551536, 699.5240424727721]}
2020-01-30_22:17:20.156[Status]Routing 73: Walk: 72
2020-01-30_22:17:20.270[Battery Energy]66.00
2020-01-30_22:17:20.270[Status]Routing Start.
2020-01-30_22:17:20.551[Status]{'id': 17, 'coordinate': [781.1862198667183, 700.8086416908213]}
2020-01-30_22:17:20.551[Status]Routing 74: Walk: 73
2020-01-30_22:17:20.662[Battery Energy]65.74
2020-01-30_22:17:20.662[Status]Routing Start.
2020-01-30_22:17:20.793[Status]{'id': 17, 'coordinate': [791.1033668782829, 702.0932409088706]}
2020-01-30_22:17:20.794[Status]Routing 75: Walk: 74
2020-01-30_22:17:20.894[Battery Energy]65.52
2020-01-30_22:17:20.894[Status]Routing Start.
2020-01-30_22:17:21.037[Status]{'id': 17, 'coordinate': [801.0205138898476, 703.3778401269199]}
2020-01-30_22:17:21.037[Status]Routing 76: Walk: 75
2020-01-30_22:17:21.149[Battery Energy]65.30
2020-01-30_22:17:21.149[Status]Routing Start.
2020-01-30_22:17:21.291[Status]{'id': 17, 'coordinate': [810.9376609014123, 704.6624393449691]}
2020-01-30_22:17:21.291[Status]Routing 77: Walk: 76
2020-01-30_22:17:21.406[Battery Energy]65.10
2020-01-30_22:17:21.406[Status]Routing Start.
2020-01-30_22:17:21.552[Status]{'id': 17, 'coordinate': [820.854807912977, 705.9470385630184]}
2020-01-30_22:17:21.552[Status]Routing 78: Walk: 77
2020-01-30_22:17:21.666[Battery Energy]64.88
2020-01-30_22:17:21.666[Status]Routing Start.
2020-01-30_22:17:21.803[Status]{'id': 17, 'coordinate': [830.7719549245417, 707.2316377810677]}
2020-01-30_22:17:21.804[Status]Routing 79: Walk: 78
2020-01-30_22:17:21.906[Battery Energy]64.66
2020-01-30_22:17:21.906[Status]Routing Start.
2020-01-30_22:17:22.222[Status]{'id': 17, 'coordinate': [840.6891019361063, 708.5162369991169]}
2020-01-30_22:17:22.222[Status]Routing 80: Walk: 79
2020-01-30_22:17:22.342[Battery Energy]64.35
2020-01-30_22:17:22.342[Status]Routing Start.
2020-01-30_22:17:22.481[Status]{'id': 17, 'coordinate': [850.606248947671, 709.8008362171662]}
2020-01-30_22:17:22.482[Status]Routing 81: Walk: 80
2020-01-30_22:17:22.586[Battery Energy]64.15
2020-01-30_22:17:22.586[Status]Routing Start.
2020-01-30_22:17:22.891[Status]{'id': 17, 'coordinate': [860.5233959592357, 711.0854354352155]}
2020-01-30_22:17:22.891[Status]Routing 82: Walk: 81
2020-01-30_22:17:22.994[Battery Energy]63.90
2020-01-30_22:17:22.994[Status]Routing Start.
2020-01-30_22:17:23.312[Status]{'id': 17, 'coordinate': [870.4405429708004, 712.3700346532647]}
2020-01-30_22:17:23.312[Status]Routing 83: Walk: 82
2020-01-30_22:17:23.412[Battery Energy]63.57
2020-01-30_22:17:23.412[Status]Routing Start.
2020-01-30_22:17:23.573[Status]{'id': 17, 'coordinate': [880.3576899823651, 713.654633871314]}
2020-01-30_22:17:23.573[Status]Routing 84: Walk: 83
2020-01-30_22:17:23.673[Battery Energy]63.34
2020-01-30_22:17:23.673[Status]Routing Start.
2020-01-30_22:17:23.979[Status]{'id': 17, 'coordinate': [890.2748369939297, 714.9392330893634]}
2020-01-30_22:17:23.979[Status]Routing 85: Walk: 84
2020-01-30_22:17:24.090[Battery Energy]63.03
2020-01-30_22:17:24.090[Status]Routing Start.
2020-01-30_22:17:24.256[Status]{'id': 17, 'coordinate': [900.1919840054944, 716.2238323074126]}
2020-01-30_22:17:24.256[Status]Routing 86: Walk: 85
2020-01-30_22:17:24.356[Battery Energy]62.82
2020-01-30_22:17:24.356[Status]Routing Start.
2020-01-30_22:17:24.517[Status]{'id': 17, 'coordinate': [910.1091310170591, 717.508431525462]}
2020-01-30_22:17:24.517[Status]Routing 87: Walk: 86
2020-01-30_22:17:24.617[Battery Energy]62.60
2020-01-30_22:17:24.617[Status]Routing Start.
2020-01-30_22:17:24.761[Status]{'id': 17, 'coordinate': [920.0262780286238, 718.7930307435113]}
2020-01-30_22:17:24.761[Status]Routing 88: Walk: 87
2020-01-30_22:17:24.866[Battery Energy]62.39
2020-01-30_22:17:24.866[Status]Routing Start.
2020-01-30_22:17:25.175[Status]{'id': 17, 'coordinate': [929.9434250401885, 720.0776299615607]}
2020-01-30_22:17:25.175[Status]Routing 89: Walk: 88
2020-01-30_22:17:25.290[Battery Energy]62.09
2020-01-30_22:17:25.290[Status]Routing Start.
2020-01-30_22:17:25.576[Status]{'id': 17, 'coordinate': [939.8605720517531, 721.3622291796099]}
2020-01-30_22:17:25.577[Status]Routing 90: Walk: 89
2020-01-30_22:17:25.689[Battery Energy]61.79
2020-01-30_22:17:25.689[Status]Routing Start.
2020-01-30_22:17:26.006[Status]{'id': 17, 'coordinate': [949.7777190633178, 722.6468283976592]}
2020-01-30_22:17:26.008[Status]Routing 91: Walk: 90
2020-01-30_22:17:26.108[Battery Energy]61.50
2020-01-30_22:17:26.109[Status]Routing Start.
2020-01-30_22:17:26.426[Status]{'id': 17, 'coordinate': [959.6948660748825, 723.9314276157086]}
2020-01-30_22:17:26.426[Status]Routing 92: Walk: 91
2020-01-30_22:17:26.534[Battery Energy]61.23
2020-01-30_22:17:26.534[Status]Routing Start.
2020-01-30_22:17:26.866[Status]{'id': 17, 'coordinate': [969.6120130864472, 725.2160268337578]}
2020-01-30_22:17:26.867[Status]Routing 93: Walk: 92
2020-01-30_22:17:26.967[Battery Energy]60.86
2020-01-30_22:17:26.968[Status]Routing Start.
2020-01-30_22:17:27.245[Status]{'id': 17, 'coordinate': [979.5291600980119, 726.5006260518072]}
2020-01-30_22:17:27.245[Status]Routing 94: Walk: 93
2020-01-30_22:17:27.345[Battery Energy]60.56
2020-01-30_22:17:27.345[Status]Routing Start.
2020-01-30_22:17:27.682[Status]{'id': 17, 'coordinate': [989.4463071095765, 727.7852252698565]}
2020-01-30_22:17:27.682[Status]Routing 95: Walk: 94
2020-01-30_22:17:27.782[Battery Energy]60.25
2020-01-30_22:17:27.783[Status]Routing Start.
2020-01-30_22:17:28.100[Status]{'id': 17, 'coordinate': [999.3634541211412, 729.0698244879059]}
2020-01-30_22:17:28.100[Status]Routing 96: Walk: 95
2020-01-30_22:17:28.209[Battery Energy]59.92
2020-01-30_22:17:28.209[Status]Routing Start.
2020-01-30_22:17:28.535[Status]{'id': 17, 'coordinate': [1009.2806011327059, 730.3544237059551]}
2020-01-30_22:17:28.536[Status]Routing 97: Walk: 96
2020-01-30_22:17:28.641[Battery Energy]59.56
2020-01-30_22:17:28.641[Status]Routing Start.
2020-01-30_22:17:28.964[Status]{'id': 17, 'coordinate': [1019.1977481442706, 731.6390229240045]}
2020-01-30_22:17:28.964[Status]Routing 98: Walk: 97
2020-01-30_22:17:29.064[Battery Energy]59.25
2020-01-30_22:17:29.064[Status]Routing Start.
2020-01-30_22:17:29.381[Status]{'id': 17, 'coordinate': [1029.1148951558353, 732.9236221420538]}
2020-01-30_22:17:29.383[Status]Routing 99: Walk: 98
2020-01-30_22:17:29.494[Battery Energy]58.96
2020-01-30_22:17:29.494[Status]Routing Start.
2020-01-30_22:17:29.811[Status]{'id': 17, 'coordinate': [1039.0320421674, 734.208221360103]}
2020-01-30_22:17:29.811[Status]Routing 100: Walk: 99
2020-01-30_22:17:29.911[Battery Energy]58.62
2020-01-30_22:17:29.911[Status]Routing Start.
2020-01-30_22:17:30.068[Status]{'id': 17, 'coordinate': [1048.9491891789648, 735.4928205781524]}
2020-01-30_22:17:30.068[Status]Routing 101: Walk: 100
2020-01-30_22:17:30.168[Battery Energy]58.41
2020-01-30_22:17:30.168[Status]Routing Start.
2020-01-30_22:17:30.475[Status]{'id': 17, 'coordinate': [1058.8663361905296, 736.7774197962018]}
2020-01-30_22:17:30.475[Status]Routing 102: Walk: 101
2020-01-30_22:17:30.576[Battery Energy]58.10
2020-01-30_22:17:30.576[Status]Routing Start.
2020-01-30_22:17:30.951[Status]{'id': 17, 'coordinate': [1068.7834832020944, 738.0620190142511]}
2020-01-30_22:17:30.954[Status]Routing 103: Walk: 102
2020-01-30_22:17:31.062[Battery Energy]57.78
2020-01-30_22:17:31.062[Status]Routing Start.
2020-01-30_22:17:31.405[Status]{'id': 17, 'coordinate': [1078.7006302136592, 739.3466182323004]}
2020-01-30_22:17:31.405[Status]Routing 104: Walk: 103
2020-01-30_22:17:31.507[Battery Energy]57.47
2020-01-30_22:17:31.508[Status]Routing Start.
2020-01-30_22:17:31.857[Status]{'id': 17, 'coordinate': [1088.617777225224, 740.6312174503497]}
2020-01-30_22:17:31.857[Status]Routing 105: Walk: 104
2020-01-30_22:17:31.962[Battery Energy]57.15
2020-01-30_22:17:31.962[Status]Routing Start.
2020-01-30_22:17:32.251[Status]{'id': 17, 'coordinate': [1098.5349242367888, 741.9158166683991]}
2020-01-30_22:17:32.251[Status]Routing 106: Walk: 105
2020-01-30_22:17:32.351[Battery Energy]56.86
2020-01-30_22:17:32.351[Status]Routing Start.
2020-01-30_22:17:32.548[Status]{'id': 17, 'coordinate': [1108.4520712483536, 743.2004158864485]}
2020-01-30_22:17:32.548[Status]Routing 107: Walk: 106
2020-01-30_22:17:32.649[Battery Energy]56.61
2020-01-30_22:17:32.649[Status]Routing Start.
2020-01-30_22:17:32.649[Status]Task Finished.
2020-01-30_22:17:32.749[Battery Energy]56.61
2020-01-30_22:17:32.956[Status]Routing 109: Walk: 106
2020-01-30_22:17:33.056[Battery Energy]56.46
2020-01-30_22:17:33.211[Status]Routing 110: Walk: 106
2020-01-30_22:17:33.313[Battery Energy]56.36
2020-01-30_22:17:33.464[Status]Routing 111: Walk: 106
2020-01-30_22:17:33.574[Battery Energy]56.25
2020-01-30_22:17:33.883[Status]Routing 112: Walk: 106
2020-01-30_22:17:33.986[Battery Energy]56.03
2020-01-30_22:17:34.234[Status]Routing 113: Walk: 106
2020-01-30_22:17:34.342[Battery Energy]55.86
2020-01-30_22:17:34.623[Status]Routing 114: Walk: 106
2020-01-30_22:17:34.729[Battery Energy]55.64
2020-01-30_22:17:34.884[Status]Routing 115: Walk: 106
2020-01-30_22:17:34.991[Battery Energy]55.52
2020-01-30_22:17:35.288[Status]Routing 116: Walk: 106
2020-01-30_22:17:35.388[Battery Energy]55.33
2020-01-30_22:17:35.563[Status]Routing 117: Walk: 106
2020-01-30_22:17:35.670[Battery Energy]55.20
2020-01-30_22:17:35.998[Status]Routing 118: Walk: 106
2020-01-30_22:17:36.106[Battery Energy]54.94
2020-01-30_22:17:36.218[Status]Routing 119: Walk: 106
2020-01-30_22:17:36.321[Battery Energy]54.84
2020-01-30_22:17:36.666[Status]Routing 120: Walk: 106
2020-01-30_22:17:36.794[Battery Energy]54.64
2020-01-30_22:17:36.987[Status]Routing 121: Walk: 106
2020-01-30_22:17:37.087[Battery Energy]54.50
2020-01-30_22:17:37.408[Status]Routing 122: Walk: 106
2020-01-30_22:17:37.512[Battery Energy]54.28
2020-01-30_22:17:37.803[Status]Routing 123: Walk: 106
2020-01-30_22:17:37.916[Battery Energy]54.11
2020-01-30_22:17:38.188[Status]Routing 124: Walk: 106
2020-01-30_22:17:38.302[Battery Energy]53.91
2020-01-30_22:17:38.673[Status]Routing 125: Walk: 106
2020-01-30_22:17:38.780[Battery Energy]53.60
2020-01-30_22:17:38.910[Status]Routing 126: Walk: 106
2020-01-30_22:17:39.010[Battery Energy]53.50
2020-01-30_22:17:39.308[Status]Routing 127: Walk: 106
2020-01-30_22:17:39.413[Battery Energy]53.25
2020-01-30_22:17:39.633[Status]Routing 128: Walk: 106
2020-01-30_22:17:39.736[Battery Energy]53.07
2020-01-30_22:17:39.889[Status]Routing 129: Walk: 106
2020-01-30_22:17:39.990[Battery Energy]52.94
2020-01-30_22:17:40.144[Status]Routing 130: Walk: 106
2020-01-30_22:17:40.257[Battery Energy]52.81
2020-01-30_22:17:40.410[Status]Routing 131: Walk: 106
2020-01-30_22:17:40.518[Battery Energy]52.68
2020-01-30_22:17:40.821[Status]Routing 132: Walk: 106
2020-01-30_22:17:40.922[Battery Energy]52.46
2020-01-30_22:17:41.257[Status]Routing 133: Walk: 106
2020-01-30_22:17:41.358[Battery Energy]52.24
2020-01-30_22:17:41.686[Status]Routing 134: Walk: 106
2020-01-30_22:17:41.786[Battery Energy]52.03
2020-01-30_22:17:42.124[Status]Routing 135: Walk: 106
2020-01-30_22:17:42.229[Battery Energy]51.79
2020-01-30_22:17:42.586[Status]Routing 136: Walk: 106
2020-01-30_22:17:42.690[Battery Energy]51.55
2020-01-30_22:17:43.009[Status]Routing 137: Walk: 106
2020-01-30_22:17:43.111[Battery Energy]51.35
2020-01-30_22:17:43.399[Status]Routing 138: Walk: 106
2020-01-30_22:17:43.502[Battery Energy]51.17
2020-01-30_22:17:43.804[Status]Routing 139: Walk: 106
2020-01-30_22:17:43.914[Battery Energy]50.94
2020-01-30_22:17:44.205[Status]Routing 140: Walk: 106
2020-01-30_22:17:44.313[Battery Energy]50.71
2020-01-30_22:17:44.635[Status]Routing 141: Walk: 106
2020-01-30_22:17:44.744[Battery Energy]50.49
2020-01-30_22:17:45.038[Status]Routing 142: Walk: 106
2020-01-30_22:17:45.138[Battery Energy]50.27
2020-01-30_22:17:45.295[Status]Routing 143: Walk: 106
2020-01-30_22:17:45.402[Battery Energy]50.15
2020-01-30_22:17:45.551[Status]Routing 144: Walk: 106
2020-01-30_22:17:45.652[Battery Energy]50.04
2020-01-30_22:17:45.799[Status]Routing 145: Walk: 106
2020-01-30_22:17:45.904[Battery Energy]49.92
2020-01-30_22:17:46.042[Status]Routing 146: Walk: 106
2020-01-30_22:17:46.154[Battery Energy]49.84
2020-01-30_22:17:46.371[Status]Routing 147: Walk: 106
2020-01-30_22:17:46.472[Battery Energy]49.70
2020-01-30_22:17:46.626[Status]Routing 148: Walk: 106
2020-01-30_22:17:46.726[Battery Energy]49.57
2020-01-30_22:17:46.893[Status]Routing 149: Walk: 106
2020-01-30_22:17:47.006[Battery Energy]49.45
2020-01-30_22:17:47.139[Status]Routing 150: Walk: 106
2020-01-30_22:17:47.242[Battery Energy]49.34
2020-01-30_22:17:47.382[Status]Routing 151: Walk: 106
2020-01-30_22:17:47.490[Battery Energy]49.23
2020-01-30_22:17:47.630[Status]Routing 152: Walk: 106
2020-01-30_22:17:47.750[Battery Energy]49.12
2020-01-30_22:17:47.899[Status]Routing 153: Walk: 106
2020-01-30_22:17:48.006[Battery Energy]49.01
2020-01-30_22:17:48.160[Status]Routing 154: Walk: 106
2020-01-30_22:17:48.266[Battery Energy]48.88
2020-01-30_22:17:48.442[Status]Routing 155: Walk: 106
2020-01-30_22:17:48.550[Battery Energy]48.77
2020-01-30_22:17:48.674[Status]Routing 156: Walk: 106
2020-01-30_22:17:48.786[Battery Energy]48.67
2020-01-30_22:17:49.003[Status]Routing 157: Walk: 106
2020-01-30_22:17:49.106[Battery Energy]48.48
2020-01-30_22:17:49.260[Status]Routing 158: Walk: 106
2020-01-30_22:17:49.361[Battery Energy]48.36
2020-01-30_22:17:49.496[Status]Routing 159: Walk: 106
2020-01-30_22:17:49.597[Battery Energy]48.25
2020-01-30_22:17:49.778[Status]Routing 160: Walk: 106
2020-01-30_22:17:49.890[Battery Energy]48.12
2020-01-30_22:17:50.136[Status]Routing 161: Walk: 106
2020-01-30_22:17:50.242[Battery Energy]47.95
2020-01-30_22:17:50.370[Status]Routing 162: Walk: 106
2020-01-30_22:17:50.471[Battery Energy]47.84
2020-01-30_22:17:50.624[Status]Routing 163: Walk: 106
2020-01-30_22:17:50.726[Battery Energy]47.72
2020-01-30_22:17:50.876[Status]Routing 164: Walk: 106
2020-01-30_22:17:50.988[Battery Energy]47.60
2020-01-30_22:17:51.097[Status]Routing 165: Walk: 106
2020-01-30_22:17:51.197[Battery Energy]47.50
2020-01-30_22:17:51.333[Status]Routing 166: Walk: 106
2020-01-30_22:17:51.446[Battery Energy]47.39
2020-01-30_22:17:51.585[Status]Routing 167: Walk: 106
2020-01-30_22:17:51.694[Battery Energy]47.28
2020-01-30_22:17:51.830[Status]Routing 168: Walk: 106
2020-01-30_22:17:51.942[Battery Energy]47.18
2020-01-30_22:17:52.073[Status]Routing 169: Walk: 106
2020-01-30_22:17:52.174[Battery Energy]47.11
2020-01-30_22:17:52.337[Status]Routing 170: Walk: 106
2020-01-30_22:17:52.439[Battery Energy]47.01
2020-01-30_22:17:52.577[Status]Routing 171: Walk: 106
2020-01-30_22:17:52.677[Battery Energy]46.90
2020-01-30_22:17:52.828[Status]Routing 172: Walk: 106
2020-01-30_22:17:52.938[Battery Energy]46.79
2020-01-30_22:17:53.111[Status]Routing 173: Walk: 106
2020-01-30_22:17:53.212[Battery Energy]46.68
2020-01-30_22:17:53.369[Status]Routing 174: Walk: 106
2020-01-30_22:17:53.486[Battery Energy]46.57
2020-01-30_22:17:53.607[Status]Routing 175: Walk: 106
2020-01-30_22:17:53.707[Battery Energy]46.47
2020-01-30_22:17:53.875[Status]Routing 176: Walk: 106
2020-01-30_22:17:53.986[Battery Energy]46.36
2020-01-30_22:17:54.134[Status]Routing 177: Walk: 106
2020-01-30_22:17:54.242[Battery Energy]46.24
2020-01-30_22:17:54.385[Status]Routing 178: Walk: 106
2020-01-30_22:17:54.494[Battery Energy]46.15
2020-01-30_22:17:54.648[Status]Routing 179: Walk: 106
2020-01-30_22:17:54.762[Battery Energy]46.06
2020-01-30_22:17:54.890[Status]Routing 180: Walk: 106
2020-01-30_22:17:54.990[Battery Energy]45.98
2020-01-30_22:17:55.156[Status]Routing 181: Walk: 106
2020-01-30_22:17:55.270[Battery Energy]45.87
2020-01-30_22:17:55.397[Status]Routing 182: Walk: 106
2020-01-30_22:17:55.497[Battery Energy]45.78
2020-01-30_22:17:55.681[Status]Routing 183: Walk: 106
2020-01-30_22:17:55.781[Battery Energy]45.65
2020-01-30_22:17:55.947[Status]Routing 184: Walk: 106
2020-01-30_22:17:56.058[Battery Energy]45.52
2020-01-30_22:17:56.178[Status]Routing 185: Walk: 106
2020-01-30_22:17:56.289[Battery Energy]45.43
2020-01-30_22:17:56.464[Status]Routing 186: Walk: 106
2020-01-30_22:17:56.564[Battery Energy]45.31
2020-01-30_22:17:56.737[Status]Routing 187: Walk: 106
2020-01-30_22:17:56.838[Battery Energy]45.20
2020-01-30_22:17:56.999[Status]Routing 188: Walk: 106
2020-01-30_22:17:57.103[Battery Energy]45.09
2020-01-30_22:17:57.236[Status]Routing 189: Walk: 106
2020-01-30_22:17:57.345[Battery Energy]44.97
2020-01-30_22:17:57.491[Status]Routing 190: Walk: 106
2020-01-30_22:17:57.592[Battery Energy]44.87
2020-01-30_22:17:57.729[Status]Routing 191: Walk: 106
2020-01-30_22:17:57.829[Battery Energy]44.77
2020-01-30_22:17:57.970[Status]Routing 192: Walk: 106
2020-01-30_22:17:58.070[Battery Energy]44.66
2020-01-30_22:17:58.215[Status]Routing 193: Walk: 106
2020-01-30_22:17:58.330[Battery Energy]44.57
2020-01-30_22:17:58.467[Status]Routing 194: Walk: 106
2020-01-30_22:17:58.574[Battery Energy]44.47
2020-01-30_22:17:58.708[Status]Routing 195: Walk: 106
2020-01-30_22:17:58.822[Battery Energy]44.36
2020-01-30_22:17:58.978[Status]Routing 196: Walk: 106
2020-01-30_22:17:59.078[Battery Energy]44.23
2020-01-30_22:17:59.200[Status]Routing 197: Walk: 106
2020-01-30_22:17:59.310[Battery Energy]44.13
2020-01-30_22:17:59.449[Status]Routing 198: Walk: 106
2020-01-30_22:17:59.558[Battery Energy]44.01
2020-01-30_22:17:59.685[Status]Routing 199: Walk: 106
2020-01-30_22:17:59.786[Battery Energy]43.92
2020-01-30_22:17:59.929[Status]Routing 200: Walk: 106
2020-01-30_22:18:00.033[Battery Energy]43.82
2020-01-30_22:18:00.172[Status]Routing 201: Walk: 106
2020-01-30_22:18:00.275[Battery Energy]43.69
2020-01-30_22:18:00.430[Status]Routing 202: Walk: 106
2020-01-30_22:18:00.538[Battery Energy]43.60
2020-01-30_22:18:00.688[Status]Routing 203: Walk: 106
2020-01-30_22:18:00.806[Battery Energy]43.49
2020-01-30_22:18:00.939[Status]Routing 204: Walk: 106
2020-01-30_22:18:01.048[Battery Energy]43.38
2020-01-30_22:18:01.190[Status]Routing 205: Walk: 106
2020-01-30_22:18:01.291[Battery Energy]43.26
2020-01-30_22:18:01.420[Status]Routing 206: Walk: 106
2020-01-30_22:18:01.525[Battery Energy]43.14
2020-01-30_22:18:01.663[Status]Routing 207: Walk: 106
2020-01-30_22:18:01.770[Battery Energy]43.01
2020-01-30_22:18:01.905[Status]Routing 208: Walk: 106
2020-01-30_22:18:02.010[Battery Energy]42.89
2020-01-30_22:18:02.179[Status]Routing 209: Walk: 106
2020-01-30_22:18:02.281[Battery Energy]42.75
2020-01-30_22:18:02.436[Status]Routing 210: Walk: 106
2020-01-30_22:18:02.542[Battery Energy]42.64
2020-01-30_22:18:02.689[Status]Routing 211: Walk: 106
2020-01-30_22:18:02.802[Battery Energy]42.54
2020-01-30_22:18:02.929[Status]Routing 212: Walk: 106
2020-01-30_22:18:03.029[Battery Energy]42.44
2020-01-30_22:18:03.209[Status]Routing 213: Walk: 106
2020-01-30_22:18:03.309[Battery Energy]42.35
2020-01-30_22:18:03.455[Status]Routing 214: Walk: 106
2020-01-30_22:18:03.558[Battery Energy]42.23
2020-01-30_22:18:03.702[Status]Routing 215: Walk: 106
2020-01-30_22:18:03.809[Battery Energy]42.13
2020-01-30_22:18:03.955[Status]Routing 216: Walk: 106
2020-01-30_22:18:04.055[Battery Energy]42.02
2020-01-30_22:18:04.191[Status]Routing 217: Walk: 106
2020-01-30_22:18:04.305[Battery Energy]41.92
2020-01-30_22:18:04.440[Status]Routing 218: Walk: 106
2020-01-30_22:18:04.543[Battery Energy]41.85
2020-01-30_22:18:04.701[Status]Routing 219: Walk: 106
2020-01-30_22:18:04.806[Battery Energy]41.72
2020-01-30_22:18:04.962[Status]Routing 220: Walk: 106
2020-01-30_22:18:05.063[Battery Energy]41.61
2020-01-30_22:18:05.230[Status]Routing 221: Walk: 106
2020-01-30_22:18:05.330[Battery Energy]41.51
2020-01-30_22:18:05.472[Status]Routing 222: Walk: 106
2020-01-30_22:18:05.580[Battery Energy]41.40
2020-01-30_22:18:05.713[Status]Routing 223: Walk: 106
2020-01-30_22:18:05.822[Battery Energy]41.31
2020-01-30_22:18:05.964[Status]Routing 224: Walk: 106
2020-01-30_22:18:06.072[Battery Energy]41.19
2020-01-30_22:18:06.213[Status]Routing 225: Walk: 106
2020-01-30_22:18:06.329[Battery Energy]41.09
2020-01-30_22:18:06.465[Status]Routing 226: Walk: 106
2020-01-30_22:18:06.574[Battery Energy]40.99
2020-01-30_22:18:06.712[Status]Routing 227: Walk: 106
2020-01-30_22:18:06.813[Battery Energy]40.87
2020-01-30_22:18:07.043[Status]Routing 228: Walk: 106
2020-01-30_22:18:07.148[Battery Energy]40.71
2020-01-30_22:18:07.301[Status]Routing 229: Walk: 106
2020-01-30_22:18:07.410[Battery Energy]40.59
2020-01-30_22:18:07.549[Status]Routing 230: Walk: 106
2020-01-30_22:18:07.662[Battery Energy]40.48
2020-01-30_22:18:07.863[Status]Routing 231: Walk: 106
2020-01-30_22:18:07.963[Battery Energy]40.36
2020-01-30_22:18:08.151[Status]Routing 232: Walk: 106
2020-01-30_22:18:08.257[Battery Energy]40.24
2020-01-30_22:18:08.394[Status]Routing 233: Walk: 106
2020-01-30_22:18:08.506[Battery Energy]40.13
