2020-01-30_22:16:43.183[Status]Start.
2020-01-30_22:16:43.183[Battery Energy]100.00
2020-01-30_22:16:44.286[Battery Energy]99.96
2020-01-30_22:16:45.387[Battery Energy]99.92
2020-01-30_22:16:46.488[Battery Energy]99.88
2020-01-30_22:16:47.589[Battery Energy]99.84
2020-01-30_22:16:48.691[Task]A New Task Released.
2020-01-30_22:16:48.691[Battery Energy]99.80
2020-01-30_22:16:48.691[Status]Selection Start.
2020-01-30_22:16:54.362[Status]Selection End: Do Task 2.
2020-01-30_22:16:54.472[Battery Energy]95.64
2020-01-30_22:16:54.472[Status]Formation Start.
2020-01-30_22:16:54.645[Status]number of tasks is 6
2020-01-30_22:16:54.649[Status]my group tasks is [ 1005.   175.]
2020-01-30_22:16:54.654[Status]my group tasks is [ 1145.   175.]
2020-01-30_22:16:54.654[Status]my group tasks is [ 1040.           114.37822174]
2020-01-30_22:16:54.662[Status]my group tasks is [ 1110.           114.37822174]
2020-01-30_22:16:54.678[Status]my group tasks is [ 1110.           235.62177826]
2020-01-30_22:16:54.685[Status]my group tasks is [ 1040.           235.62177826]
2020-01-30_22:16:54.723[Status]mygroup_robots_utility is {16: [33.80614663564009, 18.820212299614546, 17.547957083845578, 38.871762008942156, 17.398843611573398, 18.648986164526303], 1: [32.492683717154556, 16.525829074533043, 18.246330083451205, 35.323951274020736, 37.194770139410195, 17.038274724781083], 18: [16.312917033162773, 17.5784342650057, 17.4213265052023, 33.18382100649012, 30.90804321288742, 31.158007061029764], 20: [16.99637862759414, 19.550422827524073, 18.834276781826734, 35.155955535790326, 37.701326462539335, 35.12743627474841], 6: [17.969827901989994, 19.824076289700027, 20.662595669581645, 37.305269532152145, 20.00504897411821, 36.99143865390584], 13: [18.782860059915745, 19.950503558628206, 20.800555164789774, 40.28929940562838, 18.614599587039834, 18.090712578467283]}
2020-01-30_22:16:54.724[Status]self.local_queue is [1, 18, 20, 16, 6, 13]
2020-01-30_22:16:54.724[Status]task_chosen index is 4
2020-01-30_22:16:54.724[Status]task_chosen index is 3
2020-01-30_22:16:54.724[Status]task_chosen index is 5
2020-01-30_22:16:54.724[Status]task_chosen index is 0
2020-01-30_22:16:54.724[Status]task_chosen index is 2
2020-01-30_22:16:54.724[Status]myindex_in_queue is 2
2020-01-30_22:16:54.724[Status]task destination is [1040.0, 235.62177826491072]
2020-01-30_22:16:54.824[Battery Energy]95.43
2020-01-30_22:16:54.824[Status]Routing Start.
2020-01-30_22:16:54.957[Status]{'coordinate': [133.9013557736617, 107.401125919886], 'id': 6}
2020-01-30_22:16:54.957[Status]Routing 1: Walk: 1
2020-01-30_22:16:55.057[Battery Energy]95.23
2020-01-30_22:16:55.057[Status]Routing Start.
2020-01-30_22:16:55.203[Status]{'coordinate': [143.80271154732338, 108.802251839772], 'id': 6}
2020-01-30_22:16:55.203[Status]Routing 2: Walk: 2
2020-01-30_22:16:55.318[Battery Energy]95.03
2020-01-30_22:16:55.318[Status]Routing Start.
2020-01-30_22:16:55.441[Status]{'coordinate': [153.70406732098508, 110.203377759658], 'id': 6}
2020-01-30_22:16:55.441[Status]Routing 3: Walk: 3
2020-01-30_22:16:55.541[Battery Energy]94.84
2020-01-30_22:16:55.541[Status]Routing Start.
2020-01-30_22:16:55.672[Status]{'coordinate': [163.60542309464677, 111.604503679544], 'id': 6}
2020-01-30_22:16:55.672[Status]Routing 4: Walk: 4
2020-01-30_22:16:55.772[Battery Energy]94.64
2020-01-30_22:16:55.772[Status]Routing Start.
2020-01-30_22:16:55.974[Status]{'coordinate': [173.50677886830846, 113.00562959943], 'id': 6}
2020-01-30_22:16:55.975[Status]Routing 5: Walk: 5
2020-01-30_22:16:56.086[Battery Energy]94.38
2020-01-30_22:16:56.086[Status]Routing Start.
2020-01-30_22:16:56.388[Status]{'coordinate': [183.40813464197015, 114.406755519316], 'id': 6}
2020-01-30_22:16:56.389[Status]Routing 6: Walk: 6
2020-01-30_22:16:56.490[Battery Energy]94.08
2020-01-30_22:16:56.490[Status]Routing Start.
2020-01-30_22:16:56.804[Status]{'coordinate': [193.30949041563184, 115.80788143920199], 'id': 6}
2020-01-30_22:16:56.805[Status]Routing 7: Walk: 7
2020-01-30_22:16:56.905[Battery Energy]93.77
2020-01-30_22:16:56.905[Status]Routing Start.
2020-01-30_22:16:57.210[Status]{'coordinate': [203.21084618929353, 117.20900735908799], 'id': 6}
2020-01-30_22:16:57.211[Status]Routing 8: Walk: 8
2020-01-30_22:16:57.322[Battery Energy]93.50
2020-01-30_22:16:57.322[Status]Routing Start.
2020-01-30_22:16:57.655[Status]{'coordinate': [213.11220196295523, 118.61013327897398], 'id': 6}
2020-01-30_22:16:57.657[Status]Routing 9: Walk: 9
2020-01-30_22:16:57.758[Battery Energy]93.17
2020-01-30_22:16:57.758[Status]Routing Start.
2020-01-30_22:16:58.090[Status]{'coordinate': [223.01355773661692, 120.01125919885996], 'id': 6}
2020-01-30_22:16:58.091[Status]Routing 10: Walk: 10
2020-01-30_22:16:58.193[Battery Energy]92.89
2020-01-30_22:16:58.193[Status]Routing Start.
2020-01-30_22:16:58.529[Status]{'coordinate': [232.9149135102786, 121.41238511874596], 'id': 6}
2020-01-30_22:16:58.530[Status]Routing 11: Walk: 11
2020-01-30_22:16:58.634[Battery Energy]92.54
2020-01-30_22:16:58.634[Status]Routing Start.
2020-01-30_22:16:58.954[Status]{'coordinate': [242.8162692839403, 122.81351103863196], 'id': 6}
2020-01-30_22:16:58.956[Status]Routing 12: Walk: 12
2020-01-30_22:16:59.058[Battery Energy]92.19
2020-01-30_22:16:59.058[Status]Routing Start.
2020-01-30_22:16:59.373[Status]{'coordinate': [252.717625057602, 124.21463695851794], 'id': 6}
2020-01-30_22:16:59.373[Status]Routing 13: Walk: 13
2020-01-30_22:16:59.473[Battery Energy]91.87
2020-01-30_22:16:59.473[Status]Routing Start.
2020-01-30_22:16:59.837[Status]{'coordinate': [262.6189808312637, 125.61576287840393], 'id': 6}
2020-01-30_22:16:59.838[Status]Routing 14: Walk: 14
2020-01-30_22:16:59.938[Battery Energy]91.50
2020-01-30_22:16:59.939[Status]Routing Start.
2020-01-30_22:17:00.244[Status]{'coordinate': [272.5203366049254, 127.01688879828991], 'id': 6}
2020-01-30_22:17:00.244[Status]Routing 15: Walk: 15
2020-01-30_22:17:00.354[Battery Energy]91.20
2020-01-30_22:17:00.354[Status]Routing Start.
2020-01-30_22:17:00.665[Status]{'coordinate': [282.42169237858707, 128.4180147181759], 'id': 6}
2020-01-30_22:17:00.665[Status]Routing 16: Walk: 16
2020-01-30_22:17:00.765[Battery Energy]90.89
2020-01-30_22:17:00.765[Status]Routing Start.
2020-01-30_22:17:01.076[Status]{'coordinate': [292.32304815224876, 129.8191406380619], 'id': 6}
2020-01-30_22:17:01.076[Status]Routing 17: Walk: 17
2020-01-30_22:17:01.190[Battery Energy]90.57
2020-01-30_22:17:01.190[Status]Routing Start.
2020-01-30_22:17:01.465[Status]{'coordinate': [302.22440392591045, 131.2202665579479], 'id': 6}
2020-01-30_22:17:01.465[Status]Routing 18: Walk: 18
2020-01-30_22:17:01.574[Battery Energy]90.28
2020-01-30_22:17:01.574[Status]Routing Start.
2020-01-30_22:17:01.904[Status]{'coordinate': [312.12575969957214, 132.6213924778339], 'id': 6}
2020-01-30_22:17:01.904[Status]Routing 19: Walk: 19
2020-01-30_22:17:02.007[Battery Energy]89.94
2020-01-30_22:17:02.007[Status]Routing Start.
2020-01-30_22:17:02.333[Status]{'coordinate': [322.02711547323383, 134.0225183977199], 'id': 6}
2020-01-30_22:17:02.335[Status]Routing 20: Walk: 20
2020-01-30_22:17:02.442[Battery Energy]89.65
2020-01-30_22:17:02.446[Status]Routing Start.
2020-01-30_22:17:02.742[Status]{'coordinate': [331.9284712468955, 135.4236443176059], 'id': 6}
2020-01-30_22:17:02.742[Status]Routing 21: Walk: 21
2020-01-30_22:17:02.858[Battery Energy]89.33
2020-01-30_22:17:02.858[Status]Routing Start.
2020-01-30_22:17:02.994[Status]{'coordinate': [341.8298270205572, 136.8247702374919], 'id': 6}
2020-01-30_22:17:02.994[Status]Routing 22: Walk: 22
2020-01-30_22:17:03.106[Battery Energy]89.12
2020-01-30_22:17:03.106[Status]Routing Start.
2020-01-30_22:17:03.379[Status]{'coordinate': [351.7311827942189, 138.2258961573779], 'id': 6}
2020-01-30_22:17:03.379[Status]Routing 23: Walk: 23
2020-01-30_22:17:03.498[Battery Energy]88.85
2020-01-30_22:17:03.498[Status]Routing Start.
2020-01-30_22:17:03.627[Status]{'coordinate': [361.6325385678806, 139.6270220772639], 'id': 6}
2020-01-30_22:17:03.627[Status]Routing 24: Walk: 24
2020-01-30_22:17:03.727[Battery Energy]88.66
2020-01-30_22:17:03.727[Status]Routing Start.
2020-01-30_22:17:04.008[Status]{'coordinate': [371.5338943415423, 141.0281479971499], 'id': 6}
2020-01-30_22:17:04.008[Status]Routing 25: Walk: 25
2020-01-30_22:17:04.108[Battery Energy]88.35
2020-01-30_22:17:04.108[Status]Routing Start.
2020-01-30_22:17:04.442[Status]{'coordinate': [381.435250115204, 142.42927391703589], 'id': 6}
2020-01-30_22:17:04.443[Status]Routing 26: Walk: 26
2020-01-30_22:17:04.543[Battery Energy]88.00
2020-01-30_22:17:04.543[Status]Routing Start.
2020-01-30_22:17:04.806[Status]{'coordinate': [391.3366058888657, 143.83039983692188], 'id': 6}
2020-01-30_22:17:04.807[Status]Routing 27: Walk: 27
2020-01-30_22:17:04.914[Battery Energy]87.73
2020-01-30_22:17:04.914[Status]Routing Start.
2020-01-30_22:17:05.238[Status]{'coordinate': [401.23796166252737, 145.23152575680788], 'id': 6}
2020-01-30_22:17:05.238[Status]Routing 28: Walk: 28
2020-01-30_22:17:05.346[Battery Energy]87.37
2020-01-30_22:17:05.346[Status]Routing Start.
2020-01-30_22:17:05.646[Status]{'coordinate': [411.13931743618906, 146.63265167669388], 'id': 6}
2020-01-30_22:17:05.647[Status]Routing 29: Walk: 29
2020-01-30_22:17:05.757[Battery Energy]87.04
2020-01-30_22:17:05.757[Status]Routing Start.
2020-01-30_22:17:06.053[Status]{'coordinate': [421.04067320985075, 148.03377759657988], 'id': 6}
2020-01-30_22:17:06.053[Status]Routing 30: Walk: 30
2020-01-30_22:17:06.162[Battery Energy]86.75
2020-01-30_22:17:06.162[Status]Routing Start.
2020-01-30_22:17:06.472[Status]{'coordinate': [430.94202898351244, 149.43490351646588], 'id': 6}
2020-01-30_22:17:06.472[Status]Routing 31: Walk: 31
2020-01-30_22:17:06.572[Battery Energy]86.45
2020-01-30_22:17:06.572[Status]Routing Start.
2020-01-30_22:17:06.895[Status]{'coordinate': [440.84338475717414, 150.83602943635188], 'id': 6}
2020-01-30_22:17:06.895[Status]Routing 32: Walk: 32
2020-01-30_22:17:07.006[Battery Energy]86.12
2020-01-30_22:17:07.006[Status]Routing Start.
2020-01-30_22:17:07.393[Status]{'coordinate': [450.7447405308358, 152.23715535623788], 'id': 6}
2020-01-30_22:17:07.393[Status]Routing 33: Walk: 33
2020-01-30_22:17:07.506[Battery Energy]85.72
2020-01-30_22:17:07.506[Status]Routing Start.
2020-01-30_22:17:07.808[Status]{'coordinate': [460.6460963044975, 153.63828127612388], 'id': 6}
2020-01-30_22:17:07.808[Status]Routing 34: Walk: 34
2020-01-30_22:17:07.908[Battery Energy]85.41
2020-01-30_22:17:07.908[Status]Routing Start.
2020-01-30_22:17:08.247[Status]{'coordinate': [470.5474520781592, 155.03940719600988], 'id': 6}
2020-01-30_22:17:08.249[Status]Routing 35: Walk: 35
2020-01-30_22:17:08.358[Battery Energy]85.11
2020-01-30_22:17:08.358[Status]Routing Start.
2020-01-30_22:17:08.689[Status]{'coordinate': [480.4488078518209, 156.44053311589587], 'id': 6}
2020-01-30_22:17:08.689[Status]Routing 36: Walk: 36
2020-01-30_22:17:08.791[Battery Energy]84.82
2020-01-30_22:17:08.791[Status]Routing Start.
2020-01-30_22:17:09.094[Status]{'coordinate': [490.3501636254826, 157.84165903578187], 'id': 6}
2020-01-30_22:17:09.097[Status]Routing 37: Walk: 37
2020-01-30_22:17:09.198[Battery Energy]84.48
2020-01-30_22:17:09.198[Status]Routing Start.
2020-01-30_22:17:09.509[Status]{'coordinate': [500.2515193991443, 159.24278495566787], 'id': 6}
2020-01-30_22:17:09.511[Status]Routing 38: Walk: 38
2020-01-30_22:17:09.613[Battery Energy]84.14
2020-01-30_22:17:09.613[Status]Routing Start.
2020-01-30_22:17:09.942[Status]{'coordinate': [510.152875172806, 160.64391087555387], 'id': 6}
2020-01-30_22:17:09.944[Status]Routing 39: Walk: 39
2020-01-30_22:17:10.045[Battery Energy]83.78
2020-01-30_22:17:10.045[Status]Routing Start.
2020-01-30_22:17:10.366[Status]{'coordinate': [520.0542309464677, 162.04503679543987], 'id': 6}
2020-01-30_22:17:10.367[Status]Routing 40: Walk: 40
2020-01-30_22:17:10.470[Battery Energy]83.45
2020-01-30_22:17:10.470[Status]Routing Start.
2020-01-30_22:17:10.759[Status]{'coordinate': [529.9555867201293, 163.44616271532587], 'id': 6}
2020-01-30_22:17:10.760[Status]Routing 41: Walk: 41
2020-01-30_22:17:10.860[Battery Energy]83.18
2020-01-30_22:17:10.860[Status]Routing Start.
2020-01-30_22:17:11.164[Status]{'coordinate': [539.8569424937909, 164.84728863521187], 'id': 6}
2020-01-30_22:17:11.164[Status]Routing 42: Walk: 42
2020-01-30_22:17:11.270[Battery Energy]82.87
2020-01-30_22:17:11.270[Status]Routing Start.
2020-01-30_22:17:11.535[Status]{'coordinate': [549.7582982674526, 166.24841455509787], 'id': 6}
2020-01-30_22:17:11.535[Status]Routing 43: Walk: 43
2020-01-30_22:17:11.635[Battery Energy]82.59
2020-01-30_22:17:11.635[Status]Routing Start.
2020-01-30_22:17:11.783[Status]{'coordinate': [559.6596540411142, 167.64954047498387], 'id': 6}
2020-01-30_22:17:11.785[Status]Routing 44: Walk: 44
2020-01-30_22:17:11.893[Battery Energy]82.37
2020-01-30_22:17:11.893[Status]Routing Start.
2020-01-30_22:17:12.033[Status]{'coordinate': [569.5610098147758, 169.05066639486986], 'id': 6}
2020-01-30_22:17:12.036[Status]Routing 45: Walk: 45
2020-01-30_22:17:12.137[Battery Energy]82.15
2020-01-30_22:17:12.137[Status]Routing Start.
2020-01-30_22:17:12.269[Status]{'coordinate': [579.4623655884375, 170.45179231475586], 'id': 6}
2020-01-30_22:17:12.269[Status]Routing 46: Walk: 46
2020-01-30_22:17:12.378[Battery Energy]81.95
2020-01-30_22:17:12.378[Status]Routing Start.
2020-01-30_22:17:12.530[Status]{'coordinate': [589.3637213620991, 171.85291823464186], 'id': 6}
2020-01-30_22:17:12.530[Status]Routing 47: Walk: 47
2020-01-30_22:17:12.632[Battery Energy]81.75
2020-01-30_22:17:12.632[Status]Routing Start.
2020-01-30_22:17:12.995[Status]{'coordinate': [599.2650771357607, 173.25404415452786], 'id': 6}
2020-01-30_22:17:12.995[Status]Routing 48: Walk: 48
2020-01-30_22:17:13.102[Battery Energy]81.43
2020-01-30_22:17:13.102[Status]Routing Start.
2020-01-30_22:17:13.417[Status]{'coordinate': [609.1664329094224, 174.65517007441386], 'id': 6}
2020-01-30_22:17:13.417[Status]Routing 49: Walk: 49
2020-01-30_22:17:13.530[Battery Energy]81.09
2020-01-30_22:17:13.530[Status]Routing Start.
2020-01-30_22:17:13.869[Status]{'coordinate': [619.067788683084, 176.05629599429986], 'id': 6}
2020-01-30_22:17:13.869[Status]Routing 50: Walk: 50
2020-01-30_22:17:13.970[Battery Energy]80.80
2020-01-30_22:17:13.970[Status]Routing Start.
2020-01-30_22:17:14.290[Status]{'coordinate': [628.9691444567457, 177.45742191418586], 'id': 6}
2020-01-30_22:17:14.290[Status]Routing 51: Walk: 51
2020-01-30_22:17:14.394[Battery Energy]80.45
2020-01-30_22:17:14.394[Status]Routing Start.
2020-01-30_22:17:14.729[Status]{'coordinate': [638.8705002304073, 178.85854783407183], 'id': 6}
2020-01-30_22:17:14.729[Status]Routing 52: Walk: 52
2020-01-30_22:17:14.837[Battery Energy]80.12
2020-01-30_22:17:14.837[Status]Routing Start.
2020-01-30_22:17:15.002[Status]{'coordinate': [648.7718560040689, 180.25967375395783], 'id': 6}
2020-01-30_22:17:15.002[Status]Routing 53: Walk: 53
2020-01-30_22:17:15.114[Battery Energy]79.92
2020-01-30_22:17:15.114[Status]Routing Start.
2020-01-30_22:17:15.264[Status]{'coordinate': [658.6732117777306, 181.6607996738438], 'id': 6}
2020-01-30_22:17:15.264[Status]Routing 54: Walk: 54
2020-01-30_22:17:15.365[Battery Energy]79.69
2020-01-30_22:17:15.365[Status]Routing Start.
2020-01-30_22:17:15.501[Status]{'coordinate': [668.5745675513922, 183.06192559372977], 'id': 6}
2020-01-30_22:17:15.502[Status]Routing 55: Walk: 55
2020-01-30_22:17:15.606[Battery Energy]79.48
2020-01-30_22:17:15.606[Status]Routing Start.
2020-01-30_22:17:15.773[Status]{'coordinate': [678.4759233250538, 184.46305151361574], 'id': 6}
2020-01-30_22:17:15.773[Status]Routing 56: Walk: 56
2020-01-30_22:17:15.886[Battery Energy]79.27
2020-01-30_22:17:15.886[Status]Routing Start.
2020-01-30_22:17:16.019[Status]{'coordinate': [688.3772790987155, 185.8641774335017], 'id': 6}
2020-01-30_22:17:16.019[Status]Routing 57: Walk: 57
2020-01-30_22:17:16.126[Battery Energy]79.07
2020-01-30_22:17:16.126[Status]Routing Start.
2020-01-30_22:17:16.284[Status]{'coordinate': [698.2786348723771, 187.2653033533877], 'id': 6}
2020-01-30_22:17:16.284[Status]Routing 58: Walk: 58
2020-01-30_22:17:16.384[Battery Energy]78.83
2020-01-30_22:17:16.384[Status]Routing Start.
2020-01-30_22:17:16.537[Status]{'coordinate': [708.1799906460387, 188.66642927327368], 'id': 6}
2020-01-30_22:17:16.538[Status]Routing 59: Walk: 59
2020-01-30_22:17:16.649[Battery Energy]78.63
2020-01-30_22:17:16.649[Status]Routing Start.
2020-01-30_22:17:16.780[Status]{'coordinate': [718.0813464197004, 190.06755519315965], 'id': 6}
2020-01-30_22:17:16.780[Status]Routing 60: Walk: 60
2020-01-30_22:17:16.890[Battery Energy]78.43
2020-01-30_22:17:16.890[Status]Routing Start.
2020-01-30_22:17:17.023[Status]{'coordinate': [727.982702193362, 191.46868111304565], 'id': 6}
2020-01-30_22:17:17.025[Status]Routing 61: Walk: 61
2020-01-30_22:17:17.127[Battery Energy]78.23
2020-01-30_22:17:17.127[Status]Routing Start.
2020-01-30_22:17:17.274[Status]{'coordinate': [737.8840579670236, 192.86980703293162], 'id': 6}
2020-01-30_22:17:17.275[Status]Routing 62: Walk: 62
2020-01-30_22:17:17.382[Battery Energy]78.02
2020-01-30_22:17:17.382[Status]Routing Start.
2020-01-30_22:17:17.524[Status]{'coordinate': [747.7854137406853, 194.2709329528176], 'id': 6}
2020-01-30_22:17:17.524[Status]Routing 63: Walk: 63
2020-01-30_22:17:17.624[Battery Energy]77.82
2020-01-30_22:17:17.624[Status]Routing Start.
2020-01-30_22:17:17.870[Status]{'coordinate': [757.6867695143469, 195.67205887270356], 'id': 6}
2020-01-30_22:17:17.870[Status]Routing 64: Walk: 64
2020-01-30_22:17:17.978[Battery Energy]77.55
2020-01-30_22:17:17.978[Status]Routing Start.
2020-01-30_22:17:18.121[Status]{'coordinate': [767.5881252880085, 197.07318479258953], 'id': 6}
2020-01-30_22:17:18.121[Status]Routing 65: Walk: 65
2020-01-30_22:17:18.222[Battery Energy]77.35
2020-01-30_22:17:18.222[Status]Routing Start.
2020-01-30_22:17:18.377[Status]{'coordinate': [777.4894810616702, 198.47431071247553], 'id': 6}
2020-01-30_22:17:18.378[Status]Routing 66: Walk: 66
2020-01-30_22:17:18.482[Battery Energy]77.15
2020-01-30_22:17:18.482[Status]Routing Start.
2020-01-30_22:17:18.625[Status]{'coordinate': [787.3908368353318, 199.8754366323615], 'id': 6}
2020-01-30_22:17:18.625[Status]Routing 67: Walk: 67
2020-01-30_22:17:18.730[Battery Energy]76.93
2020-01-30_22:17:18.730[Status]Routing Start.
2020-01-30_22:17:18.891[Status]{'coordinate': [797.2921926089934, 201.27656255224747], 'id': 6}
2020-01-30_22:17:18.892[Status]Routing 68: Walk: 68
2020-01-30_22:17:18.995[Battery Energy]76.69
2020-01-30_22:17:18.995[Status]Routing Start.
2020-01-30_22:17:19.144[Status]{'coordinate': [807.1935483826551, 202.67768847213344], 'id': 6}
2020-01-30_22:17:19.144[Status]Routing 69: Walk: 69
2020-01-30_22:17:19.245[Battery Energy]76.50
2020-01-30_22:17:19.245[Status]Routing Start.
2020-01-30_22:17:19.399[Status]{'coordinate': [817.0949041563167, 204.0788143920194], 'id': 6}
2020-01-30_22:17:19.400[Status]Routing 70: Walk: 70
2020-01-30_22:17:19.500[Battery Energy]76.28
2020-01-30_22:17:19.500[Status]Routing Start.
2020-01-30_22:17:19.679[Status]{'coordinate': [826.9962599299784, 205.4799403119054], 'id': 6}
2020-01-30_22:17:19.679[Status]Routing 71: Walk: 71
2020-01-30_22:17:19.779[Battery Energy]76.04
2020-01-30_22:17:19.779[Status]Routing Start.
2020-01-30_22:17:19.911[Status]{'coordinate': [836.89761570364, 206.88106623179138], 'id': 6}
2020-01-30_22:17:19.911[Status]Routing 72: Walk: 72
2020-01-30_22:17:20.011[Battery Energy]75.84
2020-01-30_22:17:20.011[Status]Routing Start.
2020-01-30_22:17:20.161[Status]{'coordinate': [846.7989714773016, 208.28219215167735], 'id': 6}
2020-01-30_22:17:20.161[Status]Routing 73: Walk: 73
2020-01-30_22:17:20.262[Battery Energy]75.64
2020-01-30_22:17:20.262[Status]Routing Start.
2020-01-30_22:17:20.554[Status]{'coordinate': [856.7003272509633, 209.68331807156332], 'id': 6}
2020-01-30_22:17:20.554[Status]Routing 74: Walk: 74
2020-01-30_22:17:20.670[Battery Energy]75.36
2020-01-30_22:17:20.670[Status]Routing Start.
2020-01-30_22:17:20.791[Status]{'coordinate': [866.6016830246249, 211.08444399144932], 'id': 6}
2020-01-30_22:17:20.791[Status]Routing 75: Walk: 75
2020-01-30_22:17:20.902[Battery Energy]75.17
2020-01-30_22:17:20.902[Status]Routing Start.
2020-01-30_22:17:21.032[Status]{'coordinate': [876.5030387982865, 212.4855699113353], 'id': 6}
2020-01-30_22:17:21.035[Status]Routing 76: Walk: 76
2020-01-30_22:17:21.142[Battery Energy]74.97
2020-01-30_22:17:21.142[Status]Routing Start.
2020-01-30_22:17:21.289[Status]{'coordinate': [886.4043945719482, 213.88669583122126], 'id': 6}
2020-01-30_22:17:21.289[Status]Routing 77: Walk: 77
2020-01-30_22:17:21.396[Battery Energy]74.76
2020-01-30_22:17:21.397[Status]Routing Start.
2020-01-30_22:17:21.554[Status]{'coordinate': [896.3057503456098, 215.28782175110723], 'id': 6}
2020-01-30_22:17:21.554[Status]Routing 78: Walk: 78
2020-01-30_22:17:21.654[Battery Energy]74.54
2020-01-30_22:17:21.654[Status]Routing Start.
2020-01-30_22:17:21.802[Status]{'coordinate': [906.2071061192714, 216.68894767099323], 'id': 6}
2020-01-30_22:17:21.802[Status]Routing 79: Walk: 79
2020-01-30_22:17:21.904[Battery Energy]74.33
2020-01-30_22:17:21.904[Status]Routing Start.
2020-01-30_22:17:22.220[Status]{'coordinate': [916.1084618929331, 218.0900735908792], 'id': 6}
2020-01-30_22:17:22.220[Status]Routing 80: Walk: 80
2020-01-30_22:17:22.322[Battery Energy]74.01
2020-01-30_22:17:22.322[Status]Routing Start.
2020-01-30_22:17:22.638[Status]{'coordinate': [926.0098176665947, 219.49119951076517], 'id': 6}
2020-01-30_22:17:22.644[Status]Routing 81: Walk: 81
2020-01-30_22:17:22.744[Battery Energy]73.65
2020-01-30_22:17:22.744[Status]Routing Start.
2020-01-30_22:17:23.070[Status]{'coordinate': [935.9111734402563, 220.89232543065114], 'id': 6}
2020-01-30_22:17:23.081[Status]Routing 82: Walk: 82
2020-01-30_22:17:23.181[Battery Energy]73.26
2020-01-30_22:17:23.181[Status]Routing Start.
2020-01-30_22:17:23.316[Status]{'coordinate': [945.812529213918, 222.29345135053714], 'id': 6}
2020-01-30_22:17:23.317[Status]Routing 83: Walk: 83
2020-01-30_22:17:23.421[Battery Energy]73.05
2020-01-30_22:17:23.421[Status]Routing Start.
2020-01-30_22:17:23.578[Status]{'coordinate': [955.7138849875796, 223.6945772704231], 'id': 6}
2020-01-30_22:17:23.578[Status]Routing 84: Walk: 84
2020-01-30_22:17:23.682[Battery Energy]72.84
2020-01-30_22:17:23.682[Status]Routing Start.
2020-01-30_22:17:23.983[Status]{'coordinate': [965.6152407612412, 225.09570319030908], 'id': 6}
2020-01-30_22:17:23.983[Status]Routing 85: Walk: 85
2020-01-30_22:17:24.094[Battery Energy]72.56
2020-01-30_22:17:24.094[Status]Routing Start.
2020-01-30_22:17:24.256[Status]{'coordinate': [975.5165965349029, 226.49682911019505], 'id': 6}
2020-01-30_22:17:24.256[Status]Routing 86: Walk: 86
2020-01-30_22:17:24.362[Battery Energy]72.37
2020-01-30_22:17:24.362[Status]Routing Start.
2020-01-30_22:17:24.514[Status]{'coordinate': [985.4179523085645, 227.89795503008102], 'id': 6}
2020-01-30_22:17:24.516[Status]Routing 87: Walk: 87
2020-01-30_22:17:24.622[Battery Energy]72.18
2020-01-30_22:17:24.622[Status]Routing Start.
2020-01-30_22:17:24.760[Status]{'coordinate': [995.3193080822261, 229.29908094996702], 'id': 6}
2020-01-30_22:17:24.760[Status]Routing 88: Walk: 88
2020-01-30_22:17:24.874[Battery Energy]71.98
2020-01-30_22:17:24.874[Status]Routing Start.
2020-01-30_22:17:25.173[Status]{'coordinate': [1005.2206638558878, 230.700206869853], 'id': 6}
2020-01-30_22:17:25.173[Status]Routing 89: Walk: 89
2020-01-30_22:17:25.273[Battery Energy]71.67
2020-01-30_22:17:25.273[Status]Routing Start.
2020-01-30_22:17:25.575[Status]{'coordinate': [1015.1220196295494, 232.10133278973896], 'id': 6}
2020-01-30_22:17:25.575[Status]Routing 90: Walk: 90
2020-01-30_22:17:25.675[Battery Energy]71.39
2020-01-30_22:17:25.675[Status]Routing Start.
2020-01-30_22:17:26.009[Status]{'coordinate': [1025.023375403211, 233.50245870962493], 'id': 6}
2020-01-30_22:17:26.010[Status]Routing 91: Walk: 91
2020-01-30_22:17:26.117[Battery Energy]71.08
2020-01-30_22:17:26.117[Status]Routing Start.
2020-01-30_22:17:26.418[Status]{'coordinate': [1034.9247311768727, 234.90358462951093], 'id': 6}
2020-01-30_22:17:26.420[Status]Routing 92: Walk: 92
2020-01-30_22:17:26.522[Battery Energy]70.80
2020-01-30_22:17:26.522[Status]Routing Start.
2020-01-30_22:17:26.522[Status]Task Finished.
2020-01-30_22:17:26.622[Battery Energy]70.80
2020-01-30_22:17:26.863[Status]Routing 94: Walk: 92
2020-01-30_22:17:26.963[Battery Energy]70.64
2020-01-30_22:17:27.432[Status]Routing 95: Walk: 92
2020-01-30_22:17:27.533[Battery Energy]70.26
2020-01-30_22:17:27.860[Status]Routing 96: Walk: 92
2020-01-30_22:17:27.962[Battery Energy]69.91
2020-01-30_22:17:28.107[Status]Routing 97: Walk: 92
2020-01-30_22:17:28.207[Battery Energy]69.81
2020-01-30_22:17:28.719[Status]Routing 98: Walk: 92
2020-01-30_22:17:28.820[Battery Energy]69.36
2020-01-30_22:17:28.965[Status]Routing 99: Walk: 92
2020-01-30_22:17:29.066[Battery Energy]69.26
2020-01-30_22:17:29.564[Status]Routing 100: Walk: 92
2020-01-30_22:17:29.673[Battery Energy]68.81
2020-01-30_22:17:29.806[Status]Routing 101: Walk: 92
2020-01-30_22:17:29.908[Battery Energy]68.70
2020-01-30_22:17:30.066[Status]Routing 102: Walk: 92
2020-01-30_22:17:30.171[Battery Energy]68.58
2020-01-30_22:17:30.479[Status]Routing 103: Walk: 92
2020-01-30_22:17:30.579[Battery Energy]68.38
2020-01-30_22:17:30.949[Status]Routing 104: Walk: 92
2020-01-30_22:17:31.054[Battery Energy]68.09
2020-01-30_22:17:31.404[Status]Routing 105: Walk: 92
2020-01-30_22:17:31.504[Battery Energy]67.81
2020-01-30_22:17:31.860[Status]Routing 106: Walk: 92
2020-01-30_22:17:31.965[Battery Energy]67.59
2020-01-30_22:17:32.242[Status]Routing 107: Walk: 92
2020-01-30_22:17:32.347[Battery Energy]67.37
2020-01-30_22:17:32.543[Status]Routing 108: Walk: 92
2020-01-30_22:17:32.646[Battery Energy]67.22
2020-01-30_22:17:32.950[Status]Routing 109: Walk: 92
2020-01-30_22:17:33.050[Battery Energy]66.97
2020-01-30_22:17:33.210[Status]Routing 110: Walk: 92
2020-01-30_22:17:33.311[Battery Energy]66.87
2020-01-30_22:17:33.459[Status]Routing 111: Walk: 92
2020-01-30_22:17:33.559[Battery Energy]66.77
2020-01-30_22:17:33.872[Status]Routing 112: Walk: 92
2020-01-30_22:17:33.972[Battery Energy]66.58
2020-01-30_22:17:34.223[Status]Routing 113: Walk: 92
2020-01-30_22:17:34.329[Battery Energy]66.41
2020-01-30_22:17:34.622[Status]Routing 114: Walk: 92
2020-01-30_22:17:34.732[Battery Energy]66.17
2020-01-30_22:17:34.878[Status]Routing 115: Walk: 92
2020-01-30_22:17:34.983[Battery Energy]66.06
2020-01-30_22:17:35.285[Status]Routing 116: Walk: 92
2020-01-30_22:17:35.386[Battery Energy]65.83
2020-01-30_22:17:35.555[Status]Routing 117: Walk: 92
2020-01-30_22:17:35.655[Battery Energy]65.69
2020-01-30_22:17:35.974[Status]Routing 118: Walk: 92
2020-01-30_22:17:36.094[Battery Energy]65.50
2020-01-30_22:17:36.220[Status]Routing 119: Walk: 92
2020-01-30_22:17:36.334[Battery Energy]65.41
2020-01-30_22:17:36.642[Status]Routing 120: Walk: 92
2020-01-30_22:17:36.746[Battery Energy]65.22
2020-01-30_22:17:36.987[Status]Routing 121: Walk: 92
2020-01-30_22:17:37.098[Battery Energy]65.05
2020-01-30_22:17:37.407[Status]Routing 122: Walk: 92
2020-01-30_22:17:37.511[Battery Energy]64.85
2020-01-30_22:17:37.809[Status]Routing 123: Walk: 92
2020-01-30_22:17:37.909[Battery Energy]64.64
2020-01-30_22:17:38.181[Status]Routing 124: Walk: 92
2020-01-30_22:17:38.294[Battery Energy]64.46
2020-01-30_22:17:38.667[Status]Routing 125: Walk: 92
2020-01-30_22:17:38.767[Battery Energy]64.21
2020-01-30_22:17:38.917[Status]Routing 126: Walk: 92
2020-01-30_22:17:39.026[Battery Energy]64.10
2020-01-30_22:17:39.309[Status]Routing 127: Walk: 92
2020-01-30_22:17:39.418[Battery Energy]63.91
2020-01-30_22:17:39.634[Status]Routing 128: Walk: 92
2020-01-30_22:17:39.746[Battery Energy]63.79
2020-01-30_22:17:39.891[Status]Routing 129: Walk: 92
2020-01-30_22:17:39.991[Battery Energy]63.68
2020-01-30_22:17:40.148[Status]Routing 130: Walk: 92
2020-01-30_22:17:40.254[Battery Energy]63.57
2020-01-30_22:17:40.411[Status]Routing 131: Walk: 92
2020-01-30_22:17:40.512[Battery Energy]63.46
2020-01-30_22:17:40.830[Status]Routing 132: Walk: 92
2020-01-30_22:17:40.933[Battery Energy]63.23
2020-01-30_22:17:41.261[Status]Routing 133: Walk: 92
2020-01-30_22:17:41.370[Battery Energy]63.01
2020-01-30_22:17:41.677[Status]Routing 134: Walk: 92
2020-01-30_22:17:41.778[Battery Energy]62.83
2020-01-30_22:17:42.124[Status]Routing 135: Walk: 92
2020-01-30_22:17:42.226[Battery Energy]62.59
2020-01-30_22:17:42.587[Status]Routing 136: Walk: 92
2020-01-30_22:17:42.687[Battery Energy]62.33
2020-01-30_22:17:43.002[Status]Routing 137: Walk: 92
2020-01-30_22:17:43.103[Battery Energy]62.09
2020-01-30_22:17:43.396[Status]Routing 138: Walk: 92
2020-01-30_22:17:43.506[Battery Energy]61.87
2020-01-30_22:17:43.803[Status]Routing 139: Walk: 92
2020-01-30_22:17:43.906[Battery Energy]61.67
2020-01-30_22:17:44.203[Status]Routing 140: Walk: 92
2020-01-30_22:17:44.303[Battery Energy]61.43
2020-01-30_22:17:44.639[Status]Routing 141: Walk: 92
2020-01-30_22:17:44.740[Battery Energy]61.21
2020-01-30_22:17:45.047[Status]Routing 142: Walk: 92
2020-01-30_22:17:45.155[Battery Energy]60.99
2020-01-30_22:17:45.293[Status]Routing 143: Walk: 92
2020-01-30_22:17:45.394[Battery Energy]60.91
2020-01-30_22:17:45.556[Status]Routing 144: Walk: 92
2020-01-30_22:17:45.666[Battery Energy]60.81
2020-01-30_22:17:45.803[Status]Routing 145: Walk: 92
2020-01-30_22:17:45.915[Battery Energy]60.71
2020-01-30_22:17:46.043[Status]Routing 146: Walk: 92
2020-01-30_22:17:46.158[Battery Energy]60.61
2020-01-30_22:17:46.375[Status]Routing 147: Walk: 92
2020-01-30_22:17:46.486[Battery Energy]60.46
2020-01-30_22:17:46.633[Status]Routing 148: Walk: 92
2020-01-30_22:17:46.750[Battery Energy]60.36
2020-01-30_22:17:46.903[Status]Routing 149: Walk: 92
2020-01-30_22:17:47.010[Battery Energy]60.23
2020-01-30_22:17:47.131[Status]Routing 150: Walk: 92
2020-01-30_22:17:47.231[Battery Energy]60.14
2020-01-30_22:17:47.382[Status]Routing 151: Walk: 92
2020-01-30_22:17:47.482[Battery Energy]60.03
2020-01-30_22:17:47.629[Status]Routing 152: Walk: 92
2020-01-30_22:17:47.746[Battery Energy]59.90
2020-01-30_22:17:47.898[Status]Routing 153: Walk: 92
2020-01-30_22:17:47.999[Battery Energy]59.79
2020-01-30_22:17:48.158[Status]Routing 154: Walk: 92
2020-01-30_22:17:48.258[Battery Energy]59.63
2020-01-30_22:17:48.437[Status]Routing 155: Walk: 92
2020-01-30_22:17:48.545[Battery Energy]59.51
2020-01-30_22:17:48.676[Status]Routing 156: Walk: 92
2020-01-30_22:17:48.782[Battery Energy]59.39
2020-01-30_22:17:49.002[Status]Routing 157: Walk: 92
2020-01-30_22:17:49.104[Battery Energy]59.24
2020-01-30_22:17:49.264[Status]Routing 158: Walk: 92
2020-01-30_22:17:49.366[Battery Energy]59.12
2020-01-30_22:17:49.501[Status]Routing 159: Walk: 92
2020-01-30_22:17:49.602[Battery Energy]59.01
2020-01-30_22:17:49.779[Status]Routing 160: Walk: 92
2020-01-30_22:17:49.890[Battery Energy]58.86
2020-01-30_22:17:50.132[Status]Routing 161: Walk: 92
2020-01-30_22:17:50.232[Battery Energy]58.69
2020-01-30_22:17:50.367[Status]Routing 162: Walk: 92
2020-01-30_22:17:50.467[Battery Energy]58.58
2020-01-30_22:17:50.620[Status]Routing 163: Walk: 92
2020-01-30_22:17:50.720[Battery Energy]58.47
2020-01-30_22:17:50.875[Status]Routing 164: Walk: 92
2020-01-30_22:17:50.980[Battery Energy]58.35
2020-01-30_22:17:51.098[Status]Routing 165: Walk: 92
2020-01-30_22:17:51.206[Battery Energy]58.24
2020-01-30_22:17:51.333[Status]Routing 166: Walk: 92
2020-01-30_22:17:51.433[Battery Energy]58.15
2020-01-30_22:17:51.575[Status]Routing 167: Walk: 92
2020-01-30_22:17:51.676[Battery Energy]58.02
2020-01-30_22:17:51.826[Status]Routing 168: Walk: 92
2020-01-30_22:17:51.934[Battery Energy]57.94
2020-01-30_22:17:52.082[Status]Routing 169: Walk: 92
2020-01-30_22:17:52.183[Battery Energy]57.83
2020-01-30_22:17:52.337[Status]Routing 170: Walk: 92
2020-01-30_22:17:52.445[Battery Energy]57.74
2020-01-30_22:17:52.576[Status]Routing 171: Walk: 92
2020-01-30_22:17:52.693[Battery Energy]57.65
2020-01-30_22:17:52.827[Status]Routing 172: Walk: 92
2020-01-30_22:17:52.934[Battery Energy]57.56
2020-01-30_22:17:53.098[Status]Routing 173: Walk: 92
2020-01-30_22:17:53.202[Battery Energy]57.45
2020-01-30_22:17:53.370[Status]Routing 174: Walk: 92
2020-01-30_22:17:53.482[Battery Energy]57.33
2020-01-30_22:17:53.607[Status]Routing 175: Walk: 92
2020-01-30_22:17:53.714[Battery Energy]57.24
2020-01-30_22:17:53.872[Status]Routing 176: Walk: 92
2020-01-30_22:17:53.973[Battery Energy]57.11
2020-01-30_22:17:54.128[Status]Routing 177: Walk: 92
2020-01-30_22:17:54.228[Battery Energy]56.99
2020-01-30_22:17:54.384[Status]Routing 178: Walk: 92
2020-01-30_22:17:54.488[Battery Energy]56.89
2020-01-30_22:17:54.646[Status]Routing 179: Walk: 92
2020-01-30_22:17:54.747[Battery Energy]56.79
2020-01-30_22:17:54.886[Status]Routing 180: Walk: 92
2020-01-30_22:17:54.987[Battery Energy]56.68
2020-01-30_22:17:55.158[Status]Routing 181: Walk: 92
2020-01-30_22:17:55.269[Battery Energy]56.56
2020-01-30_22:17:55.400[Status]Routing 182: Walk: 92
2020-01-30_22:17:55.518[Battery Energy]56.45
2020-01-30_22:17:55.685[Status]Routing 183: Walk: 92
2020-01-30_22:17:55.787[Battery Energy]56.32
2020-01-30_22:17:55.943[Status]Routing 184: Walk: 92
2020-01-30_22:17:56.054[Battery Energy]56.20
2020-01-30_22:17:56.177[Status]Routing 185: Walk: 92
2020-01-30_22:17:56.282[Battery Energy]56.10
2020-01-30_22:17:56.468[Status]Routing 186: Walk: 92
2020-01-30_22:17:56.578[Battery Energy]55.99
2020-01-30_22:17:56.738[Status]Routing 187: Walk: 92
2020-01-30_22:17:56.846[Battery Energy]55.84
2020-01-30_22:17:56.995[Status]Routing 188: Walk: 92
2020-01-30_22:17:57.110[Battery Energy]55.74
2020-01-30_22:17:57.230[Status]Routing 189: Walk: 92
2020-01-30_22:17:57.332[Battery Energy]55.63
2020-01-30_22:17:57.494[Status]Routing 190: Walk: 92
2020-01-30_22:17:57.598[Battery Energy]55.49
2020-01-30_22:17:57.737[Status]Routing 191: Walk: 92
2020-01-30_22:17:57.837[Battery Energy]55.39
2020-01-30_22:17:57.973[Status]Routing 192: Walk: 92
2020-01-30_22:17:58.086[Battery Energy]55.30
2020-01-30_22:17:58.220[Status]Routing 193: Walk: 92
2020-01-30_22:17:58.330[Battery Energy]55.20
2020-01-30_22:17:58.471[Status]Routing 194: Walk: 92
2020-01-30_22:17:58.578[Battery Energy]55.09
2020-01-30_22:17:58.710[Status]Routing 195: Walk: 92
2020-01-30_22:17:58.811[Battery Energy]54.96
2020-01-30_22:17:58.976[Status]Routing 196: Walk: 92
2020-01-30_22:17:59.078[Battery Energy]54.88
2020-01-30_22:17:59.202[Status]Routing 197: Walk: 92
2020-01-30_22:17:59.303[Battery Energy]54.78
2020-01-30_22:17:59.461[Status]Routing 198: Walk: 92
2020-01-30_22:17:59.564[Battery Energy]54.65
2020-01-30_22:17:59.686[Status]Routing 199: Walk: 92
2020-01-30_22:17:59.790[Battery Energy]54.55
2020-01-30_22:17:59.931[Status]Routing 200: Walk: 92
2020-01-30_22:18:00.042[Battery Energy]54.44
2020-01-30_22:18:00.175[Status]Routing 201: Walk: 92
2020-01-30_22:18:00.280[Battery Energy]54.34
2020-01-30_22:18:00.430[Status]Routing 202: Walk: 92
2020-01-30_22:18:00.542[Battery Energy]54.24
2020-01-30_22:18:00.683[Status]Routing 203: Walk: 92
2020-01-30_22:18:00.793[Battery Energy]54.14
2020-01-30_22:18:00.937[Status]Routing 204: Walk: 92
2020-01-30_22:18:01.042[Battery Energy]54.06
2020-01-30_22:18:01.191[Status]Routing 205: Walk: 92
2020-01-30_22:18:01.291[Battery Energy]53.95
2020-01-30_22:18:01.421[Status]Routing 206: Walk: 92
2020-01-30_22:18:01.534[Battery Energy]53.86
2020-01-30_22:18:01.661[Status]Routing 207: Walk: 92
2020-01-30_22:18:01.763[Battery Energy]53.77
2020-01-30_22:18:01.909[Status]Routing 208: Walk: 92
2020-01-30_22:18:02.018[Battery Energy]53.67
2020-01-30_22:18:02.181[Status]Routing 209: Walk: 92
2020-01-30_22:18:02.289[Battery Energy]53.56
2020-01-30_22:18:02.433[Status]Routing 210: Walk: 92
2020-01-30_22:18:02.533[Battery Energy]53.45
2020-01-30_22:18:02.680[Status]Routing 211: Walk: 92
2020-01-30_22:18:02.780[Battery Energy]53.31
2020-01-30_22:18:02.928[Status]Routing 212: Walk: 92
2020-01-30_22:18:03.038[Battery Energy]53.21
2020-01-30_22:18:03.197[Status]Routing 213: Walk: 92
2020-01-30_22:18:03.314[Battery Energy]53.09
2020-01-30_22:18:03.453[Status]Routing 214: Walk: 92
2020-01-30_22:18:03.553[Battery Energy]52.98
2020-01-30_22:18:03.703[Status]Routing 215: Walk: 92
2020-01-30_22:18:03.804[Battery Energy]52.86
2020-01-30_22:18:03.953[Status]Routing 216: Walk: 92
2020-01-30_22:18:04.053[Battery Energy]52.77
2020-01-30_22:18:04.188[Status]Routing 217: Walk: 92
2020-01-30_22:18:04.289[Battery Energy]52.66
2020-01-30_22:18:04.450[Status]Routing 218: Walk: 92
2020-01-30_22:18:04.558[Battery Energy]52.54
2020-01-30_22:18:04.699[Status]Routing 219: Walk: 92
2020-01-30_22:18:04.810[Battery Energy]52.43
2020-01-30_22:18:04.963[Status]Routing 220: Walk: 92
2020-01-30_22:18:05.074[Battery Energy]52.34
2020-01-30_22:18:05.231[Status]Routing 221: Walk: 92
2020-01-30_22:18:05.334[Battery Energy]52.23
2020-01-30_22:18:05.471[Status]Routing 222: Walk: 92
2020-01-30_22:18:05.578[Battery Energy]52.11
2020-01-30_22:18:05.711[Status]Routing 223: Walk: 92
2020-01-30_22:18:05.818[Battery Energy]52.00
2020-01-30_22:18:05.961[Status]Routing 224: Walk: 92
2020-01-30_22:18:06.063[Battery Energy]51.88
2020-01-30_22:18:06.214[Status]Routing 225: Walk: 92
2020-01-30_22:18:06.326[Battery Energy]51.76
2020-01-30_22:18:06.472[Status]Routing 226: Walk: 92
2020-01-30_22:18:06.578[Battery Energy]51.66
2020-01-30_22:18:06.711[Status]Routing 227: Walk: 92
2020-01-30_22:18:06.814[Battery Energy]51.57
2020-01-30_22:18:07.043[Status]Routing 228: Walk: 92
2020-01-30_22:18:07.150[Battery Energy]51.44
2020-01-30_22:18:07.301[Status]Routing 229: Walk: 92
2020-01-30_22:18:07.413[Battery Energy]51.34
2020-01-30_22:18:07.548[Status]Routing 230: Walk: 92
2020-01-30_22:18:07.650[Battery Energy]51.24
2020-01-30_22:18:07.860[Status]Routing 231: Walk: 92
2020-01-30_22:18:07.970[Battery Energy]51.08
2020-01-30_22:18:08.130[Status]Routing 232: Walk: 92
2020-01-30_22:18:08.242[Battery Energy]50.96
2020-01-30_22:18:08.396[Status]Routing 233: Walk: 92
2020-01-30_22:18:08.514[Battery Energy]50.84
