2020-01-30_22:16:43.337[Status]Start.
2020-01-30_22:16:43.339[Battery Energy]84.00
2020-01-30_22:16:44.441[Battery Energy]83.96
2020-01-30_22:16:45.543[Battery Energy]83.92
2020-01-30_22:16:46.644[Battery Energy]83.88
2020-01-30_22:16:47.745[Battery Energy]83.84
2020-01-30_22:16:48.846[Task]A New Task Released.
2020-01-30_22:16:48.846[Battery Energy]83.80
2020-01-30_22:16:48.846[Status]Selection Start.
2020-01-30_22:16:54.365[Status]Selection End: Do Task 0.
2020-01-30_22:16:54.465[Battery Energy]79.33
2020-01-30_22:16:54.465[Status]Formation Start.
2020-01-30_22:16:54.643[Status]number of tasks is 7
2020-01-30_22:16:54.656[Status]my group tasks is [ 449.69796037  318.63370351]
2020-01-30_22:16:54.662[Status]my group tasks is [ 525.  475.]
2020-01-30_22:16:54.668[Status]my group tasks is [ 449.69796037  631.36629649]
2020-01-30_22:16:54.675[Status]my group tasks is [ 280.49581321  669.98558244]
2020-01-30_22:16:54.684[Status]my group tasks is [ 144.80622642  561.77674782]
2020-01-30_22:16:54.690[Status]my group tasks is [ 144.80622642  388.22325218]
2020-01-30_22:16:54.697[Status]my group tasks is [ 280.49581321  280.01441756]
2020-01-30_22:16:54.734[Status]mygroup_robots_utility is {19: [33.750785323915785, 35.16127754031348, 40.139682747905745, 41.5050703414753, 28.515899382048165, 29.64246551209874, 30.360799333561317], 3: [36.26233736288627, 85.95599761248823, 31.705938034597853, 36.132558669635415, 43.12632078719216, 30.264312862435812, 63.541594189833006], 5: [32.65072075703383, 32.06158006693634, 68.68242527636895, 39.543792873346625, 36.13240045000772, 42.49096371690112, 46.928558935372585], 7: [32.068821083650924, 32.78355588727748, 36.39080863702268, 85.72307666446855, 39.28748164171332, 68.43642293485156, 46.69283898910558], 10: [48.66809530661749, 65.91315785222943, 83.62751196152561, 36.0160828445403, 35.65006224053097, 33.07707259469642, 41.20513037334585], 11: [33.65152808330847, 34.796002028624486, 78.32783777240928, 41.006091345545535, 91.76262961794683, 62.18883295710117, 31.47093285826641], 12: [33.06520396713902, 68.18276424046711, 40.21773099091912, 58.83843571879625, 27.674180392938286, 28.89164360165562, 78.55923778930436]}
2020-01-30_22:16:54.734[Status]self.local_queue is [5, 11, 3, 7, 12, 10, 19]
2020-01-30_22:16:54.734[Status]task_chosen index is 2
2020-01-30_22:16:54.734[Status]task_chosen index is 4
2020-01-30_22:16:54.734[Status]task_chosen index is 1
2020-01-30_22:16:54.734[Status]task_chosen index is 3
2020-01-30_22:16:54.735[Status]myindex_in_queue is 3
2020-01-30_22:16:54.735[Status]task destination is [144.80622641951618, 561.7767478235116]
2020-01-30_22:16:54.838[Battery Energy]79.15
2020-01-30_22:16:54.838[Status]Routing Start.
2020-01-30_22:16:54.966[Status]{'id': 7, 'coordinate': [133.8713745413912, 619.1766626177335]}
2020-01-30_22:16:54.966[Status]Routing 1: Walk: 1
2020-01-30_22:16:55.078[Battery Energy]78.96
2020-01-30_22:16:55.079[Status]Routing Start.
2020-01-30_22:16:55.204[Status]{'id': 7, 'coordinate': [135.7427490827824, 609.3533252354671]}
2020-01-30_22:16:55.204[Status]Routing 2: Walk: 2
2020-01-30_22:16:55.312[Battery Energy]78.74
2020-01-30_22:16:55.312[Status]Routing Start.
2020-01-30_22:16:55.443[Status]{'id': 7, 'coordinate': [137.61412362417363, 599.5299878532006]}
2020-01-30_22:16:55.443[Status]Routing 3: Walk: 3
2020-01-30_22:16:55.549[Battery Energy]78.54
2020-01-30_22:16:55.549[Status]Routing Start.
2020-01-30_22:16:55.695[Status]{'id': 7, 'coordinate': [139.48549816556482, 589.7066504709342]}
2020-01-30_22:16:55.695[Status]Routing 4: Walk: 4
2020-01-30_22:16:55.819[Battery Energy]78.31
2020-01-30_22:16:55.822[Status]Routing Start.
2020-01-30_22:16:55.970[Status]{'id': 7, 'coordinate': [141.35687270695604, 579.8833130886677]}
2020-01-30_22:16:55.970[Status]Routing 5: Walk: 5
2020-01-30_22:16:56.074[Battery Energy]78.12
2020-01-30_22:16:56.074[Status]Routing Start.
2020-01-30_22:16:56.385[Status]{'id': 7, 'coordinate': [143.22824724834726, 570.0599757064012]}
2020-01-30_22:16:56.385[Status]Routing 6: Walk: 6
2020-01-30_22:16:56.490[Battery Energy]77.78
2020-01-30_22:16:56.490[Status]Routing Start.
2020-01-30_22:16:56.490[Status]Task Finished.
2020-01-30_22:16:56.590[Battery Energy]77.78
2020-01-30_22:16:56.800[Status]Routing 8: Walk: 6
2020-01-30_22:16:56.901[Battery Energy]77.65
2020-01-30_22:16:57.417[Status]Routing 9: Walk: 6
2020-01-30_22:16:57.518[Battery Energy]77.16
2020-01-30_22:16:57.826[Status]Routing 10: Walk: 6
2020-01-30_22:16:57.927[Battery Energy]76.85
2020-01-30_22:16:58.289[Status]Routing 11: Walk: 6
2020-01-30_22:16:58.394[Battery Energy]76.51
2020-01-30_22:16:58.708[Status]Routing 12: Walk: 6
2020-01-30_22:16:58.808[Battery Energy]76.22
2020-01-30_22:16:59.138[Status]Routing 13: Walk: 6
2020-01-30_22:16:59.239[Battery Energy]75.91
2020-01-30_22:16:59.495[Status]Routing 14: Walk: 6
2020-01-30_22:16:59.596[Battery Energy]75.62
2020-01-30_22:16:59.987[Status]Routing 15: Walk: 6
2020-01-30_22:17:00.088[Battery Energy]75.25
2020-01-30_22:17:00.243[Status]Routing 16: Walk: 6
2020-01-30_22:17:00.350[Battery Energy]75.14
2020-01-30_22:17:00.830[Status]Routing 17: Walk: 6
2020-01-30_22:17:00.930[Battery Energy]74.73
2020-01-30_22:17:01.068[Status]Routing 18: Walk: 6
2020-01-30_22:17:01.168[Battery Energy]74.62
2020-01-30_22:17:01.464[Status]Routing 19: Walk: 6
2020-01-30_22:17:01.567[Battery Energy]74.40
2020-01-30_22:17:01.905[Status]Routing 20: Walk: 6
2020-01-30_22:17:02.006[Battery Energy]74.13
2020-01-30_22:17:02.329[Status]Routing 21: Walk: 6
2020-01-30_22:17:02.429[Battery Energy]73.92
2020-01-30_22:17:02.741[Status]Routing 22: Walk: 6
2020-01-30_22:17:02.842[Battery Energy]73.70
2020-01-30_22:17:02.990[Status]Routing 23: Walk: 6
2020-01-30_22:17:03.090[Battery Energy]73.60
2020-01-30_22:17:03.379[Status]Routing 24: Walk: 6
2020-01-30_22:17:03.479[Battery Energy]73.36
2020-01-30_22:17:03.625[Status]Routing 25: Walk: 6
2020-01-30_22:17:03.726[Battery Energy]73.21
2020-01-30_22:17:04.006[Status]Routing 26: Walk: 6
2020-01-30_22:17:04.114[Battery Energy]73.01
2020-01-30_22:17:04.436[Status]Routing 27: Walk: 6
2020-01-30_22:17:04.536[Battery Energy]72.76
2020-01-30_22:17:04.806[Status]Routing 28: Walk: 6
2020-01-30_22:17:04.909[Battery Energy]72.57
2020-01-30_22:17:05.229[Status]Routing 29: Walk: 6
2020-01-30_22:17:05.331[Battery Energy]72.34
2020-01-30_22:17:05.641[Status]Routing 30: Walk: 6
2020-01-30_22:17:05.742[Battery Energy]72.12
2020-01-30_22:17:06.055[Status]Routing 31: Walk: 6
2020-01-30_22:17:06.155[Battery Energy]71.92
2020-01-30_22:17:06.474[Status]Routing 32: Walk: 6
2020-01-30_22:17:06.578[Battery Energy]71.69
2020-01-30_22:17:06.895[Status]Routing 33: Walk: 6
2020-01-30_22:17:06.995[Battery Energy]71.48
2020-01-30_22:17:07.406[Status]Routing 34: Walk: 6
2020-01-30_22:17:07.508[Battery Energy]71.25
2020-01-30_22:17:07.811[Status]Routing 35: Walk: 6
2020-01-30_22:17:07.922[Battery Energy]71.03
2020-01-30_22:17:08.246[Status]Routing 36: Walk: 6
2020-01-30_22:17:08.349[Battery Energy]70.78
2020-01-30_22:17:08.681[Status]Routing 37: Walk: 6
2020-01-30_22:17:08.781[Battery Energy]70.52
2020-01-30_22:17:09.106[Status]Routing 38: Walk: 6
2020-01-30_22:17:09.209[Battery Energy]70.29
2020-01-30_22:17:09.515[Status]Routing 39: Walk: 6
2020-01-30_22:17:09.616[Battery Energy]70.06
2020-01-30_22:17:09.936[Status]Routing 40: Walk: 6
2020-01-30_22:17:10.036[Battery Energy]69.83
2020-01-30_22:17:10.362[Status]Routing 41: Walk: 6
2020-01-30_22:17:10.465[Battery Energy]69.60
2020-01-30_22:17:10.765[Status]Routing 42: Walk: 6
2020-01-30_22:17:10.866[Battery Energy]69.39
2020-01-30_22:17:11.166[Status]Routing 43: Walk: 6
2020-01-30_22:17:11.267[Battery Energy]69.18
2020-01-30_22:17:11.523[Status]Routing 44: Walk: 6
2020-01-30_22:17:11.623[Battery Energy]69.03
2020-01-30_22:17:11.784[Status]Routing 45: Walk: 6
2020-01-30_22:17:11.884[Battery Energy]68.90
2020-01-30_22:17:12.026[Status]Routing 46: Walk: 6
2020-01-30_22:17:12.126[Battery Energy]68.80
2020-01-30_22:17:12.267[Status]Routing 47: Walk: 6
2020-01-30_22:17:12.371[Battery Energy]68.69
2020-01-30_22:17:12.531[Status]Routing 48: Walk: 6
2020-01-30_22:17:12.650[Battery Energy]68.57
2020-01-30_22:17:12.996[Status]Routing 49: Walk: 6
2020-01-30_22:17:13.098[Battery Energy]68.38
2020-01-30_22:17:13.417[Status]Routing 50: Walk: 6
2020-01-30_22:17:13.517[Battery Energy]68.11
2020-01-30_22:17:13.844[Status]Routing 51: Walk: 6
2020-01-30_22:17:13.950[Battery Energy]67.92
2020-01-30_22:17:14.294[Status]Routing 52: Walk: 6
2020-01-30_22:17:14.401[Battery Energy]67.67
2020-01-30_22:17:14.726[Status]Routing 53: Walk: 6
2020-01-30_22:17:14.826[Battery Energy]67.44
2020-01-30_22:17:14.994[Status]Routing 54: Walk: 6
2020-01-30_22:17:15.098[Battery Energy]67.32
2020-01-30_22:17:15.265[Status]Routing 55: Walk: 6
2020-01-30_22:17:15.378[Battery Energy]67.19
2020-01-30_22:17:15.500[Status]Routing 56: Walk: 6
2020-01-30_22:17:15.602[Battery Energy]67.09
2020-01-30_22:17:15.773[Status]Routing 57: Walk: 6
2020-01-30_22:17:15.873[Battery Energy]66.97
2020-01-30_22:17:16.016[Status]Routing 58: Walk: 6
2020-01-30_22:17:16.126[Battery Energy]66.87
2020-01-30_22:17:16.288[Status]Routing 59: Walk: 6
2020-01-30_22:17:16.389[Battery Energy]66.73
2020-01-30_22:17:16.537[Status]Routing 60: Walk: 6
2020-01-30_22:17:16.638[Battery Energy]66.61
2020-01-30_22:17:16.776[Status]Routing 61: Walk: 6
2020-01-30_22:17:16.876[Battery Energy]66.50
2020-01-30_22:17:17.025[Status]Routing 62: Walk: 6
2020-01-30_22:17:17.134[Battery Energy]66.40
2020-01-30_22:17:17.282[Status]Routing 63: Walk: 6
2020-01-30_22:17:17.393[Battery Energy]66.30
2020-01-30_22:17:17.515[Status]Routing 64: Walk: 6
2020-01-30_22:17:17.615[Battery Energy]66.20
2020-01-30_22:17:17.862[Status]Routing 65: Walk: 6
2020-01-30_22:17:17.974[Battery Energy]66.01
2020-01-30_22:17:18.107[Status]Routing 66: Walk: 6
2020-01-30_22:17:18.218[Battery Energy]65.90
2020-01-30_22:17:18.386[Status]Routing 67: Walk: 6
2020-01-30_22:17:18.498[Battery Energy]65.77
2020-01-30_22:17:18.637[Status]Routing 68: Walk: 6
2020-01-30_22:17:18.737[Battery Energy]65.66
2020-01-30_22:17:18.887[Status]Routing 69: Walk: 6
2020-01-30_22:17:18.987[Battery Energy]65.53
2020-01-30_22:17:19.145[Status]Routing 70: Walk: 6
2020-01-30_22:17:19.246[Battery Energy]65.41
2020-01-30_22:17:19.407[Status]Routing 71: Walk: 6
2020-01-30_22:17:19.517[Battery Energy]65.32
2020-01-30_22:17:19.675[Status]Routing 72: Walk: 6
2020-01-30_22:17:19.786[Battery Energy]65.19
2020-01-30_22:17:19.909[Status]Routing 73: Walk: 6
2020-01-30_22:17:20.011[Battery Energy]65.09
2020-01-30_22:17:20.154[Status]Routing 74: Walk: 6
2020-01-30_22:17:20.262[Battery Energy]64.99
2020-01-30_22:17:20.551[Status]Routing 75: Walk: 6
2020-01-30_22:17:20.658[Battery Energy]64.83
2020-01-30_22:17:20.791[Status]Routing 76: Walk: 6
2020-01-30_22:17:20.899[Battery Energy]64.73
2020-01-30_22:17:21.037[Status]Routing 77: Walk: 6
2020-01-30_22:17:21.137[Battery Energy]64.63
2020-01-30_22:17:21.293[Status]Routing 78: Walk: 6
2020-01-30_22:17:21.402[Battery Energy]64.49
2020-01-30_22:17:21.550[Status]Routing 79: Walk: 6
2020-01-30_22:17:21.660[Battery Energy]64.38
2020-01-30_22:17:21.803[Status]Routing 80: Walk: 6
2020-01-30_22:17:21.906[Battery Energy]64.25
2020-01-30_22:17:22.221[Status]Routing 81: Walk: 6
2020-01-30_22:17:22.321[Battery Energy]64.03
2020-01-30_22:17:22.479[Status]Routing 82: Walk: 6
2020-01-30_22:17:22.589[Battery Energy]63.91
2020-01-30_22:17:22.892[Status]Routing 83: Walk: 6
2020-01-30_22:17:22.998[Battery Energy]63.71
2020-01-30_22:17:23.314[Status]Routing 84: Walk: 6
2020-01-30_22:17:23.416[Battery Energy]63.50
2020-01-30_22:17:23.581[Status]Routing 85: Walk: 6
2020-01-30_22:17:23.684[Battery Energy]63.36
2020-01-30_22:17:23.975[Status]Routing 86: Walk: 6
2020-01-30_22:17:24.080[Battery Energy]63.12
2020-01-30_22:17:24.257[Status]Routing 87: Walk: 6
2020-01-30_22:17:24.359[Battery Energy]62.98
2020-01-30_22:17:24.520[Status]Routing 88: Walk: 6
2020-01-30_22:17:24.626[Battery Energy]62.87
2020-01-30_22:17:24.750[Status]Routing 89: Walk: 6
2020-01-30_22:17:24.851[Battery Energy]62.78
2020-01-30_22:17:25.169[Status]Routing 90: Walk: 6
2020-01-30_22:17:25.270[Battery Energy]62.54
2020-01-30_22:17:25.563[Status]Routing 91: Walk: 6
2020-01-30_22:17:25.682[Battery Energy]62.38
2020-01-30_22:17:26.008[Status]Routing 92: Walk: 6
2020-01-30_22:17:26.110[Battery Energy]62.14
2020-01-30_22:17:26.424[Status]Routing 93: Walk: 6
2020-01-30_22:17:26.538[Battery Energy]61.92
2020-01-30_22:17:26.869[Status]Routing 94: Walk: 6
2020-01-30_22:17:26.978[Battery Energy]61.71
2020-01-30_22:17:27.243[Status]Routing 95: Walk: 6
2020-01-30_22:17:27.343[Battery Energy]61.49
2020-01-30_22:17:27.687[Status]Routing 96: Walk: 6
2020-01-30_22:17:27.789[Battery Energy]61.23
2020-01-30_22:17:28.101[Status]Routing 97: Walk: 6
2020-01-30_22:17:28.201[Battery Energy]60.97
2020-01-30_22:17:28.525[Status]Routing 98: Walk: 6
2020-01-30_22:17:28.625[Battery Energy]60.79
2020-01-30_22:17:28.966[Status]Routing 99: Walk: 6
2020-01-30_22:17:29.067[Battery Energy]60.52
2020-01-30_22:17:29.391[Status]Routing 100: Walk: 6
2020-01-30_22:17:29.494[Battery Energy]60.33
2020-01-30_22:17:29.807[Status]Routing 101: Walk: 6
2020-01-30_22:17:29.929[Battery Energy]60.10
2020-01-30_22:17:30.065[Status]Routing 102: Walk: 6
2020-01-30_22:17:30.182[Battery Energy]60.00
2020-01-30_22:17:30.484[Status]Routing 103: Walk: 6
2020-01-30_22:17:30.585[Battery Energy]59.76
2020-01-30_22:17:30.952[Status]Routing 104: Walk: 6
2020-01-30_22:17:31.054[Battery Energy]59.51
2020-01-30_22:17:31.398[Status]Routing 105: Walk: 6
2020-01-30_22:17:31.506[Battery Energy]59.26
2020-01-30_22:17:31.862[Status]Routing 106: Walk: 6
2020-01-30_22:17:31.970[Battery Energy]59.02
2020-01-30_22:17:32.245[Status]Routing 107: Walk: 6
2020-01-30_22:17:32.354[Battery Energy]58.86
2020-01-30_22:17:32.545[Status]Routing 108: Walk: 6
2020-01-30_22:17:32.645[Battery Energy]58.74
2020-01-30_22:17:32.953[Status]Routing 109: Walk: 6
2020-01-30_22:17:33.054[Battery Energy]58.51
2020-01-30_22:17:33.213[Status]Routing 110: Walk: 6
2020-01-30_22:17:33.322[Battery Energy]58.40
2020-01-30_22:17:33.462[Status]Routing 111: Walk: 6
2020-01-30_22:17:33.570[Battery Energy]58.28
2020-01-30_22:17:33.886[Status]Routing 112: Walk: 6
2020-01-30_22:17:33.990[Battery Energy]58.07
2020-01-30_22:17:34.225[Status]Routing 113: Walk: 6
2020-01-30_22:17:34.332[Battery Energy]57.90
2020-01-30_22:17:34.621[Status]Routing 114: Walk: 6
2020-01-30_22:17:34.724[Battery Energy]57.67
2020-01-30_22:17:34.889[Status]Routing 115: Walk: 6
2020-01-30_22:17:34.994[Battery Energy]57.56
2020-01-30_22:17:35.291[Status]Routing 116: Walk: 6
2020-01-30_22:17:35.396[Battery Energy]57.33
2020-01-30_22:17:35.569[Status]Routing 117: Walk: 6
2020-01-30_22:17:35.669[Battery Energy]57.19
2020-01-30_22:17:35.998[Status]Routing 118: Walk: 6
2020-01-30_22:17:36.098[Battery Energy]56.96
2020-01-30_22:17:36.249[Status]Routing 119: Walk: 6
2020-01-30_22:17:36.349[Battery Energy]56.84
2020-01-30_22:17:36.644[Status]Routing 120: Walk: 6
2020-01-30_22:17:36.750[Battery Energy]56.65
2020-01-30_22:17:36.987[Status]Routing 121: Walk: 6
2020-01-30_22:17:37.092[Battery Energy]56.45
2020-01-30_22:17:37.408[Status]Routing 122: Walk: 6
2020-01-30_22:17:37.518[Battery Energy]56.23
2020-01-30_22:17:37.799[Status]Routing 123: Walk: 6
2020-01-30_22:17:37.905[Battery Energy]55.99
2020-01-30_22:17:38.176[Status]Routing 124: Walk: 6
2020-01-30_22:17:38.282[Battery Energy]55.78
2020-01-30_22:17:38.669[Status]Routing 125: Walk: 6
2020-01-30_22:17:38.782[Battery Energy]55.50
2020-01-30_22:17:38.917[Status]Routing 126: Walk: 6
2020-01-30_22:17:39.022[Battery Energy]55.36
2020-01-30_22:17:39.310[Status]Routing 127: Walk: 6
2020-01-30_22:17:39.430[Battery Energy]55.14
2020-01-30_22:17:39.633[Status]Routing 128: Walk: 6
2020-01-30_22:17:39.734[Battery Energy]55.00
2020-01-30_22:17:39.893[Status]Routing 129: Walk: 6
2020-01-30_22:17:39.998[Battery Energy]54.88
2020-01-30_22:17:40.146[Status]Routing 130: Walk: 6
2020-01-30_22:17:40.254[Battery Energy]54.75
2020-01-30_22:17:40.410[Status]Routing 131: Walk: 6
2020-01-30_22:17:40.514[Battery Energy]54.62
2020-01-30_22:17:40.826[Status]Routing 132: Walk: 6
2020-01-30_22:17:40.938[Battery Energy]54.37
2020-01-30_22:17:41.259[Status]Routing 133: Walk: 6
2020-01-30_22:17:41.359[Battery Energy]54.12
2020-01-30_22:17:41.683[Status]Routing 134: Walk: 6
2020-01-30_22:17:41.785[Battery Energy]53.87
2020-01-30_22:17:42.121[Status]Routing 135: Walk: 6
2020-01-30_22:17:42.234[Battery Energy]53.60
2020-01-30_22:17:42.582[Status]Routing 136: Walk: 6
2020-01-30_22:17:42.693[Battery Energy]53.35
2020-01-30_22:17:42.998[Status]Routing 137: Walk: 6
2020-01-30_22:17:43.098[Battery Energy]53.10
2020-01-30_22:17:43.399[Status]Routing 138: Walk: 6
2020-01-30_22:17:43.499[Battery Energy]52.88
2020-01-30_22:17:43.799[Status]Routing 139: Walk: 6
2020-01-30_22:17:43.910[Battery Energy]52.69
2020-01-30_22:17:44.210[Status]Routing 140: Walk: 6
2020-01-30_22:17:44.318[Battery Energy]52.47
2020-01-30_22:17:44.649[Status]Routing 141: Walk: 6
2020-01-30_22:17:44.752[Battery Energy]52.24
2020-01-30_22:17:45.044[Status]Routing 142: Walk: 6
2020-01-30_22:17:45.145[Battery Energy]51.99
2020-01-30_22:17:45.293[Status]Routing 143: Walk: 6
2020-01-30_22:17:45.393[Battery Energy]51.87
2020-01-30_22:17:45.554[Status]Routing 144: Walk: 6
2020-01-30_22:17:45.658[Battery Energy]51.76
2020-01-30_22:17:45.798[Status]Routing 145: Walk: 6
2020-01-30_22:17:45.899[Battery Energy]51.66
2020-01-30_22:17:46.041[Status]Routing 146: Walk: 6
2020-01-30_22:17:46.150[Battery Energy]51.57
2020-01-30_22:17:46.374[Status]Routing 147: Walk: 6
2020-01-30_22:17:46.474[Battery Energy]51.41
2020-01-30_22:17:46.631[Status]Routing 148: Walk: 6
2020-01-30_22:17:46.761[Battery Energy]51.27
2020-01-30_22:17:46.892[Status]Routing 149: Walk: 6
2020-01-30_22:17:46.993[Battery Energy]51.16
2020-01-30_22:17:47.139[Status]Routing 150: Walk: 6
2020-01-30_22:17:47.239[Battery Energy]51.05
2020-01-30_22:17:47.384[Status]Routing 151: Walk: 6
2020-01-30_22:17:47.502[Battery Energy]50.95
2020-01-30_22:17:47.629[Status]Routing 152: Walk: 6
2020-01-30_22:17:47.730[Battery Energy]50.86
2020-01-30_22:17:47.899[Status]Routing 153: Walk: 6
2020-01-30_22:17:47.999[Battery Energy]50.73
2020-01-30_22:17:48.158[Status]Routing 154: Walk: 6
2020-01-30_22:17:48.266[Battery Energy]50.62
2020-01-30_22:17:48.435[Status]Routing 155: Walk: 6
2020-01-30_22:17:48.535[Battery Energy]50.49
2020-01-30_22:17:48.672[Status]Routing 156: Walk: 6
2020-01-30_22:17:48.778[Battery Energy]50.36
2020-01-30_22:17:49.004[Status]Routing 157: Walk: 6
2020-01-30_22:17:49.104[Battery Energy]50.17
2020-01-30_22:17:49.263[Status]Routing 158: Walk: 6
2020-01-30_22:17:49.370[Battery Energy]50.08
2020-01-30_22:17:49.496[Status]Routing 159: Walk: 6
2020-01-30_22:17:49.614[Battery Energy]49.97
2020-01-30_22:17:49.768[Status]Routing 160: Walk: 6
2020-01-30_22:17:49.870[Battery Energy]49.86
2020-01-30_22:17:50.127[Status]Routing 161: Walk: 6
2020-01-30_22:17:50.227[Battery Energy]49.65
2020-01-30_22:17:50.374[Status]Routing 162: Walk: 6
2020-01-30_22:17:50.486[Battery Energy]49.54
2020-01-30_22:17:50.624[Status]Routing 163: Walk: 6
2020-01-30_22:17:50.724[Battery Energy]49.42
2020-01-30_22:17:50.882[Status]Routing 164: Walk: 6
2020-01-30_22:17:50.990[Battery Energy]49.29
2020-01-30_22:17:51.101[Status]Routing 165: Walk: 6
2020-01-30_22:17:51.210[Battery Energy]49.19
2020-01-30_22:17:51.335[Status]Routing 166: Walk: 6
2020-01-30_22:17:51.435[Battery Energy]49.08
2020-01-30_22:17:51.578[Status]Routing 167: Walk: 6
2020-01-30_22:17:51.678[Battery Energy]48.95
2020-01-30_22:17:51.829[Status]Routing 168: Walk: 6
2020-01-30_22:17:51.938[Battery Energy]48.84
2020-01-30_22:17:52.080[Status]Routing 169: Walk: 6
2020-01-30_22:17:52.180[Battery Energy]48.75
2020-01-30_22:17:52.340[Status]Routing 170: Walk: 6
2020-01-30_22:17:52.446[Battery Energy]48.64
2020-01-30_22:17:52.573[Status]Routing 171: Walk: 6
2020-01-30_22:17:52.673[Battery Energy]48.52
2020-01-30_22:17:52.825[Status]Routing 172: Walk: 6
2020-01-30_22:17:52.956[Battery Energy]48.41
2020-01-30_22:17:53.106[Status]Routing 173: Walk: 6
2020-01-30_22:17:53.206[Battery Energy]48.29
2020-01-30_22:17:53.367[Status]Routing 174: Walk: 6
2020-01-30_22:17:53.467[Battery Energy]48.19
2020-01-30_22:17:53.608[Status]Routing 175: Walk: 6
2020-01-30_22:17:53.709[Battery Energy]48.07
2020-01-30_22:17:53.873[Status]Routing 176: Walk: 6
2020-01-30_22:17:53.974[Battery Energy]47.93
2020-01-30_22:17:54.133[Status]Routing 177: Walk: 6
2020-01-30_22:17:54.242[Battery Energy]47.82
2020-01-30_22:17:54.385[Status]Routing 178: Walk: 6
2020-01-30_22:17:54.498[Battery Energy]47.72
2020-01-30_22:17:54.651[Status]Routing 179: Walk: 6
2020-01-30_22:17:54.751[Battery Energy]47.61
2020-01-30_22:17:54.894[Status]Routing 180: Walk: 6
2020-01-30_22:17:55.010[Battery Energy]47.51
2020-01-30_22:17:55.157[Status]Routing 181: Walk: 6
2020-01-30_22:17:55.258[Battery Energy]47.39
2020-01-30_22:17:55.403[Status]Routing 182: Walk: 6
2020-01-30_22:17:55.513[Battery Energy]47.28
2020-01-30_22:17:55.688[Status]Routing 183: Walk: 6
2020-01-30_22:17:55.813[Battery Energy]47.16
2020-01-30_22:17:55.940[Status]Routing 184: Walk: 6
2020-01-30_22:17:56.041[Battery Energy]47.05
2020-01-30_22:17:56.181[Status]Routing 185: Walk: 6
2020-01-30_22:17:56.290[Battery Energy]46.94
2020-01-30_22:17:56.468[Status]Routing 186: Walk: 6
2020-01-30_22:17:56.568[Battery Energy]46.81
2020-01-30_22:17:56.739[Status]Routing 187: Walk: 6
2020-01-30_22:17:56.854[Battery Energy]46.70
2020-01-30_22:17:56.999[Status]Routing 188: Walk: 6
2020-01-30_22:17:57.100[Battery Energy]46.60
2020-01-30_22:17:57.235[Status]Routing 189: Walk: 6
2020-01-30_22:17:57.340[Battery Energy]46.50
2020-01-30_22:17:57.491[Status]Routing 190: Walk: 6
2020-01-30_22:17:57.593[Battery Energy]46.37
2020-01-30_22:17:57.734[Status]Routing 191: Walk: 6
2020-01-30_22:17:57.842[Battery Energy]46.27
2020-01-30_22:17:57.971[Status]Routing 192: Walk: 6
2020-01-30_22:17:58.078[Battery Energy]46.17
2020-01-30_22:17:58.219[Status]Routing 193: Walk: 6
2020-01-30_22:17:58.322[Battery Energy]46.08
2020-01-30_22:17:58.470[Status]Routing 194: Walk: 6
2020-01-30_22:17:58.574[Battery Energy]45.95
2020-01-30_22:17:58.711[Status]Routing 195: Walk: 6
2020-01-30_22:17:58.818[Battery Energy]45.82
2020-01-30_22:17:58.980[Status]Routing 196: Walk: 6
2020-01-30_22:17:59.081[Battery Energy]45.69
2020-01-30_22:17:59.201[Status]Routing 197: Walk: 6
2020-01-30_22:17:59.312[Battery Energy]45.60
2020-01-30_22:17:59.447[Status]Routing 198: Walk: 6
2020-01-30_22:17:59.547[Battery Energy]45.50
2020-01-30_22:17:59.682[Status]Routing 199: Walk: 6
2020-01-30_22:17:59.782[Battery Energy]45.40
2020-01-30_22:17:59.929[Status]Routing 200: Walk: 6
2020-01-30_22:18:00.033[Battery Energy]45.29
2020-01-30_22:18:00.176[Status]Routing 201: Walk: 6
2020-01-30_22:18:00.290[Battery Energy]45.19
2020-01-30_22:18:00.428[Status]Routing 202: Walk: 6
2020-01-30_22:18:00.529[Battery Energy]45.08
2020-01-30_22:18:00.683[Status]Routing 203: Walk: 6
2020-01-30_22:18:00.786[Battery Energy]44.98
2020-01-30_22:18:00.964[Status]Routing 204: Walk: 6
2020-01-30_22:18:01.064[Battery Energy]44.84
2020-01-30_22:18:01.192[Status]Routing 205: Walk: 6
2020-01-30_22:18:01.297[Battery Energy]44.74
2020-01-30_22:18:01.419[Status]Routing 206: Walk: 6
2020-01-30_22:18:01.519[Battery Energy]44.64
2020-01-30_22:18:01.660[Status]Routing 207: Walk: 6
2020-01-30_22:18:01.760[Battery Energy]44.51
2020-01-30_22:18:01.904[Status]Routing 208: Walk: 6
2020-01-30_22:18:02.005[Battery Energy]44.38
2020-01-30_22:18:02.175[Status]Routing 209: Walk: 6
2020-01-30_22:18:02.275[Battery Energy]44.24
2020-01-30_22:18:02.429[Status]Routing 210: Walk: 6
2020-01-30_22:18:02.538[Battery Energy]44.12
2020-01-30_22:18:02.686[Status]Routing 211: Walk: 6
2020-01-30_22:18:02.798[Battery Energy]44.02
2020-01-30_22:18:02.929[Status]Routing 212: Walk: 6
2020-01-30_22:18:03.042[Battery Energy]43.91
2020-01-30_22:18:03.207[Status]Routing 213: Walk: 6
2020-01-30_22:18:03.314[Battery Energy]43.77
2020-01-30_22:18:03.451[Status]Routing 214: Walk: 6
2020-01-30_22:18:03.558[Battery Energy]43.66
2020-01-30_22:18:03.710[Status]Routing 215: Walk: 6
2020-01-30_22:18:03.817[Battery Energy]43.56
2020-01-30_22:18:03.956[Status]Routing 216: Walk: 6
2020-01-30_22:18:04.057[Battery Energy]43.47
2020-01-30_22:18:04.184[Status]Routing 217: Walk: 6
2020-01-30_22:18:04.285[Battery Energy]43.39
2020-01-30_22:18:04.451[Status]Routing 218: Walk: 6
2020-01-30_22:18:04.554[Battery Energy]43.26
2020-01-30_22:18:04.702[Status]Routing 219: Walk: 6
2020-01-30_22:18:04.806[Battery Energy]43.14
2020-01-30_22:18:04.961[Status]Routing 220: Walk: 6
2020-01-30_22:18:05.070[Battery Energy]43.04
2020-01-30_22:18:05.220[Status]Routing 221: Walk: 6
2020-01-30_22:18:05.324[Battery Energy]42.93
2020-01-30_22:18:05.475[Status]Routing 222: Walk: 6
2020-01-30_22:18:05.586[Battery Energy]42.82
2020-01-30_22:18:05.714[Status]Routing 223: Walk: 6
2020-01-30_22:18:05.826[Battery Energy]42.69
2020-01-30_22:18:05.969[Status]Routing 224: Walk: 6
2020-01-30_22:18:06.078[Battery Energy]42.60
2020-01-30_22:18:06.211[Status]Routing 225: Walk: 6
2020-01-30_22:18:06.311[Battery Energy]42.48
2020-01-30_22:18:06.466[Status]Routing 226: Walk: 6
2020-01-30_22:18:06.578[Battery Energy]42.37
2020-01-30_22:18:06.712[Status]Routing 227: Walk: 6
2020-01-30_22:18:06.814[Battery Energy]42.27
2020-01-30_22:18:07.049[Status]Routing 228: Walk: 6
2020-01-30_22:18:07.150[Battery Energy]42.11
2020-01-30_22:18:07.304[Status]Routing 229: Walk: 6
2020-01-30_22:18:07.417[Battery Energy]41.98
2020-01-30_22:18:07.548[Status]Routing 230: Walk: 6
2020-01-30_22:18:07.654[Battery Energy]41.87
2020-01-30_22:18:07.872[Status]Routing 231: Walk: 6
2020-01-30_22:18:07.986[Battery Energy]41.74
2020-01-30_22:18:08.138[Status]Routing 232: Walk: 6
2020-01-30_22:18:08.244[Battery Energy]41.64
2020-01-30_22:18:08.400[Status]Routing 233: Walk: 6
2020-01-30_22:18:08.500[Battery Energy]41.53
