2020-01-29_15:51:02.687[Status]Start.
2020-01-29_15:51:02.688[Battery Energy]112.00
2020-01-29_15:51:03.789[Battery Energy]111.96
2020-01-29_15:51:04.890[Battery Energy]111.92
2020-01-29_15:51:05.991[Battery Energy]111.88
2020-01-29_15:51:07.091[Battery Energy]111.84
2020-01-29_15:51:08.193[Task]A New Task Released.
2020-01-29_15:51:08.193[Battery Energy]111.80
2020-01-29_15:51:08.193[Status]Selection Start.
2020-01-29_15:51:09.041[Status]Selection End: Do Task 2.
2020-01-29_15:51:09.147[Battery Energy]111.23
2020-01-29_15:51:09.147[Status]Formation Start.
2020-01-29_15:51:09.286[Status]number of tasks is 6
2020-01-29_15:51:09.288[Status]my group tasks is [ 1110.           235.62177826]
2020-01-29_15:51:09.293[Status]my group tasks is [ 1040.           235.62177826]
2020-01-29_15:51:09.300[Status]my group tasks is [ 1005.   175.]
2020-01-29_15:51:09.302[Status]my group tasks is [ 1040.           114.37822174]
2020-01-29_15:51:09.310[Status]my group tasks is [ 1110.           114.37822174]
2020-01-29_15:51:09.313[Status]my group tasks is [ 1145.   175.]
2020-01-29_15:51:09.362[Status]mygroup_robots_utility is {16: [16.903073317820045, 17.398843611573398, 18.648986164526303, 19.435881004471078, 37.64042459922909, 17.547957083845578], 17: [19.043733933564518, 17.819250815786404, 18.18965173852832, 19.253358997922135, 16.903073317820045, 17.06838008835575], 18: [16.312917033162773, 17.4213265052023, 35.1568685300114, 33.18382100649012, 15.45402160644371, 15.579003530514882], 19: [32.60645836872729, 17.321823068743257, 34.52323903619288, 16.196334755991494, 15.34422157139463, 15.296340530050085], 20: [16.99637862759414, 17.563718137374206, 18.834276781826734, 17.577977767895163, 39.10084565504815, 18.850663231269667], 15: [19.893430836817895, 35.9141237006315, 18.551960704994883, 19.917013299604474, 20.655408379968353, 18.572401682682443]}
2020-01-29_15:51:09.362[Status]self.local_queue is [15, 16, 17, 18, 19, 20]
2020-01-29_15:51:09.362[Status]task_chosen index is 1
2020-01-29_15:51:09.362[Status]task_chosen index is 4
2020-01-29_15:51:09.362[Status]task_chosen index is 3
2020-01-29_15:51:09.362[Status]task_chosen index is 2
2020-01-29_15:51:09.362[Status]myindex_in_queue is 2
2020-01-29_15:51:09.362[Status]task destination is [1040.0, 235.62177826491072]
2020-01-29_15:51:09.463[Battery Energy]111.08
2020-01-29_15:51:09.463[Status]Routing Start.
2020-01-29_15:51:09.617[Status]{'coordinate': [63.351929421159824, 605.4586138163644], 'id': 18}
2020-01-29_15:51:09.617[Status]Routing 1: Walk: 1
2020-01-29_15:51:09.718[Battery Energy]110.88
2020-01-29_15:51:09.718[Status]Routing Start.
2020-01-29_15:51:09.851[Status]{'coordinate': [72.70385884231965, 601.9172276327288], 'id': 18}
2020-01-29_15:51:09.851[Status]Routing 2: Walk: 2
2020-01-29_15:51:09.966[Battery Energy]110.69
2020-01-29_15:51:09.966[Status]Routing Start.
2020-01-29_15:51:10.092[Status]{'coordinate': [82.05578826347947, 598.3758414490932], 'id': 18}
2020-01-29_15:51:10.093[Status]Routing 3: Walk: 3
2020-01-29_15:51:10.197[Battery Energy]110.50
2020-01-29_15:51:10.197[Status]Routing Start.
2020-01-29_15:51:10.326[Status]{'coordinate': [91.4077176846393, 594.8344552654576], 'id': 18}
2020-01-29_15:51:10.326[Status]Routing 4: Walk: 4
2020-01-29_15:51:10.430[Battery Energy]110.30
2020-01-29_15:51:10.430[Status]Routing Start.
2020-01-29_15:51:10.558[Status]{'coordinate': [100.75964710579912, 591.293069081822], 'id': 18}
2020-01-29_15:51:10.559[Status]Routing 5: Walk: 5
2020-01-29_15:51:10.670[Battery Energy]110.11
2020-01-29_15:51:10.670[Status]Routing Start.
2020-01-29_15:51:10.990[Status]{'coordinate': [110.11157652695894, 587.7516828981863], 'id': 18}
2020-01-29_15:51:10.990[Status]Routing 6: Walk: 6
2020-01-29_15:51:11.090[Battery Energy]109.78
2020-01-29_15:51:11.090[Status]Routing Start.
2020-01-29_15:51:11.374[Status]{'coordinate': [119.46350594811877, 584.2102967145507], 'id': 18}
2020-01-29_15:51:11.374[Status]Routing 7: Walk: 7
2020-01-29_15:51:11.490[Battery Energy]109.48
2020-01-29_15:51:11.490[Status]Routing Start.
2020-01-29_15:51:11.790[Status]{'coordinate': [128.8154353692786, 580.6689105309151], 'id': 18}
2020-01-29_15:51:11.790[Status]Routing 8: Walk: 8
2020-01-29_15:51:11.890[Battery Energy]109.15
2020-01-29_15:51:11.890[Status]Routing Start.
2020-01-29_15:51:12.194[Status]{'coordinate': [138.16736479043843, 577.1275243472795], 'id': 18}
2020-01-29_15:51:12.195[Status]Routing 9: Walk: 9
2020-01-29_15:51:12.298[Battery Energy]108.86
2020-01-29_15:51:12.298[Status]Routing Start.
2020-01-29_15:51:12.605[Status]{'coordinate': [147.51929421159826, 573.5861381636439], 'id': 18}
2020-01-29_15:51:12.605[Status]Routing 10: Walk: 10
2020-01-29_15:51:12.705[Battery Energy]108.55
2020-01-29_15:51:12.705[Status]Routing Start.
2020-01-29_15:51:13.035[Status]{'coordinate': [156.8712236327581, 570.0447519800083], 'id': 18}
2020-01-29_15:51:13.035[Status]Routing 11: Walk: 11
2020-01-29_15:51:13.138[Battery Energy]108.25
2020-01-29_15:51:13.138[Status]Routing Start.
2020-01-29_15:51:13.658[Status]Routing 12: Walk: 11
2020-01-29_15:51:13.759[Battery Energy]107.83
2020-01-29_15:51:13.759[Status]Routing Start.
2020-01-29_15:51:14.044[Status]Routing 13: Walk: 11
2020-01-29_15:51:14.145[Battery Energy]107.53
2020-01-29_15:51:14.145[Status]Routing Start.
2020-01-29_15:51:14.284[Status]{'coordinate': [166.22315305391794, 566.5033657963727], 'id': 18}
2020-01-29_15:51:14.284[Status]Routing 14: Walk: 12
2020-01-29_15:51:14.387[Battery Energy]107.32
2020-01-29_15:51:14.387[Status]Routing Start.
2020-01-29_15:51:14.683[Status]{'coordinate': [175.57508247507778, 562.9619796127371], 'id': 18}
2020-01-29_15:51:14.684[Status]Routing 15: Walk: 13
2020-01-29_15:51:14.786[Battery Energy]107.00
2020-01-29_15:51:14.786[Status]Routing Start.
2020-01-29_15:51:15.072[Status]{'coordinate': [184.92701189623762, 559.4205934291015], 'id': 18}
2020-01-29_15:51:15.072[Status]Routing 16: Walk: 14
2020-01-29_15:51:15.172[Battery Energy]106.72
2020-01-29_15:51:15.172[Status]Routing Start.
2020-01-29_15:51:15.586[Status]{'coordinate': [194.27894131739745, 555.8792072454659], 'id': 18}
2020-01-29_15:51:15.587[Status]Routing 17: Walk: 15
2020-01-29_15:51:15.688[Battery Energy]106.34
2020-01-29_15:51:15.688[Status]Routing Start.
2020-01-29_15:51:16.220[Status]Routing 18: Walk: 15
2020-01-29_15:51:16.322[Battery Energy]105.93
2020-01-29_15:51:16.322[Status]Routing Start.
2020-01-29_15:51:16.450[Status]{'coordinate': [203.6308707385573, 552.3378210618303], 'id': 18}
2020-01-29_15:51:16.452[Status]Routing 19: Walk: 16
2020-01-29_15:51:16.552[Battery Energy]105.75
2020-01-29_15:51:16.552[Status]Routing Start.
2020-01-29_15:51:16.962[Status]{'coordinate': [212.98280015971713, 548.7964348781946], 'id': 18}
2020-01-29_15:51:16.962[Status]Routing 20: Walk: 17
2020-01-29_15:51:17.074[Battery Energy]105.41
2020-01-29_15:51:17.074[Status]Routing Start.
2020-01-29_15:51:17.389[Status]{'coordinate': [222.33472958087697, 545.255048694559], 'id': 18}
2020-01-29_15:51:17.389[Status]Routing 21: Walk: 18
2020-01-29_15:51:17.494[Battery Energy]105.10
2020-01-29_15:51:17.494[Status]Routing Start.
2020-01-29_15:51:17.801[Status]{'coordinate': [231.6866590020368, 541.7136625109234], 'id': 18}
2020-01-29_15:51:17.802[Status]Routing 22: Walk: 19
2020-01-29_15:51:17.914[Battery Energy]104.80
2020-01-29_15:51:17.914[Status]Routing Start.
2020-01-29_15:51:18.027[Status]{'coordinate': [241.03858842319664, 538.1722763272878], 'id': 18}
2020-01-29_15:51:18.027[Status]Routing 23: Walk: 20
2020-01-29_15:51:18.127[Battery Energy]104.59
2020-01-29_15:51:18.127[Status]Routing Start.
2020-01-29_15:51:18.444[Status]{'coordinate': [250.39051784435648, 534.6308901436522], 'id': 18}
2020-01-29_15:51:18.444[Status]Routing 24: Walk: 21
2020-01-29_15:51:18.550[Battery Energy]104.28
2020-01-29_15:51:18.550[Status]Routing Start.
2020-01-29_15:51:18.848[Status]{'coordinate': [259.7424472655163, 531.0895039600166], 'id': 18}
2020-01-29_15:51:18.848[Status]Routing 25: Walk: 22
2020-01-29_15:51:18.953[Battery Energy]103.98
2020-01-29_15:51:18.953[Status]Routing Start.
2020-01-29_15:51:19.097[Status]{'coordinate': [269.0943766866761, 527.548117776381], 'id': 18}
2020-01-29_15:51:19.097[Status]Routing 26: Walk: 23
2020-01-29_15:51:19.204[Battery Energy]103.75
2020-01-29_15:51:19.204[Status]Routing Start.
2020-01-29_15:51:19.511[Status]{'coordinate': [278.44630610783594, 524.0067315927454], 'id': 18}
2020-01-29_15:51:19.511[Status]Routing 27: Walk: 24
2020-01-29_15:51:19.611[Battery Energy]103.41
2020-01-29_15:51:19.612[Status]Routing Start.
2020-01-29_15:51:19.781[Status]{'coordinate': [287.79823552899575, 520.4653454091098], 'id': 18}
2020-01-29_15:51:19.781[Status]Routing 28: Walk: 25
2020-01-29_15:51:19.892[Battery Energy]103.19
2020-01-29_15:51:19.892[Status]Routing Start.
2020-01-29_15:51:20.191[Status]{'coordinate': [297.15016495015556, 516.9239592254742], 'id': 18}
2020-01-29_15:51:20.191[Status]Routing 29: Walk: 26
2020-01-29_15:51:20.306[Battery Energy]102.92
2020-01-29_15:51:20.306[Status]Routing Start.
2020-01-29_15:51:20.430[Status]{'coordinate': [306.50209437131537, 513.3825730418386], 'id': 18}
2020-01-29_15:51:20.432[Status]Routing 30: Walk: 27
2020-01-29_15:51:20.538[Battery Energy]102.71
2020-01-29_15:51:20.538[Status]Routing Start.
2020-01-29_15:51:20.829[Status]{'coordinate': [315.8540237924752, 509.84118685820295], 'id': 18}
2020-01-29_15:51:20.830[Status]Routing 31: Walk: 28
2020-01-29_15:51:20.931[Battery Energy]102.45
2020-01-29_15:51:20.931[Status]Routing Start.
2020-01-29_15:51:21.106[Status]{'coordinate': [325.205953213635, 506.29980067456734], 'id': 18}
2020-01-29_15:51:21.106[Status]Routing 32: Walk: 29
2020-01-29_15:51:21.218[Battery Energy]102.22
2020-01-29_15:51:21.218[Status]Routing Start.
2020-01-29_15:51:21.492[Status]{'coordinate': [334.5578826347948, 502.7584144909317], 'id': 18}
2020-01-29_15:51:21.493[Status]Routing 33: Walk: 30
2020-01-29_15:51:21.601[Battery Energy]101.92
2020-01-29_15:51:21.601[Status]Routing Start.
2020-01-29_15:51:21.895[Status]{'coordinate': [343.9098120559546, 499.2170283072961], 'id': 18}
2020-01-29_15:51:21.895[Status]Routing 34: Walk: 31
2020-01-29_15:51:22.002[Battery Energy]101.62
2020-01-29_15:51:22.010[Status]Routing Start.
2020-01-29_15:51:22.145[Status]{'coordinate': [353.2617414771144, 495.6756421236605], 'id': 18}
2020-01-29_15:51:22.145[Status]Routing 35: Walk: 32
2020-01-29_15:51:22.245[Battery Energy]101.40
2020-01-29_15:51:22.245[Status]Routing Start.
2020-01-29_15:51:22.538[Status]{'coordinate': [362.6136708982742, 492.1342559400249], 'id': 18}
2020-01-29_15:51:22.540[Status]Routing 36: Walk: 33
2020-01-29_15:51:22.646[Battery Energy]101.08
2020-01-29_15:51:22.646[Status]Routing Start.
2020-01-29_15:51:22.928[Status]{'coordinate': [371.96560031943403, 488.5928697563893], 'id': 18}
2020-01-29_15:51:22.928[Status]Routing 37: Walk: 34
2020-01-29_15:51:23.028[Battery Energy]100.80
2020-01-29_15:51:23.028[Status]Routing Start.
2020-01-29_15:51:23.333[Status]{'coordinate': [381.31752974059384, 485.0514835727537], 'id': 18}
2020-01-29_15:51:23.333[Status]Routing 38: Walk: 35
2020-01-29_15:51:23.442[Battery Energy]100.51
2020-01-29_15:51:23.442[Status]Routing Start.
2020-01-29_15:51:23.583[Status]{'coordinate': [390.66945916175365, 481.5100973891181], 'id': 18}
2020-01-29_15:51:23.583[Status]Routing 39: Walk: 36
2020-01-29_15:51:23.686[Battery Energy]100.31
2020-01-29_15:51:23.686[Status]Routing Start.
2020-01-29_15:51:23.984[Status]{'coordinate': [400.02138858291346, 477.96871120548246], 'id': 18}
2020-01-29_15:51:23.984[Status]Routing 40: Walk: 37
2020-01-29_15:51:24.094[Battery Energy]100.02
2020-01-29_15:51:24.094[Status]Routing Start.
2020-01-29_15:51:24.377[Status]{'coordinate': [409.37331800407327, 474.42732502184685], 'id': 18}
2020-01-29_15:51:24.377[Status]Routing 41: Walk: 38
2020-01-29_15:51:24.480[Battery Energy]99.70
2020-01-29_15:51:24.480[Status]Routing Start.
2020-01-29_15:51:24.752[Status]{'coordinate': [418.7252474252331, 470.88593883821125], 'id': 18}
2020-01-29_15:51:24.752[Status]Routing 42: Walk: 39
2020-01-29_15:51:24.866[Battery Energy]99.39
2020-01-29_15:51:24.866[Status]Routing Start.
2020-01-29_15:51:25.180[Status]{'coordinate': [428.0771768463929, 467.34455265457564], 'id': 18}
2020-01-29_15:51:25.180[Status]Routing 43: Walk: 40
2020-01-29_15:51:25.281[Battery Energy]99.05
2020-01-29_15:51:25.281[Status]Routing Start.
2020-01-29_15:51:25.596[Status]{'coordinate': [437.4291062675527, 463.80316647094], 'id': 18}
2020-01-29_15:51:25.596[Status]Routing 44: Walk: 41
2020-01-29_15:51:25.696[Battery Energy]98.74
2020-01-29_15:51:25.696[Status]Routing Start.
2020-01-29_15:51:25.972[Status]{'coordinate': [446.7810356887125, 460.2617802873044], 'id': 18}
2020-01-29_15:51:25.972[Status]Routing 45: Walk: 42
2020-01-29_15:51:26.078[Battery Energy]98.46
2020-01-29_15:51:26.078[Status]Routing Start.
2020-01-29_15:51:26.370[Status]{'coordinate': [456.1329651098723, 456.7203941036688], 'id': 18}
2020-01-29_15:51:26.370[Status]Routing 46: Walk: 43
2020-01-29_15:51:26.490[Battery Energy]98.14
2020-01-29_15:51:26.490[Status]Routing Start.
2020-01-29_15:51:27.017[Status]Routing 47: Walk: 43
2020-01-29_15:51:27.118[Battery Energy]97.71
2020-01-29_15:51:27.118[Status]Routing Start.
2020-01-29_15:51:27.426[Status]Routing 48: Walk: 43
2020-01-29_15:51:27.528[Battery Energy]97.37
2020-01-29_15:51:27.528[Status]Routing Start.
2020-01-29_15:51:27.644[Status]{'coordinate': [465.4848945310321, 453.1790079200332], 'id': 18}
2020-01-29_15:51:27.644[Status]Routing 49: Walk: 44
2020-01-29_15:51:27.744[Battery Energy]97.19
2020-01-29_15:51:27.744[Status]Routing Start.
2020-01-29_15:51:28.035[Status]Routing 50: Walk: 44
2020-01-29_15:51:28.135[Battery Energy]96.90
2020-01-29_15:51:28.135[Status]Routing Start.
2020-01-29_15:51:28.481[Status]Routing 51: Walk: 44
2020-01-29_15:51:28.582[Battery Energy]96.57
2020-01-29_15:51:28.582[Status]Routing Start.
2020-01-29_15:51:28.908[Status]Routing 52: Walk: 44
2020-01-29_15:51:29.012[Battery Energy]96.27
2020-01-29_15:51:29.012[Status]Routing Start.
2020-01-29_15:51:29.311[Status]Routing 53: Walk: 44
2020-01-29_15:51:29.417[Battery Energy]95.99
2020-01-29_15:51:29.417[Status]Routing Start.
2020-01-29_15:51:29.734[Status]Routing 54: Walk: 44
2020-01-29_15:51:29.835[Battery Energy]95.69
2020-01-29_15:51:29.835[Status]Routing Start.
2020-01-29_15:51:30.133[Status]Routing 55: Walk: 44
2020-01-29_15:51:30.233[Battery Energy]95.39
2020-01-29_15:51:30.233[Status]Routing Start.
2020-01-29_15:51:30.538[Status]Routing 56: Walk: 44
2020-01-29_15:51:30.639[Battery Energy]95.09
2020-01-29_15:51:30.639[Status]Routing Start.
2020-01-29_15:51:30.954[Status]Routing 57: Walk: 44
2020-01-29_15:51:31.054[Battery Energy]94.81
2020-01-29_15:51:31.054[Status]Routing Start.
2020-01-29_15:51:31.480[Status]Routing 58: Walk: 44
2020-01-29_15:51:31.584[Battery Energy]94.41
2020-01-29_15:51:31.584[Status]Routing Start.
2020-01-29_15:51:31.920[Status]Routing 59: Walk: 44
2020-01-29_15:51:32.020[Battery Energy]94.07
2020-01-29_15:51:32.020[Status]Routing Start.
2020-01-29_15:51:32.345[Status]Routing 60: Walk: 44
2020-01-29_15:51:32.447[Battery Energy]93.73
2020-01-29_15:51:32.447[Status]Routing Start.
2020-01-29_15:51:32.563[Status]{'coordinate': [474.83682395219193, 449.6376217363976], 'id': 18}
2020-01-29_15:51:32.563[Status]Routing 61: Walk: 45
2020-01-29_15:51:32.663[Battery Energy]93.53
2020-01-29_15:51:32.663[Status]Routing Start.
2020-01-29_15:51:32.983[Status]{'coordinate': [484.18875337335174, 446.096235552762], 'id': 18}
2020-01-29_15:51:32.983[Status]Routing 62: Walk: 46
2020-01-29_15:51:33.090[Battery Energy]93.20
2020-01-29_15:51:33.090[Status]Routing Start.
2020-01-29_15:51:33.361[Status]{'coordinate': [493.54068279451155, 442.5548493691264], 'id': 18}
2020-01-29_15:51:33.361[Status]Routing 63: Walk: 47
2020-01-29_15:51:33.468[Battery Energy]92.88
2020-01-29_15:51:33.468[Status]Routing Start.
2020-01-29_15:51:33.582[Status]{'coordinate': [502.89261221567136, 439.01346318549076], 'id': 18}
2020-01-29_15:51:33.582[Status]Routing 64: Walk: 48
2020-01-29_15:51:33.682[Battery Energy]92.68
2020-01-29_15:51:33.682[Status]Routing Start.
2020-01-29_15:51:33.831[Status]{'coordinate': [512.2445416368312, 435.47207700185515], 'id': 18}
2020-01-29_15:51:33.831[Status]Routing 65: Walk: 49
2020-01-29_15:51:33.931[Battery Energy]92.46
2020-01-29_15:51:33.931[Status]Routing Start.
2020-01-29_15:51:34.062[Status]{'coordinate': [521.596471057991, 431.93069081821955], 'id': 18}
2020-01-29_15:51:34.062[Status]Routing 66: Walk: 50
2020-01-29_15:51:34.163[Battery Energy]92.26
2020-01-29_15:51:34.163[Status]Routing Start.
2020-01-29_15:51:34.298[Status]{'coordinate': [530.9484004791509, 428.38930463458394], 'id': 18}
2020-01-29_15:51:34.298[Status]Routing 67: Walk: 51
2020-01-29_15:51:34.403[Battery Energy]92.08
2020-01-29_15:51:34.403[Status]Routing Start.
2020-01-29_15:51:34.589[Status]{'coordinate': [540.3003299003108, 424.8479184509483], 'id': 18}
2020-01-29_15:51:34.589[Status]Routing 68: Walk: 52
2020-01-29_15:51:34.699[Battery Energy]91.84
2020-01-29_15:51:34.699[Status]Routing Start.
2020-01-29_15:51:34.830[Status]{'coordinate': [549.6522593214706, 421.3065322673127], 'id': 18}
2020-01-29_15:51:34.830[Status]Routing 69: Walk: 53
2020-01-29_15:51:34.938[Battery Energy]91.63
2020-01-29_15:51:34.938[Status]Routing Start.
2020-01-29_15:51:35.067[Status]{'coordinate': [559.0041887426305, 417.7651460836771], 'id': 18}
2020-01-29_15:51:35.067[Status]Routing 70: Walk: 54
2020-01-29_15:51:35.169[Battery Energy]91.43
2020-01-29_15:51:35.170[Status]Routing Start.
2020-01-29_15:51:35.298[Status]{'coordinate': [568.3561181637904, 414.2237599000415], 'id': 18}
2020-01-29_15:51:35.298[Status]Routing 71: Walk: 55
2020-01-29_15:51:35.412[Battery Energy]91.21
2020-01-29_15:51:35.412[Status]Routing Start.
2020-01-29_15:51:35.548[Status]{'coordinate': [577.7080475849502, 410.6823737164059], 'id': 18}
2020-01-29_15:51:35.548[Status]Routing 72: Walk: 56
2020-01-29_15:51:35.648[Battery Energy]91.01
2020-01-29_15:51:35.648[Status]Routing Start.
2020-01-29_15:51:35.949[Status]{'coordinate': [587.0599770061101, 407.1409875327703], 'id': 18}
2020-01-29_15:51:35.949[Status]Routing 73: Walk: 57
2020-01-29_15:51:36.058[Battery Energy]90.72
2020-01-29_15:51:36.058[Status]Routing Start.
2020-01-29_15:51:36.345[Status]{'coordinate': [596.41190642727, 403.5996013491347], 'id': 18}
2020-01-29_15:51:36.345[Status]Routing 74: Walk: 58
2020-01-29_15:51:36.445[Battery Energy]90.43
2020-01-29_15:51:36.445[Status]Routing Start.
2020-01-29_15:51:36.713[Status]{'coordinate': [605.7638358484298, 400.05821516549906], 'id': 18}
2020-01-29_15:51:36.713[Status]Routing 75: Walk: 59
2020-01-29_15:51:36.813[Battery Energy]90.17
2020-01-29_15:51:36.813[Status]Routing Start.
2020-01-29_15:51:37.132[Status]{'coordinate': [615.1157652695897, 396.51682898186345], 'id': 18}
2020-01-29_15:51:37.132[Status]Routing 76: Walk: 60
2020-01-29_15:51:37.242[Battery Energy]89.84
2020-01-29_15:51:37.242[Status]Routing Start.
2020-01-29_15:51:37.552[Status]{'coordinate': [624.4676946907496, 392.97544279822785], 'id': 18}
2020-01-29_15:51:37.553[Status]Routing 77: Walk: 61
2020-01-29_15:51:37.654[Battery Energy]89.54
2020-01-29_15:51:37.654[Status]Routing Start.
2020-01-29_15:51:37.951[Status]{'coordinate': [633.8196241119094, 389.43405661459224], 'id': 18}
2020-01-29_15:51:37.951[Status]Routing 78: Walk: 62
2020-01-29_15:51:38.075[Battery Energy]89.23
2020-01-29_15:51:38.076[Status]Routing Start.
2020-01-29_15:51:38.372[Status]{'coordinate': [643.1715535330693, 385.8926704309566], 'id': 18}
2020-01-29_15:51:38.372[Status]Routing 79: Walk: 63
2020-01-29_15:51:38.490[Battery Energy]88.96
2020-01-29_15:51:38.490[Status]Routing Start.
2020-01-29_15:51:38.651[Status]{'coordinate': [652.5234829542292, 382.351284247321], 'id': 18}
2020-01-29_15:51:38.651[Status]Routing 80: Walk: 64
2020-01-29_15:51:38.751[Battery Energy]88.73
2020-01-29_15:51:38.751[Status]Routing Start.
2020-01-29_15:51:38.876[Status]{'coordinate': [661.875412375389, 378.8098980636854], 'id': 18}
2020-01-29_15:51:38.876[Status]Routing 81: Walk: 65
2020-01-29_15:51:38.976[Battery Energy]88.55
2020-01-29_15:51:38.976[Status]Routing Start.
2020-01-29_15:51:39.117[Status]{'coordinate': [671.2273417965489, 375.2685118800498], 'id': 18}
2020-01-29_15:51:39.117[Status]Routing 82: Walk: 66
2020-01-29_15:51:39.218[Battery Energy]88.36
2020-01-29_15:51:39.218[Status]Routing Start.
2020-01-29_15:51:39.357[Status]{'coordinate': [680.5792712177088, 371.7271256964142], 'id': 18}
2020-01-29_15:51:39.357[Status]Routing 83: Walk: 67
2020-01-29_15:51:39.466[Battery Energy]88.15
2020-01-29_15:51:39.466[Status]Routing Start.
2020-01-29_15:51:39.749[Status]{'coordinate': [689.9312006388686, 368.1857395127786], 'id': 18}
2020-01-29_15:51:39.749[Status]Routing 84: Walk: 68
2020-01-29_15:51:39.853[Battery Energy]87.85
2020-01-29_15:51:39.853[Status]Routing Start.
2020-01-29_15:51:39.981[Status]{'coordinate': [699.2831300600285, 364.644353329143], 'id': 18}
2020-01-29_15:51:39.981[Status]Routing 85: Walk: 69
2020-01-29_15:51:40.090[Battery Energy]87.64
2020-01-29_15:51:40.090[Status]Routing Start.
2020-01-29_15:51:40.222[Status]{'coordinate': [708.6350594811884, 361.10296714550736], 'id': 18}
2020-01-29_15:51:40.222[Status]Routing 86: Walk: 70
2020-01-29_15:51:40.338[Battery Energy]87.43
2020-01-29_15:51:40.338[Status]Routing Start.
2020-01-29_15:51:40.467[Status]{'coordinate': [717.9869889023482, 357.56158096187175], 'id': 18}
2020-01-29_15:51:40.468[Status]Routing 87: Walk: 71
2020-01-29_15:51:40.569[Battery Energy]87.22
2020-01-29_15:51:40.569[Status]Routing Start.
2020-01-29_15:51:40.722[Status]{'coordinate': [727.3389183235081, 354.0201947782361], 'id': 18}
2020-01-29_15:51:40.722[Status]Routing 88: Walk: 72
2020-01-29_15:51:40.823[Battery Energy]87.02
2020-01-29_15:51:40.823[Status]Routing Start.
2020-01-29_15:51:41.089[Status]{'coordinate': [736.690847744668, 350.4788085946004], 'id': 18}
2020-01-29_15:51:41.089[Status]Routing 89: Walk: 73
2020-01-29_15:51:41.202[Battery Energy]86.71
2020-01-29_15:51:41.202[Status]Routing Start.
2020-01-29_15:51:41.325[Status]{'coordinate': [746.0427771658278, 346.9374224109648], 'id': 18}
2020-01-29_15:51:41.325[Status]Routing 90: Walk: 74
2020-01-29_15:51:41.430[Battery Energy]86.51
2020-01-29_15:51:41.430[Status]Routing Start.
2020-01-29_15:51:41.575[Status]{'coordinate': [755.3947065869877, 343.39603622732915], 'id': 18}
2020-01-29_15:51:41.575[Status]Routing 91: Walk: 75
2020-01-29_15:51:41.685[Battery Energy]86.30
2020-01-29_15:51:41.686[Status]Routing Start.
2020-01-29_15:51:41.818[Status]{'coordinate': [764.7466360081476, 339.8546500436935], 'id': 18}
2020-01-29_15:51:41.818[Status]Routing 92: Walk: 76
2020-01-29_15:51:41.926[Battery Energy]86.09
2020-01-29_15:51:41.926[Status]Routing Start.
2020-01-29_15:51:42.061[Status]{'coordinate': [774.0985654293074, 336.3132638600579], 'id': 18}
2020-01-29_15:51:42.061[Status]Routing 93: Walk: 77
2020-01-29_15:51:42.162[Battery Energy]85.88
2020-01-29_15:51:42.162[Status]Routing Start.
2020-01-29_15:51:42.284[Status]{'coordinate': [783.4504948504673, 332.7718776764222], 'id': 18}
2020-01-29_15:51:42.285[Status]Routing 94: Walk: 78
2020-01-29_15:51:42.386[Battery Energy]85.68
2020-01-29_15:51:42.386[Status]Routing Start.
2020-01-29_15:51:42.539[Status]{'coordinate': [792.8024242716272, 329.23049149278654], 'id': 18}
2020-01-29_15:51:42.540[Status]Routing 95: Walk: 79
2020-01-29_15:51:42.640[Battery Energy]85.46
2020-01-29_15:51:42.640[Status]Routing Start.
2020-01-29_15:51:42.885[Status]{'coordinate': [802.154353692787, 325.6891053091509], 'id': 18}
2020-01-29_15:51:42.886[Status]Routing 96: Walk: 80
2020-01-29_15:51:43.006[Battery Energy]85.19
2020-01-29_15:51:43.006[Status]Routing Start.
2020-01-29_15:51:43.118[Status]{'coordinate': [811.5062831139469, 322.1477191255152], 'id': 18}
2020-01-29_15:51:43.118[Status]Routing 97: Walk: 81
2020-01-29_15:51:43.230[Battery Energy]85.01
2020-01-29_15:51:43.230[Status]Routing Start.
2020-01-29_15:51:43.510[Status]{'coordinate': [820.8582125351068, 318.60633294187954], 'id': 18}
2020-01-29_15:51:43.510[Status]Routing 98: Walk: 82
2020-01-29_15:51:43.622[Battery Energy]84.69
2020-01-29_15:51:43.622[Status]Routing Start.
2020-01-29_15:51:43.933[Status]{'coordinate': [830.2101419562666, 315.0649467582439], 'id': 18}
2020-01-29_15:51:43.933[Status]Routing 99: Walk: 83
2020-01-29_15:51:44.034[Battery Energy]84.41
2020-01-29_15:51:44.036[Status]Routing Start.
2020-01-29_15:51:44.344[Status]{'coordinate': [839.5620713774265, 311.52356057460827], 'id': 18}
2020-01-29_15:51:44.344[Status]Routing 100: Walk: 84
2020-01-29_15:51:44.444[Battery Energy]84.08
2020-01-29_15:51:44.444[Status]Routing Start.
2020-01-29_15:51:44.759[Status]{'coordinate': [848.9140007985864, 307.9821743909726], 'id': 18}
2020-01-29_15:51:44.759[Status]Routing 101: Walk: 85
2020-01-29_15:51:44.859[Battery Energy]83.78
2020-01-29_15:51:44.859[Status]Routing Start.
2020-01-29_15:51:45.161[Status]{'coordinate': [858.2659302197462, 304.44078820733694], 'id': 18}
2020-01-29_15:51:45.162[Status]Routing 102: Walk: 86
2020-01-29_15:51:45.266[Battery Energy]83.44
2020-01-29_15:51:45.266[Status]Routing Start.
2020-01-29_15:51:45.595[Status]{'coordinate': [867.6178596409061, 300.89940202370127], 'id': 18}
2020-01-29_15:51:45.595[Status]Routing 103: Walk: 87
2020-01-29_15:51:45.698[Battery Energy]83.10
2020-01-29_15:51:45.698[Status]Routing Start.
2020-01-29_15:51:45.844[Status]{'coordinate': [876.969789062066, 297.3580158400656], 'id': 18}
2020-01-29_15:51:45.845[Status]Routing 104: Walk: 88
2020-01-29_15:51:45.947[Battery Energy]82.88
2020-01-29_15:51:45.947[Status]Routing Start.
2020-01-29_15:51:46.247[Status]{'coordinate': [886.3217184832258, 293.81662965643], 'id': 18}
2020-01-29_15:51:46.247[Status]Routing 105: Walk: 89
2020-01-29_15:51:46.354[Battery Energy]82.57
2020-01-29_15:51:46.354[Status]Routing Start.
2020-01-29_15:51:46.652[Status]{'coordinate': [895.6736479043857, 290.27524347279433], 'id': 18}
2020-01-29_15:51:46.653[Status]Routing 106: Walk: 90
2020-01-29_15:51:46.762[Battery Energy]82.26
2020-01-29_15:51:46.762[Status]Routing Start.
2020-01-29_15:51:46.911[Status]{'coordinate': [905.0255773255456, 286.73385728915866], 'id': 18}
2020-01-29_15:51:46.911[Status]Routing 107: Walk: 91
2020-01-29_15:51:47.018[Battery Energy]82.06
2020-01-29_15:51:47.018[Status]Routing Start.
2020-01-29_15:51:47.166[Status]{'coordinate': [914.3775067467054, 283.192471105523], 'id': 18}
2020-01-29_15:51:47.166[Status]Routing 108: Walk: 92
2020-01-29_15:51:47.269[Battery Energy]81.86
2020-01-29_15:51:47.269[Status]Routing Start.
2020-01-29_15:51:47.567[Status]{'coordinate': [923.7294361678653, 279.65108492188733], 'id': 18}
2020-01-29_15:51:47.568[Status]Routing 109: Walk: 93
2020-01-29_15:51:47.669[Battery Energy]81.53
2020-01-29_15:51:47.669[Status]Routing Start.
2020-01-29_15:51:47.976[Status]{'coordinate': [933.0813655890252, 276.10969873825167], 'id': 18}
2020-01-29_15:51:47.976[Status]Routing 110: Walk: 94
2020-01-29_15:51:48.076[Battery Energy]81.23
2020-01-29_15:51:48.077[Status]Routing Start.
2020-01-29_15:51:48.416[Status]{'coordinate': [942.433295010185, 272.568312554616], 'id': 18}
2020-01-29_15:51:48.416[Status]Routing 111: Walk: 95
2020-01-29_15:51:48.517[Battery Energy]80.89
2020-01-29_15:51:48.517[Status]Routing Start.
2020-01-29_15:51:49.027[Status]Routing 112: Walk: 95
2020-01-29_15:51:49.127[Battery Energy]80.45
2020-01-29_15:51:49.127[Status]Routing Start.
2020-01-29_15:51:49.431[Status]Routing 113: Walk: 95
2020-01-29_15:51:49.531[Battery Energy]80.12
2020-01-29_15:51:49.531[Status]Routing Start.
2020-01-29_15:51:49.671[Status]{'coordinate': [951.7852244313449, 269.0269263709804], 'id': 18}
2020-01-29_15:51:49.671[Status]Routing 114: Walk: 96
2020-01-29_15:51:49.771[Battery Energy]79.92
2020-01-29_15:51:49.771[Status]Routing Start.
2020-01-29_15:51:49.996[Status]{'coordinate': [961.1371538525048, 265.4855401873447], 'id': 18}
2020-01-29_15:51:49.996[Status]Routing 115: Walk: 97
2020-01-29_15:51:50.105[Battery Energy]79.65
2020-01-29_15:51:50.105[Status]Routing Start.
2020-01-29_15:51:50.228[Status]{'coordinate': [970.4890832736646, 261.94415400370906], 'id': 18}
2020-01-29_15:51:50.229[Status]Routing 116: Walk: 98
2020-01-29_15:51:50.342[Battery Energy]79.46
2020-01-29_15:51:50.342[Status]Routing Start.
2020-01-29_15:51:50.478[Status]{'coordinate': [979.8410126948245, 258.4027678200734], 'id': 18}
2020-01-29_15:51:50.478[Status]Routing 117: Walk: 99
2020-01-29_15:51:50.585[Battery Energy]79.27
2020-01-29_15:51:50.585[Status]Routing Start.
2020-01-29_15:51:50.849[Status]{'coordinate': [989.1929421159844, 254.86138163643776], 'id': 18}
2020-01-29_15:51:50.849[Status]Routing 118: Walk: 100
2020-01-29_15:51:50.962[Battery Energy]78.99
2020-01-29_15:51:50.962[Status]Routing Start.
2020-01-29_15:51:51.137[Status]{'coordinate': [998.5448715371442, 251.31999545280212], 'id': 18}
2020-01-29_15:51:51.137[Status]Routing 119: Walk: 101
2020-01-29_15:51:51.242[Battery Energy]78.75
2020-01-29_15:51:51.242[Status]Routing Start.
2020-01-29_15:51:51.377[Status]{'coordinate': [1007.8968009583041, 247.77860926916648], 'id': 18}
2020-01-29_15:51:51.377[Status]Routing 120: Walk: 102
2020-01-29_15:51:51.486[Battery Energy]78.54
2020-01-29_15:51:51.486[Status]Routing Start.
2020-01-29_15:51:51.660[Status]{'coordinate': [1017.248730379464, 244.23722308553081], 'id': 18}
2020-01-29_15:51:51.660[Status]Routing 121: Walk: 103
2020-01-29_15:51:51.760[Battery Energy]78.31
2020-01-29_15:51:51.760[Status]Routing Start.
2020-01-29_15:51:51.889[Status]{'coordinate': [1026.6006598006238, 240.69583690189515], 'id': 18}
2020-01-29_15:51:51.891[Status]Routing 122: Walk: 104
2020-01-29_15:51:52.002[Battery Energy]78.10
2020-01-29_15:51:52.002[Status]Routing Start.
2020-01-29_15:51:52.134[Status]{'coordinate': [1035.9525892217837, 237.15445071825948], 'id': 18}
2020-01-29_15:51:52.134[Status]Routing 123: Walk: 105
2020-01-29_15:51:52.246[Battery Energy]77.89
2020-01-29_15:51:52.246[Status]Routing Start.
2020-01-29_15:51:52.246[Status]Task Finished.
2020-01-29_15:51:52.346[Battery Energy]77.89
2020-01-29_15:51:52.524[Status]Routing 125: Walk: 105
2020-01-29_15:51:52.626[Battery Energy]77.76
2020-01-29_15:51:52.771[Status]Routing 126: Walk: 105
2020-01-29_15:51:52.874[Battery Energy]77.62
2020-01-29_15:51:53.190[Status]Routing 127: Walk: 105
2020-01-29_15:51:53.297[Battery Energy]77.40
2020-01-29_15:51:53.627[Status]Routing 128: Walk: 105
2020-01-29_15:51:53.728[Battery Energy]77.17
2020-01-29_15:51:53.863[Status]Routing 129: Walk: 105
2020-01-29_15:51:53.974[Battery Energy]77.06
2020-01-29_15:51:54.279[Status]Routing 130: Walk: 105
2020-01-29_15:51:54.380[Battery Energy]76.85
2020-01-29_15:51:54.717[Status]Routing 131: Walk: 105
2020-01-29_15:51:54.819[Battery Energy]76.63
2020-01-29_15:51:55.083[Status]Routing 132: Walk: 105
2020-01-29_15:51:55.194[Battery Energy]76.44
2020-01-29_15:51:55.411[Status]Routing 133: Walk: 105
2020-01-29_15:51:55.512[Battery Energy]76.28
2020-01-29_15:51:55.647[Status]Routing 134: Walk: 105
2020-01-29_15:51:55.747[Battery Energy]76.17
2020-01-29_15:51:55.880[Status]Routing 135: Walk: 105
2020-01-29_15:51:55.999[Battery Energy]76.07
2020-01-29_15:51:56.131[Status]Routing 136: Walk: 105
2020-01-29_15:51:56.233[Battery Energy]75.99
2020-01-29_15:51:56.389[Status]Routing 137: Walk: 105
2020-01-29_15:51:56.502[Battery Energy]75.88
2020-01-29_15:51:56.636[Status]Routing 138: Walk: 105
2020-01-29_15:51:56.746[Battery Energy]75.77
2020-01-29_15:51:56.876[Status]Routing 139: Walk: 105
2020-01-29_15:51:56.986[Battery Energy]75.67
2020-01-29_15:51:57.148[Status]Routing 140: Walk: 105
2020-01-29_15:51:57.248[Battery Energy]75.55
2020-01-29_15:51:57.368[Status]Routing 141: Walk: 105
2020-01-29_15:51:57.476[Battery Energy]75.44
2020-01-29_15:51:57.694[Status]Routing 142: Walk: 105
2020-01-29_15:51:57.802[Battery Energy]75.26
2020-01-29_15:51:57.955[Status]Routing 143: Walk: 105
2020-01-29_15:51:58.055[Battery Energy]75.15
2020-01-29_15:51:58.269[Status]Routing 144: Walk: 105
2020-01-29_15:51:58.381[Battery Energy]75.00
2020-01-29_15:51:58.531[Status]Routing 145: Walk: 105
2020-01-29_15:51:58.638[Battery Energy]74.90
2020-01-29_15:51:58.765[Status]Routing 146: Walk: 105
2020-01-29_15:51:58.877[Battery Energy]74.81
2020-01-29_15:51:58.995[Status]Routing 147: Walk: 105
2020-01-29_15:51:59.102[Battery Energy]74.70
2020-01-29_15:51:59.221[Status]Routing 148: Walk: 105
2020-01-29_15:51:59.330[Battery Energy]74.61
2020-01-29_15:51:59.465[Status]Routing 149: Walk: 105
2020-01-29_15:51:59.570[Battery Energy]74.50
2020-01-29_15:51:59.712[Status]Routing 150: Walk: 105
2020-01-29_15:51:59.816[Battery Energy]74.37
2020-01-29_15:51:59.945[Status]Routing 151: Walk: 105
2020-01-29_15:52:00.045[Battery Energy]74.28
2020-01-29_15:52:00.191[Status]Routing 152: Walk: 105
2020-01-29_15:52:00.294[Battery Energy]74.16
2020-01-29_15:52:00.427[Status]Routing 153: Walk: 105
2020-01-29_15:52:00.530[Battery Energy]74.05
2020-01-29_15:52:00.671[Status]Routing 154: Walk: 105
2020-01-29_15:52:00.798[Battery Energy]73.95
2020-01-29_15:52:00.910[Status]Routing 155: Walk: 105
2020-01-29_15:52:01.011[Battery Energy]73.88
2020-01-29_15:52:01.155[Status]Routing 156: Walk: 105
2020-01-29_15:52:01.262[Battery Energy]73.77
2020-01-29_15:52:01.406[Status]Routing 157: Walk: 105
2020-01-29_15:52:01.506[Battery Energy]73.67
2020-01-29_15:52:01.665[Status]Routing 158: Walk: 105
2020-01-29_15:52:01.765[Battery Energy]73.53
2020-01-29_15:52:01.904[Status]Routing 159: Walk: 105
2020-01-29_15:52:02.005[Battery Energy]73.43
2020-01-29_15:52:02.148[Status]Routing 160: Walk: 105
2020-01-29_15:52:02.262[Battery Energy]73.33
2020-01-29_15:52:02.394[Status]Routing 161: Walk: 105
2020-01-29_15:52:02.501[Battery Energy]73.22
2020-01-29_15:52:02.652[Status]Routing 162: Walk: 105
2020-01-29_15:52:02.762[Battery Energy]73.11
2020-01-29_15:52:02.888[Status]Routing 163: Walk: 105
2020-01-29_15:52:02.998[Battery Energy]73.01
2020-01-29_15:52:03.141[Status]Routing 164: Walk: 105
2020-01-29_15:52:03.246[Battery Energy]72.93
2020-01-29_15:52:03.376[Status]Routing 165: Walk: 105
2020-01-29_15:52:03.486[Battery Energy]72.83
2020-01-29_15:52:03.636[Status]Routing 166: Walk: 105
2020-01-29_15:52:03.742[Battery Energy]72.69
2020-01-29_15:52:03.877[Status]Routing 167: Walk: 105
2020-01-29_15:52:03.994[Battery Energy]72.57
2020-01-29_15:52:04.133[Status]Routing 168: Walk: 105
2020-01-29_15:52:04.234[Battery Energy]72.47
2020-01-29_15:52:04.363[Status]Routing 169: Walk: 105
2020-01-29_15:52:04.475[Battery Energy]72.37
2020-01-29_15:52:04.600[Status]Routing 170: Walk: 105
2020-01-29_15:52:04.714[Battery Energy]72.26
2020-01-29_15:52:04.832[Status]Routing 171: Walk: 105
2020-01-29_15:52:04.942[Battery Energy]72.15
2020-01-29_15:52:05.072[Status]Routing 172: Walk: 105
2020-01-29_15:52:05.178[Battery Energy]72.04
2020-01-29_15:52:05.313[Status]Routing 173: Walk: 105
2020-01-29_15:52:05.414[Battery Energy]71.93
2020-01-29_15:52:05.564[Status]Routing 174: Walk: 105
2020-01-29_15:52:05.667[Battery Energy]71.81
2020-01-29_15:52:05.800[Status]Routing 175: Walk: 105
2020-01-29_15:52:05.910[Battery Energy]71.73
2020-01-29_15:52:06.070[Status]Routing 176: Walk: 105
2020-01-29_15:52:06.170[Battery Energy]71.62
2020-01-29_15:52:06.300[Status]Routing 177: Walk: 105
2020-01-29_15:52:06.400[Battery Energy]71.52
2020-01-29_15:52:06.552[Status]Routing 178: Walk: 105
2020-01-29_15:52:06.662[Battery Energy]71.40
2020-01-29_15:52:06.799[Status]Routing 179: Walk: 105
2020-01-29_15:52:06.914[Battery Energy]71.31
2020-01-29_15:52:07.034[Status]Routing 180: Walk: 105
2020-01-29_15:52:07.140[Battery Energy]71.22
2020-01-29_15:52:07.262[Status]Routing 181: Walk: 105
2020-01-29_15:52:07.363[Battery Energy]71.10
2020-01-29_15:52:07.541[Status]Routing 182: Walk: 105
2020-01-29_15:52:07.650[Battery Energy]70.97
2020-01-29_15:52:07.798[Status]Routing 183: Walk: 105
2020-01-29_15:52:07.900[Battery Energy]70.86
2020-01-29_15:52:08.053[Status]Routing 184: Walk: 105
2020-01-29_15:52:08.153[Battery Energy]70.75
2020-01-29_15:52:08.314[Status]Routing 185: Walk: 105
2020-01-29_15:52:08.415[Battery Energy]70.63
2020-01-29_15:52:08.566[Status]Routing 186: Walk: 105
2020-01-29_15:52:08.667[Battery Energy]70.52
2020-01-29_15:52:08.793[Status]Routing 187: Walk: 105
2020-01-29_15:52:08.918[Battery Energy]70.41
2020-01-29_15:52:09.045[Status]Routing 188: Walk: 105
2020-01-29_15:52:09.145[Battery Energy]70.32
2020-01-29_15:52:09.324[Status]Routing 189: Walk: 105
2020-01-29_15:52:09.425[Battery Energy]70.20
2020-01-29_15:52:09.579[Status]Routing 190: Walk: 105
2020-01-29_15:52:09.690[Battery Energy]70.09
2020-01-29_15:52:09.824[Status]Routing 191: Walk: 105
2020-01-29_15:52:09.938[Battery Energy]69.99
2020-01-29_15:52:10.071[Status]Routing 192: Walk: 105
2020-01-29_15:52:10.182[Battery Energy]69.89
2020-01-29_15:52:10.326[Status]Routing 193: Walk: 105
2020-01-29_15:52:10.438[Battery Energy]69.78
2020-01-29_15:52:10.556[Status]Routing 194: Walk: 105
2020-01-29_15:52:10.656[Battery Energy]69.66
2020-01-29_15:52:10.801[Status]Routing 195: Walk: 105
2020-01-29_15:52:10.904[Battery Energy]69.56
2020-01-29_15:52:11.044[Status]Routing 196: Walk: 105
2020-01-29_15:52:11.158[Battery Energy]69.43
2020-01-29_15:52:11.277[Status]Routing 197: Walk: 105
2020-01-29_15:52:11.383[Battery Energy]69.32
2020-01-29_15:52:11.536[Status]Routing 198: Walk: 105
2020-01-29_15:52:11.646[Battery Energy]69.19
2020-01-29_15:52:11.778[Status]Routing 199: Walk: 105
2020-01-29_15:52:11.894[Battery Energy]69.08
2020-01-29_15:52:12.026[Status]Routing 200: Walk: 105
2020-01-29_15:52:12.142[Battery Energy]68.99
2020-01-29_15:52:12.268[Status]Routing 201: Walk: 105
2020-01-29_15:52:12.374[Battery Energy]68.88
2020-01-29_15:52:12.508[Status]Routing 202: Walk: 105
2020-01-29_15:52:12.614[Battery Energy]68.77
2020-01-29_15:52:12.742[Status]Routing 203: Walk: 105
2020-01-29_15:52:12.842[Battery Energy]68.67
2020-01-29_15:52:12.981[Status]Routing 204: Walk: 105
2020-01-29_15:52:13.083[Battery Energy]68.55
2020-01-29_15:52:13.229[Status]Routing 205: Walk: 105
2020-01-29_15:52:13.337[Battery Energy]68.46
2020-01-29_15:52:13.461[Status]Routing 206: Walk: 105
2020-01-29_15:52:13.562[Battery Energy]68.35
2020-01-29_15:52:13.693[Status]Routing 207: Walk: 105
2020-01-29_15:52:13.794[Battery Energy]68.24
2020-01-29_15:52:13.949[Status]Routing 208: Walk: 105
2020-01-29_15:52:14.049[Battery Energy]68.12
2020-01-29_15:52:14.180[Status]Routing 209: Walk: 105
2020-01-29_15:52:14.280[Battery Energy]68.02
2020-01-29_15:52:14.413[Status]Routing 210: Walk: 105
2020-01-29_15:52:14.518[Battery Energy]67.90
2020-01-29_15:52:14.663[Status]Routing 211: Walk: 105
2020-01-29_15:52:14.772[Battery Energy]67.78
2020-01-29_15:52:14.911[Status]Routing 212: Walk: 105
2020-01-29_15:52:15.018[Battery Energy]67.67
2020-01-29_15:52:15.163[Status]Routing 213: Walk: 105
2020-01-29_15:52:15.264[Battery Energy]67.54
2020-01-29_15:52:15.402[Status]Routing 214: Walk: 105
2020-01-29_15:52:15.510[Battery Energy]67.44
2020-01-29_15:52:15.636[Status]Routing 215: Walk: 105
2020-01-29_15:52:15.736[Battery Energy]67.35
2020-01-29_15:52:15.886[Status]Routing 216: Walk: 105
2020-01-29_15:52:15.987[Battery Energy]67.24
2020-01-29_15:52:16.124[Status]Routing 217: Walk: 105
2020-01-29_15:52:16.226[Battery Energy]67.13
2020-01-29_15:52:16.368[Status]Routing 218: Walk: 105
2020-01-29_15:52:16.481[Battery Energy]67.01
2020-01-29_15:52:16.647[Status]Routing 219: Walk: 105
2020-01-29_15:52:16.762[Battery Energy]66.91
2020-01-29_15:52:16.894[Status]Routing 220: Walk: 105
2020-01-29_15:52:17.014[Battery Energy]66.80
2020-01-29_15:52:17.168[Status]Routing 221: Walk: 105
2020-01-29_15:52:17.277[Battery Energy]66.70
2020-01-29_15:52:17.403[Status]Routing 222: Walk: 105
2020-01-29_15:52:17.503[Battery Energy]66.59
2020-01-29_15:52:17.666[Status]Routing 223: Walk: 105
2020-01-29_15:52:17.770[Battery Energy]66.48
2020-01-29_15:52:17.908[Status]Routing 224: Walk: 105
2020-01-29_15:52:18.008[Battery Energy]66.37
2020-01-29_15:52:18.185[Status]Routing 225: Walk: 105
2020-01-29_15:52:18.302[Battery Energy]66.25
2020-01-29_15:52:18.427[Status]Routing 226: Walk: 105
2020-01-29_15:52:18.542[Battery Energy]66.16
2020-01-29_15:52:18.661[Status]Routing 227: Walk: 105
2020-01-29_15:52:18.774[Battery Energy]66.05
2020-01-29_15:52:18.932[Status]Routing 228: Walk: 105
2020-01-29_15:52:19.042[Battery Energy]65.96
2020-01-29_15:52:19.175[Status]Routing 229: Walk: 105
2020-01-29_15:52:19.276[Battery Energy]65.85
2020-01-29_15:52:19.435[Status]Routing 230: Walk: 105
2020-01-29_15:52:19.536[Battery Energy]65.71
2020-01-29_15:52:19.717[Status]Routing 231: Walk: 105
2020-01-29_15:52:19.821[Battery Energy]65.56
2020-01-29_15:52:19.964[Status]Routing 232: Walk: 105
2020-01-29_15:52:20.064[Battery Energy]65.44
2020-01-29_15:52:20.242[Status]Routing 233: Walk: 105
2020-01-29_15:52:20.350[Battery Energy]65.32
2020-01-29_15:52:20.488[Status]Routing 234: Walk: 105
2020-01-29_15:52:20.590[Battery Energy]65.20
2020-01-29_15:52:20.734[Status]Routing 235: Walk: 105
2020-01-29_15:52:20.842[Battery Energy]65.07
2020-01-29_15:52:20.980[Status]Routing 236: Walk: 105
2020-01-29_15:52:21.094[Battery Energy]64.96
2020-01-29_15:52:21.211[Status]Routing 237: Walk: 105
2020-01-29_15:52:21.314[Battery Energy]64.86
2020-01-29_15:52:21.473[Status]Routing 238: Walk: 105
2020-01-29_15:52:21.577[Battery Energy]64.74
2020-01-29_15:52:21.709[Status]Routing 239: Walk: 105
2020-01-29_15:52:21.812[Battery Energy]64.63
2020-01-29_15:52:21.941[Status]Routing 240: Walk: 105
2020-01-29_15:52:22.058[Battery Energy]64.54
2020-01-29_15:52:22.172[Status]Routing 241: Walk: 105
2020-01-29_15:52:22.275[Battery Energy]64.45
2020-01-29_15:52:22.398[Status]Routing 242: Walk: 105
2020-01-29_15:52:22.498[Battery Energy]64.34
2020-01-29_15:52:22.654[Status]Routing 243: Walk: 105
2020-01-29_15:52:22.756[Battery Energy]64.22
2020-01-29_15:52:22.898[Status]Routing 244: Walk: 105
2020-01-29_15:52:23.002[Battery Energy]64.09
2020-01-29_15:52:23.153[Status]Routing 245: Walk: 105
2020-01-29_15:52:23.258[Battery Energy]63.98
2020-01-29_15:52:23.387[Status]Routing 246: Walk: 105
2020-01-29_15:52:23.487[Battery Energy]63.87
2020-01-29_15:52:23.615[Status]Routing 247: Walk: 105
2020-01-29_15:52:23.715[Battery Energy]63.77
2020-01-29_15:52:23.859[Status]Routing 248: Walk: 105
2020-01-29_15:52:23.966[Battery Energy]63.66
2020-01-29_15:52:24.090[Status]Routing 249: Walk: 105
2020-01-29_15:52:24.206[Battery Energy]63.57
2020-01-29_15:52:24.322[Status]Routing 250: Walk: 105
2020-01-29_15:52:24.434[Battery Energy]63.47
2020-01-29_15:52:24.541[Status]Routing 251: Walk: 105
2020-01-29_15:52:24.654[Battery Energy]63.37
2020-01-29_15:52:24.772[Status]Routing 252: Walk: 105
2020-01-29_15:52:24.873[Battery Energy]63.27
2020-01-29_15:52:25.021[Status]Routing 253: Walk: 105
2020-01-29_15:52:25.121[Battery Energy]63.16
2020-01-29_15:52:25.267[Status]Routing 254: Walk: 105
2020-01-29_15:52:25.367[Battery Energy]63.05
2020-01-29_15:52:25.515[Status]Routing 255: Walk: 105
2020-01-29_15:52:25.622[Battery Energy]62.94
2020-01-29_15:52:25.768[Status]Routing 256: Walk: 105
2020-01-29_15:52:25.868[Battery Energy]62.81
2020-01-29_15:52:26.025[Status]Routing 257: Walk: 105
2020-01-29_15:52:26.134[Battery Energy]62.70
2020-01-29_15:52:26.279[Status]Routing 258: Walk: 105
2020-01-29_15:52:26.397[Battery Energy]62.61
2020-01-29_15:52:26.520[Status]Routing 259: Walk: 105
2020-01-29_15:52:26.621[Battery Energy]62.51
2020-01-29_15:52:26.772[Status]Routing 260: Walk: 105
2020-01-29_15:52:26.873[Battery Energy]62.38
2020-01-29_15:52:27.023[Status]Routing 261: Walk: 105
2020-01-29_15:52:27.127[Battery Energy]62.26
2020-01-29_15:52:27.278[Status]Routing 262: Walk: 105
2020-01-29_15:52:27.404[Battery Energy]62.13
2020-01-29_15:52:27.526[Status]Routing 263: Walk: 105
2020-01-29_15:52:27.630[Battery Energy]62.03
2020-01-29_15:52:27.760[Status]Routing 264: Walk: 105
2020-01-29_15:52:27.866[Battery Energy]61.93
2020-01-29_15:52:27.976[Status]Routing 265: Walk: 105
2020-01-29_15:52:28.076[Battery Energy]61.82
2020-01-29_15:52:28.229[Status]Routing 266: Walk: 105
2020-01-29_15:52:28.329[Battery Energy]61.71
2020-01-29_15:52:28.458[Status]Routing 267: Walk: 105
2020-01-29_15:52:28.560[Battery Energy]61.60
2020-01-29_15:52:28.711[Status]Routing 268: Walk: 105
2020-01-29_15:52:28.811[Battery Energy]61.49
2020-01-29_15:52:28.945[Status]Routing 269: Walk: 105
2020-01-29_15:52:29.062[Battery Energy]61.39
2020-01-29_15:52:29.199[Status]Routing 270: Walk: 105
2020-01-29_15:52:29.310[Battery Energy]61.27
2020-01-29_15:52:29.443[Status]Routing 271: Walk: 105
2020-01-29_15:52:29.558[Battery Energy]61.15
2020-01-29_15:52:29.688[Status]Routing 272: Walk: 105
2020-01-29_15:52:29.789[Battery Energy]61.05
2020-01-29_15:52:29.943[Status]Routing 273: Walk: 105
2020-01-29_15:52:30.058[Battery Energy]60.94
2020-01-29_15:52:30.187[Status]Routing 274: Walk: 105
2020-01-29_15:52:30.294[Battery Energy]60.82
2020-01-29_15:52:30.459[Status]Routing 275: Walk: 105
2020-01-29_15:52:30.566[Battery Energy]60.69
2020-01-29_15:52:30.691[Status]Routing 276: Walk: 105
2020-01-29_15:52:30.802[Battery Energy]60.58
2020-01-29_15:52:30.935[Status]Routing 277: Walk: 105
2020-01-29_15:52:31.054[Battery Energy]60.48
2020-01-29_15:52:31.183[Status]Routing 278: Walk: 105
2020-01-29_15:52:31.285[Battery Energy]60.38
2020-01-29_15:52:31.435[Status]Routing 279: Walk: 105
2020-01-29_15:52:31.542[Battery Energy]60.25
2020-01-29_15:52:31.683[Status]Routing 280: Walk: 105
2020-01-29_15:52:31.794[Battery Energy]60.14
2020-01-29_15:52:31.909[Status]Routing 281: Walk: 105
2020-01-29_15:52:32.022[Battery Energy]60.05
2020-01-29_15:52:32.179[Status]Routing 282: Walk: 105
2020-01-29_15:52:32.293[Battery Energy]59.96
2020-01-29_15:52:32.421[Status]Routing 283: Walk: 105
2020-01-29_15:52:32.521[Battery Energy]59.87
2020-01-29_15:52:32.673[Status]Routing 284: Walk: 105
2020-01-29_15:52:32.774[Battery Energy]59.75
2020-01-29_15:52:32.930[Status]Routing 285: Walk: 105
2020-01-29_15:52:33.034[Battery Energy]59.64
2020-01-29_15:52:33.174[Status]Routing 286: Walk: 105
2020-01-29_15:52:33.282[Battery Energy]59.53
2020-01-29_15:52:33.394[Status]Routing 287: Walk: 105
2020-01-29_15:52:33.506[Battery Energy]59.43
2020-01-29_15:52:33.648[Status]Routing 288: Walk: 105
2020-01-29_15:52:33.754[Battery Energy]59.35
2020-01-29_15:52:33.888[Status]Routing 289: Walk: 105
2020-01-29_15:52:34.004[Battery Energy]59.23
2020-01-29_15:52:34.119[Status]Routing 290: Walk: 105
2020-01-29_15:52:34.222[Battery Energy]59.14
2020-01-29_15:52:34.377[Status]Routing 291: Walk: 105
2020-01-29_15:52:34.480[Battery Energy]59.03
2020-01-29_15:52:34.619[Status]Routing 292: Walk: 105
2020-01-29_15:52:34.720[Battery Energy]58.91
2020-01-29_15:52:34.867[Status]Routing 293: Walk: 105
2020-01-29_15:52:34.994[Battery Energy]58.79
2020-01-29_15:52:35.120[Status]Routing 294: Walk: 105
2020-01-29_15:52:35.230[Battery Energy]58.69
2020-01-29_15:52:35.351[Status]Routing 295: Walk: 105
2020-01-29_15:52:35.462[Battery Energy]58.59
2020-01-29_15:52:35.576[Status]Routing 296: Walk: 105
2020-01-29_15:52:35.677[Battery Energy]58.50
2020-01-29_15:52:35.837[Status]Routing 297: Walk: 105
2020-01-29_15:52:35.941[Battery Energy]58.38
2020-01-29_15:52:36.095[Status]Routing 298: Walk: 105
2020-01-29_15:52:36.206[Battery Energy]58.27
2020-01-29_15:52:36.320[Status]Routing 299: Walk: 105
2020-01-29_15:52:36.425[Battery Energy]58.19
2020-01-29_15:52:36.557[Status]Routing 300: Walk: 105
2020-01-29_15:52:36.674[Battery Energy]58.09
2020-01-29_15:52:36.803[Status]Routing 301: Walk: 105
2020-01-29_15:52:36.904[Battery Energy]57.99
2020-01-29_15:52:37.048[Status]Routing 302: Walk: 105
2020-01-29_15:52:37.148[Battery Energy]57.87
2020-01-29_15:52:37.298[Status]Routing 303: Walk: 105
2020-01-29_15:52:37.410[Battery Energy]57.77
2020-01-29_15:52:37.537[Status]Routing 304: Walk: 105
2020-01-29_15:52:37.646[Battery Energy]57.68
2020-01-29_15:52:37.789[Status]Routing 305: Walk: 105
2020-01-29_15:52:37.894[Battery Energy]57.55
2020-01-29_15:52:38.089[Status]Routing 306: Walk: 105
2020-01-29_15:52:38.202[Battery Energy]57.41
2020-01-29_15:52:38.338[Status]Routing 307: Walk: 105
2020-01-29_15:52:38.462[Battery Energy]57.29
2020-01-29_15:52:38.608[Status]Routing 308: Walk: 105
2020-01-29_15:52:38.717[Battery Energy]57.18
2020-01-29_15:52:38.859[Status]Routing 309: Walk: 105
2020-01-29_15:52:38.970[Battery Energy]57.08
2020-01-29_15:52:39.097[Status]Routing 310: Walk: 105
2020-01-29_15:52:39.197[Battery Energy]56.96
2020-01-29_15:52:39.383[Status]Routing 311: Walk: 105
2020-01-29_15:52:39.484[Battery Energy]56.84
2020-01-29_15:52:39.625[Status]Routing 312: Walk: 105
2020-01-29_15:52:39.734[Battery Energy]56.71
2020-01-29_15:52:39.886[Status]Routing 313: Walk: 105
2020-01-29_15:52:39.986[Battery Energy]56.61
2020-01-29_15:52:40.151[Status]Routing 314: Walk: 105
2020-01-29_15:52:40.258[Battery Energy]56.48
2020-01-29_15:52:40.429[Status]Routing 315: Walk: 105
2020-01-29_15:52:40.529[Battery Energy]56.36
