2020-02-08_12:23:44.300[Status]Start.
2020-02-08_12:23:44.301[Battery Energy]52.00
2020-02-08_12:23:45.402[Battery Energy]51.96
2020-02-08_12:23:46.503[Battery Energy]51.92
2020-02-08_12:23:47.605[Battery Energy]51.88
2020-02-08_12:23:48.706[Battery Energy]51.84
2020-02-08_12:23:49.808[Task]A New Task Released.
2020-02-08_12:23:49.808[Battery Energy]51.80
2020-02-08_12:23:49.808[Status]Selection Start.
2020-02-08_12:23:53.436[Status]Selection End: Do Task 1.
2020-02-08_12:23:53.540[Battery Energy]49.26
2020-02-08_12:23:53.540[Status]Formation Start.
2020-02-08_12:23:53.693[Status]number of tasks is 7
2020-02-08_12:23:53.697[Status]my group tasks is [ 1300.   700.]
2020-02-08_12:23:53.701[Status]my group tasks is [ 1262.34898019   778.18314825]
2020-02-08_12:23:53.710[Status]my group tasks is [ 1177.7479066    797.49279122]
2020-02-08_12:23:53.714[Status]my group tasks is [ 1109.90311321   743.38837391]
2020-02-08_12:23:53.720[Status]my group tasks is [ 1109.90311321   656.61162609]
2020-02-08_12:23:53.724[Status]my group tasks is [ 1177.7479066    602.50720878]
2020-02-08_12:23:53.728[Status]my group tasks is [ 1262.34898019   621.81685175]
2020-02-08_12:23:53.768[Status]mygroup_robots_utility is {7: [32.2918044365551, 17.327707119099202, 18.673387642292365, 35.133617272540995, 31.02608665385033, 18.795939953300852, 15.982198946779915], 8: [16.18075024434686, 17.392358891111186, 14.945534172708678, 16.24531190920084, 17.42529172297273, 29.802290359145406, 14.408386069590257], 9: [16.276659886287614, 17.08316935060274, 14.938583854154968, 17.325247641934368, 29.221543089794817, 14.268184181363821, 15.80090784165605], 10: [16.018348836254752, 17.86436765896997, 34.795358128122174, 14.70214783030748, 16.93829675756464, 14.895117304164096, 15.530646689327297], 11: [16.44573154923073, 33.73287014711585, 14.652596387855526, 31.960785667070706, 13.879734910899913, 14.076493862751056, 15.148684071289512], 12: [16.290457279186807, 17.44439704660042, 34.72280878975264, 14.864937845518794, 16.12772695197738, 28.8127426943456, 14.976840738220359], 13: [16.668993279105063, 17.2895516827285, 30.34762677261172, 33.084146023715064, 28.523936836617462, 14.315305564966629, 15.308593595243655]}
2020-02-08_12:23:53.769[Status]self.local_queue is [7, 9, 8, 10, 11, 12, 13]
2020-02-08_12:23:53.769[Status]task_chosen index is 3
2020-02-08_12:23:53.769[Status]task_chosen index is 4
2020-02-08_12:23:53.769[Status]myindex_in_queue is 4
2020-02-08_12:23:53.769[Status]task destination is [1109.903113209758, 656.6116260882442]
2020-02-08_12:23:53.869[Battery Energy]49.09
2020-02-08_12:23:53.869[Status]Routing Start.
2020-02-08_12:23:54.036[Status]{'id': 9, 'coordinate': [67.92494228389309, 528.2229148218053]}
2020-02-08_12:23:54.036[Status]Routing 1: Walk: 1
2020-02-08_12:23:54.136[Battery Energy]48.86
2020-02-08_12:23:54.136[Status]Routing Start.
2020-02-08_12:23:54.311[Status]{'id': 9, 'coordinate': [77.84988456778618, 529.4458296436105]}
2020-02-08_12:23:54.312[Status]Routing 2: Walk: 2
2020-02-08_12:23:54.425[Battery Energy]48.63
2020-02-08_12:23:54.425[Status]Routing Start.
2020-02-08_12:23:54.555[Status]{'id': 9, 'coordinate': [87.77482685167926, 530.6687444654158]}
2020-02-08_12:23:54.564[Status]Routing 3: Walk: 3
2020-02-08_12:23:54.665[Battery Energy]48.41
2020-02-08_12:23:54.665[Status]Routing Start.
2020-02-08_12:23:54.799[Status]{'id': 9, 'coordinate': [97.69976913557235, 531.891659287221]}
2020-02-08_12:23:54.799[Status]Routing 4: Walk: 4
2020-02-08_12:23:54.906[Battery Energy]48.20
2020-02-08_12:23:54.906[Status]Routing Start.
2020-02-08_12:23:55.056[Status]{'id': 9, 'coordinate': [107.62471141946544, 533.1145741090263]}
2020-02-08_12:23:55.056[Status]Routing 5: Walk: 5
2020-02-08_12:23:55.170[Battery Energy]47.98
2020-02-08_12:23:55.170[Status]Routing Start.
2020-02-08_12:23:55.330[Status]{'id': 9, 'coordinate': [117.54965370335853, 534.3374889308316]}
2020-02-08_12:23:55.331[Status]Routing 6: Walk: 6
2020-02-08_12:23:55.438[Battery Energy]47.77
2020-02-08_12:23:55.438[Status]Routing Start.
2020-02-08_12:23:55.741[Status]{'id': 9, 'coordinate': [127.47459598725162, 535.5604037526368]}
2020-02-08_12:23:55.745[Status]Routing 7: Walk: 7
2020-02-08_12:23:55.845[Battery Energy]47.47
2020-02-08_12:23:55.845[Status]Routing Start.
2020-02-08_12:23:56.156[Status]{'id': 9, 'coordinate': [137.3995382711447, 536.7833185744421]}
2020-02-08_12:23:56.156[Status]Routing 8: Walk: 8
2020-02-08_12:23:56.266[Battery Energy]47.14
2020-02-08_12:23:56.266[Status]Routing Start.
2020-02-08_12:23:56.597[Status]{'id': 9, 'coordinate': [147.32448055503778, 538.0062333962474]}
2020-02-08_12:23:56.597[Status]Routing 9: Walk: 9
2020-02-08_12:23:56.698[Battery Energy]46.82
2020-02-08_12:23:56.698[Status]Routing Start.
2020-02-08_12:23:57.004[Status]{'id': 9, 'coordinate': [157.24942283893085, 539.2291482180526]}
2020-02-08_12:23:57.004[Status]Routing 10: Walk: 10
2020-02-08_12:23:57.108[Battery Energy]46.51
2020-02-08_12:23:57.108[Status]Routing Start.
2020-02-08_12:23:57.404[Status]{'id': 9, 'coordinate': [167.17436512282393, 540.4520630398579]}
2020-02-08_12:23:57.405[Status]Routing 11: Walk: 11
2020-02-08_12:23:57.506[Battery Energy]46.22
2020-02-08_12:23:57.506[Status]Routing Start.
2020-02-08_12:23:57.827[Status]{'id': 9, 'coordinate': [177.099307406717, 541.6749778616631]}
2020-02-08_12:23:57.827[Status]Routing 12: Walk: 12
2020-02-08_12:23:57.930[Battery Energy]45.88
2020-02-08_12:23:57.930[Status]Routing Start.
2020-02-08_12:23:58.432[Status]{'id': 9, 'coordinate': [187.02424969061008, 542.8978926834684]}
2020-02-08_12:23:58.432[Status]Routing 13: Walk: 13
2020-02-08_12:23:58.532[Battery Energy]45.40
2020-02-08_12:23:58.533[Status]Routing Start.
2020-02-08_12:23:58.931[Status]{'id': 9, 'coordinate': [196.94919197450315, 544.1208075052737]}
2020-02-08_12:23:58.931[Status]Routing 14: Walk: 14
2020-02-08_12:23:59.032[Battery Energy]45.01
2020-02-08_12:23:59.033[Status]Routing Start.
2020-02-08_12:23:59.176[Status]{'id': 9, 'coordinate': [206.87413425839623, 545.3437223270789]}
2020-02-08_12:23:59.177[Status]Routing 15: Walk: 15
2020-02-08_12:23:59.278[Battery Energy]44.80
2020-02-08_12:23:59.278[Status]Routing Start.
2020-02-08_12:23:59.770[Status]{'id': 9, 'coordinate': [211.24264604017384, 554.3390602758427]}
2020-02-08_12:23:59.770[Status]Routing 16: Walk: 16
2020-02-08_12:23:59.871[Battery Energy]44.35
2020-02-08_12:23:59.871[Status]Routing Start.
2020-02-08_12:24:00.209[Status]{'id': 9, 'coordinate': [221.1785098393773, 555.46981690911]}
2020-02-08_12:24:00.210[Status]Routing 17: Walk: 17
2020-02-08_12:24:00.310[Battery Energy]43.95
2020-02-08_12:24:00.310[Status]Routing Start.
2020-02-08_12:24:00.435[Status]{'id': 9, 'coordinate': [231.1143736385808, 556.6005735423773]}
2020-02-08_12:24:00.435[Status]Routing 18: Walk: 18
2020-02-08_12:24:00.542[Battery Energy]43.76
2020-02-08_12:24:00.542[Status]Routing Start.
2020-02-08_12:24:00.821[Status]{'id': 9, 'coordinate': [241.05023743778426, 557.7313301756446]}
2020-02-08_12:24:00.821[Status]Routing 19: Walk: 19
2020-02-08_12:24:00.921[Battery Energy]43.45
2020-02-08_12:24:00.921[Status]Routing Start.
2020-02-08_12:24:01.248[Status]{'id': 9, 'coordinate': [250.98610123698774, 558.862086808912]}
2020-02-08_12:24:01.248[Status]Routing 20: Walk: 20
2020-02-08_12:24:01.350[Battery Energy]43.12
2020-02-08_12:24:01.350[Status]Routing Start.
2020-02-08_12:24:01.702[Status]{'id': 9, 'coordinate': [260.9219650361912, 559.9928434421793]}
2020-02-08_12:24:01.702[Status]Routing 21: Walk: 21
2020-02-08_12:24:01.802[Battery Energy]42.77
2020-02-08_12:24:01.802[Status]Routing Start.
2020-02-08_12:24:01.939[Status]{'id': 9, 'coordinate': [270.8578288353946, 561.1236000754466]}
2020-02-08_12:24:01.939[Status]Routing 22: Walk: 22
2020-02-08_12:24:02.050[Battery Energy]42.59
2020-02-08_12:24:02.050[Status]Routing Start.
2020-02-08_12:24:02.376[Status]{'id': 9, 'coordinate': [280.7936926345981, 562.2543567087139]}
2020-02-08_12:24:02.379[Status]Routing 23: Walk: 23
2020-02-08_12:24:02.482[Battery Energy]42.28
2020-02-08_12:24:02.482[Status]Routing Start.
2020-02-08_12:24:02.867[Status]{'id': 9, 'coordinate': [290.7295564338015, 563.3851133419812]}
2020-02-08_12:24:02.867[Status]Routing 24: Walk: 24
2020-02-08_12:24:02.968[Battery Energy]41.96
2020-02-08_12:24:02.968[Status]Routing Start.
2020-02-08_12:24:03.303[Status]{'id': 9, 'coordinate': [300.66542023300497, 564.5158699752485]}
2020-02-08_12:24:03.303[Status]Routing 25: Walk: 25
2020-02-08_12:24:03.410[Battery Energy]41.65
2020-02-08_12:24:03.410[Status]Routing Start.
2020-02-08_12:24:03.758[Status]{'id': 9, 'coordinate': [310.6012840322084, 565.6466266085158]}
2020-02-08_12:24:03.758[Status]Routing 26: Walk: 26
2020-02-08_12:24:03.868[Battery Energy]41.33
2020-02-08_12:24:03.868[Status]Routing Start.
2020-02-08_12:24:04.199[Status]{'id': 9, 'coordinate': [320.53714783141186, 566.7773832417831]}
2020-02-08_12:24:04.199[Status]Routing 27: Walk: 27
2020-02-08_12:24:04.306[Battery Energy]41.03
2020-02-08_12:24:04.306[Status]Routing Start.
2020-02-08_12:24:04.605[Status]{'id': 9, 'coordinate': [330.4730116306153, 567.9081398750504]}
2020-02-08_12:24:04.609[Status]Routing 28: Walk: 28
2020-02-08_12:24:04.709[Battery Energy]40.71
2020-02-08_12:24:04.709[Status]Routing Start.
2020-02-08_12:24:05.002[Status]{'id': 9, 'coordinate': [340.40887542981875, 569.0388965083177]}
2020-02-08_12:24:05.002[Status]Routing 29: Walk: 29
2020-02-08_12:24:05.103[Battery Energy]40.41
2020-02-08_12:24:05.103[Status]Routing Start.
2020-02-08_12:24:05.248[Status]{'id': 9, 'coordinate': [350.3447392290222, 570.1696531415851]}
2020-02-08_12:24:05.248[Status]Routing 30: Walk: 30
2020-02-08_12:24:05.358[Battery Energy]40.18
2020-02-08_12:24:05.358[Status]Routing Start.
2020-02-08_12:24:05.673[Status]{'id': 9, 'coordinate': [360.28060302822564, 571.3004097748524]}
2020-02-08_12:24:05.673[Status]Routing 31: Walk: 31
2020-02-08_12:24:05.785[Battery Energy]39.83
2020-02-08_12:24:05.785[Status]Routing Start.
2020-02-08_12:24:06.074[Status]{'id': 9, 'coordinate': [370.2164668274291, 572.4311664081197]}
2020-02-08_12:24:06.074[Status]Routing 32: Walk: 32
2020-02-08_12:24:06.182[Battery Energy]39.51
2020-02-08_12:24:06.182[Status]Routing Start.
2020-02-08_12:24:06.317[Status]{'id': 9, 'coordinate': [380.15233062663253, 573.561923041387]}
2020-02-08_12:24:06.318[Status]Routing 33: Walk: 33
2020-02-08_12:24:06.419[Battery Energy]39.30
2020-02-08_12:24:06.419[Status]Routing Start.
2020-02-08_12:24:06.750[Status]{'id': 9, 'coordinate': [390.088194425836, 574.6926796746543]}
2020-02-08_12:24:06.751[Status]Routing 34: Walk: 34
2020-02-08_12:24:06.858[Battery Energy]38.95
2020-02-08_12:24:06.858[Status]Routing Start.
2020-02-08_12:24:07.163[Status]{'id': 9, 'coordinate': [400.0240582250394, 575.8234363079216]}
2020-02-08_12:24:07.163[Status]Routing 35: Walk: 35
2020-02-08_12:24:07.266[Battery Energy]38.64
2020-02-08_12:24:07.266[Status]Routing Start.
2020-02-08_12:24:07.615[Status]{'id': 9, 'coordinate': [409.95992202424287, 576.9541929411889]}
2020-02-08_12:24:07.615[Status]Routing 36: Walk: 36
2020-02-08_12:24:07.716[Battery Energy]38.34
2020-02-08_12:24:07.716[Status]Routing Start.
2020-02-08_12:24:08.001[Status]{'id': 9, 'coordinate': [419.8957858234463, 578.0849495744562]}
2020-02-08_12:24:08.001[Status]Routing 37: Walk: 37
2020-02-08_12:24:08.114[Battery Energy]38.03
2020-02-08_12:24:08.114[Status]Routing Start.
2020-02-08_12:24:08.256[Status]{'id': 9, 'coordinate': [429.83164962264976, 579.2157062077235]}
2020-02-08_12:24:08.256[Status]Routing 38: Walk: 38
2020-02-08_12:24:08.356[Battery Energy]37.85
2020-02-08_12:24:08.356[Status]Routing Start.
2020-02-08_12:24:08.867[Status]{'id': 9, 'coordinate': [430.39325352465943, 589.1999238063763]}
2020-02-08_12:24:08.868[Status]Routing 39: Walk: 39
2020-02-08_12:24:08.968[Battery Energy]37.40
2020-02-08_12:24:08.968[Status]Routing Start.
2020-02-08_12:24:09.322[Status]{'id': 9, 'coordinate': [426.1215927613983, 598.2416556274168]}
2020-02-08_12:24:09.322[Status]Routing 40: Walk: 40
2020-02-08_12:24:09.423[Battery Energy]37.00
2020-02-08_12:24:09.423[Status]Routing Start.
2020-02-08_12:24:09.743[Status]{'id': 9, 'coordinate': [421.3190292387438, 607.0129373815772]}
2020-02-08_12:24:09.744[Status]Routing 41: Walk: 41
2020-02-08_12:24:09.844[Battery Energy]36.65
2020-02-08_12:24:09.845[Status]Routing Start.
2020-02-08_12:24:09.984[Status]{'id': 9, 'coordinate': [431.2931881685264, 607.7313757181362]}
2020-02-08_12:24:09.984[Status]Routing 42: Walk: 42
2020-02-08_12:24:10.088[Battery Energy]36.44
2020-02-08_12:24:10.088[Status]Routing Start.
2020-02-08_12:24:10.260[Status]{'id': 9, 'coordinate': [441.267347098309, 608.4498140546951]}
2020-02-08_12:24:10.260[Status]Routing 43: Walk: 43
2020-02-08_12:24:10.360[Battery Energy]36.22
2020-02-08_12:24:10.360[Status]Routing Start.
2020-02-08_12:24:10.579[Status]{'id': 9, 'coordinate': [451.24150602809164, 609.1682523912541]}
2020-02-08_12:24:10.580[Status]Routing 44: Walk: 44
2020-02-08_12:24:10.680[Battery Energy]35.96
2020-02-08_12:24:10.680[Status]Routing Start.
2020-02-08_12:24:10.824[Status]{'id': 9, 'coordinate': [461.21566495787425, 609.8866907278131]}
2020-02-08_12:24:10.825[Status]Routing 45: Walk: 45
2020-02-08_12:24:10.930[Battery Energy]35.75
2020-02-08_12:24:10.930[Status]Routing Start.
2020-02-08_12:24:11.124[Status]{'id': 9, 'coordinate': [471.18982388765687, 610.605129064372]}
2020-02-08_12:24:11.124[Status]Routing 46: Walk: 46
2020-02-08_12:24:11.224[Battery Energy]35.54
2020-02-08_12:24:11.224[Status]Routing Start.
2020-02-08_12:24:11.368[Status]{'id': 9, 'coordinate': [481.1639828174395, 611.323567400931]}
2020-02-08_12:24:11.369[Status]Routing 47: Walk: 47
2020-02-08_12:24:11.469[Battery Energy]35.33
2020-02-08_12:24:11.469[Status]Routing Start.
2020-02-08_12:24:11.641[Status]{'id': 9, 'coordinate': [491.1381417472221, 612.04200573749]}
2020-02-08_12:24:11.642[Status]Routing 48: Walk: 48
2020-02-08_12:24:11.754[Battery Energy]35.10
2020-02-08_12:24:11.754[Status]Routing Start.
2020-02-08_12:24:11.905[Status]{'id': 9, 'coordinate': [501.1123006770047, 612.7604440740489]}
2020-02-08_12:24:11.906[Status]Routing 49: Walk: 49
2020-02-08_12:24:12.018[Battery Energy]34.90
2020-02-08_12:24:12.018[Status]Routing Start.
2020-02-08_12:24:12.333[Status]{'id': 9, 'coordinate': [511.08645960678734, 613.4788824106079]}
2020-02-08_12:24:12.334[Status]Routing 50: Walk: 50
2020-02-08_12:24:12.435[Battery Energy]34.59
2020-02-08_12:24:12.435[Status]Routing Start.
2020-02-08_12:24:12.618[Status]{'id': 9, 'coordinate': [521.06061853657, 614.1973207471668]}
2020-02-08_12:24:12.618[Status]Routing 51: Walk: 51
2020-02-08_12:24:12.718[Battery Energy]34.39
2020-02-08_12:24:12.719[Status]Routing Start.
2020-02-08_12:24:12.885[Status]{'id': 9, 'coordinate': [531.0347774663527, 614.9157590837258]}
2020-02-08_12:24:12.885[Status]Routing 52: Walk: 52
2020-02-08_12:24:12.990[Battery Energy]34.17
2020-02-08_12:24:12.990[Status]Routing Start.
2020-02-08_12:24:13.139[Status]{'id': 9, 'coordinate': [541.0089363961354, 615.6341974202847]}
2020-02-08_12:24:13.139[Status]Routing 53: Walk: 53
2020-02-08_12:24:13.246[Battery Energy]33.97
2020-02-08_12:24:13.246[Status]Routing Start.
2020-02-08_12:24:13.581[Status]{'id': 9, 'coordinate': [550.983095325918, 616.3526357568437]}
2020-02-08_12:24:13.582[Status]Routing 54: Walk: 54
2020-02-08_12:24:13.682[Battery Energy]33.61
2020-02-08_12:24:13.682[Status]Routing Start.
2020-02-08_12:24:14.003[Status]{'id': 9, 'coordinate': [560.9572542557007, 617.0710740934027]}
2020-02-08_12:24:14.003[Status]Routing 55: Walk: 55
2020-02-08_12:24:14.114[Battery Energy]33.31
2020-02-08_12:24:14.114[Status]Routing Start.
2020-02-08_12:24:14.254[Status]{'id': 9, 'coordinate': [570.9314131854834, 617.7895124299616]}
2020-02-08_12:24:14.254[Status]Routing 56: Walk: 56
2020-02-08_12:24:14.362[Battery Energy]33.09
2020-02-08_12:24:14.362[Status]Routing Start.
2020-02-08_12:24:14.524[Status]{'id': 9, 'coordinate': [580.9055721152661, 618.5079507665206]}
2020-02-08_12:24:14.524[Status]Routing 57: Walk: 57
2020-02-08_12:24:14.624[Battery Energy]32.89
2020-02-08_12:24:14.624[Status]Routing Start.
2020-02-08_12:24:14.942[Status]{'id': 9, 'coordinate': [590.8797310450487, 619.2263891030796]}
2020-02-08_12:24:14.942[Status]Routing 58: Walk: 58
2020-02-08_12:24:15.058[Battery Energy]32.55
2020-02-08_12:24:15.058[Status]Routing Start.
2020-02-08_12:24:15.356[Status]{'id': 9, 'coordinate': [600.8538899748314, 619.9448274396385]}
2020-02-08_12:24:15.356[Status]Routing 59: Walk: 59
2020-02-08_12:24:15.466[Battery Energy]32.22
2020-02-08_12:24:15.466[Status]Routing Start.
2020-02-08_12:24:15.773[Status]{'id': 9, 'coordinate': [610.8280489046141, 620.6632657761975]}
2020-02-08_12:24:15.773[Status]Routing 60: Walk: 60
2020-02-08_12:24:15.886[Battery Energy]31.90
2020-02-08_12:24:15.886[Status]Routing Start.
2020-02-08_12:24:16.183[Status]{'id': 9, 'coordinate': [620.8022078343968, 621.3817041127564]}
2020-02-08_12:24:16.183[Status]Routing 61: Walk: 61
2020-02-08_12:24:16.285[Battery Energy]31.62
2020-02-08_12:24:16.285[Status]Routing Start.
2020-02-08_12:24:16.589[Status]{'id': 9, 'coordinate': [630.7763667641794, 622.1001424493154]}
2020-02-08_12:24:16.590[Status]Routing 62: Walk: 62
2020-02-08_12:24:16.691[Battery Energy]31.33
2020-02-08_12:24:16.691[Status]Routing Start.
2020-02-08_12:24:16.998[Status]{'id': 9, 'coordinate': [640.7505256939621, 622.8185807858744]}
2020-02-08_12:24:16.998[Status]Routing 63: Walk: 63
2020-02-08_12:24:17.098[Battery Energy]31.05
2020-02-08_12:24:17.099[Status]Routing Start.
2020-02-08_12:24:17.394[Status]{'id': 9, 'coordinate': [650.7246846237448, 623.5370191224333]}
2020-02-08_12:24:17.394[Status]Routing 64: Walk: 64
2020-02-08_12:24:17.498[Battery Energy]30.78
2020-02-08_12:24:17.498[Status]Routing Start.
2020-02-08_12:24:17.672[Status]{'id': 9, 'coordinate': [660.6988435535275, 624.2554574589923]}
2020-02-08_12:24:17.672[Status]Routing 65: Walk: 65
2020-02-08_12:24:17.785[Battery Energy]30.55
2020-02-08_12:24:17.785[Status]Routing Start.
2020-02-08_12:24:17.937[Status]{'id': 9, 'coordinate': [670.6730024833101, 624.9738957955512]}
2020-02-08_12:24:17.938[Status]Routing 66: Walk: 66
2020-02-08_12:24:18.046[Battery Energy]30.36
2020-02-08_12:24:18.046[Status]Routing Start.
2020-02-08_12:24:18.474[Status]{'id': 9, 'coordinate': [669.880447672738, 634.9424391631771]}
2020-02-08_12:24:18.474[Status]Routing 67: Walk: 67
2020-02-08_12:24:18.575[Battery Energy]29.95
2020-02-08_12:24:18.575[Status]Routing Start.
2020-02-08_12:24:18.932[Status]{'id': 9, 'coordinate': [665.5552343017846, 643.9586761440759]}
2020-02-08_12:24:18.934[Status]Routing 68: Walk: 68
2020-02-08_12:24:19.034[Battery Energy]29.58
2020-02-08_12:24:19.035[Status]Routing Start.
2020-02-08_12:24:19.200[Status]{'id': 9, 'coordinate': [675.5511825451616, 644.2433140117727]}
2020-02-08_12:24:19.200[Status]Routing 69: Walk: 69
2020-02-08_12:24:19.310[Battery Energy]29.39
2020-02-08_12:24:19.310[Status]Routing Start.
2020-02-08_12:24:19.460[Status]{'id': 9, 'coordinate': [685.5471307885387, 644.5279518794695]}
2020-02-08_12:24:19.460[Status]Routing 70: Walk: 70
2020-02-08_12:24:19.560[Battery Energy]29.17
2020-02-08_12:24:19.560[Status]Routing Start.
2020-02-08_12:24:19.710[Status]{'id': 9, 'coordinate': [695.5430790319157, 644.8125897471663]}
2020-02-08_12:24:19.710[Status]Routing 71: Walk: 71
2020-02-08_12:24:19.810[Battery Energy]28.97
2020-02-08_12:24:19.810[Status]Routing Start.
2020-02-08_12:24:19.990[Status]{'id': 9, 'coordinate': [705.5390272752927, 645.0972276148631]}
2020-02-08_12:24:19.990[Status]Routing 72: Walk: 72
2020-02-08_12:24:20.092[Battery Energy]28.76
2020-02-08_12:24:20.092[Status]Routing Start.
2020-02-08_12:24:20.255[Status]{'id': 9, 'coordinate': [715.5349755186697, 645.3818654825599]}
2020-02-08_12:24:20.255[Status]Routing 73: Walk: 73
2020-02-08_12:24:20.358[Battery Energy]28.54
2020-02-08_12:24:20.358[Status]Routing Start.
2020-02-08_12:24:20.505[Status]{'id': 9, 'coordinate': [725.5309237620468, 645.6665033502567]}
2020-02-08_12:24:20.505[Status]Routing 74: Walk: 74
2020-02-08_12:24:20.618[Battery Energy]28.33
2020-02-08_12:24:20.618[Status]Routing Start.
2020-02-08_12:24:20.770[Status]{'id': 9, 'coordinate': [735.5268720054238, 645.9511412179535]}
2020-02-08_12:24:20.770[Status]Routing 75: Walk: 75
2020-02-08_12:24:20.878[Battery Energy]28.12
2020-02-08_12:24:20.878[Status]Routing Start.
2020-02-08_12:24:21.031[Status]{'id': 9, 'coordinate': [745.5228202488008, 646.2357790856503]}
2020-02-08_12:24:21.031[Status]Routing 76: Walk: 76
2020-02-08_12:24:21.138[Battery Energy]27.90
2020-02-08_12:24:21.138[Status]Routing Start.
2020-02-08_12:24:21.285[Status]{'id': 9, 'coordinate': [755.5187684921779, 646.5204169533471]}
2020-02-08_12:24:21.285[Status]Routing 77: Walk: 77
2020-02-08_12:24:21.385[Battery Energy]27.68
2020-02-08_12:24:21.385[Status]Routing Start.
2020-02-08_12:24:21.704[Status]{'id': 9, 'coordinate': [765.5147167355549, 646.8050548210439]}
2020-02-08_12:24:21.704[Status]Routing 78: Walk: 78
2020-02-08_12:24:21.806[Battery Energy]27.31
2020-02-08_12:24:21.806[Status]Routing Start.
2020-02-08_12:24:22.143[Status]{'id': 9, 'coordinate': [775.5106649789319, 647.0896926887407]}
2020-02-08_12:24:22.144[Status]Routing 79: Walk: 79
2020-02-08_12:24:22.244[Battery Energy]26.94
2020-02-08_12:24:22.244[Status]Routing Start.
2020-02-08_12:24:22.385[Status]{'id': 9, 'coordinate': [785.5066132223089, 647.3743305564375]}
2020-02-08_12:24:22.385[Status]Routing 80: Walk: 80
2020-02-08_12:24:22.490[Battery Energy]26.73
2020-02-08_12:24:22.490[Status]Routing Start.
2020-02-08_12:24:22.620[Status]{'id': 9, 'coordinate': [795.502561465686, 647.6589684241343]}
2020-02-08_12:24:22.621[Status]Routing 81: Walk: 81
2020-02-08_12:24:22.726[Battery Energy]26.51
2020-02-08_12:24:22.726[Status]Routing Start.
2020-02-08_12:24:22.887[Status]{'id': 9, 'coordinate': [805.498509709063, 647.9436062918311]}
2020-02-08_12:24:22.888[Status]Routing 82: Walk: 82
2020-02-08_12:24:22.990[Battery Energy]26.29
2020-02-08_12:24:22.990[Status]Routing Start.
2020-02-08_12:24:23.192[Status]{'id': 9, 'coordinate': [815.49445795244, 648.2282441595279]}
2020-02-08_12:24:23.192[Status]Routing 83: Walk: 83
2020-02-08_12:24:23.298[Battery Energy]26.08
2020-02-08_12:24:23.298[Status]Routing Start.
2020-02-08_12:24:23.439[Status]{'id': 9, 'coordinate': [825.4904061958171, 648.5128820272247]}
2020-02-08_12:24:23.439[Status]Routing 84: Walk: 84
2020-02-08_12:24:23.544[Battery Energy]25.87
2020-02-08_12:24:23.544[Status]Routing Start.
2020-02-08_12:24:23.674[Status]{'id': 9, 'coordinate': [835.4863544391941, 648.7975198949215]}
2020-02-08_12:24:23.674[Status]Routing 85: Walk: 85
2020-02-08_12:24:23.774[Battery Energy]25.67
2020-02-08_12:24:23.774[Status]Routing Start.
2020-02-08_12:24:23.932[Status]{'id': 9, 'coordinate': [845.4823026825711, 649.0821577626183]}
2020-02-08_12:24:23.932[Status]Routing 86: Walk: 86
2020-02-08_12:24:24.038[Battery Energy]25.44
2020-02-08_12:24:24.038[Status]Routing Start.
2020-02-08_12:24:24.361[Status]{'id': 9, 'coordinate': [855.4782509259481, 649.366795630315]}
2020-02-08_12:24:24.362[Status]Routing 87: Walk: 87
2020-02-08_12:24:24.462[Battery Energy]25.11
2020-02-08_12:24:24.462[Status]Routing Start.
2020-02-08_12:24:24.761[Status]{'id': 9, 'coordinate': [865.4741991693252, 649.6514334980118]}
2020-02-08_12:24:24.761[Status]Routing 88: Walk: 88
2020-02-08_12:24:24.870[Battery Energy]24.80
2020-02-08_12:24:24.870[Status]Routing Start.
2020-02-08_12:24:25.165[Status]{'id': 9, 'coordinate': [875.4701474127022, 649.9360713657085]}
2020-02-08_12:24:25.167[Status]Routing 89: Walk: 89
2020-02-08_12:24:25.281[Battery Energy]24.51
2020-02-08_12:24:25.281[Status]Routing Start.
2020-02-08_12:24:25.594[Status]{'id': 9, 'coordinate': [885.4660956560792, 650.2207092334053]}
2020-02-08_12:24:25.594[Status]Routing 90: Walk: 90
2020-02-08_12:24:25.706[Battery Energy]24.22
2020-02-08_12:24:25.706[Status]Routing Start.
2020-02-08_12:24:26.034[Status]{'id': 9, 'coordinate': [895.4620438994563, 650.505347101102]}
2020-02-08_12:24:26.034[Status]Routing 91: Walk: 91
2020-02-08_12:24:26.146[Battery Energy]23.87
2020-02-08_12:24:26.146[Status]Routing Start.
2020-02-08_12:24:26.443[Status]{'id': 9, 'coordinate': [905.4579921428333, 650.7899849687988]}
2020-02-08_12:24:26.443[Status]Routing 92: Walk: 92
2020-02-08_12:24:26.543[Battery Energy]23.58
2020-02-08_12:24:26.543[Status]Routing Start.
2020-02-08_12:24:26.880[Status]{'id': 9, 'coordinate': [915.4539403862103, 651.0746228364955]}
2020-02-08_12:24:26.880[Status]Routing 93: Walk: 93
2020-02-08_12:24:26.981[Battery Energy]23.31
2020-02-08_12:24:26.981[Status]Routing Start.
2020-02-08_12:24:27.302[Status]{'id': 9, 'coordinate': [925.4498886295873, 651.3592607041923]}
2020-02-08_12:24:27.302[Status]Routing 94: Walk: 94
2020-02-08_12:24:27.406[Battery Energy]22.98
2020-02-08_12:24:27.406[Status]Routing Start.
2020-02-08_12:24:27.530[Status]{'id': 9, 'coordinate': [935.4458368729644, 651.6438985718889]}
2020-02-08_12:24:27.530[Status]Routing 95: Walk: 95
2020-02-08_12:24:27.642[Battery Energy]22.77
2020-02-08_12:24:27.642[Status]Routing Start.
2020-02-08_12:24:27.791[Status]{'id': 9, 'coordinate': [945.4417851163414, 651.9285364395857]}
2020-02-08_12:24:27.791[Status]Routing 96: Walk: 96
2020-02-08_12:24:27.902[Battery Energy]22.55
2020-02-08_12:24:27.902[Status]Routing Start.
2020-02-08_12:24:28.029[Status]{'id': 9, 'coordinate': [955.4377333597184, 652.2131743072824]}
2020-02-08_12:24:28.029[Status]Routing 97: Walk: 97
2020-02-08_12:24:28.129[Battery Energy]22.35
2020-02-08_12:24:28.130[Status]Routing Start.
2020-02-08_12:24:28.290[Status]{'id': 9, 'coordinate': [965.4336816030955, 652.4978121749792]}
2020-02-08_12:24:28.290[Status]Routing 98: Walk: 98
2020-02-08_12:24:28.394[Battery Energy]22.15
2020-02-08_12:24:28.394[Status]Routing Start.
2020-02-08_12:24:28.621[Status]{'id': 9, 'coordinate': [975.4296298464725, 652.7824500426759]}
2020-02-08_12:24:28.621[Status]Routing 99: Walk: 99
2020-02-08_12:24:28.721[Battery Energy]21.90
2020-02-08_12:24:28.721[Status]Routing Start.
2020-02-08_12:24:28.995[Status]{'id': 9, 'coordinate': [985.4255780898495, 653.0670879103727]}
2020-02-08_12:24:28.996[Status]Routing 100: Walk: 100
2020-02-08_12:24:29.106[Battery Energy]21.64
2020-02-08_12:24:29.106[Status]Routing Start.
2020-02-08_12:24:29.274[Status]{'id': 9, 'coordinate': [995.4215263332266, 653.3517257780694]}
2020-02-08_12:24:29.274[Status]Routing 101: Walk: 101
2020-02-08_12:24:29.391[Battery Energy]21.42
2020-02-08_12:24:29.391[Status]Routing Start.
2020-02-08_12:24:29.632[Status]{'id': 9, 'coordinate': [1005.4174745766036, 653.6363636457662]}
2020-02-08_12:24:29.632[Status]Routing 102: Walk: 102
2020-02-08_12:24:29.732[Battery Energy]21.16
2020-02-08_12:24:29.732[Status]Routing Start.
2020-02-08_12:24:29.858[Status]{'id': 9, 'coordinate': [1015.4134228199806, 653.9210015134629]}
2020-02-08_12:24:29.858[Status]Routing 103: Walk: 103
2020-02-08_12:24:29.961[Battery Energy]20.95
2020-02-08_12:24:29.961[Status]Routing Start.
2020-02-08_12:24:30.104[Status]{'id': 9, 'coordinate': [1025.4093710633576, 654.2056393811597]}
2020-02-08_12:24:30.104[Status]Routing 104: Walk: 104
2020-02-08_12:24:30.218[Battery Energy]20.74
2020-02-08_12:24:30.218[Status]Routing Start.
2020-02-08_12:24:30.455[Status]{'id': 9, 'coordinate': [1035.4053193067348, 654.4902772488564]}
2020-02-08_12:24:30.456[Status]Routing 105: Walk: 105
2020-02-08_12:24:30.562[Battery Energy]20.49
2020-02-08_12:24:30.562[Status]Routing Start.
2020-02-08_12:24:30.710[Status]{'id': 9, 'coordinate': [1045.401267550112, 654.7749151165532]}
2020-02-08_12:24:30.710[Status]Routing 106: Walk: 106
2020-02-08_12:24:30.822[Battery Energy]20.25
2020-02-08_12:24:30.822[Status]Routing Start.
2020-02-08_12:24:30.950[Status]{'id': 9, 'coordinate': [1055.397215793489, 655.0595529842499]}
2020-02-08_12:24:30.950[Status]Routing 107: Walk: 107
2020-02-08_12:24:31.050[Battery Energy]20.03
2020-02-08_12:24:31.050[Status]Routing Start.
2020-02-08_12:24:31.226[Status]{'id': 9, 'coordinate': [1065.3931640368662, 655.3441908519467]}
2020-02-08_12:24:31.226[Status]Routing 108: Walk: 108
2020-02-08_12:24:31.338[Battery Energy]19.83
2020-02-08_12:24:31.338[Status]Routing Start.
2020-02-08_12:24:31.475[Status]{'id': 9, 'coordinate': [1075.3891122802434, 655.6288287196434]}
2020-02-08_12:24:31.475[Status]Routing 109: Walk: 109
2020-02-08_12:24:31.586[Battery Energy]19.60
2020-02-08_12:24:31.586[Status]Routing Start.
2020-02-08_12:24:31.815[Status]{'id': 9, 'coordinate': [1085.3850605236205, 655.9134665873402]}
2020-02-08_12:24:31.815[Status]Routing 110: Walk: 110
2020-02-08_12:24:31.926[Battery Energy]19.35
2020-02-08_12:24:31.926[Status]Routing Start.
2020-02-08_12:24:32.066[Status]{'id': 9, 'coordinate': [1095.3810087669976, 656.1981044550369]}
2020-02-08_12:24:32.068[Status]Routing 111: Walk: 111
2020-02-08_12:24:32.178[Battery Energy]19.15
2020-02-08_12:24:32.178[Status]Routing Start.
2020-02-08_12:24:32.337[Status]{'id': 9, 'coordinate': [1105.3769570103748, 656.4827423227337]}
2020-02-08_12:24:32.337[Status]Routing 112: Walk: 112
2020-02-08_12:24:32.452[Battery Energy]18.93
2020-02-08_12:24:32.452[Status]Routing Start.
2020-02-08_12:24:32.453[Status]Task Finished.
2020-02-08_12:24:32.553[Battery Energy]18.93
2020-02-08_12:24:32.670[Status]Routing 114: Walk: 112
2020-02-08_12:24:32.778[Battery Energy]18.84
2020-02-08_12:24:33.041[Status]Routing 115: Walk: 112
2020-02-08_12:24:33.154[Battery Energy]18.63
2020-02-08_12:24:33.288[Status]Routing 116: Walk: 112
2020-02-08_12:24:33.406[Battery Energy]18.54
2020-02-08_12:24:33.553[Status]Routing 117: Walk: 112
2020-02-08_12:24:33.654[Battery Energy]18.46
2020-02-08_12:24:33.969[Status]Routing 118: Walk: 112
2020-02-08_12:24:34.072[Battery Energy]18.26
2020-02-08_12:24:34.412[Status]Routing 119: Walk: 112
2020-02-08_12:24:34.517[Battery Energy]17.99
2020-02-08_12:24:34.820[Status]Routing 120: Walk: 112
2020-02-08_12:24:34.929[Battery Energy]17.74
2020-02-08_12:24:35.191[Status]Routing 121: Walk: 112
2020-02-08_12:24:35.293[Battery Energy]17.57
2020-02-08_12:24:35.573[Status]Routing 122: Walk: 112
2020-02-08_12:24:35.682[Battery Energy]17.37
2020-02-08_12:24:35.797[Status]Routing 123: Walk: 112
2020-02-08_12:24:35.911[Battery Energy]17.27
2020-02-08_12:24:36.060[Status]Routing 124: Walk: 112
2020-02-08_12:24:36.170[Battery Energy]17.16
2020-02-08_12:24:36.325[Status]Routing 125: Walk: 112
2020-02-08_12:24:36.434[Battery Energy]17.04
2020-02-08_12:24:36.564[Status]Routing 126: Walk: 112
2020-02-08_12:24:36.664[Battery Energy]16.95
2020-02-08_12:24:36.822[Status]Routing 127: Walk: 112
2020-02-08_12:24:36.923[Battery Energy]16.85
2020-02-08_12:24:37.086[Status]Routing 128: Walk: 112
2020-02-08_12:24:37.197[Battery Energy]16.75
2020-02-08_12:24:37.339[Status]Routing 129: Walk: 112
2020-02-08_12:24:37.442[Battery Energy]16.65
2020-02-08_12:24:37.686[Status]Routing 130: Walk: 112
2020-02-08_12:24:37.794[Battery Energy]16.48
2020-02-08_12:24:37.953[Status]Routing 131: Walk: 112
2020-02-08_12:24:38.062[Battery Energy]16.38
2020-02-08_12:24:38.232[Status]Routing 132: Walk: 112
2020-02-08_12:24:38.349[Battery Energy]16.27
2020-02-08_12:24:38.493[Status]Routing 133: Walk: 112
2020-02-08_12:24:38.606[Battery Energy]16.17
2020-02-08_12:24:38.743[Status]Routing 134: Walk: 112
2020-02-08_12:24:38.850[Battery Energy]16.05
2020-02-08_12:24:38.970[Status]Routing 135: Walk: 112
2020-02-08_12:24:39.070[Battery Energy]15.94
2020-02-08_12:24:39.210[Status]Routing 136: Walk: 112
2020-02-08_12:24:39.326[Battery Energy]15.85
2020-02-08_12:24:39.452[Status]Routing 137: Walk: 112
2020-02-08_12:24:39.562[Battery Energy]15.77
2020-02-08_12:24:39.713[Status]Routing 138: Walk: 112
2020-02-08_12:24:39.813[Battery Energy]15.66
2020-02-08_12:24:39.952[Status]Routing 139: Walk: 112
2020-02-08_12:24:40.066[Battery Energy]15.54
2020-02-08_12:24:40.318[Status]Routing 140: Walk: 112
2020-02-08_12:24:40.419[Battery Energy]15.38
2020-02-08_12:24:40.565[Status]Routing 141: Walk: 112
2020-02-08_12:24:40.666[Battery Energy]15.27
2020-02-08_12:24:40.830[Status]Routing 142: Walk: 112
2020-02-08_12:24:40.938[Battery Energy]15.14
2020-02-08_12:24:41.094[Status]Routing 143: Walk: 112
2020-02-08_12:24:41.194[Battery Energy]15.02
2020-02-08_12:24:41.328[Status]Routing 144: Walk: 112
2020-02-08_12:24:41.442[Battery Energy]14.92
2020-02-08_12:24:41.588[Status]Routing 145: Walk: 112
2020-02-08_12:24:41.706[Battery Energy]14.80
2020-02-08_12:24:41.830[Status]Routing 146: Walk: 112
2020-02-08_12:24:41.931[Battery Energy]14.70
2020-02-08_12:24:42.088[Status]Routing 147: Walk: 112
2020-02-08_12:24:42.198[Battery Energy]14.60
2020-02-08_12:24:42.380[Status]Routing 148: Walk: 112
2020-02-08_12:24:42.490[Battery Energy]14.47
2020-02-08_12:24:42.625[Status]Routing 149: Walk: 112
2020-02-08_12:24:42.734[Battery Energy]14.38
2020-02-08_12:24:42.869[Status]Routing 150: Walk: 112
2020-02-08_12:24:42.978[Battery Energy]14.27
2020-02-08_12:24:43.110[Status]Routing 151: Walk: 112
2020-02-08_12:24:43.217[Battery Energy]14.18
2020-02-08_12:24:43.355[Status]Routing 152: Walk: 112
2020-02-08_12:24:43.455[Battery Energy]14.08
2020-02-08_12:24:43.607[Status]Routing 153: Walk: 112
2020-02-08_12:24:43.707[Battery Energy]13.97
2020-02-08_12:24:43.867[Status]Routing 154: Walk: 112
2020-02-08_12:24:43.974[Battery Energy]13.86
2020-02-08_12:24:44.155[Status]Routing 155: Walk: 112
2020-02-08_12:24:44.274[Battery Energy]13.76
2020-02-08_12:24:44.409[Status]Routing 156: Walk: 112
2020-02-08_12:24:44.511[Battery Energy]13.65
2020-02-08_12:24:44.673[Status]Routing 157: Walk: 112
2020-02-08_12:24:44.778[Battery Energy]13.57
2020-02-08_12:24:44.939[Status]Routing 158: Walk: 112
2020-02-08_12:24:45.050[Battery Energy]13.46
2020-02-08_12:24:45.193[Status]Routing 159: Walk: 112
2020-02-08_12:24:45.305[Battery Energy]13.34
2020-02-08_12:24:45.452[Status]Routing 160: Walk: 112
2020-02-08_12:24:45.562[Battery Energy]13.24
2020-02-08_12:24:45.723[Status]Routing 161: Walk: 112
2020-02-08_12:24:45.826[Battery Energy]13.12
2020-02-08_12:24:45.972[Status]Routing 162: Walk: 112
2020-02-08_12:24:46.072[Battery Energy]12.99
2020-02-08_12:24:46.225[Status]Routing 163: Walk: 112
2020-02-08_12:24:46.338[Battery Energy]12.89
2020-02-08_12:24:46.475[Status]Routing 164: Walk: 112
2020-02-08_12:24:46.578[Battery Energy]12.79
2020-02-08_12:24:46.724[Status]Routing 165: Walk: 112
2020-02-08_12:24:46.842[Battery Energy]12.68
2020-02-08_12:24:46.981[Status]Routing 166: Walk: 112
2020-02-08_12:24:47.081[Battery Energy]12.56
2020-02-08_12:24:47.285[Status]Routing 167: Walk: 112
2020-02-08_12:24:47.394[Battery Energy]12.42
2020-02-08_12:24:47.523[Status]Routing 168: Walk: 112
2020-02-08_12:24:47.623[Battery Energy]12.34
2020-02-08_12:24:47.793[Status]Routing 169: Walk: 112
2020-02-08_12:24:47.894[Battery Energy]12.26
2020-02-08_12:24:48.016[Status]Routing 170: Walk: 112
2020-02-08_12:24:48.116[Battery Energy]12.15
2020-02-08_12:24:48.272[Status]Routing 171: Walk: 112
2020-02-08_12:24:48.382[Battery Energy]12.04
2020-02-08_12:24:48.545[Status]Routing 172: Walk: 112
2020-02-08_12:24:48.650[Battery Energy]11.91
2020-02-08_12:24:48.818[Status]Routing 173: Walk: 112
2020-02-08_12:24:48.918[Battery Energy]11.79
2020-02-08_12:24:49.091[Status]Routing 174: Walk: 112
2020-02-08_12:24:49.192[Battery Energy]11.68
2020-02-08_12:24:49.421[Status]Routing 175: Walk: 112
2020-02-08_12:24:49.527[Battery Energy]11.52
2020-02-08_12:24:49.696[Status]Routing 176: Walk: 112
2020-02-08_12:24:49.798[Battery Energy]11.41
2020-02-08_12:24:49.984[Status]Routing 177: Walk: 112
2020-02-08_12:24:50.092[Battery Energy]11.28
