2020-02-08_12:23:44.134[Status]Start.
2020-02-08_12:23:44.134[Battery Energy]52.00
2020-02-08_12:23:45.235[Battery Energy]51.96
2020-02-08_12:23:46.337[Battery Energy]51.92
2020-02-08_12:23:47.439[Battery Energy]51.88
2020-02-08_12:23:48.542[Battery Energy]51.84
2020-02-08_12:23:49.643[Task]A New Task Released.
2020-02-08_12:23:49.643[Battery Energy]51.80
2020-02-08_12:23:49.643[Status]Selection Start.
2020-02-08_12:23:53.439[Status]Selection End: Do Task 1.
2020-02-08_12:23:53.545[Battery Energy]49.30
2020-02-08_12:23:53.545[Status]Formation Start.
2020-02-08_12:23:53.695[Status]number of tasks is 7
2020-02-08_12:23:53.700[Status]my group tasks is [ 1300.   700.]
2020-02-08_12:23:53.700[Status]my group tasks is [ 1262.34898019   778.18314825]
2020-02-08_12:23:53.704[Status]my group tasks is [ 1177.7479066    797.49279122]
2020-02-08_12:23:53.720[Status]my group tasks is [ 1109.90311321   743.38837391]
2020-02-08_12:23:53.725[Status]my group tasks is [ 1109.90311321   656.61162609]
2020-02-08_12:23:53.728[Status]my group tasks is [ 1177.7479066    602.50720878]
2020-02-08_12:23:53.745[Status]my group tasks is [ 1262.34898019   621.81685175]
2020-02-08_12:23:53.764[Status]mygroup_robots_utility is {7: [32.2918044365551, 17.327707119099202, 18.673387642292365, 35.133617272540995, 31.02608665385033, 18.795939953300852, 15.982198946779915], 8: [16.18075024434686, 17.392358891111186, 14.945534172708678, 16.24531190920084, 17.42529172297273, 29.802290359145406, 14.408386069590257], 9: [16.276659886287614, 17.08316935060274, 14.938583854154968, 17.325247641934368, 29.221543089794817, 14.268184181363821, 15.80090784165605], 10: [16.018348836254752, 17.86436765896997, 34.795358128122174, 14.70214783030748, 16.93829675756464, 14.895117304164096, 15.530646689327297], 11: [16.44573154923073, 33.73287014711585, 14.652596387855526, 31.960785667070706, 13.879734910899913, 14.076493862751056, 15.148684071289512], 12: [16.290457279186807, 17.44439704660042, 34.72280878975264, 14.864937845518794, 16.12772695197738, 28.8127426943456, 14.976840738220359], 13: [16.668993279105063, 17.2895516827285, 30.34762677261172, 33.084146023715064, 28.523936836617462, 14.315305564966629, 15.308593595243655]}
2020-02-08_12:23:53.768[Status]self.local_queue is [7, 9, 8, 10, 11, 12, 13]
2020-02-08_12:23:53.768[Status]task_chosen index is 3
2020-02-08_12:23:53.769[Status]task_chosen index is 4
2020-02-08_12:23:53.769[Status]task_chosen index is 5
2020-02-08_12:23:53.769[Status]myindex_in_queue is 5
2020-02-08_12:23:53.769[Status]task destination is [1177.7479066043686, 602.5072087818177]
2020-02-08_12:23:53.874[Battery Energy]49.15
2020-02-08_12:23:53.874[Status]Routing Start.
2020-02-08_12:23:54.032[Status]{'id': 8, 'coordinate': [65.97802269516451, 676.337381637153]}
2020-02-08_12:23:54.032[Status]Routing 1: Walk: 1
2020-02-08_12:23:54.132[Battery Energy]48.95
2020-02-08_12:23:54.133[Status]Routing Start.
2020-02-08_12:23:54.308[Status]{'id': 8, 'coordinate': [75.95604539032902, 675.6747632743061]}
2020-02-08_12:23:54.308[Status]Routing 2: Walk: 2
2020-02-08_12:23:54.408[Battery Energy]48.72
2020-02-08_12:23:54.408[Status]Routing Start.
2020-02-08_12:23:54.573[Status]{'id': 8, 'coordinate': [85.93406808549354, 675.0121449114591]}
2020-02-08_12:23:54.573[Status]Routing 3: Walk: 3
2020-02-08_12:23:54.674[Battery Energy]48.48
2020-02-08_12:23:54.674[Status]Routing Start.
2020-02-08_12:23:54.794[Status]{'id': 8, 'coordinate': [95.91209078065805, 674.3495265486122]}
2020-02-08_12:23:54.794[Status]Routing 4: Walk: 4
2020-02-08_12:23:54.894[Battery Energy]48.28
2020-02-08_12:23:54.894[Status]Routing Start.
2020-02-08_12:23:55.054[Status]{'id': 8, 'coordinate': [105.89011347582256, 673.6869081857652]}
2020-02-08_12:23:55.055[Status]Routing 5: Walk: 5
2020-02-08_12:23:55.166[Battery Energy]48.06
2020-02-08_12:23:55.166[Status]Routing Start.
2020-02-08_12:23:55.333[Status]{'id': 8, 'coordinate': [115.86813617098707, 673.0242898229183]}
2020-02-08_12:23:55.333[Status]Routing 6: Walk: 6
2020-02-08_12:23:55.434[Battery Energy]47.84
2020-02-08_12:23:55.434[Status]Routing Start.
2020-02-08_12:23:55.910[Status]{'id': 8, 'coordinate': [120.1437019420866, 682.0641757368555]}
2020-02-08_12:23:55.910[Status]Routing 7: Walk: 7
2020-02-08_12:23:56.010[Battery Energy]47.39
2020-02-08_12:23:56.010[Status]Routing Start.
2020-02-08_12:23:56.163[Status]{'id': 8, 'coordinate': [130.11552838152107, 681.3140574383217]}
2020-02-08_12:23:56.164[Status]Routing 8: Walk: 8
2020-02-08_12:23:56.270[Battery Energy]47.17
2020-02-08_12:23:56.270[Status]Routing Start.
2020-02-08_12:23:56.585[Status]{'id': 8, 'coordinate': [140.08735482095557, 680.5639391397879]}
2020-02-08_12:23:56.585[Status]Routing 9: Walk: 9
2020-02-08_12:23:56.686[Battery Energy]46.85
2020-02-08_12:23:56.686[Status]Routing Start.
2020-02-08_12:23:57.007[Status]{'id': 8, 'coordinate': [150.05918126039006, 679.813820841254]}
2020-02-08_12:23:57.007[Status]Routing 10: Walk: 10
2020-02-08_12:23:57.107[Battery Energy]46.51
2020-02-08_12:23:57.107[Status]Routing Start.
2020-02-08_12:23:57.408[Status]{'id': 8, 'coordinate': [160.03100769982456, 679.0637025427202]}
2020-02-08_12:23:57.408[Status]Routing 11: Walk: 11
2020-02-08_12:23:57.508[Battery Energy]46.19
2020-02-08_12:23:57.508[Status]Routing Start.
2020-02-08_12:23:57.830[Status]{'id': 8, 'coordinate': [170.00283413925905, 678.3135842441864]}
2020-02-08_12:23:57.830[Status]Routing 12: Walk: 12
2020-02-08_12:23:57.933[Battery Energy]45.87
2020-02-08_12:23:57.933[Status]Routing Start.
2020-02-08_12:23:58.268[Status]{'id': 8, 'coordinate': [179.97466057869354, 677.5634659456525]}
2020-02-08_12:23:58.268[Status]Routing 13: Walk: 13
2020-02-08_12:23:58.374[Battery Energy]45.53
2020-02-08_12:23:58.374[Status]Routing Start.
2020-02-08_12:23:58.713[Status]{'id': 8, 'coordinate': [189.94648701812804, 676.8133476471187]}
2020-02-08_12:23:58.713[Status]Routing 14: Walk: 14
2020-02-08_12:23:58.813[Battery Energy]45.20
2020-02-08_12:23:58.813[Status]Routing Start.
2020-02-08_12:23:59.175[Status]{'id': 8, 'coordinate': [199.91831345756253, 676.0632293485849]}
2020-02-08_12:23:59.175[Status]Routing 15: Walk: 15
2020-02-08_12:23:59.275[Battery Energy]44.86
2020-02-08_12:23:59.275[Status]Routing Start.
2020-02-08_12:23:59.612[Status]{'id': 8, 'coordinate': [209.89013989699703, 675.313111050051]}
2020-02-08_12:23:59.613[Status]Routing 16: Walk: 16
2020-02-08_12:23:59.720[Battery Energy]44.55
2020-02-08_12:23:59.720[Status]Routing Start.
2020-02-08_12:24:00.070[Status]{'id': 8, 'coordinate': [219.86196633643152, 674.5629927515172]}
2020-02-08_12:24:00.070[Status]Routing 17: Walk: 17
2020-02-08_12:24:00.190[Battery Energy]44.24
2020-02-08_12:24:00.190[Status]Routing Start.
2020-02-08_12:24:00.436[Status]{'id': 8, 'coordinate': [229.83379277586602, 673.8128744529834]}
2020-02-08_12:24:00.437[Status]Routing 18: Walk: 18
2020-02-08_12:24:00.546[Battery Energy]43.99
2020-02-08_12:24:00.546[Status]Routing Start.
2020-02-08_12:24:00.675[Status]{'id': 8, 'coordinate': [239.8056192153005, 673.0627561544495]}
2020-02-08_12:24:00.675[Status]Routing 19: Walk: 19
2020-02-08_12:24:00.775[Battery Energy]43.80
2020-02-08_12:24:00.775[Status]Routing Start.
2020-02-08_12:24:01.106[Status]{'id': 8, 'coordinate': [249.777445654735, 672.3126378559157]}
2020-02-08_12:24:01.106[Status]Routing 20: Walk: 20
2020-02-08_12:24:01.207[Battery Energy]43.51
2020-02-08_12:24:01.207[Status]Routing Start.
2020-02-08_12:24:01.517[Status]{'id': 8, 'coordinate': [259.7492720941695, 671.5625195573818]}
2020-02-08_12:24:01.518[Status]Routing 21: Walk: 21
2020-02-08_12:24:01.626[Battery Energy]43.20
2020-02-08_12:24:01.626[Status]Routing Start.
2020-02-08_12:24:01.940[Status]{'id': 8, 'coordinate': [269.721098533604, 670.812401258848]}
2020-02-08_12:24:01.952[Status]Routing 22: Walk: 22
2020-02-08_12:24:02.054[Battery Energy]42.87
2020-02-08_12:24:02.054[Status]Routing Start.
2020-02-08_12:24:02.378[Status]{'id': 8, 'coordinate': [279.6929249730385, 670.0622829603142]}
2020-02-08_12:24:02.380[Status]Routing 23: Walk: 23
2020-02-08_12:24:02.487[Battery Energy]42.59
2020-02-08_12:24:02.487[Status]Routing Start.
2020-02-08_12:24:02.866[Status]{'id': 8, 'coordinate': [289.664751412473, 669.3121646617803]}
2020-02-08_12:24:02.866[Status]Routing 24: Walk: 24
2020-02-08_12:24:02.982[Battery Energy]42.27
2020-02-08_12:24:02.982[Status]Routing Start.
2020-02-08_12:24:03.301[Status]{'id': 8, 'coordinate': [299.6365778519075, 668.5620463632465]}
2020-02-08_12:24:03.301[Status]Routing 25: Walk: 25
2020-02-08_12:24:03.406[Battery Energy]41.99
2020-02-08_12:24:03.406[Status]Routing Start.
2020-02-08_12:24:03.768[Status]{'id': 8, 'coordinate': [309.60840429134197, 667.8119280647127]}
2020-02-08_12:24:03.768[Status]Routing 26: Walk: 26
2020-02-08_12:24:03.870[Battery Energy]41.68
2020-02-08_12:24:03.870[Status]Routing Start.
2020-02-08_12:24:04.198[Status]{'id': 8, 'coordinate': [319.58023073077646, 667.0618097661788]}
2020-02-08_12:24:04.198[Status]Routing 27: Walk: 27
2020-02-08_12:24:04.306[Battery Energy]41.30
2020-02-08_12:24:04.306[Status]Routing Start.
2020-02-08_12:24:04.604[Status]{'id': 8, 'coordinate': [329.55205717021096, 666.311691467645]}
2020-02-08_12:24:04.604[Status]Routing 28: Walk: 28
2020-02-08_12:24:04.705[Battery Energy]40.98
2020-02-08_12:24:04.705[Status]Routing Start.
2020-02-08_12:24:04.976[Status]{'id': 8, 'coordinate': [339.52388360964545, 665.5615731691112]}
2020-02-08_12:24:04.976[Status]Routing 29: Walk: 29
2020-02-08_12:24:05.090[Battery Energy]40.72
2020-02-08_12:24:05.090[Status]Routing Start.
2020-02-08_12:24:05.248[Status]{'id': 8, 'coordinate': [349.49571004907995, 664.8114548705773]}
2020-02-08_12:24:05.248[Status]Routing 30: Walk: 30
2020-02-08_12:24:05.354[Battery Energy]40.48
2020-02-08_12:24:05.354[Status]Routing Start.
2020-02-08_12:24:05.669[Status]{'id': 8, 'coordinate': [359.46753648851444, 664.0613365720435]}
2020-02-08_12:24:05.669[Status]Routing 31: Walk: 31
2020-02-08_12:24:05.777[Battery Energy]40.14
2020-02-08_12:24:05.777[Status]Routing Start.
2020-02-08_12:24:06.073[Status]{'id': 8, 'coordinate': [369.43936292794893, 663.3112182735097]}
2020-02-08_12:24:06.073[Status]Routing 32: Walk: 32
2020-02-08_12:24:06.174[Battery Energy]39.87
2020-02-08_12:24:06.174[Status]Routing Start.
2020-02-08_12:24:06.324[Status]{'id': 8, 'coordinate': [379.41118936738343, 662.5610999749758]}
2020-02-08_12:24:06.324[Status]Routing 33: Walk: 33
2020-02-08_12:24:06.434[Battery Energy]39.65
2020-02-08_12:24:06.434[Status]Routing Start.
2020-02-08_12:24:06.761[Status]{'id': 8, 'coordinate': [389.3830158068179, 661.810981676442]}
2020-02-08_12:24:06.761[Status]Routing 34: Walk: 34
2020-02-08_12:24:06.874[Battery Energy]39.32
2020-02-08_12:24:06.874[Status]Routing Start.
2020-02-08_12:24:07.170[Status]{'id': 8, 'coordinate': [399.3548422462524, 661.0608633779082]}
2020-02-08_12:24:07.170[Status]Routing 35: Walk: 35
2020-02-08_12:24:07.273[Battery Energy]39.01
2020-02-08_12:24:07.273[Status]Routing Start.
2020-02-08_12:24:07.617[Status]{'id': 8, 'coordinate': [409.3266686856869, 660.3107450793743]}
2020-02-08_12:24:07.617[Status]Routing 36: Walk: 36
2020-02-08_12:24:07.718[Battery Energy]38.72
2020-02-08_12:24:07.718[Status]Routing Start.
2020-02-08_12:24:07.999[Status]{'id': 8, 'coordinate': [419.2984951251214, 659.5606267808405]}
2020-02-08_12:24:07.999[Status]Routing 37: Walk: 37
2020-02-08_12:24:08.099[Battery Energy]38.40
2020-02-08_12:24:08.100[Status]Routing Start.
2020-02-08_12:24:08.248[Status]{'id': 8, 'coordinate': [429.2703215645559, 658.8105084823067]}
2020-02-08_12:24:08.248[Status]Routing 38: Walk: 38
2020-02-08_12:24:08.349[Battery Energy]38.21
2020-02-08_12:24:08.349[Status]Routing Start.
2020-02-08_12:24:08.689[Status]{'id': 8, 'coordinate': [439.2421480039904, 658.0603901837728]}
2020-02-08_12:24:08.689[Status]Routing 39: Walk: 39
2020-02-08_12:24:08.789[Battery Energy]37.90
2020-02-08_12:24:08.789[Status]Routing Start.
2020-02-08_12:24:09.123[Status]{'id': 8, 'coordinate': [449.2139744434249, 657.310271885239]}
2020-02-08_12:24:09.123[Status]Routing 40: Walk: 40
2020-02-08_12:24:09.230[Battery Energy]37.58
2020-02-08_12:24:09.230[Status]Routing Start.
2020-02-08_12:24:09.594[Status]{'id': 8, 'coordinate': [459.1858008828594, 656.5601535867052]}
2020-02-08_12:24:09.594[Status]Routing 41: Walk: 41
2020-02-08_12:24:09.694[Battery Energy]37.28
2020-02-08_12:24:09.694[Status]Routing Start.
2020-02-08_12:24:09.992[Status]{'id': 8, 'coordinate': [469.1576273222939, 655.8100352881713]}
2020-02-08_12:24:09.993[Status]Routing 42: Walk: 42
2020-02-08_12:24:10.110[Battery Energy]37.02
2020-02-08_12:24:10.110[Status]Routing Start.
2020-02-08_12:24:10.262[Status]{'id': 8, 'coordinate': [479.12945376172837, 655.0599169896375]}
2020-02-08_12:24:10.262[Status]Routing 43: Walk: 43
2020-02-08_12:24:10.383[Battery Energy]36.79
2020-02-08_12:24:10.383[Status]Routing Start.
2020-02-08_12:24:10.577[Status]{'id': 8, 'coordinate': [489.10128020116287, 654.3097986911037]}
2020-02-08_12:24:10.580[Status]Routing 44: Walk: 44
2020-02-08_12:24:10.683[Battery Energy]36.54
2020-02-08_12:24:10.683[Status]Routing Start.
2020-02-08_12:24:10.826[Status]{'id': 8, 'coordinate': [499.07310664059736, 653.5596803925698]}
2020-02-08_12:24:10.826[Status]Routing 45: Walk: 45
2020-02-08_12:24:10.928[Battery Energy]36.35
2020-02-08_12:24:10.928[Status]Routing Start.
2020-02-08_12:24:11.131[Status]{'id': 8, 'coordinate': [509.04493308003185, 652.809562094036]}
2020-02-08_12:24:11.131[Status]Routing 46: Walk: 46
2020-02-08_12:24:11.242[Battery Energy]36.11
2020-02-08_12:24:11.242[Status]Routing Start.
2020-02-08_12:24:11.372[Status]{'id': 8, 'coordinate': [519.0167595194664, 652.0594437955021]}
2020-02-08_12:24:11.372[Status]Routing 47: Walk: 47
2020-02-08_12:24:11.472[Battery Energy]35.91
2020-02-08_12:24:11.472[Status]Routing Start.
2020-02-08_12:24:11.638[Status]{'id': 8, 'coordinate': [528.9885859589009, 651.3093254969683]}
2020-02-08_12:24:11.641[Status]Routing 48: Walk: 48
2020-02-08_12:24:11.754[Battery Energy]35.69
2020-02-08_12:24:11.754[Status]Routing Start.
2020-02-08_12:24:11.892[Status]{'id': 8, 'coordinate': [538.9604123983354, 650.5592071984346]}
2020-02-08_12:24:11.892[Status]Routing 49: Walk: 49
2020-02-08_12:24:11.994[Battery Energy]35.50
2020-02-08_12:24:11.994[Status]Routing Start.
2020-02-08_12:24:12.345[Status]{'id': 8, 'coordinate': [548.9322388377699, 649.8090888999009]}
2020-02-08_12:24:12.345[Status]Routing 50: Walk: 50
2020-02-08_12:24:12.462[Battery Energy]35.16
2020-02-08_12:24:12.462[Status]Routing Start.
2020-02-08_12:24:12.628[Status]{'id': 8, 'coordinate': [558.9040652772044, 649.058970601367]}
2020-02-08_12:24:12.629[Status]Routing 51: Walk: 51
2020-02-08_12:24:12.729[Battery Energy]34.95
2020-02-08_12:24:12.729[Status]Routing Start.
2020-02-08_12:24:12.879[Status]{'id': 8, 'coordinate': [568.8758917166389, 648.3088523028332]}
2020-02-08_12:24:12.879[Status]Routing 52: Walk: 52
2020-02-08_12:24:12.979[Battery Energy]34.77
2020-02-08_12:24:12.979[Status]Routing Start.
2020-02-08_12:24:13.140[Status]{'id': 8, 'coordinate': [578.8477181560734, 647.5587340042995]}
2020-02-08_12:24:13.141[Status]Routing 53: Walk: 53
2020-02-08_12:24:13.246[Battery Energy]34.51
2020-02-08_12:24:13.246[Status]Routing Start.
2020-02-08_12:24:13.594[Status]{'id': 8, 'coordinate': [588.8195445955079, 646.8086157057658]}
2020-02-08_12:24:13.594[Status]Routing 54: Walk: 54
2020-02-08_12:24:13.697[Battery Energy]34.17
2020-02-08_12:24:13.697[Status]Routing Start.
2020-02-08_12:24:14.003[Status]{'id': 8, 'coordinate': [598.7913710349424, 646.0584974072319]}
2020-02-08_12:24:14.003[Status]Routing 55: Walk: 55
2020-02-08_12:24:14.110[Battery Energy]33.84
2020-02-08_12:24:14.110[Status]Routing Start.
2020-02-08_12:24:14.255[Status]{'id': 8, 'coordinate': [608.7631974743769, 645.3083791086981]}
2020-02-08_12:24:14.255[Status]Routing 56: Walk: 56
2020-02-08_12:24:14.370[Battery Energy]33.63
2020-02-08_12:24:14.370[Status]Routing Start.
2020-02-08_12:24:14.524[Status]{'id': 8, 'coordinate': [618.7350239138113, 644.5582608101644]}
2020-02-08_12:24:14.524[Status]Routing 57: Walk: 57
2020-02-08_12:24:14.630[Battery Energy]33.43
2020-02-08_12:24:14.630[Status]Routing Start.
2020-02-08_12:24:14.935[Status]{'id': 8, 'coordinate': [628.7068503532458, 643.8081425116306]}
2020-02-08_12:24:14.941[Status]Routing 58: Walk: 58
2020-02-08_12:24:15.041[Battery Energy]33.11
2020-02-08_12:24:15.041[Status]Routing Start.
2020-02-08_12:24:15.355[Status]{'id': 8, 'coordinate': [638.6786767926803, 643.0580242130968]}
2020-02-08_12:24:15.355[Status]Routing 59: Walk: 59
2020-02-08_12:24:15.455[Battery Energy]32.84
2020-02-08_12:24:15.456[Status]Routing Start.
2020-02-08_12:24:15.777[Status]{'id': 8, 'coordinate': [648.6505032321148, 642.307905914563]}
2020-02-08_12:24:15.779[Status]Routing 60: Walk: 60
2020-02-08_12:24:15.880[Battery Energy]32.53
2020-02-08_12:24:15.880[Status]Routing Start.
2020-02-08_12:24:16.199[Status]{'id': 8, 'coordinate': [658.6223296715493, 641.5577876160293]}
2020-02-08_12:24:16.199[Status]Routing 61: Walk: 61
2020-02-08_12:24:16.299[Battery Energy]32.21
2020-02-08_12:24:16.299[Status]Routing Start.
2020-02-08_12:24:16.583[Status]{'id': 8, 'coordinate': [668.5941561109838, 640.8076693174955]}
2020-02-08_12:24:16.583[Status]Routing 62: Walk: 62
2020-02-08_12:24:16.683[Battery Energy]31.91
2020-02-08_12:24:16.683[Status]Routing Start.
2020-02-08_12:24:16.995[Status]{'id': 8, 'coordinate': [678.5659825504183, 640.0575510189617]}
2020-02-08_12:24:16.995[Status]Routing 63: Walk: 63
2020-02-08_12:24:17.096[Battery Energy]31.61
2020-02-08_12:24:17.096[Status]Routing Start.
2020-02-08_12:24:17.391[Status]{'id': 8, 'coordinate': [688.5378089898528, 639.307432720428]}
2020-02-08_12:24:17.391[Status]Routing 64: Walk: 64
2020-02-08_12:24:17.492[Battery Energy]31.30
2020-02-08_12:24:17.492[Status]Routing Start.
2020-02-08_12:24:17.671[Status]{'id': 8, 'coordinate': [698.5096354292873, 638.5573144218941]}
2020-02-08_12:24:17.671[Status]Routing 65: Walk: 65
2020-02-08_12:24:17.772[Battery Energy]31.09
2020-02-08_12:24:17.772[Status]Routing Start.
2020-02-08_12:24:18.098[Status]Routing 66: Walk: 65
2020-02-08_12:24:18.199[Battery Energy]30.79
2020-02-08_12:24:18.199[Status]Routing Start.
2020-02-08_12:24:18.453[Status]Routing 67: Walk: 65
2020-02-08_12:24:18.553[Battery Energy]30.48
2020-02-08_12:24:18.553[Status]Routing Start.
2020-02-08_12:24:18.956[Status]Routing 68: Walk: 65
2020-02-08_12:24:19.062[Battery Energy]30.15
2020-02-08_12:24:19.062[Status]Routing Start.
2020-02-08_12:24:19.197[Status]{'id': 8, 'coordinate': [708.4814618687218, 637.8071961233604]}
2020-02-08_12:24:19.199[Status]Routing 69: Walk: 66
2020-02-08_12:24:19.299[Battery Energy]29.98
2020-02-08_12:24:19.299[Status]Routing Start.
2020-02-08_12:24:19.453[Status]{'id': 8, 'coordinate': [718.4532883081563, 637.0570778248266]}
2020-02-08_12:24:19.453[Status]Routing 70: Walk: 67
2020-02-08_12:24:19.564[Battery Energy]29.77
2020-02-08_12:24:19.564[Status]Routing Start.
2020-02-08_12:24:19.715[Status]{'id': 8, 'coordinate': [728.4251147475908, 636.3069595262928]}
2020-02-08_12:24:19.715[Status]Routing 71: Walk: 68
2020-02-08_12:24:19.834[Battery Energy]29.56
2020-02-08_12:24:19.834[Status]Routing Start.
2020-02-08_12:24:19.991[Status]{'id': 8, 'coordinate': [738.3969411870253, 635.556841227759]}
2020-02-08_12:24:19.991[Status]Routing 72: Walk: 69
2020-02-08_12:24:20.098[Battery Energy]29.35
2020-02-08_12:24:20.098[Status]Routing Start.
2020-02-08_12:24:20.251[Status]{'id': 8, 'coordinate': [748.3687676264598, 634.8067229292253]}
2020-02-08_12:24:20.252[Status]Routing 73: Walk: 70
2020-02-08_12:24:20.353[Battery Energy]29.13
2020-02-08_12:24:20.353[Status]Routing Start.
2020-02-08_12:24:20.500[Status]{'id': 8, 'coordinate': [758.3405940658943, 634.0566046306915]}
2020-02-08_12:24:20.500[Status]Routing 74: Walk: 71
2020-02-08_12:24:20.600[Battery Energy]28.91
2020-02-08_12:24:20.601[Status]Routing Start.
2020-02-08_12:24:20.767[Status]{'id': 8, 'coordinate': [768.3124205053288, 633.3064863321576]}
2020-02-08_12:24:20.769[Status]Routing 75: Walk: 72
2020-02-08_12:24:20.873[Battery Energy]28.68
2020-02-08_12:24:20.873[Status]Routing Start.
2020-02-08_12:24:21.030[Status]{'id': 8, 'coordinate': [778.2842469447633, 632.5563680336239]}
2020-02-08_12:24:21.030[Status]Routing 76: Walk: 73
2020-02-08_12:24:21.134[Battery Energy]28.49
2020-02-08_12:24:21.134[Status]Routing Start.
2020-02-08_12:24:21.288[Status]{'id': 8, 'coordinate': [788.2560733841977, 631.8062497350902]}
2020-02-08_12:24:21.288[Status]Routing 77: Walk: 74
2020-02-08_12:24:21.389[Battery Energy]28.27
2020-02-08_12:24:21.389[Status]Routing Start.
2020-02-08_12:24:21.532[Status]{'id': 8, 'coordinate': [798.2278998236322, 631.0561314365564]}
2020-02-08_12:24:21.532[Status]Routing 78: Walk: 75
2020-02-08_12:24:21.633[Battery Energy]28.08
2020-02-08_12:24:21.633[Status]Routing Start.
2020-02-08_12:24:21.958[Status]{'id': 8, 'coordinate': [808.1997262630667, 630.3060131380225]}
2020-02-08_12:24:21.958[Status]Routing 79: Walk: 76
2020-02-08_12:24:22.066[Battery Energy]27.74
2020-02-08_12:24:22.066[Status]Routing Start.
2020-02-08_12:24:22.381[Status]{'id': 8, 'coordinate': [818.1715527025012, 629.5558948394888]}
2020-02-08_12:24:22.381[Status]Routing 80: Walk: 77
2020-02-08_12:24:22.481[Battery Energy]27.41
2020-02-08_12:24:22.482[Status]Routing Start.
2020-02-08_12:24:22.618[Status]{'id': 8, 'coordinate': [828.1433791419357, 628.8057765409551]}
2020-02-08_12:24:22.618[Status]Routing 81: Walk: 78
2020-02-08_12:24:22.725[Battery Energy]27.21
2020-02-08_12:24:22.725[Status]Routing Start.
2020-02-08_12:24:22.883[Status]{'id': 8, 'coordinate': [838.1152055813702, 628.0556582424213]}
2020-02-08_12:24:22.883[Status]Routing 82: Walk: 79
2020-02-08_12:24:22.986[Battery Energy]26.98
2020-02-08_12:24:22.986[Status]Routing Start.
2020-02-08_12:24:23.190[Status]{'id': 8, 'coordinate': [848.0870320208047, 627.3055399438874]}
2020-02-08_12:24:23.190[Status]Routing 83: Walk: 80
2020-02-08_12:24:23.302[Battery Energy]26.77
2020-02-08_12:24:23.302[Status]Routing Start.
2020-02-08_12:24:23.439[Status]{'id': 8, 'coordinate': [858.0588584602392, 626.5554216453537]}
2020-02-08_12:24:23.439[Status]Routing 84: Walk: 81
2020-02-08_12:24:23.539[Battery Energy]26.56
2020-02-08_12:24:23.539[Status]Routing Start.
2020-02-08_12:24:23.675[Status]{'id': 8, 'coordinate': [868.0306848996737, 625.80530334682]}
2020-02-08_12:24:23.675[Status]Routing 85: Walk: 82
2020-02-08_12:24:23.786[Battery Energy]26.36
2020-02-08_12:24:23.786[Status]Routing Start.
2020-02-08_12:24:23.935[Status]{'id': 8, 'coordinate': [878.0025113391082, 625.0551850482861]}
2020-02-08_12:24:23.937[Status]Routing 86: Walk: 83
2020-02-08_12:24:24.038[Battery Energy]26.16
2020-02-08_12:24:24.038[Status]Routing Start.
2020-02-08_12:24:24.355[Status]{'id': 8, 'coordinate': [887.9743377785427, 624.3050667497523]}
2020-02-08_12:24:24.356[Status]Routing 87: Walk: 84
2020-02-08_12:24:24.456[Battery Energy]25.85
2020-02-08_12:24:24.457[Status]Routing Start.
2020-02-08_12:24:24.758[Status]{'id': 8, 'coordinate': [897.9461642179772, 623.5549484512186]}
2020-02-08_12:24:24.758[Status]Routing 88: Walk: 85
2020-02-08_12:24:24.874[Battery Energy]25.55
2020-02-08_12:24:24.874[Status]Routing Start.
2020-02-08_12:24:25.163[Status]{'id': 8, 'coordinate': [907.9179906574117, 622.8048301526849]}
2020-02-08_12:24:25.163[Status]Routing 89: Walk: 86
2020-02-08_12:24:25.264[Battery Energy]25.23
2020-02-08_12:24:25.264[Status]Routing Start.
2020-02-08_12:24:25.589[Status]{'id': 8, 'coordinate': [917.8898170968462, 622.054711854151]}
2020-02-08_12:24:25.592[Status]Routing 90: Walk: 87
2020-02-08_12:24:25.702[Battery Energy]24.94
2020-02-08_12:24:25.702[Status]Routing Start.
2020-02-08_12:24:26.038[Status]{'id': 8, 'coordinate': [927.8616435362807, 621.3045935556172]}
2020-02-08_12:24:26.038[Status]Routing 91: Walk: 88
2020-02-08_12:24:26.140[Battery Energy]24.61
2020-02-08_12:24:26.140[Status]Routing Start.
2020-02-08_12:24:26.459[Status]{'id': 8, 'coordinate': [937.8334699757152, 620.5544752570835]}
2020-02-08_12:24:26.459[Status]Routing 92: Walk: 89
2020-02-08_12:24:26.574[Battery Energy]24.31
2020-02-08_12:24:26.574[Status]Routing Start.
2020-02-08_12:24:26.886[Status]{'id': 8, 'coordinate': [947.8052964151497, 619.8043569585498]}
2020-02-08_12:24:26.886[Status]Routing 93: Walk: 90
2020-02-08_12:24:26.986[Battery Energy]24.04
2020-02-08_12:24:26.986[Status]Routing Start.
2020-02-08_12:24:27.302[Status]{'id': 8, 'coordinate': [957.7771228545841, 619.0542386600159]}
2020-02-08_12:24:27.302[Status]Routing 94: Walk: 91
2020-02-08_12:24:27.402[Battery Energy]23.72
2020-02-08_12:24:27.402[Status]Routing Start.
2020-02-08_12:24:27.526[Status]{'id': 8, 'coordinate': [967.7489492940186, 618.3041203614821]}
2020-02-08_12:24:27.526[Status]Routing 95: Walk: 92
2020-02-08_12:24:27.626[Battery Energy]23.53
2020-02-08_12:24:27.626[Status]Routing Start.
2020-02-08_12:24:27.790[Status]{'id': 8, 'coordinate': [977.7207757334531, 617.5540020629484]}
2020-02-08_12:24:27.790[Status]Routing 96: Walk: 93
2020-02-08_12:24:27.902[Battery Energy]23.30
2020-02-08_12:24:27.902[Status]Routing Start.
2020-02-08_12:24:28.024[Status]{'id': 8, 'coordinate': [987.6926021728876, 616.8038837644145]}
2020-02-08_12:24:28.024[Status]Routing 97: Walk: 94
2020-02-08_12:24:28.124[Battery Energy]23.09
2020-02-08_12:24:28.124[Status]Routing Start.
2020-02-08_12:24:28.293[Status]{'id': 8, 'coordinate': [997.6644286123221, 616.0537654658808]}
2020-02-08_12:24:28.294[Status]Routing 98: Walk: 95
2020-02-08_12:24:28.394[Battery Energy]22.87
2020-02-08_12:24:28.394[Status]Routing Start.
2020-02-08_12:24:28.625[Status]{'id': 8, 'coordinate': [1007.6362550517566, 615.303647167347]}
2020-02-08_12:24:28.625[Status]Routing 99: Walk: 96
2020-02-08_12:24:28.734[Battery Energy]22.60
2020-02-08_12:24:28.734[Status]Routing Start.
2020-02-08_12:24:28.995[Status]{'id': 8, 'coordinate': [1017.6080814911911, 614.5535288688133]}
2020-02-08_12:24:28.995[Status]Routing 100: Walk: 97
2020-02-08_12:24:29.095[Battery Energy]22.32
2020-02-08_12:24:29.095[Status]Routing Start.
2020-02-08_12:24:29.272[Status]{'id': 8, 'coordinate': [1027.5799079306255, 613.8034105702794]}
2020-02-08_12:24:29.273[Status]Routing 101: Walk: 98
2020-02-08_12:24:29.373[Battery Energy]22.07
2020-02-08_12:24:29.373[Status]Routing Start.
2020-02-08_12:24:29.619[Status]{'id': 8, 'coordinate': [1037.5517343700599, 613.0532922717457]}
2020-02-08_12:24:29.619[Status]Routing 102: Walk: 99
2020-02-08_12:24:29.719[Battery Energy]21.79
2020-02-08_12:24:29.719[Status]Routing Start.
2020-02-08_12:24:29.860[Status]{'id': 8, 'coordinate': [1047.5235608094945, 612.303173973212]}
2020-02-08_12:24:29.860[Status]Routing 103: Walk: 100
2020-02-08_12:24:29.966[Battery Energy]21.58
2020-02-08_12:24:29.966[Status]Routing Start.
2020-02-08_12:24:30.112[Status]{'id': 8, 'coordinate': [1057.4953872489289, 611.5530556746781]}
2020-02-08_12:24:30.112[Status]Routing 104: Walk: 101
2020-02-08_12:24:30.212[Battery Energy]21.38
2020-02-08_12:24:30.212[Status]Routing Start.
2020-02-08_12:24:30.458[Status]{'id': 8, 'coordinate': [1067.4672136883632, 610.8029373761444]}
2020-02-08_12:24:30.458[Status]Routing 105: Walk: 102
2020-02-08_12:24:30.566[Battery Energy]21.09
2020-02-08_12:24:30.566[Status]Routing Start.
2020-02-08_12:24:30.706[Status]{'id': 8, 'coordinate': [1077.4390401277976, 610.0528190776106]}
2020-02-08_12:24:30.706[Status]Routing 106: Walk: 103
2020-02-08_12:24:30.818[Battery Energy]20.89
2020-02-08_12:24:30.818[Status]Routing Start.
2020-02-08_12:24:30.953[Status]{'id': 8, 'coordinate': [1087.410866567232, 609.3027007790769]}
2020-02-08_12:24:30.953[Status]Routing 107: Walk: 104
2020-02-08_12:24:31.053[Battery Energy]20.69
2020-02-08_12:24:31.053[Status]Routing Start.
2020-02-08_12:24:31.219[Status]{'id': 8, 'coordinate': [1097.3826930066664, 608.552582480543]}
2020-02-08_12:24:31.223[Status]Routing 108: Walk: 105
2020-02-08_12:24:31.330[Battery Energy]20.49
2020-02-08_12:24:31.330[Status]Routing Start.
2020-02-08_12:24:31.477[Status]{'id': 8, 'coordinate': [1107.3545194461008, 607.8024641820093]}
2020-02-08_12:24:31.477[Status]Routing 109: Walk: 106
2020-02-08_12:24:31.578[Battery Energy]20.28
2020-02-08_12:24:31.578[Status]Routing Start.
2020-02-08_12:24:31.820[Status]{'id': 8, 'coordinate': [1117.3263458855351, 607.0523458834755]}
2020-02-08_12:24:31.820[Status]Routing 110: Walk: 107
2020-02-08_12:24:31.920[Battery Energy]20.03
2020-02-08_12:24:31.920[Status]Routing Start.
2020-02-08_12:24:32.061[Status]{'id': 8, 'coordinate': [1127.2981723249695, 606.3022275849418]}
2020-02-08_12:24:32.061[Status]Routing 111: Walk: 108
2020-02-08_12:24:32.178[Battery Energy]19.81
2020-02-08_12:24:32.178[Status]Routing Start.
2020-02-08_12:24:32.338[Status]{'id': 8, 'coordinate': [1137.269998764404, 605.552109286408]}
2020-02-08_12:24:32.338[Status]Routing 112: Walk: 109
2020-02-08_12:24:32.450[Battery Energy]19.60
2020-02-08_12:24:32.450[Status]Routing Start.
2020-02-08_12:24:32.667[Status]{'id': 8, 'coordinate': [1147.2418252038383, 604.8019909878742]}
2020-02-08_12:24:32.668[Status]Routing 113: Walk: 110
2020-02-08_12:24:32.769[Battery Energy]19.37
2020-02-08_12:24:32.769[Status]Routing Start.
2020-02-08_12:24:33.044[Status]{'id': 8, 'coordinate': [1157.213651643273, 604.0518726893405]}
2020-02-08_12:24:33.044[Status]Routing 114: Walk: 111
2020-02-08_12:24:33.145[Battery Energy]19.08
2020-02-08_12:24:33.145[Status]Routing Start.
2020-02-08_12:24:33.303[Status]{'id': 8, 'coordinate': [1167.1854780827073, 603.3017543908067]}
2020-02-08_12:24:33.303[Status]Routing 115: Walk: 112
2020-02-08_12:24:33.422[Battery Energy]18.89
2020-02-08_12:24:33.422[Status]Routing Start.
2020-02-08_12:24:33.554[Status]{'id': 8, 'coordinate': [1177.1573045221417, 602.5516360922729]}
2020-02-08_12:24:33.554[Status]Routing 116: Walk: 113
2020-02-08_12:24:33.666[Battery Energy]18.69
2020-02-08_12:24:33.666[Status]Routing Start.
2020-02-08_12:24:33.666[Status]Task Finished.
2020-02-08_12:24:33.766[Battery Energy]18.69
2020-02-08_12:24:33.962[Status]Routing 118: Walk: 113
2020-02-08_12:24:34.065[Battery Energy]18.54
2020-02-08_12:24:34.427[Status]Routing 119: Walk: 113
2020-02-08_12:24:34.527[Battery Energy]18.30
2020-02-08_12:24:34.819[Status]Routing 120: Walk: 113
2020-02-08_12:24:34.921[Battery Energy]18.11
2020-02-08_12:24:35.184[Status]Routing 121: Walk: 113
2020-02-08_12:24:35.294[Battery Energy]17.91
2020-02-08_12:24:35.582[Status]Routing 122: Walk: 113
2020-02-08_12:24:35.683[Battery Energy]17.72
2020-02-08_12:24:35.796[Status]Routing 123: Walk: 113
2020-02-08_12:24:35.914[Battery Energy]17.62
2020-02-08_12:24:36.058[Status]Routing 124: Walk: 113
2020-02-08_12:24:36.166[Battery Energy]17.51
2020-02-08_12:24:36.324[Status]Routing 125: Walk: 113
2020-02-08_12:24:36.424[Battery Energy]17.42
2020-02-08_12:24:36.566[Status]Routing 126: Walk: 113
2020-02-08_12:24:36.666[Battery Energy]17.33
2020-02-08_12:24:36.836[Status]Routing 127: Walk: 113
2020-02-08_12:24:36.946[Battery Energy]17.19
2020-02-08_12:24:37.083[Status]Routing 128: Walk: 113
2020-02-08_12:24:37.183[Battery Energy]17.10
2020-02-08_12:24:37.336[Status]Routing 129: Walk: 113
2020-02-08_12:24:37.437[Battery Energy]16.99
2020-02-08_12:24:37.692[Status]Routing 130: Walk: 113
2020-02-08_12:24:37.797[Battery Energy]16.79
2020-02-08_12:24:37.951[Status]Routing 131: Walk: 113
2020-02-08_12:24:38.051[Battery Energy]16.70
2020-02-08_12:24:38.237[Status]Routing 132: Walk: 113
2020-02-08_12:24:38.337[Battery Energy]16.55
2020-02-08_12:24:38.506[Status]Routing 133: Walk: 113
2020-02-08_12:24:38.606[Battery Energy]16.44
2020-02-08_12:24:38.739[Status]Routing 134: Walk: 113
2020-02-08_12:24:38.850[Battery Energy]16.35
2020-02-08_12:24:38.968[Status]Routing 135: Walk: 113
2020-02-08_12:24:39.068[Battery Energy]16.25
2020-02-08_12:24:39.207[Status]Routing 136: Walk: 113
2020-02-08_12:24:39.317[Battery Energy]16.15
2020-02-08_12:24:39.455[Status]Routing 137: Walk: 113
2020-02-08_12:24:39.574[Battery Energy]16.03
2020-02-08_12:24:39.713[Status]Routing 138: Walk: 113
2020-02-08_12:24:39.821[Battery Energy]15.91
2020-02-08_12:24:39.957[Status]Routing 139: Walk: 113
2020-02-08_12:24:40.066[Battery Energy]15.80
2020-02-08_12:24:40.314[Status]Routing 140: Walk: 113
2020-02-08_12:24:40.414[Battery Energy]15.67
2020-02-08_12:24:40.576[Status]Routing 141: Walk: 113
2020-02-08_12:24:40.686[Battery Energy]15.55
2020-02-08_12:24:40.827[Status]Routing 142: Walk: 113
2020-02-08_12:24:40.930[Battery Energy]15.44
2020-02-08_12:24:41.093[Status]Routing 143: Walk: 113
2020-02-08_12:24:41.193[Battery Energy]15.32
2020-02-08_12:24:41.324[Status]Routing 144: Walk: 113
2020-02-08_12:24:41.430[Battery Energy]15.22
2020-02-08_12:24:41.585[Status]Routing 145: Walk: 113
2020-02-08_12:24:41.697[Battery Energy]15.11
2020-02-08_12:24:41.829[Status]Routing 146: Walk: 113
2020-02-08_12:24:41.929[Battery Energy]15.01
2020-02-08_12:24:42.092[Status]Routing 147: Walk: 113
2020-02-08_12:24:42.193[Battery Energy]14.92
2020-02-08_12:24:42.375[Status]Routing 148: Walk: 113
2020-02-08_12:24:42.475[Battery Energy]14.83
2020-02-08_12:24:42.625[Status]Routing 149: Walk: 113
2020-02-08_12:24:42.738[Battery Energy]14.74
2020-02-08_12:24:42.874[Status]Routing 150: Walk: 113
2020-02-08_12:24:42.990[Battery Energy]14.64
2020-02-08_12:24:43.111[Status]Routing 151: Walk: 113
2020-02-08_12:24:43.212[Battery Energy]14.54
2020-02-08_12:24:43.356[Status]Routing 152: Walk: 113
2020-02-08_12:24:43.466[Battery Energy]14.43
2020-02-08_12:24:43.612[Status]Routing 153: Walk: 113
2020-02-08_12:24:43.722[Battery Energy]14.30
2020-02-08_12:24:43.864[Status]Routing 154: Walk: 113
2020-02-08_12:24:43.970[Battery Energy]14.19
2020-02-08_12:24:44.158[Status]Routing 155: Walk: 113
2020-02-08_12:24:44.278[Battery Energy]14.07
2020-02-08_12:24:44.410[Status]Routing 156: Walk: 113
2020-02-08_12:24:44.518[Battery Energy]13.98
2020-02-08_12:24:44.666[Status]Routing 157: Walk: 113
2020-02-08_12:24:44.766[Battery Energy]13.90
2020-02-08_12:24:44.942[Status]Routing 158: Walk: 113
2020-02-08_12:24:45.050[Battery Energy]13.79
2020-02-08_12:24:45.194[Status]Routing 159: Walk: 113
2020-02-08_12:24:45.301[Battery Energy]13.68
2020-02-08_12:24:45.452[Status]Routing 160: Walk: 113
2020-02-08_12:24:45.552[Battery Energy]13.57
2020-02-08_12:24:45.696[Status]Routing 161: Walk: 113
2020-02-08_12:24:45.797[Battery Energy]13.46
2020-02-08_12:24:45.972[Status]Routing 162: Walk: 113
2020-02-08_12:24:46.082[Battery Energy]13.35
2020-02-08_12:24:46.225[Status]Routing 163: Walk: 113
2020-02-08_12:24:46.330[Battery Energy]13.25
2020-02-08_12:24:46.492[Status]Routing 164: Walk: 113
2020-02-08_12:24:46.593[Battery Energy]13.13
2020-02-08_12:24:46.716[Status]Routing 165: Walk: 113
2020-02-08_12:24:46.824[Battery Energy]13.02
2020-02-08_12:24:46.984[Status]Routing 166: Walk: 113
2020-02-08_12:24:47.084[Battery Energy]12.90
2020-02-08_12:24:47.285[Status]Routing 167: Walk: 113
2020-02-08_12:24:47.385[Battery Energy]12.78
2020-02-08_12:24:47.532[Status]Routing 168: Walk: 113
2020-02-08_12:24:47.632[Battery Energy]12.65
2020-02-08_12:24:47.780[Status]Routing 169: Walk: 113
2020-02-08_12:24:47.881[Battery Energy]12.56
2020-02-08_12:24:48.015[Status]Routing 170: Walk: 113
2020-02-08_12:24:48.122[Battery Energy]12.46
2020-02-08_12:24:48.258[Status]Routing 171: Walk: 113
2020-02-08_12:24:48.361[Battery Energy]12.34
2020-02-08_12:24:48.543[Status]Routing 172: Walk: 113
2020-02-08_12:24:48.644[Battery Energy]12.18
2020-02-08_12:24:48.822[Status]Routing 173: Walk: 113
2020-02-08_12:24:48.926[Battery Energy]12.05
2020-02-08_12:24:49.094[Status]Routing 174: Walk: 113
2020-02-08_12:24:49.202[Battery Energy]11.94
2020-02-08_12:24:49.421[Status]Routing 175: Walk: 113
2020-02-08_12:24:49.525[Battery Energy]11.80
2020-02-08_12:24:49.700[Status]Routing 176: Walk: 113
2020-02-08_12:24:49.801[Battery Energy]11.67
2020-02-08_12:24:49.975[Status]Routing 177: Walk: 113
2020-02-08_12:24:50.086[Battery Energy]11.53
