2020-01-30_22:15:02.760[Status]Start.
2020-01-30_22:15:02.761[Battery Energy]92.00
2020-01-30_22:15:03.862[Battery Energy]91.96
2020-01-30_22:15:04.966[Battery Energy]91.92
2020-01-30_22:15:06.067[Battery Energy]91.88
2020-01-30_22:15:07.168[Battery Energy]91.84
2020-01-30_22:15:08.270[Task]A New Task Released.
2020-01-30_22:15:08.270[Battery Energy]91.80
2020-01-30_22:15:08.270[Status]Selection Start.
2020-01-30_22:15:16.607[Status]Selection End: Do Task 1.
2020-01-30_22:15:16.718[Battery Energy]85.11
2020-01-30_22:15:16.718[Status]Formation Start.
2020-01-30_22:15:16.848[Status]number of tasks is 7
2020-01-30_22:15:16.849[Status]my group tasks is [ 1262.34898019   621.81685175]
2020-01-30_22:15:16.867[Status]my group tasks is [ 1300.   700.]
2020-01-30_22:15:16.878[Status]my group tasks is [ 1262.34898019   778.18314825]
2020-01-30_22:15:16.879[Status]my group tasks is [ 1177.7479066    797.49279122]
2020-01-30_22:15:16.879[Status]my group tasks is [ 1109.90311321   743.38837391]
2020-01-30_22:15:16.889[Status]my group tasks is [ 1109.90311321   656.61162609]
2020-01-30_22:15:16.895[Status]my group tasks is [ 1177.7479066    602.50720878]
2020-01-30_22:15:16.932[Status]mygroup_robots_utility is {16: [30.56835704403303, 25.299183840168816, 14.72666162457653, 27.048180529453713, 12.612663284472738, 13.431171225350475, 14.639804404410512], 1: [16.727955636670927, 17.065808981284388, 14.768695116600714, 32.204680464681665, 28.0873088611228, 14.308664259946777, 15.436422389593348], 2: [16.623629957334604, 17.334537282789743, 18.016170429416512, 31.799451651263656, 18.378599502796316, 30.821480439323018, 15.124262032187888], 5: [16.845344210241976, 17.169025177199238, 17.703205228013434, 15.445772915083445, 29.156834776633435, 14.71429090279644, 31.578514744905807], 6: [32.327955155922346, 14.328647542832524, 15.598281633210082, 13.330155978594297, 13.390169566191387, 14.177373739652111, 15.456444474477236], 7: [16.145658689177374, 18.797617916605894, 34.67209963142809, 17.565549531480364, 15.515926816488093, 18.67998144876231, 15.988535756547526], 12: [16.292113125710237, 17.443596351935888, 32.24203287405172, 14.859877698695687, 17.356339662254854, 28.80861009560241, 14.977537102229327]}
2020-01-30_22:15:16.932[Status]self.local_queue is [2, 1, 5, 7, 6, 12, 16]
2020-01-30_22:15:16.932[Status]task_chosen index is 3
2020-01-30_22:15:16.932[Status]task_chosen index is 4
2020-01-30_22:15:16.932[Status]myindex_in_queue is 4
2020-01-30_22:15:16.932[Status]task destination is [1109.903113209758, 656.6116260882442]
2020-01-30_22:15:17.032[Battery Energy]84.95
2020-01-30_22:15:17.032[Status]Routing Start.
2020-01-30_22:15:17.191[Status]{'coordinate': [64.81354500816592, 451.9220651322736], 'id': 1}
2020-01-30_22:15:17.191[Status]Routing 1: Walk: 1
2020-01-30_22:15:17.302[Battery Energy]84.73
2020-01-30_22:15:17.302[Status]Routing Start.
2020-01-30_22:15:17.446[Status]{'coordinate': [74.62709001633183, 453.8441302645472], 'id': 1}
2020-01-30_22:15:17.446[Status]Routing 2: Walk: 2
2020-01-30_22:15:17.558[Battery Energy]84.51
2020-01-30_22:15:17.558[Status]Routing Start.
2020-01-30_22:15:17.707[Status]{'coordinate': [84.44063502449775, 455.76619539682076], 'id': 1}
2020-01-30_22:15:17.707[Status]Routing 3: Walk: 3
2020-01-30_22:15:17.807[Battery Energy]84.32
2020-01-30_22:15:17.807[Status]Routing Start.
2020-01-30_22:15:17.937[Status]{'coordinate': [94.25418003266367, 457.68826052909435], 'id': 1}
2020-01-30_22:15:17.937[Status]Routing 4: Walk: 4
2020-01-30_22:15:18.037[Battery Energy]84.11
2020-01-30_22:15:18.038[Status]Routing Start.
2020-01-30_22:15:18.220[Status]{'coordinate': [104.06772504082959, 459.61032566136794], 'id': 1}
2020-01-30_22:15:18.220[Status]Routing 5: Walk: 5
2020-01-30_22:15:18.321[Battery Energy]83.88
2020-01-30_22:15:18.321[Status]Routing Start.
2020-01-30_22:15:18.662[Status]{'coordinate': [113.8812700489955, 461.5323907936415], 'id': 1}
2020-01-30_22:15:18.663[Status]Routing 6: Walk: 6
2020-01-30_22:15:18.782[Battery Energy]83.51
2020-01-30_22:15:18.782[Status]Routing Start.
2020-01-30_22:15:18.901[Status]{'coordinate': [123.69481505716142, 463.4544559259151], 'id': 1}
2020-01-30_22:15:18.901[Status]Routing 7: Walk: 7
2020-01-30_22:15:19.002[Battery Energy]83.33
2020-01-30_22:15:19.002[Status]Routing Start.
2020-01-30_22:15:19.290[Status]{'coordinate': [133.50836006532734, 465.3765210581887], 'id': 1}
2020-01-30_22:15:19.290[Status]Routing 8: Walk: 8
2020-01-30_22:15:19.398[Battery Energy]83.01
2020-01-30_22:15:19.398[Status]Routing Start.
2020-01-30_22:15:19.674[Status]{'coordinate': [143.32190507349324, 467.2985861904623], 'id': 1}
2020-01-30_22:15:19.675[Status]Routing 9: Walk: 9
2020-01-30_22:15:19.790[Battery Energy]82.71
2020-01-30_22:15:19.790[Status]Routing Start.
2020-01-30_22:15:20.063[Status]{'coordinate': [153.13545008165914, 469.2206513227359], 'id': 1}
2020-01-30_22:15:20.063[Status]Routing 10: Walk: 10
2020-01-30_22:15:20.164[Battery Energy]82.39
2020-01-30_22:15:20.164[Status]Routing Start.
2020-01-30_22:15:20.476[Status]{'coordinate': [162.94899508982505, 471.14271645500946], 'id': 1}
2020-01-30_22:15:20.476[Status]Routing 11: Walk: 11
2020-01-30_22:15:20.576[Battery Energy]82.06
2020-01-30_22:15:20.576[Status]Routing Start.
2020-01-30_22:15:20.873[Status]{'coordinate': [172.76254009799095, 473.06478158728305], 'id': 1}
2020-01-30_22:15:20.873[Status]Routing 12: Walk: 12
2020-01-30_22:15:20.974[Battery Energy]81.74
2020-01-30_22:15:20.974[Status]Routing Start.
2020-01-30_22:15:21.295[Status]{'coordinate': [182.57608510615685, 474.98684671955664], 'id': 1}
2020-01-30_22:15:21.295[Status]Routing 13: Walk: 13
2020-01-30_22:15:21.402[Battery Energy]81.40
2020-01-30_22:15:21.402[Status]Routing Start.
2020-01-30_22:15:21.721[Status]{'coordinate': [192.38963011432276, 476.9089118518302], 'id': 1}
2020-01-30_22:15:21.721[Status]Routing 14: Walk: 14
2020-01-30_22:15:21.821[Battery Energy]81.07
2020-01-30_22:15:21.821[Status]Routing Start.
2020-01-30_22:15:22.150[Status]{'coordinate': [202.20317512248866, 478.8309769841038], 'id': 1}
2020-01-30_22:15:22.150[Status]Routing 15: Walk: 15
2020-01-30_22:15:22.250[Battery Energy]80.75
2020-01-30_22:15:22.250[Status]Routing Start.
2020-01-30_22:15:22.547[Status]{'coordinate': [212.01672013065456, 480.7530421163774], 'id': 1}
2020-01-30_22:15:22.547[Status]Routing 16: Walk: 16
2020-01-30_22:15:22.647[Battery Energy]80.44
2020-01-30_22:15:22.647[Status]Routing Start.
2020-01-30_22:15:22.990[Status]{'coordinate': [221.83026513882047, 482.675107248651], 'id': 1}
2020-01-30_22:15:22.990[Status]Routing 17: Walk: 17
2020-01-30_22:15:23.093[Battery Energy]80.08
2020-01-30_22:15:23.093[Status]Routing Start.
2020-01-30_22:15:23.401[Status]{'coordinate': [231.64381014698637, 484.5971723809246], 'id': 1}
2020-01-30_22:15:23.401[Status]Routing 18: Walk: 18
2020-01-30_22:15:23.501[Battery Energy]79.74
2020-01-30_22:15:23.501[Status]Routing Start.
2020-01-30_22:15:23.966[Status]{'coordinate': [229.4257603260986, 494.3480828508274], 'id': 1}
2020-01-30_22:15:23.968[Status]Routing 19: Walk: 19
2020-01-30_22:15:24.068[Battery Energy]79.24
2020-01-30_22:15:24.068[Status]Routing Start.
2020-01-30_22:15:24.352[Status]{'coordinate': [223.8728191381296, 502.6646232471074], 'id': 1}
2020-01-30_22:15:24.352[Status]Routing 20: Walk: 20
2020-01-30_22:15:24.453[Battery Energy]78.86
2020-01-30_22:15:24.453[Status]Routing Start.
2020-01-30_22:15:24.679[Status]{'coordinate': [233.72520915634095, 504.37646755341837], 'id': 1}
2020-01-30_22:15:24.679[Status]Routing 21: Walk: 21
2020-01-30_22:15:24.780[Battery Energy]78.60
2020-01-30_22:15:24.780[Status]Routing Start.
2020-01-30_22:15:24.907[Status]{'coordinate': [243.5775991745523, 506.08831185972934], 'id': 1}
2020-01-30_22:15:24.908[Status]Routing 22: Walk: 22
2020-01-30_22:15:25.009[Battery Energy]78.40
2020-01-30_22:15:25.009[Status]Routing Start.
2020-01-30_22:15:25.288[Status]{'coordinate': [253.42998919276363, 507.8001561660403], 'id': 1}
2020-01-30_22:15:25.289[Status]Routing 23: Walk: 23
2020-01-30_22:15:25.389[Battery Energy]78.08
2020-01-30_22:15:25.389[Status]Routing Start.
2020-01-30_22:15:25.695[Status]{'coordinate': [263.28237921097497, 509.5120004723513], 'id': 1}
2020-01-30_22:15:25.696[Status]Routing 24: Walk: 24
2020-01-30_22:15:25.796[Battery Energy]77.73
2020-01-30_22:15:25.796[Status]Routing Start.
2020-01-30_22:15:26.117[Status]{'coordinate': [273.1347692291863, 511.2238447786623], 'id': 1}
2020-01-30_22:15:26.118[Status]Routing 25: Walk: 25
2020-01-30_22:15:26.222[Battery Energy]77.39
2020-01-30_22:15:26.222[Status]Routing Start.
2020-01-30_22:15:26.508[Status]{'coordinate': [282.98715924739764, 512.9356890849733], 'id': 1}
2020-01-30_22:15:26.508[Status]Routing 26: Walk: 26
2020-01-30_22:15:26.609[Battery Energy]77.07
2020-01-30_22:15:26.609[Status]Routing Start.
2020-01-30_22:15:26.950[Status]{'coordinate': [292.839549265609, 514.6475333912844], 'id': 1}
2020-01-30_22:15:26.950[Status]Routing 27: Walk: 27
2020-01-30_22:15:27.058[Battery Energy]76.70
2020-01-30_22:15:27.058[Status]Routing Start.
2020-01-30_22:15:27.342[Status]{'coordinate': [302.6919392838203, 516.3593776975954], 'id': 1}
2020-01-30_22:15:27.342[Status]Routing 28: Walk: 28
2020-01-30_22:15:27.443[Battery Energy]76.38
2020-01-30_22:15:27.443[Status]Routing Start.
2020-01-30_22:15:27.751[Status]{'coordinate': [312.54432930203166, 518.0712220039064], 'id': 1}
2020-01-30_22:15:27.751[Status]Routing 29: Walk: 29
2020-01-30_22:15:27.854[Battery Energy]76.03
2020-01-30_22:15:27.855[Status]Routing Start.
2020-01-30_22:15:28.306[Status]Routing 30: Walk: 29
2020-01-30_22:15:28.407[Battery Energy]75.62
2020-01-30_22:15:28.407[Status]Routing Start.
2020-01-30_22:15:28.578[Status]{'coordinate': [322.396719320243, 519.7830663102175], 'id': 1}
2020-01-30_22:15:28.580[Status]Routing 31: Walk: 30
2020-01-30_22:15:28.686[Battery Energy]75.41
2020-01-30_22:15:28.686[Status]Routing Start.
2020-01-30_22:15:29.012[Status]{'coordinate': [332.24910933845433, 521.4949106165285], 'id': 1}
2020-01-30_22:15:29.012[Status]Routing 32: Walk: 31
2020-01-30_22:15:29.122[Battery Energy]75.07
2020-01-30_22:15:29.122[Status]Routing Start.
2020-01-30_22:15:29.640[Status]Routing 33: Walk: 31
2020-01-30_22:15:29.742[Battery Energy]74.62
2020-01-30_22:15:29.742[Status]Routing Start.
2020-01-30_22:15:29.884[Status]{'coordinate': [342.10149935666567, 523.2067549228395], 'id': 1}
2020-01-30_22:15:29.884[Status]Routing 34: Walk: 32
2020-01-30_22:15:29.986[Battery Energy]74.41
2020-01-30_22:15:29.986[Status]Routing Start.
2020-01-30_22:15:30.471[Status]Routing 35: Walk: 32
2020-01-30_22:15:30.571[Battery Energy]73.97
2020-01-30_22:15:30.571[Status]Routing Start.
2020-01-30_22:15:30.727[Status]{'coordinate': [351.953889374877, 524.9185992291506], 'id': 1}
2020-01-30_22:15:30.727[Status]Routing 36: Walk: 33
2020-01-30_22:15:30.829[Battery Energy]73.76
2020-01-30_22:15:30.829[Status]Routing Start.
2020-01-30_22:15:31.266[Status]Routing 37: Walk: 33
2020-01-30_22:15:31.366[Battery Energy]73.38
2020-01-30_22:15:31.366[Status]Routing Start.
2020-01-30_22:15:31.633[Status]{'coordinate': [361.80627939308835, 526.6304435354616], 'id': 1}
2020-01-30_22:15:31.633[Status]Routing 38: Walk: 34
2020-01-30_22:15:31.733[Battery Energy]73.04
2020-01-30_22:15:31.733[Status]Routing Start.
2020-01-30_22:15:32.087[Status]Routing 39: Walk: 34
2020-01-30_22:15:32.188[Battery Energy]72.69
2020-01-30_22:15:32.188[Status]Routing Start.
2020-01-30_22:15:32.478[Status]{'coordinate': [371.6586694112997, 528.3422878417726], 'id': 1}
2020-01-30_22:15:32.478[Status]Routing 40: Walk: 35
2020-01-30_22:15:32.578[Battery Energy]72.33
2020-01-30_22:15:32.578[Status]Routing Start.
2020-01-30_22:15:32.937[Status]Routing 41: Walk: 35
2020-01-30_22:15:33.039[Battery Energy]71.98
2020-01-30_22:15:33.039[Status]Routing Start.
2020-01-30_22:15:33.367[Status]Routing 42: Walk: 35
2020-01-30_22:15:33.470[Battery Energy]71.67
2020-01-30_22:15:33.470[Status]Routing Start.
2020-01-30_22:15:33.772[Status]Routing 43: Walk: 35
2020-01-30_22:15:33.882[Battery Energy]71.38
2020-01-30_22:15:33.882[Status]Routing Start.
2020-01-30_22:15:34.023[Status]{'coordinate': [381.511059429511, 530.0541321480837], 'id': 1}
2020-01-30_22:15:34.023[Status]Routing 44: Walk: 36
2020-01-30_22:15:34.124[Battery Energy]71.18
2020-01-30_22:15:34.124[Status]Routing Start.
2020-01-30_22:15:34.453[Status]{'coordinate': [391.36344944772236, 531.7659764543947], 'id': 1}
2020-01-30_22:15:34.453[Status]Routing 45: Walk: 37
2020-01-30_22:15:34.558[Battery Energy]70.85
2020-01-30_22:15:34.558[Status]Routing Start.
2020-01-30_22:15:34.854[Status]Routing 46: Walk: 37
2020-01-30_22:15:34.958[Battery Energy]70.52
2020-01-30_22:15:34.958[Status]Routing Start.
2020-01-30_22:15:35.112[Status]{'coordinate': [401.2158394659337, 533.4778207607058], 'id': 1}
2020-01-30_22:15:35.112[Status]Routing 47: Walk: 38
2020-01-30_22:15:35.217[Battery Energy]70.29
2020-01-30_22:15:35.217[Status]Routing Start.
2020-01-30_22:15:35.508[Status]{'coordinate': [411.06822948414504, 535.1896650670168], 'id': 1}
2020-01-30_22:15:35.508[Status]Routing 48: Walk: 39
2020-01-30_22:15:35.609[Battery Energy]69.96
2020-01-30_22:15:35.609[Status]Routing Start.
2020-01-30_22:15:35.866[Status]{'coordinate': [420.9206195023564, 536.9015093733278], 'id': 1}
2020-01-30_22:15:35.866[Status]Routing 49: Walk: 40
2020-01-30_22:15:35.967[Battery Energy]69.66
2020-01-30_22:15:35.967[Status]Routing Start.
2020-01-30_22:15:36.101[Status]{'coordinate': [430.7730095205677, 538.6133536796389], 'id': 1}
2020-01-30_22:15:36.101[Status]Routing 50: Walk: 41
2020-01-30_22:15:36.205[Battery Energy]69.45
2020-01-30_22:15:36.205[Status]Routing Start.
2020-01-30_22:15:36.453[Status]{'coordinate': [440.62539953877905, 540.3251979859499], 'id': 1}
2020-01-30_22:15:36.453[Status]Routing 51: Walk: 42
2020-01-30_22:15:36.557[Battery Energy]69.16
2020-01-30_22:15:36.558[Status]Routing Start.
2020-01-30_22:15:36.709[Status]{'coordinate': [450.4777895569904, 542.0370422922609], 'id': 1}
2020-01-30_22:15:36.712[Status]Routing 52: Walk: 43
2020-01-30_22:15:36.818[Battery Energy]68.94
2020-01-30_22:15:36.818[Status]Routing Start.
2020-01-30_22:15:36.954[Status]{'coordinate': [460.3301795752017, 543.748886598572], 'id': 1}
2020-01-30_22:15:36.954[Status]Routing 53: Walk: 44
2020-01-30_22:15:37.055[Battery Energy]68.76
2020-01-30_22:15:37.055[Status]Routing Start.
2020-01-30_22:15:37.217[Status]{'coordinate': [470.18256959341306, 545.4607309048829], 'id': 1}
2020-01-30_22:15:37.217[Status]Routing 54: Walk: 45
2020-01-30_22:15:37.318[Battery Energy]68.52
2020-01-30_22:15:37.319[Status]Routing Start.
2020-01-30_22:15:37.481[Status]{'coordinate': [480.0349596116244, 547.1725752111939], 'id': 1}
2020-01-30_22:15:37.481[Status]Routing 55: Walk: 46
2020-01-30_22:15:37.586[Battery Energy]68.31
2020-01-30_22:15:37.586[Status]Routing Start.
2020-01-30_22:15:37.736[Status]{'coordinate': [489.88734962983574, 548.8844195175049], 'id': 1}
2020-01-30_22:15:37.736[Status]Routing 56: Walk: 47
2020-01-30_22:15:37.836[Battery Energy]68.09
2020-01-30_22:15:37.836[Status]Routing Start.
2020-01-30_22:15:38.144[Status]{'coordinate': [499.7397396480471, 550.5962638238159], 'id': 1}
2020-01-30_22:15:38.145[Status]Routing 57: Walk: 48
2020-01-30_22:15:38.245[Battery Energy]67.78
2020-01-30_22:15:38.245[Status]Routing Start.
2020-01-30_22:15:38.533[Status]{'coordinate': [509.5921296662584, 552.3081081301268], 'id': 1}
2020-01-30_22:15:38.533[Status]Routing 58: Walk: 49
2020-01-30_22:15:38.633[Battery Energy]67.47
2020-01-30_22:15:38.633[Status]Routing Start.
2020-01-30_22:15:38.934[Status]{'coordinate': [519.4445196844698, 554.0199524364378], 'id': 1}
2020-01-30_22:15:38.934[Status]Routing 59: Walk: 50
2020-01-30_22:15:39.037[Battery Energy]67.18
2020-01-30_22:15:39.037[Status]Routing Start.
2020-01-30_22:15:39.322[Status]{'coordinate': [529.2969097026812, 555.7317967427488], 'id': 1}
2020-01-30_22:15:39.323[Status]Routing 60: Walk: 51
2020-01-30_22:15:39.430[Battery Energy]66.88
2020-01-30_22:15:39.430[Status]Routing Start.
2020-01-30_22:15:39.573[Status]{'coordinate': [539.1492997208926, 557.4436410490598], 'id': 1}
2020-01-30_22:15:39.573[Status]Routing 61: Walk: 52
2020-01-30_22:15:39.673[Battery Energy]66.68
2020-01-30_22:15:39.673[Status]Routing Start.
2020-01-30_22:15:39.815[Status]{'coordinate': [549.001689739104, 559.1554853553707], 'id': 1}
2020-01-30_22:15:39.820[Status]Routing 62: Walk: 53
2020-01-30_22:15:39.921[Battery Energy]66.48
2020-01-30_22:15:39.921[Status]Routing Start.
2020-01-30_22:15:40.180[Status]{'coordinate': [558.8540797573154, 560.8673296616818], 'id': 1}
2020-01-30_22:15:40.181[Status]Routing 63: Walk: 54
2020-01-30_22:15:40.286[Battery Energy]66.19
2020-01-30_22:15:40.286[Status]Routing Start.
2020-01-30_22:15:40.427[Status]{'coordinate': [568.7064697755268, 562.5791739679928], 'id': 1}
2020-01-30_22:15:40.427[Status]Routing 64: Walk: 55
2020-01-30_22:15:40.537[Battery Energy]65.99
2020-01-30_22:15:40.537[Status]Routing Start.
2020-01-30_22:15:40.661[Status]{'coordinate': [578.5588597937382, 564.2910182743037], 'id': 1}
2020-01-30_22:15:40.661[Status]Routing 65: Walk: 56
2020-01-30_22:15:40.761[Battery Energy]65.80
2020-01-30_22:15:40.761[Status]Routing Start.
2020-01-30_22:15:41.044[Status]{'coordinate': [588.4112498119496, 566.0028625806148], 'id': 1}
2020-01-30_22:15:41.044[Status]Routing 66: Walk: 57
2020-01-30_22:15:41.146[Battery Energy]65.55
2020-01-30_22:15:41.146[Status]Routing Start.
2020-01-30_22:15:41.292[Status]{'coordinate': [598.263639830161, 567.7147068869257], 'id': 1}
2020-01-30_22:15:41.292[Status]Routing 67: Walk: 58
2020-01-30_22:15:41.397[Battery Energy]65.33
2020-01-30_22:15:41.398[Status]Routing Start.
2020-01-30_22:15:41.542[Status]{'coordinate': [608.1160298483724, 569.4265511932367], 'id': 1}
2020-01-30_22:15:41.542[Status]Routing 68: Walk: 59
2020-01-30_22:15:41.646[Battery Energy]65.12
2020-01-30_22:15:41.646[Status]Routing Start.
2020-01-30_22:15:41.780[Status]{'coordinate': [617.9684198665838, 571.1383954995476], 'id': 1}
2020-01-30_22:15:41.780[Status]Routing 69: Walk: 60
2020-01-30_22:15:41.890[Battery Energy]64.92
2020-01-30_22:15:41.890[Status]Routing Start.
2020-01-30_22:15:42.048[Status]{'coordinate': [627.8208098847952, 572.8502398058587], 'id': 1}
2020-01-30_22:15:42.049[Status]Routing 70: Walk: 61
2020-01-30_22:15:42.151[Battery Energy]64.70
2020-01-30_22:15:42.151[Status]Routing Start.
2020-01-30_22:15:42.310[Status]{'coordinate': [637.6731999030065, 574.5620841121697], 'id': 1}
2020-01-30_22:15:42.310[Status]Routing 71: Walk: 62
2020-01-30_22:15:42.414[Battery Energy]64.48
2020-01-30_22:15:42.414[Status]Routing Start.
2020-01-30_22:15:42.535[Status]{'coordinate': [647.5255899212179, 576.2739284184806], 'id': 1}
2020-01-30_22:15:42.536[Status]Routing 72: Walk: 63
2020-01-30_22:15:42.636[Battery Energy]64.29
2020-01-30_22:15:42.636[Status]Routing Start.
2020-01-30_22:15:42.786[Status]{'coordinate': [657.3779799394293, 577.9857727247917], 'id': 1}
2020-01-30_22:15:42.787[Status]Routing 73: Walk: 64
2020-01-30_22:15:42.891[Battery Energy]64.06
2020-01-30_22:15:42.891[Status]Routing Start.
2020-01-30_22:15:43.067[Status]{'coordinate': [667.2303699576407, 579.6976170311026], 'id': 1}
2020-01-30_22:15:43.067[Status]Routing 74: Walk: 65
2020-01-30_22:15:43.167[Battery Energy]63.84
2020-01-30_22:15:43.167[Status]Routing Start.
2020-01-30_22:15:43.446[Status]{'coordinate': [677.0827599758521, 581.4094613374136], 'id': 1}
2020-01-30_22:15:43.448[Status]Routing 75: Walk: 66
2020-01-30_22:15:43.548[Battery Energy]63.51
2020-01-30_22:15:43.548[Status]Routing Start.
2020-01-30_22:15:43.692[Status]{'coordinate': [686.9351499940635, 583.1213056437246], 'id': 1}
2020-01-30_22:15:43.692[Status]Routing 76: Walk: 67
2020-01-30_22:15:43.792[Battery Energy]63.29
2020-01-30_22:15:43.792[Status]Routing Start.
2020-01-30_22:15:43.941[Status]{'coordinate': [696.7875400122749, 584.8331499500356], 'id': 1}
2020-01-30_22:15:43.941[Status]Routing 77: Walk: 68
2020-01-30_22:15:44.054[Battery Energy]63.09
2020-01-30_22:15:44.054[Status]Routing Start.
2020-01-30_22:15:44.193[Status]{'coordinate': [706.6399300304863, 586.5449942563465], 'id': 1}
2020-01-30_22:15:44.193[Status]Routing 78: Walk: 69
2020-01-30_22:15:44.306[Battery Energy]62.88
2020-01-30_22:15:44.306[Status]Routing Start.
2020-01-30_22:15:44.446[Status]{'coordinate': [716.4923200486977, 588.2568385626575], 'id': 1}
2020-01-30_22:15:44.446[Status]Routing 79: Walk: 70
2020-01-30_22:15:44.547[Battery Energy]62.65
2020-01-30_22:15:44.547[Status]Routing Start.
2020-01-30_22:15:44.826[Status]{'coordinate': [726.3447100669091, 589.9686828689686], 'id': 1}
2020-01-30_22:15:44.826[Status]Routing 80: Walk: 71
2020-01-30_22:15:44.938[Battery Energy]62.39
2020-01-30_22:15:44.938[Status]Routing Start.
2020-01-30_22:15:45.245[Status]{'coordinate': [736.1971000851205, 591.6805271752795], 'id': 1}
2020-01-30_22:15:45.245[Status]Routing 81: Walk: 72
2020-01-30_22:15:45.346[Battery Energy]62.08
2020-01-30_22:15:45.346[Status]Routing Start.
2020-01-30_22:15:45.661[Status]{'coordinate': [746.0494901033319, 593.3923714815905], 'id': 1}
2020-01-30_22:15:45.661[Status]Routing 82: Walk: 73
2020-01-30_22:15:45.766[Battery Energy]61.77
2020-01-30_22:15:45.766[Status]Routing Start.
2020-01-30_22:15:46.024[Status]{'coordinate': [755.9018801215433, 595.1042157879015], 'id': 1}
2020-01-30_22:15:46.024[Status]Routing 83: Walk: 74
2020-01-30_22:15:46.138[Battery Energy]61.48
2020-01-30_22:15:46.138[Status]Routing Start.
2020-01-30_22:15:46.447[Status]{'coordinate': [765.7542701397547, 596.8160600942125], 'id': 1}
2020-01-30_22:15:46.447[Status]Routing 84: Walk: 75
2020-01-30_22:15:46.550[Battery Energy]61.14
2020-01-30_22:15:46.550[Status]Routing Start.
2020-01-30_22:15:46.698[Status]{'coordinate': [775.6066601579661, 598.5279044005234], 'id': 1}
2020-01-30_22:15:46.698[Status]Routing 85: Walk: 76
2020-01-30_22:15:46.802[Battery Energy]60.94
2020-01-30_22:15:46.802[Status]Routing Start.
2020-01-30_22:15:46.941[Status]{'coordinate': [785.4590501761775, 600.2397487068345], 'id': 1}
2020-01-30_22:15:46.941[Status]Routing 86: Walk: 77
2020-01-30_22:15:47.054[Battery Energy]60.71
2020-01-30_22:15:47.054[Status]Routing Start.
2020-01-30_22:15:47.176[Status]{'coordinate': [795.3114401943889, 601.9515930131455], 'id': 1}
2020-01-30_22:15:47.176[Status]Routing 87: Walk: 78
2020-01-30_22:15:47.282[Battery Energy]60.50
2020-01-30_22:15:47.282[Status]Routing Start.
2020-01-30_22:15:47.587[Status]{'coordinate': [805.1638302126003, 603.6634373194564], 'id': 1}
2020-01-30_22:15:47.587[Status]Routing 88: Walk: 79
2020-01-30_22:15:47.694[Battery Energy]60.15
2020-01-30_22:15:47.694[Status]Routing Start.
2020-01-30_22:15:47.819[Status]{'coordinate': [815.0162202308117, 605.3752816257675], 'id': 1}
2020-01-30_22:15:47.819[Status]Routing 89: Walk: 80
2020-01-30_22:15:47.920[Battery Energy]59.95
2020-01-30_22:15:47.920[Status]Routing Start.
2020-01-30_22:15:48.071[Status]{'coordinate': [824.868610249023, 607.0871259320784], 'id': 1}
2020-01-30_22:15:48.072[Status]Routing 90: Walk: 81
2020-01-30_22:15:48.177[Battery Energy]59.75
2020-01-30_22:15:48.177[Status]Routing Start.
2020-01-30_22:15:48.472[Status]{'coordinate': [834.7210002672344, 608.7989702383894], 'id': 1}
2020-01-30_22:15:48.478[Status]Routing 91: Walk: 82
2020-01-30_22:15:48.582[Battery Energy]59.48
2020-01-30_22:15:48.582[Status]Routing Start.
2020-01-30_22:15:48.708[Status]{'coordinate': [844.5733902854458, 610.5108145447003], 'id': 1}
2020-01-30_22:15:48.708[Status]Routing 92: Walk: 83
2020-01-30_22:15:48.816[Battery Energy]59.27
2020-01-30_22:15:48.816[Status]Routing Start.
2020-01-30_22:15:48.986[Status]{'coordinate': [854.4257803036572, 612.2226588510114], 'id': 1}
2020-01-30_22:15:48.986[Status]Routing 93: Walk: 84
2020-01-30_22:15:49.093[Battery Energy]59.04
2020-01-30_22:15:49.093[Status]Routing Start.
2020-01-30_22:15:49.403[Status]{'coordinate': [864.2781703218686, 613.9345031573224], 'id': 1}
2020-01-30_22:15:49.405[Status]Routing 94: Walk: 85
2020-01-30_22:15:49.511[Battery Energy]58.69
2020-01-30_22:15:49.511[Status]Routing Start.
2020-01-30_22:15:49.672[Status]{'coordinate': [874.13056034008, 615.6463474636333], 'id': 1}
2020-01-30_22:15:49.672[Status]Routing 95: Walk: 86
2020-01-30_22:15:49.786[Battery Energy]58.44
2020-01-30_22:15:49.786[Status]Routing Start.
2020-01-30_22:15:49.905[Status]{'coordinate': [883.9829503582914, 617.3581917699444], 'id': 1}
2020-01-30_22:15:49.907[Status]Routing 96: Walk: 87
2020-01-30_22:15:50.011[Battery Energy]58.25
2020-01-30_22:15:50.012[Status]Routing Start.
2020-01-30_22:15:50.291[Status]{'coordinate': [893.8353403765028, 619.0700360762553], 'id': 1}
2020-01-30_22:15:50.291[Status]Routing 97: Walk: 88
2020-01-30_22:15:50.392[Battery Energy]57.96
2020-01-30_22:15:50.392[Status]Routing Start.
2020-01-30_22:15:50.712[Status]{'coordinate': [903.6877303947142, 620.7818803825663], 'id': 1}
2020-01-30_22:15:50.713[Status]Routing 98: Walk: 89
2020-01-30_22:15:50.822[Battery Energy]57.64
2020-01-30_22:15:50.822[Status]Routing Start.
2020-01-30_22:15:51.121[Status]{'coordinate': [913.5401204129256, 622.4937246888773], 'id': 1}
2020-01-30_22:15:51.121[Status]Routing 99: Walk: 90
2020-01-30_22:15:51.226[Battery Energy]57.33
2020-01-30_22:15:51.226[Status]Routing Start.
2020-01-30_22:15:51.486[Status]{'coordinate': [923.392510431137, 624.2055689951883], 'id': 1}
2020-01-30_22:15:51.486[Status]Routing 100: Walk: 91
2020-01-30_22:15:51.590[Battery Energy]57.05
2020-01-30_22:15:51.590[Status]Routing Start.
2020-01-30_22:15:51.869[Status]{'coordinate': [933.2449004493484, 625.9174133014992], 'id': 1}
2020-01-30_22:15:51.869[Status]Routing 101: Walk: 92
2020-01-30_22:15:51.970[Battery Energy]56.79
2020-01-30_22:15:51.970[Status]Routing Start.
2020-01-30_22:15:52.270[Status]{'coordinate': [943.0972904675598, 627.6292576078102], 'id': 1}
2020-01-30_22:15:52.270[Status]Routing 102: Walk: 93
2020-01-30_22:15:52.374[Battery Energy]56.49
2020-01-30_22:15:52.374[Status]Routing Start.
2020-01-30_22:15:52.607[Status]{'coordinate': [952.9496804857712, 629.3411019141213], 'id': 1}
2020-01-30_22:15:52.607[Status]Routing 103: Walk: 94
2020-01-30_22:15:52.707[Battery Energy]56.21
2020-01-30_22:15:52.707[Status]Routing Start.
2020-01-30_22:15:53.021[Status]{'coordinate': [962.8020705039826, 631.0529462204322], 'id': 1}
2020-01-30_22:15:53.022[Status]Routing 104: Walk: 95
2020-01-30_22:15:53.124[Battery Energy]55.92
2020-01-30_22:15:53.124[Status]Routing Start.
2020-01-30_22:15:53.471[Status]{'coordinate': [972.654460522194, 632.7647905267432], 'id': 1}
2020-01-30_22:15:53.471[Status]Routing 105: Walk: 96
2020-01-30_22:15:53.571[Battery Energy]55.60
2020-01-30_22:15:53.571[Status]Routing Start.
2020-01-30_22:15:53.817[Status]{'coordinate': [982.5068505404054, 634.4766348330542], 'id': 1}
2020-01-30_22:15:53.817[Status]Routing 106: Walk: 97
2020-01-30_22:15:53.929[Battery Energy]55.31
2020-01-30_22:15:53.929[Status]Routing Start.
2020-01-30_22:15:54.234[Status]{'coordinate': [992.3592405586168, 636.1884791393652], 'id': 1}
2020-01-30_22:15:54.234[Status]Routing 107: Walk: 98
2020-01-30_22:15:54.350[Battery Energy]54.99
2020-01-30_22:15:54.350[Status]Routing Start.
2020-01-30_22:15:54.504[Status]{'coordinate': [1002.2116305768282, 637.9003234456761], 'id': 1}
2020-01-30_22:15:54.504[Status]Routing 108: Walk: 99
2020-01-30_22:15:54.604[Battery Energy]54.76
2020-01-30_22:15:54.605[Status]Routing Start.
2020-01-30_22:15:54.905[Status]{'coordinate': [1012.0640205950396, 639.6121677519872], 'id': 1}
2020-01-30_22:15:54.905[Status]Routing 109: Walk: 100
2020-01-30_22:15:55.022[Battery Energy]54.43
2020-01-30_22:15:55.022[Status]Routing Start.
2020-01-30_22:15:55.143[Status]{'coordinate': [1021.916410613251, 641.3240120582982], 'id': 1}
2020-01-30_22:15:55.143[Status]Routing 110: Walk: 101
2020-01-30_22:15:55.244[Battery Energy]54.23
2020-01-30_22:15:55.244[Status]Routing Start.
2020-01-30_22:15:55.411[Status]{'coordinate': [1031.7688006314622, 643.0358563646091], 'id': 1}
2020-01-30_22:15:55.411[Status]Routing 111: Walk: 102
2020-01-30_22:15:55.522[Battery Energy]54.01
2020-01-30_22:15:55.522[Status]Routing Start.
2020-01-30_22:15:55.757[Status]{'coordinate': [1041.6211906496735, 644.7477006709202], 'id': 1}
2020-01-30_22:15:55.757[Status]Routing 112: Walk: 103
2020-01-30_22:15:55.862[Battery Energy]53.73
2020-01-30_22:15:55.862[Status]Routing Start.
2020-01-30_22:15:56.094[Status]{'coordinate': [1051.4735806678848, 646.4595449772311], 'id': 1}
2020-01-30_22:15:56.095[Status]Routing 113: Walk: 104
2020-01-30_22:15:56.201[Battery Energy]53.48
2020-01-30_22:15:56.201[Status]Routing Start.
2020-01-30_22:15:56.439[Status]{'coordinate': [1061.325970686096, 648.171389283542], 'id': 1}
2020-01-30_22:15:56.439[Status]Routing 114: Walk: 105
2020-01-30_22:15:56.540[Battery Energy]53.22
2020-01-30_22:15:56.540[Status]Routing Start.
2020-01-30_22:15:56.889[Status]{'coordinate': [1071.1783607043074, 649.883233589853], 'id': 1}
2020-01-30_22:15:56.890[Status]Routing 115: Walk: 106
2020-01-30_22:15:56.990[Battery Energy]52.92
2020-01-30_22:15:56.990[Status]Routing Start.
2020-01-30_22:15:57.330[Status]{'coordinate': [1081.0307507225186, 651.595077896164], 'id': 1}
2020-01-30_22:15:57.330[Status]Routing 116: Walk: 107
2020-01-30_22:15:57.434[Battery Energy]52.54
2020-01-30_22:15:57.434[Status]Routing Start.
2020-01-30_22:15:57.762[Status]{'coordinate': [1090.88314074073, 653.306922202475], 'id': 1}
2020-01-30_22:15:57.762[Status]Routing 117: Walk: 108
2020-01-30_22:15:57.866[Battery Energy]52.22
2020-01-30_22:15:57.866[Status]Routing Start.
2020-01-30_22:15:58.159[Status]{'coordinate': [1100.7355307589412, 655.0187665087859], 'id': 1}
2020-01-30_22:15:58.160[Status]Routing 118: Walk: 109
2020-01-30_22:15:58.264[Battery Energy]51.89
2020-01-30_22:15:58.264[Status]Routing Start.
2020-01-30_22:15:58.264[Status]Task Finished.
2020-01-30_22:15:58.364[Battery Energy]51.89
2020-01-30_22:15:58.493[Status]Routing 120: Walk: 109
2020-01-30_22:15:58.594[Battery Energy]51.77
2020-01-30_22:15:58.973[Status]Routing 121: Walk: 109
2020-01-30_22:15:59.085[Battery Energy]51.49
2020-01-30_22:15:59.210[Status]Routing 122: Walk: 109
2020-01-30_22:15:59.311[Battery Energy]51.39
2020-01-30_22:15:59.646[Status]Routing 123: Walk: 109
2020-01-30_22:15:59.752[Battery Energy]51.17
2020-01-30_22:15:59.982[Status]Routing 124: Walk: 109
2020-01-30_22:16:00.083[Battery Energy]51.00
2020-01-30_22:16:00.412[Status]Routing 125: Walk: 109
2020-01-30_22:16:00.513[Battery Energy]50.76
2020-01-30_22:16:00.818[Status]Routing 126: Walk: 109
2020-01-30_22:16:00.924[Battery Energy]50.55
2020-01-30_22:16:01.238[Status]Routing 127: Walk: 109
2020-01-30_22:16:01.338[Battery Energy]50.29
2020-01-30_22:16:01.702[Status]Routing 128: Walk: 109
2020-01-30_22:16:01.802[Battery Energy]50.06
2020-01-30_22:16:02.129[Status]Routing 129: Walk: 109
2020-01-30_22:16:02.230[Battery Energy]49.87
2020-01-30_22:16:02.527[Status]Routing 130: Walk: 109
2020-01-30_22:16:02.627[Battery Energy]49.65
2020-01-30_22:16:02.944[Status]Routing 131: Walk: 109
2020-01-30_22:16:03.058[Battery Energy]49.46
2020-01-30_22:16:03.344[Status]Routing 132: Walk: 109
2020-01-30_22:16:03.445[Battery Energy]49.24
2020-01-30_22:16:03.602[Status]Routing 133: Walk: 109
2020-01-30_22:16:03.709[Battery Energy]49.14
2020-01-30_22:16:04.017[Status]Routing 134: Walk: 109
2020-01-30_22:16:04.117[Battery Energy]48.94
2020-01-30_22:16:04.282[Status]Routing 135: Walk: 109
2020-01-30_22:16:04.382[Battery Energy]48.81
2020-01-30_22:16:04.705[Status]Routing 136: Walk: 109
2020-01-30_22:16:04.813[Battery Energy]48.60
2020-01-30_22:16:05.114[Status]Routing 137: Walk: 109
2020-01-30_22:16:05.215[Battery Energy]48.37
2020-01-30_22:16:05.584[Status]Routing 138: Walk: 109
2020-01-30_22:16:05.698[Battery Energy]48.11
2020-01-30_22:16:06.019[Status]Routing 139: Walk: 109
2020-01-30_22:16:06.122[Battery Energy]47.90
2020-01-30_22:16:06.431[Status]Routing 140: Walk: 109
2020-01-30_22:16:06.534[Battery Energy]47.68
2020-01-30_22:16:06.708[Status]Routing 141: Walk: 109
2020-01-30_22:16:06.818[Battery Energy]47.56
2020-01-30_22:16:06.955[Status]Routing 142: Walk: 109
2020-01-30_22:16:07.056[Battery Energy]47.46
2020-01-30_22:16:07.267[Status]Routing 143: Walk: 109
2020-01-30_22:16:07.370[Battery Energy]47.33
2020-01-30_22:16:07.585[Status]Routing 144: Walk: 109
2020-01-30_22:16:07.691[Battery Energy]47.16
2020-01-30_22:16:07.832[Status]Routing 145: Walk: 109
2020-01-30_22:16:07.942[Battery Energy]47.04
2020-01-30_22:16:08.088[Status]Routing 146: Walk: 109
2020-01-30_22:16:08.198[Battery Energy]46.96
2020-01-30_22:16:08.357[Status]Routing 147: Walk: 109
2020-01-30_22:16:08.470[Battery Energy]46.86
2020-01-30_22:16:08.596[Status]Routing 148: Walk: 109
2020-01-30_22:16:08.697[Battery Energy]46.76
2020-01-30_22:16:08.828[Status]Routing 149: Walk: 109
2020-01-30_22:16:08.929[Battery Energy]46.63
2020-01-30_22:16:09.105[Status]Routing 150: Walk: 109
2020-01-30_22:16:09.210[Battery Energy]46.51
2020-01-30_22:16:09.415[Status]Routing 151: Walk: 109
2020-01-30_22:16:09.515[Battery Energy]46.37
2020-01-30_22:16:09.650[Status]Routing 152: Walk: 109
2020-01-30_22:16:09.758[Battery Energy]46.26
2020-01-30_22:16:09.914[Status]Routing 153: Walk: 109
2020-01-30_22:16:10.015[Battery Energy]46.15
2020-01-30_22:16:10.183[Status]Routing 154: Walk: 109
2020-01-30_22:16:10.290[Battery Energy]46.00
2020-01-30_22:16:10.424[Status]Routing 155: Walk: 109
2020-01-30_22:16:10.525[Battery Energy]45.90
2020-01-30_22:16:10.671[Status]Routing 156: Walk: 109
2020-01-30_22:16:10.771[Battery Energy]45.79
2020-01-30_22:16:10.952[Status]Routing 157: Walk: 109
2020-01-30_22:16:11.061[Battery Energy]45.63
2020-01-30_22:16:11.185[Status]Routing 158: Walk: 109
2020-01-30_22:16:11.286[Battery Energy]45.53
2020-01-30_22:16:11.456[Status]Routing 159: Walk: 109
2020-01-30_22:16:11.562[Battery Energy]45.43
2020-01-30_22:16:11.703[Status]Routing 160: Walk: 109
2020-01-30_22:16:11.803[Battery Energy]45.34
2020-01-30_22:16:11.980[Status]Routing 161: Walk: 109
2020-01-30_22:16:12.081[Battery Energy]45.21
2020-01-30_22:16:12.224[Status]Routing 162: Walk: 109
2020-01-30_22:16:12.324[Battery Energy]45.10
2020-01-30_22:16:12.479[Status]Routing 163: Walk: 109
2020-01-30_22:16:12.581[Battery Energy]44.99
2020-01-30_22:16:12.732[Status]Routing 164: Walk: 109
2020-01-30_22:16:12.834[Battery Energy]44.88
2020-01-30_22:16:12.997[Status]Routing 165: Walk: 109
2020-01-30_22:16:13.110[Battery Energy]44.75
2020-01-30_22:16:13.227[Status]Routing 166: Walk: 109
2020-01-30_22:16:13.327[Battery Energy]44.66
2020-01-30_22:16:13.478[Status]Routing 167: Walk: 109
2020-01-30_22:16:13.582[Battery Energy]44.55
2020-01-30_22:16:13.722[Status]Routing 168: Walk: 109
2020-01-30_22:16:13.823[Battery Energy]44.43
2020-01-30_22:16:13.974[Status]Routing 169: Walk: 109
2020-01-30_22:16:14.078[Battery Energy]44.31
2020-01-30_22:16:14.220[Status]Routing 170: Walk: 109
2020-01-30_22:16:14.336[Battery Energy]44.19
2020-01-30_22:16:14.479[Status]Routing 171: Walk: 109
2020-01-30_22:16:14.586[Battery Energy]44.08
2020-01-30_22:16:14.703[Status]Routing 172: Walk: 109
2020-01-30_22:16:14.812[Battery Energy]43.99
2020-01-30_22:16:14.943[Status]Routing 173: Walk: 109
2020-01-30_22:16:15.053[Battery Energy]43.90
2020-01-30_22:16:15.196[Status]Routing 174: Walk: 109
2020-01-30_22:16:15.310[Battery Energy]43.79
2020-01-30_22:16:15.457[Status]Routing 175: Walk: 109
2020-01-30_22:16:15.557[Battery Energy]43.68
2020-01-30_22:16:15.724[Status]Routing 176: Walk: 109
2020-01-30_22:16:15.831[Battery Energy]43.55
2020-01-30_22:16:15.973[Status]Routing 177: Walk: 109
2020-01-30_22:16:16.090[Battery Energy]43.45
2020-01-30_22:16:16.216[Status]Routing 178: Walk: 109
2020-01-30_22:16:16.330[Battery Energy]43.37
2020-01-30_22:16:16.473[Status]Routing 179: Walk: 109
2020-01-30_22:16:16.574[Battery Energy]43.25
2020-01-30_22:16:16.761[Status]Routing 180: Walk: 109
2020-01-30_22:16:16.866[Battery Energy]43.12
2020-01-30_22:16:17.022[Status]Routing 181: Walk: 109
2020-01-30_22:16:17.124[Battery Energy]43.00
2020-01-30_22:16:17.278[Status]Routing 182: Walk: 109
