2020-01-30_22:15:04.059[Status]Start.
2020-01-30_22:15:04.060[Battery Energy]91.00
2020-01-30_22:15:05.162[Battery Energy]90.96
2020-01-30_22:15:06.264[Battery Energy]90.92
2020-01-30_22:15:07.366[Battery Energy]90.88
2020-01-30_22:15:08.467[Battery Energy]90.84
2020-01-30_22:15:09.568[Task]A New Task Released.
2020-01-30_22:15:09.568[Battery Energy]90.80
2020-01-30_22:15:09.568[Status]Selection Start.
2020-01-30_22:15:16.615[Status]Selection End: Do Task 1.
2020-01-30_22:15:16.718[Battery Energy]85.62
2020-01-30_22:15:16.718[Status]Formation Start.
2020-01-30_22:15:16.847[Status]number of tasks is 7
2020-01-30_22:15:16.848[Status]my group tasks is [ 1262.34898019   621.81685175]
2020-01-30_22:15:16.864[Status]my group tasks is [ 1300.   700.]
2020-01-30_22:15:16.867[Status]my group tasks is [ 1262.34898019   778.18314825]
2020-01-30_22:15:16.875[Status]my group tasks is [ 1177.7479066    797.49279122]
2020-01-30_22:15:16.887[Status]my group tasks is [ 1109.90311321   743.38837391]
2020-01-30_22:15:16.895[Status]my group tasks is [ 1109.90311321   656.61162609]
2020-01-30_22:15:16.901[Status]my group tasks is [ 1177.7479066    602.50720878]
2020-01-30_22:15:16.940[Status]mygroup_robots_utility is {16: [30.56835704403303, 25.299183840168816, 14.72666162457653, 27.048180529453713, 12.612663284472738, 13.431171225350475, 14.639804404410512], 1: [16.727955636670927, 17.065808981284388, 14.768695116600714, 32.204680464681665, 28.0873088611228, 14.308664259946777, 15.436422389593348], 2: [16.623629957334604, 17.334537282789743, 18.016170429416512, 31.799451651263656, 18.378599502796316, 30.821480439323018, 15.124262032187888], 5: [16.845344210241976, 17.169025177199238, 17.703205228013434, 15.445772915083445, 29.156834776633435, 14.71429090279644, 31.578514744905807], 6: [32.327955155922346, 14.328647542832524, 15.598281633210082, 13.330155978594297, 13.390169566191387, 14.177373739652111, 15.456444474477236], 7: [16.145658689177374, 18.797617916605894, 34.67209963142809, 17.565549531480364, 15.515926816488093, 18.67998144876231, 15.988535756547526], 12: [16.292113125710237, 17.443596351935888, 32.24203287405172, 14.859877698695687, 17.356339662254854, 28.80861009560241, 14.977537102229327]}
2020-01-30_22:15:16.940[Status]self.local_queue is [2, 1, 5, 7, 6, 12, 16]
2020-01-30_22:15:16.940[Status]task_chosen index is 3
2020-01-30_22:15:16.942[Status]task_chosen index is 4
2020-01-30_22:15:16.942[Status]task_chosen index is 6
2020-01-30_22:15:16.942[Status]task_chosen index is 2
2020-01-30_22:15:16.943[Status]myindex_in_queue is 2
2020-01-30_22:15:16.943[Status]task destination is [1177.7479066043686, 797.4927912181823]
2020-01-30_22:15:17.054[Battery Energy]85.45
2020-01-30_22:15:17.054[Status]Routing Start.
2020-01-30_22:15:17.186[Status]{'id': 7, 'coordinate': [141.8726726105395, 630.5907028399746]}
2020-01-30_22:15:17.186[Status]Routing 1: Walk: 1
2020-01-30_22:15:17.286[Battery Energy]85.25
2020-01-30_22:15:17.287[Status]Routing Start.
2020-01-30_22:15:17.440[Status]{'id': 7, 'coordinate': [151.745345221079, 632.1814056799492]}
2020-01-30_22:15:17.441[Status]Routing 2: Walk: 2
2020-01-30_22:15:17.546[Battery Energy]85.03
2020-01-30_22:15:17.546[Status]Routing Start.
2020-01-30_22:15:17.707[Status]{'id': 7, 'coordinate': [161.6180178316185, 633.7721085199238]}
2020-01-30_22:15:17.707[Status]Routing 3: Walk: 3
2020-01-30_22:15:17.814[Battery Energy]84.82
2020-01-30_22:15:17.814[Status]Routing Start.
2020-01-30_22:15:17.943[Status]{'id': 7, 'coordinate': [171.49069044215798, 635.3628113598984]}
2020-01-30_22:15:17.943[Status]Routing 4: Walk: 4
2020-01-30_22:15:18.046[Battery Energy]84.63
2020-01-30_22:15:18.046[Status]Routing Start.
2020-01-30_22:15:18.223[Status]{'id': 7, 'coordinate': [181.36336305269748, 636.953514199873]}
2020-01-30_22:15:18.223[Status]Routing 5: Walk: 5
2020-01-30_22:15:18.330[Battery Energy]84.41
2020-01-30_22:15:18.330[Status]Routing Start.
2020-01-30_22:15:18.662[Status]{'id': 7, 'coordinate': [191.23603566323698, 638.5442170398476]}
2020-01-30_22:15:18.662[Status]Routing 6: Walk: 6
2020-01-30_22:15:18.769[Battery Energy]84.08
2020-01-30_22:15:18.769[Status]Routing Start.
2020-01-30_22:15:18.908[Status]{'id': 7, 'coordinate': [201.10870827377647, 640.1349198798222]}
2020-01-30_22:15:18.908[Status]Routing 7: Walk: 7
2020-01-30_22:15:19.009[Battery Energy]83.87
2020-01-30_22:15:19.009[Status]Routing Start.
2020-01-30_22:15:19.283[Status]{'id': 7, 'coordinate': [210.98138088431597, 641.7256227197968]}
2020-01-30_22:15:19.283[Status]Routing 8: Walk: 8
2020-01-30_22:15:19.383[Battery Energy]83.60
2020-01-30_22:15:19.383[Status]Routing Start.
2020-01-30_22:15:19.801[Status]{'id': 7, 'coordinate': [220.85405349485546, 643.3163255597714]}
2020-01-30_22:15:19.801[Status]Routing 9: Walk: 9
2020-01-30_22:15:19.901[Battery Energy]83.14
2020-01-30_22:15:19.901[Status]Routing Start.
2020-01-30_22:15:20.210[Status]{'id': 7, 'coordinate': [230.72672610539496, 644.907028399746]}
2020-01-30_22:15:20.210[Status]Routing 10: Walk: 10
2020-01-30_22:15:20.312[Battery Energy]82.78
2020-01-30_22:15:20.312[Status]Routing Start.
2020-01-30_22:15:20.608[Status]{'id': 7, 'coordinate': [240.59939871593446, 646.4977312397206]}
2020-01-30_22:15:20.608[Status]Routing 11: Walk: 11
2020-01-30_22:15:20.708[Battery Energy]82.42
2020-01-30_22:15:20.708[Status]Routing Start.
2020-01-30_22:15:20.872[Status]{'id': 7, 'coordinate': [250.47207132647395, 648.0884340796952]}
2020-01-30_22:15:20.872[Status]Routing 12: Walk: 12
2020-01-30_22:15:20.979[Battery Energy]82.20
2020-01-30_22:15:20.979[Status]Routing Start.
2020-01-30_22:15:21.292[Status]{'id': 7, 'coordinate': [260.34474393701345, 649.6791369196698]}
2020-01-30_22:15:21.292[Status]Routing 13: Walk: 13
2020-01-30_22:15:21.402[Battery Energy]81.87
2020-01-30_22:15:21.402[Status]Routing Start.
2020-01-30_22:15:21.709[Status]{'id': 7, 'coordinate': [270.21741654755294, 651.2698397596444]}
2020-01-30_22:15:21.709[Status]Routing 14: Walk: 14
2020-01-30_22:15:21.810[Battery Energy]81.57
2020-01-30_22:15:21.810[Status]Routing Start.
2020-01-30_22:15:22.155[Status]{'id': 7, 'coordinate': [280.09008915809244, 652.860542599619]}
2020-01-30_22:15:22.155[Status]Routing 15: Walk: 15
2020-01-30_22:15:22.262[Battery Energy]81.23
2020-01-30_22:15:22.262[Status]Routing Start.
2020-01-30_22:15:22.546[Status]{'id': 7, 'coordinate': [289.96276176863194, 654.4512454395935]}
2020-01-30_22:15:22.546[Status]Routing 16: Walk: 16
2020-01-30_22:15:22.650[Battery Energy]80.96
2020-01-30_22:15:22.650[Status]Routing Start.
2020-01-30_22:15:22.982[Status]{'id': 7, 'coordinate': [299.83543437917143, 656.0419482795681]}
2020-01-30_22:15:22.986[Status]Routing 17: Walk: 17
2020-01-30_22:15:23.090[Battery Energy]80.62
2020-01-30_22:15:23.090[Status]Routing Start.
2020-01-30_22:15:23.407[Status]{'id': 7, 'coordinate': [309.7081069897109, 657.6326511195427]}
2020-01-30_22:15:23.407[Status]Routing 18: Walk: 18
2020-01-30_22:15:23.507[Battery Energy]80.30
2020-01-30_22:15:23.507[Status]Routing Start.
2020-01-30_22:15:23.805[Status]{'id': 7, 'coordinate': [319.5807796002504, 659.2233539595173]}
2020-01-30_22:15:23.805[Status]Routing 19: Walk: 19
2020-01-30_22:15:23.908[Battery Energy]79.99
2020-01-30_22:15:23.908[Status]Routing Start.
2020-01-30_22:15:24.223[Status]{'id': 7, 'coordinate': [329.4534522107899, 660.8140567994919]}
2020-01-30_22:15:24.223[Status]Routing 20: Walk: 20
2020-01-30_22:15:24.324[Battery Energy]79.72
2020-01-30_22:15:24.324[Status]Routing Start.
2020-01-30_22:15:24.679[Status]{'id': 7, 'coordinate': [339.3261248213294, 662.4047596394665]}
2020-01-30_22:15:24.679[Status]Routing 21: Walk: 21
2020-01-30_22:15:24.780[Battery Energy]79.36
2020-01-30_22:15:24.780[Status]Routing Start.
2020-01-30_22:15:24.914[Status]{'id': 7, 'coordinate': [349.1987974318689, 663.9954624794411]}
2020-01-30_22:15:24.914[Status]Routing 22: Walk: 22
2020-01-30_22:15:25.026[Battery Energy]79.15
2020-01-30_22:15:25.026[Status]Routing Start.
2020-01-30_22:15:25.288[Status]{'id': 7, 'coordinate': [359.0714700424084, 665.5861653194157]}
2020-01-30_22:15:25.288[Status]Routing 23: Walk: 23
2020-01-30_22:15:25.394[Battery Energy]78.86
2020-01-30_22:15:25.394[Status]Routing Start.
2020-01-30_22:15:25.698[Status]{'id': 7, 'coordinate': [368.9441426529479, 667.1768681593903]}
2020-01-30_22:15:25.698[Status]Routing 24: Walk: 24
2020-01-30_22:15:25.806[Battery Energy]78.54
2020-01-30_22:15:25.806[Status]Routing Start.
2020-01-30_22:15:26.116[Status]{'id': 7, 'coordinate': [378.8168152634874, 668.7675709993649]}
2020-01-30_22:15:26.116[Status]Routing 25: Walk: 25
2020-01-30_22:15:26.222[Battery Energy]78.23
2020-01-30_22:15:26.222[Status]Routing Start.
2020-01-30_22:15:26.503[Status]{'id': 7, 'coordinate': [388.6894878740269, 670.3582738393395]}
2020-01-30_22:15:26.505[Status]Routing 26: Walk: 26
2020-01-30_22:15:26.614[Battery Energy]77.89
2020-01-30_22:15:26.614[Status]Routing Start.
2020-01-30_22:15:26.944[Status]{'id': 7, 'coordinate': [398.5621604845664, 671.9489766793141]}
2020-01-30_22:15:26.946[Status]Routing 27: Walk: 27
2020-01-30_22:15:27.046[Battery Energy]77.55
2020-01-30_22:15:27.047[Status]Routing Start.
2020-01-30_22:15:27.362[Status]{'id': 7, 'coordinate': [408.4348330951059, 673.5396795192887]}
2020-01-30_22:15:27.362[Status]Routing 28: Walk: 28
2020-01-30_22:15:27.462[Battery Energy]77.21
2020-01-30_22:15:27.462[Status]Routing Start.
2020-01-30_22:15:27.759[Status]{'id': 7, 'coordinate': [418.3075057056454, 675.1303823592633]}
2020-01-30_22:15:27.759[Status]Routing 29: Walk: 29
2020-01-30_22:15:27.862[Battery Energy]76.93
2020-01-30_22:15:27.862[Status]Routing Start.
2020-01-30_22:15:28.140[Status]{'id': 7, 'coordinate': [428.1801783161849, 676.7210851992379]}
2020-01-30_22:15:28.141[Status]Routing 30: Walk: 30
2020-01-30_22:15:28.241[Battery Energy]76.63
2020-01-30_22:15:28.241[Status]Routing Start.
2020-01-30_22:15:28.571[Status]{'id': 7, 'coordinate': [438.0528509267244, 678.3117880392125]}
2020-01-30_22:15:28.571[Status]Routing 31: Walk: 31
2020-01-30_22:15:28.671[Battery Energy]76.28
2020-01-30_22:15:28.672[Status]Routing Start.
2020-01-30_22:15:29.017[Status]{'id': 7, 'coordinate': [447.92552353726387, 679.9024908791871]}
2020-01-30_22:15:29.018[Status]Routing 32: Walk: 32
2020-01-30_22:15:29.118[Battery Energy]75.97
2020-01-30_22:15:29.118[Status]Routing Start.
2020-01-30_22:15:29.466[Status]{'id': 7, 'coordinate': [457.79819614780337, 681.4931937191617]}
2020-01-30_22:15:29.467[Status]Routing 33: Walk: 33
2020-01-30_22:15:29.567[Battery Energy]75.64
2020-01-30_22:15:29.567[Status]Routing Start.
2020-01-30_22:15:29.885[Status]{'id': 7, 'coordinate': [467.67086875834286, 683.0838965591363]}
2020-01-30_22:15:29.885[Status]Routing 34: Walk: 34
2020-01-30_22:15:29.994[Battery Energy]75.36
2020-01-30_22:15:29.994[Status]Routing Start.
2020-01-30_22:15:30.308[Status]{'id': 7, 'coordinate': [477.54354136888236, 684.6745993991109]}
2020-01-30_22:15:30.308[Status]Routing 35: Walk: 35
2020-01-30_22:15:30.410[Battery Energy]75.08
2020-01-30_22:15:30.410[Status]Routing Start.
2020-01-30_22:15:30.727[Status]{'id': 7, 'coordinate': [487.41621397942185, 686.2653022390855]}
2020-01-30_22:15:30.727[Status]Routing 36: Walk: 36
2020-01-30_22:15:30.827[Battery Energy]74.78
2020-01-30_22:15:30.827[Status]Routing Start.
2020-01-30_22:15:31.110[Status]{'id': 7, 'coordinate': [497.28888658996135, 687.8560050790601]}
2020-01-30_22:15:31.113[Status]Routing 37: Walk: 37
2020-01-30_22:15:31.214[Battery Energy]74.50
2020-01-30_22:15:31.214[Status]Routing Start.
2020-01-30_22:15:31.511[Status]{'id': 7, 'coordinate': [507.16155920050085, 689.4467079190348]}
2020-01-30_22:15:31.511[Status]Routing 38: Walk: 38
2020-01-30_22:15:31.614[Battery Energy]74.21
2020-01-30_22:15:31.614[Status]Routing Start.
2020-01-30_22:15:31.915[Status]{'id': 7, 'coordinate': [517.0342318110403, 691.0374107590094]}
2020-01-30_22:15:31.915[Status]Routing 39: Walk: 39
2020-01-30_22:15:32.015[Battery Energy]73.92
2020-01-30_22:15:32.015[Status]Routing Start.
2020-01-30_22:15:32.336[Status]{'id': 7, 'coordinate': [526.9069044215797, 692.6281135989841]}
2020-01-30_22:15:32.337[Status]Routing 40: Walk: 40
2020-01-30_22:15:32.446[Battery Energy]73.59
2020-01-30_22:15:32.446[Status]Routing Start.
2020-01-30_22:15:32.764[Status]{'id': 7, 'coordinate': [536.7795770321192, 694.2188164389587]}
2020-01-30_22:15:32.764[Status]Routing 41: Walk: 41
2020-01-30_22:15:32.871[Battery Energy]73.29
2020-01-30_22:15:32.871[Status]Routing Start.
2020-01-30_22:15:33.196[Status]{'id': 7, 'coordinate': [546.6522496426586, 695.8095192789333]}
2020-01-30_22:15:33.196[Status]Routing 42: Walk: 42
2020-01-30_22:15:33.298[Battery Energy]72.97
2020-01-30_22:15:33.298[Status]Routing Start.
2020-01-30_22:15:33.613[Status]{'id': 7, 'coordinate': [556.524922253198, 697.400222118908]}
2020-01-30_22:15:33.614[Status]Routing 43: Walk: 43
2020-01-30_22:15:33.722[Battery Energy]72.63
2020-01-30_22:15:33.722[Status]Routing Start.
2020-01-30_22:15:34.027[Status]{'id': 7, 'coordinate': [566.3975948637375, 698.9909249588827]}
2020-01-30_22:15:34.027[Status]Routing 44: Walk: 44
2020-01-30_22:15:34.128[Battery Energy]72.33
2020-01-30_22:15:34.128[Status]Routing Start.
2020-01-30_22:15:34.442[Status]{'id': 7, 'coordinate': [576.2702674742769, 700.5816277988573]}
2020-01-30_22:15:34.442[Status]Routing 45: Walk: 45
2020-01-30_22:15:34.546[Battery Energy]71.99
2020-01-30_22:15:34.546[Status]Routing Start.
2020-01-30_22:15:34.696[Status]{'id': 7, 'coordinate': [586.1429400848164, 702.1723306388319]}
2020-01-30_22:15:34.696[Status]Routing 46: Walk: 46
2020-01-30_22:15:34.798[Battery Energy]71.79
2020-01-30_22:15:34.798[Status]Routing Start.
2020-01-30_22:15:35.100[Status]{'id': 7, 'coordinate': [596.0156126953558, 703.7630334788066]}
2020-01-30_22:15:35.100[Status]Routing 47: Walk: 47
2020-01-30_22:15:35.200[Battery Energy]71.51
2020-01-30_22:15:35.201[Status]Routing Start.
2020-01-30_22:15:35.516[Status]{'id': 7, 'coordinate': [605.8882853058952, 705.3537363187812]}
2020-01-30_22:15:35.516[Status]Routing 48: Walk: 48
2020-01-30_22:15:35.625[Battery Energy]71.23
2020-01-30_22:15:35.625[Status]Routing Start.
2020-01-30_22:15:35.855[Status]{'id': 7, 'coordinate': [615.7609579164347, 706.9444391587558]}
2020-01-30_22:15:35.858[Status]Routing 49: Walk: 49
2020-01-30_22:15:35.958[Battery Energy]70.98
2020-01-30_22:15:35.958[Status]Routing Start.
2020-01-30_22:15:36.097[Status]{'id': 7, 'coordinate': [625.6336305269741, 708.5351419987305]}
2020-01-30_22:15:36.099[Status]Routing 50: Walk: 50
2020-01-30_22:15:36.199[Battery Energy]70.79
2020-01-30_22:15:36.199[Status]Routing Start.
2020-01-30_22:15:36.453[Status]{'id': 7, 'coordinate': [635.5063031375136, 710.1258448387051]}
2020-01-30_22:15:36.453[Status]Routing 51: Walk: 51
2020-01-30_22:15:36.566[Battery Energy]70.51
2020-01-30_22:15:36.566[Status]Routing Start.
2020-01-30_22:15:36.708[Status]{'id': 7, 'coordinate': [645.378975748053, 711.7165476786798]}
2020-01-30_22:15:36.709[Status]Routing 52: Walk: 52
2020-01-30_22:15:36.811[Battery Energy]70.29
2020-01-30_22:15:36.811[Status]Routing Start.
2020-01-30_22:15:36.946[Status]{'id': 7, 'coordinate': [655.2516483585924, 713.3072505186544]}
2020-01-30_22:15:36.950[Status]Routing 53: Walk: 53
2020-01-30_22:15:37.055[Battery Energy]70.10
2020-01-30_22:15:37.055[Status]Routing Start.
2020-01-30_22:15:37.217[Status]{'id': 7, 'coordinate': [665.1243209691319, 714.8979533586291]}
2020-01-30_22:15:37.218[Status]Routing 54: Walk: 54
2020-01-30_22:15:37.326[Battery Energy]69.90
2020-01-30_22:15:37.326[Status]Routing Start.
2020-01-30_22:15:37.477[Status]{'id': 7, 'coordinate': [674.9969935796713, 716.4886561986037]}
2020-01-30_22:15:37.478[Status]Routing 55: Walk: 55
2020-01-30_22:15:37.586[Battery Energy]69.70
2020-01-30_22:15:37.586[Status]Routing Start.
2020-01-30_22:15:37.734[Status]{'id': 7, 'coordinate': [684.8696661902108, 718.0793590385783]}
2020-01-30_22:15:37.734[Status]Routing 56: Walk: 56
2020-01-30_22:15:37.841[Battery Energy]69.48
2020-01-30_22:15:37.841[Status]Routing Start.
2020-01-30_22:15:38.160[Status]{'id': 7, 'coordinate': [694.7423388007502, 719.670061878553]}
2020-01-30_22:15:38.160[Status]Routing 57: Walk: 57
2020-01-30_22:15:38.262[Battery Energy]69.18
2020-01-30_22:15:38.262[Status]Routing Start.
2020-01-30_22:15:38.529[Status]{'id': 7, 'coordinate': [704.6150114112896, 721.2607647185276]}
2020-01-30_22:15:38.529[Status]Routing 58: Walk: 58
2020-01-30_22:15:38.646[Battery Energy]68.88
2020-01-30_22:15:38.646[Status]Routing Start.
2020-01-30_22:15:38.938[Status]{'id': 7, 'coordinate': [714.4876840218291, 722.8514675585023]}
2020-01-30_22:15:38.938[Status]Routing 59: Walk: 59
2020-01-30_22:15:39.042[Battery Energy]68.57
2020-01-30_22:15:39.042[Status]Routing Start.
2020-01-30_22:15:39.345[Status]{'id': 7, 'coordinate': [724.3603566323685, 724.442170398477]}
2020-01-30_22:15:39.345[Status]Routing 60: Walk: 60
2020-01-30_22:15:39.446[Battery Energy]68.23
2020-01-30_22:15:39.446[Status]Routing Start.
2020-01-30_22:15:39.568[Status]{'id': 7, 'coordinate': [734.233029242908, 726.0328732384517]}
2020-01-30_22:15:39.568[Status]Routing 61: Walk: 61
2020-01-30_22:15:39.678[Battery Energy]68.04
2020-01-30_22:15:39.678[Status]Routing Start.
2020-01-30_22:15:39.820[Status]{'id': 7, 'coordinate': [744.1057018534474, 727.6235760784263]}
2020-01-30_22:15:39.820[Status]Routing 62: Walk: 62
2020-01-30_22:15:39.926[Battery Energy]67.82
2020-01-30_22:15:39.926[Status]Routing Start.
2020-01-30_22:15:40.180[Status]{'id': 7, 'coordinate': [753.9783744639868, 729.2142789184009]}
2020-01-30_22:15:40.182[Status]Routing 63: Walk: 63
2020-01-30_22:15:40.290[Battery Energy]67.55
2020-01-30_22:15:40.290[Status]Routing Start.
2020-01-30_22:15:40.428[Status]{'id': 7, 'coordinate': [763.8510470745263, 730.8049817583756]}
2020-01-30_22:15:40.428[Status]Routing 64: Walk: 64
2020-01-30_22:15:40.537[Battery Energy]67.32
2020-01-30_22:15:40.537[Status]Routing Start.
2020-01-30_22:15:40.666[Status]{'id': 7, 'coordinate': [773.7237196850657, 732.3956845983502]}
2020-01-30_22:15:40.666[Status]Routing 65: Walk: 65
2020-01-30_22:15:40.766[Battery Energy]67.11
2020-01-30_22:15:40.766[Status]Routing Start.
2020-01-30_22:15:41.050[Status]{'id': 7, 'coordinate': [783.5963922956051, 733.9863874383249]}
2020-01-30_22:15:41.051[Status]Routing 66: Walk: 66
2020-01-30_22:15:41.166[Battery Energy]66.77
2020-01-30_22:15:41.166[Status]Routing Start.
2020-01-30_22:15:41.290[Status]{'id': 7, 'coordinate': [793.4690649061446, 735.5770902782995]}
2020-01-30_22:15:41.291[Status]Routing 67: Walk: 67
2020-01-30_22:15:41.394[Battery Energy]66.56
2020-01-30_22:15:41.394[Status]Routing Start.
2020-01-30_22:15:41.547[Status]{'id': 7, 'coordinate': [803.341737516684, 737.1677931182742]}
2020-01-30_22:15:41.547[Status]Routing 68: Walk: 68
2020-01-30_22:15:41.652[Battery Energy]66.34
2020-01-30_22:15:41.652[Status]Routing Start.
2020-01-30_22:15:41.782[Status]{'id': 7, 'coordinate': [813.2144101272235, 738.7584959582488]}
2020-01-30_22:15:41.782[Status]Routing 69: Walk: 69
2020-01-30_22:15:41.902[Battery Energy]66.15
2020-01-30_22:15:41.902[Status]Routing Start.
2020-01-30_22:15:42.050[Status]{'id': 7, 'coordinate': [823.0870827377629, 740.3491987982235]}
2020-01-30_22:15:42.050[Status]Routing 70: Walk: 70
2020-01-30_22:15:42.150[Battery Energy]65.94
2020-01-30_22:15:42.150[Status]Routing Start.
2020-01-30_22:15:42.307[Status]{'id': 7, 'coordinate': [832.9597553483023, 741.9399016381981]}
2020-01-30_22:15:42.307[Status]Routing 71: Walk: 71
2020-01-30_22:15:42.418[Battery Energy]65.73
2020-01-30_22:15:42.418[Status]Routing Start.
2020-01-30_22:15:42.537[Status]{'id': 7, 'coordinate': [842.8324279588418, 743.5306044781727]}
2020-01-30_22:15:42.537[Status]Routing 72: Walk: 72
2020-01-30_22:15:42.637[Battery Energy]65.54
2020-01-30_22:15:42.637[Status]Routing Start.
2020-01-30_22:15:42.784[Status]{'id': 7, 'coordinate': [852.7051005693812, 745.1213073181474]}
2020-01-30_22:15:42.784[Status]Routing 73: Walk: 73
2020-01-30_22:15:42.884[Battery Energy]65.33
2020-01-30_22:15:42.885[Status]Routing Start.
2020-01-30_22:15:43.068[Status]{'id': 7, 'coordinate': [862.5777731799207, 746.712010158122]}
2020-01-30_22:15:43.070[Status]Routing 74: Walk: 74
2020-01-30_22:15:43.172[Battery Energy]65.11
2020-01-30_22:15:43.172[Status]Routing Start.
2020-01-30_22:15:43.445[Status]{'id': 7, 'coordinate': [872.4504457904601, 748.3027129980967]}
2020-01-30_22:15:43.448[Status]Routing 75: Walk: 75
2020-01-30_22:15:43.558[Battery Energy]64.78
2020-01-30_22:15:43.558[Status]Routing Start.
2020-01-30_22:15:43.688[Status]{'id': 7, 'coordinate': [882.3231184009995, 749.8934158380713]}
2020-01-30_22:15:43.688[Status]Routing 76: Walk: 76
2020-01-30_22:15:43.789[Battery Energy]64.58
2020-01-30_22:15:43.789[Status]Routing Start.
2020-01-30_22:15:43.939[Status]{'id': 7, 'coordinate': [892.195791011539, 751.484118678046]}
2020-01-30_22:15:43.939[Status]Routing 77: Walk: 77
2020-01-30_22:15:44.039[Battery Energy]64.35
2020-01-30_22:15:44.039[Status]Routing Start.
2020-01-30_22:15:44.189[Status]{'id': 7, 'coordinate': [902.0684636220784, 753.0748215180206]}
2020-01-30_22:15:44.189[Status]Routing 78: Walk: 78
2020-01-30_22:15:44.292[Battery Energy]64.16
2020-01-30_22:15:44.292[Status]Routing Start.
2020-01-30_22:15:44.446[Status]{'id': 7, 'coordinate': [911.9411362326179, 754.6655243579953]}
2020-01-30_22:15:44.447[Status]Routing 79: Walk: 79
2020-01-30_22:15:44.548[Battery Energy]63.96
2020-01-30_22:15:44.548[Status]Routing Start.
2020-01-30_22:15:44.821[Status]{'id': 7, 'coordinate': [921.8138088431573, 756.2562271979699]}
2020-01-30_22:15:44.824[Status]Routing 80: Walk: 80
2020-01-30_22:15:44.924[Battery Energy]63.68
2020-01-30_22:15:44.924[Status]Routing Start.
2020-01-30_22:15:45.256[Status]{'id': 7, 'coordinate': [931.6864814536967, 757.8469300379445]}
2020-01-30_22:15:45.256[Status]Routing 81: Walk: 81
2020-01-30_22:15:45.356[Battery Energy]63.37
2020-01-30_22:15:45.356[Status]Routing Start.
2020-01-30_22:15:45.651[Status]{'id': 7, 'coordinate': [941.5591540642362, 759.4376328779192]}
2020-01-30_22:15:45.654[Status]Routing 82: Walk: 82
2020-01-30_22:15:45.759[Battery Energy]63.06
2020-01-30_22:15:45.759[Status]Routing Start.
2020-01-30_22:15:46.038[Status]{'id': 7, 'coordinate': [951.4318266747756, 761.0283357178938]}
2020-01-30_22:15:46.038[Status]Routing 83: Walk: 83
2020-01-30_22:15:46.142[Battery Energy]62.73
2020-01-30_22:15:46.142[Status]Routing Start.
2020-01-30_22:15:46.440[Status]{'id': 7, 'coordinate': [961.304499285315, 762.6190385578685]}
2020-01-30_22:15:46.440[Status]Routing 84: Walk: 84
2020-01-30_22:15:46.540[Battery Energy]62.39
2020-01-30_22:15:46.540[Status]Routing Start.
2020-01-30_22:15:46.693[Status]{'id': 7, 'coordinate': [971.1771718958545, 764.2097413978431]}
2020-01-30_22:15:46.693[Status]Routing 85: Walk: 85
2020-01-30_22:15:46.793[Battery Energy]62.20
2020-01-30_22:15:46.793[Status]Routing Start.
2020-01-30_22:15:46.937[Status]{'id': 7, 'coordinate': [981.0498445063939, 765.8004442378178]}
2020-01-30_22:15:46.937[Status]Routing 86: Walk: 86
2020-01-30_22:15:47.037[Battery Energy]62.00
2020-01-30_22:15:47.037[Status]Routing Start.
2020-01-30_22:15:47.181[Status]{'id': 7, 'coordinate': [990.9225171169334, 767.3911470777924]}
2020-01-30_22:15:47.181[Status]Routing 87: Walk: 87
2020-01-30_22:15:47.281[Battery Energy]61.80
2020-01-30_22:15:47.281[Status]Routing Start.
2020-01-30_22:15:47.592[Status]{'id': 7, 'coordinate': [1000.7951897274728, 768.981849917767]}
2020-01-30_22:15:47.592[Status]Routing 88: Walk: 88
2020-01-30_22:15:47.706[Battery Energy]61.46
2020-01-30_22:15:47.706[Status]Routing Start.
2020-01-30_22:15:47.827[Status]{'id': 7, 'coordinate': [1010.6678623380122, 770.5725527577417]}
2020-01-30_22:15:47.827[Status]Routing 89: Walk: 89
2020-01-30_22:15:47.927[Battery Energy]61.26
2020-01-30_22:15:47.927[Status]Routing Start.
2020-01-30_22:15:48.070[Status]{'id': 7, 'coordinate': [1020.5405349485517, 772.1632555977163]}
2020-01-30_22:15:48.070[Status]Routing 90: Walk: 90
2020-01-30_22:15:48.174[Battery Energy]61.05
2020-01-30_22:15:48.174[Status]Routing Start.
2020-01-30_22:15:48.475[Status]{'id': 7, 'coordinate': [1030.4132075590912, 773.753958437691]}
2020-01-30_22:15:48.476[Status]Routing 91: Walk: 91
2020-01-30_22:15:48.580[Battery Energy]60.78
2020-01-30_22:15:48.580[Status]Routing Start.
2020-01-30_22:15:48.706[Status]{'id': 7, 'coordinate': [1040.2858801696307, 775.3446612776656]}
2020-01-30_22:15:48.707[Status]Routing 92: Walk: 92
2020-01-30_22:15:48.814[Battery Energy]60.61
2020-01-30_22:15:48.814[Status]Routing Start.
2020-01-30_22:15:48.979[Status]{'id': 7, 'coordinate': [1050.15855278017, 776.9353641176403]}
2020-01-30_22:15:48.979[Status]Routing 93: Walk: 93
2020-01-30_22:15:49.079[Battery Energy]60.36
2020-01-30_22:15:49.079[Status]Routing Start.
2020-01-30_22:15:49.407[Status]{'id': 7, 'coordinate': [1060.0312253907096, 778.526066957615]}
2020-01-30_22:15:49.407[Status]Routing 94: Walk: 94
2020-01-30_22:15:49.510[Battery Energy]60.02
2020-01-30_22:15:49.510[Status]Routing Start.
2020-01-30_22:15:49.666[Status]{'id': 7, 'coordinate': [1069.903898001249, 780.1167697975897]}
2020-01-30_22:15:49.666[Status]Routing 95: Walk: 95
2020-01-30_22:15:49.778[Battery Energy]59.82
2020-01-30_22:15:49.778[Status]Routing Start.
2020-01-30_22:15:49.913[Status]{'id': 7, 'coordinate': [1079.7765706117884, 781.7074726375643]}
2020-01-30_22:15:49.913[Status]Routing 96: Walk: 96
2020-01-30_22:15:50.018[Battery Energy]59.62
2020-01-30_22:15:50.018[Status]Routing Start.
2020-01-30_22:15:50.298[Status]{'id': 7, 'coordinate': [1089.6492432223279, 783.2981754775388]}
2020-01-30_22:15:50.298[Status]Routing 97: Walk: 97
2020-01-30_22:15:50.406[Battery Energy]59.32
2020-01-30_22:15:50.406[Status]Routing Start.
2020-01-30_22:15:50.717[Status]{'id': 7, 'coordinate': [1099.5219158328673, 784.8888783175136]}
2020-01-30_22:15:50.719[Status]Routing 98: Walk: 98
2020-01-30_22:15:50.819[Battery Energy]58.98
2020-01-30_22:15:50.819[Status]Routing Start.
2020-01-30_22:15:51.126[Status]{'id': 7, 'coordinate': [1109.3945884434067, 786.4795811574882]}
2020-01-30_22:15:51.126[Status]Routing 99: Walk: 99
2020-01-30_22:15:51.230[Battery Energy]58.67
2020-01-30_22:15:51.230[Status]Routing Start.
2020-01-30_22:15:51.479[Status]{'id': 7, 'coordinate': [1119.2672610539462, 788.0702839974629]}
2020-01-30_22:15:51.479[Status]Routing 100: Walk: 100
2020-01-30_22:15:51.582[Battery Energy]58.43
2020-01-30_22:15:51.582[Status]Routing Start.
2020-01-30_22:15:51.870[Status]{'id': 7, 'coordinate': [1129.1399336644856, 789.6609868374375]}
2020-01-30_22:15:51.870[Status]Routing 101: Walk: 101
2020-01-30_22:15:51.978[Battery Energy]58.11
2020-01-30_22:15:51.978[Status]Routing Start.
2020-01-30_22:15:52.269[Status]{'id': 7, 'coordinate': [1139.012606275025, 791.2516896774122]}
2020-01-30_22:15:52.269[Status]Routing 102: Walk: 102
2020-01-30_22:15:52.369[Battery Energy]57.83
2020-01-30_22:15:52.369[Status]Routing Start.
2020-01-30_22:15:52.609[Status]{'id': 7, 'coordinate': [1148.8852788855645, 792.8423925173868]}
2020-01-30_22:15:52.610[Status]Routing 103: Walk: 103
2020-01-30_22:15:52.713[Battery Energy]57.58
2020-01-30_22:15:52.713[Status]Routing Start.
2020-01-30_22:15:53.019[Status]{'id': 7, 'coordinate': [1158.757951496104, 794.4330953573614]}
2020-01-30_22:15:53.019[Status]Routing 104: Walk: 104
2020-01-30_22:15:53.120[Battery Energy]57.24
2020-01-30_22:15:53.120[Status]Routing Start.
2020-01-30_22:15:53.466[Status]{'id': 7, 'coordinate': [1168.6306241066434, 796.0237981973361]}
2020-01-30_22:15:53.466[Status]Routing 105: Walk: 105
2020-01-30_22:15:53.572[Battery Energy]56.88
2020-01-30_22:15:53.572[Status]Routing Start.
2020-01-30_22:15:53.572[Status]Task Finished.
2020-01-30_22:15:53.672[Battery Energy]56.88
2020-01-30_22:15:53.812[Status]Routing 107: Walk: 105
2020-01-30_22:15:53.922[Battery Energy]56.80
2020-01-30_22:15:54.232[Status]Routing 108: Walk: 105
2020-01-30_22:15:54.334[Battery Energy]56.58
2020-01-30_22:15:54.497[Status]Routing 109: Walk: 105
2020-01-30_22:15:54.602[Battery Energy]56.46
2020-01-30_22:15:54.900[Status]Routing 110: Walk: 105
2020-01-30_22:15:55.010[Battery Energy]56.28
2020-01-30_22:15:55.142[Status]Routing 111: Walk: 105
2020-01-30_22:15:55.242[Battery Energy]56.18
2020-01-30_22:15:55.405[Status]Routing 112: Walk: 105
2020-01-30_22:15:55.507[Battery Energy]56.05
2020-01-30_22:15:55.756[Status]Routing 113: Walk: 105
2020-01-30_22:15:55.866[Battery Energy]55.84
2020-01-30_22:15:56.090[Status]Routing 114: Walk: 105
2020-01-30_22:15:56.190[Battery Energy]55.66
2020-01-30_22:15:56.436[Status]Routing 115: Walk: 105
2020-01-30_22:15:56.546[Battery Energy]55.52
2020-01-30_22:15:56.893[Status]Routing 116: Walk: 105
2020-01-30_22:15:56.993[Battery Energy]55.29
2020-01-30_22:15:57.333[Status]Routing 117: Walk: 105
2020-01-30_22:15:57.436[Battery Energy]55.07
2020-01-30_22:15:57.768[Status]Routing 118: Walk: 105
2020-01-30_22:15:57.874[Battery Energy]54.81
2020-01-30_22:15:58.164[Status]Routing 119: Walk: 105
2020-01-30_22:15:58.265[Battery Energy]54.61
2020-01-30_22:15:58.494[Status]Routing 120: Walk: 105
2020-01-30_22:15:58.595[Battery Energy]54.48
2020-01-30_22:15:58.969[Status]Routing 121: Walk: 105
2020-01-30_22:15:59.077[Battery Energy]54.22
2020-01-30_22:15:59.212[Status]Routing 122: Walk: 105
2020-01-30_22:15:59.312[Battery Energy]54.12
2020-01-30_22:15:59.642[Status]Routing 123: Walk: 105
2020-01-30_22:15:59.754[Battery Energy]53.91
2020-01-30_22:15:59.978[Status]Routing 124: Walk: 105
2020-01-30_22:16:00.078[Battery Energy]53.71
2020-01-30_22:16:00.407[Status]Routing 125: Walk: 105
2020-01-30_22:16:00.508[Battery Energy]53.50
2020-01-30_22:16:00.821[Status]Routing 126: Walk: 105
2020-01-30_22:16:00.921[Battery Energy]53.34
2020-01-30_22:16:01.243[Status]Routing 127: Walk: 105
2020-01-30_22:16:01.346[Battery Energy]53.13
2020-01-30_22:16:01.709[Status]Routing 128: Walk: 105
2020-01-30_22:16:01.818[Battery Energy]52.85
2020-01-30_22:16:02.128[Status]Routing 129: Walk: 105
2020-01-30_22:16:02.232[Battery Energy]52.59
2020-01-30_22:16:02.522[Status]Routing 130: Walk: 105
2020-01-30_22:16:02.633[Battery Energy]52.36
2020-01-30_22:16:02.942[Status]Routing 131: Walk: 105
2020-01-30_22:16:03.046[Battery Energy]52.11
2020-01-30_22:16:03.344[Status]Routing 132: Walk: 105
2020-01-30_22:16:03.444[Battery Energy]51.90
2020-01-30_22:16:03.603[Status]Routing 133: Walk: 105
2020-01-30_22:16:03.706[Battery Energy]51.78
2020-01-30_22:16:04.015[Status]Routing 134: Walk: 105
2020-01-30_22:16:04.115[Battery Energy]51.58
2020-01-30_22:16:04.273[Status]Routing 135: Walk: 105
2020-01-30_22:16:04.373[Battery Energy]51.47
2020-01-30_22:16:04.708[Status]Routing 136: Walk: 105
2020-01-30_22:16:04.822[Battery Energy]51.22
2020-01-30_22:16:05.119[Status]Routing 137: Walk: 105
2020-01-30_22:16:05.222[Battery Energy]51.02
2020-01-30_22:16:05.585[Status]Routing 138: Walk: 105
2020-01-30_22:16:05.691[Battery Energy]50.77
2020-01-30_22:16:06.010[Status]Routing 139: Walk: 105
2020-01-30_22:16:06.111[Battery Energy]50.53
2020-01-30_22:16:06.425[Status]Routing 140: Walk: 105
2020-01-30_22:16:06.531[Battery Energy]50.27
2020-01-30_22:16:06.708[Status]Routing 141: Walk: 105
2020-01-30_22:16:06.811[Battery Energy]50.14
2020-01-30_22:16:06.953[Status]Routing 142: Walk: 105
2020-01-30_22:16:07.053[Battery Energy]50.05
2020-01-30_22:16:07.270[Status]Routing 143: Walk: 105
2020-01-30_22:16:07.378[Battery Energy]49.91
2020-01-30_22:16:07.581[Status]Routing 144: Walk: 105
2020-01-30_22:16:07.681[Battery Energy]49.74
2020-01-30_22:16:07.839[Status]Routing 145: Walk: 105
2020-01-30_22:16:07.950[Battery Energy]49.61
2020-01-30_22:16:08.086[Status]Routing 146: Walk: 105
2020-01-30_22:16:08.186[Battery Energy]49.52
2020-01-30_22:16:08.353[Status]Routing 147: Walk: 105
2020-01-30_22:16:08.461[Battery Energy]49.38
2020-01-30_22:16:08.596[Status]Routing 148: Walk: 105
2020-01-30_22:16:08.699[Battery Energy]49.28
2020-01-30_22:16:08.829[Status]Routing 149: Walk: 105
2020-01-30_22:16:08.931[Battery Energy]49.17
2020-01-30_22:16:09.105[Status]Routing 150: Walk: 105
2020-01-30_22:16:09.206[Battery Energy]49.06
2020-01-30_22:16:09.417[Status]Routing 151: Walk: 105
2020-01-30_22:16:09.529[Battery Energy]48.92
2020-01-30_22:16:09.649[Status]Routing 152: Walk: 105
2020-01-30_22:16:09.750[Battery Energy]48.81
2020-01-30_22:16:09.913[Status]Routing 153: Walk: 105
2020-01-30_22:16:10.013[Battery Energy]48.72
2020-01-30_22:16:10.183[Status]Routing 154: Walk: 105
2020-01-30_22:16:10.294[Battery Energy]48.56
2020-01-30_22:16:10.430[Status]Routing 155: Walk: 105
2020-01-30_22:16:10.534[Battery Energy]48.46
2020-01-30_22:16:10.670[Status]Routing 156: Walk: 105
2020-01-30_22:16:10.782[Battery Energy]48.36
2020-01-30_22:16:10.952[Status]Routing 157: Walk: 105
2020-01-30_22:16:11.062[Battery Energy]48.20
2020-01-30_22:16:11.190[Status]Routing 158: Walk: 105
2020-01-30_22:16:11.304[Battery Energy]48.11
2020-01-30_22:16:11.456[Status]Routing 159: Walk: 105
2020-01-30_22:16:11.559[Battery Energy]47.99
2020-01-30_22:16:11.708[Status]Routing 160: Walk: 105
2020-01-30_22:16:11.814[Battery Energy]47.85
2020-01-30_22:16:11.981[Status]Routing 161: Walk: 105
2020-01-30_22:16:12.089[Battery Energy]47.72
2020-01-30_22:16:12.226[Status]Routing 162: Walk: 105
2020-01-30_22:16:12.334[Battery Energy]47.64
2020-01-30_22:16:12.474[Status]Routing 163: Walk: 105
2020-01-30_22:16:12.590[Battery Energy]47.51
2020-01-30_22:16:12.738[Status]Routing 164: Walk: 105
2020-01-30_22:16:12.854[Battery Energy]47.37
2020-01-30_22:16:12.993[Status]Routing 165: Walk: 105
2020-01-30_22:16:13.094[Battery Energy]47.26
2020-01-30_22:16:13.229[Status]Routing 166: Walk: 105
2020-01-30_22:16:13.335[Battery Energy]47.16
2020-01-30_22:16:13.477[Status]Routing 167: Walk: 105
2020-01-30_22:16:13.582[Battery Energy]47.05
2020-01-30_22:16:13.731[Status]Routing 168: Walk: 105
2020-01-30_22:16:13.838[Battery Energy]46.92
2020-01-30_22:16:13.979[Status]Routing 169: Walk: 105
2020-01-30_22:16:14.086[Battery Energy]46.82
2020-01-30_22:16:14.215[Status]Routing 170: Walk: 105
2020-01-30_22:16:14.315[Battery Energy]46.72
2020-01-30_22:16:14.475[Status]Routing 171: Walk: 105
2020-01-30_22:16:14.575[Battery Energy]46.59
2020-01-30_22:16:14.707[Status]Routing 172: Walk: 105
2020-01-30_22:16:14.809[Battery Energy]46.50
2020-01-30_22:16:14.938[Status]Routing 173: Walk: 105
2020-01-30_22:16:15.039[Battery Energy]46.39
2020-01-30_22:16:15.192[Status]Routing 174: Walk: 105
2020-01-30_22:16:15.302[Battery Energy]46.29
2020-01-30_22:16:15.459[Status]Routing 175: Walk: 105
2020-01-30_22:16:15.570[Battery Energy]46.20
2020-01-30_22:16:15.723[Status]Routing 176: Walk: 105
2020-01-30_22:16:15.823[Battery Energy]46.07
2020-01-30_22:16:15.979[Status]Routing 177: Walk: 105
2020-01-30_22:16:16.079[Battery Energy]45.96
2020-01-30_22:16:16.215[Status]Routing 178: Walk: 105
2020-01-30_22:16:16.318[Battery Energy]45.87
2020-01-30_22:16:16.468[Status]Routing 179: Walk: 105
2020-01-30_22:16:16.582[Battery Energy]45.78
2020-01-30_22:16:16.767[Status]Routing 180: Walk: 105
2020-01-30_22:16:16.874[Battery Energy]45.67
2020-01-30_22:16:17.024[Status]Routing 181: Walk: 105
2020-01-30_22:16:17.134[Battery Energy]45.56
2020-01-30_22:16:17.275[Status]Routing 182: Walk: 105
2020-01-30_22:16:17.386[Battery Energy]45.45
