2020-01-30_22:15:06.110[Status]Start.
2020-01-30_22:15:06.111[Battery Energy]92.00
2020-01-30_22:15:07.212[Battery Energy]91.96
2020-01-30_22:15:08.313[Battery Energy]91.92
2020-01-30_22:15:09.414[Battery Energy]91.88
2020-01-30_22:15:10.515[Battery Energy]91.84
2020-01-30_22:15:11.616[Task]A New Task Released.
2020-01-30_22:15:11.617[Battery Energy]91.80
2020-01-30_22:15:11.617[Status]Selection Start.
2020-01-30_22:15:16.610[Status]Selection End: Do Task 1.
2020-01-30_22:15:16.710[Battery Energy]88.57
2020-01-30_22:15:16.710[Status]Formation Start.
2020-01-30_22:15:16.841[Status]number of tasks is 7
2020-01-30_22:15:16.841[Status]my group tasks is [ 1262.34898019   621.81685175]
2020-01-30_22:15:16.858[Status]my group tasks is [ 1300.   700.]
2020-01-30_22:15:16.867[Status]my group tasks is [ 1262.34898019   778.18314825]
2020-01-30_22:15:16.877[Status]my group tasks is [ 1177.7479066    797.49279122]
2020-01-30_22:15:16.880[Status]my group tasks is [ 1109.90311321   743.38837391]
2020-01-30_22:15:16.885[Status]my group tasks is [ 1109.90311321   656.61162609]
2020-01-30_22:15:16.889[Status]my group tasks is [ 1177.7479066    602.50720878]
2020-01-30_22:15:16.947[Status]mygroup_robots_utility is {16: [30.56835704403303, 25.299183840168816, 14.72666162457653, 27.048180529453713, 12.612663284472738, 13.431171225350475, 14.639804404410512], 1: [16.727955636670927, 17.065808981284388, 14.768695116600714, 32.204680464681665, 28.0873088611228, 14.308664259946777, 15.436422389593348], 2: [16.623629957334604, 17.334537282789743, 18.016170429416512, 31.799451651263656, 18.378599502796316, 30.821480439323018, 15.124262032187888], 5: [16.845344210241976, 17.169025177199238, 17.703205228013434, 15.445772915083445, 29.156834776633435, 14.71429090279644, 31.578514744905807], 6: [32.327955155922346, 14.328647542832524, 15.598281633210082, 13.330155978594297, 13.390169566191387, 14.177373739652111, 15.456444474477236], 7: [16.145658689177374, 18.797617916605894, 34.67209963142809, 17.565549531480364, 15.515926816488093, 18.67998144876231, 15.988535756547526], 12: [16.292113125710237, 17.443596351935888, 32.24203287405172, 14.859877698695687, 17.356339662254854, 28.80861009560241, 14.977537102229327]}
2020-01-30_22:15:16.947[Status]self.local_queue is [2, 1, 5, 7, 6, 12, 16]
2020-01-30_22:15:16.947[Status]task_chosen index is 3
2020-01-30_22:15:16.947[Status]task_chosen index is 4
2020-01-30_22:15:16.947[Status]task_chosen index is 6
2020-01-30_22:15:16.947[Status]task_chosen index is 2
2020-01-30_22:15:16.947[Status]task_chosen index is 0
2020-01-30_22:15:16.947[Status]task_chosen index is 5
2020-01-30_22:15:16.947[Status]task_chosen index is 1
2020-01-30_22:15:16.947[Status]myindex_in_queue is 1
2020-01-30_22:15:16.947[Status]task destination is [1262.3489801858734, 778.183148246803]
2020-01-30_22:15:17.048[Battery Energy]88.40
2020-01-30_22:15:17.048[Status]Routing Start.
2020-01-30_22:15:17.190[Status]{'id': 16, 'coordinate': [71.70783494649626, 105.91666660905318]}
2020-01-30_22:15:17.191[Status]Routing 1: Walk: 1
2020-01-30_22:15:17.302[Battery Energy]88.18
2020-01-30_22:15:17.302[Status]Routing Start.
2020-01-30_22:15:17.440[Status]{'id': 16, 'coordinate': [80.41566989299253, 110.83333321810636]}
2020-01-30_22:15:17.440[Status]Routing 2: Walk: 2
2020-01-30_22:15:17.540[Battery Energy]87.97
2020-01-30_22:15:17.540[Status]Routing Start.
2020-01-30_22:15:17.705[Status]{'id': 16, 'coordinate': [89.12350483948879, 115.74999982715954]}
2020-01-30_22:15:17.705[Status]Routing 3: Walk: 3
2020-01-30_22:15:17.805[Battery Energy]87.76
2020-01-30_22:15:17.805[Status]Routing Start.
2020-01-30_22:15:17.943[Status]{'id': 16, 'coordinate': [97.83133978598505, 120.66666643621272]}
2020-01-30_22:15:17.943[Status]Routing 4: Walk: 4
2020-01-30_22:15:18.047[Battery Energy]87.55
2020-01-30_22:15:18.047[Status]Routing Start.
2020-01-30_22:15:18.221[Status]{'id': 16, 'coordinate': [106.53917473248131, 125.5833330452659]}
2020-01-30_22:15:18.221[Status]Routing 5: Walk: 5
2020-01-30_22:15:18.322[Battery Energy]87.31
2020-01-30_22:15:18.322[Status]Routing Start.
2020-01-30_22:15:18.666[Status]{'id': 16, 'coordinate': [115.24700967897758, 130.49999965431908]}
2020-01-30_22:15:18.666[Status]Routing 6: Walk: 6
2020-01-30_22:15:18.767[Battery Energy]86.95
2020-01-30_22:15:18.767[Status]Routing Start.
2020-01-30_22:15:18.904[Status]{'id': 16, 'coordinate': [123.95484462547384, 135.41666626337226]}
2020-01-30_22:15:18.904[Status]Routing 7: Walk: 7
2020-01-30_22:15:19.006[Battery Energy]86.74
2020-01-30_22:15:19.006[Status]Routing Start.
2020-01-30_22:15:19.283[Status]{'id': 16, 'coordinate': [132.6626795719701, 140.33333287242544]}
2020-01-30_22:15:19.283[Status]Routing 8: Walk: 8
2020-01-30_22:15:19.385[Battery Energy]86.42
2020-01-30_22:15:19.386[Status]Routing Start.
2020-01-30_22:15:19.675[Status]{'id': 16, 'coordinate': [141.37051451846636, 145.24999948147862]}
2020-01-30_22:15:19.675[Status]Routing 9: Walk: 9
2020-01-30_22:15:19.786[Battery Energy]86.11
2020-01-30_22:15:19.786[Status]Routing Start.
2020-01-30_22:15:20.230[Status]{'id': 16, 'coordinate': [138.64713105396706, 154.8720149930693]}
2020-01-30_22:15:20.230[Status]Routing 10: Walk: 10
2020-01-30_22:15:20.331[Battery Energy]85.67
2020-01-30_22:15:20.331[Status]Routing Start.
2020-01-30_22:15:20.609[Status]{'id': 16, 'coordinate': [131.48617133285055, 161.85203332202425]}
2020-01-30_22:15:20.609[Status]Routing 11: Walk: 11
2020-01-30_22:15:20.709[Battery Energy]85.36
2020-01-30_22:15:20.709[Status]Routing Start.
2020-01-30_22:15:21.037[Status]{'id': 16, 'coordinate': [123.03411183924145, 167.1964407088626]}
2020-01-30_22:15:21.038[Status]Routing 12: Walk: 12
2020-01-30_22:15:21.140[Battery Energy]84.99
2020-01-30_22:15:21.140[Status]Routing Start.
2020-01-30_22:15:21.293[Status]{'id': 16, 'coordinate': [131.8468517961808, 171.92249767544317]}
2020-01-30_22:15:21.293[Status]Routing 13: Walk: 13
2020-01-30_22:15:21.402[Battery Energy]84.78
2020-01-30_22:15:21.402[Status]Routing Start.
2020-01-30_22:15:21.722[Status]{'id': 16, 'coordinate': [140.65959175312014, 176.64855464202373]}
2020-01-30_22:15:21.723[Status]Routing 14: Walk: 14
2020-01-30_22:15:21.834[Battery Energy]84.44
2020-01-30_22:15:21.834[Status]Routing Start.
2020-01-30_22:15:22.151[Status]{'id': 16, 'coordinate': [149.47233171005948, 181.37461160860428]}
2020-01-30_22:15:22.151[Status]Routing 15: Walk: 15
2020-01-30_22:15:22.262[Battery Energy]84.08
2020-01-30_22:15:22.262[Status]Routing Start.
2020-01-30_22:15:22.542[Status]{'id': 16, 'coordinate': [158.28507166699882, 186.10066857518484]}
2020-01-30_22:15:22.544[Status]Routing 16: Walk: 16
2020-01-30_22:15:22.644[Battery Energy]83.80
2020-01-30_22:15:22.644[Status]Routing Start.
2020-01-30_22:15:22.982[Status]{'id': 16, 'coordinate': [167.09781162393816, 190.8267255417654]}
2020-01-30_22:15:22.982[Status]Routing 17: Walk: 17
2020-01-30_22:15:23.090[Battery Energy]83.47
2020-01-30_22:15:23.090[Status]Routing Start.
2020-01-30_22:15:23.408[Status]{'id': 16, 'coordinate': [175.9105515808775, 195.55278250834596]}
2020-01-30_22:15:23.408[Status]Routing 18: Walk: 18
2020-01-30_22:15:23.513[Battery Energy]83.14
2020-01-30_22:15:23.513[Status]Routing Start.
2020-01-30_22:15:23.801[Status]{'id': 16, 'coordinate': [184.72329153781683, 200.2788394749265]}
2020-01-30_22:15:23.801[Status]Routing 19: Walk: 19
2020-01-30_22:15:23.901[Battery Energy]82.83
2020-01-30_22:15:23.901[Status]Routing Start.
2020-01-30_22:15:24.208[Status]{'id': 16, 'coordinate': [193.53603149475617, 205.00489644150707]}
2020-01-30_22:15:24.208[Status]Routing 20: Walk: 20
2020-01-30_22:15:24.322[Battery Energy]82.50
2020-01-30_22:15:24.322[Status]Routing Start.
2020-01-30_22:15:24.676[Status]{'id': 16, 'coordinate': [202.3487714516955, 209.73095340808763]}
2020-01-30_22:15:24.676[Status]Routing 21: Walk: 21
2020-01-30_22:15:24.777[Battery Energy]82.16
2020-01-30_22:15:24.777[Status]Routing Start.
2020-01-30_22:15:24.911[Status]{'id': 16, 'coordinate': [211.16151140863485, 214.4570103746682]}
2020-01-30_22:15:24.913[Status]Routing 22: Walk: 22
2020-01-30_22:15:25.017[Battery Energy]81.96
2020-01-30_22:15:25.017[Status]Routing Start.
2020-01-30_22:15:25.291[Status]{'id': 16, 'coordinate': [219.9742513655742, 219.18306734124874]}
2020-01-30_22:15:25.291[Status]Routing 23: Walk: 23
2020-01-30_22:15:25.398[Battery Energy]81.67
2020-01-30_22:15:25.398[Status]Routing Start.
2020-01-30_22:15:25.705[Status]{'id': 16, 'coordinate': [228.78699132251353, 223.9091243078293]}
2020-01-30_22:15:25.705[Status]Routing 24: Walk: 24
2020-01-30_22:15:25.810[Battery Energy]81.37
2020-01-30_22:15:25.810[Status]Routing Start.
2020-01-30_22:15:26.112[Status]{'id': 16, 'coordinate': [237.59973127945287, 228.63518127440986]}
2020-01-30_22:15:26.112[Status]Routing 25: Walk: 25
2020-01-30_22:15:26.212[Battery Energy]81.07
2020-01-30_22:15:26.212[Status]Routing Start.
2020-01-30_22:15:26.513[Status]{'id': 16, 'coordinate': [246.4124712363922, 233.36123824099042]}
2020-01-30_22:15:26.513[Status]Routing 26: Walk: 26
2020-01-30_22:15:26.613[Battery Energy]80.77
2020-01-30_22:15:26.613[Status]Routing Start.
2020-01-30_22:15:26.946[Status]{'id': 16, 'coordinate': [255.22521119333155, 238.08729520757097]}
2020-01-30_22:15:26.946[Status]Routing 27: Walk: 27
2020-01-30_22:15:27.050[Battery Energy]80.43
2020-01-30_22:15:27.050[Status]Routing Start.
2020-01-30_22:15:27.356[Status]{'id': 16, 'coordinate': [264.0379511502709, 242.81335217415153]}
2020-01-30_22:15:27.356[Status]Routing 28: Walk: 28
2020-01-30_22:15:27.466[Battery Energy]80.12
2020-01-30_22:15:27.466[Status]Routing Start.
2020-01-30_22:15:27.746[Status]{'id': 16, 'coordinate': [272.85069110721025, 247.5394091407321]}
2020-01-30_22:15:27.747[Status]Routing 29: Walk: 29
2020-01-30_22:15:27.847[Battery Energy]79.81
2020-01-30_22:15:27.847[Status]Routing Start.
2020-01-30_22:15:28.140[Status]{'id': 16, 'coordinate': [281.6634310641496, 252.26546610731265]}
2020-01-30_22:15:28.140[Status]Routing 30: Walk: 30
2020-01-30_22:15:28.241[Battery Energy]79.47
2020-01-30_22:15:28.241[Status]Routing Start.
2020-01-30_22:15:28.571[Status]{'id': 16, 'coordinate': [290.476171021089, 256.99152307389323]}
2020-01-30_22:15:28.573[Status]Routing 31: Walk: 31
2020-01-30_22:15:28.682[Battery Energy]79.15
2020-01-30_22:15:28.682[Status]Routing Start.
2020-01-30_22:15:29.013[Status]{'id': 16, 'coordinate': [299.28891097802835, 261.7175800404738]}
2020-01-30_22:15:29.013[Status]Routing 32: Walk: 32
2020-01-30_22:15:29.122[Battery Energy]78.80
2020-01-30_22:15:29.122[Status]Routing Start.
2020-01-30_22:15:29.466[Status]{'id': 16, 'coordinate': [308.1016509349677, 266.4436370070544]}
2020-01-30_22:15:29.466[Status]Routing 33: Walk: 33
2020-01-30_22:15:29.570[Battery Energy]78.49
2020-01-30_22:15:29.570[Status]Routing Start.
2020-01-30_22:15:29.881[Status]{'id': 16, 'coordinate': [316.9143908919071, 271.169693973635]}
2020-01-30_22:15:29.881[Status]Routing 34: Walk: 34
2020-01-30_22:15:29.981[Battery Energy]78.16
2020-01-30_22:15:29.981[Status]Routing Start.
2020-01-30_22:15:30.311[Status]{'id': 16, 'coordinate': [325.72713084884646, 275.8957509402156]}
2020-01-30_22:15:30.311[Status]Routing 35: Walk: 35
2020-01-30_22:15:30.414[Battery Energy]77.82
2020-01-30_22:15:30.414[Status]Routing Start.
2020-01-30_22:15:30.731[Status]{'id': 16, 'coordinate': [334.5398708057858, 280.62180790679616]}
2020-01-30_22:15:30.731[Status]Routing 36: Walk: 36
2020-01-30_22:15:30.838[Battery Energy]77.51
2020-01-30_22:15:30.838[Status]Routing Start.
2020-01-30_22:15:31.112[Status]{'id': 16, 'coordinate': [343.3526107627252, 285.34786487337675]}
2020-01-30_22:15:31.113[Status]Routing 37: Walk: 37
2020-01-30_22:15:31.214[Battery Energy]77.20
2020-01-30_22:15:31.214[Status]Routing Start.
2020-01-30_22:15:31.522[Status]{'id': 16, 'coordinate': [352.16535071966456, 290.07392183995734]}
2020-01-30_22:15:31.522[Status]Routing 38: Walk: 38
2020-01-30_22:15:31.622[Battery Energy]76.91
2020-01-30_22:15:31.622[Status]Routing Start.
2020-01-30_22:15:31.925[Status]{'id': 16, 'coordinate': [360.9780906766039, 294.7999788065379]}
2020-01-30_22:15:31.925[Status]Routing 39: Walk: 39
2020-01-30_22:15:32.034[Battery Energy]76.60
2020-01-30_22:15:32.034[Status]Routing Start.
2020-01-30_22:15:32.335[Status]{'id': 16, 'coordinate': [369.7908306335433, 299.5260357731185]}
2020-01-30_22:15:32.335[Status]Routing 40: Walk: 40
2020-01-30_22:15:32.436[Battery Energy]76.27
2020-01-30_22:15:32.436[Status]Routing Start.
2020-01-30_22:15:32.763[Status]{'id': 16, 'coordinate': [378.60357059048266, 304.2520927396991]}
2020-01-30_22:15:32.763[Status]Routing 41: Walk: 41
2020-01-30_22:15:32.866[Battery Energy]75.94
2020-01-30_22:15:32.866[Status]Routing Start.
2020-01-30_22:15:33.197[Status]{'id': 16, 'coordinate': [387.41631054742203, 308.9781497062797]}
2020-01-30_22:15:33.197[Status]Routing 42: Walk: 42
2020-01-30_22:15:33.308[Battery Energy]75.65
2020-01-30_22:15:33.308[Status]Routing Start.
2020-01-30_22:15:33.608[Status]{'id': 16, 'coordinate': [396.2290505043614, 313.70420667286027]}
2020-01-30_22:15:33.608[Status]Routing 43: Walk: 43
2020-01-30_22:15:33.714[Battery Energy]75.36
2020-01-30_22:15:33.715[Status]Routing Start.
2020-01-30_22:15:34.025[Status]{'id': 16, 'coordinate': [405.04179046130076, 318.43026363944085]}
2020-01-30_22:15:34.025[Status]Routing 44: Walk: 44
2020-01-30_22:15:34.134[Battery Energy]75.05
2020-01-30_22:15:34.134[Status]Routing Start.
2020-01-30_22:15:34.441[Status]{'id': 16, 'coordinate': [413.85453041824013, 323.15632060602144]}
2020-01-30_22:15:34.441[Status]Routing 45: Walk: 45
2020-01-30_22:15:34.541[Battery Energy]74.75
2020-01-30_22:15:34.541[Status]Routing Start.
2020-01-30_22:15:34.687[Status]{'id': 16, 'coordinate': [422.6672703751795, 327.882377572602]}
2020-01-30_22:15:34.694[Status]Routing 46: Walk: 46
2020-01-30_22:15:34.795[Battery Energy]74.53
2020-01-30_22:15:34.795[Status]Routing Start.
2020-01-30_22:15:35.270[Status]{'id': 16, 'coordinate': [420.6618827760245, 337.6792352615325]}
2020-01-30_22:15:35.271[Status]Routing 47: Walk: 47
2020-01-30_22:15:35.371[Battery Energy]74.05
2020-01-30_22:15:35.371[Status]Routing Start.
2020-01-30_22:15:35.517[Status]{'id': 16, 'coordinate': [429.5218408738595, 342.31616770708405]}
2020-01-30_22:15:35.517[Status]Routing 48: Walk: 48
2020-01-30_22:15:35.630[Battery Energy]73.84
2020-01-30_22:15:35.630[Status]Routing Start.
2020-01-30_22:15:35.864[Status]{'id': 16, 'coordinate': [438.3817989716945, 346.9531001526356]}
2020-01-30_22:15:35.864[Status]Routing 49: Walk: 49
2020-01-30_22:15:35.964[Battery Energy]73.56
2020-01-30_22:15:35.964[Status]Routing Start.
2020-01-30_22:15:36.105[Status]{'id': 16, 'coordinate': [447.24175706952946, 351.5900325981872]}
2020-01-30_22:15:36.105[Status]Routing 50: Walk: 50
2020-01-30_22:15:36.206[Battery Energy]73.33
2020-01-30_22:15:36.206[Status]Routing Start.
2020-01-30_22:15:36.452[Status]{'id': 16, 'coordinate': [456.10171516736443, 356.22696504373874]}
2020-01-30_22:15:36.452[Status]Routing 51: Walk: 51
2020-01-30_22:15:36.552[Battery Energy]73.07
2020-01-30_22:15:36.552[Status]Routing Start.
2020-01-30_22:15:36.716[Status]{'id': 16, 'coordinate': [464.9616732651994, 360.8638974892903]}
2020-01-30_22:15:36.716[Status]Routing 52: Walk: 52
2020-01-30_22:15:36.823[Battery Energy]72.86
2020-01-30_22:15:36.823[Status]Routing Start.
2020-01-30_22:15:36.955[Status]{'id': 16, 'coordinate': [473.8216313630344, 365.5008299348419]}
2020-01-30_22:15:36.955[Status]Routing 53: Walk: 53
2020-01-30_22:15:37.059[Battery Energy]72.67
2020-01-30_22:15:37.059[Status]Routing Start.
2020-01-30_22:15:37.213[Status]{'id': 16, 'coordinate': [482.68158946086936, 370.13776238039344]}
2020-01-30_22:15:37.219[Status]Routing 54: Walk: 54
2020-01-30_22:15:37.334[Battery Energy]72.46
2020-01-30_22:15:37.334[Status]Routing Start.
2020-01-30_22:15:37.481[Status]{'id': 16, 'coordinate': [491.54154755870434, 374.774694825945]}
2020-01-30_22:15:37.481[Status]Routing 55: Walk: 55
2020-01-30_22:15:37.581[Battery Energy]72.28
2020-01-30_22:15:37.581[Status]Routing Start.
2020-01-30_22:15:37.737[Status]{'id': 16, 'coordinate': [500.4015056565393, 379.41162727149657]}
2020-01-30_22:15:37.737[Status]Routing 56: Walk: 56
2020-01-30_22:15:37.837[Battery Energy]72.08
2020-01-30_22:15:37.837[Status]Routing Start.
2020-01-30_22:15:38.138[Status]{'id': 16, 'coordinate': [509.2614637543743, 384.04855971704814]}
2020-01-30_22:15:38.138[Status]Routing 57: Walk: 57
2020-01-30_22:15:38.239[Battery Energy]71.78
2020-01-30_22:15:38.239[Status]Routing Start.
2020-01-30_22:15:38.539[Status]{'id': 16, 'coordinate': [518.1214218522092, 388.6854921625997]}
2020-01-30_22:15:38.539[Status]Routing 58: Walk: 58
2020-01-30_22:15:38.641[Battery Energy]71.46
2020-01-30_22:15:38.641[Status]Routing Start.
2020-01-30_22:15:38.929[Status]{'id': 16, 'coordinate': [526.9813799500441, 393.32242460815127]}
2020-01-30_22:15:38.930[Status]Routing 59: Walk: 59
2020-01-30_22:15:39.034[Battery Energy]71.16
2020-01-30_22:15:39.034[Status]Routing Start.
2020-01-30_22:15:39.313[Status]{'id': 16, 'coordinate': [535.841338047879, 397.95935705370283]}
2020-01-30_22:15:39.313[Status]Routing 60: Walk: 60
2020-01-30_22:15:39.426[Battery Energy]70.84
2020-01-30_22:15:39.426[Status]Routing Start.
2020-01-30_22:15:39.572[Status]{'id': 16, 'coordinate': [544.701296145714, 402.5962894992544]}
2020-01-30_22:15:39.572[Status]Routing 61: Walk: 61
2020-01-30_22:15:39.690[Battery Energy]70.63
2020-01-30_22:15:39.690[Status]Routing Start.
2020-01-30_22:15:39.956[Status]{'id': 16, 'coordinate': [553.5612542435489, 407.23322194480596]}
2020-01-30_22:15:39.956[Status]Routing 62: Walk: 62
2020-01-30_22:15:40.056[Battery Energy]70.27
2020-01-30_22:15:40.056[Status]Routing Start.
2020-01-30_22:15:40.181[Status]{'id': 16, 'coordinate': [562.4212123413838, 411.8701543903575]}
2020-01-30_22:15:40.181[Status]Routing 63: Walk: 63
2020-01-30_22:15:40.286[Battery Energy]70.06
2020-01-30_22:15:40.286[Status]Routing Start.
2020-01-30_22:15:40.427[Status]{'id': 16, 'coordinate': [571.2811704392187, 416.5070868359091]}
2020-01-30_22:15:40.427[Status]Routing 64: Walk: 64
2020-01-30_22:15:40.527[Battery Energy]69.85
2020-01-30_22:15:40.527[Status]Routing Start.
2020-01-30_22:15:40.661[Status]{'id': 16, 'coordinate': [580.1411285370536, 421.14401928146066]}
2020-01-30_22:15:40.662[Status]Routing 65: Walk: 65
2020-01-30_22:15:40.762[Battery Energy]69.63
2020-01-30_22:15:40.762[Status]Routing Start.
2020-01-30_22:15:41.044[Status]{'id': 16, 'coordinate': [589.0010866348886, 425.7809517270122]}
2020-01-30_22:15:41.044[Status]Routing 66: Walk: 66
2020-01-30_22:15:41.144[Battery Energy]69.33
2020-01-30_22:15:41.144[Status]Routing Start.
2020-01-30_22:15:41.295[Status]{'id': 16, 'coordinate': [597.8610447327235, 430.4178841725638]}
2020-01-30_22:15:41.295[Status]Routing 67: Walk: 67
2020-01-30_22:15:41.402[Battery Energy]69.15
2020-01-30_22:15:41.402[Status]Routing Start.
2020-01-30_22:15:41.547[Status]{'id': 16, 'coordinate': [606.7210028305584, 435.05481661811535]}
2020-01-30_22:15:41.547[Status]Routing 68: Walk: 68
2020-01-30_22:15:41.654[Battery Energy]68.96
2020-01-30_22:15:41.654[Status]Routing Start.
2020-01-30_22:15:41.781[Status]{'id': 16, 'coordinate': [615.5809609283933, 439.6917490636669]}
2020-01-30_22:15:41.781[Status]Routing 69: Walk: 69
2020-01-30_22:15:41.898[Battery Energy]68.76
2020-01-30_22:15:41.898[Status]Routing Start.
2020-01-30_22:15:42.053[Status]{'id': 16, 'coordinate': [624.4409190262282, 444.3286815092185]}
2020-01-30_22:15:42.053[Status]Routing 70: Walk: 70
2020-01-30_22:15:42.166[Battery Energy]68.57
2020-01-30_22:15:42.166[Status]Routing Start.
2020-01-30_22:15:42.305[Status]{'id': 16, 'coordinate': [633.3008771240632, 448.96561395477005]}
2020-01-30_22:15:42.305[Status]Routing 71: Walk: 71
2020-01-30_22:15:42.417[Battery Energy]68.37
2020-01-30_22:15:42.417[Status]Routing Start.
2020-01-30_22:15:42.542[Status]{'id': 16, 'coordinate': [642.1608352218981, 453.6025464003216]}
2020-01-30_22:15:42.542[Status]Routing 72: Walk: 72
2020-01-30_22:15:42.654[Battery Energy]68.18
2020-01-30_22:15:42.654[Status]Routing Start.
2020-01-30_22:15:42.785[Status]{'id': 16, 'coordinate': [651.020793319733, 458.2394788458732]}
2020-01-30_22:15:42.785[Status]Routing 73: Walk: 73
2020-01-30_22:15:42.890[Battery Energy]67.97
2020-01-30_22:15:42.890[Status]Routing Start.
2020-01-30_22:15:43.072[Status]{'id': 16, 'coordinate': [659.8807514175679, 462.87641129142474]}
2020-01-30_22:15:43.072[Status]Routing 74: Walk: 74
2020-01-30_22:15:43.178[Battery Energy]67.76
2020-01-30_22:15:43.178[Status]Routing Start.
2020-01-30_22:15:43.444[Status]{'id': 16, 'coordinate': [668.7407095154028, 467.5133437369763]}
2020-01-30_22:15:43.445[Status]Routing 75: Walk: 75
2020-01-30_22:15:43.552[Battery Energy]67.45
2020-01-30_22:15:43.552[Status]Routing Start.
2020-01-30_22:15:43.690[Status]{'id': 16, 'coordinate': [677.6006676132378, 472.1502761825279]}
2020-01-30_22:15:43.691[Status]Routing 76: Walk: 76
2020-01-30_22:15:43.802[Battery Energy]67.25
2020-01-30_22:15:43.802[Status]Routing Start.
2020-01-30_22:15:43.945[Status]{'id': 16, 'coordinate': [686.4606257110727, 476.78720862807944]}
2020-01-30_22:15:43.945[Status]Routing 77: Walk: 77
2020-01-30_22:15:44.054[Battery Energy]67.05
2020-01-30_22:15:44.054[Status]Routing Start.
2020-01-30_22:15:44.189[Status]{'id': 16, 'coordinate': [695.3205838089076, 481.424141073631]}
2020-01-30_22:15:44.189[Status]Routing 78: Walk: 78
2020-01-30_22:15:44.298[Battery Energy]66.84
2020-01-30_22:15:44.298[Status]Routing Start.
2020-01-30_22:15:44.457[Status]{'id': 16, 'coordinate': [704.1805419067425, 486.0610735191825]}
2020-01-30_22:15:44.457[Status]Routing 79: Walk: 79
2020-01-30_22:15:44.557[Battery Energy]66.64
2020-01-30_22:15:44.557[Status]Routing Start.
2020-01-30_22:15:44.841[Status]{'id': 16, 'coordinate': [713.0405000045774, 490.6980059647341]}
2020-01-30_22:15:44.841[Status]Routing 80: Walk: 80
2020-01-30_22:15:44.941[Battery Energy]66.39
2020-01-30_22:15:44.941[Status]Routing Start.
2020-01-30_22:15:45.255[Status]{'id': 16, 'coordinate': [721.9004581024124, 495.3349384102856]}
2020-01-30_22:15:45.256[Status]Routing 81: Walk: 81
2020-01-30_22:15:45.356[Battery Energy]66.08
2020-01-30_22:15:45.356[Status]Routing Start.
2020-01-30_22:15:45.656[Status]{'id': 16, 'coordinate': [730.7604162002473, 499.9718708558371]}
2020-01-30_22:15:45.657[Status]Routing 82: Walk: 82
2020-01-30_22:15:45.774[Battery Energy]65.79
2020-01-30_22:15:45.774[Status]Routing Start.
2020-01-30_22:15:46.025[Status]{'id': 16, 'coordinate': [739.6203742980822, 504.6088033013886]}
2020-01-30_22:15:46.028[Status]Routing 83: Walk: 83
2020-01-30_22:15:46.128[Battery Energy]65.51
2020-01-30_22:15:46.128[Status]Routing Start.
2020-01-30_22:15:46.441[Status]{'id': 16, 'coordinate': [748.4803323959171, 509.2457357469401]}
2020-01-30_22:15:46.441[Status]Routing 84: Walk: 84
2020-01-30_22:15:46.541[Battery Energy]65.19
2020-01-30_22:15:46.541[Status]Routing Start.
2020-01-30_22:15:46.693[Status]{'id': 16, 'coordinate': [757.340290493752, 513.8826681924917]}
2020-01-30_22:15:46.693[Status]Routing 85: Walk: 85
2020-01-30_22:15:46.808[Battery Energy]65.00
2020-01-30_22:15:46.808[Status]Routing Start.
2020-01-30_22:15:46.942[Status]{'id': 16, 'coordinate': [766.200248591587, 518.5196006380432]}
2020-01-30_22:15:46.942[Status]Routing 86: Walk: 86
2020-01-30_22:15:47.042[Battery Energy]64.81
2020-01-30_22:15:47.042[Status]Routing Start.
2020-01-30_22:15:47.175[Status]{'id': 16, 'coordinate': [775.0602066894219, 523.1565330835948]}
2020-01-30_22:15:47.175[Status]Routing 87: Walk: 87
2020-01-30_22:15:47.282[Battery Energy]64.60
2020-01-30_22:15:47.282[Status]Routing Start.
2020-01-30_22:15:47.586[Status]{'id': 16, 'coordinate': [783.9201647872568, 527.7934655291464]}
2020-01-30_22:15:47.589[Status]Routing 88: Walk: 88
2020-01-30_22:15:47.697[Battery Energy]64.29
2020-01-30_22:15:47.697[Status]Routing Start.
2020-01-30_22:15:47.828[Status]{'id': 16, 'coordinate': [792.7801228850917, 532.4303979746979]}
2020-01-30_22:15:47.828[Status]Routing 89: Walk: 89
2020-01-30_22:15:47.928[Battery Energy]64.09
2020-01-30_22:15:47.928[Status]Routing Start.
2020-01-30_22:15:48.077[Status]{'id': 16, 'coordinate': [801.6400809829266, 537.0673304202495]}
2020-01-30_22:15:48.077[Status]Routing 90: Walk: 90
2020-01-30_22:15:48.177[Battery Energy]63.89
2020-01-30_22:15:48.177[Status]Routing Start.
2020-01-30_22:15:48.477[Status]{'id': 16, 'coordinate': [810.5000390807616, 541.7042628658011]}
2020-01-30_22:15:48.477[Status]Routing 91: Walk: 91
2020-01-30_22:15:48.590[Battery Energy]63.56
2020-01-30_22:15:48.590[Status]Routing Start.
2020-01-30_22:15:48.706[Status]{'id': 16, 'coordinate': [819.3599971785965, 546.3411953113526]}
2020-01-30_22:15:48.706[Status]Routing 92: Walk: 92
2020-01-30_22:15:48.807[Battery Energy]63.36
2020-01-30_22:15:48.807[Status]Routing Start.
2020-01-30_22:15:48.981[Status]{'id': 16, 'coordinate': [828.2199552764314, 550.9781277569042]}
2020-01-30_22:15:48.981[Status]Routing 93: Walk: 93
2020-01-30_22:15:49.094[Battery Energy]63.11
2020-01-30_22:15:49.094[Status]Routing Start.
2020-01-30_22:15:49.408[Status]{'id': 16, 'coordinate': [837.0799133742663, 555.6150602024558]}
2020-01-30_22:15:49.408[Status]Routing 94: Walk: 94
2020-01-30_22:15:49.514[Battery Energy]62.84
2020-01-30_22:15:49.514[Status]Routing Start.
2020-01-30_22:15:49.666[Status]{'id': 16, 'coordinate': [845.9398714721012, 560.2519926480073]}
2020-01-30_22:15:49.666[Status]Routing 95: Walk: 95
2020-01-30_22:15:49.774[Battery Energy]62.65
2020-01-30_22:15:49.774[Status]Routing Start.
2020-01-30_22:15:49.912[Status]{'id': 16, 'coordinate': [854.7998295699362, 564.8889250935589]}
2020-01-30_22:15:49.912[Status]Routing 96: Walk: 96
2020-01-30_22:15:50.012[Battery Energy]62.44
2020-01-30_22:15:50.012[Status]Routing Start.
2020-01-30_22:15:50.294[Status]{'id': 16, 'coordinate': [863.6597876677711, 569.5258575391105]}
2020-01-30_22:15:50.294[Status]Routing 97: Walk: 97
2020-01-30_22:15:50.394[Battery Energy]62.14
2020-01-30_22:15:50.394[Status]Routing Start.
2020-01-30_22:15:50.716[Status]{'id': 16, 'coordinate': [872.5197457656061, 574.162789984662]}
2020-01-30_22:15:50.716[Status]Routing 98: Walk: 98
2020-01-30_22:15:50.826[Battery Energy]61.81
2020-01-30_22:15:50.826[Status]Routing Start.
2020-01-30_22:15:51.120[Status]{'id': 16, 'coordinate': [881.3797038634411, 578.7997224302136]}
2020-01-30_22:15:51.120[Status]Routing 99: Walk: 99
2020-01-30_22:15:51.222[Battery Energy]61.51
2020-01-30_22:15:51.222[Status]Routing Start.
2020-01-30_22:15:51.471[Status]{'id': 16, 'coordinate': [890.2396619612762, 583.4366548757652]}
2020-01-30_22:15:51.472[Status]Routing 100: Walk: 100
2020-01-30_22:15:51.578[Battery Energy]61.22
2020-01-30_22:15:51.578[Status]Routing Start.
2020-01-30_22:15:51.869[Status]{'id': 16, 'coordinate': [899.0996200591112, 588.0735873213167]}
2020-01-30_22:15:51.869[Status]Routing 101: Walk: 101
2020-01-30_22:15:51.970[Battery Energy]60.92
2020-01-30_22:15:51.970[Status]Routing Start.
2020-01-30_22:15:52.272[Status]{'id': 16, 'coordinate': [907.9595781569462, 592.7105197668683]}
2020-01-30_22:15:52.272[Status]Routing 102: Walk: 102
2020-01-30_22:15:52.372[Battery Energy]60.64
2020-01-30_22:15:52.373[Status]Routing Start.
2020-01-30_22:15:52.612[Status]{'id': 16, 'coordinate': [916.8195362547812, 597.3474522124199]}
2020-01-30_22:15:52.612[Status]Routing 103: Walk: 103
2020-01-30_22:15:52.718[Battery Energy]60.38
2020-01-30_22:15:52.718[Status]Routing Start.
2020-01-30_22:15:53.022[Status]{'id': 16, 'coordinate': [925.6794943526162, 601.9843846579714]}
2020-01-30_22:15:53.022[Status]Routing 104: Walk: 104
2020-01-30_22:15:53.134[Battery Energy]60.10
2020-01-30_22:15:53.134[Status]Routing Start.
2020-01-30_22:15:53.472[Status]{'id': 16, 'coordinate': [934.5394524504511, 606.621317103523]}
2020-01-30_22:15:53.472[Status]Routing 105: Walk: 105
2020-01-30_22:15:53.574[Battery Energy]59.78
2020-01-30_22:15:53.574[Status]Routing Start.
2020-01-30_22:15:53.802[Status]{'id': 16, 'coordinate': [943.3994105482861, 611.2582495490745]}
2020-01-30_22:15:53.810[Status]Routing 106: Walk: 106
2020-01-30_22:15:53.911[Battery Energy]59.53
2020-01-30_22:15:53.911[Status]Routing Start.
2020-01-30_22:15:54.233[Status]{'id': 16, 'coordinate': [952.2593686461212, 615.8951819946261]}
2020-01-30_22:15:54.233[Status]Routing 107: Walk: 107
2020-01-30_22:15:54.336[Battery Energy]59.19
2020-01-30_22:15:54.336[Status]Routing Start.
2020-01-30_22:15:54.493[Status]{'id': 16, 'coordinate': [961.1193267439562, 620.5321144401777]}
2020-01-30_22:15:54.493[Status]Routing 108: Walk: 108
2020-01-30_22:15:54.593[Battery Energy]58.96
2020-01-30_22:15:54.594[Status]Routing Start.
2020-01-30_22:15:54.904[Status]{'id': 16, 'coordinate': [969.9792848417912, 625.1690468857292]}
2020-01-30_22:15:54.904[Status]Routing 109: Walk: 109
2020-01-30_22:15:55.014[Battery Energy]58.69
2020-01-30_22:15:55.014[Status]Routing Start.
2020-01-30_22:15:55.143[Status]{'id': 16, 'coordinate': [978.8392429396263, 629.8059793312808]}
2020-01-30_22:15:55.143[Status]Routing 110: Walk: 110
2020-01-30_22:15:55.246[Battery Energy]58.50
2020-01-30_22:15:55.246[Status]Routing Start.
2020-01-30_22:15:55.416[Status]{'id': 16, 'coordinate': [987.6992010374613, 634.4429117768324]}
2020-01-30_22:15:55.416[Status]Routing 111: Walk: 111
2020-01-30_22:15:55.524[Battery Energy]58.29
2020-01-30_22:15:55.524[Status]Routing Start.
2020-01-30_22:15:55.757[Status]{'id': 16, 'coordinate': [996.5591591352963, 639.0798442223839]}
2020-01-30_22:15:55.757[Status]Routing 112: Walk: 112
2020-01-30_22:15:55.866[Battery Energy]58.06
2020-01-30_22:15:55.866[Status]Routing Start.
2020-01-30_22:15:56.093[Status]{'id': 16, 'coordinate': [1005.4191172331314, 643.7167766679355]}
2020-01-30_22:15:56.097[Status]Routing 113: Walk: 113
2020-01-30_22:15:56.210[Battery Energy]57.81
2020-01-30_22:15:56.210[Status]Routing Start.
2020-01-30_22:15:56.440[Status]{'id': 16, 'coordinate': [1014.2790753309664, 648.3537091134871]}
2020-01-30_22:15:56.440[Status]Routing 114: Walk: 114
2020-01-30_22:15:56.549[Battery Energy]57.54
2020-01-30_22:15:56.549[Status]Routing Start.
2020-01-30_22:15:56.889[Status]{'id': 16, 'coordinate': [1023.1390334288014, 652.9906415590386]}
2020-01-30_22:15:56.889[Status]Routing 115: Walk: 115
2020-01-30_22:15:56.989[Battery Energy]57.26
2020-01-30_22:15:56.989[Status]Routing Start.
2020-01-30_22:15:57.320[Status]{'id': 16, 'coordinate': [1031.9989915266365, 657.6275740045902]}
2020-01-30_22:15:57.321[Status]Routing 116: Walk: 116
2020-01-30_22:15:57.425[Battery Energy]57.02
2020-01-30_22:15:57.425[Status]Routing Start.
2020-01-30_22:15:57.769[Status]{'id': 16, 'coordinate': [1040.8589496244715, 662.2645064501418]}
2020-01-30_22:15:57.769[Status]Routing 117: Walk: 117
2020-01-30_22:15:57.886[Battery Energy]56.69
2020-01-30_22:15:57.886[Status]Routing Start.
2020-01-30_22:15:58.170[Status]{'id': 16, 'coordinate': [1049.7189077223065, 666.9014388956933]}
2020-01-30_22:15:58.170[Status]Routing 118: Walk: 118
2020-01-30_22:15:58.274[Battery Energy]56.38
2020-01-30_22:15:58.274[Status]Routing Start.
2020-01-30_22:15:58.501[Status]{'id': 16, 'coordinate': [1058.5788658201416, 671.5383713412449]}
2020-01-30_22:15:58.502[Status]Routing 119: Walk: 119
2020-01-30_22:15:58.606[Battery Energy]56.09
2020-01-30_22:15:58.606[Status]Routing Start.
2020-01-30_22:15:58.970[Status]{'id': 16, 'coordinate': [1067.4388239179766, 676.1753037867965]}
2020-01-30_22:15:58.971[Status]Routing 120: Walk: 120
2020-01-30_22:15:59.082[Battery Energy]55.73
2020-01-30_22:15:59.082[Status]Routing Start.
2020-01-30_22:15:59.215[Status]{'id': 16, 'coordinate': [1076.2987820158116, 680.812236232348]}
2020-01-30_22:15:59.215[Status]Routing 121: Walk: 121
2020-01-30_22:15:59.326[Battery Energy]55.54
2020-01-30_22:15:59.326[Status]Routing Start.
2020-01-30_22:15:59.638[Status]{'id': 16, 'coordinate': [1085.1587401136467, 685.4491686778996]}
2020-01-30_22:15:59.638[Status]Routing 122: Walk: 122
2020-01-30_22:15:59.745[Battery Energy]55.21
2020-01-30_22:15:59.745[Status]Routing Start.
2020-01-30_22:15:59.981[Status]{'id': 16, 'coordinate': [1094.0186982114817, 690.086101123451]}
2020-01-30_22:15:59.981[Status]Routing 123: Walk: 123
2020-01-30_22:16:00.086[Battery Energy]54.91
2020-01-30_22:16:00.086[Status]Routing Start.
2020-01-30_22:16:00.413[Status]{'id': 16, 'coordinate': [1102.8786563093167, 694.7230335690026]}
2020-01-30_22:16:00.414[Status]Routing 124: Walk: 124
2020-01-30_22:16:00.516[Battery Energy]54.55
2020-01-30_22:16:00.516[Status]Routing Start.
2020-01-30_22:16:00.822[Status]{'id': 16, 'coordinate': [1111.7386144071518, 699.3599660145542]}
2020-01-30_22:16:00.823[Status]Routing 125: Walk: 125
2020-01-30_22:16:00.933[Battery Energy]54.29
2020-01-30_22:16:00.933[Status]Routing Start.
2020-01-30_22:16:01.243[Status]{'id': 16, 'coordinate': [1120.5985725049868, 703.9968984601057]}
2020-01-30_22:16:01.243[Status]Routing 126: Walk: 126
2020-01-30_22:16:01.354[Battery Energy]53.98
2020-01-30_22:16:01.354[Status]Routing Start.
2020-01-30_22:16:01.704[Status]{'id': 16, 'coordinate': [1129.4585306028218, 708.6338309056572]}
2020-01-30_22:16:01.704[Status]Routing 127: Walk: 127
2020-01-30_22:16:01.806[Battery Energy]53.63
2020-01-30_22:16:01.806[Status]Routing Start.
2020-01-30_22:16:02.130[Status]{'id': 16, 'coordinate': [1138.3184887006569, 713.2707633512088]}
2020-01-30_22:16:02.130[Status]Routing 128: Walk: 128
2020-01-30_22:16:02.236[Battery Energy]53.35
2020-01-30_22:16:02.240[Status]Routing Start.
2020-01-30_22:16:02.529[Status]{'id': 16, 'coordinate': [1147.178446798492, 717.9076957967603]}
2020-01-30_22:16:02.529[Status]Routing 129: Walk: 129
2020-01-30_22:16:02.633[Battery Energy]53.07
2020-01-30_22:16:02.634[Status]Routing Start.
2020-01-30_22:16:02.939[Status]{'id': 16, 'coordinate': [1156.038404896327, 722.5446282423118]}
2020-01-30_22:16:02.950[Status]Routing 130: Walk: 130
2020-01-30_22:16:03.054[Battery Energy]52.73
2020-01-30_22:16:03.054[Status]Routing Start.
2020-01-30_22:16:03.351[Status]{'id': 16, 'coordinate': [1164.898362994162, 727.1815606878633]}
2020-01-30_22:16:03.351[Status]Routing 131: Walk: 131
2020-01-30_22:16:03.461[Battery Energy]52.44
2020-01-30_22:16:03.461[Status]Routing Start.
2020-01-30_22:16:03.605[Status]{'id': 16, 'coordinate': [1173.758321091997, 731.8184931334149]}
2020-01-30_22:16:03.605[Status]Routing 132: Walk: 132
2020-01-30_22:16:03.705[Battery Energy]52.21
2020-01-30_22:16:03.705[Status]Routing Start.
2020-01-30_22:16:04.016[Status]{'id': 16, 'coordinate': [1182.618279189832, 736.4554255789665]}
2020-01-30_22:16:04.016[Status]Routing 133: Walk: 133
2020-01-30_22:16:04.117[Battery Energy]51.92
2020-01-30_22:16:04.118[Status]Routing Start.
2020-01-30_22:16:04.280[Status]{'id': 16, 'coordinate': [1191.478237287667, 741.0923580245179]}
2020-01-30_22:16:04.280[Status]Routing 134: Walk: 134
2020-01-30_22:16:04.390[Battery Energy]51.70
2020-01-30_22:16:04.390[Status]Routing Start.
2020-01-30_22:16:04.705[Status]{'id': 16, 'coordinate': [1200.338195385502, 745.7292904700695]}
2020-01-30_22:16:04.705[Status]Routing 135: Walk: 135
2020-01-30_22:16:04.811[Battery Energy]51.40
2020-01-30_22:16:04.819[Status]Routing Start.
2020-01-30_22:16:05.120[Status]{'id': 16, 'coordinate': [1209.1981534833371, 750.366222915621]}
2020-01-30_22:16:05.120[Status]Routing 136: Walk: 136
2020-01-30_22:16:05.238[Battery Energy]51.11
2020-01-30_22:16:05.238[Status]Routing Start.
2020-01-30_22:16:05.593[Status]{'id': 16, 'coordinate': [1218.0581115811722, 755.0031553611726]}
2020-01-30_22:16:05.593[Status]Routing 137: Walk: 137
2020-01-30_22:16:05.693[Battery Energy]50.78
2020-01-30_22:16:05.693[Status]Routing Start.
2020-01-30_22:16:06.012[Status]{'id': 16, 'coordinate': [1226.9180696790072, 759.6400878067241]}
2020-01-30_22:16:06.012[Status]Routing 138: Walk: 138
2020-01-30_22:16:06.122[Battery Energy]50.46
2020-01-30_22:16:06.122[Status]Routing Start.
2020-01-30_22:16:06.431[Status]{'id': 16, 'coordinate': [1235.7780277768422, 764.2770202522756]}
2020-01-30_22:16:06.431[Status]Routing 139: Walk: 139
2020-01-30_22:16:06.531[Battery Energy]50.13
2020-01-30_22:16:06.532[Status]Routing Start.
2020-01-30_22:16:06.708[Status]{'id': 16, 'coordinate': [1244.6379858746773, 768.9139526978272]}
2020-01-30_22:16:06.708[Status]Routing 140: Walk: 140
2020-01-30_22:16:06.810[Battery Energy]49.88
2020-01-30_22:16:06.810[Status]Routing Start.
2020-01-30_22:16:06.957[Status]{'id': 16, 'coordinate': [1253.4979439725123, 773.5508851433788]}
2020-01-30_22:16:06.957[Status]Routing 141: Walk: 141
2020-01-30_22:16:07.062[Battery Energy]49.68
2020-01-30_22:16:07.062[Status]Routing Start.
2020-01-30_22:16:07.062[Status]Task Finished.
2020-01-30_22:16:07.162[Battery Energy]49.68
2020-01-30_22:16:07.267[Status]Routing 143: Walk: 141
2020-01-30_22:16:07.374[Battery Energy]49.59
2020-01-30_22:16:07.584[Status]Routing 144: Walk: 141
2020-01-30_22:16:07.685[Battery Energy]49.43
2020-01-30_22:16:07.833[Status]Routing 145: Walk: 141
2020-01-30_22:16:07.933[Battery Energy]49.31
2020-01-30_22:16:08.088[Status]Routing 146: Walk: 141
2020-01-30_22:16:08.194[Battery Energy]49.20
2020-01-30_22:16:08.357[Status]Routing 147: Walk: 141
2020-01-30_22:16:08.470[Battery Energy]49.08
2020-01-30_22:16:08.600[Status]Routing 148: Walk: 141
2020-01-30_22:16:08.706[Battery Energy]48.96
2020-01-30_22:16:08.829[Status]Routing 149: Walk: 141
2020-01-30_22:16:08.938[Battery Energy]48.87
2020-01-30_22:16:09.108[Status]Routing 150: Walk: 141
2020-01-30_22:16:09.218[Battery Energy]48.77
2020-01-30_22:16:09.411[Status]Routing 151: Walk: 141
2020-01-30_22:16:09.515[Battery Energy]48.64
2020-01-30_22:16:09.649[Status]Routing 152: Walk: 141
2020-01-30_22:16:09.751[Battery Energy]48.52
2020-01-30_22:16:09.921[Status]Routing 153: Walk: 141
2020-01-30_22:16:10.033[Battery Energy]48.39
2020-01-30_22:16:10.182[Status]Routing 154: Walk: 141
2020-01-30_22:16:10.293[Battery Energy]48.29
2020-01-30_22:16:10.428[Status]Routing 155: Walk: 141
2020-01-30_22:16:10.529[Battery Energy]48.19
2020-01-30_22:16:10.670[Status]Routing 156: Walk: 141
2020-01-30_22:16:10.778[Battery Energy]48.09
2020-01-30_22:16:10.952[Status]Routing 157: Walk: 141
2020-01-30_22:16:11.062[Battery Energy]47.96
2020-01-30_22:16:11.190[Status]Routing 158: Walk: 141
2020-01-30_22:16:11.291[Battery Energy]47.86
2020-01-30_22:16:11.445[Status]Routing 159: Walk: 141
2020-01-30_22:16:11.545[Battery Energy]47.75
2020-01-30_22:16:11.706[Status]Routing 160: Walk: 141
2020-01-30_22:16:11.814[Battery Energy]47.64
2020-01-30_22:16:11.983[Status]Routing 161: Walk: 141
2020-01-30_22:16:12.094[Battery Energy]47.49
2020-01-30_22:16:12.227[Status]Routing 162: Walk: 141
2020-01-30_22:16:12.346[Battery Energy]47.38
2020-01-30_22:16:12.479[Status]Routing 163: Walk: 141
2020-01-30_22:16:12.582[Battery Energy]47.25
2020-01-30_22:16:12.738[Status]Routing 164: Walk: 141
2020-01-30_22:16:12.838[Battery Energy]47.14
2020-01-30_22:16:12.997[Status]Routing 165: Walk: 141
2020-01-30_22:16:13.097[Battery Energy]47.03
2020-01-30_22:16:13.238[Status]Routing 166: Walk: 141
2020-01-30_22:16:13.354[Battery Energy]46.93
2020-01-30_22:16:13.475[Status]Routing 167: Walk: 141
2020-01-30_22:16:13.586[Battery Energy]46.82
2020-01-30_22:16:13.727[Status]Routing 168: Walk: 141
2020-01-30_22:16:13.842[Battery Energy]46.71
2020-01-30_22:16:13.980[Status]Routing 169: Walk: 141
2020-01-30_22:16:14.086[Battery Energy]46.60
2020-01-30_22:16:14.220[Status]Routing 170: Walk: 141
2020-01-30_22:16:14.322[Battery Energy]46.51
2020-01-30_22:16:14.479[Status]Routing 171: Walk: 141
2020-01-30_22:16:14.594[Battery Energy]46.39
2020-01-30_22:16:14.703[Status]Routing 172: Walk: 141
2020-01-30_22:16:14.803[Battery Energy]46.31
2020-01-30_22:16:14.937[Status]Routing 173: Walk: 141
2020-01-30_22:16:15.054[Battery Energy]46.22
2020-01-30_22:16:15.191[Status]Routing 174: Walk: 141
2020-01-30_22:16:15.298[Battery Energy]46.10
2020-01-30_22:16:15.461[Status]Routing 175: Walk: 141
2020-01-30_22:16:15.578[Battery Energy]46.01
2020-01-30_22:16:15.720[Status]Routing 176: Walk: 141
2020-01-30_22:16:15.823[Battery Energy]45.89
2020-01-30_22:16:15.979[Status]Routing 177: Walk: 141
2020-01-30_22:16:16.082[Battery Energy]45.76
2020-01-30_22:16:16.216[Status]Routing 178: Walk: 141
2020-01-30_22:16:16.317[Battery Energy]45.65
2020-01-30_22:16:16.465[Status]Routing 179: Walk: 141
2020-01-30_22:16:16.566[Battery Energy]45.54
2020-01-30_22:16:16.756[Status]Routing 180: Walk: 141
2020-01-30_22:16:16.856[Battery Energy]45.42
2020-01-30_22:16:17.028[Status]Routing 181: Walk: 141
2020-01-30_22:16:17.142[Battery Energy]45.31
2020-01-30_22:16:17.278[Status]Routing 182: Walk: 141
2020-01-30_22:16:17.390[Battery Energy]45.21
