2020-01-30_22:15:07.198[Status]Start.
2020-01-30_22:15:07.199[Battery Energy]93.00
2020-01-30_22:15:08.300[Battery Energy]92.96
2020-01-30_22:15:09.401[Battery Energy]92.92
2020-01-30_22:15:10.502[Battery Energy]92.88
2020-01-30_22:15:11.606[Battery Energy]92.84
2020-01-30_22:15:12.706[Task]A New Task Released.
2020-01-30_22:15:12.707[Battery Energy]92.80
2020-01-30_22:15:12.707[Status]Selection Start.
2020-01-30_22:15:16.642[Status]Selection End: Do Task 2.
2020-01-30_22:15:16.748[Battery Energy]90.12
2020-01-30_22:15:16.749[Status]Formation Start.
2020-01-30_22:15:16.868[Status]number of tasks is 6
2020-01-30_22:15:16.876[Status]my group tasks is [ 1040.           114.37822174]
2020-01-30_22:15:16.877[Status]my group tasks is [ 1145.   175.]
2020-01-30_22:15:16.884[Status]my group tasks is [ 1110.           114.37822174]
2020-01-30_22:15:16.891[Status]my group tasks is [ 1110.           235.62177826]
2020-01-30_22:15:16.900[Status]my group tasks is [ 1040.           235.62177826]
2020-01-30_22:15:16.901[Status]my group tasks is [ 1005.   175.]
2020-01-30_22:15:16.950[Status]mygroup_robots_utility is {17: [16.903073317820045, 17.06838008835575, 18.18965173852832, 35.63850163157281, 19.253358997922135, 19.043733933564518], 3: [16.95035426610265, 33.89159222565639, 18.03858941228274, 36.07203136478244, 31.95555153109971, 15.979813570747432], 20: [16.99637862759414, 17.577977767895163, 18.850663231269667, 35.12743627474841, 19.550422827524073, 18.834276781826734], 8: [16.071396370712755, 16.985060431370293, 30.10755340726206, 17.06487982789615, 30.234730230374307, 15.929537842244251], 10: [19.12750809351616, 35.05505195699586, 18.335501392403756, 19.648492157460552, 20.095639406375415, 35.76319072572666], 13: [18.614599587039834, 19.950503558628206, 20.14464970281419, 41.60111032957955, 36.181425156934566, 18.782860059915745]}
2020-01-30_22:15:16.950[Status]self.local_queue is [10, 8, 3, 13, 20, 17]
2020-01-30_22:15:16.950[Status]task_chosen index is 5
2020-01-30_22:15:16.950[Status]task_chosen index is 4
2020-01-30_22:15:16.950[Status]task_chosen index is 3
2020-01-30_22:15:16.950[Status]task_chosen index is 2
2020-01-30_22:15:16.950[Status]task_chosen index is 1
2020-01-30_22:15:16.950[Status]myindex_in_queue is 1
2020-01-30_22:15:16.950[Status]task destination is [1110.0, 235.6217782649107]
2020-01-30_22:15:17.052[Battery Energy]89.97
2020-01-30_22:15:17.053[Status]Routing Start.
2020-01-30_22:15:17.186[Status]{'id': 20, 'coordinate': [75.97908883269193, 168.64636372828556]}
2020-01-30_22:15:17.187[Status]Routing 1: Walk: 1
2020-01-30_22:15:17.290[Battery Energy]89.76
2020-01-30_22:15:17.290[Status]Routing Start.
2020-01-30_22:15:17.445[Status]{'id': 20, 'coordinate': [85.95817766538386, 169.29272745657113]}
2020-01-30_22:15:17.445[Status]Routing 2: Walk: 2
2020-01-30_22:15:17.546[Battery Energy]89.55
2020-01-30_22:15:17.546[Status]Routing Start.
2020-01-30_22:15:17.702[Status]{'id': 20, 'coordinate': [95.93726649807579, 169.9390911848567]}
2020-01-30_22:15:17.702[Status]Routing 3: Walk: 3
2020-01-30_22:15:17.810[Battery Energy]89.34
2020-01-30_22:15:17.810[Status]Routing Start.
2020-01-30_22:15:17.942[Status]{'id': 20, 'coordinate': [105.91635533076771, 170.58545491314226]}
2020-01-30_22:15:17.942[Status]Routing 4: Walk: 4
2020-01-30_22:15:18.042[Battery Energy]89.13
2020-01-30_22:15:18.042[Status]Routing Start.
2020-01-30_22:15:18.219[Status]{'id': 20, 'coordinate': [115.89544416345964, 171.23181864142782]}
2020-01-30_22:15:18.219[Status]Routing 5: Walk: 5
2020-01-30_22:15:18.331[Battery Energy]88.88
2020-01-30_22:15:18.331[Status]Routing Start.
2020-01-30_22:15:18.652[Status]{'id': 20, 'coordinate': [125.87453299615157, 171.8781823697134]}
2020-01-30_22:15:18.652[Status]Routing 6: Walk: 6
2020-01-30_22:15:18.753[Battery Energy]88.56
2020-01-30_22:15:18.753[Status]Routing Start.
2020-01-30_22:15:18.902[Status]{'id': 20, 'coordinate': [135.8536218288435, 172.52454609799895]}
2020-01-30_22:15:18.902[Status]Routing 7: Walk: 7
2020-01-30_22:15:19.014[Battery Energy]88.37
2020-01-30_22:15:19.014[Status]Routing Start.
2020-01-30_22:15:19.288[Status]{'id': 20, 'coordinate': [145.83271066153543, 173.17090982628451]}
2020-01-30_22:15:19.289[Status]Routing 8: Walk: 8
2020-01-30_22:15:19.391[Battery Energy]88.07
2020-01-30_22:15:19.391[Status]Routing Start.
2020-01-30_22:15:19.673[Status]{'id': 20, 'coordinate': [155.81179949422736, 173.81727355457008]}
2020-01-30_22:15:19.674[Status]Routing 9: Walk: 9
2020-01-30_22:15:19.782[Battery Energy]87.77
2020-01-30_22:15:19.782[Status]Routing Start.
2020-01-30_22:15:20.255[Status]Routing 10: Walk: 9
2020-01-30_22:15:20.357[Battery Energy]87.37
2020-01-30_22:15:20.357[Status]Routing Start.
2020-01-30_22:15:20.633[Status]Routing 11: Walk: 9
2020-01-30_22:15:20.734[Battery Energy]87.10
2020-01-30_22:15:20.734[Status]Routing Start.
2020-01-30_22:15:21.050[Status]Routing 12: Walk: 9
2020-01-30_22:15:21.151[Battery Energy]86.81
2020-01-30_22:15:21.151[Status]Routing Start.
2020-01-30_22:15:21.293[Status]{'id': 20, 'coordinate': [165.7908883269193, 174.46363728285564]}
2020-01-30_22:15:21.293[Status]Routing 13: Walk: 10
2020-01-30_22:15:21.394[Battery Energy]86.59
2020-01-30_22:15:21.394[Status]Routing Start.
2020-01-30_22:15:21.718[Status]{'id': 20, 'coordinate': [175.76997715961122, 175.1100010111412]}
2020-01-30_22:15:21.718[Status]Routing 14: Walk: 11
2020-01-30_22:15:21.830[Battery Energy]86.26
2020-01-30_22:15:21.830[Status]Routing Start.
2020-01-30_22:15:22.155[Status]{'id': 20, 'coordinate': [185.74906599230314, 175.75636473942677]}
2020-01-30_22:15:22.155[Status]Routing 15: Walk: 12
2020-01-30_22:15:22.258[Battery Energy]85.92
2020-01-30_22:15:22.258[Status]Routing Start.
2020-01-30_22:15:22.543[Status]{'id': 20, 'coordinate': [195.72815482499507, 176.40272846771234]}
2020-01-30_22:15:22.543[Status]Routing 16: Walk: 13
2020-01-30_22:15:22.644[Battery Energy]85.66
2020-01-30_22:15:22.644[Status]Routing Start.
2020-01-30_22:15:22.987[Status]{'id': 20, 'coordinate': [205.707243657687, 177.0490921959979]}
2020-01-30_22:15:22.987[Status]Routing 17: Walk: 14
2020-01-30_22:15:23.090[Battery Energy]85.34
2020-01-30_22:15:23.090[Status]Routing Start.
2020-01-30_22:15:23.402[Status]{'id': 20, 'coordinate': [215.68633249037893, 177.69545592428346]}
2020-01-30_22:15:23.402[Status]Routing 18: Walk: 15
2020-01-30_22:15:23.503[Battery Energy]85.02
2020-01-30_22:15:23.503[Status]Routing Start.
2020-01-30_22:15:23.807[Status]{'id': 20, 'coordinate': [225.66542132307086, 178.34181965256903]}
2020-01-30_22:15:23.807[Status]Routing 19: Walk: 16
2020-01-30_22:15:23.908[Battery Energy]84.70
2020-01-30_22:15:23.908[Status]Routing Start.
2020-01-30_22:15:24.205[Status]{'id': 20, 'coordinate': [235.6445101557628, 178.9881833808546]}
2020-01-30_22:15:24.205[Status]Routing 20: Walk: 17
2020-01-30_22:15:24.306[Battery Energy]84.36
2020-01-30_22:15:24.306[Status]Routing Start.
2020-01-30_22:15:24.677[Status]{'id': 20, 'coordinate': [245.62359898845472, 179.63454710914016]}
2020-01-30_22:15:24.677[Status]Routing 21: Walk: 18
2020-01-30_22:15:24.777[Battery Energy]84.03
2020-01-30_22:15:24.777[Status]Routing Start.
2020-01-30_22:15:24.909[Status]{'id': 20, 'coordinate': [255.60268782114665, 180.28091083742572]}
2020-01-30_22:15:24.912[Status]Routing 22: Walk: 19
2020-01-30_22:15:25.017[Battery Energy]83.84
2020-01-30_22:15:25.017[Status]Routing Start.
2020-01-30_22:15:25.285[Status]{'id': 20, 'coordinate': [265.5817766538386, 180.9272745657113]}
2020-01-30_22:15:25.285[Status]Routing 23: Walk: 20
2020-01-30_22:15:25.385[Battery Energy]83.54
2020-01-30_22:15:25.386[Status]Routing Start.
2020-01-30_22:15:25.699[Status]{'id': 20, 'coordinate': [275.5608654865305, 181.57363829399685]}
2020-01-30_22:15:25.699[Status]Routing 24: Walk: 21
2020-01-30_22:15:25.799[Battery Energy]83.24
2020-01-30_22:15:25.799[Status]Routing Start.
2020-01-30_22:15:26.114[Status]{'id': 20, 'coordinate': [285.53995431922243, 182.22000202228242]}
2020-01-30_22:15:26.114[Status]Routing 25: Walk: 22
2020-01-30_22:15:26.218[Battery Energy]82.91
2020-01-30_22:15:26.218[Status]Routing Start.
2020-01-30_22:15:26.513[Status]{'id': 20, 'coordinate': [295.5190431519144, 182.86636575056798]}
2020-01-30_22:15:26.513[Status]Routing 26: Walk: 23
2020-01-30_22:15:26.618[Battery Energy]82.63
2020-01-30_22:15:26.618[Status]Routing Start.
2020-01-30_22:15:26.949[Status]{'id': 20, 'coordinate': [305.4981319846063, 183.51272947885354]}
2020-01-30_22:15:26.949[Status]Routing 27: Walk: 24
2020-01-30_22:15:27.050[Battery Energy]82.26
2020-01-30_22:15:27.050[Status]Routing Start.
2020-01-30_22:15:27.363[Status]{'id': 20, 'coordinate': [315.4772208172982, 184.1590932071391]}
2020-01-30_22:15:27.363[Status]Routing 28: Walk: 25
2020-01-30_22:15:27.474[Battery Energy]81.96
2020-01-30_22:15:27.474[Status]Routing Start.
2020-01-30_22:15:27.747[Status]{'id': 20, 'coordinate': [325.45630964999015, 184.80545693542467]}
2020-01-30_22:15:27.747[Status]Routing 29: Walk: 26
2020-01-30_22:15:27.862[Battery Energy]81.68
2020-01-30_22:15:27.862[Status]Routing Start.
2020-01-30_22:15:28.151[Status]{'id': 20, 'coordinate': [335.4353984826821, 185.45182066371024]}
2020-01-30_22:15:28.151[Status]Routing 30: Walk: 27
2020-01-30_22:15:28.252[Battery Energy]81.36
2020-01-30_22:15:28.252[Status]Routing Start.
2020-01-30_22:15:28.577[Status]{'id': 20, 'coordinate': [345.414487315374, 186.0981843919958]}
2020-01-30_22:15:28.577[Status]Routing 31: Walk: 28
2020-01-30_22:15:28.677[Battery Energy]81.04
2020-01-30_22:15:28.678[Status]Routing Start.
2020-01-30_22:15:29.017[Status]{'id': 20, 'coordinate': [355.3935761480659, 186.7445481202814]}
2020-01-30_22:15:29.017[Status]Routing 32: Walk: 29
2020-01-30_22:15:29.117[Battery Energy]80.76
2020-01-30_22:15:29.117[Status]Routing Start.
2020-01-30_22:15:29.467[Status]{'id': 20, 'coordinate': [365.3726649807578, 187.39091184856696]}
2020-01-30_22:15:29.468[Status]Routing 33: Walk: 30
2020-01-30_22:15:29.574[Battery Energy]80.41
2020-01-30_22:15:29.574[Status]Routing Start.
2020-01-30_22:15:29.884[Status]{'id': 20, 'coordinate': [375.3517538134497, 188.03727557685255]}
2020-01-30_22:15:29.884[Status]Routing 34: Walk: 31
2020-01-30_22:15:29.986[Battery Energy]80.09
2020-01-30_22:15:29.986[Status]Routing Start.
2020-01-30_22:15:30.295[Status]{'id': 20, 'coordinate': [385.3308426461416, 188.68363930513812]}
2020-01-30_22:15:30.295[Status]Routing 35: Walk: 32
2020-01-30_22:15:30.396[Battery Energy]79.79
2020-01-30_22:15:30.397[Status]Routing Start.
2020-01-30_22:15:30.729[Status]{'id': 20, 'coordinate': [395.3099314788335, 189.33000303342368]}
2020-01-30_22:15:30.729[Status]Routing 36: Walk: 33
2020-01-30_22:15:30.834[Battery Energy]79.45
2020-01-30_22:15:30.834[Status]Routing Start.
2020-01-30_22:15:31.116[Status]{'id': 20, 'coordinate': [405.28902031152546, 189.97636676170927]}
2020-01-30_22:15:31.116[Status]Routing 37: Walk: 34
2020-01-30_22:15:31.219[Battery Energy]79.16
2020-01-30_22:15:31.219[Status]Routing Start.
2020-01-30_22:15:31.510[Status]{'id': 20, 'coordinate': [415.2681091442174, 190.62273048999486]}
2020-01-30_22:15:31.510[Status]Routing 38: Walk: 35
2020-01-30_22:15:31.611[Battery Energy]78.86
2020-01-30_22:15:31.611[Status]Routing Start.
2020-01-30_22:15:31.929[Status]{'id': 20, 'coordinate': [425.2471979769093, 191.26909421828043]}
2020-01-30_22:15:31.929[Status]Routing 39: Walk: 36
2020-01-30_22:15:32.029[Battery Energy]78.54
2020-01-30_22:15:32.029[Status]Routing Start.
2020-01-30_22:15:32.337[Status]{'id': 20, 'coordinate': [435.2262868096012, 191.915457946566]}
2020-01-30_22:15:32.337[Status]Routing 40: Walk: 37
2020-01-30_22:15:32.438[Battery Energy]78.20
2020-01-30_22:15:32.438[Status]Routing Start.
2020-01-30_22:15:32.765[Status]{'id': 20, 'coordinate': [445.2053756422931, 192.5618216748516]}
2020-01-30_22:15:32.766[Status]Routing 41: Walk: 38
2020-01-30_22:15:32.870[Battery Energy]77.86
2020-01-30_22:15:32.870[Status]Routing Start.
2020-01-30_22:15:33.199[Status]{'id': 20, 'coordinate': [455.184464474985, 193.20818540313715]}
2020-01-30_22:15:33.199[Status]Routing 42: Walk: 39
2020-01-30_22:15:33.303[Battery Energy]77.58
2020-01-30_22:15:33.303[Status]Routing Start.
2020-01-30_22:15:33.609[Status]{'id': 20, 'coordinate': [465.1635533076769, 193.85454913142274]}
2020-01-30_22:15:33.613[Status]Routing 43: Walk: 40
2020-01-30_22:15:33.713[Battery Energy]77.25
2020-01-30_22:15:33.713[Status]Routing Start.
2020-01-30_22:15:34.025[Status]{'id': 20, 'coordinate': [475.1426421403688, 194.5009128597083]}
2020-01-30_22:15:34.025[Status]Routing 44: Walk: 41
2020-01-30_22:15:34.134[Battery Energy]76.91
2020-01-30_22:15:34.134[Status]Routing Start.
2020-01-30_22:15:34.444[Status]{'id': 20, 'coordinate': [485.1217309730607, 195.1472765879939]}
2020-01-30_22:15:34.444[Status]Routing 45: Walk: 42
2020-01-30_22:15:34.550[Battery Energy]76.54
2020-01-30_22:15:34.550[Status]Routing Start.
2020-01-30_22:15:34.695[Status]{'id': 20, 'coordinate': [495.1008198057526, 195.79364031627946]}
2020-01-30_22:15:34.695[Status]Routing 46: Walk: 43
2020-01-30_22:15:34.805[Battery Energy]76.33
2020-01-30_22:15:34.805[Status]Routing Start.
2020-01-30_22:15:35.103[Status]{'id': 20, 'coordinate': [505.0799086384445, 196.44000404456506]}
2020-01-30_22:15:35.103[Status]Routing 47: Walk: 44
2020-01-30_22:15:35.210[Battery Energy]76.01
2020-01-30_22:15:35.210[Status]Routing Start.
2020-01-30_22:15:35.511[Status]{'id': 20, 'coordinate': [515.0589974711364, 197.08636777285062]}
2020-01-30_22:15:35.511[Status]Routing 48: Walk: 45
2020-01-30_22:15:35.620[Battery Energy]75.74
2020-01-30_22:15:35.620[Status]Routing Start.
2020-01-30_22:15:35.861[Status]{'id': 20, 'coordinate': [525.0380863038283, 197.7327315011362]}
2020-01-30_22:15:35.862[Status]Routing 49: Walk: 46
2020-01-30_22:15:35.976[Battery Energy]75.48
2020-01-30_22:15:35.977[Status]Routing Start.
2020-01-30_22:15:36.106[Status]{'id': 20, 'coordinate': [535.0171751365202, 198.37909522942178]}
2020-01-30_22:15:36.108[Status]Routing 50: Walk: 47
2020-01-30_22:15:36.213[Battery Energy]75.28
2020-01-30_22:15:36.213[Status]Routing Start.
2020-01-30_22:15:36.459[Status]{'id': 20, 'coordinate': [544.9962639692121, 199.02545895770734]}
2020-01-30_22:15:36.459[Status]Routing 51: Walk: 48
2020-01-30_22:15:36.570[Battery Energy]75.00
2020-01-30_22:15:36.570[Status]Routing Start.
2020-01-30_22:15:36.710[Status]{'id': 20, 'coordinate': [554.975352801904, 199.67182268599294]}
2020-01-30_22:15:36.711[Status]Routing 52: Walk: 49
2020-01-30_22:15:36.812[Battery Energy]74.78
2020-01-30_22:15:36.812[Status]Routing Start.
2020-01-30_22:15:36.961[Status]{'id': 20, 'coordinate': [564.9544416345959, 200.3181864142785]}
2020-01-30_22:15:36.961[Status]Routing 53: Walk: 50
2020-01-30_22:15:37.062[Battery Energy]74.56
2020-01-30_22:15:37.062[Status]Routing Start.
2020-01-30_22:15:37.212[Status]{'id': 20, 'coordinate': [574.9335304672878, 200.9645501425641]}
2020-01-30_22:15:37.212[Status]Routing 54: Walk: 51
2020-01-30_22:15:37.312[Battery Energy]74.34
2020-01-30_22:15:37.312[Status]Routing Start.
2020-01-30_22:15:37.479[Status]{'id': 20, 'coordinate': [584.9126192999797, 201.61091387084966]}
2020-01-30_22:15:37.481[Status]Routing 55: Walk: 52
2020-01-30_22:15:37.588[Battery Energy]74.12
2020-01-30_22:15:37.588[Status]Routing Start.
2020-01-30_22:15:37.728[Status]{'id': 20, 'coordinate': [594.8917081326716, 202.25727759913522]}
2020-01-30_22:15:37.728[Status]Routing 56: Walk: 53
2020-01-30_22:15:37.828[Battery Energy]73.93
2020-01-30_22:15:37.828[Status]Routing Start.
2020-01-30_22:15:38.138[Status]{'id': 20, 'coordinate': [604.8707969653635, 202.90364132742081]}
2020-01-30_22:15:38.139[Status]Routing 57: Walk: 54
2020-01-30_22:15:38.258[Battery Energy]73.66
2020-01-30_22:15:38.258[Status]Routing Start.
2020-01-30_22:15:38.529[Status]{'id': 20, 'coordinate': [614.8498857980554, 203.55000505570638]}
2020-01-30_22:15:38.529[Status]Routing 58: Walk: 55
2020-01-30_22:15:38.630[Battery Energy]73.36
2020-01-30_22:15:38.630[Status]Routing Start.
2020-01-30_22:15:38.929[Status]{'id': 20, 'coordinate': [624.8289746307473, 204.19636878399197]}
2020-01-30_22:15:38.930[Status]Routing 59: Walk: 56
2020-01-30_22:15:39.030[Battery Energy]73.04
2020-01-30_22:15:39.030[Status]Routing Start.
2020-01-30_22:15:39.338[Status]{'id': 20, 'coordinate': [634.8080634634392, 204.84273251227754]}
2020-01-30_22:15:39.338[Status]Routing 60: Walk: 57
2020-01-30_22:15:39.446[Battery Energy]72.71
2020-01-30_22:15:39.446[Status]Routing Start.
2020-01-30_22:15:39.565[Status]{'id': 20, 'coordinate': [644.7871522961311, 205.48909624056313]}
2020-01-30_22:15:39.566[Status]Routing 61: Walk: 58
2020-01-30_22:15:39.678[Battery Energy]72.52
2020-01-30_22:15:39.678[Status]Routing Start.
2020-01-30_22:15:39.823[Status]{'id': 20, 'coordinate': [654.766241128823, 206.1354599688487]}
2020-01-30_22:15:39.823[Status]Routing 62: Walk: 59
2020-01-30_22:15:39.933[Battery Energy]72.31
2020-01-30_22:15:39.933[Status]Routing Start.
2020-01-30_22:15:40.182[Status]{'id': 20, 'coordinate': [664.7453299615149, 206.78182369713426]}
2020-01-30_22:15:40.182[Status]Routing 63: Walk: 60
2020-01-30_22:15:40.290[Battery Energy]72.04
2020-01-30_22:15:40.290[Status]Routing Start.
2020-01-30_22:15:40.426[Status]{'id': 20, 'coordinate': [674.7244187942068, 207.42818742541985]}
2020-01-30_22:15:40.426[Status]Routing 64: Walk: 61
2020-01-30_22:15:40.534[Battery Energy]71.84
2020-01-30_22:15:40.534[Status]Routing Start.
2020-01-30_22:15:40.662[Status]{'id': 20, 'coordinate': [684.7035076268987, 208.0745511537054]}
2020-01-30_22:15:40.662[Status]Routing 65: Walk: 62
2020-01-30_22:15:40.773[Battery Energy]71.64
2020-01-30_22:15:40.773[Status]Routing Start.
2020-01-30_22:15:41.048[Status]{'id': 20, 'coordinate': [694.6825964595906, 208.720914881991]}
2020-01-30_22:15:41.051[Status]Routing 66: Walk: 63
2020-01-30_22:15:41.158[Battery Energy]71.36
2020-01-30_22:15:41.158[Status]Routing Start.
2020-01-30_22:15:41.295[Status]{'id': 20, 'coordinate': [704.6616852922825, 209.36727861027657]}
2020-01-30_22:15:41.296[Status]Routing 67: Walk: 64
2020-01-30_22:15:41.406[Battery Energy]71.16
2020-01-30_22:15:41.406[Status]Routing Start.
2020-01-30_22:15:41.547[Status]{'id': 20, 'coordinate': [714.6407741249744, 210.01364233856214]}
2020-01-30_22:15:41.547[Status]Routing 68: Walk: 65
2020-01-30_22:15:41.650[Battery Energy]70.96
2020-01-30_22:15:41.650[Status]Routing Start.
2020-01-30_22:15:41.776[Status]{'id': 20, 'coordinate': [724.6198629576663, 210.66000606684773]}
2020-01-30_22:15:41.776[Status]Routing 69: Walk: 66
2020-01-30_22:15:41.886[Battery Energy]70.75
2020-01-30_22:15:41.886[Status]Routing Start.
2020-01-30_22:15:42.053[Status]{'id': 20, 'coordinate': [734.5989517903582, 211.3063697951333]}
2020-01-30_22:15:42.053[Status]Routing 70: Walk: 67
2020-01-30_22:15:42.154[Battery Energy]70.51
2020-01-30_22:15:42.154[Status]Routing Start.
2020-01-30_22:15:42.307[Status]{'id': 20, 'coordinate': [744.5780406230501, 211.95273352341889]}
2020-01-30_22:15:42.307[Status]Routing 71: Walk: 68
2020-01-30_22:15:42.414[Battery Energy]70.30
2020-01-30_22:15:42.414[Status]Routing Start.
2020-01-30_22:15:42.544[Status]{'id': 20, 'coordinate': [754.557129455742, 212.59909725170445]}
2020-01-30_22:15:42.544[Status]Routing 72: Walk: 69
2020-01-30_22:15:42.644[Battery Energy]70.08
2020-01-30_22:15:42.644[Status]Routing Start.
2020-01-30_22:15:42.789[Status]{'id': 20, 'coordinate': [764.5362182884339, 213.24546097999004]}
2020-01-30_22:15:42.789[Status]Routing 73: Walk: 70
2020-01-30_22:15:42.894[Battery Energy]69.87
2020-01-30_22:15:42.894[Status]Routing Start.
2020-01-30_22:15:43.064[Status]{'id': 20, 'coordinate': [774.5153071211258, 213.8918247082756]}
2020-01-30_22:15:43.064[Status]Routing 74: Walk: 71
2020-01-30_22:15:43.164[Battery Energy]69.65
2020-01-30_22:15:43.164[Status]Routing Start.
2020-01-30_22:15:43.445[Status]{'id': 20, 'coordinate': [784.4943959538177, 214.5381884365612]}
2020-01-30_22:15:43.445[Status]Routing 75: Walk: 72
2020-01-30_22:15:43.550[Battery Energy]69.42
2020-01-30_22:15:43.550[Status]Routing Start.
2020-01-30_22:15:43.689[Status]{'id': 20, 'coordinate': [794.4734847865096, 215.18455216484676]}
2020-01-30_22:15:43.689[Status]Routing 76: Walk: 73
2020-01-30_22:15:43.793[Battery Energy]69.21
2020-01-30_22:15:43.793[Status]Routing Start.
2020-01-30_22:15:43.940[Status]{'id': 20, 'coordinate': [804.4525736192015, 215.83091589313233]}
2020-01-30_22:15:43.940[Status]Routing 77: Walk: 74
2020-01-30_22:15:44.040[Battery Energy]69.00
2020-01-30_22:15:44.040[Status]Routing Start.
2020-01-30_22:15:44.188[Status]{'id': 20, 'coordinate': [814.4316624518934, 216.47727962141792]}
2020-01-30_22:15:44.190[Status]Routing 78: Walk: 75
2020-01-30_22:15:44.300[Battery Energy]68.80
2020-01-30_22:15:44.300[Status]Routing Start.
2020-01-30_22:15:44.460[Status]{'id': 20, 'coordinate': [824.4107512845853, 217.12364334970349]}
2020-01-30_22:15:44.460[Status]Routing 79: Walk: 76
2020-01-30_22:15:44.562[Battery Energy]68.59
2020-01-30_22:15:44.562[Status]Routing Start.
2020-01-30_22:15:45.017[Status]Routing 80: Walk: 76
2020-01-30_22:15:45.122[Battery Energy]68.19
2020-01-30_22:15:45.122[Status]Routing Start.
2020-01-30_22:15:45.385[Status]Routing 81: Walk: 76
2020-01-30_22:15:45.488[Battery Energy]67.92
2020-01-30_22:15:45.489[Status]Routing Start.
2020-01-30_22:15:45.799[Status]Routing 82: Walk: 76
2020-01-30_22:15:45.901[Battery Energy]67.59
2020-01-30_22:15:45.901[Status]Routing Start.
2020-01-30_22:15:46.025[Status]{'id': 20, 'coordinate': [834.3898401172772, 217.77000707798908]}
2020-01-30_22:15:46.025[Status]Routing 83: Walk: 77
2020-01-30_22:15:46.130[Battery Energy]67.39
2020-01-30_22:15:46.130[Status]Routing Start.
2020-01-30_22:15:46.446[Status]{'id': 20, 'coordinate': [844.3689289499691, 218.41637080627464]}
2020-01-30_22:15:46.447[Status]Routing 84: Walk: 78
2020-01-30_22:15:46.558[Battery Energy]67.08
2020-01-30_22:15:46.558[Status]Routing Start.
2020-01-30_22:15:46.690[Status]{'id': 20, 'coordinate': [854.348017782661, 219.06273453456024]}
2020-01-30_22:15:46.690[Status]Routing 85: Walk: 79
2020-01-30_22:15:46.802[Battery Energy]66.89
2020-01-30_22:15:46.802[Status]Routing Start.
2020-01-30_22:15:46.938[Status]{'id': 20, 'coordinate': [864.3271066153529, 219.7090982628458]}
2020-01-30_22:15:46.939[Status]Routing 86: Walk: 80
2020-01-30_22:15:47.041[Battery Energy]66.69
2020-01-30_22:15:47.041[Status]Routing Start.
2020-01-30_22:15:47.181[Status]{'id': 20, 'coordinate': [874.3061954480448, 220.35546199113136]}
2020-01-30_22:15:47.181[Status]Routing 87: Walk: 81
2020-01-30_22:15:47.286[Battery Energy]66.48
2020-01-30_22:15:47.286[Status]Routing Start.
2020-01-30_22:15:47.591[Status]{'id': 20, 'coordinate': [884.2852842807367, 221.00182571941696]}
2020-01-30_22:15:47.592[Status]Routing 88: Walk: 82
2020-01-30_22:15:47.692[Battery Energy]66.14
2020-01-30_22:15:47.692[Status]Routing Start.
2020-01-30_22:15:47.825[Status]{'id': 20, 'coordinate': [894.2643731134286, 221.64818944770252]}
2020-01-30_22:15:47.825[Status]Routing 89: Walk: 83
2020-01-30_22:15:47.941[Battery Energy]65.95
2020-01-30_22:15:47.941[Status]Routing Start.
2020-01-30_22:15:48.089[Status]{'id': 20, 'coordinate': [904.2434619461205, 222.2945531759881]}
2020-01-30_22:15:48.089[Status]Routing 90: Walk: 84
2020-01-30_22:15:48.190[Battery Energy]65.74
2020-01-30_22:15:48.190[Status]Routing Start.
2020-01-30_22:15:48.476[Status]{'id': 20, 'coordinate': [914.2225507788124, 222.94091690427368]}
2020-01-30_22:15:48.477[Status]Routing 91: Walk: 85
2020-01-30_22:15:48.578[Battery Energy]65.44
2020-01-30_22:15:48.578[Status]Routing Start.
2020-01-30_22:15:48.708[Status]{'id': 20, 'coordinate': [924.2016396115043, 223.58728063255927]}
2020-01-30_22:15:48.708[Status]Routing 92: Walk: 86
2020-01-30_22:15:48.813[Battery Energy]65.22
2020-01-30_22:15:48.813[Status]Routing Start.
2020-01-30_22:15:48.986[Status]{'id': 20, 'coordinate': [934.1807284441962, 224.23364436084483]}
2020-01-30_22:15:48.986[Status]Routing 93: Walk: 87
2020-01-30_22:15:49.102[Battery Energy]64.98
2020-01-30_22:15:49.102[Status]Routing Start.
2020-01-30_22:15:49.411[Status]{'id': 20, 'coordinate': [944.1598172768881, 224.88000808913043]}
2020-01-30_22:15:49.411[Status]Routing 94: Walk: 88
2020-01-30_22:15:49.512[Battery Energy]64.68
2020-01-30_22:15:49.513[Status]Routing Start.
2020-01-30_22:15:49.666[Status]{'id': 20, 'coordinate': [954.13890610958, 225.526371817416]}
2020-01-30_22:15:49.666[Status]Routing 95: Walk: 89
2020-01-30_22:15:49.782[Battery Energy]64.44
2020-01-30_22:15:49.782[Status]Routing Start.
2020-01-30_22:15:49.911[Status]{'id': 20, 'coordinate': [964.1179949422719, 226.17273554570156]}
2020-01-30_22:15:49.911[Status]Routing 96: Walk: 90
2020-01-30_22:15:50.015[Battery Energy]64.24
2020-01-30_22:15:50.016[Status]Routing Start.
2020-01-30_22:15:50.294[Status]{'id': 20, 'coordinate': [974.0970837749638, 226.81909927398715]}
2020-01-30_22:15:50.294[Status]Routing 97: Walk: 91
2020-01-30_22:15:50.395[Battery Energy]63.92
2020-01-30_22:15:50.395[Status]Routing Start.
2020-01-30_22:15:50.707[Status]{'id': 20, 'coordinate': [984.0761726076557, 227.4654630022727]}
2020-01-30_22:15:50.707[Status]Routing 98: Walk: 92
2020-01-30_22:15:50.807[Battery Energy]63.62
2020-01-30_22:15:50.807[Status]Routing Start.
2020-01-30_22:15:51.123[Status]{'id': 20, 'coordinate': [994.0552614403476, 228.1118267305583]}
2020-01-30_22:15:51.124[Status]Routing 99: Walk: 93
2020-01-30_22:15:51.224[Battery Energy]63.31
2020-01-30_22:15:51.224[Status]Routing Start.
2020-01-30_22:15:51.471[Status]{'id': 20, 'coordinate': [1004.0343502730395, 228.75819045884387]}
2020-01-30_22:15:51.471[Status]Routing 100: Walk: 94
2020-01-30_22:15:51.578[Battery Energy]63.08
2020-01-30_22:15:51.578[Status]Routing Start.
2020-01-30_22:15:52.025[Status]{'id': 20, 'coordinate': [1000.1804975190139, 237.98574804199063]}
2020-01-30_22:15:52.026[Status]Routing 101: Walk: 95
2020-01-30_22:15:52.126[Battery Energy]62.63
2020-01-30_22:15:52.126[Status]Routing Start.
2020-01-30_22:15:52.274[Status]{'id': 20, 'coordinate': [1010.1781814899549, 237.77053833684565]}
2020-01-30_22:15:52.274[Status]Routing 102: Walk: 96
2020-01-30_22:15:52.381[Battery Energy]62.40
2020-01-30_22:15:52.382[Status]Routing Start.
2020-01-30_22:15:52.734[Status]{'id': 20, 'coordinate': [1003.3458502348509, 245.07254146068288]}
2020-01-30_22:15:52.738[Status]Routing 103: Walk: 97
2020-01-30_22:15:52.838[Battery Energy]61.99
2020-01-30_22:15:52.838[Status]Routing Start.
2020-01-30_22:15:53.234[Status]{'id': 20, 'coordinate': [1001.9712256754219, 254.97761123936766]}
2020-01-30_22:15:53.234[Status]Routing 104: Walk: 98
2020-01-30_22:15:53.335[Battery Energy]61.57
2020-01-30_22:15:53.335[Status]Routing Start.
2020-01-30_22:15:53.470[Status]{'id': 20, 'coordinate': [1011.8144751425227, 253.21396730466304]}
2020-01-30_22:15:53.470[Status]Routing 105: Walk: 99
2020-01-30_22:15:53.582[Battery Energy]61.34
2020-01-30_22:15:53.582[Status]Routing Start.
2020-01-30_22:15:53.985[Status]{'id': 20, 'coordinate': [1013.1662074931742, 263.12218710703934]}
2020-01-30_22:15:53.994[Status]Routing 106: Walk: 100
2020-01-30_22:15:54.097[Battery Energy]60.94
2020-01-30_22:15:54.097[Status]Routing Start.
2020-01-30_22:15:54.231[Status]{'id': 20, 'coordinate': [1022.7858010555894, 260.3902611025623]}
2020-01-30_22:15:54.232[Status]Routing 107: Walk: 101
2020-01-30_22:15:54.332[Battery Energy]60.76
2020-01-30_22:15:54.332[Status]Routing Start.
2020-01-30_22:15:54.674[Status]{'id': 20, 'coordinate': [1028.8376708376331, 268.35109473612016]}
2020-01-30_22:15:54.674[Status]Routing 108: Walk: 102
2020-01-30_22:15:54.775[Battery Energy]60.36
2020-01-30_22:15:54.775[Status]Routing Start.
2020-01-30_22:15:54.904[Status]{'id': 20, 'coordinate': [1038.1119836663272, 264.6111586998331]}
2020-01-30_22:15:54.904[Status]Routing 109: Walk: 103
2020-01-30_22:15:55.018[Battery Energy]60.17
2020-01-30_22:15:55.018[Status]Routing Start.
2020-01-30_22:15:55.144[Status]{'id': 20, 'coordinate': [1047.3862964950213, 260.871222663546]}
2020-01-30_22:15:55.144[Status]Routing 110: Walk: 104
2020-01-30_22:15:55.254[Battery Energy]59.98
2020-01-30_22:15:55.254[Status]Routing Start.
2020-01-30_22:15:55.410[Status]{'id': 20, 'coordinate': [1056.6606093237153, 257.13128662725893]}
2020-01-30_22:15:55.411[Status]Routing 111: Walk: 105
2020-01-30_22:15:55.518[Battery Energy]59.78
2020-01-30_22:15:55.518[Status]Routing Start.
2020-01-30_22:15:55.756[Status]{'id': 20, 'coordinate': [1065.9349221524096, 253.39135059097188]}
2020-01-30_22:15:55.757[Status]Routing 112: Walk: 106
2020-01-30_22:15:55.870[Battery Energy]59.51
2020-01-30_22:15:55.870[Status]Routing Start.
2020-01-30_22:15:56.091[Status]{'id': 20, 'coordinate': [1075.2092349811037, 249.6514145546848]}
2020-01-30_22:15:56.098[Status]Routing 113: Walk: 107
2020-01-30_22:15:56.206[Battery Energy]59.26
2020-01-30_22:15:56.206[Status]Routing Start.
2020-01-30_22:15:56.435[Status]{'id': 20, 'coordinate': [1084.483547809798, 245.91147851839776]}
2020-01-30_22:15:56.435[Status]Routing 114: Walk: 108
2020-01-30_22:15:56.536[Battery Energy]59.01
2020-01-30_22:15:56.536[Status]Routing Start.
2020-01-30_22:15:56.894[Status]{'id': 20, 'coordinate': [1093.757860638492, 242.17154248211068]}
2020-01-30_22:15:56.894[Status]Routing 115: Walk: 109
2020-01-30_22:15:57.002[Battery Energy]58.66
2020-01-30_22:15:57.002[Status]Routing Start.
2020-01-30_22:15:57.327[Status]{'id': 20, 'coordinate': [1103.0321734671863, 238.43160644582363]}
2020-01-30_22:15:57.327[Status]Routing 116: Walk: 110
2020-01-30_22:15:57.427[Battery Energy]58.31
2020-01-30_22:15:57.427[Status]Routing Start.
2020-01-30_22:15:57.428[Status]Task Finished.
2020-01-30_22:15:57.528[Battery Energy]58.31
2020-01-30_22:15:57.767[Status]Routing 118: Walk: 110
2020-01-30_22:15:57.869[Battery Energy]58.14
2020-01-30_22:15:58.166[Status]Routing 119: Walk: 110
2020-01-30_22:15:58.266[Battery Energy]57.95
2020-01-30_22:15:58.505[Status]Routing 120: Walk: 110
2020-01-30_22:15:58.606[Battery Energy]57.77
2020-01-30_22:15:58.971[Status]Routing 121: Walk: 110
2020-01-30_22:15:59.090[Battery Energy]57.51
2020-01-30_22:15:59.212[Status]Routing 122: Walk: 110
2020-01-30_22:15:59.312[Battery Energy]57.43
2020-01-30_22:15:59.649[Status]Routing 123: Walk: 110
2020-01-30_22:15:59.757[Battery Energy]57.22
2020-01-30_22:15:59.975[Status]Routing 124: Walk: 110
2020-01-30_22:16:00.079[Battery Energy]57.06
2020-01-30_22:16:00.411[Status]Routing 125: Walk: 110
2020-01-30_22:16:00.522[Battery Energy]56.82
2020-01-30_22:16:00.816[Status]Routing 126: Walk: 110
2020-01-30_22:16:00.934[Battery Energy]56.64
2020-01-30_22:16:01.461[Status]Routing 127: Walk: 110
2020-01-30_22:16:01.561[Battery Energy]56.14
2020-01-30_22:16:01.892[Status]Routing 128: Walk: 110
2020-01-30_22:16:01.992[Battery Energy]55.81
2020-01-30_22:16:02.307[Status]Routing 129: Walk: 110
2020-01-30_22:16:02.408[Battery Energy]55.49
2020-01-30_22:16:02.707[Status]Routing 130: Walk: 110
2020-01-30_22:16:02.807[Battery Energy]55.17
2020-01-30_22:16:03.122[Status]Routing 131: Walk: 110
2020-01-30_22:16:03.223[Battery Energy]54.84
2020-01-30_22:16:03.355[Status]Routing 132: Walk: 110
2020-01-30_22:16:03.466[Battery Energy]54.75
2020-01-30_22:16:03.774[Status]Routing 133: Walk: 110
2020-01-30_22:16:03.882[Battery Energy]54.45
2020-01-30_22:16:04.018[Status]Routing 134: Walk: 110
2020-01-30_22:16:04.122[Battery Energy]54.38
2020-01-30_22:16:04.469[Status]Routing 135: Walk: 110
2020-01-30_22:16:04.574[Battery Energy]54.04
2020-01-30_22:16:04.889[Status]Routing 136: Walk: 110
2020-01-30_22:16:04.990[Battery Energy]53.71
2020-01-30_22:16:05.348[Status]Routing 137: Walk: 110
2020-01-30_22:16:05.448[Battery Energy]53.39
2020-01-30_22:16:05.779[Status]Routing 138: Walk: 110
2020-01-30_22:16:05.880[Battery Energy]53.06
2020-01-30_22:16:06.193[Status]Routing 139: Walk: 110
2020-01-30_22:16:06.293[Battery Energy]52.73
2020-01-30_22:16:06.425[Status]Routing 140: Walk: 110
2020-01-30_22:16:06.525[Battery Energy]52.64
2020-01-30_22:16:06.708[Status]Routing 141: Walk: 110
2020-01-30_22:16:06.818[Battery Energy]52.55
2020-01-30_22:16:06.955[Status]Routing 142: Walk: 110
2020-01-30_22:16:07.074[Battery Energy]52.45
2020-01-30_22:16:07.262[Status]Routing 143: Walk: 110
2020-01-30_22:16:07.362[Battery Energy]52.30
2020-01-30_22:16:07.585[Status]Routing 144: Walk: 110
2020-01-30_22:16:07.702[Battery Energy]52.13
2020-01-30_22:16:07.835[Status]Routing 145: Walk: 110
2020-01-30_22:16:07.936[Battery Energy]52.00
2020-01-30_22:16:08.087[Status]Routing 146: Walk: 110
2020-01-30_22:16:08.190[Battery Energy]51.90
2020-01-30_22:16:08.361[Status]Routing 147: Walk: 110
2020-01-30_22:16:08.478[Battery Energy]51.78
2020-01-30_22:16:08.602[Status]Routing 148: Walk: 110
2020-01-30_22:16:08.710[Battery Energy]51.68
2020-01-30_22:16:08.827[Status]Routing 149: Walk: 110
2020-01-30_22:16:08.937[Battery Energy]51.57
2020-01-30_22:16:09.105[Status]Routing 150: Walk: 110
2020-01-30_22:16:09.205[Battery Energy]51.43
2020-01-30_22:16:09.411[Status]Routing 151: Walk: 110
2020-01-30_22:16:09.532[Battery Energy]51.29
2020-01-30_22:16:09.656[Status]Routing 152: Walk: 110
2020-01-30_22:16:09.762[Battery Energy]51.19
2020-01-30_22:16:09.913[Status]Routing 153: Walk: 110
2020-01-30_22:16:10.028[Battery Energy]51.06
2020-01-30_22:16:10.185[Status]Routing 154: Walk: 110
2020-01-30_22:16:10.298[Battery Energy]50.97
2020-01-30_22:16:10.428[Status]Routing 155: Walk: 110
2020-01-30_22:16:10.528[Battery Energy]50.86
2020-01-30_22:16:10.670[Status]Routing 156: Walk: 110
2020-01-30_22:16:10.778[Battery Energy]50.76
2020-01-30_22:16:10.950[Status]Routing 157: Walk: 110
2020-01-30_22:16:11.050[Battery Energy]50.61
2020-01-30_22:16:11.189[Status]Routing 158: Walk: 110
2020-01-30_22:16:11.296[Battery Energy]50.49
2020-01-30_22:16:11.453[Status]Routing 159: Walk: 110
2020-01-30_22:16:11.562[Battery Energy]50.40
2020-01-30_22:16:11.707[Status]Routing 160: Walk: 110
2020-01-30_22:16:11.814[Battery Energy]50.26
2020-01-30_22:16:11.981[Status]Routing 161: Walk: 110
2020-01-30_22:16:12.086[Battery Energy]50.14
2020-01-30_22:16:12.221[Status]Routing 162: Walk: 110
2020-01-30_22:16:12.323[Battery Energy]50.04
2020-01-30_22:16:12.474[Status]Routing 163: Walk: 110
2020-01-30_22:16:12.582[Battery Energy]49.94
2020-01-30_22:16:12.733[Status]Routing 164: Walk: 110
2020-01-30_22:16:12.833[Battery Energy]49.83
2020-01-30_22:16:12.993[Status]Routing 165: Walk: 110
2020-01-30_22:16:13.094[Battery Energy]49.73
2020-01-30_22:16:13.227[Status]Routing 166: Walk: 110
2020-01-30_22:16:13.328[Battery Energy]49.63
2020-01-30_22:16:13.473[Status]Routing 167: Walk: 110
2020-01-30_22:16:13.574[Battery Energy]49.53
2020-01-30_22:16:13.734[Status]Routing 168: Walk: 110
2020-01-30_22:16:13.846[Battery Energy]49.43
2020-01-30_22:16:13.985[Status]Routing 169: Walk: 110
2020-01-30_22:16:14.090[Battery Energy]49.33
2020-01-30_22:16:14.220[Status]Routing 170: Walk: 110
2020-01-30_22:16:14.326[Battery Energy]49.23
2020-01-30_22:16:14.472[Status]Routing 171: Walk: 110
2020-01-30_22:16:14.573[Battery Energy]49.13
2020-01-30_22:16:14.706[Status]Routing 172: Walk: 110
2020-01-30_22:16:14.822[Battery Energy]49.03
2020-01-30_22:16:14.938[Status]Routing 173: Walk: 110
2020-01-30_22:16:15.044[Battery Energy]48.93
2020-01-30_22:16:15.195[Status]Routing 174: Walk: 110
2020-01-30_22:16:15.313[Battery Energy]48.79
2020-01-30_22:16:15.463[Status]Routing 175: Walk: 110
2020-01-30_22:16:15.578[Battery Energy]48.66
2020-01-30_22:16:15.722[Status]Routing 176: Walk: 110
2020-01-30_22:16:15.834[Battery Energy]48.56
2020-01-30_22:16:15.973[Status]Routing 177: Walk: 110
2020-01-30_22:16:16.074[Battery Energy]48.45
2020-01-30_22:16:16.209[Status]Routing 178: Walk: 110
2020-01-30_22:16:16.309[Battery Energy]48.35
2020-01-30_22:16:16.471[Status]Routing 179: Walk: 110
2020-01-30_22:16:16.575[Battery Energy]48.23
2020-01-30_22:16:16.761[Status]Routing 180: Walk: 110
2020-01-30_22:16:16.877[Battery Energy]48.11
2020-01-30_22:16:17.033[Status]Routing 181: Walk: 110
2020-01-30_22:16:17.133[Battery Energy]47.99
2020-01-30_22:16:17.277[Status]Routing 182: Walk: 110
2020-01-30_22:16:17.394[Battery Energy]47.89
