2020-01-30_22:15:03.991[Status]Start.
2020-01-30_22:15:03.996[Battery Energy]91.00
2020-01-30_22:15:05.102[Battery Energy]90.96
2020-01-30_22:15:06.205[Battery Energy]90.92
2020-01-30_22:15:07.306[Battery Energy]90.88
2020-01-30_22:15:08.407[Battery Energy]90.84
2020-01-30_22:15:09.508[Task]A New Task Released.
2020-01-30_22:15:09.508[Battery Energy]90.80
2020-01-30_22:15:09.508[Status]Selection Start.
2020-01-30_22:15:16.600[Status]Selection End: Do Task 1.
2020-01-30_22:15:16.703[Battery Energy]85.89
2020-01-30_22:15:16.703[Status]Formation Start.
2020-01-30_22:15:16.845[Status]number of tasks is 7
2020-01-30_22:15:16.856[Status]my group tasks is [ 1262.34898019   621.81685175]
2020-01-30_22:15:16.861[Status]my group tasks is [ 1300.   700.]
2020-01-30_22:15:16.871[Status]my group tasks is [ 1262.34898019   778.18314825]
2020-01-30_22:15:16.876[Status]my group tasks is [ 1177.7479066    797.49279122]
2020-01-30_22:15:16.883[Status]my group tasks is [ 1109.90311321   743.38837391]
2020-01-30_22:15:16.894[Status]my group tasks is [ 1109.90311321   656.61162609]
2020-01-30_22:15:16.907[Status]my group tasks is [ 1177.7479066    602.50720878]
2020-01-30_22:15:16.938[Status]mygroup_robots_utility is {16: [30.56835704403303, 25.299183840168816, 14.72666162457653, 27.048180529453713, 12.612663284472738, 13.431171225350475, 14.639804404410512], 1: [16.727955636670927, 17.065808981284388, 14.768695116600714, 32.204680464681665, 28.0873088611228, 14.308664259946777, 15.436422389593348], 2: [16.623629957334604, 17.334537282789743, 18.016170429416512, 31.799451651263656, 18.378599502796316, 30.821480439323018, 15.124262032187888], 5: [16.845344210241976, 17.169025177199238, 17.703205228013434, 15.445772915083445, 29.156834776633435, 14.71429090279644, 31.578514744905807], 6: [32.327955155922346, 14.328647542832524, 15.598281633210082, 13.330155978594297, 13.390169566191387, 14.177373739652111, 15.456444474477236], 7: [16.145658689177374, 18.797617916605894, 34.67209963142809, 17.565549531480364, 15.515926816488093, 18.67998144876231, 15.988535756547526], 12: [16.292113125710237, 17.443596351935888, 32.24203287405172, 14.859877698695687, 17.356339662254854, 28.80861009560241, 14.977537102229327]}
2020-01-30_22:15:16.938[Status]self.local_queue is [2, 1, 5, 7, 6, 12, 16]
2020-01-30_22:15:16.938[Status]task_chosen index is 3
2020-01-30_22:15:16.938[Status]task_chosen index is 4
2020-01-30_22:15:16.938[Status]task_chosen index is 6
2020-01-30_22:15:16.938[Status]task_chosen index is 2
2020-01-30_22:15:16.938[Status]task_chosen index is 0
2020-01-30_22:15:16.938[Status]myindex_in_queue is 0
2020-01-30_22:15:16.938[Status]task destination is [1300.0, 700.0]
2020-01-30_22:15:17.038[Battery Energy]85.73
2020-01-30_22:15:17.039[Status]Routing Start.
2020-01-30_22:15:17.182[Status]{'id': 6, 'coordinate': [132.92598142092453, 110.5085314319976]}
2020-01-30_22:15:17.182[Status]Routing 1: Walk: 1
2020-01-30_22:15:17.283[Battery Energy]85.51
2020-01-30_22:15:17.283[Status]Routing Start.
2020-01-30_22:15:17.439[Status]{'id': 6, 'coordinate': [141.85196284184906, 115.01706286399519]}
2020-01-30_22:15:17.439[Status]Routing 2: Walk: 2
2020-01-30_22:15:17.540[Battery Energy]85.30
2020-01-30_22:15:17.540[Status]Routing Start.
2020-01-30_22:15:17.696[Status]{'id': 6, 'coordinate': [150.7779442627736, 119.52559429599279]}
2020-01-30_22:15:17.701[Status]Routing 3: Walk: 3
2020-01-30_22:15:17.802[Battery Energy]85.08
2020-01-30_22:15:17.802[Status]Routing Start.
2020-01-30_22:15:17.939[Status]{'id': 6, 'coordinate': [159.70392568369812, 124.03412572799039]}
2020-01-30_22:15:17.939[Status]Routing 4: Walk: 4
2020-01-30_22:15:18.040[Battery Energy]84.88
2020-01-30_22:15:18.040[Status]Routing Start.
2020-01-30_22:15:18.219[Status]{'id': 6, 'coordinate': [168.62990710462265, 128.54265715998798]}
2020-01-30_22:15:18.219[Status]Routing 5: Walk: 5
2020-01-30_22:15:18.323[Battery Energy]84.66
2020-01-30_22:15:18.323[Status]Routing Start.
2020-01-30_22:15:18.659[Status]{'id': 6, 'coordinate': [177.55588852554718, 133.05118859198558]}
2020-01-30_22:15:18.659[Status]Routing 6: Walk: 6
2020-01-30_22:15:18.761[Battery Energy]84.34
2020-01-30_22:15:18.761[Status]Routing Start.
2020-01-30_22:15:18.900[Status]{'id': 6, 'coordinate': [186.4818699464717, 137.55972002398317]}
2020-01-30_22:15:18.900[Status]Routing 7: Walk: 7
2020-01-30_22:15:19.000[Battery Energy]84.13
2020-01-30_22:15:19.000[Status]Routing Start.
2020-01-30_22:15:19.295[Status]{'id': 6, 'coordinate': [195.40785136739623, 142.06825145598077]}
2020-01-30_22:15:19.295[Status]Routing 8: Walk: 8
2020-01-30_22:15:19.401[Battery Energy]83.82
2020-01-30_22:15:19.401[Status]Routing Start.
2020-01-30_22:15:19.673[Status]{'id': 6, 'coordinate': [204.33383278832076, 146.57678288797837]}
2020-01-30_22:15:19.673[Status]Routing 9: Walk: 9
2020-01-30_22:15:19.775[Battery Energy]83.50
2020-01-30_22:15:19.775[Status]Routing Start.
2020-01-30_22:15:20.057[Status]{'id': 6, 'coordinate': [213.2598142092453, 151.08531431997596]}
2020-01-30_22:15:20.061[Status]Routing 10: Walk: 10
2020-01-30_22:15:20.161[Battery Energy]83.18
2020-01-30_22:15:20.161[Status]Routing Start.
2020-01-30_22:15:20.483[Status]{'id': 6, 'coordinate': [222.18579563016982, 155.59384575197356]}
2020-01-30_22:15:20.484[Status]Routing 11: Walk: 11
2020-01-30_22:15:20.586[Battery Energy]82.87
2020-01-30_22:15:20.586[Status]Routing Start.
2020-01-30_22:15:20.867[Status]{'id': 6, 'coordinate': [231.11177705109435, 160.10237718397116]}
2020-01-30_22:15:20.867[Status]Routing 12: Walk: 12
2020-01-30_22:15:20.967[Battery Energy]82.56
2020-01-30_22:15:20.967[Status]Routing Start.
2020-01-30_22:15:21.294[Status]{'id': 6, 'coordinate': [240.03775847201888, 164.61090861596875]}
2020-01-30_22:15:21.294[Status]Routing 13: Walk: 13
2020-01-30_22:15:21.398[Battery Energy]82.24
2020-01-30_22:15:21.398[Status]Routing Start.
2020-01-30_22:15:21.722[Status]{'id': 6, 'coordinate': [248.9637398929434, 169.11944004796635]}
2020-01-30_22:15:21.723[Status]Routing 14: Walk: 14
2020-01-30_22:15:21.830[Battery Energy]81.90
2020-01-30_22:15:21.830[Status]Routing Start.
2020-01-30_22:15:22.149[Status]{'id': 6, 'coordinate': [257.88972131386794, 173.62797147996395]}
2020-01-30_22:15:22.150[Status]Routing 15: Walk: 15
2020-01-30_22:15:22.254[Battery Energy]81.56
2020-01-30_22:15:22.254[Status]Routing Start.
2020-01-30_22:15:22.546[Status]{'id': 6, 'coordinate': [266.81570273479247, 178.13650291196154]}
2020-01-30_22:15:22.546[Status]Routing 16: Walk: 16
2020-01-30_22:15:22.650[Battery Energy]81.27
2020-01-30_22:15:22.650[Status]Routing Start.
2020-01-30_22:15:22.985[Status]{'id': 6, 'coordinate': [275.741684155717, 182.64503434395914]}
2020-01-30_22:15:22.985[Status]Routing 17: Walk: 17
2020-01-30_22:15:23.085[Battery Energy]80.95
2020-01-30_22:15:23.085[Status]Routing Start.
2020-01-30_22:15:23.415[Status]{'id': 6, 'coordinate': [284.6676655766415, 187.15356577595674]}
2020-01-30_22:15:23.415[Status]Routing 18: Walk: 18
2020-01-30_22:15:23.515[Battery Energy]80.63
2020-01-30_22:15:23.515[Status]Routing Start.
2020-01-30_22:15:23.804[Status]{'id': 6, 'coordinate': [293.59364699756605, 191.66209720795433]}
2020-01-30_22:15:23.804[Status]Routing 19: Walk: 19
2020-01-30_22:15:23.904[Battery Energy]80.29
2020-01-30_22:15:23.904[Status]Routing Start.
2020-01-30_22:15:24.210[Status]{'id': 6, 'coordinate': [302.5196284184906, 196.17062863995193]}
2020-01-30_22:15:24.210[Status]Routing 20: Walk: 20
2020-01-30_22:15:24.311[Battery Energy]80.00
2020-01-30_22:15:24.311[Status]Routing Start.
2020-01-30_22:15:24.675[Status]{'id': 6, 'coordinate': [311.4456098394151, 200.67916007194952]}
2020-01-30_22:15:24.675[Status]Routing 21: Walk: 21
2020-01-30_22:15:24.776[Battery Energy]79.62
2020-01-30_22:15:24.776[Status]Routing Start.
2020-01-30_22:15:24.916[Status]{'id': 6, 'coordinate': [320.37159126033964, 205.18769150394712]}
2020-01-30_22:15:24.916[Status]Routing 22: Walk: 22
2020-01-30_22:15:25.019[Battery Energy]79.42
2020-01-30_22:15:25.019[Status]Routing Start.
2020-01-30_22:15:25.284[Status]{'id': 6, 'coordinate': [329.29757268126417, 209.69622293594472]}
2020-01-30_22:15:25.284[Status]Routing 23: Walk: 23
2020-01-30_22:15:25.384[Battery Energy]79.13
2020-01-30_22:15:25.384[Status]Routing Start.
2020-01-30_22:15:25.708[Status]{'id': 6, 'coordinate': [338.2235541021887, 214.20475436794231]}
2020-01-30_22:15:25.708[Status]Routing 24: Walk: 24
2020-01-30_22:15:25.808[Battery Energy]78.84
2020-01-30_22:15:25.808[Status]Routing Start.
2020-01-30_22:15:26.116[Status]{'id': 6, 'coordinate': [347.14953552311323, 218.7132857999399]}
2020-01-30_22:15:26.116[Status]Routing 25: Walk: 25
2020-01-30_22:15:26.216[Battery Energy]78.53
2020-01-30_22:15:26.216[Status]Routing Start.
2020-01-30_22:15:26.685[Status]{'id': 6, 'coordinate': [346.31730086386443, 228.67859490061235]}
2020-01-30_22:15:26.698[Status]Routing 26: Walk: 26
2020-01-30_22:15:26.798[Battery Energy]78.04
2020-01-30_22:15:26.798[Status]Routing Start.
2020-01-30_22:15:27.107[Status]{'id': 6, 'coordinate': [355.28223216158153, 233.10917125445303]}
2020-01-30_22:15:27.107[Status]Routing 27: Walk: 27
2020-01-30_22:15:27.207[Battery Energy]77.71
2020-01-30_22:15:27.208[Status]Routing Start.
2020-01-30_22:15:27.481[Status]{'id': 6, 'coordinate': [364.24716345929863, 237.5397476082937]}
2020-01-30_22:15:27.481[Status]Routing 28: Walk: 28
2020-01-30_22:15:27.581[Battery Energy]77.37
2020-01-30_22:15:27.581[Status]Routing Start.
2020-01-30_22:15:27.880[Status]{'id': 6, 'coordinate': [373.21209475701573, 241.9703239621344]}
2020-01-30_22:15:27.880[Status]Routing 29: Walk: 29
2020-01-30_22:15:27.982[Battery Energy]77.01
2020-01-30_22:15:27.982[Status]Routing Start.
2020-01-30_22:15:28.327[Status]{'id': 6, 'coordinate': [382.17702605473283, 246.40090031597506]}
2020-01-30_22:15:28.329[Status]Routing 30: Walk: 30
2020-01-30_22:15:28.435[Battery Energy]76.62
2020-01-30_22:15:28.435[Status]Routing Start.
2020-01-30_22:15:28.738[Status]{'id': 6, 'coordinate': [391.14195735244994, 250.83147666981574]}
2020-01-30_22:15:28.739[Status]Routing 31: Walk: 31
2020-01-30_22:15:28.839[Battery Energy]76.27
2020-01-30_22:15:28.839[Status]Routing Start.
2020-01-30_22:15:29.014[Status]{'id': 6, 'coordinate': [400.10688865016704, 255.26205302365642]}
2020-01-30_22:15:29.014[Status]Routing 32: Walk: 32
2020-01-30_22:15:29.122[Battery Energy]76.08
2020-01-30_22:15:29.122[Status]Routing Start.
2020-01-30_22:15:29.463[Status]{'id': 6, 'coordinate': [409.07181994788414, 259.6926293774971]}
2020-01-30_22:15:29.463[Status]Routing 33: Walk: 33
2020-01-30_22:15:29.563[Battery Energy]75.75
2020-01-30_22:15:29.563[Status]Routing Start.
2020-01-30_22:15:29.888[Status]{'id': 6, 'coordinate': [418.03675124560124, 264.12320573133775]}
2020-01-30_22:15:29.888[Status]Routing 34: Walk: 34
2020-01-30_22:15:29.998[Battery Energy]75.45
2020-01-30_22:15:29.998[Status]Routing Start.
2020-01-30_22:15:30.312[Status]{'id': 6, 'coordinate': [427.00168254331834, 268.5537820851784]}
2020-01-30_22:15:30.312[Status]Routing 35: Walk: 35
2020-01-30_22:15:30.414[Battery Energy]75.16
2020-01-30_22:15:30.414[Status]Routing Start.
2020-01-30_22:15:30.731[Status]{'id': 6, 'coordinate': [435.96661384103544, 272.98435843901905]}
2020-01-30_22:15:30.731[Status]Routing 36: Walk: 36
2020-01-30_22:15:30.831[Battery Energy]74.86
2020-01-30_22:15:30.832[Status]Routing Start.
2020-01-30_22:15:31.239[Status]{'id': 6, 'coordinate': [444.93154513875254, 277.4149347928597]}
2020-01-30_22:15:31.243[Status]Routing 37: Walk: 37
2020-01-30_22:15:31.343[Battery Energy]74.46
2020-01-30_22:15:31.343[Status]Routing Start.
2020-01-30_22:15:31.676[Status]Routing 38: Walk: 37
2020-01-30_22:15:31.780[Battery Energy]74.18
2020-01-30_22:15:31.780[Status]Routing Start.
2020-01-30_22:15:32.063[Status]{'id': 6, 'coordinate': [453.89647643646964, 281.84551114670035]}
2020-01-30_22:15:32.064[Status]Routing 39: Walk: 38
2020-01-30_22:15:32.164[Battery Energy]73.83
2020-01-30_22:15:32.164[Status]Routing Start.
2020-01-30_22:15:32.526[Status]Routing 40: Walk: 38
2020-01-30_22:15:32.627[Battery Energy]73.50
2020-01-30_22:15:32.627[Status]Routing Start.
2020-01-30_22:15:32.960[Status]{'id': 6, 'coordinate': [462.86140773418674, 286.276087500541]}
2020-01-30_22:15:32.960[Status]Routing 41: Walk: 39
2020-01-30_22:15:33.061[Battery Energy]73.12
2020-01-30_22:15:33.061[Status]Routing Start.
2020-01-30_22:15:33.197[Status]{'id': 6, 'coordinate': [471.82633903190384, 290.70666385438165]}
2020-01-30_22:15:33.197[Status]Routing 42: Walk: 40
2020-01-30_22:15:33.310[Battery Energy]72.91
2020-01-30_22:15:33.310[Status]Routing Start.
2020-01-30_22:15:33.613[Status]{'id': 6, 'coordinate': [480.79127032962094, 295.1372402082223]}
2020-01-30_22:15:33.614[Status]Routing 43: Walk: 41
2020-01-30_22:15:33.730[Battery Energy]72.61
2020-01-30_22:15:33.730[Status]Routing Start.
2020-01-30_22:15:34.191[Status]{'id': 6, 'coordinate': [489.75620162733804, 299.56781656206294]}
2020-01-30_22:15:34.191[Status]Routing 44: Walk: 42
2020-01-30_22:15:34.291[Battery Energy]72.17
2020-01-30_22:15:34.291[Status]Routing Start.
2020-01-30_22:15:34.444[Status]{'id': 6, 'coordinate': [498.72113292505514, 303.9983929159036]}
2020-01-30_22:15:34.444[Status]Routing 45: Walk: 43
2020-01-30_22:15:34.550[Battery Energy]71.94
2020-01-30_22:15:34.550[Status]Routing Start.
2020-01-30_22:15:34.697[Status]{'id': 6, 'coordinate': [507.68606422277225, 308.42896926974424]}
2020-01-30_22:15:34.697[Status]Routing 46: Walk: 44
2020-01-30_22:15:34.802[Battery Energy]71.74
2020-01-30_22:15:34.802[Status]Routing Start.
2020-01-30_22:15:35.112[Status]{'id': 6, 'coordinate': [516.6509955204893, 312.8595456235849]}
2020-01-30_22:15:35.112[Status]Routing 47: Walk: 45
2020-01-30_22:15:35.214[Battery Energy]71.45
2020-01-30_22:15:35.214[Status]Routing Start.
2020-01-30_22:15:35.508[Status]{'id': 6, 'coordinate': [525.6159268182065, 317.29012197742554]}
2020-01-30_22:15:35.511[Status]Routing 48: Walk: 46
2020-01-30_22:15:35.611[Battery Energy]71.13
2020-01-30_22:15:35.611[Status]Routing Start.
2020-01-30_22:15:35.860[Status]{'id': 6, 'coordinate': [534.5808581159237, 321.7206983312662]}
2020-01-30_22:15:35.860[Status]Routing 49: Walk: 47
2020-01-30_22:15:35.966[Battery Energy]70.86
2020-01-30_22:15:35.966[Status]Routing Start.
2020-01-30_22:15:36.100[Status]{'id': 6, 'coordinate': [543.5457894136408, 326.15127468510684]}
2020-01-30_22:15:36.100[Status]Routing 50: Walk: 48
2020-01-30_22:15:36.201[Battery Energy]70.64
2020-01-30_22:15:36.201[Status]Routing Start.
2020-01-30_22:15:36.455[Status]{'id': 6, 'coordinate': [552.510720711358, 330.5818510389475]}
2020-01-30_22:15:36.455[Status]Routing 51: Walk: 49
2020-01-30_22:15:36.558[Battery Energy]70.34
2020-01-30_22:15:36.558[Status]Routing Start.
2020-01-30_22:15:36.715[Status]{'id': 6, 'coordinate': [561.4756520090751, 335.01242739278814]}
2020-01-30_22:15:36.715[Status]Routing 52: Walk: 50
2020-01-30_22:15:36.826[Battery Energy]70.10
2020-01-30_22:15:36.826[Status]Routing Start.
2020-01-30_22:15:36.949[Status]{'id': 6, 'coordinate': [570.4405833067923, 339.4430037466288]}
2020-01-30_22:15:36.949[Status]Routing 53: Walk: 51
2020-01-30_22:15:37.049[Battery Energy]69.91
2020-01-30_22:15:37.049[Status]Routing Start.
2020-01-30_22:15:37.211[Status]{'id': 6, 'coordinate': [579.4055146045094, 343.87358010046944]}
2020-01-30_22:15:37.211[Status]Routing 54: Walk: 52
2020-01-30_22:15:37.311[Battery Energy]69.69
2020-01-30_22:15:37.311[Status]Routing Start.
2020-01-30_22:15:37.478[Status]{'id': 6, 'coordinate': [588.3704459022266, 348.3041564543101]}
2020-01-30_22:15:37.478[Status]Routing 55: Walk: 53
2020-01-30_22:15:37.578[Battery Energy]69.48
2020-01-30_22:15:37.578[Status]Routing Start.
2020-01-30_22:15:37.896[Status]{'id': 6, 'coordinate': [597.3353771999438, 352.73473280815074]}
2020-01-30_22:15:37.896[Status]Routing 56: Walk: 54
2020-01-30_22:15:37.996[Battery Energy]69.12
2020-01-30_22:15:37.996[Status]Routing Start.
2020-01-30_22:15:38.282[Status]{'id': 6, 'coordinate': [606.3003084976609, 357.1653091619914]}
2020-01-30_22:15:38.282[Status]Routing 57: Walk: 55
2020-01-30_22:15:38.382[Battery Energy]68.77
2020-01-30_22:15:38.383[Status]Routing Start.
2020-01-30_22:15:38.680[Status]{'id': 6, 'coordinate': [615.2652397953781, 361.59588551583204]}
2020-01-30_22:15:38.680[Status]Routing 58: Walk: 56
2020-01-30_22:15:38.780[Battery Energy]68.41
2020-01-30_22:15:38.780[Status]Routing Start.
2020-01-30_22:15:39.066[Status]{'id': 6, 'coordinate': [624.2301710930952, 366.0264618696727]}
2020-01-30_22:15:39.066[Status]Routing 59: Walk: 57
2020-01-30_22:15:39.170[Battery Energy]68.03
2020-01-30_22:15:39.170[Status]Routing Start.
2020-01-30_22:15:39.308[Status]{'id': 6, 'coordinate': [633.1951023908124, 370.45703822351334]}
2020-01-30_22:15:39.308[Status]Routing 60: Walk: 58
2020-01-30_22:15:39.409[Battery Energy]67.81
2020-01-30_22:15:39.409[Status]Routing Start.
2020-01-30_22:15:39.567[Status]{'id': 6, 'coordinate': [642.1600336885296, 374.887614577354]}
2020-01-30_22:15:39.567[Status]Routing 61: Walk: 59
2020-01-30_22:15:39.670[Battery Energy]67.61
2020-01-30_22:15:39.670[Status]Routing Start.
2020-01-30_22:15:39.828[Status]{'id': 6, 'coordinate': [651.1249649862467, 379.31819093119464]}
2020-01-30_22:15:39.828[Status]Routing 62: Walk: 60
2020-01-30_22:15:39.932[Battery Energy]67.40
2020-01-30_22:15:39.932[Status]Routing Start.
2020-01-30_22:15:40.182[Status]{'id': 6, 'coordinate': [660.0898962839639, 383.7487672850353]}
2020-01-30_22:15:40.183[Status]Routing 63: Walk: 61
2020-01-30_22:15:40.294[Battery Energy]67.12
2020-01-30_22:15:40.294[Status]Routing Start.
2020-01-30_22:15:40.427[Status]{'id': 6, 'coordinate': [669.054827581681, 388.17934363887593]}
2020-01-30_22:15:40.427[Status]Routing 64: Walk: 62
2020-01-30_22:15:40.527[Battery Energy]66.92
2020-01-30_22:15:40.527[Status]Routing Start.
2020-01-30_22:15:40.808[Status]{'id': 6, 'coordinate': [678.0197588793982, 392.60991999271664]}
2020-01-30_22:15:40.808[Status]Routing 65: Walk: 63
2020-01-30_22:15:40.910[Battery Energy]66.60
2020-01-30_22:15:40.910[Status]Routing Start.
2020-01-30_22:15:41.050[Status]{'id': 6, 'coordinate': [686.9846901771153, 397.04049634655735]}
2020-01-30_22:15:41.050[Status]Routing 66: Walk: 64
2020-01-30_22:15:41.150[Battery Energy]66.40
2020-01-30_22:15:41.150[Status]Routing Start.
2020-01-30_22:15:41.299[Status]{'id': 6, 'coordinate': [695.9496214748325, 401.47107270039805]}
2020-01-30_22:15:41.299[Status]Routing 67: Walk: 65
2020-01-30_22:15:41.402[Battery Energy]66.19
2020-01-30_22:15:41.402[Status]Routing Start.
2020-01-30_22:15:41.546[Status]{'id': 6, 'coordinate': [704.9145527725497, 405.90164905423876]}
2020-01-30_22:15:41.547[Status]Routing 68: Walk: 66
2020-01-30_22:15:41.654[Battery Energy]65.97
2020-01-30_22:15:41.654[Status]Routing Start.
2020-01-30_22:15:41.782[Status]{'id': 6, 'coordinate': [713.8794840702668, 410.33222540807947]}
2020-01-30_22:15:41.782[Status]Routing 69: Walk: 67
2020-01-30_22:15:41.894[Battery Energy]65.77
2020-01-30_22:15:41.894[Status]Routing Start.
2020-01-30_22:15:42.060[Status]{'id': 6, 'coordinate': [722.844415367984, 414.7628017619202]}
2020-01-30_22:15:42.060[Status]Routing 70: Walk: 68
2020-01-30_22:15:42.160[Battery Energy]65.55
2020-01-30_22:15:42.160[Status]Routing Start.
2020-01-30_22:15:42.312[Status]{'id': 6, 'coordinate': [731.8093466657011, 419.1933781157609]}
2020-01-30_22:15:42.312[Status]Routing 71: Walk: 69
2020-01-30_22:15:42.418[Battery Energy]65.33
2020-01-30_22:15:42.418[Status]Routing Start.
2020-01-30_22:15:42.538[Status]{'id': 6, 'coordinate': [740.7742779634183, 423.6239544696016]}
2020-01-30_22:15:42.539[Status]Routing 72: Walk: 70
2020-01-30_22:15:42.654[Battery Energy]65.14
2020-01-30_22:15:42.654[Status]Routing Start.
2020-01-30_22:15:42.785[Status]{'id': 6, 'coordinate': [749.7392092611354, 428.0545308234423]}
2020-01-30_22:15:42.785[Status]Routing 73: Walk: 71
2020-01-30_22:15:42.894[Battery Energy]64.95
2020-01-30_22:15:42.894[Status]Routing Start.
2020-01-30_22:15:43.067[Status]{'id': 6, 'coordinate': [758.7041405588526, 432.485107177283]}
2020-01-30_22:15:43.067[Status]Routing 74: Walk: 72
2020-01-30_22:15:43.174[Battery Energy]64.73
2020-01-30_22:15:43.174[Status]Routing Start.
2020-01-30_22:15:43.446[Status]{'id': 6, 'coordinate': [767.6690718565698, 436.9156835311237]}
2020-01-30_22:15:43.446[Status]Routing 75: Walk: 73
2020-01-30_22:15:43.554[Battery Energy]64.47
2020-01-30_22:15:43.554[Status]Routing Start.
2020-01-30_22:15:43.691[Status]{'id': 6, 'coordinate': [776.6340031542869, 441.34625988496435]}
2020-01-30_22:15:43.691[Status]Routing 76: Walk: 74
2020-01-30_22:15:43.802[Battery Energy]64.27
2020-01-30_22:15:43.802[Status]Routing Start.
2020-01-30_22:15:43.941[Status]{'id': 6, 'coordinate': [785.5989344520041, 445.77683623880506]}
2020-01-30_22:15:43.941[Status]Routing 77: Walk: 75
2020-01-30_22:15:44.050[Battery Energy]64.06
2020-01-30_22:15:44.050[Status]Routing Start.
2020-01-30_22:15:44.193[Status]{'id': 6, 'coordinate': [794.5638657497212, 450.2074125926457]}
2020-01-30_22:15:44.193[Status]Routing 78: Walk: 76
2020-01-30_22:15:44.302[Battery Energy]63.86
2020-01-30_22:15:44.302[Status]Routing Start.
2020-01-30_22:15:44.460[Status]{'id': 6, 'coordinate': [803.5287970474384, 454.6379889464864]}
2020-01-30_22:15:44.460[Status]Routing 79: Walk: 77
2020-01-30_22:15:44.570[Battery Energy]63.65
2020-01-30_22:15:44.570[Status]Routing Start.
2020-01-30_22:15:44.820[Status]{'id': 6, 'coordinate': [812.4937283451555, 459.0685653003271]}
2020-01-30_22:15:44.820[Status]Routing 80: Walk: 78
2020-01-30_22:15:44.920[Battery Energy]63.39
2020-01-30_22:15:44.920[Status]Routing Start.
2020-01-30_22:15:45.260[Status]{'id': 6, 'coordinate': [821.4586596428727, 463.49914165416783]}
2020-01-30_22:15:45.260[Status]Routing 81: Walk: 79
2020-01-30_22:15:45.366[Battery Energy]63.09
2020-01-30_22:15:45.366[Status]Routing Start.
2020-01-30_22:15:45.655[Status]{'id': 6, 'coordinate': [830.4235909405899, 467.92971800800854]}
2020-01-30_22:15:45.655[Status]Routing 82: Walk: 80
2020-01-30_22:15:45.756[Battery Energy]62.83
2020-01-30_22:15:45.756[Status]Routing Start.
2020-01-30_22:15:46.024[Status]{'id': 6, 'coordinate': [839.388522238307, 472.36029436184924]}
2020-01-30_22:15:46.024[Status]Routing 83: Walk: 81
2020-01-30_22:15:46.130[Battery Energy]62.55
2020-01-30_22:15:46.130[Status]Routing Start.
2020-01-30_22:15:46.439[Status]{'id': 6, 'coordinate': [848.3534535360242, 476.79087071568995]}
2020-01-30_22:15:46.439[Status]Routing 84: Walk: 82
2020-01-30_22:15:46.539[Battery Energy]62.24
2020-01-30_22:15:46.539[Status]Routing Start.
2020-01-30_22:15:46.690[Status]{'id': 6, 'coordinate': [857.3183848337413, 481.22144706953065]}
2020-01-30_22:15:46.690[Status]Routing 85: Walk: 83
2020-01-30_22:15:46.798[Battery Energy]62.02
2020-01-30_22:15:46.798[Status]Routing Start.
2020-01-30_22:15:46.938[Status]{'id': 6, 'coordinate': [866.2833161314585, 485.65202342337136]}
2020-01-30_22:15:46.938[Status]Routing 86: Walk: 84
2020-01-30_22:15:47.050[Battery Energy]61.81
2020-01-30_22:15:47.050[Status]Routing Start.
2020-01-30_22:15:47.176[Status]{'id': 6, 'coordinate': [875.2482474291756, 490.08259977721207]}
2020-01-30_22:15:47.176[Status]Routing 87: Walk: 85
2020-01-30_22:15:47.278[Battery Energy]61.60
2020-01-30_22:15:47.278[Status]Routing Start.
2020-01-30_22:15:47.582[Status]{'id': 6, 'coordinate': [884.2131787268928, 494.5131761310528]}
2020-01-30_22:15:47.582[Status]Routing 88: Walk: 86
2020-01-30_22:15:47.693[Battery Energy]61.28
2020-01-30_22:15:47.693[Status]Routing Start.
2020-01-30_22:15:47.823[Status]{'id': 6, 'coordinate': [893.17811002461, 498.9437524848935]}
2020-01-30_22:15:47.823[Status]Routing 89: Walk: 87
2020-01-30_22:15:47.930[Battery Energy]61.08
2020-01-30_22:15:47.930[Status]Routing Start.
2020-01-30_22:15:48.076[Status]{'id': 6, 'coordinate': [902.1430413223271, 503.3743288387342]}
2020-01-30_22:15:48.076[Status]Routing 90: Walk: 88
2020-01-30_22:15:48.182[Battery Energy]60.89
2020-01-30_22:15:48.182[Status]Routing Start.
2020-01-30_22:15:48.477[Status]{'id': 6, 'coordinate': [911.1079726200443, 507.8049051925749]}
2020-01-30_22:15:48.478[Status]Routing 91: Walk: 89
2020-01-30_22:15:48.586[Battery Energy]60.54
2020-01-30_22:15:48.586[Status]Routing Start.
2020-01-30_22:15:48.698[Status]{'id': 6, 'coordinate': [920.0729039177614, 512.2354815464156]}
2020-01-30_22:15:48.698[Status]Routing 92: Walk: 90
2020-01-30_22:15:48.798[Battery Energy]60.35
2020-01-30_22:15:48.799[Status]Routing Start.
2020-01-30_22:15:48.985[Status]{'id': 6, 'coordinate': [929.0378352154786, 516.6660579002563]}
2020-01-30_22:15:48.985[Status]Routing 93: Walk: 91
2020-01-30_22:15:49.098[Battery Energy]60.11
2020-01-30_22:15:49.098[Status]Routing Start.
2020-01-30_22:15:49.409[Status]{'id': 6, 'coordinate': [938.0027665131958, 521.096634254097]}
2020-01-30_22:15:49.411[Status]Routing 94: Walk: 92
2020-01-30_22:15:49.512[Battery Energy]59.82
2020-01-30_22:15:49.513[Status]Routing Start.
2020-01-30_22:15:49.664[Status]{'id': 6, 'coordinate': [946.9676978109129, 525.5272106079377]}
2020-01-30_22:15:49.664[Status]Routing 95: Walk: 93
2020-01-30_22:15:49.770[Battery Energy]59.59
2020-01-30_22:15:49.770[Status]Routing Start.
2020-01-30_22:15:49.910[Status]{'id': 6, 'coordinate': [955.9326291086301, 529.9577869617784]}
2020-01-30_22:15:49.911[Status]Routing 96: Walk: 94
2020-01-30_22:15:50.026[Battery Energy]59.40
2020-01-30_22:15:50.026[Status]Routing Start.
2020-01-30_22:15:50.297[Status]{'id': 6, 'coordinate': [964.8975604063472, 534.3883633156191]}
2020-01-30_22:15:50.297[Status]Routing 97: Walk: 95
2020-01-30_22:15:50.402[Battery Energy]59.13
2020-01-30_22:15:50.402[Status]Routing Start.
2020-01-30_22:15:50.712[Status]{'id': 6, 'coordinate': [973.8624917040644, 538.8189396694598]}
2020-01-30_22:15:50.712[Status]Routing 98: Walk: 96
2020-01-30_22:15:50.814[Battery Energy]58.84
2020-01-30_22:15:50.814[Status]Routing Start.
2020-01-30_22:15:51.123[Status]{'id': 6, 'coordinate': [982.8274230017815, 543.2495160233005]}
2020-01-30_22:15:51.123[Status]Routing 99: Walk: 97
2020-01-30_22:15:51.228[Battery Energy]58.51
2020-01-30_22:15:51.228[Status]Routing Start.
2020-01-30_22:15:51.478[Status]{'id': 6, 'coordinate': [991.7923542994987, 547.6800923771412]}
2020-01-30_22:15:51.478[Status]Routing 100: Walk: 98
2020-01-30_22:15:51.582[Battery Energy]58.24
2020-01-30_22:15:51.582[Status]Routing Start.
2020-01-30_22:15:51.870[Status]{'id': 6, 'coordinate': [1000.7572855972159, 552.110668730982]}
2020-01-30_22:15:51.870[Status]Routing 101: Walk: 99
2020-01-30_22:15:51.982[Battery Energy]57.93
2020-01-30_22:15:51.982[Status]Routing Start.
2020-01-30_22:15:52.274[Status]{'id': 6, 'coordinate': [1009.722216894933, 556.5412450848227]}
2020-01-30_22:15:52.274[Status]Routing 102: Walk: 100
2020-01-30_22:15:52.376[Battery Energy]57.59
2020-01-30_22:15:52.376[Status]Routing Start.
2020-01-30_22:15:52.606[Status]{'id': 6, 'coordinate': [1018.6871481926502, 560.9718214386634]}
2020-01-30_22:15:52.607[Status]Routing 103: Walk: 101
2020-01-30_22:15:52.710[Battery Energy]57.32
2020-01-30_22:15:52.710[Status]Routing Start.
2020-01-30_22:15:53.023[Status]{'id': 6, 'coordinate': [1027.6520794903672, 565.4023977925041]}
2020-01-30_22:15:53.024[Status]Routing 104: Walk: 102
2020-01-30_22:15:53.124[Battery Energy]57.03
2020-01-30_22:15:53.124[Status]Routing Start.
2020-01-30_22:15:53.464[Status]{'id': 6, 'coordinate': [1036.6170107880844, 569.8329741463448]}
2020-01-30_22:15:53.464[Status]Routing 105: Walk: 103
2020-01-30_22:15:53.574[Battery Energy]56.71
2020-01-30_22:15:53.574[Status]Routing Start.
2020-01-30_22:15:53.812[Status]{'id': 6, 'coordinate': [1045.5819420858015, 574.2635505001855]}
2020-01-30_22:15:53.814[Status]Routing 106: Walk: 104
2020-01-30_22:15:53.926[Battery Energy]56.41
2020-01-30_22:15:53.926[Status]Routing Start.
2020-01-30_22:15:54.228[Status]{'id': 6, 'coordinate': [1054.5468733835187, 578.6941268540262]}
2020-01-30_22:15:54.229[Status]Routing 107: Walk: 105
2020-01-30_22:15:54.330[Battery Energy]56.11
2020-01-30_22:15:54.330[Status]Routing Start.
2020-01-30_22:15:54.498[Status]{'id': 6, 'coordinate': [1063.5118046812358, 583.1247032078669]}
2020-01-30_22:15:54.498[Status]Routing 108: Walk: 106
2020-01-30_22:15:54.598[Battery Energy]55.89
2020-01-30_22:15:54.598[Status]Routing Start.
2020-01-30_22:15:54.901[Status]{'id': 6, 'coordinate': [1072.476735978953, 587.5552795617076]}
2020-01-30_22:15:54.902[Status]Routing 109: Walk: 107
2020-01-30_22:15:55.006[Battery Energy]55.60
2020-01-30_22:15:55.006[Status]Routing Start.
2020-01-30_22:15:55.140[Status]{'id': 6, 'coordinate': [1081.4416672766702, 591.9858559155483]}
2020-01-30_22:15:55.140[Status]Routing 110: Walk: 108
2020-01-30_22:15:55.240[Battery Energy]55.41
2020-01-30_22:15:55.240[Status]Routing Start.
2020-01-30_22:15:55.410[Status]{'id': 6, 'coordinate': [1090.4065985743873, 596.416432269389]}
2020-01-30_22:15:55.410[Status]Routing 111: Walk: 109
2020-01-30_22:15:55.516[Battery Energy]55.20
2020-01-30_22:15:55.516[Status]Routing Start.
2020-01-30_22:15:55.755[Status]{'id': 6, 'coordinate': [1099.3715298721045, 600.8470086232297]}
2020-01-30_22:15:55.756[Status]Routing 112: Walk: 110
2020-01-30_22:15:55.861[Battery Energy]54.95
2020-01-30_22:15:55.861[Status]Routing Start.
2020-01-30_22:15:56.101[Status]{'id': 6, 'coordinate': [1108.3364611698216, 605.2775849770704]}
2020-01-30_22:15:56.101[Status]Routing 113: Walk: 111
2020-01-30_22:15:56.205[Battery Energy]54.68
2020-01-30_22:15:56.205[Status]Routing Start.
2020-01-30_22:15:56.432[Status]{'id': 6, 'coordinate': [1117.3013924675388, 609.7081613309111]}
2020-01-30_22:15:56.434[Status]Routing 114: Walk: 112
2020-01-30_22:15:56.535[Battery Energy]54.45
2020-01-30_22:15:56.536[Status]Routing Start.
2020-01-30_22:15:56.885[Status]{'id': 6, 'coordinate': [1126.266323765256, 614.1387376847518]}
2020-01-30_22:15:56.887[Status]Routing 115: Walk: 113
2020-01-30_22:15:56.987[Battery Energy]54.15
2020-01-30_22:15:56.987[Status]Routing Start.
2020-01-30_22:15:57.336[Status]{'id': 6, 'coordinate': [1135.231255062973, 618.5693140385926]}
2020-01-30_22:15:57.336[Status]Routing 116: Walk: 114
2020-01-30_22:15:57.438[Battery Energy]53.79
2020-01-30_22:15:57.438[Status]Routing Start.
2020-01-30_22:15:57.760[Status]{'id': 6, 'coordinate': [1144.1961863606903, 622.9998903924333]}
2020-01-30_22:15:57.760[Status]Routing 117: Walk: 115
2020-01-30_22:15:57.860[Battery Energy]53.48
2020-01-30_22:15:57.860[Status]Routing Start.
2020-01-30_22:15:58.164[Status]{'id': 6, 'coordinate': [1153.1611176584074, 627.430466746274]}
2020-01-30_22:15:58.164[Status]Routing 118: Walk: 116
2020-01-30_22:15:58.265[Battery Energy]53.14
2020-01-30_22:15:58.265[Status]Routing Start.
2020-01-30_22:15:58.494[Status]{'id': 6, 'coordinate': [1162.1260489561246, 631.8610431001147]}
2020-01-30_22:15:58.494[Status]Routing 119: Walk: 117
2020-01-30_22:15:58.601[Battery Energy]52.86
2020-01-30_22:15:58.601[Status]Routing Start.
2020-01-30_22:15:58.968[Status]{'id': 6, 'coordinate': [1171.0909802538417, 636.2916194539554]}
2020-01-30_22:15:58.968[Status]Routing 120: Walk: 118
2020-01-30_22:15:59.068[Battery Energy]52.59
2020-01-30_22:15:59.068[Status]Routing Start.
2020-01-30_22:15:59.213[Status]{'id': 6, 'coordinate': [1180.055911551559, 640.7221958077961]}
2020-01-30_22:15:59.213[Status]Routing 121: Walk: 119
2020-01-30_22:15:59.318[Battery Energy]52.40
2020-01-30_22:15:59.318[Status]Routing Start.
2020-01-30_22:15:59.647[Status]{'id': 6, 'coordinate': [1189.020842849276, 645.1527721616368]}
2020-01-30_22:15:59.648[Status]Routing 122: Walk: 120
2020-01-30_22:15:59.748[Battery Energy]52.07
2020-01-30_22:15:59.748[Status]Routing Start.
2020-01-30_22:15:59.987[Status]{'id': 6, 'coordinate': [1197.9857741469932, 649.5833485154775]}
2020-01-30_22:15:59.987[Status]Routing 123: Walk: 121
2020-01-30_22:16:00.088[Battery Energy]51.83
2020-01-30_22:16:00.088[Status]Routing Start.
2020-01-30_22:16:00.407[Status]{'id': 6, 'coordinate': [1206.9507054447104, 654.0139248693182]}
2020-01-30_22:16:00.411[Status]Routing 124: Walk: 122
2020-01-30_22:16:00.518[Battery Energy]51.46
2020-01-30_22:16:00.518[Status]Routing Start.
2020-01-30_22:16:00.816[Status]{'id': 6, 'coordinate': [1215.9156367424275, 658.4445012231589]}
2020-01-30_22:16:00.816[Status]Routing 125: Walk: 123
2020-01-30_22:16:00.920[Battery Energy]51.16
2020-01-30_22:16:00.920[Status]Routing Start.
2020-01-30_22:16:01.242[Status]{'id': 6, 'coordinate': [1224.8805680401447, 662.8750775769996]}
2020-01-30_22:16:01.242[Status]Routing 126: Walk: 124
2020-01-30_22:16:01.346[Battery Energy]50.80
2020-01-30_22:16:01.346[Status]Routing Start.
2020-01-30_22:16:01.705[Status]{'id': 6, 'coordinate': [1233.8454993378618, 667.3056539308402]}
2020-01-30_22:16:01.706[Status]Routing 127: Walk: 125
2020-01-30_22:16:01.818[Battery Energy]50.46
2020-01-30_22:16:01.818[Status]Routing Start.
2020-01-30_22:16:02.129[Status]{'id': 6, 'coordinate': [1242.810430635579, 671.7362302846809]}
2020-01-30_22:16:02.130[Status]Routing 128: Walk: 126
2020-01-30_22:16:02.234[Battery Energy]50.14
2020-01-30_22:16:02.234[Status]Routing Start.
2020-01-30_22:16:02.524[Status]{'id': 6, 'coordinate': [1251.7753619332962, 676.1668066385216]}
2020-01-30_22:16:02.524[Status]Routing 129: Walk: 127
2020-01-30_22:16:02.626[Battery Energy]49.81
2020-01-30_22:16:02.626[Status]Routing Start.
2020-01-30_22:16:02.947[Status]{'id': 6, 'coordinate': [1260.7402932310133, 680.5973829923622]}
2020-01-30_22:16:02.948[Status]Routing 130: Walk: 128
2020-01-30_22:16:03.054[Battery Energy]49.49
2020-01-30_22:16:03.055[Status]Routing Start.
2020-01-30_22:16:03.353[Status]{'id': 6, 'coordinate': [1269.7052245287305, 685.0279593462029]}
2020-01-30_22:16:03.353[Status]Routing 131: Walk: 129
2020-01-30_22:16:03.462[Battery Energy]49.17
2020-01-30_22:16:03.462[Status]Routing Start.
2020-01-30_22:16:03.602[Status]{'id': 6, 'coordinate': [1278.6701558264476, 689.4585357000436]}
2020-01-30_22:16:03.605[Status]Routing 132: Walk: 130
2020-01-30_22:16:03.705[Battery Energy]48.97
2020-01-30_22:16:03.705[Status]Routing Start.
2020-01-30_22:16:04.017[Status]{'id': 6, 'coordinate': [1287.6350871241648, 693.8891120538842]}
2020-01-30_22:16:04.017[Status]Routing 133: Walk: 131
2020-01-30_22:16:04.122[Battery Energy]48.65
2020-01-30_22:16:04.122[Status]Routing Start.
2020-01-30_22:16:04.280[Status]{'id': 6, 'coordinate': [1296.600018421882, 698.3196884077249]}
2020-01-30_22:16:04.281[Status]Routing 134: Walk: 132
2020-01-30_22:16:04.381[Battery Energy]48.43
2020-01-30_22:16:04.381[Status]Routing Start.
2020-01-30_22:16:04.381[Status]Task Finished.
2020-01-30_22:16:04.483[Battery Energy]48.43
2020-01-30_22:16:04.706[Status]Routing 136: Walk: 132
2020-01-30_22:16:04.818[Battery Energy]48.26
2020-01-30_22:16:05.116[Status]Routing 137: Walk: 132
2020-01-30_22:16:05.217[Battery Energy]48.07
2020-01-30_22:16:05.586[Status]Routing 138: Walk: 132
2020-01-30_22:16:05.690[Battery Energy]47.86
2020-01-30_22:16:06.014[Status]Routing 139: Walk: 132
2020-01-30_22:16:06.130[Battery Energy]47.66
2020-01-30_22:16:06.428[Status]Routing 140: Walk: 132
2020-01-30_22:16:06.528[Battery Energy]47.42
2020-01-30_22:16:06.704[Status]Routing 141: Walk: 132
2020-01-30_22:16:06.805[Battery Energy]47.28
2020-01-30_22:16:06.958[Status]Routing 142: Walk: 132
2020-01-30_22:16:07.070[Battery Energy]47.17
2020-01-30_22:16:07.269[Status]Routing 143: Walk: 132
2020-01-30_22:16:07.374[Battery Energy]47.03
2020-01-30_22:16:07.585[Status]Routing 144: Walk: 132
2020-01-30_22:16:07.692[Battery Energy]46.84
2020-01-30_22:16:07.830[Status]Routing 145: Walk: 132
2020-01-30_22:16:07.943[Battery Energy]46.72
2020-01-30_22:16:08.089[Status]Routing 146: Walk: 132
2020-01-30_22:16:08.194[Battery Energy]46.61
2020-01-30_22:16:08.355[Status]Routing 147: Walk: 132
2020-01-30_22:16:08.456[Battery Energy]46.49
2020-01-30_22:16:08.599[Status]Routing 148: Walk: 132
2020-01-30_22:16:08.701[Battery Energy]46.39
2020-01-30_22:16:08.830[Status]Routing 149: Walk: 132
2020-01-30_22:16:08.940[Battery Energy]46.27
2020-01-30_22:16:09.108[Status]Routing 150: Walk: 132
2020-01-30_22:16:09.210[Battery Energy]46.17
2020-01-30_22:16:09.409[Status]Routing 151: Walk: 132
2020-01-30_22:16:09.510[Battery Energy]46.02
2020-01-30_22:16:09.654[Status]Routing 152: Walk: 132
2020-01-30_22:16:09.774[Battery Energy]45.90
2020-01-30_22:16:09.913[Status]Routing 153: Walk: 132
2020-01-30_22:16:10.013[Battery Energy]45.78
2020-01-30_22:16:10.181[Status]Routing 154: Walk: 132
2020-01-30_22:16:10.286[Battery Energy]45.67
2020-01-30_22:16:10.428[Status]Routing 155: Walk: 132
2020-01-30_22:16:10.528[Battery Energy]45.55
2020-01-30_22:16:10.669[Status]Routing 156: Walk: 132
2020-01-30_22:16:10.778[Battery Energy]45.43
2020-01-30_22:16:10.949[Status]Routing 157: Walk: 132
2020-01-30_22:16:11.050[Battery Energy]45.29
2020-01-30_22:16:11.186[Status]Routing 158: Walk: 132
2020-01-30_22:16:11.287[Battery Energy]45.19
2020-01-30_22:16:11.456[Status]Routing 159: Walk: 132
2020-01-30_22:16:11.564[Battery Energy]45.07
2020-01-30_22:16:11.702[Status]Routing 160: Walk: 132
2020-01-30_22:16:11.802[Battery Energy]44.95
2020-01-30_22:16:11.981[Status]Routing 161: Walk: 132
2020-01-30_22:16:12.094[Battery Energy]44.82
2020-01-30_22:16:12.225[Status]Routing 162: Walk: 132
2020-01-30_22:16:12.334[Battery Energy]44.69
2020-01-30_22:16:12.473[Status]Routing 163: Walk: 132
2020-01-30_22:16:12.573[Battery Energy]44.59
2020-01-30_22:16:12.738[Status]Routing 164: Walk: 132
2020-01-30_22:16:12.858[Battery Energy]44.47
2020-01-30_22:16:12.994[Status]Routing 165: Walk: 132
2020-01-30_22:16:13.098[Battery Energy]44.38
2020-01-30_22:16:13.231[Status]Routing 166: Walk: 132
2020-01-30_22:16:13.350[Battery Energy]44.29
2020-01-30_22:16:13.474[Status]Routing 167: Walk: 132
2020-01-30_22:16:13.582[Battery Energy]44.17
2020-01-30_22:16:13.736[Status]Routing 168: Walk: 132
2020-01-30_22:16:13.836[Battery Energy]44.05
2020-01-30_22:16:13.987[Status]Routing 169: Walk: 132
2020-01-30_22:16:14.094[Battery Energy]43.95
2020-01-30_22:16:14.220[Status]Routing 170: Walk: 132
2020-01-30_22:16:14.334[Battery Energy]43.85
2020-01-30_22:16:14.478[Status]Routing 171: Walk: 132
2020-01-30_22:16:14.585[Battery Energy]43.73
2020-01-30_22:16:14.704[Status]Routing 172: Walk: 132
2020-01-30_22:16:14.814[Battery Energy]43.63
2020-01-30_22:16:14.945[Status]Routing 173: Walk: 132
2020-01-30_22:16:15.058[Battery Energy]43.54
2020-01-30_22:16:15.198[Status]Routing 174: Walk: 132
2020-01-30_22:16:15.302[Battery Energy]43.43
2020-01-30_22:16:15.457[Status]Routing 175: Walk: 132
2020-01-30_22:16:15.558[Battery Energy]43.30
2020-01-30_22:16:15.721[Status]Routing 176: Walk: 132
2020-01-30_22:16:15.830[Battery Energy]43.15
2020-01-30_22:16:15.975[Status]Routing 177: Walk: 132
2020-01-30_22:16:16.086[Battery Energy]43.04
2020-01-30_22:16:16.219[Status]Routing 178: Walk: 132
2020-01-30_22:16:16.326[Battery Energy]42.94
2020-01-30_22:16:16.470[Status]Routing 179: Walk: 132
2020-01-30_22:16:16.574[Battery Energy]42.83
2020-01-30_22:16:16.778[Status]Routing 180: Walk: 132
2020-01-30_22:16:16.886[Battery Energy]42.68
2020-01-30_22:16:17.035[Status]Routing 181: Walk: 132
2020-01-30_22:16:17.136[Battery Energy]42.58
2020-01-30_22:16:17.276[Status]Routing 182: Walk: 132
2020-01-30_22:16:17.386[Battery Energy]42.48
