2020-02-08_13:41:02.717[Status]Start.
2020-02-08_13:41:02.727[Battery Energy]105.00
2020-02-08_13:41:03.828[Battery Energy]104.96
2020-02-08_13:41:04.929[Battery Energy]104.92
2020-02-08_13:41:06.031[Battery Energy]104.88
2020-02-08_13:41:07.131[Battery Energy]104.84
2020-02-08_13:41:08.233[Task]A New Task Released.
2020-02-08_13:41:08.233[Battery Energy]104.80
2020-02-08_13:41:08.233[Status]Selection Start.
2020-02-08_13:41:10.448[Status]Selection End: Do Task 2.
2020-02-08_13:41:10.553[Battery Energy]103.32
2020-02-08_13:41:10.553[Status]Formation Start.
2020-02-08_13:41:10.720[Status]Formation End: To Position 2.
2020-02-08_13:41:10.829[Battery Energy]103.18
2020-02-08_13:41:10.829[Status]Routing Start.
2020-02-08_13:41:10.980[Status]{'coordinate': [136.46785947911394, 542.7813610199726], 'id': 17}
2020-02-08_13:41:10.980[Status]Routing 1: Walk: 1
2020-02-08_13:41:11.082[Battery Energy]102.96
2020-02-08_13:41:11.082[Status]Routing Start.
2020-02-08_13:41:11.263[Status]{'coordinate': [145.93571895822788, 539.5627220399451], 'id': 17}
2020-02-08_13:41:11.264[Status]Routing 2: Walk: 2
2020-02-08_13:41:11.365[Battery Energy]102.73
2020-02-08_13:41:11.365[Status]Routing Start.
2020-02-08_13:41:11.535[Status]{'coordinate': [155.40357843734182, 536.3440830599177], 'id': 17}
2020-02-08_13:41:11.535[Status]Routing 3: Walk: 3
2020-02-08_13:41:11.654[Battery Energy]102.50
2020-02-08_13:41:11.654[Status]Routing Start.
2020-02-08_13:41:11.801[Status]{'coordinate': [164.87143791645576, 533.1254440798903], 'id': 17}
2020-02-08_13:41:11.801[Status]Routing 4: Walk: 4
2020-02-08_13:41:11.906[Battery Energy]102.31
2020-02-08_13:41:11.906[Status]Routing Start.
2020-02-08_13:41:12.065[Status]{'coordinate': [174.3392973955697, 529.9068050998628], 'id': 17}
2020-02-08_13:41:12.068[Status]Routing 5: Walk: 5
2020-02-08_13:41:12.182[Battery Energy]102.08
2020-02-08_13:41:12.182[Status]Routing Start.
2020-02-08_13:41:12.437[Status]{'coordinate': [183.80715687468364, 526.6881661198354], 'id': 17}
2020-02-08_13:41:12.437[Status]Routing 6: Walk: 6
2020-02-08_13:41:12.538[Battery Energy]101.80
2020-02-08_13:41:12.538[Status]Routing Start.
2020-02-08_13:41:12.854[Status]{'coordinate': [193.27501635379758, 523.469527139808], 'id': 17}
2020-02-08_13:41:12.854[Status]Routing 7: Walk: 7
2020-02-08_13:41:12.954[Battery Energy]101.50
2020-02-08_13:41:12.954[Status]Routing Start.
2020-02-08_13:41:13.303[Status]{'coordinate': [202.74287583291152, 520.2508881597805], 'id': 17}
2020-02-08_13:41:13.303[Status]Routing 8: Walk: 8
2020-02-08_13:41:13.414[Battery Energy]101.22
2020-02-08_13:41:13.414[Status]Routing Start.
2020-02-08_13:41:13.710[Status]{'coordinate': [212.21073531202546, 517.0322491797531], 'id': 17}
2020-02-08_13:41:13.711[Status]Routing 9: Walk: 9
2020-02-08_13:41:13.814[Battery Energy]100.90
2020-02-08_13:41:13.814[Status]Routing Start.
2020-02-08_13:41:14.159[Status]{'coordinate': [221.6785947911394, 513.8136101997256], 'id': 17}
2020-02-08_13:41:14.159[Status]Routing 10: Walk: 10
2020-02-08_13:41:14.278[Battery Energy]100.55
2020-02-08_13:41:14.278[Status]Routing Start.
2020-02-08_13:41:14.589[Status]{'coordinate': [231.14645427025334, 510.59497121969815], 'id': 17}
2020-02-08_13:41:14.590[Status]Routing 11: Walk: 11
2020-02-08_13:41:14.694[Battery Energy]100.24
2020-02-08_13:41:14.694[Status]Routing Start.
2020-02-08_13:41:15.020[Status]{'coordinate': [240.61431374936728, 507.37633223967066], 'id': 17}
2020-02-08_13:41:15.021[Status]Routing 12: Walk: 12
2020-02-08_13:41:15.122[Battery Energy]99.90
2020-02-08_13:41:15.122[Status]Routing Start.
2020-02-08_13:41:15.425[Status]{'coordinate': [250.08217322848122, 504.15769325964317], 'id': 17}
2020-02-08_13:41:15.425[Status]Routing 13: Walk: 13
2020-02-08_13:41:15.529[Battery Energy]99.57
2020-02-08_13:41:15.529[Status]Routing Start.
2020-02-08_13:41:15.895[Status]{'coordinate': [259.55003270759516, 500.9390542796157], 'id': 17}
2020-02-08_13:41:15.895[Status]Routing 14: Walk: 14
2020-02-08_13:41:15.995[Battery Energy]99.20
2020-02-08_13:41:15.995[Status]Routing Start.
2020-02-08_13:41:16.318[Status]{'coordinate': [269.0178921867091, 497.7204152995882], 'id': 17}
2020-02-08_13:41:16.318[Status]Routing 15: Walk: 15
2020-02-08_13:41:16.430[Battery Energy]98.85
2020-02-08_13:41:16.430[Status]Routing Start.
2020-02-08_13:41:16.749[Status]{'coordinate': [278.48575166582305, 494.5017763195607], 'id': 17}
2020-02-08_13:41:16.749[Status]Routing 16: Walk: 16
2020-02-08_13:41:16.852[Battery Energy]98.54
2020-02-08_13:41:16.852[Status]Routing Start.
2020-02-08_13:41:17.136[Status]{'coordinate': [287.953611144937, 491.2831373395332], 'id': 17}
2020-02-08_13:41:17.136[Status]Routing 17: Walk: 17
2020-02-08_13:41:17.246[Battery Energy]98.25
2020-02-08_13:41:17.246[Status]Routing Start.
2020-02-08_13:41:17.575[Status]{'coordinate': [297.4214706240509, 488.0644983595057], 'id': 17}
2020-02-08_13:41:17.576[Status]Routing 18: Walk: 18
2020-02-08_13:41:17.678[Battery Energy]97.96
2020-02-08_13:41:17.678[Status]Routing Start.
2020-02-08_13:41:17.952[Status]{'coordinate': [306.88933010316487, 484.8458593794782], 'id': 17}
2020-02-08_13:41:17.952[Status]Routing 19: Walk: 19
2020-02-08_13:41:18.052[Battery Energy]97.67
2020-02-08_13:41:18.052[Status]Routing Start.
2020-02-08_13:41:18.363[Status]{'coordinate': [316.3571895822788, 481.6272203994507], 'id': 17}
2020-02-08_13:41:18.364[Status]Routing 20: Walk: 20
2020-02-08_13:41:18.470[Battery Energy]97.35
2020-02-08_13:41:18.470[Status]Routing Start.
2020-02-08_13:41:18.773[Status]{'coordinate': [325.82504906139275, 478.40858141942323], 'id': 17}
2020-02-08_13:41:18.774[Status]Routing 21: Walk: 21
2020-02-08_13:41:18.890[Battery Energy]97.01
2020-02-08_13:41:18.890[Status]Routing Start.
2020-02-08_13:41:19.164[Status]{'coordinate': [335.2929085405067, 475.18994243939574], 'id': 17}
2020-02-08_13:41:19.166[Status]Routing 22: Walk: 22
2020-02-08_13:41:19.266[Battery Energy]96.70
2020-02-08_13:41:19.266[Status]Routing Start.
2020-02-08_13:41:19.574[Status]{'coordinate': [344.7607680196206, 471.97130345936824], 'id': 17}
2020-02-08_13:41:19.575[Status]Routing 23: Walk: 23
2020-02-08_13:41:19.675[Battery Energy]96.41
2020-02-08_13:41:19.675[Status]Routing Start.
2020-02-08_13:41:19.990[Status]{'coordinate': [354.22862749873457, 468.75266447934075], 'id': 17}
2020-02-08_13:41:19.990[Status]Routing 24: Walk: 24
2020-02-08_13:41:20.098[Battery Energy]96.14
2020-02-08_13:41:20.098[Status]Routing Start.
2020-02-08_13:41:20.257[Status]{'coordinate': [363.6964869778485, 465.53402549931326], 'id': 17}
2020-02-08_13:41:20.257[Status]Routing 25: Walk: 25
2020-02-08_13:41:20.358[Battery Energy]95.96
2020-02-08_13:41:20.358[Status]Routing Start.
2020-02-08_13:41:20.522[Status]{'coordinate': [373.16434645696245, 462.31538651928577], 'id': 17}
2020-02-08_13:41:20.523[Status]Routing 26: Walk: 26
2020-02-08_13:41:20.638[Battery Energy]95.77
2020-02-08_13:41:20.638[Status]Routing Start.
2020-02-08_13:41:20.952[Status]Routing 27: Walk: 26
2020-02-08_13:41:21.052[Battery Energy]95.48
2020-02-08_13:41:21.052[Status]Routing Start.
2020-02-08_13:41:21.365[Status]Routing 28: Walk: 26
2020-02-08_13:41:21.465[Battery Energy]95.20
2020-02-08_13:41:21.465[Status]Routing Start.
2020-02-08_13:41:21.794[Status]Routing 29: Walk: 26
2020-02-08_13:41:21.898[Battery Energy]94.87
2020-02-08_13:41:21.898[Status]Routing Start.
2020-02-08_13:41:22.058[Status]{'coordinate': [382.6322059360764, 459.0967475392583], 'id': 17}
2020-02-08_13:41:22.061[Status]Routing 30: Walk: 27
2020-02-08_13:41:22.166[Battery Energy]94.64
2020-02-08_13:41:22.166[Status]Routing Start.
2020-02-08_13:41:22.507[Status]Routing 31: Walk: 27
2020-02-08_13:41:22.607[Battery Energy]94.33
2020-02-08_13:41:22.608[Status]Routing Start.
2020-02-08_13:41:22.758[Status]{'coordinate': [392.10006541519033, 455.8781085592308], 'id': 17}
2020-02-08_13:41:22.758[Status]Routing 32: Walk: 28
2020-02-08_13:41:22.862[Battery Energy]94.14
2020-02-08_13:41:22.862[Status]Routing Start.
2020-02-08_13:41:23.183[Status]{'coordinate': [401.56792489430427, 452.6594695792033], 'id': 17}
2020-02-08_13:41:23.183[Status]Routing 33: Walk: 29
2020-02-08_13:41:23.298[Battery Energy]93.87
2020-02-08_13:41:23.298[Status]Routing Start.
2020-02-08_13:41:23.606[Status]{'coordinate': [411.0357843734182, 449.4408305991758], 'id': 17}
2020-02-08_13:41:23.606[Status]Routing 34: Walk: 30
2020-02-08_13:41:23.711[Battery Energy]93.57
2020-02-08_13:41:23.711[Status]Routing Start.
2020-02-08_13:41:24.029[Status]{'coordinate': [420.50364385253215, 446.2221916191483], 'id': 17}
2020-02-08_13:41:24.029[Status]Routing 35: Walk: 31
2020-02-08_13:41:24.138[Battery Energy]93.24
2020-02-08_13:41:24.138[Status]Routing Start.
2020-02-08_13:41:24.512[Status]{'coordinate': [429.9715033316461, 443.0035526391208], 'id': 17}
2020-02-08_13:41:24.512[Status]Routing 36: Walk: 32
2020-02-08_13:41:24.612[Battery Energy]92.90
2020-02-08_13:41:24.612[Status]Routing Start.
2020-02-08_13:41:24.769[Status]{'coordinate': [439.43936281076003, 439.7849136590933], 'id': 17}
2020-02-08_13:41:24.769[Status]Routing 37: Walk: 33
2020-02-08_13:41:24.878[Battery Energy]92.69
2020-02-08_13:41:24.878[Status]Routing Start.
2020-02-08_13:41:25.092[Status]{'coordinate': [448.90722228987397, 436.5662746790658], 'id': 17}
2020-02-08_13:41:25.093[Status]Routing 38: Walk: 34
2020-02-08_13:41:25.204[Battery Energy]92.43
2020-02-08_13:41:25.204[Status]Routing Start.
2020-02-08_13:41:25.353[Status]{'coordinate': [458.3750817689879, 433.34763569903834], 'id': 17}
2020-02-08_13:41:25.359[Status]Routing 39: Walk: 35
2020-02-08_13:41:25.466[Battery Energy]92.21
2020-02-08_13:41:25.466[Status]Routing Start.
2020-02-08_13:41:25.797[Status]{'coordinate': [467.84294124810185, 430.12899671901084], 'id': 17}
2020-02-08_13:41:25.797[Status]Routing 40: Walk: 36
2020-02-08_13:41:25.897[Battery Energy]91.89
2020-02-08_13:41:25.897[Status]Routing Start.
2020-02-08_13:41:26.213[Status]{'coordinate': [477.3108007272158, 426.91035773898335], 'id': 17}
2020-02-08_13:41:26.213[Status]Routing 41: Walk: 37
2020-02-08_13:41:26.313[Battery Energy]91.61
2020-02-08_13:41:26.313[Status]Routing Start.
2020-02-08_13:41:26.661[Status]{'coordinate': [486.77866020632973, 423.69171875895586], 'id': 17}
2020-02-08_13:41:26.661[Status]Routing 42: Walk: 38
2020-02-08_13:41:26.770[Battery Energy]91.29
2020-02-08_13:41:26.770[Status]Routing Start.
2020-02-08_13:41:26.925[Status]{'coordinate': [496.2465196854437, 420.47307977892837], 'id': 17}
2020-02-08_13:41:26.925[Status]Routing 43: Walk: 39
2020-02-08_13:41:27.029[Battery Energy]91.08
2020-02-08_13:41:27.029[Status]Routing Start.
2020-02-08_13:41:27.391[Status]{'coordinate': [505.7143791645576, 417.2544407989009], 'id': 17}
2020-02-08_13:41:27.391[Status]Routing 44: Walk: 40
2020-02-08_13:41:27.502[Battery Energy]90.74
2020-02-08_13:41:27.502[Status]Routing Start.
2020-02-08_13:41:27.800[Status]{'coordinate': [515.1822386436716, 414.0358018188734], 'id': 17}
2020-02-08_13:41:27.800[Status]Routing 45: Walk: 41
2020-02-08_13:41:27.900[Battery Energy]90.45
2020-02-08_13:41:27.900[Status]Routing Start.
2020-02-08_13:41:28.061[Status]{'coordinate': [524.6500981227855, 410.8171628388459], 'id': 17}
2020-02-08_13:41:28.061[Status]Routing 46: Walk: 42
2020-02-08_13:41:28.174[Battery Energy]90.22
2020-02-08_13:41:28.174[Status]Routing Start.
2020-02-08_13:41:28.332[Status]{'coordinate': [534.1179576018994, 407.5985238588184], 'id': 17}
2020-02-08_13:41:28.334[Status]Routing 47: Walk: 43
2020-02-08_13:41:28.446[Battery Energy]90.00
2020-02-08_13:41:28.446[Status]Routing Start.
2020-02-08_13:41:28.574[Status]{'coordinate': [543.5858170810134, 404.3798848787909], 'id': 17}
2020-02-08_13:41:28.575[Status]Routing 48: Walk: 44
2020-02-08_13:41:28.690[Battery Energy]89.80
2020-02-08_13:41:28.690[Status]Routing Start.
2020-02-08_13:41:29.041[Status]{'coordinate': [553.0536765601273, 401.1612458987634], 'id': 17}
2020-02-08_13:41:29.041[Status]Routing 49: Walk: 45
2020-02-08_13:41:29.144[Battery Energy]89.49
2020-02-08_13:41:29.144[Status]Routing Start.
2020-02-08_13:41:29.290[Status]{'coordinate': [562.5215360392413, 397.9426069187359], 'id': 17}
2020-02-08_13:41:29.292[Status]Routing 50: Walk: 46
2020-02-08_13:41:29.410[Battery Energy]89.30
2020-02-08_13:41:29.410[Status]Routing Start.
2020-02-08_13:41:29.571[Status]{'coordinate': [571.9893955183552, 394.7239679387084], 'id': 17}
2020-02-08_13:41:29.571[Status]Routing 51: Walk: 47
2020-02-08_13:41:29.678[Battery Energy]89.09
2020-02-08_13:41:29.678[Status]Routing Start.
2020-02-08_13:41:29.824[Status]{'coordinate': [581.4572549974691, 391.50532895868093], 'id': 17}
2020-02-08_13:41:29.824[Status]Routing 52: Walk: 48
2020-02-08_13:41:29.924[Battery Energy]88.88
2020-02-08_13:41:29.924[Status]Routing Start.
2020-02-08_13:41:30.071[Status]{'coordinate': [590.9251144765831, 388.28668997865344], 'id': 17}
2020-02-08_13:41:30.074[Status]Routing 53: Walk: 49
2020-02-08_13:41:30.182[Battery Energy]88.67
2020-02-08_13:41:30.182[Status]Routing Start.
2020-02-08_13:41:30.346[Status]{'coordinate': [600.392973955697, 385.06805099862595], 'id': 17}
2020-02-08_13:41:30.346[Status]Routing 54: Walk: 50
2020-02-08_13:41:30.447[Battery Energy]88.46
2020-02-08_13:41:30.447[Status]Routing Start.
2020-02-08_13:41:30.623[Status]{'coordinate': [609.860833434811, 381.84941201859846], 'id': 17}
2020-02-08_13:41:30.623[Status]Routing 55: Walk: 51
2020-02-08_13:41:30.723[Battery Energy]88.24
2020-02-08_13:41:30.723[Status]Routing Start.
2020-02-08_13:41:30.995[Status]{'coordinate': [619.3286929139249, 378.63077303857096], 'id': 17}
2020-02-08_13:41:30.995[Status]Routing 56: Walk: 52
2020-02-08_13:41:31.102[Battery Energy]87.98
2020-02-08_13:41:31.102[Status]Routing Start.
2020-02-08_13:41:31.256[Status]{'coordinate': [628.7965523930388, 375.4121340585435], 'id': 17}
2020-02-08_13:41:31.257[Status]Routing 57: Walk: 53
2020-02-08_13:41:31.357[Battery Energy]87.76
2020-02-08_13:41:31.357[Status]Routing Start.
2020-02-08_13:41:31.512[Status]{'coordinate': [638.2644118721528, 372.193495078516], 'id': 17}
2020-02-08_13:41:31.512[Status]Routing 58: Walk: 54
2020-02-08_13:41:31.634[Battery Energy]87.55
2020-02-08_13:41:31.634[Status]Routing Start.
2020-02-08_13:41:31.780[Status]{'coordinate': [647.7322713512667, 368.9748560984885], 'id': 17}
2020-02-08_13:41:31.780[Status]Routing 59: Walk: 55
2020-02-08_13:41:31.894[Battery Energy]87.36
2020-02-08_13:41:31.894[Status]Routing Start.
2020-02-08_13:41:32.051[Status]{'coordinate': [657.2001308303807, 365.756217118461], 'id': 17}
2020-02-08_13:41:32.053[Status]Routing 60: Walk: 56
2020-02-08_13:41:32.166[Battery Energy]87.13
2020-02-08_13:41:32.166[Status]Routing Start.
2020-02-08_13:41:32.313[Status]{'coordinate': [666.6679903094946, 362.5375781384335], 'id': 17}
2020-02-08_13:41:32.313[Status]Routing 61: Walk: 57
2020-02-08_13:41:32.417[Battery Energy]86.91
2020-02-08_13:41:32.417[Status]Routing Start.
2020-02-08_13:41:32.579[Status]{'coordinate': [676.1358497886085, 359.318939158406], 'id': 17}
2020-02-08_13:41:32.579[Status]Routing 62: Walk: 58
2020-02-08_13:41:32.694[Battery Energy]86.69
2020-02-08_13:41:32.694[Status]Routing Start.
2020-02-08_13:41:32.832[Status]{'coordinate': [685.6037092677225, 356.1003001783785], 'id': 17}
2020-02-08_13:41:32.832[Status]Routing 63: Walk: 59
2020-02-08_13:41:32.934[Battery Energy]86.51
2020-02-08_13:41:32.934[Status]Routing Start.
2020-02-08_13:41:33.216[Status]{'coordinate': [695.0715687468364, 352.881661198351], 'id': 17}
2020-02-08_13:41:33.218[Status]Routing 64: Walk: 60
2020-02-08_13:41:33.322[Battery Energy]86.26
2020-02-08_13:41:33.322[Status]Routing Start.
2020-02-08_13:41:33.627[Status]{'coordinate': [704.5394282259504, 349.66302221832353], 'id': 17}
2020-02-08_13:41:33.627[Status]Routing 65: Walk: 61
2020-02-08_13:41:33.727[Battery Energy]85.96
2020-02-08_13:41:33.727[Status]Routing Start.
2020-02-08_13:41:34.078[Status]{'coordinate': [714.0072877050643, 346.44438323829604], 'id': 17}
2020-02-08_13:41:34.078[Status]Routing 66: Walk: 62
2020-02-08_13:41:34.179[Battery Energy]85.65
2020-02-08_13:41:34.179[Status]Routing Start.
2020-02-08_13:41:34.315[Status]{'coordinate': [723.4751471841782, 343.22574425826855], 'id': 17}
2020-02-08_13:41:34.315[Status]Routing 67: Walk: 63
2020-02-08_13:41:34.415[Battery Energy]85.44
2020-02-08_13:41:34.415[Status]Routing Start.
2020-02-08_13:41:34.574[Status]{'coordinate': [732.9430066632922, 340.00710527824106], 'id': 17}
2020-02-08_13:41:34.574[Status]Routing 68: Walk: 64
2020-02-08_13:41:34.678[Battery Energy]85.25
2020-02-08_13:41:34.678[Status]Routing Start.
2020-02-08_13:41:34.858[Status]{'coordinate': [742.4108661424061, 336.78846629821356], 'id': 17}
2020-02-08_13:41:34.860[Status]Routing 69: Walk: 65
2020-02-08_13:41:34.966[Battery Energy]85.04
2020-02-08_13:41:34.966[Status]Routing Start.
2020-02-08_13:41:35.119[Status]{'coordinate': [751.8787256215201, 333.56982731818607], 'id': 17}
2020-02-08_13:41:35.119[Status]Routing 70: Walk: 66
2020-02-08_13:41:35.220[Battery Energy]84.84
2020-02-08_13:41:35.220[Status]Routing Start.
2020-02-08_13:41:35.370[Status]{'coordinate': [761.346585100634, 330.3511883381586], 'id': 17}
2020-02-08_13:41:35.370[Status]Routing 71: Walk: 67
2020-02-08_13:41:35.478[Battery Energy]84.61
2020-02-08_13:41:35.478[Status]Routing Start.
2020-02-08_13:41:35.613[Status]{'coordinate': [770.8144445797479, 327.1325493581311], 'id': 17}
2020-02-08_13:41:35.620[Status]Routing 72: Walk: 68
2020-02-08_13:41:35.720[Battery Energy]84.43
2020-02-08_13:41:35.720[Status]Routing Start.
2020-02-08_13:41:35.868[Status]{'coordinate': [780.2823040588619, 323.9139103781036], 'id': 17}
2020-02-08_13:41:35.869[Status]Routing 73: Walk: 69
2020-02-08_13:41:35.982[Battery Energy]84.21
2020-02-08_13:41:35.982[Status]Routing Start.
2020-02-08_13:41:36.130[Status]{'coordinate': [789.7501635379758, 320.6952713980761], 'id': 17}
2020-02-08_13:41:36.130[Status]Routing 74: Walk: 70
2020-02-08_13:41:36.231[Battery Energy]84.01
2020-02-08_13:41:36.231[Status]Routing Start.
2020-02-08_13:41:36.373[Status]{'coordinate': [799.2180230170898, 317.4766324180486], 'id': 17}
2020-02-08_13:41:36.373[Status]Routing 75: Walk: 71
2020-02-08_13:41:36.486[Battery Energy]83.82
2020-02-08_13:41:36.486[Status]Routing Start.
2020-02-08_13:41:36.645[Status]{'coordinate': [808.6858824962037, 314.2579934380211], 'id': 17}
2020-02-08_13:41:36.646[Status]Routing 76: Walk: 72
2020-02-08_13:41:36.750[Battery Energy]83.60
2020-02-08_13:41:36.750[Status]Routing Start.
2020-02-08_13:41:36.935[Status]{'coordinate': [818.1537419753176, 311.0393544579936], 'id': 17}
2020-02-08_13:41:36.935[Status]Routing 77: Walk: 73
2020-02-08_13:41:37.050[Battery Energy]83.36
2020-02-08_13:41:37.050[Status]Routing Start.
2020-02-08_13:41:37.196[Status]{'coordinate': [827.6216014544316, 307.82071547796613], 'id': 17}
2020-02-08_13:41:37.196[Status]Routing 78: Walk: 74
2020-02-08_13:41:37.306[Battery Energy]83.16
2020-02-08_13:41:37.306[Status]Routing Start.
2020-02-08_13:41:37.630[Status]{'coordinate': [837.0894609335455, 304.60207649793864], 'id': 17}
2020-02-08_13:41:37.630[Status]Routing 79: Walk: 75
2020-02-08_13:41:37.742[Battery Energy]82.85
2020-02-08_13:41:37.742[Status]Routing Start.
2020-02-08_13:41:37.871[Status]{'coordinate': [846.5573204126595, 301.38343751791115], 'id': 17}
2020-02-08_13:41:37.872[Status]Routing 80: Walk: 76
2020-02-08_13:41:37.982[Battery Energy]82.65
2020-02-08_13:41:37.982[Status]Routing Start.
2020-02-08_13:41:38.153[Status]{'coordinate': [856.0251798917734, 298.16479853788366], 'id': 17}
2020-02-08_13:41:38.154[Status]Routing 81: Walk: 77
2020-02-08_13:41:38.257[Battery Energy]82.43
2020-02-08_13:41:38.257[Status]Routing Start.
2020-02-08_13:41:38.400[Status]{'coordinate': [865.4930393708873, 294.94615955785616], 'id': 17}
2020-02-08_13:41:38.400[Status]Routing 82: Walk: 78
2020-02-08_13:41:38.502[Battery Energy]82.24
2020-02-08_13:41:38.502[Status]Routing Start.
2020-02-08_13:41:38.651[Status]{'coordinate': [874.9608988500013, 291.72752057782867], 'id': 17}
2020-02-08_13:41:38.654[Status]Routing 83: Walk: 79
2020-02-08_13:41:38.757[Battery Energy]82.04
2020-02-08_13:41:38.757[Status]Routing Start.
2020-02-08_13:41:38.931[Status]{'coordinate': [884.4287583291152, 288.5088815978012], 'id': 17}
2020-02-08_13:41:38.932[Status]Routing 84: Walk: 80
2020-02-08_13:41:39.032[Battery Energy]81.81
2020-02-08_13:41:39.032[Status]Routing Start.
2020-02-08_13:41:39.396[Status]{'coordinate': [893.8966178082292, 285.2902426177737], 'id': 17}
2020-02-08_13:41:39.396[Status]Routing 85: Walk: 81
2020-02-08_13:41:39.496[Battery Energy]81.41
2020-02-08_13:41:39.496[Status]Routing Start.
2020-02-08_13:41:39.650[Status]{'coordinate': [903.3644772873431, 282.0716036377462], 'id': 17}
2020-02-08_13:41:39.650[Status]Routing 86: Walk: 82
2020-02-08_13:41:39.750[Battery Energy]81.22
2020-02-08_13:41:39.750[Status]Routing Start.
2020-02-08_13:41:39.886[Status]{'coordinate': [912.832336766457, 278.8529646577187], 'id': 17}
2020-02-08_13:41:39.886[Status]Routing 87: Walk: 83
2020-02-08_13:41:39.986[Battery Energy]81.03
2020-02-08_13:41:39.986[Status]Routing Start.
2020-02-08_13:41:40.145[Status]{'coordinate': [922.300196245571, 275.6343256776912], 'id': 17}
2020-02-08_13:41:40.145[Status]Routing 88: Walk: 84
2020-02-08_13:41:40.246[Battery Energy]80.81
2020-02-08_13:41:40.246[Status]Routing Start.
2020-02-08_13:41:40.498[Status]{'coordinate': [931.7680557246849, 272.4156866976637], 'id': 17}
2020-02-08_13:41:40.498[Status]Routing 89: Walk: 85
2020-02-08_13:41:40.602[Battery Energy]80.54
2020-02-08_13:41:40.602[Status]Routing Start.
2020-02-08_13:41:40.799[Status]{'coordinate': [941.2359152037989, 269.1970477176362], 'id': 17}
2020-02-08_13:41:40.799[Status]Routing 90: Walk: 86
2020-02-08_13:41:40.910[Battery Energy]80.28
2020-02-08_13:41:40.910[Status]Routing Start.
2020-02-08_13:41:41.079[Status]{'coordinate': [950.7037746829128, 265.97840873760873], 'id': 17}
2020-02-08_13:41:41.079[Status]Routing 91: Walk: 87
2020-02-08_13:41:41.186[Battery Energy]80.07
2020-02-08_13:41:41.186[Status]Routing Start.
2020-02-08_13:41:41.532[Status]{'coordinate': [960.1716341620267, 262.75976975758124], 'id': 17}
2020-02-08_13:41:41.532[Status]Routing 92: Walk: 88
2020-02-08_13:41:41.642[Battery Energy]79.74
2020-02-08_13:41:41.642[Status]Routing Start.
2020-02-08_13:41:41.927[Status]{'coordinate': [969.6394936411407, 259.54113077755375], 'id': 17}
2020-02-08_13:41:41.927[Status]Routing 93: Walk: 89
2020-02-08_13:41:42.028[Battery Energy]79.48
2020-02-08_13:41:42.028[Status]Routing Start.
2020-02-08_13:41:42.431[Status]{'coordinate': [979.1073531202546, 256.32249179752625], 'id': 17}
2020-02-08_13:41:42.431[Status]Routing 94: Walk: 90
2020-02-08_13:41:42.534[Battery Energy]79.13
2020-02-08_13:41:42.534[Status]Routing Start.
2020-02-08_13:41:42.672[Status]{'coordinate': [988.5752125993686, 253.1038528174988], 'id': 17}
2020-02-08_13:41:42.672[Status]Routing 95: Walk: 91
2020-02-08_13:41:42.782[Battery Energy]78.94
2020-02-08_13:41:42.782[Status]Routing Start.
2020-02-08_13:41:43.098[Status]{'coordinate': [998.0430720784825, 249.88521383747133], 'id': 17}
2020-02-08_13:41:43.098[Status]Routing 96: Walk: 92
2020-02-08_13:41:43.205[Battery Energy]78.65
2020-02-08_13:41:43.205[Status]Routing Start.
2020-02-08_13:41:43.514[Status]{'coordinate': [1007.5109315575965, 246.66657485744386], 'id': 17}
2020-02-08_13:41:43.514[Status]Routing 97: Walk: 93
2020-02-08_13:41:43.622[Battery Energy]78.39
2020-02-08_13:41:43.622[Status]Routing Start.
2020-02-08_13:41:43.921[Status]{'coordinate': [1016.9787910367104, 243.4479358774164], 'id': 17}
2020-02-08_13:41:43.921[Status]Routing 98: Walk: 94
2020-02-08_13:41:44.022[Battery Energy]78.08
2020-02-08_13:41:44.022[Status]Routing Start.
2020-02-08_13:41:44.225[Status]{'coordinate': [1026.4466505158243, 240.22929689738893], 'id': 17}
2020-02-08_13:41:44.226[Status]Routing 99: Walk: 95
2020-02-08_13:41:44.331[Battery Energy]77.86
2020-02-08_13:41:44.331[Status]Routing Start.
2020-02-08_13:41:44.731[Status]{'coordinate': [1035.9145099949383, 237.01065791736147], 'id': 17}
2020-02-08_13:41:44.733[Status]Routing 100: Walk: 96
2020-02-08_13:41:44.833[Battery Energy]77.52
2020-02-08_13:41:44.833[Status]Routing Start.
2020-02-08_13:41:44.833[Status]Task Finished.
2020-02-08_13:41:44.933[Battery Energy]77.52
2020-02-08_13:41:45.176[Status]Routing 102: Walk: 96
2020-02-08_13:41:45.282[Battery Energy]77.33
2020-02-08_13:41:45.426[Status]Routing 103: Walk: 96
2020-02-08_13:41:45.542[Battery Energy]77.21
2020-02-08_13:41:45.814[Status]Routing 104: Walk: 96
2020-02-08_13:41:45.919[Battery Energy]76.99
2020-02-08_13:41:46.066[Status]Routing 105: Walk: 96
2020-02-08_13:41:46.170[Battery Energy]76.88
2020-02-08_13:41:46.322[Status]Routing 106: Walk: 96
2020-02-08_13:41:46.422[Battery Energy]76.77
2020-02-08_13:41:46.590[Status]Routing 107: Walk: 96
2020-02-08_13:41:46.690[Battery Energy]76.66
2020-02-08_13:41:46.847[Status]Routing 108: Walk: 96
2020-02-08_13:41:46.954[Battery Energy]76.55
2020-02-08_13:41:47.094[Status]Routing 109: Walk: 96
2020-02-08_13:41:47.202[Battery Energy]76.43
2020-02-08_13:41:47.448[Status]Routing 110: Walk: 96
2020-02-08_13:41:47.562[Battery Energy]76.25
2020-02-08_13:41:47.760[Status]Routing 111: Walk: 96
2020-02-08_13:41:47.870[Battery Energy]76.11
2020-02-08_13:41:48.185[Status]Routing 112: Walk: 96
2020-02-08_13:41:48.291[Battery Energy]75.90
2020-02-08_13:41:48.658[Status]Routing 113: Walk: 96
2020-02-08_13:41:48.759[Battery Energy]75.57
2020-02-08_13:41:48.979[Status]Routing 114: Walk: 96
2020-02-08_13:41:49.090[Battery Energy]75.44
2020-02-08_13:41:49.539[Status]Routing 115: Walk: 96
2020-02-08_13:41:49.646[Battery Energy]75.09
2020-02-08_13:41:49.822[Status]Routing 116: Walk: 96
2020-02-08_13:41:49.926[Battery Energy]75.00
2020-02-08_13:41:50.434[Status]Routing 117: Walk: 96
2020-02-08_13:41:50.536[Battery Energy]74.57
2020-02-08_13:41:50.730[Status]Routing 118: Walk: 96
2020-02-08_13:41:50.842[Battery Energy]74.43
2020-02-08_13:41:51.177[Status]Routing 119: Walk: 96
2020-02-08_13:41:51.294[Battery Energy]74.25
2020-02-08_13:41:51.585[Status]Routing 120: Walk: 96
2020-02-08_13:41:51.686[Battery Energy]74.05
2020-02-08_13:41:52.005[Status]Routing 121: Walk: 96
2020-02-08_13:41:52.110[Battery Energy]73.84
2020-02-08_13:41:52.417[Status]Routing 122: Walk: 96
2020-02-08_13:41:52.517[Battery Energy]73.61
2020-02-08_13:41:52.863[Status]Routing 123: Walk: 96
2020-02-08_13:41:52.974[Battery Energy]73.37
2020-02-08_13:41:53.298[Status]Routing 124: Walk: 96
2020-02-08_13:41:53.418[Battery Energy]73.16
2020-02-08_13:41:53.667[Status]Routing 125: Walk: 96
2020-02-08_13:41:53.774[Battery Energy]73.01
2020-02-08_13:41:54.066[Status]Routing 126: Walk: 96
2020-02-08_13:41:54.174[Battery Energy]72.83
2020-02-08_13:41:54.472[Status]Routing 127: Walk: 96
2020-02-08_13:41:54.582[Battery Energy]72.65
2020-02-08_13:41:54.819[Status]Routing 128: Walk: 96
2020-02-08_13:41:54.922[Battery Energy]72.47
2020-02-08_13:41:55.280[Status]Routing 129: Walk: 96
2020-02-08_13:41:55.380[Battery Energy]72.19
2020-02-08_13:41:55.533[Status]Routing 130: Walk: 96
2020-02-08_13:41:55.635[Battery Energy]72.08
2020-02-08_13:41:55.993[Status]Routing 131: Walk: 96
2020-02-08_13:41:56.102[Battery Energy]71.88
2020-02-08_13:41:56.456[Status]Routing 132: Walk: 96
2020-02-08_13:41:56.558[Battery Energy]71.61
2020-02-08_13:41:56.845[Status]Routing 133: Walk: 96
2020-02-08_13:41:56.945[Battery Energy]71.46
2020-02-08_13:41:57.277[Status]Routing 134: Walk: 96
2020-02-08_13:41:57.378[Battery Energy]71.24
2020-02-08_13:41:57.529[Status]Routing 135: Walk: 96
2020-02-08_13:41:57.629[Battery Energy]71.13
2020-02-08_13:41:57.767[Status]Routing 136: Walk: 96
2020-02-08_13:41:57.874[Battery Energy]71.03
2020-02-08_13:41:58.011[Status]Routing 137: Walk: 96
2020-02-08_13:41:58.111[Battery Energy]70.94
2020-02-08_13:41:58.293[Status]Routing 138: Walk: 96
2020-02-08_13:41:58.394[Battery Energy]70.81
2020-02-08_13:41:58.647[Status]Routing 139: Walk: 96
2020-02-08_13:41:58.753[Battery Energy]70.64
2020-02-08_13:41:58.900[Status]Routing 140: Walk: 96
2020-02-08_13:41:59.000[Battery Energy]70.53
2020-02-08_13:41:59.151[Status]Routing 141: Walk: 96
2020-02-08_13:41:59.262[Battery Energy]70.45
2020-02-08_13:41:59.399[Status]Routing 142: Walk: 96
2020-02-08_13:41:59.515[Battery Energy]70.35
2020-02-08_13:41:59.685[Status]Routing 143: Walk: 96
2020-02-08_13:41:59.785[Battery Energy]70.24
2020-02-08_13:41:59.956[Status]Routing 144: Walk: 96
2020-02-08_13:42:00.062[Battery Energy]70.12
2020-02-08_13:42:00.190[Status]Routing 145: Walk: 96
2020-02-08_13:42:00.293[Battery Energy]70.02
2020-02-08_13:42:00.457[Status]Routing 146: Walk: 96
2020-02-08_13:42:00.558[Battery Energy]69.90
2020-02-08_13:42:00.710[Status]Routing 147: Walk: 96
2020-02-08_13:42:00.814[Battery Energy]69.78
2020-02-08_13:42:00.977[Status]Routing 148: Walk: 96
2020-02-08_13:42:01.077[Battery Energy]69.67
2020-02-08_13:42:01.253[Status]Routing 149: Walk: 96
2020-02-08_13:42:01.353[Battery Energy]69.59
2020-02-08_13:42:01.514[Status]Routing 150: Walk: 96
2020-02-08_13:42:01.618[Battery Energy]69.47
2020-02-08_13:42:01.804[Status]Routing 151: Walk: 96
2020-02-08_13:42:01.905[Battery Energy]69.35
2020-02-08_13:42:02.066[Status]Routing 152: Walk: 96
2020-02-08_13:42:02.170[Battery Energy]69.25
2020-02-08_13:42:02.371[Status]Routing 153: Walk: 96
2020-02-08_13:42:02.482[Battery Energy]69.10
2020-02-08_13:42:02.631[Status]Routing 154: Walk: 96
2020-02-08_13:42:02.746[Battery Energy]69.03
2020-02-08_13:42:02.906[Status]Routing 155: Walk: 96
2020-02-08_13:42:03.014[Battery Energy]68.91
2020-02-08_13:42:03.150[Status]Routing 156: Walk: 96
2020-02-08_13:42:03.250[Battery Energy]68.81
2020-02-08_13:42:03.448[Status]Routing 157: Walk: 96
2020-02-08_13:42:03.550[Battery Energy]68.69
2020-02-08_13:42:03.704[Status]Routing 158: Walk: 96
2020-02-08_13:42:03.806[Battery Energy]68.59
2020-02-08_13:42:03.960[Status]Routing 159: Walk: 96
2020-02-08_13:42:04.066[Battery Energy]68.48
2020-02-08_13:42:04.217[Status]Routing 160: Walk: 96
2020-02-08_13:42:04.322[Battery Energy]68.37
2020-02-08_13:42:04.497[Status]Routing 161: Walk: 96
2020-02-08_13:42:04.602[Battery Energy]68.25
2020-02-08_13:42:04.757[Status]Routing 162: Walk: 96
2020-02-08_13:42:04.862[Battery Energy]68.15
