2020-01-28_17:36:24.472[Status]Start.
2020-01-28_17:36:24.472[Battery Energy]100.00
2020-01-28_17:36:25.573[Battery Energy]99.96
2020-01-28_17:36:26.674[Battery Energy]99.92
2020-01-28_17:36:27.776[Battery Energy]99.88
2020-01-28_17:36:28.877[Battery Energy]99.84
2020-01-28_17:36:29.978[Task]A New Task Released.
2020-01-28_17:36:29.980[Battery Energy]99.80
2020-01-28_17:36:29.980[Status]Selection Start.
2020-01-28_17:36:34.649[Status]Selection End: Do Task 0.
2020-01-28_17:36:34.761[Battery Energy]96.27
2020-01-28_17:36:34.761[Status]Formation Start.
2020-01-28_17:36:34.886[Status]number of tasks is 6
2020-01-28_17:36:34.887[Status]my group tasks is [ 525.  475.]
2020-01-28_17:36:34.887[Status]my group tasks is [ 425.          648.20508076]
2020-01-28_17:36:34.887[Status]my group tasks is [ 225.          648.20508076]
2020-01-28_17:36:34.888[Status]my group tasks is [ 125.  475.]
2020-01-28_17:36:34.888[Status]my group tasks is [ 225.          301.79491924]
2020-01-28_17:36:34.907[Status]my group tasks is [ 425.          301.79491924]
2020-01-28_17:36:34.966[Status]mygroup_robots_utility is {1: [32.860743322216955, 33.56368232255527, 62.45871397143412, 38.50930661779807, 46.41824818149337, 79.80914097508051], 2: [33.58103430509932, 99.27463259199536, 70.59225675174675, 40.72711520946685, 41.22632807838551, 35.54527877214211], 3: [32.84899303639, 37.291858012435576, 39.393924200567696, 89.79173883843237, 30.299710860794022, 31.770797094916503], 4: [34.39695862764491, 83.96490440893422, 42.24898135820343, 60.82868738821515, 34.59885760498662, 30.481008578169188], 5: [32.24100614034056, 65.30144151406766, 35.75056817746989, 36.998622043501086, 90.17873625952959, 43.16469887081597], 6: [34.57122367809317, 69.83202300247234, 40.11348873721015, 28.993764993845904, 26.89315882384593, 28.80333515434033]}
2020-01-28_17:36:34.966[Status]self.local_queue is [1, 2, 3, 5, 4, 6]
2020-01-28_17:36:34.966[Status]task_chosen index is 5
2020-01-28_17:36:34.966[Status]myindex_in_queue is 5
2020-01-28_17:36:34.966[Status]task destination is [424.9999999999999, 301.7949192431122]
2020-01-28_17:36:35.067[Battery Energy]96.11
2020-01-28_17:36:35.067[Status]Routing Start.
2020-01-28_17:36:35.246[Status]{'coordinate': [64.28299160615015, 446.2816580522838], 'id': 1}
2020-01-28_17:36:35.246[Status]Routing 1: Walk: 1
2020-01-28_17:36:35.346[Battery Energy]95.89
2020-01-28_17:36:35.346[Status]Routing Start.
2020-01-28_17:36:35.499[Status]{'coordinate': [73.5659832123003, 442.56331610456755], 'id': 1}
2020-01-28_17:36:35.499[Status]Routing 2: Walk: 2
2020-01-28_17:36:35.613[Battery Energy]95.65
2020-01-28_17:36:35.613[Status]Routing Start.
2020-01-28_17:36:35.799[Status]{'coordinate': [82.84897481845044, 438.8449741568513], 'id': 1}
2020-01-28_17:36:35.799[Status]Routing 3: Walk: 3
2020-01-28_17:36:35.903[Battery Energy]95.42
2020-01-28_17:36:35.903[Status]Routing Start.
2020-01-28_17:36:36.087[Status]{'coordinate': [92.13196642460059, 435.1266322091351], 'id': 1}
2020-01-28_17:36:36.087[Status]Routing 4: Walk: 4
2020-01-28_17:36:36.193[Battery Energy]95.20
2020-01-28_17:36:36.193[Status]Routing Start.
2020-01-28_17:36:36.337[Status]{'coordinate': [101.41495803075074, 431.40829026141887], 'id': 1}
2020-01-28_17:36:36.337[Status]Routing 5: Walk: 5
2020-01-28_17:36:36.449[Battery Energy]94.99
2020-01-28_17:36:36.449[Status]Routing Start.
2020-01-28_17:36:36.580[Status]{'coordinate': [110.69794963690089, 427.68994831370264], 'id': 1}
2020-01-28_17:36:36.580[Status]Routing 6: Walk: 6
2020-01-28_17:36:36.681[Battery Energy]94.79
2020-01-28_17:36:36.681[Status]Routing Start.
2020-01-28_17:36:37.111[Status]{'coordinate': [117.81823830001065, 434.71145024377364], 'id': 1}
2020-01-28_17:36:37.111[Status]Routing 7: Walk: 7
2020-01-28_17:36:37.211[Battery Energy]94.38
2020-01-28_17:36:37.211[Status]Routing Start.
2020-01-28_17:36:37.367[Status]{'coordinate': [126.9959248921511, 430.7402956488925], 'id': 1}
2020-01-28_17:36:37.368[Status]Routing 8: Walk: 8
2020-01-28_17:36:37.472[Battery Energy]94.15
2020-01-28_17:36:37.472[Status]Routing Start.
2020-01-28_17:36:37.877[Status]{'coordinate': [135.54694839273535, 435.92488792721645], 'id': 1}
2020-01-28_17:36:37.878[Status]Routing 9: Walk: 9
2020-01-28_17:36:37.979[Battery Energy]93.69
2020-01-28_17:36:37.979[Status]Routing Start.
2020-01-28_17:36:38.164[Status]{'coordinate': [144.62013590716677, 431.72045356240994], 'id': 1}
2020-01-28_17:36:38.164[Status]Routing 10: Walk: 10
2020-01-28_17:36:38.264[Battery Energy]93.46
2020-01-28_17:36:38.264[Status]Routing Start.
2020-01-28_17:36:38.617[Status]{'coordinate': [153.6933234215982, 427.51601919760344], 'id': 1}
2020-01-28_17:36:38.617[Status]Routing 11: Walk: 11
2020-01-28_17:36:38.721[Battery Energy]93.12
2020-01-28_17:36:38.721[Status]Routing Start.
2020-01-28_17:36:39.160[Status]{'coordinate': [162.76651093602962, 423.31158483279694], 'id': 1}
2020-01-28_17:36:39.160[Status]Routing 12: Walk: 12
2020-01-28_17:36:39.260[Battery Energy]92.63
2020-01-28_17:36:39.260[Status]Routing Start.
2020-01-28_17:36:39.570[Status]{'coordinate': [171.83969845046104, 419.10715046799044], 'id': 1}
2020-01-28_17:36:39.570[Status]Routing 13: Walk: 13
2020-01-28_17:36:39.670[Battery Energy]92.23
2020-01-28_17:36:39.670[Status]Routing Start.
2020-01-28_17:36:39.854[Status]{'coordinate': [180.91288596489247, 414.90271610318393], 'id': 1}
2020-01-28_17:36:39.856[Status]Routing 14: Walk: 14
2020-01-28_17:36:39.961[Battery Energy]91.98
2020-01-28_17:36:39.961[Status]Routing Start.
2020-01-28_17:36:40.233[Status]{'coordinate': [189.9860734793239, 410.69828173837743], 'id': 1}
2020-01-28_17:36:40.233[Status]Routing 15: Walk: 15
2020-01-28_17:36:40.333[Battery Energy]91.65
2020-01-28_17:36:40.333[Status]Routing Start.
2020-01-28_17:36:40.642[Status]{'coordinate': [199.05926099375532, 406.49384737357093], 'id': 1}
2020-01-28_17:36:40.642[Status]Routing 16: Walk: 16
2020-01-28_17:36:40.745[Battery Energy]91.33
2020-01-28_17:36:40.745[Status]Routing Start.
2020-01-28_17:36:41.060[Status]{'coordinate': [208.13244850818674, 402.2894130087644], 'id': 1}
2020-01-28_17:36:41.060[Status]Routing 17: Walk: 17
2020-01-28_17:36:41.160[Battery Energy]91.01
2020-01-28_17:36:41.160[Status]Routing Start.
2020-01-28_17:36:41.416[Status]{'coordinate': [217.20563602261817, 398.0849786439579], 'id': 1}
2020-01-28_17:36:41.416[Status]Routing 18: Walk: 18
2020-01-28_17:36:41.516[Battery Energy]90.73
2020-01-28_17:36:41.516[Status]Routing Start.
2020-01-28_17:36:41.761[Status]{'coordinate': [226.2788235370496, 393.8805442791514], 'id': 1}
2020-01-28_17:36:41.761[Status]Routing 19: Walk: 19
2020-01-28_17:36:41.861[Battery Energy]90.42
2020-01-28_17:36:41.861[Status]Routing Start.
2020-01-28_17:36:42.155[Status]{'coordinate': [235.352011051481, 389.6761099143449], 'id': 1}
2020-01-28_17:36:42.156[Status]Routing 20: Walk: 20
2020-01-28_17:36:42.265[Battery Energy]90.07
2020-01-28_17:36:42.265[Status]Routing Start.
2020-01-28_17:36:42.567[Status]{'coordinate': [244.42519856591244, 385.4716755495384], 'id': 1}
2020-01-28_17:36:42.567[Status]Routing 21: Walk: 21
2020-01-28_17:36:42.671[Battery Energy]89.74
2020-01-28_17:36:42.671[Status]Routing Start.
2020-01-28_17:36:42.801[Status]{'coordinate': [253.49838608034386, 381.2672411847319], 'id': 1}
2020-01-28_17:36:42.801[Status]Routing 22: Walk: 22
2020-01-28_17:36:42.902[Battery Energy]89.53
2020-01-28_17:36:42.902[Status]Routing Start.
2020-01-28_17:36:43.074[Status]{'coordinate': [262.57157359477526, 377.0628068199254], 'id': 1}
2020-01-28_17:36:43.075[Status]Routing 23: Walk: 23
2020-01-28_17:36:43.185[Battery Energy]89.30
2020-01-28_17:36:43.185[Status]Routing Start.
2020-01-28_17:36:43.517[Status]{'coordinate': [271.6447611092067, 372.8583724551189], 'id': 1}
2020-01-28_17:36:43.517[Status]Routing 24: Walk: 24
2020-01-28_17:36:43.619[Battery Energy]88.96
2020-01-28_17:36:43.619[Status]Routing Start.
2020-01-28_17:36:43.795[Status]{'coordinate': [280.7179486236381, 368.6539380903124], 'id': 1}
2020-01-28_17:36:43.796[Status]Routing 25: Walk: 25
2020-01-28_17:36:43.896[Battery Energy]88.70
2020-01-28_17:36:43.896[Status]Routing Start.
2020-01-28_17:36:44.064[Status]{'coordinate': [289.79113613806953, 364.4495037255059], 'id': 1}
2020-01-28_17:36:44.064[Status]Routing 26: Walk: 26
2020-01-28_17:36:44.177[Battery Energy]88.46
2020-01-28_17:36:44.177[Status]Routing Start.
2020-01-28_17:36:44.328[Status]{'coordinate': [298.86432365250096, 360.2450693606994], 'id': 1}
2020-01-28_17:36:44.329[Status]Routing 27: Walk: 27
2020-01-28_17:36:44.432[Battery Energy]88.28
2020-01-28_17:36:44.432[Status]Routing Start.
2020-01-28_17:36:44.550[Status]{'coordinate': [307.9375111669324, 356.0406349958929], 'id': 1}
2020-01-28_17:36:44.550[Status]Routing 28: Walk: 28
2020-01-28_17:36:44.657[Battery Energy]88.09
2020-01-28_17:36:44.657[Status]Routing Start.
2020-01-28_17:36:44.783[Status]{'coordinate': [317.0106986813638, 351.8362006310864], 'id': 1}
2020-01-28_17:36:44.783[Status]Routing 29: Walk: 29
2020-01-28_17:36:44.889[Battery Energy]87.88
2020-01-28_17:36:44.889[Status]Routing Start.
2020-01-28_17:36:45.179[Status]{'coordinate': [326.08388619579523, 347.6317662662799], 'id': 1}
2020-01-28_17:36:45.179[Status]Routing 30: Walk: 30
2020-01-28_17:36:45.284[Battery Energy]87.56
2020-01-28_17:36:45.285[Status]Routing Start.
2020-01-28_17:36:45.608[Status]{'coordinate': [335.15707371022665, 343.4273319014734], 'id': 1}
2020-01-28_17:36:45.608[Status]Routing 31: Walk: 31
2020-01-28_17:36:45.708[Battery Energy]87.22
2020-01-28_17:36:45.708[Status]Routing Start.
2020-01-28_17:36:45.963[Status]{'coordinate': [344.2302612246581, 339.2228975366669], 'id': 1}
2020-01-28_17:36:45.963[Status]Routing 32: Walk: 32
2020-01-28_17:36:46.069[Battery Energy]86.93
2020-01-28_17:36:46.069[Status]Routing Start.
2020-01-28_17:36:46.547[Status]{'coordinate': [353.3034487390895, 335.0184631718604], 'id': 1}
2020-01-28_17:36:46.547[Status]Routing 33: Walk: 33
2020-01-28_17:36:46.647[Battery Energy]86.46
2020-01-28_17:36:46.647[Status]Routing Start.
2020-01-28_17:36:46.921[Status]{'coordinate': [362.3766362535209, 330.8140288070539], 'id': 1}
2020-01-28_17:36:46.924[Status]Routing 34: Walk: 34
2020-01-28_17:36:47.024[Battery Energy]86.10
2020-01-28_17:36:47.024[Status]Routing Start.
2020-01-28_17:36:47.159[Status]{'coordinate': [371.44982376795235, 326.6095944422474], 'id': 1}
2020-01-28_17:36:47.160[Status]Routing 35: Walk: 35
2020-01-28_17:36:47.265[Battery Energy]85.88
2020-01-28_17:36:47.265[Status]Routing Start.
2020-01-28_17:36:47.409[Status]{'coordinate': [380.5230112823838, 322.4051600774409], 'id': 1}
2020-01-28_17:36:47.411[Status]Routing 36: Walk: 36
2020-01-28_17:36:47.511[Battery Energy]85.65
2020-01-28_17:36:47.511[Status]Routing Start.
2020-01-28_17:36:47.738[Status]{'coordinate': [389.5961987968152, 318.2007257126344], 'id': 1}
2020-01-28_17:36:47.738[Status]Routing 37: Walk: 37
2020-01-28_17:36:47.847[Battery Energy]85.40
2020-01-28_17:36:47.847[Status]Routing Start.
2020-01-28_17:36:48.187[Status]{'coordinate': [398.6693863112466, 313.9962913478279], 'id': 1}
2020-01-28_17:36:48.187[Status]Routing 38: Walk: 38
2020-01-28_17:36:48.287[Battery Energy]85.12
2020-01-28_17:36:48.287[Status]Routing Start.
2020-01-28_17:36:48.590[Status]{'coordinate': [407.74257382567805, 309.7918569830214], 'id': 1}
2020-01-28_17:36:48.590[Status]Routing 39: Walk: 39
2020-01-28_17:36:48.705[Battery Energy]84.78
2020-01-28_17:36:48.705[Status]Routing Start.
2020-01-28_17:36:49.021[Status]{'coordinate': [416.8157613401095, 305.5874226182149], 'id': 1}
2020-01-28_17:36:49.022[Status]Routing 40: Walk: 40
2020-01-28_17:36:49.122[Battery Energy]84.46
2020-01-28_17:36:49.122[Status]Routing Start.
2020-01-28_17:36:49.122[Status]Task Finished.
2020-01-28_17:36:49.223[Battery Energy]84.46
2020-01-28_17:36:49.362[Status]Routing 42: Walk: 40
2020-01-28_17:36:49.463[Battery Energy]84.33
2020-01-28_17:36:49.659[Status]Routing 43: Walk: 40
2020-01-28_17:36:49.760[Battery Energy]84.19
2020-01-28_17:36:50.095[Status]Routing 44: Walk: 40
2020-01-28_17:36:50.195[Battery Energy]83.93
2020-01-28_17:36:50.363[Status]Routing 45: Walk: 40
2020-01-28_17:36:50.463[Battery Energy]83.78
2020-01-28_17:36:50.760[Status]Routing 46: Walk: 40
2020-01-28_17:36:50.873[Battery Energy]83.53
2020-01-28_17:36:51.015[Status]Routing 47: Walk: 40
2020-01-28_17:36:51.122[Battery Energy]83.44
2020-01-28_17:36:51.291[Status]Routing 48: Walk: 40
2020-01-28_17:36:51.392[Battery Energy]83.33
2020-01-28_17:36:51.543[Status]Routing 49: Walk: 40
2020-01-28_17:36:51.661[Battery Energy]83.23
2020-01-28_17:36:51.780[Status]Routing 50: Walk: 40
2020-01-28_17:36:51.881[Battery Energy]83.13
2020-01-28_17:36:52.030[Status]Routing 51: Walk: 40
2020-01-28_17:36:52.144[Battery Energy]83.01
2020-01-28_17:36:52.335[Status]Routing 52: Walk: 40
2020-01-28_17:36:52.437[Battery Energy]82.89
2020-01-28_17:36:52.584[Status]Routing 53: Walk: 40
2020-01-28_17:36:52.705[Battery Energy]82.80
2020-01-28_17:36:52.818[Status]Routing 54: Walk: 40
2020-01-28_17:36:52.922[Battery Energy]82.72
2020-01-28_17:36:53.231[Status]Routing 55: Walk: 40
2020-01-28_17:36:53.341[Battery Energy]82.48
2020-01-28_17:36:53.634[Status]Routing 56: Walk: 40
2020-01-28_17:36:53.745[Battery Energy]82.29
2020-01-28_17:36:54.021[Status]Routing 57: Walk: 40
2020-01-28_17:36:54.122[Battery Energy]82.08
2020-01-28_17:36:54.421[Status]Routing 58: Walk: 40
2020-01-28_17:36:54.525[Battery Energy]81.90
2020-01-28_17:36:54.833[Status]Routing 59: Walk: 40
2020-01-28_17:36:54.937[Battery Energy]81.68
2020-01-28_17:36:55.233[Status]Routing 60: Walk: 40
2020-01-28_17:36:55.345[Battery Energy]81.47
2020-01-28_17:36:55.672[Status]Routing 61: Walk: 40
2020-01-28_17:36:55.781[Battery Energy]81.23
2020-01-28_17:36:55.929[Status]Routing 62: Walk: 40
2020-01-28_17:36:56.030[Battery Energy]81.10
2020-01-28_17:36:56.255[Status]Routing 63: Walk: 40
2020-01-28_17:36:56.357[Battery Energy]80.95
2020-01-28_17:36:56.497[Status]Routing 64: Walk: 40
2020-01-28_17:36:56.597[Battery Energy]80.83
2020-01-28_17:36:56.766[Status]Routing 65: Walk: 40
2020-01-28_17:36:56.866[Battery Energy]80.71
2020-01-28_17:36:57.006[Status]Routing 66: Walk: 40
2020-01-28_17:36:57.121[Battery Energy]80.63
2020-01-28_17:36:57.267[Status]Routing 67: Walk: 40
2020-01-28_17:36:57.377[Battery Energy]80.53
2020-01-28_17:36:57.529[Status]Routing 68: Walk: 40
2020-01-28_17:36:57.641[Battery Energy]80.40
2020-01-28_17:36:57.781[Status]Routing 69: Walk: 40
2020-01-28_17:36:57.889[Battery Energy]80.29
2020-01-28_17:36:58.032[Status]Routing 70: Walk: 40
2020-01-28_17:36:58.133[Battery Energy]80.18
2020-01-28_17:36:58.313[Status]Routing 71: Walk: 40
2020-01-28_17:36:58.425[Battery Energy]80.04
2020-01-28_17:36:58.565[Status]Routing 72: Walk: 40
2020-01-28_17:36:58.666[Battery Energy]79.94
2020-01-28_17:36:58.811[Status]Routing 73: Walk: 40
2020-01-28_17:36:58.925[Battery Energy]79.85
2020-01-28_17:36:59.102[Status]Routing 74: Walk: 40
2020-01-28_17:36:59.213[Battery Energy]79.70
2020-01-28_17:36:59.341[Status]Routing 75: Walk: 40
2020-01-28_17:36:59.441[Battery Energy]79.57
2020-01-28_17:36:59.596[Status]Routing 76: Walk: 40
2020-01-28_17:36:59.700[Battery Energy]79.45
2020-01-28_17:36:59.838[Status]Routing 77: Walk: 40
2020-01-28_17:36:59.938[Battery Energy]79.35
2020-01-28_17:37:00.096[Status]Routing 78: Walk: 40
2020-01-28_17:37:00.199[Battery Energy]79.20
2020-01-28_17:37:00.347[Status]Routing 79: Walk: 40
2020-01-28_17:37:00.448[Battery Energy]79.12
2020-01-28_17:37:00.621[Status]Routing 80: Walk: 40
2020-01-28_17:37:00.737[Battery Energy]79.02
2020-01-28_17:37:00.875[Status]Routing 81: Walk: 40
2020-01-28_17:37:00.989[Battery Energy]78.91
2020-01-28_17:37:01.157[Status]Routing 82: Walk: 40
2020-01-28_17:37:01.269[Battery Energy]78.79
2020-01-28_17:37:01.429[Status]Routing 83: Walk: 40
2020-01-28_17:37:01.537[Battery Energy]78.67
2020-01-28_17:37:01.845[Status]Routing 84: Walk: 40
2020-01-28_17:37:01.953[Battery Energy]78.46
2020-01-28_17:37:02.324[Status]Routing 85: Walk: 40
2020-01-28_17:37:02.437[Battery Energy]78.22
2020-01-28_17:37:02.574[Status]Routing 86: Walk: 40
2020-01-28_17:37:02.680[Battery Energy]78.10
2020-01-28_17:37:02.830[Status]Routing 87: Walk: 40
2020-01-28_17:37:02.931[Battery Energy]77.99
2020-01-28_17:37:03.222[Status]Routing 88: Walk: 40
2020-01-28_17:37:03.323[Battery Energy]77.77
2020-01-28_17:37:03.666[Status]Routing 89: Walk: 40
2020-01-28_17:37:03.766[Battery Energy]77.52
2020-01-28_17:37:04.097[Status]Routing 90: Walk: 40
2020-01-28_17:37:04.213[Battery Energy]77.30
2020-01-28_17:37:04.484[Status]Routing 91: Walk: 40
2020-01-28_17:37:04.597[Battery Energy]77.08
2020-01-28_17:37:04.717[Status]Routing 92: Walk: 40
2020-01-28_17:37:04.828[Battery Energy]76.99
2020-01-28_17:37:04.991[Status]Routing 93: Walk: 40
2020-01-28_17:37:05.103[Battery Energy]76.89
2020-01-28_17:37:05.390[Status]Routing 94: Walk: 40
2020-01-28_17:37:05.509[Battery Energy]76.67
2020-01-28_17:37:05.638[Status]Routing 95: Walk: 40
2020-01-28_17:37:05.742[Battery Energy]76.57
2020-01-28_17:37:05.888[Status]Routing 96: Walk: 40
2020-01-28_17:37:06.005[Battery Energy]76.47
2020-01-28_17:37:06.138[Status]Routing 97: Walk: 40
2020-01-28_17:37:06.238[Battery Energy]76.34
2020-01-28_17:37:06.523[Status]Routing 98: Walk: 40
2020-01-28_17:37:06.633[Battery Energy]76.17
2020-01-28_17:37:06.805[Status]Routing 99: Walk: 40
2020-01-28_17:37:06.906[Battery Energy]76.06
2020-01-28_17:37:07.146[Status]Routing 100: Walk: 40
2020-01-28_17:37:07.256[Battery Energy]75.89
2020-01-28_17:37:07.391[Status]Routing 101: Walk: 40
2020-01-28_17:37:07.509[Battery Energy]75.79
2020-01-28_17:37:07.635[Status]Routing 102: Walk: 40
2020-01-28_17:37:07.757[Battery Energy]75.68
2020-01-28_17:37:07.904[Status]Routing 103: Walk: 40
2020-01-28_17:37:08.013[Battery Energy]75.56
2020-01-28_17:37:08.296[Status]Routing 104: Walk: 40
2020-01-28_17:37:08.398[Battery Energy]75.38
2020-01-28_17:37:08.708[Status]Routing 105: Walk: 40
2020-01-28_17:37:08.810[Battery Energy]75.18
2020-01-28_17:37:09.138[Status]Routing 106: Walk: 40
2020-01-28_17:37:09.249[Battery Energy]74.91
2020-01-28_17:37:09.507[Status]Routing 107: Walk: 40
2020-01-28_17:37:09.610[Battery Energy]74.71
2020-01-28_17:37:09.886[Status]Routing 108: Walk: 40
2020-01-28_17:37:09.987[Battery Energy]74.49
2020-01-28_17:37:10.218[Status]Routing 109: Walk: 40
2020-01-28_17:37:10.329[Battery Energy]74.34
2020-01-28_17:37:10.545[Status]Routing 110: Walk: 40
2020-01-28_17:37:10.645[Battery Energy]74.16
2020-01-28_17:37:10.879[Status]Routing 111: Walk: 40
2020-01-28_17:37:10.980[Battery Energy]73.99
2020-01-28_17:37:11.126[Status]Routing 112: Walk: 40
2020-01-28_17:37:11.226[Battery Energy]73.90
2020-01-28_17:37:11.368[Status]Routing 113: Walk: 40
2020-01-28_17:37:11.470[Battery Energy]73.81
2020-01-28_17:37:11.638[Status]Routing 114: Walk: 40
2020-01-28_17:37:11.751[Battery Energy]73.66
2020-01-28_17:37:11.973[Status]Routing 115: Walk: 40
2020-01-28_17:37:12.077[Battery Energy]73.47
2020-01-28_17:37:12.364[Status]Routing 116: Walk: 40
2020-01-28_17:37:12.465[Battery Energy]73.24
2020-01-28_17:37:12.765[Status]Routing 117: Walk: 40
2020-01-28_17:37:12.869[Battery Energy]73.04
2020-01-28_17:37:13.143[Status]Routing 118: Walk: 40
2020-01-28_17:37:13.249[Battery Energy]72.80
2020-01-28_17:37:13.426[Status]Routing 119: Walk: 40
2020-01-28_17:37:13.537[Battery Energy]72.68
2020-01-28_17:37:13.816[Status]Routing 120: Walk: 40
2020-01-28_17:37:13.917[Battery Energy]72.47
2020-01-28_17:37:14.240[Status]Routing 121: Walk: 40
2020-01-28_17:37:14.341[Battery Energy]72.22
2020-01-28_17:37:14.566[Status]Routing 122: Walk: 40
2020-01-28_17:37:14.686[Battery Energy]72.05
2020-01-28_17:37:14.856[Status]Routing 123: Walk: 40
2020-01-28_17:37:14.965[Battery Energy]71.94
2020-01-28_17:37:15.116[Status]Routing 124: Walk: 40
2020-01-28_17:37:15.229[Battery Energy]71.81
2020-01-28_17:37:15.396[Status]Routing 125: Walk: 40
2020-01-28_17:37:15.496[Battery Energy]71.68
2020-01-28_17:37:15.668[Status]Routing 126: Walk: 40
2020-01-28_17:37:15.770[Battery Energy]71.54
2020-01-28_17:37:16.002[Status]Routing 127: Walk: 40
2020-01-28_17:37:16.109[Battery Energy]71.33
2020-01-28_17:37:16.287[Status]Routing 128: Walk: 40
2020-01-28_17:37:16.397[Battery Energy]71.21
2020-01-28_17:37:16.678[Status]Routing 129: Walk: 40
2020-01-28_17:37:16.779[Battery Energy]71.01
2020-01-28_17:37:17.090[Status]Routing 130: Walk: 40
2020-01-28_17:37:17.191[Battery Energy]70.79
2020-01-28_17:37:17.522[Status]Routing 131: Walk: 40
2020-01-28_17:37:17.646[Battery Energy]70.58
2020-01-28_17:37:17.913[Status]Routing 132: Walk: 40
2020-01-28_17:37:18.016[Battery Energy]70.34
2020-01-28_17:37:18.334[Status]Routing 133: Walk: 40
2020-01-28_17:37:18.447[Battery Energy]70.05
2020-01-28_17:37:18.639[Status]Routing 134: Walk: 40
2020-01-28_17:37:18.753[Battery Energy]69.89
2020-01-28_17:37:19.067[Status]Routing 135: Walk: 40
2020-01-28_17:37:19.169[Battery Energy]69.64
2020-01-28_17:37:19.308[Status]Routing 136: Walk: 40
2020-01-28_17:37:19.417[Battery Energy]69.50
2020-01-28_17:37:19.759[Status]Routing 137: Walk: 40
2020-01-28_17:37:19.861[Battery Energy]69.27
2020-01-28_17:37:20.132[Status]Routing 138: Walk: 40
2020-01-28_17:37:20.233[Battery Energy]69.06
2020-01-28_17:37:20.574[Status]Routing 139: Walk: 40
2020-01-28_17:37:20.685[Battery Energy]68.85
2020-01-28_17:37:20.947[Status]Routing 140: Walk: 40
2020-01-28_17:37:21.053[Battery Energy]68.66
2020-01-28_17:37:21.330[Status]Routing 141: Walk: 40
2020-01-28_17:37:21.437[Battery Energy]68.43
2020-01-28_17:37:21.559[Status]Routing 142: Walk: 40
2020-01-28_17:37:21.673[Battery Energy]68.33
2020-01-28_17:37:21.819[Status]Routing 143: Walk: 40
2020-01-28_17:37:21.923[Battery Energy]68.21
2020-01-28_17:37:22.073[Status]Routing 144: Walk: 40
2020-01-28_17:37:22.173[Battery Energy]68.09
2020-01-28_17:37:22.307[Status]Routing 145: Walk: 40
2020-01-28_17:37:22.411[Battery Energy]67.98
2020-01-28_17:37:22.533[Status]Routing 146: Walk: 40
2020-01-28_17:37:22.639[Battery Energy]67.87
2020-01-28_17:37:22.877[Status]Routing 147: Walk: 40
2020-01-28_17:37:22.978[Battery Energy]67.73
2020-01-28_17:37:23.134[Status]Routing 148: Walk: 40
2020-01-28_17:37:23.234[Battery Energy]67.61
2020-01-28_17:37:23.399[Status]Routing 149: Walk: 40
2020-01-28_17:37:23.505[Battery Energy]67.48
2020-01-28_17:37:23.666[Status]Routing 150: Walk: 40
2020-01-28_17:37:23.767[Battery Energy]67.35
2020-01-28_17:37:23.917[Status]Routing 151: Walk: 40
2020-01-28_17:37:24.037[Battery Energy]67.24
2020-01-28_17:37:24.209[Status]Routing 152: Walk: 40
2020-01-28_17:37:24.310[Battery Energy]67.14
2020-01-28_17:37:24.489[Status]Routing 153: Walk: 40
2020-01-28_17:37:24.590[Battery Energy]67.03
2020-01-28_17:37:24.757[Status]Routing 154: Walk: 40
2020-01-28_17:37:24.869[Battery Energy]66.92
2020-01-28_17:37:24.983[Status]Routing 155: Walk: 40
2020-01-28_17:37:25.084[Battery Energy]66.83
2020-01-28_17:37:25.222[Status]Routing 156: Walk: 40
2020-01-28_17:37:25.329[Battery Energy]66.74
2020-01-28_17:37:25.479[Status]Routing 157: Walk: 40
2020-01-28_17:37:25.589[Battery Energy]66.60
2020-01-28_17:37:25.717[Status]Routing 158: Walk: 40
2020-01-28_17:37:25.817[Battery Energy]66.51
2020-01-28_17:37:25.997[Status]Routing 159: Walk: 40
2020-01-28_17:37:26.099[Battery Energy]66.41
2020-01-28_17:37:26.240[Status]Routing 160: Walk: 40
2020-01-28_17:37:26.349[Battery Energy]66.31
2020-01-28_17:37:26.505[Status]Routing 161: Walk: 40
2020-01-28_17:37:26.629[Battery Energy]66.18
2020-01-28_17:37:26.744[Status]Routing 162: Walk: 40
2020-01-28_17:37:26.845[Battery Energy]66.08
2020-01-28_17:37:27.001[Status]Routing 163: Walk: 40
2020-01-28_17:37:27.105[Battery Energy]65.99
2020-01-28_17:37:27.288[Status]Routing 164: Walk: 40
2020-01-28_17:37:27.401[Battery Energy]65.86
2020-01-28_17:37:27.531[Status]Routing 165: Walk: 40
2020-01-28_17:37:27.632[Battery Energy]65.75
2020-01-28_17:37:27.763[Status]Routing 166: Walk: 40
2020-01-28_17:37:27.869[Battery Energy]65.64
2020-01-28_17:37:28.014[Status]Routing 167: Walk: 40
2020-01-28_17:37:28.115[Battery Energy]65.54
2020-01-28_17:37:28.266[Status]Routing 168: Walk: 40
2020-01-28_17:37:28.370[Battery Energy]65.45
2020-01-28_17:37:28.506[Status]Routing 169: Walk: 40
2020-01-28_17:37:28.616[Battery Energy]65.35
2020-01-28_17:37:28.761[Status]Routing 170: Walk: 40
2020-01-28_17:37:28.868[Battery Energy]65.21
2020-01-28_17:37:28.997[Status]Routing 171: Walk: 40
2020-01-28_17:37:29.097[Battery Energy]65.09
2020-01-28_17:37:29.282[Status]Routing 172: Walk: 40
2020-01-28_17:37:29.389[Battery Energy]64.96
2020-01-28_17:37:29.525[Status]Routing 173: Walk: 40
2020-01-28_17:37:29.629[Battery Energy]64.85
2020-01-28_17:37:29.772[Status]Routing 174: Walk: 40
2020-01-28_17:37:29.872[Battery Energy]64.73
2020-01-28_17:37:30.012[Status]Routing 175: Walk: 40
2020-01-28_17:37:30.116[Battery Energy]64.61
2020-01-28_17:37:30.268[Status]Routing 176: Walk: 40
2020-01-28_17:37:30.369[Battery Energy]64.51
2020-01-28_17:37:30.550[Status]Routing 177: Walk: 40
2020-01-28_17:37:30.653[Battery Energy]64.40
2020-01-28_17:37:30.803[Status]Routing 178: Walk: 40
2020-01-28_17:37:30.909[Battery Energy]64.28
2020-01-28_17:37:31.044[Status]Routing 179: Walk: 40
2020-01-28_17:37:31.145[Battery Energy]64.19
2020-01-28_17:37:31.272[Status]Routing 180: Walk: 40
2020-01-28_17:37:31.372[Battery Energy]64.11
2020-01-28_17:37:31.503[Status]Routing 181: Walk: 40
2020-01-28_17:37:31.609[Battery Energy]64.01
2020-01-28_17:37:31.740[Status]Routing 182: Walk: 40
2020-01-28_17:37:31.844[Battery Energy]63.92
2020-01-28_17:37:32.020[Status]Routing 183: Walk: 40
2020-01-28_17:37:32.121[Battery Energy]63.81
2020-01-28_17:37:32.256[Status]Routing 184: Walk: 40
2020-01-28_17:37:32.357[Battery Energy]63.71
2020-01-28_17:37:32.543[Status]Routing 185: Walk: 40
2020-01-28_17:37:32.653[Battery Energy]63.54
2020-01-28_17:37:32.816[Status]Routing 186: Walk: 40
2020-01-28_17:37:32.916[Battery Energy]63.40
2020-01-28_17:37:33.060[Status]Routing 187: Walk: 40
2020-01-28_17:37:33.169[Battery Energy]63.30
2020-01-28_17:37:33.337[Status]Routing 188: Walk: 40
2020-01-28_17:37:33.444[Battery Energy]63.16
2020-01-28_17:37:33.565[Status]Routing 189: Walk: 40
2020-01-28_17:37:33.668[Battery Energy]63.06
2020-01-28_17:37:33.828[Status]Routing 190: Walk: 40
2020-01-28_17:37:33.937[Battery Energy]62.94
2020-01-28_17:37:34.095[Status]Routing 191: Walk: 40
2020-01-28_17:37:34.205[Battery Energy]62.81
2020-01-28_17:37:34.346[Status]Routing 192: Walk: 40
2020-01-28_17:37:34.457[Battery Energy]62.70
2020-01-28_17:37:34.603[Status]Routing 193: Walk: 40
2020-01-28_17:37:34.717[Battery Energy]62.59
2020-01-28_17:37:34.841[Status]Routing 194: Walk: 40
2020-01-28_17:37:34.947[Battery Energy]62.48
2020-01-28_17:37:35.086[Status]Routing 195: Walk: 40
2020-01-28_17:37:35.193[Battery Energy]62.38
2020-01-28_17:37:35.330[Status]Routing 196: Walk: 40
2020-01-28_17:37:35.433[Battery Energy]62.30
2020-01-28_17:37:35.595[Status]Routing 197: Walk: 40
2020-01-28_17:37:35.701[Battery Energy]62.20
2020-01-28_17:37:35.844[Status]Routing 198: Walk: 40
2020-01-28_17:37:35.953[Battery Energy]62.10
2020-01-28_17:37:36.079[Status]Routing 199: Walk: 40
2020-01-28_17:37:36.192[Battery Energy]62.01
2020-01-28_17:37:36.336[Status]Routing 200: Walk: 40
2020-01-28_17:37:36.436[Battery Energy]61.90
2020-01-28_17:37:36.583[Status]Routing 201: Walk: 40
2020-01-28_17:37:36.686[Battery Energy]61.79
2020-01-28_17:37:36.828[Status]Routing 202: Walk: 40
2020-01-28_17:37:36.933[Battery Energy]61.68
2020-01-28_17:37:37.092[Status]Routing 203: Walk: 40
2020-01-28_17:37:37.205[Battery Energy]61.54
2020-01-28_17:37:37.329[Status]Routing 204: Walk: 40
2020-01-28_17:37:37.429[Battery Energy]61.44
2020-01-28_17:37:37.581[Status]Routing 205: Walk: 40
2020-01-28_17:37:37.693[Battery Energy]61.33
2020-01-28_17:37:37.859[Status]Routing 206: Walk: 40
2020-01-28_17:37:37.973[Battery Energy]61.20
2020-01-28_17:37:38.111[Status]Routing 207: Walk: 40
2020-01-28_17:37:38.211[Battery Energy]61.08
2020-01-28_17:37:38.374[Status]Routing 208: Walk: 40
2020-01-28_17:37:38.489[Battery Energy]60.96
2020-01-28_17:37:38.598[Status]Routing 209: Walk: 40
2020-01-28_17:37:38.700[Battery Energy]60.87
2020-01-28_17:37:38.847[Status]Routing 210: Walk: 40
2020-01-28_17:37:38.961[Battery Energy]60.75
2020-01-28_17:37:39.104[Status]Routing 211: Walk: 40
2020-01-28_17:37:39.208[Battery Energy]60.62
2020-01-28_17:37:39.409[Status]Routing 212: Walk: 40
2020-01-28_17:37:39.521[Battery Energy]60.45
2020-01-28_17:37:39.641[Status]Routing 213: Walk: 40
2020-01-28_17:37:39.749[Battery Energy]60.35
2020-01-28_17:37:39.874[Status]Routing 214: Walk: 40
2020-01-28_17:37:39.975[Battery Energy]60.25
2020-01-28_17:37:40.119[Status]Routing 215: Walk: 40
2020-01-28_17:37:40.224[Battery Energy]60.17
2020-01-28_17:37:40.376[Status]Routing 216: Walk: 40
2020-01-28_17:37:40.481[Battery Energy]60.08
2020-01-28_17:37:40.630[Status]Routing 217: Walk: 40
2020-01-28_17:37:40.730[Battery Energy]59.97
2020-01-28_17:37:40.871[Status]Routing 218: Walk: 40
2020-01-28_17:37:40.981[Battery Energy]59.85
2020-01-28_17:37:41.145[Status]Routing 219: Walk: 40
2020-01-28_17:37:41.262[Battery Energy]59.76
2020-01-28_17:37:41.440[Status]Routing 220: Walk: 40
2020-01-28_17:37:41.549[Battery Energy]59.64
2020-01-28_17:37:41.707[Status]Routing 221: Walk: 40
2020-01-28_17:37:41.810[Battery Energy]59.53
2020-01-28_17:37:42.013[Status]Routing 222: Walk: 40
2020-01-28_17:37:42.125[Battery Energy]59.38
2020-01-28_17:37:42.246[Status]Routing 223: Walk: 40
2020-01-28_17:37:42.357[Battery Energy]59.28
2020-01-28_17:37:42.480[Status]Routing 224: Walk: 40
2020-01-28_17:37:42.601[Battery Energy]59.17
2020-01-28_17:37:42.734[Status]Routing 225: Walk: 40
2020-01-28_17:37:42.837[Battery Energy]59.05
2020-01-28_17:37:42.994[Status]Routing 226: Walk: 40
2020-01-28_17:37:43.096[Battery Energy]58.95
2020-01-28_17:37:43.236[Status]Routing 227: Walk: 40
2020-01-28_17:37:43.353[Battery Energy]58.86
2020-01-28_17:37:43.530[Status]Routing 228: Walk: 40
2020-01-28_17:37:43.630[Battery Energy]58.73
2020-01-28_17:37:43.811[Status]Routing 229: Walk: 40
2020-01-28_17:37:43.912[Battery Energy]58.59
2020-01-28_17:37:44.070[Status]Routing 230: Walk: 40
2020-01-28_17:37:44.177[Battery Energy]58.47
2020-01-28_17:37:44.309[Status]Routing 231: Walk: 40
2020-01-28_17:37:44.417[Battery Energy]58.37
2020-01-28_17:37:44.577[Status]Routing 232: Walk: 40
2020-01-28_17:37:44.685[Battery Energy]58.26
2020-01-28_17:37:44.844[Status]Routing 233: Walk: 40
2020-01-28_17:37:44.945[Battery Energy]58.13
2020-01-28_17:37:45.102[Status]Routing 234: Walk: 40
2020-01-28_17:37:45.213[Battery Energy]58.02
2020-01-28_17:37:45.330[Status]Routing 235: Walk: 40
2020-01-28_17:37:45.430[Battery Energy]57.93
2020-01-28_17:37:45.598[Status]Routing 236: Walk: 40
2020-01-28_17:37:45.699[Battery Energy]57.78
2020-01-28_17:37:45.830[Status]Routing 237: Walk: 40
2020-01-28_17:37:45.931[Battery Energy]57.70
2020-01-28_17:37:46.084[Status]Routing 238: Walk: 40
2020-01-28_17:37:46.189[Battery Energy]57.59
2020-01-28_17:37:46.319[Status]Routing 239: Walk: 40
2020-01-28_17:37:46.429[Battery Energy]57.48
2020-01-28_17:37:46.591[Status]Routing 240: Walk: 40
2020-01-28_17:37:46.692[Battery Energy]57.35
2020-01-28_17:37:46.837[Status]Routing 241: Walk: 40
2020-01-28_17:37:46.945[Battery Energy]57.23
2020-01-28_17:37:47.094[Status]Routing 242: Walk: 40
2020-01-28_17:37:47.197[Battery Energy]57.12
2020-01-28_17:37:47.338[Status]Routing 243: Walk: 40
2020-01-28_17:37:47.449[Battery Energy]57.03
2020-01-28_17:37:47.573[Status]Routing 244: Walk: 40
2020-01-28_17:37:47.681[Battery Energy]56.94
2020-01-28_17:37:47.835[Status]Routing 245: Walk: 40
2020-01-28_17:37:47.941[Battery Energy]56.85
2020-01-28_17:37:48.080[Status]Routing 246: Walk: 40
2020-01-28_17:37:48.181[Battery Energy]56.74
2020-01-28_17:37:48.350[Status]Routing 247: Walk: 40
2020-01-28_17:37:48.465[Battery Energy]56.63
2020-01-28_17:37:48.612[Status]Routing 248: Walk: 40
2020-01-28_17:37:48.712[Battery Energy]56.50
2020-01-28_17:37:48.905[Status]Routing 249: Walk: 40
2020-01-28_17:37:49.017[Battery Energy]56.34
2020-01-28_17:37:49.138[Status]Routing 250: Walk: 40
2020-01-28_17:37:49.241[Battery Energy]56.23
2020-01-28_17:37:49.389[Status]Routing 251: Walk: 40
2020-01-28_17:37:49.492[Battery Energy]56.12
2020-01-28_17:37:49.627[Status]Routing 252: Walk: 40
2020-01-28_17:37:49.727[Battery Energy]56.03
2020-01-28_17:37:49.874[Status]Routing 253: Walk: 40
2020-01-28_17:37:49.993[Battery Energy]55.93
2020-01-28_17:37:50.127[Status]Routing 254: Walk: 40
2020-01-28_17:37:50.233[Battery Energy]55.82
2020-01-28_17:37:50.380[Status]Routing 255: Walk: 40
2020-01-28_17:37:50.489[Battery Energy]55.70
2020-01-28_17:37:50.639[Status]Routing 256: Walk: 40
2020-01-28_17:37:50.741[Battery Energy]55.58
2020-01-28_17:37:50.882[Status]Routing 257: Walk: 40
2020-01-28_17:37:50.997[Battery Energy]55.50
2020-01-28_17:37:51.158[Status]Routing 258: Walk: 40
2020-01-28_17:37:51.269[Battery Energy]55.39
2020-01-28_17:37:51.427[Status]Routing 259: Walk: 40
2020-01-28_17:37:51.537[Battery Energy]55.29
2020-01-28_17:37:51.668[Status]Routing 260: Walk: 40
2020-01-28_17:37:51.777[Battery Energy]55.17
2020-01-28_17:37:51.942[Status]Routing 261: Walk: 40
2020-01-28_17:37:52.043[Battery Energy]55.07
2020-01-28_17:37:52.191[Status]Routing 262: Walk: 40
2020-01-28_17:37:52.301[Battery Energy]54.98
2020-01-28_17:37:52.450[Status]Routing 263: Walk: 40
2020-01-28_17:37:52.559[Battery Energy]54.85
2020-01-28_17:37:52.738[Status]Routing 264: Walk: 40
2020-01-28_17:37:52.849[Battery Energy]54.75
2020-01-28_17:37:52.993[Status]Routing 265: Walk: 40
2020-01-28_17:37:53.095[Battery Energy]54.65
2020-01-28_17:37:53.306[Status]Routing 266: Walk: 40
2020-01-28_17:37:53.418[Battery Energy]54.50
2020-01-28_17:37:53.554[Status]Routing 267: Walk: 40
2020-01-28_17:37:53.665[Battery Energy]54.38
2020-01-28_17:37:53.804[Status]Routing 268: Walk: 40
2020-01-28_17:37:53.921[Battery Energy]54.28
2020-01-28_17:37:54.059[Status]Routing 269: Walk: 40
2020-01-28_17:37:54.160[Battery Energy]54.17
2020-01-28_17:37:54.295[Status]Routing 270: Walk: 40
2020-01-28_17:37:54.409[Battery Energy]54.06
2020-01-28_17:37:54.529[Status]Routing 271: Walk: 40
2020-01-28_17:37:54.641[Battery Energy]53.96
2020-01-28_17:37:54.774[Status]Routing 272: Walk: 40
2020-01-28_17:37:54.875[Battery Energy]53.85
2020-01-28_17:37:55.019[Status]Routing 273: Walk: 40
2020-01-28_17:37:55.125[Battery Energy]53.73
2020-01-28_17:37:55.301[Status]Routing 274: Walk: 40
2020-01-28_17:37:55.403[Battery Energy]53.62
2020-01-28_17:37:55.560[Status]Routing 275: Walk: 40
2020-01-28_17:37:55.664[Battery Energy]53.50
2020-01-28_17:37:55.815[Status]Routing 276: Walk: 40
2020-01-28_17:37:55.925[Battery Energy]53.40
2020-01-28_17:37:56.102[Status]Routing 277: Walk: 40
2020-01-28_17:37:56.209[Battery Energy]53.26
2020-01-28_17:37:56.393[Status]Routing 278: Walk: 40
2020-01-28_17:37:56.493[Battery Energy]53.13
2020-01-28_17:37:56.635[Status]Routing 279: Walk: 40
2020-01-28_17:37:56.737[Battery Energy]53.02
2020-01-28_17:37:56.902[Status]Routing 280: Walk: 40
2020-01-28_17:37:57.009[Battery Energy]52.90
2020-01-28_17:37:57.154[Status]Routing 281: Walk: 40
2020-01-28_17:37:57.255[Battery Energy]52.79
2020-01-28_17:37:57.389[Status]Routing 282: Walk: 40
2020-01-28_17:37:57.501[Battery Energy]52.69
2020-01-28_17:37:57.634[Status]Routing 283: Walk: 40
2020-01-28_17:37:57.759[Battery Energy]52.58
2020-01-28_17:37:57.883[Status]Routing 284: Walk: 40
2020-01-28_17:37:57.983[Battery Energy]52.47
2020-01-28_17:37:58.164[Status]Routing 285: Walk: 40
2020-01-28_17:37:58.265[Battery Energy]52.37
2020-01-28_17:37:58.421[Status]Routing 286: Walk: 40
2020-01-28_17:37:58.528[Battery Energy]52.27
2020-01-28_17:37:58.676[Status]Routing 287: Walk: 40
2020-01-28_17:37:58.777[Battery Energy]52.15
2020-01-28_17:37:58.958[Status]Routing 288: Walk: 40
2020-01-28_17:37:59.065[Battery Energy]52.04
2020-01-28_17:37:59.235[Status]Routing 289: Walk: 40
2020-01-28_17:37:59.338[Battery Energy]51.92
2020-01-28_17:37:59.506[Status]Routing 290: Walk: 40
2020-01-28_17:37:59.609[Battery Energy]51.79
2020-01-28_17:37:59.770[Status]Routing 291: Walk: 40
2020-01-28_17:37:59.881[Battery Energy]51.67
2020-01-28_17:38:00.051[Status]Routing 292: Walk: 40
2020-01-28_17:38:00.173[Battery Energy]51.54
2020-01-28_17:38:00.298[Status]Routing 293: Walk: 40
2020-01-28_17:38:00.413[Battery Energy]51.44
2020-01-28_17:38:00.551[Status]Routing 294: Walk: 40
2020-01-28_17:38:00.656[Battery Energy]51.36
2020-01-28_17:38:00.812[Status]Routing 295: Walk: 40
2020-01-28_17:38:00.912[Battery Energy]51.24
2020-01-28_17:38:01.061[Status]Routing 296: Walk: 40
2020-01-28_17:38:01.173[Battery Energy]51.12
2020-01-28_17:38:01.299[Status]Routing 297: Walk: 40
2020-01-28_17:38:01.400[Battery Energy]51.00
2020-01-28_17:38:01.535[Status]Routing 298: Walk: 40
2020-01-28_17:38:01.641[Battery Energy]50.89
2020-01-28_17:38:01.785[Status]Routing 299: Walk: 40
2020-01-28_17:38:01.886[Battery Energy]50.77
2020-01-28_17:38:02.042[Status]Routing 300: Walk: 40
2020-01-28_17:38:02.149[Battery Energy]50.67
2020-01-28_17:38:02.315[Status]Routing 301: Walk: 40
2020-01-28_17:38:02.421[Battery Energy]50.55
2020-01-28_17:38:02.571[Status]Routing 302: Walk: 40
2020-01-28_17:38:02.677[Battery Energy]50.43
2020-01-28_17:38:02.815[Status]Routing 303: Walk: 40
2020-01-28_17:38:02.925[Battery Energy]50.32
2020-01-28_17:38:03.070[Status]Routing 304: Walk: 40
2020-01-28_17:38:03.177[Battery Energy]50.22
2020-01-28_17:38:03.317[Status]Routing 305: Walk: 40
2020-01-28_17:38:03.420[Battery Energy]50.09
2020-01-28_17:38:03.566[Status]Routing 306: Walk: 40
2020-01-28_17:38:03.681[Battery Energy]49.96
2020-01-28_17:38:03.808[Status]Routing 307: Walk: 40
2020-01-28_17:38:03.912[Battery Energy]49.85
2020-01-28_17:38:04.078[Status]Routing 308: Walk: 40
2020-01-28_17:38:04.179[Battery Energy]49.71
2020-01-28_17:38:04.325[Status]Routing 309: Walk: 40
2020-01-28_17:38:04.426[Battery Energy]49.63
2020-01-28_17:38:04.593[Status]Routing 310: Walk: 40
2020-01-28_17:38:04.705[Battery Energy]49.52
2020-01-28_17:38:04.882[Status]Routing 311: Walk: 40
2020-01-28_17:38:04.993[Battery Energy]49.42
2020-01-28_17:38:05.130[Status]Routing 312: Walk: 40
2020-01-28_17:38:05.231[Battery Energy]49.32
2020-01-28_17:38:05.386[Status]Routing 313: Walk: 40
2020-01-28_17:38:05.486[Battery Energy]49.22
2020-01-28_17:38:05.622[Status]Routing 314: Walk: 40
2020-01-28_17:38:05.737[Battery Energy]49.11
2020-01-28_17:38:05.907[Status]Routing 315: Walk: 40
2020-01-28_17:38:06.009[Battery Energy]48.98
2020-01-28_17:38:06.175[Status]Routing 316: Walk: 40
2020-01-28_17:38:06.289[Battery Energy]48.85
2020-01-28_17:38:06.423[Status]Routing 317: Walk: 40
2020-01-28_17:38:06.524[Battery Energy]48.76
2020-01-28_17:38:06.653[Status]Routing 318: Walk: 40
2020-01-28_17:38:06.769[Battery Energy]48.65
2020-01-28_17:38:06.910[Status]Routing 319: Walk: 40
2020-01-28_17:38:07.021[Battery Energy]48.55
2020-01-28_17:38:07.149[Status]Routing 320: Walk: 40
2020-01-28_17:38:07.261[Battery Energy]48.45
2020-01-28_17:38:07.389[Status]Routing 321: Walk: 40
2020-01-28_17:38:07.505[Battery Energy]48.37
2020-01-28_17:38:07.627[Status]Routing 322: Walk: 40
2020-01-28_17:38:07.733[Battery Energy]48.27
2020-01-28_17:38:07.890[Status]Routing 323: Walk: 40
2020-01-28_17:38:07.991[Battery Energy]48.14
2020-01-28_17:38:08.127[Status]Routing 324: Walk: 40
2020-01-28_17:38:08.228[Battery Energy]48.04
2020-01-28_17:38:08.398[Status]Routing 325: Walk: 40
2020-01-28_17:38:08.505[Battery Energy]47.88
2020-01-28_17:38:08.632[Status]Routing 326: Walk: 40
2020-01-28_17:38:08.735[Battery Energy]47.78
2020-01-28_17:38:08.880[Status]Routing 327: Walk: 40
2020-01-28_17:38:08.993[Battery Energy]47.67
2020-01-28_17:38:09.161[Status]Routing 328: Walk: 40
2020-01-28_17:38:09.264[Battery Energy]47.53
2020-01-28_17:38:09.404[Status]Routing 329: Walk: 40
2020-01-28_17:38:09.513[Battery Energy]47.42
2020-01-28_17:38:09.745[Status]Routing 330: Walk: 40
2020-01-28_17:38:09.853[Battery Energy]47.30
2020-01-28_17:38:10.004[Status]Routing 331: Walk: 40
2020-01-28_17:38:10.104[Battery Energy]47.20
2020-01-28_17:38:10.270[Status]Routing 332: Walk: 40
2020-01-28_17:38:10.385[Battery Energy]47.06
2020-01-28_17:38:10.542[Status]Routing 333: Walk: 40
2020-01-28_17:38:10.645[Battery Energy]46.93
2020-01-28_17:38:10.802[Status]Routing 334: Walk: 40
2020-01-28_17:38:10.908[Battery Energy]46.83
2020-01-28_17:38:11.046[Status]Routing 335: Walk: 40
2020-01-28_17:38:11.153[Battery Energy]46.73
2020-01-28_17:38:11.279[Status]Routing 336: Walk: 40
2020-01-28_17:38:11.380[Battery Energy]46.62
2020-01-28_17:38:11.541[Status]Routing 337: Walk: 40
2020-01-28_17:38:11.649[Battery Energy]46.52
2020-01-28_17:38:11.800[Status]Routing 338: Walk: 40
2020-01-28_17:38:11.901[Battery Energy]46.40
2020-01-28_17:38:12.058[Status]Routing 339: Walk: 40
2020-01-28_17:38:12.181[Battery Energy]46.29
2020-01-28_17:38:12.295[Status]Routing 340: Walk: 40
2020-01-28_17:38:12.405[Battery Energy]46.19
2020-01-28_17:38:12.571[Status]Routing 341: Walk: 40
2020-01-28_17:38:12.681[Battery Energy]46.05
2020-01-28_17:38:12.835[Status]Routing 342: Walk: 40
2020-01-28_17:38:12.953[Battery Energy]45.95
2020-01-28_17:38:13.078[Status]Routing 343: Walk: 40
2020-01-28_17:38:13.201[Battery Energy]45.84
2020-01-28_17:38:13.314[Status]Routing 344: Walk: 40
2020-01-28_17:38:13.414[Battery Energy]45.76
2020-01-28_17:38:13.546[Status]Routing 345: Walk: 40
2020-01-28_17:38:13.646[Battery Energy]45.65
2020-01-28_17:38:13.783[Status]Routing 346: Walk: 40
2020-01-28_17:38:13.893[Battery Energy]45.54
2020-01-28_17:38:14.018[Status]Routing 347: Walk: 40
2020-01-28_17:38:14.119[Battery Energy]45.44
2020-01-28_17:38:14.255[Status]Routing 348: Walk: 40
2020-01-28_17:38:14.356[Battery Energy]45.33
2020-01-28_17:38:14.488[Status]Routing 349: Walk: 40
2020-01-28_17:38:14.594[Battery Energy]45.22
2020-01-28_17:38:14.757[Status]Routing 350: Walk: 40
2020-01-28_17:38:14.865[Battery Energy]45.08
2020-01-28_17:38:15.024[Status]Routing 351: Walk: 40
2020-01-28_17:38:15.125[Battery Energy]44.96
2020-01-28_17:38:15.259[Status]Routing 352: Walk: 40
2020-01-28_17:38:15.359[Battery Energy]44.88
2020-01-28_17:38:15.507[Status]Routing 353: Walk: 40
2020-01-28_17:38:15.608[Battery Energy]44.77
2020-01-28_17:38:15.797[Status]Routing 354: Walk: 40
2020-01-28_17:38:15.913[Battery Energy]44.62
2020-01-28_17:38:16.043[Status]Routing 355: Walk: 40
2020-01-28_17:38:16.145[Battery Energy]44.53
2020-01-28_17:38:16.284[Status]Routing 356: Walk: 40
2020-01-28_17:38:16.395[Battery Energy]44.40
2020-01-28_17:38:16.517[Status]Routing 357: Walk: 40
2020-01-28_17:38:16.618[Battery Energy]44.29
2020-01-28_17:38:16.782[Status]Routing 358: Walk: 40
2020-01-28_17:38:16.890[Battery Energy]44.16
2020-01-28_17:38:17.040[Status]Routing 359: Walk: 40
2020-01-28_17:38:17.145[Battery Energy]44.07
2020-01-28_17:38:17.339[Status]Routing 360: Walk: 40
2020-01-28_17:38:17.440[Battery Energy]43.95
2020-01-28_17:38:17.630[Status]Routing 361: Walk: 40
2020-01-28_17:38:17.731[Battery Energy]43.83
2020-01-28_17:38:17.936[Status]Routing 362: Walk: 40
2020-01-28_17:38:18.041[Battery Energy]43.68
2020-01-28_17:38:18.192[Status]Routing 363: Walk: 40
2020-01-28_17:38:18.318[Battery Energy]43.55
2020-01-28_17:38:18.463[Status]Routing 364: Walk: 40
2020-01-28_17:38:18.569[Battery Energy]43.44
2020-01-28_17:38:18.711[Status]Routing 365: Walk: 40
2020-01-28_17:38:18.821[Battery Energy]43.35
2020-01-28_17:38:18.979[Status]Routing 366: Walk: 40
2020-01-28_17:38:19.093[Battery Energy]43.24
2020-01-28_17:38:19.266[Status]Routing 367: Walk: 40
2020-01-28_17:38:19.377[Battery Energy]43.12
2020-01-28_17:38:19.501[Status]Routing 368: Walk: 40
2020-01-28_17:38:19.601[Battery Energy]43.01
2020-01-28_17:38:19.740[Status]Routing 369: Walk: 40
2020-01-28_17:38:19.842[Battery Energy]42.93
2020-01-28_17:38:20.071[Status]Routing 370: Walk: 40
2020-01-28_17:38:20.172[Battery Energy]42.76
2020-01-28_17:38:20.326[Status]Routing 371: Walk: 40
2020-01-28_17:38:20.429[Battery Energy]42.64
2020-01-28_17:38:20.567[Status]Routing 372: Walk: 40
2020-01-28_17:38:20.667[Battery Energy]42.54
2020-01-28_17:38:20.851[Status]Routing 373: Walk: 40
2020-01-28_17:38:20.957[Battery Energy]42.42
2020-01-28_17:38:21.110[Status]Routing 374: Walk: 40
2020-01-28_17:38:21.221[Battery Energy]42.29
2020-01-28_17:38:21.393[Status]Routing 375: Walk: 40
2020-01-28_17:38:21.496[Battery Energy]42.17
2020-01-28_17:38:21.643[Status]Routing 376: Walk: 40
