2020-01-28_17:36:27.949[Status]Start.
2020-01-28_17:36:27.950[Battery Energy]100.00
2020-01-28_17:36:29.051[Battery Energy]99.96
2020-01-28_17:36:30.153[Battery Energy]99.92
2020-01-28_17:36:31.253[Battery Energy]99.88
2020-01-28_17:36:32.355[Battery Energy]99.84
2020-01-28_17:36:33.455[Task]A New Task Released.
2020-01-28_17:36:33.456[Battery Energy]99.80
2020-01-28_17:36:33.456[Status]Selection Start.
2020-01-28_17:36:34.656[Status]Selection End: Do Task 2.
2020-01-28_17:36:34.769[Battery Energy]98.97
2020-01-28_17:36:34.769[Status]Formation Start.
2020-01-28_17:36:34.918[Status]number of tasks is 7
2020-01-28_17:36:34.926[Status]my group tasks is [ 1059.42353462   243.24495385]
2020-01-28_17:36:34.930[Status]my group tasks is [ 1011.93217925   205.37186174]
2020-01-28_17:36:34.937[Status]my group tasks is [ 1011.93217925   144.62813826]
2020-01-28_17:36:34.942[Status]my group tasks is [ 1059.42353462   106.75504615]
2020-01-28_17:36:34.948[Status]my group tasks is [ 1118.64428613   120.27179623]
2020-01-28_17:36:34.953[Status]my group tasks is [ 1145.   175.]
2020-01-28_17:36:34.953[Status]my group tasks is [ 1118.64428613   229.72820377]
2020-01-28_17:36:34.995[Status]mygroup_robots_utility is {16: [19.247250441764223, 17.395348126337225, 19.33831635617752, 36.91913689990584, 16.903073317820045, 17.262887125856068, 36.54866766480051], 17: [16.97375474055378, 17.814939814308204, 18.74165202747694, 17.64141212789156, 38.70088263908289, 33.80614663564009, 18.89841801033687], 18: [16.250667882593444, 17.152403697882868, 34.4881626813195, 16.148700636526105, 17.68166211155863, 15.45402160644371, 15.495679151881136], 19: [16.865664453631908, 17.10047208572468, 16.13422941977356, 17.456243229697087, 15.34422157139463, 15.237289542825017, 31.745421286886895], 20: [33.99275725518828, 34.863639127432926, 19.401548273682277, 38.82053338740311, 17.419153351531307, 18.480449203124994, 18.46272628261526], 14: [19.25042205772139, 33.66120709713903, 18.367553948532393, 19.173556274237864, 18.211180372264923, 34.39847285795922, 34.6221498090874], 15: [19.500218786406844, 35.9141237006315, 18.418051916137568, 19.525693071952833, 20.508399353081842, 20.495826797270297, 36.79980459125338]}
2020-01-28_17:36:34.995[Status]self.local_queue is [14, 15, 16, 17, 19, 18, 20]
2020-01-28_17:36:34.995[Status]task_chosen index is 6
2020-01-28_17:36:34.995[Status]task_chosen index is 1
2020-01-28_17:36:34.995[Status]task_chosen index is 3
2020-01-28_17:36:34.995[Status]task_chosen index is 4
2020-01-28_17:36:34.995[Status]task_chosen index is 0
2020-01-28_17:36:34.995[Status]task_chosen index is 2
2020-01-28_17:36:34.995[Status]task_chosen index is 5
2020-01-28_17:36:34.995[Status]myindex_in_queue is 5
2020-01-28_17:36:34.995[Status]task destination is [1059.423534623058, 106.75504614727235]
2020-01-28_17:36:35.097[Battery Energy]98.81
2020-01-28_17:36:35.097[Status]Routing Start.
2020-01-28_17:36:35.243[Status]{'id': 20, 'coordinate': [75.98105014461872, 167.38466431063475]}
2020-01-28_17:36:35.243[Status]Routing 1: Walk: 1
2020-01-28_17:36:35.359[Battery Energy]98.57
2020-01-28_17:36:35.361[Status]Routing Start.
2020-01-28_17:36:35.499[Status]{'id': 20, 'coordinate': [85.96210028923744, 166.7693286212695]}
2020-01-28_17:36:35.499[Status]Routing 2: Walk: 2
2020-01-28_17:36:35.613[Battery Energy]98.38
2020-01-28_17:36:35.615[Status]Routing Start.
2020-01-28_17:36:35.801[Status]{'id': 20, 'coordinate': [95.94315043385616, 166.15399293190424]}
2020-01-28_17:36:35.801[Status]Routing 3: Walk: 3
2020-01-28_17:36:35.909[Battery Energy]98.15
2020-01-28_17:36:35.909[Status]Routing Start.
2020-01-28_17:36:36.082[Status]{'id': 20, 'coordinate': [105.92420057847488, 165.538657242539]}
2020-01-28_17:36:36.082[Status]Routing 4: Walk: 4
2020-01-28_17:36:36.187[Battery Energy]97.96
2020-01-28_17:36:36.187[Status]Routing Start.
2020-01-28_17:36:36.331[Status]{'id': 20, 'coordinate': [115.9052507230936, 164.92332155317374]}
2020-01-28_17:36:36.331[Status]Routing 5: Walk: 5
2020-01-28_17:36:36.438[Battery Energy]97.76
2020-01-28_17:36:36.438[Status]Routing Start.
2020-01-28_17:36:36.585[Status]{'id': 20, 'coordinate': [125.88630086771232, 164.30798586380848]}
2020-01-28_17:36:36.585[Status]Routing 6: Walk: 6
2020-01-28_17:36:36.693[Battery Energy]97.53
2020-01-28_17:36:36.693[Status]Routing Start.
2020-01-28_17:36:36.963[Status]{'id': 20, 'coordinate': [135.86735101233106, 163.69265017444323]}
2020-01-28_17:36:36.964[Status]Routing 7: Walk: 7
2020-01-28_17:36:37.069[Battery Energy]97.24
2020-01-28_17:36:37.069[Status]Routing Start.
2020-01-28_17:36:37.525[Status]Routing 8: Walk: 7
2020-01-28_17:36:37.625[Battery Energy]96.87
2020-01-28_17:36:37.625[Status]Routing Start.
2020-01-28_17:36:37.940[Status]Routing 9: Walk: 7
2020-01-28_17:36:38.040[Battery Energy]96.54
2020-01-28_17:36:38.041[Status]Routing Start.
2020-01-28_17:36:38.314[Status]Routing 10: Walk: 7
2020-01-28_17:36:38.414[Battery Energy]96.27
2020-01-28_17:36:38.414[Status]Routing Start.
2020-01-28_17:36:38.781[Status]Routing 11: Walk: 7
2020-01-28_17:36:38.881[Battery Energy]95.91
2020-01-28_17:36:38.881[Status]Routing Start.
2020-01-28_17:36:39.017[Status]{'id': 20, 'coordinate': [145.8484011569498, 163.07731448507798]}
2020-01-28_17:36:39.020[Status]Routing 12: Walk: 8
2020-01-28_17:36:39.120[Battery Energy]95.70
2020-01-28_17:36:39.120[Status]Routing Start.
2020-01-28_17:36:39.588[Status]Routing 13: Walk: 8
2020-01-28_17:36:39.701[Battery Energy]95.31
2020-01-28_17:36:39.701[Status]Routing Start.
2020-01-28_17:36:40.014[Status]Routing 14: Walk: 8
2020-01-28_17:36:40.115[Battery Energy]95.00
2020-01-28_17:36:40.115[Status]Routing Start.
2020-01-28_17:36:40.367[Status]Routing 15: Walk: 8
2020-01-28_17:36:40.468[Battery Energy]94.72
2020-01-28_17:36:40.468[Status]Routing Start.
2020-01-28_17:36:40.644[Status]{'id': 20, 'coordinate': [155.82945130156853, 162.46197879571272]}
2020-01-28_17:36:40.644[Status]Routing 16: Walk: 9
2020-01-28_17:36:40.744[Battery Energy]94.50
2020-01-28_17:36:40.745[Status]Routing Start.
2020-01-28_17:36:41.042[Status]{'id': 20, 'coordinate': [165.81050144618726, 161.84664310634747]}
2020-01-28_17:36:41.043[Status]Routing 17: Walk: 10
2020-01-28_17:36:41.143[Battery Energy]94.15
2020-01-28_17:36:41.144[Status]Routing Start.
2020-01-28_17:36:41.417[Status]{'id': 20, 'coordinate': [175.79155159080597, 161.23130741698222]}
2020-01-28_17:36:41.417[Status]Routing 18: Walk: 11
2020-01-28_17:36:41.525[Battery Energy]93.88
2020-01-28_17:36:41.525[Status]Routing Start.
2020-01-28_17:36:41.769[Status]{'id': 20, 'coordinate': [185.7726017354247, 160.61597172761697]}
2020-01-28_17:36:41.769[Status]Routing 19: Walk: 12
2020-01-28_17:36:41.869[Battery Energy]93.60
2020-01-28_17:36:41.869[Status]Routing Start.
2020-01-28_17:36:42.154[Status]{'id': 20, 'coordinate': [195.75365188004344, 160.0006360382517]}
2020-01-28_17:36:42.154[Status]Routing 20: Walk: 13
2020-01-28_17:36:42.254[Battery Energy]93.27
2020-01-28_17:36:42.255[Status]Routing Start.
2020-01-28_17:36:42.567[Status]{'id': 20, 'coordinate': [205.73470202466217, 159.38530034888646]}
2020-01-28_17:36:42.567[Status]Routing 21: Walk: 14
2020-01-28_17:36:42.677[Battery Energy]92.93
2020-01-28_17:36:42.677[Status]Routing Start.
2020-01-28_17:36:42.802[Status]{'id': 20, 'coordinate': [215.7157521692809, 158.7699646595212]}
2020-01-28_17:36:42.802[Status]Routing 22: Walk: 15
2020-01-28_17:36:42.908[Battery Energy]92.74
2020-01-28_17:36:42.908[Status]Routing Start.
2020-01-28_17:36:43.070[Status]{'id': 20, 'coordinate': [225.69680231389964, 158.15462897015595]}
2020-01-28_17:36:43.071[Status]Routing 23: Walk: 16
2020-01-28_17:36:43.171[Battery Energy]92.52
2020-01-28_17:36:43.171[Status]Routing Start.
2020-01-28_17:36:43.524[Status]{'id': 20, 'coordinate': [235.67785245851837, 157.5392932807907]}
2020-01-28_17:36:43.525[Status]Routing 24: Walk: 17
2020-01-28_17:36:43.626[Battery Energy]92.17
2020-01-28_17:36:43.626[Status]Routing Start.
2020-01-28_17:36:43.803[Status]{'id': 20, 'coordinate': [245.6589026031371, 156.92395759142545]}
2020-01-28_17:36:43.803[Status]Routing 25: Walk: 18
2020-01-28_17:36:43.903[Battery Energy]91.92
2020-01-28_17:36:43.903[Status]Routing Start.
2020-01-28_17:36:44.065[Status]{'id': 20, 'coordinate': [255.63995274775584, 156.3086219020602]}
2020-01-28_17:36:44.065[Status]Routing 26: Walk: 19
2020-01-28_17:36:44.165[Battery Energy]91.72
2020-01-28_17:36:44.165[Status]Routing Start.
2020-01-28_17:36:44.311[Status]{'id': 20, 'coordinate': [265.6210028923746, 155.69328621269494]}
2020-01-28_17:36:44.311[Status]Routing 27: Walk: 20
2020-01-28_17:36:44.425[Battery Energy]91.49
2020-01-28_17:36:44.425[Status]Routing Start.
2020-01-28_17:36:44.545[Status]{'id': 20, 'coordinate': [275.6020530369933, 155.07795052332972]}
2020-01-28_17:36:44.546[Status]Routing 28: Walk: 21
2020-01-28_17:36:44.656[Battery Energy]91.28
2020-01-28_17:36:44.656[Status]Routing Start.
2020-01-28_17:36:44.784[Status]{'id': 20, 'coordinate': [285.58310318161205, 154.46261483396447]}
2020-01-28_17:36:44.784[Status]Routing 29: Walk: 22
2020-01-28_17:36:44.893[Battery Energy]91.07
2020-01-28_17:36:44.893[Status]Routing Start.
2020-01-28_17:36:45.175[Status]{'id': 20, 'coordinate': [295.5641533262308, 153.8472791445992]}
2020-01-28_17:36:45.175[Status]Routing 30: Walk: 23
2020-01-28_17:36:45.275[Battery Energy]90.76
2020-01-28_17:36:45.275[Status]Routing Start.
2020-01-28_17:36:45.607[Status]{'id': 20, 'coordinate': [305.5452034708495, 153.231943455234]}
2020-01-28_17:36:45.607[Status]Routing 31: Walk: 24
2020-01-28_17:36:45.721[Battery Energy]90.41
2020-01-28_17:36:45.722[Status]Routing Start.
2020-01-28_17:36:45.964[Status]{'id': 20, 'coordinate': [315.52625361546825, 152.61660776586874]}
2020-01-28_17:36:45.964[Status]Routing 32: Walk: 25
2020-01-28_17:36:46.065[Battery Energy]90.11
2020-01-28_17:36:46.065[Status]Routing Start.
2020-01-28_17:36:46.382[Status]{'id': 20, 'coordinate': [325.507303760087, 152.0012720765035]}
2020-01-28_17:36:46.382[Status]Routing 33: Walk: 26
2020-01-28_17:36:46.485[Battery Energy]89.79
2020-01-28_17:36:46.485[Status]Routing Start.
2020-01-28_17:36:46.747[Status]{'id': 20, 'coordinate': [335.4883539047057, 151.38593638713826]}
2020-01-28_17:36:46.747[Status]Routing 34: Walk: 27
2020-01-28_17:36:46.853[Battery Energy]89.49
2020-01-28_17:36:46.853[Status]Routing Start.
2020-01-28_17:36:47.151[Status]{'id': 20, 'coordinate': [345.46940404932445, 150.77060069777303]}
2020-01-28_17:36:47.151[Status]Routing 35: Walk: 28
2020-01-28_17:36:47.251[Battery Energy]89.23
2020-01-28_17:36:47.251[Status]Routing Start.
2020-01-28_17:36:47.410[Status]{'id': 20, 'coordinate': [355.4504541939432, 150.15526500840778]}
2020-01-28_17:36:47.410[Status]Routing 36: Walk: 29
2020-01-28_17:36:47.510[Battery Energy]89.00
2020-01-28_17:36:47.510[Status]Routing Start.
2020-01-28_17:36:47.721[Status]{'id': 20, 'coordinate': [365.4315043385619, 149.53992931904253]}
2020-01-28_17:36:47.725[Status]Routing 37: Walk: 30
2020-01-28_17:36:47.825[Battery Energy]88.77
2020-01-28_17:36:47.825[Status]Routing Start.
2020-01-28_17:36:48.189[Status]{'id': 20, 'coordinate': [375.41255448318066, 148.9245936296773]}
2020-01-28_17:36:48.189[Status]Routing 38: Walk: 31
2020-01-28_17:36:48.293[Battery Energy]88.49
2020-01-28_17:36:48.293[Status]Routing Start.
2020-01-28_17:36:48.594[Status]{'id': 20, 'coordinate': [385.3936046277994, 148.30925794031208]}
2020-01-28_17:36:48.594[Status]Routing 39: Walk: 32
2020-01-28_17:36:48.701[Battery Energy]88.14
2020-01-28_17:36:48.701[Status]Routing Start.
2020-01-28_17:36:49.013[Status]{'id': 20, 'coordinate': [395.3746547724181, 147.69392225094683]}
2020-01-28_17:36:49.014[Status]Routing 40: Walk: 33
2020-01-28_17:36:49.125[Battery Energy]87.82
2020-01-28_17:36:49.125[Status]Routing Start.
2020-01-28_17:36:49.369[Status]{'id': 20, 'coordinate': [405.35570491703686, 147.07858656158157]}
2020-01-28_17:36:49.369[Status]Routing 41: Walk: 34
2020-01-28_17:36:49.473[Battery Energy]87.59
2020-01-28_17:36:49.473[Status]Routing Start.
2020-01-28_17:36:49.632[Status]{'id': 20, 'coordinate': [415.3367550616556, 146.46325087221635]}
2020-01-28_17:36:49.632[Status]Routing 42: Walk: 35
2020-01-28_17:36:49.745[Battery Energy]87.37
2020-01-28_17:36:49.745[Status]Routing Start.
2020-01-28_17:36:50.098[Status]{'id': 20, 'coordinate': [425.31780520627433, 145.84791518285112]}
2020-01-28_17:36:50.098[Status]Routing 43: Walk: 36
2020-01-28_17:36:50.198[Battery Energy]87.01
2020-01-28_17:36:50.198[Status]Routing Start.
2020-01-28_17:36:50.366[Status]{'id': 20, 'coordinate': [435.29885535089306, 145.23257949348587]}
2020-01-28_17:36:50.367[Status]Routing 44: Walk: 37
2020-01-28_17:36:50.467[Battery Energy]86.78
2020-01-28_17:36:50.467[Status]Routing Start.
2020-01-28_17:36:50.763[Status]{'id': 20, 'coordinate': [445.2799054955118, 144.61724380412062]}
2020-01-28_17:36:50.763[Status]Routing 45: Walk: 38
2020-01-28_17:36:50.869[Battery Energy]86.45
2020-01-28_17:36:50.869[Status]Routing Start.
2020-01-28_17:36:51.020[Status]{'id': 20, 'coordinate': [455.26095564013053, 144.0019081147554]}
2020-01-28_17:36:51.020[Status]Routing 46: Walk: 39
2020-01-28_17:36:51.137[Battery Energy]86.23
2020-01-28_17:36:51.137[Status]Routing Start.
2020-01-28_17:36:51.298[Status]{'id': 20, 'coordinate': [465.24200578474927, 143.38657242539017]}
2020-01-28_17:36:51.298[Status]Routing 47: Walk: 40
2020-01-28_17:36:51.398[Battery Energy]86.01
2020-01-28_17:36:51.398[Status]Routing Start.
2020-01-28_17:36:51.539[Status]{'id': 20, 'coordinate': [475.223055929368, 142.77123673602492]}
2020-01-28_17:36:51.539[Status]Routing 48: Walk: 41
2020-01-28_17:36:51.641[Battery Energy]85.79
2020-01-28_17:36:51.641[Status]Routing Start.
2020-01-28_17:36:51.780[Status]{'id': 20, 'coordinate': [485.20410607398674, 142.15590104665966]}
2020-01-28_17:36:51.780[Status]Routing 49: Walk: 42
2020-01-28_17:36:51.905[Battery Energy]85.57
2020-01-28_17:36:51.905[Status]Routing Start.
2020-01-28_17:36:52.028[Status]{'id': 20, 'coordinate': [495.18515621860547, 141.54056535729444]}
2020-01-28_17:36:52.028[Status]Routing 50: Walk: 43
2020-01-28_17:36:52.128[Battery Energy]85.41
2020-01-28_17:36:52.129[Status]Routing Start.
2020-01-28_17:36:52.318[Status]{'id': 20, 'coordinate': [505.1662063632242, 140.9252296679292]}
2020-01-28_17:36:52.320[Status]Routing 51: Walk: 44
2020-01-28_17:36:52.420[Battery Energy]85.19
2020-01-28_17:36:52.420[Status]Routing Start.
2020-01-28_17:36:52.581[Status]{'id': 20, 'coordinate': [515.1472565078429, 140.30989397856393]}
2020-01-28_17:36:52.581[Status]Routing 52: Walk: 45
2020-01-28_17:36:52.681[Battery Energy]84.97
2020-01-28_17:36:52.681[Status]Routing Start.
2020-01-28_17:36:52.822[Status]{'id': 20, 'coordinate': [525.1283066524617, 139.6945582891987]}
2020-01-28_17:36:52.822[Status]Routing 53: Walk: 46
2020-01-28_17:36:52.922[Battery Energy]84.76
2020-01-28_17:36:52.922[Status]Routing Start.
2020-01-28_17:36:53.228[Status]{'id': 20, 'coordinate': [535.1093567970804, 139.07922259983349]}
2020-01-28_17:36:53.228[Status]Routing 54: Walk: 47
2020-01-28_17:36:53.331[Battery Energy]84.47
2020-01-28_17:36:53.331[Status]Routing Start.
2020-01-28_17:36:53.629[Status]{'id': 20, 'coordinate': [545.0904069416991, 138.46388691046823]}
2020-01-28_17:36:53.629[Status]Routing 55: Walk: 48
2020-01-28_17:36:53.729[Battery Energy]84.15
2020-01-28_17:36:53.729[Status]Routing Start.
2020-01-28_17:36:54.024[Status]{'id': 20, 'coordinate': [555.0714570863179, 137.84855122110298]}
2020-01-28_17:36:54.024[Status]Routing 56: Walk: 49
2020-01-28_17:36:54.124[Battery Energy]83.82
2020-01-28_17:36:54.124[Status]Routing Start.
2020-01-28_17:36:54.416[Status]{'id': 20, 'coordinate': [565.0525072309366, 137.23321553173776]}
2020-01-28_17:36:54.416[Status]Routing 57: Walk: 50
2020-01-28_17:36:54.516[Battery Energy]83.54
2020-01-28_17:36:54.516[Status]Routing Start.
2020-01-28_17:36:54.838[Status]{'id': 20, 'coordinate': [575.0335573755553, 136.61787984237253]}
2020-01-28_17:36:54.838[Status]Routing 58: Walk: 51
2020-01-28_17:36:54.945[Battery Energy]83.22
2020-01-28_17:36:54.945[Status]Routing Start.
2020-01-28_17:36:55.239[Status]{'id': 20, 'coordinate': [585.0146075201741, 136.00254415300728]}
2020-01-28_17:36:55.240[Status]Routing 59: Walk: 52
2020-01-28_17:36:55.343[Battery Energy]82.94
2020-01-28_17:36:55.343[Status]Routing Start.
2020-01-28_17:36:55.676[Status]{'id': 20, 'coordinate': [594.9956576647928, 135.38720846364203]}
2020-01-28_17:36:55.676[Status]Routing 60: Walk: 53
2020-01-28_17:36:55.789[Battery Energy]82.59
2020-01-28_17:36:55.789[Status]Routing Start.
2020-01-28_17:36:55.927[Status]{'id': 20, 'coordinate': [604.9767078094116, 134.7718727742768]}
2020-01-28_17:36:55.927[Status]Routing 61: Walk: 54
2020-01-28_17:36:56.033[Battery Energy]82.38
2020-01-28_17:36:56.033[Status]Routing Start.
2020-01-28_17:36:56.256[Status]{'id': 20, 'coordinate': [614.9577579540303, 134.15653708491155]}
2020-01-28_17:36:56.257[Status]Routing 62: Walk: 55
2020-01-28_17:36:56.369[Battery Energy]82.10
2020-01-28_17:36:56.369[Status]Routing Start.
2020-01-28_17:36:56.495[Status]{'id': 20, 'coordinate': [624.938808098649, 133.54120139554632]}
2020-01-28_17:36:56.495[Status]Routing 63: Walk: 56
2020-01-28_17:36:56.605[Battery Energy]81.89
2020-01-28_17:36:56.605[Status]Routing Start.
2020-01-28_17:36:56.762[Status]{'id': 20, 'coordinate': [634.9198582432678, 132.92586570618107]}
2020-01-28_17:36:56.762[Status]Routing 64: Walk: 57
2020-01-28_17:36:56.862[Battery Energy]81.66
2020-01-28_17:36:56.862[Status]Routing Start.
2020-01-28_17:36:57.004[Status]{'id': 20, 'coordinate': [644.9009083878865, 132.31053001681585]}
2020-01-28_17:36:57.006[Status]Routing 65: Walk: 58
2020-01-28_17:36:57.109[Battery Energy]81.44
2020-01-28_17:36:57.109[Status]Routing Start.
2020-01-28_17:36:57.266[Status]{'id': 20, 'coordinate': [654.8819585325052, 131.6951943274506]}
2020-01-28_17:36:57.266[Status]Routing 66: Walk: 59
2020-01-28_17:36:57.373[Battery Energy]81.22
2020-01-28_17:36:57.373[Status]Routing Start.
2020-01-28_17:36:57.531[Status]{'id': 20, 'coordinate': [664.863008677124, 131.07985863808537]}
2020-01-28_17:36:57.531[Status]Routing 67: Walk: 60
2020-01-28_17:36:57.634[Battery Energy]81.01
2020-01-28_17:36:57.634[Status]Routing Start.
2020-01-28_17:36:57.766[Status]{'id': 20, 'coordinate': [674.8440588217427, 130.46452294872012]}
2020-01-28_17:36:57.767[Status]Routing 68: Walk: 61
2020-01-28_17:36:57.867[Battery Energy]80.81
2020-01-28_17:36:57.867[Status]Routing Start.
2020-01-28_17:36:58.032[Status]{'id': 20, 'coordinate': [684.8251089663614, 129.8491872593549]}
2020-01-28_17:36:58.032[Status]Routing 69: Walk: 62
2020-01-28_17:36:58.132[Battery Energy]80.61
2020-01-28_17:36:58.132[Status]Routing Start.
2020-01-28_17:36:58.301[Status]{'id': 20, 'coordinate': [694.8061591109802, 129.23385156998964]}
2020-01-28_17:36:58.302[Status]Routing 70: Walk: 63
2020-01-28_17:36:58.405[Battery Energy]80.41
2020-01-28_17:36:58.405[Status]Routing Start.
2020-01-28_17:36:58.567[Status]{'id': 20, 'coordinate': [704.7872092555989, 128.6185158806244]}
2020-01-28_17:36:58.570[Status]Routing 71: Walk: 64
2020-01-28_17:36:58.681[Battery Energy]80.21
2020-01-28_17:36:58.681[Status]Routing Start.
2020-01-28_17:36:58.814[Status]{'id': 20, 'coordinate': [714.7682594002176, 128.00318019125916]}
2020-01-28_17:36:58.814[Status]Routing 72: Walk: 65
2020-01-28_17:36:58.915[Battery Energy]80.03
2020-01-28_17:36:58.915[Status]Routing Start.
2020-01-28_17:36:59.099[Status]{'id': 20, 'coordinate': [724.7493095448364, 127.38784450189392]}
2020-01-28_17:36:59.099[Status]Routing 73: Walk: 66
2020-01-28_17:36:59.205[Battery Energy]79.82
2020-01-28_17:36:59.205[Status]Routing Start.
2020-01-28_17:36:59.338[Status]{'id': 20, 'coordinate': [734.7303596894551, 126.77250881252868]}
2020-01-28_17:36:59.338[Status]Routing 74: Walk: 67
2020-01-28_17:36:59.438[Battery Energy]79.62
2020-01-28_17:36:59.438[Status]Routing Start.
2020-01-28_17:36:59.596[Status]{'id': 20, 'coordinate': [744.7114098340738, 126.15717312316345]}
2020-01-28_17:36:59.596[Status]Routing 75: Walk: 68
2020-01-28_17:36:59.696[Battery Energy]79.39
2020-01-28_17:36:59.696[Status]Routing Start.
2020-01-28_17:36:59.839[Status]{'id': 20, 'coordinate': [754.6924599786926, 125.54183743379821]}
2020-01-28_17:36:59.839[Status]Routing 76: Walk: 69
2020-01-28_17:36:59.939[Battery Energy]79.16
2020-01-28_17:36:59.939[Status]Routing Start.
2020-01-28_17:37:00.103[Status]{'id': 20, 'coordinate': [764.6735101233113, 124.92650174443297]}
2020-01-28_17:37:00.103[Status]Routing 77: Walk: 70
2020-01-28_17:37:00.221[Battery Energy]78.95
2020-01-28_17:37:00.221[Status]Routing Start.
2020-01-28_17:37:00.351[Status]{'id': 20, 'coordinate': [774.65456026793, 124.31116605506773]}
2020-01-28_17:37:00.351[Status]Routing 78: Walk: 71
2020-01-28_17:37:00.468[Battery Energy]78.74
2020-01-28_17:37:00.470[Status]Routing Start.
2020-01-28_17:37:00.621[Status]{'id': 20, 'coordinate': [784.6356104125488, 123.69583036570249]}
2020-01-28_17:37:00.621[Status]Routing 79: Walk: 72
2020-01-28_17:37:00.724[Battery Energy]78.55
2020-01-28_17:37:00.724[Status]Routing Start.
2020-01-28_17:37:00.872[Status]{'id': 20, 'coordinate': [794.6166605571675, 123.08049467633725]}
2020-01-28_17:37:00.872[Status]Routing 80: Walk: 73
2020-01-28_17:37:00.973[Battery Energy]78.35
2020-01-28_17:37:00.973[Status]Routing Start.
2020-01-28_17:37:01.159[Status]{'id': 20, 'coordinate': [804.5977107017862, 122.46515898697201]}
2020-01-28_17:37:01.159[Status]Routing 81: Walk: 74
2020-01-28_17:37:01.265[Battery Energy]78.12
2020-01-28_17:37:01.265[Status]Routing Start.
2020-01-28_17:37:01.427[Status]{'id': 20, 'coordinate': [814.578760846405, 121.84982329760678]}
2020-01-28_17:37:01.429[Status]Routing 82: Walk: 75
2020-01-28_17:37:01.531[Battery Energy]77.91
2020-01-28_17:37:01.532[Status]Routing Start.
2020-01-28_17:37:01.836[Status]{'id': 20, 'coordinate': [824.5598109910237, 121.23448760824154]}
2020-01-28_17:37:01.836[Status]Routing 83: Walk: 76
2020-01-28_17:37:01.941[Battery Energy]77.64
2020-01-28_17:37:01.941[Status]Routing Start.
2020-01-28_17:37:02.326[Status]{'id': 20, 'coordinate': [834.5408611356424, 120.6191519188763]}
2020-01-28_17:37:02.328[Status]Routing 84: Walk: 77
2020-01-28_17:37:02.433[Battery Energy]77.28
2020-01-28_17:37:02.433[Status]Routing Start.
2020-01-28_17:37:02.579[Status]{'id': 20, 'coordinate': [844.5219112802612, 120.00381622951106]}
2020-01-28_17:37:02.579[Status]Routing 85: Walk: 78
2020-01-28_17:37:02.679[Battery Energy]77.07
2020-01-28_17:37:02.679[Status]Routing Start.
2020-01-28_17:37:02.836[Status]{'id': 20, 'coordinate': [854.5029614248799, 119.38848054014582]}
2020-01-28_17:37:02.837[Status]Routing 86: Walk: 79
2020-01-28_17:37:02.945[Battery Energy]76.84
2020-01-28_17:37:02.945[Status]Routing Start.
2020-01-28_17:37:03.227[Status]{'id': 20, 'coordinate': [864.4840115694986, 118.77314485078058]}
2020-01-28_17:37:03.227[Status]Routing 87: Walk: 80
2020-01-28_17:37:03.327[Battery Energy]76.54
2020-01-28_17:37:03.327[Status]Routing Start.
2020-01-28_17:37:03.678[Status]{'id': 20, 'coordinate': [874.4650617141174, 118.15780916141534]}
2020-01-28_17:37:03.678[Status]Routing 88: Walk: 81
2020-01-28_17:37:03.778[Battery Energy]76.26
2020-01-28_17:37:03.778[Status]Routing Start.
2020-01-28_17:37:04.099[Status]{'id': 20, 'coordinate': [884.4461118587361, 117.5424734720501]}
2020-01-28_17:37:04.100[Status]Routing 89: Walk: 82
2020-01-28_17:37:04.200[Battery Energy]75.94
2020-01-28_17:37:04.200[Status]Routing Start.
2020-01-28_17:37:04.491[Status]{'id': 20, 'coordinate': [894.4271620033549, 116.92713778268487]}
2020-01-28_17:37:04.491[Status]Routing 90: Walk: 83
2020-01-28_17:37:04.591[Battery Energy]75.61
2020-01-28_17:37:04.591[Status]Routing Start.
2020-01-28_17:37:04.718[Status]{'id': 20, 'coordinate': [904.4082121479736, 116.31180209331963]}
2020-01-28_17:37:04.718[Status]Routing 91: Walk: 84
2020-01-28_17:37:04.821[Battery Energy]75.39
2020-01-28_17:37:04.821[Status]Routing Start.
2020-01-28_17:37:04.996[Status]{'id': 20, 'coordinate': [914.3892622925923, 115.69646640395439]}
2020-01-28_17:37:04.996[Status]Routing 92: Walk: 85
2020-01-28_17:37:05.109[Battery Energy]75.18
2020-01-28_17:37:05.109[Status]Routing Start.
2020-01-28_17:37:05.387[Status]{'id': 20, 'coordinate': [924.370312437211, 115.08113071458915]}
2020-01-28_17:37:05.387[Status]Routing 93: Walk: 86
2020-01-28_17:37:05.487[Battery Energy]74.92
2020-01-28_17:37:05.487[Status]Routing Start.
2020-01-28_17:37:05.635[Status]{'id': 20, 'coordinate': [934.3513625818298, 114.46579502522391]}
2020-01-28_17:37:05.635[Status]Routing 94: Walk: 87
2020-01-28_17:37:05.735[Battery Energy]74.70
2020-01-28_17:37:05.735[Status]Routing Start.
2020-01-28_17:37:05.892[Status]{'id': 20, 'coordinate': [944.3324127264485, 113.85045933585867]}
2020-01-28_17:37:05.892[Status]Routing 95: Walk: 88
2020-01-28_17:37:06.001[Battery Energy]74.46
2020-01-28_17:37:06.001[Status]Routing Start.
2020-01-28_17:37:06.143[Status]{'id': 20, 'coordinate': [954.3134628710673, 113.23512364649343]}
2020-01-28_17:37:06.143[Status]Routing 96: Walk: 89
2020-01-28_17:37:06.253[Battery Energy]74.24
2020-01-28_17:37:06.253[Status]Routing Start.
2020-01-28_17:37:06.519[Status]{'id': 20, 'coordinate': [964.294513015686, 112.6197879571282]}
2020-01-28_17:37:06.519[Status]Routing 97: Walk: 90
2020-01-28_17:37:06.619[Battery Energy]73.99
2020-01-28_17:37:06.619[Status]Routing Start.
2020-01-28_17:37:06.786[Status]{'id': 20, 'coordinate': [974.2755631603047, 112.00445226776296]}
2020-01-28_17:37:06.786[Status]Routing 98: Walk: 91
2020-01-28_17:37:06.897[Battery Energy]73.77
2020-01-28_17:37:06.897[Status]Routing Start.
2020-01-28_17:37:07.142[Status]{'id': 20, 'coordinate': [984.2566133049235, 111.38911657839772]}
2020-01-28_17:37:07.142[Status]Routing 99: Walk: 92
2020-01-28_17:37:07.249[Battery Energy]73.50
2020-01-28_17:37:07.249[Status]Routing Start.
2020-01-28_17:37:07.396[Status]{'id': 20, 'coordinate': [994.2376634495422, 110.77378088903248]}
2020-01-28_17:37:07.398[Status]Routing 100: Walk: 93
2020-01-28_17:37:07.505[Battery Energy]73.29
2020-01-28_17:37:07.505[Status]Routing Start.
2020-01-28_17:37:07.639[Status]{'id': 20, 'coordinate': [1004.2187135941609, 110.15844519966724]}
2020-01-28_17:37:07.639[Status]Routing 101: Walk: 94
2020-01-28_17:37:07.749[Battery Energy]73.10
2020-01-28_17:37:07.749[Status]Routing Start.
2020-01-28_17:37:07.898[Status]{'id': 20, 'coordinate': [1014.1997637387797, 109.543109510302]}
2020-01-28_17:37:07.900[Status]Routing 102: Walk: 95
2020-01-28_17:37:08.000[Battery Energy]72.89
2020-01-28_17:37:08.000[Status]Routing Start.
2020-01-28_17:37:08.300[Status]{'id': 20, 'coordinate': [1024.1808138833983, 108.92777382093676]}
2020-01-28_17:37:08.301[Status]Routing 103: Walk: 96
2020-01-28_17:37:08.402[Battery Energy]72.56
2020-01-28_17:37:08.402[Status]Routing Start.
2020-01-28_17:37:08.739[Status]{'id': 20, 'coordinate': [1034.161864028017, 108.31243813157153]}
2020-01-28_17:37:08.740[Status]Routing 104: Walk: 97
2020-01-28_17:37:08.845[Battery Energy]72.24
2020-01-28_17:37:08.845[Status]Routing Start.
2020-01-28_17:37:09.137[Status]{'id': 20, 'coordinate': [1044.1429141726355, 107.69710244220629]}
2020-01-28_17:37:09.138[Status]Routing 105: Walk: 98
2020-01-28_17:37:09.238[Battery Energy]71.89
2020-01-28_17:37:09.238[Status]Routing Start.
2020-01-28_17:37:09.651[Status]Routing 106: Walk: 98
2020-01-28_17:37:09.752[Battery Energy]71.53
2020-01-28_17:37:09.752[Status]Routing Start.
2020-01-28_17:37:09.887[Status]{'id': 20, 'coordinate': [1054.1239643172541, 107.08176675284105]}
2020-01-28_17:37:09.887[Status]Routing 107: Walk: 99
2020-01-28_17:37:10.001[Battery Energy]71.31
2020-01-28_17:37:10.001[Status]Routing Start.
2020-01-28_17:37:10.001[Status]Task Finished.
2020-01-28_17:37:10.101[Battery Energy]71.31
2020-01-28_17:37:10.218[Status]Routing 109: Walk: 99
2020-01-28_17:37:10.323[Battery Energy]71.21
2020-01-28_17:37:10.547[Status]Routing 110: Walk: 99
2020-01-28_17:37:10.653[Battery Energy]71.06
2020-01-28_17:37:10.886[Status]Routing 111: Walk: 99
2020-01-28_17:37:10.987[Battery Energy]70.88
2020-01-28_17:37:11.128[Status]Routing 112: Walk: 99
2020-01-28_17:37:11.228[Battery Energy]70.76
2020-01-28_17:37:11.372[Status]Routing 113: Walk: 99
2020-01-28_17:37:11.480[Battery Energy]70.65
2020-01-28_17:37:11.639[Status]Routing 114: Walk: 99
2020-01-28_17:37:11.750[Battery Energy]70.53
2020-01-28_17:37:11.986[Status]Routing 115: Walk: 99
2020-01-28_17:37:12.089[Battery Energy]70.37
2020-01-28_17:37:12.366[Status]Routing 116: Walk: 99
2020-01-28_17:37:12.473[Battery Energy]70.14
2020-01-28_17:37:12.767[Status]Routing 117: Walk: 99
2020-01-28_17:37:12.870[Battery Energy]69.90
2020-01-28_17:37:13.143[Status]Routing 118: Walk: 99
2020-01-28_17:37:13.249[Battery Energy]69.75
2020-01-28_17:37:13.430[Status]Routing 119: Walk: 99
2020-01-28_17:37:13.537[Battery Energy]69.61
2020-01-28_17:37:13.816[Status]Routing 120: Walk: 99
2020-01-28_17:37:13.917[Battery Energy]69.42
2020-01-28_17:37:14.243[Status]Routing 121: Walk: 99
2020-01-28_17:37:14.350[Battery Energy]69.14
2020-01-28_17:37:14.566[Status]Routing 122: Walk: 99
2020-01-28_17:37:14.672[Battery Energy]68.95
2020-01-28_17:37:14.849[Status]Routing 123: Walk: 99
2020-01-28_17:37:14.954[Battery Energy]68.81
2020-01-28_17:37:15.112[Status]Routing 124: Walk: 99
2020-01-28_17:37:15.225[Battery Energy]68.70
2020-01-28_17:37:15.391[Status]Routing 125: Walk: 99
2020-01-28_17:37:15.505[Battery Energy]68.59
2020-01-28_17:37:15.676[Status]Routing 126: Walk: 99
2020-01-28_17:37:15.782[Battery Energy]68.48
2020-01-28_17:37:16.001[Status]Routing 127: Walk: 99
2020-01-28_17:37:16.105[Battery Energy]68.28
2020-01-28_17:37:16.287[Status]Routing 128: Walk: 99
2020-01-28_17:37:16.389[Battery Energy]68.17
2020-01-28_17:37:16.680[Status]Routing 129: Walk: 99
2020-01-28_17:37:16.780[Battery Energy]67.98
2020-01-28_17:37:17.099[Status]Routing 130: Walk: 99
2020-01-28_17:37:17.199[Battery Energy]67.75
2020-01-28_17:37:17.522[Status]Routing 131: Walk: 99
2020-01-28_17:37:17.629[Battery Energy]67.49
2020-01-28_17:37:17.911[Status]Routing 132: Walk: 99
2020-01-28_17:37:18.012[Battery Energy]67.28
2020-01-28_17:37:18.333[Status]Routing 133: Walk: 99
2020-01-28_17:37:18.446[Battery Energy]67.09
2020-01-28_17:37:18.639[Status]Routing 134: Walk: 99
2020-01-28_17:37:18.743[Battery Energy]66.96
2020-01-28_17:37:19.061[Status]Routing 135: Walk: 99
2020-01-28_17:37:19.163[Battery Energy]66.71
2020-01-28_17:37:19.305[Status]Routing 136: Walk: 99
2020-01-28_17:37:19.405[Battery Energy]66.62
2020-01-28_17:37:19.763[Status]Routing 137: Walk: 99
2020-01-28_17:37:19.864[Battery Energy]66.41
2020-01-28_17:37:20.125[Status]Routing 138: Walk: 99
2020-01-28_17:37:20.226[Battery Energy]66.22
2020-01-28_17:37:20.572[Status]Routing 139: Walk: 99
2020-01-28_17:37:20.682[Battery Energy]65.96
2020-01-28_17:37:20.945[Status]Routing 140: Walk: 99
2020-01-28_17:37:21.046[Battery Energy]65.80
2020-01-28_17:37:21.328[Status]Routing 141: Walk: 99
2020-01-28_17:37:21.437[Battery Energy]65.58
2020-01-28_17:37:21.553[Status]Routing 142: Walk: 99
2020-01-28_17:37:21.653[Battery Energy]65.49
2020-01-28_17:37:21.819[Status]Routing 143: Walk: 99
2020-01-28_17:37:21.920[Battery Energy]65.38
2020-01-28_17:37:22.075[Status]Routing 144: Walk: 99
2020-01-28_17:37:22.175[Battery Energy]65.27
2020-01-28_17:37:22.306[Status]Routing 145: Walk: 99
2020-01-28_17:37:22.406[Battery Energy]65.16
2020-01-28_17:37:22.532[Status]Routing 146: Walk: 99
2020-01-28_17:37:22.632[Battery Energy]65.07
2020-01-28_17:37:22.880[Status]Routing 147: Walk: 99
2020-01-28_17:37:22.989[Battery Energy]64.88
2020-01-28_17:37:23.152[Status]Routing 148: Walk: 99
2020-01-28_17:37:23.252[Battery Energy]64.74
2020-01-28_17:37:23.397[Status]Routing 149: Walk: 99
2020-01-28_17:37:23.501[Battery Energy]64.61
2020-01-28_17:37:23.673[Status]Routing 150: Walk: 99
2020-01-28_17:37:23.777[Battery Energy]64.48
2020-01-28_17:37:23.915[Status]Routing 151: Walk: 99
2020-01-28_17:37:24.020[Battery Energy]64.37
2020-01-28_17:37:24.214[Status]Routing 152: Walk: 99
2020-01-28_17:37:24.325[Battery Energy]64.23
2020-01-28_17:37:24.492[Status]Routing 153: Walk: 99
2020-01-28_17:37:24.593[Battery Energy]64.11
2020-01-28_17:37:24.759[Status]Routing 154: Walk: 99
2020-01-28_17:37:24.860[Battery Energy]64.01
2020-01-28_17:37:24.982[Status]Routing 155: Walk: 99
2020-01-28_17:37:25.083[Battery Energy]63.92
2020-01-28_17:37:25.219[Status]Routing 156: Walk: 99
2020-01-28_17:37:25.319[Battery Energy]63.83
2020-01-28_17:37:25.479[Status]Routing 157: Walk: 99
2020-01-28_17:37:25.583[Battery Energy]63.69
2020-01-28_17:37:25.718[Status]Routing 158: Walk: 99
2020-01-28_17:37:25.825[Battery Energy]63.58
2020-01-28_17:37:26.002[Status]Routing 159: Walk: 99
2020-01-28_17:37:26.102[Battery Energy]63.45
2020-01-28_17:37:26.237[Status]Routing 160: Walk: 99
2020-01-28_17:37:26.337[Battery Energy]63.35
2020-01-28_17:37:26.505[Status]Routing 161: Walk: 99
2020-01-28_17:37:26.606[Battery Energy]63.25
2020-01-28_17:37:26.744[Status]Routing 162: Walk: 99
2020-01-28_17:37:26.850[Battery Energy]63.12
2020-01-28_17:37:27.016[Status]Routing 163: Walk: 99
2020-01-28_17:37:27.117[Battery Energy]63.00
2020-01-28_17:37:27.280[Status]Routing 164: Walk: 99
2020-01-28_17:37:27.382[Battery Energy]62.88
2020-01-28_17:37:27.523[Status]Routing 165: Walk: 99
2020-01-28_17:37:27.624[Battery Energy]62.79
2020-01-28_17:37:27.759[Status]Routing 166: Walk: 99
2020-01-28_17:37:27.859[Battery Energy]62.71
2020-01-28_17:37:28.023[Status]Routing 167: Walk: 99
2020-01-28_17:37:28.132[Battery Energy]62.59
2020-01-28_17:37:28.267[Status]Routing 168: Walk: 99
2020-01-28_17:37:28.373[Battery Energy]62.49
2020-01-28_17:37:28.511[Status]Routing 169: Walk: 99
2020-01-28_17:37:28.611[Battery Energy]62.38
2020-01-28_17:37:28.765[Status]Routing 170: Walk: 99
2020-01-28_17:37:28.881[Battery Energy]62.28
2020-01-28_17:37:28.992[Status]Routing 171: Walk: 99
2020-01-28_17:37:29.094[Battery Energy]62.18
2020-01-28_17:37:29.287[Status]Routing 172: Walk: 99
2020-01-28_17:37:29.393[Battery Energy]62.03
2020-01-28_17:37:29.529[Status]Routing 173: Walk: 99
2020-01-28_17:37:29.645[Battery Energy]61.94
2020-01-28_17:37:29.772[Status]Routing 174: Walk: 99
2020-01-28_17:37:29.881[Battery Energy]61.86
2020-01-28_17:37:30.009[Status]Routing 175: Walk: 99
2020-01-28_17:37:30.109[Battery Energy]61.76
2020-01-28_17:37:30.266[Status]Routing 176: Walk: 99
2020-01-28_17:37:30.367[Battery Energy]61.63
2020-01-28_17:37:30.555[Status]Routing 177: Walk: 99
2020-01-28_17:37:30.655[Battery Energy]61.53
2020-01-28_17:37:30.816[Status]Routing 178: Walk: 99
2020-01-28_17:37:30.925[Battery Energy]61.42
2020-01-28_17:37:31.046[Status]Routing 179: Walk: 99
2020-01-28_17:37:31.157[Battery Energy]61.33
2020-01-28_17:37:31.276[Status]Routing 180: Walk: 99
2020-01-28_17:37:31.388[Battery Energy]61.23
2020-01-28_17:37:31.501[Status]Routing 181: Walk: 99
2020-01-28_17:37:31.601[Battery Energy]61.13
2020-01-28_17:37:31.752[Status]Routing 182: Walk: 99
2020-01-28_17:37:31.852[Battery Energy]61.04
2020-01-28_17:37:32.016[Status]Routing 183: Walk: 99
2020-01-28_17:37:32.129[Battery Energy]60.91
2020-01-28_17:37:32.257[Status]Routing 184: Walk: 99
2020-01-28_17:37:32.358[Battery Energy]60.81
2020-01-28_17:37:32.559[Status]Routing 185: Walk: 99
2020-01-28_17:37:32.659[Battery Energy]60.66
2020-01-28_17:37:32.821[Status]Routing 186: Walk: 99
2020-01-28_17:37:32.929[Battery Energy]60.54
2020-01-28_17:37:33.065[Status]Routing 187: Walk: 99
2020-01-28_17:37:33.173[Battery Energy]60.43
2020-01-28_17:37:33.334[Status]Routing 188: Walk: 99
2020-01-28_17:37:33.440[Battery Energy]60.34
2020-01-28_17:37:33.566[Status]Routing 189: Walk: 99
2020-01-28_17:37:33.669[Battery Energy]60.23
2020-01-28_17:37:33.820[Status]Routing 190: Walk: 99
2020-01-28_17:37:33.929[Battery Energy]60.13
2020-01-28_17:37:34.088[Status]Routing 191: Walk: 99
2020-01-28_17:37:34.189[Battery Energy]60.02
2020-01-28_17:37:34.346[Status]Routing 192: Walk: 99
2020-01-28_17:37:34.461[Battery Energy]59.90
2020-01-28_17:37:34.608[Status]Routing 193: Walk: 99
2020-01-28_17:37:34.708[Battery Energy]59.79
2020-01-28_17:37:34.845[Status]Routing 194: Walk: 99
2020-01-28_17:37:34.961[Battery Energy]59.67
2020-01-28_17:37:35.084[Status]Routing 195: Walk: 99
2020-01-28_17:37:35.189[Battery Energy]59.58
2020-01-28_17:37:35.331[Status]Routing 196: Walk: 99
2020-01-28_17:37:35.441[Battery Energy]59.49
2020-01-28_17:37:35.597[Status]Routing 197: Walk: 99
2020-01-28_17:37:35.713[Battery Energy]59.37
2020-01-28_17:37:35.843[Status]Routing 198: Walk: 99
2020-01-28_17:37:35.948[Battery Energy]59.26
2020-01-28_17:37:36.077[Status]Routing 199: Walk: 99
2020-01-28_17:37:36.192[Battery Energy]59.16
2020-01-28_17:37:36.337[Status]Routing 200: Walk: 99
2020-01-28_17:37:36.445[Battery Energy]59.05
2020-01-28_17:37:36.588[Status]Routing 201: Walk: 99
2020-01-28_17:37:36.701[Battery Energy]58.95
2020-01-28_17:37:36.830[Status]Routing 202: Walk: 99
2020-01-28_17:37:36.949[Battery Energy]58.85
2020-01-28_17:37:37.091[Status]Routing 203: Walk: 99
2020-01-28_17:37:37.210[Battery Energy]58.76
2020-01-28_17:37:37.331[Status]Routing 204: Walk: 99
2020-01-28_17:37:37.434[Battery Energy]58.65
2020-01-28_17:37:37.586[Status]Routing 205: Walk: 99
2020-01-28_17:37:37.700[Battery Energy]58.52
2020-01-28_17:37:37.859[Status]Routing 206: Walk: 99
2020-01-28_17:37:37.969[Battery Energy]58.40
2020-01-28_17:37:38.115[Status]Routing 207: Walk: 99
2020-01-28_17:37:38.215[Battery Energy]58.28
2020-01-28_17:37:38.367[Status]Routing 208: Walk: 99
2020-01-28_17:37:38.473[Battery Energy]58.18
2020-01-28_17:37:38.603[Status]Routing 209: Walk: 99
2020-01-28_17:37:38.703[Battery Energy]58.08
2020-01-28_17:37:38.845[Status]Routing 210: Walk: 99
2020-01-28_17:37:38.949[Battery Energy]57.99
2020-01-28_17:37:39.103[Status]Routing 211: Walk: 99
2020-01-28_17:37:39.206[Battery Energy]57.88
2020-01-28_17:37:39.405[Status]Routing 212: Walk: 99
2020-01-28_17:37:39.513[Battery Energy]57.73
2020-01-28_17:37:39.641[Status]Routing 213: Walk: 99
2020-01-28_17:37:39.749[Battery Energy]57.61
2020-01-28_17:37:39.878[Status]Routing 214: Walk: 99
2020-01-28_17:37:39.978[Battery Energy]57.50
2020-01-28_17:37:40.119[Status]Routing 215: Walk: 99
2020-01-28_17:37:40.219[Battery Energy]57.40
2020-01-28_17:37:40.377[Status]Routing 216: Walk: 99
2020-01-28_17:37:40.485[Battery Energy]57.26
2020-01-28_17:37:40.625[Status]Routing 217: Walk: 99
2020-01-28_17:37:40.726[Battery Energy]57.16
2020-01-28_17:37:40.871[Status]Routing 218: Walk: 99
2020-01-28_17:37:40.972[Battery Energy]57.06
2020-01-28_17:37:41.155[Status]Routing 219: Walk: 99
2020-01-28_17:37:41.264[Battery Energy]56.95
2020-01-28_17:37:41.438[Status]Routing 220: Walk: 99
2020-01-28_17:37:41.540[Battery Energy]56.81
2020-01-28_17:37:41.710[Status]Routing 221: Walk: 99
2020-01-28_17:37:41.813[Battery Energy]56.70
2020-01-28_17:37:42.013[Status]Routing 222: Walk: 99
2020-01-28_17:37:42.133[Battery Energy]56.55
2020-01-28_17:37:42.246[Status]Routing 223: Walk: 99
2020-01-28_17:37:42.353[Battery Energy]56.47
2020-01-28_17:37:42.479[Status]Routing 224: Walk: 99
2020-01-28_17:37:42.593[Battery Energy]56.38
2020-01-28_17:37:42.735[Status]Routing 225: Walk: 99
2020-01-28_17:37:42.845[Battery Energy]56.28
2020-01-28_17:37:42.998[Status]Routing 226: Walk: 99
2020-01-28_17:37:43.099[Battery Energy]56.15
2020-01-28_17:37:43.234[Status]Routing 227: Walk: 99
2020-01-28_17:37:43.335[Battery Energy]56.07
2020-01-28_17:37:43.536[Status]Routing 228: Walk: 99
2020-01-28_17:37:43.636[Battery Energy]55.95
2020-01-28_17:37:43.819[Status]Routing 229: Walk: 99
2020-01-28_17:37:43.937[Battery Energy]55.84
2020-01-28_17:37:44.075[Status]Routing 230: Walk: 99
2020-01-28_17:37:44.176[Battery Energy]55.73
2020-01-28_17:37:44.309[Status]Routing 231: Walk: 99
2020-01-28_17:37:44.413[Battery Energy]55.62
2020-01-28_17:37:44.576[Status]Routing 232: Walk: 99
2020-01-28_17:37:44.677[Battery Energy]55.51
2020-01-28_17:37:44.845[Status]Routing 233: Walk: 99
2020-01-28_17:37:44.945[Battery Energy]55.39
2020-01-28_17:37:45.094[Status]Routing 234: Walk: 99
2020-01-28_17:37:45.205[Battery Energy]55.29
2020-01-28_17:37:45.334[Status]Routing 235: Walk: 99
2020-01-28_17:37:45.449[Battery Energy]55.18
2020-01-28_17:37:45.594[Status]Routing 236: Walk: 99
2020-01-28_17:37:45.705[Battery Energy]55.09
2020-01-28_17:37:45.836[Status]Routing 237: Walk: 99
2020-01-28_17:37:45.941[Battery Energy]54.98
2020-01-28_17:37:46.084[Status]Routing 238: Walk: 99
2020-01-28_17:37:46.184[Battery Energy]54.85
2020-01-28_17:37:46.319[Status]Routing 239: Walk: 99
2020-01-28_17:37:46.423[Battery Energy]54.73
2020-01-28_17:37:46.595[Status]Routing 240: Walk: 99
2020-01-28_17:37:46.713[Battery Energy]54.60
2020-01-28_17:37:46.835[Status]Routing 241: Walk: 99
2020-01-28_17:37:46.935[Battery Energy]54.50
2020-01-28_17:37:47.085[Status]Routing 242: Walk: 99
2020-01-28_17:37:47.189[Battery Energy]54.41
2020-01-28_17:37:47.338[Status]Routing 243: Walk: 99
2020-01-28_17:37:47.449[Battery Energy]54.30
2020-01-28_17:37:47.574[Status]Routing 244: Walk: 99
2020-01-28_17:37:47.676[Battery Energy]54.19
2020-01-28_17:37:47.835[Status]Routing 245: Walk: 99
2020-01-28_17:37:47.936[Battery Energy]54.07
2020-01-28_17:37:48.075[Status]Routing 246: Walk: 99
2020-01-28_17:37:48.176[Battery Energy]53.96
2020-01-28_17:37:48.356[Status]Routing 247: Walk: 99
2020-01-28_17:37:48.461[Battery Energy]53.82
2020-01-28_17:37:48.618[Status]Routing 248: Walk: 99
2020-01-28_17:37:48.733[Battery Energy]53.70
2020-01-28_17:37:48.899[Status]Routing 249: Walk: 99
2020-01-28_17:37:49.001[Battery Energy]53.58
2020-01-28_17:37:49.143[Status]Routing 250: Walk: 99
2020-01-28_17:37:49.257[Battery Energy]53.48
2020-01-28_17:37:49.390[Status]Routing 251: Walk: 99
2020-01-28_17:37:49.492[Battery Energy]53.37
2020-01-28_17:37:49.626[Status]Routing 252: Walk: 99
2020-01-28_17:37:49.741[Battery Energy]53.26
2020-01-28_17:37:49.869[Status]Routing 253: Walk: 99
2020-01-28_17:37:49.969[Battery Energy]53.16
2020-01-28_17:37:50.124[Status]Routing 254: Walk: 99
2020-01-28_17:37:50.224[Battery Energy]53.08
2020-01-28_17:37:50.380[Status]Routing 255: Walk: 99
2020-01-28_17:37:50.489[Battery Energy]52.97
2020-01-28_17:37:50.642[Status]Routing 256: Walk: 99
2020-01-28_17:37:50.742[Battery Energy]52.84
2020-01-28_17:37:50.882[Status]Routing 257: Walk: 99
2020-01-28_17:37:51.001[Battery Energy]52.74
2020-01-28_17:37:51.162[Status]Routing 258: Walk: 99
2020-01-28_17:37:51.273[Battery Energy]52.62
2020-01-28_17:37:51.423[Status]Routing 259: Walk: 99
2020-01-28_17:37:51.529[Battery Energy]52.52
2020-01-28_17:37:51.675[Status]Routing 260: Walk: 99
2020-01-28_17:37:51.797[Battery Energy]52.44
2020-01-28_17:37:51.950[Status]Routing 261: Walk: 99
2020-01-28_17:37:52.061[Battery Energy]52.36
2020-01-28_17:37:52.193[Status]Routing 262: Walk: 99
2020-01-28_17:37:52.294[Battery Energy]52.27
2020-01-28_17:37:52.448[Status]Routing 263: Walk: 99
2020-01-28_17:37:52.553[Battery Energy]52.15
2020-01-28_17:37:52.730[Status]Routing 264: Walk: 99
2020-01-28_17:37:52.831[Battery Energy]52.02
2020-01-28_17:37:52.992[Status]Routing 265: Walk: 99
2020-01-28_17:37:53.101[Battery Energy]51.91
2020-01-28_17:37:53.303[Status]Routing 266: Walk: 99
2020-01-28_17:37:53.405[Battery Energy]51.75
2020-01-28_17:37:53.548[Status]Routing 267: Walk: 99
2020-01-28_17:37:53.650[Battery Energy]51.66
2020-01-28_17:37:53.806[Status]Routing 268: Walk: 99
2020-01-28_17:37:53.917[Battery Energy]51.56
2020-01-28_17:37:54.059[Status]Routing 269: Walk: 99
2020-01-28_17:37:54.165[Battery Energy]51.44
2020-01-28_17:37:54.293[Status]Routing 270: Walk: 99
2020-01-28_17:37:54.393[Battery Energy]51.34
2020-01-28_17:37:54.528[Status]Routing 271: Walk: 99
2020-01-28_17:37:54.630[Battery Energy]51.23
2020-01-28_17:37:54.770[Status]Routing 272: Walk: 99
2020-01-28_17:37:54.881[Battery Energy]51.14
2020-01-28_17:37:55.029[Status]Routing 273: Walk: 99
2020-01-28_17:37:55.137[Battery Energy]51.04
2020-01-28_17:37:55.304[Status]Routing 274: Walk: 99
2020-01-28_17:37:55.417[Battery Energy]50.93
2020-01-28_17:37:55.564[Status]Routing 275: Walk: 99
2020-01-28_17:37:55.681[Battery Energy]50.83
2020-01-28_17:37:55.812[Status]Routing 276: Walk: 99
2020-01-28_17:37:55.917[Battery Energy]50.72
2020-01-28_17:37:56.099[Status]Routing 277: Walk: 99
2020-01-28_17:37:56.205[Battery Energy]50.57
2020-01-28_17:37:56.388[Status]Routing 278: Walk: 99
2020-01-28_17:37:56.493[Battery Energy]50.44
2020-01-28_17:37:56.635[Status]Routing 279: Walk: 99
2020-01-28_17:37:56.737[Battery Energy]50.35
2020-01-28_17:37:56.905[Status]Routing 280: Walk: 99
2020-01-28_17:37:57.025[Battery Energy]50.24
2020-01-28_17:37:57.148[Status]Routing 281: Walk: 99
2020-01-28_17:37:57.249[Battery Energy]50.15
2020-01-28_17:37:57.387[Status]Routing 282: Walk: 99
2020-01-28_17:37:57.487[Battery Energy]50.04
2020-01-28_17:37:57.633[Status]Routing 283: Walk: 99
2020-01-28_17:37:57.733[Battery Energy]49.93
2020-01-28_17:37:57.884[Status]Routing 284: Walk: 99
2020-01-28_17:37:57.997[Battery Energy]49.84
2020-01-28_17:37:58.161[Status]Routing 285: Walk: 99
2020-01-28_17:37:58.261[Battery Energy]49.73
2020-01-28_17:37:58.416[Status]Routing 286: Walk: 99
2020-01-28_17:37:58.533[Battery Energy]49.62
2020-01-28_17:37:58.674[Status]Routing 287: Walk: 99
2020-01-28_17:37:58.789[Battery Energy]49.50
2020-01-28_17:37:58.962[Status]Routing 288: Walk: 99
2020-01-28_17:37:59.062[Battery Energy]49.39
2020-01-28_17:37:59.234[Status]Routing 289: Walk: 99
2020-01-28_17:37:59.345[Battery Energy]49.26
2020-01-28_17:37:59.513[Status]Routing 290: Walk: 99
2020-01-28_17:37:59.614[Battery Energy]49.14
2020-01-28_17:37:59.778[Status]Routing 291: Walk: 99
2020-01-28_17:37:59.882[Battery Energy]48.98
2020-01-28_17:38:00.056[Status]Routing 292: Walk: 99
2020-01-28_17:38:00.165[Battery Energy]48.86
2020-01-28_17:38:00.302[Status]Routing 293: Walk: 99
2020-01-28_17:38:00.421[Battery Energy]48.76
2020-01-28_17:38:00.547[Status]Routing 294: Walk: 99
2020-01-28_17:38:00.656[Battery Energy]48.68
2020-01-28_17:38:00.801[Status]Routing 295: Walk: 99
2020-01-28_17:38:00.909[Battery Energy]48.59
2020-01-28_17:38:01.063[Status]Routing 296: Walk: 99
2020-01-28_17:38:01.164[Battery Energy]48.47
2020-01-28_17:38:01.284[Status]Routing 297: Walk: 99
2020-01-28_17:38:01.384[Battery Energy]48.38
2020-01-28_17:38:01.546[Status]Routing 298: Walk: 99
2020-01-28_17:38:01.646[Battery Energy]48.25
2020-01-28_17:38:01.783[Status]Routing 299: Walk: 99
2020-01-28_17:38:01.893[Battery Energy]48.15
2020-01-28_17:38:02.035[Status]Routing 300: Walk: 99
2020-01-28_17:38:02.141[Battery Energy]48.04
2020-01-28_17:38:02.314[Status]Routing 301: Walk: 99
2020-01-28_17:38:02.414[Battery Energy]47.91
2020-01-28_17:38:02.566[Status]Routing 302: Walk: 99
2020-01-28_17:38:02.669[Battery Energy]47.81
2020-01-28_17:38:02.813[Status]Routing 303: Walk: 99
2020-01-28_17:38:02.914[Battery Energy]47.71
2020-01-28_17:38:03.070[Status]Routing 304: Walk: 99
2020-01-28_17:38:03.181[Battery Energy]47.62
2020-01-28_17:38:03.317[Status]Routing 305: Walk: 99
2020-01-28_17:38:03.424[Battery Energy]47.49
2020-01-28_17:38:03.562[Status]Routing 306: Walk: 99
2020-01-28_17:38:03.663[Battery Energy]47.38
2020-01-28_17:38:03.807[Status]Routing 307: Walk: 99
2020-01-28_17:38:03.908[Battery Energy]47.27
2020-01-28_17:38:04.077[Status]Routing 308: Walk: 99
2020-01-28_17:38:04.185[Battery Energy]47.17
2020-01-28_17:38:04.325[Status]Routing 309: Walk: 99
2020-01-28_17:38:04.425[Battery Energy]47.04
2020-01-28_17:38:04.595[Status]Routing 310: Walk: 99
2020-01-28_17:38:04.709[Battery Energy]46.92
2020-01-28_17:38:04.870[Status]Routing 311: Walk: 99
2020-01-28_17:38:04.971[Battery Energy]46.82
2020-01-28_17:38:05.130[Status]Routing 312: Walk: 99
2020-01-28_17:38:05.230[Battery Energy]46.71
2020-01-28_17:38:05.380[Status]Routing 313: Walk: 99
2020-01-28_17:38:05.495[Battery Energy]46.61
2020-01-28_17:38:05.624[Status]Routing 314: Walk: 99
2020-01-28_17:38:05.724[Battery Energy]46.52
2020-01-28_17:38:05.911[Status]Routing 315: Walk: 99
2020-01-28_17:38:06.011[Battery Energy]46.37
2020-01-28_17:38:06.177[Status]Routing 316: Walk: 99
2020-01-28_17:38:06.281[Battery Energy]46.24
2020-01-28_17:38:06.420[Status]Routing 317: Walk: 99
2020-01-28_17:38:06.529[Battery Energy]46.14
2020-01-28_17:38:06.654[Status]Routing 318: Walk: 99
2020-01-28_17:38:06.754[Battery Energy]46.03
2020-01-28_17:38:06.911[Status]Routing 319: Walk: 99
2020-01-28_17:38:07.024[Battery Energy]45.90
2020-01-28_17:38:07.141[Status]Routing 320: Walk: 99
2020-01-28_17:38:07.261[Battery Energy]45.79
2020-01-28_17:38:07.388[Status]Routing 321: Walk: 99
2020-01-28_17:38:07.489[Battery Energy]45.70
2020-01-28_17:38:07.625[Status]Routing 322: Walk: 99
2020-01-28_17:38:07.725[Battery Energy]45.59
2020-01-28_17:38:07.889[Status]Routing 323: Walk: 99
2020-01-28_17:38:07.990[Battery Energy]45.46
2020-01-28_17:38:08.135[Status]Routing 324: Walk: 99
2020-01-28_17:38:08.249[Battery Energy]45.37
2020-01-28_17:38:08.403[Status]Routing 325: Walk: 99
2020-01-28_17:38:08.508[Battery Energy]45.24
2020-01-28_17:38:08.639[Status]Routing 326: Walk: 99
2020-01-28_17:38:08.739[Battery Energy]45.17
2020-01-28_17:38:08.880[Status]Routing 327: Walk: 99
2020-01-28_17:38:08.993[Battery Energy]45.09
2020-01-28_17:38:09.163[Status]Routing 328: Walk: 99
2020-01-28_17:38:09.263[Battery Energy]44.99
2020-01-28_17:38:09.402[Status]Routing 329: Walk: 99
2020-01-28_17:38:09.505[Battery Energy]44.91
2020-01-28_17:38:09.745[Status]Routing 330: Walk: 99
2020-01-28_17:38:09.853[Battery Energy]44.72
2020-01-28_17:38:09.997[Status]Routing 331: Walk: 99
2020-01-28_17:38:10.105[Battery Energy]44.61
2020-01-28_17:38:10.268[Status]Routing 332: Walk: 99
2020-01-28_17:38:10.381[Battery Energy]44.50
2020-01-28_17:38:10.546[Status]Routing 333: Walk: 99
2020-01-28_17:38:10.653[Battery Energy]44.35
2020-01-28_17:38:10.799[Status]Routing 334: Walk: 99
2020-01-28_17:38:10.909[Battery Energy]44.22
2020-01-28_17:38:11.043[Status]Routing 335: Walk: 99
2020-01-28_17:38:11.157[Battery Energy]44.11
2020-01-28_17:38:11.282[Status]Routing 336: Walk: 99
2020-01-28_17:38:11.396[Battery Energy]44.00
2020-01-28_17:38:11.540[Status]Routing 337: Walk: 99
2020-01-28_17:38:11.653[Battery Energy]43.87
2020-01-28_17:38:11.798[Status]Routing 338: Walk: 99
2020-01-28_17:38:11.904[Battery Energy]43.75
2020-01-28_17:38:12.052[Status]Routing 339: Walk: 99
2020-01-28_17:38:12.152[Battery Energy]43.64
2020-01-28_17:38:12.294[Status]Routing 340: Walk: 99
2020-01-28_17:38:12.397[Battery Energy]43.53
2020-01-28_17:38:12.572[Status]Routing 341: Walk: 99
2020-01-28_17:38:12.681[Battery Energy]43.41
2020-01-28_17:38:12.834[Status]Routing 342: Walk: 99
2020-01-28_17:38:12.945[Battery Energy]43.31
2020-01-28_17:38:13.072[Status]Routing 343: Walk: 99
2020-01-28_17:38:13.185[Battery Energy]43.21
2020-01-28_17:38:13.322[Status]Routing 344: Walk: 99
2020-01-28_17:38:13.429[Battery Energy]43.09
2020-01-28_17:38:13.547[Status]Routing 345: Walk: 99
2020-01-28_17:38:13.653[Battery Energy]43.00
2020-01-28_17:38:13.783[Status]Routing 346: Walk: 99
2020-01-28_17:38:13.896[Battery Energy]42.89
2020-01-28_17:38:14.018[Status]Routing 347: Walk: 99
2020-01-28_17:38:14.133[Battery Energy]42.80
2020-01-28_17:38:14.258[Status]Routing 348: Walk: 99
2020-01-28_17:38:14.369[Battery Energy]42.69
2020-01-28_17:38:14.492[Status]Routing 349: Walk: 99
2020-01-28_17:38:14.605[Battery Energy]42.60
2020-01-28_17:38:14.758[Status]Routing 350: Walk: 99
2020-01-28_17:38:14.869[Battery Energy]42.50
2020-01-28_17:38:15.022[Status]Routing 351: Walk: 99
2020-01-28_17:38:15.122[Battery Energy]42.38
2020-01-28_17:38:15.268[Status]Routing 352: Walk: 99
2020-01-28_17:38:15.368[Battery Energy]42.29
2020-01-28_17:38:15.512[Status]Routing 353: Walk: 99
2020-01-28_17:38:15.620[Battery Energy]42.18
2020-01-28_17:38:15.799[Status]Routing 354: Walk: 99
2020-01-28_17:38:15.900[Battery Energy]42.03
2020-01-28_17:38:16.031[Status]Routing 355: Walk: 99
2020-01-28_17:38:16.131[Battery Energy]41.93
2020-01-28_17:38:16.279[Status]Routing 356: Walk: 99
2020-01-28_17:38:16.388[Battery Energy]41.82
2020-01-28_17:38:16.519[Status]Routing 357: Walk: 99
2020-01-28_17:38:16.629[Battery Energy]41.69
2020-01-28_17:38:16.774[Status]Routing 358: Walk: 99
2020-01-28_17:38:16.881[Battery Energy]41.58
2020-01-28_17:38:17.040[Status]Routing 359: Walk: 99
2020-01-28_17:38:17.145[Battery Energy]41.46
2020-01-28_17:38:17.347[Status]Routing 360: Walk: 99
2020-01-28_17:38:17.449[Battery Energy]41.31
2020-01-28_17:38:17.634[Status]Routing 361: Walk: 99
2020-01-28_17:38:17.738[Battery Energy]41.17
2020-01-28_17:38:17.935[Status]Routing 362: Walk: 99
2020-01-28_17:38:18.041[Battery Energy]41.04
2020-01-28_17:38:18.192[Status]Routing 363: Walk: 99
2020-01-28_17:38:18.325[Battery Energy]40.95
2020-01-28_17:38:18.460[Status]Routing 364: Walk: 99
2020-01-28_17:38:18.571[Battery Energy]40.84
2020-01-28_17:38:18.709[Status]Routing 365: Walk: 99
2020-01-28_17:38:18.817[Battery Energy]40.74
2020-01-28_17:38:18.980[Status]Routing 366: Walk: 99
2020-01-28_17:38:19.089[Battery Energy]40.62
2020-01-28_17:38:19.266[Status]Routing 367: Walk: 99
2020-01-28_17:38:19.368[Battery Energy]40.49
2020-01-28_17:38:19.496[Status]Routing 368: Walk: 99
2020-01-28_17:38:19.609[Battery Energy]40.39
2020-01-28_17:38:19.746[Status]Routing 369: Walk: 99
2020-01-28_17:38:19.846[Battery Energy]40.29
2020-01-28_17:38:20.077[Status]Routing 370: Walk: 99
2020-01-28_17:38:20.185[Battery Energy]40.13
2020-01-28_17:38:20.326[Status]Routing 371: Walk: 99
2020-01-28_17:38:20.437[Battery Energy]40.02
2020-01-28_17:38:20.568[Status]Routing 372: Walk: 99
2020-01-28_17:38:20.677[Battery Energy]39.92
2020-01-28_17:38:20.853[Status]Routing 373: Walk: 99
2020-01-28_17:38:20.961[Battery Energy]39.77
2020-01-28_17:38:21.108[Status]Routing 374: Walk: 99
2020-01-28_17:38:21.217[Battery Energy]39.65
2020-01-28_17:38:21.398[Status]Routing 375: Walk: 99
2020-01-28_17:38:21.498[Battery Energy]39.54
2020-01-28_17:38:21.640[Status]Routing 376: Walk: 99
2020-01-28_17:38:21.753[Battery Energy]39.44
