2020-02-08_12:35:35.824[Status]Start.
2020-02-08_12:35:35.826[Battery Energy]112.00
2020-02-08_12:35:36.927[Battery Energy]111.96
2020-02-08_12:35:38.030[Battery Energy]111.92
2020-02-08_12:35:39.130[Battery Energy]111.88
2020-02-08_12:35:40.231[Battery Energy]111.84
2020-02-08_12:35:41.332[Task]A New Task Released.
2020-02-08_12:35:41.333[Battery Energy]111.80
2020-02-08_12:35:41.333[Status]Selection Start.
2020-02-08_12:35:47.964[Status]Selection End: Do Task 0.
2020-02-08_12:35:48.066[Battery Energy]106.92
2020-02-08_12:35:48.066[Status]Formation Start.
2020-02-08_12:35:48.221[Status]number of tasks is 7
2020-02-08_12:35:48.225[Status]my group tasks is [ 525.  475.]
2020-02-08_12:35:48.228[Status]my group tasks is [ 449.69796037  631.36629649]
2020-02-08_12:35:48.243[Status]my group tasks is [ 280.49581321  669.98558244]
2020-02-08_12:35:48.243[Status]my group tasks is [ 144.80622642  561.77674782]
2020-02-08_12:35:48.254[Status]my group tasks is [ 144.80622642  388.22325218]
2020-02-08_12:35:48.255[Status]my group tasks is [ 280.49581321  280.01441756]
2020-02-08_12:35:48.256[Status]my group tasks is [ 449.69796037  318.63370351]
2020-02-08_12:35:48.311[Status]mygroup_robots_utility is {1: [32.34270563257427, 33.015447405333305, 36.41183291399482, 37.76677699745089, 43.21931157034518, 44.911432074896304, 31.224083421741376], 2: [33.578883331079304, 34.777275466672336, 35.08180709733934, 38.70376869291566, 39.3166064929303, 90.62852086462907, 46.21056593511067], 3: [36.241101572692, 86.32551689736214, 31.79644913093721, 36.28951599327828, 43.10702925605191, 30.335610740626677, 31.82063023331188], 4: [32.75811286405169, 33.75912853365558, 39.90052519340955, 60.242023534647004, 76.66656014195594, 30.451029072349435, 44.482232719450714], 5: [65.23329504061428, 34.24748648342535, 39.42575616318219, 72.27005166467508, 42.527489452626114, 93.58940092670363, 31.995810039765892], 6: [67.66432306200323, 37.563839888011174, 26.87879849395251, 27.766668004073203, 28.93479770700928, 78.9564904347584, 31.587917910348555], 7: [32.819154274475785, 32.13595375241445, 36.38948017615555, 46.830533103974645, 68.62547615919549, 42.82618475323189, 78.81070420220388]}
2020-02-08_12:35:48.311[Status]self.local_queue is [1, 2, 3, 4, 6, 5, 7]
2020-02-08_12:35:48.311[Status]task_chosen index is 5
2020-02-08_12:35:48.311[Status]task_chosen index is 6
2020-02-08_12:35:48.311[Status]myindex_in_queue is 6
2020-02-08_12:35:48.311[Status]task destination is [449.69796037174666, 318.633703506394]
2020-02-08_12:35:48.418[Battery Energy]106.75
2020-02-08_12:35:48.418[Status]Routing Start.
2020-02-08_12:35:48.563[Status]{'coordinate': [136.10700637262937, 460.86932996610864], 'id': 2}
2020-02-08_12:35:48.563[Status]Routing 1: Walk: 1
2020-02-08_12:35:48.663[Battery Energy]106.53
2020-02-08_12:35:48.663[Status]Routing Start.
2020-02-08_12:35:48.857[Status]{'coordinate': [145.21401274525874, 456.7386599322173], 'id': 2}
2020-02-08_12:35:48.857[Status]Routing 2: Walk: 2
2020-02-08_12:35:48.964[Battery Energy]106.31
2020-02-08_12:35:48.964[Status]Routing Start.
2020-02-08_12:35:49.109[Status]{'coordinate': [154.3210191178881, 452.6079898983259], 'id': 2}
2020-02-08_12:35:49.112[Status]Routing 3: Walk: 3
2020-02-08_12:35:49.213[Battery Energy]106.09
2020-02-08_12:35:49.213[Status]Routing Start.
2020-02-08_12:35:49.369[Status]{'coordinate': [163.42802549051748, 448.47731986443455], 'id': 2}
2020-02-08_12:35:49.370[Status]Routing 4: Walk: 4
2020-02-08_12:35:49.478[Battery Energy]105.90
2020-02-08_12:35:49.478[Status]Routing Start.
2020-02-08_12:35:49.609[Status]{'coordinate': [172.53503186314686, 444.3466498305432], 'id': 2}
2020-02-08_12:35:49.609[Status]Routing 5: Walk: 5
2020-02-08_12:35:49.714[Battery Energy]105.70
2020-02-08_12:35:49.714[Status]Routing Start.
2020-02-08_12:35:49.863[Status]{'coordinate': [181.64203823577623, 440.2159797966518], 'id': 2}
2020-02-08_12:35:49.863[Status]Routing 6: Walk: 6
2020-02-08_12:35:49.963[Battery Energy]105.47
2020-02-08_12:35:49.963[Status]Routing Start.
2020-02-08_12:35:50.309[Status]{'coordinate': [190.7490446084056, 436.08530976276046], 'id': 2}
2020-02-08_12:35:50.309[Status]Routing 7: Walk: 7
2020-02-08_12:35:50.410[Battery Energy]105.12
2020-02-08_12:35:50.410[Status]Routing Start.
2020-02-08_12:35:50.748[Status]{'coordinate': [199.85605098103497, 431.9546397288691], 'id': 2}
2020-02-08_12:35:50.749[Status]Routing 8: Walk: 8
2020-02-08_12:35:50.850[Battery Energy]104.78
2020-02-08_12:35:50.850[Status]Routing Start.
2020-02-08_12:35:51.348[Status]Routing 9: Walk: 8
2020-02-08_12:35:51.448[Battery Energy]104.36
2020-02-08_12:35:51.449[Status]Routing Start.
2020-02-08_12:35:51.853[Status]Routing 10: Walk: 8
2020-02-08_12:35:51.953[Battery Energy]104.00
2020-02-08_12:35:51.953[Status]Routing Start.
2020-02-08_12:35:52.195[Status]Routing 11: Walk: 8
2020-02-08_12:35:52.295[Battery Energy]103.75
2020-02-08_12:35:52.295[Status]Routing Start.
2020-02-08_12:35:52.639[Status]Routing 12: Walk: 8
2020-02-08_12:35:52.739[Battery Energy]103.41
2020-02-08_12:35:52.740[Status]Routing Start.
2020-02-08_12:35:53.123[Status]Routing 13: Walk: 8
2020-02-08_12:35:53.223[Battery Energy]103.07
2020-02-08_12:35:53.223[Status]Routing Start.
2020-02-08_12:35:53.522[Status]Routing 14: Walk: 8
2020-02-08_12:35:53.623[Battery Energy]102.79
2020-02-08_12:35:53.623[Status]Routing Start.
2020-02-08_12:35:53.763[Status]{'coordinate': [208.96305735366434, 427.82396969497773], 'id': 2}
2020-02-08_12:35:53.763[Status]Routing 15: Walk: 9
2020-02-08_12:35:53.868[Battery Energy]102.60
2020-02-08_12:35:53.868[Status]Routing Start.
2020-02-08_12:35:54.183[Status]{'coordinate': [218.0700637262937, 423.69329966108637], 'id': 2}
2020-02-08_12:35:54.183[Status]Routing 16: Walk: 10
2020-02-08_12:35:54.284[Battery Energy]102.27
2020-02-08_12:35:54.284[Status]Routing Start.
2020-02-08_12:35:54.667[Status]{'coordinate': [227.17707009892308, 419.562629627195], 'id': 2}
2020-02-08_12:35:54.667[Status]Routing 17: Walk: 11
2020-02-08_12:35:54.767[Battery Energy]101.89
2020-02-08_12:35:54.767[Status]Routing Start.
2020-02-08_12:35:55.106[Status]{'coordinate': [236.28407647155245, 415.43195959330365], 'id': 2}
2020-02-08_12:35:55.108[Status]Routing 18: Walk: 12
2020-02-08_12:35:55.213[Battery Energy]101.56
2020-02-08_12:35:55.213[Status]Routing Start.
2020-02-08_12:35:55.558[Status]{'coordinate': [245.39108284418182, 411.3012895594123], 'id': 2}
2020-02-08_12:35:55.558[Status]Routing 19: Walk: 13
2020-02-08_12:35:55.661[Battery Energy]101.22
2020-02-08_12:35:55.661[Status]Routing Start.
2020-02-08_12:35:56.006[Status]{'coordinate': [254.4980892168112, 407.1706195255209], 'id': 2}
2020-02-08_12:35:56.006[Status]Routing 20: Walk: 14
2020-02-08_12:35:56.114[Battery Energy]100.91
2020-02-08_12:35:56.114[Status]Routing Start.
2020-02-08_12:35:56.416[Status]{'coordinate': [263.60509558944057, 403.0399494916296], 'id': 2}
2020-02-08_12:35:56.417[Status]Routing 21: Walk: 15
2020-02-08_12:35:56.517[Battery Energy]100.60
2020-02-08_12:35:56.517[Status]Routing Start.
2020-02-08_12:35:56.878[Status]{'coordinate': [272.71210196206994, 398.9092794577383], 'id': 2}
2020-02-08_12:35:56.878[Status]Routing 22: Walk: 16
2020-02-08_12:35:56.979[Battery Energy]100.29
2020-02-08_12:35:56.979[Status]Routing Start.
2020-02-08_12:35:57.323[Status]{'coordinate': [281.8191083346993, 394.77860942384694], 'id': 2}
2020-02-08_12:35:57.323[Status]Routing 23: Walk: 17
2020-02-08_12:35:57.423[Battery Energy]99.95
2020-02-08_12:35:57.423[Status]Routing Start.
2020-02-08_12:35:57.769[Status]{'coordinate': [290.9261147073287, 390.64793938995564], 'id': 2}
2020-02-08_12:35:57.769[Status]Routing 24: Walk: 18
2020-02-08_12:35:57.873[Battery Energy]99.60
2020-02-08_12:35:57.873[Status]Routing Start.
2020-02-08_12:35:58.189[Status]{'coordinate': [300.03312107995805, 386.5172693560643], 'id': 2}
2020-02-08_12:35:58.189[Status]Routing 25: Walk: 19
2020-02-08_12:35:58.289[Battery Energy]99.29
2020-02-08_12:35:58.289[Status]Routing Start.
2020-02-08_12:35:58.634[Status]{'coordinate': [309.1401274525874, 382.38659932217297], 'id': 2}
2020-02-08_12:35:58.634[Status]Routing 26: Walk: 20
2020-02-08_12:35:58.750[Battery Energy]99.00
2020-02-08_12:35:58.750[Status]Routing Start.
2020-02-08_12:35:59.081[Status]{'coordinate': [318.2471338252168, 378.25592928828166], 'id': 2}
2020-02-08_12:35:59.081[Status]Routing 27: Walk: 21
2020-02-08_12:35:59.202[Battery Energy]98.74
2020-02-08_12:35:59.202[Status]Routing Start.
2020-02-08_12:35:59.492[Status]Routing 28: Walk: 21
2020-02-08_12:35:59.593[Battery Energy]98.46
2020-02-08_12:35:59.593[Status]Routing Start.
2020-02-08_12:35:59.973[Status]Routing 29: Walk: 21
2020-02-08_12:36:00.074[Battery Energy]98.16
2020-02-08_12:36:00.074[Status]Routing Start.
2020-02-08_12:36:00.395[Status]Routing 30: Walk: 21
2020-02-08_12:36:00.496[Battery Energy]97.85
2020-02-08_12:36:00.496[Status]Routing Start.
2020-02-08_12:36:00.766[Status]Routing 31: Walk: 21
2020-02-08_12:36:00.866[Battery Energy]97.55
2020-02-08_12:36:00.866[Status]Routing Start.
2020-02-08_12:36:01.064[Status]{'coordinate': [327.35414019784616, 374.1252592543903], 'id': 2}
2020-02-08_12:36:01.064[Status]Routing 32: Walk: 22
2020-02-08_12:36:01.182[Battery Energy]97.32
2020-02-08_12:36:01.182[Status]Routing Start.
2020-02-08_12:36:01.485[Status]{'coordinate': [336.46114657047553, 369.994589220499], 'id': 2}
2020-02-08_12:36:01.485[Status]Routing 33: Walk: 23
2020-02-08_12:36:01.586[Battery Energy]97.00
2020-02-08_12:36:01.586[Status]Routing Start.
2020-02-08_12:36:01.884[Status]{'coordinate': [345.5681529431049, 365.86391918660763], 'id': 2}
2020-02-08_12:36:01.884[Status]Routing 34: Walk: 24
2020-02-08_12:36:01.984[Battery Energy]96.69
2020-02-08_12:36:01.984[Status]Routing Start.
2020-02-08_12:36:02.339[Status]{'coordinate': [354.6751593157343, 361.7332491527163], 'id': 2}
2020-02-08_12:36:02.339[Status]Routing 35: Walk: 25
2020-02-08_12:36:02.450[Battery Energy]96.35
2020-02-08_12:36:02.450[Status]Routing Start.
2020-02-08_12:36:02.781[Status]{'coordinate': [363.78216568836365, 357.60257911882496], 'id': 2}
2020-02-08_12:36:02.781[Status]Routing 36: Walk: 26
2020-02-08_12:36:02.884[Battery Energy]96.03
2020-02-08_12:36:02.884[Status]Routing Start.
2020-02-08_12:36:03.282[Status]{'coordinate': [372.889172060993, 353.47190908493366], 'id': 2}
2020-02-08_12:36:03.282[Status]Routing 37: Walk: 27
2020-02-08_12:36:03.398[Battery Energy]95.67
2020-02-08_12:36:03.398[Status]Routing Start.
2020-02-08_12:36:03.541[Status]{'coordinate': [381.9961784336224, 349.3412390510423], 'id': 2}
2020-02-08_12:36:03.542[Status]Routing 38: Walk: 28
2020-02-08_12:36:03.654[Battery Energy]95.46
2020-02-08_12:36:03.654[Status]Routing Start.
2020-02-08_12:36:03.862[Status]{'coordinate': [391.10318480625176, 345.210569017151], 'id': 2}
2020-02-08_12:36:03.862[Status]Routing 39: Walk: 29
2020-02-08_12:36:03.970[Battery Energy]95.23
2020-02-08_12:36:03.970[Status]Routing Start.
2020-02-08_12:36:04.247[Status]{'coordinate': [400.21019117888113, 341.0798989832597], 'id': 2}
2020-02-08_12:36:04.247[Status]Routing 40: Walk: 30
2020-02-08_12:36:04.350[Battery Energy]94.92
2020-02-08_12:36:04.350[Status]Routing Start.
2020-02-08_12:36:04.640[Status]{'coordinate': [409.3171975515105, 336.9492289493683], 'id': 2}
2020-02-08_12:36:04.640[Status]Routing 41: Walk: 31
2020-02-08_12:36:04.746[Battery Energy]94.64
2020-02-08_12:36:04.746[Status]Routing Start.
2020-02-08_12:36:05.075[Status]{'coordinate': [418.4242039241399, 332.818558915477], 'id': 2}
2020-02-08_12:36:05.075[Status]Routing 42: Walk: 32
2020-02-08_12:36:05.178[Battery Energy]94.35
2020-02-08_12:36:05.178[Status]Routing Start.
2020-02-08_12:36:05.362[Status]{'coordinate': [427.53121029676925, 328.68788888158565], 'id': 2}
2020-02-08_12:36:05.362[Status]Routing 43: Walk: 33
2020-02-08_12:36:05.470[Battery Energy]94.14
2020-02-08_12:36:05.470[Status]Routing Start.
2020-02-08_12:36:05.603[Status]{'coordinate': [436.6382166693986, 324.55721884769434], 'id': 2}
2020-02-08_12:36:05.603[Status]Routing 44: Walk: 34
2020-02-08_12:36:05.703[Battery Energy]93.92
2020-02-08_12:36:05.703[Status]Routing Start.
2020-02-08_12:36:05.852[Status]{'coordinate': [445.745223042028, 320.42654881380304], 'id': 2}
2020-02-08_12:36:05.852[Status]Routing 45: Walk: 35
2020-02-08_12:36:05.958[Battery Energy]93.69
2020-02-08_12:36:05.958[Status]Routing Start.
2020-02-08_12:36:05.958[Status]Task Finished.
2020-02-08_12:36:06.058[Battery Energy]93.69
2020-02-08_12:36:06.282[Status]Routing 47: Walk: 35
2020-02-08_12:36:06.386[Battery Energy]93.55
2020-02-08_12:36:06.721[Status]Routing 48: Walk: 35
2020-02-08_12:36:06.826[Battery Energy]93.28
2020-02-08_12:36:07.160[Status]Routing 49: Walk: 35
2020-02-08_12:36:07.261[Battery Energy]93.06
2020-02-08_12:36:07.577[Status]Routing 50: Walk: 35
2020-02-08_12:36:07.677[Battery Energy]92.84
2020-02-08_12:36:08.040[Status]Routing 51: Walk: 35
2020-02-08_12:36:08.150[Battery Energy]92.63
2020-02-08_12:36:08.475[Status]Routing 52: Walk: 35
2020-02-08_12:36:08.578[Battery Energy]92.40
2020-02-08_12:36:08.938[Status]Routing 53: Walk: 35
2020-02-08_12:36:09.039[Battery Energy]92.17
2020-02-08_12:36:09.350[Status]Routing 54: Walk: 35
2020-02-08_12:36:09.458[Battery Energy]91.98
2020-02-08_12:36:09.758[Status]Routing 55: Walk: 35
2020-02-08_12:36:09.870[Battery Energy]91.77
2020-02-08_12:36:10.048[Status]Routing 56: Walk: 35
2020-02-08_12:36:10.148[Battery Energy]91.65
2020-02-08_12:36:10.307[Status]Routing 57: Walk: 35
2020-02-08_12:36:10.414[Battery Energy]91.54
2020-02-08_12:36:10.572[Status]Routing 58: Walk: 35
2020-02-08_12:36:10.682[Battery Energy]91.42
2020-02-08_12:36:10.986[Status]Routing 59: Walk: 35
2020-02-08_12:36:11.088[Battery Energy]91.21
2020-02-08_12:36:11.398[Status]Routing 60: Walk: 35
2020-02-08_12:36:11.506[Battery Energy]91.01
2020-02-08_12:36:11.705[Status]Routing 61: Walk: 35
2020-02-08_12:36:11.814[Battery Energy]90.89
2020-02-08_12:36:12.093[Status]Routing 62: Walk: 35
2020-02-08_12:36:12.198[Battery Energy]90.71
2020-02-08_12:36:12.524[Status]Routing 63: Walk: 35
2020-02-08_12:36:12.627[Battery Energy]90.46
2020-02-08_12:36:12.972[Status]Routing 64: Walk: 35
2020-02-08_12:36:13.073[Battery Energy]90.24
2020-02-08_12:36:13.383[Status]Routing 65: Walk: 35
2020-02-08_12:36:13.490[Battery Energy]90.02
2020-02-08_12:36:13.640[Status]Routing 66: Walk: 35
2020-02-08_12:36:13.750[Battery Energy]89.92
2020-02-08_12:36:13.911[Status]Routing 67: Walk: 35
2020-02-08_12:36:14.017[Battery Energy]89.78
2020-02-08_12:36:14.164[Status]Routing 68: Walk: 35
2020-02-08_12:36:14.274[Battery Energy]89.66
2020-02-08_12:36:14.416[Status]Routing 69: Walk: 35
2020-02-08_12:36:14.529[Battery Energy]89.56
2020-02-08_12:36:14.678[Status]Routing 70: Walk: 35
2020-02-08_12:36:14.788[Battery Energy]89.47
2020-02-08_12:36:15.022[Status]Routing 71: Walk: 35
2020-02-08_12:36:15.130[Battery Energy]89.32
2020-02-08_12:36:15.262[Status]Routing 72: Walk: 35
2020-02-08_12:36:15.365[Battery Energy]89.22
2020-02-08_12:36:15.553[Status]Routing 73: Walk: 35
2020-02-08_12:36:15.662[Battery Energy]89.09
2020-02-08_12:36:15.812[Status]Routing 74: Walk: 35
2020-02-08_12:36:15.915[Battery Energy]88.96
2020-02-08_12:36:16.075[Status]Routing 75: Walk: 35
2020-02-08_12:36:16.175[Battery Energy]88.85
2020-02-08_12:36:16.352[Status]Routing 76: Walk: 35
2020-02-08_12:36:16.454[Battery Energy]88.75
2020-02-08_12:36:16.749[Status]Routing 77: Walk: 35
2020-02-08_12:36:16.851[Battery Energy]88.52
2020-02-08_12:36:17.202[Status]Routing 78: Walk: 35
2020-02-08_12:36:17.308[Battery Energy]88.30
2020-02-08_12:36:17.613[Status]Routing 79: Walk: 35
2020-02-08_12:36:17.718[Battery Energy]88.10
2020-02-08_12:36:18.019[Status]Routing 80: Walk: 35
2020-02-08_12:36:18.122[Battery Energy]87.87
2020-02-08_12:36:18.482[Status]Routing 81: Walk: 35
2020-02-08_12:36:18.590[Battery Energy]87.65
2020-02-08_12:36:18.719[Status]Routing 82: Walk: 35
2020-02-08_12:36:18.819[Battery Energy]87.56
2020-02-08_12:36:18.972[Status]Routing 83: Walk: 35
2020-02-08_12:36:19.078[Battery Energy]87.44
2020-02-08_12:36:19.216[Status]Routing 84: Walk: 35
2020-02-08_12:36:19.329[Battery Energy]87.33
2020-02-08_12:36:19.492[Status]Routing 85: Walk: 35
2020-02-08_12:36:19.597[Battery Energy]87.22
2020-02-08_12:36:19.884[Status]Routing 86: Walk: 35
2020-02-08_12:36:19.985[Battery Energy]87.07
2020-02-08_12:36:20.151[Status]Routing 87: Walk: 35
2020-02-08_12:36:20.262[Battery Energy]86.96
2020-02-08_12:36:20.548[Status]Routing 88: Walk: 35
2020-02-08_12:36:20.650[Battery Energy]86.76
2020-02-08_12:36:20.811[Status]Routing 89: Walk: 35
2020-02-08_12:36:20.914[Battery Energy]86.67
2020-02-08_12:36:21.222[Status]Routing 90: Walk: 35
2020-02-08_12:36:21.330[Battery Energy]86.49
2020-02-08_12:36:21.638[Status]Routing 91: Walk: 35
2020-02-08_12:36:21.741[Battery Energy]86.32
2020-02-08_12:36:22.067[Status]Routing 92: Walk: 35
2020-02-08_12:36:22.174[Battery Energy]86.12
2020-02-08_12:36:22.500[Status]Routing 93: Walk: 35
2020-02-08_12:36:22.611[Battery Energy]85.87
2020-02-08_12:36:22.875[Status]Routing 94: Walk: 35
2020-02-08_12:36:22.986[Battery Energy]85.68
2020-02-08_12:36:23.290[Status]Routing 95: Walk: 35
2020-02-08_12:36:23.393[Battery Energy]85.48
2020-02-08_12:36:23.748[Status]Routing 96: Walk: 35
2020-02-08_12:36:23.862[Battery Energy]85.22
2020-02-08_12:36:24.183[Status]Routing 97: Walk: 35
2020-02-08_12:36:24.288[Battery Energy]84.99
2020-02-08_12:36:24.615[Status]Routing 98: Walk: 35
2020-02-08_12:36:24.715[Battery Energy]84.76
2020-02-08_12:36:25.079[Status]Routing 99: Walk: 35
2020-02-08_12:36:25.182[Battery Energy]84.45
2020-02-08_12:36:25.480[Status]Routing 100: Walk: 35
2020-02-08_12:36:25.580[Battery Energy]84.24
2020-02-08_12:36:25.907[Status]Routing 101: Walk: 35
2020-02-08_12:36:26.018[Battery Energy]84.01
2020-02-08_12:36:26.291[Status]Routing 102: Walk: 35
2020-02-08_12:36:26.391[Battery Energy]83.84
2020-02-08_12:36:26.707[Status]Routing 103: Walk: 35
2020-02-08_12:36:26.810[Battery Energy]83.63
2020-02-08_12:36:27.095[Status]Routing 104: Walk: 35
2020-02-08_12:36:27.195[Battery Energy]83.46
2020-02-08_12:36:27.340[Status]Routing 105: Walk: 35
2020-02-08_12:36:27.449[Battery Energy]83.35
2020-02-08_12:36:27.581[Status]Routing 106: Walk: 35
2020-02-08_12:36:27.682[Battery Energy]83.26
2020-02-08_12:36:27.842[Status]Routing 107: Walk: 35
2020-02-08_12:36:27.946[Battery Energy]83.14
2020-02-08_12:36:28.234[Status]Routing 108: Walk: 35
2020-02-08_12:36:28.336[Battery Energy]82.95
2020-02-08_12:36:28.659[Status]Routing 109: Walk: 35
2020-02-08_12:36:28.765[Battery Energy]82.79
2020-02-08_12:36:29.062[Status]Routing 110: Walk: 35
2020-02-08_12:36:29.163[Battery Energy]82.55
2020-02-08_12:36:29.342[Status]Routing 111: Walk: 35
2020-02-08_12:36:29.446[Battery Energy]82.41
2020-02-08_12:36:29.600[Status]Routing 112: Walk: 35
2020-02-08_12:36:29.702[Battery Energy]82.31
2020-02-08_12:36:30.060[Status]Routing 113: Walk: 35
2020-02-08_12:36:30.160[Battery Energy]82.09
2020-02-08_12:36:30.497[Status]Routing 114: Walk: 35
2020-02-08_12:36:30.610[Battery Energy]81.90
2020-02-08_12:36:30.927[Status]Routing 115: Walk: 35
2020-02-08_12:36:31.028[Battery Energy]81.66
2020-02-08_12:36:31.343[Status]Routing 116: Walk: 35
2020-02-08_12:36:31.446[Battery Energy]81.47
2020-02-08_12:36:31.755[Status]Routing 117: Walk: 35
2020-02-08_12:36:31.859[Battery Energy]81.31
2020-02-08_12:36:32.176[Status]Routing 118: Walk: 35
2020-02-08_12:36:32.280[Battery Energy]81.11
2020-02-08_12:36:32.600[Status]Routing 119: Walk: 35
2020-02-08_12:36:32.710[Battery Energy]80.91
2020-02-08_12:36:32.924[Status]Routing 120: Walk: 35
2020-02-08_12:36:33.034[Battery Energy]80.74
2020-02-08_12:36:33.367[Status]Routing 121: Walk: 35
2020-02-08_12:36:33.470[Battery Energy]80.49
2020-02-08_12:36:33.780[Status]Routing 122: Walk: 35
2020-02-08_12:36:33.890[Battery Energy]80.29
2020-02-08_12:36:34.219[Status]Routing 123: Walk: 35
2020-02-08_12:36:34.319[Battery Energy]80.05
2020-02-08_12:36:34.626[Status]Routing 124: Walk: 35
2020-02-08_12:36:34.737[Battery Energy]79.85
2020-02-08_12:36:34.901[Status]Routing 125: Walk: 35
2020-02-08_12:36:35.014[Battery Energy]79.73
2020-02-08_12:36:35.331[Status]Routing 126: Walk: 35
2020-02-08_12:36:35.432[Battery Energy]79.52
2020-02-08_12:36:35.761[Status]Routing 127: Walk: 35
2020-02-08_12:36:35.870[Battery Energy]79.32
2020-02-08_12:36:36.114[Status]Routing 128: Walk: 35
2020-02-08_12:36:36.215[Battery Energy]79.16
2020-02-08_12:36:36.399[Status]Routing 129: Walk: 35
2020-02-08_12:36:36.499[Battery Energy]79.02
2020-02-08_12:36:36.739[Status]Routing 130: Walk: 35
2020-02-08_12:36:36.849[Battery Energy]78.87
2020-02-08_12:36:37.169[Status]Routing 131: Walk: 35
2020-02-08_12:36:37.274[Battery Energy]78.69
2020-02-08_12:36:37.596[Status]Routing 132: Walk: 35
2020-02-08_12:36:37.702[Battery Energy]78.47
2020-02-08_12:36:38.019[Status]Routing 133: Walk: 35
2020-02-08_12:36:38.134[Battery Energy]78.24
2020-02-08_12:36:38.258[Status]Routing 134: Walk: 35
2020-02-08_12:36:38.358[Battery Energy]78.14
2020-02-08_12:36:38.674[Status]Routing 135: Walk: 35
2020-02-08_12:36:38.775[Battery Energy]77.88
2020-02-08_12:36:39.079[Status]Routing 136: Walk: 35
2020-02-08_12:36:39.182[Battery Energy]77.69
2020-02-08_12:36:39.517[Status]Routing 137: Walk: 35
2020-02-08_12:36:39.639[Battery Energy]77.47
2020-02-08_12:36:39.991[Status]Routing 138: Walk: 35
2020-02-08_12:36:40.095[Battery Energy]77.28
2020-02-08_12:36:40.420[Status]Routing 139: Walk: 35
2020-02-08_12:36:40.520[Battery Energy]77.07
2020-02-08_12:36:40.831[Status]Routing 140: Walk: 35
2020-02-08_12:36:40.938[Battery Energy]76.89
2020-02-08_12:36:41.088[Status]Routing 141: Walk: 35
2020-02-08_12:36:41.194[Battery Energy]76.77
2020-02-08_12:36:41.339[Status]Routing 142: Walk: 35
2020-02-08_12:36:41.450[Battery Energy]76.66
2020-02-08_12:36:41.587[Status]Routing 143: Walk: 35
2020-02-08_12:36:41.689[Battery Energy]76.55
2020-02-08_12:36:41.950[Status]Routing 144: Walk: 35
2020-02-08_12:36:42.058[Battery Energy]76.40
2020-02-08_12:36:42.175[Status]Routing 145: Walk: 35
2020-02-08_12:36:42.277[Battery Energy]76.32
2020-02-08_12:36:42.437[Status]Routing 146: Walk: 35
2020-02-08_12:36:42.546[Battery Energy]76.21
2020-02-08_12:36:42.697[Status]Routing 147: Walk: 35
2020-02-08_12:36:42.797[Battery Energy]76.09
2020-02-08_12:36:42.949[Status]Routing 148: Walk: 35
2020-02-08_12:36:43.066[Battery Energy]75.98
2020-02-08_12:36:43.212[Status]Routing 149: Walk: 35
2020-02-08_12:36:43.312[Battery Energy]75.87
2020-02-08_12:36:43.495[Status]Routing 150: Walk: 35
2020-02-08_12:36:43.606[Battery Energy]75.73
2020-02-08_12:36:43.750[Status]Routing 151: Walk: 35
2020-02-08_12:36:43.851[Battery Energy]75.61
2020-02-08_12:36:43.990[Status]Routing 152: Walk: 35
2020-02-08_12:36:44.097[Battery Energy]75.49
2020-02-08_12:36:44.233[Status]Routing 153: Walk: 35
2020-02-08_12:36:44.342[Battery Energy]75.38
2020-02-08_12:36:44.482[Status]Routing 154: Walk: 35
2020-02-08_12:36:44.590[Battery Energy]75.28
2020-02-08_12:36:44.746[Status]Routing 155: Walk: 35
2020-02-08_12:36:44.846[Battery Energy]75.15
2020-02-08_12:36:45.020[Status]Routing 156: Walk: 35
2020-02-08_12:36:45.121[Battery Energy]75.05
2020-02-08_12:36:45.319[Status]Routing 157: Walk: 35
2020-02-08_12:36:45.425[Battery Energy]74.94
2020-02-08_12:36:45.587[Status]Routing 158: Walk: 35
2020-02-08_12:36:45.694[Battery Energy]74.83
2020-02-08_12:36:45.840[Status]Routing 159: Walk: 35
2020-02-08_12:36:45.941[Battery Energy]74.72
2020-02-08_12:36:46.123[Status]Routing 160: Walk: 35
2020-02-08_12:36:46.234[Battery Energy]74.64
2020-02-08_12:36:46.360[Status]Routing 161: Walk: 35
2020-02-08_12:36:46.474[Battery Energy]74.54
2020-02-08_12:36:46.628[Status]Routing 162: Walk: 35
2020-02-08_12:36:46.734[Battery Energy]74.42
2020-02-08_12:36:46.894[Status]Routing 163: Walk: 35
2020-02-08_12:36:46.994[Battery Energy]74.32
2020-02-08_12:36:47.128[Status]Routing 164: Walk: 35
2020-02-08_12:36:47.241[Battery Energy]74.23
2020-02-08_12:36:47.410[Status]Routing 165: Walk: 35
2020-02-08_12:36:47.518[Battery Energy]74.11
2020-02-08_12:36:47.662[Status]Routing 166: Walk: 35
2020-02-08_12:36:47.778[Battery Energy]74.00
2020-02-08_12:36:47.914[Status]Routing 167: Walk: 35
2020-02-08_12:36:48.030[Battery Energy]73.89
2020-02-08_12:36:48.207[Status]Routing 168: Walk: 35
2020-02-08_12:36:48.313[Battery Energy]73.77
2020-02-08_12:36:48.452[Status]Routing 169: Walk: 35
2020-02-08_12:36:48.561[Battery Energy]73.64
2020-02-08_12:36:48.698[Status]Routing 170: Walk: 35
2020-02-08_12:36:48.802[Battery Energy]73.54
2020-02-08_12:36:48.979[Status]Routing 171: Walk: 35
2020-02-08_12:36:49.097[Battery Energy]73.42
2020-02-08_12:36:49.244[Status]Routing 172: Walk: 35
2020-02-08_12:36:49.354[Battery Energy]73.31
2020-02-08_12:36:49.499[Status]Routing 173: Walk: 35
2020-02-08_12:36:49.601[Battery Energy]73.19
2020-02-08_12:36:49.720[Status]Routing 174: Walk: 35
2020-02-08_12:36:49.820[Battery Energy]73.11
2020-02-08_12:36:49.956[Status]Routing 175: Walk: 35
2020-02-08_12:36:50.062[Battery Energy]73.03
2020-02-08_12:36:50.216[Status]Routing 176: Walk: 35
2020-02-08_12:36:50.326[Battery Energy]72.93
2020-02-08_12:36:50.485[Status]Routing 177: Walk: 35
2020-02-08_12:36:50.597[Battery Energy]72.83
2020-02-08_12:36:50.749[Status]Routing 178: Walk: 35
2020-02-08_12:36:50.862[Battery Energy]72.73
2020-02-08_12:36:50.992[Status]Routing 179: Walk: 35
2020-02-08_12:36:51.092[Battery Energy]72.63
2020-02-08_12:36:51.235[Status]Routing 180: Walk: 35
2020-02-08_12:36:51.346[Battery Energy]72.55
2020-02-08_12:36:51.490[Status]Routing 181: Walk: 35
2020-02-08_12:36:51.590[Battery Energy]72.45
2020-02-08_12:36:51.730[Status]Routing 182: Walk: 35
2020-02-08_12:36:51.831[Battery Energy]72.35
2020-02-08_12:36:51.975[Status]Routing 183: Walk: 35
2020-02-08_12:36:52.075[Battery Energy]72.24
2020-02-08_12:36:52.229[Status]Routing 184: Walk: 35
2020-02-08_12:36:52.330[Battery Energy]72.13
2020-02-08_12:36:52.491[Status]Routing 185: Walk: 35
2020-02-08_12:36:52.591[Battery Energy]72.02
2020-02-08_12:36:52.725[Status]Routing 186: Walk: 35
2020-02-08_12:36:52.834[Battery Energy]71.91
2020-02-08_12:36:52.979[Status]Routing 187: Walk: 35
2020-02-08_12:36:53.090[Battery Energy]71.81
2020-02-08_12:36:53.224[Status]Routing 188: Walk: 35
2020-02-08_12:36:53.330[Battery Energy]71.70
2020-02-08_12:36:53.460[Status]Routing 189: Walk: 35
2020-02-08_12:36:53.578[Battery Energy]71.57
2020-02-08_12:36:53.699[Status]Routing 190: Walk: 35
2020-02-08_12:36:53.814[Battery Energy]71.47
2020-02-08_12:36:53.940[Status]Routing 191: Walk: 35
2020-02-08_12:36:54.054[Battery Energy]71.36
2020-02-08_12:36:54.200[Status]Routing 192: Walk: 35
2020-02-08_12:36:54.300[Battery Energy]71.27
2020-02-08_12:36:54.460[Status]Routing 193: Walk: 35
2020-02-08_12:36:54.563[Battery Energy]71.17
2020-02-08_12:36:54.708[Status]Routing 194: Walk: 35
2020-02-08_12:36:54.808[Battery Energy]71.05
2020-02-08_12:36:54.956[Status]Routing 195: Walk: 35
2020-02-08_12:36:55.057[Battery Energy]70.94
2020-02-08_12:36:55.191[Status]Routing 196: Walk: 35
2020-02-08_12:36:55.306[Battery Energy]70.84
2020-02-08_12:36:55.433[Status]Routing 197: Walk: 35
2020-02-08_12:36:55.533[Battery Energy]70.72
2020-02-08_12:36:55.721[Status]Routing 198: Walk: 35
2020-02-08_12:36:55.834[Battery Energy]70.60
2020-02-08_12:36:55.971[Status]Routing 199: Walk: 35
2020-02-08_12:36:56.078[Battery Energy]70.50
2020-02-08_12:36:56.239[Status]Routing 200: Walk: 35
2020-02-08_12:36:56.358[Battery Energy]70.41
2020-02-08_12:36:56.537[Status]Routing 201: Walk: 35
2020-02-08_12:36:56.637[Battery Energy]70.29
2020-02-08_12:36:56.806[Status]Routing 202: Walk: 35
2020-02-08_12:36:56.918[Battery Energy]70.19
2020-02-08_12:36:57.075[Status]Routing 203: Walk: 35
2020-02-08_12:36:57.176[Battery Energy]70.10
2020-02-08_12:36:57.362[Status]Routing 204: Walk: 35
2020-02-08_12:36:57.474[Battery Energy]69.96
2020-02-08_12:36:57.596[Status]Routing 205: Walk: 35
2020-02-08_12:36:57.700[Battery Energy]69.86
2020-02-08_12:36:57.853[Status]Routing 206: Walk: 35
2020-02-08_12:36:57.966[Battery Energy]69.74
2020-02-08_12:36:58.084[Status]Routing 207: Walk: 35
2020-02-08_12:36:58.190[Battery Energy]69.64
2020-02-08_12:36:58.330[Status]Routing 208: Walk: 35
2020-02-08_12:36:58.438[Battery Energy]69.53
2020-02-08_12:36:58.591[Status]Routing 209: Walk: 35
2020-02-08_12:36:58.698[Battery Energy]69.40
2020-02-08_12:36:58.849[Status]Routing 210: Walk: 35
2020-02-08_12:36:58.958[Battery Energy]69.31
2020-02-08_12:36:59.081[Status]Routing 211: Walk: 35
2020-02-08_12:36:59.190[Battery Energy]69.23
2020-02-08_12:36:59.364[Status]Routing 212: Walk: 35
2020-02-08_12:36:59.465[Battery Energy]69.13
2020-02-08_12:36:59.630[Status]Routing 213: Walk: 35
2020-02-08_12:36:59.734[Battery Energy]69.00
2020-02-08_12:36:59.881[Status]Routing 214: Walk: 35
2020-02-08_12:36:59.990[Battery Energy]68.89
2020-02-08_12:37:00.154[Status]Routing 215: Walk: 35
2020-02-08_12:37:00.254[Battery Energy]68.78
2020-02-08_12:37:00.424[Status]Routing 216: Walk: 35
2020-02-08_12:37:00.530[Battery Energy]68.67
2020-02-08_12:37:00.685[Status]Routing 217: Walk: 35
2020-02-08_12:37:00.785[Battery Energy]68.57
2020-02-08_12:37:00.928[Status]Routing 218: Walk: 35
2020-02-08_12:37:01.030[Battery Energy]68.47
2020-02-08_12:37:01.168[Status]Routing 219: Walk: 35
2020-02-08_12:37:01.276[Battery Energy]68.36
2020-02-08_12:37:01.426[Status]Routing 220: Walk: 35
2020-02-08_12:37:01.531[Battery Energy]68.25
2020-02-08_12:37:01.679[Status]Routing 221: Walk: 35
2020-02-08_12:37:01.780[Battery Energy]68.13
2020-02-08_12:37:01.927[Status]Routing 222: Walk: 35
2020-02-08_12:37:02.038[Battery Energy]68.01
2020-02-08_12:37:02.214[Status]Routing 223: Walk: 35
2020-02-08_12:37:02.318[Battery Energy]67.89
2020-02-08_12:37:02.467[Status]Routing 224: Walk: 35
2020-02-08_12:37:02.570[Battery Energy]67.76
2020-02-08_12:37:02.714[Status]Routing 225: Walk: 35
2020-02-08_12:37:02.819[Battery Energy]67.66
2020-02-08_12:37:02.954[Status]Routing 226: Walk: 35
2020-02-08_12:37:03.066[Battery Energy]67.55
2020-02-08_12:37:03.240[Status]Routing 227: Walk: 35
2020-02-08_12:37:03.362[Battery Energy]67.39
2020-02-08_12:37:03.533[Status]Routing 228: Walk: 35
2020-02-08_12:37:03.641[Battery Energy]67.26
2020-02-08_12:37:03.789[Status]Routing 229: Walk: 35
2020-02-08_12:37:03.898[Battery Energy]67.16
2020-02-08_12:37:04.020[Status]Routing 230: Walk: 35
2020-02-08_12:37:04.120[Battery Energy]67.05
2020-02-08_12:37:04.303[Status]Routing 231: Walk: 35
2020-02-08_12:37:04.410[Battery Energy]66.95
2020-02-08_12:37:04.557[Status]Routing 232: Walk: 35
2020-02-08_12:37:04.678[Battery Energy]66.85
2020-02-08_12:37:04.808[Status]Routing 233: Walk: 35
2020-02-08_12:37:04.909[Battery Energy]66.75
2020-02-08_12:37:05.062[Status]Routing 234: Walk: 35
2020-02-08_12:37:05.164[Battery Energy]66.65
2020-02-08_12:37:05.314[Status]Routing 235: Walk: 35
2020-02-08_12:37:05.418[Battery Energy]66.53
2020-02-08_12:37:05.583[Status]Routing 236: Walk: 35
2020-02-08_12:37:05.684[Battery Energy]66.40
2020-02-08_12:37:05.839[Status]Routing 237: Walk: 35
2020-02-08_12:37:05.950[Battery Energy]66.28
2020-02-08_12:37:06.102[Status]Routing 238: Walk: 35
2020-02-08_12:37:06.210[Battery Energy]66.18
2020-02-08_12:37:06.361[Status]Routing 239: Walk: 35
2020-02-08_12:37:06.486[Battery Energy]66.06
2020-02-08_12:37:06.619[Status]Routing 240: Walk: 35
2020-02-08_12:37:06.726[Battery Energy]65.96
2020-02-08_12:37:06.905[Status]Routing 241: Walk: 35
2020-02-08_12:37:07.018[Battery Energy]65.85
2020-02-08_12:37:07.179[Status]Routing 242: Walk: 35
2020-02-08_12:37:07.279[Battery Energy]65.74
2020-02-08_12:37:07.420[Status]Routing 243: Walk: 35
2020-02-08_12:37:07.524[Battery Energy]65.64
2020-02-08_12:37:07.706[Status]Routing 244: Walk: 35
2020-02-08_12:37:07.814[Battery Energy]65.50
2020-02-08_12:37:07.961[Status]Routing 245: Walk: 35
2020-02-08_12:37:08.064[Battery Energy]65.38
2020-02-08_12:37:08.202[Status]Routing 246: Walk: 35
2020-02-08_12:37:08.303[Battery Energy]65.28
2020-02-08_12:37:08.461[Status]Routing 247: Walk: 35
2020-02-08_12:37:08.561[Battery Energy]65.16
2020-02-08_12:37:08.715[Status]Routing 248: Walk: 35
2020-02-08_12:37:08.826[Battery Energy]65.05
2020-02-08_12:37:08.957[Status]Routing 249: Walk: 35
2020-02-08_12:37:09.058[Battery Energy]64.93
2020-02-08_12:37:09.247[Status]Routing 250: Walk: 35
2020-02-08_12:37:09.352[Battery Energy]64.77
2020-02-08_12:37:09.516[Status]Routing 251: Walk: 35
2020-02-08_12:37:09.616[Battery Energy]64.67
2020-02-08_12:37:09.778[Status]Routing 252: Walk: 35
2020-02-08_12:37:09.882[Battery Energy]64.55
2020-02-08_12:37:10.023[Status]Routing 253: Walk: 35
2020-02-08_12:37:10.124[Battery Energy]64.44
2020-02-08_12:37:10.284[Status]Routing 254: Walk: 35
2020-02-08_12:37:10.394[Battery Energy]64.34
2020-02-08_12:37:10.537[Status]Routing 255: Walk: 35
2020-02-08_12:37:10.646[Battery Energy]64.22
2020-02-08_12:37:10.778[Status]Routing 256: Walk: 35
2020-02-08_12:37:10.886[Battery Energy]64.13
2020-02-08_12:37:11.045[Status]Routing 257: Walk: 35
2020-02-08_12:37:11.151[Battery Energy]64.02
2020-02-08_12:37:11.287[Status]Routing 258: Walk: 35
2020-02-08_12:37:11.390[Battery Energy]63.89
2020-02-08_12:37:11.576[Status]Routing 259: Walk: 35
2020-02-08_12:37:11.681[Battery Energy]63.75
2020-02-08_12:37:11.824[Status]Routing 260: Walk: 35
2020-02-08_12:37:11.926[Battery Energy]63.64
2020-02-08_12:37:12.070[Status]Routing 261: Walk: 35
2020-02-08_12:37:12.174[Battery Energy]63.53
2020-02-08_12:37:12.346[Status]Routing 262: Walk: 35
2020-02-08_12:37:12.446[Battery Energy]63.41
2020-02-08_12:37:12.626[Status]Routing 263: Walk: 35
2020-02-08_12:37:12.742[Battery Energy]63.28
2020-02-08_12:37:12.888[Status]Routing 264: Walk: 35
2020-02-08_12:37:12.998[Battery Energy]63.16
2020-02-08_12:37:13.155[Status]Routing 265: Walk: 35
2020-02-08_12:37:13.262[Battery Energy]63.04
2020-02-08_12:37:13.478[Status]Routing 266: Walk: 35
2020-02-08_12:37:13.582[Battery Energy]62.91
2020-02-08_12:37:13.744[Status]Routing 267: Walk: 35
2020-02-08_12:37:13.844[Battery Energy]62.79
2020-02-08_12:37:14.029[Status]Routing 268: Walk: 35
2020-02-08_12:37:14.146[Battery Energy]62.68
