2020-02-08_13:44:27.871[Status]Start.
2020-02-08_13:44:27.872[Battery Energy]112.00
2020-02-08_13:44:28.974[Battery Energy]111.96
2020-02-08_13:44:30.075[Battery Energy]111.92
2020-02-08_13:44:31.177[Battery Energy]111.88
2020-02-08_13:44:32.278[Battery Energy]111.84
2020-02-08_13:44:33.378[Task]A New Task Released.
2020-02-08_13:44:33.378[Battery Energy]111.80
2020-02-08_13:44:33.378[Status]Selection Start.
2020-02-08_13:44:36.460[Status]Selection End: Do Task 1.
2020-02-08_13:44:36.566[Battery Energy]109.75
2020-02-08_13:44:36.574[Status]Formation Start.
2020-02-08_13:44:36.746[Status]Formation End: To Position 1.
2020-02-08_13:44:36.850[Battery Energy]109.60
2020-02-08_13:44:36.850[Status]Routing Start.
2020-02-08_13:44:37.011[Status]{'id': 14, 'coordinate': [67.11573886119477, 239.11136291447295]}
2020-02-08_13:44:37.011[Status]Routing 1: Walk: 1
2020-02-08_13:44:37.111[Battery Energy]109.37
2020-02-08_13:44:37.111[Status]Routing Start.
2020-02-08_13:44:37.272[Status]{'id': 14, 'coordinate': [76.23147772238954, 243.2227258289459]}
2020-02-08_13:44:37.272[Status]Routing 2: Walk: 2
2020-02-08_13:44:37.374[Battery Energy]109.14
2020-02-08_13:44:37.374[Status]Routing Start.
2020-02-08_13:44:37.529[Status]{'id': 14, 'coordinate': [85.34721658358431, 247.33408874341885]}
2020-02-08_13:44:37.529[Status]Routing 3: Walk: 3
2020-02-08_13:44:37.633[Battery Energy]108.93
2020-02-08_13:44:37.633[Status]Routing Start.
2020-02-08_13:44:37.790[Status]{'id': 14, 'coordinate': [94.46295544477908, 251.4454516578918]}
2020-02-08_13:44:37.790[Status]Routing 4: Walk: 4
2020-02-08_13:44:37.899[Battery Energy]108.72
2020-02-08_13:44:37.899[Status]Routing Start.
2020-02-08_13:44:38.038[Status]{'id': 14, 'coordinate': [103.57869430597385, 255.55681457236474]}
2020-02-08_13:44:38.038[Status]Routing 5: Walk: 5
2020-02-08_13:44:38.142[Battery Energy]108.51
2020-02-08_13:44:38.142[Status]Routing Start.
2020-02-08_13:44:38.337[Status]{'id': 14, 'coordinate': [112.69443316716863, 259.6681774868377]}
2020-02-08_13:44:38.338[Status]Routing 6: Walk: 6
2020-02-08_13:44:38.446[Battery Energy]108.29
2020-02-08_13:44:38.446[Status]Routing Start.
2020-02-08_13:44:38.739[Status]{'id': 14, 'coordinate': [121.8101720283634, 263.7795404013106]}
2020-02-08_13:44:38.740[Status]Routing 7: Walk: 7
2020-02-08_13:44:38.841[Battery Energy]107.95
2020-02-08_13:44:38.841[Status]Routing Start.
2020-02-08_13:44:39.156[Status]{'id': 14, 'coordinate': [130.92591088955817, 267.89090331578353]}
2020-02-08_13:44:39.156[Status]Routing 8: Walk: 8
2020-02-08_13:44:39.258[Battery Energy]107.65
2020-02-08_13:44:39.259[Status]Routing Start.
2020-02-08_13:44:39.571[Status]{'id': 14, 'coordinate': [140.04164975075295, 272.00226623025645]}
2020-02-08_13:44:39.571[Status]Routing 9: Walk: 9
2020-02-08_13:44:39.682[Battery Energy]107.31
2020-02-08_13:44:39.682[Status]Routing Start.
2020-02-08_13:44:40.134[Status]{'id': 14, 'coordinate': [139.62168078385156, 281.99344364169497]}
2020-02-08_13:44:40.134[Status]Routing 10: Walk: 10
2020-02-08_13:44:40.239[Battery Energy]106.85
2020-02-08_13:44:40.239[Status]Routing Start.
2020-02-08_13:44:40.562[Status]{'id': 14, 'coordinate': [148.76824292358688, 286.03576983139817]}
2020-02-08_13:44:40.562[Status]Routing 11: Walk: 11
2020-02-08_13:44:40.663[Battery Energy]106.46
2020-02-08_13:44:40.663[Status]Routing Start.
2020-02-08_13:44:41.034[Status]{'id': 14, 'coordinate': [157.9148050633222, 290.0780960211014]}
2020-02-08_13:44:41.034[Status]Routing 12: Walk: 12
2020-02-08_13:44:41.134[Battery Energy]106.06
2020-02-08_13:44:41.134[Status]Routing Start.
2020-02-08_13:44:41.414[Status]{'id': 14, 'coordinate': [167.06136720305753, 294.1204222108046]}
2020-02-08_13:44:41.414[Status]Routing 13: Walk: 13
2020-02-08_13:44:41.514[Battery Energy]105.72
2020-02-08_13:44:41.514[Status]Routing Start.
2020-02-08_13:44:41.843[Status]{'id': 14, 'coordinate': [176.20792934279285, 298.1627484005078]}
2020-02-08_13:44:41.843[Status]Routing 14: Walk: 14
2020-02-08_13:44:41.943[Battery Energy]105.38
2020-02-08_13:44:41.943[Status]Routing Start.
2020-02-08_13:44:42.244[Status]{'id': 14, 'coordinate': [185.35449148252818, 302.205074590211]}
2020-02-08_13:44:42.244[Status]Routing 15: Walk: 15
2020-02-08_13:44:42.344[Battery Energy]105.04
2020-02-08_13:44:42.344[Status]Routing Start.
2020-02-08_13:44:42.542[Status]{'id': 14, 'coordinate': [194.5010536222635, 306.2474007799142]}
2020-02-08_13:44:42.542[Status]Routing 16: Walk: 16
2020-02-08_13:44:42.642[Battery Energy]104.78
2020-02-08_13:44:42.643[Status]Routing Start.
2020-02-08_13:44:42.990[Status]{'id': 14, 'coordinate': [203.64761576199882, 310.2897269696174]}
2020-02-08_13:44:42.990[Status]Routing 17: Walk: 17
2020-02-08_13:44:43.090[Battery Energy]104.47
2020-02-08_13:44:43.091[Status]Routing Start.
2020-02-08_13:44:43.419[Status]{'id': 14, 'coordinate': [212.79417790173414, 314.3320531593206]}
2020-02-08_13:44:43.419[Status]Routing 18: Walk: 18
2020-02-08_13:44:43.519[Battery Energy]104.17
2020-02-08_13:44:43.519[Status]Routing Start.
2020-02-08_13:44:43.839[Status]{'id': 14, 'coordinate': [221.94074004146947, 318.3743793490238]}
2020-02-08_13:44:43.839[Status]Routing 19: Walk: 19
2020-02-08_13:44:43.945[Battery Energy]103.89
2020-02-08_13:44:43.945[Status]Routing Start.
2020-02-08_13:44:44.258[Status]{'id': 14, 'coordinate': [231.0873021812048, 322.416705538727]}
2020-02-08_13:44:44.258[Status]Routing 20: Walk: 20
2020-02-08_13:44:44.362[Battery Energy]103.61
2020-02-08_13:44:44.362[Status]Routing Start.
2020-02-08_13:44:44.684[Status]{'id': 14, 'coordinate': [240.2338643209401, 326.4590317284302]}
2020-02-08_13:44:44.684[Status]Routing 21: Walk: 21
2020-02-08_13:44:44.785[Battery Energy]103.25
2020-02-08_13:44:44.785[Status]Routing Start.
2020-02-08_13:44:44.943[Status]{'id': 14, 'coordinate': [249.38042646067544, 330.5013579181334]}
2020-02-08_13:44:44.943[Status]Routing 22: Walk: 22
2020-02-08_13:44:45.043[Battery Energy]103.05
2020-02-08_13:44:45.043[Status]Routing Start.
2020-02-08_13:44:45.362[Status]{'id': 14, 'coordinate': [258.52698860041073, 334.5436841078366]}
2020-02-08_13:44:45.362[Status]Routing 23: Walk: 23
2020-02-08_13:44:45.466[Battery Energy]102.76
2020-02-08_13:44:45.466[Status]Routing Start.
2020-02-08_13:44:45.801[Status]{'id': 14, 'coordinate': [267.6735507401461, 338.5860102975398]}
2020-02-08_13:44:45.801[Status]Routing 24: Walk: 24
2020-02-08_13:44:45.906[Battery Energy]102.42
2020-02-08_13:44:45.906[Status]Routing Start.
2020-02-08_13:44:46.091[Status]{'id': 14, 'coordinate': [276.82011287988144, 342.628336487243]}
2020-02-08_13:44:46.091[Status]Routing 25: Walk: 25
2020-02-08_13:44:46.196[Battery Energy]102.17
2020-02-08_13:44:46.196[Status]Routing Start.
2020-02-08_13:44:46.339[Status]{'id': 14, 'coordinate': [285.9666750196168, 346.6706626769462]}
2020-02-08_13:44:46.339[Status]Routing 26: Walk: 26
2020-02-08_13:44:46.439[Battery Energy]101.97
2020-02-08_13:44:46.439[Status]Routing Start.
2020-02-08_13:44:46.616[Status]{'id': 14, 'coordinate': [295.11323715935214, 350.7129888666494]}
2020-02-08_13:44:46.616[Status]Routing 27: Walk: 27
2020-02-08_13:44:46.716[Battery Energy]101.77
2020-02-08_13:44:46.716[Status]Routing Start.
2020-02-08_13:44:47.033[Status]{'id': 14, 'coordinate': [304.2597992990875, 354.75531505635263]}
2020-02-08_13:44:47.033[Status]Routing 28: Walk: 28
2020-02-08_13:44:47.134[Battery Energy]101.47
2020-02-08_13:44:47.134[Status]Routing Start.
2020-02-08_13:44:47.429[Status]{'id': 14, 'coordinate': [313.40636143882284, 358.79764124605583]}
2020-02-08_13:44:47.429[Status]Routing 29: Walk: 29
2020-02-08_13:44:47.536[Battery Energy]101.16
2020-02-08_13:44:47.536[Status]Routing Start.
2020-02-08_13:44:47.830[Status]{'id': 14, 'coordinate': [322.5529235785582, 362.83996743575904]}
2020-02-08_13:44:47.830[Status]Routing 30: Walk: 30
2020-02-08_13:44:47.938[Battery Energy]100.83
2020-02-08_13:44:47.938[Status]Routing Start.
2020-02-08_13:44:48.123[Status]{'id': 14, 'coordinate': [331.69948571829354, 366.88229362546224]}
2020-02-08_13:44:48.123[Status]Routing 31: Walk: 31
2020-02-08_13:44:48.232[Battery Energy]100.59
2020-02-08_13:44:48.232[Status]Routing Start.
2020-02-08_13:44:48.557[Status]{'id': 14, 'coordinate': [340.8460478580289, 370.92461981516544]}
2020-02-08_13:44:48.557[Status]Routing 32: Walk: 32
2020-02-08_13:44:48.657[Battery Energy]100.31
2020-02-08_13:44:48.657[Status]Routing Start.
2020-02-08_13:44:48.975[Status]{'id': 14, 'coordinate': [349.99260999776425, 374.96694600486865]}
2020-02-08_13:44:48.975[Status]Routing 33: Walk: 33
2020-02-08_13:44:49.076[Battery Energy]100.00
2020-02-08_13:44:49.076[Status]Routing Start.
2020-02-08_13:44:49.380[Status]{'id': 14, 'coordinate': [359.1391721374996, 379.00927219457185]}
2020-02-08_13:44:49.380[Status]Routing 34: Walk: 34
2020-02-08_13:44:49.480[Battery Energy]99.70
2020-02-08_13:44:49.480[Status]Routing Start.
2020-02-08_13:44:49.806[Status]{'id': 14, 'coordinate': [368.28573427723495, 383.05159838427505]}
2020-02-08_13:44:49.806[Status]Routing 35: Walk: 35
2020-02-08_13:44:49.906[Battery Energy]99.40
2020-02-08_13:44:49.906[Status]Routing Start.
2020-02-08_13:44:50.278[Status]{'id': 14, 'coordinate': [377.4322964169703, 387.09392457397826]}
2020-02-08_13:44:50.278[Status]Routing 36: Walk: 36
2020-02-08_13:44:50.378[Battery Energy]99.05
2020-02-08_13:44:50.378[Status]Routing Start.
2020-02-08_13:44:50.564[Status]{'id': 14, 'coordinate': [386.57885855670565, 391.13625076368146]}
2020-02-08_13:44:50.564[Status]Routing 37: Walk: 37
2020-02-08_13:44:50.674[Battery Energy]98.83
2020-02-08_13:44:50.674[Status]Routing Start.
2020-02-08_13:44:50.919[Status]{'id': 14, 'coordinate': [395.725420696441, 395.17857695338466]}
2020-02-08_13:44:50.919[Status]Routing 38: Walk: 38
2020-02-08_13:44:51.021[Battery Energy]98.53
2020-02-08_13:44:51.022[Status]Routing Start.
2020-02-08_13:44:51.353[Status]{'id': 14, 'coordinate': [404.87198283617636, 399.22090314308787]}
2020-02-08_13:44:51.355[Status]Routing 39: Walk: 39
2020-02-08_13:44:51.466[Battery Energy]98.20
2020-02-08_13:44:51.466[Status]Routing Start.
2020-02-08_13:44:51.775[Status]{'id': 14, 'coordinate': [414.0185449759117, 403.26322933279107]}
2020-02-08_13:44:51.775[Status]Routing 40: Walk: 40
2020-02-08_13:44:51.882[Battery Energy]97.89
2020-02-08_13:44:51.882[Status]Routing Start.
2020-02-08_13:44:52.169[Status]{'id': 14, 'coordinate': [423.16510711564706, 407.3055555224943]}
2020-02-08_13:44:52.169[Status]Routing 41: Walk: 41
2020-02-08_13:44:52.273[Battery Energy]97.63
2020-02-08_13:44:52.273[Status]Routing Start.
2020-02-08_13:44:52.595[Status]{'id': 14, 'coordinate': [432.3116692553824, 411.3478817121975]}
2020-02-08_13:44:52.595[Status]Routing 42: Walk: 42
2020-02-08_13:44:52.698[Battery Energy]97.33
2020-02-08_13:44:52.698[Status]Routing Start.
2020-02-08_13:44:52.957[Status]{'id': 14, 'coordinate': [428.3414719003996, 420.5259824396077]}
2020-02-08_13:44:52.961[Status]Routing 43: Walk: 43
2020-02-08_13:44:53.061[Battery Energy]97.00
2020-02-08_13:44:53.061[Status]Routing Start.
2020-02-08_13:44:53.471[Status]{'id': 14, 'coordinate': [421.66795253116885, 427.9734074461789]}
2020-02-08_13:44:53.471[Status]Routing 44: Walk: 44
2020-02-08_13:44:53.572[Battery Energy]96.61
2020-02-08_13:44:53.572[Status]Routing Start.
2020-02-08_13:44:53.710[Status]{'id': 14, 'coordinate': [430.8990102972586, 431.8188687343879]}
2020-02-08_13:44:53.710[Status]Routing 45: Walk: 45
2020-02-08_13:44:53.830[Battery Energy]96.40
2020-02-08_13:44:53.830[Status]Routing Start.
2020-02-08_13:44:53.969[Status]{'id': 14, 'coordinate': [440.13006806334835, 435.66433002259686]}
2020-02-08_13:44:53.970[Status]Routing 46: Walk: 46
2020-02-08_13:44:54.070[Battery Energy]96.19
2020-02-08_13:44:54.070[Status]Routing Start.
2020-02-08_13:44:54.236[Status]{'id': 14, 'coordinate': [449.36112582943815, 439.50979131080584]}
2020-02-08_13:44:54.236[Status]Routing 47: Walk: 47
2020-02-08_13:44:54.350[Battery Energy]96.00
2020-02-08_13:44:54.350[Status]Routing Start.
2020-02-08_13:44:54.499[Status]{'id': 14, 'coordinate': [458.5921835955279, 443.3552525990148]}
2020-02-08_13:44:54.499[Status]Routing 48: Walk: 48
2020-02-08_13:44:54.599[Battery Energy]95.81
2020-02-08_13:44:54.599[Status]Routing Start.
2020-02-08_13:44:54.763[Status]{'id': 14, 'coordinate': [467.82324136161765, 447.2007138872238]}
2020-02-08_13:44:54.763[Status]Routing 49: Walk: 49
2020-02-08_13:44:54.869[Battery Energy]95.58
2020-02-08_13:44:54.869[Status]Routing Start.
2020-02-08_13:44:55.154[Status]{'id': 14, 'coordinate': [477.0542991277074, 451.0461751754327]}
2020-02-08_13:44:55.154[Status]Routing 50: Walk: 50
2020-02-08_13:44:55.254[Battery Energy]95.25
2020-02-08_13:44:55.254[Status]Routing Start.
2020-02-08_13:44:55.583[Status]{'id': 14, 'coordinate': [486.28535689379714, 454.8916364636417]}
2020-02-08_13:44:55.588[Status]Routing 51: Walk: 51
2020-02-08_13:44:55.690[Battery Energy]94.88
2020-02-08_13:44:55.690[Status]Routing Start.
2020-02-08_13:44:55.836[Status]{'id': 14, 'coordinate': [495.5164146598869, 458.7370977518506]}
2020-02-08_13:44:55.836[Status]Routing 52: Walk: 52
2020-02-08_13:44:55.936[Battery Energy]94.69
2020-02-08_13:44:55.936[Status]Routing Start.
2020-02-08_13:44:56.089[Status]{'id': 14, 'coordinate': [504.74747242597664, 462.5825590400596]}
2020-02-08_13:44:56.089[Status]Routing 53: Walk: 53
2020-02-08_13:44:56.194[Battery Energy]94.49
2020-02-08_13:44:56.194[Status]Routing Start.
2020-02-08_13:44:56.348[Status]{'id': 14, 'coordinate': [513.9785301920664, 466.42802032826853]}
2020-02-08_13:44:56.348[Status]Routing 54: Walk: 54
2020-02-08_13:44:56.448[Battery Energy]94.28
2020-02-08_13:44:56.448[Status]Routing Start.
2020-02-08_13:44:56.649[Status]{'id': 14, 'coordinate': [523.2095879581561, 470.2734816164775]}
2020-02-08_13:44:56.649[Status]Routing 55: Walk: 55
2020-02-08_13:44:56.754[Battery Energy]94.04
2020-02-08_13:44:56.754[Status]Routing Start.
2020-02-08_13:44:56.952[Status]{'id': 14, 'coordinate': [532.4406457242459, 474.11894290468643]}
2020-02-08_13:44:56.952[Status]Routing 56: Walk: 56
2020-02-08_13:44:57.053[Battery Energy]93.76
2020-02-08_13:44:57.053[Status]Routing Start.
2020-02-08_13:44:57.201[Status]{'id': 14, 'coordinate': [541.6717034903356, 477.96440419289536]}
2020-02-08_13:44:57.201[Status]Routing 57: Walk: 57
2020-02-08_13:44:57.306[Battery Energy]93.55
2020-02-08_13:44:57.306[Status]Routing Start.
2020-02-08_13:44:57.449[Status]{'id': 14, 'coordinate': [550.9027612564254, 481.8098654811043]}
2020-02-08_13:44:57.449[Status]Routing 58: Walk: 58
2020-02-08_13:44:57.566[Battery Energy]93.36
2020-02-08_13:44:57.566[Status]Routing Start.
2020-02-08_13:44:57.691[Status]{'id': 14, 'coordinate': [560.1338190225151, 485.6553267693132]}
2020-02-08_13:44:57.691[Status]Routing 59: Walk: 59
2020-02-08_13:44:57.793[Battery Energy]93.17
2020-02-08_13:44:57.793[Status]Routing Start.
2020-02-08_13:44:57.966[Status]{'id': 14, 'coordinate': [569.3648767886049, 489.5007880575222]}
2020-02-08_13:44:57.966[Status]Routing 60: Walk: 60
2020-02-08_13:44:58.066[Battery Energy]92.96
2020-02-08_13:44:58.066[Status]Routing Start.
2020-02-08_13:44:58.248[Status]{'id': 14, 'coordinate': [578.5959345546946, 493.34624934573117]}
2020-02-08_13:44:58.253[Status]Routing 61: Walk: 61
2020-02-08_13:44:58.357[Battery Energy]92.74
2020-02-08_13:44:58.357[Status]Routing Start.
2020-02-08_13:44:58.523[Status]{'id': 14, 'coordinate': [587.8269923207844, 497.19171063394015]}
2020-02-08_13:44:58.523[Status]Routing 62: Walk: 62
2020-02-08_13:44:58.634[Battery Energy]92.53
2020-02-08_13:44:58.634[Status]Routing Start.
2020-02-08_13:44:58.772[Status]{'id': 14, 'coordinate': [597.0580500868741, 501.03717192214907]}
2020-02-08_13:44:58.772[Status]Routing 63: Walk: 63
2020-02-08_13:44:58.886[Battery Energy]92.33
2020-02-08_13:44:58.886[Status]Routing Start.
2020-02-08_13:44:59.118[Status]{'id': 14, 'coordinate': [606.2891078529639, 504.882633210358]}
2020-02-08_13:44:59.118[Status]Routing 64: Walk: 64
2020-02-08_13:44:59.219[Battery Energy]92.09
2020-02-08_13:44:59.219[Status]Routing Start.
2020-02-08_13:44:59.345[Status]{'id': 14, 'coordinate': [615.5201656190536, 508.7280944985669]}
2020-02-08_13:44:59.345[Status]Routing 65: Walk: 65
2020-02-08_13:44:59.458[Battery Energy]91.89
2020-02-08_13:44:59.458[Status]Routing Start.
2020-02-08_13:44:59.623[Status]{'id': 14, 'coordinate': [624.7512233851434, 512.5735557867758]}
2020-02-08_13:44:59.624[Status]Routing 66: Walk: 66
2020-02-08_13:44:59.726[Battery Energy]91.68
2020-02-08_13:44:59.726[Status]Routing Start.
2020-02-08_13:44:59.865[Status]{'id': 14, 'coordinate': [633.9822811512331, 516.4190170749848]}
2020-02-08_13:44:59.865[Status]Routing 67: Walk: 67
2020-02-08_13:44:59.970[Battery Energy]91.47
2020-02-08_13:44:59.970[Status]Routing Start.
2020-02-08_13:45:00.158[Status]{'id': 14, 'coordinate': [643.2133389173229, 520.2644783631938]}
2020-02-08_13:45:00.158[Status]Routing 68: Walk: 68
2020-02-08_13:45:00.268[Battery Energy]91.26
2020-02-08_13:45:00.268[Status]Routing Start.
2020-02-08_13:45:00.395[Status]{'id': 14, 'coordinate': [652.4443966834126, 524.1099396514028]}
2020-02-08_13:45:00.395[Status]Routing 69: Walk: 69
2020-02-08_13:45:00.506[Battery Energy]91.08
2020-02-08_13:45:00.506[Status]Routing Start.
2020-02-08_13:45:00.666[Status]{'id': 14, 'coordinate': [661.6754544495024, 527.9554009396118]}
2020-02-08_13:45:00.666[Status]Routing 70: Walk: 70
2020-02-08_13:45:00.782[Battery Energy]90.89
2020-02-08_13:45:00.782[Status]Routing Start.
2020-02-08_13:45:00.926[Status]{'id': 14, 'coordinate': [670.9065122155921, 531.8008622278207]}
2020-02-08_13:45:00.926[Status]Routing 71: Walk: 71
2020-02-08_13:45:01.026[Battery Energy]90.66
2020-02-08_13:45:01.026[Status]Routing Start.
2020-02-08_13:45:01.174[Status]{'id': 14, 'coordinate': [680.1375699816818, 535.6463235160297]}
2020-02-08_13:45:01.174[Status]Routing 72: Walk: 72
2020-02-08_13:45:01.286[Battery Energy]90.45
2020-02-08_13:45:01.286[Status]Routing Start.
2020-02-08_13:45:01.464[Status]{'id': 14, 'coordinate': [689.3686277477716, 539.4917848042387]}
2020-02-08_13:45:01.464[Status]Routing 73: Walk: 73
2020-02-08_13:45:01.578[Battery Energy]90.22
2020-02-08_13:45:01.578[Status]Routing Start.
2020-02-08_13:45:01.727[Status]{'id': 14, 'coordinate': [698.5996855138613, 543.3372460924477]}
2020-02-08_13:45:01.729[Status]Routing 74: Walk: 74
2020-02-08_13:45:01.838[Battery Energy]90.03
2020-02-08_13:45:01.838[Status]Routing Start.
2020-02-08_13:45:01.970[Status]{'id': 14, 'coordinate': [707.8307432799511, 547.1827073806567]}
2020-02-08_13:45:01.975[Status]Routing 75: Walk: 75
2020-02-08_13:45:02.082[Battery Energy]89.81
2020-02-08_13:45:02.082[Status]Routing Start.
2020-02-08_13:45:02.268[Status]{'id': 14, 'coordinate': [717.0618010460408, 551.0281686688656]}
2020-02-08_13:45:02.268[Status]Routing 76: Walk: 76
2020-02-08_13:45:02.373[Battery Energy]89.59
2020-02-08_13:45:02.373[Status]Routing Start.
2020-02-08_13:45:02.552[Status]{'id': 14, 'coordinate': [726.2928588121306, 554.8736299570746]}
2020-02-08_13:45:02.552[Status]Routing 77: Walk: 77
2020-02-08_13:45:02.652[Battery Energy]89.38
2020-02-08_13:45:02.653[Status]Routing Start.
2020-02-08_13:45:02.791[Status]{'id': 14, 'coordinate': [735.5239165782203, 558.7190912452836]}
2020-02-08_13:45:02.791[Status]Routing 78: Walk: 78
2020-02-08_13:45:02.894[Battery Energy]89.17
2020-02-08_13:45:02.894[Status]Routing Start.
2020-02-08_13:45:03.079[Status]{'id': 14, 'coordinate': [744.7549743443101, 562.5645525334926]}
2020-02-08_13:45:03.080[Status]Routing 79: Walk: 79
2020-02-08_13:45:03.180[Battery Energy]88.92
2020-02-08_13:45:03.180[Status]Routing Start.
2020-02-08_13:45:03.332[Status]{'id': 14, 'coordinate': [753.9860321103998, 566.4100138217016]}
2020-02-08_13:45:03.332[Status]Routing 80: Walk: 80
2020-02-08_13:45:03.446[Battery Energy]88.72
2020-02-08_13:45:03.446[Status]Routing Start.
2020-02-08_13:45:03.573[Status]{'id': 14, 'coordinate': [763.2170898764896, 570.2554751099105]}
2020-02-08_13:45:03.579[Status]Routing 81: Walk: 81
2020-02-08_13:45:03.686[Battery Energy]88.51
2020-02-08_13:45:03.686[Status]Routing Start.
2020-02-08_13:45:03.855[Status]{'id': 14, 'coordinate': [772.4481476425793, 574.1009363981195]}
2020-02-08_13:45:03.855[Status]Routing 82: Walk: 82
2020-02-08_13:45:03.966[Battery Energy]88.28
2020-02-08_13:45:03.966[Status]Routing Start.
2020-02-08_13:45:04.106[Status]{'id': 14, 'coordinate': [781.6792054086691, 577.9463976863285]}
2020-02-08_13:45:04.106[Status]Routing 83: Walk: 83
2020-02-08_13:45:04.206[Battery Energy]88.06
2020-02-08_13:45:04.206[Status]Routing Start.
2020-02-08_13:45:04.369[Status]{'id': 14, 'coordinate': [790.9102631747588, 581.7918589745375]}
2020-02-08_13:45:04.369[Status]Routing 84: Walk: 84
2020-02-08_13:45:04.486[Battery Energy]87.88
2020-02-08_13:45:04.486[Status]Routing Start.
2020-02-08_13:45:04.760[Status]{'id': 14, 'coordinate': [800.1413209408486, 585.6373202627465]}
2020-02-08_13:45:04.760[Status]Routing 85: Walk: 85
2020-02-08_13:45:04.866[Battery Energy]87.62
2020-02-08_13:45:04.866[Status]Routing Start.
2020-02-08_13:45:05.039[Status]{'id': 14, 'coordinate': [809.3723787069383, 589.4827815509555]}
2020-02-08_13:45:05.039[Status]Routing 86: Walk: 86
2020-02-08_13:45:05.146[Battery Energy]87.39
2020-02-08_13:45:05.146[Status]Routing Start.
2020-02-08_13:45:05.319[Status]{'id': 14, 'coordinate': [818.6034364730281, 593.3282428391644]}
2020-02-08_13:45:05.321[Status]Routing 87: Walk: 87
2020-02-08_13:45:05.426[Battery Energy]87.18
2020-02-08_13:45:05.426[Status]Routing Start.
2020-02-08_13:45:05.591[Status]{'id': 14, 'coordinate': [827.8344942391178, 597.1737041273734]}
2020-02-08_13:45:05.592[Status]Routing 88: Walk: 88
2020-02-08_13:45:05.692[Battery Energy]86.98
2020-02-08_13:45:05.692[Status]Routing Start.
2020-02-08_13:45:05.925[Status]{'id': 14, 'coordinate': [837.0655520052076, 601.0191654155824]}
2020-02-08_13:45:05.927[Status]Routing 89: Walk: 89
2020-02-08_13:45:06.034[Battery Energy]86.73
2020-02-08_13:45:06.034[Status]Routing Start.
2020-02-08_13:45:06.187[Status]{'id': 14, 'coordinate': [846.2966097712973, 604.8646267037914]}
2020-02-08_13:45:06.187[Status]Routing 90: Walk: 90
2020-02-08_13:45:06.297[Battery Energy]86.53
2020-02-08_13:45:06.297[Status]Routing Start.
2020-02-08_13:45:06.422[Status]{'id': 14, 'coordinate': [855.5276675373871, 608.7100879920004]}
2020-02-08_13:45:06.422[Status]Routing 91: Walk: 91
2020-02-08_13:45:06.534[Battery Energy]86.34
2020-02-08_13:45:06.534[Status]Routing Start.
2020-02-08_13:45:06.677[Status]{'id': 14, 'coordinate': [864.7587253034768, 612.5555492802093]}
2020-02-08_13:45:06.678[Status]Routing 92: Walk: 92
2020-02-08_13:45:06.784[Battery Energy]86.12
2020-02-08_13:45:06.784[Status]Routing Start.
2020-02-08_13:45:06.913[Status]{'id': 14, 'coordinate': [873.9897830695666, 616.4010105684183]}
2020-02-08_13:45:06.916[Status]Routing 93: Walk: 93
2020-02-08_13:45:07.016[Battery Energy]85.93
2020-02-08_13:45:07.016[Status]Routing Start.
2020-02-08_13:45:07.218[Status]{'id': 14, 'coordinate': [883.2208408356563, 620.2464718566273]}
2020-02-08_13:45:07.219[Status]Routing 94: Walk: 94
2020-02-08_13:45:07.322[Battery Energy]85.71
2020-02-08_13:45:07.322[Status]Routing Start.
2020-02-08_13:45:07.448[Status]{'id': 14, 'coordinate': [892.451898601746, 624.0919331448363]}
2020-02-08_13:45:07.448[Status]Routing 95: Walk: 95
2020-02-08_13:45:07.549[Battery Energy]85.51
2020-02-08_13:45:07.549[Status]Routing Start.
2020-02-08_13:45:07.695[Status]{'id': 14, 'coordinate': [901.6829563678358, 627.9373944330453]}
2020-02-08_13:45:07.695[Status]Routing 96: Walk: 96
2020-02-08_13:45:07.806[Battery Energy]85.29
2020-02-08_13:45:07.806[Status]Routing Start.
2020-02-08_13:45:07.945[Status]{'id': 14, 'coordinate': [910.9140141339255, 631.7828557212542]}
2020-02-08_13:45:07.945[Status]Routing 97: Walk: 97
2020-02-08_13:45:08.062[Battery Energy]85.08
2020-02-08_13:45:08.062[Status]Routing Start.
2020-02-08_13:45:08.330[Status]{'id': 14, 'coordinate': [920.1450719000153, 635.6283170094632]}
2020-02-08_13:45:08.331[Status]Routing 98: Walk: 98
2020-02-08_13:45:08.438[Battery Energy]84.81
2020-02-08_13:45:08.438[Status]Routing Start.
2020-02-08_13:45:08.748[Status]{'id': 14, 'coordinate': [929.376129666105, 639.4737782976721]}
2020-02-08_13:45:08.749[Status]Routing 99: Walk: 99
2020-02-08_13:45:08.849[Battery Energy]84.51
2020-02-08_13:45:08.849[Status]Routing Start.
2020-02-08_13:45:09.171[Status]{'id': 14, 'coordinate': [938.6071874321948, 643.319239585881]}
2020-02-08_13:45:09.171[Status]Routing 100: Walk: 100
2020-02-08_13:45:09.290[Battery Energy]84.19
2020-02-08_13:45:09.290[Status]Routing Start.
2020-02-08_13:45:09.663[Status]{'id': 14, 'coordinate': [947.8382451982845, 647.1647008740899]}
2020-02-08_13:45:09.663[Status]Routing 101: Walk: 101
2020-02-08_13:45:09.764[Battery Energy]83.83
2020-02-08_13:45:09.764[Status]Routing Start.
2020-02-08_13:45:09.905[Status]{'id': 14, 'coordinate': [957.0693029643743, 651.0101621622988]}
2020-02-08_13:45:09.905[Status]Routing 102: Walk: 102
2020-02-08_13:45:10.010[Battery Energy]83.62
2020-02-08_13:45:10.010[Status]Routing Start.
2020-02-08_13:45:10.301[Status]{'id': 14, 'coordinate': [966.300360730464, 654.8556234505077]}
2020-02-08_13:45:10.301[Status]Routing 103: Walk: 103
2020-02-08_13:45:10.414[Battery Energy]83.32
2020-02-08_13:45:10.414[Status]Routing Start.
2020-02-08_13:45:10.570[Status]{'id': 14, 'coordinate': [975.5314184965538, 658.7010847387166]}
2020-02-08_13:45:10.570[Status]Routing 104: Walk: 104
2020-02-08_13:45:10.682[Battery Energy]83.13
2020-02-08_13:45:10.682[Status]Routing Start.
2020-02-08_13:45:10.825[Status]{'id': 14, 'coordinate': [984.7624762626435, 662.5465460269255]}
2020-02-08_13:45:10.825[Status]Routing 105: Walk: 105
2020-02-08_13:45:10.930[Battery Energy]82.96
2020-02-08_13:45:10.930[Status]Routing Start.
2020-02-08_13:45:11.189[Status]{'id': 14, 'coordinate': [993.9935340287333, 666.3920073151344]}
2020-02-08_13:45:11.189[Status]Routing 106: Walk: 106
2020-02-08_13:45:11.290[Battery Energy]82.66
2020-02-08_13:45:11.290[Status]Routing Start.
2020-02-08_13:45:11.627[Status]{'id': 14, 'coordinate': [1003.224591794823, 670.2374686033434]}
2020-02-08_13:45:11.628[Status]Routing 107: Walk: 107
2020-02-08_13:45:11.750[Battery Energy]82.37
2020-02-08_13:45:11.750[Status]Routing Start.
2020-02-08_13:45:11.890[Status]{'id': 14, 'coordinate': [1012.4556495609128, 674.0829298915522]}
2020-02-08_13:45:11.890[Status]Routing 108: Walk: 108
2020-02-08_13:45:11.994[Battery Energy]82.17
2020-02-08_13:45:11.994[Status]Routing Start.
2020-02-08_13:45:12.297[Status]{'id': 14, 'coordinate': [1021.6867073270025, 677.9283911797611]}
2020-02-08_13:45:12.297[Status]Routing 109: Walk: 109
2020-02-08_13:45:12.398[Battery Energy]81.87
2020-02-08_13:45:12.398[Status]Routing Start.
2020-02-08_13:45:12.559[Status]{'id': 14, 'coordinate': [1030.9177650930924, 681.7738524679701]}
2020-02-08_13:45:12.559[Status]Routing 110: Walk: 110
2020-02-08_13:45:12.674[Battery Energy]81.67
2020-02-08_13:45:12.674[Status]Routing Start.
2020-02-08_13:45:12.965[Status]{'id': 14, 'coordinate': [1040.1488228591822, 685.619313756179]}
2020-02-08_13:45:12.965[Status]Routing 111: Walk: 111
2020-02-08_13:45:13.070[Battery Energy]81.36
2020-02-08_13:45:13.070[Status]Routing Start.
2020-02-08_13:45:13.306[Status]{'id': 14, 'coordinate': [1049.379880625272, 689.464775044388]}
2020-02-08_13:45:13.307[Status]Routing 112: Walk: 112
2020-02-08_13:45:13.407[Battery Energy]81.12
2020-02-08_13:45:13.407[Status]Routing Start.
2020-02-08_13:45:13.650[Status]{'id': 14, 'coordinate': [1058.610938391362, 693.3102363325969]}
2020-02-08_13:45:13.650[Status]Routing 113: Walk: 113
2020-02-08_13:45:13.750[Battery Energy]80.86
2020-02-08_13:45:13.751[Status]Routing Start.
2020-02-08_13:45:14.052[Status]{'id': 14, 'coordinate': [1067.8419961574518, 697.1556976208059]}
2020-02-08_13:45:14.052[Status]Routing 114: Walk: 114
2020-02-08_13:45:14.154[Battery Energy]80.55
2020-02-08_13:45:14.154[Status]Routing Start.
2020-02-08_13:45:14.391[Status]{'id': 14, 'coordinate': [1077.0730539235417, 701.0011589090149]}
2020-02-08_13:45:14.397[Status]Routing 115: Walk: 115
2020-02-08_13:45:14.497[Battery Energy]80.31
2020-02-08_13:45:14.497[Status]Routing Start.
2020-02-08_13:45:14.657[Status]{'id': 14, 'coordinate': [1086.3041116896316, 704.8466201972238]}
2020-02-08_13:45:14.657[Status]Routing 116: Walk: 116
2020-02-08_13:45:14.774[Battery Energy]80.08
2020-02-08_13:45:14.774[Status]Routing Start.
2020-02-08_13:45:14.941[Status]{'id': 14, 'coordinate': [1095.5351694557214, 708.6920814854327]}
2020-02-08_13:45:14.945[Status]Routing 117: Walk: 117
2020-02-08_13:45:15.046[Battery Energy]79.85
2020-02-08_13:45:15.046[Status]Routing Start.
2020-02-08_13:45:15.399[Status]{'id': 14, 'coordinate': [1104.7662272218113, 712.5375427736417]}
2020-02-08_13:45:15.399[Status]Routing 118: Walk: 118
2020-02-08_13:45:15.502[Battery Energy]79.47
2020-02-08_13:45:15.502[Status]Routing Start.
2020-02-08_13:45:15.826[Status]{'id': 14, 'coordinate': [1113.9972849879011, 716.3830040618507]}
2020-02-08_13:45:15.828[Status]Routing 119: Walk: 119
2020-02-08_13:45:15.928[Battery Energy]79.15
2020-02-08_13:45:15.928[Status]Routing Start.
2020-02-08_13:45:16.086[Status]{'id': 14, 'coordinate': [1123.228342753991, 720.2284653500597]}
2020-02-08_13:45:16.086[Status]Routing 120: Walk: 120
2020-02-08_13:45:16.186[Battery Energy]78.93
2020-02-08_13:45:16.186[Status]Routing Start.
2020-02-08_13:45:16.487[Status]{'id': 14, 'coordinate': [1132.4594005200809, 724.0739266382685]}
2020-02-08_13:45:16.487[Status]Routing 121: Walk: 121
2020-02-08_13:45:16.587[Battery Energy]78.64
2020-02-08_13:45:16.587[Status]Routing Start.
2020-02-08_13:45:16.744[Status]{'id': 14, 'coordinate': [1141.6904582861707, 727.9193879264775]}
2020-02-08_13:45:16.744[Status]Routing 122: Walk: 122
2020-02-08_13:45:16.844[Battery Energy]78.45
2020-02-08_13:45:16.844[Status]Routing Start.
2020-02-08_13:45:17.081[Status]{'id': 14, 'coordinate': [1150.9215160522606, 731.7648492146865]}
2020-02-08_13:45:17.082[Status]Routing 123: Walk: 123
2020-02-08_13:45:17.182[Battery Energy]78.22
2020-02-08_13:45:17.182[Status]Routing Start.
2020-02-08_13:45:17.349[Status]{'id': 14, 'coordinate': [1160.1525738183504, 735.6103105028955]}
2020-02-08_13:45:17.349[Status]Routing 124: Walk: 124
2020-02-08_13:45:17.450[Battery Energy]78.02
2020-02-08_13:45:17.450[Status]Routing Start.
2020-02-08_13:45:17.674[Status]{'id': 14, 'coordinate': [1169.3836315844403, 739.4557717911044]}
2020-02-08_13:45:17.674[Status]Routing 125: Walk: 125
2020-02-08_13:45:17.802[Battery Energy]77.78
2020-02-08_13:45:17.802[Status]Routing Start.
2020-02-08_13:45:18.051[Status]{'id': 14, 'coordinate': [1178.6146893505302, 743.3012330793133]}
2020-02-08_13:45:18.051[Status]Routing 126: Walk: 126
2020-02-08_13:45:18.151[Battery Energy]77.52
2020-02-08_13:45:18.151[Status]Routing Start.
2020-02-08_13:45:18.337[Status]{'id': 14, 'coordinate': [1187.84574711662, 747.1466943675223]}
2020-02-08_13:45:18.337[Status]Routing 127: Walk: 127
2020-02-08_13:45:18.438[Battery Energy]77.29
2020-02-08_13:45:18.438[Status]Routing Start.
2020-02-08_13:45:18.611[Status]{'id': 14, 'coordinate': [1197.07680488271, 750.9921556557313]}
2020-02-08_13:45:18.611[Status]Routing 128: Walk: 128
2020-02-08_13:45:18.730[Battery Energy]77.05
2020-02-08_13:45:18.730[Status]Routing Start.
2020-02-08_13:45:18.893[Status]{'id': 14, 'coordinate': [1206.3078626487998, 754.8376169439402]}
2020-02-08_13:45:18.893[Status]Routing 129: Walk: 129
2020-02-08_13:45:18.993[Battery Energy]76.81
2020-02-08_13:45:18.993[Status]Routing Start.
2020-02-08_13:45:19.145[Status]{'id': 14, 'coordinate': [1215.5389204148896, 758.6830782321491]}
2020-02-08_13:45:19.147[Status]Routing 130: Walk: 130
2020-02-08_13:45:19.254[Battery Energy]76.59
2020-02-08_13:45:19.254[Status]Routing Start.
2020-02-08_13:45:19.503[Status]{'id': 14, 'coordinate': [1224.7699781809795, 762.5285395203581]}
2020-02-08_13:45:19.503[Status]Routing 131: Walk: 131
2020-02-08_13:45:19.603[Battery Energy]76.34
2020-02-08_13:45:19.603[Status]Routing Start.
2020-02-08_13:45:19.774[Status]{'id': 14, 'coordinate': [1234.0010359470693, 766.3740008085671]}
2020-02-08_13:45:19.774[Status]Routing 132: Walk: 132
2020-02-08_13:45:19.875[Battery Energy]76.14
2020-02-08_13:45:19.875[Status]Routing Start.
2020-02-08_13:45:20.016[Status]{'id': 14, 'coordinate': [1243.2320937131592, 770.219462096776]}
2020-02-08_13:45:20.016[Status]Routing 133: Walk: 133
2020-02-08_13:45:20.117[Battery Energy]75.93
2020-02-08_13:45:20.117[Status]Routing Start.
2020-02-08_13:45:20.277[Status]{'id': 14, 'coordinate': [1252.463151479249, 774.064923384985]}
2020-02-08_13:45:20.277[Status]Routing 134: Walk: 134
2020-02-08_13:45:20.394[Battery Energy]75.70
2020-02-08_13:45:20.394[Status]Routing Start.
2020-02-08_13:45:20.394[Status]Task Finished.
2020-02-08_13:45:20.495[Battery Energy]75.70
2020-02-08_13:45:20.631[Status]Routing 136: Walk: 134
2020-02-08_13:45:20.742[Battery Energy]75.60
2020-02-08_13:45:20.905[Status]Routing 137: Walk: 134
2020-02-08_13:45:21.014[Battery Energy]75.50
2020-02-08_13:45:21.162[Status]Routing 138: Walk: 134
2020-02-08_13:45:21.278[Battery Energy]75.39
2020-02-08_13:45:21.445[Status]Routing 139: Walk: 134
2020-02-08_13:45:21.553[Battery Energy]75.28
2020-02-08_13:45:21.676[Status]Routing 140: Walk: 134
2020-02-08_13:45:21.777[Battery Energy]75.19
2020-02-08_13:45:21.934[Status]Routing 141: Walk: 134
2020-02-08_13:45:22.042[Battery Energy]75.06
2020-02-08_13:45:22.199[Status]Routing 142: Walk: 134
2020-02-08_13:45:22.302[Battery Energy]74.94
2020-02-08_13:45:22.432[Status]Routing 143: Walk: 134
2020-02-08_13:45:22.542[Battery Energy]74.83
2020-02-08_13:45:22.691[Status]Routing 144: Walk: 134
2020-02-08_13:45:22.801[Battery Energy]74.70
2020-02-08_13:45:22.957[Status]Routing 145: Walk: 134
2020-02-08_13:45:23.057[Battery Energy]74.58
2020-02-08_13:45:23.215[Status]Routing 146: Walk: 134
2020-02-08_13:45:23.318[Battery Energy]74.46
2020-02-08_13:45:23.481[Status]Routing 147: Walk: 134
2020-02-08_13:45:23.586[Battery Energy]74.36
2020-02-08_13:45:23.730[Status]Routing 148: Walk: 134
2020-02-08_13:45:23.842[Battery Energy]74.27
2020-02-08_13:45:23.990[Status]Routing 149: Walk: 134
2020-02-08_13:45:24.105[Battery Energy]74.19
2020-02-08_13:45:24.264[Status]Routing 150: Walk: 134
2020-02-08_13:45:24.378[Battery Energy]74.09
2020-02-08_13:45:24.512[Status]Routing 151: Walk: 134
2020-02-08_13:45:24.615[Battery Energy]74.01
2020-02-08_13:45:24.774[Status]Routing 152: Walk: 134
2020-02-08_13:45:24.882[Battery Energy]73.89
2020-02-08_13:45:25.006[Status]Routing 153: Walk: 134
2020-02-08_13:45:25.118[Battery Energy]73.78
2020-02-08_13:45:25.274[Status]Routing 154: Walk: 134
2020-02-08_13:45:25.375[Battery Energy]73.66
2020-02-08_13:45:25.524[Status]Routing 155: Walk: 134
2020-02-08_13:45:25.632[Battery Energy]73.54
2020-02-08_13:45:25.817[Status]Routing 156: Walk: 134
2020-02-08_13:45:25.921[Battery Energy]73.43
2020-02-08_13:45:26.085[Status]Routing 157: Walk: 134
2020-02-08_13:45:26.190[Battery Energy]73.34
2020-02-08_13:45:26.324[Status]Routing 158: Walk: 134
2020-02-08_13:45:26.434[Battery Energy]73.23
2020-02-08_13:45:26.588[Status]Routing 159: Walk: 134
2020-02-08_13:45:26.694[Battery Energy]73.11
2020-02-08_13:45:26.869[Status]Routing 160: Walk: 134
2020-02-08_13:45:26.970[Battery Energy]73.01
2020-02-08_13:45:27.150[Status]Routing 161: Walk: 134
2020-02-08_13:45:27.250[Battery Energy]72.88
