2020-02-08_13:44:25.720[Status]Start.
2020-02-08_13:44:25.722[Battery Energy]112.00
2020-02-08_13:44:26.823[Battery Energy]111.96
2020-02-08_13:44:27.924[Battery Energy]111.92
2020-02-08_13:44:29.025[Battery Energy]111.88
2020-02-08_13:44:30.126[Battery Energy]111.84
2020-02-08_13:44:31.227[Task]A New Task Released.
2020-02-08_13:44:31.227[Battery Energy]111.80
2020-02-08_13:44:31.227[Status]Selection Start.
2020-02-08_13:44:36.459[Status]Selection End: Do Task 0.
2020-02-08_13:44:36.560[Battery Energy]108.14
2020-02-08_13:44:36.560[Status]Formation Start.
2020-02-08_13:44:36.764[Status]Formation End: To Position 5.
2020-02-08_13:44:36.865[Battery Energy]108.00
2020-02-08_13:44:36.865[Status]Routing Start.
2020-02-08_13:44:37.015[Status]{'id': 4, 'coordinate': [66.90525761957859, 309.6267296370414]}
2020-02-08_13:44:37.015[Status]Routing 1: Walk: 1
2020-02-08_13:44:37.130[Battery Energy]107.79
2020-02-08_13:44:37.130[Status]Routing Start.
2020-02-08_13:44:37.275[Status]{'id': 4, 'coordinate': [76.81051523915718, 308.25345927408284]}
2020-02-08_13:44:37.276[Status]Routing 2: Walk: 2
2020-02-08_13:44:37.376[Battery Energy]107.59
2020-02-08_13:44:37.376[Status]Routing Start.
2020-02-08_13:44:37.529[Status]{'id': 4, 'coordinate': [86.71577285873578, 306.88018891112426]}
2020-02-08_13:44:37.529[Status]Routing 3: Walk: 3
2020-02-08_13:44:37.638[Battery Energy]107.38
2020-02-08_13:44:37.638[Status]Routing Start.
2020-02-08_13:44:37.793[Status]{'id': 4, 'coordinate': [96.62103047831437, 305.5069185481657]}
2020-02-08_13:44:37.793[Status]Routing 4: Walk: 4
2020-02-08_13:44:37.902[Battery Energy]107.17
2020-02-08_13:44:37.902[Status]Routing Start.
2020-02-08_13:44:38.042[Status]{'id': 4, 'coordinate': [106.52628809789296, 304.1336481852071]}
2020-02-08_13:44:38.042[Status]Routing 5: Walk: 5
2020-02-08_13:44:38.161[Battery Energy]106.99
2020-02-08_13:44:38.161[Status]Routing Start.
2020-02-08_13:44:38.337[Status]{'id': 4, 'coordinate': [116.43154571747155, 302.76037782224853]}
2020-02-08_13:44:38.337[Status]Routing 6: Walk: 6
2020-02-08_13:44:38.446[Battery Energy]106.77
2020-02-08_13:44:38.446[Status]Routing Start.
2020-02-08_13:44:38.741[Status]{'id': 4, 'coordinate': [126.33680333705014, 301.38710745928995]}
2020-02-08_13:44:38.741[Status]Routing 7: Walk: 7
2020-02-08_13:44:38.841[Battery Energy]106.50
2020-02-08_13:44:38.841[Status]Routing Start.
2020-02-08_13:44:39.151[Status]{'id': 4, 'coordinate': [136.24206095662873, 300.0138370963314]}
2020-02-08_13:44:39.151[Status]Routing 8: Walk: 8
2020-02-08_13:44:39.255[Battery Energy]106.17
2020-02-08_13:44:39.255[Status]Routing Start.
2020-02-08_13:44:39.582[Status]{'id': 4, 'coordinate': [146.1473185762073, 298.6405667333728]}
2020-02-08_13:44:39.583[Status]Routing 9: Walk: 9
2020-02-08_13:44:39.686[Battery Energy]105.85
2020-02-08_13:44:39.686[Status]Routing Start.
2020-02-08_13:44:40.146[Status]Routing 10: Walk: 9
2020-02-08_13:44:40.246[Battery Energy]105.43
2020-02-08_13:44:40.246[Status]Routing Start.
2020-02-08_13:44:40.599[Status]Routing 11: Walk: 9
2020-02-08_13:44:40.700[Battery Energy]105.09
2020-02-08_13:44:40.700[Status]Routing Start.
2020-02-08_13:44:40.998[Status]Routing 12: Walk: 9
2020-02-08_13:44:41.099[Battery Energy]104.80
2020-02-08_13:44:41.099[Status]Routing Start.
2020-02-08_13:44:41.431[Status]Routing 13: Walk: 9
2020-02-08_13:44:41.531[Battery Energy]104.48
2020-02-08_13:44:41.531[Status]Routing Start.
2020-02-08_13:44:41.803[Status]Routing 14: Walk: 9
2020-02-08_13:44:41.906[Battery Energy]104.24
2020-02-08_13:44:41.906[Status]Routing Start.
2020-02-08_13:44:42.269[Status]Routing 15: Walk: 9
2020-02-08_13:44:42.373[Battery Energy]103.91
2020-02-08_13:44:42.373[Status]Routing Start.
2020-02-08_13:44:42.548[Status]{'id': 4, 'coordinate': [156.0525761957859, 297.2672963704142]}
2020-02-08_13:44:42.551[Status]Routing 16: Walk: 10
2020-02-08_13:44:42.652[Battery Energy]103.68
2020-02-08_13:44:42.652[Status]Routing Start.
2020-02-08_13:44:42.992[Status]{'id': 4, 'coordinate': [165.95783381536447, 295.89402600745564]}
2020-02-08_13:44:42.992[Status]Routing 17: Walk: 11
2020-02-08_13:44:43.093[Battery Energy]103.35
2020-02-08_13:44:43.093[Status]Routing Start.
2020-02-08_13:44:43.421[Status]{'id': 4, 'coordinate': [175.86309143494304, 294.52075564449706]}
2020-02-08_13:44:43.421[Status]Routing 18: Walk: 12
2020-02-08_13:44:43.533[Battery Energy]103.03
2020-02-08_13:44:43.533[Status]Routing Start.
2020-02-08_13:44:43.831[Status]{'id': 4, 'coordinate': [185.76834905452162, 293.1474852815385]}
2020-02-08_13:44:43.831[Status]Routing 19: Walk: 13
2020-02-08_13:44:43.931[Battery Energy]102.75
2020-02-08_13:44:43.932[Status]Routing Start.
2020-02-08_13:44:44.261[Status]{'id': 4, 'coordinate': [195.6736066741002, 291.77421491857996]}
2020-02-08_13:44:44.261[Status]Routing 20: Walk: 14
2020-02-08_13:44:44.370[Battery Energy]102.45
2020-02-08_13:44:44.370[Status]Routing Start.
2020-02-08_13:44:44.694[Status]{'id': 4, 'coordinate': [205.57886429367878, 290.4009445556214]}
2020-02-08_13:44:44.694[Status]Routing 21: Walk: 15
2020-02-08_13:44:44.796[Battery Energy]102.15
2020-02-08_13:44:44.796[Status]Routing Start.
2020-02-08_13:44:44.954[Status]{'id': 4, 'coordinate': [215.48412191325735, 289.02767419266286]}
2020-02-08_13:44:44.954[Status]Routing 22: Walk: 16
2020-02-08_13:44:45.062[Battery Energy]101.93
2020-02-08_13:44:45.062[Status]Routing Start.
2020-02-08_13:44:45.360[Status]{'id': 4, 'coordinate': [225.38937953283593, 287.65440382970434]}
2020-02-08_13:44:45.360[Status]Routing 23: Walk: 17
2020-02-08_13:44:45.462[Battery Energy]101.66
2020-02-08_13:44:45.462[Status]Routing Start.
2020-02-08_13:44:45.797[Status]{'id': 4, 'coordinate': [235.2946371524145, 286.28113346674576]}
2020-02-08_13:44:45.797[Status]Routing 24: Walk: 18
2020-02-08_13:44:45.897[Battery Energy]101.38
2020-02-08_13:44:45.897[Status]Routing Start.
2020-02-08_13:44:46.092[Status]{'id': 4, 'coordinate': [245.1998947719931, 284.90786310378724]}
2020-02-08_13:44:46.092[Status]Routing 25: Walk: 19
2020-02-08_13:44:46.201[Battery Energy]101.18
2020-02-08_13:44:46.201[Status]Routing Start.
2020-02-08_13:44:46.339[Status]{'id': 4, 'coordinate': [255.10515239157166, 283.53459274082866]}
2020-02-08_13:44:46.342[Status]Routing 26: Walk: 20
2020-02-08_13:44:46.454[Battery Energy]100.97
2020-02-08_13:44:46.454[Status]Routing Start.
2020-02-08_13:44:46.630[Status]{'id': 4, 'coordinate': [265.01041001115027, 282.16132237787014]}
2020-02-08_13:44:46.630[Status]Routing 27: Walk: 21
2020-02-08_13:44:46.730[Battery Energy]100.74
2020-02-08_13:44:46.730[Status]Routing Start.
2020-02-08_13:44:47.030[Status]{'id': 4, 'coordinate': [274.9156676307289, 280.78805201491156]}
2020-02-08_13:44:47.031[Status]Routing 28: Walk: 22
2020-02-08_13:44:47.133[Battery Energy]100.42
2020-02-08_13:44:47.133[Status]Routing Start.
2020-02-08_13:44:47.133[Status]Task Finished.
2020-02-08_13:44:47.233[Battery Energy]100.42
2020-02-08_13:44:47.434[Status]Routing 30: Walk: 22
2020-02-08_13:44:47.536[Battery Energy]100.28
2020-02-08_13:44:47.837[Status]Routing 31: Walk: 22
2020-02-08_13:44:47.946[Battery Energy]100.07
2020-02-08_13:44:48.123[Status]Routing 32: Walk: 22
2020-02-08_13:44:48.230[Battery Energy]99.92
2020-02-08_13:44:48.734[Status]Routing 33: Walk: 22
2020-02-08_13:44:48.834[Battery Energy]99.49
2020-02-08_13:44:49.126[Status]Routing 34: Walk: 22
2020-02-08_13:44:49.226[Battery Energy]99.22
2020-02-08_13:44:49.561[Status]Routing 35: Walk: 22
2020-02-08_13:44:49.661[Battery Energy]98.89
2020-02-08_13:44:49.975[Status]Routing 36: Walk: 22
2020-02-08_13:44:50.081[Battery Energy]98.59
2020-02-08_13:44:50.277[Status]Routing 37: Walk: 22
2020-02-08_13:44:50.392[Battery Energy]98.43
2020-02-08_13:44:50.554[Status]Routing 38: Walk: 22
2020-02-08_13:44:50.655[Battery Energy]98.31
2020-02-08_13:44:50.925[Status]Routing 39: Walk: 22
2020-02-08_13:44:51.026[Battery Energy]98.12
2020-02-08_13:44:51.353[Status]Routing 40: Walk: 22
2020-02-08_13:44:51.455[Battery Energy]97.92
2020-02-08_13:44:51.767[Status]Routing 41: Walk: 22
2020-02-08_13:44:51.873[Battery Energy]97.72
2020-02-08_13:44:52.172[Status]Routing 42: Walk: 22
2020-02-08_13:44:52.282[Battery Energy]97.54
2020-02-08_13:44:52.569[Status]Routing 43: Walk: 22
2020-02-08_13:44:52.673[Battery Energy]97.31
2020-02-08_13:44:52.817[Status]Routing 44: Walk: 22
2020-02-08_13:44:52.917[Battery Energy]97.20
2020-02-08_13:44:53.291[Status]Routing 45: Walk: 22
2020-02-08_13:44:53.394[Battery Energy]96.93
2020-02-08_13:44:53.706[Status]Routing 46: Walk: 22
2020-02-08_13:44:53.809[Battery Energy]96.76
2020-02-08_13:44:53.967[Status]Routing 47: Walk: 22
2020-02-08_13:44:54.070[Battery Energy]96.64
2020-02-08_13:44:54.239[Status]Routing 48: Walk: 22
2020-02-08_13:44:54.344[Battery Energy]96.50
2020-02-08_13:44:54.496[Status]Routing 49: Walk: 22
2020-02-08_13:44:54.596[Battery Energy]96.40
2020-02-08_13:44:54.760[Status]Routing 50: Walk: 22
2020-02-08_13:44:54.870[Battery Energy]96.30
2020-02-08_13:44:55.021[Status]Routing 51: Walk: 22
2020-02-08_13:44:55.122[Battery Energy]96.19
2020-02-08_13:44:55.410[Status]Routing 52: Walk: 22
2020-02-08_13:44:55.510[Battery Energy]96.00
2020-02-08_13:44:55.823[Status]Routing 53: Walk: 22
2020-02-08_13:44:55.923[Battery Energy]95.75
2020-02-08_13:44:56.081[Status]Routing 54: Walk: 22
2020-02-08_13:44:56.190[Battery Energy]95.63
2020-02-08_13:44:56.346[Status]Routing 55: Walk: 22
2020-02-08_13:44:56.449[Battery Energy]95.53
2020-02-08_13:44:56.642[Status]Routing 56: Walk: 22
2020-02-08_13:44:56.753[Battery Energy]95.40
2020-02-08_13:44:56.951[Status]Routing 57: Walk: 22
2020-02-08_13:44:57.053[Battery Energy]95.29
2020-02-08_13:44:57.202[Status]Routing 58: Walk: 22
2020-02-08_13:44:57.306[Battery Energy]95.21
2020-02-08_13:44:57.441[Status]Routing 59: Walk: 22
2020-02-08_13:44:57.541[Battery Energy]95.08
2020-02-08_13:44:57.687[Status]Routing 60: Walk: 22
2020-02-08_13:44:57.787[Battery Energy]95.00
2020-02-08_13:44:57.968[Status]Routing 61: Walk: 22
2020-02-08_13:44:58.070[Battery Energy]94.88
2020-02-08_13:44:58.249[Status]Routing 62: Walk: 22
2020-02-08_13:44:58.351[Battery Energy]94.78
2020-02-08_13:44:58.519[Status]Routing 63: Walk: 22
2020-02-08_13:44:58.619[Battery Energy]94.69
2020-02-08_13:44:58.767[Status]Routing 64: Walk: 22
2020-02-08_13:44:58.874[Battery Energy]94.58
2020-02-08_13:44:59.096[Status]Routing 65: Walk: 22
2020-02-08_13:44:59.196[Battery Energy]94.42
2020-02-08_13:44:59.340[Status]Routing 66: Walk: 22
2020-02-08_13:44:59.440[Battery Energy]94.30
2020-02-08_13:44:59.620[Status]Routing 67: Walk: 22
2020-02-08_13:44:59.720[Battery Energy]94.19
2020-02-08_13:44:59.866[Status]Routing 68: Walk: 22
2020-02-08_13:44:59.966[Battery Energy]94.09
2020-02-08_13:45:00.157[Status]Routing 69: Walk: 22
2020-02-08_13:45:00.270[Battery Energy]93.96
2020-02-08_13:45:00.396[Status]Routing 70: Walk: 22
2020-02-08_13:45:00.510[Battery Energy]93.87
2020-02-08_13:45:00.662[Status]Routing 71: Walk: 22
2020-02-08_13:45:00.762[Battery Energy]93.77
2020-02-08_13:45:00.925[Status]Routing 72: Walk: 22
2020-02-08_13:45:01.038[Battery Energy]93.66
2020-02-08_13:45:01.163[Status]Routing 73: Walk: 22
2020-02-08_13:45:01.263[Battery Energy]93.56
2020-02-08_13:45:01.460[Status]Routing 74: Walk: 22
2020-02-08_13:45:01.561[Battery Energy]93.44
2020-02-08_13:45:01.721[Status]Routing 75: Walk: 22
2020-02-08_13:45:01.830[Battery Energy]93.31
2020-02-08_13:45:01.971[Status]Routing 76: Walk: 22
2020-02-08_13:45:02.090[Battery Energy]93.23
2020-02-08_13:45:02.276[Status]Routing 77: Walk: 22
2020-02-08_13:45:02.382[Battery Energy]93.12
2020-02-08_13:45:02.558[Status]Routing 78: Walk: 22
2020-02-08_13:45:02.659[Battery Energy]92.98
2020-02-08_13:45:02.792[Status]Routing 79: Walk: 22
2020-02-08_13:45:02.899[Battery Energy]92.89
2020-02-08_13:45:03.082[Status]Routing 80: Walk: 22
2020-02-08_13:45:03.190[Battery Energy]92.77
2020-02-08_13:45:03.332[Status]Routing 81: Walk: 22
2020-02-08_13:45:03.446[Battery Energy]92.67
2020-02-08_13:45:03.572[Status]Routing 82: Walk: 22
2020-02-08_13:45:03.682[Battery Energy]92.58
2020-02-08_13:45:03.864[Status]Routing 83: Walk: 22
2020-02-08_13:45:03.965[Battery Energy]92.44
2020-02-08_13:45:04.112[Status]Routing 84: Walk: 22
2020-02-08_13:45:04.222[Battery Energy]92.34
2020-02-08_13:45:04.385[Status]Routing 85: Walk: 22
2020-02-08_13:45:04.485[Battery Energy]92.19
2020-02-08_13:45:04.757[Status]Routing 86: Walk: 22
2020-02-08_13:45:04.858[Battery Energy]91.99
2020-02-08_13:45:05.052[Status]Routing 87: Walk: 22
2020-02-08_13:45:05.153[Battery Energy]91.87
2020-02-08_13:45:05.308[Status]Routing 88: Walk: 22
2020-02-08_13:45:05.410[Battery Energy]91.77
2020-02-08_13:45:05.589[Status]Routing 89: Walk: 22
2020-02-08_13:45:05.689[Battery Energy]91.62
2020-02-08_13:45:05.930[Status]Routing 90: Walk: 22
2020-02-08_13:45:06.038[Battery Energy]91.47
2020-02-08_13:45:06.186[Status]Routing 91: Walk: 22
2020-02-08_13:45:06.286[Battery Energy]91.35
2020-02-08_13:45:06.423[Status]Routing 92: Walk: 22
2020-02-08_13:45:06.534[Battery Energy]91.24
2020-02-08_13:45:06.674[Status]Routing 93: Walk: 22
2020-02-08_13:45:06.774[Battery Energy]91.13
2020-02-08_13:45:06.915[Status]Routing 94: Walk: 22
2020-02-08_13:45:07.019[Battery Energy]91.03
2020-02-08_13:45:07.219[Status]Routing 95: Walk: 22
2020-02-08_13:45:07.326[Battery Energy]90.90
2020-02-08_13:45:07.450[Status]Routing 96: Walk: 22
2020-02-08_13:45:07.554[Battery Energy]90.79
2020-02-08_13:45:07.694[Status]Routing 97: Walk: 22
2020-02-08_13:45:07.794[Battery Energy]90.68
2020-02-08_13:45:07.944[Status]Routing 98: Walk: 22
2020-02-08_13:45:08.058[Battery Energy]90.58
2020-02-08_13:45:08.335[Status]Routing 99: Walk: 22
2020-02-08_13:45:08.438[Battery Energy]90.44
2020-02-08_13:45:08.746[Status]Routing 100: Walk: 22
2020-02-08_13:45:08.854[Battery Energy]90.24
2020-02-08_13:45:09.170[Status]Routing 101: Walk: 22
2020-02-08_13:45:09.282[Battery Energy]90.05
2020-02-08_13:45:09.667[Status]Routing 102: Walk: 22
2020-02-08_13:45:09.778[Battery Energy]89.80
2020-02-08_13:45:09.907[Status]Routing 103: Walk: 22
2020-02-08_13:45:10.008[Battery Energy]89.69
2020-02-08_13:45:10.300[Status]Routing 104: Walk: 22
2020-02-08_13:45:10.410[Battery Energy]89.49
2020-02-08_13:45:10.566[Status]Routing 105: Walk: 22
2020-02-08_13:45:10.674[Battery Energy]89.38
2020-02-08_13:45:10.822[Status]Routing 106: Walk: 22
2020-02-08_13:45:10.938[Battery Energy]89.26
2020-02-08_13:45:11.192[Status]Routing 107: Walk: 22
2020-02-08_13:45:11.298[Battery Energy]89.06
2020-02-08_13:45:11.618[Status]Routing 108: Walk: 22
2020-02-08_13:45:11.721[Battery Energy]88.84
2020-02-08_13:45:11.886[Status]Routing 109: Walk: 22
2020-02-08_13:45:11.987[Battery Energy]88.73
2020-02-08_13:45:12.308[Status]Routing 110: Walk: 22
2020-02-08_13:45:12.409[Battery Energy]88.52
2020-02-08_13:45:12.554[Status]Routing 111: Walk: 22
2020-02-08_13:45:12.657[Battery Energy]88.41
2020-02-08_13:45:12.961[Status]Routing 112: Walk: 22
2020-02-08_13:45:13.064[Battery Energy]88.23
2020-02-08_13:45:13.312[Status]Routing 113: Walk: 22
2020-02-08_13:45:13.422[Battery Energy]88.09
2020-02-08_13:45:13.643[Status]Routing 114: Walk: 22
2020-02-08_13:45:13.746[Battery Energy]87.91
2020-02-08_13:45:14.044[Status]Routing 115: Walk: 22
2020-02-08_13:45:14.154[Battery Energy]87.70
2020-02-08_13:45:14.388[Status]Routing 116: Walk: 22
2020-02-08_13:45:14.488[Battery Energy]87.52
2020-02-08_13:45:14.653[Status]Routing 117: Walk: 22
2020-02-08_13:45:14.761[Battery Energy]87.40
2020-02-08_13:45:14.950[Status]Routing 118: Walk: 22
2020-02-08_13:45:15.050[Battery Energy]87.29
2020-02-08_13:45:15.405[Status]Routing 119: Walk: 22
2020-02-08_13:45:15.506[Battery Energy]87.07
2020-02-08_13:45:15.833[Status]Routing 120: Walk: 22
2020-02-08_13:45:15.933[Battery Energy]86.85
2020-02-08_13:45:16.071[Status]Routing 121: Walk: 22
2020-02-08_13:45:16.171[Battery Energy]86.73
2020-02-08_13:45:16.484[Status]Routing 122: Walk: 22
2020-02-08_13:45:16.584[Battery Energy]86.52
2020-02-08_13:45:16.740[Status]Routing 123: Walk: 22
2020-02-08_13:45:16.841[Battery Energy]86.41
2020-02-08_13:45:17.084[Status]Routing 124: Walk: 22
2020-02-08_13:45:17.190[Battery Energy]86.26
2020-02-08_13:45:17.341[Status]Routing 125: Walk: 22
2020-02-08_13:45:17.454[Battery Energy]86.16
2020-02-08_13:45:17.673[Status]Routing 126: Walk: 22
2020-02-08_13:45:17.774[Battery Energy]85.97
2020-02-08_13:45:18.039[Status]Routing 127: Walk: 22
2020-02-08_13:45:18.146[Battery Energy]85.81
2020-02-08_13:45:18.333[Status]Routing 128: Walk: 22
2020-02-08_13:45:18.437[Battery Energy]85.69
2020-02-08_13:45:18.607[Status]Routing 129: Walk: 22
2020-02-08_13:45:18.709[Battery Energy]85.56
2020-02-08_13:45:18.895[Status]Routing 130: Walk: 22
2020-02-08_13:45:18.995[Battery Energy]85.44
2020-02-08_13:45:19.147[Status]Routing 131: Walk: 22
2020-02-08_13:45:19.247[Battery Energy]85.34
2020-02-08_13:45:19.502[Status]Routing 132: Walk: 22
2020-02-08_13:45:19.614[Battery Energy]85.19
2020-02-08_13:45:19.772[Status]Routing 133: Walk: 22
2020-02-08_13:45:19.881[Battery Energy]85.08
2020-02-08_13:45:20.015[Status]Routing 134: Walk: 22
2020-02-08_13:45:20.126[Battery Energy]85.00
2020-02-08_13:45:20.275[Status]Routing 135: Walk: 22
2020-02-08_13:45:20.382[Battery Energy]84.89
2020-02-08_13:45:20.628[Status]Routing 136: Walk: 22
2020-02-08_13:45:20.738[Battery Energy]84.70
2020-02-08_13:45:20.908[Status]Routing 137: Walk: 22
2020-02-08_13:45:21.018[Battery Energy]84.56
2020-02-08_13:45:21.167[Status]Routing 138: Walk: 22
2020-02-08_13:45:21.269[Battery Energy]84.45
2020-02-08_13:45:21.435[Status]Routing 139: Walk: 22
2020-02-08_13:45:21.544[Battery Energy]84.34
2020-02-08_13:45:21.677[Status]Routing 140: Walk: 22
2020-02-08_13:45:21.786[Battery Energy]84.26
2020-02-08_13:45:21.936[Status]Routing 141: Walk: 22
2020-02-08_13:45:22.036[Battery Energy]84.14
2020-02-08_13:45:22.198[Status]Routing 142: Walk: 22
2020-02-08_13:45:22.298[Battery Energy]84.04
2020-02-08_13:45:22.430[Status]Routing 143: Walk: 22
2020-02-08_13:45:22.530[Battery Energy]83.93
2020-02-08_13:45:22.695[Status]Routing 144: Walk: 22
2020-02-08_13:45:22.795[Battery Energy]83.81
2020-02-08_13:45:22.954[Status]Routing 145: Walk: 22
2020-02-08_13:45:23.062[Battery Energy]83.70
2020-02-08_13:45:23.209[Status]Routing 146: Walk: 22
2020-02-08_13:45:23.310[Battery Energy]83.60
2020-02-08_13:45:23.481[Status]Routing 147: Walk: 22
2020-02-08_13:45:23.590[Battery Energy]83.49
2020-02-08_13:45:23.729[Status]Routing 148: Walk: 22
2020-02-08_13:45:23.838[Battery Energy]83.40
2020-02-08_13:45:24.013[Status]Routing 149: Walk: 22
2020-02-08_13:45:24.114[Battery Energy]83.29
2020-02-08_13:45:24.256[Status]Routing 150: Walk: 22
2020-02-08_13:45:24.362[Battery Energy]83.20
2020-02-08_13:45:24.519[Status]Routing 151: Walk: 22
2020-02-08_13:45:24.622[Battery Energy]83.08
2020-02-08_13:45:24.770[Status]Routing 152: Walk: 22
2020-02-08_13:45:24.878[Battery Energy]82.98
2020-02-08_13:45:25.012[Status]Routing 153: Walk: 22
2020-02-08_13:45:25.112[Battery Energy]82.88
2020-02-08_13:45:25.273[Status]Routing 154: Walk: 22
2020-02-08_13:45:25.373[Battery Energy]82.77
2020-02-08_13:45:25.531[Status]Routing 155: Walk: 22
2020-02-08_13:45:25.631[Battery Energy]82.67
2020-02-08_13:45:25.821[Status]Routing 156: Walk: 22
2020-02-08_13:45:25.934[Battery Energy]82.56
2020-02-08_13:45:26.091[Status]Routing 157: Walk: 22
2020-02-08_13:45:26.194[Battery Energy]82.45
2020-02-08_13:45:26.322[Status]Routing 158: Walk: 22
2020-02-08_13:45:26.424[Battery Energy]82.34
2020-02-08_13:45:26.586[Status]Routing 159: Walk: 22
2020-02-08_13:45:26.688[Battery Energy]82.22
2020-02-08_13:45:26.887[Status]Routing 160: Walk: 22
2020-02-08_13:45:26.994[Battery Energy]82.10
2020-02-08_13:45:27.142[Status]Routing 161: Walk: 22
2020-02-08_13:45:27.250[Battery Energy]81.99
