2020-02-08_13:44:25.481[Status]Start.
2020-02-08_13:44:25.488[Battery Energy]112.00
2020-02-08_13:44:26.591[Battery Energy]111.96
2020-02-08_13:44:27.693[Battery Energy]111.92
2020-02-08_13:44:28.794[Battery Energy]111.88
2020-02-08_13:44:29.895[Battery Energy]111.84
2020-02-08_13:44:30.996[Task]A New Task Released.
2020-02-08_13:44:30.996[Battery Energy]111.80
2020-02-08_13:44:30.996[Status]Selection Start.
2020-02-08_13:44:36.462[Status]Selection End: Do Task 0.
2020-02-08_13:44:36.575[Battery Energy]107.69
2020-02-08_13:44:36.575[Status]Formation Start.
2020-02-08_13:44:36.765[Status]Formation End: To Position 2.
2020-02-08_13:44:36.870[Battery Energy]107.55
2020-02-08_13:44:36.870[Status]Routing Start.
2020-02-08_13:44:37.012[Status]{'coordinate': [148.6226227742399, 707.278762975285], 'id': 3}
2020-02-08_13:44:37.012[Status]Routing 1: Walk: 1
2020-02-08_13:44:37.113[Battery Energy]107.34
2020-02-08_13:44:37.113[Status]Routing Start.
2020-02-08_13:44:37.274[Status]{'coordinate': [158.24524554847977, 704.5575259505699], 'id': 3}
2020-02-08_13:44:37.274[Status]Routing 2: Walk: 2
2020-02-08_13:44:37.375[Battery Energy]107.14
2020-02-08_13:44:37.375[Status]Routing Start.
2020-02-08_13:44:37.530[Status]{'coordinate': [167.86786832271966, 701.8362889258549], 'id': 3}
2020-02-08_13:44:37.530[Status]Routing 3: Walk: 3
2020-02-08_13:44:37.644[Battery Energy]106.95
2020-02-08_13:44:37.644[Status]Routing Start.
2020-02-08_13:44:37.787[Status]{'coordinate': [177.49049109695954, 699.1150519011399], 'id': 3}
2020-02-08_13:44:37.787[Status]Routing 4: Walk: 4
2020-02-08_13:44:37.887[Battery Energy]106.74
2020-02-08_13:44:37.887[Status]Routing Start.
2020-02-08_13:44:38.044[Status]{'coordinate': [187.11311387119943, 696.3938148764248], 'id': 3}
2020-02-08_13:44:38.045[Status]Routing 5: Walk: 5
2020-02-08_13:44:38.145[Battery Energy]106.54
2020-02-08_13:44:38.145[Status]Routing Start.
2020-02-08_13:44:38.339[Status]{'coordinate': [196.73573664543932, 693.6725778517098], 'id': 3}
2020-02-08_13:44:38.340[Status]Routing 6: Walk: 6
2020-02-08_13:44:38.440[Battery Energy]106.30
2020-02-08_13:44:38.440[Status]Routing Start.
2020-02-08_13:44:38.739[Status]{'coordinate': [206.35835941967918, 690.9513408269947], 'id': 3}
2020-02-08_13:44:38.741[Status]Routing 7: Walk: 7
2020-02-08_13:44:38.850[Battery Energy]105.97
2020-02-08_13:44:38.850[Status]Routing Start.
2020-02-08_13:44:39.150[Status]{'coordinate': [215.98098219391903, 688.2301038022797], 'id': 3}
2020-02-08_13:44:39.151[Status]Routing 8: Walk: 8
2020-02-08_13:44:39.251[Battery Energy]105.69
2020-02-08_13:44:39.251[Status]Routing Start.
2020-02-08_13:44:39.584[Status]{'coordinate': [225.6036049681589, 685.5088667775647], 'id': 3}
2020-02-08_13:44:39.585[Status]Routing 9: Walk: 9
2020-02-08_13:44:39.688[Battery Energy]105.38
2020-02-08_13:44:39.688[Status]Routing Start.
2020-02-08_13:44:39.984[Status]{'coordinate': [235.22622774239875, 682.7876297528496], 'id': 3}
2020-02-08_13:44:40.001[Status]Routing 10: Walk: 10
2020-02-08_13:44:40.103[Battery Energy]105.06
2020-02-08_13:44:40.103[Status]Routing Start.
2020-02-08_13:44:40.426[Status]{'coordinate': [244.8488505166386, 680.0663927281345], 'id': 3}
2020-02-08_13:44:40.426[Status]Routing 11: Walk: 11
2020-02-08_13:44:40.526[Battery Energy]104.76
2020-02-08_13:44:40.526[Status]Routing Start.
2020-02-08_13:44:40.863[Status]{'coordinate': [254.47147329087846, 677.3451557034194], 'id': 3}
2020-02-08_13:44:40.867[Status]Routing 12: Walk: 12
2020-02-08_13:44:40.967[Battery Energy]104.43
2020-02-08_13:44:40.968[Status]Routing Start.
2020-02-08_13:44:41.280[Status]{'coordinate': [264.0940960651183, 674.6239186787043], 'id': 3}
2020-02-08_13:44:41.280[Status]Routing 13: Walk: 13
2020-02-08_13:44:41.380[Battery Energy]104.13
2020-02-08_13:44:41.380[Status]Routing Start.
2020-02-08_13:44:41.665[Status]{'coordinate': [273.7167188393582, 671.9026816539892], 'id': 3}
2020-02-08_13:44:41.665[Status]Routing 14: Walk: 14
2020-02-08_13:44:41.765[Battery Energy]103.84
2020-02-08_13:44:41.765[Status]Routing Start.
2020-02-08_13:44:41.765[Status]Task Finished.
2020-02-08_13:44:41.866[Battery Energy]103.84
2020-02-08_13:44:42.126[Status]Routing 16: Walk: 14
2020-02-08_13:44:42.227[Battery Energy]103.67
2020-02-08_13:44:42.704[Status]Routing 17: Walk: 14
2020-02-08_13:44:42.804[Battery Energy]103.26
2020-02-08_13:44:42.985[Status]Routing 18: Walk: 14
2020-02-08_13:44:43.085[Battery Energy]103.13
2020-02-08_13:44:43.426[Status]Routing 19: Walk: 14
2020-02-08_13:44:43.528[Battery Energy]102.91
2020-02-08_13:44:43.830[Status]Routing 20: Walk: 14
2020-02-08_13:44:43.930[Battery Energy]102.70
2020-02-08_13:44:44.429[Status]Routing 21: Walk: 14
2020-02-08_13:44:44.529[Battery Energy]102.28
2020-02-08_13:44:44.690[Status]Routing 22: Walk: 14
2020-02-08_13:44:44.794[Battery Energy]102.18
2020-02-08_13:44:45.090[Status]Routing 23: Walk: 14
2020-02-08_13:44:45.190[Battery Energy]101.89
2020-02-08_13:44:45.548[Status]Routing 24: Walk: 14
2020-02-08_13:44:45.648[Battery Energy]101.60
2020-02-08_13:44:45.796[Status]Routing 25: Walk: 14
2020-02-08_13:44:45.898[Battery Energy]101.50
2020-02-08_13:44:46.091[Status]Routing 26: Walk: 14
2020-02-08_13:44:46.192[Battery Energy]101.40
2020-02-08_13:44:46.340[Status]Routing 27: Walk: 14
2020-02-08_13:44:46.440[Battery Energy]101.31
2020-02-08_13:44:46.619[Status]Routing 28: Walk: 14
2020-02-08_13:44:46.730[Battery Energy]101.20
2020-02-08_13:44:47.031[Status]Routing 29: Walk: 14
2020-02-08_13:44:47.132[Battery Energy]100.98
2020-02-08_13:44:47.434[Status]Routing 30: Walk: 14
2020-02-08_13:44:47.538[Battery Energy]100.79
2020-02-08_13:44:47.830[Status]Routing 31: Walk: 14
2020-02-08_13:44:47.938[Battery Energy]100.57
2020-02-08_13:44:48.130[Status]Routing 32: Walk: 14
2020-02-08_13:44:48.236[Battery Energy]100.41
2020-02-08_13:44:48.543[Status]Routing 33: Walk: 14
2020-02-08_13:44:48.643[Battery Energy]100.22
2020-02-08_13:44:48.962[Status]Routing 34: Walk: 14
2020-02-08_13:44:49.064[Battery Energy]100.04
2020-02-08_13:44:49.383[Status]Routing 35: Walk: 14
2020-02-08_13:44:49.483[Battery Energy]99.81
2020-02-08_13:44:49.813[Status]Routing 36: Walk: 14
2020-02-08_13:44:49.913[Battery Energy]99.58
2020-02-08_13:44:50.275[Status]Routing 37: Walk: 14
2020-02-08_13:44:50.386[Battery Energy]99.32
2020-02-08_13:44:50.558[Status]Routing 38: Walk: 14
2020-02-08_13:44:50.658[Battery Energy]99.20
2020-02-08_13:44:50.919[Status]Routing 39: Walk: 14
2020-02-08_13:44:51.020[Battery Energy]99.03
2020-02-08_13:44:51.350[Status]Routing 40: Walk: 14
2020-02-08_13:44:51.450[Battery Energy]98.82
2020-02-08_13:44:51.774[Status]Routing 41: Walk: 14
2020-02-08_13:44:51.882[Battery Energy]98.59
2020-02-08_13:44:52.172[Status]Routing 42: Walk: 14
2020-02-08_13:44:52.276[Battery Energy]98.38
2020-02-08_13:44:52.575[Status]Routing 43: Walk: 14
2020-02-08_13:44:52.676[Battery Energy]98.16
2020-02-08_13:44:52.818[Status]Routing 44: Walk: 14
2020-02-08_13:44:52.926[Battery Energy]98.06
2020-02-08_13:44:53.286[Status]Routing 45: Walk: 14
2020-02-08_13:44:53.386[Battery Energy]97.87
2020-02-08_13:44:53.710[Status]Routing 46: Walk: 14
2020-02-08_13:44:53.818[Battery Energy]97.68
2020-02-08_13:44:53.971[Status]Routing 47: Walk: 14
2020-02-08_13:44:54.076[Battery Energy]97.56
2020-02-08_13:44:54.235[Status]Routing 48: Walk: 14
2020-02-08_13:44:54.336[Battery Energy]97.46
2020-02-08_13:44:54.505[Status]Routing 49: Walk: 14
2020-02-08_13:44:54.605[Battery Energy]97.34
2020-02-08_13:44:54.763[Status]Routing 50: Walk: 14
2020-02-08_13:44:54.864[Battery Energy]97.23
2020-02-08_13:44:55.023[Status]Routing 51: Walk: 14
2020-02-08_13:44:55.125[Battery Energy]97.12
2020-02-08_13:44:55.432[Status]Routing 52: Walk: 14
2020-02-08_13:44:55.532[Battery Energy]96.91
2020-02-08_13:44:55.835[Status]Routing 53: Walk: 14
2020-02-08_13:44:55.937[Battery Energy]96.69
2020-02-08_13:44:56.082[Status]Routing 54: Walk: 14
2020-02-08_13:44:56.186[Battery Energy]96.58
2020-02-08_13:44:56.347[Status]Routing 55: Walk: 14
2020-02-08_13:44:56.447[Battery Energy]96.46
2020-02-08_13:44:56.641[Status]Routing 56: Walk: 14
2020-02-08_13:44:56.741[Battery Energy]96.34
2020-02-08_13:44:56.944[Status]Routing 57: Walk: 14
2020-02-08_13:44:57.062[Battery Energy]96.23
2020-02-08_13:44:57.201[Status]Routing 58: Walk: 14
2020-02-08_13:44:57.302[Battery Energy]96.13
2020-02-08_13:44:57.444[Status]Routing 59: Walk: 14
2020-02-08_13:44:57.551[Battery Energy]96.03
2020-02-08_13:44:57.695[Status]Routing 60: Walk: 14
2020-02-08_13:44:57.796[Battery Energy]95.93
2020-02-08_13:44:57.966[Status]Routing 61: Walk: 14
2020-02-08_13:44:58.067[Battery Energy]95.81
2020-02-08_13:44:58.255[Status]Routing 62: Walk: 14
2020-02-08_13:44:58.356[Battery Energy]95.66
2020-02-08_13:44:58.521[Status]Routing 63: Walk: 14
2020-02-08_13:44:58.626[Battery Energy]95.53
2020-02-08_13:44:58.769[Status]Routing 64: Walk: 14
2020-02-08_13:44:58.882[Battery Energy]95.42
2020-02-08_13:44:59.092[Status]Routing 65: Walk: 14
2020-02-08_13:44:59.194[Battery Energy]95.25
2020-02-08_13:44:59.334[Status]Routing 66: Walk: 14
2020-02-08_13:44:59.436[Battery Energy]95.16
2020-02-08_13:44:59.620[Status]Routing 67: Walk: 14
2020-02-08_13:44:59.726[Battery Energy]95.02
2020-02-08_13:44:59.864[Status]Routing 68: Walk: 14
2020-02-08_13:44:59.964[Battery Energy]94.91
2020-02-08_13:45:00.155[Status]Routing 69: Walk: 14
2020-02-08_13:45:00.255[Battery Energy]94.76
2020-02-08_13:45:00.391[Status]Routing 70: Walk: 14
2020-02-08_13:45:00.498[Battery Energy]94.67
2020-02-08_13:45:00.667[Status]Routing 71: Walk: 14
2020-02-08_13:45:00.770[Battery Energy]94.56
2020-02-08_13:45:00.925[Status]Routing 72: Walk: 14
2020-02-08_13:45:01.030[Battery Energy]94.43
2020-02-08_13:45:01.165[Status]Routing 73: Walk: 14
2020-02-08_13:45:01.266[Battery Energy]94.30
2020-02-08_13:45:01.462[Status]Routing 74: Walk: 14
2020-02-08_13:45:01.578[Battery Energy]94.18
2020-02-08_13:45:01.717[Status]Routing 75: Walk: 14
2020-02-08_13:45:01.819[Battery Energy]94.08
2020-02-08_13:45:01.976[Status]Routing 76: Walk: 14
2020-02-08_13:45:02.076[Battery Energy]94.00
2020-02-08_13:45:02.275[Status]Routing 77: Walk: 14
2020-02-08_13:45:02.392[Battery Energy]93.84
2020-02-08_13:45:02.551[Status]Routing 78: Walk: 14
2020-02-08_13:45:02.653[Battery Energy]93.74
2020-02-08_13:45:02.795[Status]Routing 79: Walk: 14
2020-02-08_13:45:02.895[Battery Energy]93.64
2020-02-08_13:45:03.085[Status]Routing 80: Walk: 14
2020-02-08_13:45:03.198[Battery Energy]93.52
2020-02-08_13:45:03.327[Status]Routing 81: Walk: 14
2020-02-08_13:45:03.431[Battery Energy]93.40
2020-02-08_13:45:03.572[Status]Routing 82: Walk: 14
2020-02-08_13:45:03.686[Battery Energy]93.32
2020-02-08_13:45:03.848[Status]Routing 83: Walk: 14
2020-02-08_13:45:03.957[Battery Energy]93.19
2020-02-08_13:45:04.107[Status]Routing 84: Walk: 14
2020-02-08_13:45:04.208[Battery Energy]93.07
2020-02-08_13:45:04.370[Status]Routing 85: Walk: 14
2020-02-08_13:45:04.472[Battery Energy]92.95
2020-02-08_13:45:04.753[Status]Routing 86: Walk: 14
2020-02-08_13:45:04.853[Battery Energy]92.76
2020-02-08_13:45:05.041[Status]Routing 87: Walk: 14
2020-02-08_13:45:05.144[Battery Energy]92.64
2020-02-08_13:45:05.308[Status]Routing 88: Walk: 14
2020-02-08_13:45:05.422[Battery Energy]92.52
2020-02-08_13:45:05.591[Status]Routing 89: Walk: 14
2020-02-08_13:45:05.702[Battery Energy]92.38
2020-02-08_13:45:05.926[Status]Routing 90: Walk: 14
2020-02-08_13:45:06.038[Battery Energy]92.21
2020-02-08_13:45:06.183[Status]Routing 91: Walk: 14
2020-02-08_13:45:06.294[Battery Energy]92.11
2020-02-08_13:45:06.428[Status]Routing 92: Walk: 14
2020-02-08_13:45:06.529[Battery Energy]92.03
2020-02-08_13:45:06.675[Status]Routing 93: Walk: 14
2020-02-08_13:45:06.776[Battery Energy]91.92
2020-02-08_13:45:06.912[Status]Routing 94: Walk: 14
2020-02-08_13:45:07.012[Battery Energy]91.80
2020-02-08_13:45:07.213[Status]Routing 95: Walk: 14
2020-02-08_13:45:07.322[Battery Energy]91.68
2020-02-08_13:45:07.450[Status]Routing 96: Walk: 14
2020-02-08_13:45:07.562[Battery Energy]91.58
2020-02-08_13:45:07.699[Status]Routing 97: Walk: 14
2020-02-08_13:45:07.810[Battery Energy]91.46
2020-02-08_13:45:07.937[Status]Routing 98: Walk: 14
2020-02-08_13:45:08.037[Battery Energy]91.36
2020-02-08_13:45:08.336[Status]Routing 99: Walk: 14
2020-02-08_13:45:08.442[Battery Energy]91.19
2020-02-08_13:45:08.742[Status]Routing 100: Walk: 14
2020-02-08_13:45:08.843[Battery Energy]90.98
2020-02-08_13:45:09.175[Status]Routing 101: Walk: 14
2020-02-08_13:45:09.286[Battery Energy]90.77
2020-02-08_13:45:09.658[Status]Routing 102: Walk: 14
2020-02-08_13:45:09.770[Battery Energy]90.49
2020-02-08_13:45:09.902[Status]Routing 103: Walk: 14
2020-02-08_13:45:10.002[Battery Energy]90.38
2020-02-08_13:45:10.304[Status]Routing 104: Walk: 14
2020-02-08_13:45:10.426[Battery Energy]90.21
2020-02-08_13:45:10.562[Status]Routing 105: Walk: 14
2020-02-08_13:45:10.670[Battery Energy]90.09
2020-02-08_13:45:10.820[Status]Routing 106: Walk: 14
2020-02-08_13:45:10.921[Battery Energy]89.98
2020-02-08_13:45:11.196[Status]Routing 107: Walk: 14
2020-02-08_13:45:11.306[Battery Energy]89.84
2020-02-08_13:45:11.629[Status]Routing 108: Walk: 14
2020-02-08_13:45:11.738[Battery Energy]89.62
2020-02-08_13:45:11.891[Status]Routing 109: Walk: 14
2020-02-08_13:45:11.991[Battery Energy]89.52
2020-02-08_13:45:12.301[Status]Routing 110: Walk: 14
2020-02-08_13:45:12.404[Battery Energy]89.32
2020-02-08_13:45:12.553[Status]Routing 111: Walk: 14
2020-02-08_13:45:12.653[Battery Energy]89.20
2020-02-08_13:45:12.964[Status]Routing 112: Walk: 14
2020-02-08_13:45:13.064[Battery Energy]88.99
2020-02-08_13:45:13.308[Status]Routing 113: Walk: 14
2020-02-08_13:45:13.422[Battery Energy]88.81
2020-02-08_13:45:13.642[Status]Routing 114: Walk: 14
2020-02-08_13:45:13.746[Battery Energy]88.63
2020-02-08_13:45:14.041[Status]Routing 115: Walk: 14
2020-02-08_13:45:14.154[Battery Energy]88.41
2020-02-08_13:45:14.395[Status]Routing 116: Walk: 14
2020-02-08_13:45:14.506[Battery Energy]88.27
2020-02-08_13:45:14.655[Status]Routing 117: Walk: 14
2020-02-08_13:45:14.756[Battery Energy]88.16
2020-02-08_13:45:14.921[Status]Routing 118: Walk: 14
2020-02-08_13:45:15.036[Battery Energy]88.06
2020-02-08_13:45:15.403[Status]Routing 119: Walk: 14
2020-02-08_13:45:15.506[Battery Energy]87.83
2020-02-08_13:45:15.821[Status]Routing 120: Walk: 14
2020-02-08_13:45:15.926[Battery Energy]87.66
2020-02-08_13:45:16.073[Status]Routing 121: Walk: 14
2020-02-08_13:45:16.182[Battery Energy]87.52
2020-02-08_13:45:16.482[Status]Routing 122: Walk: 14
2020-02-08_13:45:16.582[Battery Energy]87.35
2020-02-08_13:45:16.743[Status]Routing 123: Walk: 14
2020-02-08_13:45:16.850[Battery Energy]87.23
2020-02-08_13:45:17.088[Status]Routing 124: Walk: 14
2020-02-08_13:45:17.188[Battery Energy]87.07
2020-02-08_13:45:17.344[Status]Routing 125: Walk: 14
2020-02-08_13:45:17.454[Battery Energy]86.96
2020-02-08_13:45:17.671[Status]Routing 126: Walk: 14
2020-02-08_13:45:17.788[Battery Energy]86.80
2020-02-08_13:45:18.056[Status]Routing 127: Walk: 14
2020-02-08_13:45:18.156[Battery Energy]86.63
2020-02-08_13:45:18.334[Status]Routing 128: Walk: 14
2020-02-08_13:45:18.446[Battery Energy]86.49
2020-02-08_13:45:18.608[Status]Routing 129: Walk: 14
2020-02-08_13:45:18.709[Battery Energy]86.38
2020-02-08_13:45:18.896[Status]Routing 130: Walk: 14
2020-02-08_13:45:18.998[Battery Energy]86.25
2020-02-08_13:45:19.151[Status]Routing 131: Walk: 14
2020-02-08_13:45:19.262[Battery Energy]86.14
2020-02-08_13:45:19.502[Status]Routing 132: Walk: 14
2020-02-08_13:45:19.610[Battery Energy]85.99
2020-02-08_13:45:19.771[Status]Routing 133: Walk: 14
2020-02-08_13:45:19.871[Battery Energy]85.88
2020-02-08_13:45:20.011[Status]Routing 134: Walk: 14
2020-02-08_13:45:20.122[Battery Energy]85.78
2020-02-08_13:45:20.275[Status]Routing 135: Walk: 14
2020-02-08_13:45:20.386[Battery Energy]85.66
2020-02-08_13:45:20.632[Status]Routing 136: Walk: 14
2020-02-08_13:45:20.750[Battery Energy]85.51
2020-02-08_13:45:20.903[Status]Routing 137: Walk: 14
2020-02-08_13:45:21.003[Battery Energy]85.41
2020-02-08_13:45:21.165[Status]Routing 138: Walk: 14
2020-02-08_13:45:21.265[Battery Energy]85.28
2020-02-08_13:45:21.440[Status]Routing 139: Walk: 14
2020-02-08_13:45:21.546[Battery Energy]85.17
2020-02-08_13:45:21.680[Status]Routing 140: Walk: 14
2020-02-08_13:45:21.786[Battery Energy]85.05
2020-02-08_13:45:21.933[Status]Routing 141: Walk: 14
2020-02-08_13:45:22.033[Battery Energy]84.93
2020-02-08_13:45:22.198[Status]Routing 142: Walk: 14
2020-02-08_13:45:22.305[Battery Energy]84.81
2020-02-08_13:45:22.432[Status]Routing 143: Walk: 14
2020-02-08_13:45:22.542[Battery Energy]84.72
2020-02-08_13:45:22.692[Status]Routing 144: Walk: 14
2020-02-08_13:45:22.798[Battery Energy]84.60
2020-02-08_13:45:22.960[Status]Routing 145: Walk: 14
2020-02-08_13:45:23.060[Battery Energy]84.48
2020-02-08_13:45:23.214[Status]Routing 146: Walk: 14
2020-02-08_13:45:23.334[Battery Energy]84.35
2020-02-08_13:45:23.482[Status]Routing 147: Walk: 14
2020-02-08_13:45:23.594[Battery Energy]84.25
2020-02-08_13:45:23.726[Status]Routing 148: Walk: 14
2020-02-08_13:45:23.829[Battery Energy]84.14
2020-02-08_13:45:24.010[Status]Routing 149: Walk: 14
2020-02-08_13:45:24.111[Battery Energy]84.00
2020-02-08_13:45:24.265[Status]Routing 150: Walk: 14
2020-02-08_13:45:24.374[Battery Energy]83.87
2020-02-08_13:45:24.510[Status]Routing 151: Walk: 14
2020-02-08_13:45:24.626[Battery Energy]83.76
2020-02-08_13:45:24.768[Status]Routing 152: Walk: 14
2020-02-08_13:45:24.873[Battery Energy]83.64
2020-02-08_13:45:25.003[Status]Routing 153: Walk: 14
2020-02-08_13:45:25.107[Battery Energy]83.53
2020-02-08_13:45:25.270[Status]Routing 154: Walk: 14
2020-02-08_13:45:25.390[Battery Energy]83.41
2020-02-08_13:45:25.525[Status]Routing 155: Walk: 14
2020-02-08_13:45:25.626[Battery Energy]83.29
2020-02-08_13:45:25.819[Status]Routing 156: Walk: 14
2020-02-08_13:45:25.923[Battery Energy]83.16
2020-02-08_13:45:26.080[Status]Routing 157: Walk: 14
2020-02-08_13:45:26.186[Battery Energy]83.06
2020-02-08_13:45:26.327[Status]Routing 158: Walk: 14
2020-02-08_13:45:26.434[Battery Energy]82.95
2020-02-08_13:45:26.604[Status]Routing 159: Walk: 14
2020-02-08_13:45:26.708[Battery Energy]82.85
2020-02-08_13:45:26.885[Status]Routing 160: Walk: 14
2020-02-08_13:45:26.985[Battery Energy]82.76
2020-02-08_13:45:27.141[Status]Routing 161: Walk: 14
2020-02-08_13:45:27.242[Battery Energy]82.65
