2020-01-30_22:09:24.459[Status]Start.
2020-01-30_22:09:24.462[Battery Energy]91.00
2020-01-30_22:09:25.563[Battery Energy]90.96
2020-01-30_22:09:26.664[Battery Energy]90.92
2020-01-30_22:09:27.765[Battery Energy]90.88
2020-01-30_22:09:28.868[Battery Energy]90.84
2020-01-30_22:09:29.969[Task]A New Task Released.
2020-01-30_22:09:29.969[Battery Energy]90.80
2020-01-30_22:09:29.969[Status]Selection Start.
2020-01-30_22:09:32.066[Status]Selection End: Do Task 2.
2020-01-30_22:09:32.192[Battery Energy]89.26
2020-01-30_22:09:32.192[Status]Formation Start.
2020-01-30_22:09:32.324[Status]number of tasks is 6
2020-01-30_22:09:32.325[Status]my group tasks is [ 1005.   175.]
2020-01-30_22:09:32.335[Status]my group tasks is [ 1040.           114.37822174]
2020-01-30_22:09:32.343[Status]my group tasks is [ 1110.           114.37822174]
2020-01-30_22:09:32.347[Status]my group tasks is [ 1145.   175.]
2020-01-30_22:09:32.347[Status]my group tasks is [ 1110.           235.62177826]
2020-01-30_22:09:32.348[Status]my group tasks is [ 1040.           235.62177826]
2020-01-30_22:09:32.434[Status]mygroup_robots_utility is {18: [16.59191050324506, 16.312917033162773, 35.1568685300114, 17.4213265052023, 31.158007061029764, 15.45402160644371], 19: [32.39266951198299, 16.303229184363644, 34.52323903619288, 17.321823068743257, 15.296340530050085, 15.34422157139463], 20: [17.577977767895163, 18.850663231269667, 33.99275725518828, 17.563718137374206, 39.10084565504815, 37.66855356365347], 10: [19.12750809351616, 35.05505195699586, 18.335501392403756, 35.76319072572666, 20.095639406375415, 19.648492157460552], 12: [32.80807862061035, 16.40248458601897, 14.531713965559492, 15.41612457081733, 14.530471759099125, 15.413356859243235], 14: [16.830603548569513, 17.33598566549465, 18.583467809129463, 19.354592967102963, 37.45601481152655, 17.46188171035417]}
2020-01-30_22:09:32.436[Status]self.local_queue is [10, 12, 18, 20, 14, 19]
2020-01-30_22:09:32.437[Status]task_chosen index is 3
2020-01-30_22:09:32.437[Status]task_chosen index is 0
2020-01-30_22:09:32.437[Status]task_chosen index is 2
2020-01-30_22:09:32.437[Status]task_chosen index is 4
2020-01-30_22:09:32.438[Status]task_chosen index is 5
2020-01-30_22:09:32.438[Status]task_chosen index is 1
2020-01-30_22:09:32.438[Status]myindex_in_queue is 1
2020-01-30_22:09:32.438[Status]task destination is [1110.0, 235.6217782649107]
2020-01-30_22:09:32.538[Battery Energy]89.10
2020-01-30_22:09:32.538[Status]Routing Start.
2020-01-30_22:09:32.694[Status]{'coordinate': [139.73592497219377, 776.1334185632827], 'id': 19}
2020-01-30_22:09:32.694[Status]Routing 1: Walk: 1
2020-01-30_22:09:32.802[Battery Energy]88.87
2020-01-30_22:09:32.802[Status]Routing Start.
2020-01-30_22:09:32.951[Status]{'coordinate': [148.47184994438754, 771.2668371265654], 'id': 19}
2020-01-30_22:09:32.951[Status]Routing 2: Walk: 2
2020-01-30_22:09:33.051[Battery Energy]88.65
2020-01-30_22:09:33.051[Status]Routing Start.
2020-01-30_22:09:33.193[Status]{'coordinate': [157.20777491658131, 766.4002556898481], 'id': 19}
2020-01-30_22:09:33.193[Status]Routing 3: Walk: 3
2020-01-30_22:09:33.302[Battery Energy]88.45
2020-01-30_22:09:33.302[Status]Routing Start.
2020-01-30_22:09:33.436[Status]{'coordinate': [165.9436998887751, 761.5336742531308], 'id': 19}
2020-01-30_22:09:33.436[Status]Routing 4: Walk: 4
2020-01-30_22:09:33.536[Battery Energy]88.25
2020-01-30_22:09:33.536[Status]Routing Start.
2020-01-30_22:09:33.682[Status]{'coordinate': [174.67962486096886, 756.6670928164135], 'id': 19}
2020-01-30_22:09:33.682[Status]Routing 5: Walk: 5
2020-01-30_22:09:33.783[Battery Energy]88.06
2020-01-30_22:09:33.783[Status]Routing Start.
2020-01-30_22:09:33.921[Status]{'coordinate': [183.41554983316263, 751.8005113796962], 'id': 19}
2020-01-30_22:09:33.921[Status]Routing 6: Walk: 6
2020-01-30_22:09:34.025[Battery Energy]87.86
2020-01-30_22:09:34.025[Status]Routing Start.
2020-01-30_22:09:34.327[Status]{'coordinate': [192.1514748053564, 746.9339299429789], 'id': 19}
2020-01-30_22:09:34.327[Status]Routing 7: Walk: 7
2020-01-30_22:09:34.427[Battery Energy]87.52
2020-01-30_22:09:34.427[Status]Routing Start.
2020-01-30_22:09:34.767[Status]{'coordinate': [200.88739977755017, 742.0673485062616], 'id': 19}
2020-01-30_22:09:34.772[Status]Routing 8: Walk: 8
2020-01-30_22:09:34.872[Battery Energy]87.21
2020-01-30_22:09:34.872[Status]Routing Start.
2020-01-30_22:09:35.164[Status]{'coordinate': [209.62332474974394, 737.2007670695443], 'id': 19}
2020-01-30_22:09:35.164[Status]Routing 9: Walk: 9
2020-01-30_22:09:35.274[Battery Energy]86.94
2020-01-30_22:09:35.274[Status]Routing Start.
2020-01-30_22:09:35.610[Status]{'coordinate': [218.35924972193772, 732.334185632827], 'id': 19}
2020-01-30_22:09:35.611[Status]Routing 10: Walk: 10
2020-01-30_22:09:35.718[Battery Energy]86.63
2020-01-30_22:09:35.718[Status]Routing Start.
2020-01-30_22:09:36.031[Status]{'coordinate': [227.0951746941315, 727.4676041961097], 'id': 19}
2020-01-30_22:09:36.032[Status]Routing 11: Walk: 11
2020-01-30_22:09:36.132[Battery Energy]86.34
2020-01-30_22:09:36.132[Status]Routing Start.
2020-01-30_22:09:36.454[Status]{'coordinate': [235.83109966632526, 722.6010227593924], 'id': 19}
2020-01-30_22:09:36.454[Status]Routing 12: Walk: 12
2020-01-30_22:09:36.555[Battery Energy]86.02
2020-01-30_22:09:36.555[Status]Routing Start.
2020-01-30_22:09:36.892[Status]{'coordinate': [244.56702463851903, 717.7344413226751], 'id': 19}
2020-01-30_22:09:36.892[Status]Routing 13: Walk: 13
2020-01-30_22:09:36.998[Battery Energy]85.72
2020-01-30_22:09:36.998[Status]Routing Start.
2020-01-30_22:09:37.348[Status]{'coordinate': [253.3029496107128, 712.8678598859578], 'id': 19}
2020-01-30_22:09:37.350[Status]Routing 14: Walk: 14
2020-01-30_22:09:37.454[Battery Energy]85.40
2020-01-30_22:09:37.454[Status]Routing Start.
2020-01-30_22:09:37.758[Status]{'coordinate': [262.0388745829066, 708.0012784492405], 'id': 19}
2020-01-30_22:09:37.758[Status]Routing 15: Walk: 15
2020-01-30_22:09:37.859[Battery Energy]85.08
2020-01-30_22:09:37.859[Status]Routing Start.
2020-01-30_22:09:38.184[Status]{'coordinate': [270.7747995551004, 703.1346970125232], 'id': 19}
2020-01-30_22:09:38.185[Status]Routing 16: Walk: 16
2020-01-30_22:09:38.289[Battery Energy]84.77
2020-01-30_22:09:38.289[Status]Routing Start.
2020-01-30_22:09:38.578[Status]{'coordinate': [279.5107245272942, 698.268115575806], 'id': 19}
2020-01-30_22:09:38.578[Status]Routing 17: Walk: 17
2020-01-30_22:09:38.678[Battery Energy]84.46
2020-01-30_22:09:38.679[Status]Routing Start.
2020-01-30_22:09:38.991[Status]{'coordinate': [288.246649499488, 693.4015341390887], 'id': 19}
2020-01-30_22:09:38.991[Status]Routing 18: Walk: 18
2020-01-30_22:09:39.094[Battery Energy]84.13
2020-01-30_22:09:39.094[Status]Routing Start.
2020-01-30_22:09:39.403[Status]{'coordinate': [296.9825744716818, 688.5349527023714], 'id': 19}
2020-01-30_22:09:39.403[Status]Routing 19: Walk: 19
2020-01-30_22:09:39.514[Battery Energy]83.82
2020-01-30_22:09:39.514[Status]Routing Start.
2020-01-30_22:09:39.845[Status]{'coordinate': [305.7184994438756, 683.6683712656541], 'id': 19}
2020-01-30_22:09:39.845[Status]Routing 20: Walk: 20
2020-01-30_22:09:39.948[Battery Energy]83.51
2020-01-30_22:09:39.948[Status]Routing Start.
2020-01-30_22:09:40.292[Status]{'coordinate': [314.4544244160694, 678.8017898289368], 'id': 19}
2020-01-30_22:09:40.292[Status]Routing 21: Walk: 21
2020-01-30_22:09:40.393[Battery Energy]83.24
2020-01-30_22:09:40.393[Status]Routing Start.
2020-01-30_22:09:40.724[Status]{'coordinate': [323.1903493882632, 673.9352083922195], 'id': 19}
2020-01-30_22:09:40.724[Status]Routing 22: Walk: 22
2020-01-30_22:09:40.841[Battery Energy]82.91
2020-01-30_22:09:40.841[Status]Routing Start.
2020-01-30_22:09:41.266[Status]{'coordinate': [331.926274360457, 669.0686269555022], 'id': 19}
2020-01-30_22:09:41.266[Status]Routing 23: Walk: 23
2020-01-30_22:09:41.366[Battery Energy]82.53
2020-01-30_22:09:41.366[Status]Routing Start.
2020-01-30_22:09:41.721[Status]{'coordinate': [340.6621993326508, 664.2020455187849], 'id': 19}
2020-01-30_22:09:41.735[Status]Routing 24: Walk: 24
2020-01-30_22:09:41.842[Battery Energy]82.20
2020-01-30_22:09:41.842[Status]Routing Start.
2020-01-30_22:09:42.192[Status]{'coordinate': [349.3981243048446, 659.3354640820676], 'id': 19}
2020-01-30_22:09:42.192[Status]Routing 25: Walk: 25
2020-01-30_22:09:42.292[Battery Energy]81.89
2020-01-30_22:09:42.292[Status]Routing Start.
2020-01-30_22:09:42.586[Status]{'coordinate': [358.1340492770384, 654.4688826453503], 'id': 19}
2020-01-30_22:09:42.587[Status]Routing 26: Walk: 26
2020-01-30_22:09:42.688[Battery Energy]81.61
2020-01-30_22:09:42.688[Status]Routing Start.
2020-01-30_22:09:43.018[Status]{'coordinate': [366.8699742492322, 649.602301208633], 'id': 19}
2020-01-30_22:09:43.018[Status]Routing 27: Walk: 27
2020-01-30_22:09:43.126[Battery Energy]81.30
2020-01-30_22:09:43.126[Status]Routing Start.
2020-01-30_22:09:43.418[Status]{'coordinate': [375.605899221426, 644.7357197719157], 'id': 19}
2020-01-30_22:09:43.418[Status]Routing 28: Walk: 28
2020-01-30_22:09:43.530[Battery Energy]80.97
2020-01-30_22:09:43.530[Status]Routing Start.
2020-01-30_22:09:43.816[Status]{'coordinate': [384.3418241936198, 639.8691383351984], 'id': 19}
2020-01-30_22:09:43.821[Status]Routing 29: Walk: 29
2020-01-30_22:09:43.934[Battery Energy]80.67
2020-01-30_22:09:43.934[Status]Routing Start.
2020-01-30_22:09:44.233[Status]{'coordinate': [393.0777491658136, 635.0025568984811], 'id': 19}
2020-01-30_22:09:44.234[Status]Routing 30: Walk: 30
2020-01-30_22:09:44.342[Battery Energy]80.39
2020-01-30_22:09:44.342[Status]Routing Start.
2020-01-30_22:09:44.680[Status]{'coordinate': [401.8136741380074, 630.1359754617638], 'id': 19}
2020-01-30_22:09:44.681[Status]Routing 31: Walk: 31
2020-01-30_22:09:44.802[Battery Energy]80.02
2020-01-30_22:09:44.802[Status]Routing Start.
2020-01-30_22:09:44.953[Status]{'coordinate': [410.5495991102012, 625.2693940250465], 'id': 19}
2020-01-30_22:09:44.953[Status]Routing 32: Walk: 32
2020-01-30_22:09:45.053[Battery Energy]79.79
2020-01-30_22:09:45.053[Status]Routing Start.
2020-01-30_22:09:45.278[Status]{'coordinate': [419.285524082395, 620.4028125883292], 'id': 19}
2020-01-30_22:09:45.278[Status]Routing 33: Walk: 33
2020-01-30_22:09:45.386[Battery Energy]79.54
2020-01-30_22:09:45.386[Status]Routing Start.
2020-01-30_22:09:45.709[Status]{'coordinate': [428.0214490545888, 615.5362311516119], 'id': 19}
2020-01-30_22:09:45.709[Status]Routing 34: Walk: 34
2020-01-30_22:09:45.814[Battery Energy]79.21
2020-01-30_22:09:45.814[Status]Routing Start.
2020-01-30_22:09:46.116[Status]{'coordinate': [436.7573740267826, 610.6696497148946], 'id': 19}
2020-01-30_22:09:46.117[Status]Routing 35: Walk: 35
2020-01-30_22:09:46.234[Battery Energy]78.92
2020-01-30_22:09:46.234[Status]Routing Start.
2020-01-30_22:09:46.512[Status]{'coordinate': [445.4932989989764, 605.8030682781773], 'id': 19}
2020-01-30_22:09:46.512[Status]Routing 36: Walk: 36
2020-01-30_22:09:46.618[Battery Energy]78.60
2020-01-30_22:09:46.618[Status]Routing Start.
2020-01-30_22:09:46.907[Status]{'coordinate': [454.2292239711702, 600.93648684146], 'id': 19}
2020-01-30_22:09:46.907[Status]Routing 37: Walk: 37
2020-01-30_22:09:47.014[Battery Energy]78.27
2020-01-30_22:09:47.014[Status]Routing Start.
2020-01-30_22:09:47.349[Status]{'coordinate': [462.965148943364, 596.0699054047427], 'id': 19}
2020-01-30_22:09:47.349[Status]Routing 38: Walk: 38
2020-01-30_22:09:47.462[Battery Energy]77.95
2020-01-30_22:09:47.462[Status]Routing Start.
2020-01-30_22:09:47.781[Status]{'coordinate': [471.7010739155578, 591.2033239680254], 'id': 19}
2020-01-30_22:09:47.784[Status]Routing 39: Walk: 39
2020-01-30_22:09:47.893[Battery Energy]77.61
2020-01-30_22:09:47.893[Status]Routing Start.
2020-01-30_22:09:48.158[Status]{'coordinate': [480.4369988877516, 586.3367425313081], 'id': 19}
2020-01-30_22:09:48.158[Status]Routing 40: Walk: 40
2020-01-30_22:09:48.270[Battery Energy]77.34
2020-01-30_22:09:48.270[Status]Routing Start.
2020-01-30_22:09:48.559[Status]{'coordinate': [489.1729238599454, 581.4701610945908], 'id': 19}
2020-01-30_22:09:48.559[Status]Routing 41: Walk: 41
2020-01-30_22:09:48.670[Battery Energy]77.07
2020-01-30_22:09:48.670[Status]Routing Start.
2020-01-30_22:09:48.991[Status]{'coordinate': [497.9088488321392, 576.6035796578735], 'id': 19}
2020-01-30_22:09:48.991[Status]Routing 42: Walk: 42
2020-01-30_22:09:49.091[Battery Energy]76.76
2020-01-30_22:09:49.091[Status]Routing Start.
2020-01-30_22:09:49.315[Status]{'coordinate': [506.644773804333, 571.7369982211562], 'id': 19}
2020-01-30_22:09:49.315[Status]Routing 43: Walk: 43
2020-01-30_22:09:49.415[Battery Energy]76.51
2020-01-30_22:09:49.415[Status]Routing Start.
2020-01-30_22:09:49.565[Status]{'coordinate': [515.3806987765267, 566.8704167844389], 'id': 19}
2020-01-30_22:09:49.565[Status]Routing 44: Walk: 44
2020-01-30_22:09:49.665[Battery Energy]76.31
2020-01-30_22:09:49.665[Status]Routing Start.
2020-01-30_22:09:49.977[Status]{'coordinate': [524.1166237487205, 562.0038353477216], 'id': 19}
2020-01-30_22:09:49.977[Status]Routing 45: Walk: 45
2020-01-30_22:09:50.077[Battery Energy]76.00
2020-01-30_22:09:50.077[Status]Routing Start.
2020-01-30_22:09:50.458[Status]{'coordinate': [532.8525487209142, 557.1372539110043], 'id': 19}
2020-01-30_22:09:50.458[Status]Routing 46: Walk: 46
2020-01-30_22:09:50.566[Battery Energy]75.68
2020-01-30_22:09:50.566[Status]Routing Start.
2020-01-30_22:09:50.700[Status]{'coordinate': [541.588473693108, 552.270672474287], 'id': 19}
2020-01-30_22:09:50.701[Status]Routing 47: Walk: 47
2020-01-30_22:09:50.801[Battery Energy]75.48
2020-01-30_22:09:50.801[Status]Routing Start.
2020-01-30_22:09:51.148[Status]{'coordinate': [550.3243986653017, 547.4040910375697], 'id': 19}
2020-01-30_22:09:51.148[Status]Routing 48: Walk: 48
2020-01-30_22:09:51.251[Battery Energy]75.11
2020-01-30_22:09:51.251[Status]Routing Start.
2020-01-30_22:09:51.581[Status]{'coordinate': [559.0603236374955, 542.5375096008524], 'id': 19}
2020-01-30_22:09:51.581[Status]Routing 49: Walk: 49
2020-01-30_22:09:51.682[Battery Energy]74.78
2020-01-30_22:09:51.682[Status]Routing Start.
2020-01-30_22:09:52.208[Status]Routing 50: Walk: 49
2020-01-30_22:09:52.308[Battery Energy]74.38
2020-01-30_22:09:52.308[Status]Routing Start.
2020-01-30_22:09:52.604[Status]Routing 51: Walk: 49
2020-01-30_22:09:52.704[Battery Energy]74.11
2020-01-30_22:09:52.704[Status]Routing Start.
2020-01-30_22:09:52.894[Status]{'coordinate': [567.7962486096892, 537.6709281641351], 'id': 19}
2020-01-30_22:09:52.894[Status]Routing 52: Walk: 50
2020-01-30_22:09:52.994[Battery Energy]73.89
2020-01-30_22:09:52.994[Status]Routing Start.
2020-01-30_22:09:53.354[Status]{'coordinate': [576.532173581883, 532.8043467274179], 'id': 19}
2020-01-30_22:09:53.354[Status]Routing 53: Walk: 51
2020-01-30_22:09:53.454[Battery Energy]73.59
2020-01-30_22:09:53.454[Status]Routing Start.
2020-01-30_22:09:53.774[Status]{'coordinate': [585.2680985540767, 527.9377652907006], 'id': 19}
2020-01-30_22:09:53.774[Status]Routing 54: Walk: 52
2020-01-30_22:09:53.890[Battery Energy]73.25
2020-01-30_22:09:53.890[Status]Routing Start.
2020-01-30_22:09:54.206[Status]{'coordinate': [594.0040235262704, 523.0711838539833], 'id': 19}
2020-01-30_22:09:54.206[Status]Routing 55: Walk: 53
2020-01-30_22:09:54.306[Battery Energy]72.95
2020-01-30_22:09:54.306[Status]Routing Start.
2020-01-30_22:09:54.660[Status]{'coordinate': [602.7399484984642, 518.204602417266], 'id': 19}
2020-01-30_22:09:54.660[Status]Routing 56: Walk: 54
2020-01-30_22:09:54.760[Battery Energy]72.61
2020-01-30_22:09:54.760[Status]Routing Start.
2020-01-30_22:09:55.061[Status]{'coordinate': [611.4758734706579, 513.3380209805487], 'id': 19}
2020-01-30_22:09:55.061[Status]Routing 57: Walk: 55
2020-01-30_22:09:55.162[Battery Energy]72.32
2020-01-30_22:09:55.162[Status]Routing Start.
2020-01-30_22:09:55.453[Status]{'coordinate': [620.2117984428517, 508.4714395438314], 'id': 19}
2020-01-30_22:09:55.453[Status]Routing 58: Walk: 56
2020-01-30_22:09:55.553[Battery Energy]72.05
2020-01-30_22:09:55.554[Status]Routing Start.
2020-01-30_22:09:55.878[Status]{'coordinate': [628.9477234150454, 503.6048581071142], 'id': 19}
2020-01-30_22:09:55.878[Status]Routing 59: Walk: 57
2020-01-30_22:09:55.978[Battery Energy]71.72
2020-01-30_22:09:55.978[Status]Routing Start.
2020-01-30_22:09:56.112[Status]{'coordinate': [637.6836483872391, 498.73827667039694], 'id': 19}
2020-01-30_22:09:56.112[Status]Routing 60: Walk: 58
2020-01-30_22:09:56.212[Battery Energy]71.53
2020-01-30_22:09:56.212[Status]Routing Start.
2020-01-30_22:09:56.359[Status]{'coordinate': [646.4195733594329, 493.8716952336797], 'id': 19}
2020-01-30_22:09:56.359[Status]Routing 61: Walk: 59
2020-01-30_22:09:56.474[Battery Energy]71.34
2020-01-30_22:09:56.474[Status]Routing Start.
2020-01-30_22:09:56.611[Status]{'coordinate': [655.1554983316266, 489.00511379696246], 'id': 19}
2020-01-30_22:09:56.612[Status]Routing 62: Walk: 60
2020-01-30_22:09:56.726[Battery Energy]71.13
2020-01-30_22:09:56.726[Status]Routing Start.
2020-01-30_22:09:56.894[Status]{'coordinate': [663.8914233038204, 484.1385323602452], 'id': 19}
2020-01-30_22:09:56.894[Status]Routing 63: Walk: 61
2020-01-30_22:09:57.010[Battery Energy]70.91
2020-01-30_22:09:57.010[Status]Routing Start.
2020-01-30_22:09:57.283[Status]{'coordinate': [672.6273482760141, 479.271950923528], 'id': 19}
2020-01-30_22:09:57.283[Status]Routing 64: Walk: 62
2020-01-30_22:09:57.385[Battery Energy]70.64
2020-01-30_22:09:57.385[Status]Routing Start.
2020-01-30_22:09:57.528[Status]{'coordinate': [681.3632732482079, 474.40536948681074], 'id': 19}
2020-01-30_22:09:57.528[Status]Routing 65: Walk: 63
2020-01-30_22:09:57.646[Battery Energy]70.44
2020-01-30_22:09:57.646[Status]Routing Start.
2020-01-30_22:09:57.803[Status]{'coordinate': [690.0991982204016, 469.5387880500935], 'id': 19}
2020-01-30_22:09:57.804[Status]Routing 66: Walk: 64
2020-01-30_22:09:57.918[Battery Energy]70.22
2020-01-30_22:09:57.918[Status]Routing Start.
2020-01-30_22:09:58.070[Status]{'coordinate': [698.8351231925953, 464.67220661337626], 'id': 19}
2020-01-30_22:09:58.070[Status]Routing 67: Walk: 65
2020-01-30_22:09:58.182[Battery Energy]69.99
2020-01-30_22:09:58.182[Status]Routing Start.
2020-01-30_22:09:58.333[Status]{'coordinate': [707.5710481647891, 459.805625176659], 'id': 19}
2020-01-30_22:09:58.333[Status]Routing 68: Walk: 66
2020-01-30_22:09:58.433[Battery Energy]69.77
2020-01-30_22:09:58.434[Status]Routing Start.
2020-01-30_22:09:58.763[Status]Routing 69: Walk: 66
2020-01-30_22:09:58.863[Battery Energy]69.44
2020-01-30_22:09:58.864[Status]Routing Start.
2020-01-30_22:09:59.142[Status]Routing 70: Walk: 66
2020-01-30_22:09:59.243[Battery Energy]69.13
2020-01-30_22:09:59.243[Status]Routing Start.
2020-01-30_22:09:59.517[Status]Routing 71: Walk: 66
2020-01-30_22:09:59.617[Battery Energy]68.80
2020-01-30_22:09:59.617[Status]Routing Start.
2020-01-30_22:09:59.759[Status]{'coordinate': [716.3069731369828, 454.9390437399418], 'id': 19}
2020-01-30_22:09:59.759[Status]Routing 72: Walk: 67
2020-01-30_22:09:59.859[Battery Energy]68.57
2020-01-30_22:09:59.859[Status]Routing Start.
2020-01-30_22:10:00.217[Status]Routing 73: Walk: 67
2020-01-30_22:10:00.319[Battery Energy]68.24
2020-01-30_22:10:00.319[Status]Routing Start.
2020-01-30_22:10:00.441[Status]{'coordinate': [725.0428981091766, 450.07246230322454], 'id': 19}
2020-01-30_22:10:00.441[Status]Routing 74: Walk: 68
2020-01-30_22:10:00.541[Battery Energy]68.06
2020-01-30_22:10:00.541[Status]Routing Start.
2020-01-30_22:10:00.679[Status]{'coordinate': [733.7788230813703, 445.2058808665073], 'id': 19}
2020-01-30_22:10:00.679[Status]Routing 75: Walk: 69
2020-01-30_22:10:00.782[Battery Energy]67.84
2020-01-30_22:10:00.782[Status]Routing Start.
2020-01-30_22:10:00.918[Status]{'coordinate': [742.5147480535641, 440.33929942979006], 'id': 19}
2020-01-30_22:10:00.919[Status]Routing 76: Walk: 70
2020-01-30_22:10:01.026[Battery Energy]67.64
2020-01-30_22:10:01.026[Status]Routing Start.
2020-01-30_22:10:01.165[Status]{'coordinate': [751.2506730257578, 435.4727179930728], 'id': 19}
2020-01-30_22:10:01.173[Status]Routing 77: Walk: 71
2020-01-30_22:10:01.286[Battery Energy]67.45
2020-01-30_22:10:01.286[Status]Routing Start.
2020-01-30_22:10:01.640[Status]{'coordinate': [759.9865979979515, 430.6061365563556], 'id': 19}
2020-01-30_22:10:01.640[Status]Routing 78: Walk: 72
2020-01-30_22:10:01.750[Battery Energy]67.15
2020-01-30_22:10:01.750[Status]Routing Start.
2020-01-30_22:10:01.874[Status]{'coordinate': [768.7225229701453, 425.73955511963834], 'id': 19}
2020-01-30_22:10:01.874[Status]Routing 79: Walk: 73
2020-01-30_22:10:01.994[Battery Energy]66.95
2020-01-30_22:10:01.994[Status]Routing Start.
2020-01-30_22:10:02.117[Status]{'coordinate': [777.458447942339, 420.8729736829211], 'id': 19}
2020-01-30_22:10:02.117[Status]Routing 80: Walk: 74
2020-01-30_22:10:02.230[Battery Energy]66.75
2020-01-30_22:10:02.230[Status]Routing Start.
2020-01-30_22:10:02.519[Status]{'coordinate': [786.1943729145328, 416.00639224620386], 'id': 19}
2020-01-30_22:10:02.519[Status]Routing 81: Walk: 75
2020-01-30_22:10:02.620[Battery Energy]66.48
2020-01-30_22:10:02.620[Status]Routing Start.
2020-01-30_22:10:02.766[Status]{'coordinate': [794.9302978867265, 411.1398108094866], 'id': 19}
2020-01-30_22:10:02.769[Status]Routing 82: Walk: 76
2020-01-30_22:10:02.869[Battery Energy]66.30
2020-01-30_22:10:02.869[Status]Routing Start.
2020-01-30_22:10:03.170[Status]{'coordinate': [803.6662228589203, 406.2732293727694], 'id': 19}
2020-01-30_22:10:03.177[Status]Routing 83: Walk: 77
2020-01-30_22:10:03.280[Battery Energy]66.02
2020-01-30_22:10:03.280[Status]Routing Start.
2020-01-30_22:10:03.575[Status]{'coordinate': [812.402147831114, 401.40664793605214], 'id': 19}
2020-01-30_22:10:03.576[Status]Routing 84: Walk: 78
2020-01-30_22:10:03.676[Battery Energy]65.71
2020-01-30_22:10:03.676[Status]Routing Start.
2020-01-30_22:10:03.844[Status]{'coordinate': [821.1380728033079, 396.5400664993349], 'id': 19}
2020-01-30_22:10:03.845[Status]Routing 85: Walk: 79
2020-01-30_22:10:03.946[Battery Energy]65.48
2020-01-30_22:10:03.946[Status]Routing Start.
2020-01-30_22:10:04.092[Status]{'coordinate': [829.8739977755017, 391.67348506261766], 'id': 19}
2020-01-30_22:10:04.095[Status]Routing 86: Walk: 80
2020-01-30_22:10:04.202[Battery Energy]65.28
2020-01-30_22:10:04.202[Status]Routing Start.
2020-01-30_22:10:04.357[Status]{'coordinate': [838.6099227476955, 386.8069036259004], 'id': 19}
2020-01-30_22:10:04.357[Status]Routing 87: Walk: 81
2020-01-30_22:10:04.462[Battery Energy]65.10
2020-01-30_22:10:04.462[Status]Routing Start.
2020-01-30_22:10:04.579[Status]{'coordinate': [847.3458477198892, 381.9403221891832], 'id': 19}
2020-01-30_22:10:04.579[Status]Routing 88: Walk: 82
2020-01-30_22:10:04.679[Battery Energy]64.90
2020-01-30_22:10:04.679[Status]Routing Start.
2020-01-30_22:10:04.843[Status]{'coordinate': [856.0817726920831, 377.07374075246594], 'id': 19}
2020-01-30_22:10:04.843[Status]Routing 89: Walk: 83
2020-01-30_22:10:04.943[Battery Energy]64.68
2020-01-30_22:10:04.943[Status]Routing Start.
2020-01-30_22:10:05.229[Status]{'coordinate': [864.8176976642769, 372.2071593157487], 'id': 19}
2020-01-30_22:10:05.229[Status]Routing 90: Walk: 84
2020-01-30_22:10:05.338[Battery Energy]64.40
2020-01-30_22:10:05.338[Status]Routing Start.
2020-01-30_22:10:05.466[Status]{'coordinate': [873.5536226364707, 367.34057787903146], 'id': 19}
2020-01-30_22:10:05.466[Status]Routing 91: Walk: 85
2020-01-30_22:10:05.578[Battery Energy]64.20
2020-01-30_22:10:05.578[Status]Routing Start.
2020-01-30_22:10:05.740[Status]{'coordinate': [882.2895476086645, 362.4739964423142], 'id': 19}
2020-01-30_22:10:05.741[Status]Routing 92: Walk: 86
2020-01-30_22:10:05.841[Battery Energy]63.98
2020-01-30_22:10:05.841[Status]Routing Start.
2020-01-30_22:10:05.978[Status]{'coordinate': [891.0254725808584, 357.607415005597], 'id': 19}
2020-01-30_22:10:05.979[Status]Routing 93: Walk: 87
2020-01-30_22:10:06.094[Battery Energy]63.78
2020-01-30_22:10:06.094[Status]Routing Start.
2020-01-30_22:10:06.229[Status]{'coordinate': [899.7613975530521, 352.74083356887974], 'id': 19}
2020-01-30_22:10:06.229[Status]Routing 94: Walk: 88
2020-01-30_22:10:06.338[Battery Energy]63.58
2020-01-30_22:10:06.338[Status]Routing Start.
2020-01-30_22:10:06.613[Status]{'coordinate': [908.497322525246, 347.8742521321625], 'id': 19}
2020-01-30_22:10:06.613[Status]Routing 95: Walk: 89
2020-01-30_22:10:06.717[Battery Energy]63.26
2020-01-30_22:10:06.717[Status]Routing Start.
2020-01-30_22:10:06.865[Status]{'coordinate': [917.2332474974398, 343.00767069544526], 'id': 19}
2020-01-30_22:10:06.866[Status]Routing 96: Walk: 90
2020-01-30_22:10:06.966[Battery Energy]63.04
2020-01-30_22:10:06.966[Status]Routing Start.
2020-01-30_22:10:07.116[Status]{'coordinate': [925.9691724696336, 338.141089258728], 'id': 19}
2020-01-30_22:10:07.116[Status]Routing 97: Walk: 91
2020-01-30_22:10:07.230[Battery Energy]62.85
2020-01-30_22:10:07.230[Status]Routing Start.
2020-01-30_22:10:07.380[Status]{'coordinate': [934.7050974418273, 333.2745078220108], 'id': 19}
2020-01-30_22:10:07.380[Status]Routing 98: Walk: 92
2020-01-30_22:10:07.480[Battery Energy]62.62
2020-01-30_22:10:07.480[Status]Routing Start.
2020-01-30_22:10:07.823[Status]{'coordinate': [943.4410224140212, 328.40792638529354], 'id': 19}
2020-01-30_22:10:07.823[Status]Routing 99: Walk: 93
2020-01-30_22:10:07.942[Battery Energy]62.30
2020-01-30_22:10:07.942[Status]Routing Start.
2020-01-30_22:10:08.068[Status]{'coordinate': [952.176947386215, 323.5413449485763], 'id': 19}
2020-01-30_22:10:08.068[Status]Routing 100: Walk: 94
2020-01-30_22:10:08.174[Battery Energy]62.10
2020-01-30_22:10:08.174[Status]Routing Start.
2020-01-30_22:10:08.328[Status]{'coordinate': [960.9128723584089, 318.67476351185906], 'id': 19}
2020-01-30_22:10:08.328[Status]Routing 101: Walk: 95
2020-01-30_22:10:08.438[Battery Energy]61.90
2020-01-30_22:10:08.438[Status]Routing Start.
2020-01-30_22:10:08.568[Status]{'coordinate': [969.6487973306027, 313.8081820751418], 'id': 19}
2020-01-30_22:10:08.568[Status]Routing 102: Walk: 96
2020-01-30_22:10:08.668[Battery Energy]61.70
2020-01-30_22:10:08.668[Status]Routing Start.
2020-01-30_22:10:09.008[Status]{'coordinate': [978.3847223027965, 308.9416006384246], 'id': 19}
2020-01-30_22:10:09.013[Status]Routing 103: Walk: 97
2020-01-30_22:10:09.126[Battery Energy]61.38
2020-01-30_22:10:09.126[Status]Routing Start.
2020-01-30_22:10:09.415[Status]{'coordinate': [987.1206472749903, 304.07501920170733], 'id': 19}
2020-01-30_22:10:09.416[Status]Routing 104: Walk: 98
2020-01-30_22:10:09.526[Battery Energy]61.10
2020-01-30_22:10:09.526[Status]Routing Start.
2020-01-30_22:10:09.820[Status]{'coordinate': [995.8565722471842, 299.2084377649901], 'id': 19}
2020-01-30_22:10:09.820[Status]Routing 105: Walk: 99
2020-01-30_22:10:09.922[Battery Energy]60.79
2020-01-30_22:10:09.922[Status]Routing Start.
2020-01-30_22:10:10.158[Status]{'coordinate': [1004.5924972193781, 294.34185632827285], 'id': 19}
2020-01-30_22:10:10.159[Status]Routing 106: Walk: 100
2020-01-30_22:10:10.270[Battery Energy]60.54
2020-01-30_22:10:10.270[Status]Routing Start.
2020-01-30_22:10:10.549[Status]{'coordinate': [1013.3284221915719, 289.4752748915556], 'id': 19}
2020-01-30_22:10:10.550[Status]Routing 107: Walk: 101
2020-01-30_22:10:10.654[Battery Energy]60.26
2020-01-30_22:10:10.654[Status]Routing Start.
2020-01-30_22:10:10.937[Status]{'coordinate': [1022.0643471637657, 284.6086934548384], 'id': 19}
2020-01-30_22:10:10.938[Status]Routing 108: Walk: 102
2020-01-30_22:10:11.050[Battery Energy]59.99
2020-01-30_22:10:11.050[Status]Routing Start.
2020-01-30_22:10:11.354[Status]{'coordinate': [1030.8002721359594, 279.74211201812113], 'id': 19}
2020-01-30_22:10:11.354[Status]Routing 109: Walk: 103
2020-01-30_22:10:11.457[Battery Energy]59.70
2020-01-30_22:10:11.457[Status]Routing Start.
2020-01-30_22:10:11.774[Status]{'coordinate': [1039.5361971081531, 274.8755305814039], 'id': 19}
2020-01-30_22:10:11.774[Status]Routing 110: Walk: 104
2020-01-30_22:10:11.886[Battery Energy]59.40
2020-01-30_22:10:11.886[Status]Routing Start.
2020-01-30_22:10:12.005[Status]{'coordinate': [1048.272122080347, 270.00894914468665], 'id': 19}
2020-01-30_22:10:12.005[Status]Routing 111: Walk: 105
2020-01-30_22:10:12.106[Battery Energy]59.19
2020-01-30_22:10:12.106[Status]Routing Start.
2020-01-30_22:10:12.239[Status]{'coordinate': [1057.0080470525406, 265.1423677079694], 'id': 19}
2020-01-30_22:10:12.239[Status]Routing 112: Walk: 106
2020-01-30_22:10:12.339[Battery Energy]59.01
2020-01-30_22:10:12.339[Status]Routing Start.
2020-01-30_22:10:12.517[Status]{'coordinate': [1065.7439720247344, 260.2757862712522], 'id': 19}
2020-01-30_22:10:12.518[Status]Routing 113: Walk: 107
2020-01-30_22:10:12.626[Battery Energy]58.81
2020-01-30_22:10:12.626[Status]Routing Start.
2020-01-30_22:10:12.762[Status]{'coordinate': [1074.4798969969281, 255.40920483453496], 'id': 19}
2020-01-30_22:10:12.762[Status]Routing 114: Walk: 108
2020-01-30_22:10:12.862[Battery Energy]58.61
2020-01-30_22:10:12.862[Status]Routing Start.
2020-01-30_22:10:13.025[Status]{'coordinate': [1083.2158219691219, 250.54262339781778], 'id': 19}
2020-01-30_22:10:13.025[Status]Routing 115: Walk: 109
2020-01-30_22:10:13.138[Battery Energy]58.39
2020-01-30_22:10:13.138[Status]Routing Start.
2020-01-30_22:10:13.295[Status]{'coordinate': [1091.9517469413156, 245.6760419611006], 'id': 19}
2020-01-30_22:10:13.295[Status]Routing 116: Walk: 110
2020-01-30_22:10:13.395[Battery Energy]58.17
2020-01-30_22:10:13.395[Status]Routing Start.
2020-01-30_22:10:13.534[Status]{'coordinate': [1100.6876719135093, 240.80946052438344], 'id': 19}
2020-01-30_22:10:13.534[Status]Routing 117: Walk: 111
2020-01-30_22:10:13.635[Battery Energy]57.97
2020-01-30_22:10:13.635[Status]Routing Start.
2020-01-30_22:10:13.635[Status]Task Finished.
2020-01-30_22:10:13.735[Battery Energy]57.97
2020-01-30_22:10:13.889[Status]Routing 119: Walk: 111
2020-01-30_22:10:13.998[Battery Energy]57.85
2020-01-30_22:10:14.125[Status]Routing 120: Walk: 111
2020-01-30_22:10:14.225[Battery Energy]57.75
2020-01-30_22:10:14.375[Status]Routing 121: Walk: 111
2020-01-30_22:10:14.478[Battery Energy]57.63
2020-01-30_22:10:14.615[Status]Routing 122: Walk: 111
2020-01-30_22:10:14.730[Battery Energy]57.52
2020-01-30_22:10:14.880[Status]Routing 123: Walk: 111
2020-01-30_22:10:14.986[Battery Energy]57.42
2020-01-30_22:10:15.120[Status]Routing 124: Walk: 111
2020-01-30_22:10:15.238[Battery Energy]57.31
2020-01-30_22:10:15.366[Status]Routing 125: Walk: 111
2020-01-30_22:10:15.478[Battery Energy]57.24
2020-01-30_22:10:15.724[Status]Routing 126: Walk: 111
2020-01-30_22:10:15.826[Battery Energy]57.07
2020-01-30_22:10:15.959[Status]Routing 127: Walk: 111
2020-01-30_22:10:16.074[Battery Energy]56.95
2020-01-30_22:10:16.307[Status]Routing 128: Walk: 111
2020-01-30_22:10:16.408[Battery Energy]56.81
2020-01-30_22:10:16.574[Status]Routing 129: Walk: 111
2020-01-30_22:10:16.686[Battery Energy]56.68
2020-01-30_22:10:16.888[Status]Routing 130: Walk: 111
2020-01-30_22:10:16.988[Battery Energy]56.53
2020-01-30_22:10:17.152[Status]Routing 131: Walk: 111
2020-01-30_22:10:17.252[Battery Energy]56.41
2020-01-30_22:10:17.529[Status]Routing 132: Walk: 111
2020-01-30_22:10:17.631[Battery Energy]56.22
2020-01-30_22:10:17.952[Status]Routing 133: Walk: 111
2020-01-30_22:10:18.058[Battery Energy]55.98
2020-01-30_22:10:18.359[Status]Routing 134: Walk: 111
2020-01-30_22:10:18.463[Battery Energy]55.79
2020-01-30_22:10:18.730[Status]Routing 135: Walk: 111
2020-01-30_22:10:18.838[Battery Energy]55.61
2020-01-30_22:10:19.123[Status]Routing 136: Walk: 111
2020-01-30_22:10:19.234[Battery Energy]55.42
2020-01-30_22:10:19.338[Status]Routing 137: Walk: 111
2020-01-30_22:10:19.439[Battery Energy]55.32
2020-01-30_22:10:19.615[Status]Routing 138: Walk: 111
2020-01-30_22:10:19.716[Battery Energy]55.22
2020-01-30_22:10:19.880[Status]Routing 139: Walk: 111
2020-01-30_22:10:19.990[Battery Energy]55.10
2020-01-30_22:10:20.122[Status]Routing 140: Walk: 111
2020-01-30_22:10:20.234[Battery Energy]54.99
2020-01-30_22:10:20.467[Status]Routing 141: Walk: 111
2020-01-30_22:10:20.586[Battery Energy]54.85
2020-01-30_22:10:20.707[Status]Routing 142: Walk: 111
2020-01-30_22:10:20.818[Battery Energy]54.75
2020-01-30_22:10:20.977[Status]Routing 143: Walk: 111
2020-01-30_22:10:21.090[Battery Energy]54.63
2020-01-30_22:10:21.214[Status]Routing 144: Walk: 111
2020-01-30_22:10:21.316[Battery Energy]54.53
2020-01-30_22:10:21.480[Status]Routing 145: Walk: 111
2020-01-30_22:10:21.585[Battery Energy]54.43
2020-01-30_22:10:21.756[Status]Routing 146: Walk: 111
2020-01-30_22:10:21.865[Battery Energy]54.31
2020-01-30_22:10:22.014[Status]Routing 147: Walk: 111
2020-01-30_22:10:22.126[Battery Energy]54.18
2020-01-30_22:10:22.253[Status]Routing 148: Walk: 111
2020-01-30_22:10:22.366[Battery Energy]54.08
2020-01-30_22:10:22.488[Status]Routing 149: Walk: 111
2020-01-30_22:10:22.602[Battery Energy]53.98
2020-01-30_22:10:22.757[Status]Routing 150: Walk: 111
2020-01-30_22:10:22.861[Battery Energy]53.87
2020-01-30_22:10:23.029[Status]Routing 151: Walk: 111
2020-01-30_22:10:23.130[Battery Energy]53.76
2020-01-30_22:10:23.281[Status]Routing 152: Walk: 111
2020-01-30_22:10:23.397[Battery Energy]53.63
2020-01-30_22:10:23.534[Status]Routing 153: Walk: 111
2020-01-30_22:10:23.638[Battery Energy]53.51
2020-01-30_22:10:23.767[Status]Routing 154: Walk: 111
2020-01-30_22:10:23.867[Battery Energy]53.40
2020-01-30_22:10:24.021[Status]Routing 155: Walk: 111
2020-01-30_22:10:24.121[Battery Energy]53.29
2020-01-30_22:10:24.285[Status]Routing 156: Walk: 111
2020-01-30_22:10:24.385[Battery Energy]53.18
2020-01-30_22:10:24.537[Status]Routing 157: Walk: 111
2020-01-30_22:10:24.640[Battery Energy]53.06
2020-01-30_22:10:24.783[Status]Routing 158: Walk: 111
2020-01-30_22:10:24.887[Battery Energy]52.93
2020-01-30_22:10:25.019[Status]Routing 159: Walk: 111
2020-01-30_22:10:25.134[Battery Energy]52.80
2020-01-30_22:10:25.264[Status]Routing 160: Walk: 111
2020-01-30_22:10:25.372[Battery Energy]52.70
2020-01-30_22:10:25.495[Status]Routing 161: Walk: 111
2020-01-30_22:10:25.598[Battery Energy]52.58
2020-01-30_22:10:25.739[Status]Routing 162: Walk: 111
2020-01-30_22:10:25.850[Battery Energy]52.47
2020-01-30_22:10:26.001[Status]Routing 163: Walk: 111
2020-01-30_22:10:26.101[Battery Energy]52.38
2020-01-30_22:10:26.248[Status]Routing 164: Walk: 111
2020-01-30_22:10:26.348[Battery Energy]52.26
2020-01-30_22:10:26.505[Status]Routing 165: Walk: 111
2020-01-30_22:10:26.610[Battery Energy]52.16
2020-01-30_22:10:26.776[Status]Routing 166: Walk: 111
2020-01-30_22:10:26.878[Battery Energy]52.06
2020-01-30_22:10:27.029[Status]Routing 167: Walk: 111
2020-01-30_22:10:27.134[Battery Energy]51.95
2020-01-30_22:10:27.277[Status]Routing 168: Walk: 111
2020-01-30_22:10:27.378[Battery Energy]51.84
2020-01-30_22:10:27.512[Status]Routing 169: Walk: 111
2020-01-30_22:10:27.613[Battery Energy]51.71
2020-01-30_22:10:27.763[Status]Routing 170: Walk: 111
2020-01-30_22:10:27.874[Battery Energy]51.62
2020-01-30_22:10:27.998[Status]Routing 171: Walk: 111
2020-01-30_22:10:28.118[Battery Energy]51.53
2020-01-30_22:10:28.282[Status]Routing 172: Walk: 111
2020-01-30_22:10:28.386[Battery Energy]51.43
2020-01-30_22:10:28.514[Status]Routing 173: Walk: 111
2020-01-30_22:10:28.622[Battery Energy]51.32
2020-01-30_22:10:28.774[Status]Routing 174: Walk: 111
2020-01-30_22:10:28.886[Battery Energy]51.21
2020-01-30_22:10:29.024[Status]Routing 175: Walk: 111
2020-01-30_22:10:29.125[Battery Energy]51.11
2020-01-30_22:10:29.262[Status]Routing 176: Walk: 111
2020-01-30_22:10:29.374[Battery Energy]51.00
2020-01-30_22:10:29.501[Status]Routing 177: Walk: 111
2020-01-30_22:10:29.610[Battery Energy]50.91
2020-01-30_22:10:29.749[Status]Routing 178: Walk: 111
2020-01-30_22:10:29.858[Battery Energy]50.81
2020-01-30_22:10:30.010[Status]Routing 179: Walk: 111
2020-01-30_22:10:30.110[Battery Energy]50.73
2020-01-30_22:10:30.309[Status]Routing 180: Walk: 111
2020-01-30_22:10:30.413[Battery Energy]50.61
2020-01-30_22:10:30.547[Status]Routing 181: Walk: 111
2020-01-30_22:10:30.658[Battery Energy]50.53
2020-01-30_22:10:30.825[Status]Routing 182: Walk: 111
2020-01-30_22:10:30.938[Battery Energy]50.40
2020-01-30_22:10:31.095[Status]Routing 183: Walk: 111
2020-01-30_22:10:31.195[Battery Energy]50.30
2020-01-30_22:10:31.385[Status]Routing 184: Walk: 111
2020-01-30_22:10:31.494[Battery Energy]50.15
2020-01-30_22:10:31.646[Status]Routing 185: Walk: 111
2020-01-30_22:10:31.762[Battery Energy]50.04
