2020-01-30_22:09:22.871[Status]Start.
2020-01-30_22:09:22.871[Battery Energy]89.00
2020-01-30_22:09:23.973[Battery Energy]88.96
2020-01-30_22:09:25.074[Battery Energy]88.92
2020-01-30_22:09:26.175[Battery Energy]88.88
2020-01-30_22:09:27.275[Battery Energy]88.84
2020-01-30_22:09:28.376[Task]A New Task Released.
2020-01-30_22:09:28.376[Battery Energy]88.80
2020-01-30_22:09:28.376[Status]Selection Start.
2020-01-30_22:09:32.062[Status]Selection End: Do Task 0.
2020-01-30_22:09:32.163[Battery Energy]86.37
2020-01-30_22:09:32.163[Status]Formation Start.
2020-01-30_22:09:32.343[Status]number of tasks is 7
2020-01-30_22:09:32.352[Status]my group tasks is [ 525.  475.]
2020-01-30_22:09:32.352[Status]my group tasks is [ 449.69796037  631.36629649]
2020-01-30_22:09:32.364[Status]my group tasks is [ 449.69796037  318.63370351]
2020-01-30_22:09:32.370[Status]my group tasks is [ 280.49581321  669.98558244]
2020-01-30_22:09:32.374[Status]my group tasks is [ 144.80622642  561.77674782]
2020-01-30_22:09:32.385[Status]my group tasks is [ 144.80622642  388.22325218]
2020-01-30_22:09:32.388[Status]my group tasks is [ 280.49581321  280.01441756]
2020-01-30_22:09:32.425[Status]mygroup_robots_utility is {1: [32.38351989734894, 65.96901153714137, 36.4884580759448, 37.69902228452089, 43.32103048789861, 44.83641292400839, 62.45871397143412], 3: [31.705938034597853, 36.132558669635415, 72.52467472577254, 42.977998806244116, 43.12632078719216, 30.264312862435812, 31.770797094916503], 17: [48.91612507816207, 35.83693960074453, 66.70962450328109, 67.26784590339469, 36.68334416385321, 85.06455275498574, 41.12345754082167], 6: [33.8879656818121, 37.67639790614655, 55.69413306110111, 26.94747497511199, 39.56674179026442, 28.993764993845904, 63.365451430492605], 7: [32.78355588727748, 32.068821083650924, 34.21821146742578, 36.39080863702268, 85.72307666446855, 39.28748164171332, 93.38567797821116], 8: [67.25421720670478, 39.93702902401915, 31.60589194330673, 73.71291549601543, 43.12749057506121, 29.969413919337317, 29.301030968955104], 11: [34.796002028624486, 67.30305616661694, 78.32783777240928, 41.006091345545535, 45.881314808973414, 62.94186571653282, 31.094416478550585]}
2020-01-30_22:09:32.426[Status]self.local_queue is [6, 1, 3, 8, 7, 17, 11]
2020-01-30_22:09:32.426[Status]task_chosen index is 6
2020-01-30_22:09:32.426[Status]task_chosen index is 1
2020-01-30_22:09:32.426[Status]task_chosen index is 2
2020-01-30_22:09:32.427[Status]task_chosen index is 3
2020-01-30_22:09:32.430[Status]task_chosen index is 4
2020-01-30_22:09:32.430[Status]task_chosen index is 5
2020-01-30_22:09:32.430[Status]task_chosen index is 0
2020-01-30_22:09:32.430[Status]myindex_in_queue is 0
2020-01-30_22:09:32.430[Status]task destination is [525.0, 475.0]
2020-01-30_22:09:32.531[Battery Energy]86.15
2020-01-30_22:09:32.531[Status]Routing Start.
2020-01-30_22:09:32.685[Status]{'coordinate': [68.81063502148892, 384.9368635664742], 'id': 11}
2020-01-30_22:09:32.686[Status]Routing 1: Walk: 1
2020-01-30_22:09:32.786[Battery Energy]85.93
2020-01-30_22:09:32.786[Status]Routing Start.
2020-01-30_22:09:32.948[Status]{'coordinate': [78.62127004297784, 386.8737271329484], 'id': 11}
2020-01-30_22:09:32.949[Status]Routing 2: Walk: 2
2020-01-30_22:09:33.049[Battery Energy]85.71
2020-01-30_22:09:33.050[Status]Routing Start.
2020-01-30_22:09:33.188[Status]{'coordinate': [88.43190506446676, 388.81059069942256], 'id': 11}
2020-01-30_22:09:33.188[Status]Routing 3: Walk: 3
2020-01-30_22:09:33.296[Battery Energy]85.51
2020-01-30_22:09:33.296[Status]Routing Start.
2020-01-30_22:09:33.432[Status]{'coordinate': [98.24254008595568, 390.74745426589675], 'id': 11}
2020-01-30_22:09:33.432[Status]Routing 4: Walk: 4
2020-01-30_22:09:33.533[Battery Energy]85.32
2020-01-30_22:09:33.533[Status]Routing Start.
2020-01-30_22:09:33.684[Status]{'coordinate': [108.0531751074446, 392.68431783237094], 'id': 11}
2020-01-30_22:09:33.684[Status]Routing 5: Walk: 5
2020-01-30_22:09:33.790[Battery Energy]85.13
2020-01-30_22:09:33.790[Status]Routing Start.
2020-01-30_22:09:33.917[Status]{'coordinate': [117.86381012893352, 394.6211813988451], 'id': 11}
2020-01-30_22:09:33.921[Status]Routing 6: Walk: 6
2020-01-30_22:09:34.025[Battery Energy]84.93
2020-01-30_22:09:34.025[Status]Routing Start.
2020-01-30_22:09:34.327[Status]{'coordinate': [127.67444515042244, 396.5580449653193], 'id': 11}
2020-01-30_22:09:34.327[Status]Routing 7: Walk: 7
2020-01-30_22:09:34.427[Battery Energy]84.65
2020-01-30_22:09:34.427[Status]Routing Start.
2020-01-30_22:09:34.767[Status]{'coordinate': [137.48508017191136, 398.4949085317935], 'id': 11}
2020-01-30_22:09:34.767[Status]Routing 8: Walk: 8
2020-01-30_22:09:34.884[Battery Energy]84.29
2020-01-30_22:09:34.884[Status]Routing Start.
2020-01-30_22:09:35.176[Status]{'coordinate': [147.29571519340027, 400.4317720982677], 'id': 11}
2020-01-30_22:09:35.176[Status]Routing 9: Walk: 9
2020-01-30_22:09:35.282[Battery Energy]83.98
2020-01-30_22:09:35.282[Status]Routing Start.
2020-01-30_22:09:35.610[Status]{'coordinate': [157.10635021488918, 402.3686356647419], 'id': 11}
2020-01-30_22:09:35.610[Status]Routing 10: Walk: 10
2020-01-30_22:09:35.711[Battery Energy]83.65
2020-01-30_22:09:35.711[Status]Routing Start.
2020-01-30_22:09:36.015[Status]{'coordinate': [166.91698523637808, 404.30549923121606], 'id': 11}
2020-01-30_22:09:36.016[Status]Routing 11: Walk: 11
2020-01-30_22:09:36.116[Battery Energy]83.32
2020-01-30_22:09:36.116[Status]Routing Start.
2020-01-30_22:09:36.465[Status]{'coordinate': [176.727620257867, 406.24236279769025], 'id': 11}
2020-01-30_22:09:36.465[Status]Routing 12: Walk: 12
2020-01-30_22:09:36.565[Battery Energy]82.98
2020-01-30_22:09:36.565[Status]Routing Start.
2020-01-30_22:09:36.895[Status]{'coordinate': [186.5382552793559, 408.17922636416444], 'id': 11}
2020-01-30_22:09:36.895[Status]Routing 13: Walk: 13
2020-01-30_22:09:36.995[Battery Energy]82.64
2020-01-30_22:09:36.995[Status]Routing Start.
2020-01-30_22:09:37.356[Status]{'coordinate': [196.3488903008448, 410.1160899306386], 'id': 11}
2020-01-30_22:09:37.356[Status]Routing 14: Walk: 14
2020-01-30_22:09:37.469[Battery Energy]82.27
2020-01-30_22:09:37.469[Status]Routing Start.
2020-01-30_22:09:37.756[Status]{'coordinate': [206.1595253223337, 412.0529534971128], 'id': 11}
2020-01-30_22:09:37.756[Status]Routing 15: Walk: 15
2020-01-30_22:09:37.856[Battery Energy]81.95
2020-01-30_22:09:37.856[Status]Routing Start.
2020-01-30_22:09:38.185[Status]{'coordinate': [215.9701603438226, 413.989817063587], 'id': 11}
2020-01-30_22:09:38.186[Status]Routing 16: Walk: 16
2020-01-30_22:09:38.286[Battery Energy]81.61
2020-01-30_22:09:38.286[Status]Routing Start.
2020-01-30_22:09:38.585[Status]{'coordinate': [225.78079536531152, 415.92668063006124], 'id': 11}
2020-01-30_22:09:38.585[Status]Routing 17: Walk: 17
2020-01-30_22:09:38.686[Battery Energy]81.31
2020-01-30_22:09:38.686[Status]Routing Start.
2020-01-30_22:09:38.996[Status]{'coordinate': [235.59143038680043, 417.86354419653543], 'id': 11}
2020-01-30_22:09:38.998[Status]Routing 18: Walk: 18
2020-01-30_22:09:39.110[Battery Energy]80.96
2020-01-30_22:09:39.110[Status]Routing Start.
2020-01-30_22:09:39.401[Status]{'coordinate': [245.40206540828933, 419.8004077630096], 'id': 11}
2020-01-30_22:09:39.401[Status]Routing 19: Walk: 19
2020-01-30_22:09:39.501[Battery Energy]80.64
2020-01-30_22:09:39.501[Status]Routing Start.
2020-01-30_22:09:39.852[Status]{'coordinate': [255.21270042977824, 421.73727132948386], 'id': 11}
2020-01-30_22:09:39.852[Status]Routing 20: Walk: 20
2020-01-30_22:09:39.952[Battery Energy]80.27
2020-01-30_22:09:39.952[Status]Routing Start.
2020-01-30_22:09:40.286[Status]{'coordinate': [265.02333545126714, 423.67413489595805], 'id': 11}
2020-01-30_22:09:40.286[Status]Routing 21: Walk: 21
2020-01-30_22:09:40.394[Battery Energy]79.92
2020-01-30_22:09:40.394[Status]Routing Start.
2020-01-30_22:09:40.721[Status]{'coordinate': [274.83397047275605, 425.6109984624323], 'id': 11}
2020-01-30_22:09:40.730[Status]Routing 22: Walk: 22
2020-01-30_22:09:40.833[Battery Energy]79.59
2020-01-30_22:09:40.833[Status]Routing Start.
2020-01-30_22:09:41.270[Status]{'coordinate': [284.64460549424496, 427.5478620289065], 'id': 11}
2020-01-30_22:09:41.271[Status]Routing 23: Walk: 23
2020-01-30_22:09:41.382[Battery Energy]79.22
2020-01-30_22:09:41.382[Status]Routing Start.
2020-01-30_22:09:41.713[Status]{'coordinate': [294.45524051573386, 429.4847255953807], 'id': 11}
2020-01-30_22:09:41.717[Status]Routing 24: Walk: 24
2020-01-30_22:09:41.817[Battery Energy]78.82
2020-01-30_22:09:41.817[Status]Routing Start.
2020-01-30_22:09:42.164[Status]{'coordinate': [304.26587553722277, 431.4215891618549], 'id': 11}
2020-01-30_22:09:42.165[Status]Routing 25: Walk: 25
2020-01-30_22:09:42.265[Battery Energy]78.44
2020-01-30_22:09:42.265[Status]Routing Start.
2020-01-30_22:09:42.588[Status]{'coordinate': [314.0765105587117, 433.35845272832915], 'id': 11}
2020-01-30_22:09:42.588[Status]Routing 26: Walk: 26
2020-01-30_22:09:42.688[Battery Energy]78.14
2020-01-30_22:09:42.689[Status]Routing Start.
2020-01-30_22:09:43.019[Status]{'coordinate': [323.8871455802006, 435.29531629480334], 'id': 11}
2020-01-30_22:09:43.021[Status]Routing 27: Walk: 27
2020-01-30_22:09:43.125[Battery Energy]77.81
2020-01-30_22:09:43.125[Status]Routing Start.
2020-01-30_22:09:43.419[Status]{'coordinate': [333.6977806016895, 437.2321798612776], 'id': 11}
2020-01-30_22:09:43.419[Status]Routing 28: Walk: 28
2020-01-30_22:09:43.525[Battery Energy]77.47
2020-01-30_22:09:43.525[Status]Routing Start.
2020-01-30_22:09:43.825[Status]{'coordinate': [343.5084156231784, 439.1690434277518], 'id': 11}
2020-01-30_22:09:43.825[Status]Routing 29: Walk: 29
2020-01-30_22:09:43.929[Battery Energy]77.17
2020-01-30_22:09:43.929[Status]Routing Start.
2020-01-30_22:09:44.233[Status]{'coordinate': [353.3190506446673, 441.105906994226], 'id': 11}
2020-01-30_22:09:44.233[Status]Routing 30: Walk: 30
2020-01-30_22:09:44.333[Battery Energy]76.83
2020-01-30_22:09:44.333[Status]Routing Start.
2020-01-30_22:09:44.681[Status]{'coordinate': [363.1296856661562, 443.0427705607002], 'id': 11}
2020-01-30_22:09:44.681[Status]Routing 31: Walk: 31
2020-01-30_22:09:44.794[Battery Energy]76.51
2020-01-30_22:09:44.794[Status]Routing Start.
2020-01-30_22:09:44.951[Status]{'coordinate': [372.9403206876451, 444.97963412717445], 'id': 11}
2020-01-30_22:09:44.951[Status]Routing 32: Walk: 32
2020-01-30_22:09:45.062[Battery Energy]76.28
2020-01-30_22:09:45.062[Status]Routing Start.
2020-01-30_22:09:45.269[Status]{'coordinate': [382.750955709134, 446.91649769364864], 'id': 11}
2020-01-30_22:09:45.269[Status]Routing 33: Walk: 33
2020-01-30_22:09:45.370[Battery Energy]76.03
2020-01-30_22:09:45.370[Status]Routing Start.
2020-01-30_22:09:45.700[Status]{'coordinate': [392.5615907306229, 448.8533612601228], 'id': 11}
2020-01-30_22:09:45.705[Status]Routing 34: Walk: 34
2020-01-30_22:09:45.805[Battery Energy]75.72
2020-01-30_22:09:45.805[Status]Routing Start.
2020-01-30_22:09:46.117[Status]{'coordinate': [402.37222575211183, 450.79022482659707], 'id': 11}
2020-01-30_22:09:46.118[Status]Routing 35: Walk: 35
2020-01-30_22:09:46.226[Battery Energy]75.39
2020-01-30_22:09:46.226[Status]Routing Start.
2020-01-30_22:09:46.494[Status]{'coordinate': [412.18286077360074, 452.72708839307126], 'id': 11}
2020-01-30_22:09:46.495[Status]Routing 36: Walk: 36
2020-01-30_22:09:46.599[Battery Energy]75.12
2020-01-30_22:09:46.599[Status]Routing Start.
2020-01-30_22:09:46.913[Status]{'coordinate': [421.99349579508964, 454.6639519595455], 'id': 11}
2020-01-30_22:09:46.913[Status]Routing 37: Walk: 37
2020-01-30_22:09:47.026[Battery Energy]74.81
2020-01-30_22:09:47.026[Status]Routing Start.
2020-01-30_22:09:47.350[Status]{'coordinate': [431.80413081657855, 456.6008155260197], 'id': 11}
2020-01-30_22:09:47.350[Status]Routing 38: Walk: 38
2020-01-30_22:09:47.454[Battery Energy]74.48
2020-01-30_22:09:47.454[Status]Routing Start.
2020-01-30_22:09:47.779[Status]{'coordinate': [441.61476583806746, 458.53767909249393], 'id': 11}
2020-01-30_22:09:47.779[Status]Routing 39: Walk: 39
2020-01-30_22:09:47.879[Battery Energy]74.17
2020-01-30_22:09:47.879[Status]Routing Start.
2020-01-30_22:09:48.154[Status]{'coordinate': [451.42540085955636, 460.4745426589681], 'id': 11}
2020-01-30_22:09:48.154[Status]Routing 40: Walk: 40
2020-01-30_22:09:48.266[Battery Energy]73.85
2020-01-30_22:09:48.266[Status]Routing Start.
2020-01-30_22:09:48.566[Status]{'coordinate': [461.23603588104527, 462.41140622544236], 'id': 11}
2020-01-30_22:09:48.566[Status]Routing 41: Walk: 41
2020-01-30_22:09:48.669[Battery Energy]73.52
2020-01-30_22:09:48.670[Status]Routing Start.
2020-01-30_22:09:48.978[Status]{'coordinate': [471.0466709025342, 464.34826979191655], 'id': 11}
2020-01-30_22:09:48.978[Status]Routing 42: Walk: 42
2020-01-30_22:09:49.078[Battery Energy]73.19
2020-01-30_22:09:49.078[Status]Routing Start.
2020-01-30_22:09:49.317[Status]{'coordinate': [480.8573059240231, 466.2851333583908], 'id': 11}
2020-01-30_22:09:49.317[Status]Routing 43: Walk: 43
2020-01-30_22:09:49.422[Battery Energy]72.93
2020-01-30_22:09:49.422[Status]Routing Start.
2020-01-30_22:09:49.574[Status]{'coordinate': [490.667940945512, 468.221996924865], 'id': 11}
2020-01-30_22:09:49.574[Status]Routing 44: Walk: 44
2020-01-30_22:09:49.674[Battery Energy]72.73
2020-01-30_22:09:49.674[Status]Routing Start.
2020-01-30_22:09:49.982[Status]{'coordinate': [500.4785759670009, 470.1588604913392], 'id': 11}
2020-01-30_22:09:49.983[Status]Routing 45: Walk: 45
2020-01-30_22:09:50.085[Battery Energy]72.41
2020-01-30_22:09:50.085[Status]Routing Start.
2020-01-30_22:09:50.453[Status]{'coordinate': [510.2892109884898, 472.0957240578134], 'id': 11}
2020-01-30_22:09:50.453[Status]Routing 46: Walk: 46
2020-01-30_22:09:50.558[Battery Energy]72.06
2020-01-30_22:09:50.558[Status]Routing Start.
2020-01-30_22:09:50.701[Status]{'coordinate': [520.0998460099787, 474.03258762428766], 'id': 11}
2020-01-30_22:09:50.701[Status]Routing 47: Walk: 47
2020-01-30_22:09:50.804[Battery Energy]71.85
2020-01-30_22:09:50.804[Status]Routing Start.
2020-01-30_22:09:50.805[Status]Task Finished.
2020-01-30_22:09:50.905[Battery Energy]71.85
2020-01-30_22:09:51.149[Status]Routing 49: Walk: 47
2020-01-30_22:09:51.258[Battery Energy]71.68
2020-01-30_22:09:51.585[Status]Routing 50: Walk: 47
2020-01-30_22:09:51.696[Battery Energy]71.47
2020-01-30_22:09:52.029[Status]Routing 51: Walk: 47
2020-01-30_22:09:52.133[Battery Energy]71.21
2020-01-30_22:09:52.608[Status]Routing 52: Walk: 47
2020-01-30_22:09:52.711[Battery Energy]70.83
2020-01-30_22:09:53.099[Status]Routing 53: Walk: 47
2020-01-30_22:09:53.199[Battery Energy]70.49
2020-01-30_22:09:53.351[Status]Routing 54: Walk: 47
2020-01-30_22:09:53.452[Battery Energy]70.36
2020-01-30_22:09:53.780[Status]Routing 55: Walk: 47
2020-01-30_22:09:53.883[Battery Energy]70.17
2020-01-30_22:09:54.202[Status]Routing 56: Walk: 47
2020-01-30_22:09:54.308[Battery Energy]69.95
2020-01-30_22:09:54.665[Status]Routing 57: Walk: 47
2020-01-30_22:09:54.766[Battery Energy]69.69
2020-01-30_22:09:55.064[Status]Routing 58: Walk: 47
2020-01-30_22:09:55.178[Battery Energy]69.47
2020-01-30_22:09:55.457[Status]Routing 59: Walk: 47
2020-01-30_22:09:55.566[Battery Energy]69.27
2020-01-30_22:09:55.880[Status]Routing 60: Walk: 47
2020-01-30_22:09:55.982[Battery Energy]69.07
2020-01-30_22:09:56.111[Status]Routing 61: Walk: 47
2020-01-30_22:09:56.212[Battery Energy]68.97
2020-01-30_22:09:56.352[Status]Routing 62: Walk: 47
2020-01-30_22:09:56.452[Battery Energy]68.86
2020-01-30_22:09:56.607[Status]Routing 63: Walk: 47
2020-01-30_22:09:56.722[Battery Energy]68.76
2020-01-30_22:09:56.887[Status]Routing 64: Walk: 47
2020-01-30_22:09:56.998[Battery Energy]68.64
2020-01-30_22:09:57.281[Status]Routing 65: Walk: 47
2020-01-30_22:09:57.386[Battery Energy]68.44
2020-01-30_22:09:57.529[Status]Routing 66: Walk: 47
2020-01-30_22:09:57.634[Battery Energy]68.37
2020-01-30_22:09:57.804[Status]Routing 67: Walk: 47
2020-01-30_22:09:57.923[Battery Energy]68.24
2020-01-30_22:09:58.068[Status]Routing 68: Walk: 47
2020-01-30_22:09:58.170[Battery Energy]68.12
2020-01-30_22:09:58.335[Status]Routing 69: Walk: 47
2020-01-30_22:09:58.445[Battery Energy]67.99
2020-01-30_22:09:58.607[Status]Routing 70: Walk: 47
2020-01-30_22:09:58.710[Battery Energy]67.88
2020-01-30_22:09:59.004[Status]Routing 71: Walk: 47
2020-01-30_22:09:59.106[Battery Energy]67.67
2020-01-30_22:09:59.395[Status]Routing 72: Walk: 47
2020-01-30_22:09:59.498[Battery Energy]67.44
2020-01-30_22:09:59.761[Status]Routing 73: Walk: 47
2020-01-30_22:09:59.874[Battery Energy]67.27
2020-01-30_22:10:00.038[Status]Routing 74: Walk: 47
2020-01-30_22:10:00.146[Battery Energy]67.14
2020-01-30_22:10:00.437[Status]Routing 75: Walk: 47
2020-01-30_22:10:00.542[Battery Energy]66.94
2020-01-30_22:10:00.681[Status]Routing 76: Walk: 47
2020-01-30_22:10:00.790[Battery Energy]66.83
2020-01-30_22:10:00.917[Status]Routing 77: Walk: 47
2020-01-30_22:10:01.018[Battery Energy]66.72
2020-01-30_22:10:01.165[Status]Routing 78: Walk: 47
2020-01-30_22:10:01.266[Battery Energy]66.59
2020-01-30_22:10:01.640[Status]Routing 79: Walk: 47
2020-01-30_22:10:01.750[Battery Energy]66.33
2020-01-30_22:10:01.871[Status]Routing 80: Walk: 47
2020-01-30_22:10:01.978[Battery Energy]66.22
2020-01-30_22:10:02.118[Status]Routing 81: Walk: 47
2020-01-30_22:10:02.219[Battery Energy]66.11
2020-01-30_22:10:02.517[Status]Routing 82: Walk: 47
2020-01-30_22:10:02.617[Battery Energy]65.92
2020-01-30_22:10:02.761[Status]Routing 83: Walk: 47
2020-01-30_22:10:02.863[Battery Energy]65.82
2020-01-30_22:10:03.168[Status]Routing 84: Walk: 47
2020-01-30_22:10:03.269[Battery Energy]65.57
2020-01-30_22:10:03.577[Status]Routing 85: Walk: 47
2020-01-30_22:10:03.690[Battery Energy]65.33
2020-01-30_22:10:03.842[Status]Routing 86: Walk: 47
2020-01-30_22:10:03.958[Battery Energy]65.21
2020-01-30_22:10:04.091[Status]Routing 87: Walk: 47
2020-01-30_22:10:04.191[Battery Energy]65.13
2020-01-30_22:10:04.354[Status]Routing 88: Walk: 47
2020-01-30_22:10:04.458[Battery Energy]65.00
2020-01-30_22:10:04.579[Status]Routing 89: Walk: 47
2020-01-30_22:10:04.682[Battery Energy]64.90
2020-01-30_22:10:04.843[Status]Routing 90: Walk: 47
2020-01-30_22:10:04.943[Battery Energy]64.77
2020-01-30_22:10:05.230[Status]Routing 91: Walk: 47
2020-01-30_22:10:05.346[Battery Energy]64.60
2020-01-30_22:10:05.466[Status]Routing 92: Walk: 47
2020-01-30_22:10:05.582[Battery Energy]64.50
2020-01-30_22:10:05.738[Status]Routing 93: Walk: 47
2020-01-30_22:10:05.850[Battery Energy]64.38
2020-01-30_22:10:05.985[Status]Routing 94: Walk: 47
2020-01-30_22:10:06.090[Battery Energy]64.28
2020-01-30_22:10:06.234[Status]Routing 95: Walk: 47
2020-01-30_22:10:06.338[Battery Energy]64.17
2020-01-30_22:10:06.615[Status]Routing 96: Walk: 47
2020-01-30_22:10:06.715[Battery Energy]63.99
2020-01-30_22:10:06.869[Status]Routing 97: Walk: 47
2020-01-30_22:10:06.969[Battery Energy]63.87
2020-01-30_22:10:07.117[Status]Routing 98: Walk: 47
2020-01-30_22:10:07.218[Battery Energy]63.79
2020-01-30_22:10:07.378[Status]Routing 99: Walk: 47
2020-01-30_22:10:07.486[Battery Energy]63.68
2020-01-30_22:10:07.822[Status]Routing 100: Walk: 47
2020-01-30_22:10:07.938[Battery Energy]63.45
2020-01-30_22:10:08.059[Status]Routing 101: Walk: 47
2020-01-30_22:10:08.159[Battery Energy]63.35
2020-01-30_22:10:08.329[Status]Routing 102: Walk: 47
2020-01-30_22:10:08.429[Battery Energy]63.24
2020-01-30_22:10:08.573[Status]Routing 103: Walk: 47
2020-01-30_22:10:08.678[Battery Energy]63.12
2020-01-30_22:10:09.015[Status]Routing 104: Walk: 47
2020-01-30_22:10:09.138[Battery Energy]62.95
2020-01-30_22:10:09.412[Status]Routing 105: Walk: 47
2020-01-30_22:10:09.513[Battery Energy]62.74
2020-01-30_22:10:09.822[Status]Routing 106: Walk: 47
2020-01-30_22:10:09.923[Battery Energy]62.54
2020-01-30_22:10:10.163[Status]Routing 107: Walk: 47
2020-01-30_22:10:10.278[Battery Energy]62.36
2020-01-30_22:10:10.545[Status]Routing 108: Walk: 47
2020-01-30_22:10:10.650[Battery Energy]62.16
2020-01-30_22:10:10.935[Status]Routing 109: Walk: 47
2020-01-30_22:10:11.043[Battery Energy]61.94
2020-01-30_22:10:11.353[Status]Routing 110: Walk: 47
2020-01-30_22:10:11.458[Battery Energy]61.73
2020-01-30_22:10:11.767[Status]Routing 111: Walk: 47
2020-01-30_22:10:11.867[Battery Energy]61.51
2020-01-30_22:10:12.005[Status]Routing 112: Walk: 47
2020-01-30_22:10:12.114[Battery Energy]61.42
2020-01-30_22:10:12.246[Status]Routing 113: Walk: 47
2020-01-30_22:10:12.346[Battery Energy]61.31
2020-01-30_22:10:12.522[Status]Routing 114: Walk: 47
2020-01-30_22:10:12.622[Battery Energy]61.16
2020-01-30_22:10:12.770[Status]Routing 115: Walk: 47
2020-01-30_22:10:12.882[Battery Energy]61.05
2020-01-30_22:10:13.025[Status]Routing 116: Walk: 47
2020-01-30_22:10:13.130[Battery Energy]60.95
2020-01-30_22:10:13.307[Status]Routing 117: Walk: 47
2020-01-30_22:10:13.422[Battery Energy]60.82
2020-01-30_22:10:13.538[Status]Routing 118: Walk: 47
2020-01-30_22:10:13.638[Battery Energy]60.72
2020-01-30_22:10:13.892[Status]Routing 119: Walk: 47
2020-01-30_22:10:14.004[Battery Energy]60.53
2020-01-30_22:10:14.124[Status]Routing 120: Walk: 47
2020-01-30_22:10:14.242[Battery Energy]60.44
2020-01-30_22:10:14.377[Status]Routing 121: Walk: 47
2020-01-30_22:10:14.484[Battery Energy]60.33
2020-01-30_22:10:14.622[Status]Routing 122: Walk: 47
2020-01-30_22:10:14.726[Battery Energy]60.23
2020-01-30_22:10:14.883[Status]Routing 123: Walk: 47
2020-01-30_22:10:14.998[Battery Energy]60.11
2020-01-30_22:10:15.117[Status]Routing 124: Walk: 47
2020-01-30_22:10:15.220[Battery Energy]60.02
2020-01-30_22:10:15.365[Status]Routing 125: Walk: 47
2020-01-30_22:10:15.478[Battery Energy]59.91
2020-01-30_22:10:15.711[Status]Routing 126: Walk: 47
2020-01-30_22:10:15.817[Battery Energy]59.72
2020-01-30_22:10:15.966[Status]Routing 127: Walk: 47
2020-01-30_22:10:16.090[Battery Energy]59.62
2020-01-30_22:10:16.303[Status]Routing 128: Walk: 47
2020-01-30_22:10:16.404[Battery Energy]59.47
2020-01-30_22:10:16.576[Status]Routing 129: Walk: 47
2020-01-30_22:10:16.677[Battery Energy]59.38
2020-01-30_22:10:16.899[Status]Routing 130: Walk: 47
2020-01-30_22:10:17.018[Battery Energy]59.21
2020-01-30_22:10:17.158[Status]Routing 131: Walk: 47
2020-01-30_22:10:17.262[Battery Energy]59.11
2020-01-30_22:10:17.532[Status]Routing 132: Walk: 47
2020-01-30_22:10:17.634[Battery Energy]58.90
2020-01-30_22:10:17.949[Status]Routing 133: Walk: 47
2020-01-30_22:10:18.054[Battery Energy]58.65
2020-01-30_22:10:18.360[Status]Routing 134: Walk: 47
2020-01-30_22:10:18.466[Battery Energy]58.46
2020-01-30_22:10:18.733[Status]Routing 135: Walk: 47
2020-01-30_22:10:18.834[Battery Energy]58.32
2020-01-30_22:10:19.123[Status]Routing 136: Walk: 47
2020-01-30_22:10:19.226[Battery Energy]58.12
2020-01-30_22:10:19.343[Status]Routing 137: Walk: 47
2020-01-30_22:10:19.458[Battery Energy]58.03
2020-01-30_22:10:19.612[Status]Routing 138: Walk: 47
2020-01-30_22:10:19.713[Battery Energy]57.94
2020-01-30_22:10:19.870[Status]Routing 139: Walk: 47
2020-01-30_22:10:19.973[Battery Energy]57.83
2020-01-30_22:10:20.117[Status]Routing 140: Walk: 47
2020-01-30_22:10:20.223[Battery Energy]57.73
2020-01-30_22:10:20.466[Status]Routing 141: Walk: 47
2020-01-30_22:10:20.570[Battery Energy]57.56
2020-01-30_22:10:20.705[Status]Routing 142: Walk: 47
2020-01-30_22:10:20.805[Battery Energy]57.47
2020-01-30_22:10:20.979[Status]Routing 143: Walk: 47
2020-01-30_22:10:21.082[Battery Energy]57.35
2020-01-30_22:10:21.212[Status]Routing 144: Walk: 47
2020-01-30_22:10:21.312[Battery Energy]57.24
2020-01-30_22:10:21.479[Status]Routing 145: Walk: 47
2020-01-30_22:10:21.590[Battery Energy]57.11
2020-01-30_22:10:21.755[Status]Routing 146: Walk: 47
2020-01-30_22:10:21.870[Battery Energy]57.00
2020-01-30_22:10:22.013[Status]Routing 147: Walk: 47
2020-01-30_22:10:22.122[Battery Energy]56.90
2020-01-30_22:10:22.250[Status]Routing 148: Walk: 47
2020-01-30_22:10:22.365[Battery Energy]56.80
2020-01-30_22:10:22.484[Status]Routing 149: Walk: 47
2020-01-30_22:10:22.584[Battery Energy]56.68
2020-01-30_22:10:22.751[Status]Routing 150: Walk: 47
2020-01-30_22:10:22.862[Battery Energy]56.58
2020-01-30_22:10:23.031[Status]Routing 151: Walk: 47
2020-01-30_22:10:23.146[Battery Energy]56.46
2020-01-30_22:10:23.277[Status]Routing 152: Walk: 47
2020-01-30_22:10:23.379[Battery Energy]56.34
2020-01-30_22:10:23.519[Status]Routing 153: Walk: 47
2020-01-30_22:10:23.619[Battery Energy]56.23
2020-01-30_22:10:23.760[Status]Routing 154: Walk: 47
2020-01-30_22:10:23.874[Battery Energy]56.12
2020-01-30_22:10:24.019[Status]Routing 155: Walk: 47
2020-01-30_22:10:24.130[Battery Energy]55.99
2020-01-30_22:10:24.282[Status]Routing 156: Walk: 47
2020-01-30_22:10:24.390[Battery Energy]55.88
2020-01-30_22:10:24.536[Status]Routing 157: Walk: 47
2020-01-30_22:10:24.636[Battery Energy]55.76
2020-01-30_22:10:24.780[Status]Routing 158: Walk: 47
2020-01-30_22:10:24.886[Battery Energy]55.66
2020-01-30_22:10:25.015[Status]Routing 159: Walk: 47
2020-01-30_22:10:25.118[Battery Energy]55.56
2020-01-30_22:10:25.264[Status]Routing 160: Walk: 47
2020-01-30_22:10:25.374[Battery Energy]55.44
2020-01-30_22:10:25.503[Status]Routing 161: Walk: 47
2020-01-30_22:10:25.618[Battery Energy]55.34
2020-01-30_22:10:25.742[Status]Routing 162: Walk: 47
2020-01-30_22:10:25.850[Battery Energy]55.22
2020-01-30_22:10:26.003[Status]Routing 163: Walk: 47
2020-01-30_22:10:26.107[Battery Energy]55.12
2020-01-30_22:10:26.250[Status]Routing 164: Walk: 47
2020-01-30_22:10:26.362[Battery Energy]55.03
2020-01-30_22:10:26.514[Status]Routing 165: Walk: 47
2020-01-30_22:10:26.615[Battery Energy]54.90
2020-01-30_22:10:26.769[Status]Routing 166: Walk: 47
2020-01-30_22:10:26.870[Battery Energy]54.76
2020-01-30_22:10:27.032[Status]Routing 167: Walk: 47
2020-01-30_22:10:27.132[Battery Energy]54.64
2020-01-30_22:10:27.286[Status]Routing 168: Walk: 47
2020-01-30_22:10:27.398[Battery Energy]54.54
2020-01-30_22:10:27.513[Status]Routing 169: Walk: 47
2020-01-30_22:10:27.613[Battery Energy]54.44
2020-01-30_22:10:27.764[Status]Routing 170: Walk: 47
2020-01-30_22:10:27.864[Battery Energy]54.32
2020-01-30_22:10:27.993[Status]Routing 171: Walk: 47
2020-01-30_22:10:28.094[Battery Energy]54.21
2020-01-30_22:10:28.282[Status]Routing 172: Walk: 47
2020-01-30_22:10:28.394[Battery Energy]54.07
2020-01-30_22:10:28.517[Status]Routing 173: Walk: 47
2020-01-30_22:10:28.630[Battery Energy]53.97
2020-01-30_22:10:28.771[Status]Routing 174: Walk: 47
2020-01-30_22:10:28.871[Battery Energy]53.86
2020-01-30_22:10:29.010[Status]Routing 175: Walk: 47
2020-01-30_22:10:29.126[Battery Energy]53.75
2020-01-30_22:10:29.257[Status]Routing 176: Walk: 47
2020-01-30_22:10:29.357[Battery Energy]53.66
2020-01-30_22:10:29.493[Status]Routing 177: Walk: 47
2020-01-30_22:10:29.593[Battery Energy]53.56
2020-01-30_22:10:29.739[Status]Routing 178: Walk: 47
2020-01-30_22:10:29.839[Battery Energy]53.45
2020-01-30_22:10:30.026[Status]Routing 179: Walk: 47
2020-01-30_22:10:30.129[Battery Energy]53.30
2020-01-30_22:10:30.292[Status]Routing 180: Walk: 47
2020-01-30_22:10:30.392[Battery Energy]53.20
2020-01-30_22:10:30.547[Status]Routing 181: Walk: 47
2020-01-30_22:10:30.650[Battery Energy]53.09
2020-01-30_22:10:30.817[Status]Routing 182: Walk: 47
2020-01-30_22:10:30.917[Battery Energy]52.96
2020-01-30_22:10:31.101[Status]Routing 183: Walk: 47
2020-01-30_22:10:31.202[Battery Energy]52.86
2020-01-30_22:10:31.387[Status]Routing 184: Walk: 47
2020-01-30_22:10:31.490[Battery Energy]52.71
2020-01-30_22:10:31.657[Status]Routing 185: Walk: 47
2020-01-30_22:10:31.770[Battery Energy]52.62
