2020-02-08_13:33:48.638[Status]Start.
2020-02-08_13:33:48.638[Battery Energy]52.00
2020-02-08_13:33:49.740[Battery Energy]51.96
2020-02-08_13:33:50.843[Battery Energy]51.92
2020-02-08_13:33:51.945[Battery Energy]51.88
2020-02-08_13:33:53.046[Battery Energy]51.84
2020-02-08_13:33:54.147[Task]A New Task Released.
2020-02-08_13:33:54.147[Battery Energy]51.80
2020-02-08_13:33:54.147[Status]Selection Start.
2020-02-08_13:33:57.658[Status]Selection End: Do Task 1.
2020-02-08_13:33:57.758[Battery Energy]49.37
2020-02-08_13:33:57.758[Status]Formation Start.
2020-02-08_13:33:57.913[Status]Formation End: To Position 2.
2020-02-08_13:33:58.013[Battery Energy]49.21
2020-02-08_13:33:58.013[Status]Routing Start.
2020-02-08_13:33:58.205[Status]{'coordinate': [127.31001449657879, 385.6501548013054], 'id': 10}
2020-02-08_13:33:58.205[Status]Routing 1: Walk: 1
2020-02-08_13:33:58.305[Battery Energy]48.98
2020-02-08_13:33:58.305[Status]Routing Start.
2020-02-08_13:33:58.491[Status]{'coordinate': [136.62002899315758, 389.3003096026108], 'id': 10}
2020-02-08_13:33:58.491[Status]Routing 2: Walk: 2
2020-02-08_13:33:58.591[Battery Energy]48.79
2020-02-08_13:33:58.591[Status]Routing Start.
2020-02-08_13:33:58.749[Status]{'coordinate': [145.93004348973636, 392.9504644039162], 'id': 10}
2020-02-08_13:33:58.749[Status]Routing 3: Walk: 3
2020-02-08_13:33:58.866[Battery Energy]48.58
2020-02-08_13:33:58.866[Status]Routing Start.
2020-02-08_13:33:59.010[Status]{'coordinate': [155.24005798631515, 396.6006192052216], 'id': 10}
2020-02-08_13:33:59.010[Status]Routing 4: Walk: 4
2020-02-08_13:33:59.110[Battery Energy]48.37
2020-02-08_13:33:59.110[Status]Routing Start.
2020-02-08_13:33:59.260[Status]{'coordinate': [164.55007248289394, 400.250774006527], 'id': 10}
2020-02-08_13:33:59.260[Status]Routing 5: Walk: 5
2020-02-08_13:33:59.360[Battery Energy]48.17
2020-02-08_13:33:59.360[Status]Routing Start.
2020-02-08_13:33:59.848[Status]{'coordinate': [173.86008697947273, 403.90092880783243], 'id': 10}
2020-02-08_13:33:59.848[Status]Routing 6: Walk: 6
2020-02-08_13:33:59.948[Battery Energy]47.69
2020-02-08_13:33:59.948[Status]Routing Start.
2020-02-08_13:34:00.274[Status]{'coordinate': [183.1701014760515, 407.55108360913783], 'id': 10}
2020-02-08_13:34:00.274[Status]Routing 7: Walk: 7
2020-02-08_13:34:00.374[Battery Energy]47.34
2020-02-08_13:34:00.374[Status]Routing Start.
2020-02-08_13:34:00.734[Status]{'coordinate': [192.4801159726303, 411.20123841044324], 'id': 10}
2020-02-08_13:34:00.734[Status]Routing 8: Walk: 8
2020-02-08_13:34:00.834[Battery Energy]46.94
2020-02-08_13:34:00.835[Status]Routing Start.
2020-02-08_13:34:01.007[Status]{'coordinate': [201.7901304692091, 414.85139321174864], 'id': 10}
2020-02-08_13:34:01.007[Status]Routing 9: Walk: 9
2020-02-08_13:34:01.110[Battery Energy]46.73
2020-02-08_13:34:01.110[Status]Routing Start.
2020-02-08_13:34:01.423[Status]{'coordinate': [211.10014496578788, 418.50154801305405], 'id': 10}
2020-02-08_13:34:01.423[Status]Routing 10: Walk: 10
2020-02-08_13:34:01.524[Battery Energy]46.38
2020-02-08_13:34:01.524[Status]Routing Start.
2020-02-08_13:34:01.892[Status]{'coordinate': [220.41015946236666, 422.15170281435945], 'id': 10}
2020-02-08_13:34:01.892[Status]Routing 11: Walk: 11
2020-02-08_13:34:01.992[Battery Energy]45.98
2020-02-08_13:34:01.992[Status]Routing Start.
2020-02-08_13:34:02.337[Status]{'coordinate': [229.72017395894545, 425.80185761566486], 'id': 10}
2020-02-08_13:34:02.337[Status]Routing 12: Walk: 12
2020-02-08_13:34:02.437[Battery Energy]45.62
2020-02-08_13:34:02.437[Status]Routing Start.
2020-02-08_13:34:02.779[Status]{'coordinate': [239.03018845552424, 429.45201241697026], 'id': 10}
2020-02-08_13:34:02.780[Status]Routing 13: Walk: 13
2020-02-08_13:34:02.880[Battery Energy]45.30
2020-02-08_13:34:02.890[Status]Routing Start.
2020-02-08_13:34:03.256[Status]{'coordinate': [248.34020295210303, 433.10216721827567], 'id': 10}
2020-02-08_13:34:03.257[Status]Routing 14: Walk: 14
2020-02-08_13:34:03.357[Battery Energy]44.95
2020-02-08_13:34:03.357[Status]Routing Start.
2020-02-08_13:34:03.657[Status]{'coordinate': [257.6502174486818, 436.7523220195811], 'id': 10}
2020-02-08_13:34:03.657[Status]Routing 15: Walk: 15
2020-02-08_13:34:03.762[Battery Energy]44.66
2020-02-08_13:34:03.762[Status]Routing Start.
2020-02-08_13:34:04.090[Status]{'coordinate': [266.9602319452606, 440.4024768208865], 'id': 10}
2020-02-08_13:34:04.090[Status]Routing 16: Walk: 16
2020-02-08_13:34:04.191[Battery Energy]44.34
2020-02-08_13:34:04.191[Status]Routing Start.
2020-02-08_13:34:04.506[Status]{'coordinate': [276.2702464418394, 444.0526316221919], 'id': 10}
2020-02-08_13:34:04.509[Status]Routing 17: Walk: 17
2020-02-08_13:34:04.610[Battery Energy]44.02
2020-02-08_13:34:04.610[Status]Routing Start.
2020-02-08_13:34:04.769[Status]{'coordinate': [285.5802609384182, 447.7027864234973], 'id': 10}
2020-02-08_13:34:04.769[Status]Routing 18: Walk: 18
2020-02-08_13:34:04.877[Battery Energy]43.82
2020-02-08_13:34:04.877[Status]Routing Start.
2020-02-08_13:34:05.026[Status]{'coordinate': [294.89027543499697, 451.3529412248027], 'id': 10}
2020-02-08_13:34:05.027[Status]Routing 19: Walk: 19
2020-02-08_13:34:05.142[Battery Energy]43.62
2020-02-08_13:34:05.142[Status]Routing Start.
2020-02-08_13:34:05.284[Status]{'coordinate': [304.20028993157575, 455.0030960261081], 'id': 10}
2020-02-08_13:34:05.284[Status]Routing 20: Walk: 20
2020-02-08_13:34:05.387[Battery Energy]43.41
2020-02-08_13:34:05.388[Status]Routing Start.
2020-02-08_13:34:05.528[Status]{'coordinate': [313.51030442815454, 458.6532508274135], 'id': 10}
2020-02-08_13:34:05.528[Status]Routing 21: Walk: 21
2020-02-08_13:34:05.638[Battery Energy]43.22
2020-02-08_13:34:05.638[Status]Routing Start.
2020-02-08_13:34:05.955[Status]{'coordinate': [310.5204257477575, 468.1958199508994], 'id': 10}
2020-02-08_13:34:05.955[Status]Routing 22: Walk: 22
2020-02-08_13:34:06.056[Battery Energy]42.83
2020-02-08_13:34:06.056[Status]Routing Start.
2020-02-08_13:34:06.325[Status]{'coordinate': [302.65241540620366, 474.3678871301516], 'id': 10}
2020-02-08_13:34:06.325[Status]Routing 23: Walk: 23
2020-02-08_13:34:06.426[Battery Energy]42.48
2020-02-08_13:34:06.426[Status]Routing Start.
2020-02-08_13:34:06.793[Status]{'coordinate': [294.69709148795397, 480.42699773780055], 'id': 10}
2020-02-08_13:34:06.797[Status]Routing 24: Walk: 24
2020-02-08_13:34:06.898[Battery Energy]42.07
2020-02-08_13:34:06.898[Status]Routing Start.
2020-02-08_13:34:07.216[Status]{'coordinate': [291.065084734257, 489.74410710396666], 'id': 10}
2020-02-08_13:34:07.216[Status]Routing 25: Walk: 25
2020-02-08_13:34:07.317[Battery Energy]41.72
2020-02-08_13:34:07.317[Status]Routing Start.
2020-02-08_13:34:07.459[Status]{'coordinate': [300.5122415587217, 493.0230136189454], 'id': 10}
2020-02-08_13:34:07.459[Status]Routing 26: Walk: 26
2020-02-08_13:34:07.574[Battery Energy]41.52
2020-02-08_13:34:07.574[Status]Routing Start.
2020-02-08_13:34:07.723[Status]{'coordinate': [309.9593983831864, 496.30192013392417], 'id': 10}
2020-02-08_13:34:07.723[Status]Routing 27: Walk: 27
2020-02-08_13:34:07.824[Battery Energy]41.31
2020-02-08_13:34:07.824[Status]Routing Start.
2020-02-08_13:34:07.977[Status]{'coordinate': [319.4065552076511, 499.5808266489029], 'id': 10}
2020-02-08_13:34:07.978[Status]Routing 28: Walk: 28
2020-02-08_13:34:08.078[Battery Energy]41.09
2020-02-08_13:34:08.078[Status]Routing Start.
2020-02-08_13:34:08.585[Status]{'coordinate': [328.85371203211577, 502.8597331638817], 'id': 10}
2020-02-08_13:34:08.585[Status]Routing 29: Walk: 29
2020-02-08_13:34:08.685[Battery Energy]40.60
2020-02-08_13:34:08.685[Status]Routing Start.
2020-02-08_13:34:08.964[Status]{'coordinate': [338.30086885658045, 506.13863967886044], 'id': 10}
2020-02-08_13:34:08.964[Status]Routing 30: Walk: 30
2020-02-08_13:34:09.065[Battery Energy]40.25
2020-02-08_13:34:09.065[Status]Routing Start.
2020-02-08_13:34:09.277[Status]{'coordinate': [347.74802568104514, 509.4175461938392], 'id': 10}
2020-02-08_13:34:09.277[Status]Routing 31: Walk: 31
2020-02-08_13:34:09.378[Battery Energy]40.00
2020-02-08_13:34:09.378[Status]Routing Start.
2020-02-08_13:34:09.700[Status]{'coordinate': [357.1951825055098, 512.6964527088179], 'id': 10}
2020-02-08_13:34:09.700[Status]Routing 32: Walk: 32
2020-02-08_13:34:09.806[Battery Energy]39.71
2020-02-08_13:34:09.806[Status]Routing Start.
2020-02-08_13:34:10.132[Status]{'coordinate': [366.6423393299745, 515.9753592237967], 'id': 10}
2020-02-08_13:34:10.133[Status]Routing 33: Walk: 33
2020-02-08_13:34:10.233[Battery Energy]39.41
2020-02-08_13:34:10.233[Status]Routing Start.
2020-02-08_13:34:10.558[Status]{'coordinate': [376.0894961544392, 519.2542657387754], 'id': 10}
2020-02-08_13:34:10.558[Status]Routing 34: Walk: 34
2020-02-08_13:34:10.659[Battery Energy]39.09
2020-02-08_13:34:10.659[Status]Routing Start.
2020-02-08_13:34:10.821[Status]{'coordinate': [385.5366529789039, 522.5331722537542], 'id': 10}
2020-02-08_13:34:10.821[Status]Routing 35: Walk: 35
2020-02-08_13:34:10.921[Battery Energy]38.85
2020-02-08_13:34:10.921[Status]Routing Start.
2020-02-08_13:34:11.246[Status]{'coordinate': [394.98380980336856, 525.8120787687329], 'id': 10}
2020-02-08_13:34:11.248[Status]Routing 36: Walk: 36
2020-02-08_13:34:11.348[Battery Energy]38.54
2020-02-08_13:34:11.348[Status]Routing Start.
2020-02-08_13:34:11.885[Status]{'coordinate': [393.93747748082524, 535.7571875499782], 'id': 10}
2020-02-08_13:34:11.885[Status]Routing 37: Walk: 37
2020-02-08_13:34:11.985[Battery Energy]38.01
2020-02-08_13:34:11.985[Status]Routing Start.
2020-02-08_13:34:12.285[Status]{'coordinate': [388.5253162971468, 544.1660228630215], 'id': 10}
2020-02-08_13:34:12.285[Status]Routing 38: Walk: 38
2020-02-08_13:34:12.385[Battery Energy]37.66
2020-02-08_13:34:12.386[Status]Routing Start.
2020-02-08_13:34:12.716[Status]{'coordinate': [382.17023063337405, 551.8869610318005], 'id': 10}
2020-02-08_13:34:12.716[Status]Routing 39: Walk: 39
2020-02-08_13:34:12.816[Battery Energy]37.30
2020-02-08_13:34:12.816[Status]Routing Start.
2020-02-08_13:34:12.962[Status]{'coordinate': [391.7252730206002, 554.8367347482595], 'id': 10}
2020-02-08_13:34:12.962[Status]Routing 40: Walk: 40
2020-02-08_13:34:13.063[Battery Energy]37.11
2020-02-08_13:34:13.063[Status]Routing Start.
2020-02-08_13:34:13.217[Status]{'coordinate': [401.2803154078263, 557.7865084647184], 'id': 10}
2020-02-08_13:34:13.217[Status]Routing 41: Walk: 41
2020-02-08_13:34:13.330[Battery Energy]36.89
2020-02-08_13:34:13.330[Status]Routing Start.
2020-02-08_13:34:13.481[Status]{'coordinate': [410.83535779505246, 560.7362821811773], 'id': 10}
2020-02-08_13:34:13.483[Status]Routing 42: Walk: 42
2020-02-08_13:34:13.594[Battery Energy]36.69
2020-02-08_13:34:13.594[Status]Routing Start.
2020-02-08_13:34:13.751[Status]{'coordinate': [420.3904001822786, 563.6860558976363], 'id': 10}
2020-02-08_13:34:13.751[Status]Routing 43: Walk: 43
2020-02-08_13:34:13.854[Battery Energy]36.50
2020-02-08_13:34:13.854[Status]Routing Start.
2020-02-08_13:34:14.101[Status]{'coordinate': [429.94544256950473, 566.6358296140952], 'id': 10}
2020-02-08_13:34:14.101[Status]Routing 44: Walk: 44
2020-02-08_13:34:14.218[Battery Energy]36.23
2020-02-08_13:34:14.218[Status]Routing Start.
2020-02-08_13:34:14.341[Status]{'coordinate': [439.5004849567309, 569.5856033305541], 'id': 10}
2020-02-08_13:34:14.341[Status]Routing 45: Walk: 45
2020-02-08_13:34:14.450[Battery Energy]36.03
2020-02-08_13:34:14.450[Status]Routing Start.
2020-02-08_13:34:14.606[Status]{'coordinate': [449.055527343957, 572.5353770470131], 'id': 10}
2020-02-08_13:34:14.606[Status]Routing 46: Walk: 46
2020-02-08_13:34:14.722[Battery Energy]35.84
2020-02-08_13:34:14.722[Status]Routing Start.
2020-02-08_13:34:14.865[Status]{'coordinate': [458.61056973118315, 575.485150763472], 'id': 10}
2020-02-08_13:34:14.865[Status]Routing 47: Walk: 47
2020-02-08_13:34:14.969[Battery Energy]35.62
2020-02-08_13:34:14.969[Status]Routing Start.
2020-02-08_13:34:15.145[Status]{'coordinate': [468.1656121184093, 578.4349244799309], 'id': 10}
2020-02-08_13:34:15.145[Status]Routing 48: Walk: 48
2020-02-08_13:34:15.258[Battery Energy]35.43
2020-02-08_13:34:15.258[Status]Routing Start.
2020-02-08_13:34:15.435[Status]{'coordinate': [477.7206545056354, 581.3846981963899], 'id': 10}
2020-02-08_13:34:15.435[Status]Routing 49: Walk: 49
2020-02-08_13:34:15.540[Battery Energy]35.20
2020-02-08_13:34:15.540[Status]Routing Start.
2020-02-08_13:34:15.719[Status]{'coordinate': [487.27569689286156, 584.3344719128488], 'id': 10}
2020-02-08_13:34:15.719[Status]Routing 50: Walk: 50
2020-02-08_13:34:15.830[Battery Energy]34.98
2020-02-08_13:34:15.830[Status]Routing Start.
2020-02-08_13:34:16.153[Status]{'coordinate': [496.8307392800877, 587.2842456293077], 'id': 10}
2020-02-08_13:34:16.153[Status]Routing 51: Walk: 51
2020-02-08_13:34:16.254[Battery Energy]34.65
2020-02-08_13:34:16.254[Status]Routing Start.
2020-02-08_13:34:16.388[Status]{'coordinate': [506.38578166731384, 590.2340193457667], 'id': 10}
2020-02-08_13:34:16.388[Status]Routing 52: Walk: 52
2020-02-08_13:34:16.488[Battery Energy]34.45
2020-02-08_13:34:16.488[Status]Routing Start.
2020-02-08_13:34:16.649[Status]{'coordinate': [515.9408240545399, 593.1837930622256], 'id': 10}
2020-02-08_13:34:16.649[Status]Routing 53: Walk: 53
2020-02-08_13:34:16.766[Battery Energy]34.24
2020-02-08_13:34:16.766[Status]Routing Start.
2020-02-08_13:34:16.923[Status]{'coordinate': [525.495866441766, 596.1335667786846], 'id': 10}
2020-02-08_13:34:16.923[Status]Routing 54: Walk: 54
2020-02-08_13:34:17.034[Battery Energy]34.04
2020-02-08_13:34:17.034[Status]Routing Start.
2020-02-08_13:34:17.172[Status]{'coordinate': [535.0509088289921, 599.0833404951435], 'id': 10}
2020-02-08_13:34:17.172[Status]Routing 55: Walk: 55
2020-02-08_13:34:17.294[Battery Energy]33.84
2020-02-08_13:34:17.294[Status]Routing Start.
2020-02-08_13:34:17.450[Status]{'coordinate': [544.6059512162182, 602.0331142116024], 'id': 10}
2020-02-08_13:34:17.450[Status]Routing 56: Walk: 56
2020-02-08_13:34:17.566[Battery Energy]33.63
2020-02-08_13:34:17.566[Status]Routing Start.
2020-02-08_13:34:17.700[Status]{'coordinate': [554.1609936034442, 604.9828879280614], 'id': 10}
2020-02-08_13:34:17.700[Status]Routing 57: Walk: 57
2020-02-08_13:34:17.801[Battery Energy]33.44
2020-02-08_13:34:17.801[Status]Routing Start.
2020-02-08_13:34:17.958[Status]{'coordinate': [563.7160359906703, 607.9326616445203], 'id': 10}
2020-02-08_13:34:17.958[Status]Routing 58: Walk: 58
2020-02-08_13:34:18.066[Battery Energy]33.21
2020-02-08_13:34:18.066[Status]Routing Start.
2020-02-08_13:34:18.197[Status]{'coordinate': [573.2710783778964, 610.8824353609792], 'id': 10}
2020-02-08_13:34:18.197[Status]Routing 59: Walk: 59
2020-02-08_13:34:18.302[Battery Energy]33.02
2020-02-08_13:34:18.302[Status]Routing Start.
2020-02-08_13:34:18.473[Status]{'coordinate': [582.8261207651225, 613.8322090774382], 'id': 10}
2020-02-08_13:34:18.474[Status]Routing 60: Walk: 60
2020-02-08_13:34:18.574[Battery Energy]32.79
2020-02-08_13:34:18.574[Status]Routing Start.
2020-02-08_13:34:18.734[Status]{'coordinate': [592.3811631523486, 616.7819827938971], 'id': 10}
2020-02-08_13:34:18.735[Status]Routing 61: Walk: 61
2020-02-08_13:34:18.836[Battery Energy]32.58
2020-02-08_13:34:18.836[Status]Routing Start.
2020-02-08_13:34:18.972[Status]{'coordinate': [601.9362055395746, 619.731756510356], 'id': 10}
2020-02-08_13:34:18.975[Status]Routing 62: Walk: 62
2020-02-08_13:34:19.075[Battery Energy]32.38
2020-02-08_13:34:19.075[Status]Routing Start.
2020-02-08_13:34:19.218[Status]{'coordinate': [611.4912479268007, 622.681530226815], 'id': 10}
2020-02-08_13:34:19.218[Status]Routing 63: Walk: 63
2020-02-08_13:34:19.330[Battery Energy]32.17
2020-02-08_13:34:19.330[Status]Routing Start.
2020-02-08_13:34:19.459[Status]{'coordinate': [621.0462903140268, 625.6313039432739], 'id': 10}
2020-02-08_13:34:19.461[Status]Routing 64: Walk: 64
2020-02-08_13:34:19.562[Battery Energy]31.97
2020-02-08_13:34:19.562[Status]Routing Start.
2020-02-08_13:34:19.707[Status]{'coordinate': [630.6013327012529, 628.5810776597328], 'id': 10}
2020-02-08_13:34:19.707[Status]Routing 65: Walk: 65
2020-02-08_13:34:19.807[Battery Energy]31.75
2020-02-08_13:34:19.808[Status]Routing Start.
2020-02-08_13:34:19.982[Status]{'coordinate': [640.156375088479, 631.5308513761918], 'id': 10}
2020-02-08_13:34:19.982[Status]Routing 66: Walk: 66
2020-02-08_13:34:20.083[Battery Energy]31.53
2020-02-08_13:34:20.083[Status]Routing Start.
2020-02-08_13:34:20.238[Status]{'coordinate': [649.711417475705, 634.4806250926507], 'id': 10}
2020-02-08_13:34:20.238[Status]Routing 67: Walk: 67
2020-02-08_13:34:20.341[Battery Energy]31.31
2020-02-08_13:34:20.341[Status]Routing Start.
2020-02-08_13:34:20.500[Status]{'coordinate': [659.2664598629311, 637.4303988091096], 'id': 10}
2020-02-08_13:34:20.500[Status]Routing 68: Walk: 68
2020-02-08_13:34:20.609[Battery Energy]31.11
2020-02-08_13:34:20.609[Status]Routing Start.
2020-02-08_13:34:20.771[Status]{'coordinate': [668.8215022501572, 640.3801725255686], 'id': 10}
2020-02-08_13:34:20.771[Status]Routing 69: Walk: 69
2020-02-08_13:34:20.871[Battery Energy]30.88
2020-02-08_13:34:20.872[Status]Routing Start.
2020-02-08_13:34:21.000[Status]{'coordinate': [678.3765446373833, 643.3299462420275], 'id': 10}
2020-02-08_13:34:21.000[Status]Routing 70: Walk: 70
2020-02-08_13:34:21.118[Battery Energy]30.69
2020-02-08_13:34:21.118[Status]Routing Start.
2020-02-08_13:34:21.254[Status]{'coordinate': [687.9315870246094, 646.2797199584865], 'id': 10}
2020-02-08_13:34:21.255[Status]Routing 71: Walk: 71
2020-02-08_13:34:21.367[Battery Energy]30.48
2020-02-08_13:34:21.367[Status]Routing Start.
2020-02-08_13:34:21.522[Status]{'coordinate': [697.4866294118355, 649.2294936749454], 'id': 10}
2020-02-08_13:34:21.522[Status]Routing 72: Walk: 72
2020-02-08_13:34:21.634[Battery Energy]30.27
2020-02-08_13:34:21.634[Status]Routing Start.
2020-02-08_13:34:21.788[Status]{'coordinate': [707.0416717990615, 652.1792673914043], 'id': 10}
2020-02-08_13:34:21.788[Status]Routing 73: Walk: 73
2020-02-08_13:34:21.888[Battery Energy]30.08
2020-02-08_13:34:21.888[Status]Routing Start.
2020-02-08_13:34:22.072[Status]{'coordinate': [716.5967141862876, 655.1290411078633], 'id': 10}
2020-02-08_13:34:22.072[Status]Routing 74: Walk: 74
2020-02-08_13:34:22.182[Battery Energy]29.86
2020-02-08_13:34:22.182[Status]Routing Start.
2020-02-08_13:34:22.335[Status]{'coordinate': [726.1517565735137, 658.0788148243222], 'id': 10}
2020-02-08_13:34:22.336[Status]Routing 75: Walk: 75
2020-02-08_13:34:22.439[Battery Energy]29.64
2020-02-08_13:34:22.439[Status]Routing Start.
2020-02-08_13:34:22.670[Status]{'coordinate': [735.7067989607398, 661.0285885407811], 'id': 10}
2020-02-08_13:34:22.672[Status]Routing 76: Walk: 76
2020-02-08_13:34:22.783[Battery Energy]29.40
2020-02-08_13:34:22.783[Status]Routing Start.
2020-02-08_13:34:22.921[Status]{'coordinate': [745.2618413479659, 663.9783622572401], 'id': 10}
2020-02-08_13:34:22.925[Status]Routing 77: Walk: 77
2020-02-08_13:34:23.042[Battery Energy]29.20
2020-02-08_13:34:23.042[Status]Routing Start.
2020-02-08_13:34:23.171[Status]{'coordinate': [754.8168837351919, 666.928135973699], 'id': 10}
2020-02-08_13:34:23.172[Status]Routing 78: Walk: 78
2020-02-08_13:34:23.272[Battery Energy]29.00
2020-02-08_13:34:23.272[Status]Routing Start.
2020-02-08_13:34:23.420[Status]{'coordinate': [764.371926122418, 669.8779096901579], 'id': 10}
2020-02-08_13:34:23.420[Status]Routing 79: Walk: 79
2020-02-08_13:34:23.523[Battery Energy]28.80
2020-02-08_13:34:23.523[Status]Routing Start.
2020-02-08_13:34:23.676[Status]{'coordinate': [773.9269685096441, 672.8276834066169], 'id': 10}
2020-02-08_13:34:23.676[Status]Routing 80: Walk: 80
2020-02-08_13:34:23.776[Battery Energy]28.62
2020-02-08_13:34:23.776[Status]Routing Start.
2020-02-08_13:34:23.924[Status]{'coordinate': [783.4820108968702, 675.7774571230758], 'id': 10}
2020-02-08_13:34:23.924[Status]Routing 81: Walk: 81
2020-02-08_13:34:24.025[Battery Energy]28.40
2020-02-08_13:34:24.025[Status]Routing Start.
2020-02-08_13:34:24.175[Status]{'coordinate': [793.0370532840963, 678.7272308395347], 'id': 10}
2020-02-08_13:34:24.175[Status]Routing 82: Walk: 82
2020-02-08_13:34:24.281[Battery Energy]28.19
2020-02-08_13:34:24.282[Status]Routing Start.
2020-02-08_13:34:24.423[Status]{'coordinate': [802.5920956713223, 681.6770045559937], 'id': 10}
2020-02-08_13:34:24.423[Status]Routing 83: Walk: 83
2020-02-08_13:34:24.523[Battery Energy]27.97
2020-02-08_13:34:24.524[Status]Routing Start.
2020-02-08_13:34:24.671[Status]{'coordinate': [812.1471380585484, 684.6267782724526], 'id': 10}
2020-02-08_13:34:24.673[Status]Routing 84: Walk: 84
2020-02-08_13:34:24.777[Battery Energy]27.74
2020-02-08_13:34:24.777[Status]Routing Start.
2020-02-08_13:34:24.933[Status]{'coordinate': [821.7021804457745, 687.5765519889115], 'id': 10}
2020-02-08_13:34:24.934[Status]Routing 85: Walk: 85
2020-02-08_13:34:25.036[Battery Energy]27.55
2020-02-08_13:34:25.036[Status]Routing Start.
2020-02-08_13:34:25.187[Status]{'coordinate': [831.2572228330006, 690.5263257053705], 'id': 10}
2020-02-08_13:34:25.187[Status]Routing 86: Walk: 86
2020-02-08_13:34:25.294[Battery Energy]27.35
2020-02-08_13:34:25.294[Status]Routing Start.
2020-02-08_13:34:25.460[Status]{'coordinate': [840.8122652202267, 693.4760994218294], 'id': 10}
2020-02-08_13:34:25.460[Status]Routing 87: Walk: 87
2020-02-08_13:34:25.570[Battery Energy]27.13
2020-02-08_13:34:25.570[Status]Routing Start.
2020-02-08_13:34:25.732[Status]{'coordinate': [850.3673076074527, 696.4258731382884], 'id': 10}
2020-02-08_13:34:25.732[Status]Routing 88: Walk: 88
2020-02-08_13:34:25.832[Battery Energy]26.92
2020-02-08_13:34:25.832[Status]Routing Start.
2020-02-08_13:34:26.019[Status]{'coordinate': [859.9223499946788, 699.3756468547473], 'id': 10}
2020-02-08_13:34:26.019[Status]Routing 89: Walk: 89
2020-02-08_13:34:26.119[Battery Energy]26.71
2020-02-08_13:34:26.119[Status]Routing Start.
2020-02-08_13:34:26.469[Status]{'coordinate': [869.4773923819049, 702.3254205712062], 'id': 10}
2020-02-08_13:34:26.469[Status]Routing 90: Walk: 90
2020-02-08_13:34:26.574[Battery Energy]26.37
2020-02-08_13:34:26.574[Status]Routing Start.
2020-02-08_13:34:26.855[Status]{'coordinate': [879.032434769131, 705.2751942876652], 'id': 10}
2020-02-08_13:34:26.855[Status]Routing 91: Walk: 91
2020-02-08_13:34:26.955[Battery Energy]26.09
2020-02-08_13:34:26.955[Status]Routing Start.
2020-02-08_13:34:27.274[Status]{'coordinate': [888.5874771563571, 708.2249680041241], 'id': 10}
2020-02-08_13:34:27.274[Status]Routing 92: Walk: 92
2020-02-08_13:34:27.374[Battery Energy]25.80
2020-02-08_13:34:27.374[Status]Routing Start.
2020-02-08_13:34:27.554[Status]{'coordinate': [898.1425195435831, 711.174741720583], 'id': 10}
2020-02-08_13:34:27.554[Status]Routing 93: Walk: 93
2020-02-08_13:34:27.662[Battery Energy]25.56
2020-02-08_13:34:27.662[Status]Routing Start.
2020-02-08_13:34:27.825[Status]{'coordinate': [907.6975619308092, 714.124515437042], 'id': 10}
2020-02-08_13:34:27.825[Status]Routing 94: Walk: 94
2020-02-08_13:34:27.926[Battery Energy]25.33
2020-02-08_13:34:27.926[Status]Routing Start.
2020-02-08_13:34:28.074[Status]{'coordinate': [917.2526043180353, 717.0742891535009], 'id': 10}
2020-02-08_13:34:28.074[Status]Routing 95: Walk: 95
2020-02-08_13:34:28.174[Battery Energy]25.15
2020-02-08_13:34:28.174[Status]Routing Start.
2020-02-08_13:34:28.483[Status]{'coordinate': [926.8076467052614, 720.0240628699598], 'id': 10}
2020-02-08_13:34:28.484[Status]Routing 96: Walk: 96
2020-02-08_13:34:28.590[Battery Energy]24.82
2020-02-08_13:34:28.590[Status]Routing Start.
2020-02-08_13:34:28.964[Status]{'coordinate': [936.3626890924875, 722.9738365864188], 'id': 10}
2020-02-08_13:34:28.964[Status]Routing 97: Walk: 97
2020-02-08_13:34:29.064[Battery Energy]24.48
2020-02-08_13:34:29.064[Status]Routing Start.
2020-02-08_13:34:29.395[Status]{'coordinate': [945.9177314797136, 725.9236103028777], 'id': 10}
2020-02-08_13:34:29.395[Status]Routing 98: Walk: 98
2020-02-08_13:34:29.497[Battery Energy]24.14
2020-02-08_13:34:29.498[Status]Routing Start.
2020-02-08_13:34:29.820[Status]{'coordinate': [955.4727738669396, 728.8733840193366], 'id': 10}
2020-02-08_13:34:29.820[Status]Routing 99: Walk: 99
2020-02-08_13:34:29.930[Battery Energy]23.83
2020-02-08_13:34:29.930[Status]Routing Start.
2020-02-08_13:34:30.205[Status]{'coordinate': [965.0278162541657, 731.8231577357956], 'id': 10}
2020-02-08_13:34:30.206[Status]Routing 100: Walk: 100
2020-02-08_13:34:30.306[Battery Energy]23.52
2020-02-08_13:34:30.306[Status]Routing Start.
2020-02-08_13:34:30.586[Status]{'coordinate': [974.5828586413918, 734.7729314522545], 'id': 10}
2020-02-08_13:34:30.586[Status]Routing 101: Walk: 101
2020-02-08_13:34:30.698[Battery Energy]23.26
2020-02-08_13:34:30.698[Status]Routing Start.
2020-02-08_13:34:30.839[Status]{'coordinate': [984.1379010286179, 737.7227051687134], 'id': 10}
2020-02-08_13:34:30.839[Status]Routing 102: Walk: 102
2020-02-08_13:34:30.946[Battery Energy]23.06
2020-02-08_13:34:30.946[Status]Routing Start.
2020-02-08_13:34:31.273[Status]{'coordinate': [993.692943415844, 740.6724788851724], 'id': 10}
2020-02-08_13:34:31.273[Status]Routing 103: Walk: 103
2020-02-08_13:34:31.375[Battery Energy]22.77
2020-02-08_13:34:31.375[Status]Routing Start.
2020-02-08_13:34:31.546[Status]{'coordinate': [1003.24798580307, 743.6222526016313], 'id': 10}
2020-02-08_13:34:31.547[Status]Routing 104: Walk: 104
2020-02-08_13:34:31.648[Battery Energy]22.54
2020-02-08_13:34:31.648[Status]Routing Start.
2020-02-08_13:34:31.801[Status]{'coordinate': [1012.8030281902961, 746.5720263180903], 'id': 10}
2020-02-08_13:34:31.801[Status]Routing 105: Walk: 105
2020-02-08_13:34:31.902[Battery Energy]22.32
2020-02-08_13:34:31.902[Status]Routing Start.
2020-02-08_13:34:32.196[Status]{'coordinate': [1022.3580705775222, 749.5218000345493], 'id': 10}
2020-02-08_13:34:32.197[Status]Routing 106: Walk: 106
2020-02-08_13:34:32.307[Battery Energy]22.05
2020-02-08_13:34:32.307[Status]Routing Start.
2020-02-08_13:34:32.442[Status]{'coordinate': [1031.9131129647483, 752.4715737510082], 'id': 10}
2020-02-08_13:34:32.442[Status]Routing 107: Walk: 107
2020-02-08_13:34:32.554[Battery Energy]21.85
2020-02-08_13:34:32.554[Status]Routing Start.
2020-02-08_13:34:32.702[Status]{'coordinate': [1041.4681553519745, 755.4213474674673], 'id': 10}
2020-02-08_13:34:32.702[Status]Routing 108: Walk: 108
2020-02-08_13:34:32.818[Battery Energy]21.63
2020-02-08_13:34:32.818[Status]Routing Start.
2020-02-08_13:34:33.132[Status]{'coordinate': [1051.0231977392007, 758.3711211839262], 'id': 10}
2020-02-08_13:34:33.132[Status]Routing 109: Walk: 109
2020-02-08_13:34:33.232[Battery Energy]21.30
2020-02-08_13:34:33.232[Status]Routing Start.
2020-02-08_13:34:33.572[Status]{'coordinate': [1060.5782401264269, 761.3208949003853], 'id': 10}
2020-02-08_13:34:33.572[Status]Routing 110: Walk: 110
2020-02-08_13:34:33.679[Battery Energy]20.98
2020-02-08_13:34:33.679[Status]Routing Start.
2020-02-08_13:34:33.919[Status]{'coordinate': [1070.133282513653, 764.2706686168443], 'id': 10}
2020-02-08_13:34:33.919[Status]Routing 111: Walk: 111
2020-02-08_13:34:34.025[Battery Energy]20.73
2020-02-08_13:34:34.025[Status]Routing Start.
2020-02-08_13:34:34.363[Status]{'coordinate': [1079.6883249008793, 767.2204423333033], 'id': 10}
2020-02-08_13:34:34.364[Status]Routing 112: Walk: 112
2020-02-08_13:34:34.482[Battery Energy]20.39
2020-02-08_13:34:34.482[Status]Routing Start.
2020-02-08_13:34:34.775[Status]{'coordinate': [1089.2433672881054, 770.1702160497623], 'id': 10}
2020-02-08_13:34:34.777[Status]Routing 113: Walk: 113
2020-02-08_13:34:34.882[Battery Energy]20.09
2020-02-08_13:34:34.882[Status]Routing Start.
2020-02-08_13:34:35.177[Status]{'coordinate': [1098.7984096753316, 773.1199897662214], 'id': 10}
2020-02-08_13:34:35.177[Status]Routing 114: Walk: 114
2020-02-08_13:34:35.282[Battery Energy]19.76
2020-02-08_13:34:35.282[Status]Routing Start.
2020-02-08_13:34:35.636[Status]{'coordinate': [1108.3534520625578, 776.0697634826804], 'id': 10}
2020-02-08_13:34:35.636[Status]Routing 115: Walk: 115
2020-02-08_13:34:35.758[Battery Energy]19.42
2020-02-08_13:34:35.758[Status]Routing Start.
2020-02-08_13:34:36.050[Status]{'coordinate': [1117.908494449784, 779.0195371991393], 'id': 10}
2020-02-08_13:34:36.051[Status]Routing 116: Walk: 116
2020-02-08_13:34:36.158[Battery Energy]19.10
2020-02-08_13:34:36.158[Status]Routing Start.
2020-02-08_13:34:36.526[Status]{'coordinate': [1127.4635368370102, 781.9693109155984], 'id': 10}
2020-02-08_13:34:36.526[Status]Routing 117: Walk: 117
2020-02-08_13:34:36.638[Battery Energy]18.75
2020-02-08_13:34:36.638[Status]Routing Start.
2020-02-08_13:34:36.783[Status]{'coordinate': [1137.0185792242364, 784.9190846320574], 'id': 10}
2020-02-08_13:34:36.783[Status]Routing 118: Walk: 118
2020-02-08_13:34:36.883[Battery Energy]18.54
2020-02-08_13:34:36.883[Status]Routing Start.
2020-02-08_13:34:37.128[Status]{'coordinate': [1146.5736216114626, 787.8688583485165], 'id': 10}
2020-02-08_13:34:37.128[Status]Routing 119: Walk: 119
2020-02-08_13:34:37.229[Battery Energy]18.26
2020-02-08_13:34:37.229[Status]Routing Start.
2020-02-08_13:34:37.571[Status]{'coordinate': [1156.1286639986888, 790.8186320649754], 'id': 10}
2020-02-08_13:34:37.571[Status]Routing 120: Walk: 120
2020-02-08_13:34:37.678[Battery Energy]17.95
2020-02-08_13:34:37.678[Status]Routing Start.
2020-02-08_13:34:37.958[Status]{'coordinate': [1165.683706385915, 793.7684057814345], 'id': 10}
2020-02-08_13:34:37.958[Status]Routing 121: Walk: 121
2020-02-08_13:34:38.062[Battery Energy]17.64
2020-02-08_13:34:38.062[Status]Routing Start.
2020-02-08_13:34:38.337[Status]{'coordinate': [1175.2387487731412, 796.7181794978935], 'id': 10}
2020-02-08_13:34:38.337[Status]Routing 122: Walk: 122
2020-02-08_13:34:38.458[Battery Energy]17.32
2020-02-08_13:34:38.458[Status]Routing Start.
2020-02-08_13:34:38.458[Status]Task Finished.
2020-02-08_13:34:38.558[Battery Energy]17.32
2020-02-08_13:34:38.718[Status]Routing 124: Walk: 122
2020-02-08_13:34:38.818[Battery Energy]17.21
2020-02-08_13:34:39.055[Status]Routing 125: Walk: 122
2020-02-08_13:34:39.174[Battery Energy]17.04
2020-02-08_13:34:39.316[Status]Routing 126: Walk: 122
2020-02-08_13:34:39.418[Battery Energy]16.94
2020-02-08_13:34:39.650[Status]Routing 127: Walk: 122
2020-02-08_13:34:39.750[Battery Energy]16.80
2020-02-08_13:34:39.909[Status]Routing 128: Walk: 122
2020-02-08_13:34:40.018[Battery Energy]16.69
2020-02-08_13:34:40.160[Status]Routing 129: Walk: 122
2020-02-08_13:34:40.264[Battery Energy]16.58
2020-02-08_13:34:40.414[Status]Routing 130: Walk: 122
2020-02-08_13:34:40.522[Battery Energy]16.49
2020-02-08_13:34:40.667[Status]Routing 131: Walk: 122
2020-02-08_13:34:40.774[Battery Energy]16.39
2020-02-08_13:34:40.964[Status]Routing 132: Walk: 122
2020-02-08_13:34:41.070[Battery Energy]16.28
2020-02-08_13:34:41.322[Status]Routing 133: Walk: 122
2020-02-08_13:34:41.430[Battery Energy]16.11
2020-02-08_13:34:41.578[Status]Routing 134: Walk: 122
2020-02-08_13:34:41.686[Battery Energy]16.02
2020-02-08_13:34:41.829[Status]Routing 135: Walk: 122
2020-02-08_13:34:41.930[Battery Energy]15.91
2020-02-08_13:34:42.089[Status]Routing 136: Walk: 122
2020-02-08_13:34:42.189[Battery Energy]15.80
2020-02-08_13:34:42.352[Status]Routing 137: Walk: 122
2020-02-08_13:34:42.470[Battery Energy]15.70
2020-02-08_13:34:42.655[Status]Routing 138: Walk: 122
2020-02-08_13:34:42.757[Battery Energy]15.58
2020-02-08_13:34:42.918[Status]Routing 139: Walk: 122
2020-02-08_13:34:43.019[Battery Energy]15.47
2020-02-08_13:34:43.194[Status]Routing 140: Walk: 122
2020-02-08_13:34:43.295[Battery Energy]15.35
2020-02-08_13:34:43.441[Status]Routing 141: Walk: 122
2020-02-08_13:34:43.557[Battery Energy]15.24
2020-02-08_13:34:43.678[Status]Routing 142: Walk: 122
2020-02-08_13:34:43.782[Battery Energy]15.14
2020-02-08_13:34:43.923[Status]Routing 143: Walk: 122
2020-02-08_13:34:44.030[Battery Energy]15.02
2020-02-08_13:34:44.171[Status]Routing 144: Walk: 122
2020-02-08_13:34:44.271[Battery Energy]14.93
2020-02-08_13:34:44.425[Status]Routing 145: Walk: 122
2020-02-08_13:34:44.530[Battery Energy]14.81
2020-02-08_13:34:44.692[Status]Routing 146: Walk: 122
2020-02-08_13:34:44.798[Battery Energy]14.70
2020-02-08_13:34:44.961[Status]Routing 147: Walk: 122
2020-02-08_13:34:45.066[Battery Energy]14.61
2020-02-08_13:34:45.212[Status]Routing 148: Walk: 122
2020-02-08_13:34:45.322[Battery Energy]14.50
2020-02-08_13:34:45.485[Status]Routing 149: Walk: 122
2020-02-08_13:34:45.585[Battery Energy]14.36
2020-02-08_13:34:45.779[Status]Routing 150: Walk: 122
2020-02-08_13:34:45.890[Battery Energy]14.22
2020-02-08_13:34:46.023[Status]Routing 151: Walk: 122
2020-02-08_13:34:46.142[Battery Energy]14.12
2020-02-08_13:34:46.311[Status]Routing 152: Walk: 122
2020-02-08_13:34:46.418[Battery Energy]14.00
2020-02-08_13:34:46.592[Status]Routing 153: Walk: 122
2020-02-08_13:34:46.692[Battery Energy]13.89
2020-02-08_13:34:46.869[Status]Routing 154: Walk: 122
2020-02-08_13:34:46.969[Battery Energy]13.78
2020-02-08_13:34:47.111[Status]Routing 155: Walk: 122
2020-02-08_13:34:47.211[Battery Energy]13.67
2020-02-08_13:34:47.366[Status]Routing 156: Walk: 122
2020-02-08_13:34:47.466[Battery Energy]13.56
2020-02-08_13:34:47.631[Status]Routing 157: Walk: 122
2020-02-08_13:34:47.738[Battery Energy]13.44
2020-02-08_13:34:47.883[Status]Routing 158: Walk: 122
2020-02-08_13:34:47.994[Battery Energy]13.31
2020-02-08_13:34:48.149[Status]Routing 159: Walk: 122
2020-02-08_13:34:48.250[Battery Energy]13.19
2020-02-08_13:34:48.430[Status]Routing 160: Walk: 122
2020-02-08_13:34:48.545[Battery Energy]13.07
2020-02-08_13:34:48.675[Status]Routing 161: Walk: 122
2020-02-08_13:34:48.776[Battery Energy]12.98
2020-02-08_13:34:48.918[Status]Routing 162: Walk: 122
2020-02-08_13:34:49.030[Battery Energy]12.87
2020-02-08_13:34:49.200[Status]Routing 163: Walk: 122
2020-02-08_13:34:49.301[Battery Energy]12.77
2020-02-08_13:34:49.476[Status]Routing 164: Walk: 122
2020-02-08_13:34:49.582[Battery Energy]12.63
2020-02-08_13:34:49.720[Status]Routing 165: Walk: 122
2020-02-08_13:34:49.830[Battery Energy]12.50
2020-02-08_13:34:49.981[Status]Routing 166: Walk: 122
2020-02-08_13:34:50.081[Battery Energy]12.38
2020-02-08_13:34:50.260[Status]Routing 167: Walk: 122
2020-02-08_13:34:50.364[Battery Energy]12.28
2020-02-08_13:34:50.515[Status]Routing 168: Walk: 122
2020-02-08_13:34:50.630[Battery Energy]12.20
2020-02-08_13:34:50.760[Status]Routing 169: Walk: 122
2020-02-08_13:34:50.860[Battery Energy]12.12
2020-02-08_13:34:51.018[Status]Routing 170: Walk: 122
2020-02-08_13:34:51.126[Battery Energy]12.02
2020-02-08_13:34:51.255[Status]Routing 171: Walk: 122
2020-02-08_13:34:51.358[Battery Energy]11.92
2020-02-08_13:34:51.522[Status]Routing 172: Walk: 122
2020-02-08_13:34:51.644[Battery Energy]11.80
2020-02-08_13:34:51.794[Status]Routing 173: Walk: 122
2020-02-08_13:34:51.899[Battery Energy]11.70
2020-02-08_13:34:52.040[Status]Routing 174: Walk: 122
2020-02-08_13:34:52.158[Battery Energy]11.60
2020-02-08_13:34:52.308[Status]Routing 175: Walk: 122
2020-02-08_13:34:52.425[Battery Energy]11.49
2020-02-08_13:34:52.557[Status]Routing 176: Walk: 122
2020-02-08_13:34:52.657[Battery Energy]11.39
2020-02-08_13:34:52.816[Status]Routing 177: Walk: 122
2020-02-08_13:34:52.916[Battery Energy]11.26
2020-02-08_13:34:53.063[Status]Routing 178: Walk: 122
2020-02-08_13:34:53.170[Battery Energy]11.16
2020-02-08_13:34:53.319[Status]Routing 179: Walk: 122
2020-02-08_13:34:53.419[Battery Energy]11.06
2020-02-08_13:34:53.555[Status]Routing 180: Walk: 122
2020-02-08_13:34:53.657[Battery Energy]10.97
2020-02-08_13:34:53.797[Status]Routing 181: Walk: 122
2020-02-08_13:34:53.900[Battery Energy]10.88
2020-02-08_13:34:54.054[Status]Routing 182: Walk: 122
2020-02-08_13:34:54.155[Battery Energy]10.78
2020-02-08_13:34:54.311[Status]Routing 183: Walk: 122
2020-02-08_13:34:54.434[Battery Energy]10.68
2020-02-08_13:34:54.594[Status]Routing 184: Walk: 122
2020-02-08_13:34:54.702[Battery Energy]10.59
2020-02-08_13:34:54.856[Status]Routing 185: Walk: 122
2020-02-08_13:34:54.958[Battery Energy]10.50
2020-02-08_13:34:55.083[Status]Routing 186: Walk: 122
2020-02-08_13:34:55.183[Battery Energy]10.40
2020-02-08_13:34:55.338[Status]Routing 187: Walk: 122
2020-02-08_13:34:55.454[Battery Energy]10.27
2020-02-08_13:34:55.605[Status]Routing 188: Walk: 122
2020-02-08_13:34:55.706[Battery Energy]10.15
2020-02-08_13:34:55.842[Status]Routing 189: Walk: 122
2020-02-08_13:34:55.946[Battery Energy]10.04
2020-02-08_13:34:56.097[Status]Routing 190: Walk: 122
2020-02-08_13:34:56.210[Battery Energy]9.92
2020-02-08_13:34:56.378[Status]Routing 191: Walk: 122
2020-02-08_13:34:56.490[Battery Energy]9.79
2020-02-08_13:34:56.639[Status]Routing 192: Walk: 122
2020-02-08_13:34:56.755[Battery Energy]9.68
2020-02-08_13:34:56.876[Status]Routing 193: Walk: 122
2020-02-08_13:34:56.976[Battery Energy]9.57
2020-02-08_13:34:57.162[Status]Routing 194: Walk: 122
2020-02-08_13:34:57.266[Battery Energy]9.44
2020-02-08_13:34:57.447[Status]Routing 195: Walk: 122
2020-02-08_13:34:57.549[Battery Energy]9.30
2020-02-08_13:34:57.718[Status]Routing 196: Walk: 122
2020-02-08_13:34:57.822[Battery Energy]9.19
2020-02-08_13:34:57.957[Status]Routing 197: Walk: 122
2020-02-08_13:34:58.074[Battery Energy]9.07
2020-02-08_13:34:58.200[Status]Routing 198: Walk: 122
2020-02-08_13:34:58.300[Battery Energy]8.97
2020-02-08_13:34:58.453[Status]Routing 199: Walk: 122
2020-02-08_13:34:58.553[Battery Energy]8.85
2020-02-08_13:34:58.706[Status]Routing 200: Walk: 122
2020-02-08_13:34:58.822[Battery Energy]8.74
2020-02-08_13:34:58.970[Status]Routing 201: Walk: 122
2020-02-08_13:34:59.078[Battery Energy]8.60
2020-02-08_13:34:59.226[Status]Routing 202: Walk: 122
2020-02-08_13:34:59.338[Battery Energy]8.52
2020-02-08_13:34:59.467[Status]Routing 203: Walk: 122
2020-02-08_13:34:59.567[Battery Energy]8.40
2020-02-08_13:34:59.706[Status]Routing 204: Walk: 122
2020-02-08_13:34:59.818[Battery Energy]8.29
2020-02-08_13:34:59.953[Status]Routing 205: Walk: 122
2020-02-08_13:35:00.058[Battery Energy]8.18
2020-02-08_13:35:00.190[Status]Routing 206: Walk: 122
2020-02-08_13:35:00.298[Battery Energy]8.06
2020-02-08_13:35:00.487[Status]Routing 207: Walk: 122
2020-02-08_13:35:00.594[Battery Energy]7.90
2020-02-08_13:35:00.789[Status]Routing 208: Walk: 122
2020-02-08_13:35:00.898[Battery Energy]7.78
2020-02-08_13:35:01.035[Status]Routing 209: Walk: 122
2020-02-08_13:35:01.142[Battery Energy]7.67
2020-02-08_13:35:01.299[Status]Routing 210: Walk: 122
2020-02-08_13:35:01.399[Battery Energy]7.56
2020-02-08_13:35:01.574[Status]Routing 211: Walk: 122
2020-02-08_13:35:01.689[Battery Energy]7.42
2020-02-08_13:35:01.840[Status]Routing 212: Walk: 122
2020-02-08_13:35:01.950[Battery Energy]7.32
2020-02-08_13:35:02.083[Status]Routing 213: Walk: 122
2020-02-08_13:35:02.183[Battery Energy]7.22
2020-02-08_13:35:02.342[Status]Routing 214: Walk: 122
2020-02-08_13:35:02.442[Battery Energy]7.10
2020-02-08_13:35:02.614[Status]Routing 215: Walk: 122
2020-02-08_13:35:02.714[Battery Energy]7.00
2020-02-08_13:35:02.886[Status]Routing 216: Walk: 122
2020-02-08_13:35:02.996[Battery Energy]6.88
2020-02-08_13:35:03.120[Status]Routing 217: Walk: 122
2020-02-08_13:35:03.222[Battery Energy]6.81
2020-02-08_13:35:03.366[Status]Routing 218: Walk: 122
2020-02-08_13:35:03.466[Battery Energy]6.70
2020-02-08_13:35:03.629[Status]Routing 219: Walk: 122
2020-02-08_13:35:03.731[Battery Energy]6.61
2020-02-08_13:35:03.905[Status]Routing 220: Walk: 122
2020-02-08_13:35:04.006[Battery Energy]6.51
2020-02-08_13:35:04.219[Status]Routing 221: Walk: 122
2020-02-08_13:35:04.330[Battery Energy]6.37
2020-02-08_13:35:04.482[Status]Routing 222: Walk: 122
2020-02-08_13:35:04.590[Battery Energy]6.27
2020-02-08_13:35:04.717[Status]Routing 223: Walk: 122
2020-02-08_13:35:04.822[Battery Energy]6.18
2020-02-08_13:35:04.992[Status]Routing 224: Walk: 122
2020-02-08_13:35:05.098[Battery Energy]6.07
2020-02-08_13:35:05.268[Status]Routing 225: Walk: 122
2020-02-08_13:35:05.386[Battery Energy]5.96
2020-02-08_13:35:05.552[Status]Routing 226: Walk: 122
2020-02-08_13:35:05.654[Battery Energy]5.87
