2020-02-08_13:33:50.105[Status]Start.
2020-02-08_13:33:50.106[Battery Energy]52.00
2020-02-08_13:33:51.207[Battery Energy]51.96
2020-02-08_13:33:52.309[Battery Energy]51.92
2020-02-08_13:33:53.410[Battery Energy]51.88
2020-02-08_13:33:54.512[Battery Energy]51.84
2020-02-08_13:33:55.613[Task]A New Task Released.
2020-02-08_13:33:55.613[Battery Energy]51.80
2020-02-08_13:33:55.613[Status]Selection Start.
2020-02-08_13:33:57.654[Status]Selection End: Do Task 2.
2020-02-08_13:33:57.754[Battery Energy]50.56
2020-02-08_13:33:57.754[Status]Formation Start.
2020-02-08_13:33:57.944[Status]Formation End: To Position 5.
2020-02-08_13:33:58.056[Battery Energy]50.40
2020-02-08_13:33:58.056[Status]Routing Start.
2020-02-08_13:33:58.209[Status]{'coordinate': [72.99961401201627, 98.08786131508147], 'id': 16}
2020-02-08_13:33:58.209[Status]Routing 1: Walk: 1
2020-02-08_13:33:58.318[Battery Energy]50.19
2020-02-08_13:33:58.318[Status]Routing Start.
2020-02-08_13:33:58.489[Status]{'coordinate': [82.99922802403253, 98.17572263016294], 'id': 16}
2020-02-08_13:33:58.489[Status]Routing 2: Walk: 2
2020-02-08_13:33:58.594[Battery Energy]49.98
2020-02-08_13:33:58.594[Status]Routing Start.
2020-02-08_13:33:58.744[Status]{'coordinate': [92.9988420360488, 98.2635839452444], 'id': 16}
2020-02-08_13:33:58.745[Status]Routing 3: Walk: 3
2020-02-08_13:33:58.850[Battery Energy]49.76
2020-02-08_13:33:58.850[Status]Routing Start.
2020-02-08_13:33:59.008[Status]{'coordinate': [102.99845604806507, 98.35144526032587], 'id': 16}
2020-02-08_13:33:59.008[Status]Routing 4: Walk: 4
2020-02-08_13:33:59.116[Battery Energy]49.54
2020-02-08_13:33:59.116[Status]Routing Start.
2020-02-08_13:33:59.254[Status]{'coordinate': [112.99807006008133, 98.43930657540734], 'id': 16}
2020-02-08_13:33:59.255[Status]Routing 5: Walk: 5
2020-02-08_13:33:59.357[Battery Energy]49.33
2020-02-08_13:33:59.357[Status]Routing Start.
2020-02-08_13:33:59.671[Status]{'coordinate': [122.9976840720976, 98.52716789048881], 'id': 16}
2020-02-08_13:33:59.671[Status]Routing 6: Walk: 6
2020-02-08_13:33:59.771[Battery Energy]49.01
2020-02-08_13:33:59.771[Status]Routing Start.
2020-02-08_13:34:00.094[Status]{'coordinate': [132.99729808411388, 98.61502920557028], 'id': 16}
2020-02-08_13:34:00.094[Status]Routing 7: Walk: 7
2020-02-08_13:34:00.202[Battery Energy]48.71
2020-02-08_13:34:00.202[Status]Routing Start.
2020-02-08_13:34:00.541[Status]{'coordinate': [142.99691209613016, 98.70289052065175], 'id': 16}
2020-02-08_13:34:00.543[Status]Routing 8: Walk: 8
2020-02-08_13:34:00.645[Battery Energy]48.41
2020-02-08_13:34:00.645[Status]Routing Start.
2020-02-08_13:34:01.008[Status]{'coordinate': [152.99652610814644, 98.79075183573322], 'id': 16}
2020-02-08_13:34:01.008[Status]Routing 9: Walk: 9
2020-02-08_13:34:01.118[Battery Energy]48.07
2020-02-08_13:34:01.118[Status]Routing Start.
2020-02-08_13:34:01.416[Status]{'coordinate': [162.99614012016272, 98.8786131508147], 'id': 16}
2020-02-08_13:34:01.417[Status]Routing 10: Walk: 10
2020-02-08_13:34:01.517[Battery Energy]47.77
2020-02-08_13:34:01.517[Status]Routing Start.
2020-02-08_13:34:01.882[Status]{'coordinate': [172.995754132179, 98.96647446589617], 'id': 16}
2020-02-08_13:34:01.882[Status]Routing 11: Walk: 11
2020-02-08_13:34:01.983[Battery Energy]47.48
2020-02-08_13:34:01.983[Status]Routing Start.
2020-02-08_13:34:02.324[Status]{'coordinate': [182.99536814419528, 99.05433578097765], 'id': 16}
2020-02-08_13:34:02.324[Status]Routing 12: Walk: 12
2020-02-08_13:34:02.424[Battery Energy]47.17
2020-02-08_13:34:02.424[Status]Routing Start.
2020-02-08_13:34:02.773[Status]{'coordinate': [192.99498215621156, 99.14219709605912], 'id': 16}
2020-02-08_13:34:02.773[Status]Routing 13: Walk: 13
2020-02-08_13:34:02.873[Battery Energy]46.83
2020-02-08_13:34:02.873[Status]Routing Start.
2020-02-08_13:34:03.256[Status]{'coordinate': [202.99459616822784, 99.2300584111406], 'id': 16}
2020-02-08_13:34:03.257[Status]Routing 14: Walk: 14
2020-02-08_13:34:03.361[Battery Energy]46.48
2020-02-08_13:34:03.361[Status]Routing Start.
2020-02-08_13:34:03.657[Status]{'coordinate': [212.99421018024412, 99.31791972622207], 'id': 16}
2020-02-08_13:34:03.658[Status]Routing 15: Walk: 15
2020-02-08_13:34:03.766[Battery Energy]46.22
2020-02-08_13:34:03.766[Status]Routing Start.
2020-02-08_13:34:04.084[Status]{'coordinate': [222.9938241922604, 99.40578104130356], 'id': 16}
2020-02-08_13:34:04.085[Status]Routing 16: Walk: 16
2020-02-08_13:34:04.193[Battery Energy]45.89
2020-02-08_13:34:04.193[Status]Routing Start.
2020-02-08_13:34:04.523[Status]{'coordinate': [232.99343820427669, 99.49364235638502], 'id': 16}
2020-02-08_13:34:04.523[Status]Routing 17: Walk: 17
2020-02-08_13:34:04.626[Battery Energy]45.56
2020-02-08_13:34:04.626[Status]Routing Start.
2020-02-08_13:34:04.771[Status]{'coordinate': [242.99305221629297, 99.5815036714665], 'id': 16}
2020-02-08_13:34:04.772[Status]Routing 18: Walk: 18
2020-02-08_13:34:04.872[Battery Energy]45.33
2020-02-08_13:34:04.872[Status]Routing Start.
2020-02-08_13:34:05.029[Status]{'coordinate': [252.99266622830925, 99.66936498654798], 'id': 16}
2020-02-08_13:34:05.029[Status]Routing 19: Walk: 19
2020-02-08_13:34:05.132[Battery Energy]45.11
2020-02-08_13:34:05.132[Status]Routing Start.
2020-02-08_13:34:05.266[Status]{'coordinate': [262.9922802403255, 99.75722630162946], 'id': 16}
2020-02-08_13:34:05.266[Status]Routing 20: Walk: 20
2020-02-08_13:34:05.367[Battery Energy]44.90
2020-02-08_13:34:05.367[Status]Routing Start.
2020-02-08_13:34:05.515[Status]{'coordinate': [272.99189425234175, 99.84508761671093], 'id': 16}
2020-02-08_13:34:05.515[Status]Routing 21: Walk: 21
2020-02-08_13:34:05.626[Battery Energy]44.70
2020-02-08_13:34:05.626[Status]Routing Start.
2020-02-08_13:34:05.807[Status]{'coordinate': [282.991508264358, 99.93294893179241], 'id': 16}
2020-02-08_13:34:05.807[Status]Routing 22: Walk: 22
2020-02-08_13:34:05.909[Battery Energy]44.49
2020-02-08_13:34:05.909[Status]Routing Start.
2020-02-08_13:34:06.215[Status]{'coordinate': [292.99112227637426, 100.02081024687388], 'id': 16}
2020-02-08_13:34:06.215[Status]Routing 23: Walk: 23
2020-02-08_13:34:06.315[Battery Energy]44.20
2020-02-08_13:34:06.315[Status]Routing Start.
2020-02-08_13:34:06.588[Status]{'coordinate': [302.9907362883905, 100.10867156195536], 'id': 16}
2020-02-08_13:34:06.588[Status]Routing 24: Walk: 24
2020-02-08_13:34:06.688[Battery Energy]43.92
2020-02-08_13:34:06.688[Status]Routing Start.
2020-02-08_13:34:07.051[Status]{'coordinate': [312.99035030040676, 100.19653287703683], 'id': 16}
2020-02-08_13:34:07.051[Status]Routing 25: Walk: 25
2020-02-08_13:34:07.153[Battery Energy]43.59
2020-02-08_13:34:07.153[Status]Routing Start.
2020-02-08_13:34:07.458[Status]{'coordinate': [322.989964312423, 100.28439419211831], 'id': 16}
2020-02-08_13:34:07.458[Status]Routing 26: Walk: 26
2020-02-08_13:34:07.562[Battery Energy]43.31
2020-02-08_13:34:07.562[Status]Routing Start.
2020-02-08_13:34:07.729[Status]{'coordinate': [332.98957832443926, 100.37225550719978], 'id': 16}
2020-02-08_13:34:07.729[Status]Routing 27: Walk: 27
2020-02-08_13:34:07.830[Battery Energy]43.09
2020-02-08_13:34:07.830[Status]Routing Start.
2020-02-08_13:34:07.978[Status]{'coordinate': [342.9891923364555, 100.46011682228126], 'id': 16}
2020-02-08_13:34:07.979[Status]Routing 28: Walk: 28
2020-02-08_13:34:08.086[Battery Energy]42.88
2020-02-08_13:34:08.086[Status]Routing Start.
2020-02-08_13:34:08.437[Status]{'coordinate': [352.98880634847177, 100.54797813736273], 'id': 16}
2020-02-08_13:34:08.438[Status]Routing 29: Walk: 29
2020-02-08_13:34:08.546[Battery Energy]42.59
2020-02-08_13:34:08.546[Status]Routing Start.
2020-02-08_13:34:08.822[Status]{'coordinate': [362.988420360488, 100.63583945244422], 'id': 16}
2020-02-08_13:34:08.823[Status]Routing 30: Walk: 30
2020-02-08_13:34:08.926[Battery Energy]42.32
2020-02-08_13:34:08.926[Status]Routing Start.
2020-02-08_13:34:09.283[Status]{'coordinate': [372.9880343725043, 100.72370076752568], 'id': 16}
2020-02-08_13:34:09.283[Status]Routing 31: Walk: 31
2020-02-08_13:34:09.383[Battery Energy]41.99
2020-02-08_13:34:09.383[Status]Routing Start.
2020-02-08_13:34:09.701[Status]{'coordinate': [382.9876483845205, 100.81156208260717], 'id': 16}
2020-02-08_13:34:09.701[Status]Routing 32: Walk: 32
2020-02-08_13:34:09.802[Battery Energy]41.65
2020-02-08_13:34:09.802[Status]Routing Start.
2020-02-08_13:34:10.143[Status]{'coordinate': [392.9872623965368, 100.89942339768864], 'id': 16}
2020-02-08_13:34:10.143[Status]Routing 33: Walk: 33
2020-02-08_13:34:10.246[Battery Energy]41.31
2020-02-08_13:34:10.246[Status]Routing Start.
2020-02-08_13:34:10.573[Status]{'coordinate': [402.98687640855303, 100.98728471277012], 'id': 16}
2020-02-08_13:34:10.573[Status]Routing 34: Walk: 34
2020-02-08_13:34:10.682[Battery Energy]40.99
2020-02-08_13:34:10.682[Status]Routing Start.
2020-02-08_13:34:10.817[Status]{'coordinate': [412.9864904205693, 101.07514602785159], 'id': 16}
2020-02-08_13:34:10.818[Status]Routing 35: Walk: 35
2020-02-08_13:34:10.918[Battery Energy]40.81
2020-02-08_13:34:10.918[Status]Routing Start.
2020-02-08_13:34:11.246[Status]{'coordinate': [422.98610443258553, 101.16300734293307], 'id': 16}
2020-02-08_13:34:11.247[Status]Routing 36: Walk: 36
2020-02-08_13:34:11.350[Battery Energy]40.47
2020-02-08_13:34:11.350[Status]Routing Start.
2020-02-08_13:34:11.702[Status]{'coordinate': [432.9857184446018, 101.25086865801454], 'id': 16}
2020-02-08_13:34:11.702[Status]Routing 37: Walk: 37
2020-02-08_13:34:11.814[Battery Energy]40.16
2020-02-08_13:34:11.814[Status]Routing Start.
2020-02-08_13:34:12.143[Status]{'coordinate': [442.98533245661804, 101.33872997309602], 'id': 16}
2020-02-08_13:34:12.143[Status]Routing 38: Walk: 38
2020-02-08_13:34:12.245[Battery Energy]39.83
2020-02-08_13:34:12.245[Status]Routing Start.
2020-02-08_13:34:12.540[Status]{'coordinate': [452.9849464686343, 101.42659128817749], 'id': 16}
2020-02-08_13:34:12.540[Status]Routing 39: Walk: 39
2020-02-08_13:34:12.640[Battery Energy]39.58
2020-02-08_13:34:12.640[Status]Routing Start.
2020-02-08_13:34:12.957[Status]{'coordinate': [462.98456048065054, 101.51445260325897], 'id': 16}
2020-02-08_13:34:12.957[Status]Routing 40: Walk: 40
2020-02-08_13:34:13.059[Battery Energy]39.28
2020-02-08_13:34:13.059[Status]Routing Start.
2020-02-08_13:34:13.215[Status]{'coordinate': [472.9841744926668, 101.60231391834044], 'id': 16}
2020-02-08_13:34:13.215[Status]Routing 41: Walk: 41
2020-02-08_13:34:13.318[Battery Energy]39.07
2020-02-08_13:34:13.318[Status]Routing Start.
2020-02-08_13:34:13.483[Status]{'coordinate': [482.98378850468305, 101.69017523342193], 'id': 16}
2020-02-08_13:34:13.483[Status]Routing 42: Walk: 42
2020-02-08_13:34:13.594[Battery Energy]38.85
2020-02-08_13:34:13.594[Status]Routing Start.
2020-02-08_13:34:13.750[Status]{'coordinate': [492.9834025166993, 101.7780365485034], 'id': 16}
2020-02-08_13:34:13.750[Status]Routing 43: Walk: 43
2020-02-08_13:34:13.858[Battery Energy]38.63
2020-02-08_13:34:13.858[Status]Routing Start.
2020-02-08_13:34:14.100[Status]{'coordinate': [502.98301652871555, 101.86589786358488], 'id': 16}
2020-02-08_13:34:14.100[Status]Routing 44: Walk: 44
2020-02-08_13:34:14.206[Battery Energy]38.40
2020-02-08_13:34:14.206[Status]Routing Start.
2020-02-08_13:34:14.343[Status]{'coordinate': [512.9826305407319, 101.95375917866635], 'id': 16}
2020-02-08_13:34:14.343[Status]Routing 45: Walk: 45
2020-02-08_13:34:14.454[Battery Energy]38.19
2020-02-08_13:34:14.454[Status]Routing Start.
2020-02-08_13:34:14.604[Status]{'coordinate': [522.9822445527482, 102.04162049374783], 'id': 16}
2020-02-08_13:34:14.605[Status]Routing 46: Walk: 46
2020-02-08_13:34:14.705[Battery Energy]37.97
2020-02-08_13:34:14.705[Status]Routing Start.
2020-02-08_13:34:14.864[Status]{'coordinate': [532.9818585647645, 102.1294818088293], 'id': 16}
2020-02-08_13:34:14.865[Status]Routing 47: Walk: 47
2020-02-08_13:34:14.974[Battery Energy]37.75
2020-02-08_13:34:14.974[Status]Routing Start.
2020-02-08_13:34:15.145[Status]{'coordinate': [542.9814725767808, 102.21734312391078], 'id': 16}
2020-02-08_13:34:15.145[Status]Routing 48: Walk: 48
2020-02-08_13:34:15.254[Battery Energy]37.53
2020-02-08_13:34:15.254[Status]Routing Start.
2020-02-08_13:34:15.432[Status]{'coordinate': [552.9810865887971, 102.30520443899225], 'id': 16}
2020-02-08_13:34:15.432[Status]Routing 49: Walk: 49
2020-02-08_13:34:15.542[Battery Energy]37.32
2020-02-08_13:34:15.542[Status]Routing Start.
2020-02-08_13:34:15.716[Status]{'coordinate': [562.9807006008134, 102.39306575407373], 'id': 16}
2020-02-08_13:34:15.716[Status]Routing 50: Walk: 50
2020-02-08_13:34:15.830[Battery Energy]37.09
2020-02-08_13:34:15.830[Status]Routing Start.
2020-02-08_13:34:16.146[Status]{'coordinate': [572.9803146128297, 102.4809270691552], 'id': 16}
2020-02-08_13:34:16.147[Status]Routing 51: Walk: 51
2020-02-08_13:34:16.262[Battery Energy]36.79
2020-02-08_13:34:16.262[Status]Routing Start.
2020-02-08_13:34:16.392[Status]{'coordinate': [582.979928624846, 102.56878838423668], 'id': 16}
2020-02-08_13:34:16.392[Status]Routing 52: Walk: 52
2020-02-08_13:34:16.492[Battery Energy]36.58
2020-02-08_13:34:16.492[Status]Routing Start.
2020-02-08_13:34:16.655[Status]{'coordinate': [592.9795426368623, 102.65664969931815], 'id': 16}
2020-02-08_13:34:16.655[Status]Routing 53: Walk: 53
2020-02-08_13:34:16.762[Battery Energy]36.36
2020-02-08_13:34:16.762[Status]Routing Start.
2020-02-08_13:34:16.921[Status]{'coordinate': [602.9791566488786, 102.74451101439963], 'id': 16}
2020-02-08_13:34:16.921[Status]Routing 54: Walk: 54
2020-02-08_13:34:17.025[Battery Energy]36.13
2020-02-08_13:34:17.025[Status]Routing Start.
2020-02-08_13:34:17.179[Status]{'coordinate': [612.978770660895, 102.8323723294811], 'id': 16}
2020-02-08_13:34:17.179[Status]Routing 55: Walk: 55
2020-02-08_13:34:17.286[Battery Energy]35.92
2020-02-08_13:34:17.287[Status]Routing Start.
2020-02-08_13:34:17.447[Status]{'coordinate': [622.9783846729113, 102.92023364456259], 'id': 16}
2020-02-08_13:34:17.447[Status]Routing 56: Walk: 56
2020-02-08_13:34:17.548[Battery Energy]35.69
2020-02-08_13:34:17.548[Status]Routing Start.
2020-02-08_13:34:17.704[Status]{'coordinate': [632.9779986849276, 103.00809495964405], 'id': 16}
2020-02-08_13:34:17.704[Status]Routing 57: Walk: 57
2020-02-08_13:34:17.810[Battery Energy]35.49
2020-02-08_13:34:17.810[Status]Routing Start.
2020-02-08_13:34:17.966[Status]{'coordinate': [642.9776126969439, 103.09595627472554], 'id': 16}
2020-02-08_13:34:17.966[Status]Routing 58: Walk: 58
2020-02-08_13:34:18.078[Battery Energy]35.27
2020-02-08_13:34:18.078[Status]Routing Start.
2020-02-08_13:34:18.199[Status]{'coordinate': [652.9772267089602, 103.183817589807], 'id': 16}
2020-02-08_13:34:18.199[Status]Routing 59: Walk: 59
2020-02-08_13:34:18.302[Battery Energy]35.08
2020-02-08_13:34:18.302[Status]Routing Start.
2020-02-08_13:34:18.479[Status]{'coordinate': [662.9768407209765, 103.27167890488849], 'id': 16}
2020-02-08_13:34:18.479[Status]Routing 60: Walk: 60
2020-02-08_13:34:18.581[Battery Energy]34.85
2020-02-08_13:34:18.581[Status]Routing Start.
2020-02-08_13:34:18.737[Status]{'coordinate': [672.9764547329928, 103.35954021996997], 'id': 16}
2020-02-08_13:34:18.737[Status]Routing 61: Walk: 61
2020-02-08_13:34:18.842[Battery Energy]34.63
2020-02-08_13:34:18.842[Status]Routing Start.
2020-02-08_13:34:18.972[Status]{'coordinate': [682.9760687450091, 103.44740153505144], 'id': 16}
2020-02-08_13:34:18.972[Status]Routing 62: Walk: 62
2020-02-08_13:34:19.082[Battery Energy]34.45
2020-02-08_13:34:19.082[Status]Routing Start.
2020-02-08_13:34:19.211[Status]{'coordinate': [692.9756827570254, 103.53526285013292], 'id': 16}
2020-02-08_13:34:19.213[Status]Routing 63: Walk: 63
2020-02-08_13:34:19.314[Battery Energy]34.23
2020-02-08_13:34:19.314[Status]Routing Start.
2020-02-08_13:34:19.457[Status]{'coordinate': [702.9752967690417, 103.62312416521439], 'id': 16}
2020-02-08_13:34:19.457[Status]Routing 64: Walk: 64
2020-02-08_13:34:19.557[Battery Energy]34.02
2020-02-08_13:34:19.558[Status]Routing Start.
2020-02-08_13:34:19.711[Status]{'coordinate': [712.974910781058, 103.71098548029588], 'id': 16}
2020-02-08_13:34:19.711[Status]Routing 65: Walk: 65
2020-02-08_13:34:19.811[Battery Energy]33.80
2020-02-08_13:34:19.811[Status]Routing Start.
2020-02-08_13:34:19.980[Status]{'coordinate': [722.9745247930744, 103.79884679537734], 'id': 16}
2020-02-08_13:34:19.980[Status]Routing 66: Walk: 66
2020-02-08_13:34:20.080[Battery Energy]33.55
2020-02-08_13:34:20.080[Status]Routing Start.
2020-02-08_13:34:20.237[Status]{'coordinate': [732.9741388050907, 103.88670811045883], 'id': 16}
2020-02-08_13:34:20.237[Status]Routing 67: Walk: 67
2020-02-08_13:34:20.337[Battery Energy]33.36
2020-02-08_13:34:20.337[Status]Routing Start.
2020-02-08_13:34:20.505[Status]{'coordinate': [742.973752817107, 103.9745694255403], 'id': 16}
2020-02-08_13:34:20.505[Status]Routing 68: Walk: 68
2020-02-08_13:34:20.605[Battery Energy]33.15
2020-02-08_13:34:20.606[Status]Routing Start.
2020-02-08_13:34:20.765[Status]{'coordinate': [752.9733668291233, 104.06243074062178], 'id': 16}
2020-02-08_13:34:20.765[Status]Routing 69: Walk: 69
2020-02-08_13:34:20.865[Battery Energy]32.92
2020-02-08_13:34:20.865[Status]Routing Start.
2020-02-08_13:34:21.007[Status]{'coordinate': [762.9729808411396, 104.15029205570325], 'id': 16}
2020-02-08_13:34:21.007[Status]Routing 70: Walk: 70
2020-02-08_13:34:21.107[Battery Energy]32.71
2020-02-08_13:34:21.107[Status]Routing Start.
2020-02-08_13:34:21.255[Status]{'coordinate': [772.9725948531559, 104.23815337078473], 'id': 16}
2020-02-08_13:34:21.256[Status]Routing 71: Walk: 71
2020-02-08_13:34:21.377[Battery Energy]32.50
2020-02-08_13:34:21.377[Status]Routing Start.
2020-02-08_13:34:21.522[Status]{'coordinate': [782.9722088651722, 104.3260146858662], 'id': 16}
2020-02-08_13:34:21.522[Status]Routing 72: Walk: 72
2020-02-08_13:34:21.638[Battery Energy]32.32
2020-02-08_13:34:21.638[Status]Routing Start.
2020-02-08_13:34:21.793[Status]{'coordinate': [792.9718228771885, 104.41387600094768], 'id': 16}
2020-02-08_13:34:21.793[Status]Routing 73: Walk: 73
2020-02-08_13:34:21.893[Battery Energy]32.12
2020-02-08_13:34:21.893[Status]Routing Start.
2020-02-08_13:34:22.069[Status]{'coordinate': [802.9714368892048, 104.50173731602915], 'id': 16}
2020-02-08_13:34:22.069[Status]Routing 74: Walk: 74
2020-02-08_13:34:22.178[Battery Energy]31.88
2020-02-08_13:34:22.178[Status]Routing Start.
2020-02-08_13:34:22.332[Status]{'coordinate': [812.9710509012211, 104.58959863111063], 'id': 16}
2020-02-08_13:34:22.332[Status]Routing 75: Walk: 75
2020-02-08_13:34:22.442[Battery Energy]31.67
2020-02-08_13:34:22.442[Status]Routing Start.
2020-02-08_13:34:22.672[Status]{'coordinate': [822.9706649132374, 104.6774599461921], 'id': 16}
2020-02-08_13:34:22.672[Status]Routing 76: Walk: 76
2020-02-08_13:34:22.784[Battery Energy]31.42
2020-02-08_13:34:22.784[Status]Routing Start.
2020-02-08_13:34:22.920[Status]{'coordinate': [832.9702789252538, 104.76532126127358], 'id': 16}
2020-02-08_13:34:22.920[Status]Routing 77: Walk: 77
2020-02-08_13:34:23.026[Battery Energy]31.21
2020-02-08_13:34:23.026[Status]Routing Start.
2020-02-08_13:34:23.176[Status]{'coordinate': [842.9698929372701, 104.85318257635505], 'id': 16}
2020-02-08_13:34:23.177[Status]Routing 78: Walk: 78
2020-02-08_13:34:23.278[Battery Energy]31.01
2020-02-08_13:34:23.278[Status]Routing Start.
2020-02-08_13:34:23.419[Status]{'coordinate': [852.9695069492864, 104.94104389143654], 'id': 16}
2020-02-08_13:34:23.419[Status]Routing 79: Walk: 79
2020-02-08_13:34:23.520[Battery Energy]30.81
2020-02-08_13:34:23.520[Status]Routing Start.
2020-02-08_13:34:23.674[Status]{'coordinate': [862.9691209613027, 105.028905206518], 'id': 16}
2020-02-08_13:34:23.676[Status]Routing 80: Walk: 80
2020-02-08_13:34:23.794[Battery Energy]30.60
2020-02-08_13:34:23.794[Status]Routing Start.
2020-02-08_13:34:23.922[Status]{'coordinate': [872.968734973319, 105.11676652159949], 'id': 16}
2020-02-08_13:34:23.922[Status]Routing 81: Walk: 81
2020-02-08_13:34:24.030[Battery Energy]30.40
2020-02-08_13:34:24.030[Status]Routing Start.
2020-02-08_13:34:24.175[Status]{'coordinate': [882.9683489853353, 105.20462783668097], 'id': 16}
2020-02-08_13:34:24.175[Status]Routing 82: Walk: 82
2020-02-08_13:34:24.282[Battery Energy]30.19
2020-02-08_13:34:24.282[Status]Routing Start.
2020-02-08_13:34:24.428[Status]{'coordinate': [892.9679629973516, 105.29248915176244], 'id': 16}
2020-02-08_13:34:24.428[Status]Routing 83: Walk: 83
2020-02-08_13:34:24.529[Battery Energy]29.98
2020-02-08_13:34:24.529[Status]Routing Start.
2020-02-08_13:34:24.679[Status]{'coordinate': [902.9675770093679, 105.38035046684392], 'id': 16}
2020-02-08_13:34:24.679[Status]Routing 84: Walk: 84
2020-02-08_13:34:24.790[Battery Energy]29.75
2020-02-08_13:34:24.790[Status]Routing Start.
2020-02-08_13:34:24.937[Status]{'coordinate': [912.9671910213842, 105.46821178192539], 'id': 16}
2020-02-08_13:34:24.937[Status]Routing 85: Walk: 85
2020-02-08_13:34:25.042[Battery Energy]29.55
2020-02-08_13:34:25.042[Status]Routing Start.
2020-02-08_13:34:25.193[Status]{'coordinate': [922.9668050334005, 105.55607309700687], 'id': 16}
2020-02-08_13:34:25.193[Status]Routing 86: Walk: 86
2020-02-08_13:34:25.293[Battery Energy]29.35
2020-02-08_13:34:25.293[Status]Routing Start.
2020-02-08_13:34:25.466[Status]{'coordinate': [932.9664190454168, 105.64393441208834], 'id': 16}
2020-02-08_13:34:25.466[Status]Routing 87: Walk: 87
2020-02-08_13:34:25.573[Battery Energy]29.13
2020-02-08_13:34:25.573[Status]Routing Start.
2020-02-08_13:34:25.728[Status]{'coordinate': [942.9660330574332, 105.73179572716982], 'id': 16}
2020-02-08_13:34:25.729[Status]Routing 88: Walk: 88
2020-02-08_13:34:25.829[Battery Energy]28.92
2020-02-08_13:34:25.829[Status]Routing Start.
2020-02-08_13:34:26.015[Status]{'coordinate': [952.9656470694495, 105.8196570422513], 'id': 16}
2020-02-08_13:34:26.015[Status]Routing 89: Walk: 89
2020-02-08_13:34:26.115[Battery Energy]28.70
2020-02-08_13:34:26.115[Status]Routing Start.
2020-02-08_13:34:26.471[Status]{'coordinate': [962.9652610814658, 105.90751835733278], 'id': 16}
2020-02-08_13:34:26.472[Status]Routing 90: Walk: 90
2020-02-08_13:34:26.578[Battery Energy]28.37
2020-02-08_13:34:26.578[Status]Routing Start.
2020-02-08_13:34:26.850[Status]{'coordinate': [972.9648750934821, 105.99537967241424], 'id': 16}
2020-02-08_13:34:26.850[Status]Routing 91: Walk: 91
2020-02-08_13:34:26.954[Battery Energy]28.12
2020-02-08_13:34:26.954[Status]Routing Start.
2020-02-08_13:34:27.277[Status]{'coordinate': [982.9644891054984, 106.08324098749573], 'id': 16}
2020-02-08_13:34:27.277[Status]Routing 92: Walk: 92
2020-02-08_13:34:27.394[Battery Energy]27.79
2020-02-08_13:34:27.394[Status]Routing Start.
2020-02-08_13:34:27.543[Status]{'coordinate': [992.9641031175147, 106.1711023025772], 'id': 16}
2020-02-08_13:34:27.552[Status]Routing 93: Walk: 93
2020-02-08_13:34:27.662[Battery Energy]27.59
2020-02-08_13:34:27.662[Status]Routing Start.
2020-02-08_13:34:27.820[Status]{'coordinate': [1002.963717129531, 106.25896361765868], 'id': 16}
2020-02-08_13:34:27.822[Status]Routing 94: Walk: 94
2020-02-08_13:34:27.934[Battery Energy]27.38
2020-02-08_13:34:27.934[Status]Routing Start.
2020-02-08_13:34:28.097[Status]{'coordinate': [1012.9633311415473, 106.34682493274015], 'id': 16}
2020-02-08_13:34:28.097[Status]Routing 95: Walk: 95
2020-02-08_13:34:28.197[Battery Energy]27.18
2020-02-08_13:34:28.197[Status]Routing Start.
2020-02-08_13:34:28.487[Status]{'coordinate': [1022.9629451535636, 106.43468624782163], 'id': 16}
2020-02-08_13:34:28.487[Status]Routing 96: Walk: 96
2020-02-08_13:34:28.588[Battery Energy]26.93
2020-02-08_13:34:28.588[Status]Routing Start.
2020-02-08_13:34:28.967[Status]{'coordinate': [1032.96255916558, 106.5225475629031], 'id': 16}
2020-02-08_13:34:28.967[Status]Routing 97: Walk: 97
2020-02-08_13:34:29.068[Battery Energy]26.55
2020-02-08_13:34:29.068[Status]Routing Start.
2020-02-08_13:34:29.393[Status]{'coordinate': [1042.9621731775962, 106.61040887798458], 'id': 16}
2020-02-08_13:34:29.393[Status]Routing 98: Walk: 98
2020-02-08_13:34:29.493[Battery Energy]26.24
2020-02-08_13:34:29.494[Status]Routing Start.
2020-02-08_13:34:29.831[Status]{'coordinate': [1052.9617871896126, 106.69827019306605], 'id': 16}
2020-02-08_13:34:29.831[Status]Routing 99: Walk: 99
2020-02-08_13:34:29.934[Battery Energy]25.93
2020-02-08_13:34:29.934[Status]Routing Start.
2020-02-08_13:34:29.934[Status]Task Finished.
2020-02-08_13:34:30.034[Battery Energy]25.93
2020-02-08_13:34:30.200[Status]Routing 101: Walk: 99
2020-02-08_13:34:30.300[Battery Energy]25.80
2020-02-08_13:34:30.588[Status]Routing 102: Walk: 99
2020-02-08_13:34:30.689[Battery Energy]25.58
2020-02-08_13:34:30.832[Status]Routing 103: Walk: 99
2020-02-08_13:34:30.932[Battery Energy]25.50
2020-02-08_13:34:31.274[Status]Routing 104: Walk: 99
2020-02-08_13:34:31.384[Battery Energy]25.28
2020-02-08_13:34:31.547[Status]Routing 105: Walk: 99
2020-02-08_13:34:31.658[Battery Energy]25.17
2020-02-08_13:34:31.798[Status]Routing 106: Walk: 99
2020-02-08_13:34:31.905[Battery Energy]25.07
2020-02-08_13:34:32.193[Status]Routing 107: Walk: 99
2020-02-08_13:34:32.293[Battery Energy]24.84
2020-02-08_13:34:32.442[Status]Routing 108: Walk: 99
2020-02-08_13:34:32.546[Battery Energy]24.73
2020-02-08_13:34:32.704[Status]Routing 109: Walk: 99
2020-02-08_13:34:32.810[Battery Energy]24.61
2020-02-08_13:34:33.131[Status]Routing 110: Walk: 99
2020-02-08_13:34:33.238[Battery Energy]24.37
2020-02-08_13:34:33.579[Status]Routing 111: Walk: 99
2020-02-08_13:34:33.684[Battery Energy]24.15
2020-02-08_13:34:33.915[Status]Routing 112: Walk: 99
2020-02-08_13:34:34.015[Battery Energy]24.00
2020-02-08_13:34:34.361[Status]Routing 113: Walk: 99
2020-02-08_13:34:34.474[Battery Energy]23.78
2020-02-08_13:34:34.768[Status]Routing 114: Walk: 99
2020-02-08_13:34:34.868[Battery Energy]23.57
2020-02-08_13:34:35.174[Status]Routing 115: Walk: 99
2020-02-08_13:34:35.274[Battery Energy]23.37
2020-02-08_13:34:35.637[Status]Routing 116: Walk: 99
2020-02-08_13:34:35.744[Battery Energy]23.11
2020-02-08_13:34:36.052[Status]Routing 117: Walk: 99
2020-02-08_13:34:36.154[Battery Energy]22.92
2020-02-08_13:34:36.524[Status]Routing 118: Walk: 99
2020-02-08_13:34:36.624[Battery Energy]22.69
2020-02-08_13:34:36.784[Status]Routing 119: Walk: 99
2020-02-08_13:34:36.884[Battery Energy]22.58
2020-02-08_13:34:37.135[Status]Routing 120: Walk: 99
2020-02-08_13:34:37.238[Battery Energy]22.45
2020-02-08_13:34:37.564[Status]Routing 121: Walk: 99
2020-02-08_13:34:37.666[Battery Energy]22.23
2020-02-08_13:34:37.960[Status]Routing 122: Walk: 99
2020-02-08_13:34:38.066[Battery Energy]22.01
2020-02-08_13:34:38.334[Status]Routing 123: Walk: 99
2020-02-08_13:34:38.446[Battery Energy]21.84
2020-02-08_13:34:38.733[Status]Routing 124: Walk: 99
2020-02-08_13:34:38.839[Battery Energy]21.65
2020-02-08_13:34:39.054[Status]Routing 125: Walk: 99
2020-02-08_13:34:39.174[Battery Energy]21.53
2020-02-08_13:34:39.322[Status]Routing 126: Walk: 99
2020-02-08_13:34:39.422[Battery Energy]21.43
2020-02-08_13:34:39.650[Status]Routing 127: Walk: 99
2020-02-08_13:34:39.751[Battery Energy]21.27
2020-02-08_13:34:39.906[Status]Routing 128: Walk: 99
2020-02-08_13:34:40.009[Battery Energy]21.17
2020-02-08_13:34:40.164[Status]Routing 129: Walk: 99
2020-02-08_13:34:40.274[Battery Energy]21.05
2020-02-08_13:34:40.415[Status]Routing 130: Walk: 99
2020-02-08_13:34:40.515[Battery Energy]20.94
2020-02-08_13:34:40.665[Status]Routing 131: Walk: 99
2020-02-08_13:34:40.765[Battery Energy]20.84
2020-02-08_13:34:40.965[Status]Routing 132: Walk: 99
2020-02-08_13:34:41.070[Battery Energy]20.73
2020-02-08_13:34:41.310[Status]Routing 133: Walk: 99
2020-02-08_13:34:41.410[Battery Energy]20.58
2020-02-08_13:34:41.579[Status]Routing 134: Walk: 99
2020-02-08_13:34:41.694[Battery Energy]20.50
2020-02-08_13:34:41.832[Status]Routing 135: Walk: 99
2020-02-08_13:34:41.935[Battery Energy]20.39
2020-02-08_13:34:42.088[Status]Routing 136: Walk: 99
2020-02-08_13:34:42.206[Battery Energy]20.27
2020-02-08_13:34:42.350[Status]Routing 137: Walk: 99
2020-02-08_13:34:42.458[Battery Energy]20.17
2020-02-08_13:34:42.659[Status]Routing 138: Walk: 99
2020-02-08_13:34:42.762[Battery Energy]20.03
2020-02-08_13:34:42.932[Status]Routing 139: Walk: 99
2020-02-08_13:34:43.042[Battery Energy]19.93
2020-02-08_13:34:43.189[Status]Routing 140: Walk: 99
2020-02-08_13:34:43.298[Battery Energy]19.83
2020-02-08_13:34:43.444[Status]Routing 141: Walk: 99
2020-02-08_13:34:43.554[Battery Energy]19.74
2020-02-08_13:34:43.684[Status]Routing 142: Walk: 99
2020-02-08_13:34:43.794[Battery Energy]19.63
2020-02-08_13:34:43.921[Status]Routing 143: Walk: 99
2020-02-08_13:34:44.021[Battery Energy]19.56
2020-02-08_13:34:44.173[Status]Routing 144: Walk: 99
2020-02-08_13:34:44.281[Battery Energy]19.46
2020-02-08_13:34:44.426[Status]Routing 145: Walk: 99
2020-02-08_13:34:44.534[Battery Energy]19.37
2020-02-08_13:34:44.692[Status]Routing 146: Walk: 99
2020-02-08_13:34:44.802[Battery Energy]19.24
2020-02-08_13:34:44.960[Status]Routing 147: Walk: 99
2020-02-08_13:34:45.061[Battery Energy]19.10
2020-02-08_13:34:45.209[Status]Routing 148: Walk: 99
2020-02-08_13:34:45.310[Battery Energy]19.01
2020-02-08_13:34:45.483[Status]Routing 149: Walk: 99
2020-02-08_13:34:45.583[Battery Energy]18.92
2020-02-08_13:34:45.776[Status]Routing 150: Walk: 99
2020-02-08_13:34:45.876[Battery Energy]18.80
2020-02-08_13:34:46.020[Status]Routing 151: Walk: 99
2020-02-08_13:34:46.120[Battery Energy]18.69
2020-02-08_13:34:46.309[Status]Routing 152: Walk: 99
2020-02-08_13:34:46.409[Battery Energy]18.56
2020-02-08_13:34:46.580[Status]Routing 153: Walk: 99
2020-02-08_13:34:46.698[Battery Energy]18.47
2020-02-08_13:34:46.859[Status]Routing 154: Walk: 99
2020-02-08_13:34:46.960[Battery Energy]18.36
2020-02-08_13:34:47.114[Status]Routing 155: Walk: 99
2020-02-08_13:34:47.221[Battery Energy]18.24
2020-02-08_13:34:47.368[Status]Routing 156: Walk: 99
2020-02-08_13:34:47.470[Battery Energy]18.14
2020-02-08_13:34:47.633[Status]Routing 157: Walk: 99
2020-02-08_13:34:47.741[Battery Energy]18.03
2020-02-08_13:34:47.885[Status]Routing 158: Walk: 99
2020-02-08_13:34:48.002[Battery Energy]17.90
2020-02-08_13:34:48.153[Status]Routing 159: Walk: 99
2020-02-08_13:34:48.253[Battery Energy]17.80
2020-02-08_13:34:48.414[Status]Routing 160: Walk: 99
2020-02-08_13:34:48.519[Battery Energy]17.67
2020-02-08_13:34:48.674[Status]Routing 161: Walk: 99
2020-02-08_13:34:48.774[Battery Energy]17.57
2020-02-08_13:34:48.917[Status]Routing 162: Walk: 99
2020-02-08_13:34:49.048[Battery Energy]17.46
2020-02-08_13:34:49.202[Status]Routing 163: Walk: 99
2020-02-08_13:34:49.315[Battery Energy]17.32
2020-02-08_13:34:49.473[Status]Routing 164: Walk: 99
2020-02-08_13:34:49.585[Battery Energy]17.20
2020-02-08_13:34:49.721[Status]Routing 165: Walk: 99
2020-02-08_13:34:49.834[Battery Energy]17.09
2020-02-08_13:34:49.981[Status]Routing 166: Walk: 99
2020-02-08_13:34:50.094[Battery Energy]16.97
2020-02-08_13:34:50.264[Status]Routing 167: Walk: 99
2020-02-08_13:34:50.378[Battery Energy]16.85
2020-02-08_13:34:50.520[Status]Routing 168: Walk: 99
2020-02-08_13:34:50.620[Battery Energy]16.74
2020-02-08_13:34:50.771[Status]Routing 169: Walk: 99
2020-02-08_13:34:50.874[Battery Energy]16.63
2020-02-08_13:34:51.018[Status]Routing 170: Walk: 99
2020-02-08_13:34:51.122[Battery Energy]16.52
2020-02-08_13:34:51.250[Status]Routing 171: Walk: 99
2020-02-08_13:34:51.358[Battery Energy]16.41
2020-02-08_13:34:51.511[Status]Routing 172: Walk: 99
2020-02-08_13:34:51.618[Battery Energy]16.31
2020-02-08_13:34:51.798[Status]Routing 173: Walk: 99
2020-02-08_13:34:51.914[Battery Energy]16.19
2020-02-08_13:34:52.040[Status]Routing 174: Walk: 99
2020-02-08_13:34:52.154[Battery Energy]16.11
2020-02-08_13:34:52.310[Status]Routing 175: Walk: 99
2020-02-08_13:34:52.422[Battery Energy]16.00
2020-02-08_13:34:52.558[Status]Routing 176: Walk: 99
2020-02-08_13:34:52.661[Battery Energy]15.91
2020-02-08_13:34:52.823[Status]Routing 177: Walk: 99
2020-02-08_13:34:52.923[Battery Energy]15.79
2020-02-08_13:34:53.068[Status]Routing 178: Walk: 99
2020-02-08_13:34:53.174[Battery Energy]15.68
2020-02-08_13:34:53.322[Status]Routing 179: Walk: 99
2020-02-08_13:34:53.422[Battery Energy]15.56
2020-02-08_13:34:53.553[Status]Routing 180: Walk: 99
2020-02-08_13:34:53.655[Battery Energy]15.46
2020-02-08_13:34:53.796[Status]Routing 181: Walk: 99
2020-02-08_13:34:53.901[Battery Energy]15.34
2020-02-08_13:34:54.064[Status]Routing 182: Walk: 99
2020-02-08_13:34:54.170[Battery Energy]15.21
2020-02-08_13:34:54.325[Status]Routing 183: Walk: 99
2020-02-08_13:34:54.425[Battery Energy]15.10
2020-02-08_13:34:54.594[Status]Routing 184: Walk: 99
2020-02-08_13:34:54.706[Battery Energy]15.00
2020-02-08_13:34:54.859[Status]Routing 185: Walk: 99
2020-02-08_13:34:54.962[Battery Energy]14.90
2020-02-08_13:34:55.080[Status]Routing 186: Walk: 99
2020-02-08_13:34:55.180[Battery Energy]14.81
2020-02-08_13:34:55.339[Status]Routing 187: Walk: 99
2020-02-08_13:34:55.442[Battery Energy]14.70
2020-02-08_13:34:55.600[Status]Routing 188: Walk: 99
2020-02-08_13:34:55.700[Battery Energy]14.60
2020-02-08_13:34:55.842[Status]Routing 189: Walk: 99
2020-02-08_13:34:55.953[Battery Energy]14.49
2020-02-08_13:34:56.091[Status]Routing 190: Walk: 99
2020-02-08_13:34:56.198[Battery Energy]14.38
2020-02-08_13:34:56.375[Status]Routing 191: Walk: 99
2020-02-08_13:34:56.486[Battery Energy]14.25
2020-02-08_13:34:56.637[Status]Routing 192: Walk: 99
2020-02-08_13:34:56.750[Battery Energy]14.15
2020-02-08_13:34:56.870[Status]Routing 193: Walk: 99
2020-02-08_13:34:56.982[Battery Energy]14.06
2020-02-08_13:34:57.166[Status]Routing 194: Walk: 99
2020-02-08_13:34:57.268[Battery Energy]13.94
2020-02-08_13:34:57.446[Status]Routing 195: Walk: 99
2020-02-08_13:34:57.574[Battery Energy]13.81
2020-02-08_13:34:57.722[Status]Routing 196: Walk: 99
2020-02-08_13:34:57.830[Battery Energy]13.69
2020-02-08_13:34:57.956[Status]Routing 197: Walk: 99
2020-02-08_13:34:58.066[Battery Energy]13.58
2020-02-08_13:34:58.198[Status]Routing 198: Walk: 99
2020-02-08_13:34:58.306[Battery Energy]13.49
2020-02-08_13:34:58.456[Status]Routing 199: Walk: 99
2020-02-08_13:34:58.570[Battery Energy]13.40
2020-02-08_13:34:58.706[Status]Routing 200: Walk: 99
2020-02-08_13:34:58.814[Battery Energy]13.31
2020-02-08_13:34:58.970[Status]Routing 201: Walk: 99
2020-02-08_13:34:59.082[Battery Energy]13.18
2020-02-08_13:34:59.225[Status]Routing 202: Walk: 99
2020-02-08_13:34:59.325[Battery Energy]13.07
2020-02-08_13:34:59.476[Status]Routing 203: Walk: 99
2020-02-08_13:34:59.582[Battery Energy]12.96
2020-02-08_13:34:59.715[Status]Routing 204: Walk: 99
2020-02-08_13:34:59.826[Battery Energy]12.86
2020-02-08_13:34:59.948[Status]Routing 205: Walk: 99
2020-02-08_13:35:00.049[Battery Energy]12.78
2020-02-08_13:35:00.188[Status]Routing 206: Walk: 99
2020-02-08_13:35:00.288[Battery Energy]12.69
2020-02-08_13:35:00.477[Status]Routing 207: Walk: 99
2020-02-08_13:35:00.580[Battery Energy]12.55
2020-02-08_13:35:00.790[Status]Routing 208: Walk: 99
2020-02-08_13:35:00.900[Battery Energy]12.41
2020-02-08_13:35:01.036[Status]Routing 209: Walk: 99
2020-02-08_13:35:01.136[Battery Energy]12.31
2020-02-08_13:35:01.301[Status]Routing 210: Walk: 99
2020-02-08_13:35:01.401[Battery Energy]12.17
2020-02-08_13:35:01.580[Status]Routing 211: Walk: 99
2020-02-08_13:35:01.689[Battery Energy]12.08
2020-02-08_13:35:01.835[Status]Routing 212: Walk: 99
2020-02-08_13:35:01.936[Battery Energy]11.98
2020-02-08_13:35:02.084[Status]Routing 213: Walk: 99
2020-02-08_13:35:02.194[Battery Energy]11.87
2020-02-08_13:35:02.351[Status]Routing 214: Walk: 99
2020-02-08_13:35:02.460[Battery Energy]11.74
2020-02-08_13:35:02.619[Status]Routing 215: Walk: 99
2020-02-08_13:35:02.742[Battery Energy]11.60
2020-02-08_13:35:02.881[Status]Routing 216: Walk: 99
2020-02-08_13:35:02.981[Battery Energy]11.48
2020-02-08_13:35:03.130[Status]Routing 217: Walk: 99
2020-02-08_13:35:03.241[Battery Energy]11.36
2020-02-08_13:35:03.370[Status]Routing 218: Walk: 99
2020-02-08_13:35:03.470[Battery Energy]11.25
2020-02-08_13:35:03.630[Status]Routing 219: Walk: 99
2020-02-08_13:35:03.746[Battery Energy]11.12
2020-02-08_13:35:03.907[Status]Routing 220: Walk: 99
2020-02-08_13:35:04.016[Battery Energy]11.01
2020-02-08_13:35:04.229[Status]Routing 221: Walk: 99
2020-02-08_13:35:04.334[Battery Energy]10.86
2020-02-08_13:35:04.479[Status]Routing 222: Walk: 99
2020-02-08_13:35:04.579[Battery Energy]10.76
2020-02-08_13:35:04.723[Status]Routing 223: Walk: 99
2020-02-08_13:35:04.824[Battery Energy]10.66
2020-02-08_13:35:05.005[Status]Routing 224: Walk: 99
2020-02-08_13:35:05.105[Battery Energy]10.56
2020-02-08_13:35:05.272[Status]Routing 225: Walk: 99
2020-02-08_13:35:05.372[Battery Energy]10.46
2020-02-08_13:35:05.568[Status]Routing 226: Walk: 99
2020-02-08_13:35:05.668[Battery Energy]10.34
