2020-02-08_11:48:50.556[Status]Start.
2020-02-08_11:48:50.557[Battery Energy]109.00
2020-02-08_11:48:51.659[Battery Energy]108.96
2020-02-08_11:48:52.760[Battery Energy]108.92
2020-02-08_11:48:53.862[Battery Energy]108.88
2020-02-08_11:48:54.963[Battery Energy]108.84
2020-02-08_11:48:56.064[Task]A New Task Released.
2020-02-08_11:48:56.065[Battery Energy]108.80
2020-02-08_11:48:56.065[Status]Selection Start.
2020-02-08_11:49:00.241[Status]Selection End: Do Task 0.
2020-02-08_11:49:00.341[Battery Energy]105.92
2020-02-08_11:49:00.341[Status]Formation Start.
2020-02-08_11:49:00.482[Status]number of tasks is 7
2020-02-08_11:49:00.485[Status]my group tasks is [ 525.  475.]
2020-02-08_11:49:00.486[Status]my group tasks is [ 449.69796037  631.36629649]
2020-02-08_11:49:00.489[Status]my group tasks is [ 280.49581321  669.98558244]
2020-02-08_11:49:00.502[Status]my group tasks is [ 144.80622642  561.77674782]
2020-02-08_11:49:00.503[Status]my group tasks is [ 144.80622642  388.22325218]
2020-02-08_11:49:00.503[Status]my group tasks is [ 280.49581321  280.01441756]
2020-02-08_11:49:00.510[Status]my group tasks is [ 449.69796037  318.63370351]
2020-02-08_11:49:00.558[Status]mygroup_robots_utility is {1: [32.34270563257427, 33.015447405333305, 36.41183291399482, 37.76677699745089, 43.21931157034518, 44.911432074896304, 31.224083421741376], 2: [33.578883331079304, 34.777275466672336, 35.08180709733934, 38.70376869291566, 39.3166064929303, 90.62852086462907, 46.21056593511067], 3: [36.241101572692, 86.32551689736214, 31.79644913093721, 36.28951599327828, 43.10702925605191, 30.335610740626677, 31.82063023331188], 4: [32.75811286405169, 33.75912853365558, 39.90052519340955, 60.242023534647004, 76.66656014195594, 30.451029072349435, 44.482232719450714], 5: [65.23329504061428, 34.24748648342535, 39.42575616318219, 72.27005166467508, 42.527489452626114, 93.58940092670363, 31.995810039765892], 6: [67.66432306200323, 37.563839888011174, 26.87879849395251, 27.766668004073203, 28.93479770700928, 78.9564904347584, 31.587917910348555], 7: [32.819154274475785, 32.13595375241445, 36.38948017615555, 46.830533103974645, 68.62547615919549, 42.82618475323189, 78.81070420220388]}
2020-02-08_11:49:00.560[Status]self.local_queue is [2, 1, 3, 4, 5, 6, 7]
2020-02-08_11:49:00.562[Status]task_chosen index is 5
2020-02-08_11:49:00.563[Status]task_chosen index is 4
2020-02-08_11:49:00.563[Status]task_chosen index is 1
2020-02-08_11:49:00.564[Status]task_chosen index is 3
2020-02-08_11:49:00.564[Status]task_chosen index is 0
2020-02-08_11:49:00.565[Status]task_chosen index is 6
2020-02-08_11:49:00.566[Status]myindex_in_queue is 6
2020-02-08_11:49:00.566[Status]task destination is [449.69796037174666, 318.633703506394]
2020-02-08_11:49:00.667[Battery Energy]105.77
2020-02-08_11:49:00.667[Status]Routing Start.
2020-02-08_11:49:00.839[Status]{'coordinate': [132.33816383401935, 108.52041881355495], 'id': 6}
2020-02-08_11:49:00.839[Status]Routing 1: Walk: 1
2020-02-08_11:49:00.962[Battery Energy]105.53
2020-02-08_11:49:00.962[Status]Routing Start.
2020-02-08_11:49:01.178[Status]{'coordinate': [140.6763276680387, 114.04083762710991], 'id': 6}
2020-02-08_11:49:01.178[Status]Routing 2: Walk: 2
2020-02-08_11:49:01.278[Battery Energy]105.26
2020-02-08_11:49:01.278[Status]Routing Start.
2020-02-08_11:49:01.430[Status]{'coordinate': [149.01449150205806, 119.56125644066486], 'id': 6}
2020-02-08_11:49:01.430[Status]Routing 3: Walk: 3
2020-02-08_11:49:01.533[Battery Energy]105.08
2020-02-08_11:49:01.533[Status]Routing Start.
2020-02-08_11:49:01.689[Status]{'coordinate': [157.35265533607742, 125.08167525421982], 'id': 6}
2020-02-08_11:49:01.689[Status]Routing 4: Walk: 4
2020-02-08_11:49:01.802[Battery Energy]104.87
2020-02-08_11:49:01.802[Status]Routing Start.
2020-02-08_11:49:01.940[Status]{'coordinate': [165.69081917009677, 130.60209406777477], 'id': 6}
2020-02-08_11:49:01.940[Status]Routing 5: Walk: 5
2020-02-08_11:49:02.050[Battery Energy]104.66
2020-02-08_11:49:02.050[Status]Routing Start.
2020-02-08_11:49:02.184[Status]{'coordinate': [174.02898300411613, 136.12251288132973], 'id': 6}
2020-02-08_11:49:02.185[Status]Routing 6: Walk: 6
2020-02-08_11:49:02.286[Battery Energy]104.44
2020-02-08_11:49:02.286[Status]Routing Start.
2020-02-08_11:49:02.562[Status]{'coordinate': [182.36714683813548, 141.64293169488468], 'id': 6}
2020-02-08_11:49:02.563[Status]Routing 7: Walk: 7
2020-02-08_11:49:02.663[Battery Energy]104.16
2020-02-08_11:49:02.663[Status]Routing Start.
2020-02-08_11:49:03.130[Status]Routing 8: Walk: 7
2020-02-08_11:49:03.238[Battery Energy]103.78
2020-02-08_11:49:03.238[Status]Routing Start.
2020-02-08_11:49:03.566[Status]Routing 9: Walk: 7
2020-02-08_11:49:03.669[Battery Energy]103.48
2020-02-08_11:49:03.669[Status]Routing Start.
2020-02-08_11:49:03.789[Status]{'coordinate': [190.70531067215484, 147.16335050843963], 'id': 6}
2020-02-08_11:49:03.789[Status]Routing 10: Walk: 8
2020-02-08_11:49:03.889[Battery Energy]103.30
2020-02-08_11:49:03.889[Status]Routing Start.
2020-02-08_11:49:04.370[Status]Routing 11: Walk: 8
2020-02-08_11:49:04.470[Battery Energy]102.89
2020-02-08_11:49:04.470[Status]Routing Start.
2020-02-08_11:49:04.670[Status]{'coordinate': [199.0434745061742, 152.6837693219946], 'id': 6}
2020-02-08_11:49:04.670[Status]Routing 12: Walk: 9
2020-02-08_11:49:04.774[Battery Energy]102.67
2020-02-08_11:49:04.774[Status]Routing Start.
2020-02-08_11:49:05.211[Status]Routing 13: Walk: 9
2020-02-08_11:49:05.311[Battery Energy]102.29
2020-02-08_11:49:05.312[Status]Routing Start.
2020-02-08_11:49:05.493[Status]{'coordinate': [207.38163834019355, 158.20418813554954], 'id': 6}
2020-02-08_11:49:05.493[Status]Routing 14: Walk: 10
2020-02-08_11:49:05.593[Battery Energy]102.08
2020-02-08_11:49:05.593[Status]Routing Start.
2020-02-08_11:49:06.065[Status]Routing 15: Walk: 10
2020-02-08_11:49:06.165[Battery Energy]101.69
2020-02-08_11:49:06.165[Status]Routing Start.
2020-02-08_11:49:06.348[Status]{'coordinate': [215.7198021742129, 163.7246069491045], 'id': 6}
2020-02-08_11:49:06.348[Status]Routing 16: Walk: 11
2020-02-08_11:49:06.448[Battery Energy]101.46
2020-02-08_11:49:06.449[Status]Routing Start.
2020-02-08_11:49:06.954[Status]Routing 17: Walk: 11
2020-02-08_11:49:07.054[Battery Energy]101.05
2020-02-08_11:49:07.054[Status]Routing Start.
2020-02-08_11:49:07.204[Status]{'coordinate': [224.05796600823226, 169.24502576265945], 'id': 6}
2020-02-08_11:49:07.204[Status]Routing 18: Walk: 12
2020-02-08_11:49:07.310[Battery Energy]100.84
2020-02-08_11:49:07.310[Status]Routing Start.
2020-02-08_11:49:07.773[Status]Routing 19: Walk: 12
2020-02-08_11:49:07.873[Battery Energy]100.44
2020-02-08_11:49:07.873[Status]Routing Start.
2020-02-08_11:49:08.036[Status]{'coordinate': [232.3961298422516, 174.7654445762144], 'id': 6}
2020-02-08_11:49:08.036[Status]Routing 20: Walk: 13
2020-02-08_11:49:08.137[Battery Energy]100.19
2020-02-08_11:49:08.137[Status]Routing Start.
2020-02-08_11:49:08.650[Status]Routing 21: Walk: 13
2020-02-08_11:49:08.751[Battery Energy]99.78
2020-02-08_11:49:08.751[Status]Routing Start.
2020-02-08_11:49:09.050[Status]Routing 22: Walk: 13
2020-02-08_11:49:09.150[Battery Energy]99.51
2020-02-08_11:49:09.150[Status]Routing Start.
2020-02-08_11:49:09.471[Status]Routing 23: Walk: 13
2020-02-08_11:49:09.572[Battery Energy]99.18
2020-02-08_11:49:09.572[Status]Routing Start.
2020-02-08_11:49:09.773[Status]{'coordinate': [240.73429367627097, 180.28586338976936], 'id': 6}
2020-02-08_11:49:09.773[Status]Routing 24: Walk: 14
2020-02-08_11:49:09.877[Battery Energy]98.94
2020-02-08_11:49:09.877[Status]Routing Start.
2020-02-08_11:49:10.183[Status]{'coordinate': [249.07245751029032, 185.80628220332432], 'id': 6}
2020-02-08_11:49:10.183[Status]Routing 25: Walk: 15
2020-02-08_11:49:10.283[Battery Energy]98.64
2020-02-08_11:49:10.283[Status]Routing Start.
2020-02-08_11:49:10.732[Status]Routing 26: Walk: 15
2020-02-08_11:49:10.833[Battery Energy]98.25
2020-02-08_11:49:10.833[Status]Routing Start.
2020-02-08_11:49:11.047[Status]{'coordinate': [257.4106213443097, 191.32670101687927], 'id': 6}
2020-02-08_11:49:11.047[Status]Routing 27: Walk: 16
2020-02-08_11:49:11.147[Battery Energy]98.01
2020-02-08_11:49:11.147[Status]Routing Start.
2020-02-08_11:49:11.452[Status]{'coordinate': [265.74878517832906, 196.84711983043422], 'id': 6}
2020-02-08_11:49:11.453[Status]Routing 28: Walk: 17
2020-02-08_11:49:11.562[Battery Energy]97.69
2020-02-08_11:49:11.562[Status]Routing Start.
2020-02-08_11:49:11.861[Status]{'coordinate': [274.08694901234844, 202.36753864398918], 'id': 6}
2020-02-08_11:49:11.861[Status]Routing 29: Walk: 18
2020-02-08_11:49:11.961[Battery Energy]97.39
2020-02-08_11:49:11.961[Status]Routing Start.
2020-02-08_11:49:12.205[Status]{'coordinate': [282.4251128463678, 207.88795745754413], 'id': 6}
2020-02-08_11:49:12.205[Status]Routing 30: Walk: 19
2020-02-08_11:49:12.305[Battery Energy]97.10
2020-02-08_11:49:12.305[Status]Routing Start.
2020-02-08_11:49:12.675[Status]{'coordinate': [290.7632766803872, 213.4083762710991], 'id': 6}
2020-02-08_11:49:12.675[Status]Routing 31: Walk: 20
2020-02-08_11:49:12.780[Battery Energy]96.74
2020-02-08_11:49:12.780[Status]Routing Start.
2020-02-08_11:49:13.074[Status]{'coordinate': [299.1014405144066, 218.92879508465404], 'id': 6}
2020-02-08_11:49:13.074[Status]Routing 32: Walk: 21
2020-02-08_11:49:13.174[Battery Energy]96.44
2020-02-08_11:49:13.174[Status]Routing Start.
2020-02-08_11:49:13.489[Status]{'coordinate': [307.439604348426, 224.449213898209], 'id': 6}
2020-02-08_11:49:13.489[Status]Routing 33: Walk: 22
2020-02-08_11:49:13.593[Battery Energy]96.11
2020-02-08_11:49:13.593[Status]Routing Start.
2020-02-08_11:49:13.902[Status]{'coordinate': [315.77776818244536, 229.96963271176395], 'id': 6}
2020-02-08_11:49:13.902[Status]Routing 34: Walk: 23
2020-02-08_11:49:14.002[Battery Energy]95.81
2020-02-08_11:49:14.003[Status]Routing Start.
2020-02-08_11:49:14.348[Status]{'coordinate': [324.11593201646474, 235.4900515253189], 'id': 6}
2020-02-08_11:49:14.348[Status]Routing 35: Walk: 24
2020-02-08_11:49:14.458[Battery Energy]95.47
2020-02-08_11:49:14.458[Status]Routing Start.
2020-02-08_11:49:14.751[Status]{'coordinate': [332.45409585048407, 241.0104703388739], 'id': 6}
2020-02-08_11:49:14.751[Status]Routing 36: Walk: 25
2020-02-08_11:49:14.858[Battery Energy]95.15
2020-02-08_11:49:14.858[Status]Routing Start.
2020-02-08_11:49:15.149[Status]{'coordinate': [340.79225968450345, 246.53088915242887], 'id': 6}
2020-02-08_11:49:15.149[Status]Routing 37: Walk: 26
2020-02-08_11:49:15.261[Battery Energy]94.87
2020-02-08_11:49:15.261[Status]Routing Start.
2020-02-08_11:49:15.383[Status]{'coordinate': [349.13042351852283, 252.05130796598385], 'id': 6}
2020-02-08_11:49:15.383[Status]Routing 38: Walk: 27
2020-02-08_11:49:15.483[Battery Energy]94.68
2020-02-08_11:49:15.483[Status]Routing Start.
2020-02-08_11:49:15.645[Status]{'coordinate': [357.46858735254216, 257.57172677953884], 'id': 6}
2020-02-08_11:49:15.645[Status]Routing 39: Walk: 28
2020-02-08_11:49:15.750[Battery Energy]94.46
2020-02-08_11:49:15.750[Status]Routing Start.
2020-02-08_11:49:15.914[Status]{'coordinate': [365.80675118656154, 263.0921455930938], 'id': 6}
2020-02-08_11:49:15.914[Status]Routing 40: Walk: 29
2020-02-08_11:49:16.017[Battery Energy]94.24
2020-02-08_11:49:16.017[Status]Routing Start.
2020-02-08_11:49:16.152[Status]{'coordinate': [374.1449150205809, 268.61256440664874], 'id': 6}
2020-02-08_11:49:16.152[Status]Routing 41: Walk: 30
2020-02-08_11:49:16.263[Battery Energy]94.03
2020-02-08_11:49:16.263[Status]Routing Start.
2020-02-08_11:49:16.398[Status]{'coordinate': [382.48307885460025, 274.1329832202037], 'id': 6}
2020-02-08_11:49:16.399[Status]Routing 42: Walk: 31
2020-02-08_11:49:16.514[Battery Energy]93.83
2020-02-08_11:49:16.514[Status]Routing Start.
2020-02-08_11:49:16.667[Status]{'coordinate': [390.8212426886196, 279.65340203375865], 'id': 6}
2020-02-08_11:49:16.667[Status]Routing 43: Walk: 32
2020-02-08_11:49:16.768[Battery Energy]93.63
2020-02-08_11:49:16.768[Status]Routing Start.
2020-02-08_11:49:17.110[Status]{'coordinate': [399.1594065226389, 285.1738208473136], 'id': 6}
2020-02-08_11:49:17.111[Status]Routing 44: Walk: 33
2020-02-08_11:49:17.218[Battery Energy]93.26
2020-02-08_11:49:17.218[Status]Routing Start.
2020-02-08_11:49:17.583[Status]{'coordinate': [407.49757035665823, 290.69423966086856], 'id': 6}
2020-02-08_11:49:17.583[Status]Routing 45: Walk: 34
2020-02-08_11:49:17.694[Battery Energy]92.91
2020-02-08_11:49:17.694[Status]Routing Start.
2020-02-08_11:49:17.997[Status]{'coordinate': [415.83573419067756, 296.2146584744235], 'id': 6}
2020-02-08_11:49:17.997[Status]Routing 46: Walk: 35
2020-02-08_11:49:18.108[Battery Energy]92.60
2020-02-08_11:49:18.109[Status]Routing Start.
2020-02-08_11:49:18.406[Status]{'coordinate': [424.1738980246969, 301.73507728797847], 'id': 6}
2020-02-08_11:49:18.406[Status]Routing 47: Walk: 36
2020-02-08_11:49:18.506[Battery Energy]92.32
2020-02-08_11:49:18.506[Status]Routing Start.
2020-02-08_11:49:18.814[Status]{'coordinate': [432.51206185871627, 307.2554961015334], 'id': 6}
2020-02-08_11:49:18.814[Status]Routing 48: Walk: 37
2020-02-08_11:49:18.920[Battery Energy]92.06
2020-02-08_11:49:18.920[Status]Routing Start.
2020-02-08_11:49:19.233[Status]{'coordinate': [440.8502256927356, 312.7759149150884], 'id': 6}
2020-02-08_11:49:19.233[Status]Routing 49: Walk: 38
2020-02-08_11:49:19.333[Battery Energy]91.75
2020-02-08_11:49:19.333[Status]Routing Start.
2020-02-08_11:49:19.334[Status]Task Finished.
2020-02-08_11:49:19.438[Battery Energy]91.75
2020-02-08_11:49:19.677[Status]Routing 51: Walk: 38
2020-02-08_11:49:19.785[Battery Energy]91.61
2020-02-08_11:49:20.105[Status]Routing 52: Walk: 38
2020-02-08_11:49:20.205[Battery Energy]91.42
2020-02-08_11:49:20.546[Status]Routing 53: Walk: 38
2020-02-08_11:49:20.647[Battery Energy]91.15
2020-02-08_11:49:20.964[Status]Routing 54: Walk: 38
2020-02-08_11:49:21.078[Battery Energy]90.97
2020-02-08_11:49:21.368[Status]Routing 55: Walk: 38
2020-02-08_11:49:21.471[Battery Energy]90.76
2020-02-08_11:49:21.808[Status]Routing 56: Walk: 38
2020-02-08_11:49:21.908[Battery Energy]90.53
2020-02-08_11:49:22.212[Status]Routing 57: Walk: 38
2020-02-08_11:49:22.312[Battery Energy]90.29
2020-02-08_11:49:22.457[Status]Routing 58: Walk: 38
2020-02-08_11:49:22.574[Battery Energy]90.20
2020-02-08_11:49:22.768[Status]Routing 59: Walk: 38
2020-02-08_11:49:22.872[Battery Energy]90.08
2020-02-08_11:49:23.124[Status]Routing 60: Walk: 38
2020-02-08_11:49:23.229[Battery Energy]89.92
2020-02-08_11:49:23.385[Status]Routing 61: Walk: 38
2020-02-08_11:49:23.494[Battery Energy]89.80
2020-02-08_11:49:23.781[Status]Routing 62: Walk: 38
2020-02-08_11:49:23.882[Battery Energy]89.59
2020-02-08_11:49:24.234[Status]Routing 63: Walk: 38
2020-02-08_11:49:24.335[Battery Energy]89.37
2020-02-08_11:49:24.474[Status]Routing 64: Walk: 38
2020-02-08_11:49:24.574[Battery Energy]89.25
2020-02-08_11:49:24.874[Status]Routing 65: Walk: 38
2020-02-08_11:49:24.976[Battery Energy]89.03
2020-02-08_11:49:25.181[Status]Routing 66: Walk: 38
2020-02-08_11:49:25.291[Battery Energy]88.90
2020-02-08_11:49:25.582[Status]Routing 67: Walk: 38
2020-02-08_11:49:25.690[Battery Energy]88.70
2020-02-08_11:49:25.821[Status]Routing 68: Walk: 38
2020-02-08_11:49:25.921[Battery Energy]88.59
2020-02-08_11:49:26.235[Status]Routing 69: Walk: 38
2020-02-08_11:49:26.335[Battery Energy]88.39
2020-02-08_11:49:26.504[Status]Routing 70: Walk: 38
2020-02-08_11:49:26.606[Battery Energy]88.28
2020-02-08_11:49:26.918[Status]Routing 71: Walk: 38
2020-02-08_11:49:27.021[Battery Energy]88.10
2020-02-08_11:49:27.317[Status]Routing 72: Walk: 38
2020-02-08_11:49:27.423[Battery Energy]87.88
2020-02-08_11:49:27.726[Status]Routing 73: Walk: 38
2020-02-08_11:49:27.829[Battery Energy]87.70
2020-02-08_11:49:28.147[Status]Routing 74: Walk: 38
2020-02-08_11:49:28.249[Battery Energy]87.50
2020-02-08_11:49:28.409[Status]Routing 75: Walk: 38
2020-02-08_11:49:28.509[Battery Energy]87.38
2020-02-08_11:49:28.813[Status]Routing 76: Walk: 38
2020-02-08_11:49:28.922[Battery Energy]87.19
2020-02-08_11:49:29.079[Status]Routing 77: Walk: 38
2020-02-08_11:49:29.190[Battery Energy]87.07
2020-02-08_11:49:29.339[Status]Routing 78: Walk: 38
2020-02-08_11:49:29.442[Battery Energy]86.98
2020-02-08_11:49:29.591[Status]Routing 79: Walk: 38
2020-02-08_11:49:29.714[Battery Energy]86.89
2020-02-08_11:49:29.840[Status]Routing 80: Walk: 38
2020-02-08_11:49:29.958[Battery Energy]86.81
2020-02-08_11:49:30.111[Status]Routing 81: Walk: 38
2020-02-08_11:49:30.218[Battery Energy]86.69
2020-02-08_11:49:30.357[Status]Routing 82: Walk: 38
2020-02-08_11:49:30.458[Battery Energy]86.60
2020-02-08_11:49:30.624[Status]Routing 83: Walk: 38
2020-02-08_11:49:30.725[Battery Energy]86.49
2020-02-08_11:49:30.869[Status]Routing 84: Walk: 38
2020-02-08_11:49:30.981[Battery Energy]86.37
2020-02-08_11:49:31.275[Status]Routing 85: Walk: 38
2020-02-08_11:49:31.375[Battery Energy]86.16
2020-02-08_11:49:31.716[Status]Routing 86: Walk: 38
2020-02-08_11:49:31.816[Battery Energy]85.92
2020-02-08_11:49:31.961[Status]Routing 87: Walk: 38
2020-02-08_11:49:32.061[Battery Energy]85.81
2020-02-08_11:49:32.225[Status]Routing 88: Walk: 38
2020-02-08_11:49:32.325[Battery Energy]85.72
2020-02-08_11:49:32.617[Status]Routing 89: Walk: 38
2020-02-08_11:49:32.722[Battery Energy]85.52
2020-02-08_11:49:33.103[Status]Routing 90: Walk: 38
2020-02-08_11:49:33.205[Battery Energy]85.25
2020-02-08_11:49:33.557[Status]Routing 91: Walk: 38
2020-02-08_11:49:33.665[Battery Energy]85.01
2020-02-08_11:49:33.971[Status]Routing 92: Walk: 38
2020-02-08_11:49:34.071[Battery Energy]84.80
2020-02-08_11:49:34.264[Status]Routing 93: Walk: 38
2020-02-08_11:49:34.365[Battery Energy]84.69
2020-02-08_11:49:34.502[Status]Routing 94: Walk: 38
2020-02-08_11:49:34.610[Battery Energy]84.61
2020-02-08_11:49:34.738[Status]Routing 95: Walk: 38
2020-02-08_11:49:34.839[Battery Energy]84.52
2020-02-08_11:49:34.988[Status]Routing 96: Walk: 38
2020-02-08_11:49:35.090[Battery Energy]84.43
2020-02-08_11:49:35.224[Status]Routing 97: Walk: 38
2020-02-08_11:49:35.325[Battery Energy]84.33
2020-02-08_11:49:35.500[Status]Routing 98: Walk: 38
2020-02-08_11:49:35.614[Battery Energy]84.21
2020-02-08_11:49:35.829[Status]Routing 99: Walk: 38
2020-02-08_11:49:35.934[Battery Energy]84.04
2020-02-08_11:49:36.240[Status]Routing 100: Walk: 38
2020-02-08_11:49:36.341[Battery Energy]83.84
2020-02-08_11:49:36.635[Status]Routing 101: Walk: 38
2020-02-08_11:49:36.735[Battery Energy]83.66
2020-02-08_11:49:37.062[Status]Routing 102: Walk: 38
2020-02-08_11:49:37.172[Battery Energy]83.44
2020-02-08_11:49:37.500[Status]Routing 103: Walk: 38
2020-02-08_11:49:37.602[Battery Energy]83.24
2020-02-08_11:49:37.915[Status]Routing 104: Walk: 38
2020-02-08_11:49:38.026[Battery Energy]83.04
2020-02-08_11:49:38.363[Status]Routing 105: Walk: 38
2020-02-08_11:49:38.464[Battery Energy]82.80
2020-02-08_11:49:38.603[Status]Routing 106: Walk: 38
2020-02-08_11:49:38.714[Battery Energy]82.70
2020-02-08_11:49:39.032[Status]Routing 107: Walk: 38
2020-02-08_11:49:39.135[Battery Energy]82.47
2020-02-08_11:49:39.426[Status]Routing 108: Walk: 38
2020-02-08_11:49:39.530[Battery Energy]82.28
2020-02-08_11:49:39.845[Status]Routing 109: Walk: 38
2020-02-08_11:49:39.945[Battery Energy]82.09
2020-02-08_11:49:40.106[Status]Routing 110: Walk: 38
2020-02-08_11:49:40.210[Battery Energy]81.97
2020-02-08_11:49:40.525[Status]Routing 111: Walk: 38
2020-02-08_11:49:40.634[Battery Energy]81.76
2020-02-08_11:49:40.981[Status]Routing 112: Walk: 38
2020-02-08_11:49:41.085[Battery Energy]81.51
2020-02-08_11:49:41.334[Status]Routing 113: Walk: 38
2020-02-08_11:49:41.436[Battery Energy]81.37
2020-02-08_11:49:41.677[Status]Routing 114: Walk: 38
2020-02-08_11:49:41.786[Battery Energy]81.19
2020-02-08_11:49:41.950[Status]Routing 115: Walk: 38
2020-02-08_11:49:42.058[Battery Energy]81.06
2020-02-08_11:49:42.311[Status]Routing 116: Walk: 38
2020-02-08_11:49:42.411[Battery Energy]80.86
2020-02-08_11:49:42.724[Status]Routing 117: Walk: 38
2020-02-08_11:49:42.827[Battery Energy]80.64
2020-02-08_11:49:43.166[Status]Routing 118: Walk: 38
2020-02-08_11:49:43.268[Battery Energy]80.36
2020-02-08_11:49:43.502[Status]Routing 119: Walk: 38
2020-02-08_11:49:43.606[Battery Energy]80.21
2020-02-08_11:49:43.770[Status]Routing 120: Walk: 38
2020-02-08_11:49:43.882[Battery Energy]80.10
2020-02-08_11:49:44.113[Status]Routing 121: Walk: 38
2020-02-08_11:49:44.214[Battery Energy]79.93
2020-02-08_11:49:44.381[Status]Routing 122: Walk: 38
2020-02-08_11:49:44.486[Battery Energy]79.79
2020-02-08_11:49:44.840[Status]Routing 123: Walk: 38
2020-02-08_11:49:44.940[Battery Energy]79.57
2020-02-08_11:49:45.260[Status]Routing 124: Walk: 38
2020-02-08_11:49:45.360[Battery Energy]79.33
2020-02-08_11:49:45.521[Status]Routing 125: Walk: 38
2020-02-08_11:49:45.630[Battery Energy]79.22
2020-02-08_11:49:45.914[Status]Routing 126: Walk: 38
2020-02-08_11:49:46.018[Battery Energy]79.03
2020-02-08_11:49:46.338[Status]Routing 127: Walk: 38
2020-02-08_11:49:46.439[Battery Energy]78.82
2020-02-08_11:49:46.785[Status]Routing 128: Walk: 38
2020-02-08_11:49:46.886[Battery Energy]78.60
2020-02-08_11:49:47.214[Status]Routing 129: Walk: 38
2020-02-08_11:49:47.322[Battery Energy]78.38
2020-02-08_11:49:47.455[Status]Routing 130: Walk: 38
2020-02-08_11:49:47.561[Battery Energy]78.30
2020-02-08_11:49:47.877[Status]Routing 131: Walk: 38
2020-02-08_11:49:47.980[Battery Energy]78.07
2020-02-08_11:49:48.266[Status]Routing 132: Walk: 38
2020-02-08_11:49:48.370[Battery Energy]77.86
2020-02-08_11:49:48.534[Status]Routing 133: Walk: 38
2020-02-08_11:49:48.640[Battery Energy]77.75
2020-02-08_11:49:48.966[Status]Routing 134: Walk: 38
2020-02-08_11:49:49.078[Battery Energy]77.53
2020-02-08_11:49:49.224[Status]Routing 135: Walk: 38
2020-02-08_11:49:49.325[Battery Energy]77.42
2020-02-08_11:49:49.489[Status]Routing 136: Walk: 38
2020-02-08_11:49:49.594[Battery Energy]77.30
2020-02-08_11:49:49.748[Status]Routing 137: Walk: 38
2020-02-08_11:49:49.854[Battery Energy]77.19
2020-02-08_11:49:49.995[Status]Routing 138: Walk: 38
2020-02-08_11:49:50.098[Battery Energy]77.08
2020-02-08_11:49:50.327[Status]Routing 139: Walk: 38
2020-02-08_11:49:50.450[Battery Energy]76.91
2020-02-08_11:49:50.588[Status]Routing 140: Walk: 38
2020-02-08_11:49:50.698[Battery Energy]76.81
2020-02-08_11:49:50.836[Status]Routing 141: Walk: 38
2020-02-08_11:49:50.936[Battery Energy]76.69
2020-02-08_11:49:51.096[Status]Routing 142: Walk: 38
2020-02-08_11:49:51.196[Battery Energy]76.57
2020-02-08_11:49:51.382[Status]Routing 143: Walk: 38
2020-02-08_11:49:51.483[Battery Energy]76.45
2020-02-08_11:49:51.627[Status]Routing 144: Walk: 38
2020-02-08_11:49:51.727[Battery Energy]76.33
2020-02-08_11:49:51.976[Status]Routing 145: Walk: 38
2020-02-08_11:49:52.085[Battery Energy]76.16
2020-02-08_11:49:52.213[Status]Routing 146: Walk: 38
2020-02-08_11:49:52.315[Battery Energy]76.07
2020-02-08_11:49:52.449[Status]Routing 147: Walk: 38
2020-02-08_11:49:52.553[Battery Energy]75.94
2020-02-08_11:49:52.693[Status]Routing 148: Walk: 38
2020-02-08_11:49:52.794[Battery Energy]75.84
2020-02-08_11:49:53.065[Status]Routing 149: Walk: 38
2020-02-08_11:49:53.166[Battery Energy]75.66
2020-02-08_11:49:53.361[Status]Routing 150: Walk: 38
2020-02-08_11:49:53.474[Battery Energy]75.53
2020-02-08_11:49:53.598[Status]Routing 151: Walk: 38
2020-02-08_11:49:53.698[Battery Energy]75.44
2020-02-08_11:49:53.836[Status]Routing 152: Walk: 38
2020-02-08_11:49:53.957[Battery Energy]75.35
2020-02-08_11:49:54.100[Status]Routing 153: Walk: 38
2020-02-08_11:49:54.200[Battery Energy]75.25
2020-02-08_11:49:54.363[Status]Routing 154: Walk: 38
2020-02-08_11:49:54.463[Battery Energy]75.14
2020-02-08_11:49:54.633[Status]Routing 155: Walk: 38
2020-02-08_11:49:54.733[Battery Energy]75.02
2020-02-08_11:49:54.887[Status]Routing 156: Walk: 38
2020-02-08_11:49:54.992[Battery Energy]74.91
2020-02-08_11:49:55.153[Status]Routing 157: Walk: 38
2020-02-08_11:49:55.253[Battery Energy]74.83
2020-02-08_11:49:55.395[Status]Routing 158: Walk: 38
2020-02-08_11:49:55.510[Battery Energy]74.73
2020-02-08_11:49:55.639[Status]Routing 159: Walk: 38
2020-02-08_11:49:55.751[Battery Energy]74.60
2020-02-08_11:49:55.883[Status]Routing 160: Walk: 38
2020-02-08_11:49:55.985[Battery Energy]74.50
2020-02-08_11:49:56.147[Status]Routing 161: Walk: 38
2020-02-08_11:49:56.254[Battery Energy]74.40
2020-02-08_11:49:56.403[Status]Routing 162: Walk: 38
2020-02-08_11:49:56.504[Battery Energy]74.32
2020-02-08_11:49:56.666[Status]Routing 163: Walk: 38
2020-02-08_11:49:56.782[Battery Energy]74.24
2020-02-08_11:49:56.930[Status]Routing 164: Walk: 38
2020-02-08_11:49:57.035[Battery Energy]74.15
2020-02-08_11:49:57.179[Status]Routing 165: Walk: 38
2020-02-08_11:49:57.282[Battery Energy]74.06
2020-02-08_11:49:57.422[Status]Routing 166: Walk: 38
2020-02-08_11:49:57.530[Battery Energy]73.93
2020-02-08_11:49:57.677[Status]Routing 167: Walk: 38
2020-02-08_11:49:57.786[Battery Energy]73.82
2020-02-08_11:49:57.915[Status]Routing 168: Walk: 38
2020-02-08_11:49:58.018[Battery Energy]73.72
2020-02-08_11:49:58.171[Status]Routing 169: Walk: 38
2020-02-08_11:49:58.271[Battery Energy]73.60
2020-02-08_11:49:58.435[Status]Routing 170: Walk: 38
2020-02-08_11:49:58.541[Battery Energy]73.48
2020-02-08_11:49:58.671[Status]Routing 171: Walk: 38
2020-02-08_11:49:58.774[Battery Energy]73.36
2020-02-08_11:49:58.926[Status]Routing 172: Walk: 38
2020-02-08_11:49:59.038[Battery Energy]73.25
2020-02-08_11:49:59.166[Status]Routing 173: Walk: 38
2020-02-08_11:49:59.278[Battery Energy]73.15
2020-02-08_11:49:59.421[Status]Routing 174: Walk: 38
2020-02-08_11:49:59.538[Battery Energy]73.04
2020-02-08_11:49:59.705[Status]Routing 175: Walk: 38
2020-02-08_11:49:59.810[Battery Energy]72.92
2020-02-08_11:49:59.947[Status]Routing 176: Walk: 38
2020-02-08_11:50:00.058[Battery Energy]72.83
2020-02-08_11:50:00.197[Status]Routing 177: Walk: 38
2020-02-08_11:50:00.297[Battery Energy]72.71
2020-02-08_11:50:00.453[Status]Routing 178: Walk: 38
2020-02-08_11:50:00.562[Battery Energy]72.59
2020-02-08_11:50:00.732[Status]Routing 179: Walk: 38
2020-02-08_11:50:00.832[Battery Energy]72.47
2020-02-08_11:50:00.975[Status]Routing 180: Walk: 38
2020-02-08_11:50:01.075[Battery Energy]72.34
2020-02-08_11:50:01.246[Status]Routing 181: Walk: 38
2020-02-08_11:50:01.346[Battery Energy]72.23
2020-02-08_11:50:01.494[Status]Routing 182: Walk: 38
2020-02-08_11:50:01.606[Battery Energy]72.13
2020-02-08_11:50:01.750[Status]Routing 183: Walk: 38
2020-02-08_11:50:01.851[Battery Energy]71.99
2020-02-08_11:50:02.007[Status]Routing 184: Walk: 38
2020-02-08_11:50:02.113[Battery Energy]71.87
2020-02-08_11:50:02.264[Status]Routing 185: Walk: 38
2020-02-08_11:50:02.374[Battery Energy]71.76
2020-02-08_11:50:02.525[Status]Routing 186: Walk: 38
2020-02-08_11:50:02.638[Battery Energy]71.66
2020-02-08_11:50:02.775[Status]Routing 187: Walk: 38
2020-02-08_11:50:02.883[Battery Energy]71.55
2020-02-08_11:50:03.024[Status]Routing 188: Walk: 38
2020-02-08_11:50:03.126[Battery Energy]71.44
2020-02-08_11:50:03.251[Status]Routing 189: Walk: 38
2020-02-08_11:50:03.351[Battery Energy]71.32
2020-02-08_11:50:03.503[Status]Routing 190: Walk: 38
2020-02-08_11:50:03.610[Battery Energy]71.21
2020-02-08_11:50:03.740[Status]Routing 191: Walk: 38
2020-02-08_11:50:03.840[Battery Energy]71.11
2020-02-08_11:50:04.040[Status]Routing 192: Walk: 38
2020-02-08_11:50:04.140[Battery Energy]70.96
2020-02-08_11:50:04.298[Status]Routing 193: Walk: 38
2020-02-08_11:50:04.398[Battery Energy]70.83
2020-02-08_11:50:04.572[Status]Routing 194: Walk: 38
2020-02-08_11:50:04.694[Battery Energy]70.70
2020-02-08_11:50:04.813[Status]Routing 195: Walk: 38
2020-02-08_11:50:04.921[Battery Energy]70.61
2020-02-08_11:50:05.063[Status]Routing 196: Walk: 38
2020-02-08_11:50:05.170[Battery Energy]70.51
2020-02-08_11:50:05.308[Status]Routing 197: Walk: 38
2020-02-08_11:50:05.422[Battery Energy]70.42
2020-02-08_11:50:05.570[Status]Routing 198: Walk: 38
2020-02-08_11:50:05.686[Battery Energy]70.33
2020-02-08_11:50:05.810[Status]Routing 199: Walk: 38
2020-02-08_11:50:05.910[Battery Energy]70.24
2020-02-08_11:50:06.046[Status]Routing 200: Walk: 38
2020-02-08_11:50:06.147[Battery Energy]70.15
2020-02-08_11:50:06.320[Status]Routing 201: Walk: 38
2020-02-08_11:50:06.438[Battery Energy]70.02
2020-02-08_11:50:06.569[Status]Routing 202: Walk: 38
2020-02-08_11:50:06.682[Battery Energy]69.92
2020-02-08_11:50:06.826[Status]Routing 203: Walk: 38
2020-02-08_11:50:06.927[Battery Energy]69.80
2020-02-08_11:50:07.096[Status]Routing 204: Walk: 38
2020-02-08_11:50:07.206[Battery Energy]69.67
2020-02-08_11:50:07.374[Status]Routing 205: Walk: 38
2020-02-08_11:50:07.478[Battery Energy]69.53
2020-02-08_11:50:07.623[Status]Routing 206: Walk: 38
2020-02-08_11:50:07.734[Battery Energy]69.43
2020-02-08_11:50:07.868[Status]Routing 207: Walk: 38
2020-02-08_11:50:07.974[Battery Energy]69.35
2020-02-08_11:50:08.118[Status]Routing 208: Walk: 38
2020-02-08_11:50:08.222[Battery Energy]69.24
2020-02-08_11:50:08.359[Status]Routing 209: Walk: 38
2020-02-08_11:50:08.485[Battery Energy]69.14
2020-02-08_11:50:08.646[Status]Routing 210: Walk: 38
2020-02-08_11:50:08.771[Battery Energy]69.02
2020-02-08_11:50:08.890[Status]Routing 211: Walk: 38
2020-02-08_11:50:08.992[Battery Energy]68.93
2020-02-08_11:50:09.130[Status]Routing 212: Walk: 38
2020-02-08_11:50:09.230[Battery Energy]68.83
2020-02-08_11:50:09.378[Status]Routing 213: Walk: 38
2020-02-08_11:50:09.482[Battery Energy]68.72
2020-02-08_11:50:09.637[Status]Routing 214: Walk: 38
2020-02-08_11:50:09.742[Battery Energy]68.62
2020-02-08_11:50:09.928[Status]Routing 215: Walk: 38
2020-02-08_11:50:10.029[Battery Energy]68.49
2020-02-08_11:50:10.175[Status]Routing 216: Walk: 38
2020-02-08_11:50:10.290[Battery Energy]68.37
2020-02-08_11:50:10.440[Status]Routing 217: Walk: 38
2020-02-08_11:50:10.541[Battery Energy]68.26
2020-02-08_11:50:10.692[Status]Routing 218: Walk: 38
2020-02-08_11:50:10.795[Battery Energy]68.15
2020-02-08_11:50:10.949[Status]Routing 219: Walk: 38
2020-02-08_11:50:11.051[Battery Energy]68.04
2020-02-08_11:50:11.201[Status]Routing 220: Walk: 38
2020-02-08_11:50:11.301[Battery Energy]67.93
2020-02-08_11:50:11.484[Status]Routing 221: Walk: 38
2020-02-08_11:50:11.594[Battery Energy]67.80
2020-02-08_11:50:11.747[Status]Routing 222: Walk: 38
2020-02-08_11:50:11.847[Battery Energy]67.67
2020-02-08_11:50:12.005[Status]Routing 223: Walk: 38
2020-02-08_11:50:12.110[Battery Energy]67.56
2020-02-08_11:50:12.278[Status]Routing 224: Walk: 38
2020-02-08_11:50:12.390[Battery Energy]67.47
2020-02-08_11:50:12.535[Status]Routing 225: Walk: 38
2020-02-08_11:50:12.642[Battery Energy]67.38
2020-02-08_11:50:12.789[Status]Routing 226: Walk: 38
2020-02-08_11:50:12.893[Battery Energy]67.27
2020-02-08_11:50:13.034[Status]Routing 227: Walk: 38
2020-02-08_11:50:13.135[Battery Energy]67.15
2020-02-08_11:50:13.313[Status]Routing 228: Walk: 38
2020-02-08_11:50:13.416[Battery Energy]67.04
2020-02-08_11:50:13.563[Status]Routing 229: Walk: 38
2020-02-08_11:50:13.670[Battery Energy]66.92
2020-02-08_11:50:13.826[Status]Routing 230: Walk: 38
2020-02-08_11:50:13.938[Battery Energy]66.79
2020-02-08_11:50:14.073[Status]Routing 231: Walk: 38
2020-02-08_11:50:14.173[Battery Energy]66.69
2020-02-08_11:50:14.310[Status]Routing 232: Walk: 38
2020-02-08_11:50:14.410[Battery Energy]66.59
2020-02-08_11:50:14.573[Status]Routing 233: Walk: 38
2020-02-08_11:50:14.685[Battery Energy]66.48
2020-02-08_11:50:14.852[Status]Routing 234: Walk: 38
2020-02-08_11:50:14.958[Battery Energy]66.36
2020-02-08_11:50:15.116[Status]Routing 235: Walk: 38
2020-02-08_11:50:15.216[Battery Energy]66.26
2020-02-08_11:50:15.380[Status]Routing 236: Walk: 38
2020-02-08_11:50:15.490[Battery Energy]66.16
2020-02-08_11:50:15.641[Status]Routing 237: Walk: 38
2020-02-08_11:50:15.746[Battery Energy]66.08
2020-02-08_11:50:15.896[Status]Routing 238: Walk: 38
2020-02-08_11:50:16.006[Battery Energy]65.96
2020-02-08_11:50:16.163[Status]Routing 239: Walk: 38
2020-02-08_11:50:16.291[Battery Energy]65.86
2020-02-08_11:50:16.421[Status]Routing 240: Walk: 38
2020-02-08_11:50:16.526[Battery Energy]65.76
2020-02-08_11:50:16.669[Status]Routing 241: Walk: 38
2020-02-08_11:50:16.774[Battery Energy]65.65
2020-02-08_11:50:16.902[Status]Routing 242: Walk: 38
2020-02-08_11:50:17.002[Battery Energy]65.53
2020-02-08_11:50:17.149[Status]Routing 243: Walk: 38
2020-02-08_11:50:17.250[Battery Energy]65.45
2020-02-08_11:50:17.425[Status]Routing 244: Walk: 38
2020-02-08_11:50:17.534[Battery Energy]65.34
2020-02-08_11:50:17.689[Status]Routing 245: Walk: 38
2020-02-08_11:50:17.802[Battery Energy]65.24
2020-02-08_11:50:17.928[Status]Routing 246: Walk: 38
2020-02-08_11:50:18.031[Battery Energy]65.16
2020-02-08_11:50:18.202[Status]Routing 247: Walk: 38
2020-02-08_11:50:18.310[Battery Energy]65.03
2020-02-08_11:50:18.465[Status]Routing 248: Walk: 38
2020-02-08_11:50:18.569[Battery Energy]64.90
2020-02-08_11:50:18.716[Status]Routing 249: Walk: 38
2020-02-08_11:50:18.818[Battery Energy]64.79
2020-02-08_11:50:18.988[Status]Routing 250: Walk: 38
2020-02-08_11:50:19.093[Battery Energy]64.69
2020-02-08_11:50:19.232[Status]Routing 251: Walk: 38
2020-02-08_11:50:19.336[Battery Energy]64.58
2020-02-08_11:50:19.480[Status]Routing 252: Walk: 38
2020-02-08_11:50:19.586[Battery Energy]64.49
2020-02-08_11:50:19.767[Status]Routing 253: Walk: 38
2020-02-08_11:50:19.868[Battery Energy]64.35
2020-02-08_11:50:20.042[Status]Routing 254: Walk: 38
2020-02-08_11:50:20.142[Battery Energy]64.22
2020-02-08_11:50:20.274[Status]Routing 255: Walk: 38
2020-02-08_11:50:20.386[Battery Energy]64.12
2020-02-08_11:50:20.529[Status]Routing 256: Walk: 38
2020-02-08_11:50:20.638[Battery Energy]64.03
2020-02-08_11:50:20.803[Status]Routing 257: Walk: 38
2020-02-08_11:50:20.903[Battery Energy]63.94
2020-02-08_11:50:21.056[Status]Routing 258: Walk: 38
2020-02-08_11:50:21.158[Battery Energy]63.83
2020-02-08_11:50:21.327[Status]Routing 259: Walk: 38
2020-02-08_11:50:21.427[Battery Energy]63.71
2020-02-08_11:50:21.574[Status]Routing 260: Walk: 38
2020-02-08_11:50:21.682[Battery Energy]63.61
2020-02-08_11:50:21.837[Status]Routing 261: Walk: 38
2020-02-08_11:50:21.954[Battery Energy]63.48
2020-02-08_11:50:22.092[Status]Routing 262: Walk: 38
2020-02-08_11:50:22.193[Battery Energy]63.39
2020-02-08_11:50:22.409[Status]Routing 263: Walk: 38
2020-02-08_11:50:22.514[Battery Energy]63.26
2020-02-08_11:50:22.654[Status]Routing 264: Walk: 38
2020-02-08_11:50:22.758[Battery Energy]63.15
2020-02-08_11:50:22.900[Status]Routing 265: Walk: 38
2020-02-08_11:50:23.018[Battery Energy]63.03
2020-02-08_11:50:23.150[Status]Routing 266: Walk: 38
2020-02-08_11:50:23.251[Battery Energy]62.93
2020-02-08_11:50:23.407[Status]Routing 267: Walk: 38
2020-02-08_11:50:23.507[Battery Energy]62.81
2020-02-08_11:50:23.683[Status]Routing 268: Walk: 38
2020-02-08_11:50:23.802[Battery Energy]62.71
2020-02-08_11:50:23.933[Status]Routing 269: Walk: 38
2020-02-08_11:50:24.050[Battery Energy]62.62
2020-02-08_11:50:24.218[Status]Routing 270: Walk: 38
2020-02-08_11:50:24.318[Battery Energy]62.52
2020-02-08_11:50:24.485[Status]Routing 271: Walk: 38
2020-02-08_11:50:24.585[Battery Energy]62.40
2020-02-08_11:50:24.756[Status]Routing 272: Walk: 38
2020-02-08_11:50:24.863[Battery Energy]62.25
2020-02-08_11:50:24.979[Status]Routing 273: Walk: 38
2020-02-08_11:50:25.079[Battery Energy]62.16
2020-02-08_11:50:25.244[Status]Routing 274: Walk: 38
2020-02-08_11:50:25.346[Battery Energy]62.05
2020-02-08_11:50:25.504[Status]Routing 275: Walk: 38
2020-02-08_11:50:25.618[Battery Energy]61.94
2020-02-08_11:50:25.780[Status]Routing 276: Walk: 38
2020-02-08_11:50:25.894[Battery Energy]61.83
2020-02-08_11:50:26.041[Status]Routing 277: Walk: 38
2020-02-08_11:50:26.142[Battery Energy]61.72
2020-02-08_11:50:26.301[Status]Routing 278: Walk: 38
2020-02-08_11:50:26.401[Battery Energy]61.60
2020-02-08_11:50:26.547[Status]Routing 279: Walk: 38
2020-02-08_11:50:26.657[Battery Energy]61.49
2020-02-08_11:50:26.800[Status]Routing 280: Walk: 38
2020-02-08_11:50:26.901[Battery Energy]61.37
2020-02-08_11:50:27.043[Status]Routing 281: Walk: 38
2020-02-08_11:50:27.143[Battery Energy]61.28
2020-02-08_11:50:27.285[Status]Routing 282: Walk: 38
2020-02-08_11:50:27.398[Battery Energy]61.17
2020-02-08_11:50:27.561[Status]Routing 283: Walk: 38
2020-02-08_11:50:27.661[Battery Energy]61.07
2020-02-08_11:50:27.807[Status]Routing 284: Walk: 38
2020-02-08_11:50:27.908[Battery Energy]60.97
2020-02-08_11:50:28.046[Status]Routing 285: Walk: 38
2020-02-08_11:50:28.146[Battery Energy]60.85
2020-02-08_11:50:28.290[Status]Routing 286: Walk: 38
2020-02-08_11:50:28.390[Battery Energy]60.74
2020-02-08_11:50:28.537[Status]Routing 287: Walk: 38
2020-02-08_11:50:28.644[Battery Energy]60.65
2020-02-08_11:50:28.787[Status]Routing 288: Walk: 38
2020-02-08_11:50:28.894[Battery Energy]60.54
2020-02-08_11:50:29.059[Status]Routing 289: Walk: 38
2020-02-08_11:50:29.159[Battery Energy]60.42
2020-02-08_11:50:29.327[Status]Routing 290: Walk: 38
2020-02-08_11:50:29.434[Battery Energy]60.30
2020-02-08_11:50:29.579[Status]Routing 291: Walk: 38
2020-02-08_11:50:29.679[Battery Energy]60.21
2020-02-08_11:50:29.816[Status]Routing 292: Walk: 38
2020-02-08_11:50:29.918[Battery Energy]60.13
2020-02-08_11:50:30.099[Status]Routing 293: Walk: 38
2020-02-08_11:50:30.199[Battery Energy]60.02
2020-02-08_11:50:30.363[Status]Routing 294: Walk: 38
2020-02-08_11:50:30.470[Battery Energy]59.88
2020-02-08_11:50:30.637[Status]Routing 295: Walk: 38
2020-02-08_11:50:30.737[Battery Energy]59.76
2020-02-08_11:50:30.893[Status]Routing 296: Walk: 38
2020-02-08_11:50:31.002[Battery Energy]59.66
2020-02-08_11:50:31.130[Status]Routing 297: Walk: 38
2020-02-08_11:50:31.238[Battery Energy]59.56
2020-02-08_11:50:31.388[Status]Routing 298: Walk: 38
2020-02-08_11:50:31.494[Battery Energy]59.47
2020-02-08_11:50:31.630[Status]Routing 299: Walk: 38
2020-02-08_11:50:31.742[Battery Energy]59.38
2020-02-08_11:50:31.910[Status]Routing 300: Walk: 38
2020-02-08_11:50:32.010[Battery Energy]59.25
2020-02-08_11:50:32.170[Status]Routing 301: Walk: 38
2020-02-08_11:50:32.270[Battery Energy]59.15
2020-02-08_11:50:32.434[Status]Routing 302: Walk: 38
2020-02-08_11:50:32.550[Battery Energy]59.03
2020-02-08_11:50:32.700[Status]Routing 303: Walk: 38
2020-02-08_11:50:32.800[Battery Energy]58.93
2020-02-08_11:50:32.939[Status]Routing 304: Walk: 38
2020-02-08_11:50:33.058[Battery Energy]58.84
2020-02-08_11:50:33.178[Status]Routing 305: Walk: 38
2020-02-08_11:50:33.278[Battery Energy]58.74
2020-02-08_11:50:33.488[Status]Routing 306: Walk: 38
2020-02-08_11:50:33.590[Battery Energy]58.59
2020-02-08_11:50:33.769[Status]Routing 307: Walk: 38
2020-02-08_11:50:33.869[Battery Energy]58.46
2020-02-08_11:50:34.021[Status]Routing 308: Walk: 38
2020-02-08_11:50:34.122[Battery Energy]58.35
2020-02-08_11:50:34.278[Status]Routing 309: Walk: 38
2020-02-08_11:50:34.382[Battery Energy]58.22
2020-02-08_11:50:34.526[Status]Routing 310: Walk: 38
2020-02-08_11:50:34.628[Battery Energy]58.10
2020-02-08_11:50:34.824[Status]Routing 311: Walk: 38
2020-02-08_11:50:34.932[Battery Energy]57.93
2020-02-08_11:50:35.071[Status]Routing 312: Walk: 38
2020-02-08_11:50:35.186[Battery Energy]57.84
2020-02-08_11:50:35.331[Status]Routing 313: Walk: 38
2020-02-08_11:50:35.438[Battery Energy]57.74
2020-02-08_11:50:35.584[Status]Routing 314: Walk: 38
2020-02-08_11:50:35.690[Battery Energy]57.63
2020-02-08_11:50:35.843[Status]Routing 315: Walk: 38
2020-02-08_11:50:35.974[Battery Energy]57.50
2020-02-08_11:50:36.111[Status]Routing 316: Walk: 38
2020-02-08_11:50:36.218[Battery Energy]57.40
2020-02-08_11:50:36.376[Status]Routing 317: Walk: 38
2020-02-08_11:50:36.476[Battery Energy]57.29
2020-02-08_11:50:36.615[Status]Routing 318: Walk: 38
2020-02-08_11:50:36.720[Battery Energy]57.19
2020-02-08_11:50:36.875[Status]Routing 319: Walk: 38
2020-02-08_11:50:36.986[Battery Energy]57.08
2020-02-08_11:50:37.139[Status]Routing 320: Walk: 38
2020-02-08_11:50:37.242[Battery Energy]56.97
2020-02-08_11:50:37.374[Status]Routing 321: Walk: 38
2020-02-08_11:50:37.482[Battery Energy]56.87
2020-02-08_11:50:37.603[Status]Routing 322: Walk: 38
2020-02-08_11:50:37.703[Battery Energy]56.78
2020-02-08_11:50:37.842[Status]Routing 323: Walk: 38
2020-02-08_11:50:37.942[Battery Energy]56.68
2020-02-08_11:50:38.100[Status]Routing 324: Walk: 38
2020-02-08_11:50:38.200[Battery Energy]56.56
2020-02-08_11:50:38.361[Status]Routing 325: Walk: 38
2020-02-08_11:50:38.470[Battery Energy]56.47
2020-02-08_11:50:38.613[Status]Routing 326: Walk: 38
2020-02-08_11:50:38.722[Battery Energy]56.35
2020-02-08_11:50:38.864[Status]Routing 327: Walk: 38
2020-02-08_11:50:38.964[Battery Energy]56.25
2020-02-08_11:50:39.092[Status]Routing 328: Walk: 38
2020-02-08_11:50:39.192[Battery Energy]56.13
2020-02-08_11:50:39.356[Status]Routing 329: Walk: 38
2020-02-08_11:50:39.461[Battery Energy]56.02
2020-02-08_11:50:39.606[Status]Routing 330: Walk: 38
2020-02-08_11:50:39.718[Battery Energy]55.91
2020-02-08_11:50:39.856[Status]Routing 331: Walk: 38
2020-02-08_11:50:39.971[Battery Energy]55.79
2020-02-08_11:50:40.100[Status]Routing 332: Walk: 38
2020-02-08_11:50:40.206[Battery Energy]55.69
2020-02-08_11:50:40.345[Status]Routing 333: Walk: 38
2020-02-08_11:50:40.462[Battery Energy]55.58
2020-02-08_11:50:40.593[Status]Routing 334: Walk: 38
2020-02-08_11:50:40.698[Battery Energy]55.47
2020-02-08_11:50:40.845[Status]Routing 335: Walk: 38
2020-02-08_11:50:40.958[Battery Energy]55.37
2020-02-08_11:50:41.116[Status]Routing 336: Walk: 38
2020-02-08_11:50:41.227[Battery Energy]55.23
2020-02-08_11:50:41.380[Status]Routing 337: Walk: 38
2020-02-08_11:50:41.490[Battery Energy]55.14
2020-02-08_11:50:41.655[Status]Routing 338: Walk: 38
2020-02-08_11:50:41.756[Battery Energy]55.01
2020-02-08_11:50:41.935[Status]Routing 339: Walk: 38
2020-02-08_11:50:42.035[Battery Energy]54.89
2020-02-08_11:50:42.229[Status]Routing 340: Walk: 38
2020-02-08_11:50:42.329[Battery Energy]54.76
