2020-02-08_11:55:36.321[Status]Start.
2020-02-08_11:55:36.321[Battery Energy]74.00
2020-02-08_11:55:37.423[Battery Energy]73.96
2020-02-08_11:55:38.524[Battery Energy]73.92
2020-02-08_11:55:39.625[Battery Energy]73.88
2020-02-08_11:55:40.726[Battery Energy]73.84
2020-02-08_11:55:41.826[Task]A New Task Released.
2020-02-08_11:55:41.826[Battery Energy]73.80
2020-02-08_11:55:41.826[Status]Selection Start.
2020-02-08_11:55:45.215[Status]Selection End: Do Task 1.
2020-02-08_11:55:45.322[Battery Energy]71.44
2020-02-08_11:55:45.322[Status]Formation Start.
2020-02-08_11:55:45.486[Status]number of tasks is 7
2020-02-08_11:55:45.490[Status]my group tasks is [ 1300.   700.]
2020-02-08_11:55:45.493[Status]my group tasks is [ 1262.34898019   778.18314825]
2020-02-08_11:55:45.498[Status]my group tasks is [ 1177.7479066    797.49279122]
2020-02-08_11:55:45.501[Status]my group tasks is [ 1109.90311321   743.38837391]
2020-02-08_11:55:45.508[Status]my group tasks is [ 1109.90311321   656.61162609]
2020-02-08_11:55:45.514[Status]my group tasks is [ 1177.7479066    602.50720878]
2020-02-08_11:55:45.522[Status]my group tasks is [ 1262.34898019   621.81685175]
2020-02-08_11:55:45.565[Status]mygroup_robots_utility is {7: [32.2918044365551, 17.327707119099202, 18.673387642292365, 35.133617272540995, 31.02608665385033, 18.795939953300852, 15.982198946779915], 8: [16.18075024434686, 17.392358891111186, 14.945534172708678, 16.24531190920084, 17.42529172297273, 29.802290359145406, 14.408386069590257], 9: [16.276659886287614, 17.08316935060274, 14.938583854154968, 17.325247641934368, 29.221543089794817, 14.268184181363821, 15.80090784165605], 10: [16.018348836254752, 17.86436765896997, 34.795358128122174, 14.70214783030748, 16.93829675756464, 14.895117304164096, 15.530646689327297], 11: [16.44573154923073, 33.73287014711585, 14.652596387855526, 31.960785667070706, 13.879734910899913, 14.076493862751056, 15.148684071289512], 12: [16.290457279186807, 17.44439704660042, 34.72280878975264, 14.864937845518794, 16.12772695197738, 28.8127426943456, 14.976840738220359], 13: [16.668993279105063, 17.2895516827285, 30.34762677261172, 33.084146023715064, 28.523936836617462, 14.315305564966629, 15.308593595243655]}
2020-02-08_11:55:45.566[Status]self.local_queue is [7, 9, 8, 11, 10, 12, 13]
2020-02-08_11:55:45.567[Status]task_chosen index is 3
2020-02-08_11:55:45.567[Status]task_chosen index is 4
2020-02-08_11:55:45.567[Status]task_chosen index is 5
2020-02-08_11:55:45.567[Status]task_chosen index is 1
2020-02-08_11:55:45.567[Status]myindex_in_queue is 1
2020-02-08_11:55:45.567[Status]task destination is [1262.3489801858734, 778.183148246803]
2020-02-08_11:55:45.669[Battery Energy]71.30
2020-02-08_11:55:45.669[Status]Routing Start.
2020-02-08_11:55:45.849[Status]{'id': 11, 'coordinate': [68.49375246185, 383.14144301127953]}
2020-02-08_11:55:45.849[Status]Routing 1: Walk: 1
2020-02-08_11:55:45.958[Battery Energy]71.07
2020-02-08_11:55:45.958[Status]Routing Start.
2020-02-08_11:55:46.110[Status]{'id': 11, 'coordinate': [77.98750492369999, 386.28288602255907]}
2020-02-08_11:55:46.110[Status]Routing 2: Walk: 2
2020-02-08_11:55:46.218[Battery Energy]70.85
2020-02-08_11:55:46.218[Status]Routing Start.
2020-02-08_11:55:46.361[Status]{'id': 11, 'coordinate': [87.48125738554998, 389.4243290338386]}
2020-02-08_11:55:46.361[Status]Routing 3: Walk: 3
2020-02-08_11:55:46.474[Battery Energy]70.64
2020-02-08_11:55:46.474[Status]Routing Start.
2020-02-08_11:55:46.599[Status]{'id': 11, 'coordinate': [96.97500984739997, 392.56577204511814]}
2020-02-08_11:55:46.600[Status]Routing 4: Walk: 4
2020-02-08_11:55:46.700[Battery Energy]70.45
2020-02-08_11:55:46.700[Status]Routing Start.
2020-02-08_11:55:46.883[Status]{'id': 11, 'coordinate': [106.46876230924997, 395.7072150563977]}
2020-02-08_11:55:46.884[Status]Routing 5: Walk: 5
2020-02-08_11:55:46.986[Battery Energy]70.21
2020-02-08_11:55:46.986[Status]Routing Start.
2020-02-08_11:55:47.149[Status]{'id': 11, 'coordinate': [115.96251477109998, 398.8486580676772]}
2020-02-08_11:55:47.149[Status]Routing 6: Walk: 6
2020-02-08_11:55:47.249[Battery Energy]70.00
2020-02-08_11:55:47.249[Status]Routing Start.
2020-02-08_11:55:47.742[Status]{'id': 11, 'coordinate': [125.45626723294998, 401.99010107895674]}
2020-02-08_11:55:47.742[Status]Routing 7: Walk: 7
2020-02-08_11:55:47.842[Battery Energy]69.55
2020-02-08_11:55:47.842[Status]Routing Start.
2020-02-08_11:55:48.168[Status]{'id': 11, 'coordinate': [134.95001969479998, 405.1315440902363]}
2020-02-08_11:55:48.168[Status]Routing 8: Walk: 8
2020-02-08_11:55:48.271[Battery Energy]69.17
2020-02-08_11:55:48.271[Status]Routing Start.
2020-02-08_11:55:48.528[Status]{'id': 11, 'coordinate': [144.44377215664997, 408.2729871015158]}
2020-02-08_11:55:48.528[Status]Routing 9: Walk: 9
2020-02-08_11:55:48.628[Battery Energy]68.85
2020-02-08_11:55:48.628[Status]Routing Start.
2020-02-08_11:55:48.832[Status]{'id': 11, 'coordinate': [153.93752461849996, 411.41443011279534]}
2020-02-08_11:55:48.832[Status]Routing 10: Walk: 10
2020-02-08_11:55:48.932[Battery Energy]68.59
2020-02-08_11:55:48.932[Status]Routing Start.
2020-02-08_11:55:49.239[Status]{'id': 11, 'coordinate': [163.43127708034996, 414.5558731240749]}
2020-02-08_11:55:49.245[Status]Routing 11: Walk: 11
2020-02-08_11:55:49.346[Battery Energy]68.30
2020-02-08_11:55:49.346[Status]Routing Start.
2020-02-08_11:55:49.926[Status]{'id': 11, 'coordinate': [172.92502954219995, 417.6973161353544]}
2020-02-08_11:55:49.926[Status]Routing 12: Walk: 12
2020-02-08_11:55:50.026[Battery Energy]67.82
2020-02-08_11:55:50.026[Status]Routing Start.
2020-02-08_11:55:50.180[Status]{'id': 11, 'coordinate': [182.41878200404994, 420.83875914663395]}
2020-02-08_11:55:50.180[Status]Routing 13: Walk: 13
2020-02-08_11:55:50.280[Battery Energy]67.60
2020-02-08_11:55:50.280[Status]Routing Start.
2020-02-08_11:55:50.584[Status]{'id': 11, 'coordinate': [191.91253446589994, 423.9802021579135]}
2020-02-08_11:55:50.585[Status]Routing 14: Walk: 14
2020-02-08_11:55:50.706[Battery Energy]67.32
2020-02-08_11:55:50.706[Status]Routing Start.
2020-02-08_11:55:50.987[Status]{'id': 11, 'coordinate': [201.40628692774993, 427.121645169193]}
2020-02-08_11:55:50.988[Status]Routing 15: Walk: 15
2020-02-08_11:55:51.089[Battery Energy]67.06
2020-02-08_11:55:51.089[Status]Routing Start.
2020-02-08_11:55:51.413[Status]{'id': 11, 'coordinate': [210.90003938959993, 430.26308818047255]}
2020-02-08_11:55:51.413[Status]Routing 16: Walk: 16
2020-02-08_11:55:51.513[Battery Energy]66.75
2020-02-08_11:55:51.513[Status]Routing Start.
2020-02-08_11:55:51.812[Status]{'id': 11, 'coordinate': [220.39379185144992, 433.4045311917521]}
2020-02-08_11:55:51.812[Status]Routing 17: Walk: 17
2020-02-08_11:55:51.915[Battery Energy]66.42
2020-02-08_11:55:51.915[Status]Routing Start.
2020-02-08_11:55:52.082[Status]{'id': 11, 'coordinate': [229.8875443132999, 436.5459742030316]}
2020-02-08_11:55:52.082[Status]Routing 18: Walk: 18
2020-02-08_11:55:52.182[Battery Energy]66.18
2020-02-08_11:55:52.182[Status]Routing Start.
2020-02-08_11:55:52.499[Status]{'id': 11, 'coordinate': [239.3812967751499, 439.68741721431115]}
2020-02-08_11:55:52.499[Status]Routing 19: Walk: 19
2020-02-08_11:55:52.599[Battery Energy]65.84
2020-02-08_11:55:52.599[Status]Routing Start.
2020-02-08_11:55:52.915[Status]{'id': 11, 'coordinate': [248.8750492369999, 442.8288602255907]}
2020-02-08_11:55:52.915[Status]Routing 20: Walk: 20
2020-02-08_11:55:53.015[Battery Energy]65.53
2020-02-08_11:55:53.016[Status]Routing Start.
2020-02-08_11:55:53.367[Status]{'id': 11, 'coordinate': [258.3688016988499, 445.9703032368702]}
2020-02-08_11:55:53.367[Status]Routing 21: Walk: 21
2020-02-08_11:55:53.468[Battery Energy]65.19
2020-02-08_11:55:53.468[Status]Routing Start.
2020-02-08_11:55:53.959[Status]{'id': 11, 'coordinate': [252.66941827947076, 454.18717786405705]}
2020-02-08_11:55:53.963[Status]Routing 22: Walk: 22
2020-02-08_11:55:54.063[Battery Energy]64.73
2020-02-08_11:55:54.063[Status]Routing Start.
2020-02-08_11:55:54.333[Status]Routing 23: Walk: 22
2020-02-08_11:55:54.438[Battery Energy]64.44
2020-02-08_11:55:54.438[Status]Routing Start.
2020-02-08_11:55:54.641[Status]{'id': 11, 'coordinate': [262.1911970272656, 457.2426204634266]}
2020-02-08_11:55:54.641[Status]Routing 24: Walk: 23
2020-02-08_11:55:54.750[Battery Energy]64.17
2020-02-08_11:55:54.750[Status]Routing Start.
2020-02-08_11:55:55.048[Status]{'id': 11, 'coordinate': [271.7129757750605, 460.29806306279613]}
2020-02-08_11:55:55.048[Status]Routing 25: Walk: 24
2020-02-08_11:55:55.158[Battery Energy]63.88
2020-02-08_11:55:55.158[Status]Routing Start.
2020-02-08_11:55:55.471[Status]{'id': 11, 'coordinate': [281.2347545228554, 463.3535056621657]}
2020-02-08_11:55:55.471[Status]Routing 26: Walk: 25
2020-02-08_11:55:55.571[Battery Energy]63.56
2020-02-08_11:55:55.571[Status]Routing Start.
2020-02-08_11:55:55.917[Status]{'id': 11, 'coordinate': [290.75653327065027, 466.4089482615352]}
2020-02-08_11:55:55.918[Status]Routing 27: Walk: 26
2020-02-08_11:55:56.022[Battery Energy]63.25
2020-02-08_11:55:56.022[Status]Routing Start.
2020-02-08_11:55:56.330[Status]{'id': 11, 'coordinate': [300.27831201844515, 469.46439086090476]}
2020-02-08_11:55:56.331[Status]Routing 28: Walk: 27
2020-02-08_11:55:56.438[Battery Energy]62.99
2020-02-08_11:55:56.438[Status]Routing Start.
2020-02-08_11:55:56.602[Status]{'id': 11, 'coordinate': [309.80009076624003, 472.5198334602743]}
2020-02-08_11:55:56.602[Status]Routing 29: Walk: 28
2020-02-08_11:55:56.702[Battery Energy]62.80
2020-02-08_11:55:56.702[Status]Routing Start.
2020-02-08_11:55:57.047[Status]{'id': 11, 'coordinate': [319.3218695140349, 475.57527605964384]}
2020-02-08_11:55:57.048[Status]Routing 30: Walk: 29
2020-02-08_11:55:57.158[Battery Energy]62.46
2020-02-08_11:55:57.158[Status]Routing Start.
2020-02-08_11:55:57.485[Status]{'id': 11, 'coordinate': [328.8436482618298, 478.6307186590134]}
2020-02-08_11:55:57.485[Status]Routing 31: Walk: 30
2020-02-08_11:55:57.591[Battery Energy]62.15
2020-02-08_11:55:57.591[Status]Routing Start.
2020-02-08_11:55:57.906[Status]{'id': 11, 'coordinate': [338.3654270096247, 481.6861612583829]}
2020-02-08_11:55:57.906[Status]Routing 32: Walk: 31
2020-02-08_11:55:58.022[Battery Energy]61.88
2020-02-08_11:55:58.022[Status]Routing Start.
2020-02-08_11:55:58.173[Status]{'id': 11, 'coordinate': [347.88720575741957, 484.74160385775247]}
2020-02-08_11:55:58.173[Status]Routing 33: Walk: 32
2020-02-08_11:55:58.274[Battery Energy]61.67
2020-02-08_11:55:58.274[Status]Routing Start.
2020-02-08_11:55:58.584[Status]{'id': 11, 'coordinate': [357.40898450521445, 487.797046457122]}
2020-02-08_11:55:58.584[Status]Routing 34: Walk: 33
2020-02-08_11:55:58.684[Battery Energy]61.36
2020-02-08_11:55:58.684[Status]Routing Start.
2020-02-08_11:55:59.035[Status]{'id': 11, 'coordinate': [366.93076325300933, 490.85248905649155]}
2020-02-08_11:55:59.035[Status]Routing 35: Walk: 34
2020-02-08_11:55:59.137[Battery Energy]61.03
2020-02-08_11:55:59.137[Status]Routing Start.
2020-02-08_11:55:59.439[Status]{'id': 11, 'coordinate': [376.4525420008042, 493.9079316558611]}
2020-02-08_11:55:59.441[Status]Routing 36: Walk: 35
2020-02-08_11:55:59.570[Battery Energy]60.73
2020-02-08_11:55:59.570[Status]Routing Start.
2020-02-08_11:56:00.045[Status]Routing 37: Walk: 35
2020-02-08_11:56:00.145[Battery Energy]60.33
2020-02-08_11:56:00.146[Status]Routing Start.
2020-02-08_11:56:00.473[Status]Routing 38: Walk: 35
2020-02-08_11:56:00.573[Battery Energy]60.01
2020-02-08_11:56:00.573[Status]Routing Start.
2020-02-08_11:56:00.902[Status]Routing 39: Walk: 35
2020-02-08_11:56:01.008[Battery Energy]59.70
2020-02-08_11:56:01.009[Status]Routing Start.
2020-02-08_11:56:01.131[Status]{'id': 11, 'coordinate': [385.9743207485991, 496.96337425523063]}
2020-02-08_11:56:01.131[Status]Routing 40: Walk: 36
2020-02-08_11:56:01.237[Battery Energy]59.52
2020-02-08_11:56:01.237[Status]Routing Start.
2020-02-08_11:56:01.719[Status]Routing 41: Walk: 36
2020-02-08_11:56:01.829[Battery Energy]59.15
2020-02-08_11:56:01.829[Status]Routing Start.
2020-02-08_11:56:01.983[Status]{'id': 11, 'coordinate': [395.496099496394, 500.0188168546002]}
2020-02-08_11:56:01.983[Status]Routing 42: Walk: 37
2020-02-08_11:56:02.083[Battery Energy]58.94
2020-02-08_11:56:02.083[Status]Routing Start.
2020-02-08_11:56:02.412[Status]{'id': 11, 'coordinate': [405.01787824418886, 503.0742594539697]}
2020-02-08_11:56:02.412[Status]Routing 43: Walk: 38
2020-02-08_11:56:02.514[Battery Energy]58.67
2020-02-08_11:56:02.514[Status]Routing Start.
2020-02-08_11:56:02.819[Status]{'id': 11, 'coordinate': [414.53965699198375, 506.12970205333926]}
2020-02-08_11:56:02.819[Status]Routing 44: Walk: 39
2020-02-08_11:56:02.919[Battery Energy]58.35
2020-02-08_11:56:02.919[Status]Routing Start.
2020-02-08_11:56:03.386[Status]Routing 45: Walk: 39
2020-02-08_11:56:03.486[Battery Energy]57.97
2020-02-08_11:56:03.486[Status]Routing Start.
2020-02-08_11:56:03.638[Status]{'id': 11, 'coordinate': [424.06143573977863, 509.1851446527088]}
2020-02-08_11:56:03.638[Status]Routing 46: Walk: 40
2020-02-08_11:56:03.746[Battery Energy]57.78
2020-02-08_11:56:03.746[Status]Routing Start.
2020-02-08_11:56:04.191[Status]Routing 47: Walk: 40
2020-02-08_11:56:04.292[Battery Energy]57.40
2020-02-08_11:56:04.292[Status]Routing Start.
2020-02-08_11:56:04.487[Status]{'id': 11, 'coordinate': [433.5832144875735, 512.2405872520784]}
2020-02-08_11:56:04.488[Status]Routing 48: Walk: 41
2020-02-08_11:56:04.588[Battery Energy]57.18
2020-02-08_11:56:04.588[Status]Routing Start.
2020-02-08_11:56:05.027[Status]Routing 49: Walk: 41
2020-02-08_11:56:05.136[Battery Energy]56.78
2020-02-08_11:56:05.136[Status]Routing Start.
2020-02-08_11:56:05.287[Status]{'id': 11, 'coordinate': [443.1049932353684, 515.296029851448]}
2020-02-08_11:56:05.287[Status]Routing 50: Walk: 42
2020-02-08_11:56:05.388[Battery Energy]56.60
2020-02-08_11:56:05.388[Status]Routing Start.
2020-02-08_11:56:05.902[Status]Routing 51: Walk: 42
2020-02-08_11:56:06.002[Battery Energy]56.21
2020-02-08_11:56:06.002[Status]Routing Start.
2020-02-08_11:56:06.146[Status]{'id': 11, 'coordinate': [452.6267719831633, 518.3514724508176]}
2020-02-08_11:56:06.148[Status]Routing 52: Walk: 43
2020-02-08_11:56:06.254[Battery Energy]56.00
2020-02-08_11:56:06.254[Status]Routing Start.
2020-02-08_11:56:06.702[Status]Routing 53: Walk: 43
2020-02-08_11:56:06.804[Battery Energy]55.61
2020-02-08_11:56:06.804[Status]Routing Start.
2020-02-08_11:56:07.089[Status]Routing 54: Walk: 43
2020-02-08_11:56:07.194[Battery Energy]55.34
2020-02-08_11:56:07.194[Status]Routing Start.
2020-02-08_11:56:07.524[Status]Routing 55: Walk: 43
2020-02-08_11:56:07.626[Battery Energy]55.05
2020-02-08_11:56:07.626[Status]Routing Start.
2020-02-08_11:56:07.925[Status]Routing 56: Walk: 43
2020-02-08_11:56:08.025[Battery Energy]54.76
2020-02-08_11:56:08.025[Status]Routing Start.
2020-02-08_11:56:08.331[Status]Routing 57: Walk: 43
2020-02-08_11:56:08.434[Battery Energy]54.48
2020-02-08_11:56:08.434[Status]Routing Start.
2020-02-08_11:56:08.564[Status]{'id': 11, 'coordinate': [462.14855073095816, 521.4069150501872]}
2020-02-08_11:56:08.564[Status]Routing 58: Walk: 44
2020-02-08_11:56:08.678[Battery Energy]54.27
2020-02-08_11:56:08.678[Status]Routing Start.
2020-02-08_11:56:08.970[Status]{'id': 11, 'coordinate': [471.67032947875305, 524.4623576495568]}
2020-02-08_11:56:08.971[Status]Routing 59: Walk: 45
2020-02-08_11:56:09.074[Battery Energy]53.98
2020-02-08_11:56:09.074[Status]Routing Start.
2020-02-08_11:56:09.351[Status]{'id': 11, 'coordinate': [481.19210822654793, 527.5178002489264]}
2020-02-08_11:56:09.354[Status]Routing 60: Walk: 46
2020-02-08_11:56:09.466[Battery Energy]53.70
2020-02-08_11:56:09.466[Status]Routing Start.
2020-02-08_11:56:09.585[Status]{'id': 11, 'coordinate': [490.7138869743428, 530.573242848296]}
2020-02-08_11:56:09.585[Status]Routing 61: Walk: 47
2020-02-08_11:56:09.697[Battery Energy]53.50
2020-02-08_11:56:09.697[Status]Routing Start.
2020-02-08_11:56:09.845[Status]{'id': 11, 'coordinate': [500.2356657221377, 533.6286854476656]}
2020-02-08_11:56:09.845[Status]Routing 62: Walk: 48
2020-02-08_11:56:09.958[Battery Energy]53.28
2020-02-08_11:56:09.958[Status]Routing Start.
2020-02-08_11:56:10.092[Status]{'id': 11, 'coordinate': [509.7574444699326, 536.6841280470352]}
2020-02-08_11:56:10.092[Status]Routing 63: Walk: 49
2020-02-08_11:56:10.192[Battery Energy]53.07
2020-02-08_11:56:10.192[Status]Routing Start.
2020-02-08_11:56:10.370[Status]{'id': 11, 'coordinate': [519.2792232177275, 539.7395706464048]}
2020-02-08_11:56:10.370[Status]Routing 64: Walk: 50
2020-02-08_11:56:10.482[Battery Energy]52.87
2020-02-08_11:56:10.482[Status]Routing Start.
2020-02-08_11:56:10.627[Status]{'id': 11, 'coordinate': [528.8010019655223, 542.7950132457744]}
2020-02-08_11:56:10.628[Status]Routing 65: Walk: 51
2020-02-08_11:56:10.734[Battery Energy]52.66
2020-02-08_11:56:10.734[Status]Routing Start.
2020-02-08_11:56:10.951[Status]{'id': 11, 'coordinate': [538.3227807133172, 545.8504558451439]}
2020-02-08_11:56:10.951[Status]Routing 66: Walk: 52
2020-02-08_11:56:11.051[Battery Energy]52.41
2020-02-08_11:56:11.051[Status]Routing Start.
2020-02-08_11:56:11.223[Status]{'id': 11, 'coordinate': [547.8445594611121, 548.9058984445135]}
2020-02-08_11:56:11.223[Status]Routing 67: Walk: 53
2020-02-08_11:56:11.323[Battery Energy]52.18
2020-02-08_11:56:11.323[Status]Routing Start.
2020-02-08_11:56:11.463[Status]{'id': 11, 'coordinate': [557.366338208907, 551.9613410438831]}
2020-02-08_11:56:11.465[Status]Routing 68: Walk: 54
2020-02-08_11:56:11.565[Battery Energy]52.00
2020-02-08_11:56:11.565[Status]Routing Start.
2020-02-08_11:56:11.712[Status]{'id': 11, 'coordinate': [566.8881169567019, 555.0167836432527]}
2020-02-08_11:56:11.712[Status]Routing 69: Walk: 55
2020-02-08_11:56:11.830[Battery Energy]51.82
2020-02-08_11:56:11.830[Status]Routing Start.
2020-02-08_11:56:11.945[Status]{'id': 11, 'coordinate': [576.4098957044968, 558.0722262426222]}
2020-02-08_11:56:11.946[Status]Routing 70: Walk: 56
2020-02-08_11:56:12.054[Battery Energy]51.62
2020-02-08_11:56:12.054[Status]Routing Start.
2020-02-08_11:56:12.181[Status]{'id': 11, 'coordinate': [585.9316744522916, 561.1276688419917]}
2020-02-08_11:56:12.182[Status]Routing 71: Walk: 57
2020-02-08_11:56:12.285[Battery Energy]51.41
2020-02-08_11:56:12.285[Status]Routing Start.
2020-02-08_11:56:12.431[Status]{'id': 11, 'coordinate': [595.4534532000865, 564.1831114413612]}
2020-02-08_11:56:12.431[Status]Routing 72: Walk: 58
2020-02-08_11:56:12.542[Battery Energy]51.22
2020-02-08_11:56:12.542[Status]Routing Start.
2020-02-08_11:56:12.689[Status]{'id': 11, 'coordinate': [604.9752319478814, 567.2385540407308]}
2020-02-08_11:56:12.689[Status]Routing 73: Walk: 59
2020-02-08_11:56:12.802[Battery Energy]51.01
2020-02-08_11:56:12.802[Status]Routing Start.
2020-02-08_11:56:12.927[Status]{'id': 11, 'coordinate': [614.4970106956763, 570.2939966401003]}
2020-02-08_11:56:12.927[Status]Routing 74: Walk: 60
2020-02-08_11:56:13.034[Battery Energy]50.83
2020-02-08_11:56:13.034[Status]Routing Start.
2020-02-08_11:56:13.314[Status]{'id': 11, 'coordinate': [624.0187894434712, 573.3494392394699]}
2020-02-08_11:56:13.314[Status]Routing 75: Walk: 61
2020-02-08_11:56:13.418[Battery Energy]50.58
2020-02-08_11:56:13.418[Status]Routing Start.
2020-02-08_11:56:13.575[Status]{'id': 11, 'coordinate': [633.5405681912661, 576.4048818388394]}
2020-02-08_11:56:13.575[Status]Routing 76: Walk: 62
2020-02-08_11:56:13.678[Battery Energy]50.37
2020-02-08_11:56:13.678[Status]Routing Start.
2020-02-08_11:56:13.948[Status]{'id': 11, 'coordinate': [643.062346939061, 579.460324438209]}
2020-02-08_11:56:13.952[Status]Routing 77: Walk: 63
2020-02-08_11:56:14.066[Battery Energy]50.09
2020-02-08_11:56:14.066[Status]Routing Start.
2020-02-08_11:56:14.208[Status]{'id': 11, 'coordinate': [652.5841256868558, 582.5157670375786]}
2020-02-08_11:56:14.208[Status]Routing 78: Walk: 64
2020-02-08_11:56:14.310[Battery Energy]49.88
2020-02-08_11:56:14.310[Status]Routing Start.
2020-02-08_11:56:14.648[Status]{'id': 11, 'coordinate': [662.1059044346507, 585.5712096369481]}
2020-02-08_11:56:14.648[Status]Routing 79: Walk: 65
2020-02-08_11:56:14.754[Battery Energy]49.56
2020-02-08_11:56:14.754[Status]Routing Start.
2020-02-08_11:56:14.893[Status]{'id': 11, 'coordinate': [671.6276831824456, 588.6266522363176]}
2020-02-08_11:56:14.894[Status]Routing 80: Walk: 66
2020-02-08_11:56:14.998[Battery Energy]49.35
2020-02-08_11:56:14.998[Status]Routing Start.
2020-02-08_11:56:15.515[Status]Routing 81: Walk: 66
2020-02-08_11:56:15.616[Battery Energy]48.95
2020-02-08_11:56:15.616[Status]Routing Start.
2020-02-08_11:56:15.992[Status]Routing 82: Walk: 66
2020-02-08_11:56:16.092[Battery Energy]48.64
2020-02-08_11:56:16.092[Status]Routing Start.
2020-02-08_11:56:16.235[Status]{'id': 11, 'coordinate': [681.1494619302405, 591.6820948356872]}
2020-02-08_11:56:16.235[Status]Routing 83: Walk: 67
2020-02-08_11:56:16.336[Battery Energy]48.45
2020-02-08_11:56:16.336[Status]Routing Start.
2020-02-08_11:56:16.636[Status]{'id': 11, 'coordinate': [690.6712406780354, 594.7375374350568]}
2020-02-08_11:56:16.636[Status]Routing 84: Walk: 68
2020-02-08_11:56:16.737[Battery Energy]48.14
2020-02-08_11:56:16.737[Status]Routing Start.
2020-02-08_11:56:17.061[Status]{'id': 11, 'coordinate': [700.1930194258302, 597.7929800344263]}
2020-02-08_11:56:17.061[Status]Routing 85: Walk: 69
2020-02-08_11:56:17.165[Battery Energy]47.82
2020-02-08_11:56:17.165[Status]Routing Start.
2020-02-08_11:56:17.469[Status]{'id': 11, 'coordinate': [709.7147981736251, 600.8484226337958]}
2020-02-08_11:56:17.469[Status]Routing 86: Walk: 70
2020-02-08_11:56:17.569[Battery Energy]47.52
2020-02-08_11:56:17.570[Status]Routing Start.
2020-02-08_11:56:17.825[Status]{'id': 11, 'coordinate': [719.23657692142, 603.9038652331653]}
2020-02-08_11:56:17.825[Status]Routing 87: Walk: 71
2020-02-08_11:56:17.925[Battery Energy]47.22
2020-02-08_11:56:17.925[Status]Routing Start.
2020-02-08_11:56:18.062[Status]{'id': 11, 'coordinate': [728.7583556692149, 606.9593078325349]}
2020-02-08_11:56:18.062[Status]Routing 88: Walk: 72
2020-02-08_11:56:18.166[Battery Energy]47.02
2020-02-08_11:56:18.166[Status]Routing Start.
2020-02-08_11:56:18.481[Status]{'id': 11, 'coordinate': [738.2801344170098, 610.0147504319045]}
2020-02-08_11:56:18.481[Status]Routing 89: Walk: 73
2020-02-08_11:56:18.581[Battery Energy]46.70
2020-02-08_11:56:18.581[Status]Routing Start.
2020-02-08_11:56:18.746[Status]{'id': 11, 'coordinate': [747.8019131648047, 613.070193031274]}
2020-02-08_11:56:18.746[Status]Routing 90: Walk: 74
2020-02-08_11:56:18.866[Battery Energy]46.50
2020-02-08_11:56:18.866[Status]Routing Start.
2020-02-08_11:56:19.168[Status]{'id': 11, 'coordinate': [757.3236919125995, 616.1256356306435]}
2020-02-08_11:56:19.170[Status]Routing 91: Walk: 75
2020-02-08_11:56:19.278[Battery Energy]46.21
2020-02-08_11:56:19.278[Status]Routing Start.
2020-02-08_11:56:19.610[Status]{'id': 11, 'coordinate': [766.8454706603944, 619.1810782300131]}
2020-02-08_11:56:19.610[Status]Routing 92: Walk: 76
2020-02-08_11:56:19.710[Battery Energy]45.89
2020-02-08_11:56:19.710[Status]Routing Start.
2020-02-08_11:56:19.868[Status]{'id': 11, 'coordinate': [776.3672494081893, 622.2365208293827]}
2020-02-08_11:56:19.868[Status]Routing 93: Walk: 77
2020-02-08_11:56:19.977[Battery Energy]45.69
2020-02-08_11:56:19.977[Status]Routing Start.
2020-02-08_11:56:20.298[Status]{'id': 11, 'coordinate': [785.8890281559842, 625.2919634287522]}
2020-02-08_11:56:20.300[Status]Routing 94: Walk: 78
2020-02-08_11:56:20.402[Battery Energy]45.39
2020-02-08_11:56:20.402[Status]Routing Start.
2020-02-08_11:56:20.539[Status]{'id': 11, 'coordinate': [795.4108069037791, 628.3474060281218]}
2020-02-08_11:56:20.539[Status]Routing 95: Walk: 79
2020-02-08_11:56:20.640[Battery Energy]45.18
2020-02-08_11:56:20.640[Status]Routing Start.
2020-02-08_11:56:20.961[Status]{'id': 11, 'coordinate': [804.932585651574, 631.4028486274913]}
2020-02-08_11:56:20.971[Status]Routing 96: Walk: 80
2020-02-08_11:56:21.072[Battery Energy]44.83
2020-02-08_11:56:21.072[Status]Routing Start.
2020-02-08_11:56:21.240[Status]{'id': 11, 'coordinate': [814.4543643993688, 634.4582912268609]}
2020-02-08_11:56:21.240[Status]Routing 97: Walk: 81
2020-02-08_11:56:21.341[Battery Energy]44.62
2020-02-08_11:56:21.342[Status]Routing Start.
2020-02-08_11:56:21.651[Status]{'id': 11, 'coordinate': [823.9761431471637, 637.5137338262305]}
2020-02-08_11:56:21.651[Status]Routing 98: Walk: 82
2020-02-08_11:56:21.754[Battery Energy]44.34
2020-02-08_11:56:21.754[Status]Routing Start.
2020-02-08_11:56:22.053[Status]{'id': 11, 'coordinate': [833.4979218949586, 640.5691764256]}
2020-02-08_11:56:22.053[Status]Routing 99: Walk: 83
2020-02-08_11:56:22.153[Battery Energy]44.03
2020-02-08_11:56:22.153[Status]Routing Start.
2020-02-08_11:56:22.410[Status]{'id': 11, 'coordinate': [843.0197006427535, 643.6246190249695]}
2020-02-08_11:56:22.410[Status]Routing 100: Walk: 84
2020-02-08_11:56:22.526[Battery Energy]43.76
2020-02-08_11:56:22.526[Status]Routing Start.
2020-02-08_11:56:22.828[Status]{'id': 11, 'coordinate': [852.5414793905484, 646.680061624339]}
2020-02-08_11:56:22.829[Status]Routing 101: Walk: 85
2020-02-08_11:56:22.929[Battery Energy]43.44
2020-02-08_11:56:22.929[Status]Routing Start.
2020-02-08_11:56:23.259[Status]{'id': 11, 'coordinate': [862.0632581383433, 649.7355042237086]}
2020-02-08_11:56:23.259[Status]Routing 102: Walk: 86
2020-02-08_11:56:23.362[Battery Energy]43.13
2020-02-08_11:56:23.362[Status]Routing Start.
2020-02-08_11:56:23.656[Status]{'id': 11, 'coordinate': [871.5850368861381, 652.7909468230781]}
2020-02-08_11:56:23.656[Status]Routing 103: Walk: 87
2020-02-08_11:56:23.757[Battery Energy]42.83
2020-02-08_11:56:23.757[Status]Routing Start.
2020-02-08_11:56:24.034[Status]{'id': 11, 'coordinate': [881.106815633933, 655.8463894224477]}
2020-02-08_11:56:24.035[Status]Routing 104: Walk: 88
2020-02-08_11:56:24.136[Battery Energy]42.57
2020-02-08_11:56:24.136[Status]Routing Start.
2020-02-08_11:56:24.330[Status]{'id': 11, 'coordinate': [890.6285943817279, 658.9018320218172]}
2020-02-08_11:56:24.330[Status]Routing 105: Walk: 89
2020-02-08_11:56:24.432[Battery Energy]42.33
2020-02-08_11:56:24.432[Status]Routing Start.
2020-02-08_11:56:24.763[Status]{'id': 11, 'coordinate': [900.1503731295228, 661.9572746211868]}
2020-02-08_11:56:24.763[Status]Routing 106: Walk: 90
2020-02-08_11:56:24.870[Battery Energy]42.09
2020-02-08_11:56:24.870[Status]Routing Start.
2020-02-08_11:56:25.195[Status]{'id': 11, 'coordinate': [909.6721518773177, 665.0127172205564]}
2020-02-08_11:56:25.195[Status]Routing 107: Walk: 91
2020-02-08_11:56:25.306[Battery Energy]41.74
2020-02-08_11:56:25.306[Status]Routing Start.
2020-02-08_11:56:25.628[Status]{'id': 11, 'coordinate': [919.1939306251126, 668.0681598199259]}
2020-02-08_11:56:25.629[Status]Routing 108: Walk: 92
2020-02-08_11:56:25.729[Battery Energy]41.41
2020-02-08_11:56:25.729[Status]Routing Start.
2020-02-08_11:56:25.895[Status]{'id': 11, 'coordinate': [928.7157093729074, 671.1236024192955]}
2020-02-08_11:56:25.895[Status]Routing 109: Walk: 93
2020-02-08_11:56:26.002[Battery Energy]41.22
2020-02-08_11:56:26.002[Status]Routing Start.
2020-02-08_11:56:26.122[Status]{'id': 11, 'coordinate': [938.2374881207023, 674.179045018665]}
2020-02-08_11:56:26.122[Status]Routing 110: Walk: 94
2020-02-08_11:56:26.227[Battery Energy]41.03
2020-02-08_11:56:26.227[Status]Routing Start.
2020-02-08_11:56:26.357[Status]{'id': 11, 'coordinate': [947.7592668684972, 677.2344876180346]}
2020-02-08_11:56:26.357[Status]Routing 111: Walk: 95
2020-02-08_11:56:26.464[Battery Energy]40.82
2020-02-08_11:56:26.464[Status]Routing Start.
2020-02-08_11:56:26.643[Status]{'id': 11, 'coordinate': [957.2810456162921, 680.2899302174042]}
2020-02-08_11:56:26.643[Status]Routing 112: Walk: 96
2020-02-08_11:56:26.746[Battery Energy]40.59
2020-02-08_11:56:26.746[Status]Routing Start.
2020-02-08_11:56:27.006[Status]{'id': 11, 'coordinate': [966.802824364087, 683.3453728167736]}
2020-02-08_11:56:27.006[Status]Routing 113: Walk: 97
2020-02-08_11:56:27.118[Battery Energy]40.33
2020-02-08_11:56:27.118[Status]Routing Start.
2020-02-08_11:56:27.254[Status]{'id': 11, 'coordinate': [976.3246031118819, 686.4008154161431]}
2020-02-08_11:56:27.254[Status]Routing 114: Walk: 98
2020-02-08_11:56:27.366[Battery Energy]40.11
2020-02-08_11:56:27.366[Status]Routing Start.
2020-02-08_11:56:27.602[Status]{'id': 11, 'coordinate': [985.8463818596767, 689.4562580155127]}
2020-02-08_11:56:27.602[Status]Routing 115: Walk: 99
2020-02-08_11:56:27.703[Battery Energy]39.83
2020-02-08_11:56:27.703[Status]Routing Start.
2020-02-08_11:56:27.861[Status]{'id': 11, 'coordinate': [995.3681606074716, 692.5117006148823]}
2020-02-08_11:56:27.861[Status]Routing 116: Walk: 100
2020-02-08_11:56:27.966[Battery Energy]39.62
2020-02-08_11:56:27.966[Status]Routing Start.
2020-02-08_11:56:28.114[Status]{'id': 11, 'coordinate': [1004.8899393552665, 695.5671432142518]}
2020-02-08_11:56:28.114[Status]Routing 117: Walk: 101
2020-02-08_11:56:28.214[Battery Energy]39.44
2020-02-08_11:56:28.214[Status]Routing Start.
2020-02-08_11:56:28.466[Status]{'id': 11, 'coordinate': [1014.4117181030614, 698.6225858136214]}
2020-02-08_11:56:28.466[Status]Routing 118: Walk: 102
2020-02-08_11:56:28.572[Battery Energy]39.20
2020-02-08_11:56:28.572[Status]Routing Start.
2020-02-08_11:56:28.719[Status]{'id': 11, 'coordinate': [1023.9334968508563, 701.6780284129909]}
2020-02-08_11:56:28.719[Status]Routing 119: Walk: 103
2020-02-08_11:56:28.825[Battery Energy]38.99
2020-02-08_11:56:28.825[Status]Routing Start.
2020-02-08_11:56:29.074[Status]{'id': 11, 'coordinate': [1033.455275598651, 704.7334710123605]}
2020-02-08_11:56:29.075[Status]Routing 120: Walk: 104
2020-02-08_11:56:29.178[Battery Energy]38.73
2020-02-08_11:56:29.178[Status]Routing Start.
2020-02-08_11:56:29.311[Status]{'id': 11, 'coordinate': [1042.9770543464458, 707.78891361173]}
2020-02-08_11:56:29.312[Status]Routing 121: Walk: 105
2020-02-08_11:56:29.412[Battery Energy]38.54
2020-02-08_11:56:29.412[Status]Routing Start.
2020-02-08_11:56:29.625[Status]{'id': 11, 'coordinate': [1052.4988330942406, 710.8443562110995]}
2020-02-08_11:56:29.625[Status]Routing 122: Walk: 106
2020-02-08_11:56:29.726[Battery Energy]38.29
2020-02-08_11:56:29.726[Status]Routing Start.
2020-02-08_11:56:29.977[Status]{'id': 11, 'coordinate': [1062.0206118420354, 713.8997988104691]}
2020-02-08_11:56:29.977[Status]Routing 123: Walk: 107
2020-02-08_11:56:30.086[Battery Energy]38.00
2020-02-08_11:56:30.086[Status]Routing Start.
2020-02-08_11:56:30.238[Status]{'id': 11, 'coordinate': [1071.5423905898301, 716.9552414098385]}
2020-02-08_11:56:30.238[Status]Routing 124: Walk: 108
2020-02-08_11:56:30.346[Battery Energy]37.77
2020-02-08_11:56:30.346[Status]Routing Start.
2020-02-08_11:56:30.576[Status]{'id': 11, 'coordinate': [1081.064169337625, 720.010684009208]}
2020-02-08_11:56:30.576[Status]Routing 125: Walk: 109
2020-02-08_11:56:30.682[Battery Energy]37.51
2020-02-08_11:56:30.682[Status]Routing Start.
2020-02-08_11:56:30.956[Status]{'id': 11, 'coordinate': [1079.3403522039605, 729.8609862629303]}
2020-02-08_11:56:30.956[Status]Routing 126: Walk: 110
2020-02-08_11:56:31.057[Battery Energy]37.16
2020-02-08_11:56:31.057[Status]Routing Start.
2020-02-08_11:56:31.426[Status]{'id': 11, 'coordinate': [1074.2994456821182, 738.497493742117]}
2020-02-08_11:56:31.427[Status]Routing 127: Walk: 111
2020-02-08_11:56:31.527[Battery Energy]36.75
2020-02-08_11:56:31.528[Status]Routing Start.
2020-02-08_11:56:31.708[Status]{'id': 11, 'coordinate': [1084.08393247853, 740.5623952242331]}
2020-02-08_11:56:31.709[Status]Routing 128: Walk: 112
2020-02-08_11:56:31.814[Battery Energy]36.52
2020-02-08_11:56:31.814[Status]Routing Start.
2020-02-08_11:56:32.139[Status]{'id': 11, 'coordinate': [1075.9762368413542, 746.4160497626323]}
2020-02-08_11:56:32.139[Status]Routing 129: Walk: 113
2020-02-08_11:56:32.239[Battery Energy]36.16
2020-02-08_11:56:32.239[Status]Routing Start.
2020-02-08_11:56:32.599[Status]{'id': 11, 'coordinate': [1072.699893193205, 755.8640957140041]}
2020-02-08_11:56:32.599[Status]Routing 130: Walk: 114
2020-02-08_11:56:32.700[Battery Energy]35.78
2020-02-08_11:56:32.700[Status]Routing Start.
2020-02-08_11:56:32.853[Status]{'id': 11, 'coordinate': [1082.6313542898263, 757.0328901725375]}
2020-02-08_11:56:32.854[Status]Routing 131: Walk: 115
2020-02-08_11:56:32.966[Battery Energy]35.57
2020-02-08_11:56:32.966[Status]Routing Start.
2020-02-08_11:56:33.338[Status]{'id': 11, 'coordinate': [1082.5345033617614, 767.0324211564254]}
2020-02-08_11:56:33.338[Status]Routing 132: Walk: 116
2020-02-08_11:56:33.439[Battery Energy]35.18
2020-02-08_11:56:33.439[Status]Routing Start.
2020-02-08_11:56:33.580[Status]{'id': 11, 'coordinate': [1092.5153309520674, 767.6513562197266]}
2020-02-08_11:56:33.580[Status]Routing 133: Walk: 117
2020-02-08_11:56:33.689[Battery Energy]34.98
2020-02-08_11:56:33.689[Status]Routing Start.
2020-02-08_11:56:33.821[Status]{'id': 11, 'coordinate': [1102.4961585423735, 768.2702912830279]}
2020-02-08_11:56:33.821[Status]Routing 134: Walk: 118
2020-02-08_11:56:33.927[Battery Energy]34.78
2020-02-08_11:56:33.927[Status]Routing Start.
2020-02-08_11:56:34.081[Status]{'id': 11, 'coordinate': [1112.4769861326795, 768.8892263463291]}
2020-02-08_11:56:34.081[Status]Routing 135: Walk: 119
2020-02-08_11:56:34.195[Battery Energy]34.57
2020-02-08_11:56:34.195[Status]Routing Start.
2020-02-08_11:56:34.342[Status]{'id': 11, 'coordinate': [1122.4578137229855, 769.5081614096304]}
2020-02-08_11:56:34.342[Status]Routing 136: Walk: 120
2020-02-08_11:56:34.442[Battery Energy]34.36
2020-02-08_11:56:34.442[Status]Routing Start.
2020-02-08_11:56:34.756[Status]{'id': 11, 'coordinate': [1132.4386413132916, 770.1270964729316]}
2020-02-08_11:56:34.756[Status]Routing 137: Walk: 121
2020-02-08_11:56:34.859[Battery Energy]34.05
2020-02-08_11:56:34.859[Status]Routing Start.
2020-02-08_11:56:35.181[Status]{'id': 11, 'coordinate': [1142.4194689035976, 770.7460315362329]}
2020-02-08_11:56:35.181[Status]Routing 138: Walk: 122
2020-02-08_11:56:35.298[Battery Energy]33.74
2020-02-08_11:56:35.298[Status]Routing Start.
2020-02-08_11:56:35.607[Status]{'id': 11, 'coordinate': [1152.4002964939036, 771.3649665995341]}
2020-02-08_11:56:35.607[Status]Routing 139: Walk: 123
2020-02-08_11:56:35.707[Battery Energy]33.46
2020-02-08_11:56:35.707[Status]Routing Start.
2020-02-08_11:56:36.249[Status]{'id': 11, 'coordinate': [1155.6324303553836, 780.8282277024243]}
2020-02-08_11:56:36.249[Status]Routing 140: Walk: 124
2020-02-08_11:56:36.350[Battery Energy]33.00
2020-02-08_11:56:36.350[Status]Routing Start.
2020-02-08_11:56:36.709[Status]{'id': 11, 'coordinate': [1165.6293600339263, 780.5804435175532]}
2020-02-08_11:56:36.709[Status]Routing 141: Walk: 125
2020-02-08_11:56:36.810[Battery Energy]32.59
2020-02-08_11:56:36.810[Status]Routing Start.
2020-02-08_11:56:37.100[Status]{'id': 11, 'coordinate': [1175.626289712469, 780.3326593326822]}
2020-02-08_11:56:37.102[Status]Routing 142: Walk: 126
2020-02-08_11:56:37.202[Battery Energy]32.22
2020-02-08_11:56:37.202[Status]Routing Start.
2020-02-08_11:56:37.554[Status]{'id': 11, 'coordinate': [1185.6232193910118, 780.0848751478111]}
2020-02-08_11:56:37.555[Status]Routing 143: Walk: 127
2020-02-08_11:56:37.656[Battery Energy]31.86
2020-02-08_11:56:37.656[Status]Routing Start.
2020-02-08_11:56:38.056[Status]{'id': 11, 'coordinate': [1195.6201490695546, 779.83709096294]}
2020-02-08_11:56:38.056[Status]Routing 144: Walk: 128
2020-02-08_11:56:38.156[Battery Energy]31.44
2020-02-08_11:56:38.156[Status]Routing Start.
2020-02-08_11:56:38.487[Status]{'id': 11, 'coordinate': [1205.6170787480974, 779.5893067780689]}
2020-02-08_11:56:38.488[Status]Routing 145: Walk: 129
2020-02-08_11:56:38.588[Battery Energy]31.06
2020-02-08_11:56:38.588[Status]Routing Start.
2020-02-08_11:56:38.734[Status]{'id': 11, 'coordinate': [1215.61400842664, 779.3415225931979]}
2020-02-08_11:56:38.734[Status]Routing 146: Walk: 130
2020-02-08_11:56:38.838[Battery Energy]30.88
2020-02-08_11:56:38.838[Status]Routing Start.
2020-02-08_11:56:38.981[Status]{'id': 11, 'coordinate': [1225.6109381051829, 779.0937384083267]}
2020-02-08_11:56:38.981[Status]Routing 147: Walk: 131
2020-02-08_11:56:39.082[Battery Energy]30.68
2020-02-08_11:56:39.082[Status]Routing Start.
2020-02-08_11:56:39.237[Status]{'id': 11, 'coordinate': [1235.6078677837256, 778.8459542234556]}
2020-02-08_11:56:39.237[Status]Routing 148: Walk: 132
2020-02-08_11:56:39.338[Battery Energy]30.46
2020-02-08_11:56:39.338[Status]Routing Start.
2020-02-08_11:56:39.505[Status]{'id': 11, 'coordinate': [1245.6047974622684, 778.5981700385844]}
2020-02-08_11:56:39.505[Status]Routing 149: Walk: 133
2020-02-08_11:56:39.613[Battery Energy]30.27
2020-02-08_11:56:39.613[Status]Routing Start.
2020-02-08_11:56:39.803[Status]{'id': 11, 'coordinate': [1255.6017271408111, 778.3503858537132]}
2020-02-08_11:56:39.803[Status]Routing 150: Walk: 134
2020-02-08_11:56:39.904[Battery Energy]30.04
2020-02-08_11:56:39.904[Status]Routing Start.
2020-02-08_11:56:39.904[Status]Task Finished.
2020-02-08_11:56:40.004[Battery Energy]30.04
2020-02-08_11:56:40.138[Status]Routing 152: Walk: 134
2020-02-08_11:56:40.242[Battery Energy]29.93
2020-02-08_11:56:40.489[Status]Routing 153: Walk: 134
2020-02-08_11:56:40.594[Battery Energy]29.76
2020-02-08_11:56:40.761[Status]Routing 154: Walk: 134
2020-02-08_11:56:40.874[Battery Energy]29.65
2020-02-08_11:56:41.092[Status]Routing 155: Walk: 134
2020-02-08_11:56:41.198[Battery Energy]29.50
2020-02-08_11:56:41.363[Status]Routing 156: Walk: 134
2020-02-08_11:56:41.463[Battery Energy]29.38
2020-02-08_11:56:41.658[Status]Routing 157: Walk: 134
2020-02-08_11:56:41.761[Battery Energy]29.24
2020-02-08_11:56:41.927[Status]Routing 158: Walk: 134
2020-02-08_11:56:42.038[Battery Energy]29.12
2020-02-08_11:56:42.170[Status]Routing 159: Walk: 134
2020-02-08_11:56:42.282[Battery Energy]29.02
2020-02-08_11:56:42.431[Status]Routing 160: Walk: 134
2020-02-08_11:56:42.542[Battery Energy]28.92
2020-02-08_11:56:42.679[Status]Routing 161: Walk: 134
2020-02-08_11:56:42.789[Battery Energy]28.80
2020-02-08_11:56:42.953[Status]Routing 162: Walk: 134
2020-02-08_11:56:43.054[Battery Energy]28.69
2020-02-08_11:56:43.197[Status]Routing 163: Walk: 134
2020-02-08_11:56:43.314[Battery Energy]28.58
2020-02-08_11:56:43.434[Status]Routing 164: Walk: 134
2020-02-08_11:56:43.550[Battery Energy]28.49
2020-02-08_11:56:43.711[Status]Routing 165: Walk: 134
2020-02-08_11:56:43.811[Battery Energy]28.38
2020-02-08_11:56:44.009[Status]Routing 166: Walk: 134
2020-02-08_11:56:44.113[Battery Energy]28.23
2020-02-08_11:56:44.243[Status]Routing 167: Walk: 134
2020-02-08_11:56:44.354[Battery Energy]28.13
2020-02-08_11:56:44.477[Status]Routing 168: Walk: 134
2020-02-08_11:56:44.594[Battery Energy]28.03
2020-02-08_11:56:44.731[Status]Routing 169: Walk: 134
2020-02-08_11:56:44.850[Battery Energy]27.93
2020-02-08_11:56:45.005[Status]Routing 170: Walk: 134
2020-02-08_11:56:45.118[Battery Energy]27.80
2020-02-08_11:56:45.265[Status]Routing 171: Walk: 134
2020-02-08_11:56:45.366[Battery Energy]27.68
2020-02-08_11:56:45.529[Status]Routing 172: Walk: 134
2020-02-08_11:56:45.638[Battery Energy]27.56
2020-02-08_11:56:45.781[Status]Routing 173: Walk: 134
2020-02-08_11:56:45.888[Battery Energy]27.47
2020-02-08_11:56:46.025[Status]Routing 174: Walk: 134
2020-02-08_11:56:46.126[Battery Energy]27.36
2020-02-08_11:56:46.296[Status]Routing 175: Walk: 134
2020-02-08_11:56:46.397[Battery Energy]27.23
2020-02-08_11:56:46.556[Status]Routing 176: Walk: 134
2020-02-08_11:56:46.662[Battery Energy]27.10
2020-02-08_11:56:46.803[Status]Routing 177: Walk: 134
2020-02-08_11:56:46.906[Battery Energy]27.00
2020-02-08_11:56:47.073[Status]Routing 178: Walk: 134
2020-02-08_11:56:47.174[Battery Energy]26.87
2020-02-08_11:56:47.364[Status]Routing 179: Walk: 134
2020-02-08_11:56:47.466[Battery Energy]26.74
2020-02-08_11:56:47.620[Status]Routing 180: Walk: 134
2020-02-08_11:56:47.730[Battery Energy]26.63
2020-02-08_11:56:47.891[Status]Routing 181: Walk: 134
2020-02-08_11:56:47.998[Battery Energy]26.53
2020-02-08_11:56:48.176[Status]Routing 182: Walk: 134
2020-02-08_11:56:48.276[Battery Energy]26.43
2020-02-08_11:56:48.438[Status]Routing 183: Walk: 134
2020-02-08_11:56:48.540[Battery Energy]26.33
2020-02-08_11:56:48.731[Status]Routing 184: Walk: 134
2020-02-08_11:56:48.850[Battery Energy]26.20
2020-02-08_11:56:49.022[Status]Routing 185: Walk: 134
2020-02-08_11:56:49.122[Battery Energy]26.08
2020-02-08_11:56:49.310[Status]Routing 186: Walk: 134
2020-02-08_11:56:49.443[Battery Energy]25.97
2020-02-08_11:56:49.605[Status]Routing 187: Walk: 134
2020-02-08_11:56:49.714[Battery Energy]25.87
2020-02-08_11:56:49.870[Status]Routing 188: Walk: 134
2020-02-08_11:56:49.980[Battery Energy]25.76
2020-02-08_11:56:50.146[Status]Routing 189: Walk: 134
2020-02-08_11:56:50.254[Battery Energy]25.65
2020-02-08_11:56:50.381[Status]Routing 190: Walk: 134
2020-02-08_11:56:50.481[Battery Energy]25.55
2020-02-08_11:56:50.651[Status]Routing 191: Walk: 134
2020-02-08_11:56:50.766[Battery Energy]25.45
2020-02-08_11:56:50.921[Status]Routing 192: Walk: 134
2020-02-08_11:56:51.021[Battery Energy]25.33
2020-02-08_11:56:51.179[Status]Routing 193: Walk: 134
2020-02-08_11:56:51.286[Battery Energy]25.23
2020-02-08_11:56:51.430[Status]Routing 194: Walk: 134
2020-02-08_11:56:51.530[Battery Energy]25.12
2020-02-08_11:56:51.696[Status]Routing 195: Walk: 134
2020-02-08_11:56:51.802[Battery Energy]25.00
2020-02-08_11:56:51.954[Status]Routing 196: Walk: 134
2020-02-08_11:56:52.066[Battery Energy]24.88
2020-02-08_11:56:52.235[Status]Routing 197: Walk: 134
2020-02-08_11:56:52.346[Battery Energy]24.79
2020-02-08_11:56:52.482[Status]Routing 198: Walk: 134
2020-02-08_11:56:52.594[Battery Energy]24.69
2020-02-08_11:56:52.737[Status]Routing 199: Walk: 134
2020-02-08_11:56:52.850[Battery Energy]24.58
2020-02-08_11:56:53.060[Status]Routing 200: Walk: 134
2020-02-08_11:56:53.166[Battery Energy]24.44
2020-02-08_11:56:53.310[Status]Routing 201: Walk: 134
2020-02-08_11:56:53.418[Battery Energy]24.32
2020-02-08_11:56:53.576[Status]Routing 202: Walk: 134
2020-02-08_11:56:53.686[Battery Energy]24.22
2020-02-08_11:56:53.822[Status]Routing 203: Walk: 134
2020-02-08_11:56:53.930[Battery Energy]24.13
2020-02-08_11:56:54.070[Status]Routing 204: Walk: 134
2020-02-08_11:56:54.182[Battery Energy]24.05
2020-02-08_11:56:54.326[Status]Routing 205: Walk: 134
2020-02-08_11:56:54.438[Battery Energy]23.92
2020-02-08_11:56:54.581[Status]Routing 206: Walk: 134
2020-02-08_11:56:54.681[Battery Energy]23.82
2020-02-08_11:56:54.826[Status]Routing 207: Walk: 134
2020-02-08_11:56:54.932[Battery Energy]23.71
2020-02-08_11:56:55.125[Status]Routing 208: Walk: 134
2020-02-08_11:56:55.227[Battery Energy]23.57
2020-02-08_11:56:55.405[Status]Routing 209: Walk: 134
2020-02-08_11:56:55.510[Battery Energy]23.45
2020-02-08_11:56:55.685[Status]Routing 210: Walk: 134
2020-02-08_11:56:55.806[Battery Energy]23.32
2020-02-08_11:56:55.929[Status]Routing 211: Walk: 134
2020-02-08_11:56:56.029[Battery Energy]23.23
2020-02-08_11:56:56.185[Status]Routing 212: Walk: 134
2020-02-08_11:56:56.297[Battery Energy]23.13
2020-02-08_11:56:56.448[Status]Routing 213: Walk: 134
2020-02-08_11:56:56.552[Battery Energy]23.04
2020-02-08_11:56:56.709[Status]Routing 214: Walk: 134
2020-02-08_11:56:56.826[Battery Energy]22.95
2020-02-08_11:56:56.962[Status]Routing 215: Walk: 134
2020-02-08_11:56:57.062[Battery Energy]22.84
2020-02-08_11:56:57.235[Status]Routing 216: Walk: 134
2020-02-08_11:56:57.342[Battery Energy]22.71
2020-02-08_11:56:57.462[Status]Routing 217: Walk: 134
2020-02-08_11:56:57.562[Battery Energy]22.61
2020-02-08_11:56:57.725[Status]Routing 218: Walk: 134
2020-02-08_11:56:57.834[Battery Energy]22.50
2020-02-08_11:56:57.992[Status]Routing 219: Walk: 134
2020-02-08_11:56:58.092[Battery Energy]22.36
2020-02-08_11:56:58.235[Status]Routing 220: Walk: 134
2020-02-08_11:56:58.342[Battery Energy]22.24
2020-02-08_11:56:58.503[Status]Routing 221: Walk: 134
2020-02-08_11:56:58.610[Battery Energy]22.12
2020-02-08_11:56:58.754[Status]Routing 222: Walk: 134
2020-02-08_11:56:58.855[Battery Energy]22.00
2020-02-08_11:56:59.023[Status]Routing 223: Walk: 134
2020-02-08_11:56:59.126[Battery Energy]21.88
2020-02-08_11:56:59.312[Status]Routing 224: Walk: 134
2020-02-08_11:56:59.417[Battery Energy]21.74
2020-02-08_11:56:59.566[Status]Routing 225: Walk: 134
2020-02-08_11:56:59.694[Battery Energy]21.63
2020-02-08_11:56:59.856[Status]Routing 226: Walk: 134
2020-02-08_11:56:59.960[Battery Energy]21.51
2020-02-08_11:57:00.113[Status]Routing 227: Walk: 134
2020-02-08_11:57:00.214[Battery Energy]21.40
2020-02-08_11:57:00.356[Status]Routing 228: Walk: 134
2020-02-08_11:57:00.456[Battery Energy]21.28
2020-02-08_11:57:00.633[Status]Routing 229: Walk: 134
2020-02-08_11:57:00.733[Battery Energy]21.15
2020-02-08_11:57:00.882[Status]Routing 230: Walk: 134
2020-02-08_11:57:00.990[Battery Energy]21.03
2020-02-08_11:57:01.132[Status]Routing 231: Walk: 134
2020-02-08_11:57:01.242[Battery Energy]20.94
2020-02-08_11:57:01.417[Status]Routing 232: Walk: 134
2020-02-08_11:57:01.517[Battery Energy]20.80
2020-02-08_11:57:01.662[Status]Routing 233: Walk: 134
2020-02-08_11:57:01.762[Battery Energy]20.68
2020-02-08_11:57:01.926[Status]Routing 234: Walk: 134
2020-02-08_11:57:02.034[Battery Energy]20.59
2020-02-08_11:57:02.192[Status]Routing 235: Walk: 134
2020-02-08_11:57:02.302[Battery Energy]20.48
2020-02-08_11:57:02.453[Status]Routing 236: Walk: 134
2020-02-08_11:57:02.562[Battery Energy]20.34
2020-02-08_11:57:02.705[Status]Routing 237: Walk: 134
2020-02-08_11:57:02.808[Battery Energy]20.24
2020-02-08_11:57:02.972[Status]Routing 238: Walk: 134
2020-02-08_11:57:03.075[Battery Energy]20.14
2020-02-08_11:57:03.208[Status]Routing 239: Walk: 134
2020-02-08_11:57:03.319[Battery Energy]20.03
2020-02-08_11:57:03.456[Status]Routing 240: Walk: 134
2020-02-08_11:57:03.570[Battery Energy]19.91
2020-02-08_11:57:03.714[Status]Routing 241: Walk: 134
2020-02-08_11:57:03.822[Battery Energy]19.82
2020-02-08_11:57:03.963[Status]Routing 242: Walk: 134
2020-02-08_11:57:04.063[Battery Energy]19.71
2020-02-08_11:57:04.215[Status]Routing 243: Walk: 134
2020-02-08_11:57:04.316[Battery Energy]19.59
2020-02-08_11:57:04.481[Status]Routing 244: Walk: 134
2020-02-08_11:57:04.598[Battery Energy]19.47
2020-02-08_11:57:04.780[Status]Routing 245: Walk: 134
2020-02-08_11:57:04.880[Battery Energy]19.35
2020-02-08_11:57:05.077[Status]Routing 246: Walk: 134
2020-02-08_11:57:05.179[Battery Energy]19.24
2020-02-08_11:57:05.357[Status]Routing 247: Walk: 134
2020-02-08_11:57:05.466[Battery Energy]19.13
