2020-02-08_12:31:51.947[Status]Start.
2020-02-08_12:31:51.947[Battery Energy]105.00
2020-02-08_12:31:53.048[Battery Energy]104.96
2020-02-08_12:31:54.149[Battery Energy]104.92
2020-02-08_12:31:55.250[Battery Energy]104.88
2020-02-08_12:31:56.351[Battery Energy]104.84
2020-02-08_12:31:57.452[Task]A New Task Released.
2020-02-08_12:31:57.453[Battery Energy]104.80
2020-02-08_12:31:57.453[Status]Selection Start.
2020-02-08_12:32:02.722[Status]Selection End: Do Task 0.
2020-02-08_12:32:02.826[Battery Energy]101.05
2020-02-08_12:32:02.827[Status]Formation Start.
2020-02-08_12:32:02.995[Status]number of tasks is 7
2020-02-08_12:32:02.996[Status]my group tasks is [ 525.  475.]
2020-02-08_12:32:02.997[Status]my group tasks is [ 449.69796037  631.36629649]
2020-02-08_12:32:03.011[Status]my group tasks is [ 280.49581321  669.98558244]
2020-02-08_12:32:03.012[Status]my group tasks is [ 144.80622642  561.77674782]
2020-02-08_12:32:03.024[Status]my group tasks is [ 144.80622642  388.22325218]
2020-02-08_12:32:03.025[Status]my group tasks is [ 280.49581321  280.01441756]
2020-02-08_12:32:03.033[Status]my group tasks is [ 449.69796037  318.63370351]
2020-02-08_12:32:03.062[Status]mygroup_robots_utility is {1: [32.34270563257427, 33.015447405333305, 36.41183291399482, 37.76677699745089, 43.21931157034518, 44.911432074896304, 31.224083421741376], 2: [33.578883331079304, 34.777275466672336, 35.08180709733934, 38.70376869291566, 39.3166064929303, 90.62852086462907, 46.21056593511067], 3: [36.241101572692, 86.32551689736214, 31.79644913093721, 36.28951599327828, 43.10702925605191, 30.335610740626677, 31.82063023331188], 4: [32.75811286405169, 33.75912853365558, 39.90052519340955, 60.242023534647004, 76.66656014195594, 30.451029072349435, 44.482232719450714], 5: [65.23329504061428, 34.24748648342535, 39.42575616318219, 72.27005166467508, 42.527489452626114, 93.58940092670363, 31.995810039765892], 6: [67.66432306200323, 37.563839888011174, 26.87879849395251, 27.766668004073203, 28.93479770700928, 78.9564904347584, 31.587917910348555], 7: [32.819154274475785, 32.13595375241445, 36.38948017615555, 46.830533103974645, 68.62547615919549, 42.82618475323189, 78.81070420220388]}
2020-02-08_12:32:03.062[Status]self.local_queue is [1, 2, 3, 4, 5, 6, 7]
2020-02-08_12:32:03.062[Status]task_chosen index is 5
2020-02-08_12:32:03.063[Status]task_chosen index is 6
2020-02-08_12:32:03.063[Status]task_chosen index is 1
2020-02-08_12:32:03.063[Status]task_chosen index is 4
2020-02-08_12:32:03.063[Status]myindex_in_queue is 4
2020-02-08_12:32:03.063[Status]task destination is [144.80622641951618, 388.2232521764884]
2020-02-08_12:32:03.164[Battery Energy]100.90
2020-02-08_12:32:03.164[Status]Routing Start.
2020-02-08_12:32:03.352[Status]{'id': 4, 'coordinate': [64.50909544245448, 317.6040506990868]}
2020-02-08_12:32:03.352[Status]Routing 1: Walk: 1
2020-02-08_12:32:03.462[Battery Energy]100.69
2020-02-08_12:32:03.462[Status]Routing Start.
2020-02-08_12:32:03.621[Status]{'id': 4, 'coordinate': [72.01819088490896, 324.20810139817365]}
2020-02-08_12:32:03.621[Status]Routing 2: Walk: 2
2020-02-08_12:32:03.726[Battery Energy]100.50
2020-02-08_12:32:03.726[Status]Routing Start.
2020-02-08_12:32:03.885[Status]{'id': 4, 'coordinate': [79.52728632736344, 330.8121520972605]}
2020-02-08_12:32:03.885[Status]Routing 3: Walk: 3
2020-02-08_12:32:03.990[Battery Energy]100.27
2020-02-08_12:32:03.990[Status]Routing Start.
2020-02-08_12:32:04.151[Status]{'id': 4, 'coordinate': [87.03638176981792, 337.4162027963473]}
2020-02-08_12:32:04.151[Status]Routing 4: Walk: 4
2020-02-08_12:32:04.251[Battery Energy]100.04
2020-02-08_12:32:04.251[Status]Routing Start.
2020-02-08_12:32:04.418[Status]{'id': 4, 'coordinate': [94.5454772122724, 344.02025349543413]}
2020-02-08_12:32:04.418[Status]Routing 5: Walk: 5
2020-02-08_12:32:04.527[Battery Energy]99.81
2020-02-08_12:32:04.527[Status]Routing Start.
2020-02-08_12:32:04.662[Status]{'id': 4, 'coordinate': [102.05457265472688, 350.62430419452096]}
2020-02-08_12:32:04.663[Status]Routing 6: Walk: 6
2020-02-08_12:32:04.766[Battery Energy]99.62
2020-02-08_12:32:04.766[Status]Routing Start.
2020-02-08_12:32:05.126[Status]{'id': 4, 'coordinate': [109.56366809718136, 357.2283548936078]}
2020-02-08_12:32:05.129[Status]Routing 7: Walk: 7
2020-02-08_12:32:05.229[Battery Energy]99.24
2020-02-08_12:32:05.229[Status]Routing Start.
2020-02-08_12:32:05.770[Status]Routing 8: Walk: 7
2020-02-08_12:32:05.872[Battery Energy]98.88
2020-02-08_12:32:05.873[Status]Routing Start.
2020-02-08_12:32:06.181[Status]Routing 9: Walk: 7
2020-02-08_12:32:06.288[Battery Energy]98.62
2020-02-08_12:32:06.288[Status]Routing Start.
2020-02-08_12:32:06.653[Status]Routing 10: Walk: 7
2020-02-08_12:32:06.753[Battery Energy]98.30
2020-02-08_12:32:06.753[Status]Routing Start.
2020-02-08_12:32:07.088[Status]Routing 11: Walk: 7
2020-02-08_12:32:07.194[Battery Energy]97.98
2020-02-08_12:32:07.194[Status]Routing Start.
2020-02-08_12:32:07.499[Status]Routing 12: Walk: 7
2020-02-08_12:32:07.599[Battery Energy]97.69
2020-02-08_12:32:07.599[Status]Routing Start.
2020-02-08_12:32:07.951[Status]Routing 13: Walk: 7
2020-02-08_12:32:08.052[Battery Energy]97.39
2020-02-08_12:32:08.052[Status]Routing Start.
2020-02-08_12:32:08.369[Status]{'id': 4, 'coordinate': [102.5298899181739, 364.33651671847633]}
2020-02-08_12:32:08.369[Status]Routing 14: Walk: 8
2020-02-08_12:32:08.469[Battery Energy]97.03
2020-02-08_12:32:08.469[Status]Routing Start.
2020-02-08_12:32:08.638[Status]{'id': 4, 'coordinate': [111.23627556751342, 369.2557492729481]}
2020-02-08_12:32:08.638[Status]Routing 15: Walk: 9
2020-02-08_12:32:08.738[Battery Energy]96.77
2020-02-08_12:32:08.738[Status]Routing Start.
2020-02-08_12:32:09.274[Status]Routing 16: Walk: 9
2020-02-08_12:32:09.381[Battery Energy]96.32
2020-02-08_12:32:09.381[Status]Routing Start.
2020-02-08_12:32:09.725[Status]Routing 17: Walk: 9
2020-02-08_12:32:09.825[Battery Energy]96.03
2020-02-08_12:32:09.825[Status]Routing Start.
2020-02-08_12:32:10.132[Status]{'id': 4, 'coordinate': [102.74825776304877, 374.54286131555614]}
2020-02-08_12:32:10.132[Status]Routing 18: Walk: 10
2020-02-08_12:32:10.232[Battery Energy]95.69
2020-02-08_12:32:10.232[Status]Routing Start.
2020-02-08_12:32:10.530[Status]{'id': 4, 'coordinate': [96.05767553595533, 381.9749612518125]}
2020-02-08_12:32:10.533[Status]Routing 19: Walk: 11
2020-02-08_12:32:10.633[Battery Energy]95.33
2020-02-08_12:32:10.633[Status]Routing Start.
2020-02-08_12:32:10.831[Status]{'id': 4, 'coordinate': [105.97653127192856, 383.24629947940997]}
2020-02-08_12:32:10.831[Status]Routing 20: Walk: 12
2020-02-08_12:32:10.931[Battery Energy]95.09
2020-02-08_12:32:10.931[Status]Routing Start.
2020-02-08_12:32:11.421[Status]{'id': 4, 'coordinate': [102.4672687298495, 392.61033047096277]}
2020-02-08_12:32:11.421[Status]Routing 21: Walk: 13
2020-02-08_12:32:11.521[Battery Energy]94.69
2020-02-08_12:32:11.521[Status]Routing Start.
2020-02-08_12:32:11.860[Status]{'id': 4, 'coordinate': [100.38620548323614, 402.3913925688944]}
2020-02-08_12:32:11.863[Status]Routing 22: Walk: 14
2020-02-08_12:32:11.963[Battery Energy]94.31
2020-02-08_12:32:11.963[Status]Routing Start.
2020-02-08_12:32:12.335[Status]{'id': 4, 'coordinate': [100.3685363569196, 412.39137695898097]}
2020-02-08_12:32:12.339[Status]Routing 23: Walk: 15
2020-02-08_12:32:12.440[Battery Energy]93.93
2020-02-08_12:32:12.440[Status]Routing Start.
2020-02-08_12:32:12.738[Status]{'id': 4, 'coordinate': [103.16384607719785, 421.99274371417357]}
2020-02-08_12:32:12.740[Status]Routing 24: Walk: 16
2020-02-08_12:32:12.840[Battery Energy]93.61
2020-02-08_12:32:12.840[Status]Routing Start.
2020-02-08_12:32:13.150[Status]{'id': 4, 'coordinate': [109.14638854172979, 430.0058071520899]}
2020-02-08_12:32:13.153[Status]Routing 25: Walk: 17
2020-02-08_12:32:13.253[Battery Energy]93.24
2020-02-08_12:32:13.253[Status]Routing Start.
2020-02-08_12:32:13.570[Status]{'id': 4, 'coordinate': [117.26171429659287, 435.84887893775675]}
2020-02-08_12:32:13.570[Status]Routing 26: Walk: 18
2020-02-08_12:32:13.670[Battery Energy]92.85
2020-02-08_12:32:13.670[Status]Routing Start.
2020-02-08_12:32:13.836[Status]{'id': 4, 'coordinate': [122.26823497003788, 427.1923928870334]}
2020-02-08_12:32:13.836[Status]Routing 27: Walk: 19
2020-02-08_12:32:13.937[Battery Energy]92.66
2020-02-08_12:32:13.937[Status]Routing Start.
2020-02-08_12:32:14.283[Status]{'id': 4, 'coordinate': [127.04293892798651, 435.97887125518236]}
2020-02-08_12:32:14.283[Status]Routing 28: Walk: 20
2020-02-08_12:32:14.383[Battery Energy]92.32
2020-02-08_12:32:14.383[Status]Routing Start.
2020-02-08_12:32:14.703[Status]{'id': 4, 'coordinate': [135.75682235021245, 440.8848100750064]}
2020-02-08_12:32:14.703[Status]Routing 29: Walk: 21
2020-02-08_12:32:14.803[Battery Energy]92.00
2020-02-08_12:32:14.803[Status]Routing Start.
2020-02-08_12:32:15.120[Status]{'id': 4, 'coordinate': [145.71439217569574, 441.8050291633895]}
2020-02-08_12:32:15.120[Status]Routing 30: Walk: 22
2020-02-08_12:32:15.227[Battery Energy]91.66
2020-02-08_12:32:15.227[Status]Routing Start.
2020-02-08_12:32:15.376[Status]{'id': 4, 'coordinate': [145.54492498195444, 431.8064652229906]}
2020-02-08_12:32:15.376[Status]Routing 31: Walk: 23
2020-02-08_12:32:15.476[Battery Energy]91.44
2020-02-08_12:32:15.476[Status]Routing Start.
2020-02-08_12:32:15.967[Status]{'id': 4, 'coordinate': [135.67967816549816, 430.1703401512436]}
2020-02-08_12:32:15.967[Status]Routing 32: Walk: 24
2020-02-08_12:32:16.067[Battery Energy]90.98
2020-02-08_12:32:16.067[Status]Routing Start.
2020-02-08_12:32:16.426[Status]{'id': 4, 'coordinate': [137.8056686513095, 420.3989449359102]}
2020-02-08_12:32:16.433[Status]Routing 33: Walk: 25
2020-02-08_12:32:16.533[Battery Energy]90.61
2020-02-08_12:32:16.533[Status]Routing Start.
2020-02-08_12:32:16.826[Status]{'id': 4, 'coordinate': [139.93165913712085, 410.62754972057684]}
2020-02-08_12:32:16.826[Status]Routing 34: Walk: 26
2020-02-08_12:32:16.926[Battery Energy]90.25
2020-02-08_12:32:16.926[Status]Routing Start.
2020-02-08_12:32:17.252[Status]{'id': 4, 'coordinate': [142.0576496229322, 400.85615450524347]}
2020-02-08_12:32:17.252[Status]Routing 35: Walk: 27
2020-02-08_12:32:17.353[Battery Energy]89.89
2020-02-08_12:32:17.353[Status]Routing Start.
2020-02-08_12:32:17.815[Status]{'id': 4, 'coordinate': [144.18364010874353, 391.0847592899101]}
2020-02-08_12:32:17.815[Status]Routing 36: Walk: 28
2020-02-08_12:32:17.915[Battery Energy]89.43
2020-02-08_12:32:17.916[Status]Routing Start.
2020-02-08_12:32:17.916[Status]Task Finished.
2020-02-08_12:32:18.016[Battery Energy]89.43
2020-02-08_12:32:18.196[Status]Routing 38: Walk: 28
2020-02-08_12:32:18.296[Battery Energy]89.32
2020-02-08_12:32:18.448[Status]Routing 39: Walk: 28
2020-02-08_12:32:18.548[Battery Energy]89.22
2020-02-08_12:32:18.682[Status]Routing 40: Walk: 28
2020-02-08_12:32:18.782[Battery Energy]89.12
2020-02-08_12:32:19.082[Status]Routing 41: Walk: 28
2020-02-08_12:32:19.183[Battery Energy]88.93
2020-02-08_12:32:19.513[Status]Routing 42: Walk: 28
2020-02-08_12:32:19.613[Battery Energy]88.75
2020-02-08_12:32:19.896[Status]Routing 43: Walk: 28
2020-02-08_12:32:19.996[Battery Energy]88.54
2020-02-08_12:32:20.155[Status]Routing 44: Walk: 28
2020-02-08_12:32:20.259[Battery Energy]88.41
2020-02-08_12:32:20.437[Status]Routing 45: Walk: 28
2020-02-08_12:32:20.542[Battery Energy]88.30
2020-02-08_12:32:20.676[Status]Routing 46: Walk: 28
2020-02-08_12:32:20.776[Battery Energy]88.18
2020-02-08_12:32:21.029[Status]Routing 47: Walk: 28
2020-02-08_12:32:21.132[Battery Energy]88.01
2020-02-08_12:32:21.447[Status]Routing 48: Walk: 28
2020-02-08_12:32:21.548[Battery Energy]87.81
2020-02-08_12:32:21.839[Status]Routing 49: Walk: 28
2020-02-08_12:32:21.942[Battery Energy]87.60
2020-02-08_12:32:22.234[Status]Routing 50: Walk: 28
2020-02-08_12:32:22.338[Battery Energy]87.42
2020-02-08_12:32:22.668[Status]Routing 51: Walk: 28
2020-02-08_12:32:22.771[Battery Energy]87.19
2020-02-08_12:32:23.107[Status]Routing 52: Walk: 28
2020-02-08_12:32:23.207[Battery Energy]86.99
2020-02-08_12:32:23.573[Status]Routing 53: Walk: 28
2020-02-08_12:32:23.673[Battery Energy]86.79
2020-02-08_12:32:23.976[Status]Routing 54: Walk: 28
2020-02-08_12:32:24.078[Battery Energy]86.62
2020-02-08_12:32:24.397[Status]Routing 55: Walk: 28
2020-02-08_12:32:24.506[Battery Energy]86.41
2020-02-08_12:32:24.708[Status]Routing 56: Walk: 28
2020-02-08_12:32:24.822[Battery Energy]86.30
2020-02-08_12:32:24.959[Status]Routing 57: Walk: 28
2020-02-08_12:32:25.059[Battery Energy]86.18
2020-02-08_12:32:25.244[Status]Routing 58: Walk: 28
2020-02-08_12:32:25.344[Battery Energy]86.06
2020-02-08_12:32:25.679[Status]Routing 59: Walk: 28
2020-02-08_12:32:25.794[Battery Energy]85.87
2020-02-08_12:32:25.937[Status]Routing 60: Walk: 28
2020-02-08_12:32:26.041[Battery Energy]85.77
2020-02-08_12:32:26.376[Status]Routing 61: Walk: 28
2020-02-08_12:32:26.478[Battery Energy]85.56
2020-02-08_12:32:26.637[Status]Routing 62: Walk: 28
2020-02-08_12:32:26.737[Battery Energy]85.43
2020-02-08_12:32:27.043[Status]Routing 63: Walk: 28
2020-02-08_12:32:27.144[Battery Energy]85.23
2020-02-08_12:32:27.487[Status]Routing 64: Walk: 28
2020-02-08_12:32:27.594[Battery Energy]85.01
2020-02-08_12:32:27.920[Status]Routing 65: Walk: 28
2020-02-08_12:32:28.020[Battery Energy]84.80
2020-02-08_12:32:28.183[Status]Routing 66: Walk: 28
2020-02-08_12:32:28.283[Battery Energy]84.69
2020-02-08_12:32:28.435[Status]Routing 67: Walk: 28
2020-02-08_12:32:28.538[Battery Energy]84.59
2020-02-08_12:32:28.703[Status]Routing 68: Walk: 28
2020-02-08_12:32:28.803[Battery Energy]84.47
2020-02-08_12:32:28.954[Status]Routing 69: Walk: 28
2020-02-08_12:32:29.062[Battery Energy]84.36
2020-02-08_12:32:29.288[Status]Routing 70: Walk: 28
2020-02-08_12:32:29.394[Battery Energy]84.21
2020-02-08_12:32:29.528[Status]Routing 71: Walk: 28
2020-02-08_12:32:29.630[Battery Energy]84.12
2020-02-08_12:32:29.784[Status]Routing 72: Walk: 28
2020-02-08_12:32:29.898[Battery Energy]83.99
2020-02-08_12:32:30.033[Status]Routing 73: Walk: 28
2020-02-08_12:32:30.138[Battery Energy]83.87
2020-02-08_12:32:30.296[Status]Routing 74: Walk: 28
2020-02-08_12:32:30.410[Battery Energy]83.75
2020-02-08_12:32:30.586[Status]Routing 75: Walk: 28
2020-02-08_12:32:30.702[Battery Energy]83.65
2020-02-08_12:32:30.848[Status]Routing 76: Walk: 28
2020-02-08_12:32:30.949[Battery Energy]83.56
2020-02-08_12:32:31.108[Status]Routing 77: Walk: 28
2020-02-08_12:32:31.214[Battery Energy]83.45
2020-02-08_12:32:31.355[Status]Routing 78: Walk: 28
2020-02-08_12:32:31.458[Battery Energy]83.35
2020-02-08_12:32:31.744[Status]Routing 79: Walk: 28
2020-02-08_12:32:31.845[Battery Energy]83.14
2020-02-08_12:32:31.990[Status]Routing 80: Walk: 28
2020-02-08_12:32:32.095[Battery Energy]83.02
2020-02-08_12:32:32.267[Status]Routing 81: Walk: 28
2020-02-08_12:32:32.382[Battery Energy]82.91
2020-02-08_12:32:32.527[Status]Routing 82: Walk: 28
2020-02-08_12:32:32.634[Battery Energy]82.81
2020-02-08_12:32:32.798[Status]Routing 83: Walk: 28
2020-02-08_12:32:32.898[Battery Energy]82.70
2020-02-08_12:32:33.033[Status]Routing 84: Walk: 28
2020-02-08_12:32:33.138[Battery Energy]82.61
2020-02-08_12:32:33.276[Status]Routing 85: Walk: 28
2020-02-08_12:32:33.377[Battery Energy]82.50
2020-02-08_12:32:33.674[Status]Routing 86: Walk: 28
2020-02-08_12:32:33.784[Battery Energy]82.31
2020-02-08_12:32:33.909[Status]Routing 87: Walk: 28
2020-02-08_12:32:34.010[Battery Energy]82.23
2020-02-08_12:32:34.168[Status]Routing 88: Walk: 28
2020-02-08_12:32:34.268[Battery Energy]82.12
2020-02-08_12:32:34.413[Status]Routing 89: Walk: 28
2020-02-08_12:32:34.513[Battery Energy]82.03
2020-02-08_12:32:34.709[Status]Routing 90: Walk: 28
2020-02-08_12:32:34.834[Battery Energy]81.89
2020-02-08_12:32:34.969[Status]Routing 91: Walk: 28
2020-02-08_12:32:35.078[Battery Energy]81.80
2020-02-08_12:32:35.232[Status]Routing 92: Walk: 28
2020-02-08_12:32:35.332[Battery Energy]81.68
2020-02-08_12:32:35.483[Status]Routing 93: Walk: 28
2020-02-08_12:32:35.594[Battery Energy]81.56
2020-02-08_12:32:35.729[Status]Routing 94: Walk: 28
2020-02-08_12:32:35.838[Battery Energy]81.45
2020-02-08_12:32:35.998[Status]Routing 95: Walk: 28
2020-02-08_12:32:36.099[Battery Energy]81.35
2020-02-08_12:32:36.246[Status]Routing 96: Walk: 28
2020-02-08_12:32:36.354[Battery Energy]81.27
2020-02-08_12:32:36.489[Status]Routing 97: Walk: 28
2020-02-08_12:32:36.590[Battery Energy]81.15
2020-02-08_12:32:36.783[Status]Routing 98: Walk: 28
2020-02-08_12:32:36.894[Battery Energy]81.02
2020-02-08_12:32:37.113[Status]Routing 99: Walk: 28
2020-02-08_12:32:37.213[Battery Energy]80.84
2020-02-08_12:32:37.399[Status]Routing 100: Walk: 28
2020-02-08_12:32:37.501[Battery Energy]80.72
2020-02-08_12:32:37.778[Status]Routing 101: Walk: 28
2020-02-08_12:32:37.878[Battery Energy]80.53
2020-02-08_12:32:38.214[Status]Routing 102: Walk: 28
2020-02-08_12:32:38.322[Battery Energy]80.30
2020-02-08_12:32:38.476[Status]Routing 103: Walk: 28
2020-02-08_12:32:38.582[Battery Energy]80.18
2020-02-08_12:32:38.868[Status]Routing 104: Walk: 28
2020-02-08_12:32:38.969[Battery Energy]79.98
2020-02-08_12:32:39.124[Status]Routing 105: Walk: 28
2020-02-08_12:32:39.224[Battery Energy]79.90
2020-02-08_12:32:39.377[Status]Routing 106: Walk: 28
2020-02-08_12:32:39.484[Battery Energy]79.80
2020-02-08_12:32:39.731[Status]Routing 107: Walk: 28
2020-02-08_12:32:39.831[Battery Energy]79.63
2020-02-08_12:32:40.158[Status]Routing 108: Walk: 28
2020-02-08_12:32:40.262[Battery Energy]79.45
2020-02-08_12:32:40.532[Status]Routing 109: Walk: 28
2020-02-08_12:32:40.632[Battery Energy]79.29
2020-02-08_12:32:40.930[Status]Routing 110: Walk: 28
2020-02-08_12:32:41.034[Battery Energy]79.08
2020-02-08_12:32:41.349[Status]Routing 111: Walk: 28
2020-02-08_12:32:41.454[Battery Energy]78.87
2020-02-08_12:32:41.631[Status]Routing 112: Walk: 28
2020-02-08_12:32:41.731[Battery Energy]78.75
2020-02-08_12:32:41.975[Status]Routing 113: Walk: 28
2020-02-08_12:32:42.075[Battery Energy]78.58
2020-02-08_12:32:42.315[Status]Routing 114: Walk: 28
2020-02-08_12:32:42.430[Battery Energy]78.42
2020-02-08_12:32:42.580[Status]Routing 115: Walk: 28
2020-02-08_12:32:42.690[Battery Energy]78.31
2020-02-08_12:32:42.828[Status]Routing 116: Walk: 28
2020-02-08_12:32:42.928[Battery Energy]78.20
2020-02-08_12:32:43.071[Status]Routing 117: Walk: 28
2020-02-08_12:32:43.182[Battery Energy]78.08
2020-02-08_12:32:43.406[Status]Routing 118: Walk: 28
2020-02-08_12:32:43.507[Battery Energy]77.93
2020-02-08_12:32:43.660[Status]Routing 119: Walk: 28
2020-02-08_12:32:43.762[Battery Energy]77.84
2020-02-08_12:32:43.900[Status]Routing 120: Walk: 28
2020-02-08_12:32:44.006[Battery Energy]77.72
2020-02-08_12:32:44.264[Status]Routing 121: Walk: 28
2020-02-08_12:32:44.374[Battery Energy]77.55
2020-02-08_12:32:44.527[Status]Routing 122: Walk: 28
2020-02-08_12:32:44.628[Battery Energy]77.44
2020-02-08_12:32:44.941[Status]Routing 123: Walk: 28
2020-02-08_12:32:45.054[Battery Energy]77.26
2020-02-08_12:32:45.378[Status]Routing 124: Walk: 28
2020-02-08_12:32:45.478[Battery Energy]77.05
2020-02-08_12:32:45.818[Status]Routing 125: Walk: 28
2020-02-08_12:32:45.938[Battery Energy]76.83
2020-02-08_12:32:46.121[Status]Routing 126: Walk: 28
2020-02-08_12:32:46.226[Battery Energy]76.71
2020-02-08_12:32:46.445[Status]Routing 127: Walk: 28
2020-02-08_12:32:46.554[Battery Energy]76.57
2020-02-08_12:32:46.715[Status]Routing 128: Walk: 28
2020-02-08_12:32:46.826[Battery Energy]76.45
2020-02-08_12:32:47.145[Status]Routing 129: Walk: 28
2020-02-08_12:32:47.245[Battery Energy]76.27
2020-02-08_12:32:47.579[Status]Routing 130: Walk: 28
2020-02-08_12:32:47.682[Battery Energy]76.05
2020-02-08_12:32:47.975[Status]Routing 131: Walk: 28
2020-02-08_12:32:48.077[Battery Energy]75.84
2020-02-08_12:32:48.302[Status]Routing 132: Walk: 28
2020-02-08_12:32:48.403[Battery Energy]75.69
2020-02-08_12:32:48.727[Status]Routing 133: Walk: 28
2020-02-08_12:32:48.838[Battery Energy]75.42
2020-02-08_12:32:49.167[Status]Routing 134: Walk: 28
2020-02-08_12:32:49.280[Battery Energy]75.21
2020-02-08_12:32:49.598[Status]Routing 135: Walk: 28
2020-02-08_12:32:49.699[Battery Energy]74.98
2020-02-08_12:32:49.975[Status]Routing 136: Walk: 28
2020-02-08_12:32:50.079[Battery Energy]74.78
2020-02-08_12:32:50.376[Status]Routing 137: Walk: 28
2020-02-08_12:32:50.486[Battery Energy]74.57
2020-02-08_12:32:50.639[Status]Routing 138: Walk: 28
2020-02-08_12:32:50.740[Battery Energy]74.45
2020-02-08_12:32:50.916[Status]Routing 139: Walk: 28
2020-02-08_12:32:51.031[Battery Energy]74.34
2020-02-08_12:32:51.226[Status]Routing 140: Walk: 28
2020-02-08_12:32:51.334[Battery Energy]74.19
2020-02-08_12:32:51.527[Status]Routing 141: Walk: 28
2020-02-08_12:32:51.627[Battery Energy]74.06
2020-02-08_12:32:51.771[Status]Routing 142: Walk: 28
2020-02-08_12:32:51.878[Battery Energy]73.93
2020-02-08_12:32:52.050[Status]Routing 143: Walk: 28
2020-02-08_12:32:52.166[Battery Energy]73.81
2020-02-08_12:32:52.294[Status]Routing 144: Walk: 28
2020-02-08_12:32:52.395[Battery Energy]73.72
2020-02-08_12:32:52.559[Status]Routing 145: Walk: 28
2020-02-08_12:32:52.664[Battery Energy]73.63
2020-02-08_12:32:52.791[Status]Routing 146: Walk: 28
2020-02-08_12:32:52.898[Battery Energy]73.54
2020-02-08_12:32:53.062[Status]Routing 147: Walk: 28
2020-02-08_12:32:53.166[Battery Energy]73.44
2020-02-08_12:32:53.302[Status]Routing 148: Walk: 28
2020-02-08_12:32:53.422[Battery Energy]73.34
2020-02-08_12:32:53.586[Status]Routing 149: Walk: 28
2020-02-08_12:32:53.690[Battery Energy]73.20
2020-02-08_12:32:53.835[Status]Routing 150: Walk: 28
2020-02-08_12:32:53.936[Battery Energy]73.09
2020-02-08_12:32:54.082[Status]Routing 151: Walk: 28
2020-02-08_12:32:54.183[Battery Energy]72.97
2020-02-08_12:32:54.376[Status]Routing 152: Walk: 28
2020-02-08_12:32:54.477[Battery Energy]72.83
2020-02-08_12:32:54.647[Status]Routing 153: Walk: 28
2020-02-08_12:32:54.747[Battery Energy]72.74
2020-02-08_12:32:54.909[Status]Routing 154: Walk: 28
2020-02-08_12:32:55.022[Battery Energy]72.64
2020-02-08_12:32:55.158[Status]Routing 155: Walk: 28
2020-02-08_12:32:55.274[Battery Energy]72.54
2020-02-08_12:32:55.408[Status]Routing 156: Walk: 28
2020-02-08_12:32:55.510[Battery Energy]72.43
2020-02-08_12:32:55.663[Status]Routing 157: Walk: 28
2020-02-08_12:32:55.770[Battery Energy]72.33
2020-02-08_12:32:55.942[Status]Routing 158: Walk: 28
2020-02-08_12:32:56.042[Battery Energy]72.20
2020-02-08_12:32:56.181[Status]Routing 159: Walk: 28
2020-02-08_12:32:56.295[Battery Energy]72.08
2020-02-08_12:32:56.422[Status]Routing 160: Walk: 28
2020-02-08_12:32:56.523[Battery Energy]71.99
2020-02-08_12:32:56.680[Status]Routing 161: Walk: 28
2020-02-08_12:32:56.786[Battery Energy]71.88
2020-02-08_12:32:56.944[Status]Routing 162: Walk: 28
2020-02-08_12:32:57.048[Battery Energy]71.76
2020-02-08_12:32:57.187[Status]Routing 163: Walk: 28
2020-02-08_12:32:57.298[Battery Energy]71.67
2020-02-08_12:32:57.472[Status]Routing 164: Walk: 28
2020-02-08_12:32:57.572[Battery Energy]71.56
2020-02-08_12:32:57.726[Status]Routing 165: Walk: 28
2020-02-08_12:32:57.838[Battery Energy]71.44
2020-02-08_12:32:57.974[Status]Routing 166: Walk: 28
2020-02-08_12:32:58.076[Battery Energy]71.33
2020-02-08_12:32:58.234[Status]Routing 167: Walk: 28
2020-02-08_12:32:58.335[Battery Energy]71.24
2020-02-08_12:32:58.474[Status]Routing 168: Walk: 28
2020-02-08_12:32:58.575[Battery Energy]71.14
2020-02-08_12:32:58.777[Status]Routing 169: Walk: 28
2020-02-08_12:32:58.886[Battery Energy]71.01
2020-02-08_12:32:59.024[Status]Routing 170: Walk: 28
2020-02-08_12:32:59.130[Battery Energy]70.88
2020-02-08_12:32:59.304[Status]Routing 171: Walk: 28
2020-02-08_12:32:59.404[Battery Energy]70.78
2020-02-08_12:32:59.537[Status]Routing 172: Walk: 28
2020-02-08_12:32:59.638[Battery Energy]70.67
2020-02-08_12:32:59.778[Status]Routing 173: Walk: 28
2020-02-08_12:32:59.883[Battery Energy]70.57
2020-02-08_12:33:00.038[Status]Routing 174: Walk: 28
2020-02-08_12:33:00.139[Battery Energy]70.47
2020-02-08_12:33:00.273[Status]Routing 175: Walk: 28
2020-02-08_12:33:00.373[Battery Energy]70.35
2020-02-08_12:33:00.537[Status]Routing 176: Walk: 28
2020-02-08_12:33:00.650[Battery Energy]70.23
2020-02-08_12:33:00.775[Status]Routing 177: Walk: 28
2020-02-08_12:33:00.875[Battery Energy]70.13
2020-02-08_12:33:01.102[Status]Routing 178: Walk: 28
2020-02-08_12:33:01.206[Battery Energy]69.97
2020-02-08_12:33:01.360[Status]Routing 179: Walk: 28
2020-02-08_12:33:01.466[Battery Energy]69.84
2020-02-08_12:33:01.609[Status]Routing 180: Walk: 28
2020-02-08_12:33:01.714[Battery Energy]69.73
2020-02-08_12:33:01.869[Status]Routing 181: Walk: 28
2020-02-08_12:33:01.982[Battery Energy]69.62
2020-02-08_12:33:02.135[Status]Routing 182: Walk: 28
2020-02-08_12:33:02.238[Battery Energy]69.51
2020-02-08_12:33:02.388[Status]Routing 183: Walk: 28
2020-02-08_12:33:02.490[Battery Energy]69.41
2020-02-08_12:33:02.652[Status]Routing 184: Walk: 28
2020-02-08_12:33:02.752[Battery Energy]69.28
2020-02-08_12:33:02.924[Status]Routing 185: Walk: 28
2020-02-08_12:33:03.027[Battery Energy]69.16
2020-02-08_12:33:03.213[Status]Routing 186: Walk: 28
2020-02-08_12:33:03.316[Battery Energy]69.04
2020-02-08_12:33:03.482[Status]Routing 187: Walk: 28
2020-02-08_12:33:03.586[Battery Energy]68.94
2020-02-08_12:33:03.781[Status]Routing 188: Walk: 28
2020-02-08_12:33:03.883[Battery Energy]68.85
2020-02-08_12:33:04.066[Status]Routing 189: Walk: 28
2020-02-08_12:33:04.166[Battery Energy]68.74
2020-02-08_12:33:04.371[Status]Routing 190: Walk: 28
2020-02-08_12:33:04.478[Battery Energy]68.61
