2020-02-08_12:31:53.074[Status]Start.
2020-02-08_12:31:53.074[Battery Energy]105.00
2020-02-08_12:31:54.175[Battery Energy]104.96
2020-02-08_12:31:55.276[Battery Energy]104.92
2020-02-08_12:31:56.376[Battery Energy]104.88
2020-02-08_12:31:57.478[Battery Energy]104.84
2020-02-08_12:31:58.579[Task]A New Task Released.
2020-02-08_12:31:58.579[Battery Energy]104.80
2020-02-08_12:31:58.579[Status]Selection Start.
2020-02-08_12:32:02.727[Status]Selection End: Do Task 1.
2020-02-08_12:32:02.843[Battery Energy]101.93
2020-02-08_12:32:02.843[Status]Formation Start.
2020-02-08_12:32:02.992[Status]number of tasks is 7
2020-02-08_12:32:02.998[Status]my group tasks is [ 1300.   700.]
2020-02-08_12:32:03.018[Status]my group tasks is [ 1262.34898019   778.18314825]
2020-02-08_12:32:03.023[Status]my group tasks is [ 1177.7479066    797.49279122]
2020-02-08_12:32:03.032[Status]my group tasks is [ 1109.90311321   743.38837391]
2020-02-08_12:32:03.037[Status]my group tasks is [ 1109.90311321   656.61162609]
2020-02-08_12:32:03.041[Status]my group tasks is [ 1177.7479066    602.50720878]
2020-02-08_12:32:03.049[Status]my group tasks is [ 1262.34898019   621.81685175]
2020-02-08_12:32:03.070[Status]mygroup_robots_utility is {8: [16.18075024434686, 17.392358891111186, 14.945534172708678, 16.24531190920084, 17.42529172297273, 28.816772139180515, 14.901145179572703], 9: [16.276659886287614, 17.08316935060274, 14.938583854154968, 17.325247641934368, 28.536368362727643, 14.610771544897409, 15.80090784165605], 10: [32.036697672509504, 17.397679064061087, 14.70214783030748, 16.93829675756464, 17.86436765896997, 14.895117304164096, 15.530646689327297], 11: [16.44573154923073, 33.73287014711585, 15.980392833535353, 29.305192775711053, 13.879734910899913, 14.076493862751056, 15.148684071289512], 12: [16.290457279186807, 17.36140439487632, 34.88879409320084, 14.4063713471728, 32.25545390395476, 14.864937845518794, 14.976840738220359], 13: [16.668993279105063, 16.542073011857532, 34.579103365457, 14.261968418308731, 15.17381338630586, 14.315305564966629, 15.308593595243655], 14: [16.099248304205783, 14.112752757706973, 15.38677377981329, 13.341074976264533, 13.274296622763002, 14.281049060617757, 15.54452444522902]}
2020-02-08_12:32:03.070[Status]self.local_queue is [9, 8, 11, 10, 12, 13, 14]
2020-02-08_12:32:03.070[Status]task_chosen index is 4
2020-02-08_12:32:03.070[Status]myindex_in_queue is 4
2020-02-08_12:32:03.070[Status]task destination is [1109.903113209758, 656.6116260882442]
2020-02-08_12:32:03.170[Battery Energy]101.77
2020-02-08_12:32:03.171[Status]Routing Start.
2020-02-08_12:32:03.353[Status]{'coordinate': [67.92494228389309, 528.2229148218053], 'id': 9}
2020-02-08_12:32:03.353[Status]Routing 1: Walk: 1
2020-02-08_12:32:03.466[Battery Energy]101.54
2020-02-08_12:32:03.466[Status]Routing Start.
2020-02-08_12:32:03.619[Status]{'coordinate': [77.84988456778618, 529.4458296436105], 'id': 9}
2020-02-08_12:32:03.619[Status]Routing 2: Walk: 2
2020-02-08_12:32:03.720[Battery Energy]101.35
2020-02-08_12:32:03.720[Status]Routing Start.
2020-02-08_12:32:03.888[Status]{'coordinate': [87.77482685167926, 530.6687444654158], 'id': 9}
2020-02-08_12:32:03.888[Status]Routing 3: Walk: 3
2020-02-08_12:32:03.989[Battery Energy]101.16
2020-02-08_12:32:03.989[Status]Routing Start.
2020-02-08_12:32:04.154[Status]{'coordinate': [97.69976913557235, 531.891659287221], 'id': 9}
2020-02-08_12:32:04.154[Status]Routing 4: Walk: 4
2020-02-08_12:32:04.270[Battery Energy]100.94
2020-02-08_12:32:04.270[Status]Routing Start.
2020-02-08_12:32:04.404[Status]{'coordinate': [107.62471141946544, 533.1145741090263], 'id': 9}
2020-02-08_12:32:04.404[Status]Routing 5: Walk: 5
2020-02-08_12:32:04.504[Battery Energy]100.74
2020-02-08_12:32:04.504[Status]Routing Start.
2020-02-08_12:32:04.661[Status]{'coordinate': [117.54965370335853, 534.3374889308316], 'id': 9}
2020-02-08_12:32:04.661[Status]Routing 6: Walk: 6
2020-02-08_12:32:04.763[Battery Energy]100.49
2020-02-08_12:32:04.763[Status]Routing Start.
2020-02-08_12:32:05.145[Status]{'coordinate': [127.47459598725162, 535.5604037526368], 'id': 9}
2020-02-08_12:32:05.145[Status]Routing 7: Walk: 7
2020-02-08_12:32:05.245[Battery Energy]100.15
2020-02-08_12:32:05.245[Status]Routing Start.
2020-02-08_12:32:05.574[Status]{'coordinate': [137.3995382711447, 536.7833185744421], 'id': 9}
2020-02-08_12:32:05.574[Status]Routing 8: Walk: 8
2020-02-08_12:32:05.682[Battery Energy]99.82
2020-02-08_12:32:05.682[Status]Routing Start.
2020-02-08_12:32:06.005[Status]{'coordinate': [147.32448055503778, 538.0062333962474], 'id': 9}
2020-02-08_12:32:06.008[Status]Routing 9: Walk: 9
2020-02-08_12:32:06.112[Battery Energy]99.54
2020-02-08_12:32:06.112[Status]Routing Start.
2020-02-08_12:32:06.457[Status]{'coordinate': [157.24942283893085, 539.2291482180526], 'id': 9}
2020-02-08_12:32:06.461[Status]Routing 10: Walk: 10
2020-02-08_12:32:06.564[Battery Energy]99.25
2020-02-08_12:32:06.565[Status]Routing Start.
2020-02-08_12:32:06.902[Status]{'coordinate': [167.17436512282393, 540.4520630398579], 'id': 9}
2020-02-08_12:32:06.902[Status]Routing 11: Walk: 11
2020-02-08_12:32:07.003[Battery Energy]98.94
2020-02-08_12:32:07.004[Status]Routing Start.
2020-02-08_12:32:07.526[Status]{'coordinate': [177.099307406717, 541.6749778616631], 'id': 9}
2020-02-08_12:32:07.526[Status]Routing 12: Walk: 12
2020-02-08_12:32:07.631[Battery Energy]98.47
2020-02-08_12:32:07.631[Status]Routing Start.
2020-02-08_12:32:07.977[Status]{'coordinate': [187.02424969061008, 542.8978926834684], 'id': 9}
2020-02-08_12:32:07.978[Status]Routing 13: Walk: 13
2020-02-08_12:32:08.078[Battery Energy]98.09
2020-02-08_12:32:08.078[Status]Routing Start.
2020-02-08_12:32:08.217[Status]{'coordinate': [196.94919197450315, 544.1208075052737], 'id': 9}
2020-02-08_12:32:08.222[Status]Routing 14: Walk: 14
2020-02-08_12:32:08.326[Battery Energy]97.90
2020-02-08_12:32:08.326[Status]Routing Start.
2020-02-08_12:32:08.647[Status]{'coordinate': [206.87413425839623, 545.3437223270789], 'id': 9}
2020-02-08_12:32:08.648[Status]Routing 15: Walk: 15
2020-02-08_12:32:08.754[Battery Energy]97.59
2020-02-08_12:32:08.754[Status]Routing Start.
2020-02-08_12:32:09.084[Status]{'coordinate': [216.7990765422893, 546.5666371488842], 'id': 9}
2020-02-08_12:32:09.085[Status]Routing 16: Walk: 16
2020-02-08_12:32:09.194[Battery Energy]97.26
2020-02-08_12:32:09.194[Status]Routing Start.
2020-02-08_12:32:09.661[Status]{'coordinate': [226.72401882618237, 547.7895519706894], 'id': 9}
2020-02-08_12:32:09.661[Status]Routing 17: Walk: 17
2020-02-08_12:32:09.761[Battery Energy]96.84
2020-02-08_12:32:09.761[Status]Routing Start.
2020-02-08_12:32:09.976[Status]{'coordinate': [236.64896111007545, 549.0124667924947], 'id': 9}
2020-02-08_12:32:09.976[Status]Routing 18: Walk: 18
2020-02-08_12:32:10.080[Battery Energy]96.59
2020-02-08_12:32:10.080[Status]Routing Start.
2020-02-08_12:32:10.376[Status]{'coordinate': [246.57390339396852, 550.2353816143], 'id': 9}
2020-02-08_12:32:10.376[Status]Routing 19: Walk: 19
2020-02-08_12:32:10.477[Battery Energy]96.31
2020-02-08_12:32:10.478[Status]Routing Start.
2020-02-08_12:32:10.826[Status]{'coordinate': [256.4988456778616, 551.4582964361052], 'id': 9}
2020-02-08_12:32:10.830[Status]Routing 20: Walk: 20
2020-02-08_12:32:10.931[Battery Energy]96.00
2020-02-08_12:32:10.931[Status]Routing Start.
2020-02-08_12:32:11.235[Status]{'coordinate': [266.42378796175467, 552.6812112579105], 'id': 9}
2020-02-08_12:32:11.235[Status]Routing 21: Walk: 21
2020-02-08_12:32:11.335[Battery Energy]95.64
2020-02-08_12:32:11.335[Status]Routing Start.
2020-02-08_12:32:11.699[Status]{'coordinate': [276.34873024564774, 553.9041260797158], 'id': 9}
2020-02-08_12:32:11.699[Status]Routing 22: Walk: 22
2020-02-08_12:32:11.806[Battery Energy]95.28
2020-02-08_12:32:11.806[Status]Routing Start.
2020-02-08_12:32:12.143[Status]{'coordinate': [286.2736725295408, 555.127040901521], 'id': 9}
2020-02-08_12:32:12.143[Status]Routing 23: Walk: 23
2020-02-08_12:32:12.246[Battery Energy]94.98
2020-02-08_12:32:12.246[Status]Routing Start.
2020-02-08_12:32:12.591[Status]{'coordinate': [296.1986148134339, 556.3499557233263], 'id': 9}
2020-02-08_12:32:12.597[Status]Routing 24: Walk: 24
2020-02-08_12:32:12.697[Battery Energy]94.67
2020-02-08_12:32:12.697[Status]Routing Start.
2020-02-08_12:32:12.965[Status]{'coordinate': [306.12355709732697, 557.5728705451315], 'id': 9}
2020-02-08_12:32:12.965[Status]Routing 25: Walk: 25
2020-02-08_12:32:13.066[Battery Energy]94.37
2020-02-08_12:32:13.066[Status]Routing Start.
2020-02-08_12:32:13.416[Status]{'coordinate': [316.04849938122004, 558.7957853669368], 'id': 9}
2020-02-08_12:32:13.416[Status]Routing 26: Walk: 26
2020-02-08_12:32:13.518[Battery Energy]94.06
2020-02-08_12:32:13.518[Status]Routing Start.
2020-02-08_12:32:13.834[Status]{'coordinate': [325.9734416651131, 560.0187001887421], 'id': 9}
2020-02-08_12:32:13.834[Status]Routing 27: Walk: 27
2020-02-08_12:32:13.938[Battery Energy]93.76
2020-02-08_12:32:13.938[Status]Routing Start.
2020-02-08_12:32:14.074[Status]{'coordinate': [335.8983839490062, 561.2416150105473], 'id': 9}
2020-02-08_12:32:14.074[Status]Routing 28: Walk: 28
2020-02-08_12:32:14.174[Battery Energy]93.56
2020-02-08_12:32:14.174[Status]Routing Start.
2020-02-08_12:32:14.525[Status]{'coordinate': [345.82332623289926, 562.4645298323526], 'id': 9}
2020-02-08_12:32:14.525[Status]Routing 29: Walk: 29
2020-02-08_12:32:14.625[Battery Energy]93.27
2020-02-08_12:32:14.625[Status]Routing Start.
2020-02-08_12:32:14.963[Status]{'coordinate': [355.74826851679234, 563.6874446541578], 'id': 9}
2020-02-08_12:32:14.963[Status]Routing 30: Walk: 30
2020-02-08_12:32:15.066[Battery Energy]92.97
2020-02-08_12:32:15.066[Status]Routing Start.
2020-02-08_12:32:15.370[Status]{'coordinate': [365.6732108006854, 564.9103594759632], 'id': 9}
2020-02-08_12:32:15.370[Status]Routing 31: Walk: 31
2020-02-08_12:32:15.478[Battery Energy]92.69
2020-02-08_12:32:15.478[Status]Routing Start.
2020-02-08_12:32:15.853[Status]{'coordinate': [375.5981530845785, 566.1332742977686], 'id': 9}
2020-02-08_12:32:15.853[Status]Routing 32: Walk: 32
2020-02-08_12:32:15.953[Battery Energy]92.36
2020-02-08_12:32:15.953[Status]Routing Start.
2020-02-08_12:32:16.258[Status]{'coordinate': [385.52309536847156, 567.3561891195739], 'id': 9}
2020-02-08_12:32:16.258[Status]Routing 33: Walk: 33
2020-02-08_12:32:16.374[Battery Energy]92.04
2020-02-08_12:32:16.374[Status]Routing Start.
2020-02-08_12:32:16.687[Status]{'coordinate': [395.44803765236463, 568.5791039413791], 'id': 9}
2020-02-08_12:32:16.687[Status]Routing 34: Walk: 34
2020-02-08_12:32:16.798[Battery Energy]91.77
2020-02-08_12:32:16.798[Status]Routing Start.
2020-02-08_12:32:17.092[Status]{'coordinate': [405.3729799362577, 569.8020187631845], 'id': 9}
2020-02-08_12:32:17.093[Status]Routing 35: Walk: 35
2020-02-08_12:32:17.198[Battery Energy]91.45
2020-02-08_12:32:17.198[Status]Routing Start.
2020-02-08_12:32:17.597[Status]{'coordinate': [415.2979222201508, 571.0249335849898], 'id': 9}
2020-02-08_12:32:17.597[Status]Routing 36: Walk: 36
2020-02-08_12:32:17.700[Battery Energy]91.10
2020-02-08_12:32:17.700[Status]Routing Start.
2020-02-08_12:32:18.193[Status]{'coordinate': [425.22286450404386, 572.2478484067951], 'id': 9}
2020-02-08_12:32:18.193[Status]Routing 37: Walk: 37
2020-02-08_12:32:18.294[Battery Energy]90.71
2020-02-08_12:32:18.294[Status]Routing Start.
2020-02-08_12:32:18.450[Status]{'coordinate': [435.14780678793693, 573.4707632286004], 'id': 9}
2020-02-08_12:32:18.450[Status]Routing 38: Walk: 38
2020-02-08_12:32:18.558[Battery Energy]90.52
2020-02-08_12:32:18.558[Status]Routing Start.
2020-02-08_12:32:18.849[Status]{'coordinate': [445.07274907183, 574.6936780504058], 'id': 9}
2020-02-08_12:32:18.857[Status]Routing 39: Walk: 39
2020-02-08_12:32:18.957[Battery Energy]90.17
2020-02-08_12:32:18.957[Status]Routing Start.
2020-02-08_12:32:19.227[Status]{'coordinate': [454.9976913557231, 575.9165928722111], 'id': 9}
2020-02-08_12:32:19.227[Status]Routing 40: Walk: 40
2020-02-08_12:32:19.328[Battery Energy]89.84
2020-02-08_12:32:19.328[Status]Routing Start.
2020-02-08_12:32:19.655[Status]{'coordinate': [464.92263363961615, 577.1395076940164], 'id': 9}
2020-02-08_12:32:19.655[Status]Routing 41: Walk: 41
2020-02-08_12:32:19.755[Battery Energy]89.46
2020-02-08_12:32:19.755[Status]Routing Start.
2020-02-08_12:32:19.900[Status]{'coordinate': [474.8475759235092, 578.3624225158217], 'id': 9}
2020-02-08_12:32:19.900[Status]Routing 42: Walk: 42
2020-02-08_12:32:20.014[Battery Energy]89.26
2020-02-08_12:32:20.014[Status]Routing Start.
2020-02-08_12:32:20.163[Status]{'coordinate': [484.7725182074023, 579.585337337627], 'id': 9}
2020-02-08_12:32:20.164[Status]Routing 43: Walk: 43
2020-02-08_12:32:20.272[Battery Energy]89.04
2020-02-08_12:32:20.273[Status]Routing Start.
2020-02-08_12:32:20.418[Status]{'coordinate': [494.6974604912954, 580.8082521594323], 'id': 9}
2020-02-08_12:32:20.418[Status]Routing 44: Walk: 44
2020-02-08_12:32:20.528[Battery Energy]88.85
2020-02-08_12:32:20.528[Status]Routing Start.
2020-02-08_12:32:20.667[Status]{'coordinate': [504.62240277518845, 582.0311669812377], 'id': 9}
2020-02-08_12:32:20.667[Status]Routing 45: Walk: 45
2020-02-08_12:32:20.767[Battery Energy]88.63
2020-02-08_12:32:20.767[Status]Routing Start.
2020-02-08_12:32:21.026[Status]{'coordinate': [514.5473450590815, 583.2540818030429], 'id': 9}
2020-02-08_12:32:21.026[Status]Routing 46: Walk: 46
2020-02-08_12:32:21.127[Battery Energy]88.34
2020-02-08_12:32:21.127[Status]Routing Start.
2020-02-08_12:32:21.455[Status]{'coordinate': [524.4722873429746, 584.4769966248483], 'id': 9}
2020-02-08_12:32:21.455[Status]Routing 47: Walk: 47
2020-02-08_12:32:21.555[Battery Energy]88.02
2020-02-08_12:32:21.555[Status]Routing Start.
2020-02-08_12:32:21.844[Status]{'coordinate': [534.3972296268677, 585.6999114466536], 'id': 9}
2020-02-08_12:32:21.844[Status]Routing 48: Walk: 48
2020-02-08_12:32:21.950[Battery Energy]87.72
2020-02-08_12:32:21.950[Status]Routing Start.
2020-02-08_12:32:22.224[Status]{'coordinate': [544.3221719107607, 586.922826268459], 'id': 9}
2020-02-08_12:32:22.224[Status]Routing 49: Walk: 49
2020-02-08_12:32:22.327[Battery Energy]87.42
2020-02-08_12:32:22.327[Status]Routing Start.
2020-02-08_12:32:22.668[Status]{'coordinate': [554.2471141946538, 588.1457410902642], 'id': 9}
2020-02-08_12:32:22.668[Status]Routing 50: Walk: 50
2020-02-08_12:32:22.770[Battery Energy]87.07
2020-02-08_12:32:22.770[Status]Routing Start.
2020-02-08_12:32:23.107[Status]{'coordinate': [564.1720564785469, 589.3686559120696], 'id': 9}
2020-02-08_12:32:23.107[Status]Routing 51: Walk: 51
2020-02-08_12:32:23.218[Battery Energy]86.78
2020-02-08_12:32:23.218[Status]Routing Start.
2020-02-08_12:32:23.552[Status]{'coordinate': [574.09699876244, 590.5915707338748], 'id': 9}
2020-02-08_12:32:23.555[Status]Routing 52: Walk: 52
2020-02-08_12:32:23.658[Battery Energy]86.47
2020-02-08_12:32:23.658[Status]Routing Start.
2020-02-08_12:32:23.977[Status]{'coordinate': [584.021941046333, 591.8144855556802], 'id': 9}
2020-02-08_12:32:23.977[Status]Routing 53: Walk: 53
2020-02-08_12:32:24.080[Battery Energy]86.15
2020-02-08_12:32:24.080[Status]Routing Start.
2020-02-08_12:32:24.395[Status]{'coordinate': [593.9468833302261, 593.0374003774855], 'id': 9}
2020-02-08_12:32:24.395[Status]Routing 54: Walk: 54
2020-02-08_12:32:24.495[Battery Energy]85.83
2020-02-08_12:32:24.496[Status]Routing Start.
2020-02-08_12:32:24.705[Status]{'coordinate': [603.8718256141192, 594.2603151992909], 'id': 9}
2020-02-08_12:32:24.705[Status]Routing 55: Walk: 55
2020-02-08_12:32:24.818[Battery Energy]85.59
2020-02-08_12:32:24.818[Status]Routing Start.
2020-02-08_12:32:24.959[Status]{'coordinate': [613.7967678980123, 595.4832300210961], 'id': 9}
2020-02-08_12:32:24.959[Status]Routing 56: Walk: 56
2020-02-08_12:32:25.059[Battery Energy]85.39
2020-02-08_12:32:25.060[Status]Routing Start.
2020-02-08_12:32:25.248[Status]{'coordinate': [623.7217101819053, 596.7061448429015], 'id': 9}
2020-02-08_12:32:25.248[Status]Routing 57: Walk: 57
2020-02-08_12:32:25.358[Battery Energy]85.18
2020-02-08_12:32:25.358[Status]Routing Start.
2020-02-08_12:32:25.683[Status]{'coordinate': [633.6466524657984, 597.9290596647068], 'id': 9}
2020-02-08_12:32:25.684[Status]Routing 58: Walk: 58
2020-02-08_12:32:25.798[Battery Energy]84.88
2020-02-08_12:32:25.798[Status]Routing Start.
2020-02-08_12:32:25.939[Status]{'coordinate': [643.5715947496915, 599.1519744865121], 'id': 9}
2020-02-08_12:32:25.939[Status]Routing 59: Walk: 59
2020-02-08_12:32:26.039[Battery Energy]84.68
2020-02-08_12:32:26.039[Status]Routing Start.
2020-02-08_12:32:26.382[Status]{'coordinate': [653.4965370335846, 600.3748893083174], 'id': 9}
2020-02-08_12:32:26.382[Status]Routing 60: Walk: 60
2020-02-08_12:32:26.494[Battery Energy]84.34
2020-02-08_12:32:26.494[Status]Routing Start.
2020-02-08_12:32:26.645[Status]{'coordinate': [663.4214793174776, 601.5978041301228], 'id': 9}
2020-02-08_12:32:26.647[Status]Routing 61: Walk: 61
2020-02-08_12:32:26.747[Battery Energy]84.11
2020-02-08_12:32:26.747[Status]Routing Start.
2020-02-08_12:32:27.041[Status]{'coordinate': [673.3464216013707, 602.820718951928], 'id': 9}
2020-02-08_12:32:27.041[Status]Routing 62: Walk: 62
2020-02-08_12:32:27.142[Battery Energy]83.79
2020-02-08_12:32:27.142[Status]Routing Start.
2020-02-08_12:32:27.488[Status]{'coordinate': [683.2713638852638, 604.0436337737334], 'id': 9}
2020-02-08_12:32:27.488[Status]Routing 63: Walk: 63
2020-02-08_12:32:27.594[Battery Energy]83.45
2020-02-08_12:32:27.594[Status]Routing Start.
2020-02-08_12:32:27.925[Status]{'coordinate': [693.1963061691569, 605.2665485955387], 'id': 9}
2020-02-08_12:32:27.925[Status]Routing 64: Walk: 64
2020-02-08_12:32:28.034[Battery Energy]83.16
2020-02-08_12:32:28.034[Status]Routing Start.
2020-02-08_12:32:28.183[Status]{'coordinate': [703.1212484530499, 606.489463417344], 'id': 9}
2020-02-08_12:32:28.183[Status]Routing 65: Walk: 65
2020-02-08_12:32:28.286[Battery Energy]82.94
2020-02-08_12:32:28.286[Status]Routing Start.
2020-02-08_12:32:28.437[Status]{'coordinate': [713.046190736943, 607.7123782391493], 'id': 9}
2020-02-08_12:32:28.437[Status]Routing 66: Walk: 66
2020-02-08_12:32:28.537[Battery Energy]82.73
2020-02-08_12:32:28.537[Status]Routing Start.
2020-02-08_12:32:28.703[Status]{'coordinate': [722.9711330208361, 608.9352930609547], 'id': 9}
2020-02-08_12:32:28.704[Status]Routing 67: Walk: 67
2020-02-08_12:32:28.804[Battery Energy]82.51
2020-02-08_12:32:28.804[Status]Routing Start.
2020-02-08_12:32:28.946[Status]{'coordinate': [732.8960753047292, 610.1582078827599], 'id': 9}
2020-02-08_12:32:28.946[Status]Routing 68: Walk: 68
2020-02-08_12:32:29.050[Battery Energy]82.32
2020-02-08_12:32:29.050[Status]Routing Start.
2020-02-08_12:32:29.285[Status]{'coordinate': [742.8210175886222, 611.3811227045653], 'id': 9}
2020-02-08_12:32:29.285[Status]Routing 69: Walk: 69
2020-02-08_12:32:29.390[Battery Energy]82.06
2020-02-08_12:32:29.390[Status]Routing Start.
2020-02-08_12:32:29.534[Status]{'coordinate': [752.7459598725153, 612.6040375263706], 'id': 9}
2020-02-08_12:32:29.534[Status]Routing 70: Walk: 70
2020-02-08_12:32:29.634[Battery Energy]81.86
2020-02-08_12:32:29.634[Status]Routing Start.
2020-02-08_12:32:29.781[Status]{'coordinate': [762.6709021564084, 613.826952348176], 'id': 9}
2020-02-08_12:32:29.781[Status]Routing 71: Walk: 71
2020-02-08_12:32:29.890[Battery Energy]81.64
2020-02-08_12:32:29.890[Status]Routing Start.
2020-02-08_12:32:30.036[Status]{'coordinate': [772.5958444403014, 615.0498671699812], 'id': 9}
2020-02-08_12:32:30.037[Status]Routing 72: Walk: 72
2020-02-08_12:32:30.150[Battery Energy]81.42
2020-02-08_12:32:30.150[Status]Routing Start.
2020-02-08_12:32:30.284[Status]{'coordinate': [782.5207867241945, 616.2727819917866], 'id': 9}
2020-02-08_12:32:30.284[Status]Routing 73: Walk: 73
2020-02-08_12:32:30.384[Battery Energy]81.21
2020-02-08_12:32:30.384[Status]Routing Start.
2020-02-08_12:32:30.586[Status]{'coordinate': [792.4457290080876, 617.4956968135918], 'id': 9}
2020-02-08_12:32:30.586[Status]Routing 74: Walk: 74
2020-02-08_12:32:30.694[Battery Energy]80.97
2020-02-08_12:32:30.694[Status]Routing Start.
2020-02-08_12:32:30.841[Status]{'coordinate': [802.3706712919807, 618.7186116353971], 'id': 9}
2020-02-08_12:32:30.841[Status]Routing 75: Walk: 75
2020-02-08_12:32:30.941[Battery Energy]80.75
2020-02-08_12:32:30.942[Status]Routing Start.
2020-02-08_12:32:31.109[Status]{'coordinate': [812.2956135758737, 619.9415264572025], 'id': 9}
2020-02-08_12:32:31.111[Status]Routing 76: Walk: 76
2020-02-08_12:32:31.220[Battery Energy]80.53
2020-02-08_12:32:31.220[Status]Routing Start.
2020-02-08_12:32:31.353[Status]{'coordinate': [822.2205558597668, 621.1644412790079], 'id': 9}
2020-02-08_12:32:31.354[Status]Routing 77: Walk: 77
2020-02-08_12:32:31.466[Battery Energy]80.33
2020-02-08_12:32:31.466[Status]Routing Start.
2020-02-08_12:32:31.744[Status]{'coordinate': [832.1454981436599, 622.3873561008131], 'id': 9}
2020-02-08_12:32:31.744[Status]Routing 78: Walk: 78
2020-02-08_12:32:31.844[Battery Energy]80.05
2020-02-08_12:32:31.844[Status]Routing Start.
2020-02-08_12:32:31.989[Status]{'coordinate': [842.070440427553, 623.6102709226184], 'id': 9}
2020-02-08_12:32:31.989[Status]Routing 79: Walk: 79
2020-02-08_12:32:32.089[Battery Energy]79.86
2020-02-08_12:32:32.089[Status]Routing Start.
2020-02-08_12:32:32.269[Status]{'coordinate': [851.995382711446, 624.8331857444238], 'id': 9}
2020-02-08_12:32:32.269[Status]Routing 80: Walk: 80
2020-02-08_12:32:32.386[Battery Energy]79.62
2020-02-08_12:32:32.386[Status]Routing Start.
2020-02-08_12:32:32.525[Status]{'coordinate': [861.9203249953391, 626.056100566229], 'id': 9}
2020-02-08_12:32:32.527[Status]Routing 81: Walk: 81
2020-02-08_12:32:32.627[Battery Energy]79.43
2020-02-08_12:32:32.627[Status]Routing Start.
2020-02-08_12:32:32.794[Status]{'coordinate': [871.8452672792322, 627.2790153880344], 'id': 9}
2020-02-08_12:32:32.794[Status]Routing 82: Walk: 82
2020-02-08_12:32:32.894[Battery Energy]79.22
2020-02-08_12:32:32.895[Status]Routing Start.
2020-02-08_12:32:33.034[Status]{'coordinate': [881.7702095631253, 628.5019302098397], 'id': 9}
2020-02-08_12:32:33.034[Status]Routing 83: Walk: 83
2020-02-08_12:32:33.142[Battery Energy]79.01
2020-02-08_12:32:33.142[Status]Routing Start.
2020-02-08_12:32:33.274[Status]{'coordinate': [891.6951518470183, 629.724845031645], 'id': 9}
2020-02-08_12:32:33.276[Status]Routing 84: Walk: 84
2020-02-08_12:32:33.386[Battery Energy]78.81
2020-02-08_12:32:33.386[Status]Routing Start.
2020-02-08_12:32:33.675[Status]{'coordinate': [901.6200941309114, 630.9477598534503], 'id': 9}
2020-02-08_12:32:33.675[Status]Routing 85: Walk: 85
2020-02-08_12:32:33.782[Battery Energy]78.53
2020-02-08_12:32:33.782[Status]Routing Start.
2020-02-08_12:32:33.914[Status]{'coordinate': [911.5450364148045, 632.1706746752557], 'id': 9}
2020-02-08_12:32:33.914[Status]Routing 86: Walk: 86
2020-02-08_12:32:34.018[Battery Energy]78.32
2020-02-08_12:32:34.018[Status]Routing Start.
2020-02-08_12:32:34.168[Status]{'coordinate': [921.4699786986976, 633.3935894970609], 'id': 9}
2020-02-08_12:32:34.168[Status]Routing 87: Walk: 87
2020-02-08_12:32:34.270[Battery Energy]78.10
2020-02-08_12:32:34.270[Status]Routing Start.
2020-02-08_12:32:34.410[Status]{'coordinate': [931.3949209825906, 634.6165043188663], 'id': 9}
2020-02-08_12:32:34.410[Status]Routing 88: Walk: 88
2020-02-08_12:32:34.514[Battery Energy]77.89
2020-02-08_12:32:34.514[Status]Routing Start.
2020-02-08_12:32:34.707[Status]{'coordinate': [941.3198632664837, 635.8394191406716], 'id': 9}
2020-02-08_12:32:34.708[Status]Routing 89: Walk: 89
2020-02-08_12:32:34.808[Battery Energy]77.68
2020-02-08_12:32:34.808[Status]Routing Start.
2020-02-08_12:32:34.971[Status]{'coordinate': [951.2448055503768, 637.0623339624769], 'id': 9}
2020-02-08_12:32:34.971[Status]Routing 90: Walk: 90
2020-02-08_12:32:35.084[Battery Energy]77.48
2020-02-08_12:32:35.084[Status]Routing Start.
2020-02-08_12:32:35.227[Status]{'coordinate': [961.1697478342699, 638.2852487842822], 'id': 9}
2020-02-08_12:32:35.227[Status]Routing 91: Walk: 91
2020-02-08_12:32:35.327[Battery Energy]77.24
2020-02-08_12:32:35.327[Status]Routing Start.
2020-02-08_12:32:35.484[Status]{'coordinate': [971.0946901181629, 639.5081636060876], 'id': 9}
2020-02-08_12:32:35.484[Status]Routing 92: Walk: 92
2020-02-08_12:32:35.594[Battery Energy]77.02
2020-02-08_12:32:35.594[Status]Routing Start.
2020-02-08_12:32:35.731[Status]{'coordinate': [981.019632402056, 640.7310784278928], 'id': 9}
2020-02-08_12:32:35.731[Status]Routing 93: Walk: 93
2020-02-08_12:32:35.837[Battery Energy]76.81
2020-02-08_12:32:35.837[Status]Routing Start.
2020-02-08_12:32:36.003[Status]{'coordinate': [990.9445746859491, 641.9539932496982], 'id': 9}
2020-02-08_12:32:36.003[Status]Routing 94: Walk: 94
2020-02-08_12:32:36.114[Battery Energy]76.59
2020-02-08_12:32:36.114[Status]Routing Start.
2020-02-08_12:32:36.242[Status]{'coordinate': [1000.8695169698422, 643.1769080715035], 'id': 9}
2020-02-08_12:32:36.242[Status]Routing 95: Walk: 95
2020-02-08_12:32:36.349[Battery Energy]76.39
2020-02-08_12:32:36.349[Status]Routing Start.
2020-02-08_12:32:36.497[Status]{'coordinate': [1010.7944592537352, 644.3998228933089], 'id': 9}
2020-02-08_12:32:36.497[Status]Routing 96: Walk: 96
2020-02-08_12:32:36.597[Battery Energy]76.19
2020-02-08_12:32:36.597[Status]Routing Start.
2020-02-08_12:32:36.775[Status]{'coordinate': [1020.7194015376283, 645.6227377151141], 'id': 9}
2020-02-08_12:32:36.775[Status]Routing 97: Walk: 97
2020-02-08_12:32:36.876[Battery Energy]75.97
2020-02-08_12:32:36.876[Status]Routing Start.
2020-02-08_12:32:37.113[Status]{'coordinate': [1030.6443438215215, 646.8456525369195], 'id': 9}
2020-02-08_12:32:37.113[Status]Routing 98: Walk: 98
2020-02-08_12:32:37.226[Battery Energy]75.73
2020-02-08_12:32:37.226[Status]Routing Start.
2020-02-08_12:32:37.402[Status]{'coordinate': [1040.5692861054147, 648.0685673587247], 'id': 9}
2020-02-08_12:32:37.403[Status]Routing 99: Walk: 99
2020-02-08_12:32:37.505[Battery Energy]75.50
2020-02-08_12:32:37.505[Status]Routing Start.
2020-02-08_12:32:37.782[Status]{'coordinate': [1050.4942283893079, 649.2914821805301], 'id': 9}
2020-02-08_12:32:37.782[Status]Routing 100: Walk: 100
2020-02-08_12:32:37.886[Battery Energy]75.20
2020-02-08_12:32:37.886[Status]Routing Start.
2020-02-08_12:32:38.215[Status]{'coordinate': [1060.419170673201, 650.5143970023355], 'id': 9}
2020-02-08_12:32:38.215[Status]Routing 101: Walk: 101
2020-02-08_12:32:38.318[Battery Energy]74.87
2020-02-08_12:32:38.318[Status]Routing Start.
2020-02-08_12:32:38.471[Status]{'coordinate': [1070.3441129570942, 651.7373118241408], 'id': 9}
2020-02-08_12:32:38.473[Status]Routing 102: Walk: 102
2020-02-08_12:32:38.578[Battery Energy]74.67
2020-02-08_12:32:38.578[Status]Routing Start.
2020-02-08_12:32:38.875[Status]{'coordinate': [1080.2690552409874, 652.9602266459461], 'id': 9}
2020-02-08_12:32:38.875[Status]Routing 103: Walk: 103
2020-02-08_12:32:38.975[Battery Energy]74.38
2020-02-08_12:32:38.975[Status]Routing Start.
2020-02-08_12:32:39.135[Status]{'coordinate': [1090.1939975248806, 654.1831414677514], 'id': 9}
2020-02-08_12:32:39.135[Status]Routing 104: Walk: 104
2020-02-08_12:32:39.235[Battery Energy]74.16
2020-02-08_12:32:39.235[Status]Routing Start.
2020-02-08_12:32:39.377[Status]{'coordinate': [1100.1189398087738, 655.4060562895568], 'id': 9}
2020-02-08_12:32:39.378[Status]Routing 105: Walk: 105
2020-02-08_12:32:39.490[Battery Energy]73.94
2020-02-08_12:32:39.490[Status]Routing Start.
2020-02-08_12:32:39.490[Status]Task Finished.
2020-02-08_12:32:39.590[Battery Energy]73.94
2020-02-08_12:32:39.717[Status]Routing 107: Walk: 105
2020-02-08_12:32:39.842[Battery Energy]73.85
2020-02-08_12:32:40.148[Status]Routing 108: Walk: 105
2020-02-08_12:32:40.254[Battery Energy]73.68
2020-02-08_12:32:40.530[Status]Routing 109: Walk: 105
2020-02-08_12:32:40.631[Battery Energy]73.49
2020-02-08_12:32:40.929[Status]Routing 110: Walk: 105
2020-02-08_12:32:41.042[Battery Energy]73.28
2020-02-08_12:32:41.349[Status]Routing 111: Walk: 105
2020-02-08_12:32:41.466[Battery Energy]73.04
2020-02-08_12:32:41.624[Status]Routing 112: Walk: 105
2020-02-08_12:32:41.738[Battery Energy]72.91
2020-02-08_12:32:41.966[Status]Routing 113: Walk: 105
2020-02-08_12:32:42.066[Battery Energy]72.78
2020-02-08_12:32:42.311[Status]Routing 114: Walk: 105
2020-02-08_12:32:42.413[Battery Energy]72.60
2020-02-08_12:32:42.576[Status]Routing 115: Walk: 105
2020-02-08_12:32:42.676[Battery Energy]72.48
2020-02-08_12:32:42.823[Status]Routing 116: Walk: 105
2020-02-08_12:32:42.924[Battery Energy]72.37
2020-02-08_12:32:43.065[Status]Routing 117: Walk: 105
2020-02-08_12:32:43.168[Battery Energy]72.25
2020-02-08_12:32:43.405[Status]Routing 118: Walk: 105
2020-02-08_12:32:43.506[Battery Energy]72.10
2020-02-08_12:32:43.654[Status]Routing 119: Walk: 105
2020-02-08_12:32:43.755[Battery Energy]71.97
2020-02-08_12:32:43.898[Status]Routing 120: Walk: 105
2020-02-08_12:32:43.999[Battery Energy]71.87
2020-02-08_12:32:44.262[Status]Routing 121: Walk: 105
2020-02-08_12:32:44.382[Battery Energy]71.70
2020-02-08_12:32:44.527[Status]Routing 122: Walk: 105
2020-02-08_12:32:44.634[Battery Energy]71.61
2020-02-08_12:32:44.958[Status]Routing 123: Walk: 105
2020-02-08_12:32:45.066[Battery Energy]71.40
2020-02-08_12:32:45.382[Status]Routing 124: Walk: 105
2020-02-08_12:32:45.490[Battery Energy]71.19
2020-02-08_12:32:45.816[Status]Routing 125: Walk: 105
2020-02-08_12:32:45.930[Battery Energy]70.96
2020-02-08_12:32:46.121[Status]Routing 126: Walk: 105
2020-02-08_12:32:46.230[Battery Energy]70.84
2020-02-08_12:32:46.441[Status]Routing 127: Walk: 105
2020-02-08_12:32:46.542[Battery Energy]70.71
2020-02-08_12:32:46.715[Status]Routing 128: Walk: 105
2020-02-08_12:32:46.822[Battery Energy]70.61
2020-02-08_12:32:47.153[Status]Routing 129: Walk: 105
2020-02-08_12:32:47.254[Battery Energy]70.39
2020-02-08_12:32:47.577[Status]Routing 130: Walk: 105
2020-02-08_12:32:47.682[Battery Energy]70.14
2020-02-08_12:32:47.977[Status]Routing 131: Walk: 105
2020-02-08_12:32:48.077[Battery Energy]69.95
2020-02-08_12:32:48.298[Status]Routing 132: Walk: 105
2020-02-08_12:32:48.398[Battery Energy]69.78
2020-02-08_12:32:48.724[Status]Routing 133: Walk: 105
2020-02-08_12:32:48.825[Battery Energy]69.56
2020-02-08_12:32:49.172[Status]Routing 134: Walk: 105
2020-02-08_12:32:49.272[Battery Energy]69.31
2020-02-08_12:32:49.599[Status]Routing 135: Walk: 105
2020-02-08_12:32:49.703[Battery Energy]69.08
2020-02-08_12:32:49.980[Status]Routing 136: Walk: 105
2020-02-08_12:32:50.086[Battery Energy]68.92
2020-02-08_12:32:50.380[Status]Routing 137: Walk: 105
2020-02-08_12:32:50.490[Battery Energy]68.73
2020-02-08_12:32:50.635[Status]Routing 138: Walk: 105
2020-02-08_12:32:50.752[Battery Energy]68.63
2020-02-08_12:32:50.909[Status]Routing 139: Walk: 105
2020-02-08_12:32:51.009[Battery Energy]68.53
2020-02-08_12:32:51.239[Status]Routing 140: Walk: 105
2020-02-08_12:32:51.366[Battery Energy]68.39
2020-02-08_12:32:51.528[Status]Routing 141: Walk: 105
2020-02-08_12:32:51.628[Battery Energy]68.28
2020-02-08_12:32:51.773[Status]Routing 142: Walk: 105
2020-02-08_12:32:51.886[Battery Energy]68.19
2020-02-08_12:32:52.048[Status]Routing 143: Walk: 105
2020-02-08_12:32:52.150[Battery Energy]68.06
2020-02-08_12:32:52.298[Status]Routing 144: Walk: 105
2020-02-08_12:32:52.410[Battery Energy]67.95
2020-02-08_12:32:52.549[Status]Routing 145: Walk: 105
2020-02-08_12:32:52.654[Battery Energy]67.84
2020-02-08_12:32:52.785[Status]Routing 146: Walk: 105
2020-02-08_12:32:52.894[Battery Energy]67.72
2020-02-08_12:32:53.054[Status]Routing 147: Walk: 105
2020-02-08_12:32:53.166[Battery Energy]67.59
2020-02-08_12:32:53.293[Status]Routing 148: Walk: 105
2020-02-08_12:32:53.394[Battery Energy]67.48
2020-02-08_12:32:53.587[Status]Routing 149: Walk: 105
2020-02-08_12:32:53.698[Battery Energy]67.35
2020-02-08_12:32:53.834[Status]Routing 150: Walk: 105
2020-02-08_12:32:53.942[Battery Energy]67.24
2020-02-08_12:32:54.076[Status]Routing 151: Walk: 105
2020-02-08_12:32:54.178[Battery Energy]67.13
2020-02-08_12:32:54.376[Status]Routing 152: Walk: 105
2020-02-08_12:32:54.486[Battery Energy]67.01
2020-02-08_12:32:54.645[Status]Routing 153: Walk: 105
2020-02-08_12:32:54.750[Battery Energy]66.88
2020-02-08_12:32:54.907[Status]Routing 154: Walk: 105
2020-02-08_12:32:55.008[Battery Energy]66.75
2020-02-08_12:32:55.157[Status]Routing 155: Walk: 105
2020-02-08_12:32:55.258[Battery Energy]66.65
2020-02-08_12:32:55.411[Status]Routing 156: Walk: 105
2020-02-08_12:32:55.511[Battery Energy]66.53
2020-02-08_12:32:55.663[Status]Routing 157: Walk: 105
2020-02-08_12:32:55.763[Battery Energy]66.40
2020-02-08_12:32:55.934[Status]Routing 158: Walk: 105
2020-02-08_12:32:56.050[Battery Energy]66.28
2020-02-08_12:32:56.181[Status]Routing 159: Walk: 105
2020-02-08_12:32:56.281[Battery Energy]66.18
2020-02-08_12:32:56.431[Status]Routing 160: Walk: 105
2020-02-08_12:32:56.542[Battery Energy]66.07
2020-02-08_12:32:56.687[Status]Routing 161: Walk: 105
2020-02-08_12:32:56.787[Battery Energy]65.97
2020-02-08_12:32:56.947[Status]Routing 162: Walk: 105
2020-02-08_12:32:57.058[Battery Energy]65.86
2020-02-08_12:32:57.185[Status]Routing 163: Walk: 105
2020-02-08_12:32:57.286[Battery Energy]65.77
2020-02-08_12:32:57.462[Status]Routing 164: Walk: 105
2020-02-08_12:32:57.563[Battery Energy]65.65
2020-02-08_12:32:57.725[Status]Routing 165: Walk: 105
2020-02-08_12:32:57.825[Battery Energy]65.55
2020-02-08_12:32:57.975[Status]Routing 166: Walk: 105
2020-02-08_12:32:58.086[Battery Energy]65.46
2020-02-08_12:32:58.240[Status]Routing 167: Walk: 105
2020-02-08_12:32:58.346[Battery Energy]65.34
2020-02-08_12:32:58.478[Status]Routing 168: Walk: 105
2020-02-08_12:32:58.608[Battery Energy]65.23
2020-02-08_12:32:58.796[Status]Routing 169: Walk: 105
2020-02-08_12:32:58.897[Battery Energy]65.08
2020-02-08_12:32:59.023[Status]Routing 170: Walk: 105
2020-02-08_12:32:59.124[Battery Energy]64.99
2020-02-08_12:32:59.297[Status]Routing 171: Walk: 105
2020-02-08_12:32:59.397[Battery Energy]64.86
2020-02-08_12:32:59.539[Status]Routing 172: Walk: 105
2020-02-08_12:32:59.646[Battery Energy]64.74
2020-02-08_12:32:59.782[Status]Routing 173: Walk: 105
2020-02-08_12:32:59.890[Battery Energy]64.65
2020-02-08_12:33:00.037[Status]Routing 174: Walk: 105
2020-02-08_12:33:00.146[Battery Energy]64.54
2020-02-08_12:33:00.274[Status]Routing 175: Walk: 105
2020-02-08_12:33:00.386[Battery Energy]64.43
2020-02-08_12:33:00.536[Status]Routing 176: Walk: 105
2020-02-08_12:33:00.641[Battery Energy]64.32
2020-02-08_12:33:00.773[Status]Routing 177: Walk: 105
2020-02-08_12:33:00.882[Battery Energy]64.23
2020-02-08_12:33:01.090[Status]Routing 178: Walk: 105
2020-02-08_12:33:01.190[Battery Energy]64.11
2020-02-08_12:33:01.360[Status]Routing 179: Walk: 105
2020-02-08_12:33:01.462[Battery Energy]63.99
2020-02-08_12:33:01.606[Status]Routing 180: Walk: 105
2020-02-08_12:33:01.706[Battery Energy]63.87
2020-02-08_12:33:01.869[Status]Routing 181: Walk: 105
2020-02-08_12:33:01.975[Battery Energy]63.76
2020-02-08_12:33:02.132[Status]Routing 182: Walk: 105
2020-02-08_12:33:02.232[Battery Energy]63.63
2020-02-08_12:33:02.393[Status]Routing 183: Walk: 105
2020-02-08_12:33:02.506[Battery Energy]63.53
2020-02-08_12:33:02.658[Status]Routing 184: Walk: 105
2020-02-08_12:33:02.782[Battery Energy]63.41
2020-02-08_12:33:02.944[Status]Routing 185: Walk: 105
2020-02-08_12:33:03.053[Battery Energy]63.28
2020-02-08_12:33:03.206[Status]Routing 186: Walk: 105
2020-02-08_12:33:03.310[Battery Energy]63.15
2020-02-08_12:33:03.478[Status]Routing 187: Walk: 105
2020-02-08_12:33:03.592[Battery Energy]63.03
2020-02-08_12:33:03.770[Status]Routing 188: Walk: 105
2020-02-08_12:33:03.873[Battery Energy]62.89
2020-02-08_12:33:04.071[Status]Routing 189: Walk: 105
2020-02-08_12:33:04.182[Battery Energy]62.79
2020-02-08_12:33:04.370[Status]Routing 190: Walk: 105
2020-02-08_12:33:04.474[Battery Energy]62.66
