2020-01-29_15:46:41.579[Status]Start.
2020-01-29_15:46:41.581[Battery Energy]105.00
2020-01-29_15:46:42.682[Battery Energy]104.96
2020-01-29_15:46:43.783[Battery Energy]104.92
2020-01-29_15:46:44.885[Battery Energy]104.88
2020-01-29_15:46:45.986[Battery Energy]104.84
2020-01-29_15:46:47.087[Task]A New Task Released.
2020-01-29_15:46:47.087[Battery Energy]104.80
2020-01-29_15:46:47.087[Status]Selection Start.
2020-01-29_15:46:49.550[Status]Selection End: Do Task 1.
2020-01-29_15:46:49.662[Battery Energy]102.86
2020-01-29_15:46:49.662[Status]Formation Start.
2020-01-29_15:46:49.793[Status]number of tasks is 7
2020-01-29_15:46:49.799[Status]my group tasks is [ 1300.   700.]
2020-01-29_15:46:49.805[Status]my group tasks is [ 1262.34898019   778.18314825]
2020-01-29_15:46:49.819[Status]my group tasks is [ 1177.7479066    797.49279122]
2020-01-29_15:46:49.822[Status]my group tasks is [ 1109.90311321   743.38837391]
2020-01-29_15:46:49.828[Status]my group tasks is [ 1109.90311321   656.61162609]
2020-01-29_15:46:49.834[Status]my group tasks is [ 1177.7479066    602.50720878]
2020-01-29_15:46:49.835[Status]my group tasks is [ 1262.34898019   621.81685175]
2020-01-29_15:46:49.878[Status]mygroup_robots_utility is {8: [16.185871586829574, 17.39556563248832, 14.943429890916915, 16.242018181208127, 17.42420628124733, 28.818266070926413, 14.9048270232536], 9: [16.279880483387352, 17.093430092438915, 14.942046344952391, 17.33153248697351, 28.548080870643982, 14.619672263807887, 15.811984084727898], 10: [32.07168855721209, 17.415489652521043, 14.713560574695641, 16.94858395036171, 17.87860025172552, 14.90969407155665, 15.540148804807208], 11: [16.46180332958129, 33.75850859191522, 15.989686684499338, 29.32241517092253, 13.890089908851, 14.089721147847598, 15.164531365222594], 12: [16.292113125710237, 17.356339662254854, 34.887192703871776, 14.404305047801206, 32.24203287405172, 14.859877698695687, 14.977537102229327], 13: [16.691643038534913, 16.558060077748394, 34.61921162903919, 14.27745145958291, 15.188153426974903, 14.333583305306089, 15.33000051821332], 14: [16.11717171103408, 14.125660049179572, 15.401121986984439, 13.357502287210435, 13.288227395461178, 14.300252600103672, 15.564781494448349]}
2020-01-29_15:46:49.879[Status]self.local_queue is [8, 9, 10, 11, 12, 13, 14]
2020-01-29_15:46:49.879[Status]task_chosen index is 5
2020-01-29_15:46:49.880[Status]myindex_in_queue is 5
2020-01-29_15:46:49.880[Status]task destination is [1177.7479066043686, 602.5072087818177]
2020-01-29_15:46:49.980[Battery Energy]102.68
2020-01-29_15:46:49.980[Status]Routing Start.
2020-01-29_15:46:50.102[Status]{'coordinate': [65.97622333090742, 679.3108207404031], 'id': 8}
2020-01-29_15:46:50.102[Status]Routing 1: Walk: 1
2020-01-29_15:46:50.202[Battery Energy]102.48
2020-01-29_15:46:50.202[Status]Routing Start.
2020-01-29_15:46:50.343[Status]{'coordinate': [75.95244666181483, 678.6216414808061], 'id': 8}
2020-01-29_15:46:50.343[Status]Routing 2: Walk: 2
2020-01-29_15:46:50.493[Battery Energy]102.26
2020-01-29_15:46:50.493[Status]Routing Start.
2020-01-29_15:46:50.610[Status]{'coordinate': [85.92866999272225, 677.9324622212092], 'id': 8}
2020-01-29_15:46:50.610[Status]Routing 3: Walk: 3
2020-01-29_15:46:50.736[Battery Energy]102.06
2020-01-29_15:46:50.739[Status]Routing Start.
2020-01-29_15:46:50.858[Status]{'coordinate': [95.90489332362966, 677.2432829616123], 'id': 8}
2020-01-29_15:46:50.858[Status]Routing 4: Walk: 4
2020-01-29_15:46:50.994[Battery Energy]101.86
2020-01-29_15:46:50.994[Status]Routing Start.
2020-01-29_15:46:51.135[Status]{'coordinate': [105.88111665453708, 676.5541037020154], 'id': 8}
2020-01-29_15:46:51.137[Status]Routing 5: Walk: 5
2020-01-29_15:46:51.242[Battery Energy]101.64
2020-01-29_15:46:51.242[Status]Routing Start.
2020-01-29_15:46:51.511[Status]{'coordinate': [115.8573399854445, 675.8649244424184], 'id': 8}
2020-01-29_15:46:51.512[Status]Routing 6: Walk: 6
2020-01-29_15:46:51.612[Battery Energy]101.31
2020-01-29_15:46:51.612[Status]Routing Start.
2020-01-29_15:46:51.887[Status]{'coordinate': [125.83356331635191, 675.1757451828215], 'id': 8}
2020-01-29_15:46:51.887[Status]Routing 7: Walk: 7
2020-01-29_15:46:51.987[Battery Energy]101.02
2020-01-29_15:46:51.987[Status]Routing Start.
2020-01-29_15:46:52.303[Status]{'coordinate': [135.80978664725933, 674.4865659232246], 'id': 8}
2020-01-29_15:46:52.303[Status]Routing 8: Walk: 8
2020-01-29_15:46:52.406[Battery Energy]100.70
2020-01-29_15:46:52.406[Status]Routing Start.
2020-01-29_15:46:52.695[Status]{'coordinate': [145.78600997816676, 673.7973866636277], 'id': 8}
2020-01-29_15:46:52.696[Status]Routing 9: Walk: 9
2020-01-29_15:46:52.805[Battery Energy]100.36
2020-01-29_15:46:52.805[Status]Routing Start.
2020-01-29_15:46:53.114[Status]{'coordinate': [155.7622333090742, 673.1082074040307], 'id': 8}
2020-01-29_15:46:53.115[Status]Routing 10: Walk: 10
2020-01-29_15:46:53.215[Battery Energy]100.04
2020-01-29_15:46:53.215[Status]Routing Start.
2020-01-29_15:46:53.526[Status]{'coordinate': [165.73845663998162, 672.4190281444338], 'id': 8}
2020-01-29_15:46:53.527[Status]Routing 11: Walk: 11
2020-01-29_15:46:53.627[Battery Energy]99.70
2020-01-29_15:46:53.627[Status]Routing Start.
2020-01-29_15:46:53.948[Status]{'coordinate': [175.71467997088905, 671.7298488848369], 'id': 8}
2020-01-29_15:46:53.949[Status]Routing 12: Walk: 12
2020-01-29_15:46:54.049[Battery Energy]99.38
2020-01-29_15:46:54.049[Status]Routing Start.
2020-01-29_15:46:54.387[Status]{'coordinate': [185.69090330179648, 671.04066962524], 'id': 8}
2020-01-29_15:46:54.387[Status]Routing 13: Walk: 13
2020-01-29_15:46:54.487[Battery Energy]99.00
2020-01-29_15:46:54.487[Status]Routing Start.
2020-01-29_15:46:54.801[Status]{'coordinate': [195.6671266327039, 670.351490365643], 'id': 8}
2020-01-29_15:46:54.801[Status]Routing 14: Walk: 14
2020-01-29_15:46:54.910[Battery Energy]98.69
2020-01-29_15:46:54.910[Status]Routing Start.
2020-01-29_15:46:55.232[Status]{'coordinate': [205.64334996361134, 669.6623111060461], 'id': 8}
2020-01-29_15:46:55.232[Status]Routing 15: Walk: 15
2020-01-29_15:46:55.338[Battery Energy]98.33
2020-01-29_15:46:55.338[Status]Routing Start.
2020-01-29_15:46:55.640[Status]{'coordinate': [215.61957329451877, 668.9731318464492], 'id': 8}
2020-01-29_15:46:55.640[Status]Routing 16: Walk: 16
2020-01-29_15:46:55.741[Battery Energy]98.01
2020-01-29_15:46:55.741[Status]Routing Start.
2020-01-29_15:46:56.193[Status]{'coordinate': [225.5957966254262, 668.2839525868523], 'id': 8}
2020-01-29_15:46:56.193[Status]Routing 17: Walk: 17
2020-01-29_15:46:56.298[Battery Energy]97.61
2020-01-29_15:46:56.298[Status]Routing Start.
2020-01-29_15:46:56.602[Status]{'coordinate': [235.57201995633363, 667.5947733272553], 'id': 8}
2020-01-29_15:46:56.602[Status]Routing 18: Walk: 18
2020-01-29_15:46:56.703[Battery Energy]97.28
2020-01-29_15:46:56.703[Status]Routing Start.
2020-01-29_15:46:57.208[Status]Routing 19: Walk: 18
2020-01-29_15:46:57.308[Battery Energy]96.83
2020-01-29_15:46:57.309[Status]Routing Start.
2020-01-29_15:46:57.559[Status]{'coordinate': [245.54824328724106, 666.9055940676584], 'id': 8}
2020-01-29_15:46:57.559[Status]Routing 20: Walk: 19
2020-01-29_15:46:57.662[Battery Energy]96.53
2020-01-29_15:46:57.662[Status]Routing Start.
2020-01-29_15:46:58.146[Status]{'coordinate': [245.04559346690067, 676.8929532360328], 'id': 8}
2020-01-29_15:46:58.146[Status]Routing 21: Walk: 20
2020-01-29_15:46:58.246[Battery Energy]96.03
2020-01-29_15:46:58.247[Status]Routing Start.
2020-01-29_15:46:58.390[Status]{'coordinate': [255.0139417274379, 676.0979482318695], 'id': 8}
2020-01-29_15:46:58.390[Status]Routing 22: Walk: 21
2020-01-29_15:46:58.498[Battery Energy]95.83
2020-01-29_15:46:58.498[Status]Routing Start.
2020-01-29_15:46:58.844[Status]{'coordinate': [250.12399731556116, 684.8208172351708], 'id': 8}
2020-01-29_15:46:58.844[Status]Routing 23: Walk: 22
2020-01-29_15:46:58.944[Battery Energy]95.42
2020-01-29_15:46:58.944[Status]Routing Start.
2020-01-29_15:46:59.244[Status]{'coordinate': [250.76159094282295, 694.8004702535114], 'id': 8}
2020-01-29_15:46:59.244[Status]Routing 24: Walk: 23
2020-01-29_15:46:59.344[Battery Energy]95.06
2020-01-29_15:46:59.344[Status]Routing Start.
2020-01-29_15:46:59.514[Status]{'coordinate': [260.71239275125816, 693.8097415473347], 'id': 8}
2020-01-29_15:46:59.514[Status]Routing 25: Walk: 24
2020-01-29_15:46:59.630[Battery Energy]94.82
2020-01-29_15:46:59.630[Status]Routing Start.
2020-01-29_15:46:59.938[Status]{'coordinate': [264.80701556412987, 702.9330120146788], 'id': 8}
2020-01-29_15:46:59.938[Status]Routing 26: Walk: 25
2020-01-29_15:47:00.038[Battery Energy]94.43
2020-01-29_15:47:00.038[Status]Routing Start.
2020-01-29_15:47:00.167[Status]{'coordinate': [274.7470563955633, 701.8395824241533], 'id': 8}
2020-01-29_15:47:00.167[Status]Routing 27: Walk: 26
2020-01-29_15:47:00.272[Battery Energy]94.21
2020-01-29_15:47:00.272[Status]Routing Start.
2020-01-29_15:47:00.418[Status]{'coordinate': [284.6870972269967, 700.7461528336278], 'id': 8}
2020-01-29_15:47:00.419[Status]Routing 28: Walk: 27
2020-01-29_15:47:00.532[Battery Energy]93.99
2020-01-29_15:47:00.532[Status]Routing Start.
2020-01-29_15:47:00.892[Status]{'coordinate': [294.6271380584301, 699.6527232431023], 'id': 8}
2020-01-29_15:47:00.892[Status]Routing 29: Walk: 28
2020-01-29_15:47:00.992[Battery Energy]93.65
2020-01-29_15:47:00.992[Status]Routing Start.
2020-01-29_15:47:01.140[Status]{'coordinate': [304.5671788898635, 698.5592936525768], 'id': 8}
2020-01-29_15:47:01.141[Status]Routing 30: Walk: 29
2020-01-29_15:47:01.249[Battery Energy]93.44
2020-01-29_15:47:01.249[Status]Routing Start.
2020-01-29_15:47:01.562[Status]{'coordinate': [314.5072197212969, 697.4658640620513], 'id': 8}
2020-01-29_15:47:01.562[Status]Routing 31: Walk: 30
2020-01-29_15:47:01.663[Battery Energy]93.16
2020-01-29_15:47:01.663[Status]Routing Start.
2020-01-29_15:47:01.796[Status]{'coordinate': [324.4472605527303, 696.3724344715258], 'id': 8}
2020-01-29_15:47:01.796[Status]Routing 32: Walk: 31
2020-01-29_15:47:01.906[Battery Energy]92.94
2020-01-29_15:47:01.906[Status]Routing Start.
2020-01-29_15:47:02.184[Status]{'coordinate': [334.3873013841637, 695.2790048810003], 'id': 8}
2020-01-29_15:47:02.185[Status]Routing 33: Walk: 32
2020-01-29_15:47:02.290[Battery Energy]92.68
2020-01-29_15:47:02.290[Status]Routing Start.
2020-01-29_15:47:02.585[Status]{'coordinate': [344.3273422155971, 694.1855752904748], 'id': 8}
2020-01-29_15:47:02.585[Status]Routing 34: Walk: 33
2020-01-29_15:47:02.698[Battery Energy]92.37
2020-01-29_15:47:02.698[Status]Routing Start.
2020-01-29_15:47:02.826[Status]{'coordinate': [354.26738304703053, 693.0921456999494], 'id': 8}
2020-01-29_15:47:02.827[Status]Routing 35: Walk: 34
2020-01-29_15:47:02.935[Battery Energy]92.15
2020-01-29_15:47:02.935[Status]Routing Start.
2020-01-29_15:47:03.229[Status]{'coordinate': [364.20742387846394, 691.9987161094239], 'id': 8}
2020-01-29_15:47:03.229[Status]Routing 36: Walk: 35
2020-01-29_15:47:03.329[Battery Energy]91.85
2020-01-29_15:47:03.329[Status]Routing Start.
2020-01-29_15:47:03.634[Status]{'coordinate': [374.14746470989735, 690.9052865188984], 'id': 8}
2020-01-29_15:47:03.634[Status]Routing 37: Walk: 36
2020-01-29_15:47:03.754[Battery Energy]91.51
2020-01-29_15:47:03.754[Status]Routing Start.
2020-01-29_15:47:04.041[Status]{'coordinate': [384.08750554133076, 689.8118569283729], 'id': 8}
2020-01-29_15:47:04.041[Status]Routing 38: Walk: 37
2020-01-29_15:47:04.146[Battery Energy]91.21
2020-01-29_15:47:04.146[Status]Routing Start.
2020-01-29_15:47:04.302[Status]{'coordinate': [394.02754637276416, 688.7184273378474], 'id': 8}
2020-01-29_15:47:04.302[Status]Routing 39: Walk: 38
2020-01-29_15:47:04.406[Battery Energy]90.99
2020-01-29_15:47:04.406[Status]Routing Start.
2020-01-29_15:47:04.711[Status]{'coordinate': [403.96758720419757, 687.6249977473219], 'id': 8}
2020-01-29_15:47:04.713[Status]Routing 40: Walk: 39
2020-01-29_15:47:04.822[Battery Energy]90.64
2020-01-29_15:47:04.822[Status]Routing Start.
2020-01-29_15:47:05.125[Status]{'coordinate': [413.907628035631, 686.5315681567964], 'id': 8}
2020-01-29_15:47:05.125[Status]Routing 41: Walk: 40
2020-01-29_15:47:05.225[Battery Energy]90.33
2020-01-29_15:47:05.225[Status]Routing Start.
2020-01-29_15:47:05.568[Status]{'coordinate': [423.8476688670644, 685.4381385662709], 'id': 8}
2020-01-29_15:47:05.568[Status]Routing 42: Walk: 41
2020-01-29_15:47:05.669[Battery Energy]89.98
2020-01-29_15:47:05.669[Status]Routing Start.
2020-01-29_15:47:05.956[Status]{'coordinate': [433.7877096984978, 684.3447089757454], 'id': 8}
2020-01-29_15:47:05.956[Status]Routing 43: Walk: 42
2020-01-29_15:47:06.058[Battery Energy]89.64
2020-01-29_15:47:06.058[Status]Routing Start.
2020-01-29_15:47:06.357[Status]{'coordinate': [443.7277505299312, 683.25127938522], 'id': 8}
2020-01-29_15:47:06.358[Status]Routing 44: Walk: 43
2020-01-29_15:47:06.464[Battery Energy]89.31
2020-01-29_15:47:06.464[Status]Routing Start.
2020-01-29_15:47:06.787[Status]{'coordinate': [453.6677913613646, 682.1578497946945], 'id': 8}
2020-01-29_15:47:06.787[Status]Routing 45: Walk: 44
2020-01-29_15:47:06.890[Battery Energy]88.97
2020-01-29_15:47:06.890[Status]Routing Start.
2020-01-29_15:47:07.190[Status]{'coordinate': [463.607832192798, 681.064420204169], 'id': 8}
2020-01-29_15:47:07.190[Status]Routing 46: Walk: 45
2020-01-29_15:47:07.306[Battery Energy]88.66
2020-01-29_15:47:07.306[Status]Routing Start.
2020-01-29_15:47:07.667[Status]{'coordinate': [473.5478730242314, 679.9709906136435], 'id': 8}
2020-01-29_15:47:07.668[Status]Routing 47: Walk: 46
2020-01-29_15:47:07.769[Battery Energy]88.32
2020-01-29_15:47:07.769[Status]Routing Start.
2020-01-29_15:47:08.074[Status]{'coordinate': [483.48791385566483, 678.877561023118], 'id': 8}
2020-01-29_15:47:08.074[Status]Routing 48: Walk: 47
2020-01-29_15:47:08.178[Battery Energy]87.99
2020-01-29_15:47:08.178[Status]Routing Start.
2020-01-29_15:47:08.458[Status]{'coordinate': [493.42795468709824, 677.7841314325925], 'id': 8}
2020-01-29_15:47:08.458[Status]Routing 49: Walk: 48
2020-01-29_15:47:08.578[Battery Energy]87.70
2020-01-29_15:47:08.578[Status]Routing Start.
2020-01-29_15:47:08.682[Status]{'coordinate': [503.36799551853164, 676.690701842067], 'id': 8}
2020-01-29_15:47:08.682[Status]Routing 50: Walk: 49
2020-01-29_15:47:08.783[Battery Energy]87.50
2020-01-29_15:47:08.783[Status]Routing Start.
2020-01-29_15:47:09.108[Status]{'coordinate': [513.308036349965, 675.5972722515415], 'id': 8}
2020-01-29_15:47:09.108[Status]Routing 51: Walk: 50
2020-01-29_15:47:09.208[Battery Energy]87.19
2020-01-29_15:47:09.208[Status]Routing Start.
2020-01-29_15:47:09.498[Status]{'coordinate': [523.2480771813985, 674.503842661016], 'id': 8}
2020-01-29_15:47:09.502[Status]Routing 52: Walk: 51
2020-01-29_15:47:09.602[Battery Energy]86.87
2020-01-29_15:47:09.602[Status]Routing Start.
2020-01-29_15:47:09.900[Status]{'coordinate': [533.1881180128319, 673.4104130704906], 'id': 8}
2020-01-29_15:47:09.900[Status]Routing 53: Walk: 52
2020-01-29_15:47:10.006[Battery Energy]86.52
2020-01-29_15:47:10.006[Status]Routing Start.
2020-01-29_15:47:10.289[Status]{'coordinate': [543.1281588442653, 672.3169834799651], 'id': 8}
2020-01-29_15:47:10.289[Status]Routing 54: Walk: 53
2020-01-29_15:47:10.398[Battery Energy]86.18
2020-01-29_15:47:10.398[Status]Routing Start.
2020-01-29_15:47:10.736[Status]{'coordinate': [553.0681996756987, 671.2235538894396], 'id': 8}
2020-01-29_15:47:10.736[Status]Routing 55: Walk: 54
2020-01-29_15:47:10.846[Battery Energy]85.81
2020-01-29_15:47:10.846[Status]Routing Start.
2020-01-29_15:47:11.152[Status]{'coordinate': [563.0082405071321, 670.1301242989141], 'id': 8}
2020-01-29_15:47:11.152[Status]Routing 56: Walk: 55
2020-01-29_15:47:11.252[Battery Energy]85.52
2020-01-29_15:47:11.252[Status]Routing Start.
2020-01-29_15:47:11.555[Status]{'coordinate': [572.9482813385655, 669.0366947083886], 'id': 8}
2020-01-29_15:47:11.555[Status]Routing 57: Walk: 56
2020-01-29_15:47:11.662[Battery Energy]85.19
2020-01-29_15:47:11.662[Status]Routing Start.
2020-01-29_15:47:12.091[Status]{'coordinate': [582.8883221699989, 667.9432651178631], 'id': 8}
2020-01-29_15:47:12.092[Status]Routing 58: Walk: 57
2020-01-29_15:47:12.210[Battery Energy]84.78
2020-01-29_15:47:12.210[Status]Routing Start.
2020-01-29_15:47:12.534[Status]{'coordinate': [592.8283630014323, 666.8498355273376], 'id': 8}
2020-01-29_15:47:12.534[Status]Routing 59: Walk: 58
2020-01-29_15:47:12.642[Battery Energy]84.43
2020-01-29_15:47:12.642[Status]Routing Start.
2020-01-29_15:47:12.918[Status]{'coordinate': [602.7684038328657, 665.7564059368121], 'id': 8}
2020-01-29_15:47:12.918[Status]Routing 60: Walk: 59
2020-01-29_15:47:13.019[Battery Energy]84.15
2020-01-29_15:47:13.019[Status]Routing Start.
2020-01-29_15:47:13.320[Status]{'coordinate': [612.7084446642991, 664.6629763462865], 'id': 8}
2020-01-29_15:47:13.320[Status]Routing 61: Walk: 60
2020-01-29_15:47:13.422[Battery Energy]83.85
2020-01-29_15:47:13.424[Status]Routing Start.
2020-01-29_15:47:13.751[Status]{'coordinate': [622.6484854957325, 663.569546755761], 'id': 8}
2020-01-29_15:47:13.751[Status]Routing 62: Walk: 61
2020-01-29_15:47:13.852[Battery Energy]83.48
2020-01-29_15:47:13.852[Status]Routing Start.
2020-01-29_15:47:14.154[Status]{'coordinate': [632.5885263271659, 662.4761171652356], 'id': 8}
2020-01-29_15:47:14.154[Status]Routing 63: Walk: 62
2020-01-29_15:47:14.265[Battery Energy]83.18
2020-01-29_15:47:14.265[Status]Routing Start.
2020-01-29_15:47:14.397[Status]{'coordinate': [642.5285671585993, 661.38268757471], 'id': 8}
2020-01-29_15:47:14.397[Status]Routing 64: Walk: 63
2020-01-29_15:47:14.497[Battery Energy]82.99
2020-01-29_15:47:14.497[Status]Routing Start.
2020-01-29_15:47:14.652[Status]{'coordinate': [652.4686079900328, 660.2892579841844], 'id': 8}
2020-01-29_15:47:14.652[Status]Routing 65: Walk: 64
2020-01-29_15:47:14.770[Battery Energy]82.77
2020-01-29_15:47:14.770[Status]Routing Start.
2020-01-29_15:47:14.889[Status]{'coordinate': [662.4086488214662, 659.1958283936589], 'id': 8}
2020-01-29_15:47:14.892[Status]Routing 66: Walk: 65
2020-01-29_15:47:14.994[Battery Energy]82.57
2020-01-29_15:47:14.994[Status]Routing Start.
2020-01-29_15:47:15.133[Status]{'coordinate': [672.3486896528996, 658.1023988031333], 'id': 8}
2020-01-29_15:47:15.134[Status]Routing 67: Walk: 66
2020-01-29_15:47:15.234[Battery Energy]82.34
2020-01-29_15:47:15.234[Status]Routing Start.
2020-01-29_15:47:15.369[Status]{'coordinate': [682.288730484333, 657.0089692126078], 'id': 8}
2020-01-29_15:47:15.369[Status]Routing 68: Walk: 67
2020-01-29_15:47:15.486[Battery Energy]82.14
2020-01-29_15:47:15.486[Status]Routing Start.
2020-01-29_15:47:15.616[Status]{'coordinate': [692.2287713157664, 655.9155396220822], 'id': 8}
2020-01-29_15:47:15.616[Status]Routing 69: Walk: 68
2020-01-29_15:47:15.718[Battery Energy]81.92
2020-01-29_15:47:15.718[Status]Routing Start.
2020-01-29_15:47:15.846[Status]{'coordinate': [702.1688121471998, 654.8221100315567], 'id': 8}
2020-01-29_15:47:15.847[Status]Routing 70: Walk: 69
2020-01-29_15:47:15.947[Battery Energy]81.71
2020-01-29_15:47:15.947[Status]Routing Start.
2020-01-29_15:47:16.079[Status]{'coordinate': [712.1088529786332, 653.7286804410311], 'id': 8}
2020-01-29_15:47:16.082[Status]Routing 71: Walk: 70
2020-01-29_15:47:16.185[Battery Energy]81.49
2020-01-29_15:47:16.185[Status]Routing Start.
2020-01-29_15:47:16.334[Status]{'coordinate': [722.0488938100666, 652.6352508505056], 'id': 8}
2020-01-29_15:47:16.335[Status]Routing 72: Walk: 71
2020-01-29_15:47:16.435[Battery Energy]81.27
2020-01-29_15:47:16.435[Status]Routing Start.
2020-01-29_15:47:16.722[Status]{'coordinate': [731.9889346415, 651.54182125998], 'id': 8}
2020-01-29_15:47:16.722[Status]Routing 73: Walk: 72
2020-01-29_15:47:16.826[Battery Energy]80.96
2020-01-29_15:47:16.826[Status]Routing Start.
2020-01-29_15:47:17.099[Status]{'coordinate': [741.9289754729334, 650.4483916694545], 'id': 8}
2020-01-29_15:47:17.099[Status]Routing 74: Walk: 73
2020-01-29_15:47:17.199[Battery Energy]80.63
2020-01-29_15:47:17.199[Status]Routing Start.
2020-01-29_15:47:17.479[Status]{'coordinate': [751.8690163043668, 649.3549620789289], 'id': 8}
2020-01-29_15:47:17.481[Status]Routing 75: Walk: 74
2020-01-29_15:47:17.583[Battery Energy]80.32
2020-01-29_15:47:17.583[Status]Routing Start.
2020-01-29_15:47:17.865[Status]{'coordinate': [761.8090571358002, 648.2615324884034], 'id': 8}
2020-01-29_15:47:17.865[Status]Routing 76: Walk: 75
2020-01-29_15:47:17.970[Battery Energy]79.98
2020-01-29_15:47:17.970[Status]Routing Start.
2020-01-29_15:47:18.293[Status]{'coordinate': [771.7490979672336, 647.1681028978778], 'id': 8}
2020-01-29_15:47:18.293[Status]Routing 77: Walk: 76
2020-01-29_15:47:18.406[Battery Energy]79.63
2020-01-29_15:47:18.406[Status]Routing Start.
2020-01-29_15:47:18.703[Status]{'coordinate': [781.689138798667, 646.0746733073523], 'id': 8}
2020-01-29_15:47:18.703[Status]Routing 78: Walk: 77
2020-01-29_15:47:18.806[Battery Energy]79.35
2020-01-29_15:47:18.806[Status]Routing Start.
2020-01-29_15:47:19.113[Status]{'coordinate': [791.6291796301005, 644.9812437168267], 'id': 8}
2020-01-29_15:47:19.113[Status]Routing 79: Walk: 78
2020-01-29_15:47:19.213[Battery Energy]79.01
2020-01-29_15:47:19.213[Status]Routing Start.
2020-01-29_15:47:19.359[Status]{'coordinate': [801.5692204615339, 643.8878141263012], 'id': 8}
2020-01-29_15:47:19.359[Status]Routing 80: Walk: 79
2020-01-29_15:47:19.460[Battery Energy]78.77
2020-01-29_15:47:19.460[Status]Routing Start.
2020-01-29_15:47:19.598[Status]{'coordinate': [811.5092612929673, 642.7943845357756], 'id': 8}
2020-01-29_15:47:19.598[Status]Routing 81: Walk: 80
2020-01-29_15:47:19.713[Battery Energy]78.56
2020-01-29_15:47:19.713[Status]Routing Start.
2020-01-29_15:47:19.838[Status]{'coordinate': [821.4493021244007, 641.7009549452501], 'id': 8}
2020-01-29_15:47:19.838[Status]Routing 82: Walk: 81
2020-01-29_15:47:19.950[Battery Energy]78.34
2020-01-29_15:47:19.950[Status]Routing Start.
2020-01-29_15:47:20.116[Status]{'coordinate': [831.3893429558341, 640.6075253547245], 'id': 8}
2020-01-29_15:47:20.116[Status]Routing 83: Walk: 82
2020-01-29_15:47:20.222[Battery Energy]78.10
2020-01-29_15:47:20.222[Status]Routing Start.
2020-01-29_15:47:20.539[Status]{'coordinate': [841.3293837872675, 639.514095764199], 'id': 8}
2020-01-29_15:47:20.539[Status]Routing 84: Walk: 83
2020-01-29_15:47:20.658[Battery Energy]77.78
2020-01-29_15:47:20.658[Status]Routing Start.
2020-01-29_15:47:20.780[Status]{'coordinate': [851.2694246187009, 638.4206661736735], 'id': 8}
2020-01-29_15:47:20.781[Status]Routing 85: Walk: 84
2020-01-29_15:47:20.881[Battery Energy]77.57
2020-01-29_15:47:20.881[Status]Routing Start.
2020-01-29_15:47:21.156[Status]{'coordinate': [861.2094654501343, 637.327236583148], 'id': 8}
2020-01-29_15:47:21.156[Status]Routing 86: Walk: 85
2020-01-29_15:47:21.256[Battery Energy]77.24
2020-01-29_15:47:21.256[Status]Routing Start.
2020-01-29_15:47:21.404[Status]{'coordinate': [871.1495062815677, 636.2338069926224], 'id': 8}
2020-01-29_15:47:21.404[Status]Routing 87: Walk: 86
2020-01-29_15:47:21.518[Battery Energy]77.04
2020-01-29_15:47:21.518[Status]Routing Start.
2020-01-29_15:47:21.654[Status]{'coordinate': [881.0895471130011, 635.1403774020969], 'id': 8}
2020-01-29_15:47:21.654[Status]Routing 88: Walk: 87
2020-01-29_15:47:21.758[Battery Energy]76.81
2020-01-29_15:47:21.758[Status]Routing Start.
2020-01-29_15:47:22.028[Status]{'coordinate': [891.0295879444345, 634.0469478115713], 'id': 8}
2020-01-29_15:47:22.028[Status]Routing 89: Walk: 88
2020-01-29_15:47:22.131[Battery Energy]76.49
2020-01-29_15:47:22.131[Status]Routing Start.
2020-01-29_15:47:22.439[Status]{'coordinate': [900.9696287758679, 632.9535182210458], 'id': 8}
2020-01-29_15:47:22.439[Status]Routing 90: Walk: 89
2020-01-29_15:47:22.540[Battery Energy]76.17
2020-01-29_15:47:22.540[Status]Routing Start.
2020-01-29_15:47:22.843[Status]{'coordinate': [910.9096696073013, 631.8600886305202], 'id': 8}
2020-01-29_15:47:22.843[Status]Routing 91: Walk: 90
2020-01-29_15:47:22.943[Battery Energy]75.85
2020-01-29_15:47:22.943[Status]Routing Start.
2020-01-29_15:47:23.071[Status]{'coordinate': [920.8497104387347, 630.7666590399947], 'id': 8}
2020-01-29_15:47:23.071[Status]Routing 92: Walk: 91
2020-01-29_15:47:23.179[Battery Energy]75.64
2020-01-29_15:47:23.179[Status]Routing Start.
2020-01-29_15:47:23.317[Status]{'coordinate': [930.7897512701682, 629.6732294494691], 'id': 8}
2020-01-29_15:47:23.318[Status]Routing 93: Walk: 92
2020-01-29_15:47:23.423[Battery Energy]75.43
2020-01-29_15:47:23.423[Status]Routing Start.
2020-01-29_15:47:23.552[Status]{'coordinate': [940.7297921016016, 628.5797998589436], 'id': 8}
2020-01-29_15:47:23.552[Status]Routing 94: Walk: 93
2020-01-29_15:47:23.654[Battery Energy]75.23
2020-01-29_15:47:23.654[Status]Routing Start.
2020-01-29_15:47:23.793[Status]{'coordinate': [950.669832933035, 627.486370268418], 'id': 8}
2020-01-29_15:47:23.793[Status]Routing 95: Walk: 94
2020-01-29_15:47:23.899[Battery Energy]75.01
2020-01-29_15:47:23.899[Status]Routing Start.
2020-01-29_15:47:24.037[Status]{'coordinate': [960.6098737644684, 626.3929406778925], 'id': 8}
2020-01-29_15:47:24.037[Status]Routing 96: Walk: 95
2020-01-29_15:47:24.137[Battery Energy]74.82
2020-01-29_15:47:24.137[Status]Routing Start.
2020-01-29_15:47:24.267[Status]{'coordinate': [970.5499145959018, 625.2995110873669], 'id': 8}
2020-01-29_15:47:24.268[Status]Routing 97: Walk: 96
2020-01-29_15:47:24.368[Battery Energy]74.63
2020-01-29_15:47:24.368[Status]Routing Start.
2020-01-29_15:47:24.680[Status]{'coordinate': [980.4899554273352, 624.2060814968414], 'id': 8}
2020-01-29_15:47:24.683[Status]Routing 98: Walk: 97
2020-01-29_15:47:24.784[Battery Energy]74.29
2020-01-29_15:47:24.785[Status]Routing Start.
2020-01-29_15:47:25.299[Status]{'coordinate': [976.2237528312645, 633.250389950741], 'id': 8}
2020-01-29_15:47:25.301[Status]Routing 99: Walk: 98
2020-01-29_15:47:25.402[Battery Energy]73.79
2020-01-29_15:47:25.402[Status]Routing Start.
2020-01-29_15:47:25.732[Status]{'coordinate': [976.5277734355458, 643.2457674559768], 'id': 8}
2020-01-29_15:47:25.732[Status]Routing 100: Walk: 99
2020-01-29_15:47:25.833[Battery Energy]73.40
2020-01-29_15:47:25.833[Status]Routing Start.
2020-01-29_15:47:25.960[Status]{'coordinate': [986.3289205396699, 641.2614500813311], 'id': 8}
2020-01-29_15:47:25.960[Status]Routing 101: Walk: 100
2020-01-29_15:47:26.070[Battery Energy]73.17
2020-01-29_15:47:26.070[Status]Routing Start.
2020-01-29_15:47:26.511[Status]{'coordinate': [988.8512251135611, 650.9381220111077], 'id': 8}
2020-01-29_15:47:26.517[Status]Routing 102: Walk: 101
2020-01-29_15:47:26.626[Battery Energy]72.77
2020-01-29_15:47:26.626[Status]Routing Start.
2020-01-29_15:47:26.789[Status]{'coordinate': [998.5379147672767, 648.4545673906895], 'id': 8}
2020-01-29_15:47:26.789[Status]Routing 103: Walk: 102
2020-01-29_15:47:26.889[Battery Energy]72.54
2020-01-29_15:47:26.889[Status]Routing Start.
2020-01-29_15:47:27.196[Status]{'coordinate': [1003.3128119919824, 657.2409407320345], 'id': 8}
2020-01-29_15:47:27.197[Status]Routing 104: Walk: 103
2020-01-29_15:47:27.297[Battery Energy]72.18
2020-01-29_15:47:27.297[Status]Routing Start.
2020-01-29_15:47:27.430[Status]{'coordinate': [1012.8541363099571, 654.2470919951701], 'id': 8}
2020-01-29_15:47:27.430[Status]Routing 105: Walk: 104
2020-01-29_15:47:27.531[Battery Energy]71.96
2020-01-29_15:47:27.531[Status]Routing Start.
2020-01-29_15:47:27.847[Status]{'coordinate': [1022.3954606279318, 651.2532432583057], 'id': 8}
2020-01-29_15:47:27.847[Status]Routing 106: Walk: 105
2020-01-29_15:47:27.958[Battery Energy]71.65
2020-01-29_15:47:27.958[Status]Routing Start.
2020-01-29_15:47:28.278[Status]{'coordinate': [1026.1831123002773, 660.5081713946544], 'id': 8}
2020-01-29_15:47:28.278[Status]Routing 107: Walk: 106
2020-01-29_15:47:28.378[Battery Energy]71.27
2020-01-29_15:47:28.379[Status]Routing Start.
2020-01-29_15:47:28.508[Status]{'coordinate': [1035.5226082853962, 656.9341240049367], 'id': 8}
2020-01-29_15:47:28.508[Status]Routing 108: Walk: 107
2020-01-29_15:47:28.609[Battery Energy]71.08
2020-01-29_15:47:28.609[Status]Routing Start.
2020-01-29_15:47:29.074[Status]{'coordinate': [1041.293865541476, 665.1006771140609], 'id': 8}
2020-01-29_15:47:29.074[Status]Routing 109: Walk: 108
2020-01-29_15:47:29.174[Battery Energy]70.59
2020-01-29_15:47:29.175[Status]Routing Start.
2020-01-29_15:47:29.337[Status]{'coordinate': [1050.3832005316942, 660.9312659523266], 'id': 8}
2020-01-29_15:47:29.337[Status]Routing 110: Walk: 109
2020-01-29_15:47:29.446[Battery Energy]70.37
2020-01-29_15:47:29.446[Status]Routing Start.
2020-01-29_15:47:29.893[Status]{'coordinate': [1057.646032636209, 667.8052218600722], 'id': 8}
2020-01-29_15:47:29.893[Status]Routing 111: Walk: 110
2020-01-29_15:47:29.993[Battery Energy]69.89
2020-01-29_15:47:29.993[Status]Routing Start.
2020-01-29_15:47:30.130[Status]{'coordinate': [1066.4315025125734, 663.0286625281375], 'id': 8}
2020-01-29_15:47:30.131[Status]Routing 112: Walk: 111
2020-01-29_15:47:30.231[Battery Energy]69.67
2020-01-29_15:47:30.231[Status]Routing Start.
2020-01-29_15:47:30.755[Status]{'coordinate': [1074.9277330619584, 668.3025668173428], 'id': 8}
2020-01-29_15:47:30.755[Status]Routing 113: Walk: 112
2020-01-29_15:47:30.855[Battery Energy]69.19
2020-01-29_15:47:30.855[Status]Routing Start.
2020-01-29_15:47:31.168[Status]{'coordinate': [1076.7909378126315, 678.1274570486415], 'id': 8}
2020-01-29_15:47:31.168[Status]Routing 114: Walk: 113
2020-01-29_15:47:31.268[Battery Energy]68.82
2020-01-29_15:47:31.268[Status]Routing Start.
2020-01-29_15:47:31.562[Status]{'coordinate': [1081.0508742943066, 687.1747185775293], 'id': 8}
2020-01-29_15:47:31.562[Status]Routing 115: Walk: 114
2020-01-29_15:47:31.662[Battery Energy]68.45
2020-01-29_15:47:31.662[Status]Routing Start.
2020-01-29_15:47:31.851[Status]{'coordinate': [1088.5744195979585, 680.5871343417189], 'id': 8}
2020-01-29_15:47:31.851[Status]Routing 116: Walk: 115
2020-01-29_15:47:31.958[Battery Energy]68.22
2020-01-29_15:47:31.958[Status]Routing Start.
2020-01-29_15:47:32.425[Status]{'coordinate': [1094.2881416868959, 688.7940448377818], 'id': 8}
2020-01-29_15:47:32.425[Status]Routing 117: Walk: 116
2020-01-29_15:47:32.525[Battery Energy]67.73
2020-01-29_15:47:32.525[Status]Routing Start.
2020-01-29_15:47:32.688[Status]{'coordinate': [1101.240479156999, 681.6062076316537], 'id': 8}
2020-01-29_15:47:32.688[Status]Routing 118: Walk: 117
2020-01-29_15:47:32.794[Battery Energy]67.51
2020-01-29_15:47:32.794[Status]Routing Start.
2020-01-29_15:47:33.273[Status]{'coordinate': [1109.6906611857578, 686.9535830328056], 'id': 8}
2020-01-29_15:47:33.273[Status]Routing 119: Walk: 118
2020-01-29_15:47:33.375[Battery Energy]67.07
2020-01-29_15:47:33.376[Status]Routing Start.
2020-01-29_15:47:33.669[Status]{'coordinate': [1119.6837003095216, 687.3266367433196], 'id': 8}
2020-01-29_15:47:33.671[Status]Routing 120: Walk: 119
2020-01-29_15:47:33.771[Battery Energy]66.71
2020-01-29_15:47:33.771[Status]Routing Start.
2020-01-29_15:47:33.915[Status]{'coordinate': [1125.3325180148724, 679.0749182234164], 'id': 8}
2020-01-29_15:47:33.915[Status]Routing 121: Walk: 120
2020-01-29_15:47:34.017[Battery Energy]66.50
2020-01-29_15:47:34.017[Status]Routing Start.
2020-01-29_15:47:34.291[Status]{'coordinate': [1130.9813357202233, 670.8231997035132], 'id': 8}
2020-01-29_15:47:34.292[Status]Routing 122: Walk: 121
2020-01-29_15:47:34.394[Battery Energy]66.20
2020-01-29_15:47:34.394[Status]Routing Start.
2020-01-29_15:47:34.664[Status]{'coordinate': [1136.6301534255742, 662.57148118361], 'id': 8}
2020-01-29_15:47:34.664[Status]Routing 123: Walk: 122
2020-01-29_15:47:34.774[Battery Energy]65.91
2020-01-29_15:47:34.774[Status]Routing Start.
2020-01-29_15:47:34.903[Status]{'coordinate': [1142.2789711309251, 654.3197626637068], 'id': 8}
2020-01-29_15:47:34.903[Status]Routing 124: Walk: 123
2020-01-29_15:47:35.010[Battery Energy]65.69
2020-01-29_15:47:35.010[Status]Routing Start.
2020-01-29_15:47:35.270[Status]{'coordinate': [1147.927788836276, 646.0680441438036], 'id': 8}
2020-01-29_15:47:35.270[Status]Routing 125: Walk: 124
2020-01-29_15:47:35.378[Battery Energy]65.37
2020-01-29_15:47:35.378[Status]Routing Start.
2020-01-29_15:47:35.671[Status]{'coordinate': [1153.576606541627, 637.8163256239004], 'id': 8}
2020-01-29_15:47:35.671[Status]Routing 126: Walk: 125
2020-01-29_15:47:35.772[Battery Energy]65.02
2020-01-29_15:47:35.772[Status]Routing Start.
2020-01-29_15:47:35.915[Status]{'coordinate': [1159.2254242469778, 629.5646071039972], 'id': 8}
2020-01-29_15:47:35.915[Status]Routing 127: Walk: 126
2020-01-29_15:47:36.025[Battery Energy]64.82
2020-01-29_15:47:36.025[Status]Routing Start.
2020-01-29_15:47:36.327[Status]{'coordinate': [1164.8742419523287, 621.312888584094], 'id': 8}
2020-01-29_15:47:36.327[Status]Routing 128: Walk: 127
2020-01-29_15:47:36.434[Battery Energy]64.47
2020-01-29_15:47:36.434[Status]Routing Start.
2020-01-29_15:47:36.573[Status]{'coordinate': [1170.5230596576798, 613.0611700641908], 'id': 8}
2020-01-29_15:47:36.573[Status]Routing 129: Walk: 128
2020-01-29_15:47:36.699[Battery Energy]64.26
2020-01-29_15:47:36.699[Status]Routing Start.
2020-01-29_15:47:36.828[Status]{'coordinate': [1176.1718773630307, 604.8094515442876], 'id': 8}
2020-01-29_15:47:36.828[Status]Routing 130: Walk: 129
2020-01-29_15:47:36.934[Battery Energy]64.06
2020-01-29_15:47:36.934[Status]Routing Start.
2020-01-29_15:47:36.934[Status]Task Finished.
2020-01-29_15:47:37.034[Battery Energy]64.06
2020-01-29_15:47:37.184[Status]Routing 132: Walk: 129
2020-01-29_15:47:37.290[Battery Energy]63.95
2020-01-29_15:47:37.410[Status]Routing 133: Walk: 129
2020-01-29_15:47:37.518[Battery Energy]63.85
2020-01-29_15:47:37.718[Status]Routing 134: Walk: 129
2020-01-29_15:47:37.826[Battery Energy]63.71
2020-01-29_15:47:38.118[Status]Routing 135: Walk: 129
2020-01-29_15:47:38.222[Battery Energy]63.46
2020-01-29_15:47:38.530[Status]Routing 136: Walk: 129
2020-01-29_15:47:38.631[Battery Energy]63.27
2020-01-29_15:47:38.895[Status]Routing 137: Walk: 129
2020-01-29_15:47:39.002[Battery Energy]63.10
2020-01-29_15:47:39.301[Status]Routing 138: Walk: 129
2020-01-29_15:47:39.404[Battery Energy]62.84
2020-01-29_15:47:39.539[Status]Routing 139: Walk: 129
2020-01-29_15:47:39.650[Battery Energy]62.73
2020-01-29_15:47:39.996[Status]Routing 140: Walk: 129
2020-01-29_15:47:40.106[Battery Energy]62.48
2020-01-29_15:47:40.397[Status]Routing 141: Walk: 129
2020-01-29_15:47:40.515[Battery Energy]62.26
2020-01-29_15:47:40.658[Status]Routing 142: Walk: 129
2020-01-29_15:47:40.758[Battery Energy]62.15
2020-01-29_15:47:41.065[Status]Routing 143: Walk: 129
2020-01-29_15:47:41.174[Battery Energy]61.90
2020-01-29_15:47:41.471[Status]Routing 144: Walk: 129
2020-01-29_15:47:41.582[Battery Energy]61.66
2020-01-29_15:47:41.888[Status]Routing 145: Walk: 129
2020-01-29_15:47:41.990[Battery Energy]61.44
2020-01-29_15:47:42.282[Status]Routing 146: Walk: 129
2020-01-29_15:47:42.383[Battery Energy]61.23
2020-01-29_15:47:42.700[Status]Routing 147: Walk: 129
2020-01-29_15:47:42.801[Battery Energy]60.99
2020-01-29_15:47:42.940[Status]Routing 148: Walk: 129
2020-01-29_15:47:43.046[Battery Energy]60.88
2020-01-29_15:47:43.185[Status]Routing 149: Walk: 129
2020-01-29_15:47:43.288[Battery Energy]60.78
2020-01-29_15:47:43.436[Status]Routing 150: Walk: 129
2020-01-29_15:47:43.536[Battery Energy]60.66
2020-01-29_15:47:43.812[Status]Routing 151: Walk: 129
2020-01-29_15:47:43.922[Battery Energy]60.47
2020-01-29_15:47:44.046[Status]Routing 152: Walk: 129
2020-01-29_15:47:44.150[Battery Energy]60.36
2020-01-29_15:47:44.295[Status]Routing 153: Walk: 129
2020-01-29_15:47:44.401[Battery Energy]60.24
2020-01-29_15:47:44.537[Status]Routing 154: Walk: 129
2020-01-29_15:47:44.638[Battery Energy]60.13
2020-01-29_15:47:44.776[Status]Routing 155: Walk: 129
2020-01-29_15:47:44.889[Battery Energy]60.03
2020-01-29_15:47:45.018[Status]Routing 156: Walk: 129
2020-01-29_15:47:45.119[Battery Energy]59.94
2020-01-29_15:47:45.271[Status]Routing 157: Walk: 129
2020-01-29_15:47:45.386[Battery Energy]59.80
2020-01-29_15:47:45.506[Status]Routing 158: Walk: 129
2020-01-29_15:47:45.606[Battery Energy]59.69
2020-01-29_15:47:45.763[Status]Routing 159: Walk: 129
2020-01-29_15:47:45.878[Battery Energy]59.55
2020-01-29_15:47:46.037[Status]Routing 160: Walk: 129
2020-01-29_15:47:46.154[Battery Energy]59.42
2020-01-29_15:47:46.284[Status]Routing 161: Walk: 129
2020-01-29_15:47:46.384[Battery Energy]59.30
2020-01-29_15:47:46.523[Status]Routing 162: Walk: 129
2020-01-29_15:47:46.630[Battery Energy]59.19
2020-01-29_15:47:46.762[Status]Routing 163: Walk: 129
2020-01-29_15:47:46.870[Battery Energy]59.09
2020-01-29_15:47:47.001[Status]Routing 164: Walk: 129
2020-01-29_15:47:47.110[Battery Energy]58.98
2020-01-29_15:47:47.242[Status]Routing 165: Walk: 129
2020-01-29_15:47:47.343[Battery Energy]58.87
2020-01-29_15:47:47.512[Status]Routing 166: Walk: 129
2020-01-29_15:47:47.618[Battery Energy]58.75
2020-01-29_15:47:47.744[Status]Routing 167: Walk: 129
2020-01-29_15:47:47.845[Battery Energy]58.63
2020-01-29_15:47:48.010[Status]Routing 168: Walk: 129
2020-01-29_15:47:48.126[Battery Energy]58.51
2020-01-29_15:47:48.245[Status]Routing 169: Walk: 129
2020-01-29_15:47:48.352[Battery Energy]58.41
2020-01-29_15:47:48.491[Status]Routing 170: Walk: 129
2020-01-29_15:47:48.594[Battery Energy]58.29
2020-01-29_15:47:48.760[Status]Routing 171: Walk: 129
2020-01-29_15:47:48.860[Battery Energy]58.18
2020-01-29_15:47:49.019[Status]Routing 172: Walk: 129
2020-01-29_15:47:49.126[Battery Energy]58.05
2020-01-29_15:47:49.273[Status]Routing 173: Walk: 129
2020-01-29_15:47:49.381[Battery Energy]57.92
2020-01-29_15:47:49.498[Status]Routing 174: Walk: 129
2020-01-29_15:47:49.618[Battery Energy]57.83
2020-01-29_15:47:49.746[Status]Routing 175: Walk: 129
2020-01-29_15:47:49.846[Battery Energy]57.73
2020-01-29_15:47:50.024[Status]Routing 176: Walk: 129
2020-01-29_15:47:50.124[Battery Energy]57.57
2020-01-29_15:47:50.247[Status]Routing 177: Walk: 129
2020-01-29_15:47:50.347[Battery Energy]57.47
2020-01-29_15:47:50.496[Status]Routing 178: Walk: 129
2020-01-29_15:47:50.604[Battery Energy]57.37
2020-01-29_15:47:50.728[Status]Routing 179: Walk: 129
2020-01-29_15:47:50.829[Battery Energy]57.26
2020-01-29_15:47:50.966[Status]Routing 180: Walk: 129
2020-01-29_15:47:51.078[Battery Energy]57.15
2020-01-29_15:47:51.205[Status]Routing 181: Walk: 129
2020-01-29_15:47:51.310[Battery Energy]57.02
2020-01-29_15:47:51.441[Status]Routing 182: Walk: 129
2020-01-29_15:47:51.541[Battery Energy]56.93
2020-01-29_15:47:51.684[Status]Routing 183: Walk: 129
2020-01-29_15:47:51.785[Battery Energy]56.84
2020-01-29_15:47:51.934[Status]Routing 184: Walk: 129
2020-01-29_15:47:52.035[Battery Energy]56.70
2020-01-29_15:47:52.166[Status]Routing 185: Walk: 129
2020-01-29_15:47:52.270[Battery Energy]56.58
2020-01-29_15:47:52.410[Status]Routing 186: Walk: 129
2020-01-29_15:47:52.517[Battery Energy]56.48
2020-01-29_15:47:52.657[Status]Routing 187: Walk: 129
2020-01-29_15:47:52.757[Battery Energy]56.36
2020-01-29_15:47:52.897[Status]Routing 188: Walk: 129
2020-01-29_15:47:53.006[Battery Energy]56.25
2020-01-29_15:47:53.127[Status]Routing 189: Walk: 129
2020-01-29_15:47:53.242[Battery Energy]56.14
2020-01-29_15:47:53.381[Status]Routing 190: Walk: 129
2020-01-29_15:47:53.481[Battery Energy]56.02
2020-01-29_15:47:53.635[Status]Routing 191: Walk: 129
2020-01-29_15:47:53.735[Battery Energy]55.90
2020-01-29_15:47:53.874[Status]Routing 192: Walk: 129
2020-01-29_15:47:53.986[Battery Energy]55.80
2020-01-29_15:47:54.125[Status]Routing 193: Walk: 129
2020-01-29_15:47:54.238[Battery Energy]55.69
2020-01-29_15:47:54.388[Status]Routing 194: Walk: 129
2020-01-29_15:47:54.495[Battery Energy]55.57
2020-01-29_15:47:54.632[Status]Routing 195: Walk: 129
2020-01-29_15:47:54.738[Battery Energy]55.45
2020-01-29_15:47:54.859[Status]Routing 196: Walk: 129
2020-01-29_15:47:54.970[Battery Energy]55.35
2020-01-29_15:47:55.090[Status]Routing 197: Walk: 129
2020-01-29_15:47:55.196[Battery Energy]55.26
2020-01-29_15:47:55.339[Status]Routing 198: Walk: 129
2020-01-29_15:47:55.441[Battery Energy]55.17
2020-01-29_15:47:55.603[Status]Routing 199: Walk: 129
2020-01-29_15:47:55.718[Battery Energy]55.04
2020-01-29_15:47:55.842[Status]Routing 200: Walk: 129
2020-01-29_15:47:55.958[Battery Energy]54.93
2020-01-29_15:47:56.076[Status]Routing 201: Walk: 129
2020-01-29_15:47:56.190[Battery Energy]54.83
2020-01-29_15:47:56.317[Status]Routing 202: Walk: 129
2020-01-29_15:47:56.451[Battery Energy]54.75
2020-01-29_15:47:56.581[Status]Routing 203: Walk: 129
2020-01-29_15:47:56.686[Battery Energy]54.65
2020-01-29_15:47:56.797[Status]Routing 204: Walk: 129
2020-01-29_15:47:56.902[Battery Energy]54.55
2020-01-29_15:47:57.029[Status]Routing 205: Walk: 129
2020-01-29_15:47:57.129[Battery Energy]54.45
2020-01-29_15:47:57.264[Status]Routing 206: Walk: 129
2020-01-29_15:47:57.374[Battery Energy]54.37
2020-01-29_15:47:57.493[Status]Routing 207: Walk: 129
2020-01-29_15:47:57.598[Battery Energy]54.26
2020-01-29_15:47:57.743[Status]Routing 208: Walk: 129
2020-01-29_15:47:57.843[Battery Energy]54.15
2020-01-29_15:47:57.981[Status]Routing 209: Walk: 129
2020-01-29_15:47:58.084[Battery Energy]54.04
2020-01-29_15:47:58.241[Status]Routing 210: Walk: 129
2020-01-29_15:47:58.354[Battery Energy]53.93
2020-01-29_15:47:58.470[Status]Routing 211: Walk: 129
2020-01-29_15:47:58.571[Battery Energy]53.83
2020-01-29_15:47:58.701[Status]Routing 212: Walk: 129
2020-01-29_15:47:58.810[Battery Energy]53.72
2020-01-29_15:47:58.929[Status]Routing 213: Walk: 129
2020-01-29_15:47:59.029[Battery Energy]53.62
2020-01-29_15:47:59.163[Status]Routing 214: Walk: 129
2020-01-29_15:47:59.265[Battery Energy]53.51
2020-01-29_15:47:59.403[Status]Routing 215: Walk: 129
2020-01-29_15:47:59.510[Battery Energy]53.40
2020-01-29_15:47:59.654[Status]Routing 216: Walk: 129
2020-01-29_15:47:59.762[Battery Energy]53.29
2020-01-29_15:47:59.910[Status]Routing 217: Walk: 129
2020-01-29_15:48:00.030[Battery Energy]53.16
2020-01-29_15:48:00.147[Status]Routing 218: Walk: 129
2020-01-29_15:48:00.257[Battery Energy]53.06
2020-01-29_15:48:00.394[Status]Routing 219: Walk: 129
2020-01-29_15:48:00.502[Battery Energy]52.95
2020-01-29_15:48:00.609[Status]Routing 220: Walk: 129
2020-01-29_15:48:00.714[Battery Energy]52.86
2020-01-29_15:48:00.866[Status]Routing 221: Walk: 129
2020-01-29_15:48:00.967[Battery Energy]52.73
2020-01-29_15:48:01.117[Status]Routing 222: Walk: 129
2020-01-29_15:48:01.226[Battery Energy]52.61
2020-01-29_15:48:01.362[Status]Routing 223: Walk: 129
2020-01-29_15:48:01.463[Battery Energy]52.50
2020-01-29_15:48:01.598[Status]Routing 224: Walk: 129
2020-01-29_15:48:01.700[Battery Energy]52.40
2020-01-29_15:48:01.827[Status]Routing 225: Walk: 129
2020-01-29_15:48:01.928[Battery Energy]52.31
2020-01-29_15:48:02.080[Status]Routing 226: Walk: 129
2020-01-29_15:48:02.190[Battery Energy]52.20
2020-01-29_15:48:02.307[Status]Routing 227: Walk: 129
2020-01-29_15:48:02.410[Battery Energy]52.11
2020-01-29_15:48:02.553[Status]Routing 228: Walk: 129
2020-01-29_15:48:02.662[Battery Energy]51.98
2020-01-29_15:48:02.788[Status]Routing 229: Walk: 129
2020-01-29_15:48:02.891[Battery Energy]51.87
2020-01-29_15:48:03.054[Status]Routing 230: Walk: 129
2020-01-29_15:48:03.154[Battery Energy]51.75
2020-01-29_15:48:03.291[Status]Routing 231: Walk: 129
2020-01-29_15:48:03.402[Battery Energy]51.65
2020-01-29_15:48:03.530[Status]Routing 232: Walk: 129
2020-01-29_15:48:03.642[Battery Energy]51.54
2020-01-29_15:48:03.784[Status]Routing 233: Walk: 129
2020-01-29_15:48:03.890[Battery Energy]51.42
2020-01-29_15:48:04.009[Status]Routing 234: Walk: 129
2020-01-29_15:48:04.124[Battery Energy]51.33
2020-01-29_15:48:04.249[Status]Routing 235: Walk: 129
2020-01-29_15:48:04.357[Battery Energy]51.22
2020-01-29_15:48:04.476[Status]Routing 236: Walk: 129
2020-01-29_15:48:04.594[Battery Energy]51.12
2020-01-29_15:48:04.715[Status]Routing 237: Walk: 129
2020-01-29_15:48:04.822[Battery Energy]51.03
2020-01-29_15:48:04.960[Status]Routing 238: Walk: 129
2020-01-29_15:48:05.061[Battery Energy]50.93
2020-01-29_15:48:05.223[Status]Routing 239: Walk: 129
2020-01-29_15:48:05.323[Battery Energy]50.83
2020-01-29_15:48:05.468[Status]Routing 240: Walk: 129
2020-01-29_15:48:05.578[Battery Energy]50.72
2020-01-29_15:48:05.692[Status]Routing 241: Walk: 129
2020-01-29_15:48:05.814[Battery Energy]50.63
2020-01-29_15:48:05.984[Status]Routing 242: Walk: 129
2020-01-29_15:48:06.085[Battery Energy]50.53
2020-01-29_15:48:06.210[Status]Routing 243: Walk: 129
2020-01-29_15:48:06.318[Battery Energy]50.43
2020-01-29_15:48:06.469[Status]Routing 244: Walk: 129
2020-01-29_15:48:06.580[Battery Energy]50.31
2020-01-29_15:48:06.711[Status]Routing 245: Walk: 129
2020-01-29_15:48:06.818[Battery Energy]50.20
2020-01-29_15:48:06.937[Status]Routing 246: Walk: 129
2020-01-29_15:48:07.040[Battery Energy]50.10
2020-01-29_15:48:07.210[Status]Routing 247: Walk: 129
2020-01-29_15:48:07.314[Battery Energy]49.96
2020-01-29_15:48:07.447[Status]Routing 248: Walk: 129
2020-01-29_15:48:07.548[Battery Energy]49.85
2020-01-29_15:48:07.683[Status]Routing 249: Walk: 129
2020-01-29_15:48:07.786[Battery Energy]49.73
2020-01-29_15:48:07.923[Status]Routing 250: Walk: 129
2020-01-29_15:48:08.046[Battery Energy]49.61
2020-01-29_15:48:08.164[Status]Routing 251: Walk: 129
2020-01-29_15:48:08.264[Battery Energy]49.52
2020-01-29_15:48:08.415[Status]Routing 252: Walk: 129
2020-01-29_15:48:08.522[Battery Energy]49.40
2020-01-29_15:48:08.667[Status]Routing 253: Walk: 129
2020-01-29_15:48:08.782[Battery Energy]49.27
2020-01-29_15:48:08.920[Status]Routing 254: Walk: 129
2020-01-29_15:48:09.026[Battery Energy]49.18
2020-01-29_15:48:09.172[Status]Routing 255: Walk: 129
2020-01-29_15:48:09.286[Battery Energy]49.08
2020-01-29_15:48:09.406[Status]Routing 256: Walk: 129
2020-01-29_15:48:09.524[Battery Energy]49.00
2020-01-29_15:48:09.633[Status]Routing 257: Walk: 129
2020-01-29_15:48:09.746[Battery Energy]48.91
2020-01-29_15:48:09.900[Status]Routing 258: Walk: 129
2020-01-29_15:48:10.013[Battery Energy]48.80
2020-01-29_15:48:10.163[Status]Routing 259: Walk: 129
2020-01-29_15:48:10.263[Battery Energy]48.69
2020-01-29_15:48:10.427[Status]Routing 260: Walk: 129
2020-01-29_15:48:10.532[Battery Energy]48.57
2020-01-29_15:48:10.662[Status]Routing 261: Walk: 129
2020-01-29_15:48:10.762[Battery Energy]48.45
2020-01-29_15:48:10.935[Status]Routing 262: Walk: 129
2020-01-29_15:48:11.037[Battery Energy]48.35
2020-01-29_15:48:11.207[Status]Routing 263: Walk: 129
2020-01-29_15:48:11.318[Battery Energy]48.23
