2020-01-29_15:46:43.448[Status]Start.
2020-01-29_15:46:43.448[Battery Energy]105.00
2020-01-29_15:46:44.550[Battery Energy]104.96
2020-01-29_15:46:45.651[Battery Energy]104.92
2020-01-29_15:46:46.754[Battery Energy]104.88
2020-01-29_15:46:47.855[Battery Energy]104.84
2020-01-29_15:46:48.956[Task]A New Task Released.
2020-01-29_15:46:48.956[Battery Energy]104.80
2020-01-29_15:46:48.956[Status]Selection Start.
2020-01-29_15:46:49.551[Status]Selection End: Do Task 2.
2020-01-29_15:46:49.656[Battery Energy]104.37
2020-01-29_15:46:49.657[Status]Formation Start.
2020-01-29_15:46:49.787[Status]number of tasks is 6
2020-01-29_15:46:49.789[Status]my group tasks is [ 1110.           235.62177826]
2020-01-29_15:46:49.795[Status]my group tasks is [ 1040.           235.62177826]
2020-01-29_15:46:49.799[Status]my group tasks is [ 1005.   175.]
2020-01-29_15:46:49.807[Status]my group tasks is [ 1040.           114.37822174]
2020-01-29_15:46:49.809[Status]my group tasks is [ 1110.           114.37822174]
2020-01-29_15:46:49.811[Status]my group tasks is [ 1145.   175.]
2020-01-29_15:46:49.848[Status]mygroup_robots_utility is {16: [16.903073317820045, 17.398843611573398, 18.648986164526303, 19.435881004471078, 37.64042459922909, 17.547957083845578], 17: [19.043733933564518, 17.819250815786404, 18.18965173852832, 19.253358997922135, 16.903073317820045, 17.06838008835575], 18: [16.312917033162773, 17.4213265052023, 35.1568685300114, 33.18382100649012, 15.45402160644371, 15.579003530514882], 19: [32.60645836872729, 17.321823068743257, 34.52323903619288, 16.196334755991494, 15.34422157139463, 15.296340530050085], 20: [16.99637862759414, 17.563718137374206, 18.834276781826734, 17.577977767895163, 39.10084565504815, 18.850663231269667], 15: [19.893430836817895, 35.9141237006315, 18.551960704994883, 19.917013299604474, 20.655408379968353, 18.572401682682443]}
2020-01-29_15:46:49.848[Status]self.local_queue is [15, 17, 16, 18, 19, 20]
2020-01-29_15:46:49.848[Status]task_chosen index is 1
2020-01-29_15:46:49.848[Status]task_chosen index is 3
2020-01-29_15:46:49.848[Status]task_chosen index is 4
2020-01-29_15:46:49.849[Status]task_chosen index is 2
2020-01-29_15:46:49.849[Status]task_chosen index is 0
2020-01-29_15:46:49.849[Status]task_chosen index is 5
2020-01-29_15:46:49.849[Status]myindex_in_queue is 5
2020-01-29_15:46:49.850[Status]task destination is [1110.0, 114.37822173508927]
2020-01-29_15:46:49.951[Battery Energy]104.19
2020-01-29_15:46:49.951[Status]Routing Start.
2020-01-29_15:46:50.103[Status]{'id': 20, 'coordinate': [75.98683583841897, 167.4870575700232]}
2020-01-29_15:46:50.104[Status]Routing 1: Walk: 1
2020-01-29_15:46:50.204[Battery Energy]103.98
2020-01-29_15:46:50.204[Status]Routing Start.
2020-01-29_15:46:50.347[Status]{'id': 20, 'coordinate': [85.97367167683794, 166.97411514004642]}
2020-01-29_15:46:50.347[Status]Routing 2: Walk: 2
2020-01-29_15:46:50.450[Battery Energy]103.76
2020-01-29_15:46:50.450[Status]Routing Start.
2020-01-29_15:46:50.606[Status]{'id': 20, 'coordinate': [95.96050751525691, 166.46117271006963]}
2020-01-29_15:46:50.606[Status]Routing 3: Walk: 3
2020-01-29_15:46:50.706[Battery Energy]103.52
2020-01-29_15:46:50.706[Status]Routing Start.
2020-01-29_15:46:50.855[Status]{'id': 20, 'coordinate': [105.94734335367588, 165.94823028009284]}
2020-01-29_15:46:50.859[Status]Routing 4: Walk: 4
2020-01-29_15:46:50.960[Battery Energy]103.31
2020-01-29_15:46:50.960[Status]Routing Start.
2020-01-29_15:46:51.142[Status]{'id': 20, 'coordinate': [115.93417919209485, 165.43528785011605]}
2020-01-29_15:46:51.143[Status]Routing 5: Walk: 5
2020-01-29_15:46:51.258[Battery Energy]103.09
2020-01-29_15:46:51.258[Status]Routing Start.
2020-01-29_15:46:51.507[Status]{'id': 20, 'coordinate': [125.92101503051381, 164.92234542013927]}
2020-01-29_15:46:51.510[Status]Routing 6: Walk: 6
2020-01-29_15:46:51.613[Battery Energy]102.83
2020-01-29_15:46:51.613[Status]Routing Start.
2020-01-29_15:46:51.897[Status]{'id': 20, 'coordinate': [135.90785086893277, 164.40940299016248]}
2020-01-29_15:46:51.897[Status]Routing 7: Walk: 7
2020-01-29_15:46:51.998[Battery Energy]102.52
2020-01-29_15:46:51.998[Status]Routing Start.
2020-01-29_15:46:52.455[Status]Routing 8: Walk: 7
2020-01-29_15:46:52.558[Battery Energy]102.15
2020-01-29_15:46:52.558[Status]Routing Start.
2020-01-29_15:46:52.858[Status]Routing 9: Walk: 7
2020-01-29_15:46:52.958[Battery Energy]101.86
2020-01-29_15:46:52.958[Status]Routing Start.
2020-01-29_15:46:53.273[Status]Routing 10: Walk: 7
2020-01-29_15:46:53.381[Battery Energy]101.56
2020-01-29_15:46:53.381[Status]Routing Start.
2020-01-29_15:46:53.685[Status]Routing 11: Walk: 7
2020-01-29_15:46:53.788[Battery Energy]101.27
2020-01-29_15:46:53.788[Status]Routing Start.
2020-01-29_15:46:53.947[Status]{'id': 20, 'coordinate': [145.89468670735175, 163.8964605601857]}
2020-01-29_15:46:53.950[Status]Routing 12: Walk: 8
2020-01-29_15:46:54.054[Battery Energy]101.05
2020-01-29_15:46:54.054[Status]Routing Start.
2020-01-29_15:46:54.545[Status]Routing 13: Walk: 8
2020-01-29_15:46:54.645[Battery Energy]100.65
2020-01-29_15:46:54.645[Status]Routing Start.
2020-01-29_15:46:54.986[Status]Routing 14: Walk: 8
2020-01-29_15:46:55.086[Battery Energy]100.36
2020-01-29_15:46:55.086[Status]Routing Start.
2020-01-29_15:46:55.363[Status]Routing 15: Walk: 8
2020-01-29_15:46:55.465[Battery Energy]100.08
2020-01-29_15:46:55.465[Status]Routing Start.
2020-01-29_15:46:55.642[Status]{'id': 20, 'coordinate': [155.88152254577074, 163.3835181302089]}
2020-01-29_15:46:55.643[Status]Routing 16: Walk: 9
2020-01-29_15:46:55.746[Battery Energy]99.85
2020-01-29_15:46:55.746[Status]Routing Start.
2020-01-29_15:46:56.189[Status]{'id': 20, 'coordinate': [165.86835838418972, 162.8705757002321]}
2020-01-29_15:46:56.189[Status]Routing 17: Walk: 10
2020-01-29_15:46:56.289[Battery Energy]99.48
2020-01-29_15:46:56.289[Status]Routing Start.
2020-01-29_15:46:56.598[Status]{'id': 20, 'coordinate': [175.8551942226087, 162.35763327025532]}
2020-01-29_15:46:56.598[Status]Routing 18: Walk: 11
2020-01-29_15:46:56.706[Battery Energy]99.14
2020-01-29_15:46:56.706[Status]Routing Start.
2020-01-29_15:46:57.032[Status]{'id': 20, 'coordinate': [185.84203006102769, 161.84469084027853]}
2020-01-29_15:46:57.032[Status]Routing 19: Walk: 12
2020-01-29_15:46:57.134[Battery Energy]98.79
2020-01-29_15:46:57.134[Status]Routing Start.
2020-01-29_15:46:57.557[Status]{'id': 20, 'coordinate': [195.82886589944667, 161.33174841030174]}
2020-01-29_15:46:57.558[Status]Routing 20: Walk: 13
2020-01-29_15:46:57.662[Battery Energy]98.39
2020-01-29_15:46:57.662[Status]Routing Start.
2020-01-29_15:46:57.968[Status]{'id': 20, 'coordinate': [205.81570173786565, 160.81880598032495]}
2020-01-29_15:46:57.968[Status]Routing 21: Walk: 14
2020-01-29_15:46:58.068[Battery Energy]98.07
2020-01-29_15:46:58.068[Status]Routing Start.
2020-01-29_15:46:58.389[Status]{'id': 20, 'coordinate': [215.80253757628464, 160.30586355034816]}
2020-01-29_15:46:58.389[Status]Routing 22: Walk: 15
2020-01-29_15:46:58.497[Battery Energy]97.75
2020-01-29_15:46:58.497[Status]Routing Start.
2020-01-29_15:46:58.639[Status]{'id': 20, 'coordinate': [225.78937341470362, 159.79292112037137]}
2020-01-29_15:46:58.640[Status]Routing 23: Walk: 16
2020-01-29_15:46:58.740[Battery Energy]97.54
2020-01-29_15:46:58.740[Status]Routing Start.
2020-01-29_15:46:59.076[Status]{'id': 20, 'coordinate': [235.7762092531226, 159.27997869039459]}
2020-01-29_15:46:59.076[Status]Routing 24: Walk: 17
2020-01-29_15:46:59.178[Battery Energy]97.22
2020-01-29_15:46:59.178[Status]Routing Start.
2020-01-29_15:46:59.514[Status]{'id': 20, 'coordinate': [245.76304509154158, 158.7670362604178]}
2020-01-29_15:46:59.514[Status]Routing 25: Walk: 18
2020-01-29_15:46:59.622[Battery Energy]96.91
2020-01-29_15:46:59.622[Status]Routing Start.
2020-01-29_15:46:59.759[Status]{'id': 20, 'coordinate': [255.74988092996057, 158.254093830441]}
2020-01-29_15:46:59.760[Status]Routing 26: Walk: 19
2020-01-29_15:46:59.860[Battery Energy]96.71
2020-01-29_15:46:59.860[Status]Routing Start.
2020-01-29_15:47:00.164[Status]{'id': 20, 'coordinate': [265.73671676837955, 157.74115140046422]}
2020-01-29_15:47:00.168[Status]Routing 27: Walk: 20
2020-01-29_15:47:00.274[Battery Energy]96.40
2020-01-29_15:47:00.274[Status]Routing Start.
2020-01-29_15:47:00.421[Status]{'id': 20, 'coordinate': [275.72355260679853, 157.22820897048743]}
2020-01-29_15:47:00.421[Status]Routing 28: Walk: 21
2020-01-29_15:47:00.537[Battery Energy]96.19
2020-01-29_15:47:00.537[Status]Routing Start.
2020-01-29_15:47:00.894[Status]{'id': 20, 'coordinate': [285.7103884452175, 156.71526654051064]}
2020-01-29_15:47:00.894[Status]Routing 29: Walk: 22
2020-01-29_15:47:00.994[Battery Energy]95.93
2020-01-29_15:47:00.994[Status]Routing Start.
2020-01-29_15:47:01.144[Status]{'id': 20, 'coordinate': [295.6972242836365, 156.20232411053385]}
2020-01-29_15:47:01.144[Status]Routing 30: Walk: 23
2020-01-29_15:47:01.246[Battery Energy]95.73
2020-01-29_15:47:01.246[Status]Routing Start.
2020-01-29_15:47:01.555[Status]{'id': 20, 'coordinate': [305.6840601220555, 155.68938168055706]}
2020-01-29_15:47:01.556[Status]Routing 31: Walk: 24
2020-01-29_15:47:01.656[Battery Energy]95.41
2020-01-29_15:47:01.656[Status]Routing Start.
2020-01-29_15:47:01.795[Status]{'id': 20, 'coordinate': [315.67089596047447, 155.17643925058027]}
2020-01-29_15:47:01.795[Status]Routing 32: Walk: 25
2020-01-29_15:47:01.902[Battery Energy]95.21
2020-01-29_15:47:01.902[Status]Routing Start.
2020-01-29_15:47:02.183[Status]{'id': 20, 'coordinate': [325.65773179889345, 154.66349682060348]}
2020-01-29_15:47:02.183[Status]Routing 33: Walk: 26
2020-01-29_15:47:02.283[Battery Energy]94.89
2020-01-29_15:47:02.284[Status]Routing Start.
2020-01-29_15:47:02.583[Status]{'id': 20, 'coordinate': [335.64456763731243, 154.1505543906267]}
2020-01-29_15:47:02.584[Status]Routing 34: Walk: 27
2020-01-29_15:47:02.690[Battery Energy]94.57
2020-01-29_15:47:02.690[Status]Routing Start.
2020-01-29_15:47:02.825[Status]{'id': 20, 'coordinate': [345.6314034757314, 153.6376119606499]}
2020-01-29_15:47:02.826[Status]Routing 35: Walk: 28
2020-01-29_15:47:02.926[Battery Energy]94.37
2020-01-29_15:47:02.926[Status]Routing Start.
2020-01-29_15:47:03.233[Status]{'id': 20, 'coordinate': [355.6182393141504, 153.12466953067312]}
2020-01-29_15:47:03.234[Status]Routing 36: Walk: 29
2020-01-29_15:47:03.350[Battery Energy]94.02
2020-01-29_15:47:03.350[Status]Routing Start.
2020-01-29_15:47:03.636[Status]{'id': 20, 'coordinate': [365.6050751525694, 152.61172710069633]}
2020-01-29_15:47:03.637[Status]Routing 37: Walk: 30
2020-01-29_15:47:03.738[Battery Energy]93.73
2020-01-29_15:47:03.738[Status]Routing Start.
2020-01-29_15:47:04.044[Status]{'id': 20, 'coordinate': [375.59191099098837, 152.09878467071954]}
2020-01-29_15:47:04.045[Status]Routing 38: Walk: 31
2020-01-29_15:47:04.147[Battery Energy]93.45
2020-01-29_15:47:04.147[Status]Routing Start.
2020-01-29_15:47:04.307[Status]{'id': 20, 'coordinate': [385.57874682940735, 151.58584224074275]}
2020-01-29_15:47:04.308[Status]Routing 39: Walk: 32
2020-01-29_15:47:04.408[Battery Energy]93.20
2020-01-29_15:47:04.408[Status]Routing Start.
2020-01-29_15:47:04.725[Status]{'id': 20, 'coordinate': [395.56558266782633, 151.07289981076596]}
2020-01-29_15:47:04.725[Status]Routing 40: Walk: 33
2020-01-29_15:47:04.825[Battery Energy]92.91
2020-01-29_15:47:04.825[Status]Routing Start.
2020-01-29_15:47:05.103[Status]{'id': 20, 'coordinate': [405.5524185062453, 150.55995738078917]}
2020-01-29_15:47:05.103[Status]Routing 41: Walk: 34
2020-01-29_15:47:05.203[Battery Energy]92.63
2020-01-29_15:47:05.203[Status]Routing Start.
2020-01-29_15:47:05.560[Status]{'id': 20, 'coordinate': [415.5392543446643, 150.04701495081238]}
2020-01-29_15:47:05.560[Status]Routing 42: Walk: 35
2020-01-29_15:47:05.665[Battery Energy]92.27
2020-01-29_15:47:05.665[Status]Routing Start.
2020-01-29_15:47:05.955[Status]{'id': 20, 'coordinate': [425.5260901830833, 149.5340725208356]}
2020-01-29_15:47:05.955[Status]Routing 43: Walk: 36
2020-01-29_15:47:06.055[Battery Energy]92.01
2020-01-29_15:47:06.055[Status]Routing Start.
2020-01-29_15:47:06.354[Status]{'id': 20, 'coordinate': [435.51292602150227, 149.0211300908588]}
2020-01-29_15:47:06.354[Status]Routing 44: Walk: 37
2020-01-29_15:47:06.454[Battery Energy]91.72
2020-01-29_15:47:06.454[Status]Routing Start.
2020-01-29_15:47:06.789[Status]{'id': 20, 'coordinate': [445.49976185992125, 148.50818766088202]}
2020-01-29_15:47:06.791[Status]Routing 45: Walk: 38
2020-01-29_15:47:06.908[Battery Energy]91.44
2020-01-29_15:47:06.910[Status]Routing Start.
2020-01-29_15:47:07.193[Status]{'id': 20, 'coordinate': [455.48659769834023, 147.99524523090523]}
2020-01-29_15:47:07.193[Status]Routing 46: Walk: 39
2020-01-29_15:47:07.302[Battery Energy]91.17
2020-01-29_15:47:07.302[Status]Routing Start.
2020-01-29_15:47:07.671[Status]{'id': 20, 'coordinate': [465.4734335367592, 147.48230280092844]}
2020-01-29_15:47:07.671[Status]Routing 47: Walk: 40
2020-01-29_15:47:07.771[Battery Energy]90.83
2020-01-29_15:47:07.771[Status]Routing Start.
2020-01-29_15:47:08.061[Status]{'id': 20, 'coordinate': [475.4602693751782, 146.96936037095165]}
2020-01-29_15:47:08.063[Status]Routing 48: Walk: 41
2020-01-29_15:47:08.164[Battery Energy]90.53
2020-01-29_15:47:08.164[Status]Routing Start.
2020-01-29_15:47:08.456[Status]{'id': 20, 'coordinate': [485.4471052135972, 146.45641794097486]}
2020-01-29_15:47:08.456[Status]Routing 49: Walk: 42
2020-01-29_15:47:08.556[Battery Energy]90.24
2020-01-29_15:47:08.556[Status]Routing Start.
2020-01-29_15:47:08.686[Status]{'id': 20, 'coordinate': [495.43394105201617, 145.94347551099807]}
2020-01-29_15:47:08.686[Status]Routing 50: Walk: 43
2020-01-29_15:47:08.794[Battery Energy]90.05
2020-01-29_15:47:08.794[Status]Routing Start.
2020-01-29_15:47:09.103[Status]{'id': 20, 'coordinate': [505.42077689043515, 145.43053308102128]}
2020-01-29_15:47:09.105[Status]Routing 51: Walk: 44
2020-01-29_15:47:09.207[Battery Energy]89.75
2020-01-29_15:47:09.207[Status]Routing Start.
2020-01-29_15:47:09.495[Status]{'id': 20, 'coordinate': [515.4076127288541, 144.9175906510445]}
2020-01-29_15:47:09.495[Status]Routing 52: Walk: 45
2020-01-29_15:47:09.595[Battery Energy]89.46
2020-01-29_15:47:09.596[Status]Routing Start.
2020-01-29_15:47:09.906[Status]{'id': 20, 'coordinate': [525.3944485672731, 144.4046482210677]}
2020-01-29_15:47:09.907[Status]Routing 53: Walk: 46
2020-01-29_15:47:10.007[Battery Energy]89.16
2020-01-29_15:47:10.007[Status]Routing Start.
2020-01-29_15:47:10.287[Status]{'id': 20, 'coordinate': [535.3812844056921, 143.8917057910909]}
2020-01-29_15:47:10.288[Status]Routing 54: Walk: 47
2020-01-29_15:47:10.390[Battery Energy]88.86
2020-01-29_15:47:10.390[Status]Routing Start.
2020-01-29_15:47:10.737[Status]{'id': 20, 'coordinate': [545.3681202441111, 143.37876336111412]}
2020-01-29_15:47:10.737[Status]Routing 55: Walk: 48
2020-01-29_15:47:10.837[Battery Energy]88.52
2020-01-29_15:47:10.837[Status]Routing Start.
2020-01-29_15:47:11.157[Status]{'id': 20, 'coordinate': [555.3549560825301, 142.86582093113734]}
2020-01-29_15:47:11.157[Status]Routing 56: Walk: 49
2020-01-29_15:47:11.260[Battery Energy]88.18
2020-01-29_15:47:11.260[Status]Routing Start.
2020-01-29_15:47:11.566[Status]{'id': 20, 'coordinate': [565.341791920949, 142.35287850116055]}
2020-01-29_15:47:11.567[Status]Routing 57: Walk: 50
2020-01-29_15:47:11.670[Battery Energy]87.87
2020-01-29_15:47:11.670[Status]Routing Start.
2020-01-29_15:47:12.093[Status]{'id': 20, 'coordinate': [575.328627759368, 141.83993607118376]}
2020-01-29_15:47:12.094[Status]Routing 58: Walk: 51
2020-01-29_15:47:12.202[Battery Energy]87.49
2020-01-29_15:47:12.202[Status]Routing Start.
2020-01-29_15:47:12.536[Status]{'id': 20, 'coordinate': [585.315463597787, 141.32699364120697]}
2020-01-29_15:47:12.536[Status]Routing 59: Walk: 52
2020-01-29_15:47:12.638[Battery Energy]87.15
2020-01-29_15:47:12.638[Status]Routing Start.
2020-01-29_15:47:12.915[Status]{'id': 20, 'coordinate': [595.302299436206, 140.81405121123018]}
2020-01-29_15:47:12.915[Status]Routing 60: Walk: 53
2020-01-29_15:47:13.015[Battery Energy]86.84
2020-01-29_15:47:13.015[Status]Routing Start.
2020-01-29_15:47:13.323[Status]{'id': 20, 'coordinate': [605.289135274625, 140.3011087812534]}
2020-01-29_15:47:13.323[Status]Routing 61: Walk: 54
2020-01-29_15:47:13.426[Battery Energy]86.52
2020-01-29_15:47:13.426[Status]Routing Start.
2020-01-29_15:47:13.758[Status]{'id': 20, 'coordinate': [615.275971113044, 139.7881663512766]}
2020-01-29_15:47:13.758[Status]Routing 62: Walk: 55
2020-01-29_15:47:13.861[Battery Energy]86.22
2020-01-29_15:47:13.861[Status]Routing Start.
2020-01-29_15:47:14.151[Status]{'id': 20, 'coordinate': [625.262806951463, 139.2752239212998]}
2020-01-29_15:47:14.151[Status]Routing 63: Walk: 56
2020-01-29_15:47:14.258[Battery Energy]85.92
2020-01-29_15:47:14.258[Status]Routing Start.
2020-01-29_15:47:14.403[Status]{'id': 20, 'coordinate': [635.2496427898819, 138.76228149132302]}
2020-01-29_15:47:14.405[Status]Routing 64: Walk: 57
2020-01-29_15:47:14.514[Battery Energy]85.72
2020-01-29_15:47:14.514[Status]Routing Start.
2020-01-29_15:47:14.650[Status]{'id': 20, 'coordinate': [645.2364786283009, 138.24933906134623]}
2020-01-29_15:47:14.650[Status]Routing 65: Walk: 58
2020-01-29_15:47:14.751[Battery Energy]85.51
2020-01-29_15:47:14.751[Status]Routing Start.
2020-01-29_15:47:14.898[Status]{'id': 20, 'coordinate': [655.2233144667199, 137.73639663136944]}
2020-01-29_15:47:14.898[Status]Routing 66: Walk: 59
2020-01-29_15:47:15.008[Battery Energy]85.31
2020-01-29_15:47:15.009[Status]Routing Start.
2020-01-29_15:47:15.138[Status]{'id': 20, 'coordinate': [665.2101503051389, 137.22345420139266]}
2020-01-29_15:47:15.138[Status]Routing 67: Walk: 60
2020-01-29_15:47:15.258[Battery Energy]85.10
2020-01-29_15:47:15.258[Status]Routing Start.
2020-01-29_15:47:15.368[Status]{'id': 20, 'coordinate': [675.1969861435579, 136.71051177141587]}
2020-01-29_15:47:15.372[Status]Routing 68: Walk: 61
2020-01-29_15:47:15.474[Battery Energy]84.90
2020-01-29_15:47:15.474[Status]Routing Start.
2020-01-29_15:47:15.609[Status]{'id': 20, 'coordinate': [685.1838219819768, 136.19756934143908]}
2020-01-29_15:47:15.609[Status]Routing 69: Walk: 62
2020-01-29_15:47:15.725[Battery Energy]84.67
2020-01-29_15:47:15.725[Status]Routing Start.
2020-01-29_15:47:15.848[Status]{'id': 20, 'coordinate': [695.1706578203958, 135.6846269114623]}
2020-01-29_15:47:15.848[Status]Routing 70: Walk: 63
2020-01-29_15:47:15.948[Battery Energy]84.47
2020-01-29_15:47:15.948[Status]Routing Start.
2020-01-29_15:47:16.084[Status]{'id': 20, 'coordinate': [705.1574936588148, 135.1716844814855]}
2020-01-29_15:47:16.084[Status]Routing 71: Walk: 64
2020-01-29_15:47:16.190[Battery Energy]84.26
2020-01-29_15:47:16.190[Status]Routing Start.
2020-01-29_15:47:16.332[Status]{'id': 20, 'coordinate': [715.1443294972338, 134.6587420515087]}
2020-01-29_15:47:16.332[Status]Routing 72: Walk: 65
2020-01-29_15:47:16.432[Battery Energy]84.05
2020-01-29_15:47:16.432[Status]Routing Start.
2020-01-29_15:47:16.724[Status]{'id': 20, 'coordinate': [725.1311653356528, 134.14579962153192]}
2020-01-29_15:47:16.724[Status]Routing 73: Walk: 66
2020-01-29_15:47:16.825[Battery Energy]83.77
2020-01-29_15:47:16.825[Status]Routing Start.
2020-01-29_15:47:17.099[Status]{'id': 20, 'coordinate': [735.1180011740718, 133.63285719155513]}
2020-01-29_15:47:17.099[Status]Routing 74: Walk: 67
2020-01-29_15:47:17.210[Battery Energy]83.49
2020-01-29_15:47:17.210[Status]Routing Start.
2020-01-29_15:47:17.481[Status]{'id': 20, 'coordinate': [745.1048370124907, 133.11991476157834]}
2020-01-29_15:47:17.482[Status]Routing 75: Walk: 68
2020-01-29_15:47:17.586[Battery Energy]83.16
2020-01-29_15:47:17.586[Status]Routing Start.
2020-01-29_15:47:17.876[Status]{'id': 20, 'coordinate': [755.0916728509097, 132.60697233160155]}
2020-01-29_15:47:17.876[Status]Routing 76: Walk: 69
2020-01-29_15:47:17.978[Battery Energy]82.87
2020-01-29_15:47:17.978[Status]Routing Start.
2020-01-29_15:47:18.293[Status]{'id': 20, 'coordinate': [765.0785086893287, 132.09402990162476]}
2020-01-29_15:47:18.293[Status]Routing 77: Walk: 70
2020-01-29_15:47:18.397[Battery Energy]82.59
2020-01-29_15:47:18.397[Status]Routing Start.
2020-01-29_15:47:18.701[Status]{'id': 20, 'coordinate': [775.0653445277477, 131.58108747164798]}
2020-01-29_15:47:18.701[Status]Routing 78: Walk: 71
2020-01-29_15:47:18.801[Battery Energy]82.29
2020-01-29_15:47:18.802[Status]Routing Start.
2020-01-29_15:47:19.117[Status]{'id': 20, 'coordinate': [785.0521803661667, 131.0681450416712]}
2020-01-29_15:47:19.117[Status]Routing 79: Walk: 72
2020-01-29_15:47:19.217[Battery Energy]81.95
2020-01-29_15:47:19.217[Status]Routing Start.
2020-01-29_15:47:19.365[Status]{'id': 20, 'coordinate': [795.0390162045857, 130.5552026116944]}
2020-01-29_15:47:19.365[Status]Routing 80: Walk: 73
2020-01-29_15:47:19.478[Battery Energy]81.72
2020-01-29_15:47:19.478[Status]Routing Start.
2020-01-29_15:47:19.598[Status]{'id': 20, 'coordinate': [805.0258520430046, 130.0422601817176]}
2020-01-29_15:47:19.598[Status]Routing 81: Walk: 74
2020-01-29_15:47:19.710[Battery Energy]81.53
2020-01-29_15:47:19.710[Status]Routing Start.
2020-01-29_15:47:19.835[Status]{'id': 20, 'coordinate': [815.0126878814236, 129.52931775174082]}
2020-01-29_15:47:19.835[Status]Routing 82: Walk: 75
2020-01-29_15:47:19.938[Battery Energy]81.33
2020-01-29_15:47:19.938[Status]Routing Start.
2020-01-29_15:47:20.119[Status]{'id': 20, 'coordinate': [824.9995237198426, 129.01637532176403]}
2020-01-29_15:47:20.119[Status]Routing 83: Walk: 76
2020-01-29_15:47:20.224[Battery Energy]81.12
2020-01-29_15:47:20.224[Status]Routing Start.
2020-01-29_15:47:20.536[Status]{'id': 20, 'coordinate': [834.9863595582616, 128.50343289178724]}
2020-01-29_15:47:20.536[Status]Routing 84: Walk: 77
2020-01-29_15:47:20.650[Battery Energy]80.80
2020-01-29_15:47:20.650[Status]Routing Start.
2020-01-29_15:47:20.785[Status]{'id': 20, 'coordinate': [844.9731953966806, 127.99049046181045]}
2020-01-29_15:47:20.785[Status]Routing 85: Walk: 78
2020-01-29_15:47:20.890[Battery Energy]80.59
2020-01-29_15:47:20.890[Status]Routing Start.
2020-01-29_15:47:21.159[Status]{'id': 20, 'coordinate': [854.9600312350996, 127.47754803183366]}
2020-01-29_15:47:21.159[Status]Routing 86: Walk: 79
2020-01-29_15:47:21.266[Battery Energy]80.28
2020-01-29_15:47:21.266[Status]Routing Start.
2020-01-29_15:47:21.407[Status]{'id': 20, 'coordinate': [864.9468670735185, 126.96460560185687]}
2020-01-29_15:47:21.407[Status]Routing 87: Walk: 80
2020-01-29_15:47:21.518[Battery Energy]80.09
2020-01-29_15:47:21.518[Status]Routing Start.
2020-01-29_15:47:21.651[Status]{'id': 20, 'coordinate': [874.9337029119375, 126.45166317188009]}
2020-01-29_15:47:21.651[Status]Routing 88: Walk: 81
2020-01-29_15:47:21.754[Battery Energy]79.90
2020-01-29_15:47:21.754[Status]Routing Start.
2020-01-29_15:47:22.031[Status]{'id': 20, 'coordinate': [884.9205387503565, 125.9387207419033]}
2020-01-29_15:47:22.031[Status]Routing 89: Walk: 82
2020-01-29_15:47:22.134[Battery Energy]79.58
2020-01-29_15:47:22.134[Status]Routing Start.
2020-01-29_15:47:22.441[Status]{'id': 20, 'coordinate': [894.9073745887755, 125.4257783119265]}
2020-01-29_15:47:22.441[Status]Routing 90: Walk: 83
2020-01-29_15:47:22.550[Battery Energy]79.29
2020-01-29_15:47:22.550[Status]Routing Start.
2020-01-29_15:47:22.840[Status]{'id': 20, 'coordinate': [904.8942104271945, 124.91283588194972]}
2020-01-29_15:47:22.840[Status]Routing 91: Walk: 84
2020-01-29_15:47:22.954[Battery Energy]78.99
2020-01-29_15:47:22.954[Status]Routing Start.
2020-01-29_15:47:23.073[Status]{'id': 20, 'coordinate': [914.8810462656135, 124.39989345197293]}
2020-01-29_15:47:23.073[Status]Routing 92: Walk: 85
2020-01-29_15:47:23.182[Battery Energy]78.80
2020-01-29_15:47:23.182[Status]Routing Start.
2020-01-29_15:47:23.317[Status]{'id': 20, 'coordinate': [924.8678821040324, 123.88695102199615]}
2020-01-29_15:47:23.317[Status]Routing 93: Walk: 86
2020-01-29_15:47:23.434[Battery Energy]78.61
2020-01-29_15:47:23.434[Status]Routing Start.
2020-01-29_15:47:23.543[Status]{'id': 20, 'coordinate': [934.8547179424514, 123.37400859201936]}
2020-01-29_15:47:23.544[Status]Routing 94: Walk: 87
2020-01-29_15:47:23.644[Battery Energy]78.42
2020-01-29_15:47:23.644[Status]Routing Start.
2020-01-29_15:47:23.795[Status]{'id': 20, 'coordinate': [944.8415537808704, 122.86106616204259]}
2020-01-29_15:47:23.795[Status]Routing 95: Walk: 88
2020-01-29_15:47:23.906[Battery Energy]78.21
2020-01-29_15:47:23.906[Status]Routing Start.
2020-01-29_15:47:24.029[Status]{'id': 20, 'coordinate': [954.8283896192894, 122.3481237320658]}
2020-01-29_15:47:24.029[Status]Routing 96: Walk: 89
2020-01-29_15:47:24.146[Battery Energy]78.01
2020-01-29_15:47:24.146[Status]Routing Start.
2020-01-29_15:47:24.262[Status]{'id': 20, 'coordinate': [964.8152254577084, 121.83518130208901]}
2020-01-29_15:47:24.264[Status]Routing 97: Walk: 90
2020-01-29_15:47:24.365[Battery Energy]77.84
2020-01-29_15:47:24.365[Status]Routing Start.
2020-01-29_15:47:24.679[Status]{'id': 20, 'coordinate': [974.8020612961274, 121.32223887211224]}
2020-01-29_15:47:24.679[Status]Routing 98: Walk: 91
2020-01-29_15:47:24.780[Battery Energy]77.51
2020-01-29_15:47:24.780[Status]Routing Start.
2020-01-29_15:47:25.124[Status]{'id': 20, 'coordinate': [984.7888971345463, 120.80929644213545]}
2020-01-29_15:47:25.124[Status]Routing 99: Walk: 92
2020-01-29_15:47:25.230[Battery Energy]77.16
2020-01-29_15:47:25.230[Status]Routing Start.
2020-01-29_15:47:25.563[Status]{'id': 20, 'coordinate': [994.7757329729653, 120.29635401215867]}
2020-01-29_15:47:25.563[Status]Routing 100: Walk: 93
2020-01-29_15:47:25.666[Battery Energy]76.79
2020-01-29_15:47:25.666[Status]Routing Start.
2020-01-29_15:47:25.958[Status]{'id': 20, 'coordinate': [1004.7625688113843, 119.78341158218188]}
2020-01-29_15:47:25.958[Status]Routing 101: Walk: 94
2020-01-29_15:47:26.062[Battery Energy]76.47
2020-01-29_15:47:26.062[Status]Routing Start.
2020-01-29_15:47:26.566[Status]{'id': 20, 'coordinate': [1001.9140078024305, 129.36911448693894]}
2020-01-29_15:47:26.566[Status]Routing 102: Walk: 95
2020-01-29_15:47:26.666[Battery Energy]75.91
2020-01-29_15:47:26.666[Status]Routing Start.
2020-01-29_15:47:26.787[Status]{'id': 20, 'coordinate': [1011.8191932152329, 127.99532340456551]}
2020-01-29_15:47:26.787[Status]Routing 103: Walk: 96
2020-01-29_15:47:26.902[Battery Energy]75.72
2020-01-29_15:47:26.902[Status]Routing Start.
2020-01-29_15:47:27.216[Status]{'id': 20, 'coordinate': [1011.1952166187009, 137.97583707907046]}
2020-01-29_15:47:27.218[Status]Routing 104: Walk: 97
2020-01-29_15:47:27.318[Battery Energy]75.34
2020-01-29_15:47:27.318[Status]Routing Start.
2020-01-29_15:47:27.627[Status]{'id': 20, 'coordinate': [1015.8410930168342, 146.8311085313337]}
2020-01-29_15:47:27.631[Status]Routing 105: Walk: 98
2020-01-29_15:47:27.731[Battery Energy]75.00
2020-01-29_15:47:27.732[Status]Routing Start.
2020-01-29_15:47:27.846[Status]{'id': 20, 'coordinate': [1025.29530860071, 143.57261076493901]}
2020-01-29_15:47:27.846[Status]Routing 106: Walk: 99
2020-01-29_15:47:27.950[Battery Energy]74.79
2020-01-29_15:47:27.950[Status]Routing Start.
2020-01-29_15:47:28.092[Status]{'id': 20, 'coordinate': [1034.7495241845859, 140.31411299854432]}
2020-01-29_15:47:28.092[Status]Routing 107: Walk: 100
2020-01-29_15:47:28.193[Battery Energy]74.61
2020-01-29_15:47:28.193[Status]Routing Start.
2020-01-29_15:47:28.710[Status]{'id': 20, 'coordinate': [1044.2037397684617, 137.05561523214962]}
2020-01-29_15:47:28.710[Status]Routing 108: Walk: 101
2020-01-29_15:47:28.810[Battery Energy]74.09
2020-01-29_15:47:28.811[Status]Routing Start.
2020-01-29_15:47:29.118[Status]{'id': 20, 'coordinate': [1053.6579553523375, 133.79711746575492]}
2020-01-29_15:47:29.118[Status]Routing 109: Walk: 102
2020-01-29_15:47:29.218[Battery Energy]73.71
2020-01-29_15:47:29.218[Status]Routing Start.
2020-01-29_15:47:29.480[Status]{'id': 20, 'coordinate': [1063.1121709362133, 130.53861969936023]}
2020-01-29_15:47:29.484[Status]Routing 110: Walk: 103
2020-01-29_15:47:29.585[Battery Energy]73.36
2020-01-29_15:47:29.585[Status]Routing Start.
2020-01-29_15:47:29.892[Status]{'id': 20, 'coordinate': [1072.566386520089, 127.28012193296551]}
2020-01-29_15:47:29.896[Status]Routing 111: Walk: 104
2020-01-29_15:47:29.997[Battery Energy]73.00
2020-01-29_15:47:29.997[Status]Routing Start.
2020-01-29_15:47:30.124[Status]{'id': 20, 'coordinate': [1082.0206021039648, 124.02162416657082]}
2020-01-29_15:47:30.128[Status]Routing 112: Walk: 105
2020-01-29_15:47:30.242[Battery Energy]72.79
2020-01-29_15:47:30.242[Status]Routing Start.
2020-01-29_15:47:30.584[Status]{'id': 20, 'coordinate': [1091.4748176878406, 120.76312640017612]}
2020-01-29_15:47:30.585[Status]Routing 113: Walk: 106
2020-01-29_15:47:30.698[Battery Energy]72.48
2020-01-29_15:47:30.698[Status]Routing Start.
2020-01-29_15:47:31.000[Status]{'id': 20, 'coordinate': [1100.9290332717164, 117.50462863378144]}
2020-01-29_15:47:31.005[Status]Routing 114: Walk: 107
2020-01-29_15:47:31.107[Battery Energy]72.16
2020-01-29_15:47:31.107[Status]Routing Start.
2020-01-29_15:47:31.108[Status]Task Finished.
2020-01-29_15:47:31.208[Battery Energy]72.16
2020-01-29_15:47:31.425[Status]Routing 116: Walk: 107
2020-01-29_15:47:31.534[Battery Energy]72.01
2020-01-29_15:47:31.851[Status]Routing 117: Walk: 107
2020-01-29_15:47:31.966[Battery Energy]71.78
2020-01-29_15:47:32.259[Status]Routing 118: Walk: 107
2020-01-29_15:47:32.361[Battery Energy]71.55
2020-01-29_15:47:32.692[Status]Routing 119: Walk: 107
2020-01-29_15:47:32.802[Battery Energy]71.36
2020-01-29_15:47:33.115[Status]Routing 120: Walk: 107
2020-01-29_15:47:33.215[Battery Energy]71.18
2020-01-29_15:47:33.509[Status]Routing 121: Walk: 107
2020-01-29_15:47:33.614[Battery Energy]70.98
2020-01-29_15:47:33.912[Status]Routing 122: Walk: 107
2020-01-29_15:47:34.016[Battery Energy]70.73
2020-01-29_15:47:34.297[Status]Routing 123: Walk: 107
2020-01-29_15:47:34.403[Battery Energy]70.56
2020-01-29_15:47:34.668[Status]Routing 124: Walk: 107
2020-01-29_15:47:34.778[Battery Energy]70.39
2020-01-29_15:47:34.905[Status]Routing 125: Walk: 107
2020-01-29_15:47:35.022[Battery Energy]70.27
2020-01-29_15:47:35.277[Status]Routing 126: Walk: 107
2020-01-29_15:47:35.377[Battery Energy]70.08
2020-01-29_15:47:35.673[Status]Routing 127: Walk: 107
2020-01-29_15:47:35.786[Battery Energy]69.91
2020-01-29_15:47:35.912[Status]Routing 128: Walk: 107
2020-01-29_15:47:36.013[Battery Energy]69.81
2020-01-29_15:47:36.323[Status]Routing 129: Walk: 107
2020-01-29_15:47:36.426[Battery Energy]69.59
2020-01-29_15:47:36.565[Status]Routing 130: Walk: 107
2020-01-29_15:47:36.674[Battery Energy]69.47
2020-01-29_15:47:36.825[Status]Routing 131: Walk: 107
2020-01-29_15:47:36.930[Battery Energy]69.35
2020-01-29_15:47:37.182[Status]Routing 132: Walk: 107
2020-01-29_15:47:37.286[Battery Energy]69.17
2020-01-29_15:47:37.407[Status]Routing 133: Walk: 107
2020-01-29_15:47:37.507[Battery Energy]69.08
2020-01-29_15:47:37.714[Status]Routing 134: Walk: 107
2020-01-29_15:47:37.814[Battery Energy]68.92
2020-01-29_15:47:38.121[Status]Routing 135: Walk: 107
2020-01-29_15:47:38.224[Battery Energy]68.74
2020-01-29_15:47:38.534[Status]Routing 136: Walk: 107
2020-01-29_15:47:38.638[Battery Energy]68.54
2020-01-29_15:47:38.898[Status]Routing 137: Walk: 107
2020-01-29_15:47:39.014[Battery Energy]68.35
2020-01-29_15:47:39.303[Status]Routing 138: Walk: 107
2020-01-29_15:47:39.404[Battery Energy]68.13
2020-01-29_15:47:39.537[Status]Routing 139: Walk: 107
2020-01-29_15:47:39.646[Battery Energy]68.02
2020-01-29_15:47:39.994[Status]Routing 140: Walk: 107
2020-01-29_15:47:40.095[Battery Energy]67.78
2020-01-29_15:47:40.393[Status]Routing 141: Walk: 107
2020-01-29_15:47:40.502[Battery Energy]67.60
2020-01-29_15:47:40.653[Status]Routing 142: Walk: 107
2020-01-29_15:47:40.762[Battery Energy]67.45
2020-01-29_15:47:41.065[Status]Routing 143: Walk: 107
2020-01-29_15:47:41.168[Battery Energy]67.25
2020-01-29_15:47:41.473[Status]Routing 144: Walk: 107
2020-01-29_15:47:41.590[Battery Energy]67.07
2020-01-29_15:47:41.878[Status]Routing 145: Walk: 107
2020-01-29_15:47:41.986[Battery Energy]66.86
2020-01-29_15:47:42.285[Status]Routing 146: Walk: 107
2020-01-29_15:47:42.394[Battery Energy]66.63
2020-01-29_15:47:42.695[Status]Routing 147: Walk: 107
2020-01-29_15:47:42.804[Battery Energy]66.43
2020-01-29_15:47:42.943[Status]Routing 148: Walk: 107
2020-01-29_15:47:43.050[Battery Energy]66.31
2020-01-29_15:47:43.184[Status]Routing 149: Walk: 107
2020-01-29_15:47:43.284[Battery Energy]66.18
2020-01-29_15:47:43.437[Status]Routing 150: Walk: 107
2020-01-29_15:47:43.556[Battery Energy]66.07
2020-01-29_15:47:43.810[Status]Routing 151: Walk: 107
2020-01-29_15:47:43.914[Battery Energy]65.89
2020-01-29_15:47:44.051[Status]Routing 152: Walk: 107
2020-01-29_15:47:44.154[Battery Energy]65.78
2020-01-29_15:47:44.296[Status]Routing 153: Walk: 107
2020-01-29_15:47:44.414[Battery Energy]65.68
2020-01-29_15:47:44.536[Status]Routing 154: Walk: 107
2020-01-29_15:47:44.638[Battery Energy]65.58
2020-01-29_15:47:44.778[Status]Routing 155: Walk: 107
2020-01-29_15:47:44.882[Battery Energy]65.47
2020-01-29_15:47:45.017[Status]Routing 156: Walk: 107
2020-01-29_15:47:45.119[Battery Energy]65.37
2020-01-29_15:47:45.272[Status]Routing 157: Walk: 107
2020-01-29_15:47:45.382[Battery Energy]65.24
2020-01-29_15:47:45.508[Status]Routing 158: Walk: 107
2020-01-29_15:47:45.614[Battery Energy]65.15
2020-01-29_15:47:45.765[Status]Routing 159: Walk: 107
2020-01-29_15:47:45.870[Battery Energy]65.00
2020-01-29_15:47:46.033[Status]Routing 160: Walk: 107
2020-01-29_15:47:46.150[Battery Energy]64.85
2020-01-29_15:47:46.275[Status]Routing 161: Walk: 107
2020-01-29_15:47:46.388[Battery Energy]64.75
2020-01-29_15:47:46.513[Status]Routing 162: Walk: 107
2020-01-29_15:47:46.613[Battery Energy]64.65
2020-01-29_15:47:46.761[Status]Routing 163: Walk: 107
2020-01-29_15:47:46.866[Battery Energy]64.55
2020-01-29_15:47:47.001[Status]Routing 164: Walk: 107
2020-01-29_15:47:47.110[Battery Energy]64.44
2020-01-29_15:47:47.241[Status]Routing 165: Walk: 107
2020-01-29_15:47:47.350[Battery Energy]64.32
2020-01-29_15:47:47.512[Status]Routing 166: Walk: 107
2020-01-29_15:47:47.613[Battery Energy]64.20
2020-01-29_15:47:47.747[Status]Routing 167: Walk: 107
2020-01-29_15:47:47.866[Battery Energy]64.10
2020-01-29_15:47:48.006[Status]Routing 168: Walk: 107
2020-01-29_15:47:48.122[Battery Energy]63.98
2020-01-29_15:47:48.248[Status]Routing 169: Walk: 107
2020-01-29_15:47:48.354[Battery Energy]63.88
2020-01-29_15:47:48.487[Status]Routing 170: Walk: 107
2020-01-29_15:47:48.587[Battery Energy]63.77
2020-01-29_15:47:48.762[Status]Routing 171: Walk: 107
2020-01-29_15:47:48.874[Battery Energy]63.64
2020-01-29_15:47:49.013[Status]Routing 172: Walk: 107
2020-01-29_15:47:49.115[Battery Energy]63.53
2020-01-29_15:47:49.263[Status]Routing 173: Walk: 107
2020-01-29_15:47:49.366[Battery Energy]63.43
2020-01-29_15:47:49.496[Status]Routing 174: Walk: 107
2020-01-29_15:47:49.610[Battery Energy]63.32
2020-01-29_15:47:49.749[Status]Routing 175: Walk: 107
2020-01-29_15:47:49.849[Battery Energy]63.20
2020-01-29_15:47:50.029[Status]Routing 176: Walk: 107
2020-01-29_15:47:50.138[Battery Energy]63.08
2020-01-29_15:47:50.252[Status]Routing 177: Walk: 107
2020-01-29_15:47:50.357[Battery Energy]62.99
2020-01-29_15:47:50.495[Status]Routing 178: Walk: 107
2020-01-29_15:47:50.602[Battery Energy]62.88
2020-01-29_15:47:50.737[Status]Routing 179: Walk: 107
2020-01-29_15:47:50.850[Battery Energy]62.79
2020-01-29_15:47:50.966[Status]Routing 180: Walk: 107
2020-01-29_15:47:51.074[Battery Energy]62.71
2020-01-29_15:47:51.206[Status]Routing 181: Walk: 107
2020-01-29_15:47:51.318[Battery Energy]62.60
2020-01-29_15:47:51.442[Status]Routing 182: Walk: 107
2020-01-29_15:47:51.550[Battery Energy]62.51
2020-01-29_15:47:51.688[Status]Routing 183: Walk: 107
2020-01-29_15:47:51.805[Battery Energy]62.42
2020-01-29_15:47:51.937[Status]Routing 184: Walk: 107
2020-01-29_15:47:52.050[Battery Energy]62.32
2020-01-29_15:47:52.171[Status]Routing 185: Walk: 107
2020-01-29_15:47:52.272[Battery Energy]62.23
2020-01-29_15:47:52.414[Status]Routing 186: Walk: 107
2020-01-29_15:47:52.515[Battery Energy]62.12
2020-01-29_15:47:52.660[Status]Routing 187: Walk: 107
2020-01-29_15:47:52.769[Battery Energy]62.00
2020-01-29_15:47:52.899[Status]Routing 188: Walk: 107
2020-01-29_15:47:53.010[Battery Energy]61.91
2020-01-29_15:47:53.124[Status]Routing 189: Walk: 107
2020-01-29_15:47:53.224[Battery Energy]61.81
2020-01-29_15:47:53.382[Status]Routing 190: Walk: 107
2020-01-29_15:47:53.490[Battery Energy]61.71
2020-01-29_15:47:53.634[Status]Routing 191: Walk: 107
2020-01-29_15:47:53.735[Battery Energy]61.59
2020-01-29_15:47:53.875[Status]Routing 192: Walk: 107
2020-01-29_15:47:53.982[Battery Energy]61.47
2020-01-29_15:47:54.124[Status]Routing 193: Walk: 107
2020-01-29_15:47:54.234[Battery Energy]61.34
2020-01-29_15:47:54.390[Status]Routing 194: Walk: 107
2020-01-29_15:47:54.502[Battery Energy]61.21
2020-01-29_15:47:54.630[Status]Routing 195: Walk: 107
2020-01-29_15:47:54.733[Battery Energy]61.11
2020-01-29_15:47:54.857[Status]Routing 196: Walk: 107
2020-01-29_15:47:54.957[Battery Energy]61.00
2020-01-29_15:47:55.085[Status]Routing 197: Walk: 107
2020-01-29_15:47:55.194[Battery Energy]60.91
2020-01-29_15:47:55.344[Status]Routing 198: Walk: 107
2020-01-29_15:47:55.449[Battery Energy]60.80
2020-01-29_15:47:55.606[Status]Routing 199: Walk: 107
2020-01-29_15:47:55.709[Battery Energy]60.70
2020-01-29_15:47:55.843[Status]Routing 200: Walk: 107
2020-01-29_15:47:55.962[Battery Energy]60.58
2020-01-29_15:47:56.081[Status]Routing 201: Walk: 107
2020-01-29_15:47:56.181[Battery Energy]60.49
2020-01-29_15:47:56.316[Status]Routing 202: Walk: 107
2020-01-29_15:47:56.430[Battery Energy]60.40
2020-01-29_15:47:56.581[Status]Routing 203: Walk: 107
2020-01-29_15:47:56.694[Battery Energy]60.28
2020-01-29_15:47:56.803[Status]Routing 204: Walk: 107
2020-01-29_15:47:56.904[Battery Energy]60.17
2020-01-29_15:47:57.027[Status]Routing 205: Walk: 107
2020-01-29_15:47:57.133[Battery Energy]60.09
2020-01-29_15:47:57.263[Status]Routing 206: Walk: 107
2020-01-29_15:47:57.367[Battery Energy]60.00
2020-01-29_15:47:57.487[Status]Routing 207: Walk: 107
2020-01-29_15:47:57.587[Battery Energy]59.90
2020-01-29_15:47:57.747[Status]Routing 208: Walk: 107
2020-01-29_15:47:57.854[Battery Energy]59.78
2020-01-29_15:47:57.975[Status]Routing 209: Walk: 107
2020-01-29_15:47:58.076[Battery Energy]59.68
2020-01-29_15:47:58.240[Status]Routing 210: Walk: 107
2020-01-29_15:47:58.340[Battery Energy]59.56
2020-01-29_15:47:58.467[Status]Routing 211: Walk: 107
2020-01-29_15:47:58.567[Battery Energy]59.44
2020-01-29_15:47:58.705[Status]Routing 212: Walk: 107
2020-01-29_15:47:58.814[Battery Energy]59.33
2020-01-29_15:47:58.924[Status]Routing 213: Walk: 107
2020-01-29_15:47:59.024[Battery Energy]59.23
2020-01-29_15:47:59.165[Status]Routing 214: Walk: 107
2020-01-29_15:47:59.271[Battery Energy]59.14
2020-01-29_15:47:59.401[Status]Routing 215: Walk: 107
2020-01-29_15:47:59.501[Battery Energy]59.04
2020-01-29_15:47:59.655[Status]Routing 216: Walk: 107
2020-01-29_15:47:59.766[Battery Energy]58.91
2020-01-29_15:47:59.910[Status]Routing 217: Walk: 107
2020-01-29_15:48:00.026[Battery Energy]58.80
2020-01-29_15:48:00.146[Status]Routing 218: Walk: 107
2020-01-29_15:48:00.258[Battery Energy]58.70
2020-01-29_15:48:00.390[Status]Routing 219: Walk: 107
2020-01-29_15:48:00.497[Battery Energy]58.60
2020-01-29_15:48:00.608[Status]Routing 220: Walk: 107
2020-01-29_15:48:00.718[Battery Energy]58.50
2020-01-29_15:48:00.867[Status]Routing 221: Walk: 107
2020-01-29_15:48:00.970[Battery Energy]58.40
2020-01-29_15:48:01.119[Status]Routing 222: Walk: 107
2020-01-29_15:48:01.221[Battery Energy]58.28
2020-01-29_15:48:01.359[Status]Routing 223: Walk: 107
2020-01-29_15:48:01.462[Battery Energy]58.16
2020-01-29_15:48:01.600[Status]Routing 224: Walk: 107
2020-01-29_15:48:01.706[Battery Energy]58.04
2020-01-29_15:48:01.830[Status]Routing 225: Walk: 107
2020-01-29_15:48:01.938[Battery Energy]57.95
2020-01-29_15:48:02.082[Status]Routing 226: Walk: 107
2020-01-29_15:48:02.198[Battery Energy]57.84
2020-01-29_15:48:02.315[Status]Routing 227: Walk: 107
2020-01-29_15:48:02.415[Battery Energy]57.75
2020-01-29_15:48:02.552[Status]Routing 228: Walk: 107
2020-01-29_15:48:02.658[Battery Energy]57.63
2020-01-29_15:48:02.789[Status]Routing 229: Walk: 107
2020-01-29_15:48:02.902[Battery Energy]57.52
2020-01-29_15:48:03.042[Status]Routing 230: Walk: 107
2020-01-29_15:48:03.145[Battery Energy]57.40
2020-01-29_15:48:03.285[Status]Routing 231: Walk: 107
2020-01-29_15:48:03.387[Battery Energy]57.29
2020-01-29_15:48:03.532[Status]Routing 232: Walk: 107
2020-01-29_15:48:03.649[Battery Energy]57.17
2020-01-29_15:48:03.787[Status]Routing 233: Walk: 107
2020-01-29_15:48:03.898[Battery Energy]57.09
2020-01-29_15:48:04.009[Status]Routing 234: Walk: 107
2020-01-29_15:48:04.114[Battery Energy]56.99
2020-01-29_15:48:04.242[Status]Routing 235: Walk: 107
2020-01-29_15:48:04.342[Battery Energy]56.89
2020-01-29_15:48:04.479[Status]Routing 236: Walk: 107
2020-01-29_15:48:04.599[Battery Energy]56.77
2020-01-29_15:48:04.716[Status]Routing 237: Walk: 107
2020-01-29_15:48:04.826[Battery Energy]56.69
2020-01-29_15:48:04.962[Status]Routing 238: Walk: 107
2020-01-29_15:48:05.070[Battery Energy]56.58
2020-01-29_15:48:05.226[Status]Routing 239: Walk: 107
2020-01-29_15:48:05.327[Battery Energy]56.48
2020-01-29_15:48:05.470[Status]Routing 240: Walk: 107
2020-01-29_15:48:05.578[Battery Energy]56.38
2020-01-29_15:48:05.694[Status]Routing 241: Walk: 107
2020-01-29_15:48:05.802[Battery Energy]56.27
2020-01-29_15:48:05.979[Status]Routing 242: Walk: 107
2020-01-29_15:48:06.079[Battery Energy]56.15
2020-01-29_15:48:06.211[Status]Routing 243: Walk: 107
2020-01-29_15:48:06.322[Battery Energy]56.02
2020-01-29_15:48:06.466[Status]Routing 244: Walk: 107
2020-01-29_15:48:06.570[Battery Energy]55.90
2020-01-29_15:48:06.706[Status]Routing 245: Walk: 107
2020-01-29_15:48:06.807[Battery Energy]55.80
2020-01-29_15:48:06.940[Status]Routing 246: Walk: 107
2020-01-29_15:48:07.048[Battery Energy]55.71
2020-01-29_15:48:07.209[Status]Routing 247: Walk: 107
2020-01-29_15:48:07.310[Battery Energy]55.61
2020-01-29_15:48:07.447[Status]Routing 248: Walk: 107
2020-01-29_15:48:07.548[Battery Energy]55.49
2020-01-29_15:48:07.681[Status]Routing 249: Walk: 107
2020-01-29_15:48:07.781[Battery Energy]55.40
2020-01-29_15:48:07.922[Status]Routing 250: Walk: 107
2020-01-29_15:48:08.034[Battery Energy]55.29
2020-01-29_15:48:08.163[Status]Routing 251: Walk: 107
2020-01-29_15:48:08.269[Battery Energy]55.22
2020-01-29_15:48:08.420[Status]Routing 252: Walk: 107
2020-01-29_15:48:08.532[Battery Energy]55.08
2020-01-29_15:48:08.669[Status]Routing 253: Walk: 107
2020-01-29_15:48:08.774[Battery Energy]54.96
2020-01-29_15:48:08.919[Status]Routing 254: Walk: 107
2020-01-29_15:48:09.025[Battery Energy]54.83
2020-01-29_15:48:09.163[Status]Routing 255: Walk: 107
2020-01-29_15:48:09.264[Battery Energy]54.71
2020-01-29_15:48:09.404[Status]Routing 256: Walk: 107
2020-01-29_15:48:09.516[Battery Energy]54.59
2020-01-29_15:48:09.635[Status]Routing 257: Walk: 107
2020-01-29_15:48:09.735[Battery Energy]54.49
2020-01-29_15:48:09.899[Status]Routing 258: Walk: 107
2020-01-29_15:48:10.006[Battery Energy]54.36
2020-01-29_15:48:10.160[Status]Routing 259: Walk: 107
2020-01-29_15:48:10.260[Battery Energy]54.24
2020-01-29_15:48:10.428[Status]Routing 260: Walk: 107
2020-01-29_15:48:10.538[Battery Energy]54.12
2020-01-29_15:48:10.662[Status]Routing 261: Walk: 107
2020-01-29_15:48:10.766[Battery Energy]54.01
2020-01-29_15:48:10.927[Status]Routing 262: Walk: 107
2020-01-29_15:48:11.032[Battery Energy]53.90
2020-01-29_15:48:11.202[Status]Routing 263: Walk: 107
2020-01-29_15:48:11.306[Battery Energy]53.79
