2020-02-08_12:37:56.566[Status]Start.
2020-02-08_12:37:56.566[Battery Energy]118.00
2020-02-08_12:37:57.668[Battery Energy]117.96
2020-02-08_12:37:58.769[Battery Energy]117.92
2020-02-08_12:37:59.870[Battery Energy]117.88
2020-02-08_12:38:00.971[Battery Energy]117.84
2020-02-08_12:38:02.072[Task]A New Task Released.
2020-02-08_12:38:02.072[Battery Energy]117.80
2020-02-08_12:38:02.072[Status]Selection Start.
2020-02-08_12:38:05.328[Status]Selection End: Do Task 1.
2020-02-08_12:38:05.429[Battery Energy]115.77
2020-02-08_12:38:05.429[Status]Formation Start.
2020-02-08_12:38:05.588[Status]number of tasks is 7
2020-02-08_12:38:05.591[Status]my group tasks is [ 1300.   700.]
2020-02-08_12:38:05.596[Status]my group tasks is [ 1262.34898019   778.18314825]
2020-02-08_12:38:05.613[Status]my group tasks is [ 1177.7479066    797.49279122]
2020-02-08_12:38:05.618[Status]my group tasks is [ 1109.90311321   743.38837391]
2020-02-08_12:38:05.619[Status]my group tasks is [ 1109.90311321   656.61162609]
2020-02-08_12:38:05.638[Status]my group tasks is [ 1177.7479066    602.50720878]
2020-02-08_12:38:05.638[Status]my group tasks is [ 1262.34898019   621.81685175]
2020-02-08_12:38:05.682[Status]mygroup_robots_utility is {8: [16.18075024434686, 17.392358891111186, 14.945534172708678, 16.24531190920084, 17.42529172297273, 28.816772139180515, 14.901145179572703], 9: [16.276659886287614, 17.08316935060274, 14.938583854154968, 17.325247641934368, 28.536368362727643, 14.610771544897409, 15.80090784165605], 10: [32.036697672509504, 17.397679064061087, 14.70214783030748, 16.93829675756464, 17.86436765896997, 14.895117304164096, 15.530646689327297], 11: [16.44573154923073, 33.73287014711585, 15.980392833535353, 29.305192775711053, 13.879734910899913, 14.076493862751056, 15.148684071289512], 12: [16.290457279186807, 17.36140439487632, 34.88879409320084, 14.4063713471728, 32.25545390395476, 14.864937845518794, 14.976840738220359], 13: [16.668993279105063, 16.542073011857532, 34.579103365457, 14.261968418308731, 15.17381338630586, 14.315305564966629, 15.308593595243655], 14: [16.099248304205783, 14.112752757706973, 15.38677377981329, 13.341074976264533, 13.274296622763002, 14.281049060617757, 15.54452444522902]}
2020-02-08_12:38:05.682[Status]self.local_queue is [8, 9, 10, 11, 12, 13, 14]
2020-02-08_12:38:05.682[Status]task_chosen index is 5
2020-02-08_12:38:05.682[Status]task_chosen index is 4
2020-02-08_12:38:05.682[Status]task_chosen index is 0
2020-02-08_12:38:05.682[Status]task_chosen index is 1
2020-02-08_12:38:05.682[Status]task_chosen index is 2
2020-02-08_12:38:05.683[Status]task_chosen index is 6
2020-02-08_12:38:05.683[Status]myindex_in_queue is 6
2020-02-08_12:38:05.683[Status]task destination is [1262.3489801858734, 621.816851753197]
2020-02-08_12:38:05.783[Battery Energy]115.63
2020-02-08_12:38:05.783[Status]Routing Start.
2020-02-08_12:38:05.948[Status]{'coordinate': [140.48758613781968, 248.16001729068878], 'id': 13}
2020-02-08_12:38:05.951[Status]Routing 1: Walk: 1
2020-02-08_12:38:06.058[Battery Energy]115.43
2020-02-08_12:38:06.058[Status]Routing Start.
2020-02-08_12:38:06.229[Status]{'coordinate': [149.97517227563935, 251.32003458137757], 'id': 13}
2020-02-08_12:38:06.229[Status]Routing 2: Walk: 2
2020-02-08_12:38:06.330[Battery Energy]115.20
2020-02-08_12:38:06.330[Status]Routing Start.
2020-02-08_12:38:06.497[Status]{'coordinate': [159.46275841345903, 254.48005187206635], 'id': 13}
2020-02-08_12:38:06.497[Status]Routing 3: Walk: 3
2020-02-08_12:38:06.602[Battery Energy]114.97
2020-02-08_12:38:06.602[Status]Routing Start.
2020-02-08_12:38:06.774[Status]{'coordinate': [168.9503445512787, 257.64006916275514], 'id': 13}
2020-02-08_12:38:06.774[Status]Routing 4: Walk: 4
2020-02-08_12:38:06.875[Battery Energy]114.75
2020-02-08_12:38:06.875[Status]Routing Start.
2020-02-08_12:38:07.021[Status]{'coordinate': [178.43793068909838, 260.8000864534439], 'id': 13}
2020-02-08_12:38:07.021[Status]Routing 5: Walk: 5
2020-02-08_12:38:07.132[Battery Energy]114.54
2020-02-08_12:38:07.132[Status]Routing Start.
2020-02-08_12:38:07.291[Status]{'coordinate': [187.92551682691806, 263.96010374413265], 'id': 13}
2020-02-08_12:38:07.291[Status]Routing 6: Walk: 6
2020-02-08_12:38:07.391[Battery Energy]114.32
2020-02-08_12:38:07.391[Status]Routing Start.
2020-02-08_12:38:07.731[Status]{'coordinate': [197.41310296473773, 267.1201210348214], 'id': 13}
2020-02-08_12:38:07.731[Status]Routing 7: Walk: 7
2020-02-08_12:38:07.834[Battery Energy]113.97
2020-02-08_12:38:07.834[Status]Routing Start.
2020-02-08_12:38:08.184[Status]{'coordinate': [206.9006891025574, 270.28013832551017], 'id': 13}
2020-02-08_12:38:08.184[Status]Routing 8: Walk: 8
2020-02-08_12:38:08.290[Battery Energy]113.64
2020-02-08_12:38:08.290[Status]Routing Start.
2020-02-08_12:38:08.648[Status]{'coordinate': [216.38827524037708, 273.4401556161989], 'id': 13}
2020-02-08_12:38:08.649[Status]Routing 9: Walk: 9
2020-02-08_12:38:08.750[Battery Energy]113.33
2020-02-08_12:38:08.750[Status]Routing Start.
2020-02-08_12:38:09.072[Status]{'coordinate': [225.87586137819676, 276.6001729068877], 'id': 13}
2020-02-08_12:38:09.072[Status]Routing 10: Walk: 10
2020-02-08_12:38:09.178[Battery Energy]113.04
2020-02-08_12:38:09.178[Status]Routing Start.
2020-02-08_12:38:09.509[Status]{'coordinate': [235.36344751601644, 279.76019019757643], 'id': 13}
2020-02-08_12:38:09.509[Status]Routing 11: Walk: 11
2020-02-08_12:38:09.612[Battery Energy]112.71
2020-02-08_12:38:09.612[Status]Routing Start.
2020-02-08_12:38:09.967[Status]{'coordinate': [244.8510336538361, 282.9202074882652], 'id': 13}
2020-02-08_12:38:09.968[Status]Routing 12: Walk: 12
2020-02-08_12:38:10.068[Battery Energy]112.38
2020-02-08_12:38:10.069[Status]Routing Start.
2020-02-08_12:38:10.408[Status]{'coordinate': [254.3386197916558, 286.08022477895395], 'id': 13}
2020-02-08_12:38:10.410[Status]Routing 13: Walk: 13
2020-02-08_12:38:10.510[Battery Energy]112.09
2020-02-08_12:38:10.510[Status]Routing Start.
2020-02-08_12:38:10.831[Status]{'coordinate': [263.82620592947546, 289.2402420696427], 'id': 13}
2020-02-08_12:38:10.831[Status]Routing 14: Walk: 14
2020-02-08_12:38:10.934[Battery Energy]111.77
2020-02-08_12:38:10.934[Status]Routing Start.
2020-02-08_12:38:11.279[Status]{'coordinate': [273.31379206729514, 292.40025936033146], 'id': 13}
2020-02-08_12:38:11.279[Status]Routing 15: Walk: 15
2020-02-08_12:38:11.382[Battery Energy]111.43
2020-02-08_12:38:11.382[Status]Routing Start.
2020-02-08_12:38:11.688[Status]{'coordinate': [282.8013782051148, 295.5602766510203], 'id': 13}
2020-02-08_12:38:11.688[Status]Routing 16: Walk: 16
2020-02-08_12:38:11.789[Battery Energy]111.13
2020-02-08_12:38:11.789[Status]Routing Start.
2020-02-08_12:38:12.120[Status]{'coordinate': [292.2889643429345, 298.7202939417091], 'id': 13}
2020-02-08_12:38:12.120[Status]Routing 17: Walk: 17
2020-02-08_12:38:12.222[Battery Energy]110.85
2020-02-08_12:38:12.222[Status]Routing Start.
2020-02-08_12:38:12.551[Status]{'coordinate': [301.77655048075417, 301.88031123239784], 'id': 13}
2020-02-08_12:38:12.552[Status]Routing 18: Walk: 18
2020-02-08_12:38:12.658[Battery Energy]110.52
2020-02-08_12:38:12.658[Status]Routing Start.
2020-02-08_12:38:13.000[Status]{'coordinate': [311.26413661857384, 305.04032852308666], 'id': 13}
2020-02-08_12:38:13.000[Status]Routing 19: Walk: 19
2020-02-08_12:38:13.101[Battery Energy]110.19
2020-02-08_12:38:13.101[Status]Routing Start.
2020-02-08_12:38:13.418[Status]{'coordinate': [320.7517227563935, 308.20034581377547], 'id': 13}
2020-02-08_12:38:13.418[Status]Routing 20: Walk: 20
2020-02-08_12:38:13.520[Battery Energy]109.90
2020-02-08_12:38:13.520[Status]Routing Start.
2020-02-08_12:38:13.824[Status]{'coordinate': [330.2393088942132, 311.3603631044643], 'id': 13}
2020-02-08_12:38:13.824[Status]Routing 21: Walk: 21
2020-02-08_12:38:13.925[Battery Energy]109.59
2020-02-08_12:38:13.925[Status]Routing Start.
2020-02-08_12:38:14.294[Status]{'coordinate': [339.72689503203287, 314.5203803951531], 'id': 13}
2020-02-08_12:38:14.300[Status]Routing 22: Walk: 22
2020-02-08_12:38:14.400[Battery Energy]109.26
2020-02-08_12:38:14.400[Status]Routing Start.
2020-02-08_12:38:14.712[Status]{'coordinate': [349.21448116985255, 317.68039768584185], 'id': 13}
2020-02-08_12:38:14.712[Status]Routing 23: Walk: 23
2020-02-08_12:38:14.821[Battery Energy]108.97
2020-02-08_12:38:14.821[Status]Routing Start.
2020-02-08_12:38:15.140[Status]{'coordinate': [358.7020673076722, 320.84041497653067], 'id': 13}
2020-02-08_12:38:15.140[Status]Routing 24: Walk: 24
2020-02-08_12:38:15.246[Battery Energy]108.63
2020-02-08_12:38:15.246[Status]Routing Start.
2020-02-08_12:38:15.543[Status]{'coordinate': [368.1896534454919, 324.0004322672194], 'id': 13}
2020-02-08_12:38:15.544[Status]Routing 25: Walk: 25
2020-02-08_12:38:15.650[Battery Energy]108.33
2020-02-08_12:38:15.650[Status]Routing Start.
2020-02-08_12:38:15.969[Status]{'coordinate': [377.6772395833116, 327.16044955790824], 'id': 13}
2020-02-08_12:38:15.969[Status]Routing 26: Walk: 26
2020-02-08_12:38:16.069[Battery Energy]107.98
2020-02-08_12:38:16.069[Status]Routing Start.
2020-02-08_12:38:16.410[Status]{'coordinate': [387.16482572113125, 330.320466848597], 'id': 13}
2020-02-08_12:38:16.410[Status]Routing 27: Walk: 27
2020-02-08_12:38:16.523[Battery Energy]107.70
2020-02-08_12:38:16.523[Status]Routing Start.
2020-02-08_12:38:16.674[Status]{'coordinate': [396.6524118589509, 333.48048413928575], 'id': 13}
2020-02-08_12:38:16.674[Status]Routing 28: Walk: 28
2020-02-08_12:38:16.782[Battery Energy]107.48
2020-02-08_12:38:16.782[Status]Routing Start.
2020-02-08_12:38:17.116[Status]{'coordinate': [406.1399979967706, 336.64050142997456], 'id': 13}
2020-02-08_12:38:17.116[Status]Routing 29: Walk: 29
2020-02-08_12:38:17.219[Battery Energy]107.18
2020-02-08_12:38:17.219[Status]Routing Start.
2020-02-08_12:38:17.560[Status]{'coordinate': [415.6275841345903, 339.8005187206634], 'id': 13}
2020-02-08_12:38:17.562[Status]Routing 30: Walk: 30
2020-02-08_12:38:17.678[Battery Energy]106.83
2020-02-08_12:38:17.678[Status]Routing Start.
2020-02-08_12:38:17.966[Status]{'coordinate': [425.11517027240996, 342.96053601135213], 'id': 13}
2020-02-08_12:38:17.968[Status]Routing 31: Walk: 31
2020-02-08_12:38:18.070[Battery Energy]106.55
2020-02-08_12:38:18.070[Status]Routing Start.
2020-02-08_12:38:18.363[Status]{'coordinate': [434.60275641022963, 346.1205533020409], 'id': 13}
2020-02-08_12:38:18.363[Status]Routing 32: Walk: 32
2020-02-08_12:38:18.463[Battery Energy]106.23
2020-02-08_12:38:18.463[Status]Routing Start.
2020-02-08_12:38:18.790[Status]{'coordinate': [444.0903425480493, 349.28057059272965], 'id': 13}
2020-02-08_12:38:18.791[Status]Routing 33: Walk: 33
2020-02-08_12:38:18.895[Battery Energy]105.90
2020-02-08_12:38:18.895[Status]Routing Start.
2020-02-08_12:38:19.266[Status]{'coordinate': [453.577928685869, 352.44058788341846], 'id': 13}
2020-02-08_12:38:19.266[Status]Routing 34: Walk: 34
2020-02-08_12:38:19.369[Battery Energy]105.55
2020-02-08_12:38:19.369[Status]Routing Start.
2020-02-08_12:38:19.694[Status]{'coordinate': [463.06551482368866, 355.6006051741073], 'id': 13}
2020-02-08_12:38:19.695[Status]Routing 35: Walk: 35
2020-02-08_12:38:19.795[Battery Energy]105.28
2020-02-08_12:38:19.795[Status]Routing Start.
2020-02-08_12:38:20.138[Status]{'coordinate': [472.55310096150833, 358.7606224647961], 'id': 13}
2020-02-08_12:38:20.139[Status]Routing 36: Walk: 36
2020-02-08_12:38:20.239[Battery Energy]104.95
2020-02-08_12:38:20.239[Status]Routing Start.
2020-02-08_12:38:20.656[Status]{'coordinate': [482.040687099328, 361.9206397554849], 'id': 13}
2020-02-08_12:38:20.656[Status]Routing 37: Walk: 37
2020-02-08_12:38:20.766[Battery Energy]104.60
2020-02-08_12:38:20.766[Status]Routing Start.
2020-02-08_12:38:20.909[Status]{'coordinate': [491.5282732371477, 365.08065704617366], 'id': 13}
2020-02-08_12:38:20.909[Status]Routing 38: Walk: 38
2020-02-08_12:38:21.022[Battery Energy]104.42
2020-02-08_12:38:21.022[Status]Routing Start.
2020-02-08_12:38:21.170[Status]{'coordinate': [501.01585937496736, 368.24067433686247], 'id': 13}
2020-02-08_12:38:21.170[Status]Routing 39: Walk: 39
2020-02-08_12:38:21.271[Battery Energy]104.20
2020-02-08_12:38:21.271[Status]Routing Start.
2020-02-08_12:38:21.529[Status]{'coordinate': [510.50344551278704, 371.4006916275512], 'id': 13}
2020-02-08_12:38:21.529[Status]Routing 40: Walk: 40
2020-02-08_12:38:21.638[Battery Energy]103.92
2020-02-08_12:38:21.638[Status]Routing Start.
2020-02-08_12:38:21.953[Status]{'coordinate': [519.9910316506067, 374.56070891824004], 'id': 13}
2020-02-08_12:38:21.953[Status]Routing 41: Walk: 41
2020-02-08_12:38:22.054[Battery Energy]103.61
2020-02-08_12:38:22.054[Status]Routing Start.
2020-02-08_12:38:22.359[Status]{'coordinate': [529.4786177884264, 377.7207262089288], 'id': 13}
2020-02-08_12:38:22.359[Status]Routing 42: Walk: 42
2020-02-08_12:38:22.465[Battery Energy]103.33
2020-02-08_12:38:22.465[Status]Routing Start.
2020-02-08_12:38:22.641[Status]{'coordinate': [538.9662039262461, 380.8807434996176], 'id': 13}
2020-02-08_12:38:22.641[Status]Routing 43: Walk: 43
2020-02-08_12:38:22.744[Battery Energy]103.10
2020-02-08_12:38:22.744[Status]Routing Start.
2020-02-08_12:38:22.903[Status]{'coordinate': [548.4537900640657, 384.0407607903064], 'id': 13}
2020-02-08_12:38:22.903[Status]Routing 44: Walk: 44
2020-02-08_12:38:23.003[Battery Energy]102.89
2020-02-08_12:38:23.003[Status]Routing Start.
2020-02-08_12:38:23.171[Status]{'coordinate': [557.9413762018854, 387.2007780809952], 'id': 13}
2020-02-08_12:38:23.171[Status]Routing 45: Walk: 45
2020-02-08_12:38:23.290[Battery Energy]102.65
2020-02-08_12:38:23.290[Status]Routing Start.
2020-02-08_12:38:23.512[Status]{'coordinate': [567.4289623397051, 390.36079537168393], 'id': 13}
2020-02-08_12:38:23.512[Status]Routing 46: Walk: 46
2020-02-08_12:38:23.626[Battery Energy]102.38
2020-02-08_12:38:23.626[Status]Routing Start.
2020-02-08_12:38:23.894[Status]{'coordinate': [576.9165484775248, 393.52081266237275], 'id': 13}
2020-02-08_12:38:23.895[Status]Routing 47: Walk: 47
2020-02-08_12:38:23.998[Battery Energy]102.06
2020-02-08_12:38:23.998[Status]Routing Start.
2020-02-08_12:38:24.320[Status]{'coordinate': [586.4041346153444, 396.68082995306156], 'id': 13}
2020-02-08_12:38:24.320[Status]Routing 48: Walk: 48
2020-02-08_12:38:24.427[Battery Energy]101.75
2020-02-08_12:38:24.427[Status]Routing Start.
2020-02-08_12:38:24.721[Status]{'coordinate': [595.8917207531641, 399.8408472437503], 'id': 13}
2020-02-08_12:38:24.721[Status]Routing 49: Walk: 49
2020-02-08_12:38:24.822[Battery Energy]101.48
2020-02-08_12:38:24.822[Status]Routing Start.
2020-02-08_12:38:25.208[Status]{'coordinate': [605.3793068909838, 403.00086453443913], 'id': 13}
2020-02-08_12:38:25.209[Status]Routing 50: Walk: 50
2020-02-08_12:38:25.310[Battery Energy]101.11
2020-02-08_12:38:25.310[Status]Routing Start.
2020-02-08_12:38:25.619[Status]{'coordinate': [614.8668930288035, 406.16088182512794], 'id': 13}
2020-02-08_12:38:25.619[Status]Routing 51: Walk: 51
2020-02-08_12:38:25.727[Battery Energy]100.85
2020-02-08_12:38:25.727[Status]Routing Start.
2020-02-08_12:38:26.048[Status]{'coordinate': [624.3544791666232, 409.3208991158167], 'id': 13}
2020-02-08_12:38:26.050[Status]Routing 52: Walk: 52
2020-02-08_12:38:26.154[Battery Energy]100.58
2020-02-08_12:38:26.154[Status]Routing Start.
2020-02-08_12:38:26.491[Status]{'coordinate': [633.8420653044428, 412.4809164065055], 'id': 13}
2020-02-08_12:38:26.493[Status]Routing 53: Walk: 53
2020-02-08_12:38:26.600[Battery Energy]100.28
2020-02-08_12:38:26.600[Status]Routing Start.
2020-02-08_12:38:26.918[Status]{'coordinate': [643.3296514422625, 415.64093369719427], 'id': 13}
2020-02-08_12:38:26.918[Status]Routing 54: Walk: 54
2020-02-08_12:38:27.026[Battery Energy]99.98
2020-02-08_12:38:27.026[Status]Routing Start.
2020-02-08_12:38:27.182[Status]{'coordinate': [652.8172375800822, 418.800950987883], 'id': 13}
2020-02-08_12:38:27.182[Status]Routing 55: Walk: 55
2020-02-08_12:38:27.286[Battery Energy]99.76
2020-02-08_12:38:27.286[Status]Routing Start.
2020-02-08_12:38:27.437[Status]{'coordinate': [662.3048237179019, 421.96096827857184], 'id': 13}
2020-02-08_12:38:27.438[Status]Routing 56: Walk: 56
2020-02-08_12:38:27.538[Battery Energy]99.57
2020-02-08_12:38:27.538[Status]Routing Start.
2020-02-08_12:38:27.683[Status]{'coordinate': [671.7924098557215, 425.1209855692606], 'id': 13}
2020-02-08_12:38:27.684[Status]Routing 57: Walk: 57
2020-02-08_12:38:27.806[Battery Energy]99.35
2020-02-08_12:38:27.806[Status]Routing Start.
2020-02-08_12:38:28.151[Status]{'coordinate': [681.2799959935412, 428.2810028599494], 'id': 13}
2020-02-08_12:38:28.151[Status]Routing 58: Walk: 58
2020-02-08_12:38:28.258[Battery Energy]99.04
2020-02-08_12:38:28.258[Status]Routing Start.
2020-02-08_12:38:28.411[Status]{'coordinate': [690.7675821313609, 431.4410201506382], 'id': 13}
2020-02-08_12:38:28.411[Status]Routing 59: Walk: 59
2020-02-08_12:38:28.522[Battery Energy]98.83
2020-02-08_12:38:28.522[Status]Routing Start.
2020-02-08_12:38:28.819[Status]{'coordinate': [700.2551682691806, 434.601037441327], 'id': 13}
2020-02-08_12:38:28.819[Status]Routing 60: Walk: 60
2020-02-08_12:38:28.926[Battery Energy]98.51
2020-02-08_12:38:28.926[Status]Routing Start.
2020-02-08_12:38:29.059[Status]{'coordinate': [709.7427544070002, 437.7610547320158], 'id': 13}
2020-02-08_12:38:29.059[Status]Routing 61: Walk: 61
2020-02-08_12:38:29.159[Battery Energy]98.29
2020-02-08_12:38:29.159[Status]Routing Start.
2020-02-08_12:38:29.541[Status]{'coordinate': [719.2303405448199, 440.9210720227046], 'id': 13}
2020-02-08_12:38:29.541[Status]Routing 62: Walk: 62
2020-02-08_12:38:29.646[Battery Energy]97.96
2020-02-08_12:38:29.646[Status]Routing Start.
2020-02-08_12:38:29.962[Status]{'coordinate': [728.7179266826396, 444.08108931339336], 'id': 13}
2020-02-08_12:38:29.962[Status]Routing 63: Walk: 63
2020-02-08_12:38:30.070[Battery Energy]97.64
2020-02-08_12:38:30.070[Status]Routing Start.
2020-02-08_12:38:30.405[Status]{'coordinate': [738.2055128204593, 447.2411066040821], 'id': 13}
2020-02-08_12:38:30.405[Status]Routing 64: Walk: 64
2020-02-08_12:38:30.510[Battery Energy]97.33
2020-02-08_12:38:30.510[Status]Routing Start.
2020-02-08_12:38:30.664[Status]{'coordinate': [747.6930989582789, 450.40112389477093], 'id': 13}
2020-02-08_12:38:30.664[Status]Routing 65: Walk: 65
2020-02-08_12:38:30.764[Battery Energy]97.10
2020-02-08_12:38:30.764[Status]Routing Start.
2020-02-08_12:38:30.924[Status]{'coordinate': [757.1806850960986, 453.56114118545975], 'id': 13}
2020-02-08_12:38:30.924[Status]Routing 66: Walk: 66
2020-02-08_12:38:31.024[Battery Energy]96.90
2020-02-08_12:38:31.024[Status]Routing Start.
2020-02-08_12:38:31.232[Status]{'coordinate': [766.6682712339183, 456.7211584761485], 'id': 13}
2020-02-08_12:38:31.232[Status]Routing 67: Walk: 67
2020-02-08_12:38:31.342[Battery Energy]96.66
2020-02-08_12:38:31.342[Status]Routing Start.
2020-02-08_12:38:31.531[Status]{'coordinate': [776.155857371738, 459.8811757668373], 'id': 13}
2020-02-08_12:38:31.533[Status]Routing 68: Walk: 68
2020-02-08_12:38:31.641[Battery Energy]96.44
2020-02-08_12:38:31.641[Status]Routing Start.
2020-02-08_12:38:31.887[Status]{'coordinate': [785.6434435095576, 463.0411930575261], 'id': 13}
2020-02-08_12:38:31.889[Status]Routing 69: Walk: 69
2020-02-08_12:38:31.989[Battery Energy]96.20
2020-02-08_12:38:31.989[Status]Routing Start.
2020-02-08_12:38:32.152[Status]{'coordinate': [795.1310296473773, 466.2012103482149], 'id': 13}
2020-02-08_12:38:32.152[Status]Routing 70: Walk: 70
2020-02-08_12:38:32.262[Battery Energy]95.99
2020-02-08_12:38:32.262[Status]Routing Start.
2020-02-08_12:38:32.407[Status]{'coordinate': [804.618615785197, 469.36122763890364], 'id': 13}
2020-02-08_12:38:32.407[Status]Routing 71: Walk: 71
2020-02-08_12:38:32.507[Battery Energy]95.77
2020-02-08_12:38:32.508[Status]Routing Start.
2020-02-08_12:38:32.689[Status]{'coordinate': [814.1062019230167, 472.52124492959246], 'id': 13}
2020-02-08_12:38:32.689[Status]Routing 72: Walk: 72
2020-02-08_12:38:32.796[Battery Energy]95.55
2020-02-08_12:38:32.796[Status]Routing Start.
2020-02-08_12:38:32.951[Status]{'coordinate': [823.5937880608363, 475.68126222028127], 'id': 13}
2020-02-08_12:38:32.951[Status]Routing 73: Walk: 73
2020-02-08_12:38:33.051[Battery Energy]95.30
2020-02-08_12:38:33.051[Status]Routing Start.
2020-02-08_12:38:33.204[Status]{'coordinate': [833.081374198656, 478.84127951097], 'id': 13}
2020-02-08_12:38:33.204[Status]Routing 74: Walk: 74
2020-02-08_12:38:33.304[Battery Energy]95.06
2020-02-08_12:38:33.304[Status]Routing Start.
2020-02-08_12:38:33.469[Status]{'coordinate': [842.5689603364757, 482.0012968016588], 'id': 13}
2020-02-08_12:38:33.469[Status]Routing 75: Walk: 75
2020-02-08_12:38:33.569[Battery Energy]94.85
2020-02-08_12:38:33.570[Status]Routing Start.
2020-02-08_12:38:33.709[Status]{'coordinate': [852.0565464742954, 485.1613140923476], 'id': 13}
2020-02-08_12:38:33.709[Status]Routing 76: Walk: 76
2020-02-08_12:38:33.810[Battery Energy]94.66
2020-02-08_12:38:33.810[Status]Routing Start.
2020-02-08_12:38:33.986[Status]{'coordinate': [861.544132612115, 488.3213313830364], 'id': 13}
2020-02-08_12:38:33.989[Status]Routing 77: Walk: 77
2020-02-08_12:38:34.102[Battery Energy]94.45
2020-02-08_12:38:34.102[Status]Routing Start.
2020-02-08_12:38:34.410[Status]{'coordinate': [871.0317187499347, 491.48134867372517], 'id': 13}
2020-02-08_12:38:34.410[Status]Routing 78: Walk: 78
2020-02-08_12:38:34.514[Battery Energy]94.18
2020-02-08_12:38:34.514[Status]Routing Start.
2020-02-08_12:38:34.811[Status]{'coordinate': [880.5193048877544, 494.6413659644139], 'id': 13}
2020-02-08_12:38:34.812[Status]Routing 79: Walk: 79
2020-02-08_12:38:34.918[Battery Energy]93.89
2020-02-08_12:38:34.918[Status]Routing Start.
2020-02-08_12:38:35.265[Status]{'coordinate': [890.0068910255741, 497.80138325510273], 'id': 13}
2020-02-08_12:38:35.266[Status]Routing 80: Walk: 80
2020-02-08_12:38:35.374[Battery Energy]93.53
2020-02-08_12:38:35.374[Status]Routing Start.
2020-02-08_12:38:35.550[Status]{'coordinate': [899.4944771633938, 500.96140054579155], 'id': 13}
2020-02-08_12:38:35.550[Status]Routing 81: Walk: 81
2020-02-08_12:38:35.654[Battery Energy]93.30
2020-02-08_12:38:35.654[Status]Routing Start.
2020-02-08_12:38:35.796[Status]{'coordinate': [908.9820633012134, 504.1214178364803], 'id': 13}
2020-02-08_12:38:35.796[Status]Routing 82: Walk: 82
2020-02-08_12:38:35.902[Battery Energy]93.11
2020-02-08_12:38:35.902[Status]Routing Start.
2020-02-08_12:38:36.028[Status]{'coordinate': [918.4696494390331, 507.2814351271691], 'id': 13}
2020-02-08_12:38:36.028[Status]Routing 83: Walk: 83
2020-02-08_12:38:36.128[Battery Energy]92.91
2020-02-08_12:38:36.128[Status]Routing Start.
2020-02-08_12:38:36.282[Status]{'coordinate': [927.9572355768528, 510.4414524178579], 'id': 13}
2020-02-08_12:38:36.287[Status]Routing 84: Walk: 84
2020-02-08_12:38:36.398[Battery Energy]92.68
2020-02-08_12:38:36.398[Status]Routing Start.
2020-02-08_12:38:36.678[Status]{'coordinate': [937.4448217146725, 513.6014697085467], 'id': 13}
2020-02-08_12:38:36.678[Status]Routing 85: Walk: 85
2020-02-08_12:38:36.784[Battery Energy]92.37
2020-02-08_12:38:36.784[Status]Routing Start.
2020-02-08_12:38:36.935[Status]{'coordinate': [946.9324078524921, 516.7614869992354], 'id': 13}
2020-02-08_12:38:36.935[Status]Routing 86: Walk: 86
2020-02-08_12:38:37.035[Battery Energy]92.18
2020-02-08_12:38:37.035[Status]Routing Start.
2020-02-08_12:38:37.185[Status]{'coordinate': [956.4199939903118, 519.9215042899242], 'id': 13}
2020-02-08_12:38:37.185[Status]Routing 87: Walk: 87
2020-02-08_12:38:37.285[Battery Energy]91.97
2020-02-08_12:38:37.285[Status]Routing Start.
2020-02-08_12:38:37.465[Status]{'coordinate': [965.9075801281315, 523.081521580613], 'id': 13}
2020-02-08_12:38:37.465[Status]Routing 88: Walk: 88
2020-02-08_12:38:37.566[Battery Energy]91.74
2020-02-08_12:38:37.566[Status]Routing Start.
2020-02-08_12:38:37.711[Status]{'coordinate': [975.3951662659512, 526.2415388713017], 'id': 13}
2020-02-08_12:38:37.711[Status]Routing 89: Walk: 89
2020-02-08_12:38:37.812[Battery Energy]91.54
2020-02-08_12:38:37.812[Status]Routing Start.
2020-02-08_12:38:37.966[Status]{'coordinate': [984.8827524037708, 529.4015561619905], 'id': 13}
2020-02-08_12:38:37.966[Status]Routing 90: Walk: 90
2020-02-08_12:38:38.071[Battery Energy]91.35
2020-02-08_12:38:38.071[Status]Routing Start.
2020-02-08_12:38:38.209[Status]{'coordinate': [994.3703385415905, 532.5615734526792], 'id': 13}
2020-02-08_12:38:38.209[Status]Routing 91: Walk: 91
2020-02-08_12:38:38.317[Battery Energy]91.13
2020-02-08_12:38:38.317[Status]Routing Start.
2020-02-08_12:38:38.482[Status]{'coordinate': [1003.8579246794102, 535.721590743368], 'id': 13}
2020-02-08_12:38:38.482[Status]Routing 92: Walk: 92
2020-02-08_12:38:38.588[Battery Energy]90.90
2020-02-08_12:38:38.589[Status]Routing Start.
2020-02-08_12:38:38.735[Status]{'coordinate': [1013.3455108172299, 538.8816080340567], 'id': 13}
2020-02-08_12:38:38.735[Status]Routing 93: Walk: 93
2020-02-08_12:38:38.846[Battery Energy]90.70
2020-02-08_12:38:38.846[Status]Routing Start.
2020-02-08_12:38:38.988[Status]{'coordinate': [1022.8330969550495, 542.0416253247455], 'id': 13}
2020-02-08_12:38:38.988[Status]Routing 94: Walk: 94
2020-02-08_12:38:39.104[Battery Energy]90.49
2020-02-08_12:38:39.105[Status]Routing Start.
2020-02-08_12:38:39.261[Status]{'coordinate': [1032.320683092869, 545.2016426154343], 'id': 13}
2020-02-08_12:38:39.261[Status]Routing 95: Walk: 95
2020-02-08_12:38:39.361[Battery Energy]90.31
2020-02-08_12:38:39.361[Status]Routing Start.
2020-02-08_12:38:39.515[Status]{'coordinate': [1041.8082692306887, 548.361659906123], 'id': 13}
2020-02-08_12:38:39.515[Status]Routing 96: Walk: 96
2020-02-08_12:38:39.622[Battery Energy]90.10
2020-02-08_12:38:39.622[Status]Routing Start.
2020-02-08_12:38:39.768[Status]{'coordinate': [1051.2958553685082, 551.5216771968118], 'id': 13}
2020-02-08_12:38:39.768[Status]Routing 97: Walk: 97
2020-02-08_12:38:39.878[Battery Energy]89.88
2020-02-08_12:38:39.878[Status]Routing Start.
2020-02-08_12:38:40.098[Status]{'coordinate': [1060.7834415063278, 554.6816944875005], 'id': 13}
2020-02-08_12:38:40.098[Status]Routing 98: Walk: 98
2020-02-08_12:38:40.205[Battery Energy]89.63
2020-02-08_12:38:40.205[Status]Routing Start.
2020-02-08_12:38:40.369[Status]{'coordinate': [1070.2710276441474, 557.8417117781893], 'id': 13}
2020-02-08_12:38:40.369[Status]Routing 99: Walk: 99
2020-02-08_12:38:40.478[Battery Energy]89.42
2020-02-08_12:38:40.478[Status]Routing Start.
2020-02-08_12:38:40.787[Status]{'coordinate': [1079.758613781967, 561.001729068878], 'id': 13}
2020-02-08_12:38:40.787[Status]Routing 100: Walk: 100
2020-02-08_12:38:40.887[Battery Energy]89.12
2020-02-08_12:38:40.888[Status]Routing Start.
2020-02-08_12:38:41.208[Status]{'coordinate': [1089.2461999197865, 564.1617463595668], 'id': 13}
2020-02-08_12:38:41.209[Status]Routing 101: Walk: 101
2020-02-08_12:38:41.309[Battery Energy]88.79
2020-02-08_12:38:41.309[Status]Routing Start.
2020-02-08_12:38:41.471[Status]{'coordinate': [1098.733786057606, 567.3217636502555], 'id': 13}
2020-02-08_12:38:41.471[Status]Routing 102: Walk: 102
2020-02-08_12:38:41.571[Battery Energy]88.59
2020-02-08_12:38:41.571[Status]Routing Start.
2020-02-08_12:38:41.899[Status]{'coordinate': [1108.2213721954256, 570.4817809409443], 'id': 13}
2020-02-08_12:38:41.899[Status]Routing 103: Walk: 103
2020-02-08_12:38:42.008[Battery Energy]88.26
2020-02-08_12:38:42.008[Status]Routing Start.
2020-02-08_12:38:42.147[Status]{'coordinate': [1117.7089583332452, 573.6417982316331], 'id': 13}
2020-02-08_12:38:42.150[Status]Routing 104: Walk: 104
2020-02-08_12:38:42.262[Battery Energy]88.07
2020-02-08_12:38:42.262[Status]Routing Start.
2020-02-08_12:38:42.412[Status]{'coordinate': [1127.1965444710647, 576.8018155223218], 'id': 13}
2020-02-08_12:38:42.412[Status]Routing 105: Walk: 105
2020-02-08_12:38:42.518[Battery Energy]87.83
2020-02-08_12:38:42.518[Status]Routing Start.
2020-02-08_12:38:42.745[Status]{'coordinate': [1136.6841306088843, 579.9618328130106], 'id': 13}
2020-02-08_12:38:42.745[Status]Routing 106: Walk: 106
2020-02-08_12:38:42.850[Battery Energy]87.56
2020-02-08_12:38:42.850[Status]Routing Start.
2020-02-08_12:38:43.141[Status]{'coordinate': [1146.1717167467039, 583.1218501036993], 'id': 13}
2020-02-08_12:38:43.141[Status]Routing 107: Walk: 107
2020-02-08_12:38:43.246[Battery Energy]87.27
2020-02-08_12:38:43.246[Status]Routing Start.
2020-02-08_12:38:43.554[Status]{'coordinate': [1155.6593028845234, 586.2818673943881], 'id': 13}
2020-02-08_12:38:43.555[Status]Routing 108: Walk: 108
2020-02-08_12:38:43.659[Battery Energy]86.95
2020-02-08_12:38:43.659[Status]Routing Start.
2020-02-08_12:38:43.954[Status]{'coordinate': [1165.146889022343, 589.4418846850768], 'id': 13}
2020-02-08_12:38:43.954[Status]Routing 109: Walk: 109
2020-02-08_12:38:44.054[Battery Energy]86.64
2020-02-08_12:38:44.054[Status]Routing Start.
2020-02-08_12:38:44.333[Status]{'coordinate': [1174.6344751601625, 592.6019019757656], 'id': 13}
2020-02-08_12:38:44.333[Status]Routing 110: Walk: 110
2020-02-08_12:38:44.446[Battery Energy]86.37
2020-02-08_12:38:44.446[Status]Routing Start.
2020-02-08_12:38:44.600[Status]{'coordinate': [1184.122061297982, 595.7619192664544], 'id': 13}
2020-02-08_12:38:44.600[Status]Routing 111: Walk: 111
2020-02-08_12:38:44.706[Battery Energy]86.16
2020-02-08_12:38:44.706[Status]Routing Start.
2020-02-08_12:38:44.931[Status]{'coordinate': [1193.6096474358017, 598.9219365571431], 'id': 13}
2020-02-08_12:38:44.932[Status]Routing 112: Walk: 112
2020-02-08_12:38:45.050[Battery Energy]85.90
2020-02-08_12:38:45.054[Status]Routing Start.
2020-02-08_12:38:45.287[Status]{'coordinate': [1203.0972335736212, 602.0819538478319], 'id': 13}
2020-02-08_12:38:45.287[Status]Routing 113: Walk: 113
2020-02-08_12:38:45.390[Battery Energy]85.64
2020-02-08_12:38:45.390[Status]Routing Start.
2020-02-08_12:38:45.543[Status]{'coordinate': [1212.5848197114408, 605.2419711385206], 'id': 13}
2020-02-08_12:38:45.543[Status]Routing 114: Walk: 114
2020-02-08_12:38:45.650[Battery Energy]85.40
2020-02-08_12:38:45.650[Status]Routing Start.
2020-02-08_12:38:45.822[Status]{'coordinate': [1222.0724058492603, 608.4019884292094], 'id': 13}
2020-02-08_12:38:45.822[Status]Routing 115: Walk: 115
2020-02-08_12:38:45.922[Battery Energy]85.19
2020-02-08_12:38:45.923[Status]Routing Start.
2020-02-08_12:38:46.087[Status]{'coordinate': [1231.55999198708, 611.5620057198983], 'id': 13}
2020-02-08_12:38:46.087[Status]Routing 116: Walk: 116
2020-02-08_12:38:46.188[Battery Energy]84.95
2020-02-08_12:38:46.188[Status]Routing Start.
2020-02-08_12:38:46.337[Status]{'coordinate': [1241.0475781248995, 614.722023010587], 'id': 13}
2020-02-08_12:38:46.337[Status]Routing 117: Walk: 117
2020-02-08_12:38:46.450[Battery Energy]84.73
2020-02-08_12:38:46.450[Status]Routing Start.
2020-02-08_12:38:46.598[Status]{'coordinate': [1250.535164262719, 617.8820403012758], 'id': 13}
2020-02-08_12:38:46.599[Status]Routing 118: Walk: 118
2020-02-08_12:38:46.699[Battery Energy]84.52
2020-02-08_12:38:46.699[Status]Routing Start.
2020-02-08_12:38:46.841[Status]{'coordinate': [1260.0227504005386, 621.0420575919645], 'id': 13}
2020-02-08_12:38:46.841[Status]Routing 119: Walk: 119
2020-02-08_12:38:46.950[Battery Energy]84.33
2020-02-08_12:38:46.950[Status]Routing Start.
2020-02-08_12:38:46.950[Status]Task Finished.
2020-02-08_12:38:47.050[Battery Energy]84.33
2020-02-08_12:38:47.178[Status]Routing 121: Walk: 119
2020-02-08_12:38:47.280[Battery Energy]84.22
2020-02-08_12:38:47.423[Status]Routing 122: Walk: 119
2020-02-08_12:38:47.533[Battery Energy]84.13
2020-02-08_12:38:47.859[Status]Routing 123: Walk: 119
2020-02-08_12:38:47.960[Battery Energy]83.94
2020-02-08_12:38:48.344[Status]Routing 124: Walk: 119
2020-02-08_12:38:48.448[Battery Energy]83.67
2020-02-08_12:38:48.801[Status]Routing 125: Walk: 119
2020-02-08_12:38:48.910[Battery Energy]83.48
2020-02-08_12:38:49.062[Status]Routing 126: Walk: 119
2020-02-08_12:38:49.162[Battery Energy]83.38
2020-02-08_12:38:49.415[Status]Routing 127: Walk: 119
2020-02-08_12:38:49.516[Battery Energy]83.22
2020-02-08_12:38:49.660[Status]Routing 128: Walk: 119
2020-02-08_12:38:49.770[Battery Energy]83.11
2020-02-08_12:38:50.131[Status]Routing 129: Walk: 119
2020-02-08_12:38:50.238[Battery Energy]82.91
2020-02-08_12:38:50.552[Status]Routing 130: Walk: 119
2020-02-08_12:38:50.652[Battery Energy]82.70
2020-02-08_12:38:50.964[Status]Routing 131: Walk: 119
2020-02-08_12:38:51.078[Battery Energy]82.56
2020-02-08_12:38:51.242[Status]Routing 132: Walk: 119
2020-02-08_12:38:51.342[Battery Energy]82.44
2020-02-08_12:38:51.651[Status]Routing 133: Walk: 119
2020-02-08_12:38:51.758[Battery Energy]82.24
2020-02-08_12:38:52.057[Status]Routing 134: Walk: 119
2020-02-08_12:38:52.158[Battery Energy]82.03
2020-02-08_12:38:52.517[Status]Routing 135: Walk: 119
2020-02-08_12:38:52.622[Battery Energy]81.80
2020-02-08_12:38:52.983[Status]Routing 136: Walk: 119
2020-02-08_12:38:53.098[Battery Energy]81.62
2020-02-08_12:38:53.398[Status]Routing 137: Walk: 119
2020-02-08_12:38:53.498[Battery Energy]81.45
2020-02-08_12:38:53.673[Status]Routing 138: Walk: 119
2020-02-08_12:38:53.786[Battery Energy]81.35
2020-02-08_12:38:53.920[Status]Routing 139: Walk: 119
2020-02-08_12:38:54.030[Battery Energy]81.23
2020-02-08_12:38:54.261[Status]Routing 140: Walk: 119
2020-02-08_12:38:54.362[Battery Energy]81.05
2020-02-08_12:38:54.526[Status]Routing 141: Walk: 119
2020-02-08_12:38:54.632[Battery Energy]80.95
2020-02-08_12:38:54.777[Status]Routing 142: Walk: 119
2020-02-08_12:38:54.879[Battery Energy]80.83
2020-02-08_12:38:55.043[Status]Routing 143: Walk: 119
2020-02-08_12:38:55.151[Battery Energy]80.71
2020-02-08_12:38:55.274[Status]Routing 144: Walk: 119
2020-02-08_12:38:55.374[Battery Energy]80.62
2020-02-08_12:38:55.522[Status]Routing 145: Walk: 119
2020-02-08_12:38:55.622[Battery Energy]80.53
2020-02-08_12:38:55.773[Status]Routing 146: Walk: 119
2020-02-08_12:38:55.886[Battery Energy]80.43
2020-02-08_12:38:56.007[Status]Routing 147: Walk: 119
2020-02-08_12:38:56.122[Battery Energy]80.32
2020-02-08_12:38:56.278[Status]Routing 148: Walk: 119
2020-02-08_12:38:56.386[Battery Energy]80.19
2020-02-08_12:38:56.548[Status]Routing 149: Walk: 119
2020-02-08_12:38:56.648[Battery Energy]80.08
2020-02-08_12:38:56.797[Status]Routing 150: Walk: 119
2020-02-08_12:38:56.906[Battery Energy]80.00
2020-02-08_12:38:57.080[Status]Routing 151: Walk: 119
2020-02-08_12:38:57.182[Battery Energy]79.87
2020-02-08_12:38:57.345[Status]Routing 152: Walk: 119
2020-02-08_12:38:57.447[Battery Energy]79.75
2020-02-08_12:38:57.612[Status]Routing 153: Walk: 119
2020-02-08_12:38:57.712[Battery Energy]79.62
2020-02-08_12:38:57.865[Status]Routing 154: Walk: 119
2020-02-08_12:38:57.970[Battery Energy]79.52
2020-02-08_12:38:58.123[Status]Routing 155: Walk: 119
2020-02-08_12:38:58.229[Battery Energy]79.42
2020-02-08_12:38:58.362[Status]Routing 156: Walk: 119
2020-02-08_12:38:58.466[Battery Energy]79.32
2020-02-08_12:38:58.620[Status]Routing 157: Walk: 119
2020-02-08_12:38:58.723[Battery Energy]79.24
2020-02-08_12:38:58.879[Status]Routing 158: Walk: 119
2020-02-08_12:38:58.979[Battery Energy]79.14
2020-02-08_12:38:59.149[Status]Routing 159: Walk: 119
2020-02-08_12:38:59.257[Battery Energy]79.04
2020-02-08_12:38:59.426[Status]Routing 160: Walk: 119
2020-02-08_12:38:59.546[Battery Energy]78.93
2020-02-08_12:38:59.691[Status]Routing 161: Walk: 119
2020-02-08_12:38:59.792[Battery Energy]78.83
2020-02-08_12:38:59.956[Status]Routing 162: Walk: 119
2020-02-08_12:39:00.056[Battery Energy]78.68
2020-02-08_12:39:00.228[Status]Routing 163: Walk: 119
2020-02-08_12:39:00.337[Battery Energy]78.57
2020-02-08_12:39:00.499[Status]Routing 164: Walk: 119
2020-02-08_12:39:00.602[Battery Energy]78.44
2020-02-08_12:39:00.757[Status]Routing 165: Walk: 119
2020-02-08_12:39:00.863[Battery Energy]78.33
2020-02-08_12:39:00.998[Status]Routing 166: Walk: 119
2020-02-08_12:39:01.102[Battery Energy]78.23
2020-02-08_12:39:01.294[Status]Routing 167: Walk: 119
2020-02-08_12:39:01.406[Battery Energy]78.09
2020-02-08_12:39:01.552[Status]Routing 168: Walk: 119
2020-02-08_12:39:01.660[Battery Energy]77.97
2020-02-08_12:39:01.805[Status]Routing 169: Walk: 119
2020-02-08_12:39:01.914[Battery Energy]77.85
2020-02-08_12:39:02.075[Status]Routing 170: Walk: 119
2020-02-08_12:39:02.175[Battery Energy]77.72
2020-02-08_12:39:02.363[Status]Routing 171: Walk: 119
2020-02-08_12:39:02.464[Battery Energy]77.60
2020-02-08_12:39:02.620[Status]Routing 172: Walk: 119
2020-02-08_12:39:02.722[Battery Energy]77.50
2020-02-08_12:39:02.862[Status]Routing 173: Walk: 119
2020-02-08_12:39:02.974[Battery Energy]77.41
2020-02-08_12:39:03.151[Status]Routing 174: Walk: 119
2020-02-08_12:39:03.252[Battery Energy]77.29
2020-02-08_12:39:03.408[Status]Routing 175: Walk: 119
2020-02-08_12:39:03.509[Battery Energy]77.19
2020-02-08_12:39:03.652[Status]Routing 176: Walk: 119
2020-02-08_12:39:03.770[Battery Energy]77.09
2020-02-08_12:39:03.936[Status]Routing 177: Walk: 119
2020-02-08_12:39:04.036[Battery Energy]76.97
2020-02-08_12:39:04.218[Status]Routing 178: Walk: 119
2020-02-08_12:39:04.330[Battery Energy]76.86
2020-02-08_12:39:04.496[Status]Routing 179: Walk: 119
2020-02-08_12:39:04.606[Battery Energy]76.76
2020-02-08_12:39:04.744[Status]Routing 180: Walk: 119
2020-02-08_12:39:04.846[Battery Energy]76.67
2020-02-08_12:39:05.043[Status]Routing 181: Walk: 119
2020-02-08_12:39:05.159[Battery Energy]76.53
2020-02-08_12:39:05.338[Status]Routing 182: Walk: 119
2020-02-08_12:39:05.450[Battery Energy]76.42
2020-02-08_12:39:05.604[Status]Routing 183: Walk: 119
2020-02-08_12:39:05.704[Battery Energy]76.32
2020-02-08_12:39:05.894[Status]Routing 184: Walk: 119
2020-02-08_12:39:05.994[Battery Energy]76.20
2020-02-08_12:39:06.163[Status]Routing 185: Walk: 119
2020-02-08_12:39:06.270[Battery Energy]76.09
2020-02-08_12:39:06.406[Status]Routing 186: Walk: 119
2020-02-08_12:39:06.526[Battery Energy]75.98
2020-02-08_12:39:06.708[Status]Routing 187: Walk: 119
2020-02-08_12:39:06.810[Battery Energy]75.87
2020-02-08_12:39:06.967[Status]Routing 188: Walk: 119
2020-02-08_12:39:07.078[Battery Energy]75.73
2020-02-08_12:39:07.195[Status]Routing 189: Walk: 119
2020-02-08_12:39:07.310[Battery Energy]75.64
2020-02-08_12:39:07.440[Status]Routing 190: Walk: 119
2020-02-08_12:39:07.540[Battery Energy]75.54
2020-02-08_12:39:07.687[Status]Routing 191: Walk: 119
2020-02-08_12:39:07.793[Battery Energy]75.43
2020-02-08_12:39:07.962[Status]Routing 192: Walk: 119
2020-02-08_12:39:08.066[Battery Energy]75.29
2020-02-08_12:39:08.210[Status]Routing 193: Walk: 119
2020-02-08_12:39:08.310[Battery Energy]75.19
2020-02-08_12:39:08.468[Status]Routing 194: Walk: 119
2020-02-08_12:39:08.568[Battery Energy]75.08
2020-02-08_12:39:08.758[Status]Routing 195: Walk: 119
2020-02-08_12:39:08.858[Battery Energy]74.94
2020-02-08_12:39:09.007[Status]Routing 196: Walk: 119
2020-02-08_12:39:09.108[Battery Energy]74.84
2020-02-08_12:39:09.292[Status]Routing 197: Walk: 119
2020-02-08_12:39:09.393[Battery Energy]74.71
2020-02-08_12:39:09.557[Status]Routing 198: Walk: 119
2020-02-08_12:39:09.662[Battery Energy]74.61
2020-02-08_12:39:09.802[Status]Routing 199: Walk: 119
2020-02-08_12:39:09.903[Battery Energy]74.50
2020-02-08_12:39:10.045[Status]Routing 200: Walk: 119
2020-02-08_12:39:10.150[Battery Energy]74.39
2020-02-08_12:39:10.303[Status]Routing 201: Walk: 119
2020-02-08_12:39:10.404[Battery Energy]74.29
2020-02-08_12:39:10.575[Status]Routing 202: Walk: 119
2020-02-08_12:39:10.694[Battery Energy]74.16
2020-02-08_12:39:10.837[Status]Routing 203: Walk: 119
2020-02-08_12:39:10.938[Battery Energy]74.06
2020-02-08_12:39:11.089[Status]Routing 204: Walk: 119
2020-02-08_12:39:11.196[Battery Energy]73.96
2020-02-08_12:39:11.352[Status]Routing 205: Walk: 119
2020-02-08_12:39:11.462[Battery Energy]73.85
2020-02-08_12:39:11.603[Status]Routing 206: Walk: 119
2020-02-08_12:39:11.718[Battery Energy]73.75
2020-02-08_12:39:11.848[Status]Routing 207: Walk: 119
2020-02-08_12:39:11.950[Battery Energy]73.67
2020-02-08_12:39:12.093[Status]Routing 208: Walk: 119
2020-02-08_12:39:12.193[Battery Energy]73.55
2020-02-08_12:39:12.382[Status]Routing 209: Walk: 119
2020-02-08_12:39:12.496[Battery Energy]73.44
2020-02-08_12:39:12.629[Status]Routing 210: Walk: 119
2020-02-08_12:39:12.738[Battery Energy]73.36
2020-02-08_12:39:12.887[Status]Routing 211: Walk: 119
2020-02-08_12:39:12.998[Battery Energy]73.25
2020-02-08_12:39:13.158[Status]Routing 212: Walk: 119
2020-02-08_12:39:13.272[Battery Energy]73.14
2020-02-08_12:39:13.413[Status]Routing 213: Walk: 119
2020-02-08_12:39:13.513[Battery Energy]73.03
2020-02-08_12:39:13.693[Status]Routing 214: Walk: 119
2020-02-08_12:39:13.802[Battery Energy]72.92
2020-02-08_12:39:13.983[Status]Routing 215: Walk: 119
2020-02-08_12:39:14.090[Battery Energy]72.78
2020-02-08_12:39:14.247[Status]Routing 216: Walk: 119
2020-02-08_12:39:14.354[Battery Energy]72.68
2020-02-08_12:39:14.516[Status]Routing 217: Walk: 119
2020-02-08_12:39:14.621[Battery Energy]72.55
2020-02-08_12:39:14.784[Status]Routing 218: Walk: 119
2020-02-08_12:39:14.884[Battery Energy]72.45
2020-02-08_12:39:15.052[Status]Routing 219: Walk: 119
2020-02-08_12:39:15.162[Battery Energy]72.34
2020-02-08_12:39:15.279[Status]Routing 220: Walk: 119
2020-02-08_12:39:15.389[Battery Energy]72.23
2020-02-08_12:39:15.550[Status]Routing 221: Walk: 119
2020-02-08_12:39:15.662[Battery Energy]72.14
2020-02-08_12:39:15.803[Status]Routing 222: Walk: 119
2020-02-08_12:39:15.906[Battery Energy]72.03
2020-02-08_12:39:16.048[Status]Routing 223: Walk: 119
2020-02-08_12:39:16.158[Battery Energy]71.93
2020-02-08_12:39:16.316[Status]Routing 224: Walk: 119
2020-02-08_12:39:16.416[Battery Energy]71.83
2020-02-08_12:39:16.558[Status]Routing 225: Walk: 119
2020-02-08_12:39:16.665[Battery Energy]71.73
2020-02-08_12:39:16.819[Status]Routing 226: Walk: 119
2020-02-08_12:39:16.934[Battery Energy]71.62
2020-02-08_12:39:17.105[Status]Routing 227: Walk: 119
2020-02-08_12:39:17.210[Battery Energy]71.52
2020-02-08_12:39:17.332[Status]Routing 228: Walk: 119
2020-02-08_12:39:17.438[Battery Energy]71.41
2020-02-08_12:39:17.575[Status]Routing 229: Walk: 119
2020-02-08_12:39:17.686[Battery Energy]71.31
2020-02-08_12:39:17.820[Status]Routing 230: Walk: 119
2020-02-08_12:39:17.930[Battery Energy]71.19
2020-02-08_12:39:18.080[Status]Routing 231: Walk: 119
2020-02-08_12:39:18.194[Battery Energy]71.09
2020-02-08_12:39:18.311[Status]Routing 232: Walk: 119
2020-02-08_12:39:18.422[Battery Energy]71.01
2020-02-08_12:39:18.548[Status]Routing 233: Walk: 119
2020-02-08_12:39:18.648[Battery Energy]70.91
2020-02-08_12:39:18.851[Status]Routing 234: Walk: 119
2020-02-08_12:39:18.979[Battery Energy]70.78
2020-02-08_12:39:19.099[Status]Routing 235: Walk: 119
2020-02-08_12:39:19.200[Battery Energy]70.69
2020-02-08_12:39:19.403[Status]Routing 236: Walk: 119
2020-02-08_12:39:19.518[Battery Energy]70.57
2020-02-08_12:39:19.647[Status]Routing 237: Walk: 119
2020-02-08_12:39:19.754[Battery Energy]70.45
2020-02-08_12:39:19.905[Status]Routing 238: Walk: 119
2020-02-08_12:39:20.007[Battery Energy]70.33
2020-02-08_12:39:20.180[Status]Routing 239: Walk: 119
2020-02-08_12:39:20.281[Battery Energy]70.21
2020-02-08_12:39:20.472[Status]Routing 240: Walk: 119
2020-02-08_12:39:20.577[Battery Energy]70.06
2020-02-08_12:39:20.720[Status]Routing 241: Walk: 119
2020-02-08_12:39:20.840[Battery Energy]69.98
2020-02-08_12:39:20.979[Status]Routing 242: Walk: 119
2020-02-08_12:39:21.086[Battery Energy]69.88
2020-02-08_12:39:21.229[Status]Routing 243: Walk: 119
2020-02-08_12:39:21.329[Battery Energy]69.79
2020-02-08_12:39:21.487[Status]Routing 244: Walk: 119
2020-02-08_12:39:21.588[Battery Energy]69.68
2020-02-08_12:39:21.747[Status]Routing 245: Walk: 119
2020-02-08_12:39:21.848[Battery Energy]69.59
2020-02-08_12:39:22.016[Status]Routing 246: Walk: 119
2020-02-08_12:39:22.116[Battery Energy]69.48
2020-02-08_12:39:22.280[Status]Routing 247: Walk: 119
2020-02-08_12:39:22.388[Battery Energy]69.35
2020-02-08_12:39:22.519[Status]Routing 248: Walk: 119
2020-02-08_12:39:22.619[Battery Energy]69.28
2020-02-08_12:39:22.796[Status]Routing 249: Walk: 119
2020-02-08_12:39:22.902[Battery Energy]69.16
2020-02-08_12:39:23.051[Status]Routing 250: Walk: 119
2020-02-08_12:39:23.154[Battery Energy]69.06
2020-02-08_12:39:23.287[Status]Routing 251: Walk: 119
2020-02-08_12:39:23.390[Battery Energy]68.97
2020-02-08_12:39:23.562[Status]Routing 252: Walk: 119
2020-02-08_12:39:23.674[Battery Energy]68.86
2020-02-08_12:39:23.809[Status]Routing 253: Walk: 119
2020-02-08_12:39:23.921[Battery Energy]68.76
2020-02-08_12:39:24.077[Status]Routing 254: Walk: 119
2020-02-08_12:39:24.177[Battery Energy]68.64
2020-02-08_12:39:24.333[Status]Routing 255: Walk: 119
2020-02-08_12:39:24.433[Battery Energy]68.54
2020-02-08_12:39:24.576[Status]Routing 256: Walk: 119
2020-02-08_12:39:24.677[Battery Energy]68.44
2020-02-08_12:39:24.822[Status]Routing 257: Walk: 119
2020-02-08_12:39:24.924[Battery Energy]68.35
2020-02-08_12:39:25.064[Status]Routing 258: Walk: 119
2020-02-08_12:39:25.168[Battery Energy]68.24
2020-02-08_12:39:25.323[Status]Routing 259: Walk: 119
2020-02-08_12:39:25.426[Battery Energy]68.13
2020-02-08_12:39:25.587[Status]Routing 260: Walk: 119
2020-02-08_12:39:25.690[Battery Energy]68.01
2020-02-08_12:39:25.852[Status]Routing 261: Walk: 119
2020-02-08_12:39:25.954[Battery Energy]67.92
2020-02-08_12:39:26.120[Status]Routing 262: Walk: 119
2020-02-08_12:39:26.221[Battery Energy]67.82
2020-02-08_12:39:26.384[Status]Routing 263: Walk: 119
2020-02-08_12:39:26.490[Battery Energy]67.73
2020-02-08_12:39:26.625[Status]Routing 264: Walk: 119
2020-02-08_12:39:26.738[Battery Energy]67.63
2020-02-08_12:39:26.884[Status]Routing 265: Walk: 119
2020-02-08_12:39:26.984[Battery Energy]67.53
2020-02-08_12:39:27.176[Status]Routing 266: Walk: 119
2020-02-08_12:39:27.277[Battery Energy]67.42
2020-02-08_12:39:27.436[Status]Routing 267: Walk: 119
2020-02-08_12:39:27.546[Battery Energy]67.33
2020-02-08_12:39:27.675[Status]Routing 268: Walk: 119
2020-02-08_12:39:27.782[Battery Energy]67.23
2020-02-08_12:39:27.911[Status]Routing 269: Walk: 119
2020-02-08_12:39:28.013[Battery Energy]67.13
2020-02-08_12:39:28.180[Status]Routing 270: Walk: 119
2020-02-08_12:39:28.286[Battery Energy]67.03
2020-02-08_12:39:28.420[Status]Routing 271: Walk: 119
2020-02-08_12:39:28.522[Battery Energy]66.94
2020-02-08_12:39:28.700[Status]Routing 272: Walk: 119
2020-02-08_12:39:28.801[Battery Energy]66.84
2020-02-08_12:39:28.990[Status]Routing 273: Walk: 119
2020-02-08_12:39:29.102[Battery Energy]66.74
2020-02-08_12:39:29.240[Status]Routing 274: Walk: 119
2020-02-08_12:39:29.343[Battery Energy]66.63
2020-02-08_12:39:29.497[Status]Routing 275: Walk: 119
2020-02-08_12:39:29.610[Battery Energy]66.51
2020-02-08_12:39:29.758[Status]Routing 276: Walk: 119
2020-02-08_12:39:29.866[Battery Energy]66.41
2020-02-08_12:39:30.044[Status]Routing 277: Walk: 119
2020-02-08_12:39:30.150[Battery Energy]66.29
2020-02-08_12:39:30.295[Status]Routing 278: Walk: 119
2020-02-08_12:39:30.395[Battery Energy]66.18
2020-02-08_12:39:30.576[Status]Routing 279: Walk: 119
2020-02-08_12:39:30.679[Battery Energy]66.07
2020-02-08_12:39:30.827[Status]Routing 280: Walk: 119
2020-02-08_12:39:30.930[Battery Energy]65.97
2020-02-08_12:39:31.087[Status]Routing 281: Walk: 119
2020-02-08_12:39:31.187[Battery Energy]65.86
2020-02-08_12:39:31.380[Status]Routing 282: Walk: 119
2020-02-08_12:39:31.483[Battery Energy]65.72
2020-02-08_12:39:31.628[Status]Routing 283: Walk: 119
2020-02-08_12:39:31.728[Battery Energy]65.62
2020-02-08_12:39:31.882[Status]Routing 284: Walk: 119
2020-02-08_12:39:31.983[Battery Energy]65.50
2020-02-08_12:39:32.124[Status]Routing 285: Walk: 119
2020-02-08_12:39:32.224[Battery Energy]65.38
2020-02-08_12:39:32.363[Status]Routing 286: Walk: 119
2020-02-08_12:39:32.463[Battery Energy]65.27
2020-02-08_12:39:32.607[Status]Routing 287: Walk: 119
2020-02-08_12:39:32.708[Battery Energy]65.18
2020-02-08_12:39:32.873[Status]Routing 288: Walk: 119
2020-02-08_12:39:32.978[Battery Energy]65.08
2020-02-08_12:39:33.126[Status]Routing 289: Walk: 119
2020-02-08_12:39:33.227[Battery Energy]64.98
2020-02-08_12:39:33.367[Status]Routing 290: Walk: 119
2020-02-08_12:39:33.470[Battery Energy]64.88
2020-02-08_12:39:33.604[Status]Routing 291: Walk: 119
2020-02-08_12:39:33.704[Battery Energy]64.76
2020-02-08_12:39:33.867[Status]Routing 292: Walk: 119
2020-02-08_12:39:33.968[Battery Energy]64.64
2020-02-08_12:39:34.135[Status]Routing 293: Walk: 119
2020-02-08_12:39:34.236[Battery Energy]64.51
2020-02-08_12:39:34.412[Status]Routing 294: Walk: 119
2020-02-08_12:39:34.512[Battery Energy]64.41
2020-02-08_12:39:34.657[Status]Routing 295: Walk: 119
2020-02-08_12:39:34.789[Battery Energy]64.33
2020-02-08_12:39:34.952[Status]Routing 296: Walk: 119
2020-02-08_12:39:35.066[Battery Energy]64.24
2020-02-08_12:39:35.215[Status]Routing 297: Walk: 119
2020-02-08_12:39:35.318[Battery Energy]64.15
2020-02-08_12:39:35.468[Status]Routing 298: Walk: 119
2020-02-08_12:39:35.574[Battery Energy]64.05
2020-02-08_12:39:35.711[Status]Routing 299: Walk: 119
2020-02-08_12:39:35.814[Battery Energy]63.93
2020-02-08_12:39:35.953[Status]Routing 300: Walk: 119
2020-02-08_12:39:36.078[Battery Energy]63.83
2020-02-08_12:39:36.205[Status]Routing 301: Walk: 119
2020-02-08_12:39:36.309[Battery Energy]63.74
2020-02-08_12:39:36.466[Status]Routing 302: Walk: 119
2020-02-08_12:39:36.574[Battery Energy]63.61
2020-02-08_12:39:36.727[Status]Routing 303: Walk: 119
2020-02-08_12:39:36.831[Battery Energy]63.50
2020-02-08_12:39:36.970[Status]Routing 304: Walk: 119
2020-02-08_12:39:37.082[Battery Energy]63.37
2020-02-08_12:39:37.225[Status]Routing 305: Walk: 119
2020-02-08_12:39:37.342[Battery Energy]63.26
2020-02-08_12:39:37.509[Status]Routing 306: Walk: 119
2020-02-08_12:39:37.616[Battery Energy]63.11
2020-02-08_12:39:37.738[Status]Routing 307: Walk: 119
2020-02-08_12:39:37.846[Battery Energy]63.01
2020-02-08_12:39:37.979[Status]Routing 308: Walk: 119
2020-02-08_12:39:38.093[Battery Energy]62.91
2020-02-08_12:39:38.230[Status]Routing 309: Walk: 119
2020-02-08_12:39:38.330[Battery Energy]62.80
2020-02-08_12:39:38.528[Status]Routing 310: Walk: 119
2020-02-08_12:39:38.630[Battery Energy]62.67
2020-02-08_12:39:38.777[Status]Routing 311: Walk: 119
2020-02-08_12:39:38.882[Battery Energy]62.56
2020-02-08_12:39:39.050[Status]Routing 312: Walk: 119
2020-02-08_12:39:39.170[Battery Energy]62.41
2020-02-08_12:39:39.310[Status]Routing 313: Walk: 119
2020-02-08_12:39:39.411[Battery Energy]62.30
2020-02-08_12:39:39.543[Status]Routing 314: Walk: 119
2020-02-08_12:39:39.646[Battery Energy]62.20
2020-02-08_12:39:39.796[Status]Routing 315: Walk: 119
2020-02-08_12:39:39.898[Battery Energy]62.09
2020-02-08_12:39:40.068[Status]Routing 316: Walk: 119
2020-02-08_12:39:40.168[Battery Energy]61.97
2020-02-08_12:39:40.317[Status]Routing 317: Walk: 119
2020-02-08_12:39:40.430[Battery Energy]61.83
2020-02-08_12:39:40.578[Status]Routing 318: Walk: 119
2020-02-08_12:39:40.679[Battery Energy]61.74
2020-02-08_12:39:40.831[Status]Routing 319: Walk: 119
2020-02-08_12:39:40.938[Battery Energy]61.65
2020-02-08_12:39:41.100[Status]Routing 320: Walk: 119
2020-02-08_12:39:41.210[Battery Energy]61.51
2020-02-08_12:39:41.361[Status]Routing 321: Walk: 119
2020-02-08_12:39:41.463[Battery Energy]61.42
2020-02-08_12:39:41.619[Status]Routing 322: Walk: 119
2020-02-08_12:39:41.730[Battery Energy]61.30
2020-02-08_12:39:41.886[Status]Routing 323: Walk: 119
2020-02-08_12:39:41.997[Battery Energy]61.18
2020-02-08_12:39:42.146[Status]Routing 324: Walk: 119
2020-02-08_12:39:42.251[Battery Energy]61.08
2020-02-08_12:39:42.403[Status]Routing 325: Walk: 119
2020-02-08_12:39:42.509[Battery Energy]60.96
2020-02-08_12:39:42.662[Status]Routing 326: Walk: 119
2020-02-08_12:39:42.766[Battery Energy]60.83
2020-02-08_12:39:42.927[Status]Routing 327: Walk: 119
2020-02-08_12:39:43.028[Battery Energy]60.73
2020-02-08_12:39:43.200[Status]Routing 328: Walk: 119
2020-02-08_12:39:43.303[Battery Energy]60.64
2020-02-08_12:39:43.469[Status]Routing 329: Walk: 119
2020-02-08_12:39:43.570[Battery Energy]60.53
2020-02-08_12:39:43.776[Status]Routing 330: Walk: 119
2020-02-08_12:39:43.890[Battery Energy]60.42
