2020-02-08_12:37:57.489[Status]Start.
2020-02-08_12:37:57.490[Battery Energy]118.00
2020-02-08_12:37:58.591[Battery Energy]117.96
2020-02-08_12:37:59.691[Battery Energy]117.92
2020-02-08_12:38:00.793[Battery Energy]117.88
2020-02-08_12:38:01.894[Battery Energy]117.84
2020-02-08_12:38:02.995[Task]A New Task Released.
2020-02-08_12:38:02.996[Battery Energy]117.80
2020-02-08_12:38:02.996[Status]Selection Start.
2020-02-08_12:38:05.343[Status]Selection End: Do Task 2.
2020-02-08_12:38:05.455[Battery Energy]116.41
2020-02-08_12:38:05.455[Status]Formation Start.
2020-02-08_12:38:05.613[Status]number of tasks is 6
2020-02-08_12:38:05.623[Status]my group tasks is [ 1110.           235.62177826]
2020-02-08_12:38:05.626[Status]my group tasks is [ 1040.           235.62177826]
2020-02-08_12:38:05.632[Status]my group tasks is [ 1005.   175.]
2020-02-08_12:38:05.635[Status]my group tasks is [ 1040.           114.37822174]
2020-02-08_12:38:05.653[Status]my group tasks is [ 1110.           114.37822174]
2020-02-08_12:38:05.660[Status]my group tasks is [ 1145.   175.]
2020-02-08_12:38:05.691[Status]mygroup_robots_utility is {16: [16.899543875093258, 17.39211541909519, 18.641267461769633, 19.43122322955455, 37.63870522089948, 17.54720908897988], 17: [19.062210944438565, 17.835424611680363, 18.21305556544804, 19.27593116232401, 16.920507555065182, 17.08903888130168], 18: [16.329180747691364, 17.439779868583354, 35.20055867934586, 33.22838042897634, 15.47111658350878, 15.598791070999749], 19: [32.65399753388602, 17.348524708602785, 34.582204196017024, 16.225052456803148, 15.367811367341428, 15.322150260099468], 20: [16.995976969885344, 17.560237499550578, 18.830277438849027, 17.58060743249172, 39.099783870270166, 18.853685419502597], 15: [19.888826463508746, 35.913018996709674, 18.547969076698227, 19.920267515574007, 20.65467242188638, 18.575221980521594]}
2020-02-08_12:38:05.692[Status]self.local_queue is [15, 16, 17, 18, 19, 20]
2020-02-08_12:38:05.692[Status]task_chosen index is 1
2020-02-08_12:38:05.692[Status]task_chosen index is 4
2020-02-08_12:38:05.692[Status]task_chosen index is 3
2020-02-08_12:38:05.692[Status]task_chosen index is 2
2020-02-08_12:38:05.692[Status]myindex_in_queue is 2
2020-02-08_12:38:05.692[Status]task destination is [1040.0, 235.62177826491072]
2020-02-08_12:38:05.800[Battery Energy]116.25
2020-02-08_12:38:05.801[Status]Routing Start.
2020-02-08_12:38:05.953[Status]{'id': 18, 'coordinate': [63.36132938615294, 602.4835369866939]}
2020-02-08_12:38:05.953[Status]Routing 1: Walk: 1
2020-02-08_12:38:06.062[Battery Energy]116.03
2020-02-08_12:38:06.062[Status]Routing Start.
2020-02-08_12:38:06.222[Status]{'id': 18, 'coordinate': [72.72265877230588, 598.9670739733879]}
2020-02-08_12:38:06.222[Status]Routing 2: Walk: 2
2020-02-08_12:38:06.322[Battery Energy]115.81
2020-02-08_12:38:06.322[Status]Routing Start.
2020-02-08_12:38:06.498[Status]{'id': 18, 'coordinate': [82.08398815845882, 595.4506109600818]}
2020-02-08_12:38:06.498[Status]Routing 3: Walk: 3
2020-02-08_12:38:06.610[Battery Energy]115.58
2020-02-08_12:38:06.610[Status]Routing Start.
2020-02-08_12:38:06.771[Status]{'id': 18, 'coordinate': [91.44531754461175, 591.9341479467757]}
2020-02-08_12:38:06.771[Status]Routing 4: Walk: 4
2020-02-08_12:38:06.871[Battery Energy]115.37
2020-02-08_12:38:06.871[Status]Routing Start.
2020-02-08_12:38:07.022[Status]{'id': 18, 'coordinate': [100.8066469307647, 588.4176849334697]}
2020-02-08_12:38:07.022[Status]Routing 5: Walk: 5
2020-02-08_12:38:07.122[Battery Energy]115.19
2020-02-08_12:38:07.122[Status]Routing Start.
2020-02-08_12:38:07.285[Status]{'id': 18, 'coordinate': [110.16797631691765, 584.9012219201636]}
2020-02-08_12:38:07.285[Status]Routing 6: Walk: 6
2020-02-08_12:38:07.385[Battery Energy]114.99
2020-02-08_12:38:07.385[Status]Routing Start.
2020-02-08_12:38:07.726[Status]{'id': 18, 'coordinate': [119.52930570307059, 581.3847589068575]}
2020-02-08_12:38:07.726[Status]Routing 7: Walk: 7
2020-02-08_12:38:07.842[Battery Energy]114.68
2020-02-08_12:38:07.842[Status]Routing Start.
2020-02-08_12:38:08.184[Status]{'id': 18, 'coordinate': [128.89063508922354, 577.8682958935515]}
2020-02-08_12:38:08.184[Status]Routing 8: Walk: 8
2020-02-08_12:38:08.284[Battery Energy]114.36
2020-02-08_12:38:08.284[Status]Routing Start.
2020-02-08_12:38:08.648[Status]{'id': 18, 'coordinate': [138.25196447537647, 574.3518328802454]}
2020-02-08_12:38:08.648[Status]Routing 9: Walk: 9
2020-02-08_12:38:08.748[Battery Energy]114.03
2020-02-08_12:38:08.748[Status]Routing Start.
2020-02-08_12:38:09.072[Status]{'id': 18, 'coordinate': [147.6132938615294, 570.8353698669393]}
2020-02-08_12:38:09.073[Status]Routing 10: Walk: 10
2020-02-08_12:38:09.175[Battery Energy]113.73
2020-02-08_12:38:09.176[Status]Routing Start.
2020-02-08_12:38:09.508[Status]{'id': 18, 'coordinate': [156.97462324768233, 567.3189068536333]}
2020-02-08_12:38:09.508[Status]Routing 11: Walk: 11
2020-02-08_12:38:09.617[Battery Energy]113.40
2020-02-08_12:38:09.617[Status]Routing Start.
2020-02-08_12:38:10.143[Status]Routing 12: Walk: 11
2020-02-08_12:38:10.244[Battery Energy]112.97
2020-02-08_12:38:10.244[Status]Routing Start.
2020-02-08_12:38:10.545[Status]Routing 13: Walk: 11
2020-02-08_12:38:10.647[Battery Energy]112.68
2020-02-08_12:38:10.647[Status]Routing Start.
2020-02-08_12:38:10.822[Status]{'id': 18, 'coordinate': [166.33595263383526, 563.8024438403272]}
2020-02-08_12:38:10.822[Status]Routing 14: Walk: 12
2020-02-08_12:38:10.922[Battery Energy]112.46
2020-02-08_12:38:10.922[Status]Routing Start.
2020-02-08_12:38:11.276[Status]{'id': 18, 'coordinate': [175.6972820199882, 560.2859808270211]}
2020-02-08_12:38:11.276[Status]Routing 15: Walk: 13
2020-02-08_12:38:11.376[Battery Energy]112.15
2020-02-08_12:38:11.377[Status]Routing Start.
2020-02-08_12:38:11.680[Status]{'id': 18, 'coordinate': [185.05861140614113, 556.7695178137151]}
2020-02-08_12:38:11.680[Status]Routing 16: Walk: 14
2020-02-08_12:38:11.781[Battery Energy]111.80
2020-02-08_12:38:11.781[Status]Routing Start.
2020-02-08_12:38:12.277[Status]Routing 17: Walk: 14
2020-02-08_12:38:12.377[Battery Energy]111.39
2020-02-08_12:38:12.377[Status]Routing Start.
2020-02-08_12:38:12.547[Status]{'id': 18, 'coordinate': [194.41994079229406, 553.253054800409]}
2020-02-08_12:38:12.547[Status]Routing 18: Walk: 15
2020-02-08_12:38:12.650[Battery Energy]111.16
2020-02-08_12:38:12.650[Status]Routing Start.
2020-02-08_12:38:13.017[Status]{'id': 18, 'coordinate': [203.781270178447, 549.736591787103]}
2020-02-08_12:38:13.017[Status]Routing 19: Walk: 16
2020-02-08_12:38:13.120[Battery Energy]110.80
2020-02-08_12:38:13.120[Status]Routing Start.
2020-02-08_12:38:13.416[Status]{'id': 18, 'coordinate': [213.14259956459992, 546.2201287737969]}
2020-02-08_12:38:13.416[Status]Routing 20: Walk: 17
2020-02-08_12:38:13.519[Battery Energy]110.48
2020-02-08_12:38:13.519[Status]Routing Start.
2020-02-08_12:38:13.831[Status]{'id': 18, 'coordinate': [222.50392895075285, 542.7036657604908]}
2020-02-08_12:38:13.831[Status]Routing 21: Walk: 18
2020-02-08_12:38:13.942[Battery Energy]110.20
2020-02-08_12:38:13.942[Status]Routing Start.
2020-02-08_12:38:14.288[Status]{'id': 18, 'coordinate': [231.86525833690578, 539.1872027471848]}
2020-02-08_12:38:14.288[Status]Routing 22: Walk: 19
2020-02-08_12:38:14.388[Battery Energy]109.86
2020-02-08_12:38:14.388[Status]Routing Start.
2020-02-08_12:38:14.717[Status]{'id': 18, 'coordinate': [241.2265877230587, 535.6707397338787]}
2020-02-08_12:38:14.718[Status]Routing 23: Walk: 20
2020-02-08_12:38:14.818[Battery Energy]109.54
2020-02-08_12:38:14.818[Status]Routing Start.
2020-02-08_12:38:15.136[Status]{'id': 18, 'coordinate': [250.58791710921165, 532.1542767205726]}
2020-02-08_12:38:15.136[Status]Routing 24: Walk: 21
2020-02-08_12:38:15.242[Battery Energy]109.23
2020-02-08_12:38:15.242[Status]Routing Start.
2020-02-08_12:38:15.559[Status]{'id': 18, 'coordinate': [259.9492464953646, 528.6378137072666]}
2020-02-08_12:38:15.559[Status]Routing 25: Walk: 22
2020-02-08_12:38:15.670[Battery Energy]108.90
2020-02-08_12:38:15.670[Status]Routing Start.
2020-02-08_12:38:15.986[Status]{'id': 18, 'coordinate': [269.31057588151754, 525.1213506939605]}
2020-02-08_12:38:15.987[Status]Routing 26: Walk: 23
2020-02-08_12:38:16.087[Battery Energy]108.62
2020-02-08_12:38:16.087[Status]Routing Start.
2020-02-08_12:38:16.407[Status]{'id': 18, 'coordinate': [278.67190526767047, 521.6048876806544]}
2020-02-08_12:38:16.407[Status]Routing 27: Walk: 24
2020-02-08_12:38:16.510[Battery Energy]108.29
2020-02-08_12:38:16.510[Status]Routing Start.
2020-02-08_12:38:16.666[Status]{'id': 18, 'coordinate': [288.0332346538234, 518.0884246673484]}
2020-02-08_12:38:16.666[Status]Routing 28: Walk: 25
2020-02-08_12:38:16.766[Battery Energy]108.06
2020-02-08_12:38:16.766[Status]Routing Start.
2020-02-08_12:38:17.110[Status]{'id': 18, 'coordinate': [297.39456403997633, 514.5719616540423]}
2020-02-08_12:38:17.110[Status]Routing 29: Walk: 26
2020-02-08_12:38:17.210[Battery Energy]107.72
2020-02-08_12:38:17.210[Status]Routing Start.
2020-02-08_12:38:17.558[Status]{'id': 18, 'coordinate': [306.75589342612926, 511.05549864073623]}
2020-02-08_12:38:17.558[Status]Routing 30: Walk: 27
2020-02-08_12:38:17.665[Battery Energy]107.43
2020-02-08_12:38:17.665[Status]Routing Start.
2020-02-08_12:38:18.108[Status]Routing 31: Walk: 27
2020-02-08_12:38:18.212[Battery Energy]107.02
2020-02-08_12:38:18.212[Status]Routing Start.
2020-02-08_12:38:18.492[Status]Routing 32: Walk: 27
2020-02-08_12:38:18.594[Battery Energy]106.72
2020-02-08_12:38:18.595[Status]Routing Start.
2020-02-08_12:38:18.952[Status]Routing 33: Walk: 27
2020-02-08_12:38:19.055[Battery Energy]106.39
2020-02-08_12:38:19.055[Status]Routing Start.
2020-02-08_12:38:19.272[Status]{'id': 18, 'coordinate': [316.1172228122822, 507.53903562743017]}
2020-02-08_12:38:19.272[Status]Routing 34: Walk: 28
2020-02-08_12:38:19.374[Battery Energy]106.17
2020-02-08_12:38:19.374[Status]Routing Start.
2020-02-08_12:38:19.694[Status]{'id': 18, 'coordinate': [325.4785521984351, 504.0225726141241]}
2020-02-08_12:38:19.696[Status]Routing 35: Walk: 29
2020-02-08_12:38:19.806[Battery Energy]105.82
2020-02-08_12:38:19.806[Status]Routing Start.
2020-02-08_12:38:20.137[Status]{'id': 18, 'coordinate': [334.83988158458806, 500.50610960081804]}
2020-02-08_12:38:20.139[Status]Routing 36: Walk: 30
2020-02-08_12:38:20.239[Battery Energy]105.50
2020-02-08_12:38:20.239[Status]Routing Start.
2020-02-08_12:38:20.654[Status]{'id': 18, 'coordinate': [344.201210970741, 496.98964658751197]}
2020-02-08_12:38:20.656[Status]Routing 37: Walk: 31
2020-02-08_12:38:20.757[Battery Energy]105.12
2020-02-08_12:38:20.757[Status]Routing Start.
2020-02-08_12:38:20.907[Status]{'id': 18, 'coordinate': [353.5625403568939, 493.47318357420596]}
2020-02-08_12:38:20.907[Status]Routing 38: Walk: 32
2020-02-08_12:38:21.007[Battery Energy]104.92
2020-02-08_12:38:21.007[Status]Routing Start.
2020-02-08_12:38:21.150[Status]{'id': 18, 'coordinate': [362.92386974304685, 489.9567205608999]}
2020-02-08_12:38:21.150[Status]Routing 39: Walk: 33
2020-02-08_12:38:21.262[Battery Energy]104.71
2020-02-08_12:38:21.262[Status]Routing Start.
2020-02-08_12:38:21.531[Status]{'id': 18, 'coordinate': [372.2851991291998, 486.44025754759383]}
2020-02-08_12:38:21.531[Status]Routing 40: Walk: 34
2020-02-08_12:38:21.638[Battery Energy]104.44
2020-02-08_12:38:21.638[Status]Routing Start.
2020-02-08_12:38:21.956[Status]{'id': 18, 'coordinate': [381.6465285153527, 482.9237945342878]}
2020-02-08_12:38:21.956[Status]Routing 41: Walk: 35
2020-02-08_12:38:22.057[Battery Energy]104.12
2020-02-08_12:38:22.057[Status]Routing Start.
2020-02-08_12:38:22.371[Status]{'id': 18, 'coordinate': [391.00785790150564, 479.40733152098176]}
2020-02-08_12:38:22.371[Status]Routing 42: Walk: 36
2020-02-08_12:38:22.471[Battery Energy]103.82
2020-02-08_12:38:22.471[Status]Routing Start.
2020-02-08_12:38:22.639[Status]{'id': 18, 'coordinate': [400.3691872876586, 475.89086850767575]}
2020-02-08_12:38:22.639[Status]Routing 43: Walk: 37
2020-02-08_12:38:22.750[Battery Energy]103.61
2020-02-08_12:38:22.750[Status]Routing Start.
2020-02-08_12:38:22.900[Status]{'id': 18, 'coordinate': [409.7305166738115, 472.37440549436974]}
2020-02-08_12:38:22.900[Status]Routing 44: Walk: 38
2020-02-08_12:38:23.018[Battery Energy]103.40
2020-02-08_12:38:23.018[Status]Routing Start.
2020-02-08_12:38:23.160[Status]{'id': 18, 'coordinate': [419.09184605996444, 468.8579424810637]}
2020-02-08_12:38:23.160[Status]Routing 45: Walk: 39
2020-02-08_12:38:23.260[Battery Energy]103.20
2020-02-08_12:38:23.260[Status]Routing Start.
2020-02-08_12:38:23.621[Status]Routing 46: Walk: 39
2020-02-08_12:38:23.721[Battery Energy]102.85
2020-02-08_12:38:23.721[Status]Routing Start.
2020-02-08_12:38:24.043[Status]Routing 47: Walk: 39
2020-02-08_12:38:24.143[Battery Energy]102.56
2020-02-08_12:38:24.143[Status]Routing Start.
2020-02-08_12:38:24.462[Status]Routing 48: Walk: 39
2020-02-08_12:38:24.562[Battery Energy]102.27
2020-02-08_12:38:24.562[Status]Routing Start.
2020-02-08_12:38:24.892[Status]Routing 49: Walk: 39
2020-02-08_12:38:24.992[Battery Energy]101.96
2020-02-08_12:38:24.992[Status]Routing Start.
2020-02-08_12:38:25.342[Status]Routing 50: Walk: 39
2020-02-08_12:38:25.442[Battery Energy]101.62
2020-02-08_12:38:25.442[Status]Routing Start.
2020-02-08_12:38:25.777[Status]Routing 51: Walk: 39
2020-02-08_12:38:25.877[Battery Energy]101.33
2020-02-08_12:38:25.877[Status]Routing Start.
2020-02-08_12:38:26.245[Status]Routing 52: Walk: 39
2020-02-08_12:38:26.345[Battery Energy]100.98
2020-02-08_12:38:26.345[Status]Routing Start.
2020-02-08_12:38:26.494[Status]{'id': 18, 'coordinate': [428.45317544611737, 465.34147946775767]}
2020-02-08_12:38:26.494[Status]Routing 53: Walk: 40
2020-02-08_12:38:26.606[Battery Energy]100.79
2020-02-08_12:38:26.606[Status]Routing Start.
2020-02-08_12:38:26.916[Status]{'id': 18, 'coordinate': [437.8145048322703, 461.8250164544516]}
2020-02-08_12:38:26.916[Status]Routing 54: Walk: 41
2020-02-08_12:38:27.030[Battery Energy]100.44
2020-02-08_12:38:27.030[Status]Routing Start.
2020-02-08_12:38:27.178[Status]{'id': 18, 'coordinate': [447.17583421842323, 458.3085534411456]}
2020-02-08_12:38:27.178[Status]Routing 55: Walk: 42
2020-02-08_12:38:27.287[Battery Energy]100.22
2020-02-08_12:38:27.287[Status]Routing Start.
2020-02-08_12:38:27.437[Status]{'id': 18, 'coordinate': [456.53716360457616, 454.7920904278396]}
2020-02-08_12:38:27.437[Status]Routing 56: Walk: 43
2020-02-08_12:38:27.537[Battery Energy]99.99
2020-02-08_12:38:27.537[Status]Routing Start.
2020-02-08_12:38:27.873[Status]{'id': 18, 'coordinate': [464.62933833025573, 460.66718261512244]}
2020-02-08_12:38:27.879[Status]Routing 57: Walk: 44
2020-02-08_12:38:27.979[Battery Energy]99.60
2020-02-08_12:38:27.979[Status]Routing Start.
2020-02-08_12:38:28.147[Status]{'id': 18, 'coordinate': [473.9423132935336, 457.0245877524785]}
2020-02-08_12:38:28.148[Status]Routing 58: Walk: 45
2020-02-08_12:38:28.249[Battery Energy]99.35
2020-02-08_12:38:28.249[Status]Routing Start.
2020-02-08_12:38:28.566[Status]{'id': 18, 'coordinate': [482.21269285662396, 462.6460485841856]}
2020-02-08_12:38:28.567[Status]Routing 59: Walk: 46
2020-02-08_12:38:28.667[Battery Energy]98.98
2020-02-08_12:38:28.668[Status]Routing Start.
2020-02-08_12:38:28.812[Status]{'id': 18, 'coordinate': [491.47490635531534, 458.87624738191255]}
2020-02-08_12:38:28.813[Status]Routing 60: Walk: 47
2020-02-08_12:38:28.914[Battery Energy]98.78
2020-02-08_12:38:28.914[Status]Routing Start.
2020-02-08_12:38:29.211[Status]{'id': 18, 'coordinate': [500.7371198540067, 455.1064461796395]}
2020-02-08_12:38:29.211[Status]Routing 61: Walk: 48
2020-02-08_12:38:29.311[Battery Energy]98.44
2020-02-08_12:38:29.311[Status]Routing Start.
2020-02-08_12:38:29.709[Status]{'id': 18, 'coordinate': [509.9993333526981, 451.3366449773664]}
2020-02-08_12:38:29.709[Status]Routing 62: Walk: 49
2020-02-08_12:38:29.810[Battery Energy]98.04
2020-02-08_12:38:29.810[Status]Routing Start.
2020-02-08_12:38:30.126[Status]{'id': 18, 'coordinate': [519.2615468513894, 447.56684377509333]}
2020-02-08_12:38:30.126[Status]Routing 63: Walk: 50
2020-02-08_12:38:30.229[Battery Energy]97.70
2020-02-08_12:38:30.229[Status]Routing Start.
2020-02-08_12:38:30.404[Status]{'id': 18, 'coordinate': [528.5237603500808, 443.79704257282026]}
2020-02-08_12:38:30.404[Status]Routing 64: Walk: 51
2020-02-08_12:38:30.514[Battery Energy]97.45
2020-02-08_12:38:30.514[Status]Routing Start.
2020-02-08_12:38:30.665[Status]{'id': 18, 'coordinate': [537.7859738487722, 440.0272413705472]}
2020-02-08_12:38:30.665[Status]Routing 65: Walk: 52
2020-02-08_12:38:30.766[Battery Energy]97.24
2020-02-08_12:38:30.766[Status]Routing Start.
2020-02-08_12:38:30.930[Status]{'id': 18, 'coordinate': [547.0481873474636, 436.2574401682741]}
2020-02-08_12:38:30.930[Status]Routing 66: Walk: 53
2020-02-08_12:38:31.038[Battery Energy]97.04
2020-02-08_12:38:31.038[Status]Routing Start.
2020-02-08_12:38:31.235[Status]{'id': 18, 'coordinate': [556.310400846155, 432.48763896600104]}
2020-02-08_12:38:31.235[Status]Routing 67: Walk: 54
2020-02-08_12:38:31.338[Battery Energy]96.78
2020-02-08_12:38:31.338[Status]Routing Start.
2020-02-08_12:38:31.537[Status]{'id': 18, 'coordinate': [565.5726143448463, 428.71783776372797]}
2020-02-08_12:38:31.537[Status]Routing 68: Walk: 55
2020-02-08_12:38:31.637[Battery Energy]96.56
2020-02-08_12:38:31.637[Status]Routing Start.
2020-02-08_12:38:31.891[Status]{'id': 18, 'coordinate': [574.8348278435377, 424.9480365614549]}
2020-02-08_12:38:31.891[Status]Routing 69: Walk: 56
2020-02-08_12:38:32.002[Battery Energy]96.29
2020-02-08_12:38:32.002[Status]Routing Start.
2020-02-08_12:38:32.149[Status]{'id': 18, 'coordinate': [584.0970413422291, 421.1782353591818]}
2020-02-08_12:38:32.149[Status]Routing 70: Walk: 57
2020-02-08_12:38:32.252[Battery Energy]96.09
2020-02-08_12:38:32.252[Status]Routing Start.
2020-02-08_12:38:32.413[Status]{'id': 18, 'coordinate': [593.3592548409205, 417.40843415690875]}
2020-02-08_12:38:32.413[Status]Routing 71: Walk: 58
2020-02-08_12:38:32.530[Battery Energy]95.87
2020-02-08_12:38:32.530[Status]Routing Start.
2020-02-08_12:38:32.683[Status]{'id': 18, 'coordinate': [602.6214683396119, 413.6386329546357]}
2020-02-08_12:38:32.683[Status]Routing 72: Walk: 59
2020-02-08_12:38:32.783[Battery Energy]95.65
2020-02-08_12:38:32.783[Status]Routing Start.
2020-02-08_12:38:32.949[Status]{'id': 18, 'coordinate': [611.8836818383032, 409.8688317523626]}
2020-02-08_12:38:32.949[Status]Routing 73: Walk: 60
2020-02-08_12:38:33.050[Battery Energy]95.44
2020-02-08_12:38:33.050[Status]Routing Start.
2020-02-08_12:38:33.207[Status]{'id': 18, 'coordinate': [621.1458953369946, 406.09903055008954]}
2020-02-08_12:38:33.207[Status]Routing 74: Walk: 61
2020-02-08_12:38:33.326[Battery Energy]95.22
2020-02-08_12:38:33.326[Status]Routing Start.
2020-02-08_12:38:33.468[Status]{'id': 18, 'coordinate': [630.408108835686, 402.32922934781647]}
2020-02-08_12:38:33.468[Status]Routing 75: Walk: 62
2020-02-08_12:38:33.569[Battery Energy]95.02
2020-02-08_12:38:33.569[Status]Routing Start.
2020-02-08_12:38:33.715[Status]{'id': 18, 'coordinate': [639.6703223343774, 398.5594281455434]}
2020-02-08_12:38:33.715[Status]Routing 76: Walk: 63
2020-02-08_12:38:33.815[Battery Energy]94.80
2020-02-08_12:38:33.815[Status]Routing Start.
2020-02-08_12:38:33.994[Status]{'id': 18, 'coordinate': [648.9325358330688, 394.7896269432703]}
2020-02-08_12:38:33.995[Status]Routing 77: Walk: 64
2020-02-08_12:38:34.102[Battery Energy]94.58
2020-02-08_12:38:34.102[Status]Routing Start.
2020-02-08_12:38:34.402[Status]{'id': 18, 'coordinate': [658.1947493317601, 391.01982574099725]}
2020-02-08_12:38:34.402[Status]Routing 78: Walk: 65
2020-02-08_12:38:34.522[Battery Energy]94.28
2020-02-08_12:38:34.522[Status]Routing Start.
2020-02-08_12:38:34.808[Status]{'id': 18, 'coordinate': [667.4569628304515, 387.2500245387242]}
2020-02-08_12:38:34.808[Status]Routing 79: Walk: 66
2020-02-08_12:38:34.911[Battery Energy]94.01
2020-02-08_12:38:34.911[Status]Routing Start.
2020-02-08_12:38:35.261[Status]{'id': 18, 'coordinate': [676.7191763291429, 383.4802233364511]}
2020-02-08_12:38:35.261[Status]Routing 80: Walk: 67
2020-02-08_12:38:35.362[Battery Energy]93.68
2020-02-08_12:38:35.362[Status]Routing Start.
2020-02-08_12:38:35.545[Status]{'id': 18, 'coordinate': [685.9813898278343, 379.7104221341781]}
2020-02-08_12:38:35.546[Status]Routing 81: Walk: 68
2020-02-08_12:38:35.647[Battery Energy]93.46
2020-02-08_12:38:35.647[Status]Routing Start.
2020-02-08_12:38:35.790[Status]{'id': 18, 'coordinate': [695.2436033265257, 375.9406209319051]}
2020-02-08_12:38:35.790[Status]Routing 82: Walk: 69
2020-02-08_12:38:35.906[Battery Energy]93.24
2020-02-08_12:38:35.906[Status]Routing Start.
2020-02-08_12:38:36.034[Status]{'id': 18, 'coordinate': [704.505816825217, 372.170819729632]}
2020-02-08_12:38:36.034[Status]Routing 83: Walk: 70
2020-02-08_12:38:36.144[Battery Energy]93.04
2020-02-08_12:38:36.144[Status]Routing Start.
2020-02-08_12:38:36.290[Status]{'id': 18, 'coordinate': [713.7680303239084, 368.40101852735893]}
2020-02-08_12:38:36.290[Status]Routing 84: Walk: 71
2020-02-08_12:38:36.398[Battery Energy]92.83
2020-02-08_12:38:36.398[Status]Routing Start.
2020-02-08_12:38:36.673[Status]{'id': 18, 'coordinate': [723.0302438225998, 364.6312173250859]}
2020-02-08_12:38:36.673[Status]Routing 85: Walk: 72
2020-02-08_12:38:36.773[Battery Energy]92.55
2020-02-08_12:38:36.773[Status]Routing Start.
2020-02-08_12:38:36.935[Status]{'id': 18, 'coordinate': [732.2924573212912, 360.8614161228129]}
2020-02-08_12:38:36.935[Status]Routing 86: Walk: 73
2020-02-08_12:38:37.038[Battery Energy]92.34
2020-02-08_12:38:37.038[Status]Routing Start.
2020-02-08_12:38:37.179[Status]{'id': 18, 'coordinate': [741.5546708199826, 357.0916149205398]}
2020-02-08_12:38:37.179[Status]Routing 87: Walk: 74
2020-02-08_12:38:37.290[Battery Energy]92.12
2020-02-08_12:38:37.290[Status]Routing Start.
2020-02-08_12:38:37.470[Status]{'id': 18, 'coordinate': [750.8168843186739, 353.32181371826675]}
2020-02-08_12:38:37.470[Status]Routing 88: Walk: 75
2020-02-08_12:38:37.574[Battery Energy]91.90
2020-02-08_12:38:37.574[Status]Routing Start.
2020-02-08_12:38:37.717[Status]{'id': 18, 'coordinate': [760.0790978173653, 349.55201251599374]}
2020-02-08_12:38:37.717[Status]Routing 89: Walk: 76
2020-02-08_12:38:37.827[Battery Energy]91.68
2020-02-08_12:38:37.827[Status]Routing Start.
2020-02-08_12:38:37.968[Status]{'id': 18, 'coordinate': [769.3413113160567, 345.78221131372067]}
2020-02-08_12:38:37.968[Status]Routing 90: Walk: 77
2020-02-08_12:38:38.078[Battery Energy]91.48
2020-02-08_12:38:38.078[Status]Routing Start.
2020-02-08_12:38:38.208[Status]{'id': 18, 'coordinate': [778.6035248147481, 342.0124101114476]}
2020-02-08_12:38:38.208[Status]Routing 91: Walk: 78
2020-02-08_12:38:38.318[Battery Energy]91.27
2020-02-08_12:38:38.318[Status]Routing Start.
2020-02-08_12:38:38.484[Status]{'id': 18, 'coordinate': [787.8657383134395, 338.2426089091746]}
2020-02-08_12:38:38.484[Status]Routing 92: Walk: 79
2020-02-08_12:38:38.585[Battery Energy]91.07
2020-02-08_12:38:38.585[Status]Routing Start.
2020-02-08_12:38:38.731[Status]{'id': 18, 'coordinate': [797.1279518121308, 334.47280770690156]}
2020-02-08_12:38:38.731[Status]Routing 93: Walk: 80
2020-02-08_12:38:38.834[Battery Energy]90.88
2020-02-08_12:38:38.834[Status]Routing Start.
2020-02-08_12:38:38.986[Status]{'id': 18, 'coordinate': [806.3901653108222, 330.7030065046285]}
2020-02-08_12:38:38.986[Status]Routing 94: Walk: 81
2020-02-08_12:38:39.090[Battery Energy]90.68
2020-02-08_12:38:39.090[Status]Routing Start.
2020-02-08_12:38:39.261[Status]{'id': 18, 'coordinate': [815.6523788095136, 326.9332053023554]}
2020-02-08_12:38:39.261[Status]Routing 95: Walk: 82
2020-02-08_12:38:39.366[Battery Energy]90.48
2020-02-08_12:38:39.366[Status]Routing Start.
2020-02-08_12:38:39.521[Status]{'id': 18, 'coordinate': [824.914592308205, 323.1634041000824]}
2020-02-08_12:38:39.521[Status]Routing 96: Walk: 83
2020-02-08_12:38:39.626[Battery Energy]90.28
2020-02-08_12:38:39.626[Status]Routing Start.
2020-02-08_12:38:39.762[Status]{'id': 18, 'coordinate': [834.1768058068964, 319.39360289780933]}
2020-02-08_12:38:39.762[Status]Routing 97: Walk: 84
2020-02-08_12:38:39.863[Battery Energy]90.11
2020-02-08_12:38:39.863[Status]Routing Start.
2020-02-08_12:38:40.101[Status]{'id': 18, 'coordinate': [843.4390193055877, 315.6238016955363]}
2020-02-08_12:38:40.104[Status]Routing 98: Walk: 85
2020-02-08_12:38:40.210[Battery Energy]89.90
2020-02-08_12:38:40.210[Status]Routing Start.
2020-02-08_12:38:40.366[Status]{'id': 18, 'coordinate': [852.7012328042791, 311.85400049326324]}
2020-02-08_12:38:40.369[Status]Routing 99: Walk: 86
2020-02-08_12:38:40.470[Battery Energy]89.67
2020-02-08_12:38:40.470[Status]Routing Start.
2020-02-08_12:38:40.790[Status]{'id': 18, 'coordinate': [861.9634463029705, 308.0841992909902]}
2020-02-08_12:38:40.790[Status]Routing 100: Walk: 87
2020-02-08_12:38:40.902[Battery Energy]89.36
2020-02-08_12:38:40.902[Status]Routing Start.
2020-02-08_12:38:41.219[Status]{'id': 18, 'coordinate': [871.2256598016619, 304.31439808871716]}
2020-02-08_12:38:41.219[Status]Routing 101: Walk: 88
2020-02-08_12:38:41.334[Battery Energy]89.09
2020-02-08_12:38:41.334[Status]Routing Start.
2020-02-08_12:38:41.465[Status]{'id': 18, 'coordinate': [880.4878733003533, 300.5445968864441]}
2020-02-08_12:38:41.465[Status]Routing 102: Walk: 89
2020-02-08_12:38:41.565[Battery Energy]88.90
2020-02-08_12:38:41.565[Status]Routing Start.
2020-02-08_12:38:41.905[Status]{'id': 18, 'coordinate': [889.7500867990447, 296.77479568417107]}
2020-02-08_12:38:41.905[Status]Routing 103: Walk: 90
2020-02-08_12:38:42.005[Battery Energy]88.58
2020-02-08_12:38:42.005[Status]Routing Start.
2020-02-08_12:38:42.155[Status]{'id': 18, 'coordinate': [899.012300297736, 293.00499448189805]}
2020-02-08_12:38:42.156[Status]Routing 104: Walk: 91
2020-02-08_12:38:42.261[Battery Energy]88.37
2020-02-08_12:38:42.261[Status]Routing Start.
2020-02-08_12:38:42.399[Status]{'id': 18, 'coordinate': [908.2745137964274, 289.235193279625]}
2020-02-08_12:38:42.399[Status]Routing 105: Walk: 92
2020-02-08_12:38:42.502[Battery Energy]88.15
2020-02-08_12:38:42.502[Status]Routing Start.
2020-02-08_12:38:42.891[Status]{'id': 18, 'coordinate': [916.5135914908813, 294.9024323556437]}
2020-02-08_12:38:42.891[Status]Routing 106: Walk: 93
2020-02-08_12:38:42.991[Battery Energy]87.77
2020-02-08_12:38:42.991[Status]Routing Start.
2020-02-08_12:38:43.317[Status]{'id': 18, 'coordinate': [925.5286176245835, 290.5746957868742]}
2020-02-08_12:38:43.317[Status]Routing 107: Walk: 94
2020-02-08_12:38:43.417[Battery Energy]87.40
2020-02-08_12:38:43.417[Status]Routing Start.
2020-02-08_12:38:43.694[Status]{'id': 18, 'coordinate': [934.5436437582857, 286.2469592181047]}
2020-02-08_12:38:43.694[Status]Routing 108: Walk: 95
2020-02-08_12:38:43.795[Battery Energy]87.03
2020-02-08_12:38:43.795[Status]Routing Start.
2020-02-08_12:38:44.060[Status]{'id': 18, 'coordinate': [943.558669891988, 281.91922264933515]}
2020-02-08_12:38:44.060[Status]Routing 109: Walk: 96
2020-02-08_12:38:44.160[Battery Energy]86.68
2020-02-08_12:38:44.160[Status]Routing Start.
2020-02-08_12:38:44.337[Status]{'id': 18, 'coordinate': [952.5736960256902, 277.59148608056563]}
2020-02-08_12:38:44.337[Status]Routing 110: Walk: 97
2020-02-08_12:38:44.446[Battery Energy]86.46
2020-02-08_12:38:44.446[Status]Routing Start.
2020-02-08_12:38:44.604[Status]{'id': 18, 'coordinate': [961.5887221593924, 273.26374951179616]}
2020-02-08_12:38:44.608[Status]Routing 111: Walk: 98
2020-02-08_12:38:44.717[Battery Energy]86.22
2020-02-08_12:38:44.718[Status]Routing Start.
2020-02-08_12:38:44.922[Status]{'id': 18, 'coordinate': [970.6037482930947, 268.9360129430267]}
2020-02-08_12:38:44.923[Status]Routing 112: Walk: 99
2020-02-08_12:38:45.024[Battery Energy]85.96
2020-02-08_12:38:45.024[Status]Routing Start.
2020-02-08_12:38:45.286[Status]{'id': 18, 'coordinate': [979.6187744267969, 264.60827637425723]}
2020-02-08_12:38:45.286[Status]Routing 113: Walk: 100
2020-02-08_12:38:45.402[Battery Energy]85.67
2020-02-08_12:38:45.402[Status]Routing Start.
2020-02-08_12:38:45.532[Status]{'id': 18, 'coordinate': [988.6338005604991, 260.28053980548776]}
2020-02-08_12:38:45.532[Status]Routing 114: Walk: 101
2020-02-08_12:38:45.638[Battery Energy]85.46
2020-02-08_12:38:45.638[Status]Routing Start.
2020-02-08_12:38:45.814[Status]{'id': 18, 'coordinate': [997.6488266942014, 255.95280323671827]}
2020-02-08_12:38:45.818[Status]Routing 115: Walk: 102
2020-02-08_12:38:45.930[Battery Energy]85.22
2020-02-08_12:38:45.930[Status]Routing Start.
2020-02-08_12:38:46.084[Status]{'id': 18, 'coordinate': [1006.6638528279036, 251.62506666794877]}
2020-02-08_12:38:46.084[Status]Routing 116: Walk: 103
2020-02-08_12:38:46.190[Battery Energy]85.03
2020-02-08_12:38:46.190[Status]Routing Start.
2020-02-08_12:38:46.330[Status]{'id': 18, 'coordinate': [1015.678878961606, 247.29733009917928]}
2020-02-08_12:38:46.332[Status]Routing 117: Walk: 104
2020-02-08_12:38:46.442[Battery Energy]84.83
2020-02-08_12:38:46.442[Status]Routing Start.
2020-02-08_12:38:46.580[Status]{'id': 18, 'coordinate': [1024.6939050953083, 242.96959353040978]}
2020-02-08_12:38:46.580[Status]Routing 118: Walk: 105
2020-02-08_12:38:46.690[Battery Energy]84.62
2020-02-08_12:38:46.690[Status]Routing Start.
2020-02-08_12:38:46.841[Status]{'id': 18, 'coordinate': [1033.7089312290107, 238.6418569616403]}
2020-02-08_12:38:46.841[Status]Routing 119: Walk: 106
2020-02-08_12:38:46.950[Battery Energy]84.40
2020-02-08_12:38:46.950[Status]Routing Start.
2020-02-08_12:38:46.950[Status]Task Finished.
2020-02-08_12:38:47.050[Battery Energy]84.40
2020-02-08_12:38:47.186[Status]Routing 121: Walk: 106
2020-02-08_12:38:47.290[Battery Energy]84.30
2020-02-08_12:38:47.604[Status]Routing 122: Walk: 106
2020-02-08_12:38:47.714[Battery Energy]83.99
2020-02-08_12:38:48.055[Status]Routing 123: Walk: 106
2020-02-08_12:38:48.155[Battery Energy]83.67
2020-02-08_12:38:48.517[Status]Routing 124: Walk: 106
2020-02-08_12:38:48.617[Battery Energy]83.34
2020-02-08_12:38:48.803[Status]Routing 125: Walk: 106
2020-02-08_12:38:48.904[Battery Energy]83.22
2020-02-08_12:38:49.063[Status]Routing 126: Walk: 106
2020-02-08_12:38:49.166[Battery Energy]83.13
2020-02-08_12:38:49.420[Status]Routing 127: Walk: 106
2020-02-08_12:38:49.535[Battery Energy]82.98
2020-02-08_12:38:49.866[Status]Routing 128: Walk: 106
2020-02-08_12:38:49.967[Battery Energy]82.61
2020-02-08_12:38:50.307[Status]Routing 129: Walk: 106
2020-02-08_12:38:50.408[Battery Energy]82.29
2020-02-08_12:38:50.709[Status]Routing 130: Walk: 106
2020-02-08_12:38:50.810[Battery Energy]81.98
2020-02-08_12:38:50.974[Status]Routing 131: Walk: 106
2020-02-08_12:38:51.085[Battery Energy]81.87
2020-02-08_12:38:51.243[Status]Routing 132: Walk: 106
2020-02-08_12:38:51.346[Battery Energy]81.75
2020-02-08_12:38:51.653[Status]Routing 133: Walk: 106
2020-02-08_12:38:51.761[Battery Energy]81.53
2020-02-08_12:38:52.075[Status]Routing 134: Walk: 106
2020-02-08_12:38:52.179[Battery Energy]81.29
2020-02-08_12:38:52.525[Status]Routing 135: Walk: 106
2020-02-08_12:38:52.630[Battery Energy]81.03
2020-02-08_12:38:52.977[Status]Routing 136: Walk: 106
2020-02-08_12:38:53.082[Battery Energy]80.82
2020-02-08_12:38:53.393[Status]Routing 137: Walk: 106
2020-02-08_12:38:53.502[Battery Energy]80.63
2020-02-08_12:38:53.675[Status]Routing 138: Walk: 106
2020-02-08_12:38:53.790[Battery Energy]80.52
2020-02-08_12:38:53.895[Status]Routing 139: Walk: 106
2020-02-08_12:38:54.001[Battery Energy]80.44
2020-02-08_12:38:54.266[Status]Routing 140: Walk: 106
2020-02-08_12:38:54.374[Battery Energy]80.28
2020-02-08_12:38:54.529[Status]Routing 141: Walk: 106
2020-02-08_12:38:54.646[Battery Energy]80.16
2020-02-08_12:38:54.775[Status]Routing 142: Walk: 106
2020-02-08_12:38:54.886[Battery Energy]80.06
2020-02-08_12:38:55.044[Status]Routing 143: Walk: 106
2020-02-08_12:38:55.150[Battery Energy]79.97
2020-02-08_12:38:55.277[Status]Routing 144: Walk: 106
2020-02-08_12:38:55.382[Battery Energy]79.86
2020-02-08_12:38:55.527[Status]Routing 145: Walk: 106
2020-02-08_12:38:55.634[Battery Energy]79.77
2020-02-08_12:38:55.774[Status]Routing 146: Walk: 106
2020-02-08_12:38:55.894[Battery Energy]79.66
2020-02-08_12:38:56.013[Status]Routing 147: Walk: 106
2020-02-08_12:38:56.126[Battery Energy]79.55
2020-02-08_12:38:56.277[Status]Routing 148: Walk: 106
2020-02-08_12:38:56.385[Battery Energy]79.44
2020-02-08_12:38:56.543[Status]Routing 149: Walk: 106
2020-02-08_12:38:56.645[Battery Energy]79.34
2020-02-08_12:38:56.803[Status]Routing 150: Walk: 106
2020-02-08_12:38:56.903[Battery Energy]79.19
2020-02-08_12:38:57.079[Status]Routing 151: Walk: 106
2020-02-08_12:38:57.190[Battery Energy]79.08
2020-02-08_12:38:57.350[Status]Routing 152: Walk: 106
2020-02-08_12:38:57.456[Battery Energy]78.93
2020-02-08_12:38:57.621[Status]Routing 153: Walk: 106
2020-02-08_12:38:57.721[Battery Energy]78.81
2020-02-08_12:38:57.861[Status]Routing 154: Walk: 106
2020-02-08_12:38:57.982[Battery Energy]78.71
2020-02-08_12:38:58.112[Status]Routing 155: Walk: 106
2020-02-08_12:38:58.226[Battery Energy]78.59
2020-02-08_12:38:58.361[Status]Routing 156: Walk: 106
2020-02-08_12:38:58.470[Battery Energy]78.47
2020-02-08_12:38:58.624[Status]Routing 157: Walk: 106
2020-02-08_12:38:58.730[Battery Energy]78.35
2020-02-08_12:38:58.886[Status]Routing 158: Walk: 106
2020-02-08_12:38:58.994[Battery Energy]78.26
2020-02-08_12:38:59.145[Status]Routing 159: Walk: 106
2020-02-08_12:38:59.254[Battery Energy]78.13
2020-02-08_12:38:59.427[Status]Routing 160: Walk: 106
2020-02-08_12:38:59.528[Battery Energy]78.02
2020-02-08_12:38:59.690[Status]Routing 161: Walk: 106
2020-02-08_12:38:59.790[Battery Energy]77.91
2020-02-08_12:38:59.952[Status]Routing 162: Walk: 106
2020-02-08_12:39:00.052[Battery Energy]77.81
2020-02-08_12:39:00.223[Status]Routing 163: Walk: 106
2020-02-08_12:39:00.323[Battery Energy]77.66
2020-02-08_12:39:00.492[Status]Routing 164: Walk: 106
2020-02-08_12:39:00.592[Battery Energy]77.56
2020-02-08_12:39:00.768[Status]Routing 165: Walk: 106
2020-02-08_12:39:00.870[Battery Energy]77.44
2020-02-08_12:39:00.997[Status]Routing 166: Walk: 106
2020-02-08_12:39:01.154[Battery Energy]77.34
2020-02-08_12:39:01.293[Status]Routing 167: Walk: 106
2020-02-08_12:39:01.395[Battery Energy]77.25
2020-02-08_12:39:01.559[Status]Routing 168: Walk: 106
2020-02-08_12:39:01.666[Battery Energy]77.15
2020-02-08_12:39:01.808[Status]Routing 169: Walk: 106
2020-02-08_12:39:01.909[Battery Energy]77.02
2020-02-08_12:39:02.077[Status]Routing 170: Walk: 106
2020-02-08_12:39:02.183[Battery Energy]76.93
2020-02-08_12:39:02.367[Status]Routing 171: Walk: 106
2020-02-08_12:39:02.482[Battery Energy]76.82
2020-02-08_12:39:02.619[Status]Routing 172: Walk: 106
2020-02-08_12:39:02.734[Battery Energy]76.74
2020-02-08_12:39:02.862[Status]Routing 173: Walk: 106
2020-02-08_12:39:02.970[Battery Energy]76.62
2020-02-08_12:39:03.146[Status]Routing 174: Walk: 106
2020-02-08_12:39:03.248[Battery Energy]76.50
2020-02-08_12:39:03.418[Status]Routing 175: Walk: 106
2020-02-08_12:39:03.526[Battery Energy]76.42
2020-02-08_12:39:03.658[Status]Routing 176: Walk: 106
2020-02-08_12:39:03.766[Battery Energy]76.31
2020-02-08_12:39:03.928[Status]Routing 177: Walk: 106
2020-02-08_12:39:04.028[Battery Energy]76.20
2020-02-08_12:39:04.216[Status]Routing 178: Walk: 106
2020-02-08_12:39:04.330[Battery Energy]76.07
2020-02-08_12:39:04.488[Status]Routing 179: Walk: 106
2020-02-08_12:39:04.588[Battery Energy]75.96
2020-02-08_12:39:04.739[Status]Routing 180: Walk: 106
2020-02-08_12:39:04.845[Battery Energy]75.87
2020-02-08_12:39:05.039[Status]Routing 181: Walk: 106
2020-02-08_12:39:05.139[Battery Energy]75.75
2020-02-08_12:39:05.336[Status]Routing 182: Walk: 106
2020-02-08_12:39:05.446[Battery Energy]75.63
2020-02-08_12:39:05.602[Status]Routing 183: Walk: 106
2020-02-08_12:39:05.702[Battery Energy]75.52
2020-02-08_12:39:05.893[Status]Routing 184: Walk: 106
2020-02-08_12:39:05.993[Battery Energy]75.39
2020-02-08_12:39:06.163[Status]Routing 185: Walk: 106
2020-02-08_12:39:06.270[Battery Energy]75.27
2020-02-08_12:39:06.401[Status]Routing 186: Walk: 106
2020-02-08_12:39:06.502[Battery Energy]75.19
2020-02-08_12:39:06.707[Status]Routing 187: Walk: 106
2020-02-08_12:39:06.807[Battery Energy]75.03
2020-02-08_12:39:06.960[Status]Routing 188: Walk: 106
2020-02-08_12:39:07.060[Battery Energy]74.90
2020-02-08_12:39:07.195[Status]Routing 189: Walk: 106
2020-02-08_12:39:07.295[Battery Energy]74.80
2020-02-08_12:39:07.441[Status]Routing 190: Walk: 106
2020-02-08_12:39:07.554[Battery Energy]74.70
2020-02-08_12:39:07.686[Status]Routing 191: Walk: 106
2020-02-08_12:39:07.790[Battery Energy]74.59
2020-02-08_12:39:07.969[Status]Routing 192: Walk: 106
2020-02-08_12:39:08.069[Battery Energy]74.47
2020-02-08_12:39:08.213[Status]Routing 193: Walk: 106
2020-02-08_12:39:08.326[Battery Energy]74.35
2020-02-08_12:39:08.472[Status]Routing 194: Walk: 106
2020-02-08_12:39:08.586[Battery Energy]74.25
2020-02-08_12:39:08.760[Status]Routing 195: Walk: 106
2020-02-08_12:39:08.860[Battery Energy]74.12
2020-02-08_12:39:09.008[Status]Routing 196: Walk: 106
2020-02-08_12:39:09.126[Battery Energy]73.99
2020-02-08_12:39:09.298[Status]Routing 197: Walk: 106
2020-02-08_12:39:09.418[Battery Energy]73.90
2020-02-08_12:39:09.558[Status]Routing 198: Walk: 106
2020-02-08_12:39:09.666[Battery Energy]73.81
2020-02-08_12:39:09.798[Status]Routing 199: Walk: 106
2020-02-08_12:39:09.906[Battery Energy]73.71
2020-02-08_12:39:10.048[Status]Routing 200: Walk: 106
2020-02-08_12:39:10.166[Battery Energy]73.61
2020-02-08_12:39:10.314[Status]Routing 201: Walk: 106
2020-02-08_12:39:10.415[Battery Energy]73.52
2020-02-08_12:39:10.576[Status]Routing 202: Walk: 106
2020-02-08_12:39:10.682[Battery Energy]73.40
2020-02-08_12:39:10.848[Status]Routing 203: Walk: 106
2020-02-08_12:39:10.948[Battery Energy]73.30
2020-02-08_12:39:11.089[Status]Routing 204: Walk: 106
2020-02-08_12:39:11.201[Battery Energy]73.20
2020-02-08_12:39:11.342[Status]Routing 205: Walk: 106
2020-02-08_12:39:11.442[Battery Energy]73.08
2020-02-08_12:39:11.601[Status]Routing 206: Walk: 106
2020-02-08_12:39:11.718[Battery Energy]72.97
2020-02-08_12:39:11.873[Status]Routing 207: Walk: 106
2020-02-08_12:39:11.978[Battery Energy]72.85
2020-02-08_12:39:12.110[Status]Routing 208: Walk: 106
2020-02-08_12:39:12.214[Battery Energy]72.77
2020-02-08_12:39:12.375[Status]Routing 209: Walk: 106
2020-02-08_12:39:12.476[Battery Energy]72.64
2020-02-08_12:39:12.625[Status]Routing 210: Walk: 106
2020-02-08_12:39:12.734[Battery Energy]72.54
2020-02-08_12:39:12.887[Status]Routing 211: Walk: 106
2020-02-08_12:39:12.994[Battery Energy]72.42
2020-02-08_12:39:13.161[Status]Routing 212: Walk: 106
2020-02-08_12:39:13.274[Battery Energy]72.31
2020-02-08_12:39:13.414[Status]Routing 213: Walk: 106
2020-02-08_12:39:13.515[Battery Energy]72.22
2020-02-08_12:39:13.691[Status]Routing 214: Walk: 106
2020-02-08_12:39:13.802[Battery Energy]72.11
2020-02-08_12:39:13.983[Status]Routing 215: Walk: 106
2020-02-08_12:39:14.098[Battery Energy]71.99
2020-02-08_12:39:14.242[Status]Routing 216: Walk: 106
2020-02-08_12:39:14.353[Battery Energy]71.88
2020-02-08_12:39:14.517[Status]Routing 217: Walk: 106
2020-02-08_12:39:14.617[Battery Energy]71.76
2020-02-08_12:39:14.790[Status]Routing 218: Walk: 106
2020-02-08_12:39:14.890[Battery Energy]71.65
2020-02-08_12:39:15.051[Status]Routing 219: Walk: 106
2020-02-08_12:39:15.162[Battery Energy]71.53
2020-02-08_12:39:15.285[Status]Routing 220: Walk: 106
2020-02-08_12:39:15.398[Battery Energy]71.42
2020-02-08_12:39:15.543[Status]Routing 221: Walk: 106
2020-02-08_12:39:15.652[Battery Energy]71.32
2020-02-08_12:39:15.809[Status]Routing 222: Walk: 106
2020-02-08_12:39:15.926[Battery Energy]71.22
2020-02-08_12:39:16.045[Status]Routing 223: Walk: 106
2020-02-08_12:39:16.147[Battery Energy]71.12
2020-02-08_12:39:16.317[Status]Routing 224: Walk: 106
2020-02-08_12:39:16.426[Battery Energy]71.03
2020-02-08_12:39:16.560[Status]Routing 225: Walk: 106
2020-02-08_12:39:16.674[Battery Energy]70.92
2020-02-08_12:39:16.818[Status]Routing 226: Walk: 106
2020-02-08_12:39:16.919[Battery Energy]70.81
2020-02-08_12:39:17.107[Status]Routing 227: Walk: 106
2020-02-08_12:39:17.218[Battery Energy]70.71
2020-02-08_12:39:17.334[Status]Routing 228: Walk: 106
2020-02-08_12:39:17.442[Battery Energy]70.62
2020-02-08_12:39:17.576[Status]Routing 229: Walk: 106
2020-02-08_12:39:17.690[Battery Energy]70.53
2020-02-08_12:39:17.817[Status]Routing 230: Walk: 106
2020-02-08_12:39:17.921[Battery Energy]70.41
2020-02-08_12:39:18.085[Status]Routing 231: Walk: 106
2020-02-08_12:39:18.198[Battery Energy]70.29
2020-02-08_12:39:18.313[Status]Routing 232: Walk: 106
2020-02-08_12:39:18.418[Battery Energy]70.20
2020-02-08_12:39:18.556[Status]Routing 233: Walk: 106
2020-02-08_12:39:18.666[Battery Energy]70.10
2020-02-08_12:39:18.853[Status]Routing 234: Walk: 106
2020-02-08_12:39:18.962[Battery Energy]69.99
2020-02-08_12:39:19.100[Status]Routing 235: Walk: 106
2020-02-08_12:39:19.201[Battery Energy]69.90
2020-02-08_12:39:19.404[Status]Routing 236: Walk: 106
2020-02-08_12:39:19.518[Battery Energy]69.75
2020-02-08_12:39:19.643[Status]Routing 237: Walk: 106
2020-02-08_12:39:19.748[Battery Energy]69.64
2020-02-08_12:39:19.909[Status]Routing 238: Walk: 106
2020-02-08_12:39:20.026[Battery Energy]69.54
2020-02-08_12:39:20.182[Status]Routing 239: Walk: 106
2020-02-08_12:39:20.290[Battery Energy]69.41
2020-02-08_12:39:20.478[Status]Routing 240: Walk: 106
2020-02-08_12:39:20.578[Battery Energy]69.26
2020-02-08_12:39:20.717[Status]Routing 241: Walk: 106
2020-02-08_12:39:20.830[Battery Energy]69.16
2020-02-08_12:39:20.984[Status]Routing 242: Walk: 106
2020-02-08_12:39:21.093[Battery Energy]69.05
2020-02-08_12:39:21.222[Status]Routing 243: Walk: 106
2020-02-08_12:39:21.322[Battery Energy]68.95
2020-02-08_12:39:21.489[Status]Routing 244: Walk: 106
2020-02-08_12:39:21.598[Battery Energy]68.84
2020-02-08_12:39:21.754[Status]Routing 245: Walk: 106
2020-02-08_12:39:21.862[Battery Energy]68.70
2020-02-08_12:39:22.023[Status]Routing 246: Walk: 106
2020-02-08_12:39:22.127[Battery Energy]68.57
2020-02-08_12:39:22.280[Status]Routing 247: Walk: 106
2020-02-08_12:39:22.386[Battery Energy]68.44
2020-02-08_12:39:22.527[Status]Routing 248: Walk: 106
2020-02-08_12:39:22.636[Battery Energy]68.33
2020-02-08_12:39:22.797[Status]Routing 249: Walk: 106
2020-02-08_12:39:22.910[Battery Energy]68.23
2020-02-08_12:39:23.054[Status]Routing 250: Walk: 106
2020-02-08_12:39:23.163[Battery Energy]68.12
2020-02-08_12:39:23.286[Status]Routing 251: Walk: 106
2020-02-08_12:39:23.387[Battery Energy]68.02
2020-02-08_12:39:23.564[Status]Routing 252: Walk: 106
2020-02-08_12:39:23.674[Battery Energy]67.90
2020-02-08_12:39:23.810[Status]Routing 253: Walk: 106
2020-02-08_12:39:23.921[Battery Energy]67.80
2020-02-08_12:39:24.078[Status]Routing 254: Walk: 106
2020-02-08_12:39:24.182[Battery Energy]67.69
2020-02-08_12:39:24.328[Status]Routing 255: Walk: 106
2020-02-08_12:39:24.431[Battery Energy]67.59
2020-02-08_12:39:24.576[Status]Routing 256: Walk: 106
2020-02-08_12:39:24.682[Battery Energy]67.51
2020-02-08_12:39:24.816[Status]Routing 257: Walk: 106
2020-02-08_12:39:24.918[Battery Energy]67.40
2020-02-08_12:39:25.052[Status]Routing 258: Walk: 106
2020-02-08_12:39:25.162[Battery Energy]67.30
2020-02-08_12:39:25.327[Status]Routing 259: Walk: 106
2020-02-08_12:39:25.438[Battery Energy]67.19
2020-02-08_12:39:25.591[Status]Routing 260: Walk: 106
2020-02-08_12:39:25.706[Battery Energy]67.07
2020-02-08_12:39:25.846[Status]Routing 261: Walk: 106
2020-02-08_12:39:25.946[Battery Energy]66.98
2020-02-08_12:39:26.123[Status]Routing 262: Walk: 106
2020-02-08_12:39:26.238[Battery Energy]66.89
2020-02-08_12:39:26.369[Status]Routing 263: Walk: 106
2020-02-08_12:39:26.470[Battery Energy]66.80
2020-02-08_12:39:26.629[Status]Routing 264: Walk: 106
2020-02-08_12:39:26.729[Battery Energy]66.72
2020-02-08_12:39:26.891[Status]Routing 265: Walk: 106
2020-02-08_12:39:27.002[Battery Energy]66.60
2020-02-08_12:39:27.180[Status]Routing 266: Walk: 106
2020-02-08_12:39:27.287[Battery Energy]66.48
2020-02-08_12:39:27.435[Status]Routing 267: Walk: 106
2020-02-08_12:39:27.538[Battery Energy]66.35
2020-02-08_12:39:27.673[Status]Routing 268: Walk: 106
2020-02-08_12:39:27.774[Battery Energy]66.24
2020-02-08_12:39:27.914[Status]Routing 269: Walk: 106
2020-02-08_12:39:28.038[Battery Energy]66.14
2020-02-08_12:39:28.175[Status]Routing 270: Walk: 106
2020-02-08_12:39:28.275[Battery Energy]66.05
2020-02-08_12:39:28.419[Status]Routing 271: Walk: 106
2020-02-08_12:39:28.519[Battery Energy]65.94
2020-02-08_12:39:28.703[Status]Routing 272: Walk: 106
2020-02-08_12:39:28.803[Battery Energy]65.81
2020-02-08_12:39:28.996[Status]Routing 273: Walk: 106
2020-02-08_12:39:29.096[Battery Energy]65.67
2020-02-08_12:39:29.244[Status]Routing 274: Walk: 106
2020-02-08_12:39:29.344[Battery Energy]65.55
2020-02-08_12:39:29.496[Status]Routing 275: Walk: 106
2020-02-08_12:39:29.596[Battery Energy]65.44
2020-02-08_12:39:29.762[Status]Routing 276: Walk: 106
2020-02-08_12:39:29.879[Battery Energy]65.34
2020-02-08_12:39:30.047[Status]Routing 277: Walk: 106
2020-02-08_12:39:30.154[Battery Energy]65.24
2020-02-08_12:39:30.291[Status]Routing 278: Walk: 106
2020-02-08_12:39:30.392[Battery Energy]65.15
2020-02-08_12:39:30.580[Status]Routing 279: Walk: 106
2020-02-08_12:39:30.681[Battery Energy]65.01
2020-02-08_12:39:30.824[Status]Routing 280: Walk: 106
2020-02-08_12:39:30.930[Battery Energy]64.91
2020-02-08_12:39:31.091[Status]Routing 281: Walk: 106
2020-02-08_12:39:31.191[Battery Energy]64.79
2020-02-08_12:39:31.371[Status]Routing 282: Walk: 106
2020-02-08_12:39:31.479[Battery Energy]64.68
2020-02-08_12:39:31.628[Status]Routing 283: Walk: 106
2020-02-08_12:39:31.731[Battery Energy]64.57
2020-02-08_12:39:31.884[Status]Routing 284: Walk: 106
2020-02-08_12:39:31.990[Battery Energy]64.46
2020-02-08_12:39:32.126[Status]Routing 285: Walk: 106
2020-02-08_12:39:32.227[Battery Energy]64.35
2020-02-08_12:39:32.361[Status]Routing 286: Walk: 106
2020-02-08_12:39:32.461[Battery Energy]64.25
2020-02-08_12:39:32.613[Status]Routing 287: Walk: 106
2020-02-08_12:39:32.730[Battery Energy]64.13
2020-02-08_12:39:32.874[Status]Routing 288: Walk: 106
2020-02-08_12:39:32.982[Battery Energy]64.03
2020-02-08_12:39:33.119[Status]Routing 289: Walk: 106
2020-02-08_12:39:33.230[Battery Energy]63.93
2020-02-08_12:39:33.362[Status]Routing 290: Walk: 106
2020-02-08_12:39:33.470[Battery Energy]63.83
2020-02-08_12:39:33.614[Status]Routing 291: Walk: 106
2020-02-08_12:39:33.718[Battery Energy]63.71
2020-02-08_12:39:33.851[Status]Routing 292: Walk: 106
2020-02-08_12:39:33.957[Battery Energy]63.59
2020-02-08_12:39:34.138[Status]Routing 293: Walk: 106
2020-02-08_12:39:34.246[Battery Energy]63.47
2020-02-08_12:39:34.408[Status]Routing 294: Walk: 106
2020-02-08_12:39:34.522[Battery Energy]63.35
2020-02-08_12:39:34.658[Status]Routing 295: Walk: 106
2020-02-08_12:39:34.762[Battery Energy]63.25
2020-02-08_12:39:34.952[Status]Routing 296: Walk: 106
2020-02-08_12:39:35.052[Battery Energy]63.13
2020-02-08_12:39:35.222[Status]Routing 297: Walk: 106
2020-02-08_12:39:35.334[Battery Energy]63.01
2020-02-08_12:39:35.470[Status]Routing 298: Walk: 106
2020-02-08_12:39:35.578[Battery Energy]62.91
2020-02-08_12:39:35.712[Status]Routing 299: Walk: 106
2020-02-08_12:39:35.822[Battery Energy]62.81
2020-02-08_12:39:35.978[Status]Routing 300: Walk: 106
2020-02-08_12:39:36.078[Battery Energy]62.68
2020-02-08_12:39:36.211[Status]Routing 301: Walk: 106
2020-02-08_12:39:36.311[Battery Energy]62.59
2020-02-08_12:39:36.465[Status]Routing 302: Walk: 106
2020-02-08_12:39:36.570[Battery Energy]62.49
2020-02-08_12:39:36.727[Status]Routing 303: Walk: 106
2020-02-08_12:39:36.842[Battery Energy]62.38
2020-02-08_12:39:36.969[Status]Routing 304: Walk: 106
2020-02-08_12:39:37.078[Battery Energy]62.28
2020-02-08_12:39:37.222[Status]Routing 305: Walk: 106
2020-02-08_12:39:37.323[Battery Energy]62.16
2020-02-08_12:39:37.511[Status]Routing 306: Walk: 106
2020-02-08_12:39:37.611[Battery Energy]62.04
2020-02-08_12:39:37.737[Status]Routing 307: Walk: 106
2020-02-08_12:39:37.837[Battery Energy]61.93
2020-02-08_12:39:37.978[Status]Routing 308: Walk: 106
2020-02-08_12:39:38.082[Battery Energy]61.83
2020-02-08_12:39:38.233[Status]Routing 309: Walk: 106
2020-02-08_12:39:38.342[Battery Energy]61.71
2020-02-08_12:39:38.527[Status]Routing 310: Walk: 106
2020-02-08_12:39:38.629[Battery Energy]61.59
2020-02-08_12:39:38.780[Status]Routing 311: Walk: 106
2020-02-08_12:39:38.880[Battery Energy]61.47
2020-02-08_12:39:39.047[Status]Routing 312: Walk: 106
2020-02-08_12:39:39.154[Battery Energy]61.37
2020-02-08_12:39:39.307[Status]Routing 313: Walk: 106
2020-02-08_12:39:39.414[Battery Energy]61.25
2020-02-08_12:39:39.549[Status]Routing 314: Walk: 106
2020-02-08_12:39:39.662[Battery Energy]61.13
2020-02-08_12:39:39.796[Status]Routing 315: Walk: 106
2020-02-08_12:39:39.902[Battery Energy]61.03
2020-02-08_12:39:40.068[Status]Routing 316: Walk: 106
2020-02-08_12:39:40.171[Battery Energy]60.92
2020-02-08_12:39:40.314[Status]Routing 317: Walk: 106
2020-02-08_12:39:40.414[Battery Energy]60.82
2020-02-08_12:39:40.579[Status]Routing 318: Walk: 106
2020-02-08_12:39:40.680[Battery Energy]60.72
2020-02-08_12:39:40.831[Status]Routing 319: Walk: 106
2020-02-08_12:39:40.934[Battery Energy]60.61
2020-02-08_12:39:41.099[Status]Routing 320: Walk: 106
2020-02-08_12:39:41.201[Battery Energy]60.50
2020-02-08_12:39:41.359[Status]Routing 321: Walk: 106
2020-02-08_12:39:41.459[Battery Energy]60.37
2020-02-08_12:39:41.619[Status]Routing 322: Walk: 106
2020-02-08_12:39:41.719[Battery Energy]60.27
2020-02-08_12:39:41.884[Status]Routing 323: Walk: 106
2020-02-08_12:39:41.994[Battery Energy]60.16
2020-02-08_12:39:42.148[Status]Routing 324: Walk: 106
2020-02-08_12:39:42.258[Battery Energy]60.05
2020-02-08_12:39:42.409[Status]Routing 325: Walk: 106
2020-02-08_12:39:42.514[Battery Energy]59.95
2020-02-08_12:39:42.659[Status]Routing 326: Walk: 106
2020-02-08_12:39:42.760[Battery Energy]59.84
2020-02-08_12:39:42.928[Status]Routing 327: Walk: 106
2020-02-08_12:39:43.038[Battery Energy]59.72
2020-02-08_12:39:43.201[Status]Routing 328: Walk: 106
2020-02-08_12:39:43.303[Battery Energy]59.60
2020-02-08_12:39:43.464[Status]Routing 329: Walk: 106
2020-02-08_12:39:43.582[Battery Energy]59.52
2020-02-08_12:39:43.775[Status]Routing 330: Walk: 106
2020-02-08_12:39:43.886[Battery Energy]59.41
