2020-01-29_15:48:43.991[Status]Start.
2020-01-29_15:48:43.991[Battery Energy]74.00
2020-01-29_15:48:45.110[Battery Energy]73.96
2020-01-29_15:48:46.211[Battery Energy]73.92
2020-01-29_15:48:47.312[Battery Energy]73.88
2020-01-29_15:48:48.413[Battery Energy]73.84
2020-01-29_15:48:49.514[Task]A New Task Released.
2020-01-29_15:48:49.514[Battery Energy]73.80
2020-01-29_15:48:49.514[Status]Selection Start.
2020-01-29_15:48:52.894[Status]Selection End: Do Task 0.
2020-01-29_15:48:53.015[Battery Energy]71.19
2020-01-29_15:48:53.015[Status]Formation Start.
2020-01-29_15:48:53.169[Status]number of tasks is 6
2020-01-29_15:48:53.172[Status]my group tasks is [ 525.  475.]
2020-01-29_15:48:53.180[Status]my group tasks is [ 425.          648.20508076]
2020-01-29_15:48:53.186[Status]my group tasks is [ 225.          648.20508076]
2020-01-29_15:48:53.186[Status]my group tasks is [ 125.  475.]
2020-01-29_15:48:53.198[Status]my group tasks is [ 225.          301.79491924]
2020-01-29_15:48:53.203[Status]my group tasks is [ 425.          301.79491924]
2020-01-29_15:48:53.242[Status]mygroup_robots_utility is {1: [32.860743322216955, 33.56368232255527, 62.45871397143412, 38.50930661779807, 46.41824818149337, 79.80914097508051], 2: [33.58103430509932, 99.27463259199536, 70.59225675174675, 40.72711520946685, 41.22632807838551, 35.54527877214211], 3: [32.84899303639, 37.291858012435576, 39.393924200567696, 89.79173883843237, 30.299710860794022, 31.770797094916503], 4: [34.39695862764491, 83.96490440893422, 42.24898135820343, 60.82868738821515, 34.59885760498662, 30.481008578169188], 5: [32.24100614034056, 65.30144151406766, 35.75056817746989, 36.998622043501086, 90.17873625952959, 43.16469887081597], 6: [34.57122367809317, 69.83202300247234, 40.11348873721015, 28.993764993845904, 26.89315882384593, 28.80333515434033]}
2020-01-29_15:48:53.242[Status]self.local_queue is [1, 2, 3, 4, 5, 6]
2020-01-29_15:48:53.242[Status]task_chosen index is 5
2020-01-29_15:48:53.242[Status]task_chosen index is 1
2020-01-29_15:48:53.242[Status]task_chosen index is 3
2020-01-29_15:48:53.242[Status]task_chosen index is 2
2020-01-29_15:48:53.242[Status]myindex_in_queue is 2
2020-01-29_15:48:53.242[Status]task destination is [225.00000000000006, 648.2050807568878]
2020-01-29_15:48:53.342[Battery Energy]71.02
2020-01-29_15:48:53.342[Status]Routing Start.
2020-01-29_15:48:53.484[Status]{'coordinate': [61.49131983935069, 322.93465422390005], 'id': 4}
2020-01-29_15:48:53.485[Status]Routing 1: Walk: 1
2020-01-29_15:48:53.610[Battery Energy]70.81
2020-01-29_15:48:53.610[Status]Routing Start.
2020-01-29_15:48:53.723[Status]{'coordinate': [65.98263967870137, 331.8693084478001], 'id': 4}
2020-01-29_15:48:53.723[Status]Routing 2: Walk: 2
2020-01-29_15:48:53.824[Battery Energy]70.60
2020-01-29_15:48:53.824[Status]Routing Start.
2020-01-29_15:48:53.957[Status]{'coordinate': [70.47395951805206, 340.80396267170016], 'id': 4}
2020-01-29_15:48:53.958[Status]Routing 3: Walk: 3
2020-01-29_15:48:54.058[Battery Energy]70.41
2020-01-29_15:48:54.058[Status]Routing Start.
2020-01-29_15:48:54.213[Status]{'coordinate': [74.96527935740274, 349.7386168956002], 'id': 4}
2020-01-29_15:48:54.213[Status]Routing 4: Walk: 4
2020-01-29_15:48:54.313[Battery Energy]70.18
2020-01-29_15:48:54.313[Status]Routing Start.
2020-01-29_15:48:54.504[Status]{'coordinate': [79.45659919675342, 358.67327111950027], 'id': 4}
2020-01-29_15:48:54.504[Status]Routing 5: Walk: 5
2020-01-29_15:48:54.614[Battery Energy]69.97
2020-01-29_15:48:54.614[Status]Routing Start.
2020-01-29_15:48:54.782[Status]{'coordinate': [83.9479190361041, 367.6079253434003], 'id': 4}
2020-01-29_15:48:54.782[Status]Routing 6: Walk: 6
2020-01-29_15:48:54.882[Battery Energy]69.73
2020-01-29_15:48:54.882[Status]Routing Start.
2020-01-29_15:48:55.192[Status]{'coordinate': [88.43923887545478, 376.5425795673004], 'id': 4}
2020-01-29_15:48:55.192[Status]Routing 7: Walk: 7
2020-01-29_15:48:55.294[Battery Energy]69.40
2020-01-29_15:48:55.294[Status]Routing Start.
2020-01-29_15:48:55.564[Status]{'coordinate': [92.93055871480546, 385.47723379120043], 'id': 4}
2020-01-29_15:48:55.564[Status]Routing 8: Walk: 8
2020-01-29_15:48:55.673[Battery Energy]69.11
2020-01-29_15:48:55.673[Status]Routing Start.
2020-01-29_15:48:55.974[Status]{'coordinate': [97.42187855415615, 394.4118880151005], 'id': 4}
2020-01-29_15:48:55.974[Status]Routing 9: Walk: 9
2020-01-29_15:48:56.077[Battery Energy]68.79
2020-01-29_15:48:56.077[Status]Routing Start.
2020-01-29_15:48:56.498[Status]{'coordinate': [90.35387924981242, 401.4860230034787], 'id': 4}
2020-01-29_15:48:56.499[Status]Routing 10: Walk: 10
2020-01-29_15:48:56.600[Battery Energy]68.34
2020-01-29_15:48:56.600[Status]Routing Start.
2020-01-29_15:48:56.844[Status]{'coordinate': [95.14437714552206, 410.26390030446674], 'id': 4}
2020-01-29_15:48:56.844[Status]Routing 11: Walk: 11
2020-01-29_15:48:56.944[Battery Energy]68.09
2020-01-29_15:48:56.944[Status]Routing Start.
2020-01-29_15:48:57.240[Status]{'coordinate': [99.93487504123169, 419.0417776054548], 'id': 4}
2020-01-29_15:48:57.240[Status]Routing 12: Walk: 12
2020-01-29_15:48:57.340[Battery Energy]67.78
2020-01-29_15:48:57.340[Status]Routing Start.
2020-01-29_15:48:57.641[Status]{'coordinate': [104.72537293694133, 427.81965490644285], 'id': 4}
2020-01-29_15:48:57.642[Status]Routing 13: Walk: 13
2020-01-29_15:48:57.742[Battery Energy]67.44
2020-01-29_15:48:57.742[Status]Routing Start.
2020-01-29_15:48:58.110[Status]{'coordinate': [109.51587083265096, 436.5975322074309], 'id': 4}
2020-01-29_15:48:58.110[Status]Routing 14: Walk: 14
2020-01-29_15:48:58.212[Battery Energy]67.05
2020-01-29_15:48:58.212[Status]Routing Start.
2020-01-29_15:48:58.518[Status]{'coordinate': [114.3063687283606, 445.37540950841895], 'id': 4}
2020-01-29_15:48:58.518[Status]Routing 15: Walk: 15
2020-01-29_15:48:58.618[Battery Energy]66.73
2020-01-29_15:48:58.618[Status]Routing Start.
2020-01-29_15:48:58.918[Status]{'coordinate': [119.09686662407023, 454.153286809407], 'id': 4}
2020-01-29_15:48:58.918[Status]Routing 16: Walk: 16
2020-01-29_15:48:59.021[Battery Energy]66.39
2020-01-29_15:48:59.021[Status]Routing Start.
2020-01-29_15:48:59.322[Status]{'coordinate': [123.88736451977987, 462.93116411039506], 'id': 4}
2020-01-29_15:48:59.322[Status]Routing 17: Walk: 17
2020-01-29_15:48:59.422[Battery Energy]66.07
2020-01-29_15:48:59.422[Status]Routing Start.
2020-01-29_15:48:59.710[Status]{'coordinate': [128.6778624154895, 471.7090414113831], 'id': 4}
2020-01-29_15:48:59.710[Status]Routing 18: Walk: 18
2020-01-29_15:48:59.811[Battery Energy]65.75
2020-01-29_15:48:59.811[Status]Routing Start.
2020-01-29_15:49:00.110[Status]{'coordinate': [133.46836031119912, 480.48691871237116], 'id': 4}
2020-01-29_15:49:00.110[Status]Routing 19: Walk: 19
2020-01-29_15:49:00.212[Battery Energy]65.44
2020-01-29_15:49:00.212[Status]Routing Start.
2020-01-29_15:49:00.515[Status]{'coordinate': [138.25885820690874, 489.2647960133592], 'id': 4}
2020-01-29_15:49:00.515[Status]Routing 20: Walk: 20
2020-01-29_15:49:00.619[Battery Energy]65.12
2020-01-29_15:49:00.619[Status]Routing Start.
2020-01-29_15:49:00.921[Status]{'coordinate': [143.04935610261836, 498.04267331434727], 'id': 4}
2020-01-29_15:49:00.921[Status]Routing 21: Walk: 21
2020-01-29_15:49:01.022[Battery Energy]64.79
2020-01-29_15:49:01.022[Status]Routing Start.
2020-01-29_15:49:01.161[Status]{'coordinate': [147.839853998328, 506.8205506153353], 'id': 4}
2020-01-29_15:49:01.161[Status]Routing 22: Walk: 22
2020-01-29_15:49:01.262[Battery Energy]64.58
2020-01-29_15:49:01.262[Status]Routing Start.
2020-01-29_15:49:01.397[Status]{'coordinate': [152.63035189403763, 515.5984279163234], 'id': 4}
2020-01-29_15:49:01.397[Status]Routing 23: Walk: 23
2020-01-29_15:49:01.510[Battery Energy]64.37
2020-01-29_15:49:01.510[Status]Routing Start.
2020-01-29_15:49:01.835[Status]{'coordinate': [157.42084978974725, 524.3763052173115], 'id': 4}
2020-01-29_15:49:01.836[Status]Routing 24: Walk: 24
2020-01-29_15:49:01.936[Battery Energy]64.06
2020-01-29_15:49:01.936[Status]Routing Start.
2020-01-29_15:49:02.073[Status]{'coordinate': [162.21134768545687, 533.1541825182995], 'id': 4}
2020-01-29_15:49:02.074[Status]Routing 25: Walk: 25
2020-01-29_15:49:02.182[Battery Energy]63.86
2020-01-29_15:49:02.182[Status]Routing Start.
2020-01-29_15:49:02.315[Status]{'coordinate': [167.0018455811665, 541.9320598192876], 'id': 4}
2020-01-29_15:49:02.316[Status]Routing 26: Walk: 26
2020-01-29_15:49:02.417[Battery Energy]63.66
2020-01-29_15:49:02.417[Status]Routing Start.
2020-01-29_15:49:02.566[Status]{'coordinate': [171.79234347687614, 550.7099371202756], 'id': 4}
2020-01-29_15:49:02.566[Status]Routing 27: Walk: 27
2020-01-29_15:49:02.678[Battery Energy]63.45
2020-01-29_15:49:02.678[Status]Routing Start.
2020-01-29_15:49:02.794[Status]{'coordinate': [176.58284137258576, 559.4878144212637], 'id': 4}
2020-01-29_15:49:02.794[Status]Routing 28: Walk: 28
2020-01-29_15:49:02.894[Battery Energy]63.24
2020-01-29_15:49:02.895[Status]Routing Start.
2020-01-29_15:49:03.064[Status]{'coordinate': [181.3733392682954, 568.2656917222517], 'id': 4}
2020-01-29_15:49:03.064[Status]Routing 29: Walk: 29
2020-01-29_15:49:03.167[Battery Energy]63.00
2020-01-29_15:49:03.167[Status]Routing Start.
2020-01-29_15:49:03.465[Status]{'coordinate': [186.16383716400503, 577.0435690232398], 'id': 4}
2020-01-29_15:49:03.465[Status]Routing 30: Walk: 30
2020-01-29_15:49:03.578[Battery Energy]62.65
2020-01-29_15:49:03.578[Status]Routing Start.
2020-01-29_15:49:03.850[Status]{'coordinate': [190.95433505971465, 585.8214463242278], 'id': 4}
2020-01-29_15:49:03.850[Status]Routing 31: Walk: 31
2020-01-29_15:49:03.955[Battery Energy]62.34
2020-01-29_15:49:03.955[Status]Routing Start.
2020-01-29_15:49:04.271[Status]{'coordinate': [195.74483295542427, 594.5993236252159], 'id': 4}
2020-01-29_15:49:04.271[Status]Routing 32: Walk: 32
2020-01-29_15:49:04.372[Battery Energy]62.00
2020-01-29_15:49:04.372[Status]Routing Start.
2020-01-29_15:49:04.674[Status]{'coordinate': [200.5353308511339, 603.377200926204], 'id': 4}
2020-01-29_15:49:04.675[Status]Routing 33: Walk: 33
2020-01-29_15:49:04.775[Battery Energy]61.70
2020-01-29_15:49:04.775[Status]Routing Start.
2020-01-29_15:49:05.079[Status]{'coordinate': [205.3258287468435, 612.155078227192], 'id': 4}
2020-01-29_15:49:05.079[Status]Routing 34: Walk: 34
2020-01-29_15:49:05.185[Battery Energy]61.39
2020-01-29_15:49:05.185[Status]Routing Start.
2020-01-29_15:49:05.492[Status]{'coordinate': [210.11632664255316, 620.9329555281801], 'id': 4}
2020-01-29_15:49:05.495[Status]Routing 35: Walk: 35
2020-01-29_15:49:05.602[Battery Energy]61.04
2020-01-29_15:49:05.602[Status]Routing Start.
2020-01-29_15:49:05.734[Status]{'coordinate': [214.90682453826278, 629.7108328291681], 'id': 4}
2020-01-29_15:49:05.734[Status]Routing 36: Walk: 36
2020-01-29_15:49:05.835[Battery Energy]60.82
2020-01-29_15:49:05.836[Status]Routing Start.
2020-01-29_15:49:06.057[Status]{'coordinate': [219.6973224339724, 638.4887101301562], 'id': 4}
2020-01-29_15:49:06.060[Status]Routing 37: Walk: 37
2020-01-29_15:49:06.160[Battery Energy]60.59
2020-01-29_15:49:06.160[Status]Routing Start.
2020-01-29_15:49:06.161[Status]Task Finished.
2020-01-29_15:49:06.261[Battery Energy]60.59
2020-01-29_15:49:06.443[Status]Routing 39: Walk: 37
2020-01-29_15:49:06.544[Battery Energy]60.47
2020-01-29_15:49:06.843[Status]Routing 40: Walk: 37
2020-01-29_15:49:06.943[Battery Energy]60.22
2020-01-29_15:49:07.244[Status]Routing 41: Walk: 37
2020-01-29_15:49:07.346[Battery Energy]59.98
2020-01-29_15:49:07.568[Status]Routing 42: Walk: 37
2020-01-29_15:49:07.674[Battery Energy]59.82
2020-01-29_15:49:07.810[Status]Routing 43: Walk: 37
2020-01-29_15:49:07.911[Battery Energy]59.71
2020-01-29_15:49:08.221[Status]Routing 44: Walk: 37
2020-01-29_15:49:08.323[Battery Energy]59.49
2020-01-29_15:49:08.460[Status]Routing 45: Walk: 37
2020-01-29_15:49:08.562[Battery Energy]59.37
2020-01-29_15:49:08.884[Status]Routing 46: Walk: 37
2020-01-29_15:49:08.988[Battery Energy]59.12
2020-01-29_15:49:09.130[Status]Routing 47: Walk: 37
2020-01-29_15:49:09.234[Battery Energy]59.00
2020-01-29_15:49:09.406[Status]Routing 48: Walk: 37
2020-01-29_15:49:09.512[Battery Energy]58.87
2020-01-29_15:49:09.656[Status]Routing 49: Walk: 37
2020-01-29_15:49:09.766[Battery Energy]58.77
2020-01-29_15:49:09.899[Status]Routing 50: Walk: 37
2020-01-29_15:49:10.001[Battery Energy]58.66
2020-01-29_15:49:10.148[Status]Routing 51: Walk: 37
2020-01-29_15:49:10.258[Battery Energy]58.53
2020-01-29_15:49:10.380[Status]Routing 52: Walk: 37
2020-01-29_15:49:10.486[Battery Energy]58.44
2020-01-29_15:49:10.610[Status]Routing 53: Walk: 37
2020-01-29_15:49:10.714[Battery Energy]58.33
2020-01-29_15:49:10.862[Status]Routing 54: Walk: 37
2020-01-29_15:49:10.970[Battery Energy]58.22
2020-01-29_15:49:11.227[Status]Routing 55: Walk: 37
2020-01-29_15:49:11.327[Battery Energy]58.04
2020-01-29_15:49:11.614[Status]Routing 56: Walk: 37
2020-01-29_15:49:11.714[Battery Energy]57.84
2020-01-29_15:49:12.004[Status]Routing 57: Walk: 37
2020-01-29_15:49:12.114[Battery Energy]57.64
2020-01-29_15:49:12.375[Status]Routing 58: Walk: 37
2020-01-29_15:49:12.478[Battery Energy]57.46
2020-01-29_15:49:12.796[Status]Routing 59: Walk: 37
2020-01-29_15:49:12.897[Battery Energy]57.26
2020-01-29_15:49:13.221[Status]Routing 60: Walk: 37
2020-01-29_15:49:13.322[Battery Energy]57.05
2020-01-29_15:49:13.649[Status]Routing 61: Walk: 37
2020-01-29_15:49:13.749[Battery Energy]56.80
2020-01-29_15:49:13.889[Status]Routing 62: Walk: 37
2020-01-29_15:49:13.998[Battery Energy]56.69
2020-01-29_15:49:14.239[Status]Routing 63: Walk: 37
2020-01-29_15:49:14.346[Battery Energy]56.51
2020-01-29_15:49:14.478[Status]Routing 64: Walk: 37
2020-01-29_15:49:14.584[Battery Energy]56.40
2020-01-29_15:49:14.718[Status]Routing 65: Walk: 37
2020-01-29_15:49:14.819[Battery Energy]56.30
2020-01-29_15:49:14.949[Status]Routing 66: Walk: 37
2020-01-29_15:49:15.062[Battery Energy]56.19
2020-01-29_15:49:15.197[Status]Routing 67: Walk: 37
2020-01-29_15:49:15.299[Battery Energy]56.10
2020-01-29_15:49:15.441[Status]Routing 68: Walk: 37
2020-01-29_15:49:15.542[Battery Energy]55.97
2020-01-29_15:49:15.675[Status]Routing 69: Walk: 37
2020-01-29_15:49:15.782[Battery Energy]55.87
2020-01-29_15:49:15.923[Status]Routing 70: Walk: 37
2020-01-29_15:49:16.029[Battery Energy]55.75
2020-01-29_15:49:16.150[Status]Routing 71: Walk: 37
2020-01-29_15:49:16.250[Battery Energy]55.65
2020-01-29_15:49:16.420[Status]Routing 72: Walk: 37
2020-01-29_15:49:16.530[Battery Energy]55.52
2020-01-29_15:49:16.667[Status]Routing 73: Walk: 37
2020-01-29_15:49:16.767[Battery Energy]55.42
2020-01-29_15:49:16.952[Status]Routing 74: Walk: 37
2020-01-29_15:49:17.077[Battery Energy]55.28
2020-01-29_15:49:17.187[Status]Routing 75: Walk: 37
2020-01-29_15:49:17.302[Battery Energy]55.19
2020-01-29_15:49:17.436[Status]Routing 76: Walk: 37
2020-01-29_15:49:17.547[Battery Energy]55.08
2020-01-29_15:49:17.654[Status]Routing 77: Walk: 37
2020-01-29_15:49:17.754[Battery Energy]54.97
2020-01-29_15:49:17.914[Status]Routing 78: Walk: 37
2020-01-29_15:49:18.038[Battery Energy]54.85
2020-01-29_15:49:18.182[Status]Routing 79: Walk: 37
2020-01-29_15:49:18.284[Battery Energy]54.73
2020-01-29_15:49:18.407[Status]Routing 80: Walk: 37
2020-01-29_15:49:18.507[Battery Energy]54.60
2020-01-29_15:49:18.640[Status]Routing 81: Walk: 37
2020-01-29_15:49:18.746[Battery Energy]54.50
2020-01-29_15:49:18.874[Status]Routing 82: Walk: 37
2020-01-29_15:49:18.974[Battery Energy]54.39
2020-01-29_15:49:19.126[Status]Routing 83: Walk: 37
2020-01-29_15:49:19.226[Battery Energy]54.27
2020-01-29_15:49:19.556[Status]Routing 84: Walk: 37
2020-01-29_15:49:19.657[Battery Energy]54.03
2020-01-29_15:49:19.804[Status]Routing 85: Walk: 37
2020-01-29_15:49:19.904[Battery Energy]53.93
2020-01-29_15:49:20.046[Status]Routing 86: Walk: 37
2020-01-29_15:49:20.146[Battery Energy]53.84
2020-01-29_15:49:20.436[Status]Routing 87: Walk: 37
2020-01-29_15:49:20.537[Battery Energy]53.63
2020-01-29_15:49:20.865[Status]Routing 88: Walk: 37
2020-01-29_15:49:20.974[Battery Energy]53.37
2020-01-29_15:49:21.263[Status]Routing 89: Walk: 37
2020-01-29_15:49:21.378[Battery Energy]53.18
2020-01-29_15:49:21.648[Status]Routing 90: Walk: 37
2020-01-29_15:49:21.748[Battery Energy]52.98
2020-01-29_15:49:22.050[Status]Routing 91: Walk: 37
2020-01-29_15:49:22.150[Battery Energy]52.80
2020-01-29_15:49:22.430[Status]Routing 92: Walk: 37
2020-01-29_15:49:22.534[Battery Energy]52.59
2020-01-29_15:49:22.814[Status]Routing 93: Walk: 37
2020-01-29_15:49:22.915[Battery Energy]52.42
2020-01-29_15:49:23.203[Status]Routing 94: Walk: 37
2020-01-29_15:49:23.304[Battery Energy]52.23
2020-01-29_15:49:23.438[Status]Routing 95: Walk: 37
2020-01-29_15:49:23.538[Battery Energy]52.10
2020-01-29_15:49:23.676[Status]Routing 96: Walk: 37
2020-01-29_15:49:23.782[Battery Energy]52.00
2020-01-29_15:49:23.924[Status]Routing 97: Walk: 37
2020-01-29_15:49:24.030[Battery Energy]51.91
2020-01-29_15:49:24.234[Status]Routing 98: Walk: 37
2020-01-29_15:49:24.334[Battery Energy]51.75
2020-01-29_15:49:24.473[Status]Routing 99: Walk: 37
2020-01-29_15:49:24.586[Battery Energy]51.63
2020-01-29_15:49:24.793[Status]Routing 100: Walk: 37
2020-01-29_15:49:24.893[Battery Energy]51.45
2020-01-29_15:49:25.060[Status]Routing 101: Walk: 37
2020-01-29_15:49:25.161[Battery Energy]51.33
2020-01-29_15:49:25.309[Status]Routing 102: Walk: 37
2020-01-29_15:49:25.409[Battery Energy]51.23
2020-01-29_15:49:25.545[Status]Routing 103: Walk: 37
2020-01-29_15:49:25.645[Battery Energy]51.11
2020-01-29_15:49:25.971[Status]Routing 104: Walk: 37
2020-01-29_15:49:26.086[Battery Energy]50.88
2020-01-29_15:49:26.371[Status]Routing 105: Walk: 37
2020-01-29_15:49:26.471[Battery Energy]50.63
2020-01-29_15:49:26.781[Status]Routing 106: Walk: 37
2020-01-29_15:49:26.890[Battery Energy]50.39
2020-01-29_15:49:27.178[Status]Routing 107: Walk: 37
2020-01-29_15:49:27.278[Battery Energy]50.20
2020-01-29_15:49:27.564[Status]Routing 108: Walk: 37
2020-01-29_15:49:27.674[Battery Energy]50.02
2020-01-29_15:49:27.900[Status]Routing 109: Walk: 37
2020-01-29_15:49:28.000[Battery Energy]49.81
2020-01-29_15:49:28.223[Status]Routing 110: Walk: 37
2020-01-29_15:49:28.329[Battery Energy]49.65
2020-01-29_15:49:28.551[Status]Routing 111: Walk: 37
2020-01-29_15:49:28.652[Battery Energy]49.47
2020-01-29_15:49:28.787[Status]Routing 112: Walk: 37
2020-01-29_15:49:28.898[Battery Energy]49.37
2020-01-29_15:49:29.047[Status]Routing 113: Walk: 37
2020-01-29_15:49:29.162[Battery Energy]49.24
2020-01-29_15:49:29.304[Status]Routing 114: Walk: 37
2020-01-29_15:49:29.414[Battery Energy]49.15
2020-01-29_15:49:29.682[Status]Routing 115: Walk: 37
2020-01-29_15:49:29.782[Battery Energy]48.97
2020-01-29_15:49:29.920[Status]Routing 116: Walk: 37
2020-01-29_15:49:30.041[Battery Energy]48.87
2020-01-29_15:49:30.176[Status]Routing 117: Walk: 37
2020-01-29_15:49:30.276[Battery Energy]48.76
2020-01-29_15:49:30.416[Status]Routing 118: Walk: 37
2020-01-29_15:49:30.522[Battery Energy]48.65
2020-01-29_15:49:30.660[Status]Routing 119: Walk: 37
2020-01-29_15:49:30.767[Battery Energy]48.54
2020-01-29_15:49:30.907[Status]Routing 120: Walk: 37
2020-01-29_15:49:31.011[Battery Energy]48.44
2020-01-29_15:49:31.132[Status]Routing 121: Walk: 37
2020-01-29_15:49:31.242[Battery Energy]48.33
2020-01-29_15:49:31.536[Status]Routing 122: Walk: 37
2020-01-29_15:49:31.642[Battery Energy]48.08
2020-01-29_15:49:31.909[Status]Routing 123: Walk: 37
2020-01-29_15:49:32.015[Battery Energy]47.87
2020-01-29_15:49:32.306[Status]Routing 124: Walk: 37
2020-01-29_15:49:32.426[Battery Energy]47.67
2020-01-29_15:49:32.569[Status]Routing 125: Walk: 37
2020-01-29_15:49:32.682[Battery Energy]47.57
2020-01-29_15:49:32.938[Status]Routing 126: Walk: 37
2020-01-29_15:49:33.039[Battery Energy]47.37
2020-01-29_15:49:33.346[Status]Routing 127: Walk: 37
2020-01-29_15:49:33.461[Battery Energy]47.14
2020-01-29_15:49:33.577[Status]Routing 128: Walk: 37
2020-01-29_15:49:33.678[Battery Energy]47.02
2020-01-29_15:49:33.820[Status]Routing 129: Walk: 37
2020-01-29_15:49:33.927[Battery Energy]46.89
2020-01-29_15:49:34.185[Status]Routing 130: Walk: 37
2020-01-29_15:49:34.306[Battery Energy]46.69
2020-01-29_15:49:34.448[Status]Routing 131: Walk: 37
2020-01-29_15:49:34.554[Battery Energy]46.59
2020-01-29_15:49:34.695[Status]Routing 132: Walk: 37
2020-01-29_15:49:34.826[Battery Energy]46.47
2020-01-29_15:49:34.937[Status]Routing 133: Walk: 37
2020-01-29_15:49:35.053[Battery Energy]46.37
2020-01-29_15:49:35.278[Status]Routing 134: Walk: 37
2020-01-29_15:49:35.389[Battery Energy]46.18
2020-01-29_15:49:35.665[Status]Routing 135: Walk: 37
2020-01-29_15:49:35.765[Battery Energy]45.96
2020-01-29_15:49:36.048[Status]Routing 136: Walk: 37
2020-01-29_15:49:36.153[Battery Energy]45.71
2020-01-29_15:49:36.451[Status]Routing 137: Walk: 37
2020-01-29_15:49:36.551[Battery Energy]45.52
2020-01-29_15:49:36.825[Status]Routing 138: Walk: 37
2020-01-29_15:49:36.925[Battery Energy]45.31
2020-01-29_15:49:37.243[Status]Routing 139: Walk: 37
2020-01-29_15:49:37.345[Battery Energy]45.10
2020-01-29_15:49:37.468[Status]Routing 140: Walk: 37
2020-01-29_15:49:37.573[Battery Energy]45.00
2020-01-29_15:49:37.869[Status]Routing 141: Walk: 37
2020-01-29_15:49:37.974[Battery Energy]44.76
2020-01-29_15:49:38.109[Status]Routing 142: Walk: 37
2020-01-29_15:49:38.209[Battery Energy]44.66
2020-01-29_15:49:38.519[Status]Routing 143: Walk: 37
2020-01-29_15:49:38.622[Battery Energy]44.43
2020-01-29_15:49:38.934[Status]Routing 144: Walk: 37
2020-01-29_15:49:39.046[Battery Energy]44.20
2020-01-29_15:49:39.290[Status]Routing 145: Walk: 37
2020-01-29_15:49:39.394[Battery Energy]44.02
2020-01-29_15:49:39.674[Status]Routing 146: Walk: 37
2020-01-29_15:49:39.778[Battery Energy]43.82
2020-01-29_15:49:40.063[Status]Routing 147: Walk: 37
2020-01-29_15:49:40.174[Battery Energy]43.59
2020-01-29_15:49:40.300[Status]Routing 148: Walk: 37
2020-01-29_15:49:40.406[Battery Energy]43.49
2020-01-29_15:49:40.534[Status]Routing 149: Walk: 37
2020-01-29_15:49:40.635[Battery Energy]43.40
2020-01-29_15:49:40.773[Status]Routing 150: Walk: 37
2020-01-29_15:49:40.873[Battery Energy]43.28
2020-01-29_15:49:41.017[Status]Routing 151: Walk: 37
2020-01-29_15:49:41.126[Battery Energy]43.16
2020-01-29_15:49:41.249[Status]Routing 152: Walk: 37
2020-01-29_15:49:41.349[Battery Energy]43.06
2020-01-29_15:49:41.581[Status]Routing 153: Walk: 37
2020-01-29_15:49:41.685[Battery Energy]42.89
2020-01-29_15:49:41.815[Status]Routing 154: Walk: 37
2020-01-29_15:49:41.919[Battery Energy]42.78
2020-01-29_15:49:42.059[Status]Routing 155: Walk: 37
2020-01-29_15:49:42.174[Battery Energy]42.65
2020-01-29_15:49:42.280[Status]Routing 156: Walk: 37
2020-01-29_15:49:42.411[Battery Energy]42.56
2020-01-29_15:49:42.544[Status]Routing 157: Walk: 37
2020-01-29_15:49:42.646[Battery Energy]42.48
2020-01-29_15:49:42.772[Status]Routing 158: Walk: 37
2020-01-29_15:49:42.882[Battery Energy]42.36
2020-01-29_15:49:43.010[Status]Routing 159: Walk: 37
2020-01-29_15:49:43.122[Battery Energy]42.25
2020-01-29_15:49:43.272[Status]Routing 160: Walk: 37
2020-01-29_15:49:43.378[Battery Energy]42.13
2020-01-29_15:49:43.530[Status]Routing 161: Walk: 37
2020-01-29_15:49:43.630[Battery Energy]42.01
2020-01-29_15:49:43.755[Status]Routing 162: Walk: 37
2020-01-29_15:49:43.856[Battery Energy]41.91
2020-01-29_15:49:44.008[Status]Routing 163: Walk: 37
2020-01-29_15:49:44.118[Battery Energy]41.79
2020-01-29_15:49:44.253[Status]Routing 164: Walk: 37
2020-01-29_15:49:44.369[Battery Energy]41.66
2020-01-29_15:49:44.510[Status]Routing 165: Walk: 37
2020-01-29_15:49:44.622[Battery Energy]41.55
2020-01-29_15:49:44.752[Status]Routing 166: Walk: 37
2020-01-29_15:49:44.858[Battery Energy]41.46
2020-01-29_15:49:44.989[Status]Routing 167: Walk: 37
2020-01-29_15:49:45.098[Battery Energy]41.35
2020-01-29_15:49:45.221[Status]Routing 168: Walk: 37
2020-01-29_15:49:45.322[Battery Energy]41.26
2020-01-29_15:49:45.459[Status]Routing 169: Walk: 37
2020-01-29_15:49:45.559[Battery Energy]41.15
2020-01-29_15:49:45.690[Status]Routing 170: Walk: 37
2020-01-29_15:49:45.792[Battery Energy]41.03
2020-01-29_15:49:45.920[Status]Routing 171: Walk: 37
2020-01-29_15:49:46.066[Battery Energy]40.91
2020-01-29_15:49:46.210[Status]Routing 172: Walk: 37
2020-01-29_15:49:46.322[Battery Energy]40.80
2020-01-29_15:49:46.444[Status]Routing 173: Walk: 37
2020-01-29_15:49:46.554[Battery Energy]40.68
2020-01-29_15:49:46.688[Status]Routing 174: Walk: 37
2020-01-29_15:49:46.794[Battery Energy]40.58
2020-01-29_15:49:46.933[Status]Routing 175: Walk: 37
2020-01-29_15:49:47.033[Battery Energy]40.45
2020-01-29_15:49:47.176[Status]Routing 176: Walk: 37
2020-01-29_15:49:47.276[Battery Energy]40.35
2020-01-29_15:49:47.411[Status]Routing 177: Walk: 37
2020-01-29_15:49:47.522[Battery Energy]40.25
2020-01-29_15:49:47.644[Status]Routing 178: Walk: 37
2020-01-29_15:49:47.750[Battery Energy]40.14
2020-01-29_15:49:47.896[Status]Routing 179: Walk: 37
2020-01-29_15:49:47.996[Battery Energy]40.04
2020-01-29_15:49:48.157[Status]Routing 180: Walk: 37
2020-01-29_15:49:48.274[Battery Energy]39.94
2020-01-29_15:49:48.403[Status]Routing 181: Walk: 37
2020-01-29_15:49:48.503[Battery Energy]39.86
2020-01-29_15:49:48.644[Status]Routing 182: Walk: 37
2020-01-29_15:49:48.745[Battery Energy]39.74
2020-01-29_15:49:48.887[Status]Routing 183: Walk: 37
2020-01-29_15:49:49.002[Battery Energy]39.63
2020-01-29_15:49:49.127[Status]Routing 184: Walk: 37
2020-01-29_15:49:49.242[Battery Energy]39.53
2020-01-29_15:49:49.390[Status]Routing 185: Walk: 37
2020-01-29_15:49:49.502[Battery Energy]39.43
2020-01-29_15:49:49.642[Status]Routing 186: Walk: 37
2020-01-29_15:49:49.754[Battery Energy]39.32
2020-01-29_15:49:49.886[Status]Routing 187: Walk: 37
2020-01-29_15:49:49.994[Battery Energy]39.20
2020-01-29_15:49:50.119[Status]Routing 188: Walk: 37
2020-01-29_15:49:50.224[Battery Energy]39.09
2020-01-29_15:49:50.354[Status]Routing 189: Walk: 37
2020-01-29_15:49:50.454[Battery Energy]38.99
2020-01-29_15:49:50.604[Status]Routing 190: Walk: 37
2020-01-29_15:49:50.709[Battery Energy]38.87
2020-01-29_15:49:50.843[Status]Routing 191: Walk: 37
2020-01-29_15:49:50.954[Battery Energy]38.76
2020-01-29_15:49:51.078[Status]Routing 192: Walk: 37
2020-01-29_15:49:51.182[Battery Energy]38.65
2020-01-29_15:49:51.318[Status]Routing 193: Walk: 37
2020-01-29_15:49:51.421[Battery Energy]38.53
2020-01-29_15:49:51.554[Status]Routing 194: Walk: 37
2020-01-29_15:49:51.654[Battery Energy]38.42
2020-01-29_15:49:51.797[Status]Routing 195: Walk: 37
2020-01-29_15:49:51.897[Battery Energy]38.31
2020-01-29_15:49:52.045[Status]Routing 196: Walk: 37
2020-01-29_15:49:52.158[Battery Energy]38.19
2020-01-29_15:49:52.292[Status]Routing 197: Walk: 37
2020-01-29_15:49:52.402[Battery Energy]38.08
2020-01-29_15:49:52.561[Status]Routing 198: Walk: 37
2020-01-29_15:49:52.662[Battery Energy]37.96
2020-01-29_15:49:52.792[Status]Routing 199: Walk: 37
2020-01-29_15:49:52.893[Battery Energy]37.88
2020-01-29_15:49:53.049[Status]Routing 200: Walk: 37
2020-01-29_15:49:53.157[Battery Energy]37.75
2020-01-29_15:49:53.282[Status]Routing 201: Walk: 37
2020-01-29_15:49:53.382[Battery Energy]37.65
2020-01-29_15:49:53.527[Status]Routing 202: Walk: 37
2020-01-29_15:49:53.630[Battery Energy]37.56
2020-01-29_15:49:53.770[Status]Routing 203: Walk: 37
2020-01-29_15:49:53.870[Battery Energy]37.46
2020-01-29_15:49:54.007[Status]Routing 204: Walk: 37
2020-01-29_15:49:54.108[Battery Energy]37.36
2020-01-29_15:49:54.249[Status]Routing 205: Walk: 37
2020-01-29_15:49:54.350[Battery Energy]37.22
2020-01-29_15:49:54.474[Status]Routing 206: Walk: 37
2020-01-29_15:49:54.590[Battery Energy]37.13
2020-01-29_15:49:54.721[Status]Routing 207: Walk: 37
2020-01-29_15:49:54.821[Battery Energy]37.03
2020-01-29_15:49:54.989[Status]Routing 208: Walk: 37
2020-01-29_15:49:55.105[Battery Energy]36.89
2020-01-29_15:49:55.224[Status]Routing 209: Walk: 37
2020-01-29_15:49:55.324[Battery Energy]36.80
2020-01-29_15:49:55.447[Status]Routing 210: Walk: 37
2020-01-29_15:49:55.547[Battery Energy]36.71
2020-01-29_15:49:55.687[Status]Routing 211: Walk: 37
2020-01-29_15:49:55.792[Battery Energy]36.60
2020-01-29_15:49:55.942[Status]Routing 212: Walk: 37
2020-01-29_15:49:56.042[Battery Energy]36.49
2020-01-29_15:49:56.171[Status]Routing 213: Walk: 37
2020-01-29_15:49:56.278[Battery Energy]36.38
2020-01-29_15:49:56.410[Status]Routing 214: Walk: 37
2020-01-29_15:49:56.512[Battery Energy]36.25
2020-01-29_15:49:56.656[Status]Routing 215: Walk: 37
2020-01-29_15:49:56.762[Battery Energy]36.16
2020-01-29_15:49:56.891[Status]Routing 216: Walk: 37
2020-01-29_15:49:57.002[Battery Energy]36.04
2020-01-29_15:49:57.129[Status]Routing 217: Walk: 37
2020-01-29_15:49:57.260[Battery Energy]35.91
2020-01-29_15:49:57.406[Status]Routing 218: Walk: 37
2020-01-29_15:49:57.521[Battery Energy]35.79
2020-01-29_15:49:57.656[Status]Routing 219: Walk: 37
2020-01-29_15:49:57.762[Battery Energy]35.68
2020-01-29_15:49:57.888[Status]Routing 220: Walk: 37
2020-01-29_15:49:57.996[Battery Energy]35.59
2020-01-29_15:49:58.144[Status]Routing 221: Walk: 37
2020-01-29_15:49:58.251[Battery Energy]35.46
2020-01-29_15:49:58.383[Status]Routing 222: Walk: 37
2020-01-29_15:49:58.483[Battery Energy]35.35
2020-01-29_15:49:58.610[Status]Routing 223: Walk: 37
2020-01-29_15:49:58.714[Battery Energy]35.23
2020-01-29_15:49:58.843[Status]Routing 224: Walk: 37
2020-01-29_15:49:58.948[Battery Energy]35.14
2020-01-29_15:49:59.087[Status]Routing 225: Walk: 37
2020-01-29_15:49:59.194[Battery Energy]35.03
2020-01-29_15:49:59.334[Status]Routing 226: Walk: 37
2020-01-29_15:49:59.438[Battery Energy]34.92
2020-01-29_15:49:59.591[Status]Routing 227: Walk: 37
2020-01-29_15:49:59.702[Battery Energy]34.78
2020-01-29_15:49:59.812[Status]Routing 228: Walk: 37
2020-01-29_15:49:59.918[Battery Energy]34.69
2020-01-29_15:50:00.044[Status]Routing 229: Walk: 37
2020-01-29_15:50:00.158[Battery Energy]34.57
2020-01-29_15:50:00.292[Status]Routing 230: Walk: 37
2020-01-29_15:50:00.400[Battery Energy]34.47
2020-01-29_15:50:00.546[Status]Routing 231: Walk: 37
2020-01-29_15:50:00.654[Battery Energy]34.36
2020-01-29_15:50:00.778[Status]Routing 232: Walk: 37
2020-01-29_15:50:00.894[Battery Energy]34.25
2020-01-29_15:50:01.013[Status]Routing 233: Walk: 37
2020-01-29_15:50:01.113[Battery Energy]34.13
2020-01-29_15:50:01.272[Status]Routing 234: Walk: 37
2020-01-29_15:50:01.372[Battery Energy]34.01
2020-01-29_15:50:01.517[Status]Routing 235: Walk: 37
2020-01-29_15:50:01.617[Battery Energy]33.90
2020-01-29_15:50:01.751[Status]Routing 236: Walk: 37
2020-01-29_15:50:01.860[Battery Energy]33.81
2020-01-29_15:50:01.982[Status]Routing 237: Walk: 37
2020-01-29_15:50:02.086[Battery Energy]33.70
2020-01-29_15:50:02.214[Status]Routing 238: Walk: 37
2020-01-29_15:50:02.314[Battery Energy]33.61
2020-01-29_15:50:02.475[Status]Routing 239: Walk: 37
2020-01-29_15:50:02.575[Battery Energy]33.48
2020-01-29_15:50:02.717[Status]Routing 240: Walk: 37
2020-01-29_15:50:02.834[Battery Energy]33.37
2020-01-29_15:50:02.955[Status]Routing 241: Walk: 37
2020-01-29_15:50:03.055[Battery Energy]33.28
2020-01-29_15:50:03.187[Status]Routing 242: Walk: 37
2020-01-29_15:50:03.298[Battery Energy]33.19
2020-01-29_15:50:03.415[Status]Routing 243: Walk: 37
2020-01-29_15:50:03.522[Battery Energy]33.09
2020-01-29_15:50:03.690[Status]Routing 244: Walk: 37
2020-01-29_15:50:03.798[Battery Energy]32.94
2020-01-29_15:50:03.923[Status]Routing 245: Walk: 37
2020-01-29_15:50:04.034[Battery Energy]32.83
2020-01-29_15:50:04.179[Status]Routing 246: Walk: 37
2020-01-29_15:50:04.282[Battery Energy]32.72
2020-01-29_15:50:04.424[Status]Routing 247: Walk: 37
2020-01-29_15:50:04.524[Battery Energy]32.62
2020-01-29_15:50:04.660[Status]Routing 248: Walk: 37
2020-01-29_15:50:04.761[Battery Energy]32.50
2020-01-29_15:50:04.892[Status]Routing 249: Walk: 37
2020-01-29_15:50:04.992[Battery Energy]32.40
2020-01-29_15:50:05.130[Status]Routing 250: Walk: 37
2020-01-29_15:50:05.238[Battery Energy]32.30
2020-01-29_15:50:05.356[Status]Routing 251: Walk: 37
2020-01-29_15:50:05.466[Battery Energy]32.19
2020-01-29_15:50:05.594[Status]Routing 252: Walk: 37
2020-01-29_15:50:05.702[Battery Energy]32.09
2020-01-29_15:50:05.836[Status]Routing 253: Walk: 37
2020-01-29_15:50:05.942[Battery Energy]31.96
2020-01-29_15:50:06.077[Status]Routing 254: Walk: 37
2020-01-29_15:50:06.181[Battery Energy]31.86
2020-01-29_15:50:06.337[Status]Routing 255: Walk: 37
2020-01-29_15:50:06.437[Battery Energy]31.74
2020-01-29_15:50:06.596[Status]Routing 256: Walk: 37
2020-01-29_15:50:06.699[Battery Energy]31.64
2020-01-29_15:50:06.827[Status]Routing 257: Walk: 37
2020-01-29_15:50:06.938[Battery Energy]31.53
2020-01-29_15:50:07.067[Status]Routing 258: Walk: 37
2020-01-29_15:50:07.178[Battery Energy]31.44
2020-01-29_15:50:07.304[Status]Routing 259: Walk: 37
2020-01-29_15:50:07.404[Battery Energy]31.33
2020-01-29_15:50:07.546[Status]Routing 260: Walk: 37
2020-01-29_15:50:07.652[Battery Energy]31.24
2020-01-29_15:50:07.793[Status]Routing 261: Walk: 37
2020-01-29_15:50:07.893[Battery Energy]31.13
2020-01-29_15:50:08.028[Status]Routing 262: Walk: 37
2020-01-29_15:50:08.129[Battery Energy]31.05
2020-01-29_15:50:08.253[Status]Routing 263: Walk: 37
2020-01-29_15:50:08.358[Battery Energy]30.94
2020-01-29_15:50:08.478[Status]Routing 264: Walk: 37
2020-01-29_15:50:08.578[Battery Energy]30.83
2020-01-29_15:50:08.740[Status]Routing 265: Walk: 37
2020-01-29_15:50:08.846[Battery Energy]30.70
2020-01-29_15:50:08.973[Status]Routing 266: Walk: 37
2020-01-29_15:50:09.082[Battery Energy]30.59
2020-01-29_15:50:09.227[Status]Routing 267: Walk: 37
2020-01-29_15:50:09.328[Battery Energy]30.46
2020-01-29_15:50:09.453[Status]Routing 268: Walk: 37
2020-01-29_15:50:09.567[Battery Energy]30.36
2020-01-29_15:50:09.689[Status]Routing 269: Walk: 37
2020-01-29_15:50:09.789[Battery Energy]30.25
2020-01-29_15:50:09.925[Status]Routing 270: Walk: 37
2020-01-29_15:50:10.030[Battery Energy]30.15
2020-01-29_15:50:10.169[Status]Routing 271: Walk: 37
2020-01-29_15:50:10.269[Battery Energy]30.03
2020-01-29_15:50:10.408[Status]Routing 272: Walk: 37
2020-01-29_15:50:10.510[Battery Energy]29.91
2020-01-29_15:50:10.624[Status]Routing 273: Walk: 37
2020-01-29_15:50:10.734[Battery Energy]29.81
2020-01-29_15:50:10.872[Status]Routing 274: Walk: 37
2020-01-29_15:50:10.972[Battery Energy]29.71
2020-01-29_15:50:11.124[Status]Routing 275: Walk: 37
2020-01-29_15:50:11.224[Battery Energy]29.58
2020-01-29_15:50:11.344[Status]Routing 276: Walk: 37
2020-01-29_15:50:11.449[Battery Energy]29.48
2020-01-29_15:50:11.597[Status]Routing 277: Walk: 37
2020-01-29_15:50:11.697[Battery Energy]29.36
2020-01-29_15:50:11.825[Status]Routing 278: Walk: 37
2020-01-29_15:50:11.930[Battery Energy]29.27
2020-01-29_15:50:12.076[Status]Routing 279: Walk: 37
2020-01-29_15:50:12.186[Battery Energy]29.16
