2020-01-28_17:36:27.305[Status]Start.
2020-01-28_17:36:27.307[Battery Energy]100.00
2020-01-28_17:36:28.408[Battery Energy]99.96
2020-01-28_17:36:29.510[Battery Energy]99.92
2020-01-28_17:36:30.612[Battery Energy]99.88
2020-01-28_17:36:31.713[Battery Energy]99.84
2020-01-28_17:36:32.815[Task]A New Task Released.
2020-01-28_17:36:32.815[Battery Energy]99.80
2020-01-28_17:36:32.815[Status]Selection Start.
2020-01-28_17:36:34.654[Status]Selection End: Do Task 2.
2020-01-28_17:36:34.765[Battery Energy]98.64
2020-01-28_17:36:34.765[Status]Formation Start.
2020-01-28_17:36:34.915[Status]number of tasks is 7
2020-01-28_17:36:34.918[Status]my group tasks is [ 1059.42353462   243.24495385]
2020-01-28_17:36:34.927[Status]my group tasks is [ 1011.93217925   205.37186174]
2020-01-28_17:36:34.937[Status]my group tasks is [ 1011.93217925   144.62813826]
2020-01-28_17:36:34.939[Status]my group tasks is [ 1059.42353462   106.75504615]
2020-01-28_17:36:34.940[Status]my group tasks is [ 1118.64428613   120.27179623]
2020-01-28_17:36:34.944[Status]my group tasks is [ 1145.   175.]
2020-01-28_17:36:34.959[Status]my group tasks is [ 1118.64428613   229.72820377]
2020-01-28_17:36:34.993[Status]mygroup_robots_utility is {16: [19.247250441764223, 17.395348126337225, 19.33831635617752, 36.91913689990584, 16.903073317820045, 17.262887125856068, 36.54866766480051], 17: [16.97375474055378, 17.814939814308204, 18.74165202747694, 17.64141212789156, 38.70088263908289, 33.80614663564009, 18.89841801033687], 18: [16.250667882593444, 17.152403697882868, 34.4881626813195, 16.148700636526105, 17.68166211155863, 15.45402160644371, 15.495679151881136], 19: [16.865664453631908, 17.10047208572468, 16.13422941977356, 17.456243229697087, 15.34422157139463, 15.237289542825017, 31.745421286886895], 20: [33.99275725518828, 34.863639127432926, 19.401548273682277, 38.82053338740311, 17.419153351531307, 18.480449203124994, 18.46272628261526], 14: [19.25042205772139, 33.66120709713903, 18.367553948532393, 19.173556274237864, 18.211180372264923, 34.39847285795922, 34.6221498090874], 15: [19.500218786406844, 35.9141237006315, 18.418051916137568, 19.525693071952833, 20.508399353081842, 20.495826797270297, 36.79980459125338]}
2020-01-28_17:36:34.994[Status]self.local_queue is [14, 15, 16, 17, 19, 18, 20]
2020-01-28_17:36:34.994[Status]task_chosen index is 6
2020-01-28_17:36:34.994[Status]task_chosen index is 1
2020-01-28_17:36:34.994[Status]task_chosen index is 3
2020-01-28_17:36:34.994[Status]task_chosen index is 4
2020-01-28_17:36:34.994[Status]myindex_in_queue is 4
2020-01-28_17:36:34.994[Status]task destination is [1011.9321792468306, 144.62813826177094]
2020-01-28_17:36:35.094[Battery Energy]98.49
2020-01-28_17:36:35.095[Status]Routing Start.
2020-01-28_17:36:35.247[Status]{'coordinate': [136.095399742325, 544.8438354787961], 'id': 17}
2020-01-28_17:36:35.247[Status]Routing 1: Walk: 1
2020-01-28_17:36:35.357[Battery Energy]98.26
2020-01-28_17:36:35.357[Status]Routing Start.
2020-01-28_17:36:35.498[Status]{'coordinate': [145.19079948464997, 540.6876709575922], 'id': 17}
2020-01-28_17:36:35.498[Status]Routing 2: Walk: 2
2020-01-28_17:36:35.611[Battery Energy]98.04
2020-01-28_17:36:35.612[Status]Routing Start.
2020-01-28_17:36:35.800[Status]{'coordinate': [154.28619922697496, 536.5315064363883], 'id': 17}
2020-01-28_17:36:35.801[Status]Routing 3: Walk: 3
2020-01-28_17:36:35.923[Battery Energy]97.79
2020-01-28_17:36:35.923[Status]Routing Start.
2020-01-28_17:36:36.083[Status]{'coordinate': [163.38159896929994, 532.3753419151844], 'id': 17}
2020-01-28_17:36:36.084[Status]Routing 4: Walk: 4
2020-01-28_17:36:36.197[Battery Energy]97.58
2020-01-28_17:36:36.197[Status]Routing Start.
2020-01-28_17:36:36.333[Status]{'coordinate': [172.47699871162493, 528.2191773939805], 'id': 17}
2020-01-28_17:36:36.334[Status]Routing 5: Walk: 5
2020-01-28_17:36:36.441[Battery Energy]97.38
2020-01-28_17:36:36.441[Status]Routing Start.
2020-01-28_17:36:36.583[Status]{'coordinate': [181.57239845394992, 524.0630128727767], 'id': 17}
2020-01-28_17:36:36.584[Status]Routing 6: Walk: 6
2020-01-28_17:36:36.691[Battery Energy]97.18
2020-01-28_17:36:36.691[Status]Routing Start.
2020-01-28_17:36:37.132[Status]Routing 7: Walk: 6
2020-01-28_17:36:37.235[Battery Energy]96.80
2020-01-28_17:36:37.235[Status]Routing Start.
2020-01-28_17:36:37.517[Status]Routing 8: Walk: 6
2020-01-28_17:36:37.618[Battery Energy]96.54
2020-01-28_17:36:37.618[Status]Routing Start.
2020-01-28_17:36:37.875[Status]Routing 9: Walk: 6
2020-01-28_17:36:37.975[Battery Energy]96.27
2020-01-28_17:36:37.976[Status]Routing Start.
2020-01-28_17:36:38.284[Status]Routing 10: Walk: 6
2020-01-28_17:36:38.384[Battery Energy]95.96
2020-01-28_17:36:38.384[Status]Routing Start.
2020-01-28_17:36:38.785[Status]Routing 11: Walk: 6
2020-01-28_17:36:38.885[Battery Energy]95.59
2020-01-28_17:36:38.885[Status]Routing Start.
2020-01-28_17:36:39.187[Status]Routing 12: Walk: 6
2020-01-28_17:36:39.289[Battery Energy]95.32
2020-01-28_17:36:39.289[Status]Routing Start.
2020-01-28_17:36:39.606[Status]Routing 13: Walk: 6
2020-01-28_17:36:39.707[Battery Energy]95.06
2020-01-28_17:36:39.707[Status]Routing Start.
2020-01-28_17:36:39.854[Status]{'coordinate': [190.6677981962749, 519.9068483515728], 'id': 17}
2020-01-28_17:36:39.854[Status]Routing 14: Walk: 7
2020-01-28_17:36:39.954[Battery Energy]94.84
2020-01-28_17:36:39.954[Status]Routing Start.
2020-01-28_17:36:40.238[Status]{'coordinate': [199.7631979385999, 515.7506838303689], 'id': 17}
2020-01-28_17:36:40.239[Status]Routing 15: Walk: 8
2020-01-28_17:36:40.340[Battery Energy]94.52
2020-01-28_17:36:40.340[Status]Routing Start.
2020-01-28_17:36:40.644[Status]{'coordinate': [208.85859768092487, 511.5945193091649], 'id': 17}
2020-01-28_17:36:40.647[Status]Routing 16: Walk: 9
2020-01-28_17:36:40.752[Battery Energy]94.18
2020-01-28_17:36:40.752[Status]Routing Start.
2020-01-28_17:36:41.067[Status]{'coordinate': [217.95399742324986, 507.438354787961], 'id': 17}
2020-01-28_17:36:41.070[Status]Routing 17: Walk: 10
2020-01-28_17:36:41.170[Battery Energy]93.89
2020-01-28_17:36:41.170[Status]Routing Start.
2020-01-28_17:36:41.417[Status]{'coordinate': [227.04939716557485, 503.282190266757], 'id': 17}
2020-01-28_17:36:41.417[Status]Routing 18: Walk: 11
2020-01-28_17:36:41.523[Battery Energy]93.61
2020-01-28_17:36:41.523[Status]Routing Start.
2020-01-28_17:36:41.763[Status]{'coordinate': [236.14479690789983, 499.1260257455531], 'id': 17}
2020-01-28_17:36:41.763[Status]Routing 19: Walk: 12
2020-01-28_17:36:41.873[Battery Energy]93.34
2020-01-28_17:36:41.873[Status]Routing Start.
2020-01-28_17:36:42.163[Status]{'coordinate': [245.24019665022482, 494.96986122434913], 'id': 17}
2020-01-28_17:36:42.163[Status]Routing 20: Walk: 13
2020-01-28_17:36:42.263[Battery Energy]92.99
2020-01-28_17:36:42.263[Status]Routing Start.
2020-01-28_17:36:42.565[Status]{'coordinate': [254.3355963925498, 490.8136967031452], 'id': 17}
2020-01-28_17:36:42.565[Status]Routing 21: Walk: 14
2020-01-28_17:36:42.666[Battery Energy]92.67
2020-01-28_17:36:42.666[Status]Routing Start.
2020-01-28_17:36:42.802[Status]{'coordinate': [263.4309961348748, 486.65753218194124], 'id': 17}
2020-01-28_17:36:42.802[Status]Routing 22: Walk: 15
2020-01-28_17:36:42.904[Battery Energy]92.47
2020-01-28_17:36:42.904[Status]Routing Start.
2020-01-28_17:36:43.071[Status]{'coordinate': [272.52639587719983, 482.5013676607373], 'id': 17}
2020-01-28_17:36:43.071[Status]Routing 23: Walk: 16
2020-01-28_17:36:43.173[Battery Energy]92.27
2020-01-28_17:36:43.173[Status]Routing Start.
2020-01-28_17:36:43.532[Status]{'coordinate': [281.62179561952485, 478.34520313953334], 'id': 17}
2020-01-28_17:36:43.533[Status]Routing 24: Walk: 17
2020-01-28_17:36:43.633[Battery Energy]91.95
2020-01-28_17:36:43.633[Status]Routing Start.
2020-01-28_17:36:43.776[Status]{'coordinate': [290.71719536184986, 474.1890386183294], 'id': 17}
2020-01-28_17:36:43.776[Status]Routing 25: Walk: 18
2020-01-28_17:36:43.888[Battery Energy]91.73
2020-01-28_17:36:43.889[Status]Routing Start.
2020-01-28_17:36:44.065[Status]{'coordinate': [299.8125951041749, 470.03287409712544], 'id': 17}
2020-01-28_17:36:44.065[Status]Routing 26: Walk: 19
2020-01-28_17:36:44.168[Battery Energy]91.49
2020-01-28_17:36:44.168[Status]Routing Start.
2020-01-28_17:36:44.308[Status]{'coordinate': [308.9079948464999, 465.8767095759215], 'id': 17}
2020-01-28_17:36:44.308[Status]Routing 27: Walk: 20
2020-01-28_17:36:44.415[Battery Energy]91.28
2020-01-28_17:36:44.415[Status]Routing Start.
2020-01-28_17:36:44.546[Status]{'coordinate': [318.0033945888249, 461.72054505471755], 'id': 17}
2020-01-28_17:36:44.546[Status]Routing 28: Walk: 21
2020-01-28_17:36:44.653[Battery Energy]91.08
2020-01-28_17:36:44.653[Status]Routing Start.
2020-01-28_17:36:44.785[Status]{'coordinate': [327.0987943311499, 457.5643805335136], 'id': 17}
2020-01-28_17:36:44.785[Status]Routing 29: Walk: 22
2020-01-28_17:36:44.889[Battery Energy]90.89
2020-01-28_17:36:44.889[Status]Routing Start.
2020-01-28_17:36:45.185[Status]{'coordinate': [336.19419407347493, 453.40821601230965], 'id': 17}
2020-01-28_17:36:45.185[Status]Routing 30: Walk: 23
2020-01-28_17:36:45.293[Battery Energy]90.58
2020-01-28_17:36:45.293[Status]Routing Start.
2020-01-28_17:36:45.603[Status]{'coordinate': [345.28959381579995, 449.2520514911057], 'id': 17}
2020-01-28_17:36:45.603[Status]Routing 31: Walk: 24
2020-01-28_17:36:45.703[Battery Energy]90.23
2020-01-28_17:36:45.703[Status]Routing Start.
2020-01-28_17:36:45.960[Status]{'coordinate': [354.38499355812496, 445.09588696990176], 'id': 17}
2020-01-28_17:36:45.960[Status]Routing 32: Walk: 25
2020-01-28_17:36:46.061[Battery Energy]89.96
2020-01-28_17:36:46.061[Status]Routing Start.
2020-01-28_17:36:46.380[Status]{'coordinate': [363.48039330045, 440.9397224486978], 'id': 17}
2020-01-28_17:36:46.380[Status]Routing 33: Walk: 26
2020-01-28_17:36:46.480[Battery Energy]89.61
2020-01-28_17:36:46.480[Status]Routing Start.
2020-01-28_17:36:46.748[Status]{'coordinate': [372.575793042775, 436.78355792749386], 'id': 17}
2020-01-28_17:36:46.748[Status]Routing 34: Walk: 27
2020-01-28_17:36:46.849[Battery Energy]89.32
2020-01-28_17:36:46.849[Status]Routing Start.
2020-01-28_17:36:47.162[Status]{'coordinate': [381.6711927851, 432.6273934062899], 'id': 17}
2020-01-28_17:36:47.162[Status]Routing 35: Walk: 28
2020-01-28_17:36:47.265[Battery Energy]88.99
2020-01-28_17:36:47.265[Status]Routing Start.
2020-01-28_17:36:47.408[Status]{'coordinate': [390.766592527425, 428.47122888508596], 'id': 17}
2020-01-28_17:36:47.408[Status]Routing 36: Walk: 29
2020-01-28_17:36:47.513[Battery Energy]88.76
2020-01-28_17:36:47.513[Status]Routing Start.
2020-01-28_17:36:47.735[Status]{'coordinate': [399.86199226975003, 424.315064363882], 'id': 17}
2020-01-28_17:36:47.735[Status]Routing 37: Walk: 30
2020-01-28_17:36:47.845[Battery Energy]88.52
2020-01-28_17:36:47.845[Status]Routing Start.
2020-01-28_17:36:48.187[Status]{'coordinate': [408.95739201207505, 420.15889984267807], 'id': 17}
2020-01-28_17:36:48.188[Status]Routing 38: Walk: 31
2020-01-28_17:36:48.289[Battery Energy]88.25
2020-01-28_17:36:48.289[Status]Routing Start.
2020-01-28_17:36:48.588[Status]{'coordinate': [418.05279175440006, 416.0027353214741], 'id': 17}
2020-01-28_17:36:48.590[Status]Routing 39: Walk: 32
2020-01-28_17:36:48.697[Battery Energy]87.94
2020-01-28_17:36:48.697[Status]Routing Start.
2020-01-28_17:36:49.013[Status]{'coordinate': [427.1481914967251, 411.8465708002702], 'id': 17}
2020-01-28_17:36:49.013[Status]Routing 40: Walk: 33
2020-01-28_17:36:49.117[Battery Energy]87.60
2020-01-28_17:36:49.117[Status]Routing Start.
2020-01-28_17:36:49.345[Status]{'coordinate': [436.2435912390501, 407.6904062790662], 'id': 17}
2020-01-28_17:36:49.345[Status]Routing 41: Walk: 34
2020-01-28_17:36:49.445[Battery Energy]87.39
2020-01-28_17:36:49.446[Status]Routing Start.
2020-01-28_17:36:49.649[Status]{'coordinate': [445.3389909813751, 403.5342417578623], 'id': 17}
2020-01-28_17:36:49.651[Status]Routing 42: Walk: 35
2020-01-28_17:36:49.752[Battery Energy]87.17
2020-01-28_17:36:49.752[Status]Routing Start.
2020-01-28_17:36:50.096[Status]{'coordinate': [454.4343907237001, 399.3780772366583], 'id': 17}
2020-01-28_17:36:50.097[Status]Routing 43: Walk: 36
2020-01-28_17:36:50.209[Battery Energy]86.82
2020-01-28_17:36:50.209[Status]Routing Start.
2020-01-28_17:36:50.364[Status]{'coordinate': [463.52979046602513, 395.2219127154544], 'id': 17}
2020-01-28_17:36:50.364[Status]Routing 44: Walk: 37
2020-01-28_17:36:50.469[Battery Energy]86.59
2020-01-28_17:36:50.469[Status]Routing Start.
2020-01-28_17:36:50.761[Status]{'coordinate': [472.62519020835015, 391.06574819425043], 'id': 17}
2020-01-28_17:36:50.761[Status]Routing 45: Walk: 38
2020-01-28_17:36:50.885[Battery Energy]86.26
2020-01-28_17:36:50.885[Status]Routing Start.
2020-01-28_17:36:51.018[Status]{'coordinate': [481.72058995067516, 386.9095836730465], 'id': 17}
2020-01-28_17:36:51.018[Status]Routing 46: Walk: 39
2020-01-28_17:36:51.123[Battery Energy]86.06
2020-01-28_17:36:51.123[Status]Routing Start.
2020-01-28_17:36:51.296[Status]{'coordinate': [490.8159896930002, 382.75341915184254], 'id': 17}
2020-01-28_17:36:51.296[Status]Routing 47: Walk: 40
2020-01-28_17:36:51.401[Battery Energy]85.85
2020-01-28_17:36:51.401[Status]Routing Start.
2020-01-28_17:36:51.536[Status]{'coordinate': [499.9113894353252, 378.5972546306386], 'id': 17}
2020-01-28_17:36:51.536[Status]Routing 48: Walk: 41
2020-01-28_17:36:51.636[Battery Energy]85.63
2020-01-28_17:36:51.636[Status]Routing Start.
2020-01-28_17:36:51.781[Status]{'coordinate': [509.0067891776502, 374.44109010943464], 'id': 17}
2020-01-28_17:36:51.781[Status]Routing 49: Walk: 42
2020-01-28_17:36:51.902[Battery Energy]85.42
2020-01-28_17:36:51.902[Status]Routing Start.
2020-01-28_17:36:52.025[Status]{'coordinate': [518.1021889199752, 370.2849255882307], 'id': 17}
2020-01-28_17:36:52.025[Status]Routing 50: Walk: 43
2020-01-28_17:36:52.125[Battery Energy]85.21
2020-01-28_17:36:52.126[Status]Routing Start.
2020-01-28_17:36:52.321[Status]{'coordinate': [527.1975886623002, 366.12876106702674], 'id': 17}
2020-01-28_17:36:52.321[Status]Routing 51: Walk: 44
2020-01-28_17:36:52.428[Battery Energy]84.96
2020-01-28_17:36:52.428[Status]Routing Start.
2020-01-28_17:36:52.582[Status]{'coordinate': [536.2929884046251, 361.9725965458228], 'id': 17}
2020-01-28_17:36:52.582[Status]Routing 52: Walk: 45
2020-01-28_17:36:52.693[Battery Energy]84.75
2020-01-28_17:36:52.693[Status]Routing Start.
2020-01-28_17:36:52.824[Status]{'coordinate': [545.3883881469501, 357.81643202461885], 'id': 17}
2020-01-28_17:36:52.824[Status]Routing 53: Walk: 46
2020-01-28_17:36:52.937[Battery Energy]84.54
2020-01-28_17:36:52.937[Status]Routing Start.
2020-01-28_17:36:53.241[Status]{'coordinate': [554.483787889275, 353.6602675034149], 'id': 17}
2020-01-28_17:36:53.241[Status]Routing 54: Walk: 47
2020-01-28_17:36:53.342[Battery Energy]84.28
2020-01-28_17:36:53.342[Status]Routing Start.
2020-01-28_17:36:53.631[Status]{'coordinate': [563.5791876316, 349.50410298221095], 'id': 17}
2020-01-28_17:36:53.631[Status]Routing 55: Walk: 48
2020-01-28_17:36:53.745[Battery Energy]83.98
2020-01-28_17:36:53.745[Status]Routing Start.
2020-01-28_17:36:54.025[Status]{'coordinate': [572.674587373925, 345.347938461007], 'id': 17}
2020-01-28_17:36:54.025[Status]Routing 56: Walk: 49
2020-01-28_17:36:54.133[Battery Energy]83.69
2020-01-28_17:36:54.133[Status]Routing Start.
2020-01-28_17:36:54.419[Status]{'coordinate': [581.7699871162499, 341.19177393980306], 'id': 17}
2020-01-28_17:36:54.420[Status]Routing 57: Walk: 50
2020-01-28_17:36:54.520[Battery Energy]83.41
2020-01-28_17:36:54.520[Status]Routing Start.
2020-01-28_17:36:54.836[Status]{'coordinate': [590.8653868585749, 337.0356094185991], 'id': 17}
2020-01-28_17:36:54.836[Status]Routing 58: Walk: 51
2020-01-28_17:36:54.936[Battery Energy]83.08
2020-01-28_17:36:54.936[Status]Routing Start.
2020-01-28_17:36:55.235[Status]{'coordinate': [599.9607866008998, 332.87944489739516], 'id': 17}
2020-01-28_17:36:55.235[Status]Routing 59: Walk: 52
2020-01-28_17:36:55.349[Battery Energy]82.77
2020-01-28_17:36:55.349[Status]Routing Start.
2020-01-28_17:36:55.671[Status]{'coordinate': [609.0561863432248, 328.7232803761912], 'id': 17}
2020-01-28_17:36:55.671[Status]Routing 60: Walk: 53
2020-01-28_17:36:55.777[Battery Energy]82.48
2020-01-28_17:36:55.777[Status]Routing Start.
2020-01-28_17:36:55.926[Status]{'coordinate': [618.1515860855498, 324.56711585498726], 'id': 17}
2020-01-28_17:36:55.926[Status]Routing 61: Walk: 54
2020-01-28_17:36:56.026[Battery Energy]82.26
2020-01-28_17:36:56.027[Status]Routing Start.
2020-01-28_17:36:56.255[Status]{'coordinate': [627.2469858278747, 320.4109513337833], 'id': 17}
2020-01-28_17:36:56.255[Status]Routing 62: Walk: 55
2020-01-28_17:36:56.355[Battery Energy]81.99
2020-01-28_17:36:56.355[Status]Routing Start.
2020-01-28_17:36:56.492[Status]{'coordinate': [636.3423855701997, 316.25478681257937], 'id': 17}
2020-01-28_17:36:56.492[Status]Routing 63: Walk: 56
2020-01-28_17:36:56.599[Battery Energy]81.80
2020-01-28_17:36:56.599[Status]Routing Start.
2020-01-28_17:36:56.774[Status]{'coordinate': [645.4377853125246, 312.0986222913754], 'id': 17}
2020-01-28_17:36:56.774[Status]Routing 64: Walk: 57
2020-01-28_17:36:56.877[Battery Energy]81.58
2020-01-28_17:36:56.877[Status]Routing Start.
2020-01-28_17:36:57.006[Status]{'coordinate': [654.5331850548496, 307.9424577701715], 'id': 17}
2020-01-28_17:36:57.008[Status]Routing 65: Walk: 58
2020-01-28_17:36:57.109[Battery Energy]81.38
2020-01-28_17:36:57.109[Status]Routing Start.
2020-01-28_17:36:57.260[Status]{'coordinate': [663.6285847971745, 303.7862932489675], 'id': 17}
2020-01-28_17:36:57.261[Status]Routing 66: Walk: 59
2020-01-28_17:36:57.365[Battery Energy]81.19
2020-01-28_17:36:57.365[Status]Routing Start.
2020-01-28_17:36:57.532[Status]{'coordinate': [672.7239845394995, 299.6301287277636], 'id': 17}
2020-01-28_17:36:57.533[Status]Routing 67: Walk: 60
2020-01-28_17:36:57.649[Battery Energy]80.96
2020-01-28_17:36:57.649[Status]Routing Start.
2020-01-28_17:36:57.787[Status]{'coordinate': [681.8193842818245, 295.47396420655963], 'id': 17}
2020-01-28_17:36:57.787[Status]Routing 68: Walk: 61
2020-01-28_17:36:57.887[Battery Energy]80.77
2020-01-28_17:36:57.887[Status]Routing Start.
2020-01-28_17:36:58.035[Status]{'coordinate': [690.9147840241494, 291.3177996853557], 'id': 17}
2020-01-28_17:36:58.035[Status]Routing 69: Walk: 62
2020-01-28_17:36:58.141[Battery Energy]80.57
2020-01-28_17:36:58.141[Status]Routing Start.
2020-01-28_17:36:58.313[Status]{'coordinate': [700.0101837664744, 287.16163516415173], 'id': 17}
2020-01-28_17:36:58.313[Status]Routing 70: Walk: 63
2020-01-28_17:36:58.414[Battery Energy]80.34
2020-01-28_17:36:58.414[Status]Routing Start.
2020-01-28_17:36:58.563[Status]{'coordinate': [709.1055835087993, 283.0054706429478], 'id': 17}
2020-01-28_17:36:58.570[Status]Routing 71: Walk: 64
2020-01-28_17:36:58.677[Battery Energy]80.15
2020-01-28_17:36:58.677[Status]Routing Start.
2020-01-28_17:36:58.822[Status]{'coordinate': [718.2009832511243, 278.84930612174384], 'id': 17}
2020-01-28_17:36:58.822[Status]Routing 72: Walk: 65
2020-01-28_17:36:58.922[Battery Energy]79.96
2020-01-28_17:36:58.922[Status]Routing Start.
2020-01-28_17:36:59.103[Status]{'coordinate': [727.2963829934492, 274.6931416005399], 'id': 17}
2020-01-28_17:36:59.103[Status]Routing 73: Walk: 66
2020-01-28_17:36:59.217[Battery Energy]79.75
2020-01-28_17:36:59.217[Status]Routing Start.
2020-01-28_17:36:59.342[Status]{'coordinate': [736.3917827357742, 270.53697707933594], 'id': 17}
2020-01-28_17:36:59.342[Status]Routing 74: Walk: 67
2020-01-28_17:36:59.449[Battery Energy]79.54
2020-01-28_17:36:59.449[Status]Routing Start.
2020-01-28_17:36:59.597[Status]{'coordinate': [745.4871824780992, 266.380812558132], 'id': 17}
2020-01-28_17:36:59.597[Status]Routing 75: Walk: 68
2020-01-28_17:36:59.705[Battery Energy]79.32
2020-01-28_17:36:59.705[Status]Routing Start.
2020-01-28_17:36:59.836[Status]{'coordinate': [754.5825822204241, 262.22464803692804], 'id': 17}
2020-01-28_17:36:59.836[Status]Routing 76: Walk: 69
2020-01-28_17:36:59.945[Battery Energy]79.12
2020-01-28_17:36:59.945[Status]Routing Start.
2020-01-28_17:37:00.101[Status]{'coordinate': [763.6779819627491, 258.0684835157241], 'id': 17}
2020-01-28_17:37:00.101[Status]Routing 77: Walk: 70
2020-01-28_17:37:00.209[Battery Energy]78.90
2020-01-28_17:37:00.209[Status]Routing Start.
2020-01-28_17:37:00.350[Status]{'coordinate': [772.773381705074, 253.91231899452015], 'id': 17}
2020-01-28_17:37:00.350[Status]Routing 78: Walk: 71
2020-01-28_17:37:00.457[Battery Energy]78.69
2020-01-28_17:37:00.457[Status]Routing Start.
2020-01-28_17:37:00.624[Status]{'coordinate': [781.868781447399, 249.7561544733162], 'id': 17}
2020-01-28_17:37:00.624[Status]Routing 79: Walk: 72
2020-01-28_17:37:00.740[Battery Energy]78.46
2020-01-28_17:37:00.740[Status]Routing Start.
2020-01-28_17:37:00.873[Status]{'coordinate': [790.964181189724, 245.59998995211225], 'id': 17}
2020-01-28_17:37:00.873[Status]Routing 80: Walk: 73
2020-01-28_17:37:00.973[Battery Energy]78.26
2020-01-28_17:37:00.974[Status]Routing Start.
2020-01-28_17:37:01.158[Status]{'coordinate': [800.0595809320489, 241.4438254309083], 'id': 17}
2020-01-28_17:37:01.158[Status]Routing 81: Walk: 74
2020-01-28_17:37:01.269[Battery Energy]78.03
2020-01-28_17:37:01.269[Status]Routing Start.
2020-01-28_17:37:01.427[Status]{'coordinate': [809.1549806743739, 237.28766090970436], 'id': 17}
2020-01-28_17:37:01.429[Status]Routing 82: Walk: 75
2020-01-28_17:37:01.529[Battery Energy]77.80
2020-01-28_17:37:01.529[Status]Routing Start.
2020-01-28_17:37:01.838[Status]{'coordinate': [818.2503804166988, 233.1314963885004], 'id': 17}
2020-01-28_17:37:01.838[Status]Routing 83: Walk: 76
2020-01-28_17:37:01.938[Battery Energy]77.47
2020-01-28_17:37:01.939[Status]Routing Start.
2020-01-28_17:37:02.323[Status]{'coordinate': [827.3457801590238, 228.97533186729646], 'id': 17}
2020-01-28_17:37:02.323[Status]Routing 84: Walk: 77
2020-01-28_17:37:02.423[Battery Energy]77.12
2020-01-28_17:37:02.424[Status]Routing Start.
2020-01-28_17:37:02.573[Status]{'coordinate': [836.4411799013487, 224.8191673460925], 'id': 17}
2020-01-28_17:37:02.573[Status]Routing 85: Walk: 78
2020-01-28_17:37:02.673[Battery Energy]76.92
2020-01-28_17:37:02.673[Status]Routing Start.
2020-01-28_17:37:02.833[Status]{'coordinate': [845.5365796436737, 220.66300282488857], 'id': 17}
2020-01-28_17:37:02.833[Status]Routing 86: Walk: 79
2020-01-28_17:37:02.940[Battery Energy]76.72
2020-01-28_17:37:02.940[Status]Routing Start.
2020-01-28_17:37:03.229[Status]{'coordinate': [854.6319793859986, 216.50683830368462], 'id': 17}
2020-01-28_17:37:03.229[Status]Routing 87: Walk: 80
2020-01-28_17:37:03.337[Battery Energy]76.42
2020-01-28_17:37:03.337[Status]Routing Start.
2020-01-28_17:37:03.669[Status]{'coordinate': [863.7273791283236, 212.3506737824807], 'id': 17}
2020-01-28_17:37:03.669[Status]Routing 88: Walk: 81
2020-01-28_17:37:03.773[Battery Energy]76.08
2020-01-28_17:37:03.773[Status]Routing Start.
2020-01-28_17:37:04.094[Status]{'coordinate': [872.8227788706486, 208.19450926127678], 'id': 17}
2020-01-28_17:37:04.096[Status]Routing 89: Walk: 82
2020-01-28_17:37:04.196[Battery Energy]75.76
2020-01-28_17:37:04.196[Status]Routing Start.
2020-01-28_17:37:04.487[Status]{'coordinate': [881.9181786129735, 204.03834474007286], 'id': 17}
2020-01-28_17:37:04.487[Status]Routing 90: Walk: 83
2020-01-28_17:37:04.587[Battery Energy]75.46
2020-01-28_17:37:04.587[Status]Routing Start.
2020-01-28_17:37:04.716[Status]{'coordinate': [891.0135783552985, 199.88218021886894], 'id': 17}
2020-01-28_17:37:04.716[Status]Routing 91: Walk: 84
2020-01-28_17:37:04.816[Battery Energy]75.25
2020-01-28_17:37:04.817[Status]Routing Start.
2020-01-28_17:37:04.995[Status]{'coordinate': [900.1089780976234, 195.72601569766502], 'id': 17}
2020-01-28_17:37:04.995[Status]Routing 92: Walk: 85
2020-01-28_17:37:05.101[Battery Energy]75.02
2020-01-28_17:37:05.101[Status]Routing Start.
2020-01-28_17:37:05.389[Status]{'coordinate': [909.2043778399484, 191.5698511764611], 'id': 17}
2020-01-28_17:37:05.389[Status]Routing 93: Walk: 86
2020-01-28_17:37:05.490[Battery Energy]74.76
2020-01-28_17:37:05.490[Status]Routing Start.
2020-01-28_17:37:05.634[Status]{'coordinate': [918.2997775822734, 187.41368665525718], 'id': 17}
2020-01-28_17:37:05.635[Status]Routing 94: Walk: 87
2020-01-28_17:37:05.735[Battery Energy]74.56
2020-01-28_17:37:05.735[Status]Routing Start.
2020-01-28_17:37:05.885[Status]{'coordinate': [927.3951773245983, 183.25752213405326], 'id': 17}
2020-01-28_17:37:05.885[Status]Routing 95: Walk: 88
2020-01-28_17:37:05.986[Battery Energy]74.34
2020-01-28_17:37:05.986[Status]Routing Start.
2020-01-28_17:37:06.136[Status]{'coordinate': [936.4905770669233, 179.10135761284934], 'id': 17}
2020-01-28_17:37:06.141[Status]Routing 96: Walk: 89
2020-01-28_17:37:06.249[Battery Energy]74.13
2020-01-28_17:37:06.249[Status]Routing Start.
2020-01-28_17:37:06.524[Status]{'coordinate': [945.5859768092482, 174.94519309164542], 'id': 17}
2020-01-28_17:37:06.524[Status]Routing 97: Walk: 90
2020-01-28_17:37:06.629[Battery Energy]73.88
2020-01-28_17:37:06.629[Status]Routing Start.
2020-01-28_17:37:06.786[Status]{'coordinate': [954.6813765515732, 170.7890285704415], 'id': 17}
2020-01-28_17:37:06.786[Status]Routing 98: Walk: 91
2020-01-28_17:37:06.890[Battery Energy]73.66
2020-01-28_17:37:06.890[Status]Routing Start.
2020-01-28_17:37:07.140[Status]{'coordinate': [963.7767762938981, 166.63286404923758], 'id': 17}
2020-01-28_17:37:07.140[Status]Routing 99: Walk: 92
2020-01-28_17:37:07.253[Battery Energy]73.35
2020-01-28_17:37:07.253[Status]Routing Start.
2020-01-28_17:37:07.399[Status]{'coordinate': [972.8721760362231, 162.47669952803366], 'id': 17}
2020-01-28_17:37:07.399[Status]Routing 100: Walk: 93
2020-01-28_17:37:07.509[Battery Energy]73.12
2020-01-28_17:37:07.509[Status]Routing Start.
2020-01-28_17:37:07.639[Status]{'coordinate': [981.967575778548, 158.32053500682974], 'id': 17}
2020-01-28_17:37:07.639[Status]Routing 101: Walk: 94
2020-01-28_17:37:07.753[Battery Energy]72.92
2020-01-28_17:37:07.753[Status]Routing Start.
2020-01-28_17:37:08.071[Status]Routing 102: Walk: 94
2020-01-28_17:37:08.171[Battery Energy]72.61
2020-01-28_17:37:08.171[Status]Routing Start.
2020-01-28_17:37:08.296[Status]{'coordinate': [991.062975520873, 154.16437048562582], 'id': 17}
2020-01-28_17:37:08.296[Status]Routing 103: Walk: 95
2020-01-28_17:37:08.397[Battery Energy]72.40
2020-01-28_17:37:08.397[Status]Routing Start.
2020-01-28_17:37:08.720[Status]{'coordinate': [1000.1583752631981, 150.00820596442193], 'id': 17}
2020-01-28_17:37:08.720[Status]Routing 104: Walk: 96
2020-01-28_17:37:08.821[Battery Energy]72.08
2020-01-28_17:37:08.821[Status]Routing Start.
2020-01-28_17:37:09.135[Status]{'coordinate': [1009.253775005523, 145.852041443218], 'id': 17}
2020-01-28_17:37:09.135[Status]Routing 105: Walk: 97
2020-01-28_17:37:09.241[Battery Energy]71.74
2020-01-28_17:37:09.241[Status]Routing Start.
2020-01-28_17:37:09.241[Status]Task Finished.
2020-01-28_17:37:09.341[Battery Energy]71.74
2020-01-28_17:37:09.509[Status]Routing 107: Walk: 97
2020-01-28_17:37:09.621[Battery Energy]71.62
2020-01-28_17:37:09.888[Status]Routing 108: Walk: 97
2020-01-28_17:37:10.001[Battery Energy]71.43
2020-01-28_17:37:10.218[Status]Routing 109: Walk: 97
2020-01-28_17:37:10.329[Battery Energy]71.26
2020-01-28_17:37:10.550[Status]Routing 110: Walk: 97
2020-01-28_17:37:10.650[Battery Energy]71.08
2020-01-28_17:37:10.884[Status]Routing 111: Walk: 97
2020-01-28_17:37:10.993[Battery Energy]70.92
2020-01-28_17:37:11.125[Status]Routing 112: Walk: 97
2020-01-28_17:37:11.225[Battery Energy]70.82
2020-01-28_17:37:11.367[Status]Routing 113: Walk: 97
2020-01-28_17:37:11.470[Battery Energy]70.69
2020-01-28_17:37:11.639[Status]Routing 114: Walk: 97
2020-01-28_17:37:11.750[Battery Energy]70.57
2020-01-28_17:37:11.978[Status]Routing 115: Walk: 97
2020-01-28_17:37:12.089[Battery Energy]70.41
2020-01-28_17:37:12.356[Status]Routing 116: Walk: 97
2020-01-28_17:37:12.456[Battery Energy]70.23
2020-01-28_17:37:12.768[Status]Routing 117: Walk: 97
2020-01-28_17:37:12.868[Battery Energy]70.00
2020-01-28_17:37:13.144[Status]Routing 118: Walk: 97
2020-01-28_17:37:13.245[Battery Energy]69.82
2020-01-28_17:37:13.427[Status]Routing 119: Walk: 97
2020-01-28_17:37:13.527[Battery Energy]69.71
2020-01-28_17:37:13.815[Status]Routing 120: Walk: 97
2020-01-28_17:37:13.916[Battery Energy]69.50
2020-01-28_17:37:14.243[Status]Routing 121: Walk: 97
2020-01-28_17:37:14.349[Battery Energy]69.24
2020-01-28_17:37:14.564[Status]Routing 122: Walk: 97
2020-01-28_17:37:14.672[Battery Energy]69.05
2020-01-28_17:37:14.849[Status]Routing 123: Walk: 97
2020-01-28_17:37:14.950[Battery Energy]68.90
2020-01-28_17:37:15.114[Status]Routing 124: Walk: 97
2020-01-28_17:37:15.219[Battery Energy]68.77
2020-01-28_17:37:15.388[Status]Routing 125: Walk: 97
2020-01-28_17:37:15.497[Battery Energy]68.64
2020-01-28_17:37:15.686[Status]Routing 126: Walk: 97
2020-01-28_17:37:15.814[Battery Energy]68.53
2020-01-28_17:37:16.000[Status]Routing 127: Walk: 97
2020-01-28_17:37:16.106[Battery Energy]68.40
2020-01-28_17:37:16.284[Status]Routing 128: Walk: 97
2020-01-28_17:37:16.385[Battery Energy]68.28
2020-01-28_17:37:16.678[Status]Routing 129: Walk: 97
2020-01-28_17:37:16.785[Battery Energy]68.07
2020-01-28_17:37:17.099[Status]Routing 130: Walk: 97
2020-01-28_17:37:17.199[Battery Energy]67.81
2020-01-28_17:37:17.523[Status]Routing 131: Walk: 97
2020-01-28_17:37:17.631[Battery Energy]67.53
2020-01-28_17:37:17.913[Status]Routing 132: Walk: 97
2020-01-28_17:37:18.021[Battery Energy]67.32
2020-01-28_17:37:18.332[Status]Routing 133: Walk: 97
2020-01-28_17:37:18.438[Battery Energy]67.12
2020-01-28_17:37:18.638[Status]Routing 134: Walk: 97
2020-01-28_17:37:18.765[Battery Energy]66.97
2020-01-28_17:37:19.050[Status]Routing 135: Walk: 97
2020-01-28_17:37:19.151[Battery Energy]66.77
2020-01-28_17:37:19.302[Status]Routing 136: Walk: 97
2020-01-28_17:37:19.407[Battery Energy]66.65
2020-01-28_17:37:19.753[Status]Routing 137: Walk: 97
2020-01-28_17:37:19.853[Battery Energy]66.41
2020-01-28_17:37:20.129[Status]Routing 138: Walk: 97
2020-01-28_17:37:20.245[Battery Energy]66.20
2020-01-28_17:37:20.577[Status]Routing 139: Walk: 97
2020-01-28_17:37:20.685[Battery Energy]65.97
2020-01-28_17:37:20.941[Status]Routing 140: Walk: 97
2020-01-28_17:37:21.045[Battery Energy]65.79
2020-01-28_17:37:21.326[Status]Routing 141: Walk: 97
2020-01-28_17:37:21.429[Battery Energy]65.58
2020-01-28_17:37:21.554[Status]Routing 142: Walk: 97
2020-01-28_17:37:21.655[Battery Energy]65.50
2020-01-28_17:37:21.813[Status]Routing 143: Walk: 97
2020-01-28_17:37:21.917[Battery Energy]65.38
2020-01-28_17:37:22.073[Status]Routing 144: Walk: 97
2020-01-28_17:37:22.189[Battery Energy]65.25
2020-01-28_17:37:22.307[Status]Routing 145: Walk: 97
2020-01-28_17:37:22.412[Battery Energy]65.16
2020-01-28_17:37:22.535[Status]Routing 146: Walk: 97
2020-01-28_17:37:22.635[Battery Energy]65.05
2020-01-28_17:37:22.877[Status]Routing 147: Walk: 97
2020-01-28_17:37:22.982[Battery Energy]64.86
2020-01-28_17:37:23.145[Status]Routing 148: Walk: 97
2020-01-28_17:37:23.253[Battery Energy]64.72
2020-01-28_17:37:23.399[Status]Routing 149: Walk: 97
2020-01-28_17:37:23.505[Battery Energy]64.64
2020-01-28_17:37:23.671[Status]Routing 150: Walk: 97
2020-01-28_17:37:23.771[Battery Energy]64.53
2020-01-28_17:37:23.916[Status]Routing 151: Walk: 97
2020-01-28_17:37:24.028[Battery Energy]64.44
2020-01-28_17:37:24.227[Status]Routing 152: Walk: 97
2020-01-28_17:37:24.329[Battery Energy]64.29
2020-01-28_17:37:24.498[Status]Routing 153: Walk: 97
2020-01-28_17:37:24.617[Battery Energy]64.19
2020-01-28_17:37:24.760[Status]Routing 154: Walk: 97
2020-01-28_17:37:24.865[Battery Energy]64.07
2020-01-28_17:37:24.981[Status]Routing 155: Walk: 97
2020-01-28_17:37:25.091[Battery Energy]63.95
2020-01-28_17:37:25.222[Status]Routing 156: Walk: 97
2020-01-28_17:37:25.323[Battery Energy]63.85
2020-01-28_17:37:25.478[Status]Routing 157: Walk: 97
2020-01-28_17:37:25.593[Battery Energy]63.74
2020-01-28_17:37:25.717[Status]Routing 158: Walk: 97
2020-01-28_17:37:25.823[Battery Energy]63.65
2020-01-28_17:37:25.998[Status]Routing 159: Walk: 97
2020-01-28_17:37:26.105[Battery Energy]63.53
2020-01-28_17:37:26.239[Status]Routing 160: Walk: 97
2020-01-28_17:37:26.345[Battery Energy]63.43
2020-01-28_17:37:26.505[Status]Routing 161: Walk: 97
2020-01-28_17:37:26.613[Battery Energy]63.33
2020-01-28_17:37:26.744[Status]Routing 162: Walk: 97
2020-01-28_17:37:26.845[Battery Energy]63.24
2020-01-28_17:37:27.002[Status]Routing 163: Walk: 97
2020-01-28_17:37:27.105[Battery Energy]63.12
2020-01-28_17:37:27.279[Status]Routing 164: Walk: 97
2020-01-28_17:37:27.379[Battery Energy]63.02
2020-01-28_17:37:27.530[Status]Routing 165: Walk: 97
2020-01-28_17:37:27.637[Battery Energy]62.92
2020-01-28_17:37:27.757[Status]Routing 166: Walk: 97
2020-01-28_17:37:27.857[Battery Energy]62.83
2020-01-28_17:37:28.020[Status]Routing 167: Walk: 97
2020-01-28_17:37:28.133[Battery Energy]62.72
2020-01-28_17:37:28.271[Status]Routing 168: Walk: 97
2020-01-28_17:37:28.381[Battery Energy]62.62
2020-01-28_17:37:28.508[Status]Routing 169: Walk: 97
2020-01-28_17:37:28.616[Battery Energy]62.54
2020-01-28_17:37:28.762[Status]Routing 170: Walk: 97
2020-01-28_17:37:28.873[Battery Energy]62.41
2020-01-28_17:37:28.994[Status]Routing 171: Walk: 97
2020-01-28_17:37:29.105[Battery Energy]62.29
2020-01-28_17:37:29.287[Status]Routing 172: Walk: 97
2020-01-28_17:37:29.387[Battery Energy]62.19
2020-01-28_17:37:29.525[Status]Routing 173: Walk: 97
2020-01-28_17:37:29.628[Battery Energy]62.10
2020-01-28_17:37:29.777[Status]Routing 174: Walk: 97
2020-01-28_17:37:29.893[Battery Energy]62.00
2020-01-28_17:37:30.012[Status]Routing 175: Walk: 97
2020-01-28_17:37:30.125[Battery Energy]61.91
2020-01-28_17:37:30.269[Status]Routing 176: Walk: 97
2020-01-28_17:37:30.386[Battery Energy]61.79
2020-01-28_17:37:30.553[Status]Routing 177: Walk: 97
2020-01-28_17:37:30.665[Battery Energy]61.66
2020-01-28_17:37:30.803[Status]Routing 178: Walk: 97
2020-01-28_17:37:30.903[Battery Energy]61.55
2020-01-28_17:37:31.050[Status]Routing 179: Walk: 97
2020-01-28_17:37:31.157[Battery Energy]61.45
2020-01-28_17:37:31.273[Status]Routing 180: Walk: 97
2020-01-28_17:37:31.381[Battery Energy]61.35
2020-01-28_17:37:31.503[Status]Routing 181: Walk: 97
2020-01-28_17:37:31.613[Battery Energy]61.25
2020-01-28_17:37:31.777[Status]Routing 182: Walk: 97
2020-01-28_17:37:31.877[Battery Energy]61.13
2020-01-28_17:37:32.014[Status]Routing 183: Walk: 97
2020-01-28_17:37:32.129[Battery Energy]61.03
2020-01-28_17:37:32.256[Status]Routing 184: Walk: 97
2020-01-28_17:37:32.357[Battery Energy]60.95
2020-01-28_17:37:32.539[Status]Routing 185: Walk: 97
2020-01-28_17:37:32.640[Battery Energy]60.82
2020-01-28_17:37:32.813[Status]Routing 186: Walk: 97
2020-01-28_17:37:32.913[Battery Energy]60.71
2020-01-28_17:37:33.065[Status]Routing 187: Walk: 97
2020-01-28_17:37:33.173[Battery Energy]60.59
2020-01-28_17:37:33.337[Status]Routing 188: Walk: 97
2020-01-28_17:37:33.449[Battery Energy]60.48
2020-01-28_17:37:33.569[Status]Routing 189: Walk: 97
2020-01-28_17:37:33.670[Battery Energy]60.38
2020-01-28_17:37:33.827[Status]Routing 190: Walk: 97
2020-01-28_17:37:33.933[Battery Energy]60.25
2020-01-28_17:37:34.095[Status]Routing 191: Walk: 97
2020-01-28_17:37:34.206[Battery Energy]60.13
2020-01-28_17:37:34.342[Status]Routing 192: Walk: 97
2020-01-28_17:37:34.442[Battery Energy]60.03
2020-01-28_17:37:34.604[Status]Routing 193: Walk: 97
2020-01-28_17:37:34.704[Battery Energy]59.92
2020-01-28_17:37:34.843[Status]Routing 194: Walk: 97
2020-01-28_17:37:34.943[Battery Energy]59.84
2020-01-28_17:37:35.083[Status]Routing 195: Walk: 97
2020-01-28_17:37:35.184[Battery Energy]59.74
2020-01-28_17:37:35.328[Status]Routing 196: Walk: 97
2020-01-28_17:37:35.428[Battery Energy]59.63
2020-01-28_17:37:35.595[Status]Routing 197: Walk: 97
2020-01-28_17:37:35.695[Battery Energy]59.53
2020-01-28_17:37:35.845[Status]Routing 198: Walk: 97
2020-01-28_17:37:35.953[Battery Energy]59.42
2020-01-28_17:37:36.077[Status]Routing 199: Walk: 97
2020-01-28_17:37:36.181[Battery Energy]59.31
2020-01-28_17:37:36.337[Status]Routing 200: Walk: 97
2020-01-28_17:37:36.441[Battery Energy]59.20
2020-01-28_17:37:36.586[Status]Routing 201: Walk: 97
2020-01-28_17:37:36.686[Battery Energy]59.10
2020-01-28_17:37:36.827[Status]Routing 202: Walk: 97
2020-01-28_17:37:36.927[Battery Energy]59.00
2020-01-28_17:37:37.092[Status]Routing 203: Walk: 97
2020-01-28_17:37:37.193[Battery Energy]58.88
2020-01-28_17:37:37.332[Status]Routing 204: Walk: 97
2020-01-28_17:37:37.433[Battery Energy]58.78
2020-01-28_17:37:37.580[Status]Routing 205: Walk: 97
2020-01-28_17:37:37.683[Battery Energy]58.68
2020-01-28_17:37:37.847[Status]Routing 206: Walk: 97
2020-01-28_17:37:37.957[Battery Energy]58.57
2020-01-28_17:37:38.117[Status]Routing 207: Walk: 97
2020-01-28_17:37:38.225[Battery Energy]58.46
2020-01-28_17:37:38.369[Status]Routing 208: Walk: 97
2020-01-28_17:37:38.477[Battery Energy]58.35
2020-01-28_17:37:38.600[Status]Routing 209: Walk: 97
2020-01-28_17:37:38.702[Battery Energy]58.25
2020-01-28_17:37:38.847[Status]Routing 210: Walk: 97
2020-01-28_17:37:38.947[Battery Energy]58.14
2020-01-28_17:37:39.100[Status]Routing 211: Walk: 97
2020-01-28_17:37:39.200[Battery Energy]58.03
2020-01-28_17:37:39.403[Status]Routing 212: Walk: 97
2020-01-28_17:37:39.509[Battery Energy]57.86
2020-01-28_17:37:39.644[Status]Routing 213: Walk: 97
2020-01-28_17:37:39.749[Battery Energy]57.75
2020-01-28_17:37:39.873[Status]Routing 214: Walk: 97
2020-01-28_17:37:39.977[Battery Energy]57.65
2020-01-28_17:37:40.120[Status]Routing 215: Walk: 97
2020-01-28_17:37:40.220[Battery Energy]57.53
2020-01-28_17:37:40.370[Status]Routing 216: Walk: 97
2020-01-28_17:37:40.474[Battery Energy]57.44
2020-01-28_17:37:40.622[Status]Routing 217: Walk: 97
2020-01-28_17:37:40.725[Battery Energy]57.33
2020-01-28_17:37:40.869[Status]Routing 218: Walk: 97
2020-01-28_17:37:40.989[Battery Energy]57.22
2020-01-28_17:37:41.154[Status]Routing 219: Walk: 97
2020-01-28_17:37:41.254[Battery Energy]57.11
2020-01-28_17:37:41.440[Status]Routing 220: Walk: 97
2020-01-28_17:37:41.540[Battery Energy]56.98
2020-01-28_17:37:41.716[Status]Routing 221: Walk: 97
2020-01-28_17:37:41.825[Battery Energy]56.85
2020-01-28_17:37:42.011[Status]Routing 222: Walk: 97
2020-01-28_17:37:42.121[Battery Energy]56.73
2020-01-28_17:37:42.246[Status]Routing 223: Walk: 97
2020-01-28_17:37:42.357[Battery Energy]56.64
2020-01-28_17:37:42.481[Status]Routing 224: Walk: 97
2020-01-28_17:37:42.581[Battery Energy]56.55
2020-01-28_17:37:42.735[Status]Routing 225: Walk: 97
2020-01-28_17:37:42.845[Battery Energy]56.43
2020-01-28_17:37:42.998[Status]Routing 226: Walk: 97
2020-01-28_17:37:43.109[Battery Energy]56.31
2020-01-28_17:37:43.234[Status]Routing 227: Walk: 97
2020-01-28_17:37:43.337[Battery Energy]56.21
2020-01-28_17:37:43.534[Status]Routing 228: Walk: 97
2020-01-28_17:37:43.661[Battery Energy]56.08
2020-01-28_17:37:43.818[Status]Routing 229: Walk: 97
2020-01-28_17:37:43.933[Battery Energy]55.97
2020-01-28_17:37:44.069[Status]Routing 230: Walk: 97
2020-01-28_17:37:44.182[Battery Energy]55.87
2020-01-28_17:37:44.308[Status]Routing 231: Walk: 97
2020-01-28_17:37:44.408[Battery Energy]55.77
2020-01-28_17:37:44.579[Status]Routing 232: Walk: 97
2020-01-28_17:37:44.680[Battery Energy]55.67
2020-01-28_17:37:44.850[Status]Routing 233: Walk: 97
2020-01-28_17:37:44.961[Battery Energy]55.55
2020-01-28_17:37:45.101[Status]Routing 234: Walk: 97
2020-01-28_17:37:45.209[Battery Energy]55.45
2020-01-28_17:37:45.336[Status]Routing 235: Walk: 97
2020-01-28_17:37:45.453[Battery Energy]55.33
2020-01-28_17:37:45.595[Status]Routing 236: Walk: 97
2020-01-28_17:37:45.701[Battery Energy]55.23
2020-01-28_17:37:45.835[Status]Routing 237: Walk: 97
2020-01-28_17:37:45.941[Battery Energy]55.13
2020-01-28_17:37:46.089[Status]Routing 238: Walk: 97
2020-01-28_17:37:46.201[Battery Energy]55.01
2020-01-28_17:37:46.316[Status]Routing 239: Walk: 97
2020-01-28_17:37:46.421[Battery Energy]54.91
2020-01-28_17:37:46.594[Status]Routing 240: Walk: 97
2020-01-28_17:37:46.709[Battery Energy]54.77
2020-01-28_17:37:46.835[Status]Routing 241: Walk: 97
2020-01-28_17:37:46.936[Battery Energy]54.65
2020-01-28_17:37:47.093[Status]Routing 242: Walk: 97
2020-01-28_17:37:47.194[Battery Energy]54.52
2020-01-28_17:37:47.336[Status]Routing 243: Walk: 97
2020-01-28_17:37:47.457[Battery Energy]54.41
2020-01-28_17:37:47.574[Status]Routing 244: Walk: 97
2020-01-28_17:37:47.681[Battery Energy]54.31
2020-01-28_17:37:47.837[Status]Routing 245: Walk: 97
2020-01-28_17:37:47.938[Battery Energy]54.22
2020-01-28_17:37:48.078[Status]Routing 246: Walk: 97
2020-01-28_17:37:48.185[Battery Energy]54.11
2020-01-28_17:37:48.351[Status]Routing 247: Walk: 97
2020-01-28_17:37:48.451[Battery Energy]54.01
2020-01-28_17:37:48.616[Status]Routing 248: Walk: 97
2020-01-28_17:37:48.721[Battery Energy]53.89
2020-01-28_17:37:48.895[Status]Routing 249: Walk: 97
2020-01-28_17:37:49.001[Battery Energy]53.75
2020-01-28_17:37:49.133[Status]Routing 250: Walk: 97
2020-01-28_17:37:49.236[Battery Energy]53.65
2020-01-28_17:37:49.392[Status]Routing 251: Walk: 97
2020-01-28_17:37:49.505[Battery Energy]53.56
2020-01-28_17:37:49.623[Status]Routing 252: Walk: 97
2020-01-28_17:37:49.724[Battery Energy]53.46
2020-01-28_17:37:49.871[Status]Routing 253: Walk: 97
2020-01-28_17:37:49.980[Battery Energy]53.36
2020-01-28_17:37:50.124[Status]Routing 254: Walk: 97
2020-01-28_17:37:50.233[Battery Energy]53.25
2020-01-28_17:37:50.379[Status]Routing 255: Walk: 97
2020-01-28_17:37:50.479[Battery Energy]53.14
2020-01-28_17:37:50.643[Status]Routing 256: Walk: 97
2020-01-28_17:37:50.761[Battery Energy]53.03
2020-01-28_17:37:50.881[Status]Routing 257: Walk: 97
2020-01-28_17:37:50.989[Battery Energy]52.94
2020-01-28_17:37:51.157[Status]Routing 258: Walk: 97
2020-01-28_17:37:51.258[Battery Energy]52.80
2020-01-28_17:37:51.426[Status]Routing 259: Walk: 97
2020-01-28_17:37:51.527[Battery Energy]52.67
2020-01-28_17:37:51.671[Status]Routing 260: Walk: 97
2020-01-28_17:37:51.785[Battery Energy]52.56
2020-01-28_17:37:51.943[Status]Routing 261: Walk: 97
2020-01-28_17:37:52.044[Battery Energy]52.45
2020-01-28_17:37:52.200[Status]Routing 262: Walk: 97
2020-01-28_17:37:52.301[Battery Energy]52.34
2020-01-28_17:37:52.456[Status]Routing 263: Walk: 97
2020-01-28_17:37:52.565[Battery Energy]52.23
2020-01-28_17:37:52.729[Status]Routing 264: Walk: 97
2020-01-28_17:37:52.831[Battery Energy]52.11
2020-01-28_17:37:52.995[Status]Routing 265: Walk: 97
2020-01-28_17:37:53.097[Battery Energy]52.02
2020-01-28_17:37:53.304[Status]Routing 266: Walk: 97
2020-01-28_17:37:53.409[Battery Energy]51.89
2020-01-28_17:37:53.560[Status]Routing 267: Walk: 97
2020-01-28_17:37:53.660[Battery Energy]51.80
2020-01-28_17:37:53.804[Status]Routing 268: Walk: 97
2020-01-28_17:37:53.904[Battery Energy]51.69
2020-01-28_17:37:54.054[Status]Routing 269: Walk: 97
2020-01-28_17:37:54.155[Battery Energy]51.57
2020-01-28_17:37:54.294[Status]Routing 270: Walk: 97
2020-01-28_17:37:54.394[Battery Energy]51.45
2020-01-28_17:37:54.530[Status]Routing 271: Walk: 97
2020-01-28_17:37:54.636[Battery Energy]51.35
2020-01-28_17:37:54.766[Status]Routing 272: Walk: 97
2020-01-28_17:37:54.866[Battery Energy]51.28
2020-01-28_17:37:55.016[Status]Routing 273: Walk: 97
2020-01-28_17:37:55.129[Battery Energy]51.15
2020-01-28_17:37:55.310[Status]Routing 274: Walk: 97
2020-01-28_17:37:55.417[Battery Energy]51.01
2020-01-28_17:37:55.565[Status]Routing 275: Walk: 97
2020-01-28_17:37:55.673[Battery Energy]50.89
2020-01-28_17:37:55.811[Status]Routing 276: Walk: 97
2020-01-28_17:37:55.925[Battery Energy]50.79
2020-01-28_17:37:56.096[Status]Routing 277: Walk: 97
2020-01-28_17:37:56.197[Battery Energy]50.68
2020-01-28_17:37:56.397[Status]Routing 278: Walk: 97
2020-01-28_17:37:56.504[Battery Energy]50.55
2020-01-28_17:37:56.632[Status]Routing 279: Walk: 97
2020-01-28_17:37:56.745[Battery Energy]50.46
2020-01-28_17:37:56.899[Status]Routing 280: Walk: 97
2020-01-28_17:37:57.000[Battery Energy]50.35
2020-01-28_17:37:57.148[Status]Routing 281: Walk: 97
2020-01-28_17:37:57.249[Battery Energy]50.22
2020-01-28_17:37:57.384[Status]Routing 282: Walk: 97
2020-01-28_17:37:57.486[Battery Energy]50.11
2020-01-28_17:37:57.635[Status]Routing 283: Walk: 97
2020-01-28_17:37:57.745[Battery Energy]50.01
2020-01-28_17:37:57.886[Status]Routing 284: Walk: 97
2020-01-28_17:37:57.993[Battery Energy]49.90
2020-01-28_17:37:58.167[Status]Routing 285: Walk: 97
2020-01-28_17:37:58.273[Battery Energy]49.77
2020-01-28_17:37:58.418[Status]Routing 286: Walk: 97
2020-01-28_17:37:58.519[Battery Energy]49.67
2020-01-28_17:37:58.672[Status]Routing 287: Walk: 97
2020-01-28_17:37:58.773[Battery Energy]49.55
2020-01-28_17:37:58.959[Status]Routing 288: Walk: 97
2020-01-28_17:37:59.069[Battery Energy]49.40
2020-01-28_17:37:59.235[Status]Routing 289: Walk: 97
2020-01-28_17:37:59.341[Battery Energy]49.28
2020-01-28_17:37:59.512[Status]Routing 290: Walk: 97
2020-01-28_17:37:59.617[Battery Energy]49.16
2020-01-28_17:37:59.763[Status]Routing 291: Walk: 97
2020-01-28_17:37:59.871[Battery Energy]49.03
2020-01-28_17:38:00.061[Status]Routing 292: Walk: 97
2020-01-28_17:38:00.169[Battery Energy]48.88
2020-01-28_17:38:00.298[Status]Routing 293: Walk: 97
2020-01-28_17:38:00.405[Battery Energy]48.77
2020-01-28_17:38:00.553[Status]Routing 294: Walk: 97
2020-01-28_17:38:00.661[Battery Energy]48.65
2020-01-28_17:38:00.807[Status]Routing 295: Walk: 97
2020-01-28_17:38:00.913[Battery Energy]48.54
2020-01-28_17:38:01.057[Status]Routing 296: Walk: 97
2020-01-28_17:38:01.169[Battery Energy]48.41
2020-01-28_17:38:01.282[Status]Routing 297: Walk: 97
2020-01-28_17:38:01.385[Battery Energy]48.33
2020-01-28_17:38:01.536[Status]Routing 298: Walk: 97
2020-01-28_17:38:01.645[Battery Energy]48.22
2020-01-28_17:38:01.781[Status]Routing 299: Walk: 97
2020-01-28_17:38:01.882[Battery Energy]48.12
2020-01-28_17:38:02.040[Status]Routing 300: Walk: 97
2020-01-28_17:38:02.149[Battery Energy]48.01
2020-01-28_17:38:02.314[Status]Routing 301: Walk: 97
2020-01-28_17:38:02.433[Battery Energy]47.90
2020-01-28_17:38:02.573[Status]Routing 302: Walk: 97
2020-01-28_17:38:02.677[Battery Energy]47.80
2020-01-28_17:38:02.814[Status]Routing 303: Walk: 97
2020-01-28_17:38:02.921[Battery Energy]47.69
2020-01-28_17:38:03.083[Status]Routing 304: Walk: 97
2020-01-28_17:38:03.183[Battery Energy]47.58
2020-01-28_17:38:03.313[Status]Routing 305: Walk: 97
2020-01-28_17:38:03.420[Battery Energy]47.48
2020-01-28_17:38:03.569[Status]Routing 306: Walk: 97
2020-01-28_17:38:03.669[Battery Energy]47.37
2020-01-28_17:38:03.801[Status]Routing 307: Walk: 97
2020-01-28_17:38:03.902[Battery Energy]47.26
2020-01-28_17:38:04.078[Status]Routing 308: Walk: 97
2020-01-28_17:38:04.179[Battery Energy]47.16
2020-01-28_17:38:04.330[Status]Routing 309: Walk: 97
2020-01-28_17:38:04.437[Battery Energy]47.06
2020-01-28_17:38:04.596[Status]Routing 310: Walk: 97
2020-01-28_17:38:04.709[Battery Energy]46.94
2020-01-28_17:38:04.875[Status]Routing 311: Walk: 97
2020-01-28_17:38:04.981[Battery Energy]46.81
2020-01-28_17:38:05.135[Status]Routing 312: Walk: 97
2020-01-28_17:38:05.253[Battery Energy]46.72
2020-01-28_17:38:05.375[Status]Routing 313: Walk: 97
2020-01-28_17:38:05.476[Battery Energy]46.62
2020-01-28_17:38:05.627[Status]Routing 314: Walk: 97
2020-01-28_17:38:05.729[Battery Energy]46.50
2020-01-28_17:38:05.904[Status]Routing 315: Walk: 97
2020-01-28_17:38:06.004[Battery Energy]46.38
2020-01-28_17:38:06.180[Status]Routing 316: Walk: 97
2020-01-28_17:38:06.293[Battery Energy]46.25
2020-01-28_17:38:06.423[Status]Routing 317: Walk: 97
2020-01-28_17:38:06.524[Battery Energy]46.17
2020-01-28_17:38:06.657[Status]Routing 318: Walk: 97
2020-01-28_17:38:06.759[Battery Energy]46.06
2020-01-28_17:38:06.912[Status]Routing 319: Walk: 97
2020-01-28_17:38:07.021[Battery Energy]45.93
2020-01-28_17:38:07.145[Status]Routing 320: Walk: 97
2020-01-28_17:38:07.249[Battery Energy]45.84
2020-01-28_17:38:07.386[Status]Routing 321: Walk: 97
2020-01-28_17:38:07.486[Battery Energy]45.75
2020-01-28_17:38:07.646[Status]Routing 322: Walk: 97
2020-01-28_17:38:07.747[Battery Energy]45.63
2020-01-28_17:38:07.892[Status]Routing 323: Walk: 97
2020-01-28_17:38:07.996[Battery Energy]45.51
2020-01-28_17:38:08.135[Status]Routing 324: Walk: 97
2020-01-28_17:38:08.236[Battery Energy]45.42
2020-01-28_17:38:08.404[Status]Routing 325: Walk: 97
2020-01-28_17:38:08.517[Battery Energy]45.28
2020-01-28_17:38:08.645[Status]Routing 326: Walk: 97
2020-01-28_17:38:08.753[Battery Energy]45.19
2020-01-28_17:38:08.884[Status]Routing 327: Walk: 97
2020-01-28_17:38:08.984[Battery Energy]45.10
2020-01-28_17:38:09.162[Status]Routing 328: Walk: 97
2020-01-28_17:38:09.277[Battery Energy]45.00
2020-01-28_17:38:09.408[Status]Routing 329: Walk: 97
2020-01-28_17:38:09.513[Battery Energy]44.91
2020-01-28_17:38:09.763[Status]Routing 330: Walk: 97
2020-01-28_17:38:09.864[Battery Energy]44.71
2020-01-28_17:38:10.003[Status]Routing 331: Walk: 97
2020-01-28_17:38:10.109[Battery Energy]44.62
2020-01-28_17:38:10.268[Status]Routing 332: Walk: 97
2020-01-28_17:38:10.368[Battery Energy]44.53
2020-01-28_17:38:10.542[Status]Routing 333: Walk: 97
2020-01-28_17:38:10.643[Battery Energy]44.42
2020-01-28_17:38:10.803[Status]Routing 334: Walk: 97
2020-01-28_17:38:10.903[Battery Energy]44.32
2020-01-28_17:38:11.045[Status]Routing 335: Walk: 97
2020-01-28_17:38:11.153[Battery Energy]44.23
2020-01-28_17:38:11.281[Status]Routing 336: Walk: 97
2020-01-28_17:38:11.393[Battery Energy]44.13
2020-01-28_17:38:11.539[Status]Routing 337: Walk: 97
2020-01-28_17:38:11.640[Battery Energy]44.01
2020-01-28_17:38:11.794[Status]Routing 338: Walk: 97
2020-01-28_17:38:11.905[Battery Energy]43.91
2020-01-28_17:38:12.057[Status]Routing 339: Walk: 97
2020-01-28_17:38:12.173[Battery Energy]43.80
2020-01-28_17:38:12.292[Status]Routing 340: Walk: 97
2020-01-28_17:38:12.399[Battery Energy]43.70
2020-01-28_17:38:12.572[Status]Routing 341: Walk: 97
2020-01-28_17:38:12.672[Battery Energy]43.56
2020-01-28_17:38:12.833[Status]Routing 342: Walk: 97
2020-01-28_17:38:12.933[Battery Energy]43.44
2020-01-28_17:38:13.069[Status]Routing 343: Walk: 97
2020-01-28_17:38:13.177[Battery Energy]43.34
2020-01-28_17:38:13.322[Status]Routing 344: Walk: 97
2020-01-28_17:38:13.433[Battery Energy]43.24
2020-01-28_17:38:13.549[Status]Routing 345: Walk: 97
2020-01-28_17:38:13.655[Battery Energy]43.13
2020-01-28_17:38:13.788[Status]Routing 346: Walk: 97
2020-01-28_17:38:13.894[Battery Energy]43.01
2020-01-28_17:38:14.020[Status]Routing 347: Walk: 97
2020-01-28_17:38:14.124[Battery Energy]42.91
2020-01-28_17:38:14.258[Status]Routing 348: Walk: 97
2020-01-28_17:38:14.358[Battery Energy]42.79
2020-01-28_17:38:14.486[Status]Routing 349: Walk: 97
2020-01-28_17:38:14.587[Battery Energy]42.70
2020-01-28_17:38:14.754[Status]Routing 350: Walk: 97
2020-01-28_17:38:14.854[Battery Energy]42.61
2020-01-28_17:38:15.024[Status]Routing 351: Walk: 97
2020-01-28_17:38:15.133[Battery Energy]42.51
2020-01-28_17:38:15.262[Status]Routing 352: Walk: 97
2020-01-28_17:38:15.381[Battery Energy]42.40
2020-01-28_17:38:15.511[Status]Routing 353: Walk: 97
2020-01-28_17:38:15.617[Battery Energy]42.29
2020-01-28_17:38:15.798[Status]Routing 354: Walk: 97
2020-01-28_17:38:15.901[Battery Energy]42.18
2020-01-28_17:38:16.027[Status]Routing 355: Walk: 97
2020-01-28_17:38:16.137[Battery Energy]42.07
2020-01-28_17:38:16.284[Status]Routing 356: Walk: 97
2020-01-28_17:38:16.393[Battery Energy]41.98
2020-01-28_17:38:16.525[Status]Routing 357: Walk: 97
2020-01-28_17:38:16.629[Battery Energy]41.89
2020-01-28_17:38:16.776[Status]Routing 358: Walk: 97
2020-01-28_17:38:16.885[Battery Energy]41.79
2020-01-28_17:38:17.039[Status]Routing 359: Walk: 97
2020-01-28_17:38:17.153[Battery Energy]41.68
2020-01-28_17:38:17.347[Status]Routing 360: Walk: 97
2020-01-28_17:38:17.457[Battery Energy]41.57
2020-01-28_17:38:17.638[Status]Routing 361: Walk: 97
2020-01-28_17:38:17.749[Battery Energy]41.46
2020-01-28_17:38:17.934[Status]Routing 362: Walk: 97
2020-01-28_17:38:18.034[Battery Energy]41.35
2020-01-28_17:38:18.190[Status]Routing 363: Walk: 97
2020-01-28_17:38:18.291[Battery Energy]41.22
2020-01-28_17:38:18.460[Status]Routing 364: Walk: 97
2020-01-28_17:38:18.569[Battery Energy]41.11
2020-01-28_17:38:18.708[Status]Routing 365: Walk: 97
2020-01-28_17:38:18.812[Battery Energy]41.02
2020-01-28_17:38:18.978[Status]Routing 366: Walk: 97
2020-01-28_17:38:19.085[Battery Energy]40.89
2020-01-28_17:38:19.263[Status]Routing 367: Walk: 97
2020-01-28_17:38:19.363[Battery Energy]40.76
2020-01-28_17:38:19.503[Status]Routing 368: Walk: 97
2020-01-28_17:38:19.605[Battery Energy]40.65
2020-01-28_17:38:19.742[Status]Routing 369: Walk: 97
2020-01-28_17:38:19.845[Battery Energy]40.54
2020-01-28_17:38:20.075[Status]Routing 370: Walk: 97
2020-01-28_17:38:20.176[Battery Energy]40.39
2020-01-28_17:38:20.326[Status]Routing 371: Walk: 97
2020-01-28_17:38:20.426[Battery Energy]40.29
2020-01-28_17:38:20.573[Status]Routing 372: Walk: 97
2020-01-28_17:38:20.681[Battery Energy]40.18
2020-01-28_17:38:20.848[Status]Routing 373: Walk: 97
2020-01-28_17:38:20.950[Battery Energy]40.07
2020-01-28_17:38:21.103[Status]Routing 374: Walk: 97
2020-01-28_17:38:21.213[Battery Energy]39.94
2020-01-28_17:38:21.403[Status]Routing 375: Walk: 97
2020-01-28_17:38:21.510[Battery Energy]39.81
2020-01-28_17:38:21.660[Status]Routing 376: Walk: 97
2020-01-28_17:38:21.760[Battery Energy]39.69
