2020-01-29_15:05:10.218[Status]Start.
2020-01-29_15:05:10.218[Battery Energy]52.00
2020-01-29_15:05:11.319[Battery Energy]51.96
2020-01-29_15:05:12.421[Battery Energy]51.92
2020-01-29_15:05:13.526[Battery Energy]51.88
2020-01-29_15:05:14.627[Battery Energy]51.84
2020-01-29_15:05:15.727[Task]A New Task Released.
2020-01-29_15:05:15.728[Battery Energy]51.80
2020-01-29_15:05:15.728[Status]Selection Start.
2020-01-29_15:05:16.336[Status]Selection End: Do Task 2.
2020-01-29_15:05:16.444[Battery Energy]51.44
2020-01-29_15:05:16.444[Status]Formation Start.
2020-01-29_15:05:16.583[Status]number of tasks is 7
2020-01-29_15:05:16.590[Status]my group tasks is [ 1059.42353462   243.24495385]
2020-01-29_15:05:16.601[Status]my group tasks is [ 1011.93217925   205.37186174]
2020-01-29_15:05:16.608[Status]my group tasks is [ 1011.93217925   144.62813826]
2020-01-29_15:05:16.618[Status]my group tasks is [ 1059.42353462   106.75504615]
2020-01-29_15:05:16.619[Status]my group tasks is [ 1118.64428613   120.27179623]
2020-01-29_15:05:16.626[Status]my group tasks is [ 1145.   175.]
2020-01-29_15:05:16.630[Status]my group tasks is [ 1118.64428613   229.72820377]
2020-01-29_15:05:16.664[Status]mygroup_robots_utility is {16: [19.247250441764223, 17.395348126337225, 19.33831635617752, 36.91913689990584, 16.903073317820045, 17.262887125856068, 36.54866766480051], 17: [16.97375474055378, 17.814939814308204, 18.74165202747694, 17.64141212789156, 38.70088263908289, 33.80614663564009, 18.89841801033687], 18: [16.250667882593444, 17.152403697882868, 34.4881626813195, 16.148700636526105, 17.68166211155863, 15.45402160644371, 15.495679151881136], 19: [16.865664453631908, 17.10047208572468, 16.13422941977356, 17.456243229697087, 15.34422157139463, 15.237289542825017, 31.745421286886895], 20: [33.99275725518828, 34.863639127432926, 19.401548273682277, 38.82053338740311, 17.419153351531307, 18.480449203124994, 18.46272628261526], 14: [19.25042205772139, 33.66120709713903, 18.367553948532393, 19.173556274237864, 18.211180372264923, 34.39847285795922, 34.6221498090874], 15: [19.500218786406844, 35.9141237006315, 18.418051916137568, 19.525693071952833, 20.508399353081842, 20.495826797270297, 36.79980459125338]}
2020-01-29_15:05:16.664[Status]self.local_queue is [14, 15, 16, 17, 18, 19, 20]
2020-01-29_15:05:16.664[Status]task_chosen index is 6
2020-01-29_15:05:16.664[Status]task_chosen index is 1
2020-01-29_15:05:16.664[Status]task_chosen index is 3
2020-01-29_15:05:16.664[Status]task_chosen index is 4
2020-01-29_15:05:16.664[Status]task_chosen index is 2
2020-01-29_15:05:16.664[Status]task_chosen index is 0
2020-01-29_15:05:16.664[Status]task_chosen index is 5
2020-01-29_15:05:16.664[Status]myindex_in_queue is 5
2020-01-29_15:05:16.664[Status]task destination is [1059.423534623058, 106.75504614727235]
2020-01-29_15:05:16.765[Battery Energy]51.30
2020-01-29_15:05:16.765[Status]Routing Start.
2020-01-29_15:05:16.905[Status]{'coordinate': [75.98105014461872, 167.38466431063475], 'id': 20}
2020-01-29_15:05:16.905[Status]Routing 1: Walk: 1
2020-01-29_15:05:17.022[Battery Energy]51.08
2020-01-29_15:05:17.022[Status]Routing Start.
2020-01-29_15:05:17.126[Status]{'coordinate': [85.96210028923744, 166.7693286212695], 'id': 20}
2020-01-29_15:05:17.127[Status]Routing 2: Walk: 2
2020-01-29_15:05:17.227[Battery Energy]50.89
2020-01-29_15:05:17.227[Status]Routing Start.
2020-01-29_15:05:17.370[Status]{'coordinate': [95.94315043385616, 166.15399293190424], 'id': 20}
2020-01-29_15:05:17.370[Status]Routing 3: Walk: 3
2020-01-29_15:05:17.481[Battery Energy]50.68
2020-01-29_15:05:17.481[Status]Routing Start.
2020-01-29_15:05:17.611[Status]{'coordinate': [105.92420057847488, 165.538657242539], 'id': 20}
2020-01-29_15:05:17.611[Status]Routing 4: Walk: 4
2020-01-29_15:05:17.721[Battery Energy]50.48
2020-01-29_15:05:17.721[Status]Routing Start.
2020-01-29_15:05:17.867[Status]{'coordinate': [115.9052507230936, 164.92332155317374], 'id': 20}
2020-01-29_15:05:17.867[Status]Routing 5: Walk: 5
2020-01-29_15:05:17.967[Battery Energy]50.28
2020-01-29_15:05:17.967[Status]Routing Start.
2020-01-29_15:05:18.111[Status]{'coordinate': [125.88630086771232, 164.30798586380848], 'id': 20}
2020-01-29_15:05:18.112[Status]Routing 6: Walk: 6
2020-01-29_15:05:18.222[Battery Energy]50.07
2020-01-29_15:05:18.222[Status]Routing Start.
2020-01-29_15:05:18.522[Status]{'coordinate': [135.86735101233106, 163.69265017444323], 'id': 20}
2020-01-29_15:05:18.523[Status]Routing 7: Walk: 7
2020-01-29_15:05:18.623[Battery Energy]49.78
2020-01-29_15:05:18.623[Status]Routing Start.
2020-01-29_15:05:19.089[Status]Routing 8: Walk: 7
2020-01-29_15:05:19.191[Battery Energy]49.38
2020-01-29_15:05:19.191[Status]Routing Start.
2020-01-29_15:05:19.492[Status]Routing 9: Walk: 7
2020-01-29_15:05:19.595[Battery Energy]49.11
2020-01-29_15:05:19.595[Status]Routing Start.
2020-01-29_15:05:19.889[Status]Routing 10: Walk: 7
2020-01-29_15:05:19.994[Battery Energy]48.83
2020-01-29_15:05:19.994[Status]Routing Start.
2020-01-29_15:05:20.407[Status]Routing 11: Walk: 7
2020-01-29_15:05:20.514[Battery Energy]48.45
2020-01-29_15:05:20.514[Status]Routing Start.
2020-01-29_15:05:20.649[Status]{'coordinate': [145.8484011569498, 163.07731448507798], 'id': 20}
2020-01-29_15:05:20.650[Status]Routing 12: Walk: 8
2020-01-29_15:05:20.758[Battery Energy]48.23
2020-01-29_15:05:20.762[Status]Routing Start.
2020-01-29_15:05:21.255[Status]Routing 13: Walk: 8
2020-01-29_15:05:21.363[Battery Energy]47.78
2020-01-29_15:05:21.363[Status]Routing Start.
2020-01-29_15:05:21.647[Status]Routing 14: Walk: 8
2020-01-29_15:05:21.747[Battery Energy]47.48
2020-01-29_15:05:21.747[Status]Routing Start.
2020-01-29_15:05:22.075[Status]Routing 15: Walk: 8
2020-01-29_15:05:22.176[Battery Energy]47.20
2020-01-29_15:05:22.176[Status]Routing Start.
2020-01-29_15:05:22.311[Status]{'coordinate': [155.82945130156853, 162.46197879571272], 'id': 20}
2020-01-29_15:05:22.312[Status]Routing 16: Walk: 9
2020-01-29_15:05:22.412[Battery Energy]47.01
2020-01-29_15:05:22.412[Status]Routing Start.
2020-01-29_15:05:22.734[Status]{'coordinate': [165.81050144618726, 161.84664310634747], 'id': 20}
2020-01-29_15:05:22.734[Status]Routing 17: Walk: 10
2020-01-29_15:05:22.834[Battery Energy]46.69
2020-01-29_15:05:22.834[Status]Routing Start.
2020-01-29_15:05:23.131[Status]{'coordinate': [175.79155159080597, 161.23130741698222], 'id': 20}
2020-01-29_15:05:23.131[Status]Routing 18: Walk: 11
2020-01-29_15:05:23.246[Battery Energy]46.38
2020-01-29_15:05:23.246[Status]Routing Start.
2020-01-29_15:05:23.511[Status]{'coordinate': [185.7726017354247, 160.61597172761697], 'id': 20}
2020-01-29_15:05:23.512[Status]Routing 19: Walk: 12
2020-01-29_15:05:23.615[Battery Energy]46.10
2020-01-29_15:05:23.615[Status]Routing Start.
2020-01-29_15:05:23.895[Status]{'coordinate': [195.75365188004344, 160.0006360382517], 'id': 20}
2020-01-29_15:05:23.895[Status]Routing 20: Walk: 13
2020-01-29_15:05:23.998[Battery Energy]45.82
2020-01-29_15:05:23.998[Status]Routing Start.
2020-01-29_15:05:24.349[Status]{'coordinate': [205.73470202466217, 159.38530034888646], 'id': 20}
2020-01-29_15:05:24.350[Status]Routing 21: Walk: 14
2020-01-29_15:05:24.450[Battery Energy]45.43
2020-01-29_15:05:24.450[Status]Routing Start.
2020-01-29_15:05:24.582[Status]{'coordinate': [215.7157521692809, 158.7699646595212], 'id': 20}
2020-01-29_15:05:24.585[Status]Routing 22: Walk: 15
2020-01-29_15:05:24.701[Battery Energy]45.24
2020-01-29_15:05:24.701[Status]Routing Start.
2020-01-29_15:05:24.822[Status]{'coordinate': [225.69680231389964, 158.15462897015595], 'id': 20}
2020-01-29_15:05:24.823[Status]Routing 23: Walk: 16
2020-01-29_15:05:24.934[Battery Energy]45.04
2020-01-29_15:05:24.934[Status]Routing Start.
2020-01-29_15:05:25.206[Status]{'coordinate': [235.67785245851837, 157.5392932807907], 'id': 20}
2020-01-29_15:05:25.208[Status]Routing 24: Walk: 17
2020-01-29_15:05:25.322[Battery Energy]44.75
2020-01-29_15:05:25.322[Status]Routing Start.
2020-01-29_15:05:25.464[Status]{'coordinate': [245.6589026031371, 156.92395759142545], 'id': 20}
2020-01-29_15:05:25.464[Status]Routing 25: Walk: 18
2020-01-29_15:05:25.565[Battery Energy]44.57
2020-01-29_15:05:25.565[Status]Routing Start.
2020-01-29_15:05:25.738[Status]{'coordinate': [255.63995274775584, 156.3086219020602], 'id': 20}
2020-01-29_15:05:25.738[Status]Routing 26: Walk: 19
2020-01-29_15:05:25.838[Battery Energy]44.37
2020-01-29_15:05:25.838[Status]Routing Start.
2020-01-29_15:05:25.998[Status]{'coordinate': [265.6210028923746, 155.69328621269494], 'id': 20}
2020-01-29_15:05:25.998[Status]Routing 27: Walk: 20
2020-01-29_15:05:26.098[Battery Energy]44.16
2020-01-29_15:05:26.098[Status]Routing Start.
2020-01-29_15:05:26.248[Status]{'coordinate': [275.6020530369933, 155.07795052332972], 'id': 20}
2020-01-29_15:05:26.248[Status]Routing 28: Walk: 21
2020-01-29_15:05:26.348[Battery Energy]43.94
2020-01-29_15:05:26.348[Status]Routing Start.
2020-01-29_15:05:26.504[Status]{'coordinate': [285.58310318161205, 154.46261483396447], 'id': 20}
2020-01-29_15:05:26.504[Status]Routing 29: Walk: 22
2020-01-29_15:05:26.606[Battery Energy]43.74
2020-01-29_15:05:26.606[Status]Routing Start.
2020-01-29_15:05:26.886[Status]{'coordinate': [295.5641533262308, 153.8472791445992], 'id': 20}
2020-01-29_15:05:26.886[Status]Routing 30: Walk: 23
2020-01-29_15:05:27.006[Battery Energy]43.44
2020-01-29_15:05:27.006[Status]Routing Start.
2020-01-29_15:05:27.317[Status]{'coordinate': [305.5452034708495, 153.231943455234], 'id': 20}
2020-01-29_15:05:27.321[Status]Routing 31: Walk: 24
2020-01-29_15:05:27.426[Battery Energy]43.10
2020-01-29_15:05:27.426[Status]Routing Start.
2020-01-29_15:05:27.702[Status]{'coordinate': [315.52625361546825, 152.61660776586874], 'id': 20}
2020-01-29_15:05:27.702[Status]Routing 32: Walk: 25
2020-01-29_15:05:27.810[Battery Energy]42.80
2020-01-29_15:05:27.810[Status]Routing Start.
2020-01-29_15:05:28.140[Status]{'coordinate': [325.507303760087, 152.0012720765035], 'id': 20}
2020-01-29_15:05:28.140[Status]Routing 33: Walk: 26
2020-01-29_15:05:28.241[Battery Energy]42.48
2020-01-29_15:05:28.241[Status]Routing Start.
2020-01-29_15:05:28.539[Status]{'coordinate': [335.4883539047057, 151.38593638713826], 'id': 20}
2020-01-29_15:05:28.541[Status]Routing 34: Walk: 27
2020-01-29_15:05:28.641[Battery Energy]42.15
2020-01-29_15:05:28.641[Status]Routing Start.
2020-01-29_15:05:28.936[Status]{'coordinate': [345.46940404932445, 150.77060069777303], 'id': 20}
2020-01-29_15:05:28.937[Status]Routing 35: Walk: 28
2020-01-29_15:05:29.042[Battery Energy]41.81
2020-01-29_15:05:29.042[Status]Routing Start.
2020-01-29_15:05:29.186[Status]{'coordinate': [355.4504541939432, 150.15526500840778], 'id': 20}
2020-01-29_15:05:29.186[Status]Routing 36: Walk: 29
2020-01-29_15:05:29.298[Battery Energy]41.61
2020-01-29_15:05:29.298[Status]Routing Start.
2020-01-29_15:05:29.514[Status]{'coordinate': [365.4315043385619, 149.53992931904253], 'id': 20}
2020-01-29_15:05:29.517[Status]Routing 37: Walk: 30
2020-01-29_15:05:29.617[Battery Energy]41.35
2020-01-29_15:05:29.617[Status]Routing Start.
2020-01-29_15:05:29.918[Status]{'coordinate': [375.41255448318066, 148.9245936296773], 'id': 20}
2020-01-29_15:05:29.919[Status]Routing 38: Walk: 31
2020-01-29_15:05:30.020[Battery Energy]41.08
2020-01-29_15:05:30.020[Status]Routing Start.
2020-01-29_15:05:30.356[Status]{'coordinate': [385.3936046277994, 148.30925794031208], 'id': 20}
2020-01-29_15:05:30.356[Status]Routing 39: Walk: 32
2020-01-29_15:05:30.470[Battery Energy]40.74
2020-01-29_15:05:30.470[Status]Routing Start.
2020-01-29_15:05:30.793[Status]{'coordinate': [395.3746547724181, 147.69392225094683], 'id': 20}
2020-01-29_15:05:30.793[Status]Routing 40: Walk: 33
2020-01-29_15:05:30.893[Battery Energy]40.42
2020-01-29_15:05:30.893[Status]Routing Start.
2020-01-29_15:05:31.117[Status]{'coordinate': [405.35570491703686, 147.07858656158157], 'id': 20}
2020-01-29_15:05:31.117[Status]Routing 41: Walk: 34
2020-01-29_15:05:31.234[Battery Energy]40.16
2020-01-29_15:05:31.234[Status]Routing Start.
2020-01-29_15:05:31.353[Status]{'coordinate': [415.3367550616556, 146.46325087221635], 'id': 20}
2020-01-29_15:05:31.354[Status]Routing 42: Walk: 35
2020-01-29_15:05:31.454[Battery Energy]39.97
2020-01-29_15:05:31.454[Status]Routing Start.
2020-01-29_15:05:31.757[Status]{'coordinate': [425.31780520627433, 145.84791518285112], 'id': 20}
2020-01-29_15:05:31.757[Status]Routing 43: Walk: 36
2020-01-29_15:05:31.872[Battery Energy]39.65
2020-01-29_15:05:31.872[Status]Routing Start.
2020-01-29_15:05:32.003[Status]{'coordinate': [435.29885535089306, 145.23257949348587], 'id': 20}
2020-01-29_15:05:32.003[Status]Routing 44: Walk: 37
2020-01-29_15:05:32.106[Battery Energy]39.43
2020-01-29_15:05:32.106[Status]Routing Start.
2020-01-29_15:05:32.437[Status]{'coordinate': [445.2799054955118, 144.61724380412062], 'id': 20}
2020-01-29_15:05:32.437[Status]Routing 45: Walk: 38
2020-01-29_15:05:32.537[Battery Energy]39.10
2020-01-29_15:05:32.537[Status]Routing Start.
2020-01-29_15:05:32.676[Status]{'coordinate': [455.26095564013053, 144.0019081147554], 'id': 20}
2020-01-29_15:05:32.676[Status]Routing 46: Walk: 39
2020-01-29_15:05:32.778[Battery Energy]38.87
2020-01-29_15:05:32.778[Status]Routing Start.
2020-01-29_15:05:32.913[Status]{'coordinate': [465.24200578474927, 143.38657242539017], 'id': 20}
2020-01-29_15:05:32.913[Status]Routing 47: Walk: 40
2020-01-29_15:05:33.015[Battery Energy]38.67
2020-01-29_15:05:33.015[Status]Routing Start.
2020-01-29_15:05:33.147[Status]{'coordinate': [475.223055929368, 142.77123673602492], 'id': 20}
2020-01-29_15:05:33.148[Status]Routing 48: Walk: 41
2020-01-29_15:05:33.266[Battery Energy]38.45
2020-01-29_15:05:33.266[Status]Routing Start.
2020-01-29_15:05:33.387[Status]{'coordinate': [485.20410607398674, 142.15590104665966], 'id': 20}
2020-01-29_15:05:33.387[Status]Routing 49: Walk: 42
2020-01-29_15:05:33.510[Battery Energy]38.25
2020-01-29_15:05:33.510[Status]Routing Start.
2020-01-29_15:05:33.640[Status]{'coordinate': [495.18515621860547, 141.54056535729444], 'id': 20}
2020-01-29_15:05:33.640[Status]Routing 50: Walk: 43
2020-01-29_15:05:33.754[Battery Energy]38.08
2020-01-29_15:05:33.754[Status]Routing Start.
2020-01-29_15:05:33.915[Status]{'coordinate': [505.1662063632242, 140.9252296679292], 'id': 20}
2020-01-29_15:05:33.915[Status]Routing 51: Walk: 44
2020-01-29_15:05:34.015[Battery Energy]37.88
2020-01-29_15:05:34.015[Status]Routing Start.
2020-01-29_15:05:34.151[Status]{'coordinate': [515.1472565078429, 140.30989397856393], 'id': 20}
2020-01-29_15:05:34.151[Status]Routing 52: Walk: 45
2020-01-29_15:05:34.251[Battery Energy]37.67
2020-01-29_15:05:34.251[Status]Routing Start.
2020-01-29_15:05:34.415[Status]{'coordinate': [525.1283066524617, 139.6945582891987], 'id': 20}
2020-01-29_15:05:34.415[Status]Routing 53: Walk: 46
2020-01-29_15:05:34.515[Battery Energy]37.46
2020-01-29_15:05:34.515[Status]Routing Start.
2020-01-29_15:05:34.840[Status]{'coordinate': [535.1093567970804, 139.07922259983349], 'id': 20}
2020-01-29_15:05:34.841[Status]Routing 54: Walk: 47
2020-01-29_15:05:34.954[Battery Energy]37.19
2020-01-29_15:05:34.954[Status]Routing Start.
2020-01-29_15:05:35.277[Status]{'coordinate': [545.0904069416991, 138.46388691046823], 'id': 20}
2020-01-29_15:05:35.277[Status]Routing 55: Walk: 48
2020-01-29_15:05:35.386[Battery Energy]36.88
2020-01-29_15:05:35.386[Status]Routing Start.
2020-01-29_15:05:35.678[Status]{'coordinate': [555.0714570863179, 137.84855122110298], 'id': 20}
2020-01-29_15:05:35.678[Status]Routing 56: Walk: 49
2020-01-29_15:05:35.778[Battery Energy]36.59
2020-01-29_15:05:35.778[Status]Routing Start.
2020-01-29_15:05:36.065[Status]{'coordinate': [565.0525072309366, 137.23321553173776], 'id': 20}
2020-01-29_15:05:36.065[Status]Routing 57: Walk: 50
2020-01-29_15:05:36.174[Battery Energy]36.31
2020-01-29_15:05:36.174[Status]Routing Start.
2020-01-29_15:05:36.493[Status]{'coordinate': [575.0335573755553, 136.61787984237253], 'id': 20}
2020-01-29_15:05:36.493[Status]Routing 58: Walk: 51
2020-01-29_15:05:36.593[Battery Energy]35.99
2020-01-29_15:05:36.593[Status]Routing Start.
2020-01-29_15:05:36.908[Status]{'coordinate': [585.0146075201741, 136.00254415300728], 'id': 20}
2020-01-29_15:05:36.908[Status]Routing 59: Walk: 52
2020-01-29_15:05:37.014[Battery Energy]35.68
2020-01-29_15:05:37.014[Status]Routing Start.
2020-01-29_15:05:37.338[Status]{'coordinate': [594.9956576647928, 135.38720846364203], 'id': 20}
2020-01-29_15:05:37.338[Status]Routing 60: Walk: 53
2020-01-29_15:05:37.438[Battery Energy]35.38
2020-01-29_15:05:37.438[Status]Routing Start.
2020-01-29_15:05:37.571[Status]{'coordinate': [604.9767078094116, 134.7718727742768], 'id': 20}
2020-01-29_15:05:37.571[Status]Routing 61: Walk: 54
2020-01-29_15:05:37.672[Battery Energy]35.16
2020-01-29_15:05:37.672[Status]Routing Start.
2020-01-29_15:05:37.927[Status]{'coordinate': [614.9577579540303, 134.15653708491155], 'id': 20}
2020-01-29_15:05:37.927[Status]Routing 62: Walk: 55
2020-01-29_15:05:38.030[Battery Energy]34.89
2020-01-29_15:05:38.030[Status]Routing Start.
2020-01-29_15:05:38.179[Status]{'coordinate': [624.938808098649, 133.54120139554632], 'id': 20}
2020-01-29_15:05:38.179[Status]Routing 63: Walk: 56
2020-01-29_15:05:38.298[Battery Energy]34.68
2020-01-29_15:05:38.298[Status]Routing Start.
2020-01-29_15:05:38.417[Status]{'coordinate': [634.9198582432678, 132.92586570618107], 'id': 20}
2020-01-29_15:05:38.417[Status]Routing 64: Walk: 57
2020-01-29_15:05:38.521[Battery Energy]34.48
2020-01-29_15:05:38.521[Status]Routing Start.
2020-01-29_15:05:38.656[Status]{'coordinate': [644.9009083878865, 132.31053001681585], 'id': 20}
2020-01-29_15:05:38.657[Status]Routing 65: Walk: 58
2020-01-29_15:05:38.762[Battery Energy]34.29
2020-01-29_15:05:38.762[Status]Routing Start.
2020-01-29_15:05:38.923[Status]{'coordinate': [654.8819585325052, 131.6951943274506], 'id': 20}
2020-01-29_15:05:38.924[Status]Routing 66: Walk: 59
2020-01-29_15:05:39.024[Battery Energy]34.07
2020-01-29_15:05:39.025[Status]Routing Start.
2020-01-29_15:05:39.176[Status]{'coordinate': [664.863008677124, 131.07985863808537], 'id': 20}
2020-01-29_15:05:39.176[Status]Routing 67: Walk: 60
2020-01-29_15:05:39.281[Battery Energy]33.86
2020-01-29_15:05:39.281[Status]Routing Start.
2020-01-29_15:05:39.413[Status]{'coordinate': [674.8440588217427, 130.46452294872012], 'id': 20}
2020-01-29_15:05:39.413[Status]Routing 68: Walk: 61
2020-01-29_15:05:39.515[Battery Energy]33.66
2020-01-29_15:05:39.515[Status]Routing Start.
2020-01-29_15:05:39.667[Status]{'coordinate': [684.8251089663614, 129.8491872593549], 'id': 20}
2020-01-29_15:05:39.667[Status]Routing 69: Walk: 62
2020-01-29_15:05:39.778[Battery Energy]33.44
2020-01-29_15:05:39.778[Status]Routing Start.
2020-01-29_15:05:39.894[Status]{'coordinate': [694.8061591109802, 129.23385156998964], 'id': 20}
2020-01-29_15:05:39.894[Status]Routing 70: Walk: 63
2020-01-29_15:05:39.994[Battery Energy]33.26
2020-01-29_15:05:39.994[Status]Routing Start.
2020-01-29_15:05:40.157[Status]{'coordinate': [704.7872092555989, 128.6185158806244], 'id': 20}
2020-01-29_15:05:40.158[Status]Routing 71: Walk: 64
2020-01-29_15:05:40.268[Battery Energy]33.03
2020-01-29_15:05:40.268[Status]Routing Start.
2020-01-29_15:05:40.396[Status]{'coordinate': [714.7682594002176, 128.00318019125916], 'id': 20}
2020-01-29_15:05:40.397[Status]Routing 72: Walk: 65
2020-01-29_15:05:40.510[Battery Energy]32.83
2020-01-29_15:05:40.510[Status]Routing Start.
2020-01-29_15:05:40.648[Status]{'coordinate': [724.7493095448364, 127.38784450189392], 'id': 20}
2020-01-29_15:05:40.648[Status]Routing 73: Walk: 66
2020-01-29_15:05:40.758[Battery Energy]32.62
2020-01-29_15:05:40.758[Status]Routing Start.
2020-01-29_15:05:40.876[Status]{'coordinate': [734.7303596894551, 126.77250881252868], 'id': 20}
2020-01-29_15:05:40.876[Status]Routing 74: Walk: 67
2020-01-29_15:05:40.976[Battery Energy]32.42
2020-01-29_15:05:40.976[Status]Routing Start.
2020-01-29_15:05:41.134[Status]{'coordinate': [744.7114098340738, 126.15717312316345], 'id': 20}
2020-01-29_15:05:41.134[Status]Routing 75: Walk: 68
2020-01-29_15:05:41.234[Battery Energy]32.20
2020-01-29_15:05:41.234[Status]Routing Start.
2020-01-29_15:05:41.429[Status]{'coordinate': [754.6924599786926, 125.54183743379821], 'id': 20}
2020-01-29_15:05:41.429[Status]Routing 76: Walk: 69
2020-01-29_15:05:41.529[Battery Energy]32.00
2020-01-29_15:05:41.529[Status]Routing Start.
2020-01-29_15:05:41.695[Status]{'coordinate': [764.6735101233113, 124.92650174443297], 'id': 20}
2020-01-29_15:05:41.697[Status]Routing 77: Walk: 70
2020-01-29_15:05:41.802[Battery Energy]31.77
2020-01-29_15:05:41.802[Status]Routing Start.
2020-01-29_15:05:41.942[Status]{'coordinate': [774.65456026793, 124.31116605506773], 'id': 20}
2020-01-29_15:05:41.942[Status]Routing 78: Walk: 71
2020-01-29_15:05:42.050[Battery Energy]31.55
2020-01-29_15:05:42.050[Status]Routing Start.
2020-01-29_15:05:42.176[Status]{'coordinate': [784.6356104125488, 123.69583036570249], 'id': 20}
2020-01-29_15:05:42.176[Status]Routing 79: Walk: 72
2020-01-29_15:05:42.276[Battery Energy]31.36
2020-01-29_15:05:42.276[Status]Routing Start.
2020-01-29_15:05:42.429[Status]{'coordinate': [794.6166605571675, 123.08049467633725], 'id': 20}
2020-01-29_15:05:42.429[Status]Routing 80: Walk: 73
2020-01-29_15:05:42.529[Battery Energy]31.16
2020-01-29_15:05:42.530[Status]Routing Start.
2020-01-29_15:05:42.686[Status]{'coordinate': [804.5977107017862, 122.46515898697201], 'id': 20}
2020-01-29_15:05:42.687[Status]Routing 81: Walk: 74
2020-01-29_15:05:42.787[Battery Energy]30.95
2020-01-29_15:05:42.787[Status]Routing Start.
2020-01-29_15:05:42.936[Status]{'coordinate': [814.578760846405, 121.84982329760678], 'id': 20}
2020-01-29_15:05:42.940[Status]Routing 82: Walk: 75
2020-01-29_15:05:43.044[Battery Energy]30.75
2020-01-29_15:05:43.044[Status]Routing Start.
2020-01-29_15:05:43.353[Status]{'coordinate': [824.5598109910237, 121.23448760824154], 'id': 20}
2020-01-29_15:05:43.354[Status]Routing 83: Walk: 76
2020-01-29_15:05:43.466[Battery Energy]30.45
2020-01-29_15:05:43.466[Status]Routing Start.
2020-01-29_15:05:43.726[Status]{'coordinate': [834.5408611356424, 120.6191519188763], 'id': 20}
2020-01-29_15:05:43.726[Status]Routing 84: Walk: 77
2020-01-29_15:05:43.833[Battery Energy]30.16
2020-01-29_15:05:43.833[Status]Routing Start.
2020-01-29_15:05:43.969[Status]{'coordinate': [844.5219112802612, 120.00381622951106], 'id': 20}
2020-01-29_15:05:43.969[Status]Routing 85: Walk: 78
2020-01-29_15:05:44.086[Battery Energy]29.95
2020-01-29_15:05:44.086[Status]Routing Start.
2020-01-29_15:05:44.211[Status]{'coordinate': [854.5029614248799, 119.38848054014582], 'id': 20}
2020-01-29_15:05:44.211[Status]Routing 86: Walk: 79
2020-01-29_15:05:44.311[Battery Energy]29.75
2020-01-29_15:05:44.311[Status]Routing Start.
2020-01-29_15:05:44.622[Status]{'coordinate': [864.4840115694986, 118.77314485078058], 'id': 20}
2020-01-29_15:05:44.623[Status]Routing 87: Walk: 80
2020-01-29_15:05:44.723[Battery Energy]29.43
2020-01-29_15:05:44.723[Status]Routing Start.
2020-01-29_15:05:45.066[Status]{'coordinate': [874.4650617141174, 118.15780916141534], 'id': 20}
2020-01-29_15:05:45.066[Status]Routing 88: Walk: 81
2020-01-29_15:05:45.168[Battery Energy]29.09
2020-01-29_15:05:45.168[Status]Routing Start.
2020-01-29_15:05:45.473[Status]{'coordinate': [884.4461118587361, 117.5424734720501], 'id': 20}
2020-01-29_15:05:45.474[Status]Routing 89: Walk: 82
2020-01-29_15:05:45.576[Battery Energy]28.78
2020-01-29_15:05:45.576[Status]Routing Start.
2020-01-29_15:05:45.847[Status]{'coordinate': [894.4271620033549, 116.92713778268487], 'id': 20}
2020-01-29_15:05:45.847[Status]Routing 90: Walk: 83
2020-01-29_15:05:45.966[Battery Energy]28.52
2020-01-29_15:05:45.966[Status]Routing Start.
2020-01-29_15:05:46.088[Status]{'coordinate': [904.4082121479736, 116.31180209331963], 'id': 20}
2020-01-29_15:05:46.088[Status]Routing 91: Walk: 84
2020-01-29_15:05:46.206[Battery Energy]28.34
2020-01-29_15:05:46.206[Status]Routing Start.
2020-01-29_15:05:46.328[Status]{'coordinate': [914.3892622925923, 115.69646640395439], 'id': 20}
2020-01-29_15:05:46.328[Status]Routing 92: Walk: 85
2020-01-29_15:05:46.428[Battery Energy]28.14
2020-01-29_15:05:46.428[Status]Routing Start.
2020-01-29_15:05:46.763[Status]{'coordinate': [924.370312437211, 115.08113071458915], 'id': 20}
2020-01-29_15:05:46.763[Status]Routing 93: Walk: 86
2020-01-29_15:05:46.893[Battery Energy]27.82
2020-01-29_15:05:46.893[Status]Routing Start.
2020-01-29_15:05:47.003[Status]{'coordinate': [934.3513625818298, 114.46579502522391], 'id': 20}
2020-01-29_15:05:47.006[Status]Routing 94: Walk: 87
2020-01-29_15:05:47.106[Battery Energy]27.63
2020-01-29_15:05:47.106[Status]Routing Start.
2020-01-29_15:05:47.267[Status]{'coordinate': [944.3324127264485, 113.85045933585867], 'id': 20}
2020-01-29_15:05:47.267[Status]Routing 95: Walk: 88
2020-01-29_15:05:47.370[Battery Energy]27.39
2020-01-29_15:05:47.370[Status]Routing Start.
2020-01-29_15:05:47.596[Status]{'coordinate': [954.3134628710673, 113.23512364649343], 'id': 20}
2020-01-29_15:05:47.596[Status]Routing 96: Walk: 89
2020-01-29_15:05:47.696[Battery Energy]27.13
2020-01-29_15:05:47.696[Status]Routing Start.
2020-01-29_15:05:47.841[Status]{'coordinate': [964.294513015686, 112.6197879571282], 'id': 20}
2020-01-29_15:05:47.842[Status]Routing 97: Walk: 90
2020-01-29_15:05:47.954[Battery Energy]26.92
2020-01-29_15:05:47.954[Status]Routing Start.
2020-01-29_15:05:48.269[Status]{'coordinate': [974.2755631603047, 112.00445226776296], 'id': 20}
2020-01-29_15:05:48.269[Status]Routing 98: Walk: 91
2020-01-29_15:05:48.374[Battery Energy]26.63
2020-01-29_15:05:48.374[Status]Routing Start.
2020-01-29_15:05:48.623[Status]{'coordinate': [984.2566133049235, 111.38911657839772], 'id': 20}
2020-01-29_15:05:48.623[Status]Routing 99: Walk: 92
2020-01-29_15:05:48.726[Battery Energy]26.37
2020-01-29_15:05:48.726[Status]Routing Start.
2020-01-29_15:05:48.864[Status]{'coordinate': [994.2376634495422, 110.77378088903248], 'id': 20}
2020-01-29_15:05:48.864[Status]Routing 100: Walk: 93
2020-01-29_15:05:48.986[Battery Energy]26.17
2020-01-29_15:05:48.986[Status]Routing Start.
2020-01-29_15:05:49.105[Status]{'coordinate': [1004.2187135941609, 110.15844519966724], 'id': 20}
2020-01-29_15:05:49.106[Status]Routing 101: Walk: 94
2020-01-29_15:05:49.206[Battery Energy]25.98
2020-01-29_15:05:49.206[Status]Routing Start.
2020-01-29_15:05:49.344[Status]{'coordinate': [1014.1997637387797, 109.543109510302], 'id': 20}
2020-01-29_15:05:49.344[Status]Routing 102: Walk: 95
2020-01-29_15:05:49.444[Battery Energy]25.79
2020-01-29_15:05:49.444[Status]Routing Start.
2020-01-29_15:05:49.758[Status]{'coordinate': [1024.1808138833983, 108.92777382093676], 'id': 20}
2020-01-29_15:05:49.758[Status]Routing 103: Walk: 96
2020-01-29_15:05:49.866[Battery Energy]25.45
2020-01-29_15:05:49.866[Status]Routing Start.
2020-01-29_15:05:50.209[Status]{'coordinate': [1034.161864028017, 108.31243813157153], 'id': 20}
2020-01-29_15:05:50.209[Status]Routing 104: Walk: 97
2020-01-29_15:05:50.310[Battery Energy]25.12
2020-01-29_15:05:50.310[Status]Routing Start.
2020-01-29_15:05:50.612[Status]{'coordinate': [1044.1429141726355, 107.69710244220629], 'id': 20}
2020-01-29_15:05:50.612[Status]Routing 105: Walk: 98
2020-01-29_15:05:50.726[Battery Energy]24.80
2020-01-29_15:05:50.726[Status]Routing Start.
2020-01-29_15:05:50.846[Status]{'coordinate': [1054.1239643172541, 107.08176675284105], 'id': 20}
2020-01-29_15:05:50.846[Status]Routing 106: Walk: 99
2020-01-29_15:05:50.966[Battery Energy]24.60
2020-01-29_15:05:50.966[Status]Routing Start.
2020-01-29_15:05:50.966[Status]Task Finished.
2020-01-29_15:05:51.066[Battery Energy]24.60
2020-01-29_15:05:51.231[Status]Routing 108: Walk: 99
2020-01-29_15:05:51.331[Battery Energy]24.48
2020-01-29_15:05:51.484[Status]Routing 109: Walk: 99
2020-01-29_15:05:51.586[Battery Energy]24.38
2020-01-29_15:05:51.987[Status]Routing 110: Walk: 99
2020-01-29_15:05:52.087[Battery Energy]24.01
2020-01-29_15:05:52.224[Status]Routing 111: Walk: 99
2020-01-29_15:05:52.329[Battery Energy]23.91
2020-01-29_15:05:52.568[Status]Routing 112: Walk: 99
2020-01-29_15:05:52.668[Battery Energy]23.77
2020-01-29_15:05:52.817[Status]Routing 113: Walk: 99
2020-01-29_15:05:52.926[Battery Energy]23.66
2020-01-29_15:05:53.076[Status]Routing 114: Walk: 99
2020-01-29_15:05:53.188[Battery Energy]23.53
2020-01-29_15:05:53.402[Status]Routing 115: Walk: 99
2020-01-29_15:05:53.518[Battery Energy]23.36
2020-01-29_15:05:53.805[Status]Routing 116: Walk: 99
2020-01-29_15:05:53.906[Battery Energy]23.15
2020-01-29_15:05:54.187[Status]Routing 117: Walk: 99
2020-01-29_15:05:54.296[Battery Energy]22.94
2020-01-29_15:05:54.606[Status]Routing 118: Walk: 99
2020-01-29_15:05:54.714[Battery Energy]22.71
2020-01-29_15:05:54.873[Status]Routing 119: Walk: 99
2020-01-29_15:05:54.990[Battery Energy]22.62
2020-01-29_15:05:55.286[Status]Routing 120: Walk: 99
2020-01-29_15:05:55.387[Battery Energy]22.43
2020-01-29_15:05:55.711[Status]Routing 121: Walk: 99
2020-01-29_15:05:55.815[Battery Energy]22.24
2020-01-29_15:05:56.056[Status]Routing 122: Walk: 99
2020-01-29_15:05:56.156[Battery Energy]22.05
2020-01-29_15:05:56.283[Status]Routing 123: Walk: 99
2020-01-29_15:05:56.383[Battery Energy]21.95
2020-01-29_15:05:56.617[Status]Routing 124: Walk: 99
2020-01-29_15:05:56.734[Battery Energy]21.80
2020-01-29_15:05:56.866[Status]Routing 125: Walk: 99
2020-01-29_15:05:56.966[Battery Energy]21.70
2020-01-29_15:05:57.133[Status]Routing 126: Walk: 99
2020-01-29_15:05:57.242[Battery Energy]21.59
2020-01-29_15:05:57.460[Status]Routing 127: Walk: 99
2020-01-29_15:05:57.574[Battery Energy]21.42
2020-01-29_15:05:57.708[Status]Routing 128: Walk: 99
2020-01-29_15:05:57.813[Battery Energy]21.31
2020-01-29_15:05:58.091[Status]Routing 129: Walk: 99
2020-01-29_15:05:58.194[Battery Energy]21.10
2020-01-29_15:05:58.500[Status]Routing 130: Walk: 99
2020-01-29_15:05:58.610[Battery Energy]20.88
2020-01-29_15:05:58.905[Status]Routing 131: Walk: 99
2020-01-29_15:05:59.006[Battery Energy]20.67
2020-01-29_15:05:59.297[Status]Routing 132: Walk: 99
2020-01-29_15:05:59.397[Battery Energy]20.45
2020-01-29_15:05:59.699[Status]Routing 133: Walk: 99
2020-01-29_15:05:59.806[Battery Energy]20.25
2020-01-29_15:05:59.937[Status]Routing 134: Walk: 99
2020-01-29_15:06:00.054[Battery Energy]20.14
2020-01-29_15:06:00.317[Status]Routing 135: Walk: 99
2020-01-29_15:06:00.429[Battery Energy]19.94
2020-01-29_15:06:00.565[Status]Routing 136: Walk: 99
2020-01-29_15:06:00.670[Battery Energy]19.82
2020-01-29_15:06:00.979[Status]Routing 137: Walk: 99
2020-01-29_15:06:01.079[Battery Energy]19.62
2020-01-29_15:06:01.402[Status]Routing 138: Walk: 99
2020-01-29_15:06:01.506[Battery Energy]19.39
2020-01-29_15:06:01.814[Status]Routing 139: Walk: 99
2020-01-29_15:06:01.930[Battery Energy]19.22
2020-01-29_15:06:02.203[Status]Routing 140: Walk: 99
2020-01-29_15:06:02.304[Battery Energy]19.04
2020-01-29_15:06:02.597[Status]Routing 141: Walk: 99
2020-01-29_15:06:02.697[Battery Energy]18.84
2020-01-29_15:06:02.818[Status]Routing 142: Walk: 99
2020-01-29_15:06:02.918[Battery Energy]18.73
2020-01-29_15:06:03.063[Status]Routing 143: Walk: 99
2020-01-29_15:06:03.163[Battery Energy]18.62
2020-01-29_15:06:03.312[Status]Routing 144: Walk: 99
2020-01-29_15:06:03.412[Battery Energy]18.49
2020-01-29_15:06:03.581[Status]Routing 145: Walk: 99
2020-01-29_15:06:03.686[Battery Energy]18.37
2020-01-29_15:06:03.827[Status]Routing 146: Walk: 99
2020-01-29_15:06:03.938[Battery Energy]18.26
2020-01-29_15:06:04.165[Status]Routing 147: Walk: 99
2020-01-29_15:06:04.274[Battery Energy]18.09
2020-01-29_15:06:04.399[Status]Routing 148: Walk: 99
2020-01-29_15:06:04.506[Battery Energy]17.99
2020-01-29_15:06:04.648[Status]Routing 149: Walk: 99
2020-01-29_15:06:04.751[Battery Energy]17.87
2020-01-29_15:06:04.910[Status]Routing 150: Walk: 99
2020-01-29_15:06:05.038[Battery Energy]17.78
2020-01-29_15:06:05.198[Status]Routing 151: Walk: 99
2020-01-29_15:06:05.298[Battery Energy]17.68
2020-01-29_15:06:05.447[Status]Routing 152: Walk: 99
2020-01-29_15:06:05.558[Battery Energy]17.56
2020-01-29_15:06:05.703[Status]Routing 153: Walk: 99
2020-01-29_15:06:05.810[Battery Energy]17.44
2020-01-29_15:06:05.926[Status]Routing 154: Walk: 99
2020-01-29_15:06:06.038[Battery Energy]17.34
2020-01-29_15:06:06.196[Status]Routing 155: Walk: 99
2020-01-29_15:06:06.310[Battery Energy]17.21
2020-01-29_15:06:06.436[Status]Routing 156: Walk: 99
2020-01-29_15:06:06.541[Battery Energy]17.11
2020-01-29_15:06:06.679[Status]Routing 157: Walk: 99
2020-01-29_15:06:06.780[Battery Energy]17.00
2020-01-29_15:06:06.972[Status]Routing 158: Walk: 99
2020-01-29_15:06:07.090[Battery Energy]16.85
2020-01-29_15:06:07.204[Status]Routing 159: Walk: 99
2020-01-29_15:06:07.309[Battery Energy]16.75
2020-01-29_15:06:07.447[Status]Routing 160: Walk: 99
2020-01-29_15:06:07.553[Battery Energy]16.66
2020-01-29_15:06:07.686[Status]Routing 161: Walk: 99
2020-01-29_15:06:07.794[Battery Energy]16.56
2020-01-29_15:06:07.931[Status]Routing 162: Walk: 99
2020-01-29_15:06:08.038[Battery Energy]16.45
2020-01-29_15:06:08.198[Status]Routing 163: Walk: 99
2020-01-29_15:06:08.318[Battery Energy]16.35
2020-01-29_15:06:08.431[Status]Routing 164: Walk: 99
2020-01-29_15:06:08.542[Battery Energy]16.25
2020-01-29_15:06:08.681[Status]Routing 165: Walk: 99
2020-01-29_15:06:08.789[Battery Energy]16.13
2020-01-29_15:06:08.915[Status]Routing 166: Walk: 99
2020-01-29_15:06:09.018[Battery Energy]16.03
2020-01-29_15:06:09.161[Status]Routing 167: Walk: 99
2020-01-29_15:06:09.261[Battery Energy]15.89
2020-01-29_15:06:09.405[Status]Routing 168: Walk: 99
2020-01-29_15:06:09.518[Battery Energy]15.77
2020-01-29_15:06:09.674[Status]Routing 169: Walk: 99
2020-01-29_15:06:09.774[Battery Energy]15.63
2020-01-29_15:06:09.972[Status]Routing 170: Walk: 99
2020-01-29_15:06:10.073[Battery Energy]15.55
2020-01-29_15:06:10.201[Status]Routing 171: Walk: 99
2020-01-29_15:06:10.301[Battery Energy]15.47
2020-01-29_15:06:10.465[Status]Routing 172: Walk: 99
2020-01-29_15:06:10.586[Battery Energy]15.35
2020-01-29_15:06:10.756[Status]Routing 173: Walk: 99
2020-01-29_15:06:10.856[Battery Energy]15.21
2020-01-29_15:06:11.041[Status]Routing 174: Walk: 99
2020-01-29_15:06:11.142[Battery Energy]15.10
