2020-02-08_13:32:17.951[Status]Start.
2020-02-08_13:32:17.951[Battery Energy]123.00
2020-02-08_13:32:19.053[Battery Energy]122.96
2020-02-08_13:32:20.154[Battery Energy]122.92
2020-02-08_13:32:21.255[Battery Energy]122.88
2020-02-08_13:32:22.356[Battery Energy]122.84
2020-02-08_13:32:23.458[Task]A New Task Released.
2020-02-08_13:32:23.458[Battery Energy]122.80
2020-02-08_13:32:23.458[Status]Selection Start.
2020-02-08_13:32:27.287[Status]Selection End: Do Task 1.
2020-02-08_13:32:27.402[Battery Energy]120.08
2020-02-08_13:32:27.402[Status]Formation Start.
2020-02-08_13:32:27.561[Status]Formation End: To Position 3.
2020-02-08_13:32:27.661[Battery Energy]119.95
2020-02-08_13:32:27.661[Status]Routing Start.
2020-02-08_13:32:27.814[Status]{'coordinate': [67.79490118750284, 529.01492201513], 'id': 9}
2020-02-08_13:32:27.814[Status]Routing 1: Walk: 1
2020-02-08_13:32:27.918[Battery Energy]119.75
2020-02-08_13:32:27.918[Status]Routing Start.
2020-02-08_13:32:28.116[Status]{'coordinate': [77.58980237500569, 531.0298440302599], 'id': 9}
2020-02-08_13:32:28.116[Status]Routing 2: Walk: 2
2020-02-08_13:32:28.216[Battery Energy]119.52
2020-02-08_13:32:28.216[Status]Routing Start.
2020-02-08_13:32:28.371[Status]{'coordinate': [87.38470356250853, 533.0447660453899], 'id': 9}
2020-02-08_13:32:28.374[Status]Routing 3: Walk: 3
2020-02-08_13:32:28.478[Battery Energy]119.31
2020-02-08_13:32:28.478[Status]Routing Start.
2020-02-08_13:32:28.645[Status]{'coordinate': [97.17960475001138, 535.0596880605199], 'id': 9}
2020-02-08_13:32:28.647[Status]Routing 4: Walk: 4
2020-02-08_13:32:28.747[Battery Energy]119.08
2020-02-08_13:32:28.747[Status]Routing Start.
2020-02-08_13:32:28.897[Status]{'coordinate': [106.97450593751422, 537.0746100756498], 'id': 9}
2020-02-08_13:32:28.904[Status]Routing 5: Walk: 5
2020-02-08_13:32:29.006[Battery Energy]118.86
2020-02-08_13:32:29.006[Status]Routing Start.
2020-02-08_13:32:29.271[Status]{'coordinate': [116.76940712501707, 539.0895320907798], 'id': 9}
2020-02-08_13:32:29.271[Status]Routing 6: Walk: 6
2020-02-08_13:32:29.378[Battery Energy]118.61
2020-02-08_13:32:29.378[Status]Routing Start.
2020-02-08_13:32:29.881[Status]{'coordinate': [116.94398457300738, 549.0880081103867], 'id': 9}
2020-02-08_13:32:29.881[Status]Routing 7: Walk: 7
2020-02-08_13:32:29.981[Battery Energy]118.14
2020-02-08_13:32:29.981[Status]Routing Start.
2020-02-08_13:32:30.314[Status]{'coordinate': [126.7578631541659, 551.0083693249185], 'id': 9}
2020-02-08_13:32:30.322[Status]Routing 8: Walk: 8
2020-02-08_13:32:30.422[Battery Energy]117.75
2020-02-08_13:32:30.422[Status]Routing Start.
2020-02-08_13:32:30.757[Status]{'coordinate': [136.57174173532442, 552.9287305394503], 'id': 9}
2020-02-08_13:32:30.758[Status]Routing 9: Walk: 9
2020-02-08_13:32:30.858[Battery Energy]117.35
2020-02-08_13:32:30.859[Status]Routing Start.
2020-02-08_13:32:31.224[Status]{'coordinate': [146.38562031648294, 554.8490917539821], 'id': 9}
2020-02-08_13:32:31.224[Status]Routing 10: Walk: 10
2020-02-08_13:32:31.325[Battery Energy]116.98
2020-02-08_13:32:31.325[Status]Routing Start.
2020-02-08_13:32:31.698[Status]{'coordinate': [156.19949889764146, 556.7694529685139], 'id': 9}
2020-02-08_13:32:31.698[Status]Routing 11: Walk: 11
2020-02-08_13:32:31.798[Battery Energy]116.60
2020-02-08_13:32:31.798[Status]Routing Start.
2020-02-08_13:32:32.136[Status]{'coordinate': [166.01337747879998, 558.6898141830457], 'id': 9}
2020-02-08_13:32:32.139[Status]Routing 12: Walk: 12
2020-02-08_13:32:32.240[Battery Energy]116.23
2020-02-08_13:32:32.240[Status]Routing Start.
2020-02-08_13:32:32.456[Status]{'coordinate': [175.8272560599585, 560.6101753975774], 'id': 9}
2020-02-08_13:32:32.459[Status]Routing 13: Walk: 13
2020-02-08_13:32:32.566[Battery Energy]115.98
2020-02-08_13:32:32.566[Status]Routing Start.
2020-02-08_13:32:32.908[Status]{'coordinate': [185.64113464111702, 562.5305366121092], 'id': 9}
2020-02-08_13:32:32.908[Status]Routing 14: Walk: 14
2020-02-08_13:32:33.012[Battery Energy]115.62
2020-02-08_13:32:33.013[Status]Routing Start.
2020-02-08_13:32:33.315[Status]{'coordinate': [195.45501322227554, 564.450897826641], 'id': 9}
2020-02-08_13:32:33.315[Status]Routing 15: Walk: 15
2020-02-08_13:32:33.415[Battery Energy]115.28
2020-02-08_13:32:33.415[Status]Routing Start.
2020-02-08_13:32:33.755[Status]{'coordinate': [205.26889180343406, 566.3712590411728], 'id': 9}
2020-02-08_13:32:33.755[Status]Routing 16: Walk: 16
2020-02-08_13:32:33.862[Battery Energy]114.96
2020-02-08_13:32:33.862[Status]Routing Start.
2020-02-08_13:32:34.182[Status]{'coordinate': [215.08277038459258, 568.2916202557046], 'id': 9}
2020-02-08_13:32:34.182[Status]Routing 17: Walk: 17
2020-02-08_13:32:34.282[Battery Energy]114.63
2020-02-08_13:32:34.282[Status]Routing Start.
2020-02-08_13:32:34.574[Status]{'coordinate': [224.8966489657511, 570.2119814702364], 'id': 9}
2020-02-08_13:32:34.575[Status]Routing 18: Walk: 18
2020-02-08_13:32:34.675[Battery Energy]114.34
2020-02-08_13:32:34.675[Status]Routing Start.
2020-02-08_13:32:35.007[Status]{'coordinate': [234.71052754690962, 572.1323426847682], 'id': 9}
2020-02-08_13:32:35.007[Status]Routing 19: Walk: 19
2020-02-08_13:32:35.130[Battery Energy]114.04
2020-02-08_13:32:35.130[Status]Routing Start.
2020-02-08_13:32:35.443[Status]{'coordinate': [244.52440612806814, 574.0527038993], 'id': 9}
2020-02-08_13:32:35.443[Status]Routing 20: Walk: 20
2020-02-08_13:32:35.543[Battery Energy]113.72
2020-02-08_13:32:35.543[Status]Routing Start.
2020-02-08_13:32:35.861[Status]{'coordinate': [254.33828470922666, 575.9730651138318], 'id': 9}
2020-02-08_13:32:35.861[Status]Routing 21: Walk: 21
2020-02-08_13:32:35.964[Battery Energy]113.40
2020-02-08_13:32:35.964[Status]Routing Start.
2020-02-08_13:32:36.290[Status]{'coordinate': [264.15216329038515, 577.8934263283636], 'id': 9}
2020-02-08_13:32:36.290[Status]Routing 22: Walk: 22
2020-02-08_13:32:36.393[Battery Energy]113.08
2020-02-08_13:32:36.393[Status]Routing Start.
2020-02-08_13:32:36.724[Status]{'coordinate': [273.96604187154367, 579.8137875428954], 'id': 9}
2020-02-08_13:32:36.724[Status]Routing 23: Walk: 23
2020-02-08_13:32:36.824[Battery Energy]112.79
2020-02-08_13:32:36.824[Status]Routing Start.
2020-02-08_13:32:37.145[Status]{'coordinate': [283.7799204527022, 581.7341487574272], 'id': 9}
2020-02-08_13:32:37.145[Status]Routing 24: Walk: 24
2020-02-08_13:32:37.245[Battery Energy]112.46
2020-02-08_13:32:37.245[Status]Routing Start.
2020-02-08_13:32:37.401[Status]{'coordinate': [293.5937990338607, 583.654509971959], 'id': 9}
2020-02-08_13:32:37.401[Status]Routing 25: Walk: 25
2020-02-08_13:32:37.514[Battery Energy]112.25
2020-02-08_13:32:37.514[Status]Routing Start.
2020-02-08_13:32:37.648[Status]{'coordinate': [303.4076776150192, 585.5748711864908], 'id': 9}
2020-02-08_13:32:37.648[Status]Routing 26: Walk: 26
2020-02-08_13:32:37.750[Battery Energy]112.07
2020-02-08_13:32:37.750[Status]Routing Start.
2020-02-08_13:32:37.906[Status]{'coordinate': [313.22155619617774, 587.4952324010226], 'id': 9}
2020-02-08_13:32:37.906[Status]Routing 27: Walk: 27
2020-02-08_13:32:38.006[Battery Energy]111.85
2020-02-08_13:32:38.006[Status]Routing Start.
2020-02-08_13:32:38.351[Status]{'coordinate': [323.03543477733626, 589.4155936155544], 'id': 9}
2020-02-08_13:32:38.358[Status]Routing 28: Walk: 28
2020-02-08_13:32:38.462[Battery Energy]111.53
2020-02-08_13:32:38.462[Status]Routing Start.
2020-02-08_13:32:38.764[Status]{'coordinate': [332.8493133584948, 591.3359548300862], 'id': 9}
2020-02-08_13:32:38.764[Status]Routing 29: Walk: 29
2020-02-08_13:32:38.870[Battery Energy]111.21
2020-02-08_13:32:38.870[Status]Routing Start.
2020-02-08_13:32:39.163[Status]{'coordinate': [342.6631919396533, 593.256316044618], 'id': 9}
2020-02-08_13:32:39.163[Status]Routing 30: Walk: 30
2020-02-08_13:32:39.263[Battery Energy]110.93
2020-02-08_13:32:39.263[Status]Routing Start.
2020-02-08_13:32:39.430[Status]{'coordinate': [352.4770705208118, 595.1766772591498], 'id': 9}
2020-02-08_13:32:39.430[Status]Routing 31: Walk: 31
2020-02-08_13:32:39.533[Battery Energy]110.70
2020-02-08_13:32:39.533[Status]Routing Start.
2020-02-08_13:32:39.838[Status]{'coordinate': [362.29094910197034, 597.0970384736816], 'id': 9}
2020-02-08_13:32:39.838[Status]Routing 32: Walk: 32
2020-02-08_13:32:39.942[Battery Energy]110.39
2020-02-08_13:32:39.942[Status]Routing Start.
2020-02-08_13:32:40.255[Status]{'coordinate': [372.10482768312886, 599.0173996882133], 'id': 9}
2020-02-08_13:32:40.259[Status]Routing 33: Walk: 33
2020-02-08_13:32:40.361[Battery Energy]110.10
2020-02-08_13:32:40.361[Status]Routing Start.
2020-02-08_13:32:40.678[Status]{'coordinate': [381.9187062642874, 600.9377609027451], 'id': 9}
2020-02-08_13:32:40.678[Status]Routing 34: Walk: 34
2020-02-08_13:32:40.786[Battery Energy]109.79
2020-02-08_13:32:40.786[Status]Routing Start.
2020-02-08_13:32:41.084[Status]{'coordinate': [391.7325848454459, 602.8581221172769], 'id': 9}
2020-02-08_13:32:41.084[Status]Routing 35: Walk: 35
2020-02-08_13:32:41.184[Battery Energy]109.50
2020-02-08_13:32:41.184[Status]Routing Start.
2020-02-08_13:32:41.508[Status]{'coordinate': [401.5464634266044, 604.7784833318087], 'id': 9}
2020-02-08_13:32:41.508[Status]Routing 36: Walk: 36
2020-02-08_13:32:41.609[Battery Energy]109.17
2020-02-08_13:32:41.609[Status]Routing Start.
2020-02-08_13:32:41.748[Status]{'coordinate': [411.36034200776294, 606.6988445463405], 'id': 9}
2020-02-08_13:32:41.748[Status]Routing 37: Walk: 37
2020-02-08_13:32:41.862[Battery Energy]108.98
2020-02-08_13:32:41.862[Status]Routing Start.
2020-02-08_13:32:42.102[Status]{'coordinate': [421.17422058892146, 608.6192057608723], 'id': 9}
2020-02-08_13:32:42.102[Status]Routing 38: Walk: 38
2020-02-08_13:32:42.214[Battery Energy]108.73
2020-02-08_13:32:42.214[Status]Routing Start.
2020-02-08_13:32:42.609[Status]{'coordinate': [421.5905153414007, 618.6105369374002], 'id': 9}
2020-02-08_13:32:42.609[Status]Routing 39: Walk: 39
2020-02-08_13:32:42.709[Battery Energy]108.29
2020-02-08_13:32:42.709[Status]Routing Start.
2020-02-08_13:32:43.050[Status]{'coordinate': [416.80024378956386, 627.388537761031], 'id': 9}
2020-02-08_13:32:43.050[Status]Routing 40: Walk: 40
2020-02-08_13:32:43.150[Battery Energy]107.89
2020-02-08_13:32:43.150[Status]Routing Start.
2020-02-08_13:32:43.459[Status]{'coordinate': [409.787721414979, 634.5176702430338], 'id': 9}
2020-02-08_13:32:43.460[Status]Routing 41: Walk: 41
2020-02-08_13:32:43.565[Battery Energy]107.55
2020-02-08_13:32:43.565[Status]Routing Start.
2020-02-08_13:32:43.731[Status]{'coordinate': [419.6689635510792, 636.0542423525548], 'id': 9}
2020-02-08_13:32:43.732[Status]Routing 42: Walk: 42
2020-02-08_13:32:43.838[Battery Energy]107.35
2020-02-08_13:32:43.838[Status]Routing Start.
2020-02-08_13:32:44.112[Status]{'coordinate': [414.5342368426304, 644.6353018226635], 'id': 9}
2020-02-08_13:32:44.112[Status]Routing 43: Walk: 43
2020-02-08_13:32:44.213[Battery Energy]106.99
2020-02-08_13:32:44.213[Status]Routing Start.
2020-02-08_13:32:44.506[Status]{'coordinate': [415.0083848151362, 654.624054682764], 'id': 9}
2020-02-08_13:32:44.506[Status]Routing 44: Walk: 44
2020-02-08_13:32:44.606[Battery Energy]106.66
2020-02-08_13:32:44.607[Status]Routing Start.
2020-02-08_13:32:44.743[Status]{'coordinate': [424.9277851210143, 655.8911369893823], 'id': 9}
2020-02-08_13:32:44.743[Status]Routing 45: Walk: 45
2020-02-08_13:32:44.843[Battery Energy]106.46
2020-02-08_13:32:44.843[Status]Routing Start.
2020-02-08_13:32:44.998[Status]{'coordinate': [434.84718542689245, 657.1582192960005], 'id': 9}
2020-02-08_13:32:44.998[Status]Routing 46: Walk: 46
2020-02-08_13:32:45.106[Battery Energy]106.26
2020-02-08_13:32:45.106[Status]Routing Start.
2020-02-08_13:32:45.235[Status]{'coordinate': [444.7665857327706, 658.4253016026188], 'id': 9}
2020-02-08_13:32:45.235[Status]Routing 47: Walk: 47
2020-02-08_13:32:45.335[Battery Energy]106.09
2020-02-08_13:32:45.335[Status]Routing Start.
2020-02-08_13:32:45.531[Status]{'coordinate': [454.6859860386487, 659.692383909237], 'id': 9}
2020-02-08_13:32:45.532[Status]Routing 48: Walk: 48
2020-02-08_13:32:45.638[Battery Energy]105.86
2020-02-08_13:32:45.638[Status]Routing Start.
2020-02-08_13:32:45.943[Status]{'coordinate': [464.60538634452683, 660.9594662158553], 'id': 9}
2020-02-08_13:32:45.943[Status]Routing 49: Walk: 49
2020-02-08_13:32:46.043[Battery Energy]105.56
2020-02-08_13:32:46.043[Status]Routing Start.
2020-02-08_13:32:46.231[Status]{'coordinate': [474.52478665040496, 662.2265485224735], 'id': 9}
2020-02-08_13:32:46.238[Status]Routing 50: Walk: 50
2020-02-08_13:32:46.338[Battery Energy]105.34
2020-02-08_13:32:46.338[Status]Routing Start.
2020-02-08_13:32:46.562[Status]{'coordinate': [484.4441869562831, 663.4936308290918], 'id': 9}
2020-02-08_13:32:46.562[Status]Routing 51: Walk: 51
2020-02-08_13:32:46.670[Battery Energy]105.13
2020-02-08_13:32:46.670[Status]Routing Start.
2020-02-08_13:32:46.809[Status]{'coordinate': [494.3635872621612, 664.76071313571], 'id': 9}
2020-02-08_13:32:46.809[Status]Routing 52: Walk: 52
2020-02-08_13:32:46.918[Battery Energy]104.91
2020-02-08_13:32:46.918[Status]Routing Start.
2020-02-08_13:32:47.062[Status]{'coordinate': [504.28298756803935, 666.0277954423283], 'id': 9}
2020-02-08_13:32:47.062[Status]Routing 53: Walk: 53
2020-02-08_13:32:47.170[Battery Energy]104.70
2020-02-08_13:32:47.170[Status]Routing Start.
2020-02-08_13:32:47.325[Status]{'coordinate': [514.2023878739175, 667.2948777489465], 'id': 9}
2020-02-08_13:32:47.326[Status]Routing 54: Walk: 54
2020-02-08_13:32:47.433[Battery Energy]104.50
2020-02-08_13:32:47.433[Status]Routing Start.
2020-02-08_13:32:47.576[Status]{'coordinate': [524.1217881797955, 668.5619600555648], 'id': 9}
2020-02-08_13:32:47.576[Status]Routing 55: Walk: 55
2020-02-08_13:32:47.677[Battery Energy]104.30
2020-02-08_13:32:47.677[Status]Routing Start.
2020-02-08_13:32:47.983[Status]{'coordinate': [534.0411884856736, 669.829042362183], 'id': 9}
2020-02-08_13:32:47.983[Status]Routing 56: Walk: 56
2020-02-08_13:32:48.088[Battery Energy]104.01
2020-02-08_13:32:48.088[Status]Routing Start.
2020-02-08_13:32:48.239[Status]{'coordinate': [543.9605887915517, 671.0961246688013], 'id': 9}
2020-02-08_13:32:48.239[Status]Routing 57: Walk: 57
2020-02-08_13:32:48.339[Battery Energy]103.80
2020-02-08_13:32:48.339[Status]Routing Start.
2020-02-08_13:32:48.484[Status]{'coordinate': [553.8799890974298, 672.3632069754195], 'id': 9}
2020-02-08_13:32:48.484[Status]Routing 58: Walk: 58
2020-02-08_13:32:48.584[Battery Energy]103.59
2020-02-08_13:32:48.584[Status]Routing Start.
2020-02-08_13:32:48.728[Status]{'coordinate': [563.7993894033078, 673.6302892820378], 'id': 9}
2020-02-08_13:32:48.728[Status]Routing 59: Walk: 59
2020-02-08_13:32:48.842[Battery Energy]103.40
2020-02-08_13:32:48.842[Status]Routing Start.
2020-02-08_13:32:49.033[Status]{'coordinate': [573.7187897091859, 674.897371588656], 'id': 9}
2020-02-08_13:32:49.033[Status]Routing 60: Walk: 60
2020-02-08_13:32:49.138[Battery Energy]103.18
2020-02-08_13:32:49.138[Status]Routing Start.
2020-02-08_13:32:49.290[Status]{'coordinate': [583.638190015064, 676.1644538952743], 'id': 9}
2020-02-08_13:32:49.290[Status]Routing 61: Walk: 61
2020-02-08_13:32:49.402[Battery Energy]102.96
2020-02-08_13:32:49.402[Status]Routing Start.
2020-02-08_13:32:49.575[Status]{'coordinate': [593.557590320942, 677.4315362018925], 'id': 9}
2020-02-08_13:32:49.575[Status]Routing 62: Walk: 62
2020-02-08_13:32:49.676[Battery Energy]102.73
2020-02-08_13:32:49.676[Status]Routing Start.
2020-02-08_13:32:49.829[Status]{'coordinate': [603.4769906268201, 678.6986185085108], 'id': 9}
2020-02-08_13:32:49.831[Status]Routing 63: Walk: 63
2020-02-08_13:32:49.931[Battery Energy]102.54
2020-02-08_13:32:49.931[Status]Routing Start.
2020-02-08_13:32:50.296[Status]{'coordinate': [613.3963909326982, 679.965700815129], 'id': 9}
2020-02-08_13:32:50.296[Status]Routing 64: Walk: 64
2020-02-08_13:32:50.396[Battery Energy]102.23
2020-02-08_13:32:50.396[Status]Routing Start.
2020-02-08_13:32:50.706[Status]{'coordinate': [623.3157912385763, 681.2327831217473], 'id': 9}
2020-02-08_13:32:50.706[Status]Routing 65: Walk: 65
2020-02-08_13:32:50.806[Battery Energy]101.93
2020-02-08_13:32:50.806[Status]Routing Start.
2020-02-08_13:32:51.115[Status]{'coordinate': [633.2351915444543, 682.4998654283655], 'id': 9}
2020-02-08_13:32:51.115[Status]Routing 66: Walk: 66
2020-02-08_13:32:51.216[Battery Energy]101.64
2020-02-08_13:32:51.216[Status]Routing Start.
2020-02-08_13:32:51.400[Status]{'coordinate': [643.1545918503324, 683.7669477349838], 'id': 9}
2020-02-08_13:32:51.400[Status]Routing 67: Walk: 67
2020-02-08_13:32:51.514[Battery Energy]101.39
2020-02-08_13:32:51.514[Status]Routing Start.
2020-02-08_13:32:51.691[Status]{'coordinate': [653.0739921562105, 685.034030041602], 'id': 9}
2020-02-08_13:32:51.691[Status]Routing 68: Walk: 68
2020-02-08_13:32:51.798[Battery Energy]101.16
2020-02-08_13:32:51.798[Status]Routing Start.
2020-02-08_13:32:51.942[Status]{'coordinate': [662.9933924620885, 686.3011123482203], 'id': 9}
2020-02-08_13:32:51.942[Status]Routing 69: Walk: 69
2020-02-08_13:32:52.062[Battery Energy]100.96
2020-02-08_13:32:52.062[Status]Routing Start.
2020-02-08_13:32:52.193[Status]{'coordinate': [672.9127927679666, 687.5681946548385], 'id': 9}
2020-02-08_13:32:52.193[Status]Routing 70: Walk: 70
2020-02-08_13:32:52.310[Battery Energy]100.76
2020-02-08_13:32:52.310[Status]Routing Start.
2020-02-08_13:32:52.456[Status]{'coordinate': [682.8321930738447, 688.8352769614568], 'id': 9}
2020-02-08_13:32:52.456[Status]Routing 71: Walk: 71
2020-02-08_13:32:52.570[Battery Energy]100.57
2020-02-08_13:32:52.570[Status]Routing Start.
2020-02-08_13:32:52.724[Status]{'coordinate': [692.7515933797227, 690.102359268075], 'id': 9}
2020-02-08_13:32:52.724[Status]Routing 72: Walk: 72
2020-02-08_13:32:52.850[Battery Energy]100.35
2020-02-08_13:32:52.850[Status]Routing Start.
2020-02-08_13:32:53.037[Status]{'coordinate': [702.6709936856008, 691.3694415746933], 'id': 9}
2020-02-08_13:32:53.037[Status]Routing 73: Walk: 73
2020-02-08_13:32:53.142[Battery Energy]100.13
2020-02-08_13:32:53.142[Status]Routing Start.
2020-02-08_13:32:53.279[Status]{'coordinate': [712.5903939914789, 692.6365238813115], 'id': 9}
2020-02-08_13:32:53.280[Status]Routing 74: Walk: 74
2020-02-08_13:32:53.383[Battery Energy]99.95
2020-02-08_13:32:53.383[Status]Routing Start.
2020-02-08_13:32:53.526[Status]{'coordinate': [722.509794297357, 693.9036061879298], 'id': 9}
2020-02-08_13:32:53.526[Status]Routing 75: Walk: 75
2020-02-08_13:32:53.630[Battery Energy]99.74
2020-02-08_13:32:53.630[Status]Routing Start.
2020-02-08_13:32:53.781[Status]{'coordinate': [732.429194603235, 695.170688494548], 'id': 9}
2020-02-08_13:32:53.781[Status]Routing 76: Walk: 76
2020-02-08_13:32:53.882[Battery Energy]99.54
2020-02-08_13:32:53.882[Status]Routing Start.
2020-02-08_13:32:54.056[Status]{'coordinate': [742.3485949091131, 696.4377708011663], 'id': 9}
2020-02-08_13:32:54.056[Status]Routing 77: Walk: 77
2020-02-08_13:32:54.157[Battery Energy]99.31
2020-02-08_13:32:54.157[Status]Routing Start.
2020-02-08_13:32:54.347[Status]{'coordinate': [752.2679952149912, 697.7048531077845], 'id': 9}
2020-02-08_13:32:54.347[Status]Routing 78: Walk: 78
2020-02-08_13:32:54.447[Battery Energy]99.10
2020-02-08_13:32:54.447[Status]Routing Start.
2020-02-08_13:32:54.740[Status]{'coordinate': [762.1873955208692, 698.9719354144028], 'id': 9}
2020-02-08_13:32:54.740[Status]Routing 79: Walk: 79
2020-02-08_13:32:54.854[Battery Energy]98.79
2020-02-08_13:32:54.854[Status]Routing Start.
2020-02-08_13:32:54.991[Status]{'coordinate': [772.1067958267473, 700.239017721021], 'id': 9}
2020-02-08_13:32:54.991[Status]Routing 80: Walk: 80
2020-02-08_13:32:55.091[Battery Energy]98.61
2020-02-08_13:32:55.091[Status]Routing Start.
2020-02-08_13:32:55.242[Status]{'coordinate': [782.0261961326254, 701.5061000276393], 'id': 9}
2020-02-08_13:32:55.243[Status]Routing 81: Walk: 81
2020-02-08_13:32:55.350[Battery Energy]98.39
2020-02-08_13:32:55.350[Status]Routing Start.
2020-02-08_13:32:55.508[Status]{'coordinate': [791.9455964385035, 702.7731823342575], 'id': 9}
2020-02-08_13:32:55.509[Status]Routing 82: Walk: 82
2020-02-08_13:32:55.614[Battery Energy]98.18
2020-02-08_13:32:55.614[Status]Routing Start.
2020-02-08_13:32:55.780[Status]{'coordinate': [801.8649967443815, 704.0402646408758], 'id': 9}
2020-02-08_13:32:55.780[Status]Routing 83: Walk: 83
2020-02-08_13:32:55.882[Battery Energy]97.96
2020-02-08_13:32:55.882[Status]Routing Start.
2020-02-08_13:32:56.031[Status]{'coordinate': [811.7843970502596, 705.307346947494], 'id': 9}
2020-02-08_13:32:56.031[Status]Routing 84: Walk: 84
2020-02-08_13:32:56.138[Battery Energy]97.75
2020-02-08_13:32:56.138[Status]Routing Start.
2020-02-08_13:32:56.465[Status]{'coordinate': [821.7037973561377, 706.5744292541123], 'id': 9}
2020-02-08_13:32:56.465[Status]Routing 85: Walk: 85
2020-02-08_13:32:56.582[Battery Energy]97.42
2020-02-08_13:32:56.582[Status]Routing Start.
2020-02-08_13:32:56.731[Status]{'coordinate': [831.6231976620157, 707.8415115607305], 'id': 9}
2020-02-08_13:32:56.731[Status]Routing 86: Walk: 86
2020-02-08_13:32:56.842[Battery Energy]97.21
2020-02-08_13:32:56.842[Status]Routing Start.
2020-02-08_13:32:56.993[Status]{'coordinate': [841.5425979678938, 709.1085938673488], 'id': 9}
2020-02-08_13:32:56.993[Status]Routing 87: Walk: 87
2020-02-08_13:32:57.102[Battery Energy]97.00
2020-02-08_13:32:57.102[Status]Routing Start.
2020-02-08_13:32:57.297[Status]{'coordinate': [851.4619982737719, 710.375676173967], 'id': 9}
2020-02-08_13:32:57.297[Status]Routing 88: Walk: 88
2020-02-08_13:32:57.414[Battery Energy]96.77
2020-02-08_13:32:57.414[Status]Routing Start.
2020-02-08_13:32:57.672[Status]{'coordinate': [861.38139857965, 711.6427584805853], 'id': 9}
2020-02-08_13:32:57.672[Status]Routing 89: Walk: 89
2020-02-08_13:32:57.782[Battery Energy]96.53
2020-02-08_13:32:57.782[Status]Routing Start.
2020-02-08_13:32:57.916[Status]{'coordinate': [871.300798885528, 712.9098407872035], 'id': 9}
2020-02-08_13:32:57.917[Status]Routing 90: Walk: 90
2020-02-08_13:32:58.017[Battery Energy]96.33
2020-02-08_13:32:58.017[Status]Routing Start.
2020-02-08_13:32:58.323[Status]{'coordinate': [875.3677971614607, 722.0454592678298], 'id': 9}
2020-02-08_13:32:58.323[Status]Routing 91: Walk: 91
2020-02-08_13:32:58.423[Battery Energy]95.96
2020-02-08_13:32:58.424[Status]Routing Start.
2020-02-08_13:32:58.624[Status]{'coordinate': [885.3266467858846, 722.9517231135783], 'id': 9}
2020-02-08_13:32:58.624[Status]Routing 92: Walk: 92
2020-02-08_13:32:58.725[Battery Energy]95.72
2020-02-08_13:32:58.725[Status]Routing Start.
2020-02-08_13:32:59.013[Status]{'coordinate': [895.2854964103085, 723.8579869593268], 'id': 9}
2020-02-08_13:32:59.013[Status]Routing 93: Walk: 93
2020-02-08_13:32:59.118[Battery Energy]95.45
2020-02-08_13:32:59.118[Status]Routing Start.
2020-02-08_13:32:59.413[Status]{'coordinate': [905.2443460347324, 724.7642508050753], 'id': 9}
2020-02-08_13:32:59.413[Status]Routing 94: Walk: 94
2020-02-08_13:32:59.513[Battery Energy]95.16
2020-02-08_13:32:59.513[Status]Routing Start.
2020-02-08_13:32:59.824[Status]{'coordinate': [915.2031956591563, 725.6705146508239], 'id': 9}
2020-02-08_13:32:59.824[Status]Routing 95: Walk: 95
2020-02-08_13:32:59.924[Battery Energy]94.82
2020-02-08_13:32:59.924[Status]Routing Start.
2020-02-08_13:33:00.352[Status]{'coordinate': [925.1620452835803, 726.5767784965724], 'id': 9}
2020-02-08_13:33:00.352[Status]Routing 96: Walk: 96
2020-02-08_13:33:00.452[Battery Energy]94.42
2020-02-08_13:33:00.452[Status]Routing Start.
2020-02-08_13:33:00.769[Status]{'coordinate': [935.1208949080042, 727.4830423423209], 'id': 9}
2020-02-08_13:33:00.769[Status]Routing 97: Walk: 97
2020-02-08_13:33:00.869[Battery Energy]94.10
2020-02-08_13:33:00.869[Status]Routing Start.
2020-02-08_13:33:01.059[Status]{'coordinate': [945.0797445324281, 728.3893061880694], 'id': 9}
2020-02-08_13:33:01.059[Status]Routing 98: Walk: 98
2020-02-08_13:33:01.169[Battery Energy]93.89
2020-02-08_13:33:01.169[Status]Routing Start.
2020-02-08_13:33:01.328[Status]{'coordinate': [955.038594156852, 729.295570033818], 'id': 9}
2020-02-08_13:33:01.328[Status]Routing 99: Walk: 99
2020-02-08_13:33:01.428[Battery Energy]93.68
2020-02-08_13:33:01.428[Status]Routing Start.
2020-02-08_13:33:01.877[Status]{'coordinate': [964.9974437812759, 730.2018338795665], 'id': 9}
2020-02-08_13:33:01.877[Status]Routing 100: Walk: 100
2020-02-08_13:33:01.977[Battery Energy]93.24
2020-02-08_13:33:01.977[Status]Routing Start.
2020-02-08_13:33:02.132[Status]{'coordinate': [974.9562934056999, 731.108097725315], 'id': 9}
2020-02-08_13:33:02.132[Status]Routing 101: Walk: 101
2020-02-08_13:33:02.238[Battery Energy]93.03
2020-02-08_13:33:02.238[Status]Routing Start.
2020-02-08_13:33:02.377[Status]{'coordinate': [984.9151430301238, 732.0143615710635], 'id': 9}
2020-02-08_13:33:02.380[Status]Routing 102: Walk: 102
2020-02-08_13:33:02.480[Battery Energy]92.81
2020-02-08_13:33:02.480[Status]Routing Start.
2020-02-08_13:33:02.819[Status]{'coordinate': [994.8739926545477, 732.9206254168121], 'id': 9}
2020-02-08_13:33:02.819[Status]Routing 103: Walk: 103
2020-02-08_13:33:02.919[Battery Energy]92.50
2020-02-08_13:33:02.919[Status]Routing Start.
2020-02-08_13:33:03.073[Status]{'coordinate': [1004.8328422789716, 733.8268892625606], 'id': 9}
2020-02-08_13:33:03.073[Status]Routing 104: Walk: 104
2020-02-08_13:33:03.186[Battery Energy]92.27
2020-02-08_13:33:03.186[Status]Routing Start.
2020-02-08_13:33:03.322[Status]{'coordinate': [1014.7916919033955, 734.7331531083091], 'id': 9}
2020-02-08_13:33:03.322[Status]Routing 105: Walk: 105
2020-02-08_13:33:03.426[Battery Energy]92.06
2020-02-08_13:33:03.426[Status]Routing Start.
2020-02-08_13:33:03.571[Status]{'coordinate': [1024.7505415278195, 735.6394169540577], 'id': 9}
2020-02-08_13:33:03.571[Status]Routing 106: Walk: 106
2020-02-08_13:33:03.671[Battery Energy]91.87
2020-02-08_13:33:03.671[Status]Routing Start.
2020-02-08_13:33:03.808[Status]{'coordinate': [1034.7093911522434, 736.5456807998062], 'id': 9}
2020-02-08_13:33:03.808[Status]Routing 107: Walk: 107
2020-02-08_13:33:03.908[Battery Energy]91.67
2020-02-08_13:33:03.909[Status]Routing Start.
2020-02-08_13:33:04.074[Status]{'coordinate': [1044.6682407766673, 737.4519446455547], 'id': 9}
2020-02-08_13:33:04.074[Status]Routing 108: Walk: 108
2020-02-08_13:33:04.175[Battery Energy]91.46
2020-02-08_13:33:04.175[Status]Routing Start.
2020-02-08_13:33:04.421[Status]{'coordinate': [1054.6270904010912, 738.3582084913032], 'id': 9}
2020-02-08_13:33:04.421[Status]Routing 109: Walk: 109
2020-02-08_13:33:04.530[Battery Energy]91.16
2020-02-08_13:33:04.530[Status]Routing Start.
2020-02-08_13:33:04.675[Status]{'coordinate': [1064.5859400255151, 739.2644723370518], 'id': 9}
2020-02-08_13:33:04.676[Status]Routing 110: Walk: 110
2020-02-08_13:33:04.782[Battery Energy]90.96
2020-02-08_13:33:04.782[Status]Routing Start.
2020-02-08_13:33:05.117[Status]{'coordinate': [1074.544789649939, 740.1707361828003], 'id': 9}
2020-02-08_13:33:05.117[Status]Routing 111: Walk: 111
2020-02-08_13:33:05.222[Battery Energy]90.66
2020-02-08_13:33:05.222[Status]Routing Start.
2020-02-08_13:33:05.471[Status]{'coordinate': [1084.503639274363, 741.0770000285488], 'id': 9}
2020-02-08_13:33:05.471[Status]Routing 112: Walk: 112
2020-02-08_13:33:05.582[Battery Energy]90.39
2020-02-08_13:33:05.582[Status]Routing Start.
2020-02-08_13:33:05.923[Status]{'coordinate': [1094.462488898787, 741.9832638742973], 'id': 9}
2020-02-08_13:33:05.923[Status]Routing 113: Walk: 113
2020-02-08_13:33:06.039[Battery Energy]90.06
2020-02-08_13:33:06.039[Status]Routing Start.
2020-02-08_13:33:06.380[Status]{'coordinate': [1104.4213385232108, 742.8895277200457], 'id': 9}
2020-02-08_13:33:06.381[Status]Routing 114: Walk: 114
2020-02-08_13:33:06.493[Battery Energy]89.73
2020-02-08_13:33:06.493[Status]Routing Start.
2020-02-08_13:33:06.493[Status]Task Finished.
2020-02-08_13:33:06.593[Battery Energy]89.73
2020-02-08_13:33:06.836[Status]Routing 116: Walk: 114
2020-02-08_13:33:06.946[Battery Energy]89.55
2020-02-08_13:33:07.229[Status]Routing 117: Walk: 114
2020-02-08_13:33:07.338[Battery Energy]89.37
2020-02-08_13:33:07.684[Status]Routing 118: Walk: 114
2020-02-08_13:33:07.798[Battery Energy]89.15
2020-02-08_13:33:08.141[Status]Routing 119: Walk: 114
2020-02-08_13:33:08.242[Battery Energy]88.95
2020-02-08_13:33:08.587[Status]Routing 120: Walk: 114
2020-02-08_13:33:08.702[Battery Energy]88.70
2020-02-08_13:33:09.064[Status]Routing 121: Walk: 114
2020-02-08_13:33:09.167[Battery Energy]88.45
2020-02-08_13:33:09.507[Status]Routing 122: Walk: 114
2020-02-08_13:33:09.614[Battery Energy]88.22
2020-02-08_13:33:09.935[Status]Routing 123: Walk: 114
2020-02-08_13:33:10.038[Battery Energy]88.03
2020-02-08_13:33:10.354[Status]Routing 124: Walk: 114
2020-02-08_13:33:10.462[Battery Energy]87.80
2020-02-08_13:33:10.786[Status]Routing 125: Walk: 114
2020-02-08_13:33:10.890[Battery Energy]87.57
2020-02-08_13:33:11.187[Status]Routing 126: Walk: 114
2020-02-08_13:33:11.288[Battery Energy]87.39
2020-02-08_13:33:11.596[Status]Routing 127: Walk: 114
2020-02-08_13:33:11.698[Battery Energy]87.14
2020-02-08_13:33:11.950[Status]Routing 128: Walk: 114
2020-02-08_13:33:12.051[Battery Energy]86.96
2020-02-08_13:33:12.327[Status]Routing 129: Walk: 114
2020-02-08_13:33:12.427[Battery Energy]86.81
2020-02-08_13:33:12.599[Status]Routing 130: Walk: 114
2020-02-08_13:33:12.710[Battery Energy]86.68
2020-02-08_13:33:13.030[Status]Routing 131: Walk: 114
2020-02-08_13:33:13.136[Battery Energy]86.49
2020-02-08_13:33:13.429[Status]Routing 132: Walk: 114
2020-02-08_13:33:13.550[Battery Energy]86.27
2020-02-08_13:33:13.832[Status]Routing 133: Walk: 114
2020-02-08_13:33:13.946[Battery Energy]86.07
2020-02-08_13:33:14.207[Status]Routing 134: Walk: 114
2020-02-08_13:33:14.308[Battery Energy]85.87
2020-02-08_13:33:14.465[Status]Routing 135: Walk: 114
2020-02-08_13:33:14.572[Battery Energy]85.76
2020-02-08_13:33:14.718[Status]Routing 136: Walk: 114
2020-02-08_13:33:14.834[Battery Energy]85.66
2020-02-08_13:33:15.008[Status]Routing 137: Walk: 114
2020-02-08_13:33:15.114[Battery Energy]85.53
2020-02-08_13:33:15.268[Status]Routing 138: Walk: 114
2020-02-08_13:33:15.369[Battery Energy]85.42
2020-02-08_13:33:15.629[Status]Routing 139: Walk: 114
2020-02-08_13:33:15.738[Battery Energy]85.24
2020-02-08_13:33:15.911[Status]Routing 140: Walk: 114
2020-02-08_13:33:16.011[Battery Energy]85.10
2020-02-08_13:33:16.176[Status]Routing 141: Walk: 114
2020-02-08_13:33:16.276[Battery Energy]84.99
2020-02-08_13:33:16.460[Status]Routing 142: Walk: 114
2020-02-08_13:33:16.566[Battery Energy]84.85
2020-02-08_13:33:16.722[Status]Routing 143: Walk: 114
2020-02-08_13:33:16.834[Battery Energy]84.74
2020-02-08_13:33:16.984[Status]Routing 144: Walk: 114
2020-02-08_13:33:17.090[Battery Energy]84.62
2020-02-08_13:33:17.271[Status]Routing 145: Walk: 114
2020-02-08_13:33:17.376[Battery Energy]84.46
2020-02-08_13:33:17.524[Status]Routing 146: Walk: 114
2020-02-08_13:33:17.624[Battery Energy]84.34
2020-02-08_13:33:17.755[Status]Routing 147: Walk: 114
2020-02-08_13:33:17.855[Battery Energy]84.24
2020-02-08_13:33:18.027[Status]Routing 148: Walk: 114
2020-02-08_13:33:18.128[Battery Energy]84.12
2020-02-08_13:33:18.276[Status]Routing 149: Walk: 114
2020-02-08_13:33:18.385[Battery Energy]84.04
2020-02-08_13:33:18.544[Status]Routing 150: Walk: 114
2020-02-08_13:33:18.646[Battery Energy]83.94
2020-02-08_13:33:18.793[Status]Routing 151: Walk: 114
2020-02-08_13:33:18.893[Battery Energy]83.86
2020-02-08_13:33:19.067[Status]Routing 152: Walk: 114
2020-02-08_13:33:19.186[Battery Energy]83.73
2020-02-08_13:33:19.327[Status]Routing 153: Walk: 114
2020-02-08_13:33:19.435[Battery Energy]83.64
2020-02-08_13:33:19.610[Status]Routing 154: Walk: 114
2020-02-08_13:33:19.714[Battery Energy]83.52
2020-02-08_13:33:19.869[Status]Routing 155: Walk: 114
2020-02-08_13:33:19.973[Battery Energy]83.41
2020-02-08_13:33:20.131[Status]Routing 156: Walk: 114
2020-02-08_13:33:20.238[Battery Energy]83.31
2020-02-08_13:33:20.367[Status]Routing 157: Walk: 114
2020-02-08_13:33:20.468[Battery Energy]83.23
2020-02-08_13:33:20.633[Status]Routing 158: Walk: 114
2020-02-08_13:33:20.736[Battery Energy]83.14
2020-02-08_13:33:20.926[Status]Routing 159: Walk: 114
2020-02-08_13:33:21.034[Battery Energy]83.00
2020-02-08_13:33:21.215[Status]Routing 160: Walk: 114
2020-02-08_13:33:21.322[Battery Energy]82.86
2020-02-08_13:33:21.615[Status]Routing 161: Walk: 114
2020-02-08_13:33:21.726[Battery Energy]82.72
2020-02-08_13:33:21.871[Status]Routing 162: Walk: 114
2020-02-08_13:33:21.974[Battery Energy]82.60
2020-02-08_13:33:22.131[Status]Routing 163: Walk: 114
2020-02-08_13:33:22.232[Battery Energy]82.49
2020-02-08_13:33:22.415[Status]Routing 164: Walk: 114
2020-02-08_13:33:22.518[Battery Energy]82.40
2020-02-08_13:33:22.768[Status]Routing 165: Walk: 114
2020-02-08_13:33:22.882[Battery Energy]82.25
