2020-02-08_13:32:16.736[Status]Start.
2020-02-08_13:32:16.736[Battery Energy]123.00
2020-02-08_13:32:17.838[Battery Energy]122.96
2020-02-08_13:32:18.939[Battery Energy]122.92
2020-02-08_13:32:20.040[Battery Energy]122.88
2020-02-08_13:32:21.143[Battery Energy]122.84
2020-02-08_13:32:22.244[Task]A New Task Released.
2020-02-08_13:32:22.244[Battery Energy]122.80
2020-02-08_13:32:22.244[Status]Selection Start.
2020-02-08_13:32:27.288[Status]Selection End: Do Task 0.
2020-02-08_13:32:27.388[Battery Energy]119.22
2020-02-08_13:32:27.388[Status]Formation Start.
2020-02-08_13:32:27.556[Status]Formation End: To Position 5.
2020-02-08_13:32:27.666[Battery Energy]119.11
2020-02-08_13:32:27.666[Status]Routing Start.
2020-02-08_13:32:27.809[Status]{'id': 4, 'coordinate': [66.90525761957859, 309.6267296370414]}
2020-02-08_13:32:27.811[Status]Routing 1: Walk: 1
2020-02-08_13:32:27.912[Battery Energy]118.91
2020-02-08_13:32:27.912[Status]Routing Start.
2020-02-08_13:32:28.118[Status]{'id': 4, 'coordinate': [76.81051523915718, 308.25345927408284]}
2020-02-08_13:32:28.118[Status]Routing 2: Walk: 2
2020-02-08_13:32:28.225[Battery Energy]118.67
2020-02-08_13:32:28.225[Status]Routing Start.
2020-02-08_13:32:28.379[Status]{'id': 4, 'coordinate': [86.71577285873578, 306.88018891112426]}
2020-02-08_13:32:28.379[Status]Routing 3: Walk: 3
2020-02-08_13:32:28.486[Battery Energy]118.47
2020-02-08_13:32:28.486[Status]Routing Start.
2020-02-08_13:32:28.649[Status]{'id': 4, 'coordinate': [96.62103047831437, 305.5069185481657]}
2020-02-08_13:32:28.650[Status]Routing 4: Walk: 4
2020-02-08_13:32:28.758[Battery Energy]118.24
2020-02-08_13:32:28.758[Status]Routing Start.
2020-02-08_13:32:28.904[Status]{'id': 4, 'coordinate': [106.52628809789296, 304.1336481852071]}
2020-02-08_13:32:28.904[Status]Routing 5: Walk: 5
2020-02-08_13:32:29.006[Battery Energy]118.03
2020-02-08_13:32:29.006[Status]Routing Start.
2020-02-08_13:32:29.266[Status]{'id': 4, 'coordinate': [116.43154571747155, 302.76037782224853]}
2020-02-08_13:32:29.267[Status]Routing 6: Walk: 6
2020-02-08_13:32:29.367[Battery Energy]117.73
2020-02-08_13:32:29.367[Status]Routing Start.
2020-02-08_13:32:29.709[Status]{'id': 4, 'coordinate': [126.33680333705014, 301.38710745928995]}
2020-02-08_13:32:29.711[Status]Routing 7: Walk: 7
2020-02-08_13:32:29.811[Battery Energy]117.39
2020-02-08_13:32:29.812[Status]Routing Start.
2020-02-08_13:32:30.164[Status]{'id': 4, 'coordinate': [136.24206095662873, 300.0138370963314]}
2020-02-08_13:32:30.164[Status]Routing 8: Walk: 8
2020-02-08_13:32:30.266[Battery Energy]117.08
2020-02-08_13:32:30.266[Status]Routing Start.
2020-02-08_13:32:30.590[Status]{'id': 4, 'coordinate': [146.1473185762073, 298.6405667333728]}
2020-02-08_13:32:30.590[Status]Routing 9: Walk: 9
2020-02-08_13:32:30.692[Battery Energy]116.72
2020-02-08_13:32:30.692[Status]Routing Start.
2020-02-08_13:32:31.049[Status]{'id': 4, 'coordinate': [156.0525761957859, 297.2672963704142]}
2020-02-08_13:32:31.049[Status]Routing 10: Walk: 10
2020-02-08_13:32:31.152[Battery Energy]116.36
2020-02-08_13:32:31.152[Status]Routing Start.
2020-02-08_13:32:31.633[Status]Routing 11: Walk: 10
2020-02-08_13:32:31.734[Battery Energy]115.92
2020-02-08_13:32:31.734[Status]Routing Start.
2020-02-08_13:32:32.198[Status]Routing 12: Walk: 10
2020-02-08_13:32:32.298[Battery Energy]115.50
2020-02-08_13:32:32.298[Status]Routing Start.
2020-02-08_13:32:32.634[Status]Routing 13: Walk: 10
2020-02-08_13:32:32.734[Battery Energy]115.19
2020-02-08_13:32:32.734[Status]Routing Start.
2020-02-08_13:32:33.044[Status]Routing 14: Walk: 10
2020-02-08_13:32:33.144[Battery Energy]114.88
2020-02-08_13:32:33.144[Status]Routing Start.
2020-02-08_13:32:33.479[Status]Routing 15: Walk: 10
2020-02-08_13:32:33.579[Battery Energy]114.55
2020-02-08_13:32:33.579[Status]Routing Start.
2020-02-08_13:32:33.737[Status]{'id': 4, 'coordinate': [165.95783381536447, 295.89402600745564]}
2020-02-08_13:32:33.737[Status]Routing 16: Walk: 11
2020-02-08_13:32:33.837[Battery Energy]114.36
2020-02-08_13:32:33.837[Status]Routing Start.
2020-02-08_13:32:34.175[Status]{'id': 4, 'coordinate': [175.86309143494304, 294.52075564449706]}
2020-02-08_13:32:34.175[Status]Routing 17: Walk: 12
2020-02-08_13:32:34.282[Battery Energy]114.01
2020-02-08_13:32:34.282[Status]Routing Start.
2020-02-08_13:32:34.571[Status]{'id': 4, 'coordinate': [185.76834905452162, 293.1474852815385]}
2020-02-08_13:32:34.574[Status]Routing 18: Walk: 13
2020-02-08_13:32:34.675[Battery Energy]113.72
2020-02-08_13:32:34.675[Status]Routing Start.
2020-02-08_13:32:35.006[Status]{'id': 4, 'coordinate': [195.6736066741002, 291.77421491857996]}
2020-02-08_13:32:35.006[Status]Routing 19: Walk: 14
2020-02-08_13:32:35.114[Battery Energy]113.38
2020-02-08_13:32:35.114[Status]Routing Start.
2020-02-08_13:32:35.439[Status]{'id': 4, 'coordinate': [205.57886429367878, 290.4009445556214]}
2020-02-08_13:32:35.441[Status]Routing 20: Walk: 15
2020-02-08_13:32:35.542[Battery Energy]113.07
2020-02-08_13:32:35.542[Status]Routing Start.
2020-02-08_13:32:35.865[Status]{'id': 4, 'coordinate': [215.48412191325735, 289.02767419266286]}
2020-02-08_13:32:35.865[Status]Routing 21: Walk: 16
2020-02-08_13:32:35.966[Battery Energy]112.71
2020-02-08_13:32:35.966[Status]Routing Start.
2020-02-08_13:32:36.292[Status]{'id': 4, 'coordinate': [225.38937953283593, 287.65440382970434]}
2020-02-08_13:32:36.292[Status]Routing 22: Walk: 17
2020-02-08_13:32:36.402[Battery Energy]112.38
2020-02-08_13:32:36.402[Status]Routing Start.
2020-02-08_13:32:36.724[Status]{'id': 4, 'coordinate': [235.2946371524145, 286.28113346674576]}
2020-02-08_13:32:36.724[Status]Routing 23: Walk: 18
2020-02-08_13:32:36.830[Battery Energy]112.02
2020-02-08_13:32:36.830[Status]Routing Start.
2020-02-08_13:32:37.140[Status]{'id': 4, 'coordinate': [245.1998947719931, 284.90786310378724]}
2020-02-08_13:32:37.140[Status]Routing 24: Walk: 19
2020-02-08_13:32:37.253[Battery Energy]111.72
2020-02-08_13:32:37.253[Status]Routing Start.
2020-02-08_13:32:37.395[Status]{'id': 4, 'coordinate': [255.10515239157166, 283.53459274082866]}
2020-02-08_13:32:37.397[Status]Routing 25: Walk: 20
2020-02-08_13:32:37.502[Battery Energy]111.52
2020-02-08_13:32:37.502[Status]Routing Start.
2020-02-08_13:32:37.653[Status]{'id': 4, 'coordinate': [265.01041001115027, 282.16132237787014]}
2020-02-08_13:32:37.653[Status]Routing 26: Walk: 21
2020-02-08_13:32:37.758[Battery Energy]111.30
2020-02-08_13:32:37.758[Status]Routing Start.
2020-02-08_13:32:37.911[Status]{'id': 4, 'coordinate': [274.9156676307289, 280.78805201491156]}
2020-02-08_13:32:37.911[Status]Routing 27: Walk: 22
2020-02-08_13:32:38.011[Battery Energy]111.11
2020-02-08_13:32:38.011[Status]Routing Start.
2020-02-08_13:32:38.011[Status]Task Finished.
2020-02-08_13:32:38.111[Battery Energy]111.11
2020-02-08_13:32:38.353[Status]Routing 29: Walk: 22
2020-02-08_13:32:38.470[Battery Energy]110.93
2020-02-08_13:32:38.775[Status]Routing 30: Walk: 22
2020-02-08_13:32:38.886[Battery Energy]110.75
2020-02-08_13:32:39.178[Status]Routing 31: Walk: 22
2020-02-08_13:32:39.290[Battery Energy]110.55
2020-02-08_13:32:39.424[Status]Routing 32: Walk: 22
2020-02-08_13:32:39.524[Battery Energy]110.44
2020-02-08_13:32:40.015[Status]Routing 33: Walk: 22
2020-02-08_13:32:40.116[Battery Energy]109.96
2020-02-08_13:32:40.452[Status]Routing 34: Walk: 22
2020-02-08_13:32:40.552[Battery Energy]109.65
2020-02-08_13:32:40.831[Status]Routing 35: Walk: 22
2020-02-08_13:32:40.944[Battery Energy]109.34
2020-02-08_13:32:41.273[Status]Routing 36: Walk: 22
2020-02-08_13:32:41.373[Battery Energy]109.00
2020-02-08_13:32:41.506[Status]Routing 37: Walk: 22
2020-02-08_13:32:41.610[Battery Energy]108.92
2020-02-08_13:32:41.744[Status]Routing 38: Walk: 22
2020-02-08_13:32:41.844[Battery Energy]108.82
2020-02-08_13:32:42.097[Status]Routing 39: Walk: 22
2020-02-08_13:32:42.198[Battery Energy]108.66
2020-02-08_13:32:42.413[Status]Routing 40: Walk: 22
2020-02-08_13:32:42.513[Battery Energy]108.51
2020-02-08_13:32:42.897[Status]Routing 41: Walk: 22
2020-02-08_13:32:42.997[Battery Energy]108.25
2020-02-08_13:32:43.293[Status]Routing 42: Walk: 22
2020-02-08_13:32:43.396[Battery Energy]108.01
2020-02-08_13:32:43.727[Status]Routing 43: Walk: 22
2020-02-08_13:32:43.834[Battery Energy]107.79
2020-02-08_13:32:43.970[Status]Routing 44: Walk: 22
2020-02-08_13:32:44.086[Battery Energy]107.68
2020-02-08_13:32:44.370[Status]Routing 45: Walk: 22
2020-02-08_13:32:44.474[Battery Energy]107.52
2020-02-08_13:32:44.740[Status]Routing 46: Walk: 22
2020-02-08_13:32:44.843[Battery Energy]107.34
2020-02-08_13:32:44.999[Status]Routing 47: Walk: 22
2020-02-08_13:32:45.106[Battery Energy]107.23
2020-02-08_13:32:45.251[Status]Routing 48: Walk: 22
2020-02-08_13:32:45.351[Battery Energy]107.13
2020-02-08_13:32:45.529[Status]Routing 49: Walk: 22
2020-02-08_13:32:45.634[Battery Energy]106.98
2020-02-08_13:32:45.942[Status]Routing 50: Walk: 22
2020-02-08_13:32:46.050[Battery Energy]106.76
2020-02-08_13:32:46.231[Status]Routing 51: Walk: 22
2020-02-08_13:32:46.350[Battery Energy]106.63
2020-02-08_13:32:46.555[Status]Routing 52: Walk: 22
2020-02-08_13:32:46.655[Battery Energy]106.47
2020-02-08_13:32:46.816[Status]Routing 53: Walk: 22
2020-02-08_13:32:46.930[Battery Energy]106.35
2020-02-08_13:32:47.064[Status]Routing 54: Walk: 22
2020-02-08_13:32:47.168[Battery Energy]106.25
2020-02-08_13:32:47.314[Status]Routing 55: Walk: 22
2020-02-08_13:32:47.416[Battery Energy]106.14
2020-02-08_13:32:47.580[Status]Routing 56: Walk: 22
2020-02-08_13:32:47.686[Battery Energy]106.02
2020-02-08_13:32:47.982[Status]Routing 57: Walk: 22
2020-02-08_13:32:48.083[Battery Energy]105.85
2020-02-08_13:32:48.243[Status]Routing 58: Walk: 22
2020-02-08_13:32:48.350[Battery Energy]105.74
2020-02-08_13:32:48.482[Status]Routing 59: Walk: 22
2020-02-08_13:32:48.586[Battery Energy]105.62
2020-02-08_13:32:48.731[Status]Routing 60: Walk: 22
2020-02-08_13:32:48.838[Battery Energy]105.52
2020-02-08_13:32:49.028[Status]Routing 61: Walk: 22
2020-02-08_13:32:49.130[Battery Energy]105.38
2020-02-08_13:32:49.283[Status]Routing 62: Walk: 22
2020-02-08_13:32:49.383[Battery Energy]105.30
2020-02-08_13:32:49.572[Status]Routing 63: Walk: 22
2020-02-08_13:32:49.673[Battery Energy]105.18
2020-02-08_13:32:49.834[Status]Routing 64: Walk: 22
2020-02-08_13:32:49.934[Battery Energy]105.08
2020-02-08_13:32:50.283[Status]Routing 65: Walk: 22
2020-02-08_13:32:50.387[Battery Energy]104.82
2020-02-08_13:32:50.698[Status]Routing 66: Walk: 22
2020-02-08_13:32:50.798[Battery Energy]104.61
2020-02-08_13:32:51.113[Status]Routing 67: Walk: 22
2020-02-08_13:32:51.213[Battery Energy]104.40
2020-02-08_13:32:51.401[Status]Routing 68: Walk: 22
2020-02-08_13:32:51.509[Battery Energy]104.31
2020-02-08_13:32:51.692[Status]Routing 69: Walk: 22
2020-02-08_13:32:51.793[Battery Energy]104.16
2020-02-08_13:32:51.941[Status]Routing 70: Walk: 22
2020-02-08_13:32:52.046[Battery Energy]104.06
2020-02-08_13:32:52.190[Status]Routing 71: Walk: 22
2020-02-08_13:32:52.298[Battery Energy]103.97
2020-02-08_13:32:52.456[Status]Routing 72: Walk: 22
2020-02-08_13:32:52.566[Battery Energy]103.87
2020-02-08_13:32:52.723[Status]Routing 73: Walk: 22
2020-02-08_13:32:52.824[Battery Energy]103.75
2020-02-08_13:32:53.036[Status]Routing 74: Walk: 22
2020-02-08_13:32:53.146[Battery Energy]103.62
2020-02-08_13:32:53.279[Status]Routing 75: Walk: 22
2020-02-08_13:32:53.390[Battery Energy]103.52
2020-02-08_13:32:53.523[Status]Routing 76: Walk: 22
2020-02-08_13:32:53.623[Battery Energy]103.43
2020-02-08_13:32:53.791[Status]Routing 77: Walk: 22
2020-02-08_13:32:53.898[Battery Energy]103.33
2020-02-08_13:32:54.060[Status]Routing 78: Walk: 22
2020-02-08_13:32:54.170[Battery Energy]103.21
2020-02-08_13:32:54.350[Status]Routing 79: Walk: 22
2020-02-08_13:32:54.454[Battery Energy]103.10
2020-02-08_13:32:54.738[Status]Routing 80: Walk: 22
2020-02-08_13:32:54.850[Battery Energy]102.92
2020-02-08_13:32:54.983[Status]Routing 81: Walk: 22
2020-02-08_13:32:55.085[Battery Energy]102.82
2020-02-08_13:32:55.242[Status]Routing 82: Walk: 22
2020-02-08_13:32:55.344[Battery Energy]102.71
2020-02-08_13:32:55.506[Status]Routing 83: Walk: 22
2020-02-08_13:32:55.608[Battery Energy]102.60
2020-02-08_13:32:55.780[Status]Routing 84: Walk: 22
2020-02-08_13:32:55.883[Battery Energy]102.49
2020-02-08_13:32:56.027[Status]Routing 85: Walk: 22
2020-02-08_13:32:56.128[Battery Energy]102.41
2020-02-08_13:32:56.467[Status]Routing 86: Walk: 22
2020-02-08_13:32:56.587[Battery Energy]102.17
2020-02-08_13:32:56.728[Status]Routing 87: Walk: 22
2020-02-08_13:32:56.829[Battery Energy]102.06
2020-02-08_13:32:57.003[Status]Routing 88: Walk: 22
2020-02-08_13:32:57.110[Battery Energy]101.93
2020-02-08_13:32:57.291[Status]Routing 89: Walk: 22
2020-02-08_13:32:57.394[Battery Energy]101.82
2020-02-08_13:32:57.671[Status]Routing 90: Walk: 22
2020-02-08_13:32:57.778[Battery Energy]101.64
2020-02-08_13:32:57.925[Status]Routing 91: Walk: 22
2020-02-08_13:32:58.026[Battery Energy]101.53
2020-02-08_13:32:58.175[Status]Routing 92: Walk: 22
2020-02-08_13:32:58.275[Battery Energy]101.41
2020-02-08_13:32:58.623[Status]Routing 93: Walk: 22
2020-02-08_13:32:58.724[Battery Energy]101.17
2020-02-08_13:32:59.007[Status]Routing 94: Walk: 22
2020-02-08_13:32:59.109[Battery Energy]100.98
2020-02-08_13:32:59.417[Status]Routing 95: Walk: 22
2020-02-08_13:32:59.536[Battery Energy]100.75
2020-02-08_13:32:59.683[Status]Routing 96: Walk: 22
2020-02-08_13:32:59.783[Battery Energy]100.62
2020-02-08_13:33:00.161[Status]Routing 97: Walk: 22
2020-02-08_13:33:00.264[Battery Energy]100.34
2020-02-08_13:33:00.607[Status]Routing 98: Walk: 22
2020-02-08_13:33:00.709[Battery Energy]100.11
2020-02-08_13:33:01.058[Status]Routing 99: Walk: 22
2020-02-08_13:33:01.166[Battery Energy]99.88
2020-02-08_13:33:01.318[Status]Routing 100: Walk: 22
2020-02-08_13:33:01.422[Battery Energy]99.78
2020-02-08_13:33:01.730[Status]Routing 101: Walk: 22
2020-02-08_13:33:01.834[Battery Energy]99.58
2020-02-08_13:33:02.129[Status]Routing 102: Walk: 22
2020-02-08_13:33:02.229[Battery Energy]99.41
2020-02-08_13:33:02.380[Status]Routing 103: Walk: 22
2020-02-08_13:33:02.480[Battery Energy]99.29
2020-02-08_13:33:02.817[Status]Routing 104: Walk: 22
2020-02-08_13:33:02.921[Battery Energy]99.04
2020-02-08_13:33:03.071[Status]Routing 105: Walk: 22
2020-02-08_13:33:03.178[Battery Energy]98.95
2020-02-08_13:33:03.325[Status]Routing 106: Walk: 22
2020-02-08_13:33:03.434[Battery Energy]98.83
2020-02-08_13:33:03.576[Status]Routing 107: Walk: 22
2020-02-08_13:33:03.677[Battery Energy]98.71
2020-02-08_13:33:03.812[Status]Routing 108: Walk: 22
2020-02-08_13:33:03.922[Battery Energy]98.64
2020-02-08_13:33:04.076[Status]Routing 109: Walk: 22
2020-02-08_13:33:04.178[Battery Energy]98.56
2020-02-08_13:33:04.427[Status]Routing 110: Walk: 22
2020-02-08_13:33:04.538[Battery Energy]98.38
2020-02-08_13:33:04.675[Status]Routing 111: Walk: 22
2020-02-08_13:33:04.778[Battery Energy]98.29
2020-02-08_13:33:05.114[Status]Routing 112: Walk: 22
2020-02-08_13:33:05.215[Battery Energy]98.05
2020-02-08_13:33:05.468[Status]Routing 113: Walk: 22
2020-02-08_13:33:05.586[Battery Energy]97.90
2020-02-08_13:33:05.921[Status]Routing 114: Walk: 22
2020-02-08_13:33:06.030[Battery Energy]97.67
2020-02-08_13:33:06.395[Status]Routing 115: Walk: 22
2020-02-08_13:33:06.506[Battery Energy]97.39
2020-02-08_13:33:06.824[Status]Routing 116: Walk: 22
2020-02-08_13:33:06.925[Battery Energy]97.16
2020-02-08_13:33:07.250[Status]Routing 117: Walk: 22
2020-02-08_13:33:07.354[Battery Energy]96.97
2020-02-08_13:33:07.683[Status]Routing 118: Walk: 22
2020-02-08_13:33:07.784[Battery Energy]96.73
2020-02-08_13:33:08.130[Status]Routing 119: Walk: 22
2020-02-08_13:33:08.230[Battery Energy]96.51
2020-02-08_13:33:08.581[Status]Routing 120: Walk: 22
2020-02-08_13:33:08.681[Battery Energy]96.29
2020-02-08_13:33:09.067[Status]Routing 121: Walk: 22
2020-02-08_13:33:09.168[Battery Energy]96.04
2020-02-08_13:33:09.499[Status]Routing 122: Walk: 22
2020-02-08_13:33:09.599[Battery Energy]95.82
2020-02-08_13:33:09.933[Status]Routing 123: Walk: 22
2020-02-08_13:33:10.033[Battery Energy]95.60
2020-02-08_13:33:10.353[Status]Routing 124: Walk: 22
2020-02-08_13:33:10.462[Battery Energy]95.38
2020-02-08_13:33:10.779[Status]Routing 125: Walk: 22
2020-02-08_13:33:10.894[Battery Energy]95.14
2020-02-08_13:33:11.187[Status]Routing 126: Walk: 22
2020-02-08_13:33:11.290[Battery Energy]94.93
2020-02-08_13:33:11.608[Status]Routing 127: Walk: 22
2020-02-08_13:33:11.718[Battery Energy]94.76
2020-02-08_13:33:11.953[Status]Routing 128: Walk: 22
2020-02-08_13:33:12.057[Battery Energy]94.63
2020-02-08_13:33:12.315[Status]Routing 129: Walk: 22
2020-02-08_13:33:12.423[Battery Energy]94.44
2020-02-08_13:33:12.602[Status]Routing 130: Walk: 22
2020-02-08_13:33:12.710[Battery Energy]94.31
2020-02-08_13:33:13.024[Status]Routing 131: Walk: 22
2020-02-08_13:33:13.125[Battery Energy]94.11
2020-02-08_13:33:13.428[Status]Routing 132: Walk: 22
2020-02-08_13:33:13.534[Battery Energy]93.89
2020-02-08_13:33:13.830[Status]Routing 133: Walk: 22
2020-02-08_13:33:13.931[Battery Energy]93.69
2020-02-08_13:33:14.212[Status]Routing 134: Walk: 22
2020-02-08_13:33:14.313[Battery Energy]93.49
2020-02-08_13:33:14.467[Status]Routing 135: Walk: 22
2020-02-08_13:33:14.577[Battery Energy]93.40
2020-02-08_13:33:14.720[Status]Routing 136: Walk: 22
2020-02-08_13:33:14.826[Battery Energy]93.28
2020-02-08_13:33:15.009[Status]Routing 137: Walk: 22
2020-02-08_13:33:15.109[Battery Energy]93.14
2020-02-08_13:33:15.275[Status]Routing 138: Walk: 22
2020-02-08_13:33:15.386[Battery Energy]93.02
2020-02-08_13:33:15.631[Status]Routing 139: Walk: 22
2020-02-08_13:33:15.746[Battery Energy]92.84
2020-02-08_13:33:15.913[Status]Routing 140: Walk: 22
2020-02-08_13:33:16.026[Battery Energy]92.70
2020-02-08_13:33:16.173[Status]Routing 141: Walk: 22
2020-02-08_13:33:16.285[Battery Energy]92.60
2020-02-08_13:33:16.464[Status]Routing 142: Walk: 22
2020-02-08_13:33:16.566[Battery Energy]92.46
2020-02-08_13:33:16.719[Status]Routing 143: Walk: 22
2020-02-08_13:33:16.819[Battery Energy]92.33
2020-02-08_13:33:16.982[Status]Routing 144: Walk: 22
2020-02-08_13:33:17.082[Battery Energy]92.21
2020-02-08_13:33:17.268[Status]Routing 145: Walk: 22
2020-02-08_13:33:17.374[Battery Energy]92.07
2020-02-08_13:33:17.525[Status]Routing 146: Walk: 22
2020-02-08_13:33:17.634[Battery Energy]91.94
2020-02-08_13:33:17.756[Status]Routing 147: Walk: 22
2020-02-08_13:33:17.857[Battery Energy]91.84
2020-02-08_13:33:18.032[Status]Routing 148: Walk: 22
2020-02-08_13:33:18.135[Battery Energy]91.73
2020-02-08_13:33:18.279[Status]Routing 149: Walk: 22
2020-02-08_13:33:18.380[Battery Energy]91.61
2020-02-08_13:33:18.543[Status]Routing 150: Walk: 22
2020-02-08_13:33:18.650[Battery Energy]91.51
2020-02-08_13:33:18.788[Status]Routing 151: Walk: 22
2020-02-08_13:33:18.890[Battery Energy]91.41
2020-02-08_13:33:19.064[Status]Routing 152: Walk: 22
2020-02-08_13:33:19.168[Battery Energy]91.27
2020-02-08_13:33:19.327[Status]Routing 153: Walk: 22
2020-02-08_13:33:19.428[Battery Energy]91.14
2020-02-08_13:33:19.620[Status]Routing 154: Walk: 22
2020-02-08_13:33:19.730[Battery Energy]91.01
2020-02-08_13:33:19.868[Status]Routing 155: Walk: 22
2020-02-08_13:33:19.978[Battery Energy]90.91
2020-02-08_13:33:20.124[Status]Routing 156: Walk: 22
2020-02-08_13:33:20.224[Battery Energy]90.80
2020-02-08_13:33:20.361[Status]Routing 157: Walk: 22
2020-02-08_13:33:20.461[Battery Energy]90.70
2020-02-08_13:33:20.633[Status]Routing 158: Walk: 22
2020-02-08_13:33:20.738[Battery Energy]90.57
2020-02-08_13:33:20.919[Status]Routing 159: Walk: 22
2020-02-08_13:33:21.026[Battery Energy]90.46
2020-02-08_13:33:21.226[Status]Routing 160: Walk: 22
2020-02-08_13:33:21.327[Battery Energy]90.33
2020-02-08_13:33:21.599[Status]Routing 161: Walk: 22
2020-02-08_13:33:21.699[Battery Energy]90.13
2020-02-08_13:33:21.860[Status]Routing 162: Walk: 22
2020-02-08_13:33:21.974[Battery Energy]90.03
2020-02-08_13:33:22.123[Status]Routing 163: Walk: 22
2020-02-08_13:33:22.223[Battery Energy]89.92
2020-02-08_13:33:22.414[Status]Routing 164: Walk: 22
2020-02-08_13:33:22.518[Battery Energy]89.76
2020-02-08_13:33:22.768[Status]Routing 165: Walk: 22
2020-02-08_13:33:22.869[Battery Energy]89.61
