2020-02-08_11:46:48.808[Status]Start.
2020-02-08_11:46:48.809[Battery Energy]116.00
2020-02-08_11:46:49.910[Battery Energy]115.96
2020-02-08_11:46:51.011[Battery Energy]115.92
2020-02-08_11:46:52.112[Battery Energy]115.88
2020-02-08_11:46:53.214[Battery Energy]115.84
2020-02-08_11:46:54.315[Task]A New Task Released.
2020-02-08_11:46:54.316[Battery Energy]115.80
2020-02-08_11:46:54.316[Status]Selection Start.
2020-02-08_11:46:59.705[Status]Selection End: Do Task 0.
2020-02-08_11:46:59.813[Battery Energy]112.06
2020-02-08_11:46:59.814[Status]Formation Start.
2020-02-08_11:46:59.986[Status]number of tasks is 7
2020-02-08_11:46:59.992[Status]my group tasks is [ 525.  475.]
2020-02-08_11:47:00.001[Status]my group tasks is [ 449.69796037  631.36629649]
2020-02-08_11:47:00.003[Status]my group tasks is [ 280.49581321  669.98558244]
2020-02-08_11:47:00.006[Status]my group tasks is [ 144.80622642  561.77674782]
2020-02-08_11:47:00.013[Status]my group tasks is [ 144.80622642  388.22325218]
2020-02-08_11:47:00.025[Status]my group tasks is [ 280.49581321  280.01441756]
2020-02-08_11:47:00.034[Status]my group tasks is [ 449.69796037  318.63370351]
2020-02-08_11:47:00.079[Status]mygroup_robots_utility is {1: [32.34270563257427, 33.015447405333305, 36.41183291399482, 37.76677699745089, 43.21931157034518, 44.911432074896304, 31.224083421741376], 2: [33.578883331079304, 34.777275466672336, 35.08180709733934, 38.70376869291566, 39.3166064929303, 90.62852086462907, 46.21056593511067], 3: [36.241101572692, 86.32551689736214, 31.79644913093721, 36.28951599327828, 43.10702925605191, 30.335610740626677, 31.82063023331188], 4: [32.75811286405169, 33.75912853365558, 39.90052519340955, 60.242023534647004, 76.66656014195594, 30.451029072349435, 44.482232719450714], 5: [65.23329504061428, 34.24748648342535, 39.42575616318219, 72.27005166467508, 42.527489452626114, 93.58940092670363, 31.995810039765892], 6: [67.66432306200323, 37.563839888011174, 26.87879849395251, 27.766668004073203, 28.93479770700928, 78.9564904347584, 31.587917910348555], 7: [32.819154274475785, 32.13595375241445, 36.38948017615555, 46.830533103974645, 68.62547615919549, 42.82618475323189, 78.81070420220388]}
2020-02-08_11:47:00.080[Status]self.local_queue is [1, 2, 3, 4, 5, 6, 7]
2020-02-08_11:47:00.080[Status]task_chosen index is 5
2020-02-08_11:47:00.080[Status]task_chosen index is 6
2020-02-08_11:47:00.080[Status]task_chosen index is 1
2020-02-08_11:47:00.080[Status]task_chosen index is 4
2020-02-08_11:47:00.080[Status]task_chosen index is 3
2020-02-08_11:47:00.080[Status]myindex_in_queue is 3
2020-02-08_11:47:00.080[Status]task destination is [144.80622641951618, 561.7767478235116]
2020-02-08_11:47:00.190[Battery Energy]111.89
2020-02-08_11:47:00.190[Status]Routing Start.
2020-02-08_11:47:00.346[Status]{'coordinate': [125.83358243180537, 334.96519645212203], 'id': 5}
2020-02-08_11:47:00.346[Status]Routing 1: Walk: 1
2020-02-08_11:47:00.447[Battery Energy]111.67
2020-02-08_11:47:00.447[Status]Routing Start.
2020-02-08_11:47:00.587[Status]{'coordinate': [126.66716486361074, 344.93039290424406], 'id': 5}
2020-02-08_11:47:00.588[Status]Routing 2: Walk: 2
2020-02-08_11:47:00.710[Battery Energy]111.47
2020-02-08_11:47:00.710[Status]Routing Start.
2020-02-08_11:47:00.847[Status]{'coordinate': [127.5007472954161, 354.8955893563661], 'id': 5}
2020-02-08_11:47:00.847[Status]Routing 3: Walk: 3
2020-02-08_11:47:00.948[Battery Energy]111.25
2020-02-08_11:47:00.948[Status]Routing Start.
2020-02-08_11:47:01.101[Status]{'coordinate': [128.33432972722147, 364.8607858084881], 'id': 5}
2020-02-08_11:47:01.101[Status]Routing 4: Walk: 4
2020-02-08_11:47:01.206[Battery Energy]111.06
2020-02-08_11:47:01.206[Status]Routing Start.
2020-02-08_11:47:01.341[Status]{'coordinate': [129.16791215902683, 374.82598226061015], 'id': 5}
2020-02-08_11:47:01.342[Status]Routing 5: Walk: 5
2020-02-08_11:47:01.450[Battery Energy]110.86
2020-02-08_11:47:01.450[Status]Routing Start.
2020-02-08_11:47:01.791[Status]Routing 6: Walk: 5
2020-02-08_11:47:01.891[Battery Energy]110.55
2020-02-08_11:47:01.891[Status]Routing Start.
2020-02-08_11:47:02.283[Status]Routing 7: Walk: 5
2020-02-08_11:47:02.385[Battery Energy]110.21
2020-02-08_11:47:02.385[Status]Routing Start.
2020-02-08_11:47:02.673[Status]Routing 8: Walk: 5
2020-02-08_11:47:02.773[Battery Energy]109.94
2020-02-08_11:47:02.773[Status]Routing Start.
2020-02-08_11:47:03.059[Status]Routing 9: Walk: 5
2020-02-08_11:47:03.161[Battery Energy]109.65
2020-02-08_11:47:03.161[Status]Routing Start.
2020-02-08_11:47:03.486[Status]Routing 10: Walk: 5
2020-02-08_11:47:03.586[Battery Energy]109.35
2020-02-08_11:47:03.587[Status]Routing Start.
2020-02-08_11:47:03.917[Status]Routing 11: Walk: 5
2020-02-08_11:47:04.022[Battery Energy]109.05
2020-02-08_11:47:04.022[Status]Routing Start.
2020-02-08_11:47:04.354[Status]Routing 12: Walk: 5
2020-02-08_11:47:04.454[Battery Energy]108.75
2020-02-08_11:47:04.454[Status]Routing Start.
2020-02-08_11:47:04.793[Status]Routing 13: Walk: 5
2020-02-08_11:47:04.898[Battery Energy]108.42
2020-02-08_11:47:04.898[Status]Routing Start.
2020-02-08_11:47:05.216[Status]Routing 14: Walk: 5
2020-02-08_11:47:05.318[Battery Energy]108.15
2020-02-08_11:47:05.318[Status]Routing Start.
2020-02-08_11:47:05.674[Status]Routing 15: Walk: 5
2020-02-08_11:47:05.776[Battery Energy]107.81
2020-02-08_11:47:05.776[Status]Routing Start.
2020-02-08_11:47:06.119[Status]Routing 16: Walk: 5
2020-02-08_11:47:06.220[Battery Energy]107.51
2020-02-08_11:47:06.220[Status]Routing Start.
2020-02-08_11:47:06.542[Status]Routing 17: Walk: 5
2020-02-08_11:47:06.644[Battery Energy]107.16
2020-02-08_11:47:06.644[Status]Routing Start.
2020-02-08_11:47:06.791[Status]{'coordinate': [130.00149459083218, 384.7911787127322], 'id': 5}
2020-02-08_11:47:06.791[Status]Routing 18: Walk: 6
2020-02-08_11:47:06.892[Battery Energy]106.98
2020-02-08_11:47:06.892[Status]Routing Start.
2020-02-08_11:47:07.407[Status]Routing 19: Walk: 6
2020-02-08_11:47:07.508[Battery Energy]106.53
2020-02-08_11:47:07.508[Status]Routing Start.
2020-02-08_11:47:07.667[Status]{'coordinate': [130.83507702263753, 394.7563751648542], 'id': 5}
2020-02-08_11:47:07.667[Status]Routing 20: Walk: 7
2020-02-08_11:47:07.767[Battery Energy]106.31
2020-02-08_11:47:07.767[Status]Routing Start.
2020-02-08_11:47:08.227[Status]Routing 21: Walk: 7
2020-02-08_11:47:08.327[Battery Energy]105.91
2020-02-08_11:47:08.327[Status]Routing Start.
2020-02-08_11:47:08.691[Status]Routing 22: Walk: 7
2020-02-08_11:47:08.791[Battery Energy]105.59
2020-02-08_11:47:08.791[Status]Routing Start.
2020-02-08_11:47:09.106[Status]Routing 23: Walk: 7
2020-02-08_11:47:09.207[Battery Energy]105.27
2020-02-08_11:47:09.207[Status]Routing Start.
2020-02-08_11:47:09.519[Status]Routing 24: Walk: 7
2020-02-08_11:47:09.620[Battery Energy]105.00
2020-02-08_11:47:09.620[Status]Routing Start.
2020-02-08_11:47:09.922[Status]Routing 25: Walk: 7
2020-02-08_11:47:10.024[Battery Energy]104.73
2020-02-08_11:47:10.024[Status]Routing Start.
2020-02-08_11:47:10.300[Status]Routing 26: Walk: 7
2020-02-08_11:47:10.401[Battery Energy]104.45
2020-02-08_11:47:10.401[Status]Routing Start.
2020-02-08_11:47:10.590[Status]{'coordinate': [131.6686594544429, 404.72157161697623], 'id': 5}
2020-02-08_11:47:10.590[Status]Routing 27: Walk: 8
2020-02-08_11:47:10.690[Battery Energy]104.22
2020-02-08_11:47:10.690[Status]Routing Start.
2020-02-08_11:47:11.189[Status]Routing 28: Walk: 8
2020-02-08_11:47:11.289[Battery Energy]103.84
2020-02-08_11:47:11.290[Status]Routing Start.
2020-02-08_11:47:11.585[Status]Routing 29: Walk: 8
2020-02-08_11:47:11.687[Battery Energy]103.58
2020-02-08_11:47:11.687[Status]Routing Start.
2020-02-08_11:47:11.984[Status]Routing 30: Walk: 8
2020-02-08_11:47:12.088[Battery Energy]103.30
2020-02-08_11:47:12.088[Status]Routing Start.
2020-02-08_11:47:12.219[Status]{'coordinate': [132.50224188624824, 414.68676806909826], 'id': 5}
2020-02-08_11:47:12.222[Status]Routing 31: Walk: 9
2020-02-08_11:47:12.323[Battery Energy]103.12
2020-02-08_11:47:12.323[Status]Routing Start.
2020-02-08_11:47:12.818[Status]Routing 32: Walk: 9
2020-02-08_11:47:12.926[Battery Energy]102.69
2020-02-08_11:47:12.926[Status]Routing Start.
2020-02-08_11:47:13.239[Status]Routing 33: Walk: 9
2020-02-08_11:47:13.339[Battery Energy]102.38
2020-02-08_11:47:13.339[Status]Routing Start.
2020-02-08_11:47:13.672[Status]Routing 34: Walk: 9
2020-02-08_11:47:13.773[Battery Energy]102.09
2020-02-08_11:47:13.773[Status]Routing Start.
2020-02-08_11:47:14.087[Status]Routing 35: Walk: 9
2020-02-08_11:47:14.187[Battery Energy]101.79
2020-02-08_11:47:14.187[Status]Routing Start.
2020-02-08_11:47:14.522[Status]Routing 36: Walk: 9
2020-02-08_11:47:14.622[Battery Energy]101.46
2020-02-08_11:47:14.623[Status]Routing Start.
2020-02-08_11:47:14.844[Status]{'coordinate': [133.3358243180536, 424.6519645212203], 'id': 5}
2020-02-08_11:47:14.844[Status]Routing 37: Walk: 10
2020-02-08_11:47:14.950[Battery Energy]101.20
2020-02-08_11:47:14.950[Status]Routing Start.
2020-02-08_11:47:15.103[Status]{'coordinate': [134.16940674985895, 434.6171609733423], 'id': 5}
2020-02-08_11:47:15.103[Status]Routing 38: Walk: 11
2020-02-08_11:47:15.210[Battery Energy]101.01
2020-02-08_11:47:15.210[Status]Routing Start.
2020-02-08_11:47:15.555[Status]{'coordinate': [135.0029891816643, 444.58235742546435], 'id': 5}
2020-02-08_11:47:15.555[Status]Routing 39: Walk: 12
2020-02-08_11:47:15.655[Battery Energy]100.65
2020-02-08_11:47:15.655[Status]Routing Start.
2020-02-08_11:47:15.785[Status]{'coordinate': [135.8365716134697, 454.5475538775864], 'id': 5}
2020-02-08_11:47:15.797[Status]Routing 40: Walk: 13
2020-02-08_11:47:15.913[Battery Energy]100.44
2020-02-08_11:47:15.913[Status]Routing Start.
2020-02-08_11:47:16.120[Status]{'coordinate': [136.67015404527504, 464.5127503297084], 'id': 5}
2020-02-08_11:47:16.121[Status]Routing 41: Walk: 14
2020-02-08_11:47:16.221[Battery Energy]100.20
2020-02-08_11:47:16.221[Status]Routing Start.
2020-02-08_11:47:16.520[Status]{'coordinate': [137.50373647708042, 474.47794678183044], 'id': 5}
2020-02-08_11:47:16.520[Status]Routing 42: Walk: 15
2020-02-08_11:47:16.621[Battery Energy]99.92
2020-02-08_11:47:16.621[Status]Routing Start.
2020-02-08_11:47:16.781[Status]{'coordinate': [138.33731890888578, 484.44314323395247], 'id': 5}
2020-02-08_11:47:16.781[Status]Routing 43: Walk: 16
2020-02-08_11:47:16.889[Battery Energy]99.70
2020-02-08_11:47:16.889[Status]Routing Start.
2020-02-08_11:47:17.193[Status]{'coordinate': [139.17090134069116, 494.4083396860745], 'id': 5}
2020-02-08_11:47:17.193[Status]Routing 44: Walk: 17
2020-02-08_11:47:17.310[Battery Energy]99.41
2020-02-08_11:47:17.310[Status]Routing Start.
2020-02-08_11:47:17.433[Status]{'coordinate': [140.0044837724965, 504.3735361381965], 'id': 5}
2020-02-08_11:47:17.436[Status]Routing 45: Walk: 18
2020-02-08_11:47:17.539[Battery Energy]99.22
2020-02-08_11:47:17.539[Status]Routing Start.
2020-02-08_11:47:17.802[Status]{'coordinate': [140.8380662043019, 514.3387325903185], 'id': 5}
2020-02-08_11:47:17.802[Status]Routing 46: Walk: 19
2020-02-08_11:47:17.906[Battery Energy]98.93
2020-02-08_11:47:17.906[Status]Routing Start.
2020-02-08_11:47:18.232[Status]{'coordinate': [141.67164863610725, 524.3039290424405], 'id': 5}
2020-02-08_11:47:18.232[Status]Routing 47: Walk: 20
2020-02-08_11:47:18.341[Battery Energy]98.60
2020-02-08_11:47:18.341[Status]Routing Start.
2020-02-08_11:47:18.619[Status]{'coordinate': [142.50523106791263, 534.2691254945624], 'id': 5}
2020-02-08_11:47:18.620[Status]Routing 48: Walk: 21
2020-02-08_11:47:18.720[Battery Energy]98.30
2020-02-08_11:47:18.720[Status]Routing Start.
2020-02-08_11:47:18.987[Status]{'coordinate': [143.338813499718, 544.2343219466845], 'id': 5}
2020-02-08_11:47:18.987[Status]Routing 49: Walk: 22
2020-02-08_11:47:19.094[Battery Energy]98.03
2020-02-08_11:47:19.094[Status]Routing Start.
2020-02-08_11:47:19.267[Status]{'coordinate': [144.17239593152337, 554.1995183988065], 'id': 5}
2020-02-08_11:47:19.268[Status]Routing 50: Walk: 23
2020-02-08_11:47:19.378[Battery Energy]97.78
2020-02-08_11:47:19.378[Status]Routing Start.
2020-02-08_11:47:19.378[Status]Task Finished.
2020-02-08_11:47:19.478[Battery Energy]97.78
2020-02-08_11:47:19.678[Status]Routing 52: Walk: 23
2020-02-08_11:47:19.786[Battery Energy]97.64
2020-02-08_11:47:20.105[Status]Routing 53: Walk: 23
2020-02-08_11:47:20.205[Battery Energy]97.41
2020-02-08_11:47:20.494[Status]Routing 54: Walk: 23
2020-02-08_11:47:20.614[Battery Energy]97.21
2020-02-08_11:47:20.771[Status]Routing 55: Walk: 23
2020-02-08_11:47:20.886[Battery Energy]97.10
2020-02-08_11:47:21.039[Status]Routing 56: Walk: 23
2020-02-08_11:47:21.141[Battery Energy]97.01
2020-02-08_11:47:21.449[Status]Routing 57: Walk: 23
2020-02-08_11:47:21.550[Battery Energy]96.82
2020-02-08_11:47:21.712[Status]Routing 58: Walk: 23
2020-02-08_11:47:21.815[Battery Energy]96.72
2020-02-08_11:47:21.992[Status]Routing 59: Walk: 23
2020-02-08_11:47:22.105[Battery Energy]96.60
2020-02-08_11:47:22.245[Status]Routing 60: Walk: 23
2020-02-08_11:47:22.358[Battery Energy]96.51
2020-02-08_11:47:22.530[Status]Routing 61: Walk: 23
2020-02-08_11:47:22.641[Battery Energy]96.39
2020-02-08_11:47:22.784[Status]Routing 62: Walk: 23
2020-02-08_11:47:22.885[Battery Energy]96.27
2020-02-08_11:47:23.011[Status]Routing 63: Walk: 23
2020-02-08_11:47:23.112[Battery Energy]96.16
2020-02-08_11:47:23.251[Status]Routing 64: Walk: 23
2020-02-08_11:47:23.366[Battery Energy]96.04
2020-02-08_11:47:23.618[Status]Routing 65: Walk: 23
2020-02-08_11:47:23.719[Battery Energy]95.84
2020-02-08_11:47:23.902[Status]Routing 66: Walk: 23
2020-02-08_11:47:24.006[Battery Energy]95.72
2020-02-08_11:47:24.337[Status]Routing 67: Walk: 23
2020-02-08_11:47:24.438[Battery Energy]95.49
2020-02-08_11:47:24.757[Status]Routing 68: Walk: 23
2020-02-08_11:47:24.859[Battery Energy]95.30
2020-02-08_11:47:25.139[Status]Routing 69: Walk: 23
2020-02-08_11:47:25.246[Battery Energy]95.10
2020-02-08_11:47:25.395[Status]Routing 70: Walk: 23
2020-02-08_11:47:25.502[Battery Energy]94.99
2020-02-08_11:47:25.813[Status]Routing 71: Walk: 23
2020-02-08_11:47:25.915[Battery Energy]94.79
2020-02-08_11:47:26.070[Status]Routing 72: Walk: 23
2020-02-08_11:47:26.182[Battery Energy]94.69
2020-02-08_11:47:26.335[Status]Routing 73: Walk: 23
2020-02-08_11:47:26.449[Battery Energy]94.55
2020-02-08_11:47:26.593[Status]Routing 74: Walk: 23
2020-02-08_11:47:26.693[Battery Energy]94.45
2020-02-08_11:47:26.842[Status]Routing 75: Walk: 23
2020-02-08_11:47:26.942[Battery Energy]94.34
2020-02-08_11:47:27.091[Status]Routing 76: Walk: 23
2020-02-08_11:47:27.192[Battery Energy]94.25
2020-02-08_11:47:27.364[Status]Routing 77: Walk: 23
2020-02-08_11:47:27.467[Battery Energy]94.11
2020-02-08_11:47:27.645[Status]Routing 78: Walk: 23
2020-02-08_11:47:27.754[Battery Energy]94.01
2020-02-08_11:47:27.909[Status]Routing 79: Walk: 23
2020-02-08_11:47:28.018[Battery Energy]93.91
2020-02-08_11:47:28.159[Status]Routing 80: Walk: 23
2020-02-08_11:47:28.260[Battery Energy]93.79
2020-02-08_11:47:28.407[Status]Routing 81: Walk: 23
2020-02-08_11:47:28.507[Battery Energy]93.68
2020-02-08_11:47:28.685[Status]Routing 82: Walk: 23
2020-02-08_11:47:28.785[Battery Energy]93.57
2020-02-08_11:47:28.968[Status]Routing 83: Walk: 23
2020-02-08_11:47:29.078[Battery Energy]93.44
2020-02-08_11:47:29.232[Status]Routing 84: Walk: 23
2020-02-08_11:47:29.335[Battery Energy]93.32
2020-02-08_11:47:29.677[Status]Routing 85: Walk: 23
2020-02-08_11:47:29.777[Battery Energy]93.09
2020-02-08_11:47:30.066[Status]Routing 86: Walk: 23
2020-02-08_11:47:30.166[Battery Energy]92.88
2020-02-08_11:47:30.513[Status]Routing 87: Walk: 23
2020-02-08_11:47:30.616[Battery Energy]92.65
2020-02-08_11:47:30.942[Status]Routing 88: Walk: 23
2020-02-08_11:47:31.050[Battery Energy]92.46
2020-02-08_11:47:31.197[Status]Routing 89: Walk: 23
2020-02-08_11:47:31.306[Battery Energy]92.34
2020-02-08_11:47:31.446[Status]Routing 90: Walk: 23
2020-02-08_11:47:31.551[Battery Energy]92.23
2020-02-08_11:47:31.715[Status]Routing 91: Walk: 23
2020-02-08_11:47:31.822[Battery Energy]92.09
2020-02-08_11:47:31.963[Status]Routing 92: Walk: 23
2020-02-08_11:47:32.066[Battery Energy]91.99
2020-02-08_11:47:32.368[Status]Routing 93: Walk: 23
2020-02-08_11:47:32.468[Battery Energy]91.77
2020-02-08_11:47:32.850[Status]Routing 94: Walk: 23
2020-02-08_11:47:32.954[Battery Energy]91.53
2020-02-08_11:47:33.288[Status]Routing 95: Walk: 23
2020-02-08_11:47:33.395[Battery Energy]91.30
2020-02-08_11:47:33.511[Status]Routing 96: Walk: 23
2020-02-08_11:47:33.611[Battery Energy]91.21
2020-02-08_11:47:33.745[Status]Routing 97: Walk: 23
2020-02-08_11:47:33.849[Battery Energy]91.10
2020-02-08_11:47:34.136[Status]Routing 98: Walk: 23
2020-02-08_11:47:34.238[Battery Energy]90.92
2020-02-08_11:47:34.544[Status]Routing 99: Walk: 23
2020-02-08_11:47:34.650[Battery Energy]90.70
2020-02-08_11:47:34.885[Status]Routing 100: Walk: 23
2020-02-08_11:47:34.986[Battery Energy]90.52
2020-02-08_11:47:35.253[Status]Routing 101: Walk: 23
2020-02-08_11:47:35.355[Battery Energy]90.32
2020-02-08_11:47:35.687[Status]Routing 102: Walk: 23
2020-02-08_11:47:35.797[Battery Energy]90.09
2020-02-08_11:47:36.122[Status]Routing 103: Walk: 23
2020-02-08_11:47:36.228[Battery Energy]89.88
2020-02-08_11:47:36.523[Status]Routing 104: Walk: 23
2020-02-08_11:47:36.630[Battery Energy]89.66
2020-02-08_11:47:36.929[Status]Routing 105: Walk: 23
2020-02-08_11:47:37.029[Battery Energy]89.45
2020-02-08_11:47:37.345[Status]Routing 106: Walk: 23
2020-02-08_11:47:37.446[Battery Energy]89.25
2020-02-08_11:47:37.784[Status]Routing 107: Walk: 23
2020-02-08_11:47:37.885[Battery Energy]89.02
2020-02-08_11:47:38.269[Status]Routing 108: Walk: 23
2020-02-08_11:47:38.380[Battery Energy]88.74
2020-02-08_11:47:38.768[Status]Routing 109: Walk: 23
2020-02-08_11:47:38.874[Battery Energy]88.48
2020-02-08_11:47:39.188[Status]Routing 110: Walk: 23
2020-02-08_11:47:39.294[Battery Energy]88.29
2020-02-08_11:47:39.589[Status]Routing 111: Walk: 23
2020-02-08_11:47:39.694[Battery Energy]88.07
2020-02-08_11:47:39.992[Status]Routing 112: Walk: 23
2020-02-08_11:47:40.098[Battery Energy]87.87
2020-02-08_11:47:40.331[Status]Routing 113: Walk: 23
2020-02-08_11:47:40.431[Battery Energy]87.68
2020-02-08_11:47:40.684[Status]Routing 114: Walk: 23
2020-02-08_11:47:40.785[Battery Energy]87.49
2020-02-08_11:47:40.942[Status]Routing 115: Walk: 23
2020-02-08_11:47:41.050[Battery Energy]87.39
2020-02-08_11:47:41.198[Status]Routing 116: Walk: 23
2020-02-08_11:47:41.306[Battery Energy]87.28
2020-02-08_11:47:41.442[Status]Routing 117: Walk: 23
2020-02-08_11:47:41.546[Battery Energy]87.17
2020-02-08_11:47:41.801[Status]Routing 118: Walk: 23
2020-02-08_11:47:41.910[Battery Energy]86.98
2020-02-08_11:47:42.050[Status]Routing 119: Walk: 23
2020-02-08_11:47:42.158[Battery Energy]86.88
2020-02-08_11:47:42.492[Status]Routing 120: Walk: 23
2020-02-08_11:47:42.594[Battery Energy]86.68
2020-02-08_11:47:42.932[Status]Routing 121: Walk: 23
2020-02-08_11:47:43.046[Battery Energy]86.46
2020-02-08_11:47:43.443[Status]Routing 122: Walk: 23
2020-02-08_11:47:43.562[Battery Energy]86.19
2020-02-08_11:47:43.952[Status]Routing 123: Walk: 23
2020-02-08_11:47:44.053[Battery Energy]85.91
2020-02-08_11:47:44.399[Status]Routing 124: Walk: 23
2020-02-08_11:47:44.499[Battery Energy]85.66
2020-02-08_11:47:44.805[Status]Routing 125: Walk: 23
2020-02-08_11:47:44.914[Battery Energy]85.42
2020-02-08_11:47:45.242[Status]Routing 126: Walk: 23
2020-02-08_11:47:45.346[Battery Energy]85.21
2020-02-08_11:47:45.602[Status]Routing 127: Walk: 23
2020-02-08_11:47:45.702[Battery Energy]85.03
2020-02-08_11:47:46.040[Status]Routing 128: Walk: 23
2020-02-08_11:47:46.146[Battery Energy]84.78
2020-02-08_11:47:46.502[Status]Routing 129: Walk: 23
2020-02-08_11:47:46.618[Battery Energy]84.54
2020-02-08_11:47:46.761[Status]Routing 130: Walk: 23
2020-02-08_11:47:46.866[Battery Energy]84.46
2020-02-08_11:47:47.037[Status]Routing 131: Walk: 23
2020-02-08_11:47:47.143[Battery Energy]84.36
2020-02-08_11:47:47.306[Status]Routing 132: Walk: 23
2020-02-08_11:47:47.406[Battery Energy]84.26
2020-02-08_11:47:47.546[Status]Routing 133: Walk: 23
2020-02-08_11:47:47.662[Battery Energy]84.14
2020-02-08_11:47:47.767[Status]Routing 134: Walk: 23
2020-02-08_11:47:47.867[Battery Energy]84.05
2020-02-08_11:47:48.044[Status]Routing 135: Walk: 23
2020-02-08_11:47:48.150[Battery Energy]83.94
2020-02-08_11:47:48.331[Status]Routing 136: Walk: 23
2020-02-08_11:47:48.442[Battery Energy]83.85
2020-02-08_11:47:48.581[Status]Routing 137: Walk: 23
2020-02-08_11:47:48.706[Battery Energy]83.74
2020-02-08_11:47:48.836[Status]Routing 138: Walk: 23
2020-02-08_11:47:48.937[Battery Energy]83.64
2020-02-08_11:47:49.176[Status]Routing 139: Walk: 23
2020-02-08_11:47:49.284[Battery Energy]83.48
2020-02-08_11:47:49.541[Status]Routing 140: Walk: 23
2020-02-08_11:47:49.644[Battery Energy]83.29
2020-02-08_11:47:49.776[Status]Routing 141: Walk: 23
2020-02-08_11:47:49.878[Battery Energy]83.22
2020-02-08_11:47:50.044[Status]Routing 142: Walk: 23
2020-02-08_11:47:50.158[Battery Energy]83.10
2020-02-08_11:47:50.333[Status]Routing 143: Walk: 23
2020-02-08_11:47:50.438[Battery Energy]82.98
2020-02-08_11:47:50.601[Status]Routing 144: Walk: 23
2020-02-08_11:47:50.718[Battery Energy]82.87
2020-02-08_11:47:50.850[Status]Routing 145: Walk: 23
2020-02-08_11:47:50.961[Battery Energy]82.78
2020-02-08_11:47:51.118[Status]Routing 146: Walk: 23
2020-02-08_11:47:51.230[Battery Energy]82.66
2020-02-08_11:47:51.480[Status]Routing 147: Walk: 23
2020-02-08_11:47:51.590[Battery Energy]82.48
2020-02-08_11:47:51.743[Status]Routing 148: Walk: 23
2020-02-08_11:47:51.849[Battery Energy]82.36
2020-02-08_11:47:51.997[Status]Routing 149: Walk: 23
2020-02-08_11:47:52.118[Battery Energy]82.26
2020-02-08_11:47:52.247[Status]Routing 150: Walk: 23
2020-02-08_11:47:52.358[Battery Energy]82.16
2020-02-08_11:47:52.509[Status]Routing 151: Walk: 23
2020-02-08_11:47:52.628[Battery Energy]82.04
2020-02-08_11:47:52.747[Status]Routing 152: Walk: 23
2020-02-08_11:47:52.861[Battery Energy]81.96
2020-02-08_11:47:53.031[Status]Routing 153: Walk: 23
2020-02-08_11:47:53.138[Battery Energy]81.85
2020-02-08_11:47:53.283[Status]Routing 154: Walk: 23
2020-02-08_11:47:53.383[Battery Energy]81.74
2020-02-08_11:47:53.535[Status]Routing 155: Walk: 23
2020-02-08_11:47:53.645[Battery Energy]81.63
2020-02-08_11:47:53.838[Status]Routing 156: Walk: 23
2020-02-08_11:47:53.942[Battery Energy]81.50
2020-02-08_11:47:54.119[Status]Routing 157: Walk: 23
2020-02-08_11:47:54.226[Battery Energy]81.36
2020-02-08_11:47:54.368[Status]Routing 158: Walk: 23
2020-02-08_11:47:54.486[Battery Energy]81.24
2020-02-08_11:47:54.623[Status]Routing 159: Walk: 23
2020-02-08_11:47:54.728[Battery Energy]81.12
2020-02-08_11:47:54.870[Status]Routing 160: Walk: 23
2020-02-08_11:47:54.971[Battery Energy]80.99
2020-02-08_11:47:55.139[Status]Routing 161: Walk: 23
2020-02-08_11:47:55.243[Battery Energy]80.90
2020-02-08_11:47:55.404[Status]Routing 162: Walk: 23
2020-02-08_11:47:55.509[Battery Energy]80.79
2020-02-08_11:47:55.661[Status]Routing 163: Walk: 23
2020-02-08_11:47:55.774[Battery Energy]80.68
2020-02-08_11:47:55.905[Status]Routing 164: Walk: 23
2020-02-08_11:47:56.018[Battery Energy]80.58
2020-02-08_11:47:56.163[Status]Routing 165: Walk: 23
2020-02-08_11:47:56.263[Battery Energy]80.46
2020-02-08_11:47:56.420[Status]Routing 166: Walk: 23
2020-02-08_11:47:56.526[Battery Energy]80.36
2020-02-08_11:47:56.696[Status]Routing 167: Walk: 23
2020-02-08_11:47:56.799[Battery Energy]80.22
2020-02-08_11:47:56.948[Status]Routing 168: Walk: 23
2020-02-08_11:47:57.048[Battery Energy]80.10
2020-02-08_11:47:57.203[Status]Routing 169: Walk: 23
2020-02-08_11:47:57.314[Battery Energy]79.99
2020-02-08_11:47:57.458[Status]Routing 170: Walk: 23
2020-02-08_11:47:57.562[Battery Energy]79.89
2020-02-08_11:47:57.717[Status]Routing 171: Walk: 23
2020-02-08_11:47:57.830[Battery Energy]79.77
2020-02-08_11:47:57.958[Status]Routing 172: Walk: 23
2020-02-08_11:47:58.066[Battery Energy]79.65
2020-02-08_11:47:58.219[Status]Routing 173: Walk: 23
2020-02-08_11:47:58.319[Battery Energy]79.54
2020-02-08_11:47:58.468[Status]Routing 174: Walk: 23
2020-02-08_11:47:58.578[Battery Energy]79.43
2020-02-08_11:47:58.724[Status]Routing 175: Walk: 23
2020-02-08_11:47:58.833[Battery Energy]79.31
2020-02-08_11:47:59.012[Status]Routing 176: Walk: 23
2020-02-08_11:47:59.112[Battery Energy]79.20
2020-02-08_11:47:59.260[Status]Routing 177: Walk: 23
2020-02-08_11:47:59.360[Battery Energy]79.09
2020-02-08_11:47:59.528[Status]Routing 178: Walk: 23
2020-02-08_11:47:59.629[Battery Energy]78.98
2020-02-08_11:47:59.828[Status]Routing 179: Walk: 23
2020-02-08_11:47:59.935[Battery Energy]78.84
2020-02-08_11:48:00.085[Status]Routing 180: Walk: 23
2020-02-08_11:48:00.186[Battery Energy]78.72
2020-02-08_11:48:00.316[Status]Routing 181: Walk: 23
2020-02-08_11:48:00.426[Battery Energy]78.62
2020-02-08_11:48:00.560[Status]Routing 182: Walk: 23
2020-02-08_11:48:00.660[Battery Energy]78.51
2020-02-08_11:48:00.849[Status]Routing 183: Walk: 23
2020-02-08_11:48:00.952[Battery Energy]78.38
2020-02-08_11:48:01.121[Status]Routing 184: Walk: 23
2020-02-08_11:48:01.230[Battery Energy]78.26
2020-02-08_11:48:01.383[Status]Routing 185: Walk: 23
2020-02-08_11:48:01.498[Battery Energy]78.15
2020-02-08_11:48:01.624[Status]Routing 186: Walk: 23
2020-02-08_11:48:01.726[Battery Energy]78.07
2020-02-08_11:48:01.868[Status]Routing 187: Walk: 23
2020-02-08_11:48:01.969[Battery Energy]77.98
2020-02-08_11:48:02.135[Status]Routing 188: Walk: 23
2020-02-08_11:48:02.235[Battery Energy]77.85
2020-02-08_11:48:02.400[Status]Routing 189: Walk: 23
2020-02-08_11:48:02.502[Battery Energy]77.73
2020-02-08_11:48:02.669[Status]Routing 190: Walk: 23
2020-02-08_11:48:02.774[Battery Energy]77.59
2020-02-08_11:48:02.908[Status]Routing 191: Walk: 23
2020-02-08_11:48:03.012[Battery Energy]77.48
2020-02-08_11:48:03.156[Status]Routing 192: Walk: 23
2020-02-08_11:48:03.260[Battery Energy]77.38
2020-02-08_11:48:03.425[Status]Routing 193: Walk: 23
2020-02-08_11:48:03.542[Battery Energy]77.27
2020-02-08_11:48:03.660[Status]Routing 194: Walk: 23
2020-02-08_11:48:03.765[Battery Energy]77.18
2020-02-08_11:48:03.915[Status]Routing 195: Walk: 23
2020-02-08_11:48:04.015[Battery Energy]77.09
2020-02-08_11:48:04.165[Status]Routing 196: Walk: 23
2020-02-08_11:48:04.272[Battery Energy]76.99
2020-02-08_11:48:04.440[Status]Routing 197: Walk: 23
2020-02-08_11:48:04.540[Battery Energy]76.88
2020-02-08_11:48:04.668[Status]Routing 198: Walk: 23
2020-02-08_11:48:04.782[Battery Energy]76.77
2020-02-08_11:48:04.933[Status]Routing 199: Walk: 23
2020-02-08_11:48:05.046[Battery Energy]76.66
2020-02-08_11:48:05.198[Status]Routing 200: Walk: 23
2020-02-08_11:48:05.314[Battery Energy]76.55
2020-02-08_11:48:05.441[Status]Routing 201: Walk: 23
2020-02-08_11:48:05.546[Battery Energy]76.46
2020-02-08_11:48:05.718[Status]Routing 202: Walk: 23
2020-02-08_11:48:05.818[Battery Energy]76.37
2020-02-08_11:48:05.963[Status]Routing 203: Walk: 23
2020-02-08_11:48:06.064[Battery Energy]76.27
2020-02-08_11:48:06.229[Status]Routing 204: Walk: 23
2020-02-08_11:48:06.338[Battery Energy]76.17
2020-02-08_11:48:06.490[Status]Routing 205: Walk: 23
2020-02-08_11:48:06.606[Battery Energy]76.06
2020-02-08_11:48:06.722[Status]Routing 206: Walk: 23
2020-02-08_11:48:06.826[Battery Energy]75.96
2020-02-08_11:48:06.971[Status]Routing 207: Walk: 23
2020-02-08_11:48:07.072[Battery Energy]75.88
2020-02-08_11:48:07.214[Status]Routing 208: Walk: 23
2020-02-08_11:48:07.338[Battery Energy]75.77
2020-02-08_11:48:07.486[Status]Routing 209: Walk: 23
2020-02-08_11:48:07.590[Battery Energy]75.66
2020-02-08_11:48:07.725[Status]Routing 210: Walk: 23
2020-02-08_11:48:07.828[Battery Energy]75.56
2020-02-08_11:48:07.993[Status]Routing 211: Walk: 23
2020-02-08_11:48:08.093[Battery Energy]75.46
2020-02-08_11:48:08.248[Status]Routing 212: Walk: 23
2020-02-08_11:48:08.366[Battery Energy]75.38
2020-02-08_11:48:08.495[Status]Routing 213: Walk: 23
2020-02-08_11:48:08.614[Battery Energy]75.27
2020-02-08_11:48:08.736[Status]Routing 214: Walk: 23
2020-02-08_11:48:08.842[Battery Energy]75.17
2020-02-08_11:48:08.989[Status]Routing 215: Walk: 23
2020-02-08_11:48:09.101[Battery Energy]75.06
2020-02-08_11:48:09.244[Status]Routing 216: Walk: 23
2020-02-08_11:48:09.344[Battery Energy]74.95
2020-02-08_11:48:09.507[Status]Routing 217: Walk: 23
2020-02-08_11:48:09.618[Battery Energy]74.84
2020-02-08_11:48:09.753[Status]Routing 218: Walk: 23
2020-02-08_11:48:09.853[Battery Energy]74.75
2020-02-08_11:48:10.007[Status]Routing 219: Walk: 23
2020-02-08_11:48:10.108[Battery Energy]74.64
2020-02-08_11:48:10.255[Status]Routing 220: Walk: 23
2020-02-08_11:48:10.365[Battery Energy]74.52
2020-02-08_11:48:10.513[Status]Routing 221: Walk: 23
2020-02-08_11:48:10.614[Battery Energy]74.39
2020-02-08_11:48:10.762[Status]Routing 222: Walk: 23
2020-02-08_11:48:10.875[Battery Energy]74.31
2020-02-08_11:48:11.016[Status]Routing 223: Walk: 23
2020-02-08_11:48:11.122[Battery Energy]74.22
2020-02-08_11:48:11.286[Status]Routing 224: Walk: 23
2020-02-08_11:48:11.386[Battery Energy]74.10
2020-02-08_11:48:11.536[Status]Routing 225: Walk: 23
2020-02-08_11:48:11.646[Battery Energy]73.99
2020-02-08_11:48:11.790[Status]Routing 226: Walk: 23
2020-02-08_11:48:11.891[Battery Energy]73.86
2020-02-08_11:48:12.052[Status]Routing 227: Walk: 23
2020-02-08_11:48:12.152[Battery Energy]73.73
2020-02-08_11:48:12.309[Status]Routing 228: Walk: 23
2020-02-08_11:48:12.409[Battery Energy]73.64
2020-02-08_11:48:12.572[Status]Routing 229: Walk: 23
2020-02-08_11:48:12.672[Battery Energy]73.53
2020-02-08_11:48:12.842[Status]Routing 230: Walk: 23
2020-02-08_11:48:12.942[Battery Energy]73.38
2020-02-08_11:48:13.087[Status]Routing 231: Walk: 23
2020-02-08_11:48:13.194[Battery Energy]73.27
2020-02-08_11:48:13.329[Status]Routing 232: Walk: 23
2020-02-08_11:48:13.430[Battery Energy]73.16
2020-02-08_11:48:13.571[Status]Routing 233: Walk: 23
2020-02-08_11:48:13.684[Battery Energy]73.06
2020-02-08_11:48:13.830[Status]Routing 234: Walk: 23
2020-02-08_11:48:13.930[Battery Energy]72.97
2020-02-08_11:48:14.071[Status]Routing 235: Walk: 23
2020-02-08_11:48:14.171[Battery Energy]72.86
2020-02-08_11:48:14.297[Status]Routing 236: Walk: 23
2020-02-08_11:48:14.397[Battery Energy]72.77
2020-02-08_11:48:14.547[Status]Routing 237: Walk: 23
2020-02-08_11:48:14.647[Battery Energy]72.65
2020-02-08_11:48:14.798[Status]Routing 238: Walk: 23
2020-02-08_11:48:14.906[Battery Energy]72.53
2020-02-08_11:48:15.059[Status]Routing 239: Walk: 23
2020-02-08_11:48:15.174[Battery Energy]72.42
2020-02-08_11:48:15.300[Status]Routing 240: Walk: 23
2020-02-08_11:48:15.401[Battery Energy]72.32
2020-02-08_11:48:15.537[Status]Routing 241: Walk: 23
2020-02-08_11:48:15.638[Battery Energy]72.20
2020-02-08_11:48:15.802[Status]Routing 242: Walk: 23
2020-02-08_11:48:15.902[Battery Energy]72.08
2020-02-08_11:48:16.065[Status]Routing 243: Walk: 23
2020-02-08_11:48:16.174[Battery Energy]71.96
2020-02-08_11:48:16.339[Status]Routing 244: Walk: 23
2020-02-08_11:48:16.440[Battery Energy]71.88
2020-02-08_11:48:16.591[Status]Routing 245: Walk: 23
2020-02-08_11:48:16.691[Battery Energy]71.77
2020-02-08_11:48:16.840[Status]Routing 246: Walk: 23
2020-02-08_11:48:16.941[Battery Energy]71.67
2020-02-08_11:48:17.116[Status]Routing 247: Walk: 23
2020-02-08_11:48:17.230[Battery Energy]71.54
2020-02-08_11:48:17.386[Status]Routing 248: Walk: 23
2020-02-08_11:48:17.486[Battery Energy]71.43
2020-02-08_11:48:17.663[Status]Routing 249: Walk: 23
2020-02-08_11:48:17.763[Battery Energy]71.30
2020-02-08_11:48:17.929[Status]Routing 250: Walk: 23
2020-02-08_11:48:18.030[Battery Energy]71.20
2020-02-08_11:48:18.182[Status]Routing 251: Walk: 23
2020-02-08_11:48:18.285[Battery Energy]71.12
2020-02-08_11:48:18.462[Status]Routing 252: Walk: 23
2020-02-08_11:48:18.570[Battery Energy]71.03
2020-02-08_11:48:18.778[Status]Routing 253: Walk: 23
2020-02-08_11:48:18.883[Battery Energy]70.90
