2020-02-08_11:46:50.738[Status]Start.
2020-02-08_11:46:50.738[Battery Energy]116.00
2020-02-08_11:46:51.840[Battery Energy]115.96
2020-02-08_11:46:52.941[Battery Energy]115.92
2020-02-08_11:46:54.042[Battery Energy]115.88
2020-02-08_11:46:55.146[Battery Energy]115.84
2020-02-08_11:46:56.246[Task]A New Task Released.
2020-02-08_11:46:56.246[Battery Energy]115.80
2020-02-08_11:46:56.246[Status]Selection Start.
2020-02-08_11:46:59.700[Status]Selection End: Do Task 1.
2020-02-08_11:46:59.813[Battery Energy]113.42
2020-02-08_11:46:59.813[Status]Formation Start.
2020-02-08_11:46:59.969[Status]number of tasks is 7
2020-02-08_11:46:59.975[Status]my group tasks is [ 1300.   700.]
2020-02-08_11:46:59.976[Status]my group tasks is [ 1262.34898019   778.18314825]
2020-02-08_11:46:59.980[Status]my group tasks is [ 1177.7479066    797.49279122]
2020-02-08_11:46:59.983[Status]my group tasks is [ 1109.90311321   743.38837391]
2020-02-08_11:46:59.987[Status]my group tasks is [ 1109.90311321   656.61162609]
2020-02-08_11:46:59.991[Status]my group tasks is [ 1177.7479066    602.50720878]
2020-02-08_11:46:59.998[Status]my group tasks is [ 1262.34898019   621.81685175]
2020-02-08_11:47:00.039[Status]mygroup_robots_utility is {8: [16.18075024434686, 17.392358891111186, 14.945534172708678, 16.24531190920084, 17.42529172297273, 28.816772139180515, 14.901145179572703], 9: [16.276659886287614, 17.08316935060274, 14.938583854154968, 17.325247641934368, 28.536368362727643, 14.610771544897409, 15.80090784165605], 10: [32.036697672509504, 17.397679064061087, 14.70214783030748, 16.93829675756464, 17.86436765896997, 14.895117304164096, 15.530646689327297], 11: [16.44573154923073, 33.73287014711585, 15.980392833535353, 29.305192775711053, 13.879734910899913, 14.076493862751056, 15.148684071289512], 12: [16.290457279186807, 17.36140439487632, 34.88879409320084, 14.4063713471728, 32.25545390395476, 14.864937845518794, 14.976840738220359], 13: [16.668993279105063, 16.542073011857532, 34.579103365457, 14.261968418308731, 15.17381338630586, 14.315305564966629, 15.308593595243655], 14: [16.099248304205783, 14.112752757706973, 15.38677377981329, 13.341074976264533, 13.274296622763002, 14.281049060617757, 15.54452444522902]}
2020-02-08_11:47:00.044[Status]self.local_queue is [8, 9, 10, 11, 12, 13, 14]
2020-02-08_11:47:00.044[Status]task_chosen index is 5
2020-02-08_11:47:00.044[Status]task_chosen index is 4
2020-02-08_11:47:00.044[Status]task_chosen index is 0
2020-02-08_11:47:00.044[Status]task_chosen index is 1
2020-02-08_11:47:00.044[Status]task_chosen index is 2
2020-02-08_11:47:00.044[Status]task_chosen index is 6
2020-02-08_11:47:00.044[Status]myindex_in_queue is 6
2020-02-08_11:47:00.044[Status]task destination is [1262.3489801858734, 621.816851753197]
2020-02-08_11:47:00.146[Battery Energy]113.27
2020-02-08_11:47:00.146[Status]Routing Start.
2020-02-08_11:47:00.347[Status]{'coordinate': [140.48758613781968, 248.16001729068878], 'id': 13}
2020-02-08_11:47:00.347[Status]Routing 1: Walk: 1
2020-02-08_11:47:00.447[Battery Energy]113.02
2020-02-08_11:47:00.447[Status]Routing Start.
2020-02-08_11:47:00.584[Status]{'coordinate': [149.97517227563935, 251.32003458137757], 'id': 13}
2020-02-08_11:47:00.587[Status]Routing 2: Walk: 2
2020-02-08_11:47:00.687[Battery Energy]112.82
2020-02-08_11:47:00.687[Status]Routing Start.
2020-02-08_11:47:00.849[Status]{'coordinate': [159.46275841345903, 254.48005187206635], 'id': 13}
2020-02-08_11:47:00.849[Status]Routing 3: Walk: 3
2020-02-08_11:47:00.958[Battery Energy]112.64
2020-02-08_11:47:00.958[Status]Routing Start.
2020-02-08_11:47:01.102[Status]{'coordinate': [168.9503445512787, 257.64006916275514], 'id': 13}
2020-02-08_11:47:01.102[Status]Routing 4: Walk: 4
2020-02-08_11:47:01.210[Battery Energy]112.41
2020-02-08_11:47:01.210[Status]Routing Start.
2020-02-08_11:47:01.341[Status]{'coordinate': [178.43793068909838, 260.8000864534439], 'id': 13}
2020-02-08_11:47:01.341[Status]Routing 5: Walk: 5
2020-02-08_11:47:01.454[Battery Energy]112.21
2020-02-08_11:47:01.454[Status]Routing Start.
2020-02-08_11:47:01.604[Status]{'coordinate': [187.92551682691806, 263.96010374413265], 'id': 13}
2020-02-08_11:47:01.604[Status]Routing 6: Walk: 6
2020-02-08_11:47:01.718[Battery Energy]112.01
2020-02-08_11:47:01.718[Status]Routing Start.
2020-02-08_11:47:02.071[Status]{'coordinate': [197.41310296473773, 267.1201210348214], 'id': 13}
2020-02-08_11:47:02.071[Status]Routing 7: Walk: 7
2020-02-08_11:47:02.182[Battery Energy]111.68
2020-02-08_11:47:02.182[Status]Routing Start.
2020-02-08_11:47:02.504[Status]{'coordinate': [206.9006891025574, 270.28013832551017], 'id': 13}
2020-02-08_11:47:02.504[Status]Routing 8: Walk: 8
2020-02-08_11:47:02.604[Battery Energy]111.35
2020-02-08_11:47:02.604[Status]Routing Start.
2020-02-08_11:47:02.891[Status]{'coordinate': [216.38827524037708, 273.4401556161989], 'id': 13}
2020-02-08_11:47:02.892[Status]Routing 9: Walk: 9
2020-02-08_11:47:02.998[Battery Energy]111.02
2020-02-08_11:47:02.998[Status]Routing Start.
2020-02-08_11:47:03.329[Status]{'coordinate': [225.87586137819676, 276.6001729068877], 'id': 13}
2020-02-08_11:47:03.329[Status]Routing 10: Walk: 10
2020-02-08_11:47:03.429[Battery Energy]110.69
2020-02-08_11:47:03.429[Status]Routing Start.
2020-02-08_11:47:03.745[Status]{'coordinate': [235.36344751601644, 279.76019019757643], 'id': 13}
2020-02-08_11:47:03.748[Status]Routing 11: Walk: 11
2020-02-08_11:47:03.854[Battery Energy]110.38
2020-02-08_11:47:03.854[Status]Routing Start.
2020-02-08_11:47:04.188[Status]{'coordinate': [244.8510336538361, 282.9202074882652], 'id': 13}
2020-02-08_11:47:04.188[Status]Routing 12: Walk: 12
2020-02-08_11:47:04.288[Battery Energy]110.08
2020-02-08_11:47:04.288[Status]Routing Start.
2020-02-08_11:47:04.634[Status]{'coordinate': [254.3386197916558, 286.08022477895395], 'id': 13}
2020-02-08_11:47:04.636[Status]Routing 13: Walk: 13
2020-02-08_11:47:04.745[Battery Energy]109.76
2020-02-08_11:47:04.745[Status]Routing Start.
2020-02-08_11:47:05.068[Status]{'coordinate': [263.82620592947546, 289.2402420696427], 'id': 13}
2020-02-08_11:47:05.068[Status]Routing 14: Walk: 14
2020-02-08_11:47:05.176[Battery Energy]109.43
2020-02-08_11:47:05.176[Status]Routing Start.
2020-02-08_11:47:05.485[Status]{'coordinate': [273.31379206729514, 292.40025936033146], 'id': 13}
2020-02-08_11:47:05.485[Status]Routing 15: Walk: 15
2020-02-08_11:47:05.590[Battery Energy]109.10
2020-02-08_11:47:05.590[Status]Routing Start.
2020-02-08_11:47:05.945[Status]{'coordinate': [282.8013782051148, 295.5602766510203], 'id': 13}
2020-02-08_11:47:05.945[Status]Routing 16: Walk: 16
2020-02-08_11:47:06.047[Battery Energy]108.76
2020-02-08_11:47:06.047[Status]Routing Start.
2020-02-08_11:47:06.390[Status]{'coordinate': [292.2889643429345, 298.7202939417091], 'id': 13}
2020-02-08_11:47:06.390[Status]Routing 17: Walk: 17
2020-02-08_11:47:06.491[Battery Energy]108.41
2020-02-08_11:47:06.491[Status]Routing Start.
2020-02-08_11:47:06.804[Status]{'coordinate': [301.77655048075417, 301.88031123239784], 'id': 13}
2020-02-08_11:47:06.804[Status]Routing 18: Walk: 18
2020-02-08_11:47:06.904[Battery Energy]108.12
2020-02-08_11:47:06.904[Status]Routing Start.
2020-02-08_11:47:07.249[Status]{'coordinate': [311.26413661857384, 305.04032852308666], 'id': 13}
2020-02-08_11:47:07.249[Status]Routing 19: Walk: 19
2020-02-08_11:47:07.349[Battery Energy]107.78
2020-02-08_11:47:07.349[Status]Routing Start.
2020-02-08_11:47:07.664[Status]{'coordinate': [320.7517227563935, 308.20034581377547], 'id': 13}
2020-02-08_11:47:07.664[Status]Routing 20: Walk: 20
2020-02-08_11:47:07.766[Battery Energy]107.45
2020-02-08_11:47:07.766[Status]Routing Start.
2020-02-08_11:47:08.108[Status]{'coordinate': [330.2393088942132, 311.3603631044643], 'id': 13}
2020-02-08_11:47:08.108[Status]Routing 21: Walk: 21
2020-02-08_11:47:08.210[Battery Energy]107.12
2020-02-08_11:47:08.210[Status]Routing Start.
2020-02-08_11:47:08.538[Status]{'coordinate': [339.72689503203287, 314.5203803951531], 'id': 13}
2020-02-08_11:47:08.538[Status]Routing 22: Walk: 22
2020-02-08_11:47:08.638[Battery Energy]106.80
2020-02-08_11:47:08.638[Status]Routing Start.
2020-02-08_11:47:08.928[Status]{'coordinate': [349.21448116985255, 317.68039768584185], 'id': 13}
2020-02-08_11:47:08.928[Status]Routing 23: Walk: 23
2020-02-08_11:47:09.034[Battery Energy]106.48
2020-02-08_11:47:09.034[Status]Routing Start.
2020-02-08_11:47:09.348[Status]{'coordinate': [358.7020673076722, 320.84041497653067], 'id': 13}
2020-02-08_11:47:09.348[Status]Routing 24: Walk: 24
2020-02-08_11:47:09.448[Battery Energy]106.18
2020-02-08_11:47:09.448[Status]Routing Start.
2020-02-08_11:47:09.747[Status]{'coordinate': [368.1896534454919, 324.0004322672194], 'id': 13}
2020-02-08_11:47:09.747[Status]Routing 25: Walk: 25
2020-02-08_11:47:09.847[Battery Energy]105.85
2020-02-08_11:47:09.847[Status]Routing Start.
2020-02-08_11:47:10.162[Status]{'coordinate': [377.6772395833116, 327.16044955790824], 'id': 13}
2020-02-08_11:47:10.163[Status]Routing 26: Walk: 26
2020-02-08_11:47:10.274[Battery Energy]105.52
2020-02-08_11:47:10.274[Status]Routing Start.
2020-02-08_11:47:10.592[Status]{'coordinate': [387.16482572113125, 330.320466848597], 'id': 13}
2020-02-08_11:47:10.592[Status]Routing 27: Walk: 27
2020-02-08_11:47:10.693[Battery Energy]105.22
2020-02-08_11:47:10.694[Status]Routing Start.
2020-02-08_11:47:11.032[Status]{'coordinate': [396.6524118589509, 333.48048413928575], 'id': 13}
2020-02-08_11:47:11.032[Status]Routing 28: Walk: 28
2020-02-08_11:47:11.134[Battery Energy]104.90
2020-02-08_11:47:11.134[Status]Routing Start.
2020-02-08_11:47:11.425[Status]{'coordinate': [406.1399979967706, 336.64050142997456], 'id': 13}
2020-02-08_11:47:11.431[Status]Routing 29: Walk: 29
2020-02-08_11:47:11.538[Battery Energy]104.62
2020-02-08_11:47:11.538[Status]Routing Start.
2020-02-08_11:47:11.816[Status]{'coordinate': [415.6275841345903, 339.8005187206634], 'id': 13}
2020-02-08_11:47:11.816[Status]Routing 30: Walk: 30
2020-02-08_11:47:11.916[Battery Energy]104.32
2020-02-08_11:47:11.917[Status]Routing Start.
2020-02-08_11:47:12.224[Status]{'coordinate': [425.11517027240996, 342.96053601135213], 'id': 13}
2020-02-08_11:47:12.225[Status]Routing 31: Walk: 31
2020-02-08_11:47:12.330[Battery Energy]104.04
2020-02-08_11:47:12.330[Status]Routing Start.
2020-02-08_11:47:12.650[Status]{'coordinate': [434.60275641022963, 346.1205533020409], 'id': 13}
2020-02-08_11:47:12.651[Status]Routing 32: Walk: 32
2020-02-08_11:47:12.752[Battery Energy]103.76
2020-02-08_11:47:12.752[Status]Routing Start.
2020-02-08_11:47:13.079[Status]{'coordinate': [444.0903425480493, 349.28057059272965], 'id': 13}
2020-02-08_11:47:13.079[Status]Routing 33: Walk: 33
2020-02-08_11:47:13.179[Battery Energy]103.46
2020-02-08_11:47:13.179[Status]Routing Start.
2020-02-08_11:47:13.491[Status]{'coordinate': [453.577928685869, 352.44058788341846], 'id': 13}
2020-02-08_11:47:13.491[Status]Routing 34: Walk: 34
2020-02-08_11:47:13.594[Battery Energy]103.16
2020-02-08_11:47:13.594[Status]Routing Start.
2020-02-08_11:47:13.923[Status]{'coordinate': [463.06551482368866, 355.6006051741073], 'id': 13}
2020-02-08_11:47:13.923[Status]Routing 35: Walk: 35
2020-02-08_11:47:14.026[Battery Energy]102.83
2020-02-08_11:47:14.026[Status]Routing Start.
2020-02-08_11:47:14.358[Status]{'coordinate': [472.55310096150833, 358.7606224647961], 'id': 13}
2020-02-08_11:47:14.358[Status]Routing 36: Walk: 36
2020-02-08_11:47:14.462[Battery Energy]102.49
2020-02-08_11:47:14.462[Status]Routing Start.
2020-02-08_11:47:14.846[Status]{'coordinate': [482.040687099328, 361.9206397554849], 'id': 13}
2020-02-08_11:47:14.846[Status]Routing 37: Walk: 37
2020-02-08_11:47:14.958[Battery Energy]102.11
2020-02-08_11:47:14.958[Status]Routing Start.
2020-02-08_11:47:15.101[Status]{'coordinate': [491.5282732371477, 365.08065704617366], 'id': 13}
2020-02-08_11:47:15.102[Status]Routing 38: Walk: 38
2020-02-08_11:47:15.210[Battery Energy]101.90
2020-02-08_11:47:15.210[Status]Routing Start.
2020-02-08_11:47:15.544[Status]{'coordinate': [501.01585937496736, 368.24067433686247], 'id': 13}
2020-02-08_11:47:15.545[Status]Routing 39: Walk: 39
2020-02-08_11:47:15.654[Battery Energy]101.58
2020-02-08_11:47:15.654[Status]Routing Start.
2020-02-08_11:47:15.797[Status]{'coordinate': [510.50344551278704, 371.4006916275512], 'id': 13}
2020-02-08_11:47:15.797[Status]Routing 40: Walk: 40
2020-02-08_11:47:15.897[Battery Energy]101.38
2020-02-08_11:47:15.897[Status]Routing Start.
2020-02-08_11:47:16.288[Status]Routing 41: Walk: 40
2020-02-08_11:47:16.390[Battery Energy]101.09
2020-02-08_11:47:16.390[Status]Routing Start.
2020-02-08_11:47:16.524[Status]{'coordinate': [519.9910316506067, 374.56070891824004], 'id': 13}
2020-02-08_11:47:16.526[Status]Routing 42: Walk: 41
2020-02-08_11:47:16.630[Battery Energy]100.88
2020-02-08_11:47:16.630[Status]Routing Start.
2020-02-08_11:47:16.949[Status]Routing 43: Walk: 41
2020-02-08_11:47:17.049[Battery Energy]100.57
2020-02-08_11:47:17.049[Status]Routing Start.
2020-02-08_11:47:17.191[Status]{'coordinate': [529.4786177884264, 377.7207262089288], 'id': 13}
2020-02-08_11:47:17.191[Status]Routing 44: Walk: 42
2020-02-08_11:47:17.291[Battery Energy]100.35
2020-02-08_11:47:17.291[Status]Routing Start.
2020-02-08_11:47:17.584[Status]Routing 45: Walk: 42
2020-02-08_11:47:17.684[Battery Energy]100.06
2020-02-08_11:47:17.684[Status]Routing Start.
2020-02-08_11:47:17.992[Status]Routing 46: Walk: 42
2020-02-08_11:47:18.092[Battery Energy]99.71
2020-02-08_11:47:18.092[Status]Routing Start.
2020-02-08_11:47:18.391[Status]Routing 47: Walk: 42
2020-02-08_11:47:18.491[Battery Energy]99.42
2020-02-08_11:47:18.491[Status]Routing Start.
2020-02-08_11:47:18.766[Status]Routing 48: Walk: 42
2020-02-08_11:47:18.867[Battery Energy]99.15
2020-02-08_11:47:18.867[Status]Routing Start.
2020-02-08_11:47:18.988[Status]{'coordinate': [538.9662039262461, 380.8807434996176], 'id': 13}
2020-02-08_11:47:18.988[Status]Routing 49: Walk: 43
2020-02-08_11:47:19.110[Battery Energy]98.94
2020-02-08_11:47:19.110[Status]Routing Start.
2020-02-08_11:47:19.401[Status]Routing 50: Walk: 43
2020-02-08_11:47:19.506[Battery Energy]98.65
2020-02-08_11:47:19.506[Status]Routing Start.
2020-02-08_11:47:19.679[Status]{'coordinate': [548.4537900640657, 384.0407607903064], 'id': 13}
2020-02-08_11:47:19.679[Status]Routing 51: Walk: 44
2020-02-08_11:47:19.779[Battery Energy]98.43
2020-02-08_11:47:19.779[Status]Routing Start.
2020-02-08_11:47:20.105[Status]{'coordinate': [557.9413762018854, 387.2007780809952], 'id': 13}
2020-02-08_11:47:20.105[Status]Routing 52: Walk: 45
2020-02-08_11:47:20.205[Battery Energy]98.11
2020-02-08_11:47:20.205[Status]Routing Start.
2020-02-08_11:47:20.485[Status]{'coordinate': [567.4289623397051, 390.36079537168393], 'id': 13}
2020-02-08_11:47:20.485[Status]Routing 53: Walk: 46
2020-02-08_11:47:20.590[Battery Energy]97.78
2020-02-08_11:47:20.590[Status]Routing Start.
2020-02-08_11:47:20.767[Status]{'coordinate': [576.9165484775248, 393.52081266237275], 'id': 13}
2020-02-08_11:47:20.767[Status]Routing 54: Walk: 47
2020-02-08_11:47:20.867[Battery Energy]97.59
2020-02-08_11:47:20.867[Status]Routing Start.
2020-02-08_11:47:21.046[Status]{'coordinate': [586.4041346153444, 396.68082995306156], 'id': 13}
2020-02-08_11:47:21.046[Status]Routing 55: Walk: 48
2020-02-08_11:47:21.146[Battery Energy]97.38
2020-02-08_11:47:21.147[Status]Routing Start.
2020-02-08_11:47:21.452[Status]{'coordinate': [595.8917207531641, 399.8408472437503], 'id': 13}
2020-02-08_11:47:21.452[Status]Routing 56: Walk: 49
2020-02-08_11:47:21.554[Battery Energy]97.09
2020-02-08_11:47:21.554[Status]Routing Start.
2020-02-08_11:47:21.711[Status]{'coordinate': [605.3793068909838, 403.00086453443913], 'id': 13}
2020-02-08_11:47:21.711[Status]Routing 57: Walk: 50
2020-02-08_11:47:21.811[Battery Energy]96.87
2020-02-08_11:47:21.811[Status]Routing Start.
2020-02-08_11:47:21.990[Status]{'coordinate': [614.8668930288035, 406.16088182512794], 'id': 13}
2020-02-08_11:47:21.990[Status]Routing 58: Walk: 51
2020-02-08_11:47:22.106[Battery Energy]96.65
2020-02-08_11:47:22.106[Status]Routing Start.
2020-02-08_11:47:22.247[Status]{'coordinate': [624.3544791666232, 409.3208991158167], 'id': 13}
2020-02-08_11:47:22.251[Status]Routing 59: Walk: 52
2020-02-08_11:47:22.370[Battery Energy]96.46
2020-02-08_11:47:22.370[Status]Routing Start.
2020-02-08_11:47:22.529[Status]{'coordinate': [633.8420653044428, 412.4809164065055], 'id': 13}
2020-02-08_11:47:22.529[Status]Routing 60: Walk: 53
2020-02-08_11:47:22.630[Battery Energy]96.27
2020-02-08_11:47:22.630[Status]Routing Start.
2020-02-08_11:47:22.777[Status]{'coordinate': [643.3296514422625, 415.64093369719427], 'id': 13}
2020-02-08_11:47:22.777[Status]Routing 61: Walk: 54
2020-02-08_11:47:22.880[Battery Energy]96.05
2020-02-08_11:47:22.880[Status]Routing Start.
2020-02-08_11:47:23.008[Status]{'coordinate': [652.8172375800822, 418.800950987883], 'id': 13}
2020-02-08_11:47:23.008[Status]Routing 62: Walk: 55
2020-02-08_11:47:23.109[Battery Energy]95.85
2020-02-08_11:47:23.109[Status]Routing Start.
2020-02-08_11:47:23.253[Status]{'coordinate': [662.3048237179019, 421.96096827857184], 'id': 13}
2020-02-08_11:47:23.253[Status]Routing 63: Walk: 56
2020-02-08_11:47:23.353[Battery Energy]95.63
2020-02-08_11:47:23.353[Status]Routing Start.
2020-02-08_11:47:23.624[Status]{'coordinate': [671.7924098557215, 425.1209855692606], 'id': 13}
2020-02-08_11:47:23.624[Status]Routing 64: Walk: 57
2020-02-08_11:47:23.724[Battery Energy]95.31
2020-02-08_11:47:23.724[Status]Routing Start.
2020-02-08_11:47:24.040[Status]Routing 65: Walk: 57
2020-02-08_11:47:24.140[Battery Energy]95.03
2020-02-08_11:47:24.140[Status]Routing Start.
2020-02-08_11:47:24.502[Status]Routing 66: Walk: 57
2020-02-08_11:47:24.622[Battery Energy]94.73
2020-02-08_11:47:24.622[Status]Routing Start.
2020-02-08_11:47:24.890[Status]Routing 67: Walk: 57
2020-02-08_11:47:24.990[Battery Energy]94.46
2020-02-08_11:47:24.991[Status]Routing Start.
2020-02-08_11:47:25.140[Status]{'coordinate': [681.2799959935412, 428.2810028599494], 'id': 13}
2020-02-08_11:47:25.140[Status]Routing 68: Walk: 58
2020-02-08_11:47:25.240[Battery Energy]94.22
2020-02-08_11:47:25.240[Status]Routing Start.
2020-02-08_11:47:25.541[Status]Routing 69: Walk: 58
2020-02-08_11:47:25.642[Battery Energy]93.94
2020-02-08_11:47:25.642[Status]Routing Start.
2020-02-08_11:47:25.814[Status]{'coordinate': [690.7675821313609, 431.4410201506382], 'id': 13}
2020-02-08_11:47:25.814[Status]Routing 70: Walk: 59
2020-02-08_11:47:25.921[Battery Energy]93.72
2020-02-08_11:47:25.921[Status]Routing Start.
2020-02-08_11:47:26.068[Status]{'coordinate': [700.2551682691806, 434.601037441327], 'id': 13}
2020-02-08_11:47:26.068[Status]Routing 71: Walk: 60
2020-02-08_11:47:26.170[Battery Energy]93.50
2020-02-08_11:47:26.170[Status]Routing Start.
2020-02-08_11:47:26.335[Status]{'coordinate': [709.7427544070002, 437.7610547320158], 'id': 13}
2020-02-08_11:47:26.336[Status]Routing 72: Walk: 61
2020-02-08_11:47:26.454[Battery Energy]93.28
2020-02-08_11:47:26.454[Status]Routing Start.
2020-02-08_11:47:26.601[Status]{'coordinate': [719.2303405448199, 440.9210720227046], 'id': 13}
2020-02-08_11:47:26.601[Status]Routing 73: Walk: 62
2020-02-08_11:47:26.701[Battery Energy]93.09
2020-02-08_11:47:26.701[Status]Routing Start.
2020-02-08_11:47:26.844[Status]{'coordinate': [728.7179266826396, 444.08108931339336], 'id': 13}
2020-02-08_11:47:26.844[Status]Routing 74: Walk: 63
2020-02-08_11:47:26.954[Battery Energy]92.90
2020-02-08_11:47:26.954[Status]Routing Start.
2020-02-08_11:47:27.085[Status]{'coordinate': [738.2055128204593, 447.2411066040821], 'id': 13}
2020-02-08_11:47:27.085[Status]Routing 75: Walk: 64
2020-02-08_11:47:27.186[Battery Energy]92.72
2020-02-08_11:47:27.186[Status]Routing Start.
2020-02-08_11:47:27.367[Status]{'coordinate': [747.6930989582789, 450.40112389477093], 'id': 13}
2020-02-08_11:47:27.368[Status]Routing 76: Walk: 65
2020-02-08_11:47:27.471[Battery Energy]92.48
2020-02-08_11:47:27.471[Status]Routing Start.
2020-02-08_11:47:27.646[Status]{'coordinate': [757.1806850960986, 453.56114118545975], 'id': 13}
2020-02-08_11:47:27.646[Status]Routing 77: Walk: 66
2020-02-08_11:47:27.756[Battery Energy]92.25
2020-02-08_11:47:27.756[Status]Routing Start.
2020-02-08_11:47:27.915[Status]{'coordinate': [766.6682712339183, 456.7211584761485], 'id': 13}
2020-02-08_11:47:27.915[Status]Routing 78: Walk: 67
2020-02-08_11:47:28.022[Battery Energy]92.04
2020-02-08_11:47:28.022[Status]Routing Start.
2020-02-08_11:47:28.155[Status]{'coordinate': [776.155857371738, 459.8811757668373], 'id': 13}
2020-02-08_11:47:28.155[Status]Routing 79: Walk: 68
2020-02-08_11:47:28.262[Battery Energy]91.87
2020-02-08_11:47:28.262[Status]Routing Start.
2020-02-08_11:47:28.418[Status]{'coordinate': [785.6434435095576, 463.0411930575261], 'id': 13}
2020-02-08_11:47:28.418[Status]Routing 80: Walk: 69
2020-02-08_11:47:28.534[Battery Energy]91.66
2020-02-08_11:47:28.534[Status]Routing Start.
2020-02-08_11:47:28.683[Status]{'coordinate': [795.1310296473773, 466.2012103482149], 'id': 13}
2020-02-08_11:47:28.683[Status]Routing 81: Walk: 70
2020-02-08_11:47:28.783[Battery Energy]91.44
2020-02-08_11:47:28.783[Status]Routing Start.
2020-02-08_11:47:28.965[Status]{'coordinate': [804.618615785197, 469.36122763890364], 'id': 13}
2020-02-08_11:47:28.966[Status]Routing 82: Walk: 71
2020-02-08_11:47:29.066[Battery Energy]91.22
2020-02-08_11:47:29.066[Status]Routing Start.
2020-02-08_11:47:29.237[Status]{'coordinate': [814.1062019230167, 472.52124492959246], 'id': 13}
2020-02-08_11:47:29.239[Status]Routing 83: Walk: 72
2020-02-08_11:47:29.342[Battery Energy]90.98
2020-02-08_11:47:29.342[Status]Routing Start.
2020-02-08_11:47:29.664[Status]{'coordinate': [823.5937880608363, 475.68126222028127], 'id': 13}
2020-02-08_11:47:29.665[Status]Routing 84: Walk: 73
2020-02-08_11:47:29.774[Battery Energy]90.66
2020-02-08_11:47:29.774[Status]Routing Start.
2020-02-08_11:47:30.078[Status]{'coordinate': [833.081374198656, 478.84127951097], 'id': 13}
2020-02-08_11:47:30.078[Status]Routing 85: Walk: 74
2020-02-08_11:47:30.178[Battery Energy]90.40
2020-02-08_11:47:30.178[Status]Routing Start.
2020-02-08_11:47:30.508[Status]{'coordinate': [842.5689603364757, 482.0012968016588], 'id': 13}
2020-02-08_11:47:30.509[Status]Routing 86: Walk: 75
2020-02-08_11:47:30.609[Battery Energy]90.09
2020-02-08_11:47:30.609[Status]Routing Start.
2020-02-08_11:47:30.940[Status]{'coordinate': [852.0565464742954, 485.1613140923476], 'id': 13}
2020-02-08_11:47:30.941[Status]Routing 87: Walk: 76
2020-02-08_11:47:31.042[Battery Energy]89.76
2020-02-08_11:47:31.042[Status]Routing Start.
2020-02-08_11:47:31.190[Status]{'coordinate': [861.544132612115, 488.3213313830364], 'id': 13}
2020-02-08_11:47:31.190[Status]Routing 88: Walk: 77
2020-02-08_11:47:31.294[Battery Energy]89.55
2020-02-08_11:47:31.294[Status]Routing Start.
2020-02-08_11:47:31.454[Status]{'coordinate': [871.0317187499347, 491.48134867372517], 'id': 13}
2020-02-08_11:47:31.454[Status]Routing 89: Walk: 78
2020-02-08_11:47:31.554[Battery Energy]89.31
2020-02-08_11:47:31.554[Status]Routing Start.
2020-02-08_11:47:31.720[Status]{'coordinate': [880.5193048877544, 494.6413659644139], 'id': 13}
2020-02-08_11:47:31.722[Status]Routing 90: Walk: 79
2020-02-08_11:47:31.822[Battery Energy]89.07
2020-02-08_11:47:31.822[Status]Routing Start.
2020-02-08_11:47:31.964[Status]{'coordinate': [890.0068910255741, 497.80138325510273], 'id': 13}
2020-02-08_11:47:31.966[Status]Routing 91: Walk: 80
2020-02-08_11:47:32.066[Battery Energy]88.86
2020-02-08_11:47:32.066[Status]Routing Start.
2020-02-08_11:47:32.376[Status]{'coordinate': [899.4944771633938, 500.96140054579155], 'id': 13}
2020-02-08_11:47:32.377[Status]Routing 92: Walk: 81
2020-02-08_11:47:32.482[Battery Energy]88.54
2020-02-08_11:47:32.482[Status]Routing Start.
2020-02-08_11:47:32.855[Status]{'coordinate': [908.9820633012134, 504.1214178364803], 'id': 13}
2020-02-08_11:47:32.855[Status]Routing 93: Walk: 82
2020-02-08_11:47:32.955[Battery Energy]88.22
2020-02-08_11:47:32.955[Status]Routing Start.
2020-02-08_11:47:33.287[Status]{'coordinate': [918.4696494390331, 507.2814351271691], 'id': 13}
2020-02-08_11:47:33.287[Status]Routing 94: Walk: 83
2020-02-08_11:47:33.387[Battery Energy]87.91
2020-02-08_11:47:33.387[Status]Routing Start.
2020-02-08_11:47:33.512[Status]{'coordinate': [927.9572355768528, 510.4414524178579], 'id': 13}
2020-02-08_11:47:33.512[Status]Routing 95: Walk: 84
2020-02-08_11:47:33.618[Battery Energy]87.70
2020-02-08_11:47:33.618[Status]Routing Start.
2020-02-08_11:47:33.747[Status]{'coordinate': [937.4448217146725, 513.6014697085467], 'id': 13}
2020-02-08_11:47:33.747[Status]Routing 96: Walk: 85
2020-02-08_11:47:33.850[Battery Energy]87.50
2020-02-08_11:47:33.850[Status]Routing Start.
2020-02-08_11:47:34.142[Status]{'coordinate': [946.9324078524921, 516.7614869992354], 'id': 13}
2020-02-08_11:47:34.142[Status]Routing 97: Walk: 86
2020-02-08_11:47:34.243[Battery Energy]87.21
2020-02-08_11:47:34.243[Status]Routing Start.
2020-02-08_11:47:34.546[Status]{'coordinate': [956.4199939903118, 519.9215042899242], 'id': 13}
2020-02-08_11:47:34.546[Status]Routing 98: Walk: 87
2020-02-08_11:47:34.650[Battery Energy]86.88
2020-02-08_11:47:34.650[Status]Routing Start.
2020-02-08_11:47:34.882[Status]{'coordinate': [965.9075801281315, 523.081521580613], 'id': 13}
2020-02-08_11:47:34.882[Status]Routing 99: Walk: 88
2020-02-08_11:47:34.982[Battery Energy]86.59
2020-02-08_11:47:34.982[Status]Routing Start.
2020-02-08_11:47:35.261[Status]{'coordinate': [975.3951662659512, 526.2415388713017], 'id': 13}
2020-02-08_11:47:35.261[Status]Routing 100: Walk: 89
2020-02-08_11:47:35.361[Battery Energy]86.28
2020-02-08_11:47:35.362[Status]Routing Start.
2020-02-08_11:47:35.685[Status]{'coordinate': [984.8827524037708, 529.4015561619905], 'id': 13}
2020-02-08_11:47:35.686[Status]Routing 101: Walk: 90
2020-02-08_11:47:35.795[Battery Energy]85.96
2020-02-08_11:47:35.795[Status]Routing Start.
2020-02-08_11:47:36.127[Status]{'coordinate': [994.3703385415905, 532.5615734526792], 'id': 13}
2020-02-08_11:47:36.127[Status]Routing 102: Walk: 91
2020-02-08_11:47:36.230[Battery Energy]85.66
2020-02-08_11:47:36.230[Status]Routing Start.
2020-02-08_11:47:36.525[Status]{'coordinate': [1003.8579246794102, 535.721590743368], 'id': 13}
2020-02-08_11:47:36.528[Status]Routing 103: Walk: 92
2020-02-08_11:47:36.632[Battery Energy]85.34
2020-02-08_11:47:36.632[Status]Routing Start.
2020-02-08_11:47:36.928[Status]{'coordinate': [1013.3455108172299, 538.8816080340567], 'id': 13}
2020-02-08_11:47:36.928[Status]Routing 104: Walk: 93
2020-02-08_11:47:37.044[Battery Energy]85.05
2020-02-08_11:47:37.044[Status]Routing Start.
2020-02-08_11:47:37.332[Status]{'coordinate': [1022.8330969550495, 542.0416253247455], 'id': 13}
2020-02-08_11:47:37.332[Status]Routing 105: Walk: 94
2020-02-08_11:47:37.437[Battery Energy]84.73
2020-02-08_11:47:37.437[Status]Routing Start.
2020-02-08_11:47:37.785[Status]{'coordinate': [1032.320683092869, 545.2016426154343], 'id': 13}
2020-02-08_11:47:37.785[Status]Routing 106: Walk: 95
2020-02-08_11:47:37.885[Battery Energy]84.44
2020-02-08_11:47:37.885[Status]Routing Start.
2020-02-08_11:47:38.276[Status]{'coordinate': [1041.8082692306887, 548.361659906123], 'id': 13}
2020-02-08_11:47:38.276[Status]Routing 107: Walk: 96
2020-02-08_11:47:38.386[Battery Energy]84.09
2020-02-08_11:47:38.386[Status]Routing Start.
2020-02-08_11:47:38.768[Status]{'coordinate': [1051.2958553685082, 551.5216771968118], 'id': 13}
2020-02-08_11:47:38.768[Status]Routing 108: Walk: 97
2020-02-08_11:47:38.868[Battery Energy]83.71
2020-02-08_11:47:38.868[Status]Routing Start.
2020-02-08_11:47:39.190[Status]{'coordinate': [1060.7834415063278, 554.6816944875005], 'id': 13}
2020-02-08_11:47:39.190[Status]Routing 109: Walk: 98
2020-02-08_11:47:39.296[Battery Energy]83.35
2020-02-08_11:47:39.296[Status]Routing Start.
2020-02-08_11:47:39.588[Status]{'coordinate': [1070.2710276441474, 557.8417117781893], 'id': 13}
2020-02-08_11:47:39.588[Status]Routing 110: Walk: 99
2020-02-08_11:47:39.691[Battery Energy]83.04
2020-02-08_11:47:39.691[Status]Routing Start.
2020-02-08_11:47:39.995[Status]{'coordinate': [1079.758613781967, 561.001729068878], 'id': 13}
2020-02-08_11:47:39.995[Status]Routing 111: Walk: 100
2020-02-08_11:47:40.098[Battery Energy]82.74
2020-02-08_11:47:40.098[Status]Routing Start.
2020-02-08_11:47:40.334[Status]{'coordinate': [1089.2461999197865, 564.1617463595668], 'id': 13}
2020-02-08_11:47:40.336[Status]Routing 112: Walk: 101
2020-02-08_11:47:40.446[Battery Energy]82.45
2020-02-08_11:47:40.446[Status]Routing Start.
2020-02-08_11:47:40.683[Status]{'coordinate': [1098.733786057606, 567.3217636502555], 'id': 13}
2020-02-08_11:47:40.683[Status]Routing 113: Walk: 102
2020-02-08_11:47:40.794[Battery Energy]82.18
2020-02-08_11:47:40.794[Status]Routing Start.
2020-02-08_11:47:40.944[Status]{'coordinate': [1108.2213721954256, 570.4817809409443], 'id': 13}
2020-02-08_11:47:40.945[Status]Routing 114: Walk: 103
2020-02-08_11:47:41.058[Battery Energy]81.96
2020-02-08_11:47:41.058[Status]Routing Start.
2020-02-08_11:47:41.205[Status]{'coordinate': [1117.7089583332452, 573.6417982316331], 'id': 13}
2020-02-08_11:47:41.206[Status]Routing 115: Walk: 104
2020-02-08_11:47:41.310[Battery Energy]81.76
2020-02-08_11:47:41.310[Status]Routing Start.
2020-02-08_11:47:41.439[Status]{'coordinate': [1127.1965444710647, 576.8018155223218], 'id': 13}
2020-02-08_11:47:41.440[Status]Routing 116: Walk: 105
2020-02-08_11:47:41.546[Battery Energy]81.54
2020-02-08_11:47:41.546[Status]Routing Start.
2020-02-08_11:47:41.810[Status]{'coordinate': [1136.6841306088843, 579.9618328130106], 'id': 13}
2020-02-08_11:47:41.811[Status]Routing 117: Walk: 106
2020-02-08_11:47:41.918[Battery Energy]81.30
2020-02-08_11:47:41.918[Status]Routing Start.
2020-02-08_11:47:42.063[Status]{'coordinate': [1146.1717167467039, 583.1218501036993], 'id': 13}
2020-02-08_11:47:42.063[Status]Routing 118: Walk: 107
2020-02-08_11:47:42.170[Battery Energy]81.10
2020-02-08_11:47:42.170[Status]Routing Start.
2020-02-08_11:47:42.689[Status]Routing 119: Walk: 107
2020-02-08_11:47:42.793[Battery Energy]80.70
2020-02-08_11:47:42.793[Status]Routing Start.
2020-02-08_11:47:43.097[Status]Routing 120: Walk: 107
2020-02-08_11:47:43.199[Battery Energy]80.41
2020-02-08_11:47:43.199[Status]Routing Start.
2020-02-08_11:47:43.452[Status]{'coordinate': [1155.6593028845234, 586.2818673943881], 'id': 13}
2020-02-08_11:47:43.452[Status]Routing 121: Walk: 108
2020-02-08_11:47:43.554[Battery Energy]80.12
2020-02-08_11:47:43.554[Status]Routing Start.
2020-02-08_11:47:44.157[Status]{'coordinate': [1150.4370423643063, 594.8099383989577], 'id': 13}
2020-02-08_11:47:44.158[Status]Routing 122: Walk: 109
2020-02-08_11:47:44.258[Battery Energy]79.63
2020-02-08_11:47:44.258[Status]Routing Start.
2020-02-08_11:47:44.562[Status]{'coordinate': [1143.6993110886337, 602.1993211375107], 'id': 13}
2020-02-08_11:47:44.567[Status]Routing 123: Walk: 110
2020-02-08_11:47:44.668[Battery Energy]79.27
2020-02-08_11:47:44.668[Status]Routing Start.
2020-02-08_11:47:44.998[Status]{'coordinate': [1140.073265170508, 611.5187519677515], 'id': 13}
2020-02-08_11:47:44.998[Status]Routing 124: Walk: 111
2020-02-08_11:47:45.098[Battery Energy]78.89
2020-02-08_11:47:45.099[Status]Routing Start.
2020-02-08_11:47:45.243[Status]{'coordinate': [1150.0379874193509, 612.3579840592583], 'id': 13}
2020-02-08_11:47:45.243[Status]Routing 125: Walk: 112
2020-02-08_11:47:45.350[Battery Energy]78.69
2020-02-08_11:47:45.350[Status]Routing Start.
2020-02-08_11:47:45.806[Status]{'coordinate': [1148.2020726364178, 622.1880103516854], 'id': 13}
2020-02-08_11:47:45.808[Status]Routing 126: Walk: 113
2020-02-08_11:47:45.909[Battery Energy]78.25
2020-02-08_11:47:45.909[Status]Routing Start.
2020-02-08_11:47:46.248[Status]{'coordinate': [1151.3285137813937, 631.6867137246202], 'id': 13}
2020-02-08_11:47:46.248[Status]Routing 127: Walk: 114
2020-02-08_11:47:46.348[Battery Energy]77.86
2020-02-08_11:47:46.349[Status]Routing Start.
2020-02-08_11:47:46.496[Status]{'coordinate': [1161.289229299341, 630.8011933293034], 'id': 13}
2020-02-08_11:47:46.496[Status]Routing 128: Walk: 115
2020-02-08_11:47:46.596[Battery Energy]77.67
2020-02-08_11:47:46.597[Status]Routing Start.
2020-02-08_11:47:46.769[Status]{'coordinate': [1171.2499448172885, 629.9156729339866], 'id': 13}
2020-02-08_11:47:46.769[Status]Routing 129: Walk: 116
2020-02-08_11:47:46.869[Battery Energy]77.46
2020-02-08_11:47:46.869[Status]Routing Start.
2020-02-08_11:47:47.037[Status]{'coordinate': [1181.2106603352358, 629.0301525386698], 'id': 13}
2020-02-08_11:47:47.037[Status]Routing 130: Walk: 117
2020-02-08_11:47:47.139[Battery Energy]77.22
2020-02-08_11:47:47.139[Status]Routing Start.
2020-02-08_11:47:47.310[Status]{'coordinate': [1191.1713758531832, 628.144632143353], 'id': 13}
2020-02-08_11:47:47.310[Status]Routing 131: Walk: 118
2020-02-08_11:47:47.411[Battery Energy]77.00
2020-02-08_11:47:47.411[Status]Routing Start.
2020-02-08_11:47:47.541[Status]{'coordinate': [1201.1320913711306, 627.2591117480362], 'id': 13}
2020-02-08_11:47:47.541[Status]Routing 132: Walk: 119
2020-02-08_11:47:47.646[Battery Energy]76.80
2020-02-08_11:47:47.646[Status]Routing Start.
2020-02-08_11:47:47.776[Status]{'coordinate': [1211.092806889078, 626.3735913527194], 'id': 13}
2020-02-08_11:47:47.776[Status]Routing 133: Walk: 120
2020-02-08_11:47:47.885[Battery Energy]76.60
2020-02-08_11:47:47.885[Status]Routing Start.
2020-02-08_11:47:48.045[Status]{'coordinate': [1221.0535224070254, 625.4880709574026], 'id': 13}
2020-02-08_11:47:48.045[Status]Routing 134: Walk: 121
2020-02-08_11:47:48.154[Battery Energy]76.40
2020-02-08_11:47:48.154[Status]Routing Start.
2020-02-08_11:47:48.329[Status]{'coordinate': [1231.0142379249728, 624.6025505620858], 'id': 13}
2020-02-08_11:47:48.329[Status]Routing 135: Walk: 122
2020-02-08_11:47:48.434[Battery Energy]76.17
2020-02-08_11:47:48.434[Status]Routing Start.
2020-02-08_11:47:48.576[Status]{'coordinate': [1240.9749534429202, 623.7170301667688], 'id': 13}
2020-02-08_11:47:48.576[Status]Routing 136: Walk: 123
2020-02-08_11:47:48.677[Battery Energy]75.97
2020-02-08_11:47:48.677[Status]Routing Start.
2020-02-08_11:47:48.830[Status]{'coordinate': [1250.9356689608676, 622.8315097714519], 'id': 13}
2020-02-08_11:47:48.830[Status]Routing 137: Walk: 124
2020-02-08_11:47:48.932[Battery Energy]75.76
2020-02-08_11:47:48.932[Status]Routing Start.
2020-02-08_11:47:49.181[Status]{'coordinate': [1260.896384478815, 621.9459893761351], 'id': 13}
2020-02-08_11:47:49.181[Status]Routing 138: Walk: 125
2020-02-08_11:47:49.293[Battery Energy]75.48
2020-02-08_11:47:49.293[Status]Routing Start.
2020-02-08_11:47:49.293[Status]Task Finished.
2020-02-08_11:47:49.393[Battery Energy]75.48
2020-02-08_11:47:49.543[Status]Routing 140: Walk: 125
2020-02-08_11:47:49.649[Battery Energy]75.35
2020-02-08_11:47:49.788[Status]Routing 141: Walk: 125
2020-02-08_11:47:49.889[Battery Energy]75.24
2020-02-08_11:47:50.039[Status]Routing 142: Walk: 125
2020-02-08_11:47:50.154[Battery Energy]75.11
2020-02-08_11:47:50.332[Status]Routing 143: Walk: 125
2020-02-08_11:47:50.433[Battery Energy]74.99
2020-02-08_11:47:50.599[Status]Routing 144: Walk: 125
2020-02-08_11:47:50.706[Battery Energy]74.88
2020-02-08_11:47:50.848[Status]Routing 145: Walk: 125
2020-02-08_11:47:50.953[Battery Energy]74.76
2020-02-08_11:47:51.118[Status]Routing 146: Walk: 125
2020-02-08_11:47:51.226[Battery Energy]74.66
2020-02-08_11:47:51.479[Status]Routing 147: Walk: 125
2020-02-08_11:47:51.586[Battery Energy]74.49
2020-02-08_11:47:51.749[Status]Routing 148: Walk: 125
2020-02-08_11:47:51.866[Battery Energy]74.37
2020-02-08_11:47:51.999[Status]Routing 149: Walk: 125
2020-02-08_11:47:52.106[Battery Energy]74.26
2020-02-08_11:47:52.243[Status]Routing 150: Walk: 125
2020-02-08_11:47:52.366[Battery Energy]74.16
2020-02-08_11:47:52.505[Status]Routing 151: Walk: 125
2020-02-08_11:47:52.610[Battery Energy]74.05
2020-02-08_11:47:52.740[Status]Routing 152: Walk: 125
2020-02-08_11:47:52.841[Battery Energy]73.95
2020-02-08_11:47:53.031[Status]Routing 153: Walk: 125
2020-02-08_11:47:53.143[Battery Energy]73.82
2020-02-08_11:47:53.284[Status]Routing 154: Walk: 125
2020-02-08_11:47:53.384[Battery Energy]73.70
2020-02-08_11:47:53.528[Status]Routing 155: Walk: 125
2020-02-08_11:47:53.642[Battery Energy]73.62
2020-02-08_11:47:53.837[Status]Routing 156: Walk: 125
2020-02-08_11:47:53.948[Battery Energy]73.49
2020-02-08_11:47:54.114[Status]Routing 157: Walk: 125
2020-02-08_11:47:54.215[Battery Energy]73.36
2020-02-08_11:47:54.376[Status]Routing 158: Walk: 125
2020-02-08_11:47:54.476[Battery Energy]73.24
2020-02-08_11:47:54.619[Status]Routing 159: Walk: 125
2020-02-08_11:47:54.730[Battery Energy]73.14
2020-02-08_11:47:54.869[Status]Routing 160: Walk: 125
2020-02-08_11:47:54.970[Battery Energy]73.04
2020-02-08_11:47:55.138[Status]Routing 161: Walk: 125
2020-02-08_11:47:55.242[Battery Energy]72.93
2020-02-08_11:47:55.406[Status]Routing 162: Walk: 125
2020-02-08_11:47:55.518[Battery Energy]72.80
2020-02-08_11:47:55.663[Status]Routing 163: Walk: 125
2020-02-08_11:47:55.764[Battery Energy]72.69
2020-02-08_11:47:55.906[Status]Routing 164: Walk: 125
2020-02-08_11:47:56.014[Battery Energy]72.58
2020-02-08_11:47:56.167[Status]Routing 165: Walk: 125
2020-02-08_11:47:56.278[Battery Energy]72.47
2020-02-08_11:47:56.425[Status]Routing 166: Walk: 125
2020-02-08_11:47:56.538[Battery Energy]72.37
2020-02-08_11:47:56.699[Status]Routing 167: Walk: 125
2020-02-08_11:47:56.803[Battery Energy]72.24
2020-02-08_11:47:56.943[Status]Routing 168: Walk: 125
2020-02-08_11:47:57.043[Battery Energy]72.14
2020-02-08_11:47:57.200[Status]Routing 169: Walk: 125
2020-02-08_11:47:57.304[Battery Energy]72.02
2020-02-08_11:47:57.456[Status]Routing 170: Walk: 125
2020-02-08_11:47:57.574[Battery Energy]71.89
2020-02-08_11:47:57.715[Status]Routing 171: Walk: 125
2020-02-08_11:47:57.822[Battery Energy]71.77
2020-02-08_11:47:57.965[Status]Routing 172: Walk: 125
2020-02-08_11:47:58.086[Battery Energy]71.65
2020-02-08_11:47:58.210[Status]Routing 173: Walk: 125
2020-02-08_11:47:58.318[Battery Energy]71.54
2020-02-08_11:47:58.469[Status]Routing 174: Walk: 125
2020-02-08_11:47:58.574[Battery Energy]71.42
2020-02-08_11:47:58.726[Status]Routing 175: Walk: 125
2020-02-08_11:47:58.838[Battery Energy]71.29
2020-02-08_11:47:59.014[Status]Routing 176: Walk: 125
2020-02-08_11:47:59.118[Battery Energy]71.19
2020-02-08_11:47:59.264[Status]Routing 177: Walk: 125
2020-02-08_11:47:59.365[Battery Energy]71.07
2020-02-08_11:47:59.532[Status]Routing 178: Walk: 125
2020-02-08_11:47:59.654[Battery Energy]70.94
2020-02-08_11:47:59.822[Status]Routing 179: Walk: 125
2020-02-08_11:47:59.922[Battery Energy]70.83
2020-02-08_11:48:00.083[Status]Routing 180: Walk: 125
2020-02-08_11:48:00.190[Battery Energy]70.72
2020-02-08_11:48:00.317[Status]Routing 181: Walk: 125
2020-02-08_11:48:00.430[Battery Energy]70.59
2020-02-08_11:48:00.556[Status]Routing 182: Walk: 125
2020-02-08_11:48:00.659[Battery Energy]70.47
2020-02-08_11:48:00.852[Status]Routing 183: Walk: 125
2020-02-08_11:48:00.959[Battery Energy]70.31
2020-02-08_11:48:01.120[Status]Routing 184: Walk: 125
2020-02-08_11:48:01.234[Battery Energy]70.21
2020-02-08_11:48:01.383[Status]Routing 185: Walk: 125
2020-02-08_11:48:01.483[Battery Energy]70.11
2020-02-08_11:48:01.623[Status]Routing 186: Walk: 125
2020-02-08_11:48:01.723[Battery Energy]70.00
2020-02-08_11:48:01.879[Status]Routing 187: Walk: 125
2020-02-08_11:48:02.001[Battery Energy]69.89
2020-02-08_11:48:02.129[Status]Routing 188: Walk: 125
2020-02-08_11:48:02.251[Battery Energy]69.78
2020-02-08_11:48:02.395[Status]Routing 189: Walk: 125
2020-02-08_11:48:02.506[Battery Energy]69.68
2020-02-08_11:48:02.669[Status]Routing 190: Walk: 125
2020-02-08_11:48:02.778[Battery Energy]69.56
2020-02-08_11:48:02.907[Status]Routing 191: Walk: 125
2020-02-08_11:48:03.022[Battery Energy]69.45
2020-02-08_11:48:03.161[Status]Routing 192: Walk: 125
2020-02-08_11:48:03.270[Battery Energy]69.34
2020-02-08_11:48:03.429[Status]Routing 193: Walk: 125
2020-02-08_11:48:03.538[Battery Energy]69.24
2020-02-08_11:48:03.665[Status]Routing 194: Walk: 125
2020-02-08_11:48:03.770[Battery Energy]69.13
2020-02-08_11:48:03.916[Status]Routing 195: Walk: 125
2020-02-08_11:48:04.034[Battery Energy]69.03
2020-02-08_11:48:04.162[Status]Routing 196: Walk: 125
2020-02-08_11:48:04.262[Battery Energy]68.93
2020-02-08_11:48:04.434[Status]Routing 197: Walk: 125
2020-02-08_11:48:04.534[Battery Energy]68.79
2020-02-08_11:48:04.666[Status]Routing 198: Walk: 125
2020-02-08_11:48:04.774[Battery Energy]68.68
2020-02-08_11:48:04.930[Status]Routing 199: Walk: 125
2020-02-08_11:48:05.042[Battery Energy]68.57
2020-02-08_11:48:05.196[Status]Routing 200: Walk: 125
2020-02-08_11:48:05.306[Battery Energy]68.46
2020-02-08_11:48:05.439[Status]Routing 201: Walk: 125
2020-02-08_11:48:05.539[Battery Energy]68.36
2020-02-08_11:48:05.715[Status]Routing 202: Walk: 125
2020-02-08_11:48:05.817[Battery Energy]68.24
2020-02-08_11:48:05.970[Status]Routing 203: Walk: 125
2020-02-08_11:48:06.078[Battery Energy]68.14
2020-02-08_11:48:06.234[Status]Routing 204: Walk: 125
2020-02-08_11:48:06.350[Battery Energy]68.01
2020-02-08_11:48:06.489[Status]Routing 205: Walk: 125
2020-02-08_11:48:06.602[Battery Energy]67.89
2020-02-08_11:48:06.721[Status]Routing 206: Walk: 125
2020-02-08_11:48:06.829[Battery Energy]67.80
2020-02-08_11:48:06.974[Status]Routing 207: Walk: 125
2020-02-08_11:48:07.076[Battery Energy]67.72
2020-02-08_11:48:07.206[Status]Routing 208: Walk: 125
2020-02-08_11:48:07.313[Battery Energy]67.62
2020-02-08_11:48:07.491[Status]Routing 209: Walk: 125
2020-02-08_11:48:07.610[Battery Energy]67.52
2020-02-08_11:48:07.731[Status]Routing 210: Walk: 125
2020-02-08_11:48:07.838[Battery Energy]67.42
2020-02-08_11:48:07.990[Status]Routing 211: Walk: 125
2020-02-08_11:48:08.102[Battery Energy]67.31
2020-02-08_11:48:08.243[Status]Routing 212: Walk: 125
2020-02-08_11:48:08.343[Battery Energy]67.20
2020-02-08_11:48:08.495[Status]Routing 213: Walk: 125
2020-02-08_11:48:08.595[Battery Energy]67.10
2020-02-08_11:48:08.747[Status]Routing 214: Walk: 125
2020-02-08_11:48:08.857[Battery Energy]66.98
2020-02-08_11:48:08.987[Status]Routing 215: Walk: 125
2020-02-08_11:48:09.088[Battery Energy]66.87
2020-02-08_11:48:09.249[Status]Routing 216: Walk: 125
2020-02-08_11:48:09.357[Battery Energy]66.74
2020-02-08_11:48:09.501[Status]Routing 217: Walk: 125
2020-02-08_11:48:09.605[Battery Energy]66.61
2020-02-08_11:48:09.757[Status]Routing 218: Walk: 125
2020-02-08_11:48:09.870[Battery Energy]66.52
2020-02-08_11:48:10.007[Status]Routing 219: Walk: 125
2020-02-08_11:48:10.122[Battery Energy]66.41
2020-02-08_11:48:10.256[Status]Routing 220: Walk: 125
2020-02-08_11:48:10.356[Battery Energy]66.29
2020-02-08_11:48:10.517[Status]Routing 221: Walk: 125
2020-02-08_11:48:10.619[Battery Energy]66.19
2020-02-08_11:48:10.760[Status]Routing 222: Walk: 125
2020-02-08_11:48:10.860[Battery Energy]66.09
2020-02-08_11:48:11.016[Status]Routing 223: Walk: 125
2020-02-08_11:48:11.122[Battery Energy]65.97
2020-02-08_11:48:11.288[Status]Routing 224: Walk: 125
2020-02-08_11:48:11.391[Battery Energy]65.84
2020-02-08_11:48:11.533[Status]Routing 225: Walk: 125
2020-02-08_11:48:11.637[Battery Energy]65.72
2020-02-08_11:48:11.792[Status]Routing 226: Walk: 125
2020-02-08_11:48:11.902[Battery Energy]65.63
2020-02-08_11:48:12.052[Status]Routing 227: Walk: 125
2020-02-08_11:48:12.153[Battery Energy]65.52
2020-02-08_11:48:12.318[Status]Routing 228: Walk: 125
2020-02-08_11:48:12.422[Battery Energy]65.40
2020-02-08_11:48:12.580[Status]Routing 229: Walk: 125
2020-02-08_11:48:12.686[Battery Energy]65.26
2020-02-08_11:48:12.835[Status]Routing 230: Walk: 125
2020-02-08_11:48:12.937[Battery Energy]65.14
2020-02-08_11:48:13.084[Status]Routing 231: Walk: 125
2020-02-08_11:48:13.184[Battery Energy]65.03
2020-02-08_11:48:13.324[Status]Routing 232: Walk: 125
2020-02-08_11:48:13.425[Battery Energy]64.93
2020-02-08_11:48:13.563[Status]Routing 233: Walk: 125
2020-02-08_11:48:13.670[Battery Energy]64.83
2020-02-08_11:48:13.829[Status]Routing 234: Walk: 125
2020-02-08_11:48:13.941[Battery Energy]64.76
2020-02-08_11:48:14.073[Status]Routing 235: Walk: 125
2020-02-08_11:48:14.186[Battery Energy]64.67
2020-02-08_11:48:14.296[Status]Routing 236: Walk: 125
2020-02-08_11:48:14.410[Battery Energy]64.58
2020-02-08_11:48:14.543[Status]Routing 237: Walk: 125
2020-02-08_11:48:14.643[Battery Energy]64.49
2020-02-08_11:48:14.799[Status]Routing 238: Walk: 125
2020-02-08_11:48:14.899[Battery Energy]64.40
2020-02-08_11:48:15.057[Status]Routing 239: Walk: 125
2020-02-08_11:48:15.160[Battery Energy]64.27
2020-02-08_11:48:15.302[Status]Routing 240: Walk: 125
2020-02-08_11:48:15.414[Battery Energy]64.17
2020-02-08_11:48:15.539[Status]Routing 241: Walk: 125
2020-02-08_11:48:15.639[Battery Energy]64.06
2020-02-08_11:48:15.801[Status]Routing 242: Walk: 125
2020-02-08_11:48:15.909[Battery Energy]63.95
2020-02-08_11:48:16.069[Status]Routing 243: Walk: 125
2020-02-08_11:48:16.182[Battery Energy]63.83
2020-02-08_11:48:16.341[Status]Routing 244: Walk: 125
2020-02-08_11:48:16.446[Battery Energy]63.71
2020-02-08_11:48:16.589[Status]Routing 245: Walk: 125
2020-02-08_11:48:16.694[Battery Energy]63.59
2020-02-08_11:48:16.845[Status]Routing 246: Walk: 125
2020-02-08_11:48:16.946[Battery Energy]63.48
2020-02-08_11:48:17.119[Status]Routing 247: Walk: 125
2020-02-08_11:48:17.225[Battery Energy]63.36
2020-02-08_11:48:17.387[Status]Routing 248: Walk: 125
2020-02-08_11:48:17.503[Battery Energy]63.24
2020-02-08_11:48:17.661[Status]Routing 249: Walk: 125
2020-02-08_11:48:17.770[Battery Energy]63.11
2020-02-08_11:48:17.908[Status]Routing 250: Walk: 125
2020-02-08_11:48:18.012[Battery Energy]63.02
2020-02-08_11:48:18.187[Status]Routing 251: Walk: 125
2020-02-08_11:48:18.291[Battery Energy]62.89
2020-02-08_11:48:18.463[Status]Routing 252: Walk: 125
2020-02-08_11:48:18.574[Battery Energy]62.78
2020-02-08_11:48:18.775[Status]Routing 253: Walk: 125
2020-02-08_11:48:18.890[Battery Energy]62.67
