2020-02-08_13:42:46.608[Status]Start.
2020-02-08_13:42:46.613[Battery Energy]74.00
2020-02-08_13:42:47.714[Battery Energy]73.96
2020-02-08_13:42:48.814[Battery Energy]73.92
2020-02-08_13:42:49.916[Battery Energy]73.88
2020-02-08_13:42:51.017[Battery Energy]73.84
2020-02-08_13:42:52.118[Task]A New Task Released.
2020-02-08_13:42:52.118[Battery Energy]73.80
2020-02-08_13:42:52.118[Status]Selection Start.
2020-02-08_13:42:57.853[Status]Selection End: Do Task 0.
2020-02-08_13:42:57.959[Battery Energy]69.68
2020-02-08_13:42:57.959[Status]Formation Start.
2020-02-08_13:42:58.091[Status]Formation End: To Position 2.
2020-02-08_13:42:58.191[Battery Energy]69.56
2020-02-08_13:42:58.191[Status]Routing Start.
2020-02-08_13:42:58.396[Status]{'coordinate': [147.1209404169059, 704.1647342181299], 'id': 3}
2020-02-08_13:42:58.396[Status]Routing 1: Walk: 1
2020-02-08_13:42:58.502[Battery Energy]69.34
2020-02-08_13:42:58.502[Status]Routing Start.
2020-02-08_13:42:58.634[Status]{'coordinate': [155.24188083381185, 698.3294684362598], 'id': 3}
2020-02-08_13:42:58.634[Status]Routing 2: Walk: 2
2020-02-08_13:42:58.742[Battery Energy]69.13
2020-02-08_13:42:58.742[Status]Routing Start.
2020-02-08_13:42:58.892[Status]{'coordinate': [163.36282125071776, 692.4942026543897], 'id': 3}
2020-02-08_13:42:58.892[Status]Routing 3: Walk: 3
2020-02-08_13:42:58.998[Battery Energy]68.91
2020-02-08_13:42:58.998[Status]Routing Start.
2020-02-08_13:42:59.137[Status]{'coordinate': [171.4837616676237, 686.6589368725197], 'id': 3}
2020-02-08_13:42:59.137[Status]Routing 4: Walk: 4
2020-02-08_13:42:59.242[Battery Energy]68.71
2020-02-08_13:42:59.242[Status]Routing Start.
2020-02-08_13:42:59.387[Status]{'coordinate': [179.6047020845296, 680.8236710906496], 'id': 3}
2020-02-08_13:42:59.387[Status]Routing 5: Walk: 5
2020-02-08_13:42:59.489[Battery Energy]68.49
2020-02-08_13:42:59.489[Status]Routing Start.
2020-02-08_13:42:59.764[Status]{'coordinate': [187.72564250143554, 674.9884053087795], 'id': 3}
2020-02-08_13:42:59.764[Status]Routing 6: Walk: 6
2020-02-08_13:42:59.866[Battery Energy]68.19
2020-02-08_13:42:59.866[Status]Routing Start.
2020-02-08_13:43:00.055[Status]{'coordinate': [195.84658291834145, 669.1531395269094], 'id': 3}
2020-02-08_13:43:00.055[Status]Routing 7: Walk: 7
2020-02-08_13:43:00.162[Battery Energy]67.95
2020-02-08_13:43:00.162[Status]Routing Start.
2020-02-08_13:43:00.461[Status]{'coordinate': [203.9675233352474, 663.3178737450394], 'id': 3}
2020-02-08_13:43:00.468[Status]Routing 8: Walk: 8
2020-02-08_13:43:00.570[Battery Energy]67.62
2020-02-08_13:43:00.570[Status]Routing Start.
2020-02-08_13:43:00.878[Status]{'coordinate': [212.0884637521533, 657.4826079631692], 'id': 3}
2020-02-08_13:43:00.879[Status]Routing 9: Walk: 9
2020-02-08_13:43:00.980[Battery Energy]67.31
2020-02-08_13:43:00.980[Status]Routing Start.
2020-02-08_13:43:01.503[Status]Routing 10: Walk: 9
2020-02-08_13:43:01.604[Battery Energy]66.89
2020-02-08_13:43:01.604[Status]Routing Start.
2020-02-08_13:43:01.891[Status]Routing 11: Walk: 9
2020-02-08_13:43:02.006[Battery Energy]66.63
2020-02-08_13:43:02.006[Status]Routing Start.
2020-02-08_13:43:02.156[Status]{'coordinate': [220.20940416905924, 651.6473421812992], 'id': 3}
2020-02-08_13:43:02.156[Status]Routing 12: Walk: 10
2020-02-08_13:43:02.256[Battery Energy]66.43
2020-02-08_13:43:02.257[Status]Routing Start.
2020-02-08_13:43:02.257[Status]Task Finished.
2020-02-08_13:43:02.357[Battery Energy]66.43
2020-02-08_13:43:02.587[Status]Routing 14: Walk: 10
2020-02-08_13:43:02.687[Battery Energy]66.29
2020-02-08_13:43:03.009[Status]Routing 15: Walk: 10
2020-02-08_13:43:03.114[Battery Energy]66.07
2020-02-08_13:43:03.419[Status]Routing 16: Walk: 10
2020-02-08_13:43:03.530[Battery Energy]65.88
2020-02-08_13:43:03.684[Status]Routing 17: Walk: 10
2020-02-08_13:43:03.787[Battery Energy]65.77
2020-02-08_13:43:03.955[Status]Routing 18: Walk: 10
2020-02-08_13:43:04.060[Battery Energy]65.65
2020-02-08_13:43:04.195[Status]Routing 19: Walk: 10
2020-02-08_13:43:04.300[Battery Energy]65.54
2020-02-08_13:43:04.434[Status]Routing 20: Walk: 10
2020-02-08_13:43:04.546[Battery Energy]65.44
2020-02-08_13:43:04.680[Status]Routing 21: Walk: 10
2020-02-08_13:43:04.798[Battery Energy]65.33
2020-02-08_13:43:04.920[Status]Routing 22: Walk: 10
2020-02-08_13:43:05.020[Battery Energy]65.23
2020-02-08_13:43:05.178[Status]Routing 23: Walk: 10
2020-02-08_13:43:05.279[Battery Energy]65.14
2020-02-08_13:43:05.503[Status]Routing 24: Walk: 10
2020-02-08_13:43:05.607[Battery Energy]65.00
2020-02-08_13:43:05.748[Status]Routing 25: Walk: 10
2020-02-08_13:43:05.848[Battery Energy]64.88
2020-02-08_13:43:06.194[Status]Routing 26: Walk: 10
2020-02-08_13:43:06.302[Battery Energy]64.65
2020-02-08_13:43:06.624[Status]Routing 27: Walk: 10
2020-02-08_13:43:06.738[Battery Energy]64.45
2020-02-08_13:43:07.051[Status]Routing 28: Walk: 10
2020-02-08_13:43:07.158[Battery Energy]64.25
2020-02-08_13:43:07.489[Status]Routing 29: Walk: 10
2020-02-08_13:43:07.598[Battery Energy]64.04
2020-02-08_13:43:08.008[Status]Routing 30: Walk: 10
2020-02-08_13:43:08.114[Battery Energy]63.78
2020-02-08_13:43:08.445[Status]Routing 31: Walk: 10
2020-02-08_13:43:08.546[Battery Energy]63.56
2020-02-08_13:43:08.869[Status]Routing 32: Walk: 10
2020-02-08_13:43:08.972[Battery Energy]63.33
2020-02-08_13:43:09.298[Status]Routing 33: Walk: 10
2020-02-08_13:43:09.400[Battery Energy]63.11
2020-02-08_13:43:09.540[Status]Routing 34: Walk: 10
2020-02-08_13:43:09.643[Battery Energy]62.99
2020-02-08_13:43:10.001[Status]Routing 35: Walk: 10
2020-02-08_13:43:10.102[Battery Energy]62.75
2020-02-08_13:43:10.438[Status]Routing 36: Walk: 10
2020-02-08_13:43:10.539[Battery Energy]62.53
2020-02-08_13:43:10.890[Status]Routing 37: Walk: 10
2020-02-08_13:43:10.990[Battery Energy]62.32
2020-02-08_13:43:11.329[Status]Routing 38: Walk: 10
2020-02-08_13:43:11.431[Battery Energy]62.10
2020-02-08_13:43:11.754[Status]Routing 39: Walk: 10
2020-02-08_13:43:11.866[Battery Energy]61.87
2020-02-08_13:43:12.173[Status]Routing 40: Walk: 10
2020-02-08_13:43:12.286[Battery Energy]61.66
2020-02-08_13:43:12.585[Status]Routing 41: Walk: 10
2020-02-08_13:43:12.685[Battery Energy]61.48
2020-02-08_13:43:13.010[Status]Routing 42: Walk: 10
2020-02-08_13:43:13.122[Battery Energy]61.25
2020-02-08_13:43:13.464[Status]Routing 43: Walk: 10
2020-02-08_13:43:13.564[Battery Energy]61.03
2020-02-08_13:43:13.859[Status]Routing 44: Walk: 10
2020-02-08_13:43:13.966[Battery Energy]60.81
2020-02-08_13:43:14.104[Status]Routing 45: Walk: 10
2020-02-08_13:43:14.218[Battery Energy]60.70
2020-02-08_13:43:14.353[Status]Routing 46: Walk: 10
2020-02-08_13:43:14.453[Battery Energy]60.62
2020-02-08_13:43:14.843[Status]Routing 47: Walk: 10
2020-02-08_13:43:14.949[Battery Energy]60.35
2020-02-08_13:43:15.106[Status]Routing 48: Walk: 10
2020-02-08_13:43:15.222[Battery Energy]60.22
2020-02-08_13:43:15.360[Status]Routing 49: Walk: 10
2020-02-08_13:43:15.460[Battery Energy]60.14
2020-02-08_13:43:15.617[Status]Routing 50: Walk: 10
2020-02-08_13:43:15.718[Battery Energy]60.02
2020-02-08_13:43:15.862[Status]Routing 51: Walk: 10
2020-02-08_13:43:15.963[Battery Energy]59.90
2020-02-08_13:43:16.207[Status]Routing 52: Walk: 10
2020-02-08_13:43:16.307[Battery Energy]59.73
2020-02-08_13:43:16.468[Status]Routing 53: Walk: 10
2020-02-08_13:43:16.582[Battery Energy]59.63
2020-02-08_13:43:16.740[Status]Routing 54: Walk: 10
2020-02-08_13:43:16.846[Battery Energy]59.54
2020-02-08_13:43:17.033[Status]Routing 55: Walk: 10
2020-02-08_13:43:17.134[Battery Energy]59.39
2020-02-08_13:43:17.448[Status]Routing 56: Walk: 10
2020-02-08_13:43:17.548[Battery Energy]59.17
2020-02-08_13:43:17.869[Status]Routing 57: Walk: 10
2020-02-08_13:43:17.970[Battery Energy]58.96
2020-02-08_13:43:18.329[Status]Routing 58: Walk: 10
2020-02-08_13:43:18.434[Battery Energy]58.72
2020-02-08_13:43:18.771[Status]Routing 59: Walk: 10
2020-02-08_13:43:18.874[Battery Energy]58.49
2020-02-08_13:43:19.161[Status]Routing 60: Walk: 10
2020-02-08_13:43:19.266[Battery Energy]58.30
2020-02-08_13:43:19.573[Status]Routing 61: Walk: 10
2020-02-08_13:43:19.678[Battery Energy]58.09
2020-02-08_13:43:19.837[Status]Routing 62: Walk: 10
2020-02-08_13:43:19.948[Battery Energy]57.99
2020-02-08_13:43:20.100[Status]Routing 63: Walk: 10
2020-02-08_13:43:20.202[Battery Energy]57.86
2020-02-08_13:43:20.359[Status]Routing 64: Walk: 10
2020-02-08_13:43:20.460[Battery Energy]57.72
2020-02-08_13:43:20.605[Status]Routing 65: Walk: 10
2020-02-08_13:43:20.714[Battery Energy]57.60
2020-02-08_13:43:20.860[Status]Routing 66: Walk: 10
2020-02-08_13:43:20.962[Battery Energy]57.51
2020-02-08_13:43:21.095[Status]Routing 67: Walk: 10
2020-02-08_13:43:21.196[Battery Energy]57.41
2020-02-08_13:43:21.357[Status]Routing 68: Walk: 10
2020-02-08_13:43:21.458[Battery Energy]57.33
2020-02-08_13:43:21.611[Status]Routing 69: Walk: 10
2020-02-08_13:43:21.721[Battery Energy]57.19
2020-02-08_13:43:21.862[Status]Routing 70: Walk: 10
2020-02-08_13:43:21.970[Battery Energy]57.08
2020-02-08_13:43:22.110[Status]Routing 71: Walk: 10
2020-02-08_13:43:22.211[Battery Energy]56.96
2020-02-08_13:43:22.369[Status]Routing 72: Walk: 10
2020-02-08_13:43:22.474[Battery Energy]56.83
2020-02-08_13:43:22.622[Status]Routing 73: Walk: 10
2020-02-08_13:43:22.726[Battery Energy]56.73
2020-02-08_13:43:22.923[Status]Routing 74: Walk: 10
2020-02-08_13:43:23.038[Battery Energy]56.60
2020-02-08_13:43:23.289[Status]Routing 75: Walk: 10
2020-02-08_13:43:23.401[Battery Energy]56.42
2020-02-08_13:43:23.542[Status]Routing 76: Walk: 10
2020-02-08_13:43:23.643[Battery Energy]56.31
2020-02-08_13:43:24.037[Status]Routing 77: Walk: 10
2020-02-08_13:43:24.137[Battery Energy]56.09
2020-02-08_13:43:24.457[Status]Routing 78: Walk: 10
2020-02-08_13:43:24.566[Battery Energy]55.84
2020-02-08_13:43:24.908[Status]Routing 79: Walk: 10
2020-02-08_13:43:25.018[Battery Energy]55.62
2020-02-08_13:43:25.298[Status]Routing 80: Walk: 10
2020-02-08_13:43:25.398[Battery Energy]55.42
2020-02-08_13:43:25.780[Status]Routing 81: Walk: 10
2020-02-08_13:43:25.880[Battery Energy]55.18
2020-02-08_13:43:26.209[Status]Routing 82: Walk: 10
2020-02-08_13:43:26.312[Battery Energy]54.95
2020-02-08_13:43:26.631[Status]Routing 83: Walk: 10
2020-02-08_13:43:26.734[Battery Energy]54.73
2020-02-08_13:43:27.064[Status]Routing 84: Walk: 10
2020-02-08_13:43:27.171[Battery Energy]54.54
2020-02-08_13:43:27.546[Status]Routing 85: Walk: 10
2020-02-08_13:43:27.646[Battery Energy]54.27
2020-02-08_13:43:27.804[Status]Routing 86: Walk: 10
2020-02-08_13:43:27.914[Battery Energy]54.17
2020-02-08_13:43:28.045[Status]Routing 87: Walk: 10
2020-02-08_13:43:28.145[Battery Energy]54.08
2020-02-08_13:43:28.293[Status]Routing 88: Walk: 10
2020-02-08_13:43:28.406[Battery Energy]54.00
2020-02-08_13:43:28.560[Status]Routing 89: Walk: 10
2020-02-08_13:43:28.664[Battery Energy]53.88
2020-02-08_13:43:28.817[Status]Routing 90: Walk: 10
2020-02-08_13:43:28.919[Battery Energy]53.79
2020-02-08_13:43:29.186[Status]Routing 91: Walk: 10
2020-02-08_13:43:29.290[Battery Energy]53.62
2020-02-08_13:43:29.429[Status]Routing 92: Walk: 10
2020-02-08_13:43:29.538[Battery Energy]53.50
2020-02-08_13:43:29.705[Status]Routing 93: Walk: 10
2020-02-08_13:43:29.805[Battery Energy]53.38
2020-02-08_13:43:30.001[Status]Routing 94: Walk: 10
2020-02-08_13:43:30.101[Battery Energy]53.25
2020-02-08_13:43:30.248[Status]Routing 95: Walk: 10
2020-02-08_13:43:30.348[Battery Energy]53.15
2020-02-08_13:43:30.494[Status]Routing 96: Walk: 10
2020-02-08_13:43:30.595[Battery Energy]53.04
2020-02-08_13:43:30.900[Status]Routing 97: Walk: 10
2020-02-08_13:43:31.000[Battery Energy]52.85
2020-02-08_13:43:31.306[Status]Routing 98: Walk: 10
2020-02-08_13:43:31.416[Battery Energy]52.66
2020-02-08_13:43:31.735[Status]Routing 99: Walk: 10
2020-02-08_13:43:31.835[Battery Energy]52.47
2020-02-08_13:43:32.158[Status]Routing 100: Walk: 10
2020-02-08_13:43:32.270[Battery Energy]52.26
2020-02-08_13:43:32.495[Status]Routing 101: Walk: 10
2020-02-08_13:43:32.595[Battery Energy]52.09
2020-02-08_13:43:32.899[Status]Routing 102: Walk: 10
2020-02-08_13:43:33.002[Battery Energy]51.89
2020-02-08_13:43:33.149[Status]Routing 103: Walk: 10
2020-02-08_13:43:33.258[Battery Energy]51.77
2020-02-08_13:43:33.571[Status]Routing 104: Walk: 10
2020-02-08_13:43:33.678[Battery Energy]51.56
2020-02-08_13:43:33.825[Status]Routing 105: Walk: 10
2020-02-08_13:43:33.930[Battery Energy]51.45
2020-02-08_13:43:34.160[Status]Routing 106: Walk: 10
2020-02-08_13:43:34.260[Battery Energy]51.30
2020-02-08_13:43:34.408[Status]Routing 107: Walk: 10
2020-02-08_13:43:34.514[Battery Energy]51.20
2020-02-08_13:43:34.653[Status]Routing 108: Walk: 10
2020-02-08_13:43:34.766[Battery Energy]51.09
2020-02-08_13:43:34.916[Status]Routing 109: Walk: 10
2020-02-08_13:43:35.016[Battery Energy]50.98
2020-02-08_13:43:35.347[Status]Routing 110: Walk: 10
2020-02-08_13:43:35.451[Battery Energy]50.76
2020-02-08_13:43:35.788[Status]Routing 111: Walk: 10
2020-02-08_13:43:35.889[Battery Energy]50.53
2020-02-08_13:43:36.240[Status]Routing 112: Walk: 10
2020-02-08_13:43:36.341[Battery Energy]50.29
2020-02-08_13:43:36.727[Status]Routing 113: Walk: 10
2020-02-08_13:43:36.834[Battery Energy]50.02
2020-02-08_13:43:37.149[Status]Routing 114: Walk: 10
2020-02-08_13:43:37.250[Battery Energy]49.77
2020-02-08_13:43:37.601[Status]Routing 115: Walk: 10
2020-02-08_13:43:37.705[Battery Energy]49.50
2020-02-08_13:43:38.035[Status]Routing 116: Walk: 10
2020-02-08_13:43:38.142[Battery Energy]49.26
2020-02-08_13:43:38.522[Status]Routing 117: Walk: 10
2020-02-08_13:43:38.626[Battery Energy]49.02
2020-02-08_13:43:38.976[Status]Routing 118: Walk: 10
2020-02-08_13:43:39.083[Battery Energy]48.74
2020-02-08_13:43:39.421[Status]Routing 119: Walk: 10
2020-02-08_13:43:39.521[Battery Energy]48.53
2020-02-08_13:43:39.850[Status]Routing 120: Walk: 10
2020-02-08_13:43:39.958[Battery Energy]48.30
2020-02-08_13:43:40.208[Status]Routing 121: Walk: 10
2020-02-08_13:43:40.310[Battery Energy]48.09
2020-02-08_13:43:40.497[Status]Routing 122: Walk: 10
2020-02-08_13:43:40.603[Battery Energy]47.96
2020-02-08_13:43:40.908[Status]Routing 123: Walk: 10
2020-02-08_13:43:41.008[Battery Energy]47.74
2020-02-08_13:43:41.152[Status]Routing 124: Walk: 10
2020-02-08_13:43:41.254[Battery Energy]47.63
2020-02-08_13:43:41.502[Status]Routing 125: Walk: 10
2020-02-08_13:43:41.602[Battery Energy]47.50
2020-02-08_13:43:41.799[Status]Routing 126: Walk: 10
2020-02-08_13:43:41.906[Battery Energy]47.34
2020-02-08_13:43:42.167[Status]Routing 127: Walk: 10
2020-02-08_13:43:42.267[Battery Energy]47.14
2020-02-08_13:43:42.467[Status]Routing 128: Walk: 10
2020-02-08_13:43:42.568[Battery Energy]47.00
2020-02-08_13:43:42.815[Status]Routing 129: Walk: 10
2020-02-08_13:43:42.922[Battery Energy]46.82
2020-02-08_13:43:43.069[Status]Routing 130: Walk: 10
2020-02-08_13:43:43.170[Battery Energy]46.71
2020-02-08_13:43:43.320[Status]Routing 131: Walk: 10
2020-02-08_13:43:43.425[Battery Energy]46.58
2020-02-08_13:43:43.646[Status]Routing 132: Walk: 10
2020-02-08_13:43:43.757[Battery Energy]46.44
2020-02-08_13:43:43.949[Status]Routing 133: Walk: 10
2020-02-08_13:43:44.050[Battery Energy]46.33
2020-02-08_13:43:44.204[Status]Routing 134: Walk: 10
2020-02-08_13:43:44.330[Battery Energy]46.22
2020-02-08_13:43:44.483[Status]Routing 135: Walk: 10
2020-02-08_13:43:44.585[Battery Energy]46.12
2020-02-08_13:43:44.736[Status]Routing 136: Walk: 10
2020-02-08_13:43:44.841[Battery Energy]46.02
2020-02-08_13:43:45.068[Status]Routing 137: Walk: 10
2020-02-08_13:43:45.178[Battery Energy]45.88
2020-02-08_13:43:45.333[Status]Routing 138: Walk: 10
2020-02-08_13:43:45.442[Battery Energy]45.76
2020-02-08_13:43:45.577[Status]Routing 139: Walk: 10
2020-02-08_13:43:45.677[Battery Energy]45.66
2020-02-08_13:43:45.862[Status]Routing 140: Walk: 10
2020-02-08_13:43:45.979[Battery Energy]45.53
2020-02-08_13:43:46.128[Status]Routing 141: Walk: 10
2020-02-08_13:43:46.235[Battery Energy]45.43
2020-02-08_13:43:46.368[Status]Routing 142: Walk: 10
2020-02-08_13:43:46.470[Battery Energy]45.32
2020-02-08_13:43:46.615[Status]Routing 143: Walk: 10
2020-02-08_13:43:46.715[Battery Energy]45.19
2020-02-08_13:43:46.888[Status]Routing 144: Walk: 10
2020-02-08_13:43:46.989[Battery Energy]45.07
2020-02-08_13:43:47.131[Status]Routing 145: Walk: 10
2020-02-08_13:43:47.233[Battery Energy]44.97
2020-02-08_13:43:47.407[Status]Routing 146: Walk: 10
2020-02-08_13:43:47.521[Battery Energy]44.82
2020-02-08_13:43:47.672[Status]Routing 147: Walk: 10
2020-02-08_13:43:47.772[Battery Energy]44.72
2020-02-08_13:43:47.932[Status]Routing 148: Walk: 10
2020-02-08_13:43:48.046[Battery Energy]44.64
2020-02-08_13:43:48.175[Status]Routing 149: Walk: 10
2020-02-08_13:43:48.282[Battery Energy]44.53
2020-02-08_13:43:48.431[Status]Routing 150: Walk: 10
2020-02-08_13:43:48.538[Battery Energy]44.42
2020-02-08_13:43:48.689[Status]Routing 151: Walk: 10
2020-02-08_13:43:48.797[Battery Energy]44.31
2020-02-08_13:43:48.957[Status]Routing 152: Walk: 10
2020-02-08_13:43:49.066[Battery Energy]44.21
2020-02-08_13:43:49.204[Status]Routing 153: Walk: 10
2020-02-08_13:43:49.305[Battery Energy]44.09
2020-02-08_13:43:49.499[Status]Routing 154: Walk: 10
2020-02-08_13:43:49.614[Battery Energy]43.98
2020-02-08_13:43:49.767[Status]Routing 155: Walk: 10
2020-02-08_13:43:49.867[Battery Energy]43.86
2020-02-08_13:43:50.073[Status]Routing 156: Walk: 10
2020-02-08_13:43:50.173[Battery Energy]43.73
2020-02-08_13:43:50.361[Status]Routing 157: Walk: 10
2020-02-08_13:43:50.462[Battery Energy]43.61
2020-02-08_13:43:50.633[Status]Routing 158: Walk: 10
2020-02-08_13:43:50.733[Battery Energy]43.53
2020-02-08_13:43:50.898[Status]Routing 159: Walk: 10
2020-02-08_13:43:51.014[Battery Energy]43.39
