2020-02-08_13:42:47.842[Status]Start.
2020-02-08_13:42:47.848[Battery Energy]74.00
2020-02-08_13:42:48.948[Battery Energy]73.96
2020-02-08_13:42:50.049[Battery Energy]73.92
2020-02-08_13:42:51.152[Battery Energy]73.88
2020-02-08_13:42:52.253[Battery Energy]73.84
2020-02-08_13:42:53.354[Task]A New Task Released.
2020-02-08_13:42:53.354[Battery Energy]73.80
2020-02-08_13:42:53.354[Status]Selection Start.
2020-02-08_13:42:57.855[Status]Selection End: Do Task 1.
2020-02-08_13:42:57.966[Battery Energy]70.79
2020-02-08_13:42:57.966[Status]Formation Start.
2020-02-08_13:42:58.128[Status]Formation End: To Position 3.
2020-02-08_13:42:58.234[Battery Energy]70.67
2020-02-08_13:42:58.234[Status]Routing Start.
2020-02-08_13:42:58.399[Status]{'coordinate': [65.98021834862254, 677.6286825222779], 'id': 8}
2020-02-08_13:42:58.399[Status]Routing 1: Walk: 1
2020-02-08_13:42:58.514[Battery Energy]70.45
2020-02-08_13:42:58.514[Status]Routing Start.
2020-02-08_13:42:58.634[Status]{'coordinate': [75.96043669724509, 678.2573650445559], 'id': 8}
2020-02-08_13:42:58.634[Status]Routing 2: Walk: 2
2020-02-08_13:42:58.738[Battery Energy]70.25
2020-02-08_13:42:58.738[Status]Routing Start.
2020-02-08_13:42:58.885[Status]{'coordinate': [85.94065504586763, 678.8860475668338], 'id': 8}
2020-02-08_13:42:58.887[Status]Routing 3: Walk: 3
2020-02-08_13:42:58.990[Battery Energy]70.04
2020-02-08_13:42:58.990[Status]Routing Start.
2020-02-08_13:42:59.138[Status]{'coordinate': [95.92087339449017, 679.5147300891117], 'id': 8}
2020-02-08_13:42:59.139[Status]Routing 4: Walk: 4
2020-02-08_13:42:59.250[Battery Energy]69.85
2020-02-08_13:42:59.250[Status]Routing Start.
2020-02-08_13:42:59.388[Status]{'coordinate': [105.90109174311272, 680.1434126113896], 'id': 8}
2020-02-08_13:42:59.388[Status]Routing 5: Walk: 5
2020-02-08_13:42:59.494[Battery Energy]69.62
2020-02-08_13:42:59.494[Status]Routing Start.
2020-02-08_13:42:59.780[Status]{'coordinate': [115.88131009173526, 680.7720951336676], 'id': 8}
2020-02-08_13:42:59.780[Status]Routing 6: Walk: 6
2020-02-08_13:42:59.890[Battery Energy]69.34
2020-02-08_13:42:59.890[Status]Routing Start.
2020-02-08_13:43:00.045[Status]{'coordinate': [125.8615284403578, 681.4007776559455], 'id': 8}
2020-02-08_13:43:00.045[Status]Routing 7: Walk: 7
2020-02-08_13:43:00.146[Battery Energy]69.11
2020-02-08_13:43:00.146[Status]Routing Start.
2020-02-08_13:43:00.451[Status]{'coordinate': [135.84174678898034, 682.0294601782234], 'id': 8}
2020-02-08_13:43:00.451[Status]Routing 8: Walk: 8
2020-02-08_13:43:00.558[Battery Energy]68.81
2020-02-08_13:43:00.558[Status]Routing Start.
2020-02-08_13:43:00.859[Status]{'coordinate': [145.8219651376029, 682.6581427005013], 'id': 8}
2020-02-08_13:43:00.859[Status]Routing 9: Walk: 9
2020-02-08_13:43:00.970[Battery Energy]68.51
2020-02-08_13:43:00.970[Status]Routing Start.
2020-02-08_13:43:01.345[Status]{'coordinate': [155.80218348622543, 683.2868252227793], 'id': 8}
2020-02-08_13:43:01.345[Status]Routing 10: Walk: 10
2020-02-08_13:43:01.449[Battery Energy]68.22
2020-02-08_13:43:01.449[Status]Routing Start.
2020-02-08_13:43:01.747[Status]{'coordinate': [165.78240183484797, 683.9155077450572], 'id': 8}
2020-02-08_13:43:01.747[Status]Routing 11: Walk: 11
2020-02-08_13:43:01.847[Battery Energy]67.93
2020-02-08_13:43:01.847[Status]Routing Start.
2020-02-08_13:43:02.171[Status]{'coordinate': [175.76262018347052, 684.5441902673351], 'id': 8}
2020-02-08_13:43:02.171[Status]Routing 12: Walk: 12
2020-02-08_13:43:02.271[Battery Energy]67.64
2020-02-08_13:43:02.271[Status]Routing Start.
2020-02-08_13:43:02.586[Status]{'coordinate': [185.74283853209306, 685.172872789613], 'id': 8}
2020-02-08_13:43:02.590[Status]Routing 13: Walk: 13
2020-02-08_13:43:02.698[Battery Energy]67.36
2020-02-08_13:43:02.698[Status]Routing Start.
2020-02-08_13:43:03.011[Status]{'coordinate': [195.7230568807156, 685.801555311891], 'id': 8}
2020-02-08_13:43:03.011[Status]Routing 14: Walk: 14
2020-02-08_13:43:03.122[Battery Energy]67.03
2020-02-08_13:43:03.122[Status]Routing Start.
2020-02-08_13:43:03.421[Status]{'coordinate': [205.70327522933815, 686.4302378341689], 'id': 8}
2020-02-08_13:43:03.421[Status]Routing 15: Walk: 15
2020-02-08_13:43:03.538[Battery Energy]66.68
2020-02-08_13:43:03.538[Status]Routing Start.
2020-02-08_13:43:03.681[Status]{'coordinate': [215.6834935779607, 687.0589203564468], 'id': 8}
2020-02-08_13:43:03.681[Status]Routing 16: Walk: 16
2020-02-08_13:43:03.781[Battery Energy]66.47
2020-02-08_13:43:03.781[Status]Routing Start.
2020-02-08_13:43:03.956[Status]{'coordinate': [225.66371192658323, 687.6876028787248], 'id': 8}
2020-02-08_13:43:03.957[Status]Routing 17: Walk: 17
2020-02-08_13:43:04.062[Battery Energy]66.26
2020-02-08_13:43:04.062[Status]Routing Start.
2020-02-08_13:43:04.202[Status]{'coordinate': [235.64393027520578, 688.3162854010027], 'id': 8}
2020-02-08_13:43:04.202[Status]Routing 18: Walk: 18
2020-02-08_13:43:04.314[Battery Energy]66.04
2020-02-08_13:43:04.314[Status]Routing Start.
2020-02-08_13:43:04.432[Status]{'coordinate': [245.62414862382832, 688.9449679232806], 'id': 8}
2020-02-08_13:43:04.432[Status]Routing 19: Walk: 19
2020-02-08_13:43:04.533[Battery Energy]65.84
2020-02-08_13:43:04.533[Status]Routing Start.
2020-02-08_13:43:04.676[Status]{'coordinate': [255.60436697245086, 689.5736504455587], 'id': 8}
2020-02-08_13:43:04.676[Status]Routing 20: Walk: 20
2020-02-08_13:43:04.776[Battery Energy]65.65
2020-02-08_13:43:04.776[Status]Routing Start.
2020-02-08_13:43:04.928[Status]{'coordinate': [265.5845853210734, 690.2023329678366], 'id': 8}
2020-02-08_13:43:04.928[Status]Routing 21: Walk: 21
2020-02-08_13:43:05.034[Battery Energy]65.45
2020-02-08_13:43:05.034[Status]Routing Start.
2020-02-08_13:43:05.180[Status]{'coordinate': [275.56480366969595, 690.8310154901146], 'id': 8}
2020-02-08_13:43:05.180[Status]Routing 22: Walk: 22
2020-02-08_13:43:05.280[Battery Energy]65.22
2020-02-08_13:43:05.281[Status]Routing Start.
2020-02-08_13:43:05.496[Status]{'coordinate': [285.5450220183185, 691.4596980123926], 'id': 8}
2020-02-08_13:43:05.496[Status]Routing 23: Walk: 23
2020-02-08_13:43:05.597[Battery Energy]65.00
2020-02-08_13:43:05.597[Status]Routing Start.
2020-02-08_13:43:05.756[Status]{'coordinate': [295.52524036694103, 692.0883805346706], 'id': 8}
2020-02-08_13:43:05.756[Status]Routing 24: Walk: 24
2020-02-08_13:43:05.858[Battery Energy]64.82
2020-02-08_13:43:05.858[Status]Routing Start.
2020-02-08_13:43:06.194[Status]{'coordinate': [305.5054587155636, 692.7170630569485], 'id': 8}
2020-02-08_13:43:06.195[Status]Routing 25: Walk: 25
2020-02-08_13:43:06.297[Battery Energy]64.49
2020-02-08_13:43:06.297[Status]Routing Start.
2020-02-08_13:43:06.624[Status]{'coordinate': [315.4856770641861, 693.3457455792266], 'id': 8}
2020-02-08_13:43:06.625[Status]Routing 26: Walk: 26
2020-02-08_13:43:06.730[Battery Energy]64.20
2020-02-08_13:43:06.730[Status]Routing Start.
2020-02-08_13:43:07.048[Status]{'coordinate': [325.46589541280866, 693.9744281015045], 'id': 8}
2020-02-08_13:43:07.048[Status]Routing 27: Walk: 27
2020-02-08_13:43:07.158[Battery Energy]63.88
2020-02-08_13:43:07.158[Status]Routing Start.
2020-02-08_13:43:07.488[Status]{'coordinate': [335.4461137614312, 694.6031106237825], 'id': 8}
2020-02-08_13:43:07.488[Status]Routing 28: Walk: 28
2020-02-08_13:43:07.610[Battery Energy]63.54
2020-02-08_13:43:07.610[Status]Routing Start.
2020-02-08_13:43:08.010[Status]{'coordinate': [345.42633211005375, 695.2317931460605], 'id': 8}
2020-02-08_13:43:08.010[Status]Routing 29: Walk: 29
2020-02-08_13:43:08.118[Battery Energy]63.21
2020-02-08_13:43:08.118[Status]Routing Start.
2020-02-08_13:43:08.446[Status]{'coordinate': [355.4065504586763, 695.8604756683385], 'id': 8}
2020-02-08_13:43:08.446[Status]Routing 30: Walk: 30
2020-02-08_13:43:08.546[Battery Energy]62.90
2020-02-08_13:43:08.546[Status]Routing Start.
2020-02-08_13:43:08.863[Status]{'coordinate': [365.38676880729884, 696.4891581906164], 'id': 8}
2020-02-08_13:43:08.863[Status]Routing 31: Walk: 31
2020-02-08_13:43:08.963[Battery Energy]62.57
2020-02-08_13:43:08.963[Status]Routing Start.
2020-02-08_13:43:09.302[Status]{'coordinate': [375.3669871559214, 697.1178407128945], 'id': 8}
2020-02-08_13:43:09.303[Status]Routing 32: Walk: 32
2020-02-08_13:43:09.419[Battery Energy]62.27
2020-02-08_13:43:09.419[Status]Routing Start.
2020-02-08_13:43:09.536[Status]{'coordinate': [385.3472055045439, 697.7465232351724], 'id': 8}
2020-02-08_13:43:09.538[Status]Routing 33: Walk: 33
2020-02-08_13:43:09.638[Battery Energy]62.07
2020-02-08_13:43:09.638[Status]Routing Start.
2020-02-08_13:43:10.001[Status]{'coordinate': [395.32742385316647, 698.3752057574504], 'id': 8}
2020-02-08_13:43:10.001[Status]Routing 34: Walk: 34
2020-02-08_13:43:10.101[Battery Energy]61.71
2020-02-08_13:43:10.101[Status]Routing Start.
2020-02-08_13:43:10.447[Status]{'coordinate': [405.307642201789, 699.0038882797284], 'id': 8}
2020-02-08_13:43:10.447[Status]Routing 35: Walk: 35
2020-02-08_13:43:10.547[Battery Energy]61.40
2020-02-08_13:43:10.547[Status]Routing Start.
2020-02-08_13:43:10.898[Status]{'coordinate': [415.28786055041155, 699.6325708020064], 'id': 8}
2020-02-08_13:43:10.898[Status]Routing 36: Walk: 36
2020-02-08_13:43:11.010[Battery Energy]61.09
2020-02-08_13:43:11.010[Status]Routing Start.
2020-02-08_13:43:11.327[Status]{'coordinate': [425.2680788990341, 700.2612533242843], 'id': 8}
2020-02-08_13:43:11.327[Status]Routing 37: Walk: 37
2020-02-08_13:43:11.434[Battery Energy]60.80
2020-02-08_13:43:11.434[Status]Routing Start.
2020-02-08_13:43:11.747[Status]{'coordinate': [435.24829724765664, 700.8899358465624], 'id': 8}
2020-02-08_13:43:11.749[Status]Routing 38: Walk: 38
2020-02-08_13:43:11.849[Battery Energy]60.49
2020-02-08_13:43:11.849[Status]Routing Start.
2020-02-08_13:43:12.174[Status]{'coordinate': [445.2285155962792, 701.5186183688403], 'id': 8}
2020-02-08_13:43:12.175[Status]Routing 39: Walk: 39
2020-02-08_13:43:12.280[Battery Energy]60.15
2020-02-08_13:43:12.280[Status]Routing Start.
2020-02-08_13:43:12.581[Status]{'coordinate': [455.2087339449017, 702.1473008911183], 'id': 8}
2020-02-08_13:43:12.581[Status]Routing 40: Walk: 40
2020-02-08_13:43:12.686[Battery Energy]59.83
2020-02-08_13:43:12.686[Status]Routing Start.
2020-02-08_13:43:13.009[Status]{'coordinate': [465.18895229352427, 702.7759834133963], 'id': 8}
2020-02-08_13:43:13.010[Status]Routing 41: Walk: 41
2020-02-08_13:43:13.116[Battery Energy]59.52
2020-02-08_13:43:13.116[Status]Routing Start.
2020-02-08_13:43:13.468[Status]{'coordinate': [475.1691706421468, 703.4046659356743], 'id': 8}
2020-02-08_13:43:13.468[Status]Routing 42: Walk: 42
2020-02-08_13:43:13.570[Battery Energy]59.24
2020-02-08_13:43:13.570[Status]Routing Start.
2020-02-08_13:43:13.867[Status]{'coordinate': [485.14938899076935, 704.0333484579522], 'id': 8}
2020-02-08_13:43:13.867[Status]Routing 43: Walk: 43
2020-02-08_13:43:13.970[Battery Energy]58.93
2020-02-08_13:43:13.970[Status]Routing Start.
2020-02-08_13:43:14.100[Status]{'coordinate': [495.1296073393919, 704.6620309802303], 'id': 8}
2020-02-08_13:43:14.103[Status]Routing 44: Walk: 44
2020-02-08_13:43:14.206[Battery Energy]58.74
2020-02-08_13:43:14.206[Status]Routing Start.
2020-02-08_13:43:14.360[Status]{'coordinate': [505.10982568801444, 705.2907135025082], 'id': 8}
2020-02-08_13:43:14.360[Status]Routing 45: Walk: 45
2020-02-08_13:43:14.460[Battery Energy]58.54
2020-02-08_13:43:14.460[Status]Routing Start.
2020-02-08_13:43:14.864[Status]{'coordinate': [515.090044036637, 705.9193960247862], 'id': 8}
2020-02-08_13:43:14.864[Status]Routing 46: Walk: 46
2020-02-08_13:43:14.964[Battery Energy]58.17
2020-02-08_13:43:14.964[Status]Routing Start.
2020-02-08_13:43:15.100[Status]{'coordinate': [525.0702623852595, 706.5480785470642], 'id': 8}
2020-02-08_13:43:15.100[Status]Routing 47: Walk: 47
2020-02-08_13:43:15.209[Battery Energy]57.96
2020-02-08_13:43:15.209[Status]Routing Start.
2020-02-08_13:43:15.365[Status]{'coordinate': [535.0504807338821, 707.1767610693422], 'id': 8}
2020-02-08_13:43:15.366[Status]Routing 48: Walk: 48
2020-02-08_13:43:15.467[Battery Energy]57.75
2020-02-08_13:43:15.467[Status]Routing Start.
2020-02-08_13:43:15.622[Status]{'coordinate': [545.0306990825046, 707.8054435916201], 'id': 8}
2020-02-08_13:43:15.622[Status]Routing 49: Walk: 49
2020-02-08_13:43:15.738[Battery Energy]57.56
2020-02-08_13:43:15.738[Status]Routing Start.
2020-02-08_13:43:15.866[Status]{'coordinate': [555.0109174311272, 708.4341261138982], 'id': 8}
2020-02-08_13:43:15.868[Status]Routing 50: Walk: 50
2020-02-08_13:43:15.982[Battery Energy]57.36
2020-02-08_13:43:15.982[Status]Routing Start.
2020-02-08_13:43:16.209[Status]{'coordinate': [564.9911357797497, 709.0628086361761], 'id': 8}
2020-02-08_13:43:16.209[Status]Routing 51: Walk: 51
2020-02-08_13:43:16.314[Battery Energy]57.10
2020-02-08_13:43:16.314[Status]Routing Start.
2020-02-08_13:43:16.464[Status]{'coordinate': [574.9713541283722, 709.6914911584541], 'id': 8}
2020-02-08_13:43:16.464[Status]Routing 52: Walk: 52
2020-02-08_13:43:16.564[Battery Energy]56.89
2020-02-08_13:43:16.564[Status]Routing Start.
2020-02-08_13:43:16.743[Status]{'coordinate': [584.9515724769948, 710.3201736807321], 'id': 8}
2020-02-08_13:43:16.744[Status]Routing 53: Walk: 53
2020-02-08_13:43:16.851[Battery Energy]56.69
2020-02-08_13:43:16.851[Status]Routing Start.
2020-02-08_13:43:17.031[Status]{'coordinate': [594.9317908256173, 710.9488562030101], 'id': 8}
2020-02-08_13:43:17.032[Status]Routing 54: Walk: 54
2020-02-08_13:43:17.132[Battery Energy]56.48
2020-02-08_13:43:17.132[Status]Routing Start.
2020-02-08_13:43:17.601[Status]{'coordinate': [600.4313578383027, 719.3007878761612], 'id': 8}
2020-02-08_13:43:17.601[Status]Routing 55: Walk: 55
2020-02-08_13:43:17.701[Battery Energy]56.05
2020-02-08_13:43:17.701[Status]Routing Start.
2020-02-08_13:43:18.077[Status]{'coordinate': [610.4201997708818, 719.7730556454932], 'id': 8}
2020-02-08_13:43:18.080[Status]Routing 56: Walk: 56
2020-02-08_13:43:18.181[Battery Energy]55.66
2020-02-08_13:43:18.181[Status]Routing Start.
2020-02-08_13:43:18.473[Status]{'coordinate': [620.409041703461, 720.2453234148252], 'id': 8}
2020-02-08_13:43:18.484[Status]Routing 57: Walk: 57
2020-02-08_13:43:18.584[Battery Energy]55.30
2020-02-08_13:43:18.584[Status]Routing Start.
2020-02-08_13:43:18.894[Status]{'coordinate': [630.3978836360401, 720.7175911841572], 'id': 8}
2020-02-08_13:43:18.894[Status]Routing 58: Walk: 58
2020-02-08_13:43:18.995[Battery Energy]54.93
2020-02-08_13:43:18.995[Status]Routing Start.
2020-02-08_13:43:19.161[Status]{'coordinate': [640.3867255686191, 721.1898589534892], 'id': 8}
2020-02-08_13:43:19.161[Status]Routing 59: Walk: 59
2020-02-08_13:43:19.261[Battery Energy]54.72
2020-02-08_13:43:19.261[Status]Routing Start.
2020-02-08_13:43:19.576[Status]{'coordinate': [650.3755675011982, 721.6621267228212], 'id': 8}
2020-02-08_13:43:19.576[Status]Routing 60: Walk: 60
2020-02-08_13:43:19.676[Battery Energy]54.41
2020-02-08_13:43:19.676[Status]Routing Start.
2020-02-08_13:43:19.836[Status]{'coordinate': [660.3644094337774, 722.1343944921532], 'id': 8}
2020-02-08_13:43:19.836[Status]Routing 61: Walk: 61
2020-02-08_13:43:19.941[Battery Energy]54.20
2020-02-08_13:43:19.941[Status]Routing Start.
2020-02-08_13:43:20.112[Status]{'coordinate': [670.3532513663565, 722.6066622614852], 'id': 8}
2020-02-08_13:43:20.113[Status]Routing 62: Walk: 62
2020-02-08_13:43:20.213[Battery Energy]53.96
2020-02-08_13:43:20.213[Status]Routing Start.
2020-02-08_13:43:20.363[Status]{'coordinate': [680.3420932989355, 723.0789300308172], 'id': 8}
2020-02-08_13:43:20.363[Status]Routing 63: Walk: 63
2020-02-08_13:43:20.478[Battery Energy]53.75
2020-02-08_13:43:20.478[Status]Routing Start.
2020-02-08_13:43:20.606[Status]{'coordinate': [690.3309352315146, 723.5511978001492], 'id': 8}
2020-02-08_13:43:20.606[Status]Routing 64: Walk: 64
2020-02-08_13:43:20.706[Battery Energy]53.54
2020-02-08_13:43:20.706[Status]Routing Start.
2020-02-08_13:43:20.861[Status]{'coordinate': [700.3197771640937, 724.0234655694812], 'id': 8}
2020-02-08_13:43:20.861[Status]Routing 65: Walk: 65
2020-02-08_13:43:20.962[Battery Energy]53.35
2020-02-08_13:43:20.962[Status]Routing Start.
2020-02-08_13:43:21.099[Status]{'coordinate': [710.3086190966728, 724.4957333388132], 'id': 8}
2020-02-08_13:43:21.105[Status]Routing 66: Walk: 66
2020-02-08_13:43:21.205[Battery Energy]53.14
2020-02-08_13:43:21.205[Status]Routing Start.
2020-02-08_13:43:21.357[Status]{'coordinate': [720.297461029252, 724.9680011081452], 'id': 8}
2020-02-08_13:43:21.359[Status]Routing 67: Walk: 67
2020-02-08_13:43:21.482[Battery Energy]52.93
2020-02-08_13:43:21.482[Status]Routing Start.
2020-02-08_13:43:21.611[Status]{'coordinate': [730.2863029618311, 725.4402688774773], 'id': 8}
2020-02-08_13:43:21.611[Status]Routing 68: Walk: 68
2020-02-08_13:43:21.718[Battery Energy]52.72
2020-02-08_13:43:21.718[Status]Routing Start.
2020-02-08_13:43:21.855[Status]{'coordinate': [740.2751448944102, 725.9125366468093], 'id': 8}
2020-02-08_13:43:21.855[Status]Routing 69: Walk: 69
2020-02-08_13:43:21.955[Battery Energy]52.51
2020-02-08_13:43:21.955[Status]Routing Start.
2020-02-08_13:43:22.106[Status]{'coordinate': [750.2639868269894, 726.3848044161413], 'id': 8}
2020-02-08_13:43:22.106[Status]Routing 70: Walk: 70
2020-02-08_13:43:22.206[Battery Energy]52.31
2020-02-08_13:43:22.206[Status]Routing Start.
2020-02-08_13:43:22.369[Status]{'coordinate': [760.2528287595685, 726.8570721854733], 'id': 8}
2020-02-08_13:43:22.369[Status]Routing 71: Walk: 71
2020-02-08_13:43:22.469[Battery Energy]52.08
2020-02-08_13:43:22.469[Status]Routing Start.
2020-02-08_13:43:22.622[Status]{'coordinate': [770.2416706921476, 727.3293399548053], 'id': 8}
2020-02-08_13:43:22.623[Status]Routing 72: Walk: 72
2020-02-08_13:43:22.730[Battery Energy]51.86
2020-02-08_13:43:22.730[Status]Routing Start.
2020-02-08_13:43:22.930[Status]{'coordinate': [780.2305126247268, 727.8016077241373], 'id': 8}
2020-02-08_13:43:22.931[Status]Routing 73: Walk: 73
2020-02-08_13:43:23.042[Battery Energy]51.62
2020-02-08_13:43:23.042[Status]Routing Start.
2020-02-08_13:43:23.286[Status]{'coordinate': [790.2193545573059, 728.2738754934693], 'id': 8}
2020-02-08_13:43:23.286[Status]Routing 74: Walk: 74
2020-02-08_13:43:23.388[Battery Energy]51.36
2020-02-08_13:43:23.389[Status]Routing Start.
2020-02-08_13:43:23.547[Status]{'coordinate': [800.208196489885, 728.7461432628013], 'id': 8}
2020-02-08_13:43:23.550[Status]Routing 75: Walk: 75
2020-02-08_13:43:23.654[Battery Energy]51.15
2020-02-08_13:43:23.654[Status]Routing Start.
2020-02-08_13:43:24.195[Status]Routing 76: Walk: 75
2020-02-08_13:43:24.299[Battery Energy]50.74
2020-02-08_13:43:24.299[Status]Routing Start.
2020-02-08_13:43:24.652[Status]Routing 77: Walk: 75
2020-02-08_13:43:24.757[Battery Energy]50.39
2020-02-08_13:43:24.757[Status]Routing Start.
2020-02-08_13:43:25.074[Status]Routing 78: Walk: 75
2020-02-08_13:43:25.176[Battery Energy]50.09
2020-02-08_13:43:25.176[Status]Routing Start.
2020-02-08_13:43:25.518[Status]Routing 79: Walk: 75
2020-02-08_13:43:25.618[Battery Energy]49.79
2020-02-08_13:43:25.618[Status]Routing Start.
2020-02-08_13:43:25.971[Status]Routing 80: Walk: 75
2020-02-08_13:43:26.073[Battery Energy]49.50
2020-02-08_13:43:26.073[Status]Routing Start.
2020-02-08_13:43:26.394[Status]Routing 81: Walk: 75
2020-02-08_13:43:26.494[Battery Energy]49.23
2020-02-08_13:43:26.494[Status]Routing Start.
2020-02-08_13:43:26.795[Status]Routing 82: Walk: 75
2020-02-08_13:43:26.895[Battery Energy]48.96
2020-02-08_13:43:26.895[Status]Routing Start.
2020-02-08_13:43:27.272[Status]{'coordinate': [810.1970384224642, 729.2184110321333], 'id': 8}
2020-02-08_13:43:27.273[Status]Routing 83: Walk: 76
2020-02-08_13:43:27.376[Battery Energy]48.58
2020-02-08_13:43:27.376[Status]Routing Start.
2020-02-08_13:43:27.539[Status]{'coordinate': [820.1858803550433, 729.6906788014653], 'id': 8}
2020-02-08_13:43:27.539[Status]Routing 84: Walk: 77
2020-02-08_13:43:27.646[Battery Energy]48.37
2020-02-08_13:43:27.646[Status]Routing Start.
2020-02-08_13:43:27.804[Status]{'coordinate': [830.1747222876224, 730.1629465707973], 'id': 8}
2020-02-08_13:43:27.804[Status]Routing 85: Walk: 78
2020-02-08_13:43:27.905[Battery Energy]48.18
2020-02-08_13:43:27.905[Status]Routing Start.
2020-02-08_13:43:28.051[Status]{'coordinate': [840.1635642202016, 730.6352143401293], 'id': 8}
2020-02-08_13:43:28.051[Status]Routing 86: Walk: 79
2020-02-08_13:43:28.165[Battery Energy]47.97
2020-02-08_13:43:28.165[Status]Routing Start.
2020-02-08_13:43:28.297[Status]{'coordinate': [850.1524061527807, 731.1074821094614], 'id': 8}
2020-02-08_13:43:28.297[Status]Routing 87: Walk: 80
2020-02-08_13:43:28.397[Battery Energy]47.79
2020-02-08_13:43:28.397[Status]Routing Start.
2020-02-08_13:43:28.573[Status]{'coordinate': [860.1412480853598, 731.5797498787935], 'id': 8}
2020-02-08_13:43:28.573[Status]Routing 88: Walk: 81
2020-02-08_13:43:28.678[Battery Energy]47.55
2020-02-08_13:43:28.678[Status]Routing Start.
2020-02-08_13:43:28.815[Status]{'coordinate': [870.130090017939, 732.0520176481256], 'id': 8}
2020-02-08_13:43:28.815[Status]Routing 89: Walk: 82
2020-02-08_13:43:28.915[Battery Energy]47.33
2020-02-08_13:43:28.915[Status]Routing Start.
2020-02-08_13:43:29.181[Status]{'coordinate': [880.1189319505181, 732.5242854174576], 'id': 8}
2020-02-08_13:43:29.181[Status]Routing 90: Walk: 83
2020-02-08_13:43:29.281[Battery Energy]47.08
2020-02-08_13:43:29.281[Status]Routing Start.
2020-02-08_13:43:29.433[Status]{'coordinate': [890.1077738830973, 732.9965531867897], 'id': 8}
2020-02-08_13:43:29.433[Status]Routing 91: Walk: 84
2020-02-08_13:43:29.533[Battery Energy]46.87
2020-02-08_13:43:29.533[Status]Routing Start.
2020-02-08_13:43:29.710[Status]{'coordinate': [900.0966158156764, 733.4688209561217], 'id': 8}
2020-02-08_13:43:29.710[Status]Routing 92: Walk: 85
2020-02-08_13:43:29.818[Battery Energy]46.65
2020-02-08_13:43:29.818[Status]Routing Start.
2020-02-08_13:43:29.994[Status]{'coordinate': [910.0854577482555, 733.9410887254538], 'id': 8}
2020-02-08_13:43:29.994[Status]Routing 93: Walk: 86
2020-02-08_13:43:30.102[Battery Energy]46.39
2020-02-08_13:43:30.102[Status]Routing Start.
2020-02-08_13:43:30.246[Status]{'coordinate': [920.0742996808347, 734.4133564947858], 'id': 8}
2020-02-08_13:43:30.246[Status]Routing 94: Walk: 87
2020-02-08_13:43:30.348[Battery Energy]46.18
2020-02-08_13:43:30.348[Status]Routing Start.
2020-02-08_13:43:30.488[Status]{'coordinate': [930.0631416134138, 734.885624264118], 'id': 8}
2020-02-08_13:43:30.488[Status]Routing 95: Walk: 88
2020-02-08_13:43:30.601[Battery Energy]45.96
2020-02-08_13:43:30.601[Status]Routing Start.
2020-02-08_13:43:30.902[Status]{'coordinate': [940.0519835459929, 735.3578920334501], 'id': 8}
2020-02-08_13:43:30.902[Status]Routing 96: Walk: 89
2020-02-08_13:43:31.014[Battery Energy]45.68
2020-02-08_13:43:31.014[Status]Routing Start.
2020-02-08_13:43:31.310[Status]{'coordinate': [950.0408254785721, 735.8301598027821], 'id': 8}
2020-02-08_13:43:31.311[Status]Routing 97: Walk: 90
2020-02-08_13:43:31.414[Battery Energy]45.40
2020-02-08_13:43:31.414[Status]Routing Start.
2020-02-08_13:43:31.739[Status]{'coordinate': [960.0296674111512, 736.3024275721142], 'id': 8}
2020-02-08_13:43:31.740[Status]Routing 98: Walk: 91
2020-02-08_13:43:31.841[Battery Energy]45.07
2020-02-08_13:43:31.841[Status]Routing Start.
2020-02-08_13:43:32.153[Status]{'coordinate': [970.0185093437303, 736.7746953414462], 'id': 8}
2020-02-08_13:43:32.153[Status]Routing 99: Walk: 92
2020-02-08_13:43:32.253[Battery Energy]44.79
2020-02-08_13:43:32.253[Status]Routing Start.
2020-02-08_13:43:32.497[Status]{'coordinate': [980.0073512763094, 737.2469631107783], 'id': 8}
2020-02-08_13:43:32.497[Status]Routing 100: Walk: 93
2020-02-08_13:43:32.610[Battery Energy]44.52
2020-02-08_13:43:32.610[Status]Routing Start.
2020-02-08_13:43:32.898[Status]{'coordinate': [989.9961932088884, 737.7192308801103], 'id': 8}
2020-02-08_13:43:32.899[Status]Routing 101: Walk: 94
2020-02-08_13:43:32.999[Battery Energy]44.22
2020-02-08_13:43:32.999[Status]Routing Start.
2020-02-08_13:43:33.148[Status]{'coordinate': [999.9850351414675, 738.1914986494425], 'id': 8}
2020-02-08_13:43:33.148[Status]Routing 102: Walk: 95
2020-02-08_13:43:33.254[Battery Energy]44.01
2020-02-08_13:43:33.254[Status]Routing Start.
2020-02-08_13:43:33.574[Status]{'coordinate': [1009.9738770740466, 738.6637664187745], 'id': 8}
2020-02-08_13:43:33.574[Status]Routing 103: Walk: 96
2020-02-08_13:43:33.681[Battery Energy]43.72
2020-02-08_13:43:33.681[Status]Routing Start.
2020-02-08_13:43:33.826[Status]{'coordinate': [1019.9627190066258, 739.1360341881066], 'id': 8}
2020-02-08_13:43:33.827[Status]Routing 104: Walk: 97
2020-02-08_13:43:33.934[Battery Energy]43.51
2020-02-08_13:43:33.934[Status]Routing Start.
2020-02-08_13:43:34.165[Status]{'coordinate': [1029.951560939205, 739.6083019574386], 'id': 8}
2020-02-08_13:43:34.165[Status]Routing 105: Walk: 98
2020-02-08_13:43:34.274[Battery Energy]43.26
2020-02-08_13:43:34.274[Status]Routing Start.
2020-02-08_13:43:34.412[Status]{'coordinate': [1039.940402871784, 740.0805697267707], 'id': 8}
2020-02-08_13:43:34.412[Status]Routing 106: Walk: 99
2020-02-08_13:43:34.518[Battery Energy]43.06
2020-02-08_13:43:34.518[Status]Routing Start.
2020-02-08_13:43:34.648[Status]{'coordinate': [1049.9292448043632, 740.5528374961027], 'id': 8}
2020-02-08_13:43:34.649[Status]Routing 107: Walk: 100
2020-02-08_13:43:34.754[Battery Energy]42.85
2020-02-08_13:43:34.754[Status]Routing Start.
2020-02-08_13:43:34.917[Status]{'coordinate': [1059.9180867369423, 741.0251052654348], 'id': 8}
2020-02-08_13:43:34.917[Status]Routing 108: Walk: 101
2020-02-08_13:43:35.026[Battery Energy]42.63
2020-02-08_13:43:35.026[Status]Routing Start.
2020-02-08_13:43:35.329[Status]{'coordinate': [1069.9069286695214, 741.4973730347668], 'id': 8}
2020-02-08_13:43:35.329[Status]Routing 109: Walk: 102
2020-02-08_13:43:35.430[Battery Energy]42.34
2020-02-08_13:43:35.430[Status]Routing Start.
2020-02-08_13:43:35.778[Status]{'coordinate': [1079.8957706021006, 741.969640804099], 'id': 8}
2020-02-08_13:43:35.778[Status]Routing 110: Walk: 103
2020-02-08_13:43:35.886[Battery Energy]42.04
2020-02-08_13:43:35.886[Status]Routing Start.
2020-02-08_13:43:36.247[Status]{'coordinate': [1089.8846125346797, 742.441908573431], 'id': 8}
2020-02-08_13:43:36.247[Status]Routing 111: Walk: 104
2020-02-08_13:43:36.347[Battery Energy]41.73
2020-02-08_13:43:36.347[Status]Routing Start.
2020-02-08_13:43:36.721[Status]{'coordinate': [1099.8734544672589, 742.9141763427631], 'id': 8}
2020-02-08_13:43:36.723[Status]Routing 112: Walk: 105
2020-02-08_13:43:36.834[Battery Energy]41.39
2020-02-08_13:43:36.834[Status]Routing Start.
2020-02-08_13:43:37.144[Status]{'coordinate': [1109.862296399838, 743.3864441120951], 'id': 8}
2020-02-08_13:43:37.146[Status]Routing 113: Walk: 106
2020-02-08_13:43:37.249[Battery Energy]41.10
2020-02-08_13:43:37.249[Status]Routing Start.
2020-02-08_13:43:37.249[Status]Task Finished.
2020-02-08_13:43:37.349[Battery Energy]41.10
2020-02-08_13:43:37.597[Status]Routing 115: Walk: 106
2020-02-08_13:43:37.708[Battery Energy]40.91
2020-02-08_13:43:38.032[Status]Routing 116: Walk: 106
2020-02-08_13:43:38.132[Battery Energy]40.70
2020-02-08_13:43:38.518[Status]Routing 117: Walk: 106
2020-02-08_13:43:38.618[Battery Energy]40.44
2020-02-08_13:43:38.982[Status]Routing 118: Walk: 106
2020-02-08_13:43:39.083[Battery Energy]40.20
2020-02-08_13:43:39.412[Status]Routing 119: Walk: 106
2020-02-08_13:43:39.524[Battery Energy]40.01
2020-02-08_13:43:39.849[Status]Routing 120: Walk: 106
2020-02-08_13:43:39.954[Battery Energy]39.75
2020-02-08_13:43:40.209[Status]Routing 121: Walk: 106
2020-02-08_13:43:40.312[Battery Energy]39.55
2020-02-08_13:43:40.498[Status]Routing 122: Walk: 106
2020-02-08_13:43:40.610[Battery Energy]39.40
2020-02-08_13:43:40.911[Status]Routing 123: Walk: 106
2020-02-08_13:43:41.018[Battery Energy]39.17
2020-02-08_13:43:41.146[Status]Routing 124: Walk: 106
2020-02-08_13:43:41.251[Battery Energy]39.07
2020-02-08_13:43:41.507[Status]Routing 125: Walk: 106
2020-02-08_13:43:41.614[Battery Energy]38.91
2020-02-08_13:43:41.800[Status]Routing 126: Walk: 106
2020-02-08_13:43:41.910[Battery Energy]38.76
2020-02-08_13:43:42.168[Status]Routing 127: Walk: 106
2020-02-08_13:43:42.274[Battery Energy]38.61
2020-02-08_13:43:42.467[Status]Routing 128: Walk: 106
2020-02-08_13:43:42.578[Battery Energy]38.47
2020-02-08_13:43:42.817[Status]Routing 129: Walk: 106
2020-02-08_13:43:42.917[Battery Energy]38.31
2020-02-08_13:43:43.068[Status]Routing 130: Walk: 106
2020-02-08_13:43:43.174[Battery Energy]38.20
2020-02-08_13:43:43.316[Status]Routing 131: Walk: 106
2020-02-08_13:43:43.416[Battery Energy]38.10
2020-02-08_13:43:43.651[Status]Routing 132: Walk: 106
2020-02-08_13:43:43.754[Battery Energy]37.97
2020-02-08_13:43:43.951[Status]Routing 133: Walk: 106
2020-02-08_13:43:44.052[Battery Energy]37.82
2020-02-08_13:43:44.204[Status]Routing 134: Walk: 106
2020-02-08_13:43:44.314[Battery Energy]37.73
2020-02-08_13:43:44.476[Status]Routing 135: Walk: 106
2020-02-08_13:43:44.577[Battery Energy]37.61
2020-02-08_13:43:44.726[Status]Routing 136: Walk: 106
2020-02-08_13:43:44.827[Battery Energy]37.53
2020-02-08_13:43:45.073[Status]Routing 137: Walk: 106
2020-02-08_13:43:45.179[Battery Energy]37.35
2020-02-08_13:43:45.333[Status]Routing 138: Walk: 106
2020-02-08_13:43:45.442[Battery Energy]37.23
2020-02-08_13:43:45.583[Status]Routing 139: Walk: 106
2020-02-08_13:43:45.689[Battery Energy]37.12
2020-02-08_13:43:45.863[Status]Routing 140: Walk: 106
2020-02-08_13:43:45.970[Battery Energy]36.98
2020-02-08_13:43:46.130[Status]Routing 141: Walk: 106
2020-02-08_13:43:46.238[Battery Energy]36.87
2020-02-08_13:43:46.363[Status]Routing 142: Walk: 106
2020-02-08_13:43:46.466[Battery Energy]36.77
2020-02-08_13:43:46.619[Status]Routing 143: Walk: 106
2020-02-08_13:43:46.746[Battery Energy]36.68
2020-02-08_13:43:46.884[Status]Routing 144: Walk: 106
2020-02-08_13:43:46.994[Battery Energy]36.60
2020-02-08_13:43:47.132[Status]Routing 145: Walk: 106
2020-02-08_13:43:47.238[Battery Energy]36.49
2020-02-08_13:43:47.410[Status]Routing 146: Walk: 106
2020-02-08_13:43:47.526[Battery Energy]36.35
2020-02-08_13:43:47.674[Status]Routing 147: Walk: 106
2020-02-08_13:43:47.790[Battery Energy]36.22
2020-02-08_13:43:47.931[Status]Routing 148: Walk: 106
2020-02-08_13:43:48.042[Battery Energy]36.13
2020-02-08_13:43:48.183[Status]Routing 149: Walk: 106
2020-02-08_13:43:48.283[Battery Energy]36.02
2020-02-08_13:43:48.428[Status]Routing 150: Walk: 106
2020-02-08_13:43:48.534[Battery Energy]35.92
2020-02-08_13:43:48.691[Status]Routing 151: Walk: 106
2020-02-08_13:43:48.802[Battery Energy]35.82
2020-02-08_13:43:48.954[Status]Routing 152: Walk: 106
2020-02-08_13:43:49.055[Battery Energy]35.71
2020-02-08_13:43:49.207[Status]Routing 153: Walk: 106
2020-02-08_13:43:49.307[Battery Energy]35.61
2020-02-08_13:43:49.495[Status]Routing 154: Walk: 106
2020-02-08_13:43:49.602[Battery Energy]35.50
2020-02-08_13:43:49.769[Status]Routing 155: Walk: 106
2020-02-08_13:43:49.874[Battery Energy]35.36
2020-02-08_13:43:50.079[Status]Routing 156: Walk: 106
2020-02-08_13:43:50.182[Battery Energy]35.23
2020-02-08_13:43:50.369[Status]Routing 157: Walk: 106
2020-02-08_13:43:50.469[Battery Energy]35.10
2020-02-08_13:43:50.636[Status]Routing 158: Walk: 106
2020-02-08_13:43:50.742[Battery Energy]34.95
2020-02-08_13:43:50.901[Status]Routing 159: Walk: 106
2020-02-08_13:43:51.006[Battery Energy]34.83
