2020-01-29_15:03:18.877[Status]Start.
2020-01-29_15:03:18.878[Battery Energy]123.00
2020-01-29_15:03:19.981[Battery Energy]122.96
2020-01-29_15:03:21.082[Battery Energy]122.92
2020-01-29_15:03:22.184[Battery Energy]122.88
2020-01-29_15:03:23.286[Battery Energy]122.84
2020-01-29_15:03:24.387[Task]A New Task Released.
2020-01-29_15:03:24.387[Battery Energy]122.80
2020-01-29_15:03:24.387[Status]Selection Start.
2020-01-29_15:03:26.151[Status]Selection End: Do Task 1.
2020-01-29_15:03:26.254[Battery Energy]121.68
2020-01-29_15:03:26.255[Status]Formation Start.
2020-01-29_15:03:26.397[Status]number of tasks is 7
2020-01-29_15:03:26.399[Status]my group tasks is [ 1300.   700.]
2020-01-29_15:03:26.400[Status]my group tasks is [ 1262.34898019   778.18314825]
2020-01-29_15:03:26.400[Status]my group tasks is [ 1177.7479066    797.49279122]
2020-01-29_15:03:26.401[Status]my group tasks is [ 1109.90311321   743.38837391]
2020-01-29_15:03:26.402[Status]my group tasks is [ 1109.90311321   656.61162609]
2020-01-29_15:03:26.403[Status]my group tasks is [ 1177.7479066    602.50720878]
2020-01-29_15:03:26.404[Status]my group tasks is [ 1262.34898019   621.81685175]
2020-01-29_15:03:26.473[Status]mygroup_robots_utility is {8: [16.185871586829574, 17.39556563248832, 14.943429890916915, 16.242018181208127, 17.42420628124733, 28.818266070926413, 14.9048270232536], 9: [16.279880483387352, 17.093430092438915, 14.942046344952391, 17.33153248697351, 28.548080870643982, 14.619672263807887, 15.811984084727898], 10: [32.07168855721209, 17.415489652521043, 14.713560574695641, 16.94858395036171, 17.87860025172552, 14.90969407155665, 15.540148804807208], 11: [16.46180332958129, 33.75850859191522, 15.989686684499338, 29.32241517092253, 13.890089908851, 14.089721147847598, 15.164531365222594], 12: [16.292113125710237, 17.356339662254854, 34.887192703871776, 14.404305047801206, 32.24203287405172, 14.859877698695687, 14.977537102229327], 13: [16.691643038534913, 16.558060077748394, 34.61921162903919, 14.27745145958291, 15.188153426974903, 14.333583305306089, 15.33000051821332], 14: [16.11717171103408, 14.125660049179572, 15.401121986984439, 13.357502287210435, 13.288227395461178, 14.300252600103672, 15.564781494448349]}
2020-01-29_15:03:26.473[Status]self.local_queue is [8, 9, 10, 11, 12, 13, 14]
2020-01-29_15:03:26.473[Status]task_chosen index is 5
2020-01-29_15:03:26.473[Status]task_chosen index is 4
2020-01-29_15:03:26.473[Status]task_chosen index is 0
2020-01-29_15:03:26.473[Status]task_chosen index is 1
2020-01-29_15:03:26.473[Status]task_chosen index is 2
2020-01-29_15:03:26.473[Status]task_chosen index is 6
2020-01-29_15:03:26.473[Status]myindex_in_queue is 6
2020-01-29_15:03:26.477[Status]task destination is [1262.3489801858734, 621.816851753197]
2020-01-29_15:03:26.577[Battery Energy]121.52
2020-01-29_15:03:26.577[Status]Routing Start.
2020-01-29_15:03:26.725[Status]{'coordinate': [140.495107725946, 251.13734430254001], 'id': 13}
2020-01-29_15:03:26.725[Status]Routing 1: Walk: 1
2020-01-29_15:03:26.842[Battery Energy]121.29
2020-01-29_15:03:26.842[Status]Routing Start.
2020-01-29_15:03:27.016[Status]{'coordinate': [149.99021545189203, 254.27468860508003], 'id': 13}
2020-01-29_15:03:27.016[Status]Routing 2: Walk: 2
2020-01-29_15:03:27.116[Battery Energy]121.06
2020-01-29_15:03:27.116[Status]Routing Start.
2020-01-29_15:03:27.288[Status]{'coordinate': [159.48532317783804, 257.41203290762], 'id': 13}
2020-01-29_15:03:27.288[Status]Routing 3: Walk: 3
2020-01-29_15:03:27.398[Battery Energy]120.84
2020-01-29_15:03:27.398[Status]Routing Start.
2020-01-29_15:03:27.530[Status]{'coordinate': [168.98043090378405, 260.54937721016], 'id': 13}
2020-01-29_15:03:27.530[Status]Routing 4: Walk: 4
2020-01-29_15:03:27.634[Battery Energy]120.64
2020-01-29_15:03:27.634[Status]Routing Start.
2020-01-29_15:03:27.771[Status]{'coordinate': [178.47553862973007, 263.6867215127], 'id': 13}
2020-01-29_15:03:27.771[Status]Routing 5: Walk: 5
2020-01-29_15:03:27.878[Battery Energy]120.43
2020-01-29_15:03:27.878[Status]Routing Start.
2020-01-29_15:03:28.197[Status]{'coordinate': [187.97064635567608, 266.82406581524], 'id': 13}
2020-01-29_15:03:28.197[Status]Routing 6: Walk: 6
2020-01-29_15:03:28.310[Battery Energy]120.13
2020-01-29_15:03:28.310[Status]Routing Start.
2020-01-29_15:03:28.539[Status]{'coordinate': [197.4657540816221, 269.96141011777996], 'id': 13}
2020-01-29_15:03:28.542[Status]Routing 7: Walk: 7
2020-01-29_15:03:28.645[Battery Energy]119.88
2020-01-29_15:03:28.645[Status]Routing Start.
2020-01-29_15:03:28.957[Status]{'coordinate': [206.9608618075681, 273.09875442031995], 'id': 13}
2020-01-29_15:03:28.957[Status]Routing 8: Walk: 8
2020-01-29_15:03:29.057[Battery Energy]119.53
2020-01-29_15:03:29.057[Status]Routing Start.
2020-01-29_15:03:29.337[Status]{'coordinate': [216.45596953351412, 276.23609872285994], 'id': 13}
2020-01-29_15:03:29.339[Status]Routing 9: Walk: 9
2020-01-29_15:03:29.439[Battery Energy]119.25
2020-01-29_15:03:29.439[Status]Routing Start.
2020-01-29_15:03:29.733[Status]{'coordinate': [225.95107725946013, 279.3734430253999], 'id': 13}
2020-01-29_15:03:29.738[Status]Routing 10: Walk: 10
2020-01-29_15:03:29.838[Battery Energy]118.95
2020-01-29_15:03:29.838[Status]Routing Start.
2020-01-29_15:03:30.122[Status]{'coordinate': [235.44618498540615, 282.5107873279399], 'id': 13}
2020-01-29_15:03:30.122[Status]Routing 11: Walk: 11
2020-01-29_15:03:30.222[Battery Energy]118.60
2020-01-29_15:03:30.222[Status]Routing Start.
2020-01-29_15:03:30.541[Status]{'coordinate': [244.94129271135216, 285.6481316304799], 'id': 13}
2020-01-29_15:03:30.544[Status]Routing 12: Walk: 12
2020-01-29_15:03:30.644[Battery Energy]118.28
2020-01-29_15:03:30.644[Status]Routing Start.
2020-01-29_15:03:30.991[Status]{'coordinate': [254.43640043729818, 288.7854759330199], 'id': 13}
2020-01-29_15:03:30.991[Status]Routing 13: Walk: 13
2020-01-29_15:03:31.091[Battery Energy]117.93
2020-01-29_15:03:31.091[Status]Routing Start.
2020-01-29_15:03:31.403[Status]{'coordinate': [263.9315081632442, 291.92282023555987], 'id': 13}
2020-01-29_15:03:31.404[Status]Routing 14: Walk: 14
2020-01-29_15:03:31.505[Battery Energy]117.56
2020-01-29_15:03:31.505[Status]Routing Start.
2020-01-29_15:03:31.806[Status]{'coordinate': [273.4266158891902, 295.06016453809985], 'id': 13}
2020-01-29_15:03:31.806[Status]Routing 15: Walk: 15
2020-01-29_15:03:31.907[Battery Energy]117.25
2020-01-29_15:03:31.907[Status]Routing Start.
2020-01-29_15:03:32.223[Status]{'coordinate': [282.9217236151362, 298.19750884063984], 'id': 13}
2020-01-29_15:03:32.225[Status]Routing 16: Walk: 16
2020-01-29_15:03:32.325[Battery Energy]116.88
2020-01-29_15:03:32.325[Status]Routing Start.
2020-01-29_15:03:32.725[Status]{'coordinate': [292.41683134108223, 301.3348531431798], 'id': 13}
2020-01-29_15:03:32.728[Status]Routing 17: Walk: 17
2020-01-29_15:03:32.828[Battery Energy]116.50
2020-01-29_15:03:32.828[Status]Routing Start.
2020-01-29_15:03:33.152[Status]{'coordinate': [301.91193906702824, 304.4721974457198], 'id': 13}
2020-01-29_15:03:33.152[Status]Routing 18: Walk: 18
2020-01-29_15:03:33.258[Battery Energy]116.16
2020-01-29_15:03:33.258[Status]Routing Start.
2020-01-29_15:03:33.572[Status]{'coordinate': [311.40704679297426, 307.6095417482598], 'id': 13}
2020-01-29_15:03:33.572[Status]Routing 19: Walk: 19
2020-01-29_15:03:33.677[Battery Energy]115.84
2020-01-29_15:03:33.677[Status]Routing Start.
2020-01-29_15:03:34.067[Status]{'coordinate': [320.90215451892027, 310.7468860507998], 'id': 13}
2020-01-29_15:03:34.067[Status]Routing 20: Walk: 20
2020-01-29_15:03:34.174[Battery Energy]115.49
2020-01-29_15:03:34.174[Status]Routing Start.
2020-01-29_15:03:34.503[Status]{'coordinate': [330.3972622448663, 313.8842303533398], 'id': 13}
2020-01-29_15:03:34.505[Status]Routing 21: Walk: 21
2020-01-29_15:03:34.606[Battery Energy]115.15
2020-01-29_15:03:34.606[Status]Routing Start.
2020-01-29_15:03:34.911[Status]{'coordinate': [339.8923699708123, 317.02157465587976], 'id': 13}
2020-01-29_15:03:34.911[Status]Routing 22: Walk: 22
2020-01-29_15:03:35.019[Battery Energy]114.84
2020-01-29_15:03:35.019[Status]Routing Start.
2020-01-29_15:03:35.136[Status]{'coordinate': [349.3874776967583, 320.15891895841975], 'id': 13}
2020-01-29_15:03:35.136[Status]Routing 23: Walk: 23
2020-01-29_15:03:35.236[Battery Energy]114.65
2020-01-29_15:03:35.236[Status]Routing Start.
2020-01-29_15:03:35.553[Status]{'coordinate': [358.8825854227043, 323.29626326095973], 'id': 13}
2020-01-29_15:03:35.553[Status]Routing 24: Walk: 24
2020-01-29_15:03:35.658[Battery Energy]114.35
2020-01-29_15:03:35.658[Status]Routing Start.
2020-01-29_15:03:35.951[Status]{'coordinate': [368.37769314865034, 326.4336075634997], 'id': 13}
2020-01-29_15:03:35.951[Status]Routing 25: Walk: 25
2020-01-29_15:03:36.066[Battery Energy]114.01
2020-01-29_15:03:36.066[Status]Routing Start.
2020-01-29_15:03:36.182[Status]{'coordinate': [377.87280087459635, 329.5709518660397], 'id': 13}
2020-01-29_15:03:36.182[Status]Routing 26: Walk: 26
2020-01-29_15:03:36.290[Battery Energy]113.80
2020-01-29_15:03:36.290[Status]Routing Start.
2020-01-29_15:03:36.625[Status]{'coordinate': [387.36790860054236, 332.7082961685797], 'id': 13}
2020-01-29_15:03:36.625[Status]Routing 27: Walk: 27
2020-01-29_15:03:36.733[Battery Energy]113.44
2020-01-29_15:03:36.733[Status]Routing Start.
2020-01-29_15:03:37.058[Status]Routing 28: Walk: 27
2020-01-29_15:03:37.159[Battery Energy]113.12
2020-01-29_15:03:37.159[Status]Routing Start.
2020-01-29_15:03:37.307[Status]{'coordinate': [396.8630163264884, 335.8456404711197], 'id': 13}
2020-01-29_15:03:37.307[Status]Routing 29: Walk: 28
2020-01-29_15:03:37.421[Battery Energy]112.90
2020-01-29_15:03:37.425[Status]Routing Start.
2020-01-29_15:03:37.703[Status]Routing 30: Walk: 28
2020-01-29_15:03:37.803[Battery Energy]112.58
2020-01-29_15:03:37.803[Status]Routing Start.
2020-01-29_15:03:37.981[Status]{'coordinate': [406.3581240524344, 338.98298477365967], 'id': 13}
2020-01-29_15:03:37.981[Status]Routing 31: Walk: 29
2020-01-29_15:03:38.082[Battery Energy]112.35
2020-01-29_15:03:38.082[Status]Routing Start.
2020-01-29_15:03:38.369[Status]Routing 32: Walk: 29
2020-01-29_15:03:38.469[Battery Energy]112.06
2020-01-29_15:03:38.469[Status]Routing Start.
2020-01-29_15:03:38.810[Status]Routing 33: Walk: 29
2020-01-29_15:03:38.910[Battery Energy]111.73
2020-01-29_15:03:38.910[Status]Routing Start.
2020-01-29_15:03:39.054[Status]{'coordinate': [415.8532317783804, 342.12032907619965], 'id': 13}
2020-01-29_15:03:39.054[Status]Routing 34: Walk: 30
2020-01-29_15:03:39.158[Battery Energy]111.51
2020-01-29_15:03:39.158[Status]Routing Start.
2020-01-29_15:03:39.459[Status]Routing 35: Walk: 30
2020-01-29_15:03:39.560[Battery Energy]111.17
2020-01-29_15:03:39.560[Status]Routing Start.
2020-01-29_15:03:39.863[Status]Routing 36: Walk: 30
2020-01-29_15:03:39.963[Battery Energy]110.88
2020-01-29_15:03:39.964[Status]Routing Start.
2020-01-29_15:03:40.265[Status]Routing 37: Walk: 30
2020-01-29_15:03:40.365[Battery Energy]110.56
2020-01-29_15:03:40.365[Status]Routing Start.
2020-01-29_15:03:40.492[Status]{'coordinate': [425.3483395043264, 345.25767337873964], 'id': 13}
2020-01-29_15:03:40.492[Status]Routing 38: Walk: 31
2020-01-29_15:03:40.592[Battery Energy]110.35
2020-01-29_15:03:40.592[Status]Routing Start.
2020-01-29_15:03:40.934[Status]Routing 39: Walk: 31
2020-01-29_15:03:41.034[Battery Energy]110.03
2020-01-29_15:03:41.034[Status]Routing Start.
2020-01-29_15:03:41.309[Status]Routing 40: Walk: 31
2020-01-29_15:03:41.409[Battery Energy]109.75
2020-01-29_15:03:41.409[Status]Routing Start.
2020-01-29_15:03:41.713[Status]Routing 41: Walk: 31
2020-01-29_15:03:41.813[Battery Energy]109.42
2020-01-29_15:03:41.813[Status]Routing Start.
2020-01-29_15:03:41.961[Status]{'coordinate': [434.84344723027243, 348.3950176812796], 'id': 13}
2020-01-29_15:03:41.961[Status]Routing 42: Walk: 32
2020-01-29_15:03:42.064[Battery Energy]109.21
2020-01-29_15:03:42.064[Status]Routing Start.
2020-01-29_15:03:42.564[Status]Routing 43: Walk: 32
2020-01-29_15:03:42.665[Battery Energy]108.76
2020-01-29_15:03:42.665[Status]Routing Start.
2020-01-29_15:03:42.928[Status]Routing 44: Walk: 32
2020-01-29_15:03:43.037[Battery Energy]108.46
2020-01-29_15:03:43.037[Status]Routing Start.
2020-01-29_15:03:43.331[Status]Routing 45: Walk: 32
2020-01-29_15:03:43.436[Battery Energy]108.15
2020-01-29_15:03:43.436[Status]Routing Start.
2020-01-29_15:03:43.717[Status]Routing 46: Walk: 32
2020-01-29_15:03:43.821[Battery Energy]107.87
2020-01-29_15:03:43.822[Status]Routing Start.
2020-01-29_15:03:44.088[Status]{'coordinate': [444.33855495621845, 351.5323619838196], 'id': 13}
2020-01-29_15:03:44.091[Status]Routing 47: Walk: 33
2020-01-29_15:03:44.198[Battery Energy]107.56
2020-01-29_15:03:44.198[Status]Routing Start.
2020-01-29_15:03:44.484[Status]{'coordinate': [453.83366268216446, 354.6697062863596], 'id': 13}
2020-01-29_15:03:44.484[Status]Routing 48: Walk: 34
2020-01-29_15:03:44.585[Battery Energy]107.29
2020-01-29_15:03:44.585[Status]Routing Start.
2020-01-29_15:03:44.869[Status]{'coordinate': [463.3287704081105, 357.8070505888996], 'id': 13}
2020-01-29_15:03:44.869[Status]Routing 49: Walk: 35
2020-01-29_15:03:44.969[Battery Energy]106.98
2020-01-29_15:03:44.969[Status]Routing Start.
2020-01-29_15:03:45.116[Status]{'coordinate': [472.8238781340565, 360.9443948914396], 'id': 13}
2020-01-29_15:03:45.116[Status]Routing 50: Walk: 36
2020-01-29_15:03:45.216[Battery Energy]106.78
2020-01-29_15:03:45.216[Status]Routing Start.
2020-01-29_15:03:45.537[Status]{'coordinate': [482.3189858600025, 364.0817391939796], 'id': 13}
2020-01-29_15:03:45.537[Status]Routing 51: Walk: 37
2020-01-29_15:03:45.637[Battery Energy]106.42
2020-01-29_15:03:45.637[Status]Routing Start.
2020-01-29_15:03:45.929[Status]{'coordinate': [491.8140935859485, 367.2190834965196], 'id': 13}
2020-01-29_15:03:45.929[Status]Routing 52: Walk: 38
2020-01-29_15:03:46.029[Battery Energy]106.12
2020-01-29_15:03:46.029[Status]Routing Start.
2020-01-29_15:03:46.317[Status]{'coordinate': [501.3092013118945, 370.3564277990596], 'id': 13}
2020-01-29_15:03:46.317[Status]Routing 53: Walk: 39
2020-01-29_15:03:46.434[Battery Energy]105.79
2020-01-29_15:03:46.434[Status]Routing Start.
2020-01-29_15:03:46.732[Status]{'coordinate': [510.80430903784054, 373.49377210159963], 'id': 13}
2020-01-29_15:03:46.732[Status]Routing 54: Walk: 40
2020-01-29_15:03:46.842[Battery Energy]105.45
2020-01-29_15:03:46.842[Status]Routing Start.
2020-01-29_15:03:47.148[Status]{'coordinate': [520.2994167637866, 376.6311164041397], 'id': 13}
2020-01-29_15:03:47.148[Status]Routing 55: Walk: 41
2020-01-29_15:03:47.258[Battery Energy]105.11
2020-01-29_15:03:47.258[Status]Routing Start.
2020-01-29_15:03:47.571[Status]{'coordinate': [529.7945244897326, 379.76846070667966], 'id': 13}
2020-01-29_15:03:47.571[Status]Routing 56: Walk: 42
2020-01-29_15:03:47.671[Battery Energy]104.78
2020-01-29_15:03:47.671[Status]Routing Start.
2020-01-29_15:03:47.996[Status]{'coordinate': [539.2896322156786, 382.90580500921965], 'id': 13}
2020-01-29_15:03:47.997[Status]Routing 57: Walk: 43
2020-01-29_15:03:48.097[Battery Energy]104.46
2020-01-29_15:03:48.097[Status]Routing Start.
2020-01-29_15:03:48.508[Status]{'coordinate': [548.7847399416246, 386.0431493117597], 'id': 13}
2020-01-29_15:03:48.508[Status]Routing 58: Walk: 44
2020-01-29_15:03:48.608[Battery Energy]104.10
2020-01-29_15:03:48.608[Status]Routing Start.
2020-01-29_15:03:48.919[Status]{'coordinate': [558.2798476675706, 389.18049361429973], 'id': 13}
2020-01-29_15:03:48.920[Status]Routing 59: Walk: 45
2020-01-29_15:03:49.020[Battery Energy]103.77
2020-01-29_15:03:49.020[Status]Routing Start.
2020-01-29_15:03:49.349[Status]{'coordinate': [567.7749553935166, 392.3178379168397], 'id': 13}
2020-01-29_15:03:49.350[Status]Routing 60: Walk: 46
2020-01-29_15:03:49.454[Battery Energy]103.44
2020-01-29_15:03:49.454[Status]Routing Start.
2020-01-29_15:03:49.748[Status]{'coordinate': [577.2700631194626, 395.45518221937976], 'id': 13}
2020-01-29_15:03:49.748[Status]Routing 61: Walk: 47
2020-01-29_15:03:49.854[Battery Energy]103.09
2020-01-29_15:03:49.854[Status]Routing Start.
2020-01-29_15:03:50.138[Status]{'coordinate': [586.7651708454086, 398.5925265219198], 'id': 13}
2020-01-29_15:03:50.138[Status]Routing 62: Walk: 48
2020-01-29_15:03:50.250[Battery Energy]102.80
2020-01-29_15:03:50.250[Status]Routing Start.
2020-01-29_15:03:50.540[Status]{'coordinate': [596.2602785713547, 401.7298708244598], 'id': 13}
2020-01-29_15:03:50.540[Status]Routing 63: Walk: 49
2020-01-29_15:03:50.640[Battery Energy]102.50
2020-01-29_15:03:50.640[Status]Routing Start.
2020-01-29_15:03:50.784[Status]{'coordinate': [605.7553862973007, 404.8672151269998], 'id': 13}
2020-01-29_15:03:50.784[Status]Routing 64: Walk: 50
2020-01-29_15:03:50.906[Battery Energy]102.29
2020-01-29_15:03:50.906[Status]Routing Start.
2020-01-29_15:03:51.037[Status]{'coordinate': [615.2504940232467, 408.0045594295398], 'id': 13}
2020-01-29_15:03:51.037[Status]Routing 65: Walk: 51
2020-01-29_15:03:51.169[Battery Energy]102.09
2020-01-29_15:03:51.169[Status]Routing Start.
2020-01-29_15:03:51.284[Status]{'coordinate': [624.7456017491927, 411.1419037320798], 'id': 13}
2020-01-29_15:03:51.284[Status]Routing 66: Walk: 52
2020-01-29_15:03:51.385[Battery Energy]101.89
2020-01-29_15:03:51.385[Status]Routing Start.
2020-01-29_15:03:51.520[Status]{'coordinate': [634.2407094751387, 414.27924803461985], 'id': 13}
2020-01-29_15:03:51.520[Status]Routing 67: Walk: 53
2020-01-29_15:03:51.643[Battery Energy]101.68
2020-01-29_15:03:51.643[Status]Routing Start.
2020-01-29_15:03:51.772[Status]{'coordinate': [643.7358172010847, 417.41659233715984], 'id': 13}
2020-01-29_15:03:51.772[Status]Routing 68: Walk: 54
2020-01-29_15:03:51.904[Battery Energy]101.48
2020-01-29_15:03:51.904[Status]Routing Start.
2020-01-29_15:03:52.028[Status]{'coordinate': [653.2309249270307, 420.5539366396999], 'id': 13}
2020-01-29_15:03:52.028[Status]Routing 69: Walk: 55
2020-01-29_15:03:52.142[Battery Energy]101.26
2020-01-29_15:03:52.142[Status]Routing Start.
2020-01-29_15:03:52.286[Status]{'coordinate': [662.7260326529768, 423.6912809422399], 'id': 13}
2020-01-29_15:03:52.286[Status]Routing 70: Walk: 56
2020-01-29_15:03:52.386[Battery Energy]101.06
2020-01-29_15:03:52.386[Status]Routing Start.
2020-01-29_15:03:52.508[Status]{'coordinate': [672.2211403789228, 426.8286252447799], 'id': 13}
2020-01-29_15:03:52.508[Status]Routing 71: Walk: 57
2020-01-29_15:03:52.618[Battery Energy]100.86
2020-01-29_15:03:52.618[Status]Routing Start.
2020-01-29_15:03:52.905[Status]{'coordinate': [673.8929714641189, 436.6878838793108], 'id': 13}
2020-01-29_15:03:52.905[Status]Routing 72: Walk: 58
2020-01-29_15:03:53.005[Battery Energy]100.48
2020-01-29_15:03:53.005[Status]Routing Start.
2020-01-29_15:03:53.268[Status]{'coordinate': [670.6288735797665, 446.14016746590335], 'id': 13}
2020-01-29_15:03:53.269[Status]Routing 73: Walk: 59
2020-01-29_15:03:53.369[Battery Energy]100.16
2020-01-29_15:03:53.369[Status]Routing Start.
2020-01-29_15:03:53.681[Status]{'coordinate': [680.2152990233795, 448.9862959264702], 'id': 13}
2020-01-29_15:03:53.681[Status]Routing 74: Walk: 60
2020-01-29_15:03:53.781[Battery Energy]99.76
2020-01-29_15:03:53.781[Status]Routing Start.
2020-01-29_15:03:54.105[Status]{'coordinate': [689.8017244669926, 451.832424387037], 'id': 13}
2020-01-29_15:03:54.105[Status]Routing 75: Walk: 61
2020-01-29_15:03:54.205[Battery Energy]99.35
2020-01-29_15:03:54.205[Status]Routing Start.
2020-01-29_15:03:54.502[Status]{'coordinate': [699.3881499106056, 454.67855284760384], 'id': 13}
2020-01-29_15:03:54.502[Status]Routing 76: Walk: 62
2020-01-29_15:03:54.602[Battery Energy]99.00
2020-01-29_15:03:54.602[Status]Routing Start.
2020-01-29_15:03:54.899[Status]{'coordinate': [708.9745753542187, 457.52468130817067], 'id': 13}
2020-01-29_15:03:54.899[Status]Routing 77: Walk: 63
2020-01-29_15:03:54.999[Battery Energy]98.61
2020-01-29_15:03:54.999[Status]Routing Start.
2020-01-29_15:03:55.310[Status]{'coordinate': [718.5610007978318, 460.3708097687375], 'id': 13}
2020-01-29_15:03:55.310[Status]Routing 78: Walk: 64
2020-01-29_15:03:55.410[Battery Energy]98.25
2020-01-29_15:03:55.411[Status]Routing Start.
2020-01-29_15:03:55.536[Status]{'coordinate': [728.1474262414448, 463.21693822930433], 'id': 13}
2020-01-29_15:03:55.536[Status]Routing 79: Walk: 65
2020-01-29_15:03:55.636[Battery Energy]98.05
2020-01-29_15:03:55.636[Status]Routing Start.
2020-01-29_15:03:55.789[Status]{'coordinate': [737.7338516850579, 466.06306668987116], 'id': 13}
2020-01-29_15:03:55.789[Status]Routing 80: Walk: 66
2020-01-29_15:03:55.898[Battery Energy]97.82
2020-01-29_15:03:55.898[Status]Routing Start.
2020-01-29_15:03:56.017[Status]{'coordinate': [747.3202771286709, 468.909195150438], 'id': 13}
2020-01-29_15:03:56.017[Status]Routing 81: Walk: 67
2020-01-29_15:03:56.126[Battery Energy]97.63
2020-01-29_15:03:56.126[Status]Routing Start.
2020-01-29_15:03:56.277[Status]{'coordinate': [756.906702572284, 471.7553236110048], 'id': 13}
2020-01-29_15:03:56.277[Status]Routing 82: Walk: 68
2020-01-29_15:03:56.394[Battery Energy]97.43
2020-01-29_15:03:56.394[Status]Routing Start.
2020-01-29_15:03:56.516[Status]{'coordinate': [766.493128015897, 474.60145207157166], 'id': 13}
2020-01-29_15:03:56.516[Status]Routing 83: Walk: 69
2020-01-29_15:03:56.621[Battery Energy]97.23
2020-01-29_15:03:56.621[Status]Routing Start.
2020-01-29_15:03:56.895[Status]{'coordinate': [776.0795534595101, 477.4475805321385], 'id': 13}
2020-01-29_15:03:56.895[Status]Routing 84: Walk: 70
2020-01-29_15:03:57.006[Battery Energy]96.94
2020-01-29_15:03:57.006[Status]Routing Start.
2020-01-29_15:03:57.137[Status]{'coordinate': [785.6659789031231, 480.2937089927053], 'id': 13}
2020-01-29_15:03:57.137[Status]Routing 85: Walk: 71
2020-01-29_15:03:57.238[Battery Energy]96.74
2020-01-29_15:03:57.238[Status]Routing Start.
2020-01-29_15:03:57.552[Status]{'coordinate': [795.2524043467362, 483.13983745327215], 'id': 13}
2020-01-29_15:03:57.552[Status]Routing 86: Walk: 72
2020-01-29_15:03:57.658[Battery Energy]96.44
2020-01-29_15:03:57.658[Status]Routing Start.
2020-01-29_15:03:57.821[Status]{'coordinate': [804.8388297903492, 485.985965913839], 'id': 13}
2020-01-29_15:03:57.821[Status]Routing 87: Walk: 73
2020-01-29_15:03:57.922[Battery Energy]96.25
2020-01-29_15:03:57.922[Status]Routing Start.
2020-01-29_15:03:58.064[Status]{'coordinate': [814.4252552339623, 488.8320943744058], 'id': 13}
2020-01-29_15:03:58.064[Status]Routing 88: Walk: 74
2020-01-29_15:03:58.178[Battery Energy]96.03
2020-01-29_15:03:58.178[Status]Routing Start.
2020-01-29_15:03:58.486[Status]{'coordinate': [824.0116806775753, 491.67822283497264], 'id': 13}
2020-01-29_15:03:58.486[Status]Routing 89: Walk: 75
2020-01-29_15:03:58.598[Battery Energy]95.67
2020-01-29_15:03:58.598[Status]Routing Start.
2020-01-29_15:03:58.887[Status]{'coordinate': [833.5981061211884, 494.5243512955395], 'id': 13}
2020-01-29_15:03:58.887[Status]Routing 90: Walk: 76
2020-01-29_15:03:59.000[Battery Energy]95.37
2020-01-29_15:03:59.000[Status]Routing Start.
2020-01-29_15:03:59.306[Status]{'coordinate': [843.1845315648014, 497.3704797561063], 'id': 13}
2020-01-29_15:03:59.306[Status]Routing 91: Walk: 77
2020-01-29_15:03:59.409[Battery Energy]95.04
2020-01-29_15:03:59.409[Status]Routing Start.
2020-01-29_15:03:59.562[Status]{'coordinate': [852.7709570084145, 500.21660821667314], 'id': 13}
2020-01-29_15:03:59.562[Status]Routing 92: Walk: 78
2020-01-29_15:03:59.670[Battery Energy]94.82
2020-01-29_15:03:59.670[Status]Routing Start.
2020-01-29_15:03:59.815[Status]{'coordinate': [862.3573824520275, 503.06273667723997], 'id': 13}
2020-01-29_15:03:59.815[Status]Routing 93: Walk: 79
2020-01-29_15:03:59.930[Battery Energy]94.59
2020-01-29_15:03:59.930[Status]Routing Start.
2020-01-29_15:04:00.051[Status]{'coordinate': [871.9438078956406, 505.9088651378068], 'id': 13}
2020-01-29_15:04:00.051[Status]Routing 94: Walk: 80
2020-01-29_15:04:00.162[Battery Energy]94.38
2020-01-29_15:04:00.162[Status]Routing Start.
2020-01-29_15:04:00.279[Status]{'coordinate': [881.5302333392536, 508.75499359837363], 'id': 13}
2020-01-29_15:04:00.279[Status]Routing 95: Walk: 81
2020-01-29_15:04:00.379[Battery Energy]94.19
2020-01-29_15:04:00.379[Status]Routing Start.
2020-01-29_15:04:00.567[Status]{'coordinate': [891.1166587828667, 511.60112205894046], 'id': 13}
2020-01-29_15:04:00.567[Status]Routing 96: Walk: 82
2020-01-29_15:04:00.674[Battery Energy]93.97
2020-01-29_15:04:00.674[Status]Routing Start.
2020-01-29_15:04:00.816[Status]{'coordinate': [900.7030842264797, 514.4472505195073], 'id': 13}
2020-01-29_15:04:00.816[Status]Routing 97: Walk: 83
2020-01-29_15:04:00.926[Battery Energy]93.74
2020-01-29_15:04:00.926[Status]Routing Start.
2020-01-29_15:04:01.191[Status]{'coordinate': [910.2895096700928, 517.2933789800742], 'id': 13}
2020-01-29_15:04:01.191[Status]Routing 98: Walk: 84
2020-01-29_15:04:01.302[Battery Energy]93.43
2020-01-29_15:04:01.302[Status]Routing Start.
2020-01-29_15:04:01.590[Status]{'coordinate': [919.8759351137059, 520.1395074406411], 'id': 13}
2020-01-29_15:04:01.590[Status]Routing 99: Walk: 85
2020-01-29_15:04:01.694[Battery Energy]93.13
2020-01-29_15:04:01.694[Status]Routing Start.
2020-01-29_15:04:02.034[Status]{'coordinate': [929.4623605573189, 522.985635901208], 'id': 13}
2020-01-29_15:04:02.034[Status]Routing 100: Walk: 86
2020-01-29_15:04:02.138[Battery Energy]92.80
2020-01-29_15:04:02.138[Status]Routing Start.
2020-01-29_15:04:02.460[Status]{'coordinate': [939.048786000932, 525.8317643617748], 'id': 13}
2020-01-29_15:04:02.461[Status]Routing 101: Walk: 87
2020-01-29_15:04:02.578[Battery Energy]92.48
2020-01-29_15:04:02.578[Status]Routing Start.
2020-01-29_15:04:02.829[Status]{'coordinate': [948.635211444545, 528.6778928223417], 'id': 13}
2020-01-29_15:04:02.829[Status]Routing 102: Walk: 88
2020-01-29_15:04:02.940[Battery Energy]92.19
2020-01-29_15:04:02.940[Status]Routing Start.
2020-01-29_15:04:03.255[Status]{'coordinate': [958.2216368881581, 531.5240212829086], 'id': 13}
2020-01-29_15:04:03.256[Status]Routing 103: Walk: 89
2020-01-29_15:04:03.362[Battery Energy]91.85
2020-01-29_15:04:03.362[Status]Routing Start.
2020-01-29_15:04:03.547[Status]{'coordinate': [967.8080623317711, 534.3701497434755], 'id': 13}
2020-01-29_15:04:03.547[Status]Routing 104: Walk: 90
2020-01-29_15:04:03.647[Battery Energy]91.63
2020-01-29_15:04:03.647[Status]Routing Start.
2020-01-29_15:04:03.932[Status]{'coordinate': [977.3944877753842, 537.2162782040424], 'id': 13}
2020-01-29_15:04:03.933[Status]Routing 105: Walk: 91
2020-01-29_15:04:04.033[Battery Energy]91.32
2020-01-29_15:04:04.033[Status]Routing Start.
2020-01-29_15:04:04.335[Status]{'coordinate': [986.9809132189972, 540.0624066646093], 'id': 13}
2020-01-29_15:04:04.335[Status]Routing 106: Walk: 92
2020-01-29_15:04:04.435[Battery Energy]91.02
2020-01-29_15:04:04.435[Status]Routing Start.
2020-01-29_15:04:04.600[Status]{'coordinate': [996.5673386626103, 542.9085351251762], 'id': 13}
2020-01-29_15:04:04.600[Status]Routing 107: Walk: 93
2020-01-29_15:04:04.700[Battery Energy]90.81
2020-01-29_15:04:04.700[Status]Routing Start.
2020-01-29_15:04:05.007[Status]{'coordinate': [1006.1537641062233, 545.7546635857431], 'id': 13}
2020-01-29_15:04:05.008[Status]Routing 108: Walk: 94
2020-01-29_15:04:05.114[Battery Energy]90.51
2020-01-29_15:04:05.114[Status]Routing Start.
2020-01-29_15:04:05.379[Status]{'coordinate': [1015.7401895498364, 548.60079204631], 'id': 13}
2020-01-29_15:04:05.380[Status]Routing 109: Walk: 95
2020-01-29_15:04:05.481[Battery Energy]90.21
2020-01-29_15:04:05.481[Status]Routing Start.
2020-01-29_15:04:05.774[Status]{'coordinate': [1025.3266149934493, 551.4469205068768], 'id': 13}
2020-01-29_15:04:05.774[Status]Routing 110: Walk: 96
2020-01-29_15:04:05.875[Battery Energy]89.91
2020-01-29_15:04:05.875[Status]Routing Start.
2020-01-29_15:04:06.172[Status]{'coordinate': [1034.9130404370624, 554.2930489674437], 'id': 13}
2020-01-29_15:04:06.172[Status]Routing 111: Walk: 97
2020-01-29_15:04:06.274[Battery Energy]89.58
2020-01-29_15:04:06.274[Status]Routing Start.
2020-01-29_15:04:06.586[Status]{'coordinate': [1044.4994658806754, 557.1391774280106], 'id': 13}
2020-01-29_15:04:06.587[Status]Routing 112: Walk: 98
2020-01-29_15:04:06.689[Battery Energy]89.24
2020-01-29_15:04:06.689[Status]Routing Start.
2020-01-29_15:04:06.994[Status]{'coordinate': [1054.0858913242885, 559.9853058885775], 'id': 13}
2020-01-29_15:04:06.994[Status]Routing 113: Walk: 99
2020-01-29_15:04:07.096[Battery Energy]88.90
2020-01-29_15:04:07.096[Status]Routing Start.
2020-01-29_15:04:07.398[Status]{'coordinate': [1063.6723167679015, 562.8314343491443], 'id': 13}
2020-01-29_15:04:07.398[Status]Routing 114: Walk: 100
2020-01-29_15:04:07.510[Battery Energy]88.61
2020-01-29_15:04:07.510[Status]Routing Start.
2020-01-29_15:04:07.806[Status]{'coordinate': [1073.2587422115146, 565.6775628097112], 'id': 13}
2020-01-29_15:04:07.810[Status]Routing 115: Walk: 101
2020-01-29_15:04:07.918[Battery Energy]88.32
2020-01-29_15:04:07.918[Status]Routing Start.
2020-01-29_15:04:08.178[Status]{'coordinate': [1082.8451676551276, 568.5236912702779], 'id': 13}
2020-01-29_15:04:08.178[Status]Routing 116: Walk: 102
2020-01-29_15:04:08.278[Battery Energy]87.99
2020-01-29_15:04:08.278[Status]Routing Start.
2020-01-29_15:04:08.606[Status]{'coordinate': [1092.4315930987407, 571.3698197308448], 'id': 13}
2020-01-29_15:04:08.606[Status]Routing 117: Walk: 103
2020-01-29_15:04:08.709[Battery Energy]87.65
2020-01-29_15:04:08.709[Status]Routing Start.
2020-01-29_15:04:09.049[Status]{'coordinate': [1102.0180185423537, 574.2159481914116], 'id': 13}
2020-01-29_15:04:09.049[Status]Routing 118: Walk: 104
2020-01-29_15:04:09.152[Battery Energy]87.32
2020-01-29_15:04:09.154[Status]Routing Start.
2020-01-29_15:04:09.524[Status]{'coordinate': [1111.6044439859668, 577.0620766519785], 'id': 13}
2020-01-29_15:04:09.524[Status]Routing 119: Walk: 105
2020-01-29_15:04:09.632[Battery Energy]86.99
2020-01-29_15:04:09.632[Status]Routing Start.
2020-01-29_15:04:09.918[Status]{'coordinate': [1121.1908694295798, 579.9082051125453], 'id': 13}
2020-01-29_15:04:09.918[Status]Routing 120: Walk: 106
2020-01-29_15:04:10.018[Battery Energy]86.70
2020-01-29_15:04:10.018[Status]Routing Start.
2020-01-29_15:04:10.312[Status]{'coordinate': [1130.777294873193, 582.7543335731121], 'id': 13}
2020-01-29_15:04:10.312[Status]Routing 121: Walk: 107
2020-01-29_15:04:10.422[Battery Energy]86.38
2020-01-29_15:04:10.422[Status]Routing Start.
2020-01-29_15:04:10.707[Status]{'coordinate': [1140.363720316806, 585.6004620336789], 'id': 13}
2020-01-29_15:04:10.708[Status]Routing 122: Walk: 108
2020-01-29_15:04:10.809[Battery Energy]86.08
2020-01-29_15:04:10.809[Status]Routing Start.
2020-01-29_15:04:11.141[Status]{'coordinate': [1149.950145760419, 588.4465904942458], 'id': 13}
2020-01-29_15:04:11.141[Status]Routing 123: Walk: 109
2020-01-29_15:04:11.241[Battery Energy]85.73
2020-01-29_15:04:11.242[Status]Routing Start.
2020-01-29_15:04:11.397[Status]{'coordinate': [1159.536571204032, 591.2927189548127], 'id': 13}
2020-01-29_15:04:11.397[Status]Routing 124: Walk: 110
2020-01-29_15:04:11.497[Battery Energy]85.52
2020-01-29_15:04:11.497[Status]Routing Start.
2020-01-29_15:04:11.846[Status]{'coordinate': [1169.122996647645, 594.1388474153795], 'id': 13}
2020-01-29_15:04:11.846[Status]Routing 125: Walk: 111
2020-01-29_15:04:11.950[Battery Energy]85.19
2020-01-29_15:04:11.951[Status]Routing Start.
2020-01-29_15:04:12.261[Status]{'coordinate': [1178.7094220912581, 596.9849758759464], 'id': 13}
2020-01-29_15:04:12.261[Status]Routing 126: Walk: 112
2020-01-29_15:04:12.364[Battery Energy]84.87
2020-01-29_15:04:12.364[Status]Routing Start.
2020-01-29_15:04:12.501[Status]{'coordinate': [1188.2958475348712, 599.8311043365131], 'id': 13}
2020-01-29_15:04:12.501[Status]Routing 127: Walk: 113
2020-01-29_15:04:12.604[Battery Energy]84.67
2020-01-29_15:04:12.604[Status]Routing Start.
2020-01-29_15:04:12.890[Status]{'coordinate': [1197.8822729784843, 602.67723279708], 'id': 13}
2020-01-29_15:04:12.890[Status]Routing 128: Walk: 114
2020-01-29_15:04:12.998[Battery Energy]84.32
2020-01-29_15:04:12.998[Status]Routing Start.
2020-01-29_15:04:13.137[Status]{'coordinate': [1207.4686984220973, 605.5233612576468], 'id': 13}
2020-01-29_15:04:13.137[Status]Routing 129: Walk: 115
2020-01-29_15:04:13.249[Battery Energy]84.12
2020-01-29_15:04:13.249[Status]Routing Start.
2020-01-29_15:04:13.386[Status]{'coordinate': [1217.0551238657104, 608.3694897182137], 'id': 13}
2020-01-29_15:04:13.386[Status]Routing 130: Walk: 116
2020-01-29_15:04:13.519[Battery Energy]83.92
2020-01-29_15:04:13.519[Status]Routing Start.
2020-01-29_15:04:13.723[Status]{'coordinate': [1226.6415493093234, 611.2156181787805], 'id': 13}
2020-01-29_15:04:13.723[Status]Routing 131: Walk: 117
2020-01-29_15:04:13.829[Battery Energy]83.65
2020-01-29_15:04:13.829[Status]Routing Start.
2020-01-29_15:04:13.969[Status]{'coordinate': [1236.2279747529365, 614.0617466393473], 'id': 13}
2020-01-29_15:04:13.970[Status]Routing 132: Walk: 118
2020-01-29_15:04:14.098[Battery Energy]83.44
2020-01-29_15:04:14.098[Status]Routing Start.
2020-01-29_15:04:14.308[Status]{'coordinate': [1245.8144001965495, 616.9078750999141], 'id': 13}
2020-01-29_15:04:14.308[Status]Routing 133: Walk: 119
2020-01-29_15:04:14.418[Battery Energy]83.19
2020-01-29_15:04:14.418[Status]Routing Start.
2020-01-29_15:04:14.763[Status]{'coordinate': [1255.4008256401626, 619.754003560481], 'id': 13}
2020-01-29_15:04:14.763[Status]Routing 134: Walk: 120
2020-01-29_15:04:14.863[Battery Energy]82.87
2020-01-29_15:04:14.863[Status]Routing Start.
2020-01-29_15:04:14.863[Status]Task Finished.
2020-01-29_15:04:14.964[Battery Energy]82.87
2020-01-29_15:04:15.126[Status]Routing 136: Walk: 120
2020-01-29_15:04:15.228[Battery Energy]82.72
2020-01-29_15:04:15.546[Status]Routing 137: Walk: 120
2020-01-29_15:04:15.654[Battery Energy]82.53
2020-01-29_15:04:15.935[Status]Routing 138: Walk: 120
2020-01-29_15:04:16.037[Battery Energy]82.31
2020-01-29_15:04:16.193[Status]Routing 139: Walk: 120
2020-01-29_15:04:16.293[Battery Energy]82.20
2020-01-29_15:04:16.600[Status]Routing 140: Walk: 120
2020-01-29_15:04:16.705[Battery Energy]81.99
2020-01-29_15:04:16.985[Status]Routing 141: Walk: 120
2020-01-29_15:04:17.090[Battery Energy]81.78
2020-01-29_15:04:17.221[Status]Routing 142: Walk: 120
2020-01-29_15:04:17.330[Battery Energy]81.66
2020-01-29_15:04:17.638[Status]Routing 143: Walk: 120
2020-01-29_15:04:17.742[Battery Energy]81.47
2020-01-29_15:04:18.040[Status]Routing 144: Walk: 120
2020-01-29_15:04:18.149[Battery Energy]81.27
2020-01-29_15:04:18.461[Status]Routing 145: Walk: 120
2020-01-29_15:04:18.570[Battery Energy]81.06
2020-01-29_15:04:18.873[Status]Routing 146: Walk: 120
2020-01-29_15:04:18.986[Battery Energy]80.84
2020-01-29_15:04:19.240[Status]Routing 147: Walk: 120
2020-01-29_15:04:19.340[Battery Energy]80.69
2020-01-29_15:04:19.493[Status]Routing 148: Walk: 120
2020-01-29_15:04:19.605[Battery Energy]80.55
2020-01-29_15:04:19.727[Status]Routing 149: Walk: 120
2020-01-29_15:04:19.827[Battery Energy]80.44
2020-01-29_15:04:19.964[Status]Routing 150: Walk: 120
2020-01-29_15:04:20.065[Battery Energy]80.34
2020-01-29_15:04:20.302[Status]Routing 151: Walk: 120
2020-01-29_15:04:20.402[Battery Energy]80.17
2020-01-29_15:04:20.557[Status]Routing 152: Walk: 120
2020-01-29_15:04:20.658[Battery Energy]80.04
2020-01-29_15:04:20.831[Status]Routing 153: Walk: 120
2020-01-29_15:04:20.942[Battery Energy]79.90
2020-01-29_15:04:21.063[Status]Routing 154: Walk: 120
2020-01-29_15:04:21.163[Battery Energy]79.79
2020-01-29_15:04:21.303[Status]Routing 155: Walk: 120
2020-01-29_15:04:21.406[Battery Energy]79.70
2020-01-29_15:04:21.539[Status]Routing 156: Walk: 120
2020-01-29_15:04:21.639[Battery Energy]79.58
2020-01-29_15:04:21.770[Status]Routing 157: Walk: 120
2020-01-29_15:04:21.874[Battery Energy]79.47
2020-01-29_15:04:22.012[Status]Routing 158: Walk: 120
2020-01-29_15:04:22.126[Battery Energy]79.36
2020-01-29_15:04:22.254[Status]Routing 159: Walk: 120
2020-01-29_15:04:22.354[Battery Energy]79.25
2020-01-29_15:04:22.541[Status]Routing 160: Walk: 120
2020-01-29_15:04:22.653[Battery Energy]79.09
2020-01-29_15:04:22.800[Status]Routing 161: Walk: 120
2020-01-29_15:04:22.914[Battery Energy]78.98
2020-01-29_15:04:23.050[Status]Routing 162: Walk: 120
2020-01-29_15:04:23.158[Battery Energy]78.88
2020-01-29_15:04:23.345[Status]Routing 163: Walk: 120
2020-01-29_15:04:23.445[Battery Energy]78.75
2020-01-29_15:04:23.599[Status]Routing 164: Walk: 120
2020-01-29_15:04:23.706[Battery Energy]78.62
2020-01-29_15:04:23.854[Status]Routing 165: Walk: 120
2020-01-29_15:04:23.966[Battery Energy]78.48
2020-01-29_15:04:24.117[Status]Routing 166: Walk: 120
2020-01-29_15:04:24.217[Battery Energy]78.39
2020-01-29_15:04:24.344[Status]Routing 167: Walk: 120
2020-01-29_15:04:24.450[Battery Energy]78.30
2020-01-29_15:04:24.590[Status]Routing 168: Walk: 120
2020-01-29_15:04:24.690[Battery Energy]78.19
2020-01-29_15:04:24.832[Status]Routing 169: Walk: 120
2020-01-29_15:04:24.934[Battery Energy]78.07
2020-01-29_15:04:25.080[Status]Routing 170: Walk: 120
2020-01-29_15:04:25.190[Battery Energy]77.97
2020-01-29_15:04:25.344[Status]Routing 171: Walk: 120
2020-01-29_15:04:25.446[Battery Energy]77.88
2020-01-29_15:04:25.598[Status]Routing 172: Walk: 120
2020-01-29_15:04:25.698[Battery Energy]77.74
2020-01-29_15:04:25.845[Status]Routing 173: Walk: 120
2020-01-29_15:04:25.954[Battery Energy]77.62
2020-01-29_15:04:26.115[Status]Routing 174: Walk: 120
2020-01-29_15:04:26.215[Battery Energy]77.49
2020-01-29_15:04:26.361[Status]Routing 175: Walk: 120
2020-01-29_15:04:26.471[Battery Energy]77.36
2020-01-29_15:04:26.593[Status]Routing 176: Walk: 120
2020-01-29_15:04:26.705[Battery Energy]77.27
2020-01-29_15:04:26.835[Status]Routing 177: Walk: 120
2020-01-29_15:04:26.946[Battery Energy]77.16
2020-01-29_15:04:27.083[Status]Routing 178: Walk: 120
2020-01-29_15:04:27.194[Battery Energy]77.07
2020-01-29_15:04:27.319[Status]Routing 179: Walk: 120
2020-01-29_15:04:27.424[Battery Energy]76.97
2020-01-29_15:04:27.574[Status]Routing 180: Walk: 120
2020-01-29_15:04:27.674[Battery Energy]76.84
2020-01-29_15:04:27.828[Status]Routing 181: Walk: 120
2020-01-29_15:04:27.938[Battery Energy]76.72
2020-01-29_15:04:28.083[Status]Routing 182: Walk: 120
2020-01-29_15:04:28.190[Battery Energy]76.62
2020-01-29_15:04:28.337[Status]Routing 183: Walk: 120
2020-01-29_15:04:28.450[Battery Energy]76.52
