2020-01-29_15:03:18.503[Status]Start.
2020-01-29_15:03:18.504[Battery Energy]123.00
2020-01-29_15:03:19.607[Battery Energy]122.96
2020-01-29_15:03:20.708[Battery Energy]122.92
2020-01-29_15:03:21.809[Battery Energy]122.88
2020-01-29_15:03:22.910[Battery Energy]122.84
2020-01-29_15:03:24.011[Task]A New Task Released.
2020-01-29_15:03:24.011[Battery Energy]122.80
2020-01-29_15:03:24.011[Status]Selection Start.
2020-01-29_15:03:26.147[Status]Selection End: Do Task 1.
2020-01-29_15:03:26.249[Battery Energy]121.30
2020-01-29_15:03:26.249[Status]Formation Start.
2020-01-29_15:03:26.397[Status]number of tasks is 7
2020-01-29_15:03:26.399[Status]my group tasks is [ 1300.   700.]
2020-01-29_15:03:26.408[Status]my group tasks is [ 1262.34898019   778.18314825]
2020-01-29_15:03:26.409[Status]my group tasks is [ 1177.7479066    797.49279122]
2020-01-29_15:03:26.418[Status]my group tasks is [ 1109.90311321   743.38837391]
2020-01-29_15:03:26.419[Status]my group tasks is [ 1109.90311321   656.61162609]
2020-01-29_15:03:26.434[Status]my group tasks is [ 1177.7479066    602.50720878]
2020-01-29_15:03:26.439[Status]my group tasks is [ 1262.34898019   621.81685175]
2020-01-29_15:03:26.467[Status]mygroup_robots_utility is {8: [16.185871586829574, 17.39556563248832, 14.943429890916915, 16.242018181208127, 17.42420628124733, 28.818266070926413, 14.9048270232536], 9: [16.279880483387352, 17.093430092438915, 14.942046344952391, 17.33153248697351, 28.548080870643982, 14.619672263807887, 15.811984084727898], 10: [32.07168855721209, 17.415489652521043, 14.713560574695641, 16.94858395036171, 17.87860025172552, 14.90969407155665, 15.540148804807208], 11: [16.46180332958129, 33.75850859191522, 15.989686684499338, 29.32241517092253, 13.890089908851, 14.089721147847598, 15.164531365222594], 12: [16.292113125710237, 17.356339662254854, 34.887192703871776, 14.404305047801206, 32.24203287405172, 14.859877698695687, 14.977537102229327], 13: [16.691643038534913, 16.558060077748394, 34.61921162903919, 14.27745145958291, 15.188153426974903, 14.333583305306089, 15.33000051821332], 14: [16.11717171103408, 14.125660049179572, 15.401121986984439, 13.357502287210435, 13.288227395461178, 14.300252600103672, 15.564781494448349]}
2020-01-29_15:03:26.467[Status]self.local_queue is [8, 9, 10, 11, 12, 13, 14]
2020-01-29_15:03:26.467[Status]task_chosen index is 5
2020-01-29_15:03:26.467[Status]task_chosen index is 4
2020-01-29_15:03:26.467[Status]task_chosen index is 0
2020-01-29_15:03:26.467[Status]myindex_in_queue is 0
2020-01-29_15:03:26.467[Status]task destination is [1300.0, 700.0]
2020-01-29_15:03:26.570[Battery Energy]121.13
2020-01-29_15:03:26.570[Status]Routing Start.
2020-01-29_15:03:26.719[Status]{'id': 10, 'coordinate': [127.66275632543659, 387.5751000359666]}
2020-01-29_15:03:26.723[Status]Routing 1: Walk: 1
2020-01-29_15:03:26.830[Battery Energy]120.92
2020-01-29_15:03:26.830[Status]Routing Start.
2020-01-29_15:03:27.023[Status]{'id': 10, 'coordinate': [137.32551265087318, 390.1502000719332]}
2020-01-29_15:03:27.023[Status]Routing 2: Walk: 2
2020-01-29_15:03:27.130[Battery Energy]120.71
2020-01-29_15:03:27.130[Status]Routing Start.
2020-01-29_15:03:27.285[Status]{'id': 10, 'coordinate': [146.98826897630977, 392.72530010789984]}
2020-01-29_15:03:27.285[Status]Routing 3: Walk: 3
2020-01-29_15:03:27.385[Battery Energy]120.48
2020-01-29_15:03:27.385[Status]Routing Start.
2020-01-29_15:03:27.529[Status]{'id': 10, 'coordinate': [156.65102530174636, 395.30040014386645]}
2020-01-29_15:03:27.529[Status]Routing 4: Walk: 4
2020-01-29_15:03:27.642[Battery Energy]120.26
2020-01-29_15:03:27.642[Status]Routing Start.
2020-01-29_15:03:27.770[Status]{'id': 10, 'coordinate': [166.31378162718295, 397.87550017983307]}
2020-01-29_15:03:27.770[Status]Routing 5: Walk: 5
2020-01-29_15:03:27.870[Battery Energy]120.06
2020-01-29_15:03:27.870[Status]Routing Start.
2020-01-29_15:03:28.197[Status]{'id': 10, 'coordinate': [175.97653795261954, 400.4506002157997]}
2020-01-29_15:03:28.197[Status]Routing 6: Walk: 6
2020-01-29_15:03:28.305[Battery Energy]119.75
2020-01-29_15:03:28.305[Status]Routing Start.
2020-01-29_15:03:28.543[Status]{'id': 10, 'coordinate': [185.63929427805613, 403.0257002517663]}
2020-01-29_15:03:28.543[Status]Routing 7: Walk: 7
2020-01-29_15:03:28.649[Battery Energy]119.48
2020-01-29_15:03:28.649[Status]Routing Start.
2020-01-29_15:03:28.953[Status]{'id': 10, 'coordinate': [195.30205060349272, 405.6008002877329]}
2020-01-29_15:03:28.953[Status]Routing 8: Walk: 8
2020-01-29_15:03:29.053[Battery Energy]119.14
2020-01-29_15:03:29.053[Status]Routing Start.
2020-01-29_15:03:29.515[Status]Routing 9: Walk: 8
2020-01-29_15:03:29.618[Battery Energy]118.75
2020-01-29_15:03:29.619[Status]Routing Start.
2020-01-29_15:03:29.883[Status]Routing 10: Walk: 8
2020-01-29_15:03:29.983[Battery Energy]118.45
2020-01-29_15:03:29.983[Status]Routing Start.
2020-01-29_15:03:30.283[Status]Routing 11: Walk: 8
2020-01-29_15:03:30.383[Battery Energy]118.15
2020-01-29_15:03:30.383[Status]Routing Start.
2020-01-29_15:03:30.543[Status]{'id': 10, 'coordinate': [204.9648069289293, 408.1759003236995]}
2020-01-29_15:03:30.543[Status]Routing 12: Walk: 9
2020-01-29_15:03:30.650[Battery Energy]117.95
2020-01-29_15:03:30.650[Status]Routing Start.
2020-01-29_15:03:31.150[Status]Routing 13: Walk: 9
2020-01-29_15:03:31.257[Battery Energy]117.56
2020-01-29_15:03:31.257[Status]Routing Start.
2020-01-29_15:03:31.401[Status]{'id': 10, 'coordinate': [214.6275632543659, 410.75100035966614]}
2020-01-29_15:03:31.401[Status]Routing 14: Walk: 10
2020-01-29_15:03:31.501[Battery Energy]117.35
2020-01-29_15:03:31.501[Status]Routing Start.
2020-01-29_15:03:31.816[Status]{'id': 10, 'coordinate': [224.29031957980249, 413.32610039563275]}
2020-01-29_15:03:31.817[Status]Routing 15: Walk: 11
2020-01-29_15:03:31.922[Battery Energy]117.01
2020-01-29_15:03:31.922[Status]Routing Start.
2020-01-29_15:03:32.227[Status]{'id': 10, 'coordinate': [233.95307590523907, 415.90120043159936]}
2020-01-29_15:03:32.228[Status]Routing 16: Walk: 12
2020-01-29_15:03:32.337[Battery Energy]116.68
2020-01-29_15:03:32.337[Status]Routing Start.
2020-01-29_15:03:32.731[Status]{'id': 10, 'coordinate': [243.61583223067566, 418.476300467566]}
2020-01-29_15:03:32.731[Status]Routing 17: Walk: 13
2020-01-29_15:03:32.838[Battery Energy]116.31
2020-01-29_15:03:32.838[Status]Routing Start.
2020-01-29_15:03:33.153[Status]{'id': 10, 'coordinate': [253.27858855611225, 421.0514005035326]}
2020-01-29_15:03:33.153[Status]Routing 18: Walk: 14
2020-01-29_15:03:33.253[Battery Energy]115.98
2020-01-29_15:03:33.253[Status]Routing Start.
2020-01-29_15:03:33.569[Status]{'id': 10, 'coordinate': [262.94134488154884, 423.6265005394992]}
2020-01-29_15:03:33.570[Status]Routing 19: Walk: 15
2020-01-29_15:03:33.672[Battery Energy]115.65
2020-01-29_15:03:33.672[Status]Routing Start.
2020-01-29_15:03:34.062[Status]{'id': 10, 'coordinate': [272.60410120698543, 426.2016005754658]}
2020-01-29_15:03:34.062[Status]Routing 20: Walk: 16
2020-01-29_15:03:34.167[Battery Energy]115.30
2020-01-29_15:03:34.167[Status]Routing Start.
2020-01-29_15:03:34.519[Status]{'id': 10, 'coordinate': [282.266857532422, 428.77670061143243]}
2020-01-29_15:03:34.519[Status]Routing 21: Walk: 17
2020-01-29_15:03:34.619[Battery Energy]114.95
2020-01-29_15:03:34.619[Status]Routing Start.
2020-01-29_15:03:34.910[Status]{'id': 10, 'coordinate': [291.9296138578586, 431.35180064739905]}
2020-01-29_15:03:34.911[Status]Routing 22: Walk: 18
2020-01-29_15:03:35.014[Battery Energy]114.63
2020-01-29_15:03:35.014[Status]Routing Start.
2020-01-29_15:03:35.133[Status]{'id': 10, 'coordinate': [301.5923701832952, 433.92690068336566]}
2020-01-29_15:03:35.133[Status]Routing 23: Walk: 19
2020-01-29_15:03:35.233[Battery Energy]114.45
2020-01-29_15:03:35.234[Status]Routing Start.
2020-01-29_15:03:35.560[Status]{'id': 10, 'coordinate': [311.2551265087318, 436.5020007193323]}
2020-01-29_15:03:35.561[Status]Routing 24: Walk: 20
2020-01-29_15:03:35.661[Battery Energy]114.14
2020-01-29_15:03:35.661[Status]Routing Start.
2020-01-29_15:03:35.947[Status]{'id': 10, 'coordinate': [320.9178828341684, 439.0771007552989]}
2020-01-29_15:03:35.947[Status]Routing 25: Walk: 21
2020-01-29_15:03:36.047[Battery Energy]113.82
2020-01-29_15:03:36.047[Status]Routing Start.
2020-01-29_15:03:36.178[Status]{'id': 10, 'coordinate': [330.58063915960497, 441.6522007912655]}
2020-01-29_15:03:36.178[Status]Routing 26: Walk: 22
2020-01-29_15:03:36.278[Battery Energy]113.62
2020-01-29_15:03:36.278[Status]Routing Start.
2020-01-29_15:03:36.632[Status]{'id': 10, 'coordinate': [340.24339548504156, 444.2273008272321]}
2020-01-29_15:03:36.632[Status]Routing 27: Walk: 23
2020-01-29_15:03:36.744[Battery Energy]113.28
2020-01-29_15:03:36.744[Status]Routing Start.
2020-01-29_15:03:36.863[Status]{'id': 10, 'coordinate': [349.90615181047815, 446.8024008631987]}
2020-01-29_15:03:36.863[Status]Routing 28: Walk: 24
2020-01-29_15:03:36.963[Battery Energy]113.08
2020-01-29_15:03:36.963[Status]Routing Start.
2020-01-29_15:03:37.303[Status]{'id': 10, 'coordinate': [359.56890813591474, 449.37750089916534]}
2020-01-29_15:03:37.303[Status]Routing 29: Walk: 25
2020-01-29_15:03:37.406[Battery Energy]112.79
2020-01-29_15:03:37.406[Status]Routing Start.
2020-01-29_15:03:37.557[Status]{'id': 10, 'coordinate': [369.23166446135133, 451.95260093513195]}
2020-01-29_15:03:37.557[Status]Routing 30: Walk: 26
2020-01-29_15:03:37.659[Battery Energy]112.57
2020-01-29_15:03:37.660[Status]Routing Start.
2020-01-29_15:03:37.983[Status]{'id': 10, 'coordinate': [378.8944207867879, 454.52770097109857]}
2020-01-29_15:03:37.983[Status]Routing 31: Walk: 27
2020-01-29_15:03:38.094[Battery Energy]112.27
2020-01-29_15:03:38.094[Status]Routing Start.
2020-01-29_15:03:38.211[Status]{'id': 10, 'coordinate': [388.5571771122245, 457.1028010070652]}
2020-01-29_15:03:38.211[Status]Routing 32: Walk: 28
2020-01-29_15:03:38.314[Battery Energy]112.06
2020-01-29_15:03:38.314[Status]Routing Start.
2020-01-29_15:03:38.643[Status]{'id': 10, 'coordinate': [398.2199334376611, 459.6779010430318]}
2020-01-29_15:03:38.643[Status]Routing 33: Walk: 29
2020-01-29_15:03:38.758[Battery Energy]111.74
2020-01-29_15:03:38.758[Status]Routing Start.
2020-01-29_15:03:39.054[Status]{'id': 10, 'coordinate': [407.8826897630977, 462.2530010789984]}
2020-01-29_15:03:39.054[Status]Routing 34: Walk: 30
2020-01-29_15:03:39.155[Battery Energy]111.46
2020-01-29_15:03:39.155[Status]Routing Start.
2020-01-29_15:03:39.314[Status]{'id': 10, 'coordinate': [417.5454460885343, 464.828101114965]}
2020-01-29_15:03:39.314[Status]Routing 35: Walk: 31
2020-01-29_15:03:39.415[Battery Energy]111.22
2020-01-29_15:03:39.415[Status]Routing Start.
2020-01-29_15:03:39.695[Status]{'id': 10, 'coordinate': [427.20820241397087, 467.40320115093164]}
2020-01-29_15:03:39.706[Status]Routing 36: Walk: 32
2020-01-29_15:03:39.810[Battery Energy]110.92
2020-01-29_15:03:39.810[Status]Routing Start.
2020-01-29_15:03:40.118[Status]{'id': 10, 'coordinate': [436.87095873940746, 469.97830118689825]}
2020-01-29_15:03:40.118[Status]Routing 37: Walk: 33
2020-01-29_15:03:40.221[Battery Energy]110.61
2020-01-29_15:03:40.222[Status]Routing Start.
2020-01-29_15:03:40.494[Status]{'id': 10, 'coordinate': [446.53371506484405, 472.55340122286486]}
2020-01-29_15:03:40.496[Status]Routing 38: Walk: 34
2020-01-29_15:03:40.606[Battery Energy]110.28
2020-01-29_15:03:40.606[Status]Routing Start.
2020-01-29_15:03:40.747[Status]{'id': 10, 'coordinate': [456.19647139028064, 475.1285012588315]}
2020-01-29_15:03:40.747[Status]Routing 39: Walk: 35
2020-01-29_15:03:40.850[Battery Energy]110.07
2020-01-29_15:03:40.850[Status]Routing Start.
2020-01-29_15:03:41.157[Status]{'id': 10, 'coordinate': [465.8592277157172, 477.7036012947981]}
2020-01-29_15:03:41.157[Status]Routing 40: Walk: 36
2020-01-29_15:03:41.257[Battery Energy]109.75
2020-01-29_15:03:41.257[Status]Routing Start.
2020-01-29_15:03:41.562[Status]{'id': 10, 'coordinate': [475.5219840411538, 480.2787013307647]}
2020-01-29_15:03:41.562[Status]Routing 41: Walk: 37
2020-01-29_15:03:41.670[Battery Energy]109.42
2020-01-29_15:03:41.670[Status]Routing Start.
2020-01-29_15:03:41.960[Status]{'id': 10, 'coordinate': [485.1847403665904, 482.8538013667313]}
2020-01-29_15:03:41.961[Status]Routing 42: Walk: 38
2020-01-29_15:03:42.066[Battery Energy]109.09
2020-01-29_15:03:42.066[Status]Routing Start.
2020-01-29_15:03:42.385[Status]{'id': 10, 'coordinate': [494.847496692027, 485.42890140269793]}
2020-01-29_15:03:42.386[Status]Routing 43: Walk: 39
2020-01-29_15:03:42.486[Battery Energy]108.76
2020-01-29_15:03:42.486[Status]Routing Start.
2020-01-29_15:03:42.800[Status]{'id': 10, 'coordinate': [504.5102530174636, 488.00400143866455]}
2020-01-29_15:03:42.801[Status]Routing 44: Walk: 40
2020-01-29_15:03:42.913[Battery Energy]108.40
2020-01-29_15:03:42.913[Status]Routing Start.
2020-01-29_15:03:43.195[Status]{'id': 10, 'coordinate': [514.1730093429002, 490.57910147463116]}
2020-01-29_15:03:43.195[Status]Routing 45: Walk: 41
2020-01-29_15:03:43.296[Battery Energy]108.11
2020-01-29_15:03:43.296[Status]Routing Start.
2020-01-29_15:03:43.574[Status]{'id': 10, 'coordinate': [523.8357656683368, 493.1542015105978]}
2020-01-29_15:03:43.575[Status]Routing 46: Walk: 42
2020-01-29_15:03:43.682[Battery Energy]107.81
2020-01-29_15:03:43.682[Status]Routing Start.
2020-01-29_15:03:44.090[Status]{'id': 10, 'coordinate': [533.4985219937734, 495.7293015465644]}
2020-01-29_15:03:44.091[Status]Routing 47: Walk: 43
2020-01-29_15:03:44.198[Battery Energy]107.40
2020-01-29_15:03:44.198[Status]Routing Start.
2020-01-29_15:03:44.488[Status]{'id': 10, 'coordinate': [543.1612783192099, 498.304401582531]}
2020-01-29_15:03:44.488[Status]Routing 48: Walk: 44
2020-01-29_15:03:44.588[Battery Energy]107.10
2020-01-29_15:03:44.588[Status]Routing Start.
2020-01-29_15:03:44.868[Status]{'id': 10, 'coordinate': [552.8240346446465, 500.8795016184976]}
2020-01-29_15:03:44.868[Status]Routing 49: Walk: 45
2020-01-29_15:03:44.988[Battery Energy]106.82
2020-01-29_15:03:44.988[Status]Routing Start.
2020-01-29_15:03:45.116[Status]{'id': 10, 'coordinate': [562.4867909700831, 503.4546016544642]}
2020-01-29_15:03:45.117[Status]Routing 50: Walk: 46
2020-01-29_15:03:45.230[Battery Energy]106.61
2020-01-29_15:03:45.230[Status]Routing Start.
2020-01-29_15:03:45.530[Status]{'id': 10, 'coordinate': [572.1495472955197, 506.02970169043084]}
2020-01-29_15:03:45.530[Status]Routing 51: Walk: 47
2020-01-29_15:03:45.642[Battery Energy]106.29
2020-01-29_15:03:45.642[Status]Routing Start.
2020-01-29_15:03:45.916[Status]{'id': 10, 'coordinate': [581.8123036209563, 508.60480172639745]}
2020-01-29_15:03:45.916[Status]Routing 52: Walk: 48
2020-01-29_15:03:46.026[Battery Energy]105.96
2020-01-29_15:03:46.026[Status]Routing Start.
2020-01-29_15:03:46.318[Status]{'id': 10, 'coordinate': [591.4750599463929, 511.17990176236407]}
2020-01-29_15:03:46.318[Status]Routing 53: Walk: 49
2020-01-29_15:03:46.419[Battery Energy]105.61
2020-01-29_15:03:46.419[Status]Routing Start.
2020-01-29_15:03:46.738[Status]{'id': 10, 'coordinate': [601.1378162718295, 513.7550017983307]}
2020-01-29_15:03:46.739[Status]Routing 54: Walk: 50
2020-01-29_15:03:46.842[Battery Energy]105.30
2020-01-29_15:03:46.842[Status]Routing Start.
2020-01-29_15:03:47.143[Status]{'id': 10, 'coordinate': [610.8005725972661, 516.3301018342972]}
2020-01-29_15:03:47.143[Status]Routing 55: Walk: 51
2020-01-29_15:03:47.243[Battery Energy]105.01
2020-01-29_15:03:47.243[Status]Routing Start.
2020-01-29_15:03:47.570[Status]{'id': 10, 'coordinate': [620.4633289227027, 518.9052018702638]}
2020-01-29_15:03:47.570[Status]Routing 56: Walk: 52
2020-01-29_15:03:47.672[Battery Energy]104.67
2020-01-29_15:03:47.672[Status]Routing Start.
2020-01-29_15:03:47.999[Status]{'id': 10, 'coordinate': [630.1260852481392, 521.4803019062304]}
2020-01-29_15:03:48.000[Status]Routing 57: Walk: 53
2020-01-29_15:03:48.100[Battery Energy]104.36
2020-01-29_15:03:48.100[Status]Routing Start.
2020-01-29_15:03:48.500[Status]{'id': 10, 'coordinate': [639.7888415735758, 524.0554019421969]}
2020-01-29_15:03:48.500[Status]Routing 58: Walk: 54
2020-01-29_15:03:48.600[Battery Energy]104.00
2020-01-29_15:03:48.600[Status]Routing Start.
2020-01-29_15:03:48.911[Status]{'id': 10, 'coordinate': [649.4515978990124, 526.6305019781635]}
2020-01-29_15:03:48.911[Status]Routing 59: Walk: 55
2020-01-29_15:03:49.018[Battery Energy]103.65
2020-01-29_15:03:49.018[Status]Routing Start.
2020-01-29_15:03:49.351[Status]{'id': 10, 'coordinate': [659.114354224449, 529.20560201413]}
2020-01-29_15:03:49.351[Status]Routing 60: Walk: 56
2020-01-29_15:03:49.451[Battery Energy]103.34
2020-01-29_15:03:49.451[Status]Routing Start.
2020-01-29_15:03:49.747[Status]{'id': 10, 'coordinate': [668.7771105498856, 531.7807020500966]}
2020-01-29_15:03:49.747[Status]Routing 61: Walk: 57
2020-01-29_15:03:49.847[Battery Energy]103.02
2020-01-29_15:03:49.847[Status]Routing Start.
2020-01-29_15:03:50.140[Status]{'id': 10, 'coordinate': [678.4398668753222, 534.3558020860631]}
2020-01-29_15:03:50.140[Status]Routing 62: Walk: 58
2020-01-29_15:03:50.250[Battery Energy]102.67
2020-01-29_15:03:50.250[Status]Routing Start.
2020-01-29_15:03:50.541[Status]{'id': 10, 'coordinate': [688.1026232007588, 536.9309021220297]}
2020-01-29_15:03:50.541[Status]Routing 63: Walk: 59
2020-01-29_15:03:50.641[Battery Energy]102.35
2020-01-29_15:03:50.641[Status]Routing Start.
2020-01-29_15:03:50.782[Status]{'id': 10, 'coordinate': [697.7653795261954, 539.5060021579962]}
2020-01-29_15:03:50.782[Status]Routing 64: Walk: 60
2020-01-29_15:03:50.890[Battery Energy]102.15
2020-01-29_15:03:50.890[Status]Routing Start.
2020-01-29_15:03:51.038[Status]{'id': 10, 'coordinate': [707.428135851632, 542.0811021939628]}
2020-01-29_15:03:51.038[Status]Routing 65: Walk: 61
2020-01-29_15:03:51.150[Battery Energy]101.93
2020-01-29_15:03:51.150[Status]Routing Start.
2020-01-29_15:03:51.285[Status]{'id': 10, 'coordinate': [717.0908921770686, 544.6562022299294]}
2020-01-29_15:03:51.285[Status]Routing 66: Walk: 62
2020-01-29_15:03:51.390[Battery Energy]101.72
2020-01-29_15:03:51.390[Status]Routing Start.
2020-01-29_15:03:51.518[Status]{'id': 10, 'coordinate': [726.7536485025051, 547.2313022658959]}
2020-01-29_15:03:51.518[Status]Routing 67: Walk: 63
2020-01-29_15:03:51.622[Battery Energy]101.54
2020-01-29_15:03:51.622[Status]Routing Start.
2020-01-29_15:03:51.772[Status]{'id': 10, 'coordinate': [736.4164048279417, 549.8064023018625]}
2020-01-29_15:03:51.772[Status]Routing 68: Walk: 64
2020-01-29_15:03:51.878[Battery Energy]101.31
2020-01-29_15:03:51.878[Status]Routing Start.
2020-01-29_15:03:52.030[Status]{'id': 10, 'coordinate': [746.0791611533783, 552.381502337829]}
2020-01-29_15:03:52.030[Status]Routing 69: Walk: 65
2020-01-29_15:03:52.131[Battery Energy]101.10
2020-01-29_15:03:52.131[Status]Routing Start.
2020-01-29_15:03:52.275[Status]{'id': 10, 'coordinate': [755.7419174788149, 554.9566023737956]}
2020-01-29_15:03:52.278[Status]Routing 70: Walk: 66
2020-01-29_15:03:52.379[Battery Energy]100.89
2020-01-29_15:03:52.379[Status]Routing Start.
2020-01-29_15:03:52.507[Status]{'id': 10, 'coordinate': [765.4046738042515, 557.5317024097621]}
2020-01-29_15:03:52.507[Status]Routing 71: Walk: 67
2020-01-29_15:03:52.618[Battery Energy]100.68
2020-01-29_15:03:52.618[Status]Routing Start.
2020-01-29_15:03:52.745[Status]{'id': 10, 'coordinate': [775.0674301296881, 560.1068024457287]}
2020-01-29_15:03:52.749[Status]Routing 72: Walk: 68
2020-01-29_15:03:52.854[Battery Energy]100.47
2020-01-29_15:03:52.854[Status]Routing Start.
2020-01-29_15:03:53.122[Status]{'id': 10, 'coordinate': [784.7301864551247, 562.6819024816953]}
2020-01-29_15:03:53.122[Status]Routing 73: Walk: 69
2020-01-29_15:03:53.226[Battery Energy]100.16
2020-01-29_15:03:53.226[Status]Routing Start.
2020-01-29_15:03:53.522[Status]{'id': 10, 'coordinate': [794.3929427805613, 565.2570025176618]}
2020-01-29_15:03:53.522[Status]Routing 74: Walk: 70
2020-01-29_15:03:53.622[Battery Energy]99.83
2020-01-29_15:03:53.622[Status]Routing Start.
2020-01-29_15:03:53.935[Status]{'id': 10, 'coordinate': [804.0556991059979, 567.8321025536284]}
2020-01-29_15:03:53.935[Status]Routing 75: Walk: 71
2020-01-29_15:03:54.035[Battery Energy]99.54
2020-01-29_15:03:54.035[Status]Routing Start.
2020-01-29_15:03:54.350[Status]{'id': 10, 'coordinate': [813.7184554314344, 570.4072025895949]}
2020-01-29_15:03:54.351[Status]Routing 76: Walk: 72
2020-01-29_15:03:54.454[Battery Energy]99.24
2020-01-29_15:03:54.454[Status]Routing Start.
2020-01-29_15:03:54.711[Status]{'id': 10, 'coordinate': [823.381211756871, 572.9823026255615]}
2020-01-29_15:03:54.711[Status]Routing 77: Walk: 73
2020-01-29_15:03:54.814[Battery Energy]98.98
2020-01-29_15:03:54.814[Status]Routing Start.
2020-01-29_15:03:55.138[Status]{'id': 10, 'coordinate': [833.0439680823076, 575.5574026615282]}
2020-01-29_15:03:55.138[Status]Routing 78: Walk: 74
2020-01-29_15:03:55.250[Battery Energy]98.67
2020-01-29_15:03:55.250[Status]Routing Start.
2020-01-29_15:03:55.538[Status]{'id': 10, 'coordinate': [842.7067244077442, 578.1325026974948]}
2020-01-29_15:03:55.538[Status]Routing 79: Walk: 75
2020-01-29_15:03:55.645[Battery Energy]98.37
2020-01-29_15:03:55.645[Status]Routing Start.
2020-01-29_15:03:55.787[Status]{'id': 10, 'coordinate': [852.3694807331808, 580.7076027334614]}
2020-01-29_15:03:55.787[Status]Routing 80: Walk: 76
2020-01-29_15:03:55.891[Battery Energy]98.14
2020-01-29_15:03:55.892[Status]Routing Start.
2020-01-29_15:03:56.021[Status]{'id': 10, 'coordinate': [862.0322370586174, 583.2827027694279]}
2020-01-29_15:03:56.021[Status]Routing 81: Walk: 77
2020-01-29_15:03:56.140[Battery Energy]97.92
2020-01-29_15:03:56.141[Status]Routing Start.
2020-01-29_15:03:56.276[Status]{'id': 10, 'coordinate': [871.694993384054, 585.8578028053946]}
2020-01-29_15:03:56.276[Status]Routing 82: Walk: 78
2020-01-29_15:03:56.390[Battery Energy]97.71
2020-01-29_15:03:56.390[Status]Routing Start.
2020-01-29_15:03:56.504[Status]{'id': 10, 'coordinate': [881.3577497094906, 588.4329028413613]}
2020-01-29_15:03:56.504[Status]Routing 83: Walk: 79
2020-01-29_15:03:56.604[Battery Energy]97.52
2020-01-29_15:03:56.605[Status]Routing Start.
2020-01-29_15:03:56.889[Status]{'id': 10, 'coordinate': [891.0205060349272, 591.0080028773278]}
2020-01-29_15:03:56.889[Status]Routing 84: Walk: 80
2020-01-29_15:03:57.014[Battery Energy]97.27
2020-01-29_15:03:57.014[Status]Routing Start.
2020-01-29_15:03:57.140[Status]{'id': 10, 'coordinate': [900.6832623603638, 593.5831029132944]}
2020-01-29_15:03:57.141[Status]Routing 85: Walk: 81
2020-01-29_15:03:57.246[Battery Energy]97.07
2020-01-29_15:03:57.246[Status]Routing Start.
2020-01-29_15:03:57.552[Status]{'id': 10, 'coordinate': [910.3460186858003, 596.1582029492611]}
2020-01-29_15:03:57.552[Status]Routing 86: Walk: 82
2020-01-29_15:03:57.673[Battery Energy]96.72
2020-01-29_15:03:57.675[Status]Routing Start.
2020-01-29_15:03:57.821[Status]{'id': 10, 'coordinate': [920.0087750112369, 598.7333029852277]}
2020-01-29_15:03:57.821[Status]Routing 87: Walk: 83
2020-01-29_15:03:57.942[Battery Energy]96.50
2020-01-29_15:03:57.942[Status]Routing Start.
2020-01-29_15:03:58.059[Status]{'id': 10, 'coordinate': [929.6715313366735, 601.3084030211943]}
2020-01-29_15:03:58.059[Status]Routing 88: Walk: 84
2020-01-29_15:03:58.159[Battery Energy]96.31
2020-01-29_15:03:58.159[Status]Routing Start.
2020-01-29_15:03:58.490[Status]{'id': 10, 'coordinate': [939.3342876621101, 603.883503057161]}
2020-01-29_15:03:58.492[Status]Routing 89: Walk: 85
2020-01-29_15:03:58.606[Battery Energy]96.00
2020-01-29_15:03:58.606[Status]Routing Start.
2020-01-29_15:03:58.883[Status]{'id': 10, 'coordinate': [948.9970439875467, 606.4586030931275]}
2020-01-29_15:03:58.883[Status]Routing 90: Walk: 86
2020-01-29_15:03:58.983[Battery Energy]95.74
2020-01-29_15:03:58.983[Status]Routing Start.
2020-01-29_15:03:59.307[Status]{'id': 10, 'coordinate': [958.6598003129833, 609.0337031290942]}
2020-01-29_15:03:59.307[Status]Routing 91: Walk: 87
2020-01-29_15:03:59.413[Battery Energy]95.39
2020-01-29_15:03:59.415[Status]Routing Start.
2020-01-29_15:03:59.558[Status]{'id': 10, 'coordinate': [968.3225566384199, 611.6088031650607]}
2020-01-29_15:03:59.558[Status]Routing 92: Walk: 88
2020-01-29_15:03:59.658[Battery Energy]95.16
2020-01-29_15:03:59.658[Status]Routing Start.
2020-01-29_15:03:59.814[Status]{'id': 10, 'coordinate': [977.9853129638565, 614.1839032010274]}
2020-01-29_15:03:59.814[Status]Routing 93: Walk: 89
2020-01-29_15:03:59.930[Battery Energy]94.92
2020-01-29_15:03:59.930[Status]Routing Start.
2020-01-29_15:04:00.047[Status]{'id': 10, 'coordinate': [987.6480692892931, 616.759003236994]}
2020-01-29_15:04:00.047[Status]Routing 94: Walk: 90
2020-01-29_15:04:00.147[Battery Energy]94.72
2020-01-29_15:04:00.147[Status]Routing Start.
2020-01-29_15:04:00.287[Status]{'id': 10, 'coordinate': [997.3108256147297, 619.3341032729606]}
2020-01-29_15:04:00.290[Status]Routing 95: Walk: 91
2020-01-29_15:04:00.394[Battery Energy]94.51
2020-01-29_15:04:00.394[Status]Routing Start.
2020-01-29_15:04:00.570[Status]{'id': 10, 'coordinate': [1006.9735819401662, 621.9092033089272]}
2020-01-29_15:04:00.570[Status]Routing 96: Walk: 92
2020-01-29_15:04:00.686[Battery Energy]94.28
2020-01-29_15:04:00.686[Status]Routing Start.
2020-01-29_15:04:00.946[Status]Routing 97: Walk: 92
2020-01-29_15:04:01.047[Battery Energy]94.01
2020-01-29_15:04:01.047[Status]Routing Start.
2020-01-29_15:04:01.357[Status]Routing 98: Walk: 92
2020-01-29_15:04:01.457[Battery Energy]93.67
2020-01-29_15:04:01.457[Status]Routing Start.
2020-01-29_15:04:01.759[Status]Routing 99: Walk: 92
2020-01-29_15:04:01.862[Battery Energy]93.38
2020-01-29_15:04:01.862[Status]Routing Start.
2020-01-29_15:04:02.191[Status]Routing 100: Walk: 92
2020-01-29_15:04:02.291[Battery Energy]93.07
2020-01-29_15:04:02.292[Status]Routing Start.
2020-01-29_15:04:02.591[Status]Routing 101: Walk: 92
2020-01-29_15:04:02.696[Battery Energy]92.76
2020-01-29_15:04:02.696[Status]Routing Start.
2020-01-29_15:04:02.974[Status]Routing 102: Walk: 92
2020-01-29_15:04:03.075[Battery Energy]92.47
2020-01-29_15:04:03.075[Status]Routing Start.
2020-01-29_15:04:03.264[Status]{'id': 10, 'coordinate': [1016.6363382656028, 624.4843033448939]}
2020-01-29_15:04:03.264[Status]Routing 103: Walk: 93
2020-01-29_15:04:03.364[Battery Energy]92.23
2020-01-29_15:04:03.364[Status]Routing Start.
2020-01-29_15:04:03.668[Status]Routing 104: Walk: 93
2020-01-29_15:04:03.769[Battery Energy]91.92
2020-01-29_15:04:03.769[Status]Routing Start.
2020-01-29_15:04:03.938[Status]{'id': 10, 'coordinate': [1026.2990945910394, 627.0594033808604]}
2020-01-29_15:04:03.938[Status]Routing 105: Walk: 94
2020-01-29_15:04:04.062[Battery Energy]91.69
2020-01-29_15:04:04.062[Status]Routing Start.
2020-01-29_15:04:04.339[Status]{'id': 10, 'coordinate': [1035.961850916476, 629.6345034168271]}
2020-01-29_15:04:04.340[Status]Routing 106: Walk: 95
2020-01-29_15:04:04.454[Battery Energy]91.39
2020-01-29_15:04:04.454[Status]Routing Start.
2020-01-29_15:04:04.768[Status]Routing 107: Walk: 95
2020-01-29_15:04:04.870[Battery Energy]91.07
2020-01-29_15:04:04.870[Status]Routing Start.
2020-01-29_15:04:05.006[Status]{'id': 10, 'coordinate': [1045.6246072419124, 632.2096034527937]}
2020-01-29_15:04:05.006[Status]Routing 108: Walk: 96
2020-01-29_15:04:05.106[Battery Energy]90.87
2020-01-29_15:04:05.106[Status]Routing Start.
2020-01-29_15:04:05.523[Status]Routing 109: Walk: 96
2020-01-29_15:04:05.629[Battery Energy]90.50
2020-01-29_15:04:05.629[Status]Routing Start.
2020-01-29_15:04:05.781[Status]{'id': 10, 'coordinate': [1055.2873635673488, 634.7847034887602]}
2020-01-29_15:04:05.782[Status]Routing 110: Walk: 97
2020-01-29_15:04:05.893[Battery Energy]90.29
2020-01-29_15:04:05.893[Status]Routing Start.
2020-01-29_15:04:06.336[Status]Routing 111: Walk: 97
2020-01-29_15:04:06.438[Battery Energy]89.89
2020-01-29_15:04:06.438[Status]Routing Start.
2020-01-29_15:04:06.580[Status]{'id': 10, 'coordinate': [1064.9501198927853, 637.3598035247268]}
2020-01-29_15:04:06.580[Status]Routing 112: Walk: 98
2020-01-29_15:04:06.682[Battery Energy]89.70
2020-01-29_15:04:06.682[Status]Routing Start.
2020-01-29_15:04:07.162[Status]Routing 113: Walk: 98
2020-01-29_15:04:07.262[Battery Energy]89.24
2020-01-29_15:04:07.262[Status]Routing Start.
2020-01-29_15:04:07.555[Status]Routing 114: Walk: 98
2020-01-29_15:04:07.655[Battery Energy]88.97
2020-01-29_15:04:07.655[Status]Routing Start.
2020-01-29_15:04:07.799[Status]{'id': 10, 'coordinate': [1074.6128762182218, 639.9349035606934]}
2020-01-29_15:04:07.799[Status]Routing 115: Walk: 99
2020-01-29_15:04:07.899[Battery Energy]88.77
2020-01-29_15:04:07.899[Status]Routing Start.
2020-01-29_15:04:08.344[Status]{'id': 10, 'coordinate': [1070.7135017791393, 649.1433170496626]}
2020-01-29_15:04:08.345[Status]Routing 116: Walk: 100
2020-01-29_15:04:08.448[Battery Energy]88.29
2020-01-29_15:04:08.448[Status]Routing Start.
2020-01-29_15:04:08.776[Status]Routing 117: Walk: 100
2020-01-29_15:04:08.877[Battery Energy]88.01
2020-01-29_15:04:08.877[Status]Routing Start.
2020-01-29_15:04:09.265[Status]{'id': 10, 'coordinate': [1064.900052667328, 657.2798893884537]}
2020-01-29_15:04:09.265[Status]Routing 118: Walk: 101
2020-01-29_15:04:09.366[Battery Energy]87.58
2020-01-29_15:04:09.366[Status]Routing Start.
2020-01-29_15:04:09.521[Status]{'id': 10, 'coordinate': [1074.7389383166515, 659.0677174505277]}
2020-01-29_15:04:09.521[Status]Routing 119: Walk: 102
2020-01-29_15:04:09.624[Battery Energy]87.33
2020-01-29_15:04:09.624[Status]Routing Start.
2020-01-29_15:04:10.090[Status]Routing 120: Walk: 102
2020-01-29_15:04:10.193[Battery Energy]86.91
2020-01-29_15:04:10.193[Status]Routing Start.
2020-01-29_15:04:10.466[Status]{'id': 10, 'coordinate': [1070.2823917881744, 668.0197671063058]}
2020-01-29_15:04:10.466[Status]Routing 121: Walk: 103
2020-01-29_15:04:10.567[Battery Energy]86.54
2020-01-29_15:04:10.567[Status]Routing Start.
2020-01-29_15:04:10.924[Status]{'id': 10, 'coordinate': [1070.9614412168703, 677.9966850609343]}
2020-01-29_15:04:10.925[Status]Routing 122: Walk: 104
2020-01-29_15:04:11.026[Battery Energy]86.13
2020-01-29_15:04:11.026[Status]Routing Start.
2020-01-29_15:04:11.137[Status]{'id': 10, 'coordinate': [1080.915612725248, 678.9529640901945]}
2020-01-29_15:04:11.138[Status]Routing 123: Walk: 105
2020-01-29_15:04:11.241[Battery Energy]85.95
2020-01-29_15:04:11.241[Status]Routing Start.
2020-01-29_15:04:11.395[Status]{'id': 10, 'coordinate': [1090.8697842336255, 679.9092431194548]}
2020-01-29_15:04:11.395[Status]Routing 124: Walk: 106
2020-01-29_15:04:11.502[Battery Energy]85.75
2020-01-29_15:04:11.502[Status]Routing Start.
2020-01-29_15:04:11.849[Status]{'id': 10, 'coordinate': [1100.8239557420031, 680.8655221487151]}
2020-01-29_15:04:11.849[Status]Routing 125: Walk: 107
2020-01-29_15:04:11.954[Battery Energy]85.44
2020-01-29_15:04:11.954[Status]Routing Start.
2020-01-29_15:04:12.262[Status]{'id': 10, 'coordinate': [1110.7781272503807, 681.8218011779753]}
2020-01-29_15:04:12.262[Status]Routing 126: Walk: 108
2020-01-29_15:04:12.366[Battery Energy]85.12
2020-01-29_15:04:12.366[Status]Routing Start.
2020-01-29_15:04:12.494[Status]{'id': 10, 'coordinate': [1120.7322987587584, 682.7780802072356]}
2020-01-29_15:04:12.494[Status]Routing 127: Walk: 109
2020-01-29_15:04:12.594[Battery Energy]84.94
2020-01-29_15:04:12.594[Status]Routing Start.
2020-01-29_15:04:12.890[Status]{'id': 10, 'coordinate': [1130.686470267136, 683.7343592364958]}
2020-01-29_15:04:12.890[Status]Routing 128: Walk: 110
2020-01-29_15:04:12.991[Battery Energy]84.64
2020-01-29_15:04:12.991[Status]Routing Start.
2020-01-29_15:04:13.138[Status]{'id': 10, 'coordinate': [1140.6406417755136, 684.6906382657561]}
2020-01-29_15:04:13.138[Status]Routing 129: Walk: 111
2020-01-29_15:04:13.246[Battery Energy]84.42
2020-01-29_15:04:13.246[Status]Routing Start.
2020-01-29_15:04:13.386[Status]{'id': 10, 'coordinate': [1150.5948132838912, 685.6469172950164]}
2020-01-29_15:04:13.386[Status]Routing 130: Walk: 112
2020-01-29_15:04:13.487[Battery Energy]84.21
2020-01-29_15:04:13.487[Status]Routing Start.
2020-01-29_15:04:13.729[Status]{'id': 10, 'coordinate': [1160.5489847922688, 686.6031963242766]}
2020-01-29_15:04:13.729[Status]Routing 131: Walk: 113
2020-01-29_15:04:13.829[Battery Energy]83.94
2020-01-29_15:04:13.842[Status]Routing Start.
2020-01-29_15:04:13.968[Status]{'id': 10, 'coordinate': [1170.5031563006464, 687.5594753535369]}
2020-01-29_15:04:13.968[Status]Routing 132: Walk: 114
2020-01-29_15:04:14.074[Battery Energy]83.77
2020-01-29_15:04:14.074[Status]Routing Start.
2020-01-29_15:04:14.305[Status]{'id': 10, 'coordinate': [1180.457327809024, 688.5157543827972]}
2020-01-29_15:04:14.305[Status]Routing 133: Walk: 115
2020-01-29_15:04:14.414[Battery Energy]83.54
2020-01-29_15:04:14.414[Status]Routing Start.
2020-01-29_15:04:14.751[Status]{'id': 10, 'coordinate': [1190.4114993174016, 689.4720334120575]}
2020-01-29_15:04:14.751[Status]Routing 134: Walk: 116
2020-01-29_15:04:14.851[Battery Energy]83.22
2020-01-29_15:04:14.851[Status]Routing Start.
2020-01-29_15:04:15.130[Status]{'id': 10, 'coordinate': [1200.3656708257793, 690.4283124413179]}
2020-01-29_15:04:15.130[Status]Routing 135: Walk: 117
2020-01-29_15:04:15.258[Battery Energy]82.96
2020-01-29_15:04:15.258[Status]Routing Start.
2020-01-29_15:04:15.547[Status]{'id': 10, 'coordinate': [1210.3198423341569, 691.3845914705781]}
2020-01-29_15:04:15.547[Status]Routing 136: Walk: 118
2020-01-29_15:04:15.647[Battery Energy]82.66
2020-01-29_15:04:15.647[Status]Routing Start.
2020-01-29_15:04:15.942[Status]{'id': 10, 'coordinate': [1220.2740138425345, 692.3408704998385]}
2020-01-29_15:04:15.942[Status]Routing 137: Walk: 119
2020-01-29_15:04:16.066[Battery Energy]82.34
2020-01-29_15:04:16.066[Status]Routing Start.
2020-01-29_15:04:16.191[Status]{'id': 10, 'coordinate': [1230.228185350912, 693.2971495290988]}
2020-01-29_15:04:16.191[Status]Routing 138: Walk: 120
2020-01-29_15:04:16.302[Battery Energy]82.12
2020-01-29_15:04:16.302[Status]Routing Start.
2020-01-29_15:04:16.592[Status]{'id': 10, 'coordinate': [1240.1823568592897, 694.2534285583591]}
2020-01-29_15:04:16.592[Status]Routing 139: Walk: 121
2020-01-29_15:04:16.702[Battery Energy]81.78
2020-01-29_15:04:16.702[Status]Routing Start.
2020-01-29_15:04:16.987[Status]{'id': 10, 'coordinate': [1250.1365283676673, 695.2097075876194]}
2020-01-29_15:04:16.987[Status]Routing 140: Walk: 122
2020-01-29_15:04:17.092[Battery Energy]81.50
2020-01-29_15:04:17.092[Status]Routing Start.
2020-01-29_15:04:17.219[Status]{'id': 10, 'coordinate': [1260.090699876045, 696.1659866168798]}
2020-01-29_15:04:17.219[Status]Routing 141: Walk: 123
2020-01-29_15:04:17.322[Battery Energy]81.30
2020-01-29_15:04:17.322[Status]Routing Start.
2020-01-29_15:04:17.638[Status]{'id': 10, 'coordinate': [1270.0448713844225, 697.12226564614]}
2020-01-29_15:04:17.638[Status]Routing 142: Walk: 124
2020-01-29_15:04:17.738[Battery Energy]80.97
2020-01-29_15:04:17.738[Status]Routing Start.
2020-01-29_15:04:18.040[Status]{'id': 10, 'coordinate': [1279.9990428928002, 698.0785446754004]}
2020-01-29_15:04:18.040[Status]Routing 143: Walk: 125
2020-01-29_15:04:18.154[Battery Energy]80.66
2020-01-29_15:04:18.154[Status]Routing Start.
2020-01-29_15:04:18.449[Status]{'id': 10, 'coordinate': [1289.9532144011778, 699.0348237046607]}
2020-01-29_15:04:18.449[Status]Routing 144: Walk: 126
2020-01-29_15:04:18.549[Battery Energy]80.36
2020-01-29_15:04:18.550[Status]Routing Start.
2020-01-29_15:04:18.871[Status]{'id': 10, 'coordinate': [1299.9073859095554, 699.991102733921]}
2020-01-29_15:04:18.872[Status]Routing 145: Walk: 127
2020-01-29_15:04:18.977[Battery Energy]80.02
2020-01-29_15:04:18.977[Status]Routing Start.
2020-01-29_15:04:18.977[Status]Task Finished.
2020-01-29_15:04:19.077[Battery Energy]80.02
2020-01-29_15:04:19.248[Status]Routing 147: Walk: 127
2020-01-29_15:04:19.358[Battery Energy]79.89
2020-01-29_15:04:19.489[Status]Routing 148: Walk: 127
2020-01-29_15:04:19.589[Battery Energy]79.76
2020-01-29_15:04:19.726[Status]Routing 149: Walk: 127
2020-01-29_15:04:19.834[Battery Energy]79.66
2020-01-29_15:04:19.962[Status]Routing 150: Walk: 127
2020-01-29_15:04:20.078[Battery Energy]79.55
2020-01-29_15:04:20.308[Status]Routing 151: Walk: 127
2020-01-29_15:04:20.414[Battery Energy]79.39
2020-01-29_15:04:20.563[Status]Routing 152: Walk: 127
2020-01-29_15:04:20.665[Battery Energy]79.28
2020-01-29_15:04:20.825[Status]Routing 153: Walk: 127
2020-01-29_15:04:20.925[Battery Energy]79.16
2020-01-29_15:04:21.065[Status]Routing 154: Walk: 127
2020-01-29_15:04:21.186[Battery Energy]79.04
2020-01-29_15:04:21.303[Status]Routing 155: Walk: 127
2020-01-29_15:04:21.422[Battery Energy]78.95
2020-01-29_15:04:21.543[Status]Routing 156: Walk: 127
2020-01-29_15:04:21.643[Battery Energy]78.84
2020-01-29_15:04:21.768[Status]Routing 157: Walk: 127
2020-01-29_15:04:21.869[Battery Energy]78.75
2020-01-29_15:04:22.010[Status]Routing 158: Walk: 127
2020-01-29_15:04:22.117[Battery Energy]78.65
2020-01-29_15:04:22.258[Status]Routing 159: Walk: 127
2020-01-29_15:04:22.366[Battery Energy]78.55
2020-01-29_15:04:22.537[Status]Routing 160: Walk: 127
2020-01-29_15:04:22.642[Battery Energy]78.39
2020-01-29_15:04:22.805[Status]Routing 161: Walk: 127
2020-01-29_15:04:22.918[Battery Energy]78.25
2020-01-29_15:04:23.048[Status]Routing 162: Walk: 127
2020-01-29_15:04:23.158[Battery Energy]78.15
2020-01-29_15:04:23.334[Status]Routing 163: Walk: 127
2020-01-29_15:04:23.438[Battery Energy]78.00
2020-01-29_15:04:23.594[Status]Routing 164: Walk: 127
2020-01-29_15:04:23.697[Battery Energy]77.87
2020-01-29_15:04:23.853[Status]Routing 165: Walk: 127
2020-01-29_15:04:23.974[Battery Energy]77.74
2020-01-29_15:04:24.112[Status]Routing 166: Walk: 127
2020-01-29_15:04:24.218[Battery Energy]77.65
2020-01-29_15:04:24.346[Status]Routing 167: Walk: 127
2020-01-29_15:04:24.450[Battery Energy]77.56
2020-01-29_15:04:24.588[Status]Routing 168: Walk: 127
2020-01-29_15:04:24.693[Battery Energy]77.44
2020-01-29_15:04:24.834[Status]Routing 169: Walk: 127
2020-01-29_15:04:24.934[Battery Energy]77.33
2020-01-29_15:04:25.080[Status]Routing 170: Walk: 127
2020-01-29_15:04:25.190[Battery Energy]77.22
2020-01-29_15:04:25.344[Status]Routing 171: Walk: 127
2020-01-29_15:04:25.454[Battery Energy]77.08
2020-01-29_15:04:25.601[Status]Routing 172: Walk: 127
2020-01-29_15:04:25.710[Battery Energy]76.94
2020-01-29_15:04:25.839[Status]Routing 173: Walk: 127
2020-01-29_15:04:25.939[Battery Energy]76.84
2020-01-29_15:04:26.116[Status]Routing 174: Walk: 127
2020-01-29_15:04:26.222[Battery Energy]76.70
2020-01-29_15:04:26.360[Status]Routing 175: Walk: 127
2020-01-29_15:04:26.474[Battery Energy]76.59
2020-01-29_15:04:26.596[Status]Routing 176: Walk: 127
2020-01-29_15:04:26.706[Battery Energy]76.48
2020-01-29_15:04:26.834[Status]Routing 177: Walk: 127
2020-01-29_15:04:26.935[Battery Energy]76.38
2020-01-29_15:04:27.083[Status]Routing 178: Walk: 127
2020-01-29_15:04:27.198[Battery Energy]76.26
2020-01-29_15:04:27.325[Status]Routing 179: Walk: 127
2020-01-29_15:04:27.434[Battery Energy]76.16
2020-01-29_15:04:27.570[Status]Routing 180: Walk: 127
2020-01-29_15:04:27.671[Battery Energy]76.05
2020-01-29_15:04:27.830[Status]Routing 181: Walk: 127
2020-01-29_15:04:27.950[Battery Energy]75.93
2020-01-29_15:04:28.077[Status]Routing 182: Walk: 127
2020-01-29_15:04:28.177[Battery Energy]75.83
2020-01-29_15:04:28.333[Status]Routing 183: Walk: 127
2020-01-29_15:04:28.438[Battery Energy]75.72
