2020-01-29_15:51:01.287[Status]Start.
2020-01-29_15:51:01.288[Battery Energy]112.00
2020-01-29_15:51:02.389[Battery Energy]111.96
2020-01-29_15:51:03.490[Battery Energy]111.92
2020-01-29_15:51:04.591[Battery Energy]111.88
2020-01-29_15:51:05.692[Battery Energy]111.84
2020-01-29_15:51:06.794[Task]A New Task Released.
2020-01-29_15:51:06.794[Battery Energy]111.80
2020-01-29_15:51:06.794[Status]Selection Start.
2020-01-29_15:51:09.038[Status]Selection End: Do Task 1.
2020-01-29_15:51:09.138[Battery Energy]110.16
2020-01-29_15:51:09.138[Status]Formation Start.
2020-01-29_15:51:09.283[Status]number of tasks is 7
2020-01-29_15:51:09.288[Status]my group tasks is [ 1300.   700.]
2020-01-29_15:51:09.297[Status]my group tasks is [ 1262.34898019   778.18314825]
2020-01-29_15:51:09.300[Status]my group tasks is [ 1177.7479066    797.49279122]
2020-01-29_15:51:09.303[Status]my group tasks is [ 1109.90311321   743.38837391]
2020-01-29_15:51:09.307[Status]my group tasks is [ 1109.90311321   656.61162609]
2020-01-29_15:51:09.309[Status]my group tasks is [ 1177.7479066    602.50720878]
2020-01-29_15:51:09.315[Status]my group tasks is [ 1262.34898019   621.81685175]
2020-01-29_15:51:09.341[Status]mygroup_robots_utility is {8: [16.185871586829574, 17.39556563248832, 14.943429890916915, 16.242018181208127, 17.42420628124733, 28.818266070926413, 14.9048270232536], 9: [16.279880483387352, 17.093430092438915, 14.942046344952391, 17.33153248697351, 28.548080870643982, 14.619672263807887, 15.811984084727898], 10: [32.07168855721209, 17.415489652521043, 14.713560574695641, 16.94858395036171, 17.87860025172552, 14.90969407155665, 15.540148804807208], 11: [16.46180332958129, 33.75850859191522, 15.989686684499338, 29.32241517092253, 13.890089908851, 14.089721147847598, 15.164531365222594], 12: [16.292113125710237, 17.356339662254854, 34.887192703871776, 14.404305047801206, 32.24203287405172, 14.859877698695687, 14.977537102229327], 13: [16.691643038534913, 16.558060077748394, 34.61921162903919, 14.27745145958291, 15.188153426974903, 14.333583305306089, 15.33000051821332], 14: [16.11717171103408, 14.125660049179572, 15.401121986984439, 13.357502287210435, 13.288227395461178, 14.300252600103672, 15.564781494448349]}
2020-01-29_15:51:09.341[Status]self.local_queue is [8, 9, 10, 11, 12, 13, 14]
2020-01-29_15:51:09.341[Status]task_chosen index is 5
2020-01-29_15:51:09.341[Status]task_chosen index is 4
2020-01-29_15:51:09.341[Status]myindex_in_queue is 4
2020-01-29_15:51:09.341[Status]task destination is [1109.903113209758, 656.6116260882442]
2020-01-29_15:51:09.441[Battery Energy]109.99
2020-01-29_15:51:09.441[Status]Routing Start.
2020-01-29_15:51:09.619[Status]{'id': 9, 'coordinate': [67.92833982912089, 531.1950180908639]}
2020-01-29_15:51:09.619[Status]Routing 1: Walk: 1
2020-01-29_15:51:09.732[Battery Energy]109.77
2020-01-29_15:51:09.732[Status]Routing Start.
2020-01-29_15:51:09.851[Status]{'id': 9, 'coordinate': [77.85667965824177, 532.3900361817277]}
2020-01-29_15:51:09.851[Status]Routing 2: Walk: 2
2020-01-29_15:51:09.954[Battery Energy]109.56
2020-01-29_15:51:09.954[Status]Routing Start.
2020-01-29_15:51:10.090[Status]{'id': 9, 'coordinate': [87.78501948736266, 533.5850542725916]}
2020-01-29_15:51:10.090[Status]Routing 3: Walk: 3
2020-01-29_15:51:10.195[Battery Energy]109.33
2020-01-29_15:51:10.195[Status]Routing Start.
2020-01-29_15:51:10.326[Status]{'id': 9, 'coordinate': [97.71335931648355, 534.7800723634555]}
2020-01-29_15:51:10.326[Status]Routing 4: Walk: 4
2020-01-29_15:51:10.442[Battery Energy]109.11
2020-01-29_15:51:10.442[Status]Routing Start.
2020-01-29_15:51:10.557[Status]{'id': 9, 'coordinate': [107.64169914560443, 535.9750904543193]}
2020-01-29_15:51:10.557[Status]Routing 5: Walk: 5
2020-01-29_15:51:10.666[Battery Energy]108.91
2020-01-29_15:51:10.666[Status]Routing Start.
2020-01-29_15:51:10.991[Status]{'id': 9, 'coordinate': [117.57003897472532, 537.1701085451832]}
2020-01-29_15:51:10.991[Status]Routing 6: Walk: 6
2020-01-29_15:51:11.094[Battery Energy]108.59
2020-01-29_15:51:11.094[Status]Routing Start.
2020-01-29_15:51:11.369[Status]{'id': 9, 'coordinate': [127.49837880384621, 538.3651266360471]}
2020-01-29_15:51:11.369[Status]Routing 7: Walk: 7
2020-01-29_15:51:11.471[Battery Energy]108.27
2020-01-29_15:51:11.472[Status]Routing Start.
2020-01-29_15:51:11.783[Status]{'id': 9, 'coordinate': [137.4267186329671, 539.560144726911]}
2020-01-29_15:51:11.784[Status]Routing 8: Walk: 8
2020-01-29_15:51:11.884[Battery Energy]107.97
2020-01-29_15:51:11.884[Status]Routing Start.
2020-01-29_15:51:12.191[Status]{'id': 9, 'coordinate': [147.35505846208798, 540.7551628177748]}
2020-01-29_15:51:12.191[Status]Routing 9: Walk: 9
2020-01-29_15:51:12.294[Battery Energy]107.62
2020-01-29_15:51:12.294[Status]Routing Start.
2020-01-29_15:51:12.604[Status]{'id': 9, 'coordinate': [157.28339829120887, 541.9501809086387]}
2020-01-29_15:51:12.604[Status]Routing 10: Walk: 10
2020-01-29_15:51:12.704[Battery Energy]107.28
2020-01-29_15:51:12.704[Status]Routing Start.
2020-01-29_15:51:13.016[Status]{'id': 9, 'coordinate': [167.21173812032976, 543.1451989995026]}
2020-01-29_15:51:13.018[Status]Routing 11: Walk: 11
2020-01-29_15:51:13.118[Battery Energy]106.96
2020-01-29_15:51:13.119[Status]Routing Start.
2020-01-29_15:51:13.634[Status]{'id': 9, 'coordinate': [177.14007794945064, 544.3402170903664]}
2020-01-29_15:51:13.634[Status]Routing 12: Walk: 12
2020-01-29_15:51:13.734[Battery Energy]106.46
2020-01-29_15:51:13.734[Status]Routing Start.
2020-01-29_15:51:14.019[Status]{'id': 9, 'coordinate': [187.06841777857153, 545.5352351812303]}
2020-01-29_15:51:14.019[Status]Routing 13: Walk: 13
2020-01-29_15:51:14.119[Battery Energy]106.10
2020-01-29_15:51:14.119[Status]Routing Start.
2020-01-29_15:51:14.285[Status]{'id': 9, 'coordinate': [196.99675760769242, 546.7302532720942]}
2020-01-29_15:51:14.285[Status]Routing 14: Walk: 14
2020-01-29_15:51:14.385[Battery Energy]105.89
2020-01-29_15:51:14.385[Status]Routing Start.
2020-01-29_15:51:14.699[Status]{'id': 9, 'coordinate': [206.9250974368133, 547.925271362958]}
2020-01-29_15:51:14.702[Status]Routing 15: Walk: 15
2020-01-29_15:51:14.802[Battery Energy]105.57
2020-01-29_15:51:14.802[Status]Routing Start.
2020-01-29_15:51:15.068[Status]{'id': 9, 'coordinate': [216.8534372659342, 549.1202894538219]}
2020-01-29_15:51:15.072[Status]Routing 16: Walk: 16
2020-01-29_15:51:15.172[Battery Energy]105.29
2020-01-29_15:51:15.172[Status]Routing Start.
2020-01-29_15:51:15.583[Status]{'id': 9, 'coordinate': [226.78177709505508, 550.3153075446858]}
2020-01-29_15:51:15.583[Status]Routing 17: Walk: 17
2020-01-29_15:51:15.684[Battery Energy]104.89
2020-01-29_15:51:15.684[Status]Routing Start.
2020-01-29_15:51:16.223[Status]{'id': 9, 'coordinate': [236.71011692417596, 551.5103256355496]}
2020-01-29_15:51:16.226[Status]Routing 18: Walk: 18
2020-01-29_15:51:16.327[Battery Energy]104.33
2020-01-29_15:51:16.327[Status]Routing Start.
2020-01-29_15:51:16.455[Status]{'id': 9, 'coordinate': [246.63845675329685, 552.7053437264135]}
2020-01-29_15:51:16.456[Status]Routing 19: Walk: 19
2020-01-29_15:51:16.556[Battery Energy]104.13
2020-01-29_15:51:16.556[Status]Routing Start.
2020-01-29_15:51:16.965[Status]{'id': 9, 'coordinate': [256.56679658241774, 553.9003618172774]}
2020-01-29_15:51:16.966[Status]Routing 20: Walk: 20
2020-01-29_15:51:17.078[Battery Energy]103.79
2020-01-29_15:51:17.078[Status]Routing Start.
2020-01-29_15:51:17.403[Status]{'id': 9, 'coordinate': [266.4951364115386, 555.0953799081412]}
2020-01-29_15:51:17.403[Status]Routing 21: Walk: 21
2020-01-29_15:51:17.506[Battery Energy]103.49
2020-01-29_15:51:17.506[Status]Routing Start.
2020-01-29_15:51:17.801[Status]{'id': 9, 'coordinate': [276.4234762406595, 556.2903979990051]}
2020-01-29_15:51:17.801[Status]Routing 22: Walk: 22
2020-01-29_15:51:17.901[Battery Energy]103.18
2020-01-29_15:51:17.901[Status]Routing Start.
2020-01-29_15:51:18.033[Status]{'id': 9, 'coordinate': [286.3518160697804, 557.485416089869]}
2020-01-29_15:51:18.033[Status]Routing 23: Walk: 23
2020-01-29_15:51:18.142[Battery Energy]102.97
2020-01-29_15:51:18.142[Status]Routing Start.
2020-01-29_15:51:18.445[Status]{'id': 9, 'coordinate': [296.2801558989013, 558.6804341807328]}
2020-01-29_15:51:18.445[Status]Routing 24: Walk: 24
2020-01-29_15:51:18.564[Battery Energy]102.63
2020-01-29_15:51:18.564[Status]Routing Start.
2020-01-29_15:51:18.846[Status]{'id': 9, 'coordinate': [306.20849572802217, 559.8754522715967]}
2020-01-29_15:51:18.846[Status]Routing 25: Walk: 25
2020-01-29_15:51:18.962[Battery Energy]102.33
2020-01-29_15:51:18.962[Status]Routing Start.
2020-01-29_15:51:19.096[Status]{'id': 9, 'coordinate': [316.13683555714306, 561.0704703624606]}
2020-01-29_15:51:19.097[Status]Routing 26: Walk: 26
2020-01-29_15:51:19.210[Battery Energy]102.13
2020-01-29_15:51:19.210[Status]Routing Start.
2020-01-29_15:51:19.509[Status]{'id': 9, 'coordinate': [326.06517538626395, 562.2654884533245]}
2020-01-29_15:51:19.509[Status]Routing 27: Walk: 27
2020-01-29_15:51:19.615[Battery Energy]101.84
2020-01-29_15:51:19.615[Status]Routing Start.
2020-01-29_15:51:19.783[Status]{'id': 9, 'coordinate': [335.99351521538483, 563.4605065441883]}
2020-01-29_15:51:19.783[Status]Routing 28: Walk: 28
2020-01-29_15:51:19.883[Battery Energy]101.60
2020-01-29_15:51:19.883[Status]Routing Start.
2020-01-29_15:51:20.203[Status]{'id': 9, 'coordinate': [345.9218550445057, 564.6555246350522]}
2020-01-29_15:51:20.203[Status]Routing 29: Walk: 29
2020-01-29_15:51:20.303[Battery Energy]101.26
2020-01-29_15:51:20.303[Status]Routing Start.
2020-01-29_15:51:20.427[Status]{'id': 9, 'coordinate': [355.8501948736266, 565.8505427259161]}
2020-01-29_15:51:20.433[Status]Routing 30: Walk: 30
2020-01-29_15:51:20.533[Battery Energy]101.07
2020-01-29_15:51:20.533[Status]Routing Start.
2020-01-29_15:51:20.831[Status]{'id': 9, 'coordinate': [365.7785347027475, 567.0455608167799]}
2020-01-29_15:51:20.831[Status]Routing 31: Walk: 31
2020-01-29_15:51:20.934[Battery Energy]100.74
2020-01-29_15:51:20.934[Status]Routing Start.
2020-01-29_15:51:21.105[Status]{'id': 9, 'coordinate': [375.7068745318684, 568.2405789076438]}
2020-01-29_15:51:21.105[Status]Routing 32: Walk: 32
2020-01-29_15:51:21.205[Battery Energy]100.53
2020-01-29_15:51:21.205[Status]Routing Start.
2020-01-29_15:51:21.497[Status]{'id': 9, 'coordinate': [385.63521436098927, 569.4355969985077]}
2020-01-29_15:51:21.497[Status]Routing 33: Walk: 33
2020-01-29_15:51:21.606[Battery Energy]100.20
2020-01-29_15:51:21.606[Status]Routing Start.
2020-01-29_15:51:21.894[Status]{'id': 9, 'coordinate': [395.56355419011015, 570.6306150893715]}
2020-01-29_15:51:21.894[Status]Routing 34: Walk: 34
2020-01-29_15:51:21.994[Battery Energy]99.90
2020-01-29_15:51:21.994[Status]Routing Start.
2020-01-29_15:51:22.150[Status]{'id': 9, 'coordinate': [405.49189401923104, 571.8256331802354]}
2020-01-29_15:51:22.150[Status]Routing 35: Walk: 35
2020-01-29_15:51:22.262[Battery Energy]99.68
2020-01-29_15:51:22.262[Status]Routing Start.
2020-01-29_15:51:22.536[Status]{'id': 9, 'coordinate': [415.4202338483519, 573.0206512710993]}
2020-01-29_15:51:22.537[Status]Routing 36: Walk: 36
2020-01-29_15:51:22.642[Battery Energy]99.40
2020-01-29_15:51:22.642[Status]Routing Start.
2020-01-29_15:51:22.926[Status]{'id': 9, 'coordinate': [425.3485736774728, 574.2156693619631]}
2020-01-29_15:51:22.926[Status]Routing 37: Walk: 37
2020-01-29_15:51:23.034[Battery Energy]99.09
2020-01-29_15:51:23.034[Status]Routing Start.
2020-01-29_15:51:23.334[Status]{'id': 9, 'coordinate': [435.2769135065937, 575.410687452827]}
2020-01-29_15:51:23.334[Status]Routing 38: Walk: 38
2020-01-29_15:51:23.450[Battery Energy]98.77
2020-01-29_15:51:23.450[Status]Routing Start.
2020-01-29_15:51:23.582[Status]{'id': 9, 'coordinate': [445.2052533357146, 576.6057055436909]}
2020-01-29_15:51:23.583[Status]Routing 39: Walk: 39
2020-01-29_15:51:23.694[Battery Energy]98.58
2020-01-29_15:51:23.694[Status]Routing Start.
2020-01-29_15:51:24.116[Status]{'id': 9, 'coordinate': [455.1335931648355, 577.8007236345547]}
2020-01-29_15:51:24.116[Status]Routing 40: Walk: 40
2020-01-29_15:51:24.216[Battery Energy]98.10
2020-01-29_15:51:24.217[Status]Routing Start.
2020-01-29_15:51:24.520[Status]{'id': 9, 'coordinate': [465.06193299395636, 578.9957417254186]}
2020-01-29_15:51:24.522[Status]Routing 41: Walk: 41
2020-01-29_15:51:24.622[Battery Energy]97.73
2020-01-29_15:51:24.622[Status]Routing Start.
2020-01-29_15:51:24.908[Status]{'id': 9, 'coordinate': [474.99027282307725, 580.1907598162825]}
2020-01-29_15:51:24.908[Status]Routing 42: Walk: 42
2020-01-29_15:51:25.008[Battery Energy]97.39
2020-01-29_15:51:25.008[Status]Routing Start.
2020-01-29_15:51:25.176[Status]{'id': 9, 'coordinate': [484.91861265219814, 581.3857779071463]}
2020-01-29_15:51:25.176[Status]Routing 43: Walk: 43
2020-01-29_15:51:25.290[Battery Energy]97.20
2020-01-29_15:51:25.290[Status]Routing Start.
2020-01-29_15:51:25.735[Status]{'id': 9, 'coordinate': [494.846952481319, 582.5807959980102]}
2020-01-29_15:51:25.735[Status]Routing 44: Walk: 44
2020-01-29_15:51:25.835[Battery Energy]96.72
2020-01-29_15:51:25.835[Status]Routing Start.
2020-01-29_15:51:25.964[Status]{'id': 9, 'coordinate': [504.7752923104399, 583.7758140888741]}
2020-01-29_15:51:25.964[Status]Routing 45: Walk: 45
2020-01-29_15:51:26.064[Battery Energy]96.50
2020-01-29_15:51:26.064[Status]Routing Start.
2020-01-29_15:51:26.364[Status]{'id': 9, 'coordinate': [514.7036321395608, 584.970832179738]}
2020-01-29_15:51:26.364[Status]Routing 46: Walk: 46
2020-01-29_15:51:26.464[Battery Energy]96.20
2020-01-29_15:51:26.464[Status]Routing Start.
2020-01-29_15:51:26.854[Status]{'id': 9, 'coordinate': [524.6319719686817, 586.1658502706018]}
2020-01-29_15:51:26.854[Status]Routing 47: Walk: 47
2020-01-29_15:51:26.962[Battery Energy]95.81
2020-01-29_15:51:26.962[Status]Routing Start.
2020-01-29_15:51:27.260[Status]{'id': 9, 'coordinate': [534.5603117978026, 587.3608683614657]}
2020-01-29_15:51:27.260[Status]Routing 48: Walk: 48
2020-01-29_15:51:27.366[Battery Energy]95.48
2020-01-29_15:51:27.366[Status]Routing Start.
2020-01-29_15:51:27.644[Status]{'id': 9, 'coordinate': [544.4886516269235, 588.5558864523296]}
2020-01-29_15:51:27.645[Status]Routing 49: Walk: 49
2020-01-29_15:51:27.745[Battery Energy]95.21
2020-01-29_15:51:27.745[Status]Routing Start.
2020-01-29_15:51:27.883[Status]{'id': 9, 'coordinate': [554.4169914560443, 589.7509045431934]}
2020-01-29_15:51:27.883[Status]Routing 50: Walk: 50
2020-01-29_15:51:27.986[Battery Energy]95.00
2020-01-29_15:51:27.986[Status]Routing Start.
2020-01-29_15:51:28.304[Status]{'id': 9, 'coordinate': [564.3453312851652, 590.9459226340573]}
2020-01-29_15:51:28.305[Status]Routing 51: Walk: 51
2020-01-29_15:51:28.405[Battery Energy]94.67
2020-01-29_15:51:28.405[Status]Routing Start.
2020-01-29_15:51:28.747[Status]{'id': 9, 'coordinate': [574.2736711142861, 592.1409407249212]}
2020-01-29_15:51:28.747[Status]Routing 52: Walk: 52
2020-01-29_15:51:28.854[Battery Energy]94.33
2020-01-29_15:51:28.854[Status]Routing Start.
2020-01-29_15:51:29.150[Status]{'id': 9, 'coordinate': [584.202010943407, 593.335958815785]}
2020-01-29_15:51:29.152[Status]Routing 53: Walk: 53
2020-01-29_15:51:29.253[Battery Energy]94.01
2020-01-29_15:51:29.253[Status]Routing Start.
2020-01-29_15:51:29.559[Status]{'id': 9, 'coordinate': [594.1303507725279, 594.5309769066489]}
2020-01-29_15:51:29.561[Status]Routing 54: Walk: 54
2020-01-29_15:51:29.666[Battery Energy]93.69
2020-01-29_15:51:29.666[Status]Routing Start.
2020-01-29_15:51:29.955[Status]{'id': 9, 'coordinate': [604.0586906016488, 595.7259949975128]}
2020-01-29_15:51:29.955[Status]Routing 55: Walk: 55
2020-01-29_15:51:30.062[Battery Energy]93.38
2020-01-29_15:51:30.062[Status]Routing Start.
2020-01-29_15:51:30.377[Status]{'id': 9, 'coordinate': [613.9870304307697, 596.9210130883766]}
2020-01-29_15:51:30.379[Status]Routing 56: Walk: 56
2020-01-29_15:51:30.485[Battery Energy]93.06
2020-01-29_15:51:30.485[Status]Routing Start.
2020-01-29_15:51:30.783[Status]{'id': 9, 'coordinate': [623.9153702598906, 598.1160311792405]}
2020-01-29_15:51:30.784[Status]Routing 57: Walk: 57
2020-01-29_15:51:30.889[Battery Energy]92.79
2020-01-29_15:51:30.889[Status]Routing Start.
2020-01-29_15:51:31.300[Status]{'id': 9, 'coordinate': [633.8437100890114, 599.3110492701044]}
2020-01-29_15:51:31.300[Status]Routing 58: Walk: 58
2020-01-29_15:51:31.402[Battery Energy]92.38
2020-01-29_15:51:31.402[Status]Routing Start.
2020-01-29_15:51:31.707[Status]{'id': 9, 'coordinate': [643.7720499181323, 600.5060673609682]}
2020-01-29_15:51:31.707[Status]Routing 59: Walk: 59
2020-01-29_15:51:31.808[Battery Energy]92.04
2020-01-29_15:51:31.808[Status]Routing Start.
2020-01-29_15:51:32.170[Status]{'id': 9, 'coordinate': [653.7003897472532, 601.7010854518321]}
2020-01-29_15:51:32.170[Status]Routing 60: Walk: 60
2020-01-29_15:51:32.286[Battery Energy]91.66
2020-01-29_15:51:32.286[Status]Routing Start.
2020-01-29_15:51:32.564[Status]{'id': 9, 'coordinate': [663.6287295763741, 602.896103542696]}
2020-01-29_15:51:32.564[Status]Routing 61: Walk: 61
2020-01-29_15:51:32.674[Battery Energy]91.39
2020-01-29_15:51:32.674[Status]Routing Start.
2020-01-29_15:51:32.973[Status]{'id': 9, 'coordinate': [673.557069405495, 604.0911216335599]}
2020-01-29_15:51:32.973[Status]Routing 62: Walk: 62
2020-01-29_15:51:33.073[Battery Energy]91.09
2020-01-29_15:51:33.073[Status]Routing Start.
2020-01-29_15:51:33.364[Status]{'id': 9, 'coordinate': [683.4854092346159, 605.2861397244237]}
2020-01-29_15:51:33.364[Status]Routing 63: Walk: 63
2020-01-29_15:51:33.464[Battery Energy]90.74
2020-01-29_15:51:33.464[Status]Routing Start.
2020-01-29_15:51:33.586[Status]{'id': 9, 'coordinate': [693.4137490637368, 606.4811578152876]}
2020-01-29_15:51:33.587[Status]Routing 64: Walk: 64
2020-01-29_15:51:33.699[Battery Energy]90.55
2020-01-29_15:51:33.699[Status]Routing Start.
2020-01-29_15:51:33.835[Status]{'id': 9, 'coordinate': [703.3420888928576, 607.6761759061515]}
2020-01-29_15:51:33.835[Status]Routing 65: Walk: 65
2020-01-29_15:51:33.942[Battery Energy]90.34
2020-01-29_15:51:33.942[Status]Routing Start.
2020-01-29_15:51:34.066[Status]{'id': 9, 'coordinate': [713.2704287219785, 608.8711939970153]}
2020-01-29_15:51:34.066[Status]Routing 66: Walk: 66
2020-01-29_15:51:34.166[Battery Energy]90.15
2020-01-29_15:51:34.166[Status]Routing Start.
2020-01-29_15:51:34.307[Status]{'id': 9, 'coordinate': [723.1987685510994, 610.0662120878792]}
2020-01-29_15:51:34.307[Status]Routing 67: Walk: 67
2020-01-29_15:51:34.407[Battery Energy]89.95
2020-01-29_15:51:34.407[Status]Routing Start.
2020-01-29_15:51:34.591[Status]{'id': 9, 'coordinate': [733.1271083802203, 611.2612301787431]}
2020-01-29_15:51:34.591[Status]Routing 68: Walk: 68
2020-01-29_15:51:34.698[Battery Energy]89.72
2020-01-29_15:51:34.698[Status]Routing Start.
2020-01-29_15:51:34.829[Status]{'id': 9, 'coordinate': [743.0554482093412, 612.4562482696069]}
2020-01-29_15:51:34.829[Status]Routing 69: Walk: 69
2020-01-29_15:51:34.929[Battery Energy]89.52
2020-01-29_15:51:34.929[Status]Routing Start.
2020-01-29_15:51:35.063[Status]{'id': 9, 'coordinate': [752.9837880384621, 613.6512663604708]}
2020-01-29_15:51:35.063[Status]Routing 70: Walk: 70
2020-01-29_15:51:35.170[Battery Energy]89.31
2020-01-29_15:51:35.170[Status]Routing Start.
2020-01-29_15:51:35.300[Status]{'id': 9, 'coordinate': [762.912127867583, 614.8462844513347]}
2020-01-29_15:51:35.300[Status]Routing 71: Walk: 71
2020-01-29_15:51:35.404[Battery Energy]89.12
2020-01-29_15:51:35.404[Status]Routing Start.
2020-01-29_15:51:35.543[Status]{'id': 9, 'coordinate': [772.8404676967039, 616.0413025421985]}
2020-01-29_15:51:35.543[Status]Routing 72: Walk: 72
2020-01-29_15:51:35.643[Battery Energy]88.92
2020-01-29_15:51:35.643[Status]Routing Start.
2020-01-29_15:51:35.951[Status]{'id': 9, 'coordinate': [782.7688075258247, 617.2363206330624]}
2020-01-29_15:51:35.951[Status]Routing 73: Walk: 73
2020-01-29_15:51:36.052[Battery Energy]88.61
2020-01-29_15:51:36.052[Status]Routing Start.
2020-01-29_15:51:36.347[Status]{'id': 9, 'coordinate': [792.6971473549456, 618.4313387239263]}
2020-01-29_15:51:36.347[Status]Routing 74: Walk: 74
2020-01-29_15:51:36.462[Battery Energy]88.29
2020-01-29_15:51:36.462[Status]Routing Start.
2020-01-29_15:51:36.735[Status]{'id': 9, 'coordinate': [802.6254871840665, 619.6263568147901]}
2020-01-29_15:51:36.735[Status]Routing 75: Walk: 75
2020-01-29_15:51:36.835[Battery Energy]87.98
2020-01-29_15:51:36.835[Status]Routing Start.
2020-01-29_15:51:37.130[Status]{'id': 9, 'coordinate': [812.5538270131874, 620.821374905654]}
2020-01-29_15:51:37.130[Status]Routing 76: Walk: 76
2020-01-29_15:51:37.232[Battery Energy]87.64
2020-01-29_15:51:37.232[Status]Routing Start.
2020-01-29_15:51:37.553[Status]{'id': 9, 'coordinate': [822.4821668423083, 622.0163929965179]}
2020-01-29_15:51:37.553[Status]Routing 77: Walk: 77
2020-01-29_15:51:37.662[Battery Energy]87.31
2020-01-29_15:51:37.662[Status]Routing Start.
2020-01-29_15:51:37.953[Status]{'id': 9, 'coordinate': [832.4105066714292, 623.2114110873817]}
2020-01-29_15:51:37.953[Status]Routing 78: Walk: 78
2020-01-29_15:51:38.062[Battery Energy]87.01
2020-01-29_15:51:38.062[Status]Routing Start.
2020-01-29_15:51:38.375[Status]{'id': 9, 'coordinate': [842.3388465005501, 624.4064291782456]}
2020-01-29_15:51:38.375[Status]Routing 79: Walk: 79
2020-01-29_15:51:38.498[Battery Energy]86.73
2020-01-29_15:51:38.498[Status]Routing Start.
2020-01-29_15:51:38.652[Status]{'id': 9, 'coordinate': [852.267186329671, 625.6014472691095]}
2020-01-29_15:51:38.652[Status]Routing 80: Walk: 80
2020-01-29_15:51:38.758[Battery Energy]86.49
2020-01-29_15:51:38.758[Status]Routing Start.
2020-01-29_15:51:38.892[Status]{'id': 9, 'coordinate': [862.1955261587918, 626.7964653599734]}
2020-01-29_15:51:38.893[Status]Routing 81: Walk: 81
2020-01-29_15:51:38.995[Battery Energy]86.29
2020-01-29_15:51:38.995[Status]Routing Start.
2020-01-29_15:51:39.114[Status]{'id': 9, 'coordinate': [872.1238659879127, 627.9914834508372]}
2020-01-29_15:51:39.114[Status]Routing 82: Walk: 82
2020-01-29_15:51:39.214[Battery Energy]86.10
2020-01-29_15:51:39.214[Status]Routing Start.
2020-01-29_15:51:39.363[Status]{'id': 9, 'coordinate': [882.0522058170336, 629.1865015417011]}
2020-01-29_15:51:39.366[Status]Routing 83: Walk: 83
2020-01-29_15:51:39.474[Battery Energy]85.90
2020-01-29_15:51:39.474[Status]Routing Start.
2020-01-29_15:51:39.748[Status]{'id': 9, 'coordinate': [891.9805456461545, 630.381519632565]}
2020-01-29_15:51:39.748[Status]Routing 84: Walk: 84
2020-01-29_15:51:39.848[Battery Energy]85.61
2020-01-29_15:51:39.848[Status]Routing Start.
2020-01-29_15:51:39.983[Status]{'id': 9, 'coordinate': [901.9088854752754, 631.5765377234288]}
2020-01-29_15:51:39.983[Status]Routing 85: Walk: 85
2020-01-29_15:51:40.090[Battery Energy]85.40
2020-01-29_15:51:40.090[Status]Routing Start.
2020-01-29_15:51:40.227[Status]{'id': 9, 'coordinate': [911.8372253043963, 632.7715558142927]}
2020-01-29_15:51:40.227[Status]Routing 86: Walk: 86
2020-01-29_15:51:40.338[Battery Energy]85.19
2020-01-29_15:51:40.338[Status]Routing Start.
2020-01-29_15:51:40.473[Status]{'id': 9, 'coordinate': [921.7655651335172, 633.9665739051566]}
2020-01-29_15:51:40.473[Status]Routing 87: Walk: 87
2020-01-29_15:51:40.576[Battery Energy]84.97
2020-01-29_15:51:40.576[Status]Routing Start.
2020-01-29_15:51:40.719[Status]{'id': 9, 'coordinate': [931.693904962638, 635.1615919960204]}
2020-01-29_15:51:40.719[Status]Routing 88: Walk: 88
2020-01-29_15:51:40.821[Battery Energy]84.74
2020-01-29_15:51:40.821[Status]Routing Start.
2020-01-29_15:51:41.089[Status]{'id': 9, 'coordinate': [941.6222447917589, 636.3566100868843]}
2020-01-29_15:51:41.089[Status]Routing 89: Walk: 89
2020-01-29_15:51:41.205[Battery Energy]84.44
2020-01-29_15:51:41.205[Status]Routing Start.
2020-01-29_15:51:41.320[Status]{'id': 9, 'coordinate': [951.5505846208798, 637.5516281777482]}
2020-01-29_15:51:41.320[Status]Routing 90: Walk: 90
2020-01-29_15:51:41.420[Battery Energy]84.24
2020-01-29_15:51:41.420[Status]Routing Start.
2020-01-29_15:51:41.565[Status]{'id': 9, 'coordinate': [961.4789244500007, 638.746646268612]}
2020-01-29_15:51:41.565[Status]Routing 91: Walk: 91
2020-01-29_15:51:41.665[Battery Energy]84.05
2020-01-29_15:51:41.665[Status]Routing Start.
2020-01-29_15:51:41.819[Status]{'id': 9, 'coordinate': [971.4072642791216, 639.9416643594758]}
2020-01-29_15:51:41.819[Status]Routing 92: Walk: 92
2020-01-29_15:51:41.934[Battery Energy]83.83
2020-01-29_15:51:41.934[Status]Routing Start.
2020-01-29_15:51:42.060[Status]{'id': 9, 'coordinate': [981.3356041082425, 641.1366824503397]}
2020-01-29_15:51:42.060[Status]Routing 93: Walk: 93
2020-01-29_15:51:42.162[Battery Energy]83.62
2020-01-29_15:51:42.162[Status]Routing Start.
2020-01-29_15:51:42.289[Status]{'id': 9, 'coordinate': [991.2639439373634, 642.3317005412034]}
2020-01-29_15:51:42.289[Status]Routing 94: Walk: 94
2020-01-29_15:51:42.398[Battery Energy]83.41
2020-01-29_15:51:42.398[Status]Routing Start.
2020-01-29_15:51:42.533[Status]{'id': 9, 'coordinate': [1001.1922837664843, 643.5267186320673]}
2020-01-29_15:51:42.533[Status]Routing 95: Walk: 95
2020-01-29_15:51:42.633[Battery Energy]83.20
2020-01-29_15:51:42.633[Status]Routing Start.
2020-01-29_15:51:42.886[Status]{'id': 9, 'coordinate': [1011.1206235956051, 644.721736722931]}
2020-01-29_15:51:42.886[Status]Routing 96: Walk: 96
2020-01-29_15:51:42.994[Battery Energy]82.96
2020-01-29_15:51:42.994[Status]Routing Start.
2020-01-29_15:51:43.272[Status]Routing 97: Walk: 96
2020-01-29_15:51:43.372[Battery Energy]82.67
2020-01-29_15:51:43.372[Status]Routing Start.
2020-01-29_15:51:43.640[Status]Routing 98: Walk: 96
2020-01-29_15:51:43.740[Battery Energy]82.37
2020-01-29_15:51:43.740[Status]Routing Start.
2020-01-29_15:51:44.075[Status]Routing 99: Walk: 96
2020-01-29_15:51:44.175[Battery Energy]82.03
2020-01-29_15:51:44.175[Status]Routing Start.
2020-01-29_15:51:44.529[Status]Routing 100: Walk: 96
2020-01-29_15:51:44.629[Battery Energy]81.67
2020-01-29_15:51:44.630[Status]Routing Start.
2020-01-29_15:51:44.935[Status]Routing 101: Walk: 96
2020-01-29_15:51:45.036[Battery Energy]81.37
2020-01-29_15:51:45.036[Status]Routing Start.
2020-01-29_15:51:45.161[Status]{'id': 9, 'coordinate': [1021.048963424726, 645.9167548137949]}
2020-01-29_15:51:45.161[Status]Routing 102: Walk: 97
2020-01-29_15:51:45.266[Battery Energy]81.17
2020-01-29_15:51:45.266[Status]Routing Start.
2020-01-29_15:51:45.597[Status]{'id': 9, 'coordinate': [1030.977303253847, 647.1117729046587]}
2020-01-29_15:51:45.597[Status]Routing 103: Walk: 98
2020-01-29_15:51:45.706[Battery Energy]80.87
2020-01-29_15:51:45.708[Status]Routing Start.
2020-01-29_15:51:45.844[Status]{'id': 9, 'coordinate': [1040.9056430829678, 648.3067909955225]}
2020-01-29_15:51:45.844[Status]Routing 104: Walk: 99
2020-01-29_15:51:45.947[Battery Energy]80.65
2020-01-29_15:51:45.947[Status]Routing Start.
2020-01-29_15:51:46.241[Status]{'id': 9, 'coordinate': [1050.8339829120887, 649.5018090863863]}
2020-01-29_15:51:46.241[Status]Routing 105: Walk: 100
2020-01-29_15:51:46.346[Battery Energy]80.33
2020-01-29_15:51:46.346[Status]Routing Start.
2020-01-29_15:51:46.657[Status]{'id': 9, 'coordinate': [1060.7623227412096, 650.6968271772502]}
2020-01-29_15:51:46.657[Status]Routing 106: Walk: 101
2020-01-29_15:51:46.770[Battery Energy]80.02
2020-01-29_15:51:46.770[Status]Routing Start.
2020-01-29_15:51:46.905[Status]{'id': 9, 'coordinate': [1070.6906625703305, 651.8918452681139]}
2020-01-29_15:51:46.905[Status]Routing 107: Walk: 102
2020-01-29_15:51:47.005[Battery Energy]79.81
2020-01-29_15:51:47.005[Status]Routing Start.
2020-01-29_15:51:47.164[Status]{'id': 9, 'coordinate': [1080.6190023994513, 653.0868633589778]}
2020-01-29_15:51:47.165[Status]Routing 108: Walk: 103
2020-01-29_15:51:47.274[Battery Energy]79.60
2020-01-29_15:51:47.274[Status]Routing Start.
2020-01-29_15:51:47.565[Status]{'id': 9, 'coordinate': [1090.5473422285722, 654.2818814498415]}
2020-01-29_15:51:47.566[Status]Routing 109: Walk: 104
2020-01-29_15:51:47.678[Battery Energy]79.29
2020-01-29_15:51:47.678[Status]Routing Start.
2020-01-29_15:51:47.983[Status]{'id': 9, 'coordinate': [1100.4756820576931, 655.4768995407054]}
2020-01-29_15:51:47.984[Status]Routing 110: Walk: 105
2020-01-29_15:51:48.090[Battery Energy]78.96
2020-01-29_15:51:48.090[Status]Routing Start.
2020-01-29_15:51:48.091[Status]Task Finished.
2020-01-29_15:51:48.191[Battery Energy]78.96
2020-01-29_15:51:48.415[Status]Routing 112: Walk: 105
2020-01-29_15:51:48.518[Battery Energy]78.79
2020-01-29_15:51:48.829[Status]Routing 113: Walk: 105
2020-01-29_15:51:48.938[Battery Energy]78.61
2020-01-29_15:51:49.243[Status]Routing 114: Walk: 105
2020-01-29_15:51:49.343[Battery Energy]78.41
2020-01-29_15:51:49.667[Status]Routing 115: Walk: 105
2020-01-29_15:51:49.770[Battery Energy]78.18
2020-01-29_15:51:49.993[Status]Routing 116: Walk: 105
2020-01-29_15:51:50.110[Battery Energy]78.01
2020-01-29_15:51:50.227[Status]Routing 117: Walk: 105
2020-01-29_15:51:50.338[Battery Energy]77.92
2020-01-29_15:51:50.481[Status]Routing 118: Walk: 105
2020-01-29_15:51:50.585[Battery Energy]77.81
2020-01-29_15:51:50.861[Status]Routing 119: Walk: 105
2020-01-29_15:51:50.967[Battery Energy]77.60
2020-01-29_15:51:51.136[Status]Routing 120: Walk: 105
2020-01-29_15:51:51.250[Battery Energy]77.46
2020-01-29_15:51:51.378[Status]Routing 121: Walk: 105
2020-01-29_15:51:51.487[Battery Energy]77.36
2020-01-29_15:51:51.653[Status]Routing 122: Walk: 105
2020-01-29_15:51:51.766[Battery Energy]77.23
2020-01-29_15:51:51.892[Status]Routing 123: Walk: 105
2020-01-29_15:51:52.010[Battery Energy]77.12
2020-01-29_15:51:52.138[Status]Routing 124: Walk: 105
2020-01-29_15:51:52.239[Battery Energy]77.03
2020-01-29_15:51:52.531[Status]Routing 125: Walk: 105
2020-01-29_15:51:52.646[Battery Energy]76.83
2020-01-29_15:51:52.773[Status]Routing 126: Walk: 105
2020-01-29_15:51:52.886[Battery Energy]76.72
2020-01-29_15:51:53.189[Status]Routing 127: Walk: 105
2020-01-29_15:51:53.290[Battery Energy]76.51
2020-01-29_15:51:53.628[Status]Routing 128: Walk: 105
2020-01-29_15:51:53.740[Battery Energy]76.29
2020-01-29_15:51:53.859[Status]Routing 129: Walk: 105
2020-01-29_15:51:53.959[Battery Energy]76.18
2020-01-29_15:51:54.277[Status]Routing 130: Walk: 105
2020-01-29_15:51:54.377[Battery Energy]76.00
2020-01-29_15:51:54.724[Status]Routing 131: Walk: 105
2020-01-29_15:51:54.824[Battery Energy]75.77
2020-01-29_15:51:55.077[Status]Routing 132: Walk: 105
2020-01-29_15:51:55.177[Battery Energy]75.60
2020-01-29_15:51:55.412[Status]Routing 133: Walk: 105
2020-01-29_15:51:55.521[Battery Energy]75.44
2020-01-29_15:51:55.641[Status]Routing 134: Walk: 105
2020-01-29_15:51:55.741[Battery Energy]75.34
2020-01-29_15:51:55.879[Status]Routing 135: Walk: 105
2020-01-29_15:51:55.986[Battery Energy]75.23
2020-01-29_15:51:56.132[Status]Routing 136: Walk: 105
2020-01-29_15:51:56.261[Battery Energy]75.11
2020-01-29_15:51:56.383[Status]Routing 137: Walk: 105
2020-01-29_15:51:56.484[Battery Energy]75.02
2020-01-29_15:51:56.634[Status]Routing 138: Walk: 105
2020-01-29_15:51:56.758[Battery Energy]74.90
2020-01-29_15:51:56.875[Status]Routing 139: Walk: 105
2020-01-29_15:51:56.985[Battery Energy]74.81
2020-01-29_15:51:57.149[Status]Routing 140: Walk: 105
2020-01-29_15:51:57.254[Battery Energy]74.68
2020-01-29_15:51:57.365[Status]Routing 141: Walk: 105
2020-01-29_15:51:57.465[Battery Energy]74.58
2020-01-29_15:51:57.693[Status]Routing 142: Walk: 105
2020-01-29_15:51:57.802[Battery Energy]74.46
2020-01-29_15:51:57.946[Status]Routing 143: Walk: 105
2020-01-29_15:51:58.050[Battery Energy]74.35
2020-01-29_15:51:58.265[Status]Routing 144: Walk: 105
2020-01-29_15:51:58.365[Battery Energy]74.19
2020-01-29_15:51:58.525[Status]Routing 145: Walk: 105
2020-01-29_15:51:58.627[Battery Energy]74.06
2020-01-29_15:51:58.762[Status]Routing 146: Walk: 105
2020-01-29_15:51:58.862[Battery Energy]73.99
2020-01-29_15:51:58.994[Status]Routing 147: Walk: 105
2020-01-29_15:51:59.095[Battery Energy]73.88
2020-01-29_15:51:59.223[Status]Routing 148: Walk: 105
2020-01-29_15:51:59.330[Battery Energy]73.78
2020-01-29_15:51:59.468[Status]Routing 149: Walk: 105
2020-01-29_15:51:59.570[Battery Energy]73.68
2020-01-29_15:51:59.711[Status]Routing 150: Walk: 105
2020-01-29_15:51:59.811[Battery Energy]73.57
2020-01-29_15:51:59.950[Status]Routing 151: Walk: 105
2020-01-29_15:52:00.062[Battery Energy]73.47
2020-01-29_15:52:00.193[Status]Routing 152: Walk: 105
2020-01-29_15:52:00.302[Battery Energy]73.36
2020-01-29_15:52:00.435[Status]Routing 153: Walk: 105
2020-01-29_15:52:00.542[Battery Energy]73.23
2020-01-29_15:52:00.671[Status]Routing 154: Walk: 105
2020-01-29_15:52:00.772[Battery Energy]73.11
2020-01-29_15:52:00.910[Status]Routing 155: Walk: 105
2020-01-29_15:52:01.011[Battery Energy]73.00
2020-01-29_15:52:01.156[Status]Routing 156: Walk: 105
2020-01-29_15:52:01.256[Battery Energy]72.88
2020-01-29_15:52:01.406[Status]Routing 157: Walk: 105
2020-01-29_15:52:01.518[Battery Energy]72.78
2020-01-29_15:52:01.661[Status]Routing 158: Walk: 105
2020-01-29_15:52:01.761[Battery Energy]72.69
2020-01-29_15:52:01.907[Status]Routing 159: Walk: 105
2020-01-29_15:52:02.010[Battery Energy]72.59
2020-01-29_15:52:02.147[Status]Routing 160: Walk: 105
2020-01-29_15:52:02.251[Battery Energy]72.48
2020-01-29_15:52:02.396[Status]Routing 161: Walk: 105
2020-01-29_15:52:02.514[Battery Energy]72.35
2020-01-29_15:52:02.650[Status]Routing 162: Walk: 105
2020-01-29_15:52:02.762[Battery Energy]72.25
2020-01-29_15:52:02.885[Status]Routing 163: Walk: 105
2020-01-29_15:52:02.985[Battery Energy]72.15
2020-01-29_15:52:03.143[Status]Routing 164: Walk: 105
2020-01-29_15:52:03.262[Battery Energy]72.02
2020-01-29_15:52:03.379[Status]Routing 165: Walk: 105
2020-01-29_15:52:03.490[Battery Energy]71.92
2020-01-29_15:52:03.636[Status]Routing 166: Walk: 105
2020-01-29_15:52:03.754[Battery Energy]71.80
2020-01-29_15:52:03.875[Status]Routing 167: Walk: 105
2020-01-29_15:52:03.985[Battery Energy]71.68
2020-01-29_15:52:04.131[Status]Routing 168: Walk: 105
2020-01-29_15:52:04.237[Battery Energy]71.58
2020-01-29_15:52:04.361[Status]Routing 169: Walk: 105
2020-01-29_15:52:04.470[Battery Energy]71.49
2020-01-29_15:52:04.599[Status]Routing 170: Walk: 105
2020-01-29_15:52:04.702[Battery Energy]71.39
2020-01-29_15:52:04.834[Status]Routing 171: Walk: 105
2020-01-29_15:52:04.946[Battery Energy]71.31
2020-01-29_15:52:05.068[Status]Routing 172: Walk: 105
2020-01-29_15:52:05.170[Battery Energy]71.20
2020-01-29_15:52:05.318[Status]Routing 173: Walk: 105
2020-01-29_15:52:05.418[Battery Energy]71.08
2020-01-29_15:52:05.568[Status]Routing 174: Walk: 105
2020-01-29_15:52:05.682[Battery Energy]70.95
2020-01-29_15:52:05.801[Status]Routing 175: Walk: 105
2020-01-29_15:52:05.914[Battery Energy]70.85
2020-01-29_15:52:06.070[Status]Routing 176: Walk: 105
2020-01-29_15:52:06.182[Battery Energy]70.74
2020-01-29_15:52:06.302[Status]Routing 177: Walk: 105
2020-01-29_15:52:06.418[Battery Energy]70.63
2020-01-29_15:52:06.550[Status]Routing 178: Walk: 105
2020-01-29_15:52:06.650[Battery Energy]70.52
2020-01-29_15:52:06.800[Status]Routing 179: Walk: 105
2020-01-29_15:52:06.900[Battery Energy]70.41
2020-01-29_15:52:07.032[Status]Routing 180: Walk: 105
2020-01-29_15:52:07.146[Battery Energy]70.31
2020-01-29_15:52:07.263[Status]Routing 181: Walk: 105
2020-01-29_15:52:07.370[Battery Energy]70.20
2020-01-29_15:52:07.541[Status]Routing 182: Walk: 105
2020-01-29_15:52:07.652[Battery Energy]70.08
2020-01-29_15:52:07.801[Status]Routing 183: Walk: 105
2020-01-29_15:52:07.901[Battery Energy]69.99
2020-01-29_15:52:08.050[Status]Routing 184: Walk: 105
2020-01-29_15:52:08.153[Battery Energy]69.90
2020-01-29_15:52:08.319[Status]Routing 185: Walk: 105
2020-01-29_15:52:08.425[Battery Energy]69.76
2020-01-29_15:52:08.565[Status]Routing 186: Walk: 105
2020-01-29_15:52:08.666[Battery Energy]69.66
2020-01-29_15:52:08.795[Status]Routing 187: Walk: 105
2020-01-29_15:52:08.898[Battery Energy]69.56
2020-01-29_15:52:09.043[Status]Routing 188: Walk: 105
2020-01-29_15:52:09.143[Battery Energy]69.44
2020-01-29_15:52:09.324[Status]Routing 189: Walk: 105
2020-01-29_15:52:09.446[Battery Energy]69.30
2020-01-29_15:52:09.580[Status]Routing 190: Walk: 105
2020-01-29_15:52:09.681[Battery Energy]69.21
2020-01-29_15:52:09.821[Status]Routing 191: Walk: 105
2020-01-29_15:52:09.930[Battery Energy]69.11
2020-01-29_15:52:10.071[Status]Routing 192: Walk: 105
2020-01-29_15:52:10.178[Battery Energy]69.00
2020-01-29_15:52:10.325[Status]Routing 193: Walk: 105
2020-01-29_15:52:10.426[Battery Energy]68.87
2020-01-29_15:52:10.558[Status]Routing 194: Walk: 105
2020-01-29_15:52:10.670[Battery Energy]68.76
2020-01-29_15:52:10.801[Status]Routing 195: Walk: 105
2020-01-29_15:52:10.918[Battery Energy]68.66
2020-01-29_15:52:11.041[Status]Routing 196: Walk: 105
2020-01-29_15:52:11.141[Battery Energy]68.56
2020-01-29_15:52:11.275[Status]Routing 197: Walk: 105
2020-01-29_15:52:11.390[Battery Energy]68.44
2020-01-29_15:52:11.539[Status]Routing 198: Walk: 105
2020-01-29_15:52:11.640[Battery Energy]68.35
2020-01-29_15:52:11.776[Status]Routing 199: Walk: 105
2020-01-29_15:52:11.878[Battery Energy]68.25
2020-01-29_15:52:12.020[Status]Routing 200: Walk: 105
2020-01-29_15:52:12.134[Battery Energy]68.17
2020-01-29_15:52:12.270[Status]Routing 201: Walk: 105
2020-01-29_15:52:12.376[Battery Energy]68.06
2020-01-29_15:52:12.511[Status]Routing 202: Walk: 105
2020-01-29_15:52:12.622[Battery Energy]67.95
2020-01-29_15:52:12.744[Status]Routing 203: Walk: 105
2020-01-29_15:52:12.854[Battery Energy]67.85
2020-01-29_15:52:12.983[Status]Routing 204: Walk: 105
2020-01-29_15:52:13.090[Battery Energy]67.73
2020-01-29_15:52:13.228[Status]Routing 205: Walk: 105
2020-01-29_15:52:13.334[Battery Energy]67.62
2020-01-29_15:52:13.465[Status]Routing 206: Walk: 105
2020-01-29_15:52:13.565[Battery Energy]67.53
2020-01-29_15:52:13.695[Status]Routing 207: Walk: 105
2020-01-29_15:52:13.814[Battery Energy]67.44
2020-01-29_15:52:13.946[Status]Routing 208: Walk: 105
2020-01-29_15:52:14.051[Battery Energy]67.34
2020-01-29_15:52:14.183[Status]Routing 209: Walk: 105
2020-01-29_15:52:14.296[Battery Energy]67.26
2020-01-29_15:52:14.416[Status]Routing 210: Walk: 105
2020-01-29_15:52:14.526[Battery Energy]67.15
2020-01-29_15:52:14.658[Status]Routing 211: Walk: 105
2020-01-29_15:52:14.763[Battery Energy]67.03
2020-01-29_15:52:14.911[Status]Routing 212: Walk: 105
2020-01-29_15:52:15.030[Battery Energy]66.93
2020-01-29_15:52:15.163[Status]Routing 213: Walk: 105
2020-01-29_15:52:15.264[Battery Energy]66.83
2020-01-29_15:52:15.404[Status]Routing 214: Walk: 105
2020-01-29_15:52:15.522[Battery Energy]66.71
2020-01-29_15:52:15.634[Status]Routing 215: Walk: 105
2020-01-29_15:52:15.746[Battery Energy]66.60
2020-01-29_15:52:15.886[Status]Routing 216: Walk: 105
2020-01-29_15:52:15.994[Battery Energy]66.50
2020-01-29_15:52:16.127[Status]Routing 217: Walk: 105
2020-01-29_15:52:16.228[Battery Energy]66.39
2020-01-29_15:52:16.373[Status]Routing 218: Walk: 105
2020-01-29_15:52:16.476[Battery Energy]66.30
2020-01-29_15:52:16.642[Status]Routing 219: Walk: 105
2020-01-29_15:52:16.750[Battery Energy]66.18
2020-01-29_15:52:16.892[Status]Routing 220: Walk: 105
2020-01-29_15:52:17.001[Battery Energy]66.08
2020-01-29_15:52:17.165[Status]Routing 221: Walk: 105
2020-01-29_15:52:17.277[Battery Energy]65.95
2020-01-29_15:52:17.402[Status]Routing 222: Walk: 105
2020-01-29_15:52:17.518[Battery Energy]65.83
2020-01-29_15:52:17.668[Status]Routing 223: Walk: 105
2020-01-29_15:52:17.778[Battery Energy]65.72
2020-01-29_15:52:17.909[Status]Routing 224: Walk: 105
2020-01-29_15:52:18.017[Battery Energy]65.62
2020-01-29_15:52:18.179[Status]Routing 225: Walk: 105
2020-01-29_15:52:18.290[Battery Energy]65.51
2020-01-29_15:52:18.432[Status]Routing 226: Walk: 105
2020-01-29_15:52:18.542[Battery Energy]65.39
2020-01-29_15:52:18.666[Status]Routing 227: Walk: 105
2020-01-29_15:52:18.794[Battery Energy]65.30
2020-01-29_15:52:18.931[Status]Routing 228: Walk: 105
2020-01-29_15:52:19.034[Battery Energy]65.18
2020-01-29_15:52:19.176[Status]Routing 229: Walk: 105
2020-01-29_15:52:19.280[Battery Energy]65.08
2020-01-29_15:52:19.438[Status]Routing 230: Walk: 105
2020-01-29_15:52:19.538[Battery Energy]64.95
2020-01-29_15:52:19.717[Status]Routing 231: Walk: 105
2020-01-29_15:52:19.830[Battery Energy]64.81
2020-01-29_15:52:19.963[Status]Routing 232: Walk: 105
2020-01-29_15:52:20.069[Battery Energy]64.70
2020-01-29_15:52:20.241[Status]Routing 233: Walk: 105
2020-01-29_15:52:20.358[Battery Energy]64.55
2020-01-29_15:52:20.480[Status]Routing 234: Walk: 105
2020-01-29_15:52:20.581[Battery Energy]64.43
2020-01-29_15:52:20.736[Status]Routing 235: Walk: 105
2020-01-29_15:52:20.850[Battery Energy]64.34
2020-01-29_15:52:20.977[Status]Routing 236: Walk: 105
2020-01-29_15:52:21.078[Battery Energy]64.23
2020-01-29_15:52:21.218[Status]Routing 237: Walk: 105
2020-01-29_15:52:21.330[Battery Energy]64.13
2020-01-29_15:52:21.471[Status]Routing 238: Walk: 105
2020-01-29_15:52:21.578[Battery Energy]64.04
2020-01-29_15:52:21.703[Status]Routing 239: Walk: 105
2020-01-29_15:52:21.803[Battery Energy]63.91
2020-01-29_15:52:21.936[Status]Routing 240: Walk: 105
2020-01-29_15:52:22.042[Battery Energy]63.81
2020-01-29_15:52:22.173[Status]Routing 241: Walk: 105
2020-01-29_15:52:22.278[Battery Energy]63.71
2020-01-29_15:52:22.390[Status]Routing 242: Walk: 105
2020-01-29_15:52:22.493[Battery Energy]63.62
2020-01-29_15:52:22.651[Status]Routing 243: Walk: 105
2020-01-29_15:52:22.753[Battery Energy]63.49
2020-01-29_15:52:22.897[Status]Routing 244: Walk: 105
2020-01-29_15:52:22.998[Battery Energy]63.38
2020-01-29_15:52:23.153[Status]Routing 245: Walk: 105
2020-01-29_15:52:23.274[Battery Energy]63.28
2020-01-29_15:52:23.390[Status]Routing 246: Walk: 105
2020-01-29_15:52:23.494[Battery Energy]63.19
2020-01-29_15:52:23.615[Status]Routing 247: Walk: 105
2020-01-29_15:52:23.721[Battery Energy]63.09
2020-01-29_15:52:23.856[Status]Routing 248: Walk: 105
2020-01-29_15:52:23.957[Battery Energy]62.98
2020-01-29_15:52:24.080[Status]Routing 249: Walk: 105
2020-01-29_15:52:24.180[Battery Energy]62.87
2020-01-29_15:52:24.318[Status]Routing 250: Walk: 105
2020-01-29_15:52:24.433[Battery Energy]62.78
2020-01-29_15:52:24.536[Status]Routing 251: Walk: 105
2020-01-29_15:52:24.636[Battery Energy]62.68
2020-01-29_15:52:24.774[Status]Routing 252: Walk: 105
2020-01-29_15:52:24.875[Battery Energy]62.57
2020-01-29_15:52:25.025[Status]Routing 253: Walk: 105
2020-01-29_15:52:25.133[Battery Energy]62.45
2020-01-29_15:52:25.268[Status]Routing 254: Walk: 105
2020-01-29_15:52:25.378[Battery Energy]62.34
2020-01-29_15:52:25.522[Status]Routing 255: Walk: 105
2020-01-29_15:52:25.622[Battery Energy]62.24
2020-01-29_15:52:25.772[Status]Routing 256: Walk: 105
2020-01-29_15:52:25.898[Battery Energy]62.11
2020-01-29_15:52:26.028[Status]Routing 257: Walk: 105
2020-01-29_15:52:26.131[Battery Energy]62.02
2020-01-29_15:52:26.278[Status]Routing 258: Walk: 105
2020-01-29_15:52:26.386[Battery Energy]61.94
2020-01-29_15:52:26.516[Status]Routing 259: Walk: 105
2020-01-29_15:52:26.618[Battery Energy]61.84
2020-01-29_15:52:26.777[Status]Routing 260: Walk: 105
2020-01-29_15:52:26.902[Battery Energy]61.71
2020-01-29_15:52:27.025[Status]Routing 261: Walk: 105
2020-01-29_15:52:27.126[Battery Energy]61.62
2020-01-29_15:52:27.264[Status]Routing 262: Walk: 105
2020-01-29_15:52:27.370[Battery Energy]61.51
2020-01-29_15:52:27.525[Status]Routing 263: Walk: 105
2020-01-29_15:52:27.632[Battery Energy]61.42
2020-01-29_15:52:27.760[Status]Routing 264: Walk: 105
2020-01-29_15:52:27.862[Battery Energy]61.33
2020-01-29_15:52:27.980[Status]Routing 265: Walk: 105
2020-01-29_15:52:28.093[Battery Energy]61.22
2020-01-29_15:52:28.225[Status]Routing 266: Walk: 105
2020-01-29_15:52:28.334[Battery Energy]61.13
2020-01-29_15:52:28.459[Status]Routing 267: Walk: 105
2020-01-29_15:52:28.559[Battery Energy]61.05
2020-01-29_15:52:28.715[Status]Routing 268: Walk: 105
2020-01-29_15:52:28.826[Battery Energy]60.93
2020-01-29_15:52:28.947[Status]Routing 269: Walk: 105
2020-01-29_15:52:29.050[Battery Energy]60.85
2020-01-29_15:52:29.195[Status]Routing 270: Walk: 105
2020-01-29_15:52:29.295[Battery Energy]60.76
2020-01-29_15:52:29.441[Status]Routing 271: Walk: 105
2020-01-29_15:52:29.546[Battery Energy]60.63
2020-01-29_15:52:29.688[Status]Routing 272: Walk: 105
2020-01-29_15:52:29.790[Battery Energy]60.55
2020-01-29_15:52:29.943[Status]Routing 273: Walk: 105
2020-01-29_15:52:30.053[Battery Energy]60.45
2020-01-29_15:52:30.188[Status]Routing 274: Walk: 105
2020-01-29_15:52:30.302[Battery Energy]60.35
2020-01-29_15:52:30.457[Status]Routing 275: Walk: 105
2020-01-29_15:52:30.565[Battery Energy]60.23
2020-01-29_15:52:30.693[Status]Routing 276: Walk: 105
2020-01-29_15:52:30.793[Battery Energy]60.14
2020-01-29_15:52:30.933[Status]Routing 277: Walk: 105
2020-01-29_15:52:31.046[Battery Energy]60.03
2020-01-29_15:52:31.184[Status]Routing 278: Walk: 105
2020-01-29_15:52:31.286[Battery Energy]59.93
2020-01-29_15:52:31.433[Status]Routing 279: Walk: 105
2020-01-29_15:52:31.536[Battery Energy]59.81
2020-01-29_15:52:31.679[Status]Routing 280: Walk: 105
2020-01-29_15:52:31.790[Battery Energy]59.71
2020-01-29_15:52:31.910[Status]Routing 281: Walk: 105
2020-01-29_15:52:32.018[Battery Energy]59.62
2020-01-29_15:52:32.177[Status]Routing 282: Walk: 105
2020-01-29_15:52:32.286[Battery Energy]59.54
2020-01-29_15:52:32.423[Status]Routing 283: Walk: 105
2020-01-29_15:52:32.524[Battery Energy]59.45
2020-01-29_15:52:32.667[Status]Routing 284: Walk: 105
2020-01-29_15:52:32.778[Battery Energy]59.34
2020-01-29_15:52:32.926[Status]Routing 285: Walk: 105
2020-01-29_15:52:33.026[Battery Energy]59.22
2020-01-29_15:52:33.171[Status]Routing 286: Walk: 105
2020-01-29_15:52:33.271[Battery Energy]59.12
2020-01-29_15:52:33.398[Status]Routing 287: Walk: 105
2020-01-29_15:52:33.506[Battery Energy]59.02
2020-01-29_15:52:33.650[Status]Routing 288: Walk: 105
2020-01-29_15:52:33.759[Battery Energy]58.90
2020-01-29_15:52:33.891[Status]Routing 289: Walk: 105
2020-01-29_15:52:33.998[Battery Energy]58.78
2020-01-29_15:52:34.120[Status]Routing 290: Walk: 105
2020-01-29_15:52:34.238[Battery Energy]58.66
2020-01-29_15:52:34.377[Status]Routing 291: Walk: 105
2020-01-29_15:52:34.484[Battery Energy]58.56
2020-01-29_15:52:34.622[Status]Routing 292: Walk: 105
2020-01-29_15:52:34.738[Battery Energy]58.43
2020-01-29_15:52:34.860[Status]Routing 293: Walk: 105
2020-01-29_15:52:34.962[Battery Energy]58.34
2020-01-29_15:52:35.120[Status]Routing 294: Walk: 105
2020-01-29_15:52:35.221[Battery Energy]58.21
2020-01-29_15:52:35.354[Status]Routing 295: Walk: 105
2020-01-29_15:52:35.466[Battery Energy]58.11
2020-01-29_15:52:35.579[Status]Routing 296: Walk: 105
2020-01-29_15:52:35.685[Battery Energy]58.02
2020-01-29_15:52:35.839[Status]Routing 297: Walk: 105
2020-01-29_15:52:35.939[Battery Energy]57.92
2020-01-29_15:52:36.092[Status]Routing 298: Walk: 105
2020-01-29_15:52:36.194[Battery Energy]57.83
2020-01-29_15:52:36.324[Status]Routing 299: Walk: 105
2020-01-29_15:52:36.438[Battery Energy]57.73
2020-01-29_15:52:36.555[Status]Routing 300: Walk: 105
2020-01-29_15:52:36.660[Battery Energy]57.62
2020-01-29_15:52:36.809[Status]Routing 301: Walk: 105
2020-01-29_15:52:36.918[Battery Energy]57.52
2020-01-29_15:52:37.049[Status]Routing 302: Walk: 105
2020-01-29_15:52:37.149[Battery Energy]57.41
2020-01-29_15:52:37.299[Status]Routing 303: Walk: 105
2020-01-29_15:52:37.414[Battery Energy]57.28
2020-01-29_15:52:37.536[Status]Routing 304: Walk: 105
2020-01-29_15:52:37.646[Battery Energy]57.18
2020-01-29_15:52:37.789[Status]Routing 305: Walk: 105
2020-01-29_15:52:37.898[Battery Energy]57.06
2020-01-29_15:52:38.083[Status]Routing 306: Walk: 105
2020-01-29_15:52:38.184[Battery Energy]56.94
2020-01-29_15:52:38.334[Status]Routing 307: Walk: 105
2020-01-29_15:52:38.434[Battery Energy]56.85
2020-01-29_15:52:38.608[Status]Routing 308: Walk: 105
2020-01-29_15:52:38.722[Battery Energy]56.74
2020-01-29_15:52:38.859[Status]Routing 309: Walk: 105
2020-01-29_15:52:38.959[Battery Energy]56.62
2020-01-29_15:52:39.097[Status]Routing 310: Walk: 105
2020-01-29_15:52:39.210[Battery Energy]56.51
2020-01-29_15:52:39.386[Status]Routing 311: Walk: 105
2020-01-29_15:52:39.497[Battery Energy]56.37
2020-01-29_15:52:39.626[Status]Routing 312: Walk: 105
2020-01-29_15:52:39.738[Battery Energy]56.26
2020-01-29_15:52:39.890[Status]Routing 313: Walk: 105
2020-01-29_15:52:40.002[Battery Energy]56.17
2020-01-29_15:52:40.161[Status]Routing 314: Walk: 105
2020-01-29_15:52:40.261[Battery Energy]56.07
2020-01-29_15:52:40.428[Status]Routing 315: Walk: 105
2020-01-29_15:52:40.538[Battery Energy]55.92
