2020-02-08_12:21:58.046[Status]Start.
2020-02-08_12:21:58.047[Battery Energy]123.00
2020-02-08_12:21:59.148[Battery Energy]122.96
2020-02-08_12:22:00.249[Battery Energy]122.92
2020-02-08_12:22:01.350[Battery Energy]122.88
2020-02-08_12:22:02.451[Battery Energy]122.84
2020-02-08_12:22:03.552[Task]A New Task Released.
2020-02-08_12:22:03.553[Battery Energy]122.80
2020-02-08_12:22:03.553[Status]Selection Start.
2020-02-08_12:22:07.316[Status]Selection End: Do Task 1.
2020-02-08_12:22:07.418[Battery Energy]120.29
2020-02-08_12:22:07.418[Status]Formation Start.
2020-02-08_12:22:07.587[Status]number of tasks is 7
2020-02-08_12:22:07.588[Status]my group tasks is [ 1300.   700.]
2020-02-08_12:22:07.589[Status]my group tasks is [ 1262.34898019   778.18314825]
2020-02-08_12:22:07.592[Status]my group tasks is [ 1177.7479066    797.49279122]
2020-02-08_12:22:07.612[Status]my group tasks is [ 1109.90311321   743.38837391]
2020-02-08_12:22:07.623[Status]my group tasks is [ 1109.90311321   656.61162609]
2020-02-08_12:22:07.623[Status]my group tasks is [ 1177.7479066    602.50720878]
2020-02-08_12:22:07.624[Status]my group tasks is [ 1262.34898019   621.81685175]
2020-02-08_12:22:07.674[Status]mygroup_robots_utility is {8: [16.18075024434686, 17.392358891111186, 14.945534172708678, 16.24531190920084, 17.42529172297273, 28.816772139180515, 14.901145179572703], 9: [16.276659886287614, 17.08316935060274, 14.938583854154968, 17.325247641934368, 28.536368362727643, 14.610771544897409, 15.80090784165605], 10: [32.036697672509504, 17.397679064061087, 14.70214783030748, 16.93829675756464, 17.86436765896997, 14.895117304164096, 15.530646689327297], 11: [16.44573154923073, 33.73287014711585, 15.980392833535353, 29.305192775711053, 13.879734910899913, 14.076493862751056, 15.148684071289512], 12: [16.290457279186807, 17.36140439487632, 34.88879409320084, 14.4063713471728, 32.25545390395476, 14.864937845518794, 14.976840738220359], 13: [16.668993279105063, 16.542073011857532, 34.579103365457, 14.261968418308731, 15.17381338630586, 14.315305564966629, 15.308593595243655], 14: [16.099248304205783, 14.112752757706973, 15.38677377981329, 13.341074976264533, 13.274296622763002, 14.281049060617757, 15.54452444522902]}
2020-02-08_12:22:07.674[Status]self.local_queue is [8, 9, 10, 11, 12, 13, 14]
2020-02-08_12:22:07.674[Status]task_chosen index is 5
2020-02-08_12:22:07.674[Status]task_chosen index is 4
2020-02-08_12:22:07.674[Status]task_chosen index is 0
2020-02-08_12:22:07.674[Status]task_chosen index is 1
2020-02-08_12:22:07.675[Status]task_chosen index is 2
2020-02-08_12:22:07.675[Status]myindex_in_queue is 2
2020-02-08_12:22:07.675[Status]task destination is [1177.7479066043686, 797.4927912181823]
2020-02-08_12:22:07.775[Battery Energy]120.09
2020-02-08_12:22:07.775[Status]Routing Start.
2020-02-08_12:22:07.912[Status]{'coordinate': [66.99379723154196, 758.3521603254544], 'id': 12}
2020-02-08_12:22:07.913[Status]Routing 1: Walk: 1
2020-02-08_12:22:08.018[Battery Energy]119.86
2020-02-08_12:22:08.018[Status]Routing Start.
2020-02-08_12:22:08.157[Status]{'coordinate': [76.98759446308392, 758.7043206509088], 'id': 12}
2020-02-08_12:22:08.159[Status]Routing 2: Walk: 2
2020-02-08_12:22:08.259[Battery Energy]119.68
2020-02-08_12:22:08.259[Status]Routing Start.
2020-02-08_12:22:08.410[Status]{'coordinate': [86.98139169462588, 759.0564809763632], 'id': 12}
2020-02-08_12:22:08.410[Status]Routing 3: Walk: 3
2020-02-08_12:22:08.517[Battery Energy]119.47
2020-02-08_12:22:08.517[Status]Routing Start.
2020-02-08_12:22:08.672[Status]{'coordinate': [96.97518892616785, 759.4086413018176], 'id': 12}
2020-02-08_12:22:08.672[Status]Routing 4: Walk: 4
2020-02-08_12:22:08.778[Battery Energy]119.26
2020-02-08_12:22:08.778[Status]Routing Start.
2020-02-08_12:22:08.931[Status]{'coordinate': [106.96898615770981, 759.760801627272], 'id': 12}
2020-02-08_12:22:08.933[Status]Routing 5: Walk: 5
2020-02-08_12:22:09.033[Battery Energy]119.03
2020-02-08_12:22:09.034[Status]Routing Start.
2020-02-08_12:22:09.208[Status]{'coordinate': [116.96278338925177, 760.1129619527264], 'id': 12}
2020-02-08_12:22:09.208[Status]Routing 6: Walk: 6
2020-02-08_12:22:09.308[Battery Energy]118.81
2020-02-08_12:22:09.309[Status]Routing Start.
2020-02-08_12:22:09.591[Status]{'coordinate': [126.95658062079373, 760.4651222781808], 'id': 12}
2020-02-08_12:22:09.592[Status]Routing 7: Walk: 7
2020-02-08_12:22:09.694[Battery Energy]118.49
2020-02-08_12:22:09.694[Status]Routing Start.
2020-02-08_12:22:10.027[Status]{'coordinate': [136.9503778523357, 760.8172826036352], 'id': 12}
2020-02-08_12:22:10.027[Status]Routing 8: Walk: 8
2020-02-08_12:22:10.127[Battery Energy]118.17
2020-02-08_12:22:10.127[Status]Routing Start.
2020-02-08_12:22:10.440[Status]{'coordinate': [146.94417508387767, 761.1694429290897], 'id': 12}
2020-02-08_12:22:10.440[Status]Routing 9: Walk: 9
2020-02-08_12:22:10.541[Battery Energy]117.84
2020-02-08_12:22:10.541[Status]Routing Start.
2020-02-08_12:22:10.871[Status]{'coordinate': [156.93797231541964, 761.5216032545441], 'id': 12}
2020-02-08_12:22:10.871[Status]Routing 10: Walk: 10
2020-02-08_12:22:10.978[Battery Energy]117.52
2020-02-08_12:22:10.978[Status]Routing Start.
2020-02-08_12:22:11.297[Status]{'coordinate': [166.93176954696162, 761.8737635799985], 'id': 12}
2020-02-08_12:22:11.297[Status]Routing 11: Walk: 11
2020-02-08_12:22:11.398[Battery Energy]117.27
2020-02-08_12:22:11.398[Status]Routing Start.
2020-02-08_12:22:11.756[Status]{'coordinate': [176.9255667785036, 762.2259239054529], 'id': 12}
2020-02-08_12:22:11.756[Status]Routing 12: Walk: 12
2020-02-08_12:22:11.857[Battery Energy]116.94
2020-02-08_12:22:11.857[Status]Routing Start.
2020-02-08_12:22:12.155[Status]{'coordinate': [186.91936401004557, 762.5780842309073], 'id': 12}
2020-02-08_12:22:12.155[Status]Routing 13: Walk: 13
2020-02-08_12:22:12.259[Battery Energy]116.65
2020-02-08_12:22:12.259[Status]Routing Start.
2020-02-08_12:22:12.565[Status]{'coordinate': [196.91316124158755, 762.9302445563617], 'id': 12}
2020-02-08_12:22:12.565[Status]Routing 14: Walk: 14
2020-02-08_12:22:12.665[Battery Energy]116.36
2020-02-08_12:22:12.665[Status]Routing Start.
2020-02-08_12:22:13.011[Status]{'coordinate': [206.90695847312952, 763.2824048818161], 'id': 12}
2020-02-08_12:22:13.011[Status]Routing 15: Walk: 15
2020-02-08_12:22:13.111[Battery Energy]116.01
2020-02-08_12:22:13.111[Status]Routing Start.
2020-02-08_12:22:13.444[Status]{'coordinate': [216.9007557046715, 763.6345652072705], 'id': 12}
2020-02-08_12:22:13.445[Status]Routing 16: Walk: 16
2020-02-08_12:22:13.550[Battery Energy]115.69
2020-02-08_12:22:13.550[Status]Routing Start.
2020-02-08_12:22:13.886[Status]{'coordinate': [226.89455293621347, 763.9867255327249], 'id': 12}
2020-02-08_12:22:13.888[Status]Routing 17: Walk: 17
2020-02-08_12:22:13.991[Battery Energy]115.37
2020-02-08_12:22:13.991[Status]Routing Start.
2020-02-08_12:22:14.319[Status]{'coordinate': [236.88835016775545, 764.3388858581793], 'id': 12}
2020-02-08_12:22:14.319[Status]Routing 18: Walk: 18
2020-02-08_12:22:14.420[Battery Energy]115.10
2020-02-08_12:22:14.420[Status]Routing Start.
2020-02-08_12:22:14.733[Status]{'coordinate': [246.88214739929742, 764.6910461836337], 'id': 12}
2020-02-08_12:22:14.733[Status]Routing 19: Walk: 19
2020-02-08_12:22:14.833[Battery Energy]114.82
2020-02-08_12:22:14.833[Status]Routing Start.
2020-02-08_12:22:15.152[Status]{'coordinate': [256.8759446308394, 765.0432065090881], 'id': 12}
2020-02-08_12:22:15.152[Status]Routing 20: Walk: 20
2020-02-08_12:22:15.258[Battery Energy]114.49
2020-02-08_12:22:15.258[Status]Routing Start.
2020-02-08_12:22:15.608[Status]{'coordinate': [266.8697418623814, 765.3953668345425], 'id': 12}
2020-02-08_12:22:15.608[Status]Routing 21: Walk: 21
2020-02-08_12:22:15.726[Battery Energy]114.18
2020-02-08_12:22:15.726[Status]Routing Start.
2020-02-08_12:22:16.070[Status]{'coordinate': [276.86353909392335, 765.7475271599969], 'id': 12}
2020-02-08_12:22:16.070[Status]Routing 22: Walk: 22
2020-02-08_12:22:16.178[Battery Energy]113.88
2020-02-08_12:22:16.178[Status]Routing Start.
2020-02-08_12:22:16.470[Status]{'coordinate': [286.8573363254653, 766.0996874854513], 'id': 12}
2020-02-08_12:22:16.470[Status]Routing 23: Walk: 23
2020-02-08_12:22:16.570[Battery Energy]113.57
2020-02-08_12:22:16.570[Status]Routing Start.
2020-02-08_12:22:16.885[Status]{'coordinate': [296.8511335570073, 766.4518478109057], 'id': 12}
2020-02-08_12:22:16.885[Status]Routing 24: Walk: 24
2020-02-08_12:22:16.986[Battery Energy]113.24
2020-02-08_12:22:16.986[Status]Routing Start.
2020-02-08_12:22:17.317[Status]{'coordinate': [306.8449307885493, 766.8040081363602], 'id': 12}
2020-02-08_12:22:17.317[Status]Routing 25: Walk: 25
2020-02-08_12:22:17.417[Battery Energy]112.93
2020-02-08_12:22:17.417[Status]Routing Start.
2020-02-08_12:22:17.739[Status]{'coordinate': [316.83872802009125, 767.1561684618146], 'id': 12}
2020-02-08_12:22:17.739[Status]Routing 26: Walk: 26
2020-02-08_12:22:17.839[Battery Energy]112.62
2020-02-08_12:22:17.839[Status]Routing Start.
2020-02-08_12:22:18.197[Status]{'coordinate': [326.83252525163323, 767.508328787269], 'id': 12}
2020-02-08_12:22:18.198[Status]Routing 27: Walk: 27
2020-02-08_12:22:18.306[Battery Energy]112.29
2020-02-08_12:22:18.306[Status]Routing Start.
2020-02-08_12:22:18.435[Status]{'coordinate': [336.8263224831752, 767.8604891127234], 'id': 12}
2020-02-08_12:22:18.435[Status]Routing 28: Walk: 28
2020-02-08_12:22:18.537[Battery Energy]112.08
2020-02-08_12:22:18.537[Status]Routing Start.
2020-02-08_12:22:18.853[Status]{'coordinate': [346.8201197147172, 768.2126494381778], 'id': 12}
2020-02-08_12:22:18.853[Status]Routing 29: Walk: 29
2020-02-08_12:22:18.953[Battery Energy]111.74
2020-02-08_12:22:18.954[Status]Routing Start.
2020-02-08_12:22:19.299[Status]{'coordinate': [356.81391694625916, 768.5648097636322], 'id': 12}
2020-02-08_12:22:19.299[Status]Routing 30: Walk: 30
2020-02-08_12:22:19.401[Battery Energy]111.44
2020-02-08_12:22:19.401[Status]Routing Start.
2020-02-08_12:22:19.739[Status]{'coordinate': [366.80771417780113, 768.9169700890866], 'id': 12}
2020-02-08_12:22:19.739[Status]Routing 31: Walk: 31
2020-02-08_12:22:19.845[Battery Energy]111.13
2020-02-08_12:22:19.845[Status]Routing Start.
2020-02-08_12:22:20.149[Status]{'coordinate': [376.8015114093431, 769.269130414541], 'id': 12}
2020-02-08_12:22:20.149[Status]Routing 32: Walk: 32
2020-02-08_12:22:20.250[Battery Energy]110.78
2020-02-08_12:22:20.250[Status]Routing Start.
2020-02-08_12:22:20.533[Status]{'coordinate': [386.7953086408851, 769.6212907399954], 'id': 12}
2020-02-08_12:22:20.533[Status]Routing 33: Walk: 33
2020-02-08_12:22:20.638[Battery Energy]110.47
2020-02-08_12:22:20.638[Status]Routing Start.
2020-02-08_12:22:21.064[Status]{'coordinate': [396.78910587242706, 769.9734510654498], 'id': 12}
2020-02-08_12:22:21.064[Status]Routing 34: Walk: 34
2020-02-08_12:22:21.169[Battery Energy]110.04
2020-02-08_12:22:21.169[Status]Routing Start.
2020-02-08_12:22:21.486[Status]{'coordinate': [406.78290310396903, 770.3256113909042], 'id': 12}
2020-02-08_12:22:21.486[Status]Routing 35: Walk: 35
2020-02-08_12:22:21.594[Battery Energy]109.73
2020-02-08_12:22:21.594[Status]Routing Start.
2020-02-08_12:22:21.927[Status]{'coordinate': [416.776700335511, 770.6777717163586], 'id': 12}
2020-02-08_12:22:21.927[Status]Routing 36: Walk: 36
2020-02-08_12:22:22.030[Battery Energy]109.39
2020-02-08_12:22:22.030[Status]Routing Start.
2020-02-08_12:22:22.462[Status]{'coordinate': [426.770497567053, 771.029932041813], 'id': 12}
2020-02-08_12:22:22.462[Status]Routing 37: Walk: 37
2020-02-08_12:22:22.566[Battery Energy]109.01
2020-02-08_12:22:22.566[Status]Routing Start.
2020-02-08_12:22:22.694[Status]{'coordinate': [436.76429479859496, 771.3820923672674], 'id': 12}
2020-02-08_12:22:22.694[Status]Routing 38: Walk: 38
2020-02-08_12:22:22.810[Battery Energy]108.80
2020-02-08_12:22:22.810[Status]Routing Start.
2020-02-08_12:22:22.997[Status]{'coordinate': [446.75809203013694, 771.7342526927218], 'id': 12}
2020-02-08_12:22:22.997[Status]Routing 39: Walk: 39
2020-02-08_12:22:23.106[Battery Energy]108.57
2020-02-08_12:22:23.106[Status]Routing Start.
2020-02-08_12:22:23.403[Status]{'coordinate': [456.7518892616789, 772.0864130181762], 'id': 12}
2020-02-08_12:22:23.403[Status]Routing 40: Walk: 40
2020-02-08_12:22:23.506[Battery Energy]108.27
2020-02-08_12:22:23.506[Status]Routing Start.
2020-02-08_12:22:23.790[Status]{'coordinate': [466.7456864932209, 772.4385733436307], 'id': 12}
2020-02-08_12:22:23.791[Status]Routing 41: Walk: 41
2020-02-08_12:22:23.891[Battery Energy]108.01
2020-02-08_12:22:23.891[Status]Routing Start.
2020-02-08_12:22:24.218[Status]{'coordinate': [476.73948372476286, 772.7907336690851], 'id': 12}
2020-02-08_12:22:24.219[Status]Routing 42: Walk: 42
2020-02-08_12:22:24.319[Battery Energy]107.65
2020-02-08_12:22:24.319[Status]Routing Start.
2020-02-08_12:22:24.462[Status]{'coordinate': [486.73328095630484, 773.1428939945395], 'id': 12}
2020-02-08_12:22:24.462[Status]Routing 43: Walk: 43
2020-02-08_12:22:24.586[Battery Energy]107.43
2020-02-08_12:22:24.586[Status]Routing Start.
2020-02-08_12:22:24.717[Status]{'coordinate': [496.7270781878468, 773.4950543199939], 'id': 12}
2020-02-08_12:22:24.717[Status]Routing 44: Walk: 44
2020-02-08_12:22:24.850[Battery Energy]107.21
2020-02-08_12:22:24.850[Status]Routing Start.
2020-02-08_12:22:25.007[Status]{'coordinate': [506.7208754193888, 773.8472146454483], 'id': 12}
2020-02-08_12:22:25.009[Status]Routing 45: Walk: 45
2020-02-08_12:22:25.114[Battery Energy]107.01
2020-02-08_12:22:25.114[Status]Routing Start.
2020-02-08_12:22:25.364[Status]{'coordinate': [516.7146726509308, 774.1993749709027], 'id': 12}
2020-02-08_12:22:25.365[Status]Routing 46: Walk: 46
2020-02-08_12:22:25.465[Battery Energy]106.74
2020-02-08_12:22:25.465[Status]Routing Start.
2020-02-08_12:22:25.791[Status]{'coordinate': [526.7084698824727, 774.5515352963571], 'id': 12}
2020-02-08_12:22:25.791[Status]Routing 47: Walk: 47
2020-02-08_12:22:25.898[Battery Energy]106.47
2020-02-08_12:22:25.898[Status]Routing Start.
2020-02-08_12:22:26.247[Status]{'coordinate': [536.7022671140147, 774.9036956218115], 'id': 12}
2020-02-08_12:22:26.247[Status]Routing 48: Walk: 48
2020-02-08_12:22:26.348[Battery Energy]106.15
2020-02-08_12:22:26.348[Status]Routing Start.
2020-02-08_12:22:26.631[Status]{'coordinate': [546.6960643455567, 775.2558559472659], 'id': 12}
2020-02-08_12:22:26.638[Status]Routing 49: Walk: 49
2020-02-08_12:22:26.738[Battery Energy]105.88
2020-02-08_12:22:26.738[Status]Routing Start.
2020-02-08_12:22:27.093[Status]{'coordinate': [556.6898615770987, 775.6080162727203], 'id': 12}
2020-02-08_12:22:27.094[Status]Routing 50: Walk: 50
2020-02-08_12:22:27.198[Battery Energy]105.62
2020-02-08_12:22:27.198[Status]Routing Start.
2020-02-08_12:22:27.501[Status]{'coordinate': [566.6836588086406, 775.9601765981747], 'id': 12}
2020-02-08_12:22:27.502[Status]Routing 51: Walk: 51
2020-02-08_12:22:27.605[Battery Energy]105.31
2020-02-08_12:22:27.605[Status]Routing Start.
2020-02-08_12:22:27.931[Status]{'coordinate': [576.6774560401826, 776.3123369236291], 'id': 12}
2020-02-08_12:22:27.931[Status]Routing 52: Walk: 52
2020-02-08_12:22:28.031[Battery Energy]105.01
2020-02-08_12:22:28.031[Status]Routing Start.
2020-02-08_12:22:28.342[Status]{'coordinate': [586.6712532717246, 776.6644972490835], 'id': 12}
2020-02-08_12:22:28.342[Status]Routing 53: Walk: 53
2020-02-08_12:22:28.442[Battery Energy]104.71
2020-02-08_12:22:28.442[Status]Routing Start.
2020-02-08_12:22:28.761[Status]{'coordinate': [596.6650505032666, 777.0166575745379], 'id': 12}
2020-02-08_12:22:28.762[Status]Routing 54: Walk: 54
2020-02-08_12:22:28.866[Battery Energy]104.40
2020-02-08_12:22:28.866[Status]Routing Start.
2020-02-08_12:22:29.007[Status]{'coordinate': [606.6588477348085, 777.3688178999923], 'id': 12}
2020-02-08_12:22:29.012[Status]Routing 55: Walk: 55
2020-02-08_12:22:29.113[Battery Energy]104.21
2020-02-08_12:22:29.113[Status]Routing Start.
2020-02-08_12:22:29.289[Status]{'coordinate': [616.6526449663505, 777.7209782254467], 'id': 12}
2020-02-08_12:22:29.289[Status]Routing 56: Walk: 56
2020-02-08_12:22:29.398[Battery Energy]103.97
2020-02-08_12:22:29.398[Status]Routing Start.
2020-02-08_12:22:29.542[Status]{'coordinate': [626.6464421978925, 778.0731385509011], 'id': 12}
2020-02-08_12:22:29.542[Status]Routing 57: Walk: 57
2020-02-08_12:22:29.643[Battery Energy]103.76
2020-02-08_12:22:29.643[Status]Routing Start.
2020-02-08_12:22:29.970[Status]{'coordinate': [636.6402394294345, 778.4252988763556], 'id': 12}
2020-02-08_12:22:29.970[Status]Routing 58: Walk: 58
2020-02-08_12:22:30.082[Battery Energy]103.42
2020-02-08_12:22:30.082[Status]Routing Start.
2020-02-08_12:22:30.230[Status]{'coordinate': [646.6340366609764, 778.77745920181], 'id': 12}
2020-02-08_12:22:30.230[Status]Routing 59: Walk: 59
2020-02-08_12:22:30.338[Battery Energy]103.20
2020-02-08_12:22:30.338[Status]Routing Start.
2020-02-08_12:22:30.632[Status]{'coordinate': [656.6278338925184, 779.1296195272644], 'id': 12}
2020-02-08_12:22:30.639[Status]Routing 60: Walk: 60
2020-02-08_12:22:30.750[Battery Energy]102.88
2020-02-08_12:22:30.750[Status]Routing Start.
2020-02-08_12:22:30.898[Status]{'coordinate': [666.6216311240604, 779.4817798527188], 'id': 12}
2020-02-08_12:22:30.898[Status]Routing 61: Walk: 61
2020-02-08_12:22:31.006[Battery Energy]102.68
2020-02-08_12:22:31.006[Status]Routing Start.
2020-02-08_12:22:31.322[Status]{'coordinate': [676.6154283556024, 779.8339401781732], 'id': 12}
2020-02-08_12:22:31.322[Status]Routing 62: Walk: 62
2020-02-08_12:22:31.422[Battery Energy]102.37
2020-02-08_12:22:31.422[Status]Routing Start.
2020-02-08_12:22:31.752[Status]{'coordinate': [686.6092255871444, 780.1861005036276], 'id': 12}
2020-02-08_12:22:31.753[Status]Routing 63: Walk: 63
2020-02-08_12:22:31.854[Battery Energy]102.06
2020-02-08_12:22:31.854[Status]Routing Start.
2020-02-08_12:22:32.155[Status]{'coordinate': [696.6030228186863, 780.538260829082], 'id': 12}
2020-02-08_12:22:32.156[Status]Routing 64: Walk: 64
2020-02-08_12:22:32.256[Battery Energy]101.79
2020-02-08_12:22:32.256[Status]Routing Start.
2020-02-08_12:22:32.422[Status]{'coordinate': [706.5968200502283, 780.8904211545364], 'id': 12}
2020-02-08_12:22:32.422[Status]Routing 65: Walk: 65
2020-02-08_12:22:32.522[Battery Energy]101.56
2020-02-08_12:22:32.522[Status]Routing Start.
2020-02-08_12:22:32.683[Status]{'coordinate': [716.5906172817703, 781.2425814799908], 'id': 12}
2020-02-08_12:22:32.683[Status]Routing 66: Walk: 66
2020-02-08_12:22:32.790[Battery Energy]101.37
2020-02-08_12:22:32.790[Status]Routing Start.
2020-02-08_12:22:32.960[Status]{'coordinate': [726.5844145133123, 781.5947418054452], 'id': 12}
2020-02-08_12:22:32.960[Status]Routing 67: Walk: 67
2020-02-08_12:22:33.060[Battery Energy]101.15
2020-02-08_12:22:33.060[Status]Routing Start.
2020-02-08_12:22:33.236[Status]{'coordinate': [736.5782117448542, 781.9469021308996], 'id': 12}
2020-02-08_12:22:33.236[Status]Routing 68: Walk: 68
2020-02-08_12:22:33.338[Battery Energy]100.94
2020-02-08_12:22:33.338[Status]Routing Start.
2020-02-08_12:22:33.579[Status]{'coordinate': [746.5720089763962, 782.299062456354], 'id': 12}
2020-02-08_12:22:33.579[Status]Routing 69: Walk: 69
2020-02-08_12:22:33.680[Battery Energy]100.69
2020-02-08_12:22:33.680[Status]Routing Start.
2020-02-08_12:22:33.866[Status]{'coordinate': [756.5658062079382, 782.6512227818084], 'id': 12}
2020-02-08_12:22:33.866[Status]Routing 70: Walk: 70
2020-02-08_12:22:33.967[Battery Energy]100.46
2020-02-08_12:22:33.967[Status]Routing Start.
2020-02-08_12:22:34.125[Status]{'coordinate': [766.5596034394802, 783.0033831072628], 'id': 12}
2020-02-08_12:22:34.125[Status]Routing 71: Walk: 71
2020-02-08_12:22:34.225[Battery Energy]100.29
2020-02-08_12:22:34.225[Status]Routing Start.
2020-02-08_12:22:34.377[Status]{'coordinate': [776.5534006710221, 783.3555434327172], 'id': 12}
2020-02-08_12:22:34.377[Status]Routing 72: Walk: 72
2020-02-08_12:22:34.482[Battery Energy]100.10
2020-02-08_12:22:34.482[Status]Routing Start.
2020-02-08_12:22:34.634[Status]{'coordinate': [786.5471979025641, 783.7077037581716], 'id': 12}
2020-02-08_12:22:34.634[Status]Routing 73: Walk: 73
2020-02-08_12:22:34.738[Battery Energy]99.89
2020-02-08_12:22:34.738[Status]Routing Start.
2020-02-08_12:22:34.901[Status]{'coordinate': [796.5409951341061, 784.059864083626], 'id': 12}
2020-02-08_12:22:34.901[Status]Routing 74: Walk: 74
2020-02-08_12:22:35.002[Battery Energy]99.66
2020-02-08_12:22:35.002[Status]Routing Start.
2020-02-08_12:22:35.187[Status]{'coordinate': [806.5347923656481, 784.4120244090805], 'id': 12}
2020-02-08_12:22:35.187[Status]Routing 75: Walk: 75
2020-02-08_12:22:35.302[Battery Energy]99.45
2020-02-08_12:22:35.302[Status]Routing Start.
2020-02-08_12:22:35.427[Status]{'coordinate': [816.52858959719, 784.7641847345349], 'id': 12}
2020-02-08_12:22:35.427[Status]Routing 76: Walk: 76
2020-02-08_12:22:35.538[Battery Energy]99.23
2020-02-08_12:22:35.538[Status]Routing Start.
2020-02-08_12:22:35.693[Status]{'coordinate': [826.522386828732, 785.1163450599893], 'id': 12}
2020-02-08_12:22:35.693[Status]Routing 77: Walk: 77
2020-02-08_12:22:35.802[Battery Energy]99.04
2020-02-08_12:22:35.802[Status]Routing Start.
2020-02-08_12:22:36.127[Status]{'coordinate': [836.516184060274, 785.4685053854437], 'id': 12}
2020-02-08_12:22:36.127[Status]Routing 78: Walk: 78
2020-02-08_12:22:36.228[Battery Energy]98.69
2020-02-08_12:22:36.228[Status]Routing Start.
2020-02-08_12:22:36.373[Status]{'coordinate': [846.509981291816, 785.8206657108981], 'id': 12}
2020-02-08_12:22:36.373[Status]Routing 79: Walk: 79
2020-02-08_12:22:36.489[Battery Energy]98.48
2020-02-08_12:22:36.489[Status]Routing Start.
2020-02-08_12:22:36.636[Status]{'coordinate': [856.5037785233579, 786.1728260363525], 'id': 12}
2020-02-08_12:22:36.636[Status]Routing 80: Walk: 80
2020-02-08_12:22:36.742[Battery Energy]98.28
2020-02-08_12:22:36.742[Status]Routing Start.
2020-02-08_12:22:36.884[Status]{'coordinate': [866.4975757548999, 786.5249863618069], 'id': 12}
2020-02-08_12:22:36.886[Status]Routing 81: Walk: 81
2020-02-08_12:22:36.990[Battery Energy]98.08
2020-02-08_12:22:36.990[Status]Routing Start.
2020-02-08_12:22:37.141[Status]{'coordinate': [876.4913729864419, 786.8771466872613], 'id': 12}
2020-02-08_12:22:37.143[Status]Routing 82: Walk: 82
2020-02-08_12:22:37.243[Battery Energy]97.85
2020-02-08_12:22:37.243[Status]Routing Start.
2020-02-08_12:22:37.384[Status]{'coordinate': [886.4851702179839, 787.2293070127157], 'id': 12}
2020-02-08_12:22:37.389[Status]Routing 83: Walk: 83
2020-02-08_12:22:37.498[Battery Energy]97.66
2020-02-08_12:22:37.498[Status]Routing Start.
2020-02-08_12:22:37.648[Status]{'coordinate': [896.4789674495258, 787.5814673381701], 'id': 12}
2020-02-08_12:22:37.648[Status]Routing 84: Walk: 84
2020-02-08_12:22:37.751[Battery Energy]97.43
2020-02-08_12:22:37.751[Status]Routing Start.
2020-02-08_12:22:38.052[Status]{'coordinate': [906.4727646810678, 787.9336276636245], 'id': 12}
2020-02-08_12:22:38.053[Status]Routing 85: Walk: 85
2020-02-08_12:22:38.153[Battery Energy]97.17
2020-02-08_12:22:38.153[Status]Routing Start.
2020-02-08_12:22:38.305[Status]{'coordinate': [916.4665619126098, 788.2857879890789], 'id': 12}
2020-02-08_12:22:38.306[Status]Routing 86: Walk: 86
2020-02-08_12:22:38.422[Battery Energy]96.97
2020-02-08_12:22:38.422[Status]Routing Start.
2020-02-08_12:22:38.577[Status]{'coordinate': [926.4603591441518, 788.6379483145333], 'id': 12}
2020-02-08_12:22:38.577[Status]Routing 87: Walk: 87
2020-02-08_12:22:38.677[Battery Energy]96.76
2020-02-08_12:22:38.677[Status]Routing Start.
2020-02-08_12:22:38.820[Status]{'coordinate': [936.4541563756937, 788.9901086399877], 'id': 12}
2020-02-08_12:22:38.821[Status]Routing 88: Walk: 88
2020-02-08_12:22:38.930[Battery Energy]96.56
2020-02-08_12:22:38.930[Status]Routing Start.
2020-02-08_12:22:39.085[Status]{'coordinate': [946.4479536072357, 789.3422689654421], 'id': 12}
2020-02-08_12:22:39.085[Status]Routing 89: Walk: 89
2020-02-08_12:22:39.185[Battery Energy]96.34
2020-02-08_12:22:39.185[Status]Routing Start.
2020-02-08_12:22:39.369[Status]{'coordinate': [956.4417508387777, 789.6944292908966], 'id': 12}
2020-02-08_12:22:39.370[Status]Routing 90: Walk: 90
2020-02-08_12:22:39.470[Battery Energy]96.13
2020-02-08_12:22:39.470[Status]Routing Start.
2020-02-08_12:22:39.627[Status]{'coordinate': [966.4355480703197, 790.046589616351], 'id': 12}
2020-02-08_12:22:39.627[Status]Routing 91: Walk: 91
2020-02-08_12:22:39.742[Battery Energy]95.93
2020-02-08_12:22:39.742[Status]Routing Start.
2020-02-08_12:22:39.886[Status]{'coordinate': [976.4293453018616, 790.3987499418054], 'id': 12}
2020-02-08_12:22:39.886[Status]Routing 92: Walk: 92
2020-02-08_12:22:39.989[Battery Energy]95.72
2020-02-08_12:22:39.990[Status]Routing Start.
2020-02-08_12:22:40.147[Status]{'coordinate': [986.4231425334036, 790.7509102672598], 'id': 12}
2020-02-08_12:22:40.148[Status]Routing 93: Walk: 93
2020-02-08_12:22:40.248[Battery Energy]95.50
2020-02-08_12:22:40.248[Status]Routing Start.
2020-02-08_12:22:40.418[Status]{'coordinate': [996.4169397649456, 791.1030705927142], 'id': 12}
2020-02-08_12:22:40.418[Status]Routing 94: Walk: 94
2020-02-08_12:22:40.518[Battery Energy]95.29
2020-02-08_12:22:40.518[Status]Routing Start.
2020-02-08_12:22:40.674[Status]{'coordinate': [1006.4107369964876, 791.4552309181686], 'id': 12}
2020-02-08_12:22:40.674[Status]Routing 95: Walk: 95
2020-02-08_12:22:40.774[Battery Energy]95.09
2020-02-08_12:22:40.774[Status]Routing Start.
2020-02-08_12:22:40.932[Status]{'coordinate': [1016.4045342280295, 791.807391243623], 'id': 12}
2020-02-08_12:22:40.932[Status]Routing 96: Walk: 96
2020-02-08_12:22:41.032[Battery Energy]94.87
2020-02-08_12:22:41.033[Status]Routing Start.
2020-02-08_12:22:41.178[Status]{'coordinate': [1026.3983314595714, 792.1595515690774], 'id': 12}
2020-02-08_12:22:41.178[Status]Routing 97: Walk: 97
2020-02-08_12:22:41.278[Battery Energy]94.68
2020-02-08_12:22:41.279[Status]Routing Start.
2020-02-08_12:22:41.554[Status]{'coordinate': [1036.3921286911134, 792.5117118945318], 'id': 12}
2020-02-08_12:22:41.554[Status]Routing 98: Walk: 98
2020-02-08_12:22:41.662[Battery Energy]94.46
2020-02-08_12:22:41.662[Status]Routing Start.
2020-02-08_12:22:41.804[Status]{'coordinate': [1046.3859259226554, 792.8638722199862], 'id': 12}
2020-02-08_12:22:41.805[Status]Routing 99: Walk: 99
2020-02-08_12:22:41.905[Battery Energy]94.24
2020-02-08_12:22:41.905[Status]Routing Start.
2020-02-08_12:22:42.197[Status]{'coordinate': [1056.3797231541973, 793.2160325454406], 'id': 12}
2020-02-08_12:22:42.197[Status]Routing 100: Walk: 100
2020-02-08_12:22:42.302[Battery Energy]93.96
2020-02-08_12:22:42.302[Status]Routing Start.
2020-02-08_12:22:42.640[Status]{'coordinate': [1066.3735203857393, 793.568192870895], 'id': 12}
2020-02-08_12:22:42.640[Status]Routing 101: Walk: 101
2020-02-08_12:22:42.740[Battery Energy]93.64
2020-02-08_12:22:42.740[Status]Routing Start.
2020-02-08_12:22:42.908[Status]{'coordinate': [1076.3673176172813, 793.9203531963494], 'id': 12}
2020-02-08_12:22:42.908[Status]Routing 102: Walk: 102
2020-02-08_12:22:43.009[Battery Energy]93.42
2020-02-08_12:22:43.009[Status]Routing Start.
2020-02-08_12:22:43.324[Status]{'coordinate': [1086.3611148488233, 794.2725135218038], 'id': 12}
2020-02-08_12:22:43.325[Status]Routing 103: Walk: 103
2020-02-08_12:22:43.426[Battery Energy]93.13
2020-02-08_12:22:43.426[Status]Routing Start.
2020-02-08_12:22:43.575[Status]{'coordinate': [1096.3549120803652, 794.6246738472582], 'id': 12}
2020-02-08_12:22:43.576[Status]Routing 104: Walk: 104
2020-02-08_12:22:43.678[Battery Energy]92.93
2020-02-08_12:22:43.678[Status]Routing Start.
2020-02-08_12:22:43.821[Status]{'coordinate': [1106.3487093119072, 794.9768341727126], 'id': 12}
2020-02-08_12:22:43.821[Status]Routing 105: Walk: 105
2020-02-08_12:22:43.921[Battery Energy]92.73
2020-02-08_12:22:43.922[Status]Routing Start.
2020-02-08_12:22:44.173[Status]{'coordinate': [1116.3425065434492, 795.328994498167], 'id': 12}
2020-02-08_12:22:44.174[Status]Routing 106: Walk: 106
2020-02-08_12:22:44.274[Battery Energy]92.45
2020-02-08_12:22:44.274[Status]Routing Start.
2020-02-08_12:22:44.600[Status]{'coordinate': [1126.3363037749912, 795.6811548236215], 'id': 12}
2020-02-08_12:22:44.602[Status]Routing 107: Walk: 107
2020-02-08_12:22:44.703[Battery Energy]92.14
2020-02-08_12:22:44.704[Status]Routing Start.
2020-02-08_12:22:45.037[Status]{'coordinate': [1136.3301010065331, 796.0333151490757], 'id': 12}
2020-02-08_12:22:45.037[Status]Routing 108: Walk: 108
2020-02-08_12:22:45.137[Battery Energy]91.84
2020-02-08_12:22:45.137[Status]Routing Start.
2020-02-08_12:22:45.444[Status]{'coordinate': [1146.3238982380751, 796.3854754745302], 'id': 12}
2020-02-08_12:22:45.444[Status]Routing 109: Walk: 109
2020-02-08_12:22:45.550[Battery Energy]91.56
2020-02-08_12:22:45.550[Status]Routing Start.
2020-02-08_12:22:45.836[Status]{'coordinate': [1156.317695469617, 796.7376357999844], 'id': 12}
2020-02-08_12:22:45.836[Status]Routing 110: Walk: 110
2020-02-08_12:22:45.957[Battery Energy]91.29
2020-02-08_12:22:45.958[Status]Routing Start.
2020-02-08_12:22:46.127[Status]{'coordinate': [1166.311492701159, 797.0897961254389], 'id': 12}
2020-02-08_12:22:46.127[Status]Routing 111: Walk: 111
2020-02-08_12:22:46.238[Battery Energy]91.05
2020-02-08_12:22:46.238[Status]Routing Start.
2020-02-08_12:22:46.464[Status]{'coordinate': [1176.305289932701, 797.4419564508931], 'id': 12}
2020-02-08_12:22:46.464[Status]Routing 112: Walk: 112
2020-02-08_12:22:46.567[Battery Energy]90.80
2020-02-08_12:22:46.567[Status]Routing Start.
2020-02-08_12:22:46.567[Status]Task Finished.
2020-02-08_12:22:46.667[Battery Energy]90.80
2020-02-08_12:22:46.781[Status]Routing 114: Walk: 112
2020-02-08_12:22:46.882[Battery Energy]90.72
2020-02-08_12:22:47.054[Status]Routing 115: Walk: 112
2020-02-08_12:22:47.174[Battery Energy]90.62
2020-02-08_12:22:47.323[Status]Routing 116: Walk: 112
2020-02-08_12:22:47.430[Battery Energy]90.49
2020-02-08_12:22:47.585[Status]Routing 117: Walk: 112
2020-02-08_12:22:47.690[Battery Energy]90.40
2020-02-08_12:22:47.981[Status]Routing 118: Walk: 112
2020-02-08_12:22:48.081[Battery Energy]90.22
2020-02-08_12:22:48.226[Status]Routing 119: Walk: 112
2020-02-08_12:22:48.342[Battery Energy]90.10
2020-02-08_12:22:48.494[Status]Routing 120: Walk: 112
2020-02-08_12:22:48.602[Battery Energy]89.98
2020-02-08_12:22:48.873[Status]Routing 121: Walk: 112
2020-02-08_12:22:48.982[Battery Energy]89.79
2020-02-08_12:22:49.126[Status]Routing 122: Walk: 112
2020-02-08_12:22:49.227[Battery Energy]89.69
2020-02-08_12:22:49.573[Status]Routing 123: Walk: 112
2020-02-08_12:22:49.673[Battery Energy]89.49
2020-02-08_12:22:50.002[Status]Routing 124: Walk: 112
2020-02-08_12:22:50.113[Battery Energy]89.28
2020-02-08_12:22:50.455[Status]Routing 125: Walk: 112
2020-02-08_12:22:50.578[Battery Energy]89.05
2020-02-08_12:22:50.696[Status]Routing 126: Walk: 112
2020-02-08_12:22:50.802[Battery Energy]88.98
2020-02-08_12:22:51.034[Status]Routing 127: Walk: 112
2020-02-08_12:22:51.142[Battery Energy]88.80
2020-02-08_12:22:51.308[Status]Routing 128: Walk: 112
2020-02-08_12:22:51.410[Battery Energy]88.68
2020-02-08_12:22:51.810[Status]Routing 129: Walk: 112
2020-02-08_12:22:51.918[Battery Energy]88.43
2020-02-08_12:22:52.217[Status]Routing 130: Walk: 112
2020-02-08_12:22:52.317[Battery Energy]88.26
2020-02-08_12:22:52.702[Status]Routing 131: Walk: 112
2020-02-08_12:22:52.804[Battery Energy]88.01
2020-02-08_12:22:53.066[Status]Routing 132: Walk: 112
2020-02-08_12:22:53.167[Battery Energy]87.83
2020-02-08_12:22:53.502[Status]Routing 133: Walk: 112
2020-02-08_12:22:53.606[Battery Energy]87.57
2020-02-08_12:22:53.930[Status]Routing 134: Walk: 112
2020-02-08_12:22:54.041[Battery Energy]87.36
2020-02-08_12:22:54.336[Status]Routing 135: Walk: 112
2020-02-08_12:22:54.450[Battery Energy]87.14
2020-02-08_12:22:54.685[Status]Routing 136: Walk: 112
2020-02-08_12:22:54.798[Battery Energy]86.98
2020-02-08_12:22:55.076[Status]Routing 137: Walk: 112
2020-02-08_12:22:55.186[Battery Energy]86.78
2020-02-08_12:22:55.321[Status]Routing 138: Walk: 112
2020-02-08_12:22:55.430[Battery Energy]86.67
2020-02-08_12:22:55.579[Status]Routing 139: Walk: 112
2020-02-08_12:22:55.690[Battery Energy]86.56
2020-02-08_12:22:55.913[Status]Routing 140: Walk: 112
2020-02-08_12:22:56.024[Battery Energy]86.39
2020-02-08_12:22:56.159[Status]Routing 141: Walk: 112
2020-02-08_12:22:56.259[Battery Energy]86.29
2020-02-08_12:22:56.446[Status]Routing 142: Walk: 112
2020-02-08_12:22:56.546[Battery Energy]86.19
2020-02-08_12:22:56.675[Status]Routing 143: Walk: 112
2020-02-08_12:22:56.778[Battery Energy]86.11
2020-02-08_12:22:56.936[Status]Routing 144: Walk: 112
2020-02-08_12:22:57.037[Battery Energy]85.99
2020-02-08_12:22:57.173[Status]Routing 145: Walk: 112
2020-02-08_12:22:57.282[Battery Energy]85.88
2020-02-08_12:22:57.406[Status]Routing 146: Walk: 112
2020-02-08_12:22:57.514[Battery Energy]85.78
2020-02-08_12:22:57.682[Status]Routing 147: Walk: 112
2020-02-08_12:22:57.792[Battery Energy]85.67
2020-02-08_12:22:57.917[Status]Routing 148: Walk: 112
2020-02-08_12:22:58.022[Battery Energy]85.57
2020-02-08_12:22:58.162[Status]Routing 149: Walk: 112
2020-02-08_12:22:58.264[Battery Energy]85.47
2020-02-08_12:22:58.422[Status]Routing 150: Walk: 112
2020-02-08_12:22:58.523[Battery Energy]85.38
2020-02-08_12:22:58.683[Status]Routing 151: Walk: 112
2020-02-08_12:22:58.783[Battery Energy]85.28
2020-02-08_12:22:58.932[Status]Routing 152: Walk: 112
2020-02-08_12:22:59.033[Battery Energy]85.17
2020-02-08_12:22:59.192[Status]Routing 153: Walk: 112
2020-02-08_12:22:59.302[Battery Energy]85.09
2020-02-08_12:22:59.430[Status]Routing 154: Walk: 112
2020-02-08_12:22:59.550[Battery Energy]84.99
2020-02-08_12:22:59.691[Status]Routing 155: Walk: 112
2020-02-08_12:22:59.793[Battery Energy]84.86
2020-02-08_12:22:59.952[Status]Routing 156: Walk: 112
2020-02-08_12:23:00.054[Battery Energy]84.75
2020-02-08_12:23:00.215[Status]Routing 157: Walk: 112
2020-02-08_12:23:00.315[Battery Energy]84.64
2020-02-08_12:23:00.496[Status]Routing 158: Walk: 112
2020-02-08_12:23:00.598[Battery Energy]84.53
2020-02-08_12:23:00.770[Status]Routing 159: Walk: 112
2020-02-08_12:23:00.876[Battery Energy]84.40
2020-02-08_12:23:01.077[Status]Routing 160: Walk: 112
2020-02-08_12:23:01.181[Battery Energy]84.27
