2020-02-08_12:21:55.821[Status]Start.
2020-02-08_12:21:55.825[Battery Energy]123.00
2020-02-08_12:21:56.926[Battery Energy]122.96
2020-02-08_12:21:58.027[Battery Energy]122.92
2020-02-08_12:21:59.129[Battery Energy]122.88
2020-02-08_12:22:00.230[Battery Energy]122.84
2020-02-08_12:22:01.331[Task]A New Task Released.
2020-02-08_12:22:01.331[Battery Energy]122.80
2020-02-08_12:22:01.331[Status]Selection Start.
2020-02-08_12:22:07.313[Status]Selection End: Do Task 0.
2020-02-08_12:22:07.413[Battery Energy]118.35
2020-02-08_12:22:07.413[Status]Formation Start.
2020-02-08_12:22:07.583[Status]number of tasks is 7
2020-02-08_12:22:07.584[Status]my group tasks is [ 525.  475.]
2020-02-08_12:22:07.588[Status]my group tasks is [ 449.69796037  631.36629649]
2020-02-08_12:22:07.592[Status]my group tasks is [ 280.49581321  669.98558244]
2020-02-08_12:22:07.598[Status]my group tasks is [ 144.80622642  561.77674782]
2020-02-08_12:22:07.602[Status]my group tasks is [ 144.80622642  388.22325218]
2020-02-08_12:22:07.606[Status]my group tasks is [ 280.49581321  280.01441756]
2020-02-08_12:22:07.611[Status]my group tasks is [ 449.69796037  318.63370351]
2020-02-08_12:22:07.656[Status]mygroup_robots_utility is {1: [32.34270563257427, 33.015447405333305, 36.41183291399482, 37.76677699745089, 43.21931157034518, 44.911432074896304, 31.224083421741376], 2: [33.578883331079304, 34.777275466672336, 35.08180709733934, 38.70376869291566, 39.3166064929303, 90.62852086462907, 46.21056593511067], 3: [36.241101572692, 86.32551689736214, 31.79644913093721, 36.28951599327828, 43.10702925605191, 30.335610740626677, 31.82063023331188], 4: [32.75811286405169, 33.75912853365558, 39.90052519340955, 60.242023534647004, 76.66656014195594, 30.451029072349435, 44.482232719450714], 5: [65.23329504061428, 34.24748648342535, 39.42575616318219, 72.27005166467508, 42.527489452626114, 93.58940092670363, 31.995810039765892], 6: [67.66432306200323, 37.563839888011174, 26.87879849395251, 27.766668004073203, 28.93479770700928, 78.9564904347584, 31.587917910348555], 7: [32.819154274475785, 32.13595375241445, 36.38948017615555, 46.830533103974645, 68.62547615919549, 42.82618475323189, 78.81070420220388]}
2020-02-08_12:22:07.656[Status]self.local_queue is [1, 2, 3, 4, 5, 6, 7]
2020-02-08_12:22:07.656[Status]task_chosen index is 5
2020-02-08_12:22:07.656[Status]task_chosen index is 6
2020-02-08_12:22:07.657[Status]task_chosen index is 1
2020-02-08_12:22:07.657[Status]myindex_in_queue is 1
2020-02-08_12:22:07.657[Status]task destination is [449.6979603717467, 631.366296493606]
2020-02-08_12:22:07.757[Battery Energy]118.14
2020-02-08_12:22:07.757[Status]Routing Start.
2020-02-08_12:22:07.915[Status]{'id': 3, 'coordinate': [148.69434194088674, 707.5464853101797]}
2020-02-08_12:22:07.915[Status]Routing 1: Walk: 1
2020-02-08_12:22:08.026[Battery Energy]117.91
2020-02-08_12:22:08.026[Status]Routing Start.
2020-02-08_12:22:08.160[Status]{'id': 3, 'coordinate': [158.3886838817735, 705.0929706203594]}
2020-02-08_12:22:08.161[Status]Routing 2: Walk: 2
2020-02-08_12:22:08.266[Battery Energy]117.72
2020-02-08_12:22:08.266[Status]Routing Start.
2020-02-08_12:22:08.408[Status]{'id': 3, 'coordinate': [168.08302582266023, 702.6394559305392]}
2020-02-08_12:22:08.408[Status]Routing 3: Walk: 3
2020-02-08_12:22:08.508[Battery Energy]117.53
2020-02-08_12:22:08.508[Status]Routing Start.
2020-02-08_12:22:08.672[Status]{'id': 3, 'coordinate': [177.77736776354698, 700.1859412407189]}
2020-02-08_12:22:08.672[Status]Routing 4: Walk: 4
2020-02-08_12:22:08.785[Battery Energy]117.30
2020-02-08_12:22:08.786[Status]Routing Start.
2020-02-08_12:22:08.936[Status]{'id': 3, 'coordinate': [187.47170970443372, 697.7324265508986]}
2020-02-08_12:22:08.936[Status]Routing 5: Walk: 5
2020-02-08_12:22:09.036[Battery Energy]117.09
2020-02-08_12:22:09.036[Status]Routing Start.
2020-02-08_12:22:09.208[Status]{'id': 3, 'coordinate': [197.16605164532047, 695.2789118610783]}
2020-02-08_12:22:09.209[Status]Routing 6: Walk: 6
2020-02-08_12:22:09.309[Battery Energy]116.87
2020-02-08_12:22:09.309[Status]Routing Start.
2020-02-08_12:22:09.601[Status]{'id': 3, 'coordinate': [206.8603935862072, 692.825397171258]}
2020-02-08_12:22:09.602[Status]Routing 7: Walk: 7
2020-02-08_12:22:09.702[Battery Energy]116.58
2020-02-08_12:22:09.702[Status]Routing Start.
2020-02-08_12:22:10.009[Status]{'id': 3, 'coordinate': [216.55473552709395, 690.3718824814378]}
2020-02-08_12:22:10.009[Status]Routing 8: Walk: 8
2020-02-08_12:22:10.109[Battery Energy]116.27
2020-02-08_12:22:10.109[Status]Routing Start.
2020-02-08_12:22:10.441[Status]{'id': 3, 'coordinate': [226.2490774679807, 687.9183677916175]}
2020-02-08_12:22:10.441[Status]Routing 9: Walk: 9
2020-02-08_12:22:10.541[Battery Energy]115.94
2020-02-08_12:22:10.541[Status]Routing Start.
2020-02-08_12:22:10.870[Status]{'id': 3, 'coordinate': [235.94341940886744, 685.4648531017972]}
2020-02-08_12:22:10.870[Status]Routing 10: Walk: 10
2020-02-08_12:22:10.974[Battery Energy]115.63
2020-02-08_12:22:10.974[Status]Routing Start.
2020-02-08_12:22:11.298[Status]{'id': 3, 'coordinate': [245.6377613497542, 683.0113384119769]}
2020-02-08_12:22:11.298[Status]Routing 11: Walk: 11
2020-02-08_12:22:11.399[Battery Energy]115.33
2020-02-08_12:22:11.399[Status]Routing Start.
2020-02-08_12:22:11.898[Status]{'id': 3, 'coordinate': [255.33210329064093, 680.5578237221566]}
2020-02-08_12:22:11.898[Status]Routing 12: Walk: 12
2020-02-08_12:22:12.002[Battery Energy]114.83
2020-02-08_12:22:12.002[Status]Routing Start.
2020-02-08_12:22:12.263[Status]{'id': 3, 'coordinate': [265.0264452315277, 678.1043090323363]}
2020-02-08_12:22:12.264[Status]Routing 13: Walk: 13
2020-02-08_12:22:12.365[Battery Energy]114.50
2020-02-08_12:22:12.365[Status]Routing Start.
2020-02-08_12:22:12.710[Status]{'id': 3, 'coordinate': [274.7207871724145, 675.6507943425161]}
2020-02-08_12:22:12.719[Status]Routing 14: Walk: 14
2020-02-08_12:22:12.819[Battery Energy]114.14
2020-02-08_12:22:12.819[Status]Routing Start.
2020-02-08_12:22:12.995[Status]{'id': 3, 'coordinate': [284.41512911330125, 673.1972796526958]}
2020-02-08_12:22:12.995[Status]Routing 15: Walk: 15
2020-02-08_12:22:13.095[Battery Energy]113.88
2020-02-08_12:22:13.095[Status]Routing Start.
2020-02-08_12:22:13.442[Status]{'id': 3, 'coordinate': [294.109471054188, 670.7437649628755]}
2020-02-08_12:22:13.442[Status]Routing 16: Walk: 16
2020-02-08_12:22:13.542[Battery Energy]113.52
2020-02-08_12:22:13.543[Status]Routing Start.
2020-02-08_12:22:13.890[Status]{'id': 3, 'coordinate': [303.8038129950748, 668.2902502730552]}
2020-02-08_12:22:13.890[Status]Routing 17: Walk: 17
2020-02-08_12:22:13.997[Battery Energy]113.19
2020-02-08_12:22:13.997[Status]Routing Start.
2020-02-08_12:22:14.325[Status]{'id': 3, 'coordinate': [313.49815493596157, 665.8367355832348]}
2020-02-08_12:22:14.325[Status]Routing 18: Walk: 18
2020-02-08_12:22:14.425[Battery Energy]112.92
2020-02-08_12:22:14.425[Status]Routing Start.
2020-02-08_12:22:14.732[Status]{'id': 3, 'coordinate': [323.19249687684834, 663.3832208934145]}
2020-02-08_12:22:14.732[Status]Routing 19: Walk: 19
2020-02-08_12:22:14.842[Battery Energy]112.62
2020-02-08_12:22:14.842[Status]Routing Start.
2020-02-08_12:22:15.169[Status]{'id': 3, 'coordinate': [332.8868388177351, 660.9297062035942]}
2020-02-08_12:22:15.169[Status]Routing 20: Walk: 20
2020-02-08_12:22:15.276[Battery Energy]112.33
2020-02-08_12:22:15.276[Status]Routing Start.
2020-02-08_12:22:15.605[Status]{'id': 3, 'coordinate': [342.5811807586219, 658.4761915137738]}
2020-02-08_12:22:15.605[Status]Routing 21: Walk: 21
2020-02-08_12:22:15.706[Battery Energy]112.06
2020-02-08_12:22:15.706[Status]Routing Start.
2020-02-08_12:22:16.065[Status]{'id': 3, 'coordinate': [352.27552269950866, 656.0226768239535]}
2020-02-08_12:22:16.065[Status]Routing 22: Walk: 22
2020-02-08_12:22:16.166[Battery Energy]111.75
2020-02-08_12:22:16.166[Status]Routing Start.
2020-02-08_12:22:16.472[Status]{'id': 3, 'coordinate': [361.96986464039543, 653.5691621341331]}
2020-02-08_12:22:16.472[Status]Routing 23: Walk: 23
2020-02-08_12:22:16.582[Battery Energy]111.46
2020-02-08_12:22:16.582[Status]Routing Start.
2020-02-08_12:22:16.902[Status]{'id': 3, 'coordinate': [371.6642065812822, 651.1156474443128]}
2020-02-08_12:22:16.904[Status]Routing 24: Walk: 24
2020-02-08_12:22:17.004[Battery Energy]111.18
2020-02-08_12:22:17.004[Status]Routing Start.
2020-02-08_12:22:17.313[Status]{'id': 3, 'coordinate': [381.358548522169, 648.6621327544924]}
2020-02-08_12:22:17.314[Status]Routing 25: Walk: 25
2020-02-08_12:22:17.422[Battery Energy]110.92
2020-02-08_12:22:17.422[Status]Routing Start.
2020-02-08_12:22:17.746[Status]{'id': 3, 'coordinate': [391.05289046305575, 646.2086180646721]}
2020-02-08_12:22:17.746[Status]Routing 26: Walk: 26
2020-02-08_12:22:17.853[Battery Energy]110.61
2020-02-08_12:22:17.853[Status]Routing Start.
2020-02-08_12:22:18.197[Status]{'id': 3, 'coordinate': [400.74723240394246, 643.7551033748517]}
2020-02-08_12:22:18.197[Status]Routing 27: Walk: 27
2020-02-08_12:22:18.297[Battery Energy]110.29
2020-02-08_12:22:18.297[Status]Routing Start.
2020-02-08_12:22:18.438[Status]{'id': 3, 'coordinate': [410.44157434482923, 641.3015886850314]}
2020-02-08_12:22:18.438[Status]Routing 28: Walk: 28
2020-02-08_12:22:18.538[Battery Energy]110.08
2020-02-08_12:22:18.538[Status]Routing Start.
2020-02-08_12:22:18.853[Status]{'id': 3, 'coordinate': [420.135916285716, 638.848073995211]}
2020-02-08_12:22:18.853[Status]Routing 29: Walk: 29
2020-02-08_12:22:18.954[Battery Energy]109.83
2020-02-08_12:22:18.954[Status]Routing Start.
2020-02-08_12:22:19.295[Status]{'id': 3, 'coordinate': [429.8302582266028, 636.3945593053908]}
2020-02-08_12:22:19.296[Status]Routing 30: Walk: 30
2020-02-08_12:22:19.396[Battery Energy]109.48
2020-02-08_12:22:19.396[Status]Routing Start.
2020-02-08_12:22:19.735[Status]{'id': 3, 'coordinate': [439.5246001674895, 633.9410446155704]}
2020-02-08_12:22:19.735[Status]Routing 31: Walk: 31
2020-02-08_12:22:19.836[Battery Energy]109.17
2020-02-08_12:22:19.836[Status]Routing Start.
2020-02-08_12:22:20.139[Status]{'id': 3, 'coordinate': [449.21894210837627, 631.4875299257501]}
2020-02-08_12:22:20.139[Status]Routing 32: Walk: 32
2020-02-08_12:22:20.239[Battery Energy]108.82
2020-02-08_12:22:20.239[Status]Routing Start.
2020-02-08_12:22:20.240[Status]Task Finished.
2020-02-08_12:22:20.340[Battery Energy]108.82
2020-02-08_12:22:20.531[Status]Routing 34: Walk: 32
2020-02-08_12:22:20.633[Battery Energy]108.70
2020-02-08_12:22:21.063[Status]Routing 35: Walk: 32
2020-02-08_12:22:21.164[Battery Energy]108.40
2020-02-08_12:22:21.483[Status]Routing 36: Walk: 32
2020-02-08_12:22:21.583[Battery Energy]108.17
2020-02-08_12:22:21.927[Status]Routing 37: Walk: 32
2020-02-08_12:22:22.034[Battery Energy]107.94
2020-02-08_12:22:22.454[Status]Routing 38: Walk: 32
2020-02-08_12:22:22.566[Battery Energy]107.71
2020-02-08_12:22:22.695[Status]Routing 39: Walk: 32
2020-02-08_12:22:22.810[Battery Energy]107.61
2020-02-08_12:22:22.986[Status]Routing 40: Walk: 32
2020-02-08_12:22:23.087[Battery Energy]107.50
2020-02-08_12:22:23.396[Status]Routing 41: Walk: 32
2020-02-08_12:22:23.502[Battery Energy]107.26
2020-02-08_12:22:23.781[Status]Routing 42: Walk: 32
2020-02-08_12:22:23.885[Battery Energy]107.10
2020-02-08_12:22:24.228[Status]Routing 43: Walk: 32
2020-02-08_12:22:24.332[Battery Energy]106.82
2020-02-08_12:22:24.462[Status]Routing 44: Walk: 32
2020-02-08_12:22:24.578[Battery Energy]106.71
2020-02-08_12:22:24.717[Status]Routing 45: Walk: 32
2020-02-08_12:22:24.820[Battery Energy]106.61
2020-02-08_12:22:25.012[Status]Routing 46: Walk: 32
2020-02-08_12:22:25.121[Battery Energy]106.47
2020-02-08_12:22:25.367[Status]Routing 47: Walk: 32
2020-02-08_12:22:25.467[Battery Energy]106.27
2020-02-08_12:22:25.786[Status]Routing 48: Walk: 32
2020-02-08_12:22:25.887[Battery Energy]106.02
2020-02-08_12:22:26.245[Status]Routing 49: Walk: 32
2020-02-08_12:22:26.345[Battery Energy]105.76
2020-02-08_12:22:26.631[Status]Routing 50: Walk: 32
2020-02-08_12:22:26.732[Battery Energy]105.56
2020-02-08_12:22:27.094[Status]Routing 51: Walk: 32
2020-02-08_12:22:27.202[Battery Energy]105.28
2020-02-08_12:22:27.501[Status]Routing 52: Walk: 32
2020-02-08_12:22:27.602[Battery Energy]105.08
2020-02-08_12:22:27.929[Status]Routing 53: Walk: 32
2020-02-08_12:22:28.032[Battery Energy]104.85
2020-02-08_12:22:28.342[Status]Routing 54: Walk: 32
2020-02-08_12:22:28.442[Battery Energy]104.63
2020-02-08_12:22:28.753[Status]Routing 55: Walk: 32
2020-02-08_12:22:28.853[Battery Energy]104.42
2020-02-08_12:22:29.004[Status]Routing 56: Walk: 32
2020-02-08_12:22:29.106[Battery Energy]104.30
2020-02-08_12:22:29.282[Status]Routing 57: Walk: 32
2020-02-08_12:22:29.383[Battery Energy]104.19
2020-02-08_12:22:29.550[Status]Routing 58: Walk: 32
2020-02-08_12:22:29.654[Battery Energy]104.08
2020-02-08_12:22:29.971[Status]Routing 59: Walk: 32
2020-02-08_12:22:30.086[Battery Energy]103.90
2020-02-08_12:22:30.224[Status]Routing 60: Walk: 32
2020-02-08_12:22:30.326[Battery Energy]103.79
2020-02-08_12:22:30.639[Status]Routing 61: Walk: 32
2020-02-08_12:22:30.758[Battery Energy]103.60
2020-02-08_12:22:30.899[Status]Routing 62: Walk: 32
2020-02-08_12:22:31.014[Battery Energy]103.49
2020-02-08_12:22:31.323[Status]Routing 63: Walk: 32
2020-02-08_12:22:31.434[Battery Energy]103.29
2020-02-08_12:22:31.746[Status]Routing 64: Walk: 32
2020-02-08_12:22:31.850[Battery Energy]103.10
2020-02-08_12:22:32.161[Status]Routing 65: Walk: 32
2020-02-08_12:22:32.286[Battery Energy]102.87
2020-02-08_12:22:32.424[Status]Routing 66: Walk: 32
2020-02-08_12:22:32.534[Battery Energy]102.77
2020-02-08_12:22:32.686[Status]Routing 67: Walk: 32
2020-02-08_12:22:32.794[Battery Energy]102.65
2020-02-08_12:22:32.955[Status]Routing 68: Walk: 32
2020-02-08_12:22:33.063[Battery Energy]102.52
2020-02-08_12:22:33.233[Status]Routing 69: Walk: 32
2020-02-08_12:22:33.334[Battery Energy]102.42
2020-02-08_12:22:33.582[Status]Routing 70: Walk: 32
2020-02-08_12:22:33.698[Battery Energy]102.23
2020-02-08_12:22:33.872[Status]Routing 71: Walk: 32
2020-02-08_12:22:33.978[Battery Energy]102.09
2020-02-08_12:22:34.127[Status]Routing 72: Walk: 32
2020-02-08_12:22:34.242[Battery Energy]101.99
2020-02-08_12:22:34.375[Status]Routing 73: Walk: 32
2020-02-08_12:22:34.479[Battery Energy]101.91
2020-02-08_12:22:34.632[Status]Routing 74: Walk: 32
2020-02-08_12:22:34.734[Battery Energy]101.80
2020-02-08_12:22:34.906[Status]Routing 75: Walk: 32
2020-02-08_12:22:35.013[Battery Energy]101.65
2020-02-08_12:22:35.180[Status]Routing 76: Walk: 32
2020-02-08_12:22:35.280[Battery Energy]101.56
2020-02-08_12:22:35.431[Status]Routing 77: Walk: 32
2020-02-08_12:22:35.531[Battery Energy]101.45
2020-02-08_12:22:35.688[Status]Routing 78: Walk: 32
2020-02-08_12:22:35.788[Battery Energy]101.32
2020-02-08_12:22:36.128[Status]Routing 79: Walk: 32
2020-02-08_12:22:36.233[Battery Energy]101.06
2020-02-08_12:22:36.371[Status]Routing 80: Walk: 32
2020-02-08_12:22:36.486[Battery Energy]100.96
2020-02-08_12:22:36.624[Status]Routing 81: Walk: 32
2020-02-08_12:22:36.725[Battery Energy]100.84
2020-02-08_12:22:36.887[Status]Routing 82: Walk: 32
2020-02-08_12:22:36.987[Battery Energy]100.73
2020-02-08_12:22:37.140[Status]Routing 83: Walk: 32
2020-02-08_12:22:37.249[Battery Energy]100.61
2020-02-08_12:22:37.388[Status]Routing 84: Walk: 32
2020-02-08_12:22:37.498[Battery Energy]100.51
2020-02-08_12:22:37.641[Status]Routing 85: Walk: 32
2020-02-08_12:22:37.741[Battery Energy]100.40
2020-02-08_12:22:38.052[Status]Routing 86: Walk: 32
2020-02-08_12:22:38.162[Battery Energy]100.21
2020-02-08_12:22:38.308[Status]Routing 87: Walk: 32
2020-02-08_12:22:38.408[Battery Energy]100.10
2020-02-08_12:22:38.563[Status]Routing 88: Walk: 32
2020-02-08_12:22:38.663[Battery Energy]99.97
2020-02-08_12:22:38.815[Status]Routing 89: Walk: 32
2020-02-08_12:22:38.954[Battery Energy]99.85
2020-02-08_12:22:39.083[Status]Routing 90: Walk: 32
2020-02-08_12:22:39.190[Battery Energy]99.76
2020-02-08_12:22:39.375[Status]Routing 91: Walk: 32
2020-02-08_12:22:39.487[Battery Energy]99.60
2020-02-08_12:22:39.635[Status]Routing 92: Walk: 32
2020-02-08_12:22:39.744[Battery Energy]99.48
2020-02-08_12:22:39.881[Status]Routing 93: Walk: 32
2020-02-08_12:22:39.986[Battery Energy]99.37
2020-02-08_12:22:40.154[Status]Routing 94: Walk: 32
2020-02-08_12:22:40.270[Battery Energy]99.25
2020-02-08_12:22:40.416[Status]Routing 95: Walk: 32
2020-02-08_12:22:40.516[Battery Energy]99.13
2020-02-08_12:22:40.667[Status]Routing 96: Walk: 32
2020-02-08_12:22:40.767[Battery Energy]99.02
2020-02-08_12:22:40.933[Status]Routing 97: Walk: 32
2020-02-08_12:22:41.038[Battery Energy]98.90
2020-02-08_12:22:41.176[Status]Routing 98: Walk: 32
2020-02-08_12:22:41.282[Battery Energy]98.80
2020-02-08_12:22:41.552[Status]Routing 99: Walk: 32
2020-02-08_12:22:41.653[Battery Energy]98.62
2020-02-08_12:22:41.806[Status]Routing 100: Walk: 32
2020-02-08_12:22:41.914[Battery Energy]98.50
2020-02-08_12:22:42.192[Status]Routing 101: Walk: 32
2020-02-08_12:22:42.292[Battery Energy]98.30
2020-02-08_12:22:42.635[Status]Routing 102: Walk: 32
2020-02-08_12:22:42.735[Battery Energy]98.12
2020-02-08_12:22:42.914[Status]Routing 103: Walk: 32
2020-02-08_12:22:43.018[Battery Energy]98.04
2020-02-08_12:22:43.326[Status]Routing 104: Walk: 32
2020-02-08_12:22:43.426[Battery Energy]97.83
2020-02-08_12:22:43.572[Status]Routing 105: Walk: 32
2020-02-08_12:22:43.674[Battery Energy]97.74
2020-02-08_12:22:43.822[Status]Routing 106: Walk: 32
2020-02-08_12:22:43.930[Battery Energy]97.63
2020-02-08_12:22:44.163[Status]Routing 107: Walk: 32
2020-02-08_12:22:44.270[Battery Energy]97.47
2020-02-08_12:22:44.610[Status]Routing 108: Walk: 32
2020-02-08_12:22:44.722[Battery Energy]97.24
2020-02-08_12:22:45.038[Status]Routing 109: Walk: 32
2020-02-08_12:22:45.139[Battery Energy]97.01
2020-02-08_12:22:45.440[Status]Routing 110: Walk: 32
2020-02-08_12:22:45.546[Battery Energy]96.80
2020-02-08_12:22:45.832[Status]Routing 111: Walk: 32
2020-02-08_12:22:45.942[Battery Energy]96.60
2020-02-08_12:22:46.124[Status]Routing 112: Walk: 32
2020-02-08_12:22:46.224[Battery Energy]96.46
2020-02-08_12:22:46.446[Status]Routing 113: Walk: 32
2020-02-08_12:22:46.546[Battery Energy]96.32
2020-02-08_12:22:46.792[Status]Routing 114: Walk: 32
2020-02-08_12:22:46.893[Battery Energy]96.16
2020-02-08_12:22:47.048[Status]Routing 115: Walk: 32
2020-02-08_12:22:47.162[Battery Energy]96.02
2020-02-08_12:22:47.329[Status]Routing 116: Walk: 32
2020-02-08_12:22:47.450[Battery Energy]95.91
2020-02-08_12:22:47.583[Status]Routing 117: Walk: 32
2020-02-08_12:22:47.683[Battery Energy]95.81
2020-02-08_12:22:47.981[Status]Routing 118: Walk: 32
2020-02-08_12:22:48.084[Battery Energy]95.63
2020-02-08_12:22:48.236[Status]Routing 119: Walk: 32
2020-02-08_12:22:48.358[Battery Energy]95.50
2020-02-08_12:22:48.495[Status]Routing 120: Walk: 32
2020-02-08_12:22:48.610[Battery Energy]95.40
2020-02-08_12:22:48.866[Status]Routing 121: Walk: 32
2020-02-08_12:22:48.968[Battery Energy]95.21
2020-02-08_12:22:49.125[Status]Routing 122: Walk: 32
2020-02-08_12:22:49.238[Battery Energy]95.10
2020-02-08_12:22:49.580[Status]Routing 123: Walk: 32
2020-02-08_12:22:49.698[Battery Energy]94.89
2020-02-08_12:22:50.007[Status]Routing 124: Walk: 32
2020-02-08_12:22:50.112[Battery Energy]94.63
2020-02-08_12:22:50.455[Status]Routing 125: Walk: 32
2020-02-08_12:22:50.574[Battery Energy]94.44
2020-02-08_12:22:50.696[Status]Routing 126: Walk: 32
2020-02-08_12:22:50.797[Battery Energy]94.34
2020-02-08_12:22:51.039[Status]Routing 127: Walk: 32
2020-02-08_12:22:51.150[Battery Energy]94.17
2020-02-08_12:22:51.308[Status]Routing 128: Walk: 32
2020-02-08_12:22:51.418[Battery Energy]94.04
2020-02-08_12:22:51.808[Status]Routing 129: Walk: 32
2020-02-08_12:22:51.908[Battery Energy]93.80
2020-02-08_12:22:52.212[Status]Routing 130: Walk: 32
2020-02-08_12:22:52.326[Battery Energy]93.54
2020-02-08_12:22:52.696[Status]Routing 131: Walk: 32
2020-02-08_12:22:52.797[Battery Energy]93.28
2020-02-08_12:22:53.060[Status]Routing 132: Walk: 32
2020-02-08_12:22:53.169[Battery Energy]93.13
2020-02-08_12:22:53.507[Status]Routing 133: Walk: 32
2020-02-08_12:22:53.608[Battery Energy]92.90
2020-02-08_12:22:53.929[Status]Routing 134: Walk: 32
2020-02-08_12:22:54.031[Battery Energy]92.67
2020-02-08_12:22:54.333[Status]Routing 135: Walk: 32
2020-02-08_12:22:54.441[Battery Energy]92.50
2020-02-08_12:22:54.686[Status]Routing 136: Walk: 32
2020-02-08_12:22:54.791[Battery Energy]92.28
2020-02-08_12:22:55.077[Status]Routing 137: Walk: 32
2020-02-08_12:22:55.177[Battery Energy]92.09
2020-02-08_12:22:55.320[Status]Routing 138: Walk: 32
2020-02-08_12:22:55.422[Battery Energy]91.97
2020-02-08_12:22:55.571[Status]Routing 139: Walk: 32
2020-02-08_12:22:55.671[Battery Energy]91.87
2020-02-08_12:22:55.913[Status]Routing 140: Walk: 32
2020-02-08_12:22:56.030[Battery Energy]91.70
2020-02-08_12:22:56.161[Status]Routing 141: Walk: 32
2020-02-08_12:22:56.266[Battery Energy]91.59
2020-02-08_12:22:56.421[Status]Routing 142: Walk: 32
2020-02-08_12:22:56.521[Battery Energy]91.45
2020-02-08_12:22:56.673[Status]Routing 143: Walk: 32
2020-02-08_12:22:56.782[Battery Energy]91.34
2020-02-08_12:22:56.922[Status]Routing 144: Walk: 32
2020-02-08_12:22:57.022[Battery Energy]91.20
2020-02-08_12:22:57.173[Status]Routing 145: Walk: 32
2020-02-08_12:22:57.274[Battery Energy]91.09
2020-02-08_12:22:57.408[Status]Routing 146: Walk: 32
2020-02-08_12:22:57.509[Battery Energy]90.99
2020-02-08_12:22:57.679[Status]Routing 147: Walk: 32
2020-02-08_12:22:57.789[Battery Energy]90.87
2020-02-08_12:22:57.916[Status]Routing 148: Walk: 32
2020-02-08_12:22:58.016[Battery Energy]90.77
2020-02-08_12:22:58.165[Status]Routing 149: Walk: 32
2020-02-08_12:22:58.274[Battery Energy]90.64
2020-02-08_12:22:58.427[Status]Routing 150: Walk: 32
2020-02-08_12:22:58.527[Battery Energy]90.53
2020-02-08_12:22:58.685[Status]Routing 151: Walk: 32
2020-02-08_12:22:58.790[Battery Energy]90.43
2020-02-08_12:22:58.943[Status]Routing 152: Walk: 32
2020-02-08_12:22:59.054[Battery Energy]90.31
2020-02-08_12:22:59.186[Status]Routing 153: Walk: 32
2020-02-08_12:22:59.298[Battery Energy]90.19
2020-02-08_12:22:59.430[Status]Routing 154: Walk: 32
2020-02-08_12:22:59.538[Battery Energy]90.09
2020-02-08_12:22:59.683[Status]Routing 155: Walk: 32
2020-02-08_12:22:59.785[Battery Energy]89.97
2020-02-08_12:22:59.954[Status]Routing 156: Walk: 32
2020-02-08_12:23:00.066[Battery Energy]89.88
2020-02-08_12:23:00.211[Status]Routing 157: Walk: 32
2020-02-08_12:23:00.311[Battery Energy]89.76
2020-02-08_12:23:00.488[Status]Routing 158: Walk: 32
2020-02-08_12:23:00.590[Battery Energy]89.63
2020-02-08_12:23:00.774[Status]Routing 159: Walk: 32
2020-02-08_12:23:00.882[Battery Energy]89.47
2020-02-08_12:23:01.066[Status]Routing 160: Walk: 32
2020-02-08_12:23:01.167[Battery Energy]89.35
