2020-02-08_11:34:31.790[Status]Start.
2020-02-08_11:34:31.790[Battery Energy]100.00
2020-02-08_11:34:32.894[Battery Energy]99.96
2020-02-08_11:34:33.995[Battery Energy]99.92
2020-02-08_11:34:35.096[Battery Energy]99.88
2020-02-08_11:34:36.197[Battery Energy]99.84
2020-02-08_11:34:37.298[Task]A New Task Released.
2020-02-08_11:34:37.298[Battery Energy]99.80
2020-02-08_11:34:37.298[Status]Selection Start.
2020-02-08_11:34:39.500[Status]Selection End: Do Task 1.
2020-02-08_11:34:39.605[Battery Energy]98.19
2020-02-08_11:34:39.605[Status]Formation Start.
2020-02-08_11:34:39.748[Status]number of tasks is 7
2020-02-08_11:34:39.749[Status]my group tasks is [ 1300.   700.]
2020-02-08_11:34:39.762[Status]my group tasks is [ 1262.34898019   778.18314825]
2020-02-08_11:34:39.767[Status]my group tasks is [ 1177.7479066    797.49279122]
2020-02-08_11:34:39.771[Status]my group tasks is [ 1109.90311321   743.38837391]
2020-02-08_11:34:39.771[Status]my group tasks is [ 1109.90311321   656.61162609]
2020-02-08_11:34:39.772[Status]my group tasks is [ 1177.7479066    602.50720878]
2020-02-08_11:34:39.790[Status]my group tasks is [ 1262.34898019   621.81685175]
2020-02-08_11:34:39.826[Status]mygroup_robots_utility is {7: [32.2918044365551, 17.327707119099202, 18.673387642292365, 35.133617272540995, 31.02608665385033, 18.795939953300852, 15.982198946779915], 8: [16.18075024434686, 17.392358891111186, 14.945534172708678, 16.24531190920084, 17.42529172297273, 29.802290359145406, 14.408386069590257], 9: [16.276659886287614, 17.08316935060274, 14.938583854154968, 17.325247641934368, 29.221543089794817, 14.268184181363821, 15.80090784165605], 10: [16.018348836254752, 17.86436765896997, 34.795358128122174, 14.70214783030748, 16.93829675756464, 14.895117304164096, 15.530646689327297], 11: [16.44573154923073, 33.73287014711585, 14.652596387855526, 31.960785667070706, 13.879734910899913, 14.076493862751056, 15.148684071289512], 12: [16.290457279186807, 17.44439704660042, 34.72280878975264, 14.864937845518794, 16.12772695197738, 28.8127426943456, 14.976840738220359], 13: [16.668993279105063, 17.2895516827285, 30.34762677261172, 33.084146023715064, 28.523936836617462, 14.315305564966629, 15.308593595243655]}
2020-02-08_11:34:39.826[Status]self.local_queue is [7, 8, 9, 10, 11, 12, 13]
2020-02-08_11:34:39.826[Status]task_chosen index is 3
2020-02-08_11:34:39.826[Status]task_chosen index is 5
2020-02-08_11:34:39.826[Status]task_chosen index is 4
2020-02-08_11:34:39.826[Status]task_chosen index is 2
2020-02-08_11:34:39.826[Status]task_chosen index is 1
2020-02-08_11:34:39.826[Status]task_chosen index is 0
2020-02-08_11:34:39.826[Status]task_chosen index is 6
2020-02-08_11:34:39.826[Status]myindex_in_queue is 6
2020-02-08_11:34:39.826[Status]task destination is [1262.3489801858734, 621.816851753197]
2020-02-08_11:34:39.932[Battery Energy]98.03
2020-02-08_11:34:39.932[Status]Routing Start.
2020-02-08_11:34:40.056[Status]{'coordinate': [140.48758613781968, 248.16001729068878], 'id': 13}
2020-02-08_11:34:40.056[Status]Routing 1: Walk: 1
2020-02-08_11:34:40.164[Battery Energy]97.82
2020-02-08_11:34:40.164[Status]Routing Start.
2020-02-08_11:34:40.332[Status]{'coordinate': [149.97517227563935, 251.32003458137757], 'id': 13}
2020-02-08_11:34:40.332[Status]Routing 2: Walk: 2
2020-02-08_11:34:40.438[Battery Energy]97.61
2020-02-08_11:34:40.438[Status]Routing Start.
2020-02-08_11:34:40.558[Status]{'coordinate': [159.46275841345903, 254.48005187206635], 'id': 13}
2020-02-08_11:34:40.559[Status]Routing 3: Walk: 3
2020-02-08_11:34:40.659[Battery Energy]97.42
2020-02-08_11:34:40.659[Status]Routing Start.
2020-02-08_11:34:40.789[Status]{'coordinate': [168.9503445512787, 257.64006916275514], 'id': 13}
2020-02-08_11:34:40.789[Status]Routing 4: Walk: 4
2020-02-08_11:34:40.889[Battery Energy]97.21
2020-02-08_11:34:40.889[Status]Routing Start.
2020-02-08_11:34:41.068[Status]{'coordinate': [178.43793068909838, 260.8000864534439], 'id': 13}
2020-02-08_11:34:41.068[Status]Routing 5: Walk: 5
2020-02-08_11:34:41.181[Battery Energy]97.00
2020-02-08_11:34:41.181[Status]Routing Start.
2020-02-08_11:34:41.496[Status]{'coordinate': [187.92551682691806, 263.96010374413265], 'id': 13}
2020-02-08_11:34:41.496[Status]Routing 6: Walk: 6
2020-02-08_11:34:41.602[Battery Energy]96.70
2020-02-08_11:34:41.602[Status]Routing Start.
2020-02-08_11:34:41.749[Status]{'coordinate': [197.41310296473773, 267.1201210348214], 'id': 13}
2020-02-08_11:34:41.749[Status]Routing 7: Walk: 7
2020-02-08_11:34:41.849[Battery Energy]96.49
2020-02-08_11:34:41.849[Status]Routing Start.
2020-02-08_11:34:42.159[Status]{'coordinate': [206.9006891025574, 270.28013832551017], 'id': 13}
2020-02-08_11:34:42.159[Status]Routing 8: Walk: 8
2020-02-08_11:34:42.262[Battery Energy]96.19
2020-02-08_11:34:42.262[Status]Routing Start.
2020-02-08_11:34:42.591[Status]{'coordinate': [216.38827524037708, 273.4401556161989], 'id': 13}
2020-02-08_11:34:42.591[Status]Routing 9: Walk: 9
2020-02-08_11:34:42.691[Battery Energy]95.86
2020-02-08_11:34:42.691[Status]Routing Start.
2020-02-08_11:34:43.019[Status]{'coordinate': [225.87586137819676, 276.6001729068877], 'id': 13}
2020-02-08_11:34:43.020[Status]Routing 10: Walk: 10
2020-02-08_11:34:43.120[Battery Energy]95.52
2020-02-08_11:34:43.120[Status]Routing Start.
2020-02-08_11:34:43.524[Status]{'coordinate': [235.36344751601644, 279.76019019757643], 'id': 13}
2020-02-08_11:34:43.524[Status]Routing 11: Walk: 11
2020-02-08_11:34:43.624[Battery Energy]95.15
2020-02-08_11:34:43.624[Status]Routing Start.
2020-02-08_11:34:43.964[Status]{'coordinate': [244.8510336538361, 282.9202074882652], 'id': 13}
2020-02-08_11:34:43.964[Status]Routing 12: Walk: 12
2020-02-08_11:34:44.064[Battery Energy]94.78
2020-02-08_11:34:44.064[Status]Routing Start.
2020-02-08_11:34:44.398[Status]{'coordinate': [254.3386197916558, 286.080224778954], 'id': 13}
2020-02-08_11:34:44.398[Status]Routing 13: Walk: 13
2020-02-08_11:34:44.498[Battery Energy]94.42
2020-02-08_11:34:44.498[Status]Routing Start.
2020-02-08_11:34:44.674[Status]{'coordinate': [263.82620592947546, 289.24024206964276], 'id': 13}
2020-02-08_11:34:44.674[Status]Routing 14: Walk: 14
2020-02-08_11:34:44.786[Battery Energy]94.21
2020-02-08_11:34:44.786[Status]Routing Start.
2020-02-08_11:34:44.913[Status]{'coordinate': [273.31379206729514, 292.4002593603315], 'id': 13}
2020-02-08_11:34:44.914[Status]Routing 15: Walk: 15
2020-02-08_11:34:45.027[Battery Energy]94.01
2020-02-08_11:34:45.027[Status]Routing Start.
2020-02-08_11:34:45.294[Status]{'coordinate': [282.8013782051148, 295.56027665102033], 'id': 13}
2020-02-08_11:34:45.294[Status]Routing 16: Walk: 16
2020-02-08_11:34:45.399[Battery Energy]93.74
2020-02-08_11:34:45.399[Status]Routing Start.
2020-02-08_11:34:45.548[Status]{'coordinate': [292.2889643429345, 298.7202939417091], 'id': 13}
2020-02-08_11:34:45.548[Status]Routing 17: Walk: 17
2020-02-08_11:34:45.654[Battery Energy]93.52
2020-02-08_11:34:45.654[Status]Routing Start.
2020-02-08_11:34:45.812[Status]{'coordinate': [301.77655048075417, 301.88031123239784], 'id': 13}
2020-02-08_11:34:45.812[Status]Routing 18: Walk: 18
2020-02-08_11:34:45.913[Battery Energy]93.32
2020-02-08_11:34:45.913[Status]Routing Start.
2020-02-08_11:34:46.217[Status]{'coordinate': [311.26413661857384, 305.04032852308666], 'id': 13}
2020-02-08_11:34:46.220[Status]Routing 19: Walk: 19
2020-02-08_11:34:46.320[Battery Energy]92.98
2020-02-08_11:34:46.320[Status]Routing Start.
2020-02-08_11:34:46.655[Status]{'coordinate': [320.7517227563935, 308.20034581377547], 'id': 13}
2020-02-08_11:34:46.655[Status]Routing 20: Walk: 20
2020-02-08_11:34:46.762[Battery Energy]92.67
2020-02-08_11:34:46.762[Status]Routing Start.
2020-02-08_11:34:47.151[Status]{'coordinate': [330.2393088942132, 311.3603631044643], 'id': 13}
2020-02-08_11:34:47.151[Status]Routing 21: Walk: 21
2020-02-08_11:34:47.252[Battery Energy]92.31
2020-02-08_11:34:47.252[Status]Routing Start.
2020-02-08_11:34:47.607[Status]{'coordinate': [339.72689503203287, 314.5203803951531], 'id': 13}
2020-02-08_11:34:47.614[Status]Routing 22: Walk: 22
2020-02-08_11:34:47.722[Battery Energy]91.97
2020-02-08_11:34:47.722[Status]Routing Start.
2020-02-08_11:34:48.041[Status]{'coordinate': [349.21448116985255, 317.68039768584185], 'id': 13}
2020-02-08_11:34:48.041[Status]Routing 23: Walk: 23
2020-02-08_11:34:48.142[Battery Energy]91.67
2020-02-08_11:34:48.143[Status]Routing Start.
2020-02-08_11:34:48.452[Status]{'coordinate': [358.7020673076722, 320.84041497653067], 'id': 13}
2020-02-08_11:34:48.452[Status]Routing 24: Walk: 24
2020-02-08_11:34:48.562[Battery Energy]91.33
2020-02-08_11:34:48.562[Status]Routing Start.
2020-02-08_11:34:48.882[Status]{'coordinate': [368.1896534454919, 324.0004322672194], 'id': 13}
2020-02-08_11:34:48.882[Status]Routing 25: Walk: 25
2020-02-08_11:34:48.986[Battery Energy]90.98
2020-02-08_11:34:48.986[Status]Routing Start.
2020-02-08_11:34:49.314[Status]{'coordinate': [377.6772395833116, 327.16044955790824], 'id': 13}
2020-02-08_11:34:49.314[Status]Routing 26: Walk: 26
2020-02-08_11:34:49.414[Battery Energy]90.67
2020-02-08_11:34:49.414[Status]Routing Start.
2020-02-08_11:34:49.748[Status]{'coordinate': [387.16482572113125, 330.320466848597], 'id': 13}
2020-02-08_11:34:49.748[Status]Routing 27: Walk: 27
2020-02-08_11:34:49.854[Battery Energy]90.33
2020-02-08_11:34:49.854[Status]Routing Start.
2020-02-08_11:34:50.137[Status]{'coordinate': [396.6524118589509, 333.48048413928575], 'id': 13}
2020-02-08_11:34:50.137[Status]Routing 28: Walk: 28
2020-02-08_11:34:50.237[Battery Energy]90.02
2020-02-08_11:34:50.237[Status]Routing Start.
2020-02-08_11:34:50.413[Status]{'coordinate': [406.1399979967706, 336.64050142997456], 'id': 13}
2020-02-08_11:34:50.413[Status]Routing 29: Walk: 29
2020-02-08_11:34:50.513[Battery Energy]89.79
2020-02-08_11:34:50.513[Status]Routing Start.
2020-02-08_11:34:50.849[Status]{'coordinate': [415.6275841345903, 339.8005187206634], 'id': 13}
2020-02-08_11:34:50.849[Status]Routing 30: Walk: 30
2020-02-08_11:34:50.949[Battery Energy]89.51
2020-02-08_11:34:50.950[Status]Routing Start.
2020-02-08_11:34:51.283[Status]{'coordinate': [425.11517027240996, 342.96053601135213], 'id': 13}
2020-02-08_11:34:51.283[Status]Routing 31: Walk: 31
2020-02-08_11:34:51.383[Battery Energy]89.19
2020-02-08_11:34:51.383[Status]Routing Start.
2020-02-08_11:34:51.542[Status]{'coordinate': [434.60275641022963, 346.1205533020409], 'id': 13}
2020-02-08_11:34:51.542[Status]Routing 32: Walk: 32
2020-02-08_11:34:51.642[Battery Energy]88.98
2020-02-08_11:34:51.642[Status]Routing Start.
2020-02-08_11:34:51.967[Status]{'coordinate': [444.0903425480493, 349.28057059272965], 'id': 13}
2020-02-08_11:34:51.968[Status]Routing 33: Walk: 33
2020-02-08_11:34:52.068[Battery Energy]88.61
2020-02-08_11:34:52.068[Status]Routing Start.
2020-02-08_11:34:52.378[Status]{'coordinate': [453.577928685869, 352.44058788341846], 'id': 13}
2020-02-08_11:34:52.378[Status]Routing 34: Walk: 34
2020-02-08_11:34:52.479[Battery Energy]88.33
2020-02-08_11:34:52.479[Status]Routing Start.
2020-02-08_11:34:52.788[Status]{'coordinate': [463.06551482368866, 355.6006051741073], 'id': 13}
2020-02-08_11:34:52.788[Status]Routing 35: Walk: 35
2020-02-08_11:34:52.896[Battery Energy]87.97
2020-02-08_11:34:52.896[Status]Routing Start.
2020-02-08_11:34:53.217[Status]{'coordinate': [472.55310096150833, 358.7606224647961], 'id': 13}
2020-02-08_11:34:53.217[Status]Routing 36: Walk: 36
2020-02-08_11:34:53.318[Battery Energy]87.66
2020-02-08_11:34:53.318[Status]Routing Start.
2020-02-08_11:34:53.630[Status]{'coordinate': [482.040687099328, 361.9206397554849], 'id': 13}
2020-02-08_11:34:53.633[Status]Routing 37: Walk: 37
2020-02-08_11:34:53.733[Battery Energy]87.34
2020-02-08_11:34:53.733[Status]Routing Start.
2020-02-08_11:34:54.034[Status]{'coordinate': [491.5282732371477, 365.08065704617366], 'id': 13}
2020-02-08_11:34:54.038[Status]Routing 38: Walk: 38
2020-02-08_11:34:54.138[Battery Energy]87.01
2020-02-08_11:34:54.138[Status]Routing Start.
2020-02-08_11:34:54.462[Status]{'coordinate': [501.01585937496736, 368.24067433686247], 'id': 13}
2020-02-08_11:34:54.462[Status]Routing 39: Walk: 39
2020-02-08_11:34:54.562[Battery Energy]86.69
2020-02-08_11:34:54.562[Status]Routing Start.
2020-02-08_11:34:55.047[Status]Routing 40: Walk: 39
2020-02-08_11:34:55.147[Battery Energy]86.29
2020-02-08_11:34:55.147[Status]Routing Start.
2020-02-08_11:34:55.354[Status]{'coordinate': [510.50344551278704, 371.4006916275512], 'id': 13}
2020-02-08_11:34:55.357[Status]Routing 41: Walk: 40
2020-02-08_11:34:55.462[Battery Energy]86.07
2020-02-08_11:34:55.462[Status]Routing Start.
2020-02-08_11:34:55.928[Status]Routing 42: Walk: 40
2020-02-08_11:34:56.028[Battery Energy]85.70
2020-02-08_11:34:56.028[Status]Routing Start.
2020-02-08_11:34:56.212[Status]{'coordinate': [519.9910316506067, 374.56070891824004], 'id': 13}
2020-02-08_11:34:56.212[Status]Routing 43: Walk: 41
2020-02-08_11:34:56.313[Battery Energy]85.46
2020-02-08_11:34:56.313[Status]Routing Start.
2020-02-08_11:34:56.769[Status]Routing 44: Walk: 41
2020-02-08_11:34:56.869[Battery Energy]85.09
2020-02-08_11:34:56.869[Status]Routing Start.
2020-02-08_11:34:57.057[Status]{'coordinate': [529.4786177884264, 377.7207262089288], 'id': 13}
2020-02-08_11:34:57.057[Status]Routing 45: Walk: 42
2020-02-08_11:34:57.166[Battery Energy]84.86
2020-02-08_11:34:57.166[Status]Routing Start.
2020-02-08_11:34:57.657[Status]Routing 46: Walk: 42
2020-02-08_11:34:57.759[Battery Energy]84.39
2020-02-08_11:34:57.759[Status]Routing Start.
2020-02-08_11:34:58.093[Status]Routing 47: Walk: 42
2020-02-08_11:34:58.194[Battery Energy]84.10
2020-02-08_11:34:58.194[Status]Routing Start.
2020-02-08_11:34:58.512[Status]Routing 48: Walk: 42
2020-02-08_11:34:58.612[Battery Energy]83.81
2020-02-08_11:34:58.612[Status]Routing Start.
2020-02-08_11:34:58.959[Status]Routing 49: Walk: 42
2020-02-08_11:34:59.060[Battery Energy]83.47
2020-02-08_11:34:59.060[Status]Routing Start.
2020-02-08_11:34:59.373[Status]Routing 50: Walk: 42
2020-02-08_11:34:59.486[Battery Energy]83.19
2020-02-08_11:34:59.486[Status]Routing Start.
2020-02-08_11:34:59.628[Status]{'coordinate': [538.9662039262461, 380.8807434996176], 'id': 13}
2020-02-08_11:34:59.628[Status]Routing 51: Walk: 43
2020-02-08_11:34:59.728[Battery Energy]82.99
2020-02-08_11:34:59.728[Status]Routing Start.
2020-02-08_11:34:59.907[Status]{'coordinate': [548.4537900640657, 384.0407607903064], 'id': 13}
2020-02-08_11:34:59.910[Status]Routing 52: Walk: 44
2020-02-08_11:35:00.022[Battery Energy]82.81
2020-02-08_11:35:00.022[Status]Routing Start.
2020-02-08_11:35:00.347[Status]Routing 53: Walk: 44
2020-02-08_11:35:00.447[Battery Energy]82.53
2020-02-08_11:35:00.447[Status]Routing Start.
2020-02-08_11:35:00.621[Status]{'coordinate': [557.9413762018854, 387.2007780809952], 'id': 13}
2020-02-08_11:35:00.621[Status]Routing 54: Walk: 45
2020-02-08_11:35:00.724[Battery Energy]82.29
2020-02-08_11:35:00.724[Status]Routing Start.
2020-02-08_11:35:01.011[Status]{'coordinate': [567.4289623397051, 390.36079537168393], 'id': 13}
2020-02-08_11:35:01.011[Status]Routing 55: Walk: 46
2020-02-08_11:35:01.111[Battery Energy]81.98
2020-02-08_11:35:01.111[Status]Routing Start.
2020-02-08_11:35:01.377[Status]{'coordinate': [576.9165484775248, 393.52081266237275], 'id': 13}
2020-02-08_11:35:01.377[Status]Routing 56: Walk: 47
2020-02-08_11:35:01.494[Battery Energy]81.71
2020-02-08_11:35:01.494[Status]Routing Start.
2020-02-08_11:35:01.632[Status]{'coordinate': [586.4041346153444, 396.68082995306156], 'id': 13}
2020-02-08_11:35:01.632[Status]Routing 57: Walk: 48
2020-02-08_11:35:01.746[Battery Energy]81.50
2020-02-08_11:35:01.746[Status]Routing Start.
2020-02-08_11:35:01.903[Status]{'coordinate': [595.8917207531641, 399.8408472437503], 'id': 13}
2020-02-08_11:35:01.903[Status]Routing 58: Walk: 49
2020-02-08_11:35:02.014[Battery Energy]81.27
2020-02-08_11:35:02.014[Status]Routing Start.
2020-02-08_11:35:02.148[Status]{'coordinate': [605.3793068909838, 403.00086453443913], 'id': 13}
2020-02-08_11:35:02.148[Status]Routing 59: Walk: 50
2020-02-08_11:35:02.254[Battery Energy]81.06
2020-02-08_11:35:02.266[Status]Routing Start.
2020-02-08_11:35:02.429[Status]{'coordinate': [614.8668930288035, 406.16088182512794], 'id': 13}
2020-02-08_11:35:02.429[Status]Routing 60: Walk: 51
2020-02-08_11:35:02.529[Battery Energy]80.85
2020-02-08_11:35:02.529[Status]Routing Start.
2020-02-08_11:35:02.764[Status]{'coordinate': [624.3544791666232, 409.3208991158167], 'id': 13}
2020-02-08_11:35:02.765[Status]Routing 61: Walk: 52
2020-02-08_11:35:02.878[Battery Energy]80.60
2020-02-08_11:35:02.878[Status]Routing Start.
2020-02-08_11:35:03.014[Status]{'coordinate': [633.8420653044428, 412.4809164065055], 'id': 13}
2020-02-08_11:35:03.014[Status]Routing 62: Walk: 53
2020-02-08_11:35:03.122[Battery Energy]80.39
2020-02-08_11:35:03.122[Status]Routing Start.
2020-02-08_11:35:03.261[Status]{'coordinate': [643.3296514422625, 415.64093369719427], 'id': 13}
2020-02-08_11:35:03.261[Status]Routing 63: Walk: 54
2020-02-08_11:35:03.361[Battery Energy]80.18
2020-02-08_11:35:03.361[Status]Routing Start.
2020-02-08_11:35:03.522[Status]{'coordinate': [652.8172375800822, 418.800950987883], 'id': 13}
2020-02-08_11:35:03.522[Status]Routing 64: Walk: 55
2020-02-08_11:35:03.626[Battery Energy]79.96
2020-02-08_11:35:03.626[Status]Routing Start.
2020-02-08_11:35:03.786[Status]{'coordinate': [662.3048237179019, 421.96096827857184], 'id': 13}
2020-02-08_11:35:03.786[Status]Routing 65: Walk: 56
2020-02-08_11:35:03.894[Battery Energy]79.75
2020-02-08_11:35:03.894[Status]Routing Start.
2020-02-08_11:35:04.032[Status]{'coordinate': [671.7924098557215, 425.1209855692606], 'id': 13}
2020-02-08_11:35:04.032[Status]Routing 66: Walk: 57
2020-02-08_11:35:04.138[Battery Energy]79.55
2020-02-08_11:35:04.138[Status]Routing Start.
2020-02-08_11:35:04.286[Status]{'coordinate': [681.2799959935412, 428.2810028599494], 'id': 13}
2020-02-08_11:35:04.286[Status]Routing 67: Walk: 58
2020-02-08_11:35:04.386[Battery Energy]79.34
2020-02-08_11:35:04.386[Status]Routing Start.
2020-02-08_11:35:04.561[Status]{'coordinate': [690.7675821313609, 431.4410201506382], 'id': 13}
2020-02-08_11:35:04.561[Status]Routing 68: Walk: 59
2020-02-08_11:35:04.662[Battery Energy]79.15
2020-02-08_11:35:04.662[Status]Routing Start.
2020-02-08_11:35:04.825[Status]{'coordinate': [700.2551682691806, 434.601037441327], 'id': 13}
2020-02-08_11:35:04.825[Status]Routing 69: Walk: 60
2020-02-08_11:35:04.925[Battery Energy]78.94
2020-02-08_11:35:04.926[Status]Routing Start.
2020-02-08_11:35:05.088[Status]{'coordinate': [709.7427544070002, 437.7610547320158], 'id': 13}
2020-02-08_11:35:05.088[Status]Routing 70: Walk: 61
2020-02-08_11:35:05.190[Battery Energy]78.73
2020-02-08_11:35:05.190[Status]Routing Start.
2020-02-08_11:35:05.331[Status]{'coordinate': [719.2303405448199, 440.9210720227046], 'id': 13}
2020-02-08_11:35:05.331[Status]Routing 71: Walk: 62
2020-02-08_11:35:05.431[Battery Energy]78.54
2020-02-08_11:35:05.431[Status]Routing Start.
2020-02-08_11:35:05.615[Status]{'coordinate': [728.7179266826396, 444.08108931339336], 'id': 13}
2020-02-08_11:35:05.615[Status]Routing 72: Walk: 63
2020-02-08_11:35:05.715[Battery Energy]78.33
2020-02-08_11:35:05.715[Status]Routing Start.
2020-02-08_11:35:05.914[Status]{'coordinate': [738.2055128204593, 447.2411066040821], 'id': 13}
2020-02-08_11:35:05.914[Status]Routing 73: Walk: 64
2020-02-08_11:35:06.022[Battery Energy]78.08
2020-02-08_11:35:06.026[Status]Routing Start.
2020-02-08_11:35:06.175[Status]{'coordinate': [747.6930989582789, 450.40112389477093], 'id': 13}
2020-02-08_11:35:06.175[Status]Routing 74: Walk: 65
2020-02-08_11:35:06.281[Battery Energy]77.88
2020-02-08_11:35:06.281[Status]Routing Start.
2020-02-08_11:35:06.441[Status]{'coordinate': [757.1806850960986, 453.56114118545975], 'id': 13}
2020-02-08_11:35:06.441[Status]Routing 75: Walk: 66
2020-02-08_11:35:06.546[Battery Energy]77.65
2020-02-08_11:35:06.546[Status]Routing Start.
2020-02-08_11:35:06.914[Status]Routing 76: Walk: 66
2020-02-08_11:35:07.022[Battery Energy]77.29
2020-02-08_11:35:07.022[Status]Routing Start.
2020-02-08_11:35:07.150[Status]{'coordinate': [766.6682712339183, 456.7211584761485], 'id': 13}
2020-02-08_11:35:07.150[Status]Routing 77: Walk: 67
2020-02-08_11:35:07.258[Battery Energy]77.09
2020-02-08_11:35:07.258[Status]Routing Start.
2020-02-08_11:35:07.575[Status]Routing 78: Walk: 67
2020-02-08_11:35:07.675[Battery Energy]76.78
2020-02-08_11:35:07.675[Status]Routing Start.
2020-02-08_11:35:08.000[Status]Routing 79: Walk: 67
2020-02-08_11:35:08.100[Battery Energy]76.44
2020-02-08_11:35:08.100[Status]Routing Start.
2020-02-08_11:35:08.281[Status]{'coordinate': [776.155857371738, 459.8811757668373], 'id': 13}
2020-02-08_11:35:08.281[Status]Routing 80: Walk: 68
2020-02-08_11:35:08.381[Battery Energy]76.21
2020-02-08_11:35:08.381[Status]Routing Start.
2020-02-08_11:35:08.683[Status]Routing 81: Walk: 68
2020-02-08_11:35:08.788[Battery Energy]75.89
2020-02-08_11:35:08.788[Status]Routing Start.
2020-02-08_11:35:08.960[Status]{'coordinate': [785.6434435095576, 463.0411930575261], 'id': 13}
2020-02-08_11:35:08.960[Status]Routing 82: Walk: 69
2020-02-08_11:35:09.062[Battery Energy]75.68
2020-02-08_11:35:09.062[Status]Routing Start.
2020-02-08_11:35:09.546[Status]Routing 83: Walk: 69
2020-02-08_11:35:09.646[Battery Energy]75.29
2020-02-08_11:35:09.646[Status]Routing Start.
2020-02-08_11:35:09.971[Status]Routing 84: Walk: 69
2020-02-08_11:35:10.074[Battery Energy]74.98
2020-02-08_11:35:10.074[Status]Routing Start.
2020-02-08_11:35:10.360[Status]Routing 85: Walk: 69
2020-02-08_11:35:10.460[Battery Energy]74.68
2020-02-08_11:35:10.460[Status]Routing Start.
2020-02-08_11:35:10.581[Status]{'coordinate': [795.1310296473773, 466.2012103482149], 'id': 13}
2020-02-08_11:35:10.581[Status]Routing 86: Walk: 70
2020-02-08_11:35:10.681[Battery Energy]74.48
2020-02-08_11:35:10.681[Status]Routing Start.
2020-02-08_11:35:11.017[Status]{'coordinate': [804.618615785197, 469.36122763890364], 'id': 13}
2020-02-08_11:35:11.017[Status]Routing 87: Walk: 71
2020-02-08_11:35:11.118[Battery Energy]74.17
2020-02-08_11:35:11.118[Status]Routing Start.
2020-02-08_11:35:11.445[Status]{'coordinate': [814.1062019230167, 472.52124492959246], 'id': 13}
2020-02-08_11:35:11.445[Status]Routing 88: Walk: 72
2020-02-08_11:35:11.554[Battery Energy]73.83
2020-02-08_11:35:11.554[Status]Routing Start.
2020-02-08_11:35:11.730[Status]{'coordinate': [823.5937880608363, 475.68126222028127], 'id': 13}
2020-02-08_11:35:11.733[Status]Routing 89: Walk: 73
2020-02-08_11:35:11.842[Battery Energy]73.63
2020-02-08_11:35:11.842[Status]Routing Start.
2020-02-08_11:35:12.001[Status]{'coordinate': [833.081374198656, 478.84127951097], 'id': 13}
2020-02-08_11:35:12.001[Status]Routing 90: Walk: 74
2020-02-08_11:35:12.101[Battery Energy]73.41
2020-02-08_11:35:12.101[Status]Routing Start.
2020-02-08_11:35:12.385[Status]{'coordinate': [842.5689603364757, 482.0012968016588], 'id': 13}
2020-02-08_11:35:12.385[Status]Routing 91: Walk: 75
2020-02-08_11:35:12.485[Battery Energy]73.10
2020-02-08_11:35:12.485[Status]Routing Start.
2020-02-08_11:35:12.652[Status]{'coordinate': [852.0565464742954, 485.1613140923476], 'id': 13}
2020-02-08_11:35:12.652[Status]Routing 92: Walk: 76
2020-02-08_11:35:12.758[Battery Energy]72.88
2020-02-08_11:35:12.758[Status]Routing Start.
2020-02-08_11:35:13.078[Status]{'coordinate': [861.544132612115, 488.3213313830364], 'id': 13}
2020-02-08_11:35:13.083[Status]Routing 93: Walk: 77
2020-02-08_11:35:13.186[Battery Energy]72.59
2020-02-08_11:35:13.186[Status]Routing Start.
2020-02-08_11:35:13.347[Status]{'coordinate': [871.0317187499347, 491.48134867372517], 'id': 13}
2020-02-08_11:35:13.347[Status]Routing 94: Walk: 78
2020-02-08_11:35:13.450[Battery Energy]72.38
2020-02-08_11:35:13.450[Status]Routing Start.
2020-02-08_11:35:13.728[Status]{'coordinate': [880.5193048877544, 494.6413659644139], 'id': 13}
2020-02-08_11:35:13.728[Status]Routing 95: Walk: 79
2020-02-08_11:35:13.830[Battery Energy]72.08
2020-02-08_11:35:13.830[Status]Routing Start.
2020-02-08_11:35:14.076[Status]{'coordinate': [890.0068910255741, 497.80138325510273], 'id': 13}
2020-02-08_11:35:14.076[Status]Routing 96: Walk: 80
2020-02-08_11:35:14.185[Battery Energy]71.80
2020-02-08_11:35:14.185[Status]Routing Start.
2020-02-08_11:35:14.496[Status]{'coordinate': [899.4944771633938, 500.96140054579155], 'id': 13}
2020-02-08_11:35:14.496[Status]Routing 97: Walk: 81
2020-02-08_11:35:14.602[Battery Energy]71.50
2020-02-08_11:35:14.602[Status]Routing Start.
2020-02-08_11:35:14.880[Status]{'coordinate': [908.9820633012134, 504.1214178364803], 'id': 13}
2020-02-08_11:35:14.880[Status]Routing 98: Walk: 82
2020-02-08_11:35:14.994[Battery Energy]71.20
2020-02-08_11:35:14.994[Status]Routing Start.
2020-02-08_11:35:15.323[Status]{'coordinate': [918.4696494390331, 507.2814351271691], 'id': 13}
2020-02-08_11:35:15.323[Status]Routing 99: Walk: 83
2020-02-08_11:35:15.423[Battery Energy]70.91
2020-02-08_11:35:15.423[Status]Routing Start.
2020-02-08_11:35:15.734[Status]{'coordinate': [927.9572355768528, 510.4414524178579], 'id': 13}
2020-02-08_11:35:15.734[Status]Routing 100: Walk: 84
2020-02-08_11:35:15.842[Battery Energy]70.61
2020-02-08_11:35:15.842[Status]Routing Start.
2020-02-08_11:35:15.990[Status]{'coordinate': [937.4448217146725, 513.6014697085467], 'id': 13}
2020-02-08_11:35:15.991[Status]Routing 101: Walk: 85
2020-02-08_11:35:16.094[Battery Energy]70.40
2020-02-08_11:35:16.094[Status]Routing Start.
2020-02-08_11:35:16.404[Status]{'coordinate': [946.9324078524921, 516.7614869992354], 'id': 13}
2020-02-08_11:35:16.404[Status]Routing 102: Walk: 86
2020-02-08_11:35:16.504[Battery Energy]70.09
2020-02-08_11:35:16.504[Status]Routing Start.
2020-02-08_11:35:16.670[Status]{'coordinate': [956.4199939903118, 519.9215042899242], 'id': 13}
2020-02-08_11:35:16.670[Status]Routing 103: Walk: 87
2020-02-08_11:35:16.771[Battery Energy]69.88
2020-02-08_11:35:16.771[Status]Routing Start.
2020-02-08_11:35:17.031[Status]{'coordinate': [965.9075801281315, 523.081521580613], 'id': 13}
2020-02-08_11:35:17.031[Status]Routing 104: Walk: 88
2020-02-08_11:35:17.134[Battery Energy]69.58
2020-02-08_11:35:17.134[Status]Routing Start.
2020-02-08_11:35:17.293[Status]{'coordinate': [975.3951662659512, 526.2415388713017], 'id': 13}
2020-02-08_11:35:17.293[Status]Routing 105: Walk: 89
2020-02-08_11:35:17.414[Battery Energy]69.37
2020-02-08_11:35:17.414[Status]Routing Start.
2020-02-08_11:35:17.559[Status]{'coordinate': [984.8827524037708, 529.4015561619905], 'id': 13}
2020-02-08_11:35:17.559[Status]Routing 106: Walk: 90
2020-02-08_11:35:17.662[Battery Energy]69.18
2020-02-08_11:35:17.662[Status]Routing Start.
2020-02-08_11:35:17.821[Status]{'coordinate': [994.3703385415905, 532.5615734526792], 'id': 13}
2020-02-08_11:35:17.821[Status]Routing 107: Walk: 91
2020-02-08_11:35:17.921[Battery Energy]68.98
2020-02-08_11:35:17.921[Status]Routing Start.
2020-02-08_11:35:18.081[Status]{'coordinate': [1003.8579246794102, 535.721590743368], 'id': 13}
2020-02-08_11:35:18.081[Status]Routing 108: Walk: 92
2020-02-08_11:35:18.194[Battery Energy]68.75
2020-02-08_11:35:18.194[Status]Routing Start.
2020-02-08_11:35:18.425[Status]{'coordinate': [1013.3455108172299, 538.8816080340567], 'id': 13}
2020-02-08_11:35:18.425[Status]Routing 109: Walk: 93
2020-02-08_11:35:18.530[Battery Energy]68.47
2020-02-08_11:35:18.530[Status]Routing Start.
2020-02-08_11:35:18.689[Status]{'coordinate': [1022.8330969550495, 542.0416253247455], 'id': 13}
2020-02-08_11:35:18.689[Status]Routing 110: Walk: 94
2020-02-08_11:35:18.790[Battery Energy]68.23
2020-02-08_11:35:18.790[Status]Routing Start.
2020-02-08_11:35:18.926[Status]{'coordinate': [1032.320683092869, 545.2016426154343], 'id': 13}
2020-02-08_11:35:18.926[Status]Routing 111: Walk: 95
2020-02-08_11:35:19.042[Battery Energy]68.03
2020-02-08_11:35:19.042[Status]Routing Start.
2020-02-08_11:35:19.269[Status]{'coordinate': [1041.8082692306887, 548.361659906123], 'id': 13}
2020-02-08_11:35:19.269[Status]Routing 112: Walk: 96
2020-02-08_11:35:19.369[Battery Energy]67.75
2020-02-08_11:35:19.369[Status]Routing Start.
2020-02-08_11:35:19.498[Status]{'coordinate': [1051.2958553685082, 551.5216771968118], 'id': 13}
2020-02-08_11:35:19.498[Status]Routing 113: Walk: 97
2020-02-08_11:35:19.602[Battery Energy]67.56
2020-02-08_11:35:19.602[Status]Routing Start.
2020-02-08_11:35:19.848[Status]{'coordinate': [1060.7834415063278, 554.6816944875005], 'id': 13}
2020-02-08_11:35:19.848[Status]Routing 114: Walk: 98
2020-02-08_11:35:19.950[Battery Energy]67.31
2020-02-08_11:35:19.950[Status]Routing Start.
2020-02-08_11:35:20.109[Status]{'coordinate': [1070.2710276441474, 557.8417117781893], 'id': 13}
2020-02-08_11:35:20.109[Status]Routing 115: Walk: 99
2020-02-08_11:35:20.218[Battery Energy]67.10
2020-02-08_11:35:20.218[Status]Routing Start.
2020-02-08_11:35:20.342[Status]{'coordinate': [1079.758613781967, 561.001729068878], 'id': 13}
2020-02-08_11:35:20.342[Status]Routing 116: Walk: 100
2020-02-08_11:35:20.442[Battery Energy]66.89
2020-02-08_11:35:20.442[Status]Routing Start.
2020-02-08_11:35:20.593[Status]{'coordinate': [1089.2461999197865, 564.1617463595668], 'id': 13}
2020-02-08_11:35:20.593[Status]Routing 117: Walk: 101
2020-02-08_11:35:20.694[Battery Energy]66.69
2020-02-08_11:35:20.694[Status]Routing Start.
2020-02-08_11:35:20.864[Status]{'coordinate': [1098.733786057606, 567.3217636502555], 'id': 13}
2020-02-08_11:35:20.864[Status]Routing 118: Walk: 102
2020-02-08_11:35:20.969[Battery Energy]66.48
2020-02-08_11:35:20.969[Status]Routing Start.
2020-02-08_11:35:21.123[Status]{'coordinate': [1108.2213721954256, 570.4817809409443], 'id': 13}
2020-02-08_11:35:21.123[Status]Routing 119: Walk: 103
2020-02-08_11:35:21.223[Battery Energy]66.26
2020-02-08_11:35:21.223[Status]Routing Start.
2020-02-08_11:35:21.521[Status]{'coordinate': [1117.7089583332452, 573.6417982316331], 'id': 13}
2020-02-08_11:35:21.521[Status]Routing 120: Walk: 104
2020-02-08_11:35:21.634[Battery Energy]66.00
2020-02-08_11:35:21.634[Status]Routing Start.
2020-02-08_11:35:21.838[Status]{'coordinate': [1127.1965444710647, 576.8018155223218], 'id': 13}
2020-02-08_11:35:21.838[Status]Routing 121: Walk: 105
2020-02-08_11:35:21.939[Battery Energy]65.78
2020-02-08_11:35:21.939[Status]Routing Start.
2020-02-08_11:35:22.201[Status]{'coordinate': [1136.6841306088843, 579.9618328130106], 'id': 13}
2020-02-08_11:35:22.201[Status]Routing 122: Walk: 106
2020-02-08_11:35:22.314[Battery Energy]65.49
2020-02-08_11:35:22.314[Status]Routing Start.
2020-02-08_11:35:22.542[Status]{'coordinate': [1146.1717167467039, 583.1218501036993], 'id': 13}
2020-02-08_11:35:22.543[Status]Routing 123: Walk: 107
2020-02-08_11:35:22.643[Battery Energy]65.22
2020-02-08_11:35:22.643[Status]Routing Start.
2020-02-08_11:35:22.985[Status]{'coordinate': [1143.1148508574556, 592.6431720148181], 'id': 13}
2020-02-08_11:35:22.985[Status]Routing 124: Walk: 108
2020-02-08_11:35:23.086[Battery Energy]64.82
2020-02-08_11:35:23.086[Status]Routing Start.
2020-02-08_11:35:23.427[Status]{'coordinate': [1137.81240724022, 601.121620675159], 'id': 13}
2020-02-08_11:35:23.427[Status]Routing 125: Walk: 109
2020-02-08_11:35:23.528[Battery Energy]64.43
2020-02-08_11:35:23.528[Status]Routing Start.
2020-02-08_11:35:23.657[Status]{'coordinate': [1147.677127172424, 602.7609195067254], 'id': 13}
2020-02-08_11:35:23.657[Status]Routing 126: Walk: 110
2020-02-08_11:35:23.757[Battery Energy]64.26
2020-02-08_11:35:23.757[Status]Routing Start.
2020-02-08_11:35:24.250[Status]{'coordinate': [1140.585492931602, 609.8113608967662], 'id': 13}
2020-02-08_11:35:24.250[Status]Routing 127: Walk: 111
2020-02-08_11:35:24.354[Battery Energy]63.85
2020-02-08_11:35:24.355[Status]Routing Start.
2020-02-08_11:35:24.738[Status]{'coordinate': [1138.6021000486612, 619.6126951259363], 'id': 13}
2020-02-08_11:35:24.739[Status]Routing 128: Walk: 112
2020-02-08_11:35:24.839[Battery Energy]63.45
2020-02-08_11:35:24.840[Status]Routing Start.
2020-02-08_11:35:24.972[Status]{'coordinate': [1148.6005141221158, 619.7907850350933], 'id': 13}
2020-02-08_11:35:24.972[Status]Routing 129: Walk: 113
2020-02-08_11:35:25.080[Battery Energy]63.25
2020-02-08_11:35:25.080[Status]Routing Start.
2020-02-08_11:35:25.530[Status]{'coordinate': [1149.590775182718, 629.7416333924875], 'id': 13}
2020-02-08_11:35:25.534[Status]Routing 130: Walk: 114
2020-02-08_11:35:25.636[Battery Energy]62.82
2020-02-08_11:35:25.636[Status]Routing Start.
2020-02-08_11:35:25.849[Status]{'coordinate': [1159.566169067351, 629.0405507679511], 'id': 13}
2020-02-08_11:35:25.849[Status]Routing 131: Walk: 115
2020-02-08_11:35:25.949[Battery Energy]62.59
2020-02-08_11:35:25.949[Status]Routing Start.
2020-02-08_11:35:26.271[Status]{'coordinate': [1169.541562951984, 628.3394681434147], 'id': 13}
2020-02-08_11:35:26.271[Status]Routing 132: Walk: 116
2020-02-08_11:35:26.381[Battery Energy]62.29
2020-02-08_11:35:26.381[Status]Routing Start.
2020-02-08_11:35:26.587[Status]{'coordinate': [1179.5169568366168, 627.6383855188783], 'id': 13}
2020-02-08_11:35:26.587[Status]Routing 133: Walk: 117
2020-02-08_11:35:26.688[Battery Energy]62.03
2020-02-08_11:35:26.688[Status]Routing Start.
2020-02-08_11:35:26.840[Status]{'coordinate': [1189.4923507212497, 626.9373028943419], 'id': 13}
2020-02-08_11:35:26.841[Status]Routing 134: Walk: 118
2020-02-08_11:35:26.950[Battery Energy]61.81
2020-02-08_11:35:26.950[Status]Routing Start.
2020-02-08_11:35:27.121[Status]{'coordinate': [1199.4677446058827, 626.2362202698055], 'id': 13}
2020-02-08_11:35:27.121[Status]Routing 135: Walk: 119
2020-02-08_11:35:27.227[Battery Energy]61.59
2020-02-08_11:35:27.227[Status]Routing Start.
2020-02-08_11:35:27.361[Status]{'coordinate': [1209.4431384905156, 625.5351376452691], 'id': 13}
2020-02-08_11:35:27.361[Status]Routing 136: Walk: 120
2020-02-08_11:35:27.461[Battery Energy]61.38
2020-02-08_11:35:27.461[Status]Routing Start.
2020-02-08_11:35:27.594[Status]{'coordinate': [1219.4185323751485, 624.8340550207326], 'id': 13}
2020-02-08_11:35:27.595[Status]Routing 137: Walk: 121
2020-02-08_11:35:27.702[Battery Energy]61.18
2020-02-08_11:35:27.702[Status]Routing Start.
2020-02-08_11:35:27.884[Status]{'coordinate': [1229.3939262597814, 624.1329723961961], 'id': 13}
2020-02-08_11:35:27.884[Status]Routing 138: Walk: 122
2020-02-08_11:35:27.990[Battery Energy]61.00
2020-02-08_11:35:27.990[Status]Routing Start.
2020-02-08_11:35:28.158[Status]{'coordinate': [1239.3693201444144, 623.4318897716597], 'id': 13}
2020-02-08_11:35:28.158[Status]Routing 139: Walk: 123
2020-02-08_11:35:28.274[Battery Energy]60.80
2020-02-08_11:35:28.274[Status]Routing Start.
2020-02-08_11:35:28.568[Status]{'coordinate': [1249.3447140290473, 622.7308071471232], 'id': 13}
2020-02-08_11:35:28.568[Status]Routing 140: Walk: 124
2020-02-08_11:35:28.674[Battery Energy]60.53
2020-02-08_11:35:28.674[Status]Routing Start.
2020-02-08_11:35:29.012[Status]{'coordinate': [1259.3201079136802, 622.0297245225868], 'id': 13}
2020-02-08_11:35:29.012[Status]Routing 141: Walk: 125
2020-02-08_11:35:29.118[Battery Energy]60.22
2020-02-08_11:35:29.118[Status]Routing Start.
2020-02-08_11:35:29.118[Status]Task Finished.
2020-02-08_11:35:29.218[Battery Energy]60.22
2020-02-08_11:35:29.445[Status]Routing 143: Walk: 125
2020-02-08_11:35:29.545[Battery Energy]60.04
2020-02-08_11:35:29.827[Status]Routing 144: Walk: 125
2020-02-08_11:35:29.927[Battery Energy]59.82
2020-02-08_11:35:30.269[Status]Routing 145: Walk: 125
2020-02-08_11:35:30.369[Battery Energy]59.60
2020-02-08_11:35:30.533[Status]Routing 146: Walk: 125
2020-02-08_11:35:30.633[Battery Energy]59.50
2020-02-08_11:35:30.951[Status]Routing 147: Walk: 125
2020-02-08_11:35:31.051[Battery Energy]59.28
2020-02-08_11:35:31.203[Status]Routing 148: Walk: 125
2020-02-08_11:35:31.314[Battery Energy]59.18
2020-02-08_11:35:31.597[Status]Routing 149: Walk: 125
2020-02-08_11:35:31.710[Battery Energy]58.99
2020-02-08_11:35:32.026[Status]Routing 150: Walk: 125
2020-02-08_11:35:32.132[Battery Energy]58.77
2020-02-08_11:35:32.453[Status]Routing 151: Walk: 125
2020-02-08_11:35:32.562[Battery Energy]58.52
2020-02-08_11:35:32.844[Status]Routing 152: Walk: 125
2020-02-08_11:35:32.944[Battery Energy]58.32
2020-02-08_11:35:33.227[Status]Routing 153: Walk: 125
2020-02-08_11:35:33.334[Battery Energy]58.12
2020-02-08_11:35:33.475[Status]Routing 154: Walk: 125
2020-02-08_11:35:33.582[Battery Energy]58.00
2020-02-08_11:35:33.789[Status]Routing 155: Walk: 125
2020-02-08_11:35:33.892[Battery Energy]57.86
2020-02-08_11:35:34.039[Status]Routing 156: Walk: 125
2020-02-08_11:35:34.139[Battery Energy]57.74
2020-02-08_11:35:34.366[Status]Routing 157: Walk: 125
2020-02-08_11:35:34.466[Battery Energy]57.59
2020-02-08_11:35:34.609[Status]Routing 158: Walk: 125
2020-02-08_11:35:34.712[Battery Energy]57.47
2020-02-08_11:35:34.983[Status]Routing 159: Walk: 125
2020-02-08_11:35:35.094[Battery Energy]57.28
2020-02-08_11:35:35.250[Status]Routing 160: Walk: 125
2020-02-08_11:35:35.355[Battery Energy]57.14
2020-02-08_11:35:35.507[Status]Routing 161: Walk: 125
2020-02-08_11:35:35.608[Battery Energy]57.01
2020-02-08_11:35:35.788[Status]Routing 162: Walk: 125
2020-02-08_11:35:35.893[Battery Energy]56.90
2020-02-08_11:35:36.050[Status]Routing 163: Walk: 125
2020-02-08_11:35:36.158[Battery Energy]56.78
2020-02-08_11:35:36.300[Status]Routing 164: Walk: 125
2020-02-08_11:35:36.420[Battery Energy]56.68
2020-02-08_11:35:36.552[Status]Routing 165: Walk: 125
2020-02-08_11:35:36.652[Battery Energy]56.56
2020-02-08_11:35:36.814[Status]Routing 166: Walk: 125
2020-02-08_11:35:36.921[Battery Energy]56.46
2020-02-08_11:35:37.059[Status]Routing 167: Walk: 125
2020-02-08_11:35:37.163[Battery Energy]56.35
2020-02-08_11:35:37.343[Status]Routing 168: Walk: 125
2020-02-08_11:35:37.457[Battery Energy]56.23
2020-02-08_11:35:37.576[Status]Routing 169: Walk: 125
2020-02-08_11:35:37.676[Battery Energy]56.14
2020-02-08_11:35:37.844[Status]Routing 170: Walk: 125
2020-02-08_11:35:37.944[Battery Energy]56.03
2020-02-08_11:35:38.101[Status]Routing 171: Walk: 125
2020-02-08_11:35:38.212[Battery Energy]55.93
2020-02-08_11:35:38.362[Status]Routing 172: Walk: 125
2020-02-08_11:35:38.474[Battery Energy]55.81
2020-02-08_11:35:38.649[Status]Routing 173: Walk: 125
2020-02-08_11:35:38.758[Battery Energy]55.70
2020-02-08_11:35:38.917[Status]Routing 174: Walk: 125
2020-02-08_11:35:39.034[Battery Energy]55.60
2020-02-08_11:35:39.167[Status]Routing 175: Walk: 125
2020-02-08_11:35:39.267[Battery Energy]55.51
2020-02-08_11:35:39.446[Status]Routing 176: Walk: 125
2020-02-08_11:35:39.550[Battery Energy]55.40
2020-02-08_11:35:39.701[Status]Routing 177: Walk: 125
2020-02-08_11:35:39.801[Battery Energy]55.30
2020-02-08_11:35:39.948[Status]Routing 178: Walk: 125
2020-02-08_11:35:40.058[Battery Energy]55.20
2020-02-08_11:35:40.292[Status]Routing 179: Walk: 125
2020-02-08_11:35:40.392[Battery Energy]55.09
2020-02-08_11:35:40.565[Status]Routing 180: Walk: 125
2020-02-08_11:35:40.666[Battery Energy]54.98
