2020-01-29_15:48:46.044[Status]Start.
2020-01-29_15:48:46.045[Battery Energy]74.00
2020-01-29_15:48:47.146[Battery Energy]73.96
2020-01-29_15:48:48.247[Battery Energy]73.92
2020-01-29_15:48:49.348[Battery Energy]73.88
2020-01-29_15:48:50.449[Battery Energy]73.84
2020-01-29_15:48:51.550[Task]A New Task Released.
2020-01-29_15:48:51.550[Battery Energy]73.80
2020-01-29_15:48:51.550[Status]Selection Start.
2020-01-29_15:48:52.893[Status]Selection End: Do Task 2.
2020-01-29_15:48:53.017[Battery Energy]72.86
2020-01-29_15:48:53.020[Status]Formation Start.
2020-01-29_15:48:53.167[Status]number of tasks is 7
2020-01-29_15:48:53.173[Status]my group tasks is [ 1059.42353462   243.24495385]
2020-01-29_15:48:53.174[Status]my group tasks is [ 1011.93217925   205.37186174]
2020-01-29_15:48:53.175[Status]my group tasks is [ 1011.93217925   144.62813826]
2020-01-29_15:48:53.175[Status]my group tasks is [ 1059.42353462   106.75504615]
2020-01-29_15:48:53.188[Status]my group tasks is [ 1118.64428613   120.27179623]
2020-01-29_15:48:53.191[Status]my group tasks is [ 1145.   175.]
2020-01-29_15:48:53.201[Status]my group tasks is [ 1118.64428613   229.72820377]
2020-01-29_15:48:53.247[Status]mygroup_robots_utility is {16: [19.247250441764223, 17.395348126337225, 19.33831635617752, 36.91913689990584, 16.903073317820045, 17.262887125856068, 36.54866766480051], 17: [16.97375474055378, 17.814939814308204, 18.74165202747694, 17.64141212789156, 38.70088263908289, 33.80614663564009, 18.89841801033687], 18: [16.250667882593444, 17.152403697882868, 34.4881626813195, 16.148700636526105, 17.68166211155863, 15.45402160644371, 15.495679151881136], 19: [16.865664453631908, 17.10047208572468, 16.13422941977356, 17.456243229697087, 15.34422157139463, 15.237289542825017, 31.745421286886895], 20: [33.99275725518828, 34.863639127432926, 19.401548273682277, 38.82053338740311, 17.419153351531307, 18.480449203124994, 18.46272628261526], 14: [19.25042205772139, 33.66120709713903, 18.367553948532393, 19.173556274237864, 18.211180372264923, 34.39847285795922, 34.6221498090874], 15: [19.500218786406844, 35.9141237006315, 18.418051916137568, 19.525693071952833, 20.508399353081842, 20.495826797270297, 36.79980459125338]}
2020-01-29_15:48:53.247[Status]self.local_queue is [14, 15, 16, 17, 18, 19, 20]
2020-01-29_15:48:53.247[Status]task_chosen index is 6
2020-01-29_15:48:53.247[Status]task_chosen index is 1
2020-01-29_15:48:53.247[Status]task_chosen index is 3
2020-01-29_15:48:53.248[Status]task_chosen index is 4
2020-01-29_15:48:53.248[Status]myindex_in_queue is 4
2020-01-29_15:48:53.248[Status]task destination is [1011.9321792468306, 144.62813826177094]
2020-01-29_15:48:53.358[Battery Energy]72.70
2020-01-29_15:48:53.358[Status]Routing Start.
2020-01-29_15:48:53.485[Status]{'id': 17, 'coordinate': [136.095399742325, 544.8438354787961]}
2020-01-29_15:48:53.485[Status]Routing 1: Walk: 1
2020-01-29_15:48:53.614[Battery Energy]72.48
2020-01-29_15:48:53.615[Status]Routing Start.
2020-01-29_15:48:53.729[Status]{'id': 17, 'coordinate': [145.19079948464997, 540.6876709575922]}
2020-01-29_15:48:53.729[Status]Routing 2: Walk: 2
2020-01-29_15:48:53.829[Battery Energy]72.29
2020-01-29_15:48:53.829[Status]Routing Start.
2020-01-29_15:48:53.961[Status]{'id': 17, 'coordinate': [154.28619922697496, 536.5315064363883]}
2020-01-29_15:48:53.961[Status]Routing 3: Walk: 3
2020-01-29_15:48:54.066[Battery Energy]72.07
2020-01-29_15:48:54.066[Status]Routing Start.
2020-01-29_15:48:54.212[Status]{'id': 17, 'coordinate': [163.38159896929994, 532.3753419151844]}
2020-01-29_15:48:54.213[Status]Routing 4: Walk: 4
2020-01-29_15:48:54.321[Battery Energy]71.85
2020-01-29_15:48:54.321[Status]Routing Start.
2020-01-29_15:48:54.505[Status]{'id': 17, 'coordinate': [172.47699871162493, 528.2191773939805]}
2020-01-29_15:48:54.505[Status]Routing 5: Walk: 5
2020-01-29_15:48:54.622[Battery Energy]71.62
2020-01-29_15:48:54.622[Status]Routing Start.
2020-01-29_15:48:54.781[Status]{'id': 17, 'coordinate': [181.57239845394992, 524.0630128727767]}
2020-01-29_15:48:54.781[Status]Routing 6: Walk: 6
2020-01-29_15:48:54.881[Battery Energy]71.43
2020-01-29_15:48:54.881[Status]Routing Start.
2020-01-29_15:48:55.334[Status]Routing 7: Walk: 6
2020-01-29_15:48:55.435[Battery Energy]71.04
2020-01-29_15:48:55.435[Status]Routing Start.
2020-01-29_15:48:55.694[Status]Routing 8: Walk: 6
2020-01-29_15:48:55.799[Battery Energy]70.78
2020-01-29_15:48:55.799[Status]Routing Start.
2020-01-29_15:48:56.137[Status]Routing 9: Walk: 6
2020-01-29_15:48:56.238[Battery Energy]70.46
2020-01-29_15:48:56.238[Status]Routing Start.
2020-01-29_15:48:56.500[Status]Routing 10: Walk: 6
2020-01-29_15:48:56.600[Battery Energy]70.19
2020-01-29_15:48:56.600[Status]Routing Start.
2020-01-29_15:48:57.001[Status]Routing 11: Walk: 6
2020-01-29_15:48:57.105[Battery Energy]69.82
2020-01-29_15:48:57.105[Status]Routing Start.
2020-01-29_15:48:57.415[Status]Routing 12: Walk: 6
2020-01-29_15:48:57.522[Battery Energy]69.51
2020-01-29_15:48:57.522[Status]Routing Start.
2020-01-29_15:48:57.798[Status]Routing 13: Walk: 6
2020-01-29_15:48:57.910[Battery Energy]69.24
2020-01-29_15:48:57.910[Status]Routing Start.
2020-01-29_15:48:58.103[Status]{'id': 17, 'coordinate': [190.6677981962749, 519.9068483515728]}
2020-01-29_15:48:58.103[Status]Routing 14: Walk: 7
2020-01-29_15:48:58.206[Battery Energy]68.98
2020-01-29_15:48:58.206[Status]Routing Start.
2020-01-29_15:48:58.514[Status]{'id': 17, 'coordinate': [199.7631979385999, 515.7506838303689]}
2020-01-29_15:48:58.518[Status]Routing 15: Walk: 8
2020-01-29_15:48:58.618[Battery Energy]68.66
2020-01-29_15:48:58.618[Status]Routing Start.
2020-01-29_15:48:58.919[Status]{'id': 17, 'coordinate': [208.85859768092487, 511.5945193091649]}
2020-01-29_15:48:58.919[Status]Routing 16: Walk: 9
2020-01-29_15:48:59.019[Battery Energy]68.34
2020-01-29_15:48:59.019[Status]Routing Start.
2020-01-29_15:48:59.324[Status]{'id': 17, 'coordinate': [217.95399742324986, 507.438354787961]}
2020-01-29_15:48:59.329[Status]Routing 17: Walk: 10
2020-01-29_15:48:59.430[Battery Energy]68.01
2020-01-29_15:48:59.430[Status]Routing Start.
2020-01-29_15:48:59.719[Status]{'id': 17, 'coordinate': [227.04939716557485, 503.282190266757]}
2020-01-29_15:48:59.720[Status]Routing 18: Walk: 11
2020-01-29_15:48:59.826[Battery Energy]67.71
2020-01-29_15:48:59.826[Status]Routing Start.
2020-01-29_15:49:00.115[Status]{'id': 17, 'coordinate': [236.14479690789983, 499.1260257455531]}
2020-01-29_15:49:00.115[Status]Routing 19: Walk: 12
2020-01-29_15:49:00.216[Battery Energy]67.40
2020-01-29_15:49:00.216[Status]Routing Start.
2020-01-29_15:49:00.517[Status]{'id': 17, 'coordinate': [245.24019665022482, 494.96986122434913]}
2020-01-29_15:49:00.517[Status]Routing 20: Walk: 13
2020-01-29_15:49:00.626[Battery Energy]67.07
2020-01-29_15:49:00.626[Status]Routing Start.
2020-01-29_15:49:00.922[Status]{'id': 17, 'coordinate': [254.3355963925498, 490.8136967031452]}
2020-01-29_15:49:00.922[Status]Routing 21: Walk: 14
2020-01-29_15:49:01.027[Battery Energy]66.75
2020-01-29_15:49:01.029[Status]Routing Start.
2020-01-29_15:49:01.167[Status]{'id': 17, 'coordinate': [263.4309961348748, 486.65753218194124]}
2020-01-29_15:49:01.167[Status]Routing 22: Walk: 15
2020-01-29_15:49:01.281[Battery Energy]66.54
2020-01-29_15:49:01.281[Status]Routing Start.
2020-01-29_15:49:01.399[Status]{'id': 17, 'coordinate': [272.52639587719983, 482.5013676607373]}
2020-01-29_15:49:01.399[Status]Routing 23: Walk: 16
2020-01-29_15:49:01.499[Battery Energy]66.34
2020-01-29_15:49:01.499[Status]Routing Start.
2020-01-29_15:49:01.831[Status]{'id': 17, 'coordinate': [281.62179561952485, 478.34520313953334]}
2020-01-29_15:49:01.833[Status]Routing 24: Walk: 17
2020-01-29_15:49:01.949[Battery Energy]66.00
2020-01-29_15:49:01.950[Status]Routing Start.
2020-01-29_15:49:02.074[Status]{'id': 17, 'coordinate': [290.71719536184986, 474.1890386183294]}
2020-01-29_15:49:02.074[Status]Routing 25: Walk: 18
2020-01-29_15:49:02.186[Battery Energy]65.81
2020-01-29_15:49:02.186[Status]Routing Start.
2020-01-29_15:49:02.317[Status]{'id': 17, 'coordinate': [299.8125951041749, 470.03287409712544]}
2020-01-29_15:49:02.317[Status]Routing 26: Walk: 19
2020-01-29_15:49:02.422[Battery Energy]65.60
2020-01-29_15:49:02.422[Status]Routing Start.
2020-01-29_15:49:02.566[Status]{'id': 17, 'coordinate': [308.9079948464999, 465.8767095759215]}
2020-01-29_15:49:02.566[Status]Routing 27: Walk: 20
2020-01-29_15:49:02.671[Battery Energy]65.38
2020-01-29_15:49:02.671[Status]Routing Start.
2020-01-29_15:49:02.798[Status]{'id': 17, 'coordinate': [318.0033945888249, 461.72054505471755]}
2020-01-29_15:49:02.798[Status]Routing 28: Walk: 21
2020-01-29_15:49:02.906[Battery Energy]65.19
2020-01-29_15:49:02.906[Status]Routing Start.
2020-01-29_15:49:03.061[Status]{'id': 17, 'coordinate': [327.0987943311499, 457.5643805335136]}
2020-01-29_15:49:03.061[Status]Routing 29: Walk: 22
2020-01-29_15:49:03.174[Battery Energy]64.94
2020-01-29_15:49:03.174[Status]Routing Start.
2020-01-29_15:49:03.464[Status]{'id': 17, 'coordinate': [336.19419407347493, 453.40821601230965]}
2020-01-29_15:49:03.465[Status]Routing 30: Walk: 23
2020-01-29_15:49:03.570[Battery Energy]64.62
2020-01-29_15:49:03.570[Status]Routing Start.
2020-01-29_15:49:03.849[Status]{'id': 17, 'coordinate': [345.28959381579995, 449.2520514911057]}
2020-01-29_15:49:03.850[Status]Routing 31: Walk: 24
2020-01-29_15:49:03.966[Battery Energy]64.30
2020-01-29_15:49:03.966[Status]Routing Start.
2020-01-29_15:49:04.277[Status]{'id': 17, 'coordinate': [354.38499355812496, 445.09588696990176]}
2020-01-29_15:49:04.279[Status]Routing 32: Walk: 25
2020-01-29_15:49:04.382[Battery Energy]63.99
2020-01-29_15:49:04.382[Status]Routing Start.
2020-01-29_15:49:04.671[Status]{'id': 17, 'coordinate': [363.48039330045, 440.9397224486978]}
2020-01-29_15:49:04.671[Status]Routing 33: Walk: 26
2020-01-29_15:49:04.771[Battery Energy]63.66
2020-01-29_15:49:04.771[Status]Routing Start.
2020-01-29_15:49:05.081[Status]{'id': 17, 'coordinate': [372.575793042775, 436.78355792749386]}
2020-01-29_15:49:05.082[Status]Routing 34: Walk: 27
2020-01-29_15:49:05.183[Battery Energy]63.37
2020-01-29_15:49:05.183[Status]Routing Start.
2020-01-29_15:49:05.495[Status]{'id': 17, 'coordinate': [381.6711927851, 432.6273934062899]}
2020-01-29_15:49:05.495[Status]Routing 35: Walk: 28
2020-01-29_15:49:05.598[Battery Energy]63.02
2020-01-29_15:49:05.598[Status]Routing Start.
2020-01-29_15:49:05.733[Status]{'id': 17, 'coordinate': [390.766592527425, 428.47122888508596]}
2020-01-29_15:49:05.733[Status]Routing 36: Walk: 29
2020-01-29_15:49:05.834[Battery Energy]62.79
2020-01-29_15:49:05.835[Status]Routing Start.
2020-01-29_15:49:06.062[Status]{'id': 17, 'coordinate': [399.86199226975003, 424.315064363882]}
2020-01-29_15:49:06.067[Status]Routing 37: Walk: 30
2020-01-29_15:49:06.173[Battery Energy]62.56
2020-01-29_15:49:06.173[Status]Routing Start.
2020-01-29_15:49:06.447[Status]{'id': 17, 'coordinate': [408.95739201207505, 420.15889984267807]}
2020-01-29_15:49:06.447[Status]Routing 38: Walk: 31
2020-01-29_15:49:06.558[Battery Energy]62.30
2020-01-29_15:49:06.558[Status]Routing Start.
2020-01-29_15:49:06.850[Status]{'id': 17, 'coordinate': [418.05279175440006, 416.0027353214741]}
2020-01-29_15:49:06.852[Status]Routing 39: Walk: 32
2020-01-29_15:49:06.966[Battery Energy]62.00
2020-01-29_15:49:06.966[Status]Routing Start.
2020-01-29_15:49:07.243[Status]{'id': 17, 'coordinate': [427.1481914967251, 411.8465708002702]}
2020-01-29_15:49:07.244[Status]Routing 40: Walk: 33
2020-01-29_15:49:07.344[Battery Energy]61.64
2020-01-29_15:49:07.345[Status]Routing Start.
2020-01-29_15:49:07.566[Status]{'id': 17, 'coordinate': [436.2435912390501, 407.6904062790662]}
2020-01-29_15:49:07.566[Status]Routing 41: Walk: 34
2020-01-29_15:49:07.678[Battery Energy]61.42
2020-01-29_15:49:07.678[Status]Routing Start.
2020-01-29_15:49:07.800[Status]{'id': 17, 'coordinate': [445.3389909813751, 403.5342417578623]}
2020-01-29_15:49:07.800[Status]Routing 42: Walk: 35
2020-01-29_15:49:07.914[Battery Energy]61.21
2020-01-29_15:49:07.914[Status]Routing Start.
2020-01-29_15:49:08.225[Status]{'id': 17, 'coordinate': [454.4343907237001, 399.3780772366583]}
2020-01-29_15:49:08.226[Status]Routing 43: Walk: 36
2020-01-29_15:49:08.333[Battery Energy]60.91
2020-01-29_15:49:08.334[Status]Routing Start.
2020-01-29_15:49:08.462[Status]{'id': 17, 'coordinate': [463.52979046602513, 395.2219127154544]}
2020-01-29_15:49:08.463[Status]Routing 44: Walk: 37
2020-01-29_15:49:08.563[Battery Energy]60.72
2020-01-29_15:49:08.563[Status]Routing Start.
2020-01-29_15:49:08.888[Status]{'id': 17, 'coordinate': [472.62519020835015, 391.06574819425043]}
2020-01-29_15:49:08.888[Status]Routing 45: Walk: 38
2020-01-29_15:49:08.988[Battery Energy]60.38
2020-01-29_15:49:08.988[Status]Routing Start.
2020-01-29_15:49:09.129[Status]{'id': 17, 'coordinate': [481.72058995067516, 386.9095836730465]}
2020-01-29_15:49:09.129[Status]Routing 46: Walk: 39
2020-01-29_15:49:09.229[Battery Energy]60.20
2020-01-29_15:49:09.229[Status]Routing Start.
2020-01-29_15:49:09.404[Status]{'id': 17, 'coordinate': [490.8159896930002, 382.75341915184254]}
2020-01-29_15:49:09.404[Status]Routing 47: Walk: 40
2020-01-29_15:49:09.504[Battery Energy]59.98
2020-01-29_15:49:09.504[Status]Routing Start.
2020-01-29_15:49:09.656[Status]{'id': 17, 'coordinate': [499.9113894353252, 378.5972546306386]}
2020-01-29_15:49:09.656[Status]Routing 48: Walk: 41
2020-01-29_15:49:09.762[Battery Energy]59.78
2020-01-29_15:49:09.762[Status]Routing Start.
2020-01-29_15:49:09.900[Status]{'id': 17, 'coordinate': [509.0067891776502, 374.44109010943464]}
2020-01-29_15:49:09.901[Status]Routing 49: Walk: 42
2020-01-29_15:49:10.006[Battery Energy]59.59
2020-01-29_15:49:10.006[Status]Routing Start.
2020-01-29_15:49:10.150[Status]{'id': 17, 'coordinate': [518.1021889199752, 370.2849255882307]}
2020-01-29_15:49:10.150[Status]Routing 50: Walk: 43
2020-01-29_15:49:10.250[Battery Energy]59.39
2020-01-29_15:49:10.250[Status]Routing Start.
2020-01-29_15:49:10.378[Status]{'id': 17, 'coordinate': [527.1975886623002, 366.12876106702674]}
2020-01-29_15:49:10.378[Status]Routing 51: Walk: 44
2020-01-29_15:49:10.479[Battery Energy]59.18
2020-01-29_15:49:10.479[Status]Routing Start.
2020-01-29_15:49:10.618[Status]{'id': 17, 'coordinate': [536.2929884046251, 361.9725965458228]}
2020-01-29_15:49:10.619[Status]Routing 52: Walk: 45
2020-01-29_15:49:10.719[Battery Energy]58.98
2020-01-29_15:49:10.719[Status]Routing Start.
2020-01-29_15:49:10.850[Status]{'id': 17, 'coordinate': [545.3883881469501, 357.81643202461885]}
2020-01-29_15:49:10.850[Status]Routing 53: Walk: 46
2020-01-29_15:49:10.950[Battery Energy]58.79
2020-01-29_15:49:10.950[Status]Routing Start.
2020-01-29_15:49:11.230[Status]{'id': 17, 'coordinate': [554.483787889275, 353.6602675034149]}
2020-01-29_15:49:11.230[Status]Routing 54: Walk: 47
2020-01-29_15:49:11.330[Battery Energy]58.52
2020-01-29_15:49:11.330[Status]Routing Start.
2020-01-29_15:49:11.615[Status]{'id': 17, 'coordinate': [563.5791876316, 349.50410298221095]}
2020-01-29_15:49:11.615[Status]Routing 55: Walk: 48
2020-01-29_15:49:11.726[Battery Energy]58.20
2020-01-29_15:49:11.726[Status]Routing Start.
2020-01-29_15:49:12.005[Status]{'id': 17, 'coordinate': [572.674587373925, 345.347938461007]}
2020-01-29_15:49:12.006[Status]Routing 56: Walk: 49
2020-01-29_15:49:12.114[Battery Energy]57.89
2020-01-29_15:49:12.114[Status]Routing Start.
2020-01-29_15:49:12.375[Status]{'id': 17, 'coordinate': [581.7699871162499, 341.19177393980306]}
2020-01-29_15:49:12.376[Status]Routing 57: Walk: 50
2020-01-29_15:49:12.476[Battery Energy]57.64
2020-01-29_15:49:12.476[Status]Routing Start.
2020-01-29_15:49:12.799[Status]{'id': 17, 'coordinate': [590.8653868585749, 337.0356094185991]}
2020-01-29_15:49:12.799[Status]Routing 58: Walk: 51
2020-01-29_15:49:12.902[Battery Energy]57.36
2020-01-29_15:49:12.902[Status]Routing Start.
2020-01-29_15:49:13.223[Status]{'id': 17, 'coordinate': [599.9607866008998, 332.87944489739516]}
2020-01-29_15:49:13.223[Status]Routing 59: Walk: 52
2020-01-29_15:49:13.329[Battery Energy]57.03
2020-01-29_15:49:13.329[Status]Routing Start.
2020-01-29_15:49:13.650[Status]{'id': 17, 'coordinate': [609.0561863432248, 328.7232803761912]}
2020-01-29_15:49:13.650[Status]Routing 60: Walk: 53
2020-01-29_15:49:13.758[Battery Energy]56.69
2020-01-29_15:49:13.758[Status]Routing Start.
2020-01-29_15:49:13.883[Status]{'id': 17, 'coordinate': [618.1515860855498, 324.56711585498726]}
2020-01-29_15:49:13.884[Status]Routing 61: Walk: 54
2020-01-29_15:49:13.986[Battery Energy]56.48
2020-01-29_15:49:13.986[Status]Routing Start.
2020-01-29_15:49:14.244[Status]{'id': 17, 'coordinate': [627.2469858278747, 320.4109513337833]}
2020-01-29_15:49:14.244[Status]Routing 62: Walk: 55
2020-01-29_15:49:14.346[Battery Energy]56.21
2020-01-29_15:49:14.346[Status]Routing Start.
2020-01-29_15:49:14.480[Status]{'id': 17, 'coordinate': [636.3423855701997, 316.25478681257937]}
2020-01-29_15:49:14.481[Status]Routing 63: Walk: 56
2020-01-29_15:49:14.590[Battery Energy]56.00
2020-01-29_15:49:14.590[Status]Routing Start.
2020-01-29_15:49:14.718[Status]{'id': 17, 'coordinate': [645.4377853125246, 312.0986222913754]}
2020-01-29_15:49:14.718[Status]Routing 64: Walk: 57
2020-01-29_15:49:14.818[Battery Energy]55.78
2020-01-29_15:49:14.819[Status]Routing Start.
2020-01-29_15:49:14.954[Status]{'id': 17, 'coordinate': [654.5331850548496, 307.9424577701715]}
2020-01-29_15:49:14.956[Status]Routing 65: Walk: 58
2020-01-29_15:49:15.065[Battery Energy]55.58
2020-01-29_15:49:15.065[Status]Routing Start.
2020-01-29_15:49:15.200[Status]{'id': 17, 'coordinate': [663.6285847971745, 303.7862932489675]}
2020-01-29_15:49:15.200[Status]Routing 66: Walk: 59
2020-01-29_15:49:15.300[Battery Energy]55.36
2020-01-29_15:49:15.300[Status]Routing Start.
2020-01-29_15:49:15.444[Status]{'id': 17, 'coordinate': [672.7239845394995, 299.6301287277636]}
2020-01-29_15:49:15.445[Status]Routing 67: Walk: 60
2020-01-29_15:49:15.545[Battery Energy]55.15
2020-01-29_15:49:15.545[Status]Routing Start.
2020-01-29_15:49:15.670[Status]{'id': 17, 'coordinate': [681.8193842818245, 295.47396420655963]}
2020-01-29_15:49:15.671[Status]Routing 68: Walk: 61
2020-01-29_15:49:15.773[Battery Energy]54.93
2020-01-29_15:49:15.773[Status]Routing Start.
2020-01-29_15:49:15.925[Status]{'id': 17, 'coordinate': [690.9147840241494, 291.3177996853557]}
2020-01-29_15:49:15.925[Status]Routing 69: Walk: 62
2020-01-29_15:49:16.042[Battery Energy]54.71
2020-01-29_15:49:16.042[Status]Routing Start.
2020-01-29_15:49:16.151[Status]{'id': 17, 'coordinate': [700.0101837664744, 287.16163516415173]}
2020-01-29_15:49:16.151[Status]Routing 70: Walk: 63
2020-01-29_15:49:16.251[Battery Energy]54.51
2020-01-29_15:49:16.251[Status]Routing Start.
2020-01-29_15:49:16.422[Status]{'id': 17, 'coordinate': [709.1055835087993, 283.0054706429478]}
2020-01-29_15:49:16.422[Status]Routing 71: Walk: 64
2020-01-29_15:49:16.522[Battery Energy]54.28
2020-01-29_15:49:16.522[Status]Routing Start.
2020-01-29_15:49:16.668[Status]{'id': 17, 'coordinate': [718.2009832511243, 278.84930612174384]}
2020-01-29_15:49:16.668[Status]Routing 72: Walk: 65
2020-01-29_15:49:16.768[Battery Energy]54.08
2020-01-29_15:49:16.768[Status]Routing Start.
2020-01-29_15:49:16.937[Status]{'id': 17, 'coordinate': [727.2963829934492, 274.6931416005399]}
2020-01-29_15:49:16.938[Status]Routing 73: Walk: 66
2020-01-29_15:49:17.038[Battery Energy]53.86
2020-01-29_15:49:17.038[Status]Routing Start.
2020-01-29_15:49:17.188[Status]{'id': 17, 'coordinate': [736.3917827357742, 270.53697707933594]}
2020-01-29_15:49:17.188[Status]Routing 74: Walk: 67
2020-01-29_15:49:17.294[Battery Energy]53.63
2020-01-29_15:49:17.294[Status]Routing Start.
2020-01-29_15:49:17.435[Status]{'id': 17, 'coordinate': [745.4871824780992, 266.380812558132]}
2020-01-29_15:49:17.435[Status]Routing 75: Walk: 68
2020-01-29_15:49:17.537[Battery Energy]53.40
2020-01-29_15:49:17.537[Status]Routing Start.
2020-01-29_15:49:17.658[Status]{'id': 17, 'coordinate': [754.5825822204241, 262.22464803692804]}
2020-01-29_15:49:17.658[Status]Routing 76: Walk: 69
2020-01-29_15:49:17.759[Battery Energy]53.18
2020-01-29_15:49:17.759[Status]Routing Start.
2020-01-29_15:49:17.915[Status]{'id': 17, 'coordinate': [763.6779819627491, 258.0684835157241]}
2020-01-29_15:49:17.935[Status]Routing 77: Walk: 70
2020-01-29_15:49:18.046[Battery Energy]52.96
2020-01-29_15:49:18.046[Status]Routing Start.
2020-01-29_15:49:18.175[Status]{'id': 17, 'coordinate': [772.773381705074, 253.91231899452015]}
2020-01-29_15:49:18.176[Status]Routing 78: Walk: 71
2020-01-29_15:49:18.286[Battery Energy]52.76
2020-01-29_15:49:18.286[Status]Routing Start.
2020-01-29_15:49:18.413[Status]{'id': 17, 'coordinate': [781.868781447399, 249.7561544733162]}
2020-01-29_15:49:18.413[Status]Routing 79: Walk: 72
2020-01-29_15:49:18.513[Battery Energy]52.54
2020-01-29_15:49:18.513[Status]Routing Start.
2020-01-29_15:49:18.644[Status]{'id': 17, 'coordinate': [790.964181189724, 245.59998995211225]}
2020-01-29_15:49:18.644[Status]Routing 80: Walk: 73
2020-01-29_15:49:18.754[Battery Energy]52.33
2020-01-29_15:49:18.754[Status]Routing Start.
2020-01-29_15:49:18.883[Status]{'id': 17, 'coordinate': [800.0595809320489, 241.4438254309083]}
2020-01-29_15:49:18.883[Status]Routing 81: Walk: 74
2020-01-29_15:49:18.983[Battery Energy]52.11
2020-01-29_15:49:18.983[Status]Routing Start.
2020-01-29_15:49:19.129[Status]{'id': 17, 'coordinate': [809.1549806743739, 237.28766090970436]}
2020-01-29_15:49:19.129[Status]Routing 82: Walk: 75
2020-01-29_15:49:19.229[Battery Energy]51.88
2020-01-29_15:49:19.229[Status]Routing Start.
2020-01-29_15:49:19.559[Status]{'id': 17, 'coordinate': [818.2503804166988, 233.1314963885004]}
2020-01-29_15:49:19.559[Status]Routing 83: Walk: 76
2020-01-29_15:49:19.660[Battery Energy]51.57
2020-01-29_15:49:19.660[Status]Routing Start.
2020-01-29_15:49:19.803[Status]{'id': 17, 'coordinate': [827.3457801590238, 228.97533186729646]}
2020-01-29_15:49:19.803[Status]Routing 84: Walk: 77
2020-01-29_15:49:19.906[Battery Energy]51.36
2020-01-29_15:49:19.906[Status]Routing Start.
2020-01-29_15:49:20.041[Status]{'id': 17, 'coordinate': [836.4411799013487, 224.8191673460925]}
2020-01-29_15:49:20.042[Status]Routing 85: Walk: 78
2020-01-29_15:49:20.151[Battery Energy]51.14
2020-01-29_15:49:20.151[Status]Routing Start.
2020-01-29_15:49:20.444[Status]{'id': 17, 'coordinate': [845.5365796436737, 220.66300282488857]}
2020-01-29_15:49:20.444[Status]Routing 86: Walk: 79
2020-01-29_15:49:20.548[Battery Energy]50.85
2020-01-29_15:49:20.548[Status]Routing Start.
2020-01-29_15:49:20.842[Status]{'id': 17, 'coordinate': [854.6319793859986, 216.50683830368462]}
2020-01-29_15:49:20.842[Status]Routing 87: Walk: 80
2020-01-29_15:49:20.943[Battery Energy]50.60
2020-01-29_15:49:20.943[Status]Routing Start.
2020-01-29_15:49:21.258[Status]{'id': 17, 'coordinate': [863.7273791283236, 212.3506737824807]}
2020-01-29_15:49:21.259[Status]Routing 88: Walk: 81
2020-01-29_15:49:21.363[Battery Energy]50.27
2020-01-29_15:49:21.364[Status]Routing Start.
2020-01-29_15:49:21.644[Status]{'id': 17, 'coordinate': [872.8227788706486, 208.19450926127678]}
2020-01-29_15:49:21.645[Status]Routing 89: Walk: 82
2020-01-29_15:49:21.750[Battery Energy]49.94
2020-01-29_15:49:21.750[Status]Routing Start.
2020-01-29_15:49:22.050[Status]{'id': 17, 'coordinate': [881.9181786129735, 204.03834474007286]}
2020-01-29_15:49:22.050[Status]Routing 90: Walk: 83
2020-01-29_15:49:22.158[Battery Energy]49.64
2020-01-29_15:49:22.158[Status]Routing Start.
2020-01-29_15:49:22.433[Status]{'id': 17, 'coordinate': [891.0135783552985, 199.88218021886894]}
2020-01-29_15:49:22.433[Status]Routing 91: Walk: 84
2020-01-29_15:49:22.546[Battery Energy]49.36
2020-01-29_15:49:22.546[Status]Routing Start.
2020-01-29_15:49:22.814[Status]{'id': 17, 'coordinate': [900.1089780976234, 195.72601569766502]}
2020-01-29_15:49:22.816[Status]Routing 92: Walk: 85
2020-01-29_15:49:22.916[Battery Energy]49.08
2020-01-29_15:49:22.916[Status]Routing Start.
2020-01-29_15:49:23.200[Status]{'id': 17, 'coordinate': [909.2043778399484, 191.5698511764611]}
2020-01-29_15:49:23.204[Status]Routing 93: Walk: 86
2020-01-29_15:49:23.317[Battery Energy]48.77
2020-01-29_15:49:23.317[Status]Routing Start.
2020-01-29_15:49:23.445[Status]{'id': 17, 'coordinate': [918.2997775822734, 187.41368665525718]}
2020-01-29_15:49:23.445[Status]Routing 94: Walk: 87
2020-01-29_15:49:23.558[Battery Energy]48.57
2020-01-29_15:49:23.558[Status]Routing Start.
2020-01-29_15:49:23.671[Status]{'id': 17, 'coordinate': [927.3951773245983, 183.25752213405326]}
2020-01-29_15:49:23.671[Status]Routing 95: Walk: 88
2020-01-29_15:49:23.774[Battery Energy]48.37
2020-01-29_15:49:23.774[Status]Routing Start.
2020-01-29_15:49:23.922[Status]{'id': 17, 'coordinate': [936.4905770669233, 179.10135761284934]}
2020-01-29_15:49:23.922[Status]Routing 96: Walk: 89
2020-01-29_15:49:24.022[Battery Energy]48.14
2020-01-29_15:49:24.024[Status]Routing Start.
2020-01-29_15:49:24.237[Status]{'id': 17, 'coordinate': [945.5859768092482, 174.94519309164542]}
2020-01-29_15:49:24.237[Status]Routing 97: Walk: 90
2020-01-29_15:49:24.346[Battery Energy]47.86
2020-01-29_15:49:24.346[Status]Routing Start.
2020-01-29_15:49:24.474[Status]{'id': 17, 'coordinate': [954.6813765515732, 170.7890285704415]}
2020-01-29_15:49:24.474[Status]Routing 98: Walk: 91
2020-01-29_15:49:24.582[Battery Energy]47.67
2020-01-29_15:49:24.582[Status]Routing Start.
2020-01-29_15:49:24.809[Status]{'id': 17, 'coordinate': [963.7767762938981, 166.63286404923758]}
2020-01-29_15:49:24.809[Status]Routing 99: Walk: 92
2020-01-29_15:49:24.926[Battery Energy]47.39
2020-01-29_15:49:24.926[Status]Routing Start.
2020-01-29_15:49:25.063[Status]{'id': 17, 'coordinate': [972.8721760362231, 162.47669952803366]}
2020-01-29_15:49:25.063[Status]Routing 100: Walk: 93
2020-01-29_15:49:25.164[Battery Energy]47.18
2020-01-29_15:49:25.164[Status]Routing Start.
2020-01-29_15:49:25.313[Status]{'id': 17, 'coordinate': [981.967575778548, 158.32053500682974]}
2020-01-29_15:49:25.313[Status]Routing 101: Walk: 94
2020-01-29_15:49:25.416[Battery Energy]46.96
2020-01-29_15:49:25.416[Status]Routing Start.
2020-01-29_15:49:25.742[Status]Routing 102: Walk: 94
2020-01-29_15:49:25.842[Battery Energy]46.64
2020-01-29_15:49:25.843[Status]Routing Start.
2020-01-29_15:49:25.971[Status]{'id': 17, 'coordinate': [991.062975520873, 154.16437048562582]}
2020-01-29_15:49:25.971[Status]Routing 103: Walk: 95
2020-01-29_15:49:26.081[Battery Energy]46.42
2020-01-29_15:49:26.081[Status]Routing Start.
2020-01-29_15:49:26.371[Status]{'id': 17, 'coordinate': [1000.1583752631981, 150.00820596442193]}
2020-01-29_15:49:26.371[Status]Routing 104: Walk: 96
2020-01-29_15:49:26.471[Battery Energy]46.13
2020-01-29_15:49:26.471[Status]Routing Start.
2020-01-29_15:49:26.775[Status]{'id': 17, 'coordinate': [1009.253775005523, 145.852041443218]}
2020-01-29_15:49:26.775[Status]Routing 105: Walk: 97
2020-01-29_15:49:26.875[Battery Energy]45.85
2020-01-29_15:49:26.876[Status]Routing Start.
2020-01-29_15:49:26.876[Status]Task Finished.
2020-01-29_15:49:26.976[Battery Energy]45.85
2020-01-29_15:49:27.184[Status]Routing 107: Walk: 97
2020-01-29_15:49:27.293[Battery Energy]45.72
2020-01-29_15:49:27.564[Status]Routing 108: Walk: 97
2020-01-29_15:49:27.665[Battery Energy]45.48
2020-01-29_15:49:27.900[Status]Routing 109: Walk: 97
2020-01-29_15:49:28.004[Battery Energy]45.31
2020-01-29_15:49:28.225[Status]Routing 110: Walk: 97
2020-01-29_15:49:28.330[Battery Energy]45.16
2020-01-29_15:49:28.552[Status]Routing 111: Walk: 97
2020-01-29_15:49:28.654[Battery Energy]45.00
2020-01-29_15:49:28.787[Status]Routing 112: Walk: 97
2020-01-29_15:49:28.888[Battery Energy]44.90
2020-01-29_15:49:29.046[Status]Routing 113: Walk: 97
2020-01-29_15:49:29.166[Battery Energy]44.80
2020-01-29_15:49:29.301[Status]Routing 114: Walk: 97
2020-01-29_15:49:29.401[Battery Energy]44.71
2020-01-29_15:49:29.684[Status]Routing 115: Walk: 97
2020-01-29_15:49:29.794[Battery Energy]44.50
2020-01-29_15:49:29.919[Status]Routing 116: Walk: 97
2020-01-29_15:49:30.031[Battery Energy]44.41
2020-01-29_15:49:30.171[Status]Routing 117: Walk: 97
2020-01-29_15:49:30.290[Battery Energy]44.32
2020-01-29_15:49:30.415[Status]Routing 118: Walk: 97
2020-01-29_15:49:30.516[Battery Energy]44.22
2020-01-29_15:49:30.664[Status]Routing 119: Walk: 97
2020-01-29_15:49:30.774[Battery Energy]44.12
2020-01-29_15:49:30.907[Status]Routing 120: Walk: 97
2020-01-29_15:49:31.010[Battery Energy]44.03
2020-01-29_15:49:31.135[Status]Routing 121: Walk: 97
2020-01-29_15:49:31.250[Battery Energy]43.93
2020-01-29_15:49:31.542[Status]Routing 122: Walk: 97
2020-01-29_15:49:31.650[Battery Energy]43.73
2020-01-29_15:49:31.913[Status]Routing 123: Walk: 97
2020-01-29_15:49:32.016[Battery Energy]43.52
2020-01-29_15:49:32.306[Status]Routing 124: Walk: 97
2020-01-29_15:49:32.414[Battery Energy]43.32
2020-01-29_15:49:32.565[Status]Routing 125: Walk: 97
2020-01-29_15:49:32.668[Battery Energy]43.23
2020-01-29_15:49:32.938[Status]Routing 126: Walk: 97
2020-01-29_15:49:33.039[Battery Energy]43.02
2020-01-29_15:49:33.346[Status]Routing 127: Walk: 97
2020-01-29_15:49:33.454[Battery Energy]42.85
2020-01-29_15:49:33.582[Status]Routing 128: Walk: 97
2020-01-29_15:49:33.691[Battery Energy]42.77
2020-01-29_15:49:33.822[Status]Routing 129: Walk: 97
2020-01-29_15:49:33.934[Battery Energy]42.67
2020-01-29_15:49:34.183[Status]Routing 130: Walk: 97
2020-01-29_15:49:34.283[Battery Energy]42.50
2020-01-29_15:49:34.454[Status]Routing 131: Walk: 97
2020-01-29_15:49:34.562[Battery Energy]42.34
2020-01-29_15:49:34.692[Status]Routing 132: Walk: 97
2020-01-29_15:49:34.796[Battery Energy]42.23
2020-01-29_15:49:34.939[Status]Routing 133: Walk: 97
2020-01-29_15:49:35.044[Battery Energy]42.11
2020-01-29_15:49:35.281[Status]Routing 134: Walk: 97
2020-01-29_15:49:35.381[Battery Energy]41.93
2020-01-29_15:49:35.660[Status]Routing 135: Walk: 97
2020-01-29_15:49:35.766[Battery Energy]41.71
2020-01-29_15:49:36.046[Status]Routing 136: Walk: 97
2020-01-29_15:49:36.146[Battery Energy]41.50
2020-01-29_15:49:36.454[Status]Routing 137: Walk: 97
2020-01-29_15:49:36.570[Battery Energy]41.27
2020-01-29_15:49:36.832[Status]Routing 138: Walk: 97
2020-01-29_15:49:36.934[Battery Energy]41.08
2020-01-29_15:49:37.239[Status]Routing 139: Walk: 97
2020-01-29_15:49:37.339[Battery Energy]40.87
2020-01-29_15:49:37.468[Status]Routing 140: Walk: 97
2020-01-29_15:49:37.568[Battery Energy]40.77
2020-01-29_15:49:37.872[Status]Routing 141: Walk: 97
2020-01-29_15:49:37.978[Battery Energy]40.56
2020-01-29_15:49:38.098[Status]Routing 142: Walk: 97
2020-01-29_15:49:38.202[Battery Energy]40.46
2020-01-29_15:49:38.520[Status]Routing 143: Walk: 97
2020-01-29_15:49:38.620[Battery Energy]40.23
2020-01-29_15:49:38.930[Status]Routing 144: Walk: 97
2020-01-29_15:49:39.031[Battery Energy]39.97
2020-01-29_15:49:39.287[Status]Routing 145: Walk: 97
2020-01-29_15:49:39.390[Battery Energy]39.78
2020-01-29_15:49:39.677[Status]Routing 146: Walk: 97
2020-01-29_15:49:39.780[Battery Energy]39.56
2020-01-29_15:49:40.062[Status]Routing 147: Walk: 97
2020-01-29_15:49:40.162[Battery Energy]39.33
2020-01-29_15:49:40.305[Status]Routing 148: Walk: 97
2020-01-29_15:49:40.417[Battery Energy]39.24
2020-01-29_15:49:40.537[Status]Routing 149: Walk: 97
2020-01-29_15:49:40.642[Battery Energy]39.14
2020-01-29_15:49:40.777[Status]Routing 150: Walk: 97
2020-01-29_15:49:40.893[Battery Energy]39.03
2020-01-29_15:49:41.010[Status]Routing 151: Walk: 97
2020-01-29_15:49:41.122[Battery Energy]38.92
2020-01-29_15:49:41.250[Status]Routing 152: Walk: 97
2020-01-29_15:49:41.358[Battery Energy]38.80
2020-01-29_15:49:41.581[Status]Routing 153: Walk: 97
2020-01-29_15:49:41.687[Battery Energy]38.66
2020-01-29_15:49:41.816[Status]Routing 154: Walk: 97
2020-01-29_15:49:41.920[Battery Energy]38.56
2020-01-29_15:49:42.060[Status]Routing 155: Walk: 97
2020-01-29_15:49:42.162[Battery Energy]38.46
2020-01-29_15:49:42.280[Status]Routing 156: Walk: 97
2020-01-29_15:49:42.381[Battery Energy]38.37
2020-01-29_15:49:42.539[Status]Routing 157: Walk: 97
2020-01-29_15:49:42.643[Battery Energy]38.27
2020-01-29_15:49:42.772[Status]Routing 158: Walk: 97
2020-01-29_15:49:42.872[Battery Energy]38.16
2020-01-29_15:49:43.009[Status]Routing 159: Walk: 97
2020-01-29_15:49:43.122[Battery Energy]38.06
2020-01-29_15:49:43.274[Status]Routing 160: Walk: 97
2020-01-29_15:49:43.376[Battery Energy]37.94
2020-01-29_15:49:43.532[Status]Routing 161: Walk: 97
2020-01-29_15:49:43.634[Battery Energy]37.82
2020-01-29_15:49:43.762[Status]Routing 162: Walk: 97
2020-01-29_15:49:43.870[Battery Energy]37.74
2020-01-29_15:49:44.007[Status]Routing 163: Walk: 97
2020-01-29_15:49:44.107[Battery Energy]37.64
2020-01-29_15:49:44.248[Status]Routing 164: Walk: 97
2020-01-29_15:49:44.350[Battery Energy]37.55
2020-01-29_15:49:44.512[Status]Routing 165: Walk: 97
2020-01-29_15:49:44.622[Battery Energy]37.45
2020-01-29_15:49:44.754[Status]Routing 166: Walk: 97
2020-01-29_15:49:44.861[Battery Energy]37.36
2020-01-29_15:49:44.988[Status]Routing 167: Walk: 97
2020-01-29_15:49:45.097[Battery Energy]37.25
2020-01-29_15:49:45.223[Status]Routing 168: Walk: 97
2020-01-29_15:49:45.330[Battery Energy]37.15
2020-01-29_15:49:45.452[Status]Routing 169: Walk: 97
2020-01-29_15:49:45.553[Battery Energy]37.04
2020-01-29_15:49:45.692[Status]Routing 170: Walk: 97
2020-01-29_15:49:45.802[Battery Energy]36.92
2020-01-29_15:49:45.922[Status]Routing 171: Walk: 97
2020-01-29_15:49:46.038[Battery Energy]36.81
2020-01-29_15:49:46.207[Status]Routing 172: Walk: 97
2020-01-29_15:49:46.307[Battery Energy]36.68
2020-01-29_15:49:46.440[Status]Routing 173: Walk: 97
2020-01-29_15:49:46.547[Battery Energy]36.59
2020-01-29_15:49:46.694[Status]Routing 174: Walk: 97
2020-01-29_15:49:46.806[Battery Energy]36.49
2020-01-29_15:49:46.929[Status]Routing 175: Walk: 97
2020-01-29_15:49:47.042[Battery Energy]36.39
2020-01-29_15:49:47.174[Status]Routing 176: Walk: 97
2020-01-29_15:49:47.278[Battery Energy]36.26
2020-01-29_15:49:47.408[Status]Routing 177: Walk: 97
2020-01-29_15:49:47.518[Battery Energy]36.15
2020-01-29_15:49:47.643[Status]Routing 178: Walk: 97
2020-01-29_15:49:47.750[Battery Energy]36.04
2020-01-29_15:49:47.897[Status]Routing 179: Walk: 97
2020-01-29_15:49:47.997[Battery Energy]35.94
2020-01-29_15:49:48.152[Status]Routing 180: Walk: 97
2020-01-29_15:49:48.252[Battery Energy]35.82
2020-01-29_15:49:48.401[Status]Routing 181: Walk: 97
2020-01-29_15:49:48.510[Battery Energy]35.72
2020-01-29_15:49:48.649[Status]Routing 182: Walk: 97
2020-01-29_15:49:48.749[Battery Energy]35.64
2020-01-29_15:49:48.887[Status]Routing 183: Walk: 97
2020-01-29_15:49:48.987[Battery Energy]35.52
2020-01-29_15:49:49.129[Status]Routing 184: Walk: 97
2020-01-29_15:49:49.229[Battery Energy]35.43
2020-01-29_15:49:49.390[Status]Routing 185: Walk: 97
2020-01-29_15:49:49.492[Battery Energy]35.32
2020-01-29_15:49:49.645[Status]Routing 186: Walk: 97
2020-01-29_15:49:49.760[Battery Energy]35.19
2020-01-29_15:49:49.885[Status]Routing 187: Walk: 97
2020-01-29_15:49:49.990[Battery Energy]35.09
2020-01-29_15:49:50.121[Status]Routing 188: Walk: 97
2020-01-29_15:49:50.230[Battery Energy]34.98
2020-01-29_15:49:50.339[Status]Routing 189: Walk: 97
2020-01-29_15:49:50.448[Battery Energy]34.90
2020-01-29_15:49:50.603[Status]Routing 190: Walk: 97
2020-01-29_15:49:50.714[Battery Energy]34.80
2020-01-29_15:49:50.842[Status]Routing 191: Walk: 97
2020-01-29_15:49:50.952[Battery Energy]34.68
2020-01-29_15:49:51.075[Status]Routing 192: Walk: 97
2020-01-29_15:49:51.175[Battery Energy]34.57
2020-01-29_15:49:51.321[Status]Routing 193: Walk: 97
2020-01-29_15:49:51.429[Battery Energy]34.45
2020-01-29_15:49:51.555[Status]Routing 194: Walk: 97
2020-01-29_15:49:51.656[Battery Energy]34.33
2020-01-29_15:49:51.798[Status]Routing 195: Walk: 97
2020-01-29_15:49:51.906[Battery Energy]34.23
2020-01-29_15:49:52.046[Status]Routing 196: Walk: 97
2020-01-29_15:49:52.158[Battery Energy]34.12
2020-01-29_15:49:52.287[Status]Routing 197: Walk: 97
2020-01-29_15:49:52.388[Battery Energy]34.00
2020-01-29_15:49:52.561[Status]Routing 198: Walk: 97
2020-01-29_15:49:52.670[Battery Energy]33.84
2020-01-29_15:49:52.796[Status]Routing 199: Walk: 97
2020-01-29_15:49:52.897[Battery Energy]33.71
2020-01-29_15:49:53.051[Status]Routing 200: Walk: 97
2020-01-29_15:49:53.158[Battery Energy]33.57
2020-01-29_15:49:53.284[Status]Routing 201: Walk: 97
2020-01-29_15:49:53.402[Battery Energy]33.47
2020-01-29_15:49:53.525[Status]Routing 202: Walk: 97
2020-01-29_15:49:53.627[Battery Energy]33.37
2020-01-29_15:49:53.772[Status]Routing 203: Walk: 97
2020-01-29_15:49:53.882[Battery Energy]33.27
2020-01-29_15:49:54.012[Status]Routing 204: Walk: 97
2020-01-29_15:49:54.114[Battery Energy]33.17
2020-01-29_15:49:54.247[Status]Routing 205: Walk: 97
2020-01-29_15:49:54.349[Battery Energy]33.06
2020-01-29_15:49:54.477[Status]Routing 206: Walk: 97
2020-01-29_15:49:54.577[Battery Energy]32.94
2020-01-29_15:49:54.723[Status]Routing 207: Walk: 97
2020-01-29_15:49:54.829[Battery Energy]32.83
2020-01-29_15:49:54.969[Status]Routing 208: Walk: 97
2020-01-29_15:49:55.074[Battery Energy]32.74
2020-01-29_15:49:55.223[Status]Routing 209: Walk: 97
2020-01-29_15:49:55.323[Battery Energy]32.63
2020-01-29_15:49:55.448[Status]Routing 210: Walk: 97
2020-01-29_15:49:55.554[Battery Energy]32.54
2020-01-29_15:49:55.686[Status]Routing 211: Walk: 97
2020-01-29_15:49:55.786[Battery Energy]32.44
2020-01-29_15:49:55.940[Status]Routing 212: Walk: 97
2020-01-29_15:49:56.047[Battery Energy]32.31
2020-01-29_15:49:56.170[Status]Routing 213: Walk: 97
2020-01-29_15:49:56.279[Battery Energy]32.20
2020-01-29_15:49:56.402[Status]Routing 214: Walk: 97
2020-01-29_15:49:56.503[Battery Energy]32.11
2020-01-29_15:49:56.655[Status]Routing 215: Walk: 97
2020-01-29_15:49:56.755[Battery Energy]31.99
2020-01-29_15:49:56.893[Status]Routing 216: Walk: 97
2020-01-29_15:49:56.996[Battery Energy]31.87
2020-01-29_15:49:57.128[Status]Routing 217: Walk: 97
2020-01-29_15:49:57.242[Battery Energy]31.76
2020-01-29_15:49:57.399[Status]Routing 218: Walk: 97
2020-01-29_15:49:57.514[Battery Energy]31.64
2020-01-29_15:49:57.658[Status]Routing 219: Walk: 97
2020-01-29_15:49:57.758[Battery Energy]31.54
2020-01-29_15:49:57.888[Status]Routing 220: Walk: 97
2020-01-29_15:49:57.994[Battery Energy]31.41
2020-01-29_15:49:58.141[Status]Routing 221: Walk: 97
2020-01-29_15:49:58.241[Battery Energy]31.31
2020-01-29_15:49:58.374[Status]Routing 222: Walk: 97
2020-01-29_15:49:58.480[Battery Energy]31.20
2020-01-29_15:49:58.608[Status]Routing 223: Walk: 97
2020-01-29_15:49:58.709[Battery Energy]31.10
2020-01-29_15:49:58.841[Status]Routing 224: Walk: 97
2020-01-29_15:49:58.941[Battery Energy]31.01
2020-01-29_15:49:59.084[Status]Routing 225: Walk: 97
2020-01-29_15:49:59.185[Battery Energy]30.90
2020-01-29_15:49:59.332[Status]Routing 226: Walk: 97
2020-01-29_15:49:59.454[Battery Energy]30.81
2020-01-29_15:49:59.588[Status]Routing 227: Walk: 97
2020-01-29_15:49:59.694[Battery Energy]30.70
2020-01-29_15:49:59.820[Status]Routing 228: Walk: 97
2020-01-29_15:49:59.926[Battery Energy]30.61
2020-01-29_15:50:00.043[Status]Routing 229: Walk: 97
2020-01-29_15:50:00.154[Battery Energy]30.51
2020-01-29_15:50:00.290[Status]Routing 230: Walk: 97
2020-01-29_15:50:00.391[Battery Energy]30.40
2020-01-29_15:50:00.547[Status]Routing 231: Walk: 97
2020-01-29_15:50:00.661[Battery Energy]30.28
2020-01-29_15:50:00.774[Status]Routing 232: Walk: 97
2020-01-29_15:50:00.876[Battery Energy]30.20
2020-01-29_15:50:01.017[Status]Routing 233: Walk: 97
2020-01-29_15:50:01.142[Battery Energy]30.11
2020-01-29_15:50:01.276[Status]Routing 234: Walk: 97
2020-01-29_15:50:01.390[Battery Energy]30.00
2020-01-29_15:50:01.513[Status]Routing 235: Walk: 97
2020-01-29_15:50:01.613[Battery Energy]29.90
2020-01-29_15:50:01.750[Status]Routing 236: Walk: 97
2020-01-29_15:50:01.858[Battery Energy]29.80
2020-01-29_15:50:01.982[Status]Routing 237: Walk: 97
2020-01-29_15:50:02.082[Battery Energy]29.69
2020-01-29_15:50:02.217[Status]Routing 238: Walk: 97
2020-01-29_15:50:02.330[Battery Energy]29.57
2020-01-29_15:50:02.479[Status]Routing 239: Walk: 97
2020-01-29_15:50:02.590[Battery Energy]29.45
2020-01-29_15:50:02.717[Status]Routing 240: Walk: 97
2020-01-29_15:50:02.830[Battery Energy]29.34
2020-01-29_15:50:02.956[Status]Routing 241: Walk: 97
2020-01-29_15:50:03.062[Battery Energy]29.25
2020-01-29_15:50:03.183[Status]Routing 242: Walk: 97
2020-01-29_15:50:03.285[Battery Energy]29.15
2020-01-29_15:50:03.417[Status]Routing 243: Walk: 97
2020-01-29_15:50:03.522[Battery Energy]29.05
2020-01-29_15:50:03.686[Status]Routing 244: Walk: 97
2020-01-29_15:50:03.787[Battery Energy]28.94
2020-01-29_15:50:03.919[Status]Routing 245: Walk: 97
2020-01-29_15:50:04.019[Battery Energy]28.85
2020-01-29_15:50:04.177[Status]Routing 246: Walk: 97
2020-01-29_15:50:04.285[Battery Energy]28.72
2020-01-29_15:50:04.421[Status]Routing 247: Walk: 97
2020-01-29_15:50:04.521[Battery Energy]28.64
2020-01-29_15:50:04.663[Status]Routing 248: Walk: 97
2020-01-29_15:50:04.770[Battery Energy]28.54
2020-01-29_15:50:04.894[Status]Routing 249: Walk: 97
2020-01-29_15:50:05.008[Battery Energy]28.45
2020-01-29_15:50:05.123[Status]Routing 250: Walk: 97
2020-01-29_15:50:05.230[Battery Energy]28.34
2020-01-29_15:50:05.359[Status]Routing 251: Walk: 97
2020-01-29_15:50:05.464[Battery Energy]28.24
2020-01-29_15:50:05.594[Status]Routing 252: Walk: 97
2020-01-29_15:50:05.709[Battery Energy]28.13
2020-01-29_15:50:05.835[Status]Routing 253: Walk: 97
2020-01-29_15:50:05.949[Battery Energy]28.01
2020-01-29_15:50:06.073[Status]Routing 254: Walk: 97
2020-01-29_15:50:06.173[Battery Energy]27.90
2020-01-29_15:50:06.338[Status]Routing 255: Walk: 97
2020-01-29_15:50:06.450[Battery Energy]27.78
2020-01-29_15:50:06.596[Status]Routing 256: Walk: 97
2020-01-29_15:50:06.714[Battery Energy]27.68
2020-01-29_15:50:06.825[Status]Routing 257: Walk: 97
2020-01-29_15:50:06.938[Battery Energy]27.58
2020-01-29_15:50:07.065[Status]Routing 258: Walk: 97
2020-01-29_15:50:07.178[Battery Energy]27.47
2020-01-29_15:50:07.303[Status]Routing 259: Walk: 97
2020-01-29_15:50:07.411[Battery Energy]27.38
2020-01-29_15:50:07.548[Status]Routing 260: Walk: 97
2020-01-29_15:50:07.648[Battery Energy]27.26
2020-01-29_15:50:07.787[Status]Routing 261: Walk: 97
2020-01-29_15:50:07.887[Battery Energy]27.15
2020-01-29_15:50:08.025[Status]Routing 262: Walk: 97
2020-01-29_15:50:08.125[Battery Energy]27.04
2020-01-29_15:50:08.253[Status]Routing 263: Walk: 97
2020-01-29_15:50:08.366[Battery Energy]26.96
2020-01-29_15:50:08.479[Status]Routing 264: Walk: 97
2020-01-29_15:50:08.586[Battery Energy]26.87
2020-01-29_15:50:08.738[Status]Routing 265: Walk: 97
2020-01-29_15:50:08.849[Battery Energy]26.74
2020-01-29_15:50:08.975[Status]Routing 266: Walk: 97
2020-01-29_15:50:09.075[Battery Energy]26.65
2020-01-29_15:50:09.227[Status]Routing 267: Walk: 97
2020-01-29_15:50:09.327[Battery Energy]26.56
2020-01-29_15:50:09.453[Status]Routing 268: Walk: 97
2020-01-29_15:50:09.554[Battery Energy]26.47
2020-01-29_15:50:09.690[Status]Routing 269: Walk: 97
2020-01-29_15:50:09.810[Battery Energy]26.35
2020-01-29_15:50:09.924[Status]Routing 270: Walk: 97
2020-01-29_15:50:10.030[Battery Energy]26.25
2020-01-29_15:50:10.164[Status]Routing 271: Walk: 97
2020-01-29_15:50:10.274[Battery Energy]26.16
2020-01-29_15:50:10.406[Status]Routing 272: Walk: 97
2020-01-29_15:50:10.506[Battery Energy]26.08
2020-01-29_15:50:10.626[Status]Routing 273: Walk: 97
2020-01-29_15:50:10.742[Battery Energy]25.98
2020-01-29_15:50:10.871[Status]Routing 274: Walk: 97
2020-01-29_15:50:10.972[Battery Energy]25.86
2020-01-29_15:50:11.123[Status]Routing 275: Walk: 97
2020-01-29_15:50:11.223[Battery Energy]25.75
2020-01-29_15:50:11.344[Status]Routing 276: Walk: 97
2020-01-29_15:50:11.449[Battery Energy]25.67
2020-01-29_15:50:11.607[Status]Routing 277: Walk: 97
2020-01-29_15:50:11.710[Battery Energy]25.57
2020-01-29_15:50:11.837[Status]Routing 278: Walk: 97
2020-01-29_15:50:11.946[Battery Energy]25.49
2020-01-29_15:50:12.067[Status]Routing 279: Walk: 97
2020-01-29_15:50:12.169[Battery Energy]25.39
