2020-02-08_11:40:39.920[Status]Start.
2020-02-08_11:40:39.923[Battery Energy]75.00
2020-02-08_11:40:41.024[Battery Energy]74.96
2020-02-08_11:40:42.125[Battery Energy]74.92
2020-02-08_11:40:43.226[Battery Energy]74.88
2020-02-08_11:40:44.327[Battery Energy]74.84
2020-02-08_11:40:45.429[Task]A New Task Released.
2020-02-08_11:40:45.429[Battery Energy]74.80
2020-02-08_11:40:45.429[Status]Selection Start.
2020-02-08_11:40:49.690[Status]Selection End: Do Task 1.
2020-02-08_11:40:49.795[Battery Energy]71.84
2020-02-08_11:40:49.796[Status]Formation Start.
2020-02-08_11:40:49.953[Status]number of tasks is 7
2020-02-08_11:40:49.956[Status]my group tasks is [ 1300.   700.]
2020-02-08_11:40:49.956[Status]my group tasks is [ 1262.34898019   778.18314825]
2020-02-08_11:40:49.968[Status]my group tasks is [ 1177.7479066    797.49279122]
2020-02-08_11:40:49.993[Status]my group tasks is [ 1109.90311321   743.38837391]
2020-02-08_11:40:49.994[Status]my group tasks is [ 1109.90311321   656.61162609]
2020-02-08_11:40:49.995[Status]my group tasks is [ 1177.7479066    602.50720878]
2020-02-08_11:40:49.995[Status]my group tasks is [ 1262.34898019   621.81685175]
2020-02-08_11:40:50.050[Status]mygroup_robots_utility is {7: [32.2918044365551, 17.327707119099202, 18.673387642292365, 35.133617272540995, 31.02608665385033, 18.795939953300852, 15.982198946779915], 8: [16.18075024434686, 17.392358891111186, 14.945534172708678, 16.24531190920084, 17.42529172297273, 29.802290359145406, 14.408386069590257], 9: [16.276659886287614, 17.08316935060274, 14.938583854154968, 17.325247641934368, 29.221543089794817, 14.268184181363821, 15.80090784165605], 10: [16.018348836254752, 17.86436765896997, 34.795358128122174, 14.70214783030748, 16.93829675756464, 14.895117304164096, 15.530646689327297], 11: [16.44573154923073, 33.73287014711585, 14.652596387855526, 31.960785667070706, 13.879734910899913, 14.076493862751056, 15.148684071289512], 12: [16.290457279186807, 17.44439704660042, 34.72280878975264, 14.864937845518794, 16.12772695197738, 28.8127426943456, 14.976840738220359], 13: [16.668993279105063, 17.2895516827285, 30.34762677261172, 33.084146023715064, 28.523936836617462, 14.315305564966629, 15.308593595243655]}
2020-02-08_11:40:50.050[Status]self.local_queue is [7, 8, 9, 10, 11, 12, 13]
2020-02-08_11:40:50.050[Status]task_chosen index is 3
2020-02-08_11:40:50.050[Status]task_chosen index is 5
2020-02-08_11:40:50.050[Status]myindex_in_queue is 5
2020-02-08_11:40:50.050[Status]task destination is [1177.7479066043686, 602.5072087818177]
2020-02-08_11:40:50.154[Battery Energy]71.67
2020-02-08_11:40:50.154[Status]Routing Start.
2020-02-08_11:40:50.280[Status]{'coordinate': [65.97802269516451, 676.337381637153], 'id': 8}
2020-02-08_11:40:50.280[Status]Routing 1: Walk: 1
2020-02-08_11:40:50.390[Battery Energy]71.47
2020-02-08_11:40:50.390[Status]Routing Start.
2020-02-08_11:40:50.538[Status]{'coordinate': [75.95604539032902, 675.6747632743061], 'id': 8}
2020-02-08_11:40:50.539[Status]Routing 2: Walk: 2
2020-02-08_11:40:50.640[Battery Energy]71.26
2020-02-08_11:40:50.640[Status]Routing Start.
2020-02-08_11:40:50.800[Status]{'coordinate': [85.93406808549354, 675.0121449114591], 'id': 8}
2020-02-08_11:40:50.802[Status]Routing 3: Walk: 3
2020-02-08_11:40:50.903[Battery Energy]71.02
2020-02-08_11:40:50.903[Status]Routing Start.
2020-02-08_11:40:51.059[Status]{'coordinate': [95.91209078065805, 674.3495265486122], 'id': 8}
2020-02-08_11:40:51.059[Status]Routing 4: Walk: 4
2020-02-08_11:40:51.170[Battery Energy]70.81
2020-02-08_11:40:51.170[Status]Routing Start.
2020-02-08_11:40:51.341[Status]{'coordinate': [105.89011347582256, 673.6869081857652], 'id': 8}
2020-02-08_11:40:51.341[Status]Routing 5: Walk: 5
2020-02-08_11:40:51.441[Battery Energy]70.61
2020-02-08_11:40:51.441[Status]Routing Start.
2020-02-08_11:40:51.620[Status]{'coordinate': [115.86813617098707, 673.0242898229183], 'id': 8}
2020-02-08_11:40:51.626[Status]Routing 6: Walk: 6
2020-02-08_11:40:51.738[Battery Energy]70.40
2020-02-08_11:40:51.738[Status]Routing Start.
2020-02-08_11:40:52.210[Status]{'coordinate': [120.1437019420866, 682.0641757368555], 'id': 8}
2020-02-08_11:40:52.210[Status]Routing 7: Walk: 7
2020-02-08_11:40:52.311[Battery Energy]70.03
2020-02-08_11:40:52.311[Status]Routing Start.
2020-02-08_11:40:52.493[Status]{'coordinate': [130.11552838152107, 681.3140574383217], 'id': 8}
2020-02-08_11:40:52.493[Status]Routing 8: Walk: 8
2020-02-08_11:40:52.593[Battery Energy]69.84
2020-02-08_11:40:52.593[Status]Routing Start.
2020-02-08_11:40:52.948[Status]{'coordinate': [140.08735482095557, 680.5639391397879], 'id': 8}
2020-02-08_11:40:52.951[Status]Routing 9: Walk: 9
2020-02-08_11:40:53.054[Battery Energy]69.56
2020-02-08_11:40:53.054[Status]Routing Start.
2020-02-08_11:40:53.363[Status]{'coordinate': [150.05918126039006, 679.813820841254], 'id': 8}
2020-02-08_11:40:53.363[Status]Routing 10: Walk: 10
2020-02-08_11:40:53.477[Battery Energy]69.27
2020-02-08_11:40:53.477[Status]Routing Start.
2020-02-08_11:40:53.787[Status]{'coordinate': [160.03100769982456, 679.0637025427202], 'id': 8}
2020-02-08_11:40:53.787[Status]Routing 11: Walk: 11
2020-02-08_11:40:53.887[Battery Energy]68.97
2020-02-08_11:40:53.887[Status]Routing Start.
2020-02-08_11:40:54.227[Status]{'coordinate': [170.00283413925905, 678.3135842441864], 'id': 8}
2020-02-08_11:40:54.228[Status]Routing 12: Walk: 12
2020-02-08_11:40:54.330[Battery Energy]68.64
2020-02-08_11:40:54.330[Status]Routing Start.
2020-02-08_11:40:54.687[Status]{'coordinate': [179.97466057869354, 677.5634659456525], 'id': 8}
2020-02-08_11:40:54.687[Status]Routing 13: Walk: 13
2020-02-08_11:40:54.788[Battery Energy]68.33
2020-02-08_11:40:54.788[Status]Routing Start.
2020-02-08_11:40:55.115[Status]{'coordinate': [189.94648701812804, 676.8133476471187], 'id': 8}
2020-02-08_11:40:55.117[Status]Routing 14: Walk: 14
2020-02-08_11:40:55.238[Battery Energy]68.03
2020-02-08_11:40:55.238[Status]Routing Start.
2020-02-08_11:40:55.543[Status]{'coordinate': [199.91831345756253, 676.0632293485849], 'id': 8}
2020-02-08_11:40:55.545[Status]Routing 15: Walk: 15
2020-02-08_11:40:55.645[Battery Energy]67.76
2020-02-08_11:40:55.645[Status]Routing Start.
2020-02-08_11:40:56.038[Status]{'coordinate': [209.89013989699703, 675.313111050051], 'id': 8}
2020-02-08_11:40:56.038[Status]Routing 16: Walk: 16
2020-02-08_11:40:56.154[Battery Energy]67.46
2020-02-08_11:40:56.154[Status]Routing Start.
2020-02-08_11:40:56.506[Status]{'coordinate': [219.86196633643152, 674.5629927515172], 'id': 8}
2020-02-08_11:40:56.507[Status]Routing 17: Walk: 17
2020-02-08_11:40:56.608[Battery Energy]67.18
2020-02-08_11:40:56.608[Status]Routing Start.
2020-02-08_11:40:56.780[Status]{'coordinate': [229.83379277586602, 673.8128744529834], 'id': 8}
2020-02-08_11:40:56.780[Status]Routing 18: Walk: 18
2020-02-08_11:40:56.880[Battery Energy]66.98
2020-02-08_11:40:56.880[Status]Routing Start.
2020-02-08_11:40:57.244[Status]{'coordinate': [239.8056192153005, 673.0627561544495], 'id': 8}
2020-02-08_11:40:57.244[Status]Routing 19: Walk: 19
2020-02-08_11:40:57.350[Battery Energy]66.65
2020-02-08_11:40:57.350[Status]Routing Start.
2020-02-08_11:40:57.734[Status]{'coordinate': [249.777445654735, 672.3126378559157], 'id': 8}
2020-02-08_11:40:57.734[Status]Routing 20: Walk: 20
2020-02-08_11:40:57.835[Battery Energy]66.30
2020-02-08_11:40:57.835[Status]Routing Start.
2020-02-08_11:40:58.156[Status]{'coordinate': [259.7492720941695, 671.5625195573818], 'id': 8}
2020-02-08_11:40:58.156[Status]Routing 21: Walk: 21
2020-02-08_11:40:58.258[Battery Energy]66.00
2020-02-08_11:40:58.258[Status]Routing Start.
2020-02-08_11:40:58.612[Status]{'coordinate': [269.721098533604, 670.812401258848], 'id': 8}
2020-02-08_11:40:58.612[Status]Routing 22: Walk: 22
2020-02-08_11:40:58.712[Battery Energy]65.68
2020-02-08_11:40:58.712[Status]Routing Start.
2020-02-08_11:40:59.071[Status]{'coordinate': [279.6929249730385, 670.0622829603142], 'id': 8}
2020-02-08_11:40:59.072[Status]Routing 23: Walk: 23
2020-02-08_11:40:59.178[Battery Energy]65.34
2020-02-08_11:40:59.178[Status]Routing Start.
2020-02-08_11:40:59.453[Status]{'coordinate': [289.664751412473, 669.3121646617803], 'id': 8}
2020-02-08_11:40:59.453[Status]Routing 24: Walk: 24
2020-02-08_11:40:59.562[Battery Energy]65.05
2020-02-08_11:40:59.562[Status]Routing Start.
2020-02-08_11:40:59.910[Status]{'coordinate': [299.6365778519075, 668.5620463632465], 'id': 8}
2020-02-08_11:40:59.910[Status]Routing 25: Walk: 25
2020-02-08_11:41:00.013[Battery Energy]64.71
2020-02-08_11:41:00.013[Status]Routing Start.
2020-02-08_11:41:00.297[Status]{'coordinate': [309.60840429134197, 667.8119280647127], 'id': 8}
2020-02-08_11:41:00.297[Status]Routing 26: Walk: 26
2020-02-08_11:41:00.397[Battery Energy]64.39
2020-02-08_11:41:00.397[Status]Routing Start.
2020-02-08_11:41:00.759[Status]{'coordinate': [319.58023073077646, 667.0618097661788], 'id': 8}
2020-02-08_11:41:00.759[Status]Routing 27: Walk: 27
2020-02-08_11:41:00.859[Battery Energy]64.06
2020-02-08_11:41:00.859[Status]Routing Start.
2020-02-08_11:41:01.199[Status]{'coordinate': [329.55205717021096, 666.311691467645], 'id': 8}
2020-02-08_11:41:01.199[Status]Routing 28: Walk: 28
2020-02-08_11:41:01.299[Battery Energy]63.77
2020-02-08_11:41:01.299[Status]Routing Start.
2020-02-08_11:41:01.611[Status]{'coordinate': [339.52388360964545, 665.5615731691112], 'id': 8}
2020-02-08_11:41:01.611[Status]Routing 29: Walk: 29
2020-02-08_11:41:01.722[Battery Energy]63.49
2020-02-08_11:41:01.722[Status]Routing Start.
2020-02-08_11:41:02.017[Status]{'coordinate': [349.49571004907995, 664.8114548705773], 'id': 8}
2020-02-08_11:41:02.017[Status]Routing 30: Walk: 30
2020-02-08_11:41:02.117[Battery Energy]63.16
2020-02-08_11:41:02.117[Status]Routing Start.
2020-02-08_11:41:02.457[Status]{'coordinate': [359.46753648851444, 664.0613365720435], 'id': 8}
2020-02-08_11:41:02.457[Status]Routing 31: Walk: 31
2020-02-08_11:41:02.557[Battery Energy]62.82
2020-02-08_11:41:02.558[Status]Routing Start.
2020-02-08_11:41:03.064[Status]Routing 32: Walk: 31
2020-02-08_11:41:03.164[Battery Energy]62.38
2020-02-08_11:41:03.164[Status]Routing Start.
2020-02-08_11:41:03.314[Status]{'coordinate': [369.43936292794893, 663.3112182735097], 'id': 8}
2020-02-08_11:41:03.314[Status]Routing 33: Walk: 32
2020-02-08_11:41:03.420[Battery Energy]62.18
2020-02-08_11:41:03.420[Status]Routing Start.
2020-02-08_11:41:03.779[Status]{'coordinate': [379.41118936738343, 662.5610999749758], 'id': 8}
2020-02-08_11:41:03.779[Status]Routing 34: Walk: 33
2020-02-08_11:41:03.879[Battery Energy]61.86
2020-02-08_11:41:03.879[Status]Routing Start.
2020-02-08_11:41:04.384[Status]{'coordinate': [376.513933117471, 672.132197415831], 'id': 8}
2020-02-08_11:41:04.408[Status]Routing 35: Walk: 34
2020-02-08_11:41:04.508[Battery Energy]61.40
2020-02-08_11:41:04.508[Status]Routing Start.
2020-02-08_11:41:04.662[Status]{'coordinate': [386.476389987171, 671.2664878113055], 'id': 8}
2020-02-08_11:41:04.662[Status]Routing 36: Walk: 35
2020-02-08_11:41:04.762[Battery Energy]61.20
2020-02-08_11:41:04.763[Status]Routing Start.
2020-02-08_11:41:05.280[Status]{'coordinate': [385.32679007888333, 681.2001890374783], 'id': 8}
2020-02-08_11:41:05.280[Status]Routing 37: Walk: 36
2020-02-08_11:41:05.382[Battery Energy]60.66
2020-02-08_11:41:05.382[Status]Routing Start.
2020-02-08_11:41:05.532[Status]{'coordinate': [395.2778423982418, 680.2119796783892], 'id': 8}
2020-02-08_11:41:05.532[Status]Routing 38: Walk: 37
2020-02-08_11:41:05.638[Battery Energy]60.46
2020-02-08_11:41:05.638[Status]Routing Start.
2020-02-08_11:41:06.175[Status]Routing 39: Walk: 37
2020-02-08_11:41:06.276[Battery Energy]60.00
2020-02-08_11:41:06.276[Status]Routing Start.
2020-02-08_11:41:06.597[Status]Routing 40: Walk: 37
2020-02-08_11:41:06.698[Battery Energy]59.66
2020-02-08_11:41:06.698[Status]Routing Start.
2020-02-08_11:41:07.046[Status]Routing 41: Walk: 37
2020-02-08_11:41:07.159[Battery Energy]59.33
2020-02-08_11:41:07.159[Status]Routing Start.
2020-02-08_11:41:07.379[Status]{'coordinate': [405.2288947176002, 679.2237703193001], 'id': 8}
2020-02-08_11:41:07.379[Status]Routing 42: Walk: 38
2020-02-08_11:41:07.486[Battery Energy]59.10
2020-02-08_11:41:07.486[Status]Routing Start.
2020-02-08_11:41:07.974[Status]{'coordinate': [407.18636783517087, 689.0303140016578], 'id': 8}
2020-02-08_11:41:07.974[Status]Routing 43: Walk: 39
2020-02-08_11:41:08.075[Battery Energy]58.63
2020-02-08_11:41:08.075[Status]Routing Start.
2020-02-08_11:41:08.221[Status]{'coordinate': [417.123917271087, 687.914468488729], 'id': 8}
2020-02-08_11:41:08.221[Status]Routing 44: Walk: 40
2020-02-08_11:41:08.321[Battery Energy]58.45
2020-02-08_11:41:08.321[Status]Routing Start.
2020-02-08_11:41:08.668[Status]{'coordinate': [427.06146670700315, 686.7986229758002], 'id': 8}
2020-02-08_11:41:08.669[Status]Routing 45: Walk: 41
2020-02-08_11:41:08.770[Battery Energy]58.12
2020-02-08_11:41:08.770[Status]Routing Start.
2020-02-08_11:41:09.118[Status]{'coordinate': [436.99901614291923, 685.6827774628714], 'id': 8}
2020-02-08_11:41:09.119[Status]Routing 46: Walk: 42
2020-02-08_11:41:09.221[Battery Energy]57.81
2020-02-08_11:41:09.221[Status]Routing Start.
2020-02-08_11:41:09.702[Status]Routing 47: Walk: 42
2020-02-08_11:41:09.803[Battery Energy]57.42
2020-02-08_11:41:09.803[Status]Routing Start.
2020-02-08_11:41:09.970[Status]{'coordinate': [446.93656557883537, 684.5669319499426], 'id': 8}
2020-02-08_11:41:09.971[Status]Routing 48: Walk: 43
2020-02-08_11:41:10.075[Battery Energy]57.20
2020-02-08_11:41:10.075[Status]Routing Start.
2020-02-08_11:41:10.402[Status]{'coordinate': [456.8741150147515, 683.4510864370138], 'id': 8}
2020-02-08_11:41:10.402[Status]Routing 49: Walk: 44
2020-02-08_11:41:10.510[Battery Energy]56.91
2020-02-08_11:41:10.510[Status]Routing Start.
2020-02-08_11:41:10.848[Status]{'coordinate': [466.81166445066765, 682.335240924085], 'id': 8}
2020-02-08_11:41:10.848[Status]Routing 50: Walk: 45
2020-02-08_11:41:10.950[Battery Energy]56.56
2020-02-08_11:41:10.950[Status]Routing Start.
2020-02-08_11:41:11.297[Status]{'coordinate': [476.7492138865838, 681.2193954111563], 'id': 8}
2020-02-08_11:41:11.297[Status]Routing 51: Walk: 46
2020-02-08_11:41:11.397[Battery Energy]56.26
2020-02-08_11:41:11.397[Status]Routing Start.
2020-02-08_11:41:11.744[Status]{'coordinate': [486.6867633224999, 680.1035498982275], 'id': 8}
2020-02-08_11:41:11.747[Status]Routing 52: Walk: 47
2020-02-08_11:41:11.847[Battery Energy]55.95
2020-02-08_11:41:11.847[Status]Routing Start.
2020-02-08_11:41:12.227[Status]{'coordinate': [496.62431275841607, 678.9877043852987], 'id': 8}
2020-02-08_11:41:12.227[Status]Routing 53: Walk: 48
2020-02-08_11:41:12.328[Battery Energy]55.65
2020-02-08_11:41:12.328[Status]Routing Start.
2020-02-08_11:41:12.667[Status]{'coordinate': [506.5618621943322, 677.8718588723699], 'id': 8}
2020-02-08_11:41:12.668[Status]Routing 54: Walk: 49
2020-02-08_11:41:12.778[Battery Energy]55.36
2020-02-08_11:41:12.778[Status]Routing Start.
2020-02-08_11:41:13.114[Status]{'coordinate': [516.4994116302483, 676.7560133594411], 'id': 8}
2020-02-08_11:41:13.114[Status]Routing 55: Walk: 50
2020-02-08_11:41:13.222[Battery Energy]55.01
2020-02-08_11:41:13.222[Status]Routing Start.
2020-02-08_11:41:13.529[Status]{'coordinate': [526.4369610661645, 675.6401678465123], 'id': 8}
2020-02-08_11:41:13.529[Status]Routing 56: Walk: 51
2020-02-08_11:41:13.629[Battery Energy]54.71
2020-02-08_11:41:13.630[Status]Routing Start.
2020-02-08_11:41:13.994[Status]{'coordinate': [536.3745105020806, 674.5243223335835], 'id': 8}
2020-02-08_11:41:13.995[Status]Routing 57: Walk: 52
2020-02-08_11:41:14.106[Battery Energy]54.40
2020-02-08_11:41:14.106[Status]Routing Start.
2020-02-08_11:41:14.478[Status]{'coordinate': [546.3120599379968, 673.4084768206548], 'id': 8}
2020-02-08_11:41:14.478[Status]Routing 58: Walk: 53
2020-02-08_11:41:14.580[Battery Energy]54.12
2020-02-08_11:41:14.580[Status]Routing Start.
2020-02-08_11:41:14.735[Status]{'coordinate': [556.2496093739129, 672.292631307726], 'id': 8}
2020-02-08_11:41:14.735[Status]Routing 59: Walk: 54
2020-02-08_11:41:14.842[Battery Energy]53.91
2020-02-08_11:41:14.842[Status]Routing Start.
2020-02-08_11:41:15.047[Status]{'coordinate': [566.187158809829, 671.1767857947972], 'id': 8}
2020-02-08_11:41:15.047[Status]Routing 60: Walk: 55
2020-02-08_11:41:15.162[Battery Energy]53.67
2020-02-08_11:41:15.162[Status]Routing Start.
2020-02-08_11:41:15.309[Status]{'coordinate': [576.1247082457452, 670.0609402818684], 'id': 8}
2020-02-08_11:41:15.310[Status]Routing 61: Walk: 56
2020-02-08_11:41:15.414[Battery Energy]53.46
2020-02-08_11:41:15.414[Status]Routing Start.
2020-02-08_11:41:15.574[Status]{'coordinate': [586.0622576816613, 668.9450947689396], 'id': 8}
2020-02-08_11:41:15.574[Status]Routing 62: Walk: 57
2020-02-08_11:41:15.674[Battery Energy]53.25
2020-02-08_11:41:15.674[Status]Routing Start.
2020-02-08_11:41:15.821[Status]{'coordinate': [595.9998071175775, 667.8292492560108], 'id': 8}
2020-02-08_11:41:15.821[Status]Routing 63: Walk: 58
2020-02-08_11:41:15.921[Battery Energy]53.03
2020-02-08_11:41:15.921[Status]Routing Start.
2020-02-08_11:41:16.168[Status]{'coordinate': [605.9373565534936, 666.713403743082], 'id': 8}
2020-02-08_11:41:16.169[Status]Routing 64: Walk: 59
2020-02-08_11:41:16.269[Battery Energy]52.77
2020-02-08_11:41:16.269[Status]Routing Start.
2020-02-08_11:41:16.439[Status]{'coordinate': [615.8749059894097, 665.5975582301533], 'id': 8}
2020-02-08_11:41:16.439[Status]Routing 65: Walk: 60
2020-02-08_11:41:16.540[Battery Energy]52.55
2020-02-08_11:41:16.540[Status]Routing Start.
2020-02-08_11:41:16.711[Status]{'coordinate': [625.8124554253259, 664.4817127172245], 'id': 8}
2020-02-08_11:41:16.711[Status]Routing 66: Walk: 61
2020-02-08_11:41:16.822[Battery Energy]52.33
2020-02-08_11:41:16.822[Status]Routing Start.
2020-02-08_11:41:16.957[Status]{'coordinate': [635.750004861242, 663.3658672042957], 'id': 8}
2020-02-08_11:41:16.957[Status]Routing 67: Walk: 62
2020-02-08_11:41:17.062[Battery Energy]52.12
2020-02-08_11:41:17.062[Status]Routing Start.
2020-02-08_11:41:17.213[Status]{'coordinate': [645.6875542971582, 662.2500216913669], 'id': 8}
2020-02-08_11:41:17.213[Status]Routing 68: Walk: 63
2020-02-08_11:41:17.313[Battery Energy]51.93
2020-02-08_11:41:17.313[Status]Routing Start.
2020-02-08_11:41:17.486[Status]{'coordinate': [655.6251037330743, 661.1341761784381], 'id': 8}
2020-02-08_11:41:17.486[Status]Routing 69: Walk: 64
2020-02-08_11:41:17.586[Battery Energy]51.71
2020-02-08_11:41:17.586[Status]Routing Start.
2020-02-08_11:41:17.742[Status]{'coordinate': [665.5626531689904, 660.0183306655093], 'id': 8}
2020-02-08_11:41:17.742[Status]Routing 70: Walk: 65
2020-02-08_11:41:17.843[Battery Energy]51.49
2020-02-08_11:41:17.843[Status]Routing Start.
2020-02-08_11:41:17.998[Status]{'coordinate': [675.5002026049066, 658.9024851525805], 'id': 8}
2020-02-08_11:41:17.998[Status]Routing 71: Walk: 66
2020-02-08_11:41:18.102[Battery Energy]51.29
2020-02-08_11:41:18.102[Status]Routing Start.
2020-02-08_11:41:18.258[Status]{'coordinate': [685.4377520408227, 657.7866396396518], 'id': 8}
2020-02-08_11:41:18.258[Status]Routing 72: Walk: 67
2020-02-08_11:41:18.360[Battery Energy]51.07
2020-02-08_11:41:18.360[Status]Routing Start.
2020-02-08_11:41:18.514[Status]{'coordinate': [695.3753014767389, 656.670794126723], 'id': 8}
2020-02-08_11:41:18.514[Status]Routing 73: Walk: 68
2020-02-08_11:41:18.622[Battery Energy]50.85
2020-02-08_11:41:18.622[Status]Routing Start.
2020-02-08_11:41:18.762[Status]{'coordinate': [705.312850912655, 655.5549486137942], 'id': 8}
2020-02-08_11:41:18.763[Status]Routing 74: Walk: 69
2020-02-08_11:41:18.863[Battery Energy]50.67
2020-02-08_11:41:18.863[Status]Routing Start.
2020-02-08_11:41:19.045[Status]{'coordinate': [715.2504003485711, 654.4391031008654], 'id': 8}
2020-02-08_11:41:19.045[Status]Routing 75: Walk: 70
2020-02-08_11:41:19.161[Battery Energy]50.46
2020-02-08_11:41:19.161[Status]Routing Start.
2020-02-08_11:41:19.303[Status]{'coordinate': [725.1879497844873, 653.3232575879366], 'id': 8}
2020-02-08_11:41:19.303[Status]Routing 76: Walk: 71
2020-02-08_11:41:19.417[Battery Energy]50.25
2020-02-08_11:41:19.417[Status]Routing Start.
2020-02-08_11:41:19.724[Status]{'coordinate': [735.1254992204034, 652.2074120750078], 'id': 8}
2020-02-08_11:41:19.724[Status]Routing 77: Walk: 72
2020-02-08_11:41:19.824[Battery Energy]49.97
2020-02-08_11:41:19.824[Status]Routing Start.
2020-02-08_11:41:19.985[Status]{'coordinate': [745.0630486563196, 651.091566562079], 'id': 8}
2020-02-08_11:41:19.985[Status]Routing 78: Walk: 73
2020-02-08_11:41:20.089[Battery Energy]49.74
2020-02-08_11:41:20.089[Status]Routing Start.
2020-02-08_11:41:20.400[Status]{'coordinate': [755.0005980922357, 649.9757210491503], 'id': 8}
2020-02-08_11:41:20.422[Status]Routing 79: Walk: 74
2020-02-08_11:41:20.522[Battery Energy]49.46
2020-02-08_11:41:20.522[Status]Routing Start.
2020-02-08_11:41:20.832[Status]{'coordinate': [764.9381475281518, 648.8598755362215], 'id': 8}
2020-02-08_11:41:20.832[Status]Routing 80: Walk: 75
2020-02-08_11:41:20.934[Battery Energy]49.16
2020-02-08_11:41:20.934[Status]Routing Start.
2020-02-08_11:41:21.280[Status]{'coordinate': [774.875696964068, 647.7440300232927], 'id': 8}
2020-02-08_11:41:21.280[Status]Routing 81: Walk: 76
2020-02-08_11:41:21.380[Battery Energy]48.85
2020-02-08_11:41:21.380[Status]Routing Start.
2020-02-08_11:41:21.708[Status]{'coordinate': [784.8132463999841, 646.6281845103638], 'id': 8}
2020-02-08_11:41:21.713[Status]Routing 82: Walk: 77
2020-02-08_11:41:21.838[Battery Energy]48.56
2020-02-08_11:41:21.838[Status]Routing Start.
2020-02-08_11:41:21.973[Status]{'coordinate': [794.7507958359002, 645.512338997435], 'id': 8}
2020-02-08_11:41:21.973[Status]Routing 83: Walk: 78
2020-02-08_11:41:22.078[Battery Energy]48.35
2020-02-08_11:41:22.078[Status]Routing Start.
2020-02-08_11:41:22.349[Status]{'coordinate': [804.6883452718164, 644.3964934845061], 'id': 8}
2020-02-08_11:41:22.349[Status]Routing 84: Walk: 79
2020-02-08_11:41:22.462[Battery Energy]48.04
2020-02-08_11:41:22.462[Status]Routing Start.
2020-02-08_11:41:22.760[Status]{'coordinate': [814.6258947077325, 643.2806479715773], 'id': 8}
2020-02-08_11:41:22.760[Status]Routing 85: Walk: 80
2020-02-08_11:41:22.861[Battery Energy]47.74
2020-02-08_11:41:22.861[Status]Routing Start.
2020-02-08_11:41:23.151[Status]{'coordinate': [824.5634441436487, 642.1648024586484], 'id': 8}
2020-02-08_11:41:23.151[Status]Routing 86: Walk: 81
2020-02-08_11:41:23.262[Battery Energy]47.47
2020-02-08_11:41:23.262[Status]Routing Start.
2020-02-08_11:41:23.412[Status]{'coordinate': [834.5009935795648, 641.0489569457196], 'id': 8}
2020-02-08_11:41:23.415[Status]Routing 87: Walk: 82
2020-02-08_11:41:23.522[Battery Energy]47.26
2020-02-08_11:41:23.522[Status]Routing Start.
2020-02-08_11:41:23.682[Status]{'coordinate': [844.438543015481, 639.9331114327907], 'id': 8}
2020-02-08_11:41:23.685[Status]Routing 88: Walk: 83
2020-02-08_11:41:23.790[Battery Energy]47.05
2020-02-08_11:41:23.790[Status]Routing Start.
2020-02-08_11:41:23.931[Status]{'coordinate': [854.3760924513971, 638.8172659198619], 'id': 8}
2020-02-08_11:41:23.931[Status]Routing 89: Walk: 84
2020-02-08_11:41:24.042[Battery Energy]46.85
2020-02-08_11:41:24.042[Status]Routing Start.
2020-02-08_11:41:24.346[Status]{'coordinate': [864.3136418873132, 637.701420406933], 'id': 8}
2020-02-08_11:41:24.346[Status]Routing 90: Walk: 85
2020-02-08_11:41:24.454[Battery Energy]46.54
2020-02-08_11:41:24.454[Status]Routing Start.
2020-02-08_11:41:24.591[Status]{'coordinate': [874.2511913232294, 636.5855748940041], 'id': 8}
2020-02-08_11:41:24.591[Status]Routing 91: Walk: 86
2020-02-08_11:41:24.694[Battery Energy]46.34
2020-02-08_11:41:24.694[Status]Routing Start.
2020-02-08_11:41:25.028[Status]{'coordinate': [884.1887407591455, 635.4697293810754], 'id': 8}
2020-02-08_11:41:25.028[Status]Routing 92: Walk: 87
2020-02-08_11:41:25.128[Battery Energy]45.98
2020-02-08_11:41:25.128[Status]Routing Start.
2020-02-08_11:41:25.280[Status]{'coordinate': [894.1262901950616, 634.3538838681465], 'id': 8}
2020-02-08_11:41:25.280[Status]Routing 93: Walk: 88
2020-02-08_11:41:25.380[Battery Energy]45.76
2020-02-08_11:41:25.380[Status]Routing Start.
2020-02-08_11:41:25.717[Status]{'coordinate': [904.0638396309778, 633.2380383552177], 'id': 8}
2020-02-08_11:41:25.717[Status]Routing 94: Walk: 89
2020-02-08_11:41:25.821[Battery Energy]45.46
2020-02-08_11:41:25.821[Status]Routing Start.
2020-02-08_11:41:26.133[Status]{'coordinate': [914.0013890668939, 632.1221928422888], 'id': 8}
2020-02-08_11:41:26.133[Status]Routing 95: Walk: 90
2020-02-08_11:41:26.238[Battery Energy]45.15
2020-02-08_11:41:26.238[Status]Routing Start.
2020-02-08_11:41:26.515[Status]{'coordinate': [923.9389385028101, 631.00634732936], 'id': 8}
2020-02-08_11:41:26.515[Status]Routing 96: Walk: 91
2020-02-08_11:41:26.616[Battery Energy]44.87
2020-02-08_11:41:26.616[Status]Routing Start.
2020-02-08_11:41:26.869[Status]{'coordinate': [933.8764879387262, 629.8905018164311], 'id': 8}
2020-02-08_11:41:26.869[Status]Routing 97: Walk: 92
2020-02-08_11:41:26.974[Battery Energy]44.58
2020-02-08_11:41:26.974[Status]Routing Start.
2020-02-08_11:41:27.123[Status]{'coordinate': [943.8140373746423, 628.7746563035023], 'id': 8}
2020-02-08_11:41:27.123[Status]Routing 98: Walk: 93
2020-02-08_11:41:27.223[Battery Energy]44.35
2020-02-08_11:41:27.223[Status]Routing Start.
2020-02-08_11:41:27.369[Status]{'coordinate': [953.7515868105585, 627.6588107905734], 'id': 8}
2020-02-08_11:41:27.369[Status]Routing 99: Walk: 94
2020-02-08_11:41:27.469[Battery Energy]44.14
2020-02-08_11:41:27.470[Status]Routing Start.
2020-02-08_11:41:27.742[Status]{'coordinate': [963.6891362464746, 626.5429652776446], 'id': 8}
2020-02-08_11:41:27.742[Status]Routing 100: Walk: 95
2020-02-08_11:41:27.853[Battery Energy]43.83
2020-02-08_11:41:27.853[Status]Routing Start.
2020-02-08_11:41:27.989[Status]{'coordinate': [973.6266856823908, 625.4271197647157], 'id': 8}
2020-02-08_11:41:27.989[Status]Routing 101: Walk: 96
2020-02-08_11:41:28.102[Battery Energy]43.63
2020-02-08_11:41:28.102[Status]Routing Start.
2020-02-08_11:41:28.268[Status]{'coordinate': [983.5642351183069, 624.3112742517869], 'id': 8}
2020-02-08_11:41:28.268[Status]Routing 102: Walk: 97
2020-02-08_11:41:28.378[Battery Energy]43.40
2020-02-08_11:41:28.378[Status]Routing Start.
2020-02-08_11:41:28.630[Status]{'coordinate': [993.501784554223, 623.195428738858], 'id': 8}
2020-02-08_11:41:28.630[Status]Routing 103: Walk: 98
2020-02-08_11:41:28.738[Battery Energy]43.12
2020-02-08_11:41:28.738[Status]Routing Start.
2020-02-08_11:41:28.883[Status]{'coordinate': [1003.4393339901392, 622.0795832259292], 'id': 8}
2020-02-08_11:41:28.883[Status]Routing 104: Walk: 99
2020-02-08_11:41:28.985[Battery Energy]42.94
2020-02-08_11:41:28.985[Status]Routing Start.
2020-02-08_11:41:29.143[Status]{'coordinate': [1013.3768834260553, 620.9637377130003], 'id': 8}
2020-02-08_11:41:29.143[Status]Routing 105: Walk: 100
2020-02-08_11:41:29.243[Battery Energy]42.73
2020-02-08_11:41:29.243[Status]Routing Start.
2020-02-08_11:41:29.406[Status]{'coordinate': [1023.3144328619715, 619.8478922000714], 'id': 8}
2020-02-08_11:41:29.406[Status]Routing 106: Walk: 101
2020-02-08_11:41:29.506[Battery Energy]42.51
2020-02-08_11:41:29.506[Status]Routing Start.
2020-02-08_11:41:29.673[Status]{'coordinate': [1033.2519822978875, 618.7320466871427], 'id': 8}
2020-02-08_11:41:29.673[Status]Routing 107: Walk: 102
2020-02-08_11:41:29.773[Battery Energy]42.28
2020-02-08_11:41:29.774[Status]Routing Start.
2020-02-08_11:41:30.029[Status]{'coordinate': [1043.1895317338035, 617.6162011742139], 'id': 8}
2020-02-08_11:41:30.029[Status]Routing 108: Walk: 103
2020-02-08_11:41:30.134[Battery Energy]41.99
2020-02-08_11:41:30.134[Status]Routing Start.
2020-02-08_11:41:30.292[Status]{'coordinate': [1053.1270811697195, 616.500355661285], 'id': 8}
2020-02-08_11:41:30.294[Status]Routing 109: Walk: 104
2020-02-08_11:41:30.406[Battery Energy]41.78
2020-02-08_11:41:30.406[Status]Routing Start.
2020-02-08_11:41:30.551[Status]{'coordinate': [1063.0646306056356, 615.3845101483562], 'id': 8}
2020-02-08_11:41:30.551[Status]Routing 110: Walk: 105
2020-02-08_11:41:30.654[Battery Energy]41.58
2020-02-08_11:41:30.654[Status]Routing Start.
2020-02-08_11:41:30.785[Status]{'coordinate': [1073.0021800415516, 614.2686646354273], 'id': 8}
2020-02-08_11:41:30.786[Status]Routing 111: Walk: 106
2020-02-08_11:41:30.889[Battery Energy]41.37
2020-02-08_11:41:30.889[Status]Routing Start.
2020-02-08_11:41:31.124[Status]{'coordinate': [1082.9397294774676, 613.1528191224985], 'id': 8}
2020-02-08_11:41:31.125[Status]Routing 112: Walk: 107
2020-02-08_11:41:31.231[Battery Energy]41.12
2020-02-08_11:41:31.231[Status]Routing Start.
2020-02-08_11:41:31.399[Status]{'coordinate': [1092.8772789133836, 612.0369736095696], 'id': 8}
2020-02-08_11:41:31.399[Status]Routing 113: Walk: 108
2020-02-08_11:41:31.499[Battery Energy]40.90
2020-02-08_11:41:31.499[Status]Routing Start.
2020-02-08_11:41:31.660[Status]{'coordinate': [1102.8148283492997, 610.9211280966408], 'id': 8}
2020-02-08_11:41:31.660[Status]Routing 114: Walk: 109
2020-02-08_11:41:31.762[Battery Energy]40.69
2020-02-08_11:41:31.762[Status]Routing Start.
2020-02-08_11:41:31.945[Status]{'coordinate': [1112.7523777852157, 609.805282583712], 'id': 8}
2020-02-08_11:41:31.945[Status]Routing 115: Walk: 110
2020-02-08_11:41:32.048[Battery Energy]40.46
2020-02-08_11:41:32.048[Status]Routing Start.
2020-02-08_11:41:32.195[Status]{'coordinate': [1122.6899272211317, 608.6894370707831], 'id': 8}
2020-02-08_11:41:32.195[Status]Routing 116: Walk: 111
2020-02-08_11:41:32.306[Battery Energy]40.25
2020-02-08_11:41:32.306[Status]Routing Start.
2020-02-08_11:41:32.444[Status]{'coordinate': [1132.6274766570477, 607.5735915578543], 'id': 8}
2020-02-08_11:41:32.444[Status]Routing 117: Walk: 112
2020-02-08_11:41:32.544[Battery Energy]40.04
2020-02-08_11:41:32.545[Status]Routing Start.
2020-02-08_11:41:32.801[Status]{'coordinate': [1142.5650260929638, 606.4577460449254], 'id': 8}
2020-02-08_11:41:32.802[Status]Routing 118: Walk: 113
2020-02-08_11:41:32.903[Battery Energy]39.75
2020-02-08_11:41:32.903[Status]Routing Start.
2020-02-08_11:41:33.152[Status]{'coordinate': [1152.5025755288798, 605.3419005319967], 'id': 8}
2020-02-08_11:41:33.152[Status]Routing 119: Walk: 114
2020-02-08_11:41:33.262[Battery Energy]39.49
2020-02-08_11:41:33.262[Status]Routing Start.
2020-02-08_11:41:33.396[Status]{'coordinate': [1162.4401249647958, 604.2260550190679], 'id': 8}
2020-02-08_11:41:33.396[Status]Routing 120: Walk: 115
2020-02-08_11:41:33.502[Battery Energy]39.29
2020-02-08_11:41:33.502[Status]Routing Start.
2020-02-08_11:41:33.671[Status]{'coordinate': [1172.3776744007118, 603.110209506139], 'id': 8}
2020-02-08_11:41:33.672[Status]Routing 121: Walk: 116
2020-02-08_11:41:33.778[Battery Energy]39.09
2020-02-08_11:41:33.778[Status]Routing Start.
2020-02-08_11:41:33.778[Status]Task Finished.
2020-02-08_11:41:33.878[Battery Energy]39.09
2020-02-08_11:41:34.026[Status]Routing 123: Walk: 116
2020-02-08_11:41:34.138[Battery Energy]38.97
2020-02-08_11:41:34.389[Status]Routing 124: Walk: 116
2020-02-08_11:41:34.518[Battery Energy]38.80
2020-02-08_11:41:34.846[Status]Routing 125: Walk: 116
2020-02-08_11:41:34.947[Battery Energy]38.48
2020-02-08_11:41:35.289[Status]Routing 126: Walk: 116
2020-02-08_11:41:35.389[Battery Energy]38.17
2020-02-08_11:41:35.529[Status]Routing 127: Walk: 116
2020-02-08_11:41:35.633[Battery Energy]38.04
2020-02-08_11:41:36.139[Status]Routing 128: Walk: 116
2020-02-08_11:41:36.239[Battery Energy]37.60
2020-02-08_11:41:36.540[Status]Routing 129: Walk: 116
2020-02-08_11:41:36.641[Battery Energy]37.33
2020-02-08_11:41:36.806[Status]Routing 130: Walk: 116
2020-02-08_11:41:36.914[Battery Energy]37.23
2020-02-08_11:41:37.390[Status]Routing 131: Walk: 116
2020-02-08_11:41:37.493[Battery Energy]36.78
2020-02-08_11:41:37.633[Status]Routing 132: Walk: 116
2020-02-08_11:41:37.742[Battery Energy]36.66
2020-02-08_11:41:38.035[Status]Routing 133: Walk: 116
2020-02-08_11:41:38.137[Battery Energy]36.47
2020-02-08_11:41:38.307[Status]Routing 134: Walk: 116
2020-02-08_11:41:38.414[Battery Energy]36.35
2020-02-08_11:41:38.559[Status]Routing 135: Walk: 116
2020-02-08_11:41:38.659[Battery Energy]36.24
2020-02-08_11:41:38.807[Status]Routing 136: Walk: 116
2020-02-08_11:41:38.907[Battery Energy]36.13
2020-02-08_11:41:39.107[Status]Routing 137: Walk: 116
2020-02-08_11:41:39.208[Battery Energy]35.99
2020-02-08_11:41:39.341[Status]Routing 138: Walk: 116
2020-02-08_11:41:39.446[Battery Energy]35.88
2020-02-08_11:41:39.588[Status]Routing 139: Walk: 116
2020-02-08_11:41:39.689[Battery Energy]35.76
2020-02-08_11:41:39.839[Status]Routing 140: Walk: 116
2020-02-08_11:41:39.966[Battery Energy]35.66
2020-02-08_11:41:40.323[Status]Routing 141: Walk: 116
2020-02-08_11:41:40.423[Battery Energy]35.41
2020-02-08_11:41:40.726[Status]Routing 142: Walk: 116
2020-02-08_11:41:40.830[Battery Energy]35.23
2020-02-08_11:41:41.115[Status]Routing 143: Walk: 116
2020-02-08_11:41:41.222[Battery Energy]35.11
2020-02-08_11:41:41.571[Status]Routing 144: Walk: 116
2020-02-08_11:41:41.671[Battery Energy]34.89
2020-02-08_11:41:42.081[Status]Routing 145: Walk: 116
2020-02-08_11:41:42.181[Battery Energy]34.64
2020-02-08_11:41:42.535[Status]Routing 146: Walk: 116
2020-02-08_11:41:42.635[Battery Energy]34.40
2020-02-08_11:41:42.812[Status]Routing 147: Walk: 116
2020-02-08_11:41:42.922[Battery Energy]34.28
2020-02-08_11:41:43.038[Status]Routing 148: Walk: 116
2020-02-08_11:41:43.138[Battery Energy]34.17
2020-02-08_11:41:43.304[Status]Routing 149: Walk: 116
2020-02-08_11:41:43.404[Battery Energy]34.08
2020-02-08_11:41:43.590[Status]Routing 150: Walk: 116
2020-02-08_11:41:43.690[Battery Energy]33.97
2020-02-08_11:41:43.942[Status]Routing 151: Walk: 116
2020-02-08_11:41:44.046[Battery Energy]33.79
2020-02-08_11:41:44.196[Status]Routing 152: Walk: 116
2020-02-08_11:41:44.310[Battery Energy]33.68
2020-02-08_11:41:44.465[Status]Routing 153: Walk: 116
2020-02-08_11:41:44.565[Battery Energy]33.58
2020-02-08_11:41:44.717[Status]Routing 154: Walk: 116
2020-02-08_11:41:44.817[Battery Energy]33.48
2020-02-08_11:41:44.969[Status]Routing 155: Walk: 116
2020-02-08_11:41:45.069[Battery Energy]33.35
2020-02-08_11:41:45.229[Status]Routing 156: Walk: 116
2020-02-08_11:41:45.343[Battery Energy]33.25
2020-02-08_11:41:45.499[Status]Routing 157: Walk: 116
2020-02-08_11:41:45.600[Battery Energy]33.13
2020-02-08_11:41:45.736[Status]Routing 158: Walk: 116
2020-02-08_11:41:45.842[Battery Energy]33.02
2020-02-08_11:41:46.003[Status]Routing 159: Walk: 116
2020-02-08_11:41:46.131[Battery Energy]32.89
2020-02-08_11:41:46.279[Status]Routing 160: Walk: 116
2020-02-08_11:41:46.382[Battery Energy]32.79
2020-02-08_11:41:46.539[Status]Routing 161: Walk: 116
2020-02-08_11:41:46.642[Battery Energy]32.67
2020-02-08_11:41:46.808[Status]Routing 162: Walk: 116
2020-02-08_11:41:46.918[Battery Energy]32.55
2020-02-08_11:41:47.060[Status]Routing 163: Walk: 116
2020-02-08_11:41:47.166[Battery Energy]32.44
2020-02-08_11:41:47.312[Status]Routing 164: Walk: 116
2020-02-08_11:41:47.420[Battery Energy]32.30
2020-02-08_11:41:47.556[Status]Routing 165: Walk: 116
2020-02-08_11:41:47.656[Battery Energy]32.19
2020-02-08_11:41:47.804[Status]Routing 166: Walk: 116
2020-02-08_11:41:47.926[Battery Energy]32.09
2020-02-08_11:41:48.085[Status]Routing 167: Walk: 116
2020-02-08_11:41:48.218[Battery Energy]31.97
2020-02-08_11:41:48.343[Status]Routing 168: Walk: 116
2020-02-08_11:41:48.450[Battery Energy]31.89
2020-02-08_11:41:48.611[Status]Routing 169: Walk: 116
2020-02-08_11:41:48.711[Battery Energy]31.77
2020-02-08_11:41:48.872[Status]Routing 170: Walk: 116
2020-02-08_11:41:48.977[Battery Energy]31.64
2020-02-08_11:41:49.148[Status]Routing 171: Walk: 116
2020-02-08_11:41:49.249[Battery Energy]31.53
2020-02-08_11:41:49.442[Status]Routing 172: Walk: 116
2020-02-08_11:41:49.543[Battery Energy]31.40
2020-02-08_11:41:49.695[Status]Routing 173: Walk: 116
2020-02-08_11:41:49.798[Battery Energy]31.29
2020-02-08_11:41:49.947[Status]Routing 174: Walk: 116
2020-02-08_11:41:50.058[Battery Energy]31.19
2020-02-08_11:41:50.231[Status]Routing 175: Walk: 116
2020-02-08_11:41:50.338[Battery Energy]31.07
2020-02-08_11:41:50.484[Status]Routing 176: Walk: 116
2020-02-08_11:41:50.584[Battery Energy]30.98
2020-02-08_11:41:50.751[Status]Routing 177: Walk: 116
2020-02-08_11:41:50.854[Battery Energy]30.88
2020-02-08_11:41:51.048[Status]Routing 178: Walk: 116
2020-02-08_11:41:51.157[Battery Energy]30.76
2020-02-08_11:41:51.288[Status]Routing 179: Walk: 116
2020-02-08_11:41:51.388[Battery Energy]30.66
2020-02-08_11:41:51.555[Status]Routing 180: Walk: 116
2020-02-08_11:41:51.666[Battery Energy]30.52
2020-02-08_11:41:51.817[Status]Routing 181: Walk: 116
2020-02-08_11:41:51.934[Battery Energy]30.41
2020-02-08_11:41:52.063[Status]Routing 182: Walk: 116
2020-02-08_11:41:52.163[Battery Energy]30.31
2020-02-08_11:41:52.323[Status]Routing 183: Walk: 116
2020-02-08_11:41:52.430[Battery Energy]30.21
2020-02-08_11:41:52.583[Status]Routing 184: Walk: 116
2020-02-08_11:41:52.684[Battery Energy]30.08
2020-02-08_11:41:52.826[Status]Routing 185: Walk: 116
2020-02-08_11:41:52.938[Battery Energy]29.97
2020-02-08_11:41:53.078[Status]Routing 186: Walk: 116
2020-02-08_11:41:53.180[Battery Energy]29.86
2020-02-08_11:41:53.339[Status]Routing 187: Walk: 116
2020-02-08_11:41:53.439[Battery Energy]29.77
2020-02-08_11:41:53.599[Status]Routing 188: Walk: 116
2020-02-08_11:41:53.699[Battery Energy]29.64
2020-02-08_11:41:53.878[Status]Routing 189: Walk: 116
2020-02-08_11:41:53.978[Battery Energy]29.50
2020-02-08_11:41:54.136[Status]Routing 190: Walk: 116
2020-02-08_11:41:54.245[Battery Energy]29.36
2020-02-08_11:41:54.393[Status]Routing 191: Walk: 116
2020-02-08_11:41:54.494[Battery Energy]29.26
2020-02-08_11:41:54.654[Status]Routing 192: Walk: 116
2020-02-08_11:41:54.770[Battery Energy]29.14
2020-02-08_11:41:54.943[Status]Routing 193: Walk: 116
2020-02-08_11:41:55.044[Battery Energy]29.02
2020-02-08_11:41:55.191[Status]Routing 194: Walk: 116
2020-02-08_11:41:55.298[Battery Energy]28.91
2020-02-08_11:41:55.444[Status]Routing 195: Walk: 116
2020-02-08_11:41:55.554[Battery Energy]28.80
2020-02-08_11:41:55.745[Status]Routing 196: Walk: 116
2020-02-08_11:41:55.854[Battery Energy]28.67
2020-02-08_11:41:56.049[Status]Routing 197: Walk: 116
2020-02-08_11:41:56.162[Battery Energy]28.53
2020-02-08_11:41:56.297[Status]Routing 198: Walk: 116
2020-02-08_11:41:56.422[Battery Energy]28.44
2020-02-08_11:41:56.559[Status]Routing 199: Walk: 116
2020-02-08_11:41:56.662[Battery Energy]28.36
2020-02-08_11:41:56.803[Status]Routing 200: Walk: 116
2020-02-08_11:41:56.904[Battery Energy]28.27
2020-02-08_11:41:57.035[Status]Routing 201: Walk: 116
2020-02-08_11:41:57.136[Battery Energy]28.17
2020-02-08_11:41:57.299[Status]Routing 202: Walk: 116
2020-02-08_11:41:57.417[Battery Energy]28.08
2020-02-08_11:41:57.560[Status]Routing 203: Walk: 116
2020-02-08_11:41:57.660[Battery Energy]27.97
2020-02-08_11:41:57.805[Status]Routing 204: Walk: 116
2020-02-08_11:41:57.917[Battery Energy]27.86
2020-02-08_11:41:58.087[Status]Routing 205: Walk: 116
2020-02-08_11:41:58.189[Battery Energy]27.73
2020-02-08_11:41:58.348[Status]Routing 206: Walk: 116
2020-02-08_11:41:58.450[Battery Energy]27.62
2020-02-08_11:41:58.604[Status]Routing 207: Walk: 116
2020-02-08_11:41:58.704[Battery Energy]27.51
2020-02-08_11:41:58.856[Status]Routing 208: Walk: 116
2020-02-08_11:41:58.966[Battery Energy]27.41
2020-02-08_11:41:59.151[Status]Routing 209: Walk: 116
2020-02-08_11:41:59.266[Battery Energy]27.26
2020-02-08_11:41:59.406[Status]Routing 210: Walk: 116
2020-02-08_11:41:59.518[Battery Energy]27.14
2020-02-08_11:41:59.661[Status]Routing 211: Walk: 116
2020-02-08_11:41:59.770[Battery Energy]27.06
2020-02-08_11:41:59.908[Status]Routing 212: Walk: 116
2020-02-08_11:42:00.014[Battery Energy]26.96
2020-02-08_11:42:00.166[Status]Routing 213: Walk: 116
2020-02-08_11:42:00.266[Battery Energy]26.86
2020-02-08_11:42:00.430[Status]Routing 214: Walk: 116
2020-02-08_11:42:00.531[Battery Energy]26.76
2020-02-08_11:42:00.700[Status]Routing 215: Walk: 116
2020-02-08_11:42:00.802[Battery Energy]26.66
2020-02-08_11:42:00.971[Status]Routing 216: Walk: 116
2020-02-08_11:42:01.078[Battery Energy]26.55
2020-02-08_11:42:01.219[Status]Routing 217: Walk: 116
2020-02-08_11:42:01.320[Battery Energy]26.43
2020-02-08_11:42:01.493[Status]Routing 218: Walk: 116
2020-02-08_11:42:01.608[Battery Energy]26.32
2020-02-08_11:42:01.735[Status]Routing 219: Walk: 116
2020-02-08_11:42:01.835[Battery Energy]26.20
2020-02-08_11:42:01.984[Status]Routing 220: Walk: 116
2020-02-08_11:42:02.090[Battery Energy]26.10
2020-02-08_11:42:02.229[Status]Routing 221: Walk: 116
2020-02-08_11:42:02.330[Battery Energy]25.99
2020-02-08_11:42:02.484[Status]Routing 222: Walk: 116
2020-02-08_11:42:02.584[Battery Energy]25.88
2020-02-08_11:42:02.753[Status]Routing 223: Walk: 116
2020-02-08_11:42:02.875[Battery Energy]25.75
2020-02-08_11:42:03.022[Status]Routing 224: Walk: 116
2020-02-08_11:42:03.130[Battery Energy]25.65
2020-02-08_11:42:03.295[Status]Routing 225: Walk: 116
2020-02-08_11:42:03.396[Battery Energy]25.52
2020-02-08_11:42:03.539[Status]Routing 226: Walk: 116
2020-02-08_11:42:03.639[Battery Energy]25.43
2020-02-08_11:42:03.820[Status]Routing 227: Walk: 116
2020-02-08_11:42:03.920[Battery Energy]25.30
2020-02-08_11:42:04.066[Status]Routing 228: Walk: 116
2020-02-08_11:42:04.182[Battery Energy]25.18
2020-02-08_11:42:04.372[Status]Routing 229: Walk: 116
2020-02-08_11:42:04.474[Battery Energy]25.06
2020-02-08_11:42:04.623[Status]Routing 230: Walk: 116
2020-02-08_11:42:04.725[Battery Energy]24.91
2020-02-08_11:42:04.908[Status]Routing 231: Walk: 116
2020-02-08_11:42:05.018[Battery Energy]24.78
2020-02-08_11:42:05.308[Status]Routing 232: Walk: 116
2020-02-08_11:42:05.419[Battery Energy]24.54
2020-02-08_11:42:05.581[Status]Routing 233: Walk: 116
2020-02-08_11:42:05.694[Battery Energy]24.42
2020-02-08_11:42:05.845[Status]Routing 234: Walk: 116
2020-02-08_11:42:05.945[Battery Energy]24.34
2020-02-08_11:42:06.108[Status]Routing 235: Walk: 116
2020-02-08_11:42:06.209[Battery Energy]24.23
2020-02-08_11:42:06.398[Status]Routing 236: Walk: 116
2020-02-08_11:42:06.502[Battery Energy]24.10
2020-02-08_11:42:06.656[Status]Routing 237: Walk: 116
2020-02-08_11:42:06.757[Battery Energy]24.00
2020-02-08_11:42:06.933[Status]Routing 238: Walk: 116
2020-02-08_11:42:07.046[Battery Energy]23.88
2020-02-08_11:42:07.220[Status]Routing 239: Walk: 116
2020-02-08_11:42:07.334[Battery Energy]23.73
2020-02-08_11:42:07.463[Status]Routing 240: Walk: 116
2020-02-08_11:42:07.576[Battery Energy]23.64
2020-02-08_11:42:07.742[Status]Routing 241: Walk: 116
2020-02-08_11:42:07.862[Battery Energy]23.52
2020-02-08_11:42:07.981[Status]Routing 242: Walk: 116
2020-02-08_11:42:08.090[Battery Energy]23.43
2020-02-08_11:42:08.224[Status]Routing 243: Walk: 116
2020-02-08_11:42:08.333[Battery Energy]23.32
2020-02-08_11:42:08.504[Status]Routing 244: Walk: 116
2020-02-08_11:42:08.604[Battery Energy]23.20
2020-02-08_11:42:08.780[Status]Routing 245: Walk: 116
2020-02-08_11:42:08.898[Battery Energy]23.09
2020-02-08_11:42:09.026[Status]Routing 246: Walk: 116
2020-02-08_11:42:09.130[Battery Energy]22.99
2020-02-08_11:42:09.258[Status]Routing 247: Walk: 116
2020-02-08_11:42:09.370[Battery Energy]22.88
2020-02-08_11:42:09.498[Status]Routing 248: Walk: 116
2020-02-08_11:42:09.604[Battery Energy]22.77
2020-02-08_11:42:09.742[Status]Routing 249: Walk: 116
2020-02-08_11:42:09.858[Battery Energy]22.68
2020-02-08_11:42:09.991[Status]Routing 250: Walk: 116
2020-02-08_11:42:10.091[Battery Energy]22.59
2020-02-08_11:42:10.251[Status]Routing 251: Walk: 116
2020-02-08_11:42:10.352[Battery Energy]22.48
2020-02-08_11:42:10.498[Status]Routing 252: Walk: 116
2020-02-08_11:42:10.603[Battery Energy]22.37
2020-02-08_11:42:10.756[Status]Routing 253: Walk: 116
2020-02-08_11:42:10.866[Battery Energy]22.26
2020-02-08_11:42:11.010[Status]Routing 254: Walk: 116
2020-02-08_11:42:11.114[Battery Energy]22.15
2020-02-08_11:42:11.264[Status]Routing 255: Walk: 116
2020-02-08_11:42:11.374[Battery Energy]22.01
2020-02-08_11:42:11.512[Status]Routing 256: Walk: 116
2020-02-08_11:42:11.613[Battery Energy]21.92
2020-02-08_11:42:11.763[Status]Routing 257: Walk: 116
2020-02-08_11:42:11.872[Battery Energy]21.79
2020-02-08_11:42:12.001[Status]Routing 258: Walk: 116
2020-02-08_11:42:12.101[Battery Energy]21.71
2020-02-08_11:42:12.247[Status]Routing 259: Walk: 116
2020-02-08_11:42:12.366[Battery Energy]21.58
2020-02-08_11:42:12.512[Status]Routing 260: Walk: 116
2020-02-08_11:42:12.613[Battery Energy]21.47
2020-02-08_11:42:12.759[Status]Routing 261: Walk: 116
2020-02-08_11:42:12.866[Battery Energy]21.37
2020-02-08_11:42:13.026[Status]Routing 262: Walk: 116
2020-02-08_11:42:13.138[Battery Energy]21.28
2020-02-08_11:42:13.270[Status]Routing 263: Walk: 116
2020-02-08_11:42:13.378[Battery Energy]21.18
2020-02-08_11:42:13.510[Status]Routing 264: Walk: 116
2020-02-08_11:42:13.629[Battery Energy]21.06
2020-02-08_11:42:13.823[Status]Routing 265: Walk: 116
2020-02-08_11:42:13.938[Battery Energy]20.90
2020-02-08_11:42:14.063[Status]Routing 266: Walk: 116
2020-02-08_11:42:14.174[Battery Energy]20.81
2020-02-08_11:42:14.305[Status]Routing 267: Walk: 116
2020-02-08_11:42:14.414[Battery Energy]20.71
2020-02-08_11:42:14.559[Status]Routing 268: Walk: 116
2020-02-08_11:42:14.672[Battery Energy]20.60
2020-02-08_11:42:14.829[Status]Routing 269: Walk: 116
2020-02-08_11:42:14.930[Battery Energy]20.47
2020-02-08_11:42:15.078[Status]Routing 270: Walk: 116
2020-02-08_11:42:15.179[Battery Energy]20.35
2020-02-08_11:42:15.368[Status]Routing 271: Walk: 116
2020-02-08_11:42:15.474[Battery Energy]20.21
2020-02-08_11:42:15.624[Status]Routing 272: Walk: 116
2020-02-08_11:42:15.724[Battery Energy]20.09
2020-02-08_11:42:15.869[Status]Routing 273: Walk: 116
2020-02-08_11:42:15.974[Battery Energy]19.99
2020-02-08_11:42:16.113[Status]Routing 274: Walk: 116
2020-02-08_11:42:16.214[Battery Energy]19.87
2020-02-08_11:42:16.360[Status]Routing 275: Walk: 116
2020-02-08_11:42:16.465[Battery Energy]19.74
2020-02-08_11:42:16.619[Status]Routing 276: Walk: 116
2020-02-08_11:42:16.734[Battery Energy]19.63
2020-02-08_11:42:16.877[Status]Routing 277: Walk: 116
2020-02-08_11:42:16.982[Battery Energy]19.51
2020-02-08_11:42:17.125[Status]Routing 278: Walk: 116
2020-02-08_11:42:17.225[Battery Energy]19.39
2020-02-08_11:42:17.386[Status]Routing 279: Walk: 116
2020-02-08_11:42:17.487[Battery Energy]19.28
2020-02-08_11:42:17.682[Status]Routing 280: Walk: 116
2020-02-08_11:42:17.783[Battery Energy]19.13
2020-02-08_11:42:17.966[Status]Routing 281: Walk: 116
2020-02-08_11:42:18.078[Battery Energy]19.02
2020-02-08_11:42:18.234[Status]Routing 282: Walk: 116
2020-02-08_11:42:18.334[Battery Energy]18.90
2020-02-08_11:42:18.505[Status]Routing 283: Walk: 116
2020-02-08_11:42:18.605[Battery Energy]18.79
2020-02-08_11:42:18.745[Status]Routing 284: Walk: 116
2020-02-08_11:42:18.854[Battery Energy]18.71
2020-02-08_11:42:19.014[Status]Routing 285: Walk: 116
2020-02-08_11:42:19.118[Battery Energy]18.59
2020-02-08_11:42:19.277[Status]Routing 286: Walk: 116
2020-02-08_11:42:19.382[Battery Energy]18.46
2020-02-08_11:42:19.544[Status]Routing 287: Walk: 116
2020-02-08_11:42:19.662[Battery Energy]18.33
2020-02-08_11:42:19.788[Status]Routing 288: Walk: 116
2020-02-08_11:42:19.888[Battery Energy]18.22
2020-02-08_11:42:20.054[Status]Routing 289: Walk: 116
2020-02-08_11:42:20.154[Battery Energy]18.09
2020-02-08_11:42:20.302[Status]Routing 290: Walk: 116
2020-02-08_11:42:20.408[Battery Energy]17.96
2020-02-08_11:42:20.552[Status]Routing 291: Walk: 116
2020-02-08_11:42:20.662[Battery Energy]17.87
2020-02-08_11:42:20.800[Status]Routing 292: Walk: 116
2020-02-08_11:42:20.905[Battery Energy]17.78
2020-02-08_11:42:21.052[Status]Routing 293: Walk: 116
2020-02-08_11:42:21.162[Battery Energy]17.65
2020-02-08_11:42:21.300[Status]Routing 294: Walk: 116
2020-02-08_11:42:21.406[Battery Energy]17.56
2020-02-08_11:42:21.556[Status]Routing 295: Walk: 116
2020-02-08_11:42:21.675[Battery Energy]17.45
2020-02-08_11:42:21.815[Status]Routing 296: Walk: 116
2020-02-08_11:42:21.926[Battery Energy]17.35
2020-02-08_11:42:22.063[Status]Routing 297: Walk: 116
2020-02-08_11:42:22.163[Battery Energy]17.23
2020-02-08_11:42:22.318[Status]Routing 298: Walk: 116
2020-02-08_11:42:22.419[Battery Energy]17.14
2020-02-08_11:42:22.591[Status]Routing 299: Walk: 116
2020-02-08_11:42:22.699[Battery Energy]17.01
2020-02-08_11:42:22.878[Status]Routing 300: Walk: 116
2020-02-08_11:42:22.980[Battery Energy]16.89
2020-02-08_11:42:23.132[Status]Routing 301: Walk: 116
2020-02-08_11:42:23.233[Battery Energy]16.76
2020-02-08_11:42:23.373[Status]Routing 302: Walk: 116
2020-02-08_11:42:23.482[Battery Energy]16.65
2020-02-08_11:42:23.668[Status]Routing 303: Walk: 116
2020-02-08_11:42:23.768[Battery Energy]16.55
2020-02-08_11:42:23.918[Status]Routing 304: Walk: 116
2020-02-08_11:42:24.020[Battery Energy]16.46
2020-02-08_11:42:24.167[Status]Routing 305: Walk: 116
2020-02-08_11:42:24.267[Battery Energy]16.35
2020-02-08_11:42:24.434[Status]Routing 306: Walk: 116
2020-02-08_11:42:24.538[Battery Energy]16.23
2020-02-08_11:42:24.661[Status]Routing 307: Walk: 116
2020-02-08_11:42:24.774[Battery Energy]16.14
2020-02-08_11:42:24.909[Status]Routing 308: Walk: 116
2020-02-08_11:42:25.010[Battery Energy]16.04
2020-02-08_11:42:25.152[Status]Routing 309: Walk: 116
2020-02-08_11:42:25.266[Battery Energy]15.94
2020-02-08_11:42:25.402[Status]Routing 310: Walk: 116
2020-02-08_11:42:25.510[Battery Energy]15.84
2020-02-08_11:42:25.682[Status]Routing 311: Walk: 116
2020-02-08_11:42:25.784[Battery Energy]15.74
2020-02-08_11:42:25.971[Status]Routing 312: Walk: 116
2020-02-08_11:42:26.078[Battery Energy]15.64
2020-02-08_11:42:26.283[Status]Routing 313: Walk: 116
2020-02-08_11:42:26.390[Battery Energy]15.55
