2020-02-08_11:40:40.720[Status]Start.
2020-02-08_11:40:40.721[Battery Energy]75.00
2020-02-08_11:40:41.822[Battery Energy]74.96
2020-02-08_11:40:42.923[Battery Energy]74.92
2020-02-08_11:40:44.025[Battery Energy]74.88
2020-02-08_11:40:45.126[Battery Energy]74.84
2020-02-08_11:40:46.227[Task]A New Task Released.
2020-02-08_11:40:46.227[Battery Energy]74.80
2020-02-08_11:40:46.227[Status]Selection Start.
2020-02-08_11:40:49.689[Status]Selection End: Do Task 1.
2020-02-08_11:40:49.789[Battery Energy]72.50
2020-02-08_11:40:49.789[Status]Formation Start.
2020-02-08_11:40:49.962[Status]number of tasks is 7
2020-02-08_11:40:49.969[Status]my group tasks is [ 1300.   700.]
2020-02-08_11:40:49.975[Status]my group tasks is [ 1262.34898019   778.18314825]
2020-02-08_11:40:49.975[Status]my group tasks is [ 1177.7479066    797.49279122]
2020-02-08_11:40:49.984[Status]my group tasks is [ 1109.90311321   743.38837391]
2020-02-08_11:40:49.987[Status]my group tasks is [ 1109.90311321   656.61162609]
2020-02-08_11:40:49.987[Status]my group tasks is [ 1177.7479066    602.50720878]
2020-02-08_11:40:49.995[Status]my group tasks is [ 1262.34898019   621.81685175]
2020-02-08_11:40:50.047[Status]mygroup_robots_utility is {7: [32.2918044365551, 17.327707119099202, 18.673387642292365, 35.133617272540995, 31.02608665385033, 18.795939953300852, 15.982198946779915], 8: [16.18075024434686, 17.392358891111186, 14.945534172708678, 16.24531190920084, 17.42529172297273, 29.802290359145406, 14.408386069590257], 9: [16.276659886287614, 17.08316935060274, 14.938583854154968, 17.325247641934368, 29.221543089794817, 14.268184181363821, 15.80090784165605], 10: [16.018348836254752, 17.86436765896997, 34.795358128122174, 14.70214783030748, 16.93829675756464, 14.895117304164096, 15.530646689327297], 11: [16.44573154923073, 33.73287014711585, 14.652596387855526, 31.960785667070706, 13.879734910899913, 14.076493862751056, 15.148684071289512], 12: [16.290457279186807, 17.44439704660042, 34.72280878975264, 14.864937845518794, 16.12772695197738, 28.8127426943456, 14.976840738220359], 13: [16.668993279105063, 17.2895516827285, 30.34762677261172, 33.084146023715064, 28.523936836617462, 14.315305564966629, 15.308593595243655]}
2020-02-08_11:40:50.048[Status]self.local_queue is [7, 8, 9, 10, 11, 12, 13]
2020-02-08_11:40:50.048[Status]task_chosen index is 3
2020-02-08_11:40:50.048[Status]task_chosen index is 5
2020-02-08_11:40:50.048[Status]task_chosen index is 4
2020-02-08_11:40:50.048[Status]task_chosen index is 2
2020-02-08_11:40:50.048[Status]task_chosen index is 1
2020-02-08_11:40:50.048[Status]task_chosen index is 0
2020-02-08_11:40:50.048[Status]myindex_in_queue is 0
2020-02-08_11:40:50.048[Status]task destination is [1300.0, 700.0]
2020-02-08_11:40:50.148[Battery Energy]72.31
2020-02-08_11:40:50.148[Status]Routing Start.
2020-02-08_11:40:50.282[Status]{'id': 12, 'coordinate': [66.98913135868963, 757.533894111984]}
2020-02-08_11:40:50.282[Status]Routing 1: Walk: 1
2020-02-08_11:40:50.384[Battery Energy]72.10
2020-02-08_11:40:50.384[Status]Routing Start.
2020-02-08_11:40:50.541[Status]{'id': 12, 'coordinate': [76.97826271737927, 757.0677882239679]}
2020-02-08_11:40:50.541[Status]Routing 2: Walk: 2
2020-02-08_11:40:50.650[Battery Energy]71.87
2020-02-08_11:40:50.650[Status]Routing Start.
2020-02-08_11:40:50.806[Status]{'id': 12, 'coordinate': [86.9673940760689, 756.6016823359519]}
2020-02-08_11:40:50.807[Status]Routing 3: Walk: 3
2020-02-08_11:40:50.914[Battery Energy]71.68
2020-02-08_11:40:50.914[Status]Routing Start.
2020-02-08_11:40:51.058[Status]{'id': 12, 'coordinate': [96.95652543475853, 756.1355764479358]}
2020-02-08_11:40:51.058[Status]Routing 4: Walk: 4
2020-02-08_11:40:51.162[Battery Energy]71.48
2020-02-08_11:40:51.163[Status]Routing Start.
2020-02-08_11:40:51.340[Status]{'id': 12, 'coordinate': [106.94565679344817, 755.6694705599198]}
2020-02-08_11:40:51.340[Status]Routing 5: Walk: 5
2020-02-08_11:40:51.440[Battery Energy]71.26
2020-02-08_11:40:51.440[Status]Routing Start.
2020-02-08_11:40:51.615[Status]{'id': 12, 'coordinate': [116.9347881521378, 755.2033646719037]}
2020-02-08_11:40:51.615[Status]Routing 6: Walk: 6
2020-02-08_11:40:51.715[Battery Energy]71.05
2020-02-08_11:40:51.715[Status]Routing Start.
2020-02-08_11:40:52.035[Status]{'id': 12, 'coordinate': [126.92391951082743, 754.7372587838877]}
2020-02-08_11:40:52.035[Status]Routing 7: Walk: 7
2020-02-08_11:40:52.138[Battery Energy]70.74
2020-02-08_11:40:52.138[Status]Routing Start.
2020-02-08_11:40:52.489[Status]{'id': 12, 'coordinate': [136.91305086951706, 754.2711528958716]}
2020-02-08_11:40:52.490[Status]Routing 8: Walk: 8
2020-02-08_11:40:52.591[Battery Energy]70.45
2020-02-08_11:40:52.591[Status]Routing Start.
2020-02-08_11:40:52.939[Status]{'id': 12, 'coordinate': [146.9021822282067, 753.8050470078556]}
2020-02-08_11:40:52.939[Status]Routing 9: Walk: 9
2020-02-08_11:40:53.046[Battery Energy]70.16
2020-02-08_11:40:53.046[Status]Routing Start.
2020-02-08_11:40:53.357[Status]{'id': 12, 'coordinate': [156.89131358689633, 753.3389411198395]}
2020-02-08_11:40:53.357[Status]Routing 10: Walk: 10
2020-02-08_11:40:53.466[Battery Energy]69.89
2020-02-08_11:40:53.466[Status]Routing Start.
2020-02-08_11:40:53.793[Status]{'id': 12, 'coordinate': [166.88044494558596, 752.8728352318235]}
2020-02-08_11:40:53.794[Status]Routing 11: Walk: 11
2020-02-08_11:40:53.902[Battery Energy]69.60
2020-02-08_11:40:53.902[Status]Routing Start.
2020-02-08_11:40:54.237[Status]{'id': 12, 'coordinate': [176.8695763042756, 752.4067293438075]}
2020-02-08_11:40:54.237[Status]Routing 12: Walk: 12
2020-02-08_11:40:54.337[Battery Energy]69.30
2020-02-08_11:40:54.337[Status]Routing Start.
2020-02-08_11:40:54.672[Status]{'id': 12, 'coordinate': [186.85870766296523, 751.9406234557914]}
2020-02-08_11:40:54.673[Status]Routing 13: Walk: 13
2020-02-08_11:40:54.773[Battery Energy]68.98
2020-02-08_11:40:54.773[Status]Routing Start.
2020-02-08_11:40:55.106[Status]{'id': 12, 'coordinate': [196.84783902165486, 751.4745175677754]}
2020-02-08_11:40:55.106[Status]Routing 14: Walk: 14
2020-02-08_11:40:55.207[Battery Energy]68.66
2020-02-08_11:40:55.207[Status]Routing Start.
2020-02-08_11:40:55.541[Status]{'id': 12, 'coordinate': [206.8369703803445, 751.0084116797593]}
2020-02-08_11:40:55.541[Status]Routing 15: Walk: 15
2020-02-08_11:40:55.641[Battery Energy]68.34
2020-02-08_11:40:55.641[Status]Routing Start.
2020-02-08_11:40:56.025[Status]{'id': 12, 'coordinate': [216.82610173903413, 750.5423057917433]}
2020-02-08_11:40:56.026[Status]Routing 16: Walk: 16
2020-02-08_11:40:56.132[Battery Energy]68.00
2020-02-08_11:40:56.132[Status]Routing Start.
2020-02-08_11:40:56.504[Status]{'id': 12, 'coordinate': [226.81523309772376, 750.0761999037272]}
2020-02-08_11:40:56.504[Status]Routing 17: Walk: 17
2020-02-08_11:40:56.604[Battery Energy]67.73
2020-02-08_11:40:56.604[Status]Routing Start.
2020-02-08_11:40:56.779[Status]{'id': 12, 'coordinate': [236.8043644564134, 749.6100940157112]}
2020-02-08_11:40:56.779[Status]Routing 18: Walk: 18
2020-02-08_11:40:56.882[Battery Energy]67.49
2020-02-08_11:40:56.882[Status]Routing Start.
2020-02-08_11:40:57.267[Status]{'id': 12, 'coordinate': [246.79349581510303, 749.1439881276951]}
2020-02-08_11:40:57.267[Status]Routing 19: Walk: 19
2020-02-08_11:40:57.368[Battery Energy]67.17
2020-02-08_11:40:57.368[Status]Routing Start.
2020-02-08_11:40:57.717[Status]{'id': 12, 'coordinate': [256.78262717379266, 748.6778822396791]}
2020-02-08_11:40:57.717[Status]Routing 20: Walk: 20
2020-02-08_11:40:57.823[Battery Energy]66.84
2020-02-08_11:40:57.823[Status]Routing Start.
2020-02-08_11:40:58.144[Status]{'id': 12, 'coordinate': [266.7717585324823, 748.211776351663]}
2020-02-08_11:40:58.145[Status]Routing 21: Walk: 21
2020-02-08_11:40:58.246[Battery Energy]66.54
2020-02-08_11:40:58.246[Status]Routing Start.
2020-02-08_11:40:58.617[Status]{'id': 12, 'coordinate': [276.7608898911719, 747.745670463647]}
2020-02-08_11:40:58.619[Status]Routing 22: Walk: 22
2020-02-08_11:40:58.722[Battery Energy]66.22
2020-02-08_11:40:58.722[Status]Routing Start.
2020-02-08_11:40:59.046[Status]{'id': 12, 'coordinate': [286.75002124986156, 747.279564575631]}
2020-02-08_11:40:59.046[Status]Routing 23: Walk: 23
2020-02-08_11:40:59.150[Battery Energy]65.92
2020-02-08_11:40:59.150[Status]Routing Start.
2020-02-08_11:40:59.453[Status]{'id': 12, 'coordinate': [296.7391526085512, 746.8134586876149]}
2020-02-08_11:40:59.453[Status]Routing 24: Walk: 24
2020-02-08_11:40:59.553[Battery Energy]65.60
2020-02-08_11:40:59.553[Status]Routing Start.
2020-02-08_11:40:59.899[Status]{'id': 12, 'coordinate': [306.7282839672408, 746.3473527995989]}
2020-02-08_11:40:59.899[Status]Routing 25: Walk: 25
2020-02-08_11:40:59.999[Battery Energy]65.24
2020-02-08_11:40:59.999[Status]Routing Start.
2020-02-08_11:41:00.310[Status]{'id': 12, 'coordinate': [316.71741532593046, 745.8812469115828]}
2020-02-08_11:41:00.310[Status]Routing 26: Walk: 26
2020-02-08_11:41:00.410[Battery Energy]64.94
2020-02-08_11:41:00.410[Status]Routing Start.
2020-02-08_11:41:00.780[Status]{'id': 12, 'coordinate': [326.7065466846201, 745.4151410235668]}
2020-02-08_11:41:00.780[Status]Routing 27: Walk: 27
2020-02-08_11:41:00.880[Battery Energy]64.59
2020-02-08_11:41:00.880[Status]Routing Start.
2020-02-08_11:41:01.203[Status]{'id': 12, 'coordinate': [336.6956780433097, 744.9490351355507]}
2020-02-08_11:41:01.203[Status]Routing 28: Walk: 28
2020-02-08_11:41:01.304[Battery Energy]64.30
2020-02-08_11:41:01.304[Status]Routing Start.
2020-02-08_11:41:01.604[Status]{'id': 12, 'coordinate': [346.68480940199936, 744.4829292475347]}
2020-02-08_11:41:01.604[Status]Routing 29: Walk: 29
2020-02-08_11:41:01.713[Battery Energy]63.99
2020-02-08_11:41:01.713[Status]Routing Start.
2020-02-08_11:41:02.020[Status]{'id': 12, 'coordinate': [356.673940760689, 744.0168233595185]}
2020-02-08_11:41:02.020[Status]Routing 30: Walk: 30
2020-02-08_11:41:02.120[Battery Energy]63.69
2020-02-08_11:41:02.120[Status]Routing Start.
2020-02-08_11:41:02.462[Status]{'id': 12, 'coordinate': [366.6630721193786, 743.5507174715025]}
2020-02-08_11:41:02.462[Status]Routing 31: Walk: 31
2020-02-08_11:41:02.566[Battery Energy]63.33
2020-02-08_11:41:02.566[Status]Routing Start.
2020-02-08_11:41:02.894[Status]{'id': 12, 'coordinate': [376.65220347806826, 743.0846115834863]}
2020-02-08_11:41:02.895[Status]Routing 32: Walk: 32
2020-02-08_11:41:02.995[Battery Energy]63.02
2020-02-08_11:41:02.995[Status]Routing Start.
2020-02-08_11:41:03.316[Status]{'id': 12, 'coordinate': [386.6413348367579, 742.6185056954703]}
2020-02-08_11:41:03.316[Status]Routing 33: Walk: 33
2020-02-08_11:41:03.418[Battery Energy]62.70
2020-02-08_11:41:03.418[Status]Routing Start.
2020-02-08_11:41:03.782[Status]{'id': 12, 'coordinate': [396.6304661954475, 742.1523998074541]}
2020-02-08_11:41:03.782[Status]Routing 34: Walk: 34
2020-02-08_11:41:03.882[Battery Energy]62.43
2020-02-08_11:41:03.882[Status]Routing Start.
2020-02-08_11:41:04.220[Status]{'id': 12, 'coordinate': [406.61959755413716, 741.6862939194381]}
2020-02-08_11:41:04.221[Status]Routing 35: Walk: 35
2020-02-08_11:41:04.321[Battery Energy]62.12
2020-02-08_11:41:04.321[Status]Routing Start.
2020-02-08_11:41:04.674[Status]{'id': 12, 'coordinate': [416.6087289128268, 741.2201880314219]}
2020-02-08_11:41:04.674[Status]Routing 36: Walk: 36
2020-02-08_11:41:04.781[Battery Energy]61.82
2020-02-08_11:41:04.781[Status]Routing Start.
2020-02-08_11:41:05.075[Status]{'id': 12, 'coordinate': [426.5978602715164, 740.7540821434059]}
2020-02-08_11:41:05.075[Status]Routing 37: Walk: 37
2020-02-08_11:41:05.176[Battery Energy]61.52
2020-02-08_11:41:05.176[Status]Routing Start.
2020-02-08_11:41:05.536[Status]{'id': 12, 'coordinate': [436.58699163020606, 740.2879762553897]}
2020-02-08_11:41:05.536[Status]Routing 38: Walk: 38
2020-02-08_11:41:05.646[Battery Energy]61.19
2020-02-08_11:41:05.646[Status]Routing Start.
2020-02-08_11:41:05.955[Status]{'id': 12, 'coordinate': [446.5761229888957, 739.8218703673737]}
2020-02-08_11:41:05.955[Status]Routing 39: Walk: 39
2020-02-08_11:41:06.055[Battery Energy]60.83
2020-02-08_11:41:06.055[Status]Routing Start.
2020-02-08_11:41:06.453[Status]{'id': 12, 'coordinate': [456.5652543475853, 739.3557644793575]}
2020-02-08_11:41:06.453[Status]Routing 40: Walk: 40
2020-02-08_11:41:06.553[Battery Energy]60.47
2020-02-08_11:41:06.553[Status]Routing Start.
2020-02-08_11:41:06.895[Status]{'id': 12, 'coordinate': [466.55438570627496, 738.8896585913415]}
2020-02-08_11:41:06.895[Status]Routing 41: Walk: 41
2020-02-08_11:41:06.998[Battery Energy]60.17
2020-02-08_11:41:06.998[Status]Routing Start.
2020-02-08_11:41:07.372[Status]{'id': 12, 'coordinate': [476.5435170649646, 738.4235527033253]}
2020-02-08_11:41:07.374[Status]Routing 42: Walk: 42
2020-02-08_11:41:07.475[Battery Energy]59.79
2020-02-08_11:41:07.475[Status]Routing Start.
2020-02-08_11:41:07.807[Status]{'id': 12, 'coordinate': [486.5326484236542, 737.9574468153093]}
2020-02-08_11:41:07.807[Status]Routing 43: Walk: 43
2020-02-08_11:41:07.914[Battery Energy]59.46
2020-02-08_11:41:07.914[Status]Routing Start.
2020-02-08_11:41:08.233[Status]{'id': 12, 'coordinate': [496.52177978234386, 737.4913409272931]}
2020-02-08_11:41:08.238[Status]Routing 44: Walk: 44
2020-02-08_11:41:08.342[Battery Energy]59.16
2020-02-08_11:41:08.342[Status]Routing Start.
2020-02-08_11:41:08.670[Status]{'id': 12, 'coordinate': [506.5109111410335, 737.025235039277]}
2020-02-08_11:41:08.670[Status]Routing 45: Walk: 45
2020-02-08_11:41:08.774[Battery Energy]58.84
2020-02-08_11:41:08.774[Status]Routing Start.
2020-02-08_11:41:09.115[Status]{'id': 12, 'coordinate': [516.5000424997231, 736.5591291512609]}
2020-02-08_11:41:09.115[Status]Routing 46: Walk: 46
2020-02-08_11:41:09.215[Battery Energy]58.54
2020-02-08_11:41:09.215[Status]Routing Start.
2020-02-08_11:41:09.542[Status]{'id': 12, 'coordinate': [526.4891738584128, 736.0930232632448]}
2020-02-08_11:41:09.542[Status]Routing 47: Walk: 47
2020-02-08_11:41:09.650[Battery Energy]58.23
2020-02-08_11:41:09.650[Status]Routing Start.
2020-02-08_11:41:09.967[Status]{'id': 12, 'coordinate': [536.4783052171024, 735.6269173752287]}
2020-02-08_11:41:09.970[Status]Routing 48: Walk: 48
2020-02-08_11:41:10.071[Battery Energy]57.94
2020-02-08_11:41:10.071[Status]Routing Start.
2020-02-08_11:41:10.395[Status]{'id': 12, 'coordinate': [546.467436575792, 735.1608114872126]}
2020-02-08_11:41:10.398[Status]Routing 49: Walk: 49
2020-02-08_11:41:10.504[Battery Energy]57.62
2020-02-08_11:41:10.504[Status]Routing Start.
2020-02-08_11:41:10.854[Status]{'id': 12, 'coordinate': [556.4565679344817, 734.6947055991965]}
2020-02-08_11:41:10.854[Status]Routing 50: Walk: 50
2020-02-08_11:41:10.958[Battery Energy]57.29
2020-02-08_11:41:10.958[Status]Routing Start.
2020-02-08_11:41:11.303[Status]{'id': 12, 'coordinate': [566.4456992931713, 734.2285997111804]}
2020-02-08_11:41:11.303[Status]Routing 51: Walk: 51
2020-02-08_11:41:11.412[Battery Energy]56.96
2020-02-08_11:41:11.412[Status]Routing Start.
2020-02-08_11:41:11.747[Status]{'id': 12, 'coordinate': [576.4348306518609, 733.7624938231643]}
2020-02-08_11:41:11.747[Status]Routing 52: Walk: 52
2020-02-08_11:41:11.847[Battery Energy]56.68
2020-02-08_11:41:11.847[Status]Routing Start.
2020-02-08_11:41:12.239[Status]{'id': 12, 'coordinate': [586.4239620105506, 733.2963879351482]}
2020-02-08_11:41:12.239[Status]Routing 53: Walk: 53
2020-02-08_11:41:12.342[Battery Energy]56.36
2020-02-08_11:41:12.342[Status]Routing Start.
2020-02-08_11:41:12.665[Status]{'id': 12, 'coordinate': [596.4130933692402, 732.8302820471321]}
2020-02-08_11:41:12.665[Status]Routing 54: Walk: 54
2020-02-08_11:41:12.765[Battery Energy]56.03
2020-02-08_11:41:12.765[Status]Routing Start.
2020-02-08_11:41:13.112[Status]{'id': 12, 'coordinate': [606.4022247279298, 732.364176159116]}
2020-02-08_11:41:13.113[Status]Routing 55: Walk: 55
2020-02-08_11:41:13.213[Battery Energy]55.73
2020-02-08_11:41:13.213[Status]Routing Start.
2020-02-08_11:41:13.531[Status]{'id': 12, 'coordinate': [616.3913560866195, 731.8980702710999]}
2020-02-08_11:41:13.531[Status]Routing 56: Walk: 56
2020-02-08_11:41:13.634[Battery Energy]55.44
2020-02-08_11:41:13.634[Status]Routing Start.
2020-02-08_11:41:13.995[Status]{'id': 12, 'coordinate': [626.3804874453091, 731.4319643830838]}
2020-02-08_11:41:13.996[Status]Routing 57: Walk: 57
2020-02-08_11:41:14.106[Battery Energy]55.11
2020-02-08_11:41:14.106[Status]Routing Start.
2020-02-08_11:41:14.476[Status]{'id': 12, 'coordinate': [636.3696188039987, 730.9658584950677]}
2020-02-08_11:41:14.476[Status]Routing 58: Walk: 58
2020-02-08_11:41:14.582[Battery Energy]54.79
2020-02-08_11:41:14.582[Status]Routing Start.
2020-02-08_11:41:14.736[Status]{'id': 12, 'coordinate': [646.3587501626884, 730.4997526070516]}
2020-02-08_11:41:14.736[Status]Routing 59: Walk: 59
2020-02-08_11:41:14.850[Battery Energy]54.58
2020-02-08_11:41:14.850[Status]Routing Start.
2020-02-08_11:41:15.044[Status]{'id': 12, 'coordinate': [656.347881521378, 730.0336467190355]}
2020-02-08_11:41:15.044[Status]Routing 60: Walk: 60
2020-02-08_11:41:15.144[Battery Energy]54.34
2020-02-08_11:41:15.144[Status]Routing Start.
2020-02-08_11:41:15.313[Status]{'id': 12, 'coordinate': [666.3370128800676, 729.5675408310194]}
2020-02-08_11:41:15.313[Status]Routing 61: Walk: 61
2020-02-08_11:41:15.413[Battery Energy]54.15
2020-02-08_11:41:15.413[Status]Routing Start.
2020-02-08_11:41:15.577[Status]{'id': 12, 'coordinate': [676.3261442387573, 729.1014349430033]}
2020-02-08_11:41:15.577[Status]Routing 62: Walk: 62
2020-02-08_11:41:15.677[Battery Energy]53.94
2020-02-08_11:41:15.677[Status]Routing Start.
2020-02-08_11:41:15.815[Status]{'id': 12, 'coordinate': [686.3152755974469, 728.6353290549872]}
2020-02-08_11:41:15.815[Status]Routing 63: Walk: 63
2020-02-08_11:41:15.922[Battery Energy]53.73
2020-02-08_11:41:15.922[Status]Routing Start.
2020-02-08_11:41:16.161[Status]{'id': 12, 'coordinate': [696.3044069561365, 728.169223166971]}
2020-02-08_11:41:16.161[Status]Routing 64: Walk: 64
2020-02-08_11:41:16.269[Battery Energy]53.47
2020-02-08_11:41:16.269[Status]Routing Start.
2020-02-08_11:41:16.439[Status]{'id': 12, 'coordinate': [706.2935383148262, 727.703117278955]}
2020-02-08_11:41:16.439[Status]Routing 65: Walk: 65
2020-02-08_11:41:16.550[Battery Energy]53.25
2020-02-08_11:41:16.550[Status]Routing Start.
2020-02-08_11:41:16.712[Status]{'id': 12, 'coordinate': [716.2826696735158, 727.2370113909388]}
2020-02-08_11:41:16.712[Status]Routing 66: Walk: 66
2020-02-08_11:41:16.812[Battery Energy]53.03
2020-02-08_11:41:16.812[Status]Routing Start.
2020-02-08_11:41:16.966[Status]{'id': 12, 'coordinate': [726.2718010322054, 726.7709055029228]}
2020-02-08_11:41:16.967[Status]Routing 67: Walk: 67
2020-02-08_11:41:17.067[Battery Energy]52.82
2020-02-08_11:41:17.067[Status]Routing Start.
2020-02-08_11:41:17.219[Status]{'id': 12, 'coordinate': [736.260932390895, 726.3047996149066]}
2020-02-08_11:41:17.219[Status]Routing 68: Walk: 68
2020-02-08_11:41:17.324[Battery Energy]52.60
2020-02-08_11:41:17.324[Status]Routing Start.
2020-02-08_11:41:17.503[Status]{'id': 12, 'coordinate': [746.2500637495847, 725.8386937268906]}
2020-02-08_11:41:17.503[Status]Routing 69: Walk: 69
2020-02-08_11:41:17.614[Battery Energy]52.37
2020-02-08_11:41:17.614[Status]Routing Start.
2020-02-08_11:41:17.742[Status]{'id': 12, 'coordinate': [756.2391951082743, 725.3725878388744]}
2020-02-08_11:41:17.742[Status]Routing 70: Walk: 70
2020-02-08_11:41:17.850[Battery Energy]52.16
2020-02-08_11:41:17.850[Status]Routing Start.
2020-02-08_11:41:17.999[Status]{'id': 12, 'coordinate': [766.228326466964, 724.9064819508584]}
2020-02-08_11:41:17.999[Status]Routing 71: Walk: 71
2020-02-08_11:41:18.106[Battery Energy]51.97
2020-02-08_11:41:18.106[Status]Routing Start.
2020-02-08_11:41:18.256[Status]{'id': 12, 'coordinate': [776.2174578256536, 724.4403760628422]}
2020-02-08_11:41:18.256[Status]Routing 72: Walk: 72
2020-02-08_11:41:18.357[Battery Energy]51.75
2020-02-08_11:41:18.357[Status]Routing Start.
2020-02-08_11:41:18.514[Status]{'id': 12, 'coordinate': [786.2065891843432, 723.9742701748262]}
2020-02-08_11:41:18.514[Status]Routing 73: Walk: 73
2020-02-08_11:41:18.615[Battery Energy]51.53
2020-02-08_11:41:18.615[Status]Routing Start.
2020-02-08_11:41:18.778[Status]{'id': 12, 'coordinate': [796.1957205430328, 723.50816428681]}
2020-02-08_11:41:18.778[Status]Routing 74: Walk: 74
2020-02-08_11:41:18.889[Battery Energy]51.32
2020-02-08_11:41:18.889[Status]Routing Start.
2020-02-08_11:41:19.044[Status]{'id': 12, 'coordinate': [806.1848519017225, 723.042058398794]}
2020-02-08_11:41:19.044[Status]Routing 75: Walk: 75
2020-02-08_11:41:19.150[Battery Energy]51.11
2020-02-08_11:41:19.150[Status]Routing Start.
2020-02-08_11:41:19.299[Status]{'id': 12, 'coordinate': [816.1739832604121, 722.5759525107778]}
2020-02-08_11:41:19.300[Status]Routing 76: Walk: 76
2020-02-08_11:41:19.406[Battery Energy]50.89
2020-02-08_11:41:19.406[Status]Routing Start.
2020-02-08_11:41:19.718[Status]{'id': 12, 'coordinate': [826.1631146191017, 722.1098466227618]}
2020-02-08_11:41:19.718[Status]Routing 77: Walk: 77
2020-02-08_11:41:19.818[Battery Energy]50.62
2020-02-08_11:41:19.818[Status]Routing Start.
2020-02-08_11:41:19.988[Status]{'id': 12, 'coordinate': [836.1522459777914, 721.6437407347456]}
2020-02-08_11:41:19.988[Status]Routing 78: Walk: 78
2020-02-08_11:41:20.094[Battery Energy]50.40
2020-02-08_11:41:20.094[Status]Routing Start.
2020-02-08_11:41:20.418[Status]{'id': 12, 'coordinate': [846.141377336481, 721.1776348467296]}
2020-02-08_11:41:20.418[Status]Routing 79: Walk: 79
2020-02-08_11:41:20.522[Battery Energy]50.08
2020-02-08_11:41:20.522[Status]Routing Start.
2020-02-08_11:41:20.828[Status]{'id': 12, 'coordinate': [856.1305086951706, 720.7115289587134]}
2020-02-08_11:41:20.828[Status]Routing 80: Walk: 80
2020-02-08_11:41:20.929[Battery Energy]49.76
2020-02-08_11:41:20.929[Status]Routing Start.
2020-02-08_11:41:21.286[Status]{'id': 12, 'coordinate': [866.1196400538603, 720.2454230706974]}
2020-02-08_11:41:21.288[Status]Routing 81: Walk: 81
2020-02-08_11:41:21.388[Battery Energy]49.45
2020-02-08_11:41:21.388[Status]Routing Start.
2020-02-08_11:41:21.709[Status]{'id': 12, 'coordinate': [876.1087714125499, 719.7793171826812]}
2020-02-08_11:41:21.712[Status]Routing 82: Walk: 82
2020-02-08_11:41:21.818[Battery Energy]49.10
2020-02-08_11:41:21.818[Status]Routing Start.
2020-02-08_11:41:21.982[Status]{'id': 12, 'coordinate': [886.0979027712395, 719.3132112946652]}
2020-02-08_11:41:21.982[Status]Routing 83: Walk: 83
2020-02-08_11:41:22.086[Battery Energy]48.91
2020-02-08_11:41:22.086[Status]Routing Start.
2020-02-08_11:41:22.351[Status]{'id': 12, 'coordinate': [896.0870341299292, 718.847105406649]}
2020-02-08_11:41:22.351[Status]Routing 84: Walk: 84
2020-02-08_11:41:22.455[Battery Energy]48.67
2020-02-08_11:41:22.455[Status]Routing Start.
2020-02-08_11:41:22.764[Status]{'id': 12, 'coordinate': [906.0761654886188, 718.380999518633]}
2020-02-08_11:41:22.764[Status]Routing 85: Walk: 85
2020-02-08_11:41:22.874[Battery Energy]48.35
2020-02-08_11:41:22.874[Status]Routing Start.
2020-02-08_11:41:23.156[Status]{'id': 12, 'coordinate': [916.0652968473084, 717.9148936306168]}
2020-02-08_11:41:23.156[Status]Routing 86: Walk: 86
2020-02-08_11:41:23.256[Battery Energy]48.03
2020-02-08_11:41:23.256[Status]Routing Start.
2020-02-08_11:41:23.409[Status]{'id': 12, 'coordinate': [926.0544282059981, 717.4487877426008]}
2020-02-08_11:41:23.409[Status]Routing 87: Walk: 87
2020-02-08_11:41:23.518[Battery Energy]47.83
2020-02-08_11:41:23.518[Status]Routing Start.
2020-02-08_11:41:23.683[Status]{'id': 12, 'coordinate': [936.0435595646877, 716.9826818545846]}
2020-02-08_11:41:23.684[Status]Routing 88: Walk: 88
2020-02-08_11:41:23.798[Battery Energy]47.61
2020-02-08_11:41:23.798[Status]Routing Start.
2020-02-08_11:41:23.934[Status]{'id': 12, 'coordinate': [946.0326909233773, 716.5165759665686]}
2020-02-08_11:41:23.935[Status]Routing 89: Walk: 89
2020-02-08_11:41:24.046[Battery Energy]47.41
2020-02-08_11:41:24.046[Status]Routing Start.
2020-02-08_11:41:24.357[Status]{'id': 12, 'coordinate': [956.021822282067, 716.0504700785524]}
2020-02-08_11:41:24.358[Status]Routing 90: Walk: 90
2020-02-08_11:41:24.462[Battery Energy]47.09
2020-02-08_11:41:24.462[Status]Routing Start.
2020-02-08_11:41:24.592[Status]{'id': 12, 'coordinate': [966.0109536407566, 715.5843641905363]}
2020-02-08_11:41:24.592[Status]Routing 91: Walk: 91
2020-02-08_11:41:24.694[Battery Energy]46.89
2020-02-08_11:41:24.694[Status]Routing Start.
2020-02-08_11:41:25.028[Status]{'id': 12, 'coordinate': [976.0000849994462, 715.1182583025202]}
2020-02-08_11:41:25.028[Status]Routing 92: Walk: 92
2020-02-08_11:41:25.130[Battery Energy]46.58
2020-02-08_11:41:25.130[Status]Routing Start.
2020-02-08_11:41:25.283[Status]{'id': 12, 'coordinate': [985.9892163581359, 714.6521524145041]}
2020-02-08_11:41:25.283[Status]Routing 93: Walk: 93
2020-02-08_11:41:25.398[Battery Energy]46.38
2020-02-08_11:41:25.398[Status]Routing Start.
2020-02-08_11:41:25.730[Status]{'id': 12, 'coordinate': [995.9783477168255, 714.186046526488]}
2020-02-08_11:41:25.730[Status]Routing 94: Walk: 94
2020-02-08_11:41:25.834[Battery Energy]46.10
2020-02-08_11:41:25.834[Status]Routing Start.
2020-02-08_11:41:26.128[Status]{'id': 12, 'coordinate': [1005.9674790755151, 713.7199406384719]}
2020-02-08_11:41:26.128[Status]Routing 95: Walk: 95
2020-02-08_11:41:26.230[Battery Energy]45.79
2020-02-08_11:41:26.230[Status]Routing Start.
2020-02-08_11:41:26.513[Status]{'id': 12, 'coordinate': [1015.9566104342048, 713.2538347504558]}
2020-02-08_11:41:26.513[Status]Routing 96: Walk: 96
2020-02-08_11:41:26.618[Battery Energy]45.51
2020-02-08_11:41:26.618[Status]Routing Start.
2020-02-08_11:41:26.872[Status]{'id': 12, 'coordinate': [1025.9457417928945, 712.7877288624397]}
2020-02-08_11:41:26.872[Status]Routing 97: Walk: 97
2020-02-08_11:41:26.973[Battery Energy]45.23
2020-02-08_11:41:26.973[Status]Routing Start.
2020-02-08_11:41:27.118[Status]{'id': 12, 'coordinate': [1035.9348731515843, 712.3216229744236]}
2020-02-08_11:41:27.118[Status]Routing 98: Walk: 98
2020-02-08_11:41:27.218[Battery Energy]45.04
2020-02-08_11:41:27.219[Status]Routing Start.
2020-02-08_11:41:27.369[Status]{'id': 12, 'coordinate': [1045.924004510274, 711.8555170864075]}
2020-02-08_11:41:27.375[Status]Routing 99: Walk: 99
2020-02-08_11:41:27.476[Battery Energy]44.84
2020-02-08_11:41:27.476[Status]Routing Start.
2020-02-08_11:41:27.742[Status]{'id': 12, 'coordinate': [1055.9131358689638, 711.3894111983914]}
2020-02-08_11:41:27.742[Status]Routing 100: Walk: 100
2020-02-08_11:41:27.842[Battery Energy]44.62
2020-02-08_11:41:27.842[Status]Routing Start.
2020-02-08_11:41:27.991[Status]{'id': 12, 'coordinate': [1065.9022672276535, 710.9233053103753]}
2020-02-08_11:41:27.991[Status]Routing 101: Walk: 101
2020-02-08_11:41:28.102[Battery Energy]44.41
2020-02-08_11:41:28.102[Status]Routing Start.
2020-02-08_11:41:28.267[Status]{'id': 12, 'coordinate': [1075.8913985863433, 710.4571994223592]}
2020-02-08_11:41:28.267[Status]Routing 102: Walk: 102
2020-02-08_11:41:28.374[Battery Energy]44.18
2020-02-08_11:41:28.374[Status]Routing Start.
2020-02-08_11:41:28.625[Status]{'id': 12, 'coordinate': [1085.880529945033, 709.9910935343431]}
2020-02-08_11:41:28.625[Status]Routing 103: Walk: 103
2020-02-08_11:41:28.725[Battery Energy]43.94
2020-02-08_11:41:28.725[Status]Routing Start.
2020-02-08_11:41:28.887[Status]{'id': 12, 'coordinate': [1095.8696613037228, 709.524987646327]}
2020-02-08_11:41:28.887[Status]Routing 104: Walk: 104
2020-02-08_11:41:29.002[Battery Energy]43.74
2020-02-08_11:41:29.002[Status]Routing Start.
2020-02-08_11:41:29.139[Status]{'id': 12, 'coordinate': [1105.8587926624125, 709.0588817583108]}
2020-02-08_11:41:29.139[Status]Routing 105: Walk: 105
2020-02-08_11:41:29.246[Battery Energy]43.53
2020-02-08_11:41:29.246[Status]Routing Start.
2020-02-08_11:41:29.408[Status]{'id': 12, 'coordinate': [1115.8479240211022, 708.5927758702948]}
2020-02-08_11:41:29.408[Status]Routing 106: Walk: 106
2020-02-08_11:41:29.509[Battery Energy]43.32
2020-02-08_11:41:29.509[Status]Routing Start.
2020-02-08_11:41:29.674[Status]{'id': 12, 'coordinate': [1125.837055379792, 708.1266699822786]}
2020-02-08_11:41:29.674[Status]Routing 107: Walk: 107
2020-02-08_11:41:29.778[Battery Energy]43.11
2020-02-08_11:41:29.778[Status]Routing Start.
2020-02-08_11:41:30.027[Status]{'id': 12, 'coordinate': [1135.8261867384817, 707.6605640942626]}
2020-02-08_11:41:30.027[Status]Routing 108: Walk: 108
2020-02-08_11:41:30.130[Battery Energy]42.81
2020-02-08_11:41:30.130[Status]Routing Start.
2020-02-08_11:41:30.291[Status]{'id': 12, 'coordinate': [1145.8153180971715, 707.1944582062464]}
2020-02-08_11:41:30.291[Status]Routing 109: Walk: 109
2020-02-08_11:41:30.391[Battery Energy]42.60
2020-02-08_11:41:30.391[Status]Routing Start.
2020-02-08_11:41:30.540[Status]{'id': 12, 'coordinate': [1155.8044494558612, 706.7283523182303]}
2020-02-08_11:41:30.540[Status]Routing 110: Walk: 110
2020-02-08_11:41:30.645[Battery Energy]42.37
2020-02-08_11:41:30.645[Status]Routing Start.
2020-02-08_11:41:30.786[Status]{'id': 12, 'coordinate': [1165.793580814551, 706.2622464302142]}
2020-02-08_11:41:30.786[Status]Routing 111: Walk: 111
2020-02-08_11:41:30.894[Battery Energy]42.17
2020-02-08_11:41:30.894[Status]Routing Start.
2020-02-08_11:41:31.121[Status]{'id': 12, 'coordinate': [1175.7827121732407, 705.7961405421981]}
2020-02-08_11:41:31.124[Status]Routing 112: Walk: 112
2020-02-08_11:41:31.238[Battery Energy]41.93
2020-02-08_11:41:31.238[Status]Routing Start.
2020-02-08_11:41:31.399[Status]{'id': 12, 'coordinate': [1185.7718435319305, 705.330034654182]}
2020-02-08_11:41:31.399[Status]Routing 113: Walk: 113
2020-02-08_11:41:31.510[Battery Energy]41.74
2020-02-08_11:41:31.510[Status]Routing Start.
2020-02-08_11:41:31.657[Status]{'id': 12, 'coordinate': [1195.7609748906202, 704.8639287661659]}
2020-02-08_11:41:31.659[Status]Routing 114: Walk: 114
2020-02-08_11:41:31.766[Battery Energy]41.53
2020-02-08_11:41:31.766[Status]Routing Start.
2020-02-08_11:41:31.947[Status]{'id': 12, 'coordinate': [1205.75010624931, 704.3978228781498]}
2020-02-08_11:41:31.947[Status]Routing 115: Walk: 115
2020-02-08_11:41:32.058[Battery Energy]41.30
2020-02-08_11:41:32.058[Status]Routing Start.
2020-02-08_11:41:32.198[Status]{'id': 12, 'coordinate': [1215.7392376079997, 703.9317169901336]}
2020-02-08_11:41:32.199[Status]Routing 116: Walk: 116
2020-02-08_11:41:32.310[Battery Energy]41.09
2020-02-08_11:41:32.310[Status]Routing Start.
2020-02-08_11:41:32.445[Status]{'id': 12, 'coordinate': [1225.7283689666895, 703.4656111021176]}
2020-02-08_11:41:32.445[Status]Routing 117: Walk: 117
2020-02-08_11:41:32.550[Battery Energy]40.92
2020-02-08_11:41:32.550[Status]Routing Start.
2020-02-08_11:41:32.804[Status]{'id': 12, 'coordinate': [1235.7175003253792, 702.9995052141014]}
2020-02-08_11:41:32.804[Status]Routing 118: Walk: 118
2020-02-08_11:41:32.904[Battery Energy]40.65
2020-02-08_11:41:32.904[Status]Routing Start.
2020-02-08_11:41:33.151[Status]{'id': 12, 'coordinate': [1245.706631684069, 702.5333993260854]}
2020-02-08_11:41:33.151[Status]Routing 119: Walk: 119
2020-02-08_11:41:33.251[Battery Energy]40.38
2020-02-08_11:41:33.252[Status]Routing Start.
2020-02-08_11:41:33.398[Status]{'id': 12, 'coordinate': [1255.6957630427587, 702.0672934380692]}
2020-02-08_11:41:33.399[Status]Routing 120: Walk: 120
2020-02-08_11:41:33.499[Battery Energy]40.18
2020-02-08_11:41:33.499[Status]Routing Start.
2020-02-08_11:41:33.674[Status]{'id': 12, 'coordinate': [1265.6848944014484, 701.6011875500532]}
2020-02-08_11:41:33.674[Status]Routing 121: Walk: 121
2020-02-08_11:41:33.786[Battery Energy]39.95
2020-02-08_11:41:33.786[Status]Routing Start.
2020-02-08_11:41:34.026[Status]{'id': 12, 'coordinate': [1275.6740257601382, 701.135081662037]}
2020-02-08_11:41:34.026[Status]Routing 122: Walk: 122
2020-02-08_11:41:34.126[Battery Energy]39.71
2020-02-08_11:41:34.127[Status]Routing Start.
2020-02-08_11:41:34.385[Status]{'id': 12, 'coordinate': [1285.663157118828, 700.668975774021]}
2020-02-08_11:41:34.385[Status]Routing 123: Walk: 123
2020-02-08_11:41:34.506[Battery Energy]39.46
2020-02-08_11:41:34.506[Status]Routing Start.
2020-02-08_11:41:34.665[Status]{'id': 12, 'coordinate': [1295.6522884775177, 700.2028698860048]}
2020-02-08_11:41:34.665[Status]Routing 124: Walk: 124
2020-02-08_11:41:34.768[Battery Energy]39.25
2020-02-08_11:41:34.768[Status]Routing Start.
2020-02-08_11:41:34.768[Status]Task Finished.
2020-02-08_11:41:34.870[Battery Energy]39.25
2020-02-08_11:41:35.115[Status]Routing 126: Walk: 124
2020-02-08_11:41:35.217[Battery Energy]39.09
2020-02-08_11:41:35.536[Status]Routing 127: Walk: 124
2020-02-08_11:41:35.654[Battery Energy]38.88
2020-02-08_11:41:35.937[Status]Routing 128: Walk: 124
2020-02-08_11:41:36.039[Battery Energy]38.69
2020-02-08_11:41:36.378[Status]Routing 129: Walk: 124
2020-02-08_11:41:36.494[Battery Energy]38.49
2020-02-08_11:41:36.807[Status]Routing 130: Walk: 124
2020-02-08_11:41:36.910[Battery Energy]38.26
2020-02-08_11:41:37.219[Status]Routing 131: Walk: 124
2020-02-08_11:41:37.321[Battery Energy]38.07
2020-02-08_11:41:37.635[Status]Routing 132: Walk: 124
2020-02-08_11:41:37.746[Battery Energy]37.85
2020-02-08_11:41:38.037[Status]Routing 133: Walk: 124
2020-02-08_11:41:38.150[Battery Energy]37.64
2020-02-08_11:41:38.312[Status]Routing 134: Walk: 124
2020-02-08_11:41:38.422[Battery Energy]37.50
2020-02-08_11:41:38.562[Status]Routing 135: Walk: 124
2020-02-08_11:41:38.664[Battery Energy]37.38
2020-02-08_11:41:38.808[Status]Routing 136: Walk: 124
2020-02-08_11:41:38.918[Battery Energy]37.28
2020-02-08_11:41:39.109[Status]Routing 137: Walk: 124
2020-02-08_11:41:39.218[Battery Energy]37.17
2020-02-08_11:41:39.333[Status]Routing 138: Walk: 124
2020-02-08_11:41:39.434[Battery Energy]37.07
2020-02-08_11:41:39.582[Status]Routing 139: Walk: 124
2020-02-08_11:41:39.686[Battery Energy]36.97
2020-02-08_11:41:39.834[Status]Routing 140: Walk: 124
2020-02-08_11:41:39.938[Battery Energy]36.86
2020-02-08_11:41:40.312[Status]Routing 141: Walk: 124
2020-02-08_11:41:40.422[Battery Energy]36.64
2020-02-08_11:41:40.729[Status]Routing 142: Walk: 124
2020-02-08_11:41:40.836[Battery Energy]36.46
2020-02-08_11:41:41.111[Status]Routing 143: Walk: 124
2020-02-08_11:41:41.211[Battery Energy]36.25
2020-02-08_11:41:41.577[Status]Routing 144: Walk: 124
2020-02-08_11:41:41.694[Battery Energy]36.00
2020-02-08_11:41:42.088[Status]Routing 145: Walk: 124
2020-02-08_11:41:42.194[Battery Energy]35.70
2020-02-08_11:41:42.536[Status]Routing 146: Walk: 124
2020-02-08_11:41:42.650[Battery Energy]35.49
2020-02-08_11:41:42.804[Status]Routing 147: Walk: 124
2020-02-08_11:41:42.914[Battery Energy]35.36
2020-02-08_11:41:43.044[Status]Routing 148: Walk: 124
2020-02-08_11:41:43.158[Battery Energy]35.26
2020-02-08_11:41:43.295[Status]Routing 149: Walk: 124
2020-02-08_11:41:43.402[Battery Energy]35.16
2020-02-08_11:41:43.594[Status]Routing 150: Walk: 124
2020-02-08_11:41:43.694[Battery Energy]34.99
2020-02-08_11:41:43.948[Status]Routing 151: Walk: 124
2020-02-08_11:41:44.048[Battery Energy]34.81
2020-02-08_11:41:44.197[Status]Routing 152: Walk: 124
2020-02-08_11:41:44.302[Battery Energy]34.68
2020-02-08_11:41:44.455[Status]Routing 153: Walk: 124
2020-02-08_11:41:44.555[Battery Energy]34.57
2020-02-08_11:41:44.718[Status]Routing 154: Walk: 124
2020-02-08_11:41:44.830[Battery Energy]34.44
2020-02-08_11:41:44.961[Status]Routing 155: Walk: 124
2020-02-08_11:41:45.066[Battery Energy]34.32
2020-02-08_11:41:45.230[Status]Routing 156: Walk: 124
2020-02-08_11:41:45.331[Battery Energy]34.21
2020-02-08_11:41:45.494[Status]Routing 157: Walk: 124
2020-02-08_11:41:45.594[Battery Energy]34.08
2020-02-08_11:41:45.738[Status]Routing 158: Walk: 124
2020-02-08_11:41:45.846[Battery Energy]33.97
2020-02-08_11:41:45.998[Status]Routing 159: Walk: 124
2020-02-08_11:41:46.111[Battery Energy]33.84
2020-02-08_11:41:46.274[Status]Routing 160: Walk: 124
2020-02-08_11:41:46.375[Battery Energy]33.70
2020-02-08_11:41:46.525[Status]Routing 161: Walk: 124
2020-02-08_11:41:46.631[Battery Energy]33.57
2020-02-08_11:41:46.810[Status]Routing 162: Walk: 124
2020-02-08_11:41:46.910[Battery Energy]33.45
2020-02-08_11:41:47.069[Status]Routing 163: Walk: 124
2020-02-08_11:41:47.176[Battery Energy]33.34
2020-02-08_11:41:47.309[Status]Routing 164: Walk: 124
2020-02-08_11:41:47.414[Battery Energy]33.25
2020-02-08_11:41:47.557[Status]Routing 165: Walk: 124
2020-02-08_11:41:47.657[Battery Energy]33.17
2020-02-08_11:41:47.808[Status]Routing 166: Walk: 124
2020-02-08_11:41:47.918[Battery Energy]33.06
2020-02-08_11:41:48.069[Status]Routing 167: Walk: 124
2020-02-08_11:41:48.170[Battery Energy]32.95
2020-02-08_11:41:48.339[Status]Routing 168: Walk: 124
2020-02-08_11:41:48.454[Battery Energy]32.86
2020-02-08_11:41:48.608[Status]Routing 169: Walk: 124
2020-02-08_11:41:48.713[Battery Energy]32.74
2020-02-08_11:41:48.873[Status]Routing 170: Walk: 124
2020-02-08_11:41:48.986[Battery Energy]32.62
2020-02-08_11:41:49.147[Status]Routing 171: Walk: 124
2020-02-08_11:41:49.254[Battery Energy]32.51
2020-02-08_11:41:49.438[Status]Routing 172: Walk: 124
2020-02-08_11:41:49.538[Battery Energy]32.40
2020-02-08_11:41:49.687[Status]Routing 173: Walk: 124
2020-02-08_11:41:49.787[Battery Energy]32.30
2020-02-08_11:41:49.945[Status]Routing 174: Walk: 124
2020-02-08_11:41:50.054[Battery Energy]32.18
2020-02-08_11:41:50.230[Status]Routing 175: Walk: 124
2020-02-08_11:41:50.330[Battery Energy]32.08
2020-02-08_11:41:50.492[Status]Routing 176: Walk: 124
2020-02-08_11:41:50.598[Battery Energy]31.96
2020-02-08_11:41:50.749[Status]Routing 177: Walk: 124
2020-02-08_11:41:50.849[Battery Energy]31.85
2020-02-08_11:41:51.042[Status]Routing 178: Walk: 124
2020-02-08_11:41:51.154[Battery Energy]31.72
2020-02-08_11:41:51.290[Status]Routing 179: Walk: 124
2020-02-08_11:41:51.410[Battery Energy]31.63
2020-02-08_11:41:51.555[Status]Routing 180: Walk: 124
2020-02-08_11:41:51.656[Battery Energy]31.53
2020-02-08_11:41:51.814[Status]Routing 181: Walk: 124
2020-02-08_11:41:51.918[Battery Energy]31.40
2020-02-08_11:41:52.064[Status]Routing 182: Walk: 124
2020-02-08_11:41:52.165[Battery Energy]31.28
2020-02-08_11:41:52.323[Status]Routing 183: Walk: 124
2020-02-08_11:41:52.437[Battery Energy]31.18
2020-02-08_11:41:52.581[Status]Routing 184: Walk: 124
2020-02-08_11:41:52.681[Battery Energy]31.09
2020-02-08_11:41:52.830[Status]Routing 185: Walk: 124
2020-02-08_11:41:52.942[Battery Energy]30.97
2020-02-08_11:41:53.080[Status]Routing 186: Walk: 124
2020-02-08_11:41:53.190[Battery Energy]30.88
2020-02-08_11:41:53.336[Status]Routing 187: Walk: 124
2020-02-08_11:41:53.438[Battery Energy]30.76
2020-02-08_11:41:53.606[Status]Routing 188: Walk: 124
2020-02-08_11:41:53.722[Battery Energy]30.64
2020-02-08_11:41:53.879[Status]Routing 189: Walk: 124
2020-02-08_11:41:53.982[Battery Energy]30.53
2020-02-08_11:41:54.135[Status]Routing 190: Walk: 124
2020-02-08_11:41:54.235[Battery Energy]30.41
2020-02-08_11:41:54.407[Status]Routing 191: Walk: 124
2020-02-08_11:41:54.514[Battery Energy]30.30
2020-02-08_11:41:54.653[Status]Routing 192: Walk: 124
2020-02-08_11:41:54.770[Battery Energy]30.21
2020-02-08_11:41:54.943[Status]Routing 193: Walk: 124
2020-02-08_11:41:55.046[Battery Energy]30.08
2020-02-08_11:41:55.187[Status]Routing 194: Walk: 124
2020-02-08_11:41:55.298[Battery Energy]29.98
2020-02-08_11:41:55.449[Status]Routing 195: Walk: 124
2020-02-08_11:41:55.561[Battery Energy]29.88
2020-02-08_11:41:55.745[Status]Routing 196: Walk: 124
2020-02-08_11:41:55.857[Battery Energy]29.75
2020-02-08_11:41:56.048[Status]Routing 197: Walk: 124
2020-02-08_11:41:56.152[Battery Energy]29.63
2020-02-08_11:41:56.289[Status]Routing 198: Walk: 124
2020-02-08_11:41:56.392[Battery Energy]29.54
2020-02-08_11:41:56.558[Status]Routing 199: Walk: 124
2020-02-08_11:41:56.666[Battery Energy]29.44
2020-02-08_11:41:56.800[Status]Routing 200: Walk: 124
2020-02-08_11:41:56.904[Battery Energy]29.35
2020-02-08_11:41:57.033[Status]Routing 201: Walk: 124
2020-02-08_11:41:57.137[Battery Energy]29.25
2020-02-08_11:41:57.305[Status]Routing 202: Walk: 124
2020-02-08_11:41:57.422[Battery Energy]29.11
2020-02-08_11:41:57.566[Status]Routing 203: Walk: 124
2020-02-08_11:41:57.682[Battery Energy]29.01
2020-02-08_11:41:57.801[Status]Routing 204: Walk: 124
2020-02-08_11:41:57.901[Battery Energy]28.91
2020-02-08_11:41:58.071[Status]Routing 205: Walk: 124
2020-02-08_11:41:58.179[Battery Energy]28.81
2020-02-08_11:41:58.355[Status]Routing 206: Walk: 124
2020-02-08_11:41:58.462[Battery Energy]28.69
2020-02-08_11:41:58.604[Status]Routing 207: Walk: 124
2020-02-08_11:41:58.706[Battery Energy]28.59
2020-02-08_11:41:58.854[Status]Routing 208: Walk: 124
2020-02-08_11:41:58.954[Battery Energy]28.48
2020-02-08_11:41:59.140[Status]Routing 209: Walk: 124
2020-02-08_11:41:59.248[Battery Energy]28.37
2020-02-08_11:41:59.403[Status]Routing 210: Walk: 124
2020-02-08_11:41:59.503[Battery Energy]28.27
2020-02-08_11:41:59.662[Status]Routing 211: Walk: 124
2020-02-08_11:41:59.774[Battery Energy]28.19
2020-02-08_11:41:59.908[Status]Routing 212: Walk: 124
2020-02-08_11:42:00.008[Battery Energy]28.10
2020-02-08_11:42:00.169[Status]Routing 213: Walk: 124
2020-02-08_11:42:00.282[Battery Energy]27.98
2020-02-08_11:42:00.431[Status]Routing 214: Walk: 124
2020-02-08_11:42:00.546[Battery Energy]27.88
2020-02-08_11:42:00.711[Status]Routing 215: Walk: 124
2020-02-08_11:42:00.814[Battery Energy]27.77
2020-02-08_11:42:00.979[Status]Routing 216: Walk: 124
2020-02-08_11:42:01.086[Battery Energy]27.66
2020-02-08_11:42:01.218[Status]Routing 217: Walk: 124
2020-02-08_11:42:01.319[Battery Energy]27.58
2020-02-08_11:42:01.487[Status]Routing 218: Walk: 124
2020-02-08_11:42:01.587[Battery Energy]27.46
2020-02-08_11:42:01.737[Status]Routing 219: Walk: 124
2020-02-08_11:42:01.837[Battery Energy]27.36
2020-02-08_11:42:01.980[Status]Routing 220: Walk: 124
2020-02-08_11:42:02.081[Battery Energy]27.26
2020-02-08_11:42:02.230[Status]Routing 221: Walk: 124
2020-02-08_11:42:02.330[Battery Energy]27.15
2020-02-08_11:42:02.479[Status]Routing 222: Walk: 124
2020-02-08_11:42:02.579[Battery Energy]27.04
2020-02-08_11:42:02.769[Status]Routing 223: Walk: 124
2020-02-08_11:42:02.874[Battery Energy]26.89
2020-02-08_11:42:03.018[Status]Routing 224: Walk: 124
2020-02-08_11:42:03.120[Battery Energy]26.78
2020-02-08_11:42:03.276[Status]Routing 225: Walk: 124
2020-02-08_11:42:03.377[Battery Energy]26.66
2020-02-08_11:42:03.551[Status]Routing 226: Walk: 124
2020-02-08_11:42:03.666[Battery Energy]26.56
2020-02-08_11:42:03.817[Status]Routing 227: Walk: 124
2020-02-08_11:42:03.922[Battery Energy]26.44
2020-02-08_11:42:04.075[Status]Routing 228: Walk: 124
2020-02-08_11:42:04.175[Battery Energy]26.32
2020-02-08_11:42:04.373[Status]Routing 229: Walk: 124
2020-02-08_11:42:04.486[Battery Energy]26.20
2020-02-08_11:42:04.628[Status]Routing 230: Walk: 124
2020-02-08_11:42:04.734[Battery Energy]26.10
2020-02-08_11:42:04.912[Status]Routing 231: Walk: 124
2020-02-08_11:42:05.012[Battery Energy]25.98
2020-02-08_11:42:05.302[Status]Routing 232: Walk: 124
2020-02-08_11:42:05.406[Battery Energy]25.78
2020-02-08_11:42:05.586[Status]Routing 233: Walk: 124
2020-02-08_11:42:05.702[Battery Energy]25.65
2020-02-08_11:42:05.838[Status]Routing 234: Walk: 124
2020-02-08_11:42:05.939[Battery Energy]25.55
2020-02-08_11:42:06.106[Status]Routing 235: Walk: 124
2020-02-08_11:42:06.210[Battery Energy]25.43
2020-02-08_11:42:06.392[Status]Routing 236: Walk: 124
2020-02-08_11:42:06.492[Battery Energy]25.29
2020-02-08_11:42:06.656[Status]Routing 237: Walk: 124
2020-02-08_11:42:06.762[Battery Energy]25.21
2020-02-08_11:42:06.930[Status]Routing 238: Walk: 124
2020-02-08_11:42:07.046[Battery Energy]25.07
2020-02-08_11:42:07.217[Status]Routing 239: Walk: 124
2020-02-08_11:42:07.322[Battery Energy]24.96
2020-02-08_11:42:07.462[Status]Routing 240: Walk: 124
2020-02-08_11:42:07.574[Battery Energy]24.85
2020-02-08_11:42:07.735[Status]Routing 241: Walk: 124
2020-02-08_11:42:07.836[Battery Energy]24.74
2020-02-08_11:42:07.983[Status]Routing 242: Walk: 124
2020-02-08_11:42:08.098[Battery Energy]24.64
2020-02-08_11:42:08.224[Status]Routing 243: Walk: 124
2020-02-08_11:42:08.324[Battery Energy]24.54
2020-02-08_11:42:08.506[Status]Routing 244: Walk: 124
2020-02-08_11:42:08.620[Battery Energy]24.40
2020-02-08_11:42:08.778[Status]Routing 245: Walk: 124
2020-02-08_11:42:08.898[Battery Energy]24.28
2020-02-08_11:42:09.028[Status]Routing 246: Walk: 124
2020-02-08_11:42:09.135[Battery Energy]24.16
2020-02-08_11:42:09.254[Status]Routing 247: Walk: 124
2020-02-08_11:42:09.361[Battery Energy]24.05
2020-02-08_11:42:09.498[Status]Routing 248: Walk: 124
2020-02-08_11:42:09.610[Battery Energy]23.95
2020-02-08_11:42:09.749[Status]Routing 249: Walk: 124
2020-02-08_11:42:09.849[Battery Energy]23.84
2020-02-08_11:42:09.995[Status]Routing 250: Walk: 124
2020-02-08_11:42:10.102[Battery Energy]23.70
2020-02-08_11:42:10.255[Status]Routing 251: Walk: 124
2020-02-08_11:42:10.355[Battery Energy]23.61
2020-02-08_11:42:10.495[Status]Routing 252: Walk: 124
2020-02-08_11:42:10.595[Battery Energy]23.49
2020-02-08_11:42:10.767[Status]Routing 253: Walk: 124
2020-02-08_11:42:10.870[Battery Energy]23.36
2020-02-08_11:42:11.006[Status]Routing 254: Walk: 124
2020-02-08_11:42:11.118[Battery Energy]23.27
2020-02-08_11:42:11.260[Status]Routing 255: Walk: 124
2020-02-08_11:42:11.360[Battery Energy]23.15
2020-02-08_11:42:11.512[Status]Routing 256: Walk: 124
2020-02-08_11:42:11.622[Battery Energy]23.05
2020-02-08_11:42:11.766[Status]Routing 257: Walk: 124
2020-02-08_11:42:11.873[Battery Energy]22.93
2020-02-08_11:42:12.005[Status]Routing 258: Walk: 124
2020-02-08_11:42:12.122[Battery Energy]22.82
2020-02-08_11:42:12.246[Status]Routing 259: Walk: 124
2020-02-08_11:42:12.362[Battery Energy]22.71
2020-02-08_11:42:12.511[Status]Routing 260: Walk: 124
2020-02-08_11:42:12.611[Battery Energy]22.60
2020-02-08_11:42:12.762[Status]Routing 261: Walk: 124
2020-02-08_11:42:12.874[Battery Energy]22.50
2020-02-08_11:42:13.023[Status]Routing 262: Walk: 124
2020-02-08_11:42:13.134[Battery Energy]22.38
2020-02-08_11:42:13.271[Status]Routing 263: Walk: 124
2020-02-08_11:42:13.380[Battery Energy]22.27
2020-02-08_11:42:13.497[Status]Routing 264: Walk: 124
2020-02-08_11:42:13.597[Battery Energy]22.19
2020-02-08_11:42:13.827[Status]Routing 265: Walk: 124
2020-02-08_11:42:13.934[Battery Energy]22.04
2020-02-08_11:42:14.063[Status]Routing 266: Walk: 124
2020-02-08_11:42:14.170[Battery Energy]21.94
2020-02-08_11:42:14.306[Status]Routing 267: Walk: 124
2020-02-08_11:42:14.426[Battery Energy]21.83
2020-02-08_11:42:14.560[Status]Routing 268: Walk: 124
2020-02-08_11:42:14.674[Battery Energy]21.73
2020-02-08_11:42:14.830[Status]Routing 269: Walk: 124
2020-02-08_11:42:14.941[Battery Energy]21.62
2020-02-08_11:42:15.074[Status]Routing 270: Walk: 124
2020-02-08_11:42:15.202[Battery Energy]21.52
2020-02-08_11:42:15.369[Status]Routing 271: Walk: 124
2020-02-08_11:42:15.486[Battery Energy]21.41
2020-02-08_11:42:15.619[Status]Routing 272: Walk: 124
2020-02-08_11:42:15.719[Battery Energy]21.30
2020-02-08_11:42:15.867[Status]Routing 273: Walk: 124
2020-02-08_11:42:15.982[Battery Energy]21.18
2020-02-08_11:42:16.104[Status]Routing 274: Walk: 124
2020-02-08_11:42:16.204[Battery Energy]21.09
2020-02-08_11:42:16.356[Status]Routing 275: Walk: 124
2020-02-08_11:42:16.458[Battery Energy]20.96
2020-02-08_11:42:16.618[Status]Routing 276: Walk: 124
2020-02-08_11:42:16.738[Battery Energy]20.84
2020-02-08_11:42:16.877[Status]Routing 277: Walk: 124
2020-02-08_11:42:16.990[Battery Energy]20.72
2020-02-08_11:42:17.127[Status]Routing 278: Walk: 124
2020-02-08_11:42:17.231[Battery Energy]20.63
2020-02-08_11:42:17.393[Status]Routing 279: Walk: 124
2020-02-08_11:42:17.506[Battery Energy]20.50
2020-02-08_11:42:17.668[Status]Routing 280: Walk: 124
2020-02-08_11:42:17.783[Battery Energy]20.41
2020-02-08_11:42:17.968[Status]Routing 281: Walk: 124
2020-02-08_11:42:18.068[Battery Energy]20.28
2020-02-08_11:42:18.232[Status]Routing 282: Walk: 124
2020-02-08_11:42:18.366[Battery Energy]20.19
2020-02-08_11:42:18.503[Status]Routing 283: Walk: 124
2020-02-08_11:42:18.614[Battery Energy]20.09
2020-02-08_11:42:18.746[Status]Routing 284: Walk: 124
2020-02-08_11:42:18.850[Battery Energy]19.98
2020-02-08_11:42:19.005[Status]Routing 285: Walk: 124
2020-02-08_11:42:19.117[Battery Energy]19.87
2020-02-08_11:42:19.273[Status]Routing 286: Walk: 124
2020-02-08_11:42:19.374[Battery Energy]19.76
2020-02-08_11:42:19.544[Status]Routing 287: Walk: 124
2020-02-08_11:42:19.650[Battery Energy]19.64
2020-02-08_11:42:19.781[Status]Routing 288: Walk: 124
2020-02-08_11:42:19.885[Battery Energy]19.52
2020-02-08_11:42:20.051[Status]Routing 289: Walk: 124
2020-02-08_11:42:20.154[Battery Energy]19.40
2020-02-08_11:42:20.313[Status]Routing 290: Walk: 124
2020-02-08_11:42:20.418[Battery Energy]19.28
2020-02-08_11:42:20.558[Status]Routing 291: Walk: 124
2020-02-08_11:42:20.658[Battery Energy]19.17
2020-02-08_11:42:20.799[Status]Routing 292: Walk: 124
2020-02-08_11:42:20.906[Battery Energy]19.06
2020-02-08_11:42:21.047[Status]Routing 293: Walk: 124
2020-02-08_11:42:21.158[Battery Energy]18.95
2020-02-08_11:42:21.305[Status]Routing 294: Walk: 124
2020-02-08_11:42:21.415[Battery Energy]18.84
2020-02-08_11:42:21.555[Status]Routing 295: Walk: 124
2020-02-08_11:42:21.656[Battery Energy]18.74
2020-02-08_11:42:21.815[Status]Routing 296: Walk: 124
2020-02-08_11:42:21.915[Battery Energy]18.64
2020-02-08_11:42:22.064[Status]Routing 297: Walk: 124
2020-02-08_11:42:22.169[Battery Energy]18.54
2020-02-08_11:42:22.328[Status]Routing 298: Walk: 124
2020-02-08_11:42:22.442[Battery Energy]18.44
2020-02-08_11:42:22.595[Status]Routing 299: Walk: 124
2020-02-08_11:42:22.710[Battery Energy]18.34
2020-02-08_11:42:22.853[Status]Routing 300: Walk: 124
2020-02-08_11:42:22.953[Battery Energy]18.25
2020-02-08_11:42:23.135[Status]Routing 301: Walk: 124
2020-02-08_11:42:23.242[Battery Energy]18.09
2020-02-08_11:42:23.379[Status]Routing 302: Walk: 124
2020-02-08_11:42:23.486[Battery Energy]17.99
2020-02-08_11:42:23.664[Status]Routing 303: Walk: 124
2020-02-08_11:42:23.782[Battery Energy]17.88
2020-02-08_11:42:23.918[Status]Routing 304: Walk: 124
2020-02-08_11:42:24.022[Battery Energy]17.77
2020-02-08_11:42:24.167[Status]Routing 305: Walk: 124
2020-02-08_11:42:24.271[Battery Energy]17.68
2020-02-08_11:42:24.419[Status]Routing 306: Walk: 124
2020-02-08_11:42:24.526[Battery Energy]17.56
2020-02-08_11:42:24.655[Status]Routing 307: Walk: 124
2020-02-08_11:42:24.756[Battery Energy]17.45
2020-02-08_11:42:24.906[Status]Routing 308: Walk: 124
2020-02-08_11:42:25.006[Battery Energy]17.35
2020-02-08_11:42:25.150[Status]Routing 309: Walk: 124
2020-02-08_11:42:25.262[Battery Energy]17.27
2020-02-08_11:42:25.403[Status]Routing 310: Walk: 124
2020-02-08_11:42:25.514[Battery Energy]17.17
2020-02-08_11:42:25.675[Status]Routing 311: Walk: 124
2020-02-08_11:42:25.775[Battery Energy]17.05
2020-02-08_11:42:25.972[Status]Routing 312: Walk: 124
2020-02-08_11:42:26.078[Battery Energy]16.92
2020-02-08_11:42:26.283[Status]Routing 313: Walk: 124
2020-02-08_11:42:26.394[Battery Energy]16.80
