2020-02-08_11:40:39.466[Status]Start.
2020-02-08_11:40:39.466[Battery Energy]75.00
2020-02-08_11:40:40.567[Battery Energy]74.96
2020-02-08_11:40:41.669[Battery Energy]74.92
2020-02-08_11:40:42.770[Battery Energy]74.88
2020-02-08_11:40:43.870[Battery Energy]74.84
2020-02-08_11:40:44.971[Task]A New Task Released.
2020-02-08_11:40:44.972[Battery Energy]74.80
2020-02-08_11:40:44.972[Status]Selection Start.
2020-02-08_11:40:49.693[Status]Selection End: Do Task 0.
2020-02-08_11:40:49.793[Battery Energy]71.63
2020-02-08_11:40:49.793[Status]Formation Start.
2020-02-08_11:40:49.931[Status]number of tasks is 6
2020-02-08_11:40:49.938[Status]my group tasks is [ 525.  475.]
2020-02-08_11:40:49.944[Status]my group tasks is [ 425.          648.20508076]
2020-02-08_11:40:49.947[Status]my group tasks is [ 225.          648.20508076]
2020-02-08_11:40:49.958[Status]my group tasks is [ 125.  475.]
2020-02-08_11:40:49.967[Status]my group tasks is [ 225.          301.79491924]
2020-02-08_11:40:49.977[Status]my group tasks is [ 425.          301.79491924]
2020-02-08_11:40:50.011[Status]mygroup_robots_utility is {1: [32.81395288924242, 33.60081576485081, 62.44816684348275, 38.421436875482875, 46.36897985846505, 79.96571780273189], 2: [33.578883331079304, 98.98537846565537, 35.59689911512098, 70.4820919741612, 40.619719809320664, 41.33275181189585], 3: [32.94557987869998, 37.316039896754596, 39.51207626899741, 89.9515435760119, 30.374337732879464, 31.82063023331188], 4: [34.3048019439626, 83.73285705051005, 42.25704186806815, 60.70582611058032, 34.601875866089685, 30.451029072349435], 5: [32.17034570406392, 65.23329504061428, 35.64829704701021, 37.00773275532693, 90.24363852356035, 43.03539882125289], 6: [34.46766579875589, 69.71727289032975, 40.00651212998564, 28.93479770700928, 26.822666617049716, 28.718503724089377]}
2020-02-08_11:40:50.012[Status]self.local_queue is [1, 2, 3, 4, 5, 6]
2020-02-08_11:40:50.013[Status]task_chosen index is 5
2020-02-08_11:40:50.013[Status]task_chosen index is 1
2020-02-08_11:40:50.013[Status]task_chosen index is 3
2020-02-08_11:40:50.013[Status]task_chosen index is 2
2020-02-08_11:40:50.013[Status]task_chosen index is 4
2020-02-08_11:40:50.013[Status]task_chosen index is 0
2020-02-08_11:40:50.013[Status]myindex_in_queue is 0
2020-02-08_11:40:50.013[Status]task destination is [525.0, 475.0]
2020-02-08_11:40:50.114[Battery Energy]71.48
2020-02-08_11:40:50.114[Status]Routing Start.
2020-02-08_11:40:50.276[Status]{'id': 6, 'coordinate': [131.3311898239762, 109.80100402623229]}
2020-02-08_11:40:50.276[Status]Routing 1: Walk: 1
2020-02-08_11:40:50.384[Battery Energy]71.28
2020-02-08_11:40:50.384[Status]Routing Start.
2020-02-08_11:40:50.552[Status]{'id': 6, 'coordinate': [138.66237964795238, 116.60200805246458]}
2020-02-08_11:40:50.552[Status]Routing 2: Walk: 2
2020-02-08_11:40:50.652[Battery Energy]71.06
2020-02-08_11:40:50.652[Status]Routing Start.
2020-02-08_11:40:50.794[Status]{'id': 6, 'coordinate': [145.9935694719286, 123.40301207869688]}
2020-02-08_11:40:50.794[Status]Routing 3: Walk: 3
2020-02-08_11:40:50.899[Battery Energy]70.85
2020-02-08_11:40:50.899[Status]Routing Start.
2020-02-08_11:40:51.069[Status]{'id': 6, 'coordinate': [153.3247592959048, 130.20401610492917]}
2020-02-08_11:40:51.069[Status]Routing 4: Walk: 4
2020-02-08_11:40:51.182[Battery Energy]70.62
2020-02-08_11:40:51.183[Status]Routing Start.
2020-02-08_11:40:51.351[Status]{'id': 6, 'coordinate': [160.655949119881, 137.00502013116144]}
2020-02-08_11:40:51.351[Status]Routing 5: Walk: 5
2020-02-08_11:40:51.466[Battery Energy]70.42
2020-02-08_11:40:51.466[Status]Routing Start.
2020-02-08_11:40:51.795[Status]Routing 6: Walk: 5
2020-02-08_11:40:51.895[Battery Energy]70.16
2020-02-08_11:40:51.895[Status]Routing Start.
2020-02-08_11:40:52.191[Status]Routing 7: Walk: 5
2020-02-08_11:40:52.293[Battery Energy]69.87
2020-02-08_11:40:52.293[Status]Routing Start.
2020-02-08_11:40:52.489[Status]{'id': 6, 'coordinate': [167.9871389438572, 143.80602415739372]}
2020-02-08_11:40:52.489[Status]Routing 8: Walk: 6
2020-02-08_11:40:52.590[Battery Energy]69.65
2020-02-08_11:40:52.590[Status]Routing Start.
2020-02-08_11:40:52.942[Status]{'id': 6, 'coordinate': [175.3183287678334, 150.607028183626]}
2020-02-08_11:40:52.942[Status]Routing 9: Walk: 7
2020-02-08_11:40:53.043[Battery Energy]69.36
2020-02-08_11:40:53.043[Status]Routing Start.
2020-02-08_11:40:53.522[Status]Routing 10: Walk: 7
2020-02-08_11:40:53.622[Battery Energy]68.97
2020-02-08_11:40:53.622[Status]Routing Start.
2020-02-08_11:40:53.793[Status]{'id': 6, 'coordinate': [182.6495185918096, 157.40803220985828]}
2020-02-08_11:40:53.793[Status]Routing 11: Walk: 8
2020-02-08_11:40:53.893[Battery Energy]68.71
2020-02-08_11:40:53.893[Status]Routing Start.
2020-02-08_11:40:54.392[Status]Routing 12: Walk: 8
2020-02-08_11:40:54.498[Battery Energy]68.31
2020-02-08_11:40:54.498[Status]Routing Start.
2020-02-08_11:40:54.822[Status]Routing 13: Walk: 8
2020-02-08_11:40:54.923[Battery Energy]68.03
2020-02-08_11:40:54.923[Status]Routing Start.
2020-02-08_11:40:55.294[Status]Routing 14: Walk: 8
2020-02-08_11:40:55.396[Battery Energy]67.71
2020-02-08_11:40:55.396[Status]Routing Start.
2020-02-08_11:40:55.672[Status]Routing 15: Walk: 8
2020-02-08_11:40:55.778[Battery Energy]67.42
2020-02-08_11:40:55.778[Status]Routing Start.
2020-02-08_11:40:56.204[Status]Routing 16: Walk: 8
2020-02-08_11:40:56.304[Battery Energy]67.08
2020-02-08_11:40:56.305[Status]Routing Start.
2020-02-08_11:40:56.501[Status]{'id': 6, 'coordinate': [189.98070841578578, 164.20903623609055]}
2020-02-08_11:40:56.501[Status]Routing 17: Walk: 9
2020-02-08_11:40:56.603[Battery Energy]66.87
2020-02-08_11:40:56.603[Status]Routing Start.
2020-02-08_11:40:56.770[Status]{'id': 6, 'coordinate': [197.31189823976197, 171.01004026232283]}
2020-02-08_11:40:56.774[Status]Routing 18: Walk: 10
2020-02-08_11:40:56.878[Battery Energy]66.66
2020-02-08_11:40:56.878[Status]Routing Start.
2020-02-08_11:40:57.414[Status]Routing 19: Walk: 10
2020-02-08_11:40:57.515[Battery Energy]66.23
2020-02-08_11:40:57.516[Status]Routing Start.
2020-02-08_11:40:57.716[Status]{'id': 6, 'coordinate': [204.64308806373816, 177.8110442885551]}
2020-02-08_11:40:57.717[Status]Routing 20: Walk: 11
2020-02-08_11:40:57.822[Battery Energy]65.99
2020-02-08_11:40:57.822[Status]Routing Start.
2020-02-08_11:40:58.141[Status]{'id': 6, 'coordinate': [211.97427788771435, 184.6120483147874]}
2020-02-08_11:40:58.141[Status]Routing 21: Walk: 12
2020-02-08_11:40:58.242[Battery Energy]65.69
2020-02-08_11:40:58.242[Status]Routing Start.
2020-02-08_11:40:58.612[Status]{'id': 6, 'coordinate': [219.30546771169054, 191.41305234101966]}
2020-02-08_11:40:58.612[Status]Routing 22: Walk: 13
2020-02-08_11:40:58.713[Battery Energy]65.34
2020-02-08_11:40:58.713[Status]Routing Start.
2020-02-08_11:40:59.048[Status]{'id': 6, 'coordinate': [226.63665753566673, 198.21405636725194]}
2020-02-08_11:40:59.048[Status]Routing 23: Walk: 14
2020-02-08_11:40:59.150[Battery Energy]65.03
2020-02-08_11:40:59.150[Status]Routing Start.
2020-02-08_11:40:59.456[Status]{'id': 6, 'coordinate': [233.96784735964292, 205.01506039348422]}
2020-02-08_11:40:59.456[Status]Routing 24: Walk: 15
2020-02-08_11:40:59.556[Battery Energy]64.72
2020-02-08_11:40:59.556[Status]Routing Start.
2020-02-08_11:40:59.907[Status]{'id': 6, 'coordinate': [241.2990371836191, 211.8160644197165]}
2020-02-08_11:40:59.908[Status]Routing 25: Walk: 16
2020-02-08_11:41:00.008[Battery Energy]64.40
2020-02-08_11:41:00.009[Status]Routing Start.
2020-02-08_11:41:00.303[Status]{'id': 6, 'coordinate': [248.6302270075953, 218.61706844594877]}
2020-02-08_11:41:00.304[Status]Routing 26: Walk: 17
2020-02-08_11:41:00.406[Battery Energy]64.07
2020-02-08_11:41:00.406[Status]Routing Start.
2020-02-08_11:41:00.769[Status]{'id': 6, 'coordinate': [255.9614168315715, 225.41807247218105]}
2020-02-08_11:41:00.769[Status]Routing 27: Walk: 18
2020-02-08_11:41:00.870[Battery Energy]63.76
2020-02-08_11:41:00.870[Status]Routing Start.
2020-02-08_11:41:01.207[Status]{'id': 6, 'coordinate': [263.29260665554773, 232.21907649841333]}
2020-02-08_11:41:01.207[Status]Routing 28: Walk: 19
2020-02-08_11:41:01.308[Battery Energy]63.45
2020-02-08_11:41:01.308[Status]Routing Start.
2020-02-08_11:41:01.610[Status]{'id': 6, 'coordinate': [270.62379647952395, 239.0200805246456]}
2020-02-08_11:41:01.610[Status]Routing 29: Walk: 20
2020-02-08_11:41:01.714[Battery Energy]63.16
2020-02-08_11:41:01.714[Status]Routing Start.
2020-02-08_11:41:02.019[Status]{'id': 6, 'coordinate': [277.95498630350016, 245.82108455087788]}
2020-02-08_11:41:02.019[Status]Routing 30: Walk: 21
2020-02-08_11:41:02.120[Battery Energy]62.84
2020-02-08_11:41:02.120[Status]Routing Start.
2020-02-08_11:41:02.458[Status]{'id': 6, 'coordinate': [285.2861761274764, 252.62208857711016]}
2020-02-08_11:41:02.458[Status]Routing 31: Walk: 22
2020-02-08_11:41:02.570[Battery Energy]62.48
2020-02-08_11:41:02.570[Status]Routing Start.
2020-02-08_11:41:02.893[Status]{'id': 6, 'coordinate': [292.6173659514526, 259.42309260334247]}
2020-02-08_11:41:02.893[Status]Routing 32: Walk: 23
2020-02-08_11:41:03.013[Battery Energy]62.12
2020-02-08_11:41:03.013[Status]Routing Start.
2020-02-08_11:41:03.309[Status]{'id': 6, 'coordinate': [299.9485557754288, 266.2240966295748]}
2020-02-08_11:41:03.309[Status]Routing 33: Walk: 24
2020-02-08_11:41:03.409[Battery Energy]61.84
2020-02-08_11:41:03.409[Status]Routing Start.
2020-02-08_11:41:03.783[Status]{'id': 6, 'coordinate': [307.27974559940503, 273.0251006558071]}
2020-02-08_11:41:03.783[Status]Routing 34: Walk: 25
2020-02-08_11:41:03.890[Battery Energy]61.49
2020-02-08_11:41:03.890[Status]Routing Start.
2020-02-08_11:41:04.226[Status]{'id': 6, 'coordinate': [314.61093542338125, 279.8261046820394]}
2020-02-08_11:41:04.227[Status]Routing 35: Walk: 26
2020-02-08_11:41:04.329[Battery Energy]61.17
2020-02-08_11:41:04.329[Status]Routing Start.
2020-02-08_11:41:04.675[Status]{'id': 6, 'coordinate': [321.94212524735747, 286.6271087082717]}
2020-02-08_11:41:04.675[Status]Routing 36: Walk: 27
2020-02-08_11:41:04.778[Battery Energy]60.85
2020-02-08_11:41:04.786[Status]Routing Start.
2020-02-08_11:41:05.081[Status]{'id': 6, 'coordinate': [329.2733150713337, 293.428112734504]}
2020-02-08_11:41:05.081[Status]Routing 37: Walk: 28
2020-02-08_11:41:05.184[Battery Energy]60.56
2020-02-08_11:41:05.184[Status]Routing Start.
2020-02-08_11:41:05.530[Status]{'id': 6, 'coordinate': [336.6045048953099, 300.2291167607363]}
2020-02-08_11:41:05.531[Status]Routing 38: Walk: 29
2020-02-08_11:41:05.631[Battery Energy]60.19
2020-02-08_11:41:05.631[Status]Routing Start.
2020-02-08_11:41:05.959[Status]{'id': 6, 'coordinate': [343.9356947192861, 307.0301207869686]}
2020-02-08_11:41:05.959[Status]Routing 39: Walk: 30
2020-02-08_11:41:06.062[Battery Energy]59.84
2020-02-08_11:41:06.062[Status]Routing Start.
2020-02-08_11:41:06.477[Status]{'id': 6, 'coordinate': [351.26688454326234, 313.8311248132009]}
2020-02-08_11:41:06.477[Status]Routing 40: Walk: 31
2020-02-08_11:41:06.578[Battery Energy]59.48
2020-02-08_11:41:06.578[Status]Routing Start.
2020-02-08_11:41:06.891[Status]{'id': 6, 'coordinate': [358.59807436723855, 320.6321288394332]}
2020-02-08_11:41:06.895[Status]Routing 41: Walk: 32
2020-02-08_11:41:06.997[Battery Energy]59.19
2020-02-08_11:41:06.997[Status]Routing Start.
2020-02-08_11:41:07.390[Status]{'id': 6, 'coordinate': [365.92926419121477, 327.4331328656655]}
2020-02-08_11:41:07.390[Status]Routing 42: Walk: 33
2020-02-08_11:41:07.491[Battery Energy]58.87
2020-02-08_11:41:07.491[Status]Routing Start.
2020-02-08_11:41:07.805[Status]{'id': 6, 'coordinate': [373.260454015191, 334.23413689189783]}
2020-02-08_11:41:07.805[Status]Routing 43: Walk: 34
2020-02-08_11:41:07.906[Battery Energy]58.56
2020-02-08_11:41:07.918[Status]Routing Start.
2020-02-08_11:41:08.227[Status]{'id': 6, 'coordinate': [380.5916438391672, 341.03514091813014]}
2020-02-08_11:41:08.227[Status]Routing 44: Walk: 35
2020-02-08_11:41:08.333[Battery Energy]58.27
2020-02-08_11:41:08.333[Status]Routing Start.
2020-02-08_11:41:08.671[Status]{'id': 6, 'coordinate': [387.9228336631434, 347.83614494436245]}
2020-02-08_11:41:08.672[Status]Routing 45: Walk: 36
2020-02-08_11:41:08.778[Battery Energy]57.92
2020-02-08_11:41:08.778[Status]Routing Start.
2020-02-08_11:41:09.115[Status]{'id': 6, 'coordinate': [395.25402348711964, 354.63714897059475]}
2020-02-08_11:41:09.115[Status]Routing 46: Walk: 37
2020-02-08_11:41:09.218[Battery Energy]57.62
2020-02-08_11:41:09.218[Status]Routing Start.
2020-02-08_11:41:09.543[Status]{'id': 6, 'coordinate': [402.58521331109586, 361.43815299682706]}
2020-02-08_11:41:09.544[Status]Routing 47: Walk: 38
2020-02-08_11:41:09.646[Battery Energy]57.33
2020-02-08_11:41:09.646[Status]Routing Start.
2020-02-08_11:41:09.959[Status]{'id': 6, 'coordinate': [409.9164031350721, 368.23915702305936]}
2020-02-08_11:41:09.959[Status]Routing 48: Walk: 39
2020-02-08_11:41:10.067[Battery Energy]57.03
2020-02-08_11:41:10.067[Status]Routing Start.
2020-02-08_11:41:10.394[Status]{'id': 6, 'coordinate': [417.2475929590483, 375.04016104929167]}
2020-02-08_11:41:10.395[Status]Routing 49: Walk: 40
2020-02-08_11:41:10.495[Battery Energy]56.69
2020-02-08_11:41:10.495[Status]Routing Start.
2020-02-08_11:41:10.853[Status]{'id': 6, 'coordinate': [424.5787827830245, 381.841165075524]}
2020-02-08_11:41:10.857[Status]Routing 50: Walk: 41
2020-02-08_11:41:10.957[Battery Energy]56.38
2020-02-08_11:41:10.957[Status]Routing Start.
2020-02-08_11:41:11.299[Status]{'id': 6, 'coordinate': [431.9099726070007, 388.6421691017563]}
2020-02-08_11:41:11.299[Status]Routing 51: Walk: 42
2020-02-08_11:41:11.402[Battery Energy]56.06
2020-02-08_11:41:11.402[Status]Routing Start.
2020-02-08_11:41:11.741[Status]{'id': 6, 'coordinate': [439.24116243097694, 395.4431731279886]}
2020-02-08_11:41:11.741[Status]Routing 52: Walk: 43
2020-02-08_11:41:11.848[Battery Energy]55.75
2020-02-08_11:41:11.848[Status]Routing Start.
2020-02-08_11:41:12.243[Status]{'id': 6, 'coordinate': [446.57235225495316, 402.2441771542209]}
2020-02-08_11:41:12.243[Status]Routing 53: Walk: 44
2020-02-08_11:41:12.350[Battery Energy]55.36
2020-02-08_11:41:12.350[Status]Routing Start.
2020-02-08_11:41:12.665[Status]{'id': 6, 'coordinate': [453.9035420789294, 409.0451811804532]}
2020-02-08_11:41:12.666[Status]Routing 54: Walk: 45
2020-02-08_11:41:12.770[Battery Energy]55.02
2020-02-08_11:41:12.770[Status]Routing Start.
2020-02-08_11:41:13.109[Status]{'id': 6, 'coordinate': [461.2347319029056, 415.8461852066855]}
2020-02-08_11:41:13.110[Status]Routing 55: Walk: 46
2020-02-08_11:41:13.214[Battery Energy]54.69
2020-02-08_11:41:13.214[Status]Routing Start.
2020-02-08_11:41:13.534[Status]{'id': 6, 'coordinate': [468.5659217268818, 422.6471892329178]}
2020-02-08_11:41:13.535[Status]Routing 56: Walk: 47
2020-02-08_11:41:13.635[Battery Energy]54.37
2020-02-08_11:41:13.635[Status]Routing Start.
2020-02-08_11:41:13.993[Status]{'id': 6, 'coordinate': [475.897111550858, 429.4481932591501]}
2020-02-08_11:41:13.993[Status]Routing 57: Walk: 48
2020-02-08_11:41:14.101[Battery Energy]54.02
2020-02-08_11:41:14.101[Status]Routing Start.
2020-02-08_11:41:14.478[Status]{'id': 6, 'coordinate': [483.22830137483425, 436.2491972853824]}
2020-02-08_11:41:14.478[Status]Routing 58: Walk: 49
2020-02-08_11:41:14.578[Battery Energy]53.71
2020-02-08_11:41:14.578[Status]Routing Start.
2020-02-08_11:41:14.731[Status]{'id': 6, 'coordinate': [490.55949119881046, 443.0502013116147]}
2020-02-08_11:41:14.732[Status]Routing 59: Walk: 50
2020-02-08_11:41:14.844[Battery Energy]53.50
2020-02-08_11:41:14.844[Status]Routing Start.
2020-02-08_11:41:15.044[Status]{'id': 6, 'coordinate': [497.8906810227867, 449.85120533784703]}
2020-02-08_11:41:15.044[Status]Routing 60: Walk: 51
2020-02-08_11:41:15.146[Battery Energy]53.26
2020-02-08_11:41:15.146[Status]Routing Start.
2020-02-08_11:41:15.310[Status]{'id': 6, 'coordinate': [505.2218708467629, 456.65220936407934]}
2020-02-08_11:41:15.311[Status]Routing 61: Walk: 52
2020-02-08_11:41:15.411[Battery Energy]53.04
2020-02-08_11:41:15.411[Status]Routing Start.
2020-02-08_11:41:15.568[Status]{'id': 6, 'coordinate': [512.5530606707391, 463.45321339031165]}
2020-02-08_11:41:15.569[Status]Routing 62: Walk: 53
2020-02-08_11:41:15.669[Battery Energy]52.80
2020-02-08_11:41:15.669[Status]Routing Start.
2020-02-08_11:41:15.829[Status]{'id': 6, 'coordinate': [519.8842504947154, 470.2542174165439]}
2020-02-08_11:41:15.829[Status]Routing 63: Walk: 54
2020-02-08_11:41:15.934[Battery Energy]52.58
2020-02-08_11:41:15.934[Status]Routing Start.
2020-02-08_11:41:15.934[Status]Task Finished.
2020-02-08_11:41:16.034[Battery Energy]52.58
2020-02-08_11:41:16.161[Status]Routing 65: Walk: 54
2020-02-08_11:41:16.269[Battery Energy]52.49
2020-02-08_11:41:16.437[Status]Routing 66: Walk: 54
2020-02-08_11:41:16.538[Battery Energy]52.38
2020-02-08_11:41:16.712[Status]Routing 67: Walk: 54
2020-02-08_11:41:16.826[Battery Energy]52.26
2020-02-08_11:41:16.965[Status]Routing 68: Walk: 54
2020-02-08_11:41:17.069[Battery Energy]52.16
2020-02-08_11:41:17.220[Status]Routing 69: Walk: 54
2020-02-08_11:41:17.328[Battery Energy]52.05
2020-02-08_11:41:17.487[Status]Routing 70: Walk: 54
2020-02-08_11:41:17.594[Battery Energy]51.91
2020-02-08_11:41:17.737[Status]Routing 71: Walk: 54
2020-02-08_11:41:17.839[Battery Energy]51.81
2020-02-08_11:41:18.002[Status]Routing 72: Walk: 54
2020-02-08_11:41:18.114[Battery Energy]51.70
2020-02-08_11:41:18.257[Status]Routing 73: Walk: 54
2020-02-08_11:41:18.366[Battery Energy]51.60
2020-02-08_11:41:18.513[Status]Routing 74: Walk: 54
2020-02-08_11:41:18.618[Battery Energy]51.49
2020-02-08_11:41:18.776[Status]Routing 75: Walk: 54
2020-02-08_11:41:18.876[Battery Energy]51.36
2020-02-08_11:41:19.045[Status]Routing 76: Walk: 54
2020-02-08_11:41:19.154[Battery Energy]51.27
2020-02-08_11:41:19.291[Status]Routing 77: Walk: 54
2020-02-08_11:41:19.405[Battery Energy]51.16
2020-02-08_11:41:19.709[Status]Routing 78: Walk: 54
2020-02-08_11:41:19.830[Battery Energy]50.96
2020-02-08_11:41:20.008[Status]Routing 79: Walk: 54
2020-02-08_11:41:20.110[Battery Energy]50.85
2020-02-08_11:41:20.388[Status]Routing 80: Walk: 54
2020-02-08_11:41:20.488[Battery Energy]50.66
2020-02-08_11:41:20.826[Status]Routing 81: Walk: 54
2020-02-08_11:41:20.927[Battery Energy]50.46
2020-02-08_11:41:21.283[Status]Routing 82: Walk: 54
2020-02-08_11:41:21.383[Battery Energy]50.21
2020-02-08_11:41:21.713[Status]Routing 83: Walk: 54
2020-02-08_11:41:21.826[Battery Energy]50.00
2020-02-08_11:41:21.979[Status]Routing 84: Walk: 54
2020-02-08_11:41:22.081[Battery Energy]49.90
2020-02-08_11:41:22.347[Status]Routing 85: Walk: 54
2020-02-08_11:41:22.454[Battery Energy]49.71
2020-02-08_11:41:22.763[Status]Routing 86: Walk: 54
2020-02-08_11:41:22.870[Battery Energy]49.53
2020-02-08_11:41:23.147[Status]Routing 87: Walk: 54
2020-02-08_11:41:23.248[Battery Energy]49.33
2020-02-08_11:41:23.406[Status]Routing 88: Walk: 54
2020-02-08_11:41:23.506[Battery Energy]49.22
2020-02-08_11:41:23.683[Status]Routing 89: Walk: 54
2020-02-08_11:41:23.790[Battery Energy]49.11
2020-02-08_11:41:23.932[Status]Routing 90: Walk: 54
2020-02-08_11:41:24.033[Battery Energy]49.01
2020-02-08_11:41:24.343[Status]Routing 91: Walk: 54
2020-02-08_11:41:24.444[Battery Energy]48.84
2020-02-08_11:41:24.593[Status]Routing 92: Walk: 54
2020-02-08_11:41:24.706[Battery Energy]48.74
2020-02-08_11:41:25.025[Status]Routing 93: Walk: 54
2020-02-08_11:41:25.134[Battery Energy]48.52
2020-02-08_11:41:25.275[Status]Routing 94: Walk: 54
2020-02-08_11:41:25.385[Battery Energy]48.42
2020-02-08_11:41:25.712[Status]Routing 95: Walk: 54
2020-02-08_11:41:25.826[Battery Energy]48.20
2020-02-08_11:41:26.124[Status]Routing 96: Walk: 54
2020-02-08_11:41:26.224[Battery Energy]47.98
2020-02-08_11:41:26.507[Status]Routing 97: Walk: 54
2020-02-08_11:41:26.613[Battery Energy]47.81
2020-02-08_11:41:26.872[Status]Routing 98: Walk: 54
2020-02-08_11:41:26.979[Battery Energy]47.62
2020-02-08_11:41:27.115[Status]Routing 99: Walk: 54
2020-02-08_11:41:27.215[Battery Energy]47.54
2020-02-08_11:41:27.376[Status]Routing 100: Walk: 54
2020-02-08_11:41:27.477[Battery Energy]47.44
2020-02-08_11:41:27.742[Status]Routing 101: Walk: 54
2020-02-08_11:41:27.850[Battery Energy]47.25
2020-02-08_11:41:27.988[Status]Routing 102: Walk: 54
2020-02-08_11:41:28.088[Battery Energy]47.14
2020-02-08_11:41:28.267[Status]Routing 103: Walk: 54
2020-02-08_11:41:28.367[Battery Energy]47.04
2020-02-08_11:41:28.623[Status]Routing 104: Walk: 54
2020-02-08_11:41:28.724[Battery Energy]46.85
2020-02-08_11:41:28.887[Status]Routing 105: Walk: 54
2020-02-08_11:41:28.998[Battery Energy]46.73
2020-02-08_11:41:29.142[Status]Routing 106: Walk: 54
2020-02-08_11:41:29.246[Battery Energy]46.63
2020-02-08_11:41:29.409[Status]Routing 107: Walk: 54
2020-02-08_11:41:29.509[Battery Energy]46.52
2020-02-08_11:41:29.671[Status]Routing 108: Walk: 54
2020-02-08_11:41:29.774[Battery Energy]46.40
2020-02-08_11:41:30.026[Status]Routing 109: Walk: 54
2020-02-08_11:41:30.134[Battery Energy]46.24
2020-02-08_11:41:30.293[Status]Routing 110: Walk: 54
2020-02-08_11:41:30.409[Battery Energy]46.14
2020-02-08_11:41:30.546[Status]Routing 111: Walk: 54
2020-02-08_11:41:30.654[Battery Energy]46.04
2020-02-08_11:41:30.783[Status]Routing 112: Walk: 54
2020-02-08_11:41:30.888[Battery Energy]45.95
2020-02-08_11:41:31.129[Status]Routing 113: Walk: 54
2020-02-08_11:41:31.242[Battery Energy]45.82
2020-02-08_11:41:31.399[Status]Routing 114: Walk: 54
2020-02-08_11:41:31.514[Battery Energy]45.68
2020-02-08_11:41:31.659[Status]Routing 115: Walk: 54
2020-02-08_11:41:31.770[Battery Energy]45.58
2020-02-08_11:41:31.947[Status]Routing 116: Walk: 54
2020-02-08_11:41:32.054[Battery Energy]45.45
2020-02-08_11:41:32.192[Status]Routing 117: Walk: 54
2020-02-08_11:41:32.293[Battery Energy]45.34
2020-02-08_11:41:32.450[Status]Routing 118: Walk: 54
2020-02-08_11:41:32.558[Battery Energy]45.24
2020-02-08_11:41:32.804[Status]Routing 119: Walk: 54
2020-02-08_11:41:32.909[Battery Energy]45.09
2020-02-08_11:41:33.149[Status]Routing 120: Walk: 54
2020-02-08_11:41:33.254[Battery Energy]44.91
2020-02-08_11:41:33.396[Status]Routing 121: Walk: 54
2020-02-08_11:41:33.502[Battery Energy]44.81
2020-02-08_11:41:33.675[Status]Routing 122: Walk: 54
2020-02-08_11:41:33.778[Battery Energy]44.69
2020-02-08_11:41:34.023[Status]Routing 123: Walk: 54
2020-02-08_11:41:34.130[Battery Energy]44.51
2020-02-08_11:41:34.379[Status]Routing 124: Walk: 54
2020-02-08_11:41:34.479[Battery Energy]44.29
2020-02-08_11:41:34.667[Status]Routing 125: Walk: 54
2020-02-08_11:41:34.770[Battery Energy]44.20
2020-02-08_11:41:35.104[Status]Routing 126: Walk: 54
2020-02-08_11:41:35.205[Battery Energy]43.97
2020-02-08_11:41:35.526[Status]Routing 127: Walk: 54
2020-02-08_11:41:35.626[Battery Energy]43.76
2020-02-08_11:41:35.942[Status]Routing 128: Walk: 54
2020-02-08_11:41:36.058[Battery Energy]43.56
2020-02-08_11:41:36.379[Status]Routing 129: Walk: 54
2020-02-08_11:41:36.498[Battery Energy]43.35
2020-02-08_11:41:36.823[Status]Routing 130: Walk: 54
2020-02-08_11:41:36.923[Battery Energy]43.14
2020-02-08_11:41:37.216[Status]Routing 131: Walk: 54
2020-02-08_11:41:37.317[Battery Energy]42.90
2020-02-08_11:41:37.627[Status]Routing 132: Walk: 54
2020-02-08_11:41:37.728[Battery Energy]42.70
2020-02-08_11:41:38.045[Status]Routing 133: Walk: 54
2020-02-08_11:41:38.145[Battery Energy]42.47
2020-02-08_11:41:38.308[Status]Routing 134: Walk: 54
2020-02-08_11:41:38.411[Battery Energy]42.33
2020-02-08_11:41:38.567[Status]Routing 135: Walk: 54
2020-02-08_11:41:38.668[Battery Energy]42.22
2020-02-08_11:41:38.812[Status]Routing 136: Walk: 54
2020-02-08_11:41:38.934[Battery Energy]42.14
2020-02-08_11:41:39.104[Status]Routing 137: Walk: 54
2020-02-08_11:41:39.210[Battery Energy]42.03
2020-02-08_11:41:39.335[Status]Routing 138: Walk: 54
2020-02-08_11:41:39.446[Battery Energy]41.94
2020-02-08_11:41:39.585[Status]Routing 139: Walk: 54
2020-02-08_11:41:39.690[Battery Energy]41.83
2020-02-08_11:41:39.837[Status]Routing 140: Walk: 54
2020-02-08_11:41:39.954[Battery Energy]41.71
2020-02-08_11:41:40.318[Status]Routing 141: Walk: 54
2020-02-08_11:41:40.426[Battery Energy]41.50
2020-02-08_11:41:40.740[Status]Routing 142: Walk: 54
2020-02-08_11:41:40.841[Battery Energy]41.29
2020-02-08_11:41:41.119[Status]Routing 143: Walk: 54
2020-02-08_11:41:41.230[Battery Energy]41.07
2020-02-08_11:41:41.576[Status]Routing 144: Walk: 54
2020-02-08_11:41:41.682[Battery Energy]40.80
2020-02-08_11:41:42.079[Status]Routing 145: Walk: 54
2020-02-08_11:41:42.185[Battery Energy]40.53
2020-02-08_11:41:42.536[Status]Routing 146: Walk: 54
2020-02-08_11:41:42.636[Battery Energy]40.32
2020-02-08_11:41:42.806[Status]Routing 147: Walk: 54
2020-02-08_11:41:42.910[Battery Energy]40.21
2020-02-08_11:41:43.048[Status]Routing 148: Walk: 54
2020-02-08_11:41:43.162[Battery Energy]40.11
2020-02-08_11:41:43.301[Status]Routing 149: Walk: 54
2020-02-08_11:41:43.418[Battery Energy]40.02
2020-02-08_11:41:43.594[Status]Routing 150: Walk: 54
2020-02-08_11:41:43.698[Battery Energy]39.92
2020-02-08_11:41:43.943[Status]Routing 151: Walk: 54
2020-02-08_11:41:44.054[Battery Energy]39.74
2020-02-08_11:41:44.198[Status]Routing 152: Walk: 54
2020-02-08_11:41:44.306[Battery Energy]39.64
2020-02-08_11:41:44.453[Status]Routing 153: Walk: 54
2020-02-08_11:41:44.553[Battery Energy]39.53
2020-02-08_11:41:44.708[Status]Routing 154: Walk: 54
2020-02-08_11:41:44.810[Battery Energy]39.42
2020-02-08_11:41:44.961[Status]Routing 155: Walk: 54
2020-02-08_11:41:45.063[Battery Energy]39.31
2020-02-08_11:41:45.231[Status]Routing 156: Walk: 54
2020-02-08_11:41:45.340[Battery Energy]39.17
2020-02-08_11:41:45.492[Status]Routing 157: Walk: 54
2020-02-08_11:41:45.598[Battery Energy]39.09
2020-02-08_11:41:45.750[Status]Routing 158: Walk: 54
2020-02-08_11:41:45.851[Battery Energy]38.97
2020-02-08_11:41:45.998[Status]Routing 159: Walk: 54
2020-02-08_11:41:46.102[Battery Energy]38.85
2020-02-08_11:41:46.276[Status]Routing 160: Walk: 54
2020-02-08_11:41:46.382[Battery Energy]38.73
2020-02-08_11:41:46.524[Status]Routing 161: Walk: 54
2020-02-08_11:41:46.651[Battery Energy]38.62
2020-02-08_11:41:46.806[Status]Routing 162: Walk: 54
2020-02-08_11:41:46.906[Battery Energy]38.49
2020-02-08_11:41:47.061[Status]Routing 163: Walk: 54
2020-02-08_11:41:47.166[Battery Energy]38.39
2020-02-08_11:41:47.312[Status]Routing 164: Walk: 54
2020-02-08_11:41:47.412[Battery Energy]38.28
2020-02-08_11:41:47.556[Status]Routing 165: Walk: 54
2020-02-08_11:41:47.662[Battery Energy]38.18
2020-02-08_11:41:47.804[Status]Routing 166: Walk: 54
2020-02-08_11:41:47.904[Battery Energy]38.09
2020-02-08_11:41:48.072[Status]Routing 167: Walk: 54
2020-02-08_11:41:48.173[Battery Energy]37.96
2020-02-08_11:41:48.345[Status]Routing 168: Walk: 54
2020-02-08_11:41:48.468[Battery Energy]37.83
2020-02-08_11:41:48.609[Status]Routing 169: Walk: 54
2020-02-08_11:41:48.718[Battery Energy]37.72
2020-02-08_11:41:48.874[Status]Routing 170: Walk: 54
2020-02-08_11:41:48.982[Battery Energy]37.60
2020-02-08_11:41:49.150[Status]Routing 171: Walk: 54
2020-02-08_11:41:49.250[Battery Energy]37.47
2020-02-08_11:41:49.448[Status]Routing 172: Walk: 54
2020-02-08_11:41:49.549[Battery Energy]37.35
2020-02-08_11:41:49.696[Status]Routing 173: Walk: 54
2020-02-08_11:41:49.805[Battery Energy]37.24
2020-02-08_11:41:49.942[Status]Routing 174: Walk: 54
2020-02-08_11:41:50.043[Battery Energy]37.13
2020-02-08_11:41:50.226[Status]Routing 175: Walk: 54
2020-02-08_11:41:50.326[Battery Energy]37.01
2020-02-08_11:41:50.490[Status]Routing 176: Walk: 54
2020-02-08_11:41:50.591[Battery Energy]36.90
2020-02-08_11:41:50.750[Status]Routing 177: Walk: 54
2020-02-08_11:41:50.850[Battery Energy]36.77
2020-02-08_11:41:51.055[Status]Routing 178: Walk: 54
2020-02-08_11:41:51.158[Battery Energy]36.62
2020-02-08_11:41:51.287[Status]Routing 179: Walk: 54
2020-02-08_11:41:51.388[Battery Energy]36.52
2020-02-08_11:41:51.570[Status]Routing 180: Walk: 54
2020-02-08_11:41:51.682[Battery Energy]36.39
2020-02-08_11:41:51.816[Status]Routing 181: Walk: 54
2020-02-08_11:41:51.922[Battery Energy]36.31
2020-02-08_11:41:52.079[Status]Routing 182: Walk: 54
2020-02-08_11:41:52.179[Battery Energy]36.19
2020-02-08_11:41:52.324[Status]Routing 183: Walk: 54
2020-02-08_11:41:52.434[Battery Energy]36.09
2020-02-08_11:41:52.584[Status]Routing 184: Walk: 54
2020-02-08_11:41:52.698[Battery Energy]35.96
2020-02-08_11:41:52.831[Status]Routing 185: Walk: 54
2020-02-08_11:41:52.946[Battery Energy]35.86
2020-02-08_11:41:53.080[Status]Routing 186: Walk: 54
2020-02-08_11:41:53.194[Battery Energy]35.75
2020-02-08_11:41:53.335[Status]Routing 187: Walk: 54
2020-02-08_11:41:53.435[Battery Energy]35.64
2020-02-08_11:41:53.600[Status]Routing 188: Walk: 54
2020-02-08_11:41:53.705[Battery Energy]35.53
2020-02-08_11:41:53.878[Status]Routing 189: Walk: 54
2020-02-08_11:41:53.982[Battery Energy]35.37
2020-02-08_11:41:54.135[Status]Routing 190: Walk: 54
2020-02-08_11:41:54.235[Battery Energy]35.26
2020-02-08_11:41:54.389[Status]Routing 191: Walk: 54
2020-02-08_11:41:54.494[Battery Energy]35.13
2020-02-08_11:41:54.654[Status]Routing 192: Walk: 54
2020-02-08_11:41:54.757[Battery Energy]35.03
2020-02-08_11:41:54.942[Status]Routing 193: Walk: 54
2020-02-08_11:41:55.042[Battery Energy]34.91
2020-02-08_11:41:55.193[Status]Routing 194: Walk: 54
2020-02-08_11:41:55.293[Battery Energy]34.81
2020-02-08_11:41:55.442[Status]Routing 195: Walk: 54
2020-02-08_11:41:55.542[Battery Energy]34.69
2020-02-08_11:41:55.742[Status]Routing 196: Walk: 54
2020-02-08_11:41:55.850[Battery Energy]34.56
2020-02-08_11:41:56.042[Status]Routing 197: Walk: 54
2020-02-08_11:41:56.144[Battery Energy]34.42
2020-02-08_11:41:56.292[Status]Routing 198: Walk: 54
2020-02-08_11:41:56.414[Battery Energy]34.31
2020-02-08_11:41:56.558[Status]Routing 199: Walk: 54
2020-02-08_11:41:56.669[Battery Energy]34.21
2020-02-08_11:41:56.804[Status]Routing 200: Walk: 54
2020-02-08_11:41:56.910[Battery Energy]34.12
2020-02-08_11:41:57.032[Status]Routing 201: Walk: 54
2020-02-08_11:41:57.142[Battery Energy]34.03
2020-02-08_11:41:57.296[Status]Routing 202: Walk: 54
2020-02-08_11:41:57.397[Battery Energy]33.91
2020-02-08_11:41:57.561[Status]Routing 203: Walk: 54
2020-02-08_11:41:57.669[Battery Energy]33.82
2020-02-08_11:41:57.808[Status]Routing 204: Walk: 54
2020-02-08_11:41:57.914[Battery Energy]33.72
2020-02-08_11:41:58.073[Status]Routing 205: Walk: 54
2020-02-08_11:41:58.173[Battery Energy]33.59
2020-02-08_11:41:58.354[Status]Routing 206: Walk: 54
2020-02-08_11:41:58.458[Battery Energy]33.46
2020-02-08_11:41:58.606[Status]Routing 207: Walk: 54
2020-02-08_11:41:58.713[Battery Energy]33.36
2020-02-08_11:41:58.856[Status]Routing 208: Walk: 54
2020-02-08_11:41:58.970[Battery Energy]33.27
2020-02-08_11:41:59.149[Status]Routing 209: Walk: 54
2020-02-08_11:41:59.258[Battery Energy]33.15
2020-02-08_11:41:59.405[Status]Routing 210: Walk: 54
2020-02-08_11:41:59.510[Battery Energy]33.03
2020-02-08_11:41:59.664[Status]Routing 211: Walk: 54
2020-02-08_11:41:59.774[Battery Energy]32.91
2020-02-08_11:41:59.913[Status]Routing 212: Walk: 54
2020-02-08_11:42:00.022[Battery Energy]32.81
2020-02-08_11:42:00.162[Status]Routing 213: Walk: 54
2020-02-08_11:42:00.263[Battery Energy]32.70
2020-02-08_11:42:00.436[Status]Routing 214: Walk: 54
2020-02-08_11:42:00.546[Battery Energy]32.55
2020-02-08_11:42:00.704[Status]Routing 215: Walk: 54
2020-02-08_11:42:00.805[Battery Energy]32.40
2020-02-08_11:42:00.976[Status]Routing 216: Walk: 54
2020-02-08_11:42:01.078[Battery Energy]32.32
2020-02-08_11:42:01.260[Status]Routing 217: Walk: 54
2020-02-08_11:42:01.362[Battery Energy]32.19
2020-02-08_11:42:01.488[Status]Routing 218: Walk: 54
2020-02-08_11:42:01.598[Battery Energy]32.10
2020-02-08_11:42:01.733[Status]Routing 219: Walk: 54
2020-02-08_11:42:01.834[Battery Energy]31.98
2020-02-08_11:42:01.981[Status]Routing 220: Walk: 54
2020-02-08_11:42:02.081[Battery Energy]31.87
2020-02-08_11:42:02.237[Status]Routing 221: Walk: 54
2020-02-08_11:42:02.338[Battery Energy]31.76
2020-02-08_11:42:02.483[Status]Routing 222: Walk: 54
2020-02-08_11:42:02.583[Battery Energy]31.65
2020-02-08_11:42:02.753[Status]Routing 223: Walk: 54
2020-02-08_11:42:02.862[Battery Energy]31.54
2020-02-08_11:42:03.021[Status]Routing 224: Walk: 54
2020-02-08_11:42:03.126[Battery Energy]31.43
2020-02-08_11:42:03.283[Status]Routing 225: Walk: 54
2020-02-08_11:42:03.413[Battery Energy]31.34
2020-02-08_11:42:03.539[Status]Routing 226: Walk: 54
2020-02-08_11:42:03.639[Battery Energy]31.24
2020-02-08_11:42:03.817[Status]Routing 227: Walk: 54
2020-02-08_11:42:03.922[Battery Energy]31.13
2020-02-08_11:42:04.066[Status]Routing 228: Walk: 54
2020-02-08_11:42:04.178[Battery Energy]31.03
2020-02-08_11:42:04.369[Status]Routing 229: Walk: 54
2020-02-08_11:42:04.469[Battery Energy]30.88
2020-02-08_11:42:04.640[Status]Routing 230: Walk: 54
2020-02-08_11:42:04.746[Battery Energy]30.77
2020-02-08_11:42:04.907[Status]Routing 231: Walk: 54
2020-02-08_11:42:05.008[Battery Energy]30.65
2020-02-08_11:42:05.304[Status]Routing 232: Walk: 54
2020-02-08_11:42:05.408[Battery Energy]30.46
2020-02-08_11:42:05.581[Status]Routing 233: Walk: 54
2020-02-08_11:42:05.690[Battery Energy]30.34
2020-02-08_11:42:05.836[Status]Routing 234: Walk: 54
2020-02-08_11:42:05.937[Battery Energy]30.21
2020-02-08_11:42:06.105[Status]Routing 235: Walk: 54
2020-02-08_11:42:06.218[Battery Energy]30.08
2020-02-08_11:42:06.400[Status]Routing 236: Walk: 54
2020-02-08_11:42:06.510[Battery Energy]29.95
2020-02-08_11:42:06.650[Status]Routing 237: Walk: 54
2020-02-08_11:42:06.754[Battery Energy]29.83
2020-02-08_11:42:06.932[Status]Routing 238: Walk: 54
2020-02-08_11:42:07.032[Battery Energy]29.71
2020-02-08_11:42:07.220[Status]Routing 239: Walk: 54
2020-02-08_11:42:07.326[Battery Energy]29.59
2020-02-08_11:42:07.461[Status]Routing 240: Walk: 54
2020-02-08_11:42:07.569[Battery Energy]29.49
2020-02-08_11:42:07.739[Status]Routing 241: Walk: 54
2020-02-08_11:42:07.846[Battery Energy]29.38
2020-02-08_11:42:07.978[Status]Routing 242: Walk: 54
2020-02-08_11:42:08.086[Battery Energy]29.29
2020-02-08_11:42:08.232[Status]Routing 243: Walk: 54
2020-02-08_11:42:08.341[Battery Energy]29.19
2020-02-08_11:42:08.504[Status]Routing 244: Walk: 54
2020-02-08_11:42:08.605[Battery Energy]29.08
2020-02-08_11:42:08.779[Status]Routing 245: Walk: 54
2020-02-08_11:42:08.879[Battery Energy]28.96
2020-02-08_11:42:09.026[Status]Routing 246: Walk: 54
2020-02-08_11:42:09.138[Battery Energy]28.85
2020-02-08_11:42:09.255[Status]Routing 247: Walk: 54
2020-02-08_11:42:09.358[Battery Energy]28.76
2020-02-08_11:42:09.497[Status]Routing 248: Walk: 54
2020-02-08_11:42:09.608[Battery Energy]28.66
2020-02-08_11:42:09.740[Status]Routing 249: Walk: 54
2020-02-08_11:42:09.841[Battery Energy]28.57
2020-02-08_11:42:09.993[Status]Routing 250: Walk: 54
2020-02-08_11:42:10.098[Battery Energy]28.48
2020-02-08_11:42:10.252[Status]Routing 251: Walk: 54
2020-02-08_11:42:10.370[Battery Energy]28.37
2020-02-08_11:42:10.501[Status]Routing 252: Walk: 54
2020-02-08_11:42:10.615[Battery Energy]28.27
2020-02-08_11:42:10.755[Status]Routing 253: Walk: 54
2020-02-08_11:42:10.870[Battery Energy]28.15
2020-02-08_11:42:11.005[Status]Routing 254: Walk: 54
2020-02-08_11:42:11.114[Battery Energy]28.06
2020-02-08_11:42:11.261[Status]Routing 255: Walk: 54
2020-02-08_11:42:11.366[Battery Energy]27.94
2020-02-08_11:42:11.508[Status]Routing 256: Walk: 54
2020-02-08_11:42:11.610[Battery Energy]27.82
2020-02-08_11:42:11.765[Status]Routing 257: Walk: 54
2020-02-08_11:42:11.865[Battery Energy]27.71
2020-02-08_11:42:12.004[Status]Routing 258: Walk: 54
2020-02-08_11:42:12.107[Battery Energy]27.62
2020-02-08_11:42:12.248[Status]Routing 259: Walk: 54
2020-02-08_11:42:12.374[Battery Energy]27.53
2020-02-08_11:42:12.519[Status]Routing 260: Walk: 54
2020-02-08_11:42:12.622[Battery Energy]27.42
2020-02-08_11:42:12.758[Status]Routing 261: Walk: 54
2020-02-08_11:42:12.874[Battery Energy]27.34
2020-02-08_11:42:13.022[Status]Routing 262: Walk: 54
2020-02-08_11:42:13.126[Battery Energy]27.24
2020-02-08_11:42:13.279[Status]Routing 263: Walk: 54
2020-02-08_11:42:13.381[Battery Energy]27.12
2020-02-08_11:42:13.498[Status]Routing 264: Walk: 54
2020-02-08_11:42:13.602[Battery Energy]27.02
2020-02-08_11:42:13.818[Status]Routing 265: Walk: 54
2020-02-08_11:42:13.934[Battery Energy]26.89
2020-02-08_11:42:14.061[Status]Routing 266: Walk: 54
2020-02-08_11:42:14.166[Battery Energy]26.80
2020-02-08_11:42:14.303[Status]Routing 267: Walk: 54
2020-02-08_11:42:14.404[Battery Energy]26.71
2020-02-08_11:42:14.557[Status]Routing 268: Walk: 54
2020-02-08_11:42:14.657[Battery Energy]26.60
2020-02-08_11:42:14.829[Status]Routing 269: Walk: 54
2020-02-08_11:42:14.935[Battery Energy]26.45
2020-02-08_11:42:15.089[Status]Routing 270: Walk: 54
2020-02-08_11:42:15.189[Battery Energy]26.31
2020-02-08_11:42:15.367[Status]Routing 271: Walk: 54
2020-02-08_11:42:15.482[Battery Energy]26.18
2020-02-08_11:42:15.631[Status]Routing 272: Walk: 54
2020-02-08_11:42:15.732[Battery Energy]26.07
2020-02-08_11:42:15.864[Status]Routing 273: Walk: 54
2020-02-08_11:42:15.966[Battery Energy]25.96
2020-02-08_11:42:16.108[Status]Routing 274: Walk: 54
2020-02-08_11:42:16.218[Battery Energy]25.84
2020-02-08_11:42:16.354[Status]Routing 275: Walk: 54
2020-02-08_11:42:16.455[Battery Energy]25.75
2020-02-08_11:42:16.618[Status]Routing 276: Walk: 54
2020-02-08_11:42:16.734[Battery Energy]25.63
2020-02-08_11:42:16.874[Status]Routing 277: Walk: 54
2020-02-08_11:42:16.975[Battery Energy]25.53
2020-02-08_11:42:17.131[Status]Routing 278: Walk: 54
2020-02-08_11:42:17.242[Battery Energy]25.43
2020-02-08_11:42:17.388[Status]Routing 279: Walk: 54
2020-02-08_11:42:17.494[Battery Energy]25.30
2020-02-08_11:42:17.683[Status]Routing 280: Walk: 54
2020-02-08_11:42:17.793[Battery Energy]25.16
2020-02-08_11:42:17.969[Status]Routing 281: Walk: 54
2020-02-08_11:42:18.072[Battery Energy]25.02
2020-02-08_11:42:18.233[Status]Routing 282: Walk: 54
2020-02-08_11:42:18.349[Battery Energy]24.92
2020-02-08_11:42:18.503[Status]Routing 283: Walk: 54
2020-02-08_11:42:18.608[Battery Energy]24.80
2020-02-08_11:42:18.747[Status]Routing 284: Walk: 54
2020-02-08_11:42:18.854[Battery Energy]24.70
2020-02-08_11:42:19.001[Status]Routing 285: Walk: 54
2020-02-08_11:42:19.106[Battery Energy]24.58
2020-02-08_11:42:19.275[Status]Routing 286: Walk: 54
2020-02-08_11:42:19.378[Battery Energy]24.47
2020-02-08_11:42:19.541[Status]Routing 287: Walk: 54
2020-02-08_11:42:19.652[Battery Energy]24.34
2020-02-08_11:42:19.779[Status]Routing 288: Walk: 54
2020-02-08_11:42:19.898[Battery Energy]24.24
2020-02-08_11:42:20.056[Status]Routing 289: Walk: 54
2020-02-08_11:42:20.178[Battery Energy]24.12
2020-02-08_11:42:20.313[Status]Routing 290: Walk: 54
2020-02-08_11:42:20.413[Battery Energy]24.01
2020-02-08_11:42:20.551[Status]Routing 291: Walk: 54
2020-02-08_11:42:20.670[Battery Energy]23.91
2020-02-08_11:42:20.798[Status]Routing 292: Walk: 54
2020-02-08_11:42:20.898[Battery Energy]23.79
2020-02-08_11:42:21.051[Status]Routing 293: Walk: 54
2020-02-08_11:42:21.153[Battery Energy]23.68
2020-02-08_11:42:21.311[Status]Routing 294: Walk: 54
2020-02-08_11:42:21.422[Battery Energy]23.55
2020-02-08_11:42:21.561[Status]Routing 295: Walk: 54
2020-02-08_11:42:21.674[Battery Energy]23.43
2020-02-08_11:42:21.816[Status]Routing 296: Walk: 54
2020-02-08_11:42:21.918[Battery Energy]23.34
2020-02-08_11:42:22.065[Status]Routing 297: Walk: 54
2020-02-08_11:42:22.174[Battery Energy]23.24
2020-02-08_11:42:22.319[Status]Routing 298: Walk: 54
2020-02-08_11:42:22.426[Battery Energy]23.15
2020-02-08_11:42:22.588[Status]Routing 299: Walk: 54
2020-02-08_11:42:22.691[Battery Energy]23.04
2020-02-08_11:42:22.856[Status]Routing 300: Walk: 54
2020-02-08_11:42:22.957[Battery Energy]22.92
2020-02-08_11:42:23.131[Status]Routing 301: Walk: 54
2020-02-08_11:42:23.232[Battery Energy]22.78
2020-02-08_11:42:23.371[Status]Routing 302: Walk: 54
2020-02-08_11:42:23.471[Battery Energy]22.69
2020-02-08_11:42:23.660[Status]Routing 303: Walk: 54
2020-02-08_11:42:23.760[Battery Energy]22.53
2020-02-08_11:42:23.918[Status]Routing 304: Walk: 54
2020-02-08_11:42:24.026[Battery Energy]22.42
2020-02-08_11:42:24.169[Status]Routing 305: Walk: 54
2020-02-08_11:42:24.278[Battery Energy]22.30
2020-02-08_11:42:24.429[Status]Routing 306: Walk: 54
2020-02-08_11:42:24.529[Battery Energy]22.19
2020-02-08_11:42:24.659[Status]Routing 307: Walk: 54
2020-02-08_11:42:24.766[Battery Energy]22.10
2020-02-08_11:42:24.904[Status]Routing 308: Walk: 54
2020-02-08_11:42:25.004[Battery Energy]22.00
2020-02-08_11:42:25.156[Status]Routing 309: Walk: 54
2020-02-08_11:42:25.262[Battery Energy]21.91
2020-02-08_11:42:25.402[Status]Routing 310: Walk: 54
2020-02-08_11:42:25.514[Battery Energy]21.81
2020-02-08_11:42:25.671[Status]Routing 311: Walk: 54
2020-02-08_11:42:25.772[Battery Energy]21.72
2020-02-08_11:42:25.974[Status]Routing 312: Walk: 54
2020-02-08_11:42:26.078[Battery Energy]21.58
2020-02-08_11:42:26.280[Status]Routing 313: Walk: 54
2020-02-08_11:42:26.390[Battery Energy]21.45
