2020-02-08_11:57:28.143[Status]Start.
2020-02-08_11:57:28.144[Battery Energy]112.00
2020-02-08_11:57:29.245[Battery Energy]111.96
2020-02-08_11:57:30.350[Battery Energy]111.92
2020-02-08_11:57:31.451[Battery Energy]111.88
2020-02-08_11:57:32.552[Battery Energy]111.84
2020-02-08_11:57:33.654[Task]A New Task Released.
2020-02-08_11:57:33.654[Battery Energy]111.80
2020-02-08_11:57:33.654[Status]Selection Start.
2020-02-08_11:57:37.508[Status]Selection End: Do Task 1.
2020-02-08_11:57:37.619[Battery Energy]109.07
2020-02-08_11:57:37.619[Status]Formation Start.
2020-02-08_11:57:37.795[Status]number of tasks is 7
2020-02-08_11:57:37.797[Status]my group tasks is [ 1300.   700.]
2020-02-08_11:57:37.803[Status]my group tasks is [ 1262.34898019   778.18314825]
2020-02-08_11:57:37.807[Status]my group tasks is [ 1177.7479066    797.49279122]
2020-02-08_11:57:37.814[Status]my group tasks is [ 1109.90311321   743.38837391]
2020-02-08_11:57:37.819[Status]my group tasks is [ 1109.90311321   656.61162609]
2020-02-08_11:57:37.831[Status]my group tasks is [ 1177.7479066    602.50720878]
2020-02-08_11:57:37.831[Status]my group tasks is [ 1262.34898019   621.81685175]
2020-02-08_11:57:37.892[Status]mygroup_robots_utility is {8: [16.18075024434686, 17.392358891111186, 14.945534172708678, 16.24531190920084, 17.42529172297273, 28.816772139180515, 14.901145179572703], 9: [16.276659886287614, 17.08316935060274, 14.938583854154968, 17.325247641934368, 28.536368362727643, 14.610771544897409, 15.80090784165605], 10: [32.036697672509504, 17.397679064061087, 14.70214783030748, 16.93829675756464, 17.86436765896997, 14.895117304164096, 15.530646689327297], 11: [16.44573154923073, 33.73287014711585, 15.980392833535353, 29.305192775711053, 13.879734910899913, 14.076493862751056, 15.148684071289512], 12: [16.290457279186807, 17.36140439487632, 34.88879409320084, 14.4063713471728, 32.25545390395476, 14.864937845518794, 14.976840738220359], 13: [16.668993279105063, 16.542073011857532, 34.579103365457, 14.261968418308731, 15.17381338630586, 14.315305564966629, 15.308593595243655], 14: [16.099248304205783, 14.112752757706973, 15.38677377981329, 13.341074976264533, 13.274296622763002, 14.281049060617757, 15.54452444522902]}
2020-02-08_11:57:37.894[Status]self.local_queue is [8, 9, 10, 11, 12, 13, 14]
2020-02-08_11:57:37.894[Status]task_chosen index is 5
2020-02-08_11:57:37.894[Status]task_chosen index is 4
2020-02-08_11:57:37.894[Status]task_chosen index is 0
2020-02-08_11:57:37.895[Status]task_chosen index is 1
2020-02-08_11:57:37.897[Status]myindex_in_queue is 1
2020-02-08_11:57:37.897[Status]task destination is [1262.3489801858734, 778.183148246803]
2020-02-08_11:57:37.997[Battery Energy]108.92
2020-02-08_11:57:37.997[Status]Routing Start.
2020-02-08_11:57:38.165[Status]{'id': 11, 'coordinate': [68.49375246185, 383.14144301127953]}
2020-02-08_11:57:38.166[Status]Routing 1: Walk: 1
2020-02-08_11:57:38.266[Battery Energy]108.71
2020-02-08_11:57:38.266[Status]Routing Start.
2020-02-08_11:57:38.454[Status]{'id': 11, 'coordinate': [77.98750492369999, 386.28288602255907]}
2020-02-08_11:57:38.454[Status]Routing 2: Walk: 2
2020-02-08_11:57:38.562[Battery Energy]108.49
2020-02-08_11:57:38.562[Status]Routing Start.
2020-02-08_11:57:38.746[Status]{'id': 11, 'coordinate': [87.48125738554998, 389.4243290338386]}
2020-02-08_11:57:38.747[Status]Routing 3: Walk: 3
2020-02-08_11:57:38.847[Battery Energy]108.25
2020-02-08_11:57:38.847[Status]Routing Start.
2020-02-08_11:57:39.012[Status]{'id': 11, 'coordinate': [96.97500984739997, 392.56577204511814]}
2020-02-08_11:57:39.012[Status]Routing 4: Walk: 4
2020-02-08_11:57:39.118[Battery Energy]108.04
2020-02-08_11:57:39.118[Status]Routing Start.
2020-02-08_11:57:39.273[Status]{'id': 11, 'coordinate': [106.46876230924997, 395.7072150563977]}
2020-02-08_11:57:39.273[Status]Routing 5: Walk: 5
2020-02-08_11:57:39.382[Battery Energy]107.85
2020-02-08_11:57:39.382[Status]Routing Start.
2020-02-08_11:57:39.668[Status]{'id': 11, 'coordinate': [115.96251477109996, 398.8486580676772]}
2020-02-08_11:57:39.668[Status]Routing 6: Walk: 6
2020-02-08_11:57:39.768[Battery Energy]107.50
2020-02-08_11:57:39.768[Status]Routing Start.
2020-02-08_11:57:40.096[Status]{'id': 11, 'coordinate': [125.45626723294995, 401.99010107895674]}
2020-02-08_11:57:40.097[Status]Routing 7: Walk: 7
2020-02-08_11:57:40.197[Battery Energy]107.13
2020-02-08_11:57:40.197[Status]Routing Start.
2020-02-08_11:57:40.552[Status]{'id': 11, 'coordinate': [134.95001969479995, 405.1315440902363]}
2020-02-08_11:57:40.552[Status]Routing 8: Walk: 8
2020-02-08_11:57:40.652[Battery Energy]106.73
2020-02-08_11:57:40.652[Status]Routing Start.
2020-02-08_11:57:40.946[Status]{'id': 11, 'coordinate': [144.44377215664994, 408.2729871015158]}
2020-02-08_11:57:40.946[Status]Routing 9: Walk: 9
2020-02-08_11:57:41.046[Battery Energy]106.38
2020-02-08_11:57:41.046[Status]Routing Start.
2020-02-08_11:57:41.221[Status]{'id': 11, 'coordinate': [153.93752461849994, 411.41443011279534]}
2020-02-08_11:57:41.222[Status]Routing 10: Walk: 10
2020-02-08_11:57:41.322[Battery Energy]106.16
2020-02-08_11:57:41.322[Status]Routing Start.
2020-02-08_11:57:41.618[Status]{'id': 11, 'coordinate': [163.43127708034993, 414.5558731240749]}
2020-02-08_11:57:41.618[Status]Routing 11: Walk: 11
2020-02-08_11:57:41.720[Battery Energy]105.89
2020-02-08_11:57:41.720[Status]Routing Start.
2020-02-08_11:57:42.019[Status]{'id': 11, 'coordinate': [172.92502954219992, 417.6973161353544]}
2020-02-08_11:57:42.020[Status]Routing 12: Walk: 12
2020-02-08_11:57:42.126[Battery Energy]105.60
2020-02-08_11:57:42.126[Status]Routing Start.
2020-02-08_11:57:42.611[Status]{'id': 11, 'coordinate': [167.60289857622288, 426.1634204331403]}
2020-02-08_11:57:42.613[Status]Routing 13: Walk: 13
2020-02-08_11:57:42.714[Battery Energy]105.12
2020-02-08_11:57:42.714[Status]Routing Start.
2020-02-08_11:57:43.027[Status]{'id': 11, 'coordinate': [162.80163636175223, 434.9354145706153]}
2020-02-08_11:57:43.028[Status]Routing 14: Walk: 14
2020-02-08_11:57:43.129[Battery Energy]104.79
2020-02-08_11:57:43.129[Status]Routing Start.
2020-02-08_11:57:43.277[Status]{'id': 11, 'coordinate': [172.34732749442983, 437.9153106761063]}
2020-02-08_11:57:43.277[Status]Routing 15: Walk: 15
2020-02-08_11:57:43.377[Battery Energy]104.60
2020-02-08_11:57:43.377[Status]Routing Start.
2020-02-08_11:57:43.738[Status]{'id': 11, 'coordinate': [181.89301862710744, 440.89520678159727]}
2020-02-08_11:57:43.739[Status]Routing 16: Walk: 16
2020-02-08_11:57:43.839[Battery Energy]104.24
2020-02-08_11:57:43.839[Status]Routing Start.
2020-02-08_11:57:44.159[Status]{'id': 11, 'coordinate': [191.43870975978504, 443.87510288708825]}
2020-02-08_11:57:44.161[Status]Routing 17: Walk: 17
2020-02-08_11:57:44.266[Battery Energy]103.93
2020-02-08_11:57:44.266[Status]Routing Start.
2020-02-08_11:57:44.627[Status]{'id': 11, 'coordinate': [200.98440089246265, 446.8549989925792]}
2020-02-08_11:57:44.627[Status]Routing 18: Walk: 18
2020-02-08_11:57:44.733[Battery Energy]103.58
2020-02-08_11:57:44.734[Status]Routing Start.
2020-02-08_11:57:45.085[Status]{'id': 11, 'coordinate': [210.53009202514025, 449.8348950980702]}
2020-02-08_11:57:45.088[Status]Routing 19: Walk: 19
2020-02-08_11:57:45.198[Battery Energy]103.27
2020-02-08_11:57:45.198[Status]Routing Start.
2020-02-08_11:57:45.525[Status]{'id': 11, 'coordinate': [220.07578315781785, 452.8147912035612]}
2020-02-08_11:57:45.526[Status]Routing 20: Walk: 20
2020-02-08_11:57:45.630[Battery Energy]102.93
2020-02-08_11:57:45.630[Status]Routing Start.
2020-02-08_11:57:45.931[Status]{'id': 11, 'coordinate': [229.62147429049546, 455.79468730905216]}
2020-02-08_11:57:45.931[Status]Routing 21: Walk: 21
2020-02-08_11:57:46.038[Battery Energy]102.62
2020-02-08_11:57:46.038[Status]Routing Start.
2020-02-08_11:57:46.344[Status]{'id': 11, 'coordinate': [239.16716542317306, 458.77458341454314]}
2020-02-08_11:57:46.344[Status]Routing 22: Walk: 22
2020-02-08_11:57:46.450[Battery Energy]102.31
2020-02-08_11:57:46.450[Status]Routing Start.
2020-02-08_11:57:46.765[Status]{'id': 11, 'coordinate': [248.71285655585066, 461.7544795200341]}
2020-02-08_11:57:46.765[Status]Routing 23: Walk: 23
2020-02-08_11:57:46.870[Battery Energy]101.98
2020-02-08_11:57:46.870[Status]Routing Start.
2020-02-08_11:57:47.207[Status]{'id': 11, 'coordinate': [258.25854768852827, 464.7343756255251]}
2020-02-08_11:57:47.207[Status]Routing 24: Walk: 24
2020-02-08_11:57:47.318[Battery Energy]101.70
2020-02-08_11:57:47.318[Status]Routing Start.
2020-02-08_11:57:47.667[Status]{'id': 11, 'coordinate': [267.80423882120584, 467.7142717310161]}
2020-02-08_11:57:47.667[Status]Routing 25: Walk: 25
2020-02-08_11:57:47.774[Battery Energy]101.40
2020-02-08_11:57:47.774[Status]Routing Start.
2020-02-08_11:57:48.130[Status]{'id': 11, 'coordinate': [277.3499299538834, 470.69416783650706]}
2020-02-08_11:57:48.130[Status]Routing 26: Walk: 26
2020-02-08_11:57:48.230[Battery Energy]101.08
2020-02-08_11:57:48.230[Status]Routing Start.
2020-02-08_11:57:48.554[Status]{'id': 11, 'coordinate': [286.895621086561, 473.67406394199804]}
2020-02-08_11:57:48.554[Status]Routing 27: Walk: 27
2020-02-08_11:57:48.658[Battery Energy]100.76
2020-02-08_11:57:48.658[Status]Routing Start.
2020-02-08_11:57:48.978[Status]{'id': 11, 'coordinate': [296.44131221923857, 476.653960047489]}
2020-02-08_11:57:48.978[Status]Routing 28: Walk: 28
2020-02-08_11:57:49.080[Battery Energy]100.47
2020-02-08_11:57:49.080[Status]Routing Start.
2020-02-08_11:57:49.411[Status]{'id': 11, 'coordinate': [305.98700335191614, 479.63385615298]}
2020-02-08_11:57:49.412[Status]Routing 29: Walk: 29
2020-02-08_11:57:49.518[Battery Energy]100.20
2020-02-08_11:57:49.518[Status]Routing Start.
2020-02-08_11:57:49.826[Status]{'id': 11, 'coordinate': [315.5326944845937, 482.613752258471]}
2020-02-08_11:57:49.826[Status]Routing 30: Walk: 30
2020-02-08_11:57:49.938[Battery Energy]99.91
2020-02-08_11:57:49.938[Status]Routing Start.
2020-02-08_11:57:50.305[Status]{'id': 11, 'coordinate': [325.0783856172713, 485.59364836396196]}
2020-02-08_11:57:50.305[Status]Routing 31: Walk: 31
2020-02-08_11:57:50.405[Battery Energy]99.56
2020-02-08_11:57:50.405[Status]Routing Start.
2020-02-08_11:57:50.692[Status]{'id': 11, 'coordinate': [334.62407674994887, 488.57354446945294]}
2020-02-08_11:57:50.692[Status]Routing 32: Walk: 32
2020-02-08_11:57:50.792[Battery Energy]99.26
2020-02-08_11:57:50.792[Status]Routing Start.
2020-02-08_11:57:51.279[Status]Routing 33: Walk: 32
2020-02-08_11:57:51.379[Battery Energy]98.91
2020-02-08_11:57:51.379[Status]Routing Start.
2020-02-08_11:57:51.773[Status]Routing 34: Walk: 32
2020-02-08_11:57:51.873[Battery Energy]98.58
2020-02-08_11:57:51.873[Status]Routing Start.
2020-02-08_11:57:52.050[Status]{'id': 11, 'coordinate': [344.16976788262645, 491.5534405749439]}
2020-02-08_11:57:52.050[Status]Routing 35: Walk: 33
2020-02-08_11:57:52.162[Battery Energy]98.38
2020-02-08_11:57:52.162[Status]Routing Start.
2020-02-08_11:57:52.674[Status]Routing 36: Walk: 33
2020-02-08_11:57:52.774[Battery Energy]98.01
2020-02-08_11:57:52.774[Status]Routing Start.
2020-02-08_11:57:53.007[Status]{'id': 11, 'coordinate': [353.715459015304, 494.5333366804349]}
2020-02-08_11:57:53.007[Status]Routing 37: Walk: 34
2020-02-08_11:57:53.108[Battery Energy]97.76
2020-02-08_11:57:53.108[Status]Routing Start.
2020-02-08_11:57:53.268[Status]{'id': 11, 'coordinate': [363.2611501479816, 497.5132327859259]}
2020-02-08_11:57:53.269[Status]Routing 38: Walk: 35
2020-02-08_11:57:53.371[Battery Energy]97.55
2020-02-08_11:57:53.371[Status]Routing Start.
2020-02-08_11:57:53.551[Status]{'id': 11, 'coordinate': [372.80684128065917, 500.49312889141686]}
2020-02-08_11:57:53.551[Status]Routing 39: Walk: 36
2020-02-08_11:57:53.660[Battery Energy]97.34
2020-02-08_11:57:53.661[Status]Routing Start.
2020-02-08_11:57:53.779[Status]{'id': 11, 'coordinate': [382.35253241333675, 503.47302499690784]}
2020-02-08_11:57:53.779[Status]Routing 40: Walk: 37
2020-02-08_11:57:53.879[Battery Energy]97.13
2020-02-08_11:57:53.879[Status]Routing Start.
2020-02-08_11:57:54.027[Status]{'id': 11, 'coordinate': [391.8982235460143, 506.4529211023988]}
2020-02-08_11:57:54.028[Status]Routing 41: Walk: 38
2020-02-08_11:57:54.134[Battery Energy]96.93
2020-02-08_11:57:54.134[Status]Routing Start.
2020-02-08_11:57:54.441[Status]{'id': 11, 'coordinate': [401.4439146786919, 509.4328172078898]}
2020-02-08_11:57:54.441[Status]Routing 42: Walk: 39
2020-02-08_11:57:54.541[Battery Energy]96.61
2020-02-08_11:57:54.541[Status]Routing Start.
2020-02-08_11:57:54.746[Status]{'id': 11, 'coordinate': [410.9896058113695, 512.4127133133808]}
2020-02-08_11:57:54.746[Status]Routing 43: Walk: 40
2020-02-08_11:57:54.858[Battery Energy]96.36
2020-02-08_11:57:54.858[Status]Routing Start.
2020-02-08_11:57:55.185[Status]{'id': 11, 'coordinate': [420.53529694404705, 515.3926094188718]}
2020-02-08_11:57:55.185[Status]Routing 44: Walk: 41
2020-02-08_11:57:55.292[Battery Energy]96.03
2020-02-08_11:57:55.292[Status]Routing Start.
2020-02-08_11:57:55.442[Status]{'id': 11, 'coordinate': [430.0809880767246, 518.3725055243627]}
2020-02-08_11:57:55.442[Status]Routing 45: Walk: 42
2020-02-08_11:57:55.542[Battery Energy]95.82
2020-02-08_11:57:55.542[Status]Routing Start.
2020-02-08_11:57:55.828[Status]{'id': 11, 'coordinate': [439.6266792094022, 521.3524016298537]}
2020-02-08_11:57:55.828[Status]Routing 46: Walk: 43
2020-02-08_11:57:55.932[Battery Energy]95.54
2020-02-08_11:57:55.933[Status]Routing Start.
2020-02-08_11:57:56.248[Status]{'id': 11, 'coordinate': [449.1723703420798, 524.3322977353447]}
2020-02-08_11:57:56.253[Status]Routing 47: Walk: 44
2020-02-08_11:57:56.356[Battery Energy]95.25
2020-02-08_11:57:56.356[Status]Routing Start.
2020-02-08_11:57:56.707[Status]{'id': 11, 'coordinate': [458.71806147475735, 527.3121938408357]}
2020-02-08_11:57:56.707[Status]Routing 48: Walk: 45
2020-02-08_11:57:56.814[Battery Energy]94.93
2020-02-08_11:57:56.814[Status]Routing Start.
2020-02-08_11:57:57.117[Status]{'id': 11, 'coordinate': [468.2637526074349, 530.2920899463267]}
2020-02-08_11:57:57.117[Status]Routing 49: Walk: 46
2020-02-08_11:57:57.230[Battery Energy]94.62
2020-02-08_11:57:57.230[Status]Routing Start.
2020-02-08_11:57:57.406[Status]{'id': 11, 'coordinate': [477.8094437401125, 533.2719860518176]}
2020-02-08_11:57:57.406[Status]Routing 50: Walk: 47
2020-02-08_11:57:57.508[Battery Energy]94.39
2020-02-08_11:57:57.508[Status]Routing Start.
2020-02-08_11:57:57.796[Status]{'id': 11, 'coordinate': [487.3551348727901, 536.2518821573086]}
2020-02-08_11:57:57.796[Status]Routing 51: Walk: 48
2020-02-08_11:57:57.902[Battery Energy]94.10
2020-02-08_11:57:57.902[Status]Routing Start.
2020-02-08_11:57:58.210[Status]{'id': 11, 'coordinate': [496.90082600546765, 539.2317782627996]}
2020-02-08_11:57:58.210[Status]Routing 52: Walk: 49
2020-02-08_11:57:58.318[Battery Energy]93.80
2020-02-08_11:57:58.318[Status]Routing Start.
2020-02-08_11:57:58.646[Status]{'id': 11, 'coordinate': [506.4465171381452, 542.2116743682906]}
2020-02-08_11:57:58.648[Status]Routing 53: Walk: 50
2020-02-08_11:57:58.750[Battery Energy]93.49
2020-02-08_11:57:58.750[Status]Routing Start.
2020-02-08_11:57:59.043[Status]{'id': 11, 'coordinate': [515.9922082708229, 545.1915704737816]}
2020-02-08_11:57:59.043[Status]Routing 54: Walk: 51
2020-02-08_11:57:59.143[Battery Energy]93.18
2020-02-08_11:57:59.143[Status]Routing Start.
2020-02-08_11:57:59.313[Status]{'id': 11, 'coordinate': [525.5378994035004, 548.1714665792725]}
2020-02-08_11:57:59.313[Status]Routing 55: Walk: 52
2020-02-08_11:57:59.422[Battery Energy]92.96
2020-02-08_11:57:59.422[Status]Routing Start.
2020-02-08_11:57:59.708[Status]{'id': 11, 'coordinate': [535.083590536178, 551.1513626847635]}
2020-02-08_11:57:59.708[Status]Routing 56: Walk: 53
2020-02-08_11:57:59.809[Battery Energy]92.64
2020-02-08_11:57:59.809[Status]Routing Start.
2020-02-08_11:57:59.983[Status]{'id': 11, 'coordinate': [544.6292816688556, 554.1312587902545]}
2020-02-08_11:57:59.983[Status]Routing 57: Walk: 54
2020-02-08_11:58:00.090[Battery Energy]92.43
2020-02-08_11:58:00.090[Status]Routing Start.
2020-02-08_11:58:00.423[Status]{'id': 11, 'coordinate': [554.1749728015332, 557.1111548957455]}
2020-02-08_11:58:00.423[Status]Routing 58: Walk: 55
2020-02-08_11:58:00.530[Battery Energy]92.11
2020-02-08_11:58:00.530[Status]Routing Start.
2020-02-08_11:58:00.680[Status]{'id': 11, 'coordinate': [563.7206639342107, 560.0910510012365]}
2020-02-08_11:58:00.680[Status]Routing 59: Walk: 56
2020-02-08_11:58:00.794[Battery Energy]91.92
2020-02-08_11:58:00.794[Status]Routing Start.
2020-02-08_11:58:01.084[Status]{'id': 11, 'coordinate': [573.2663550668883, 563.0709471067274]}
2020-02-08_11:58:01.084[Status]Routing 60: Walk: 57
2020-02-08_11:58:01.184[Battery Energy]91.64
2020-02-08_11:58:01.184[Status]Routing Start.
2020-02-08_11:58:01.326[Status]{'id': 11, 'coordinate': [582.8120461995659, 566.0508432122184]}
2020-02-08_11:58:01.326[Status]Routing 61: Walk: 58
2020-02-08_11:58:01.427[Battery Energy]91.43
2020-02-08_11:58:01.427[Status]Routing Start.
2020-02-08_11:58:01.785[Status]{'id': 11, 'coordinate': [592.3577373322435, 569.0307393177094]}
2020-02-08_11:58:01.785[Status]Routing 62: Walk: 59
2020-02-08_11:58:01.885[Battery Energy]91.08
2020-02-08_11:58:01.885[Status]Routing Start.
2020-02-08_11:58:02.019[Status]{'id': 11, 'coordinate': [601.903428464921, 572.0106354232004]}
2020-02-08_11:58:02.019[Status]Routing 63: Walk: 60
2020-02-08_11:58:02.119[Battery Energy]90.89
2020-02-08_11:58:02.119[Status]Routing Start.
2020-02-08_11:58:02.619[Status]Routing 64: Walk: 60
2020-02-08_11:58:02.723[Battery Energy]90.48
2020-02-08_11:58:02.723[Status]Routing Start.
2020-02-08_11:58:02.887[Status]{'id': 11, 'coordinate': [611.4491195975986, 574.9905315286913]}
2020-02-08_11:58:02.887[Status]Routing 65: Walk: 61
2020-02-08_11:58:02.988[Battery Energy]90.28
2020-02-08_11:58:02.988[Status]Routing Start.
2020-02-08_11:58:03.310[Status]{'id': 11, 'coordinate': [620.9948107302762, 577.9704276341823]}
2020-02-08_11:58:03.310[Status]Routing 66: Walk: 62
2020-02-08_11:58:03.417[Battery Energy]89.98
2020-02-08_11:58:03.417[Status]Routing Start.
2020-02-08_11:58:03.770[Status]{'id': 11, 'coordinate': [630.5405018629538, 580.9503237396733]}
2020-02-08_11:58:03.771[Status]Routing 67: Walk: 63
2020-02-08_11:58:03.890[Battery Energy]89.69
2020-02-08_11:58:03.890[Status]Routing Start.
2020-02-08_11:58:04.220[Status]{'id': 11, 'coordinate': [640.0861929956313, 583.9302198451643]}
2020-02-08_11:58:04.220[Status]Routing 68: Walk: 64
2020-02-08_11:58:04.334[Battery Energy]89.35
2020-02-08_11:58:04.334[Status]Routing Start.
2020-02-08_11:58:04.618[Status]{'id': 11, 'coordinate': [649.6318841283089, 586.9101159506553]}
2020-02-08_11:58:04.618[Status]Routing 69: Walk: 65
2020-02-08_11:58:04.734[Battery Energy]89.03
2020-02-08_11:58:04.734[Status]Routing Start.
2020-02-08_11:58:05.133[Status]{'id': 11, 'coordinate': [659.1775752609865, 589.8900120561462]}
2020-02-08_11:58:05.133[Status]Routing 70: Walk: 66
2020-02-08_11:58:05.235[Battery Energy]88.69
2020-02-08_11:58:05.235[Status]Routing Start.
2020-02-08_11:58:05.412[Status]{'id': 11, 'coordinate': [668.7232663936641, 592.8699081616372]}
2020-02-08_11:58:05.412[Status]Routing 71: Walk: 67
2020-02-08_11:58:05.518[Battery Energy]88.46
2020-02-08_11:58:05.518[Status]Routing Start.
2020-02-08_11:58:05.647[Status]{'id': 11, 'coordinate': [678.2689575263416, 595.8498042671282]}
2020-02-08_11:58:05.647[Status]Routing 72: Walk: 68
2020-02-08_11:58:05.754[Battery Energy]88.25
2020-02-08_11:58:05.754[Status]Routing Start.
2020-02-08_11:58:05.966[Status]{'id': 11, 'coordinate': [687.8146486590192, 598.8297003726192]}
2020-02-08_11:58:05.966[Status]Routing 73: Walk: 69
2020-02-08_11:58:06.073[Battery Energy]88.03
2020-02-08_11:58:06.073[Status]Routing Start.
2020-02-08_11:58:06.231[Status]{'id': 11, 'coordinate': [697.3603397916968, 601.8095964781102]}
2020-02-08_11:58:06.231[Status]Routing 74: Walk: 70
2020-02-08_11:58:06.342[Battery Energy]87.83
2020-02-08_11:58:06.342[Status]Routing Start.
2020-02-08_11:58:06.492[Status]{'id': 11, 'coordinate': [706.9060309243744, 604.7894925836011]}
2020-02-08_11:58:06.492[Status]Routing 75: Walk: 71
2020-02-08_11:58:06.593[Battery Energy]87.63
2020-02-08_11:58:06.593[Status]Routing Start.
2020-02-08_11:58:06.746[Status]{'id': 11, 'coordinate': [716.4517220570519, 607.7693886890921]}
2020-02-08_11:58:06.746[Status]Routing 76: Walk: 72
2020-02-08_11:58:06.862[Battery Energy]87.42
2020-02-08_11:58:06.862[Status]Routing Start.
2020-02-08_11:58:07.013[Status]{'id': 11, 'coordinate': [725.9974131897295, 610.7492847945831]}
2020-02-08_11:58:07.013[Status]Routing 77: Walk: 73
2020-02-08_11:58:07.126[Battery Energy]87.21
2020-02-08_11:58:07.126[Status]Routing Start.
2020-02-08_11:58:07.246[Status]{'id': 11, 'coordinate': [735.5431043224071, 613.7291809000741]}
2020-02-08_11:58:07.246[Status]Routing 78: Walk: 74
2020-02-08_11:58:07.354[Battery Energy]87.02
2020-02-08_11:58:07.354[Status]Routing Start.
2020-02-08_11:58:07.481[Status]{'id': 11, 'coordinate': [745.0887954550847, 616.7090770055651]}
2020-02-08_11:58:07.481[Status]Routing 79: Walk: 75
2020-02-08_11:58:07.594[Battery Energy]86.82
2020-02-08_11:58:07.594[Status]Routing Start.
2020-02-08_11:58:07.738[Status]{'id': 11, 'coordinate': [754.6344865877622, 619.688973111056]}
2020-02-08_11:58:07.738[Status]Routing 80: Walk: 76
2020-02-08_11:58:07.846[Battery Energy]86.60
2020-02-08_11:58:07.846[Status]Routing Start.
2020-02-08_11:58:07.996[Status]{'id': 11, 'coordinate': [764.1801777204398, 622.668869216547]}
2020-02-08_11:58:07.996[Status]Routing 81: Walk: 77
2020-02-08_11:58:08.106[Battery Energy]86.38
2020-02-08_11:58:08.106[Status]Routing Start.
2020-02-08_11:58:08.240[Status]{'id': 11, 'coordinate': [773.7258688531174, 625.648765322038]}
2020-02-08_11:58:08.241[Status]Routing 82: Walk: 78
2020-02-08_11:58:08.350[Battery Energy]86.19
2020-02-08_11:58:08.350[Status]Routing Start.
2020-02-08_11:58:08.486[Status]{'id': 11, 'coordinate': [783.271559985795, 628.628661427529]}
2020-02-08_11:58:08.487[Status]Routing 83: Walk: 79
2020-02-08_11:58:08.587[Battery Energy]85.98
2020-02-08_11:58:08.587[Status]Routing Start.
2020-02-08_11:58:09.070[Status]Routing 84: Walk: 79
2020-02-08_11:58:09.174[Battery Energy]85.56
2020-02-08_11:58:09.174[Status]Routing Start.
2020-02-08_11:58:09.350[Status]{'id': 11, 'coordinate': [792.8172511184725, 631.60855753302]}
2020-02-08_11:58:09.350[Status]Routing 85: Walk: 80
2020-02-08_11:58:09.466[Battery Energy]85.36
2020-02-08_11:58:09.466[Status]Routing Start.
2020-02-08_11:58:09.633[Status]{'id': 11, 'coordinate': [802.3629422511501, 634.5884536385109]}
2020-02-08_11:58:09.633[Status]Routing 86: Walk: 81
2020-02-08_11:58:09.746[Battery Energy]85.15
2020-02-08_11:58:09.746[Status]Routing Start.
2020-02-08_11:58:09.907[Status]{'id': 11, 'coordinate': [811.9086333838277, 637.5683497440019]}
2020-02-08_11:58:09.907[Status]Routing 87: Walk: 82
2020-02-08_11:58:10.010[Battery Energy]84.96
2020-02-08_11:58:10.010[Status]Routing Start.
2020-02-08_11:58:10.355[Status]{'id': 11, 'coordinate': [821.4543245165053, 640.5482458494929]}
2020-02-08_11:58:10.355[Status]Routing 88: Walk: 83
2020-02-08_11:58:10.459[Battery Energy]84.66
2020-02-08_11:58:10.459[Status]Routing Start.
2020-02-08_11:58:10.838[Status]{'id': 11, 'coordinate': [831.0000156491828, 643.5281419549839]}
2020-02-08_11:58:10.839[Status]Routing 89: Walk: 84
2020-02-08_11:58:10.946[Battery Energy]84.32
2020-02-08_11:58:10.946[Status]Routing Start.
2020-02-08_11:58:11.412[Status]Routing 90: Walk: 84
2020-02-08_11:58:11.513[Battery Energy]83.93
2020-02-08_11:58:11.513[Status]Routing Start.
2020-02-08_11:58:11.862[Status]{'id': 11, 'coordinate': [840.5457067818604, 646.5080380604749]}
2020-02-08_11:58:11.862[Status]Routing 91: Walk: 85
2020-02-08_11:58:11.962[Battery Energy]83.53
2020-02-08_11:58:11.962[Status]Routing Start.
2020-02-08_11:58:12.085[Status]{'id': 11, 'coordinate': [850.091397914538, 649.4879341659658]}
2020-02-08_11:58:12.086[Status]Routing 92: Walk: 86
2020-02-08_11:58:12.200[Battery Energy]83.33
2020-02-08_11:58:12.200[Status]Routing Start.
2020-02-08_11:58:12.322[Status]{'id': 11, 'coordinate': [859.6370890472156, 652.4678302714568]}
2020-02-08_11:58:12.323[Status]Routing 93: Walk: 87
2020-02-08_11:58:12.423[Battery Energy]83.14
2020-02-08_11:58:12.423[Status]Routing Start.
2020-02-08_11:58:12.614[Status]{'id': 11, 'coordinate': [869.1827801798931, 655.4477263769478]}
2020-02-08_11:58:12.614[Status]Routing 94: Walk: 88
2020-02-08_11:58:12.730[Battery Energy]82.94
2020-02-08_11:58:12.730[Status]Routing Start.
2020-02-08_11:58:12.868[Status]{'id': 11, 'coordinate': [878.7284713125707, 658.4276224824388]}
2020-02-08_11:58:12.868[Status]Routing 95: Walk: 89
2020-02-08_11:58:12.974[Battery Energy]82.74
2020-02-08_11:58:12.974[Status]Routing Start.
2020-02-08_11:58:13.159[Status]{'id': 11, 'coordinate': [888.2741624452483, 661.4075185879298]}
2020-02-08_11:58:13.162[Status]Routing 96: Walk: 90
2020-02-08_11:58:13.264[Battery Energy]82.49
2020-02-08_11:58:13.264[Status]Routing Start.
2020-02-08_11:58:13.406[Status]{'id': 11, 'coordinate': [897.8198535779259, 664.3874146934207]}
2020-02-08_11:58:13.409[Status]Routing 97: Walk: 91
2020-02-08_11:58:13.511[Battery Energy]82.29
2020-02-08_11:58:13.511[Status]Routing Start.
2020-02-08_11:58:13.771[Status]{'id': 11, 'coordinate': [907.3655447106034, 667.3673107989117]}
2020-02-08_11:58:13.771[Status]Routing 98: Walk: 92
2020-02-08_11:58:13.871[Battery Energy]82.02
2020-02-08_11:58:13.871[Status]Routing Start.
2020-02-08_11:58:14.184[Status]{'id': 11, 'coordinate': [916.911235843281, 670.3472069044027]}
2020-02-08_11:58:14.184[Status]Routing 99: Walk: 93
2020-02-08_11:58:14.284[Battery Energy]81.69
2020-02-08_11:58:14.284[Status]Routing Start.
2020-02-08_11:58:14.634[Status]{'id': 11, 'coordinate': [926.4569269759586, 673.3271030098937]}
2020-02-08_11:58:14.634[Status]Routing 100: Walk: 94
2020-02-08_11:58:14.738[Battery Energy]81.40
2020-02-08_11:58:14.738[Status]Routing Start.
2020-02-08_11:58:15.067[Status]{'id': 11, 'coordinate': [936.0026181086362, 676.3069991153847]}
2020-02-08_11:58:15.067[Status]Routing 101: Walk: 95
2020-02-08_11:58:15.174[Battery Energy]81.08
2020-02-08_11:58:15.174[Status]Routing Start.
2020-02-08_11:58:15.499[Status]{'id': 11, 'coordinate': [945.5483092413137, 679.2868952208756]}
2020-02-08_11:58:15.499[Status]Routing 102: Walk: 96
2020-02-08_11:58:15.601[Battery Energy]80.78
2020-02-08_11:58:15.601[Status]Routing Start.
2020-02-08_11:58:15.940[Status]{'id': 11, 'coordinate': [955.0940003739913, 682.2667913263666]}
2020-02-08_11:58:15.940[Status]Routing 103: Walk: 97
2020-02-08_11:58:16.054[Battery Energy]80.45
2020-02-08_11:58:16.054[Status]Routing Start.
2020-02-08_11:58:16.361[Status]{'id': 11, 'coordinate': [964.6396915066689, 685.2466874318576]}
2020-02-08_11:58:16.361[Status]Routing 104: Walk: 98
2020-02-08_11:58:16.465[Battery Energy]80.16
2020-02-08_11:58:16.465[Status]Routing Start.
2020-02-08_11:58:16.657[Status]{'id': 11, 'coordinate': [974.1853826393465, 688.2265835373486]}
2020-02-08_11:58:16.657[Status]Routing 105: Walk: 99
2020-02-08_11:58:16.757[Battery Energy]79.94
2020-02-08_11:58:16.757[Status]Routing Start.
2020-02-08_11:58:17.110[Status]{'id': 11, 'coordinate': [983.731073772024, 691.2064796428396]}
2020-02-08_11:58:17.111[Status]Routing 106: Walk: 100
2020-02-08_11:58:17.218[Battery Energy]79.63
2020-02-08_11:58:17.218[Status]Routing Start.
2020-02-08_11:58:17.508[Status]{'id': 11, 'coordinate': [993.2767649047016, 694.1863757483305]}
2020-02-08_11:58:17.508[Status]Routing 107: Walk: 101
2020-02-08_11:58:17.622[Battery Energy]79.35
2020-02-08_11:58:17.622[Status]Routing Start.
2020-02-08_11:58:17.903[Status]{'id': 11, 'coordinate': [1002.8224560373792, 697.1662718538215]}
2020-02-08_11:58:17.903[Status]Routing 108: Walk: 102
2020-02-08_11:58:18.008[Battery Energy]79.07
2020-02-08_11:58:18.008[Status]Routing Start.
2020-02-08_11:58:18.170[Status]{'id': 11, 'coordinate': [1012.3681471700568, 700.1461679593125]}
2020-02-08_11:58:18.170[Status]Routing 109: Walk: 103
2020-02-08_11:58:18.282[Battery Energy]78.87
2020-02-08_11:58:18.282[Status]Routing Start.
2020-02-08_11:58:18.595[Status]{'id': 11, 'coordinate': [1021.9138383027343, 703.1260640648035]}
2020-02-08_11:58:18.596[Status]Routing 110: Walk: 104
2020-02-08_11:58:18.697[Battery Energy]78.56
2020-02-08_11:58:18.697[Status]Routing Start.
2020-02-08_11:58:19.013[Status]{'id': 11, 'coordinate': [1031.459529435412, 706.1059601702945]}
2020-02-08_11:58:19.013[Status]Routing 111: Walk: 105
2020-02-08_11:58:19.126[Battery Energy]78.27
2020-02-08_11:58:19.126[Status]Routing Start.
2020-02-08_11:58:19.374[Status]{'id': 11, 'coordinate': [1041.0052205680895, 709.0858562757854]}
2020-02-08_11:58:19.374[Status]Routing 112: Walk: 106
2020-02-08_11:58:19.474[Battery Energy]78.01
2020-02-08_11:58:19.474[Status]Routing Start.
2020-02-08_11:58:19.693[Status]{'id': 11, 'coordinate': [1050.550911700767, 712.0657523812764]}
2020-02-08_11:58:19.693[Status]Routing 113: Walk: 107
2020-02-08_11:58:19.802[Battery Energy]77.74
2020-02-08_11:58:19.802[Status]Routing Start.
2020-02-08_11:58:19.948[Status]{'id': 11, 'coordinate': [1060.0966028334446, 715.0456484867674]}
2020-02-08_11:58:19.948[Status]Routing 114: Walk: 108
2020-02-08_11:58:20.048[Battery Energy]77.54
2020-02-08_11:58:20.048[Status]Routing Start.
2020-02-08_11:58:20.377[Status]{'id': 11, 'coordinate': [1069.6422939661222, 718.0255445922584]}
2020-02-08_11:58:20.378[Status]Routing 115: Walk: 109
2020-02-08_11:58:20.478[Battery Energy]77.22
2020-02-08_11:58:20.478[Status]Routing Start.
2020-02-08_11:58:20.770[Status]{'id': 11, 'coordinate': [1079.1879850987998, 721.0054406977493]}
2020-02-08_11:58:20.770[Status]Routing 116: Walk: 110
2020-02-08_11:58:20.886[Battery Energy]76.91
2020-02-08_11:58:20.886[Status]Routing Start.
2020-02-08_11:58:21.164[Status]{'id': 11, 'coordinate': [1088.7336762314774, 723.9853368032403]}
2020-02-08_11:58:21.164[Status]Routing 117: Walk: 111
2020-02-08_11:58:21.270[Battery Energy]76.61
2020-02-08_11:58:21.270[Status]Routing Start.
2020-02-08_11:58:21.512[Status]{'id': 11, 'coordinate': [1098.279367364155, 726.9652329087313]}
2020-02-08_11:58:21.512[Status]Routing 118: Walk: 112
2020-02-08_11:58:21.613[Battery Energy]76.35
2020-02-08_11:58:21.613[Status]Routing Start.
2020-02-08_11:58:21.778[Status]{'id': 11, 'coordinate': [1107.8250584968325, 729.9451290142224]}
2020-02-08_11:58:21.779[Status]Routing 119: Walk: 113
2020-02-08_11:58:21.880[Battery Energy]76.12
2020-02-08_11:58:21.880[Status]Routing Start.
2020-02-08_11:58:22.152[Status]{'id': 11, 'coordinate': [1117.37074962951, 732.9250251197134]}
2020-02-08_11:58:22.152[Status]Routing 120: Walk: 114
2020-02-08_11:58:22.257[Battery Energy]75.86
2020-02-08_11:58:22.257[Status]Routing Start.
2020-02-08_11:58:22.401[Status]{'id': 11, 'coordinate': [1126.9164407621877, 735.9049212252045]}
2020-02-08_11:58:22.401[Status]Routing 121: Walk: 115
2020-02-08_11:58:22.502[Battery Energy]75.67
2020-02-08_11:58:22.502[Status]Routing Start.
2020-02-08_11:58:22.870[Status]{'id': 11, 'coordinate': [1136.4621318948653, 738.8848173306955]}
2020-02-08_11:58:22.870[Status]Routing 122: Walk: 116
2020-02-08_11:58:22.971[Battery Energy]75.32
2020-02-08_11:58:22.971[Status]Routing Start.
2020-02-08_11:58:23.266[Status]{'id': 11, 'coordinate': [1146.0078230275428, 741.8647134361865]}
2020-02-08_11:58:23.266[Status]Routing 123: Walk: 117
2020-02-08_11:58:23.366[Battery Energy]75.04
2020-02-08_11:58:23.366[Status]Routing Start.
2020-02-08_11:58:23.616[Status]{'id': 11, 'coordinate': [1155.5535141602204, 744.8446095416775]}
2020-02-08_11:58:23.616[Status]Routing 124: Walk: 118
2020-02-08_11:58:23.722[Battery Energy]74.79
2020-02-08_11:58:23.722[Status]Routing Start.
2020-02-08_11:58:24.065[Status]{'id': 11, 'coordinate': [1165.099205292898, 747.8245056471686]}
2020-02-08_11:58:24.065[Status]Routing 125: Walk: 119
2020-02-08_11:58:24.174[Battery Energy]74.43
2020-02-08_11:58:24.174[Status]Routing Start.
2020-02-08_11:58:24.489[Status]{'id': 11, 'coordinate': [1174.6448964255756, 750.8044017526596]}
2020-02-08_11:58:24.489[Status]Routing 126: Walk: 120
2020-02-08_11:58:24.602[Battery Energy]74.07
2020-02-08_11:58:24.602[Status]Routing Start.
2020-02-08_11:58:24.739[Status]{'id': 11, 'coordinate': [1184.1905875582531, 753.7842978581507]}
2020-02-08_11:58:24.739[Status]Routing 127: Walk: 121
2020-02-08_11:58:24.846[Battery Energy]73.86
2020-02-08_11:58:24.846[Status]Routing Start.
2020-02-08_11:58:25.202[Status]{'id': 11, 'coordinate': [1193.7362786909307, 756.7641939636417]}
2020-02-08_11:58:25.202[Status]Routing 128: Walk: 122
2020-02-08_11:58:25.310[Battery Energy]73.51
2020-02-08_11:58:25.310[Status]Routing Start.
2020-02-08_11:58:25.623[Status]{'id': 11, 'coordinate': [1203.2819698236083, 759.7440900691328]}
2020-02-08_11:58:25.623[Status]Routing 129: Walk: 123
2020-02-08_11:58:25.723[Battery Energy]73.18
2020-02-08_11:58:25.723[Status]Routing Start.
2020-02-08_11:58:25.883[Status]{'id': 11, 'coordinate': [1212.8276609562859, 762.7239861746237]}
2020-02-08_11:58:25.883[Status]Routing 130: Walk: 124
2020-02-08_11:58:25.994[Battery Energy]72.98
2020-02-08_11:58:25.994[Status]Routing Start.
2020-02-08_11:58:26.331[Status]{'id': 11, 'coordinate': [1222.3733520889634, 765.7038822801148]}
2020-02-08_11:58:26.332[Status]Routing 131: Walk: 125
2020-02-08_11:58:26.437[Battery Energy]72.64
2020-02-08_11:58:26.437[Status]Routing Start.
2020-02-08_11:58:26.570[Status]{'id': 11, 'coordinate': [1231.919043221641, 768.6837783856058]}
2020-02-08_11:58:26.571[Status]Routing 132: Walk: 126
2020-02-08_11:58:26.678[Battery Energy]72.45
2020-02-08_11:58:26.678[Status]Routing Start.
2020-02-08_11:58:26.829[Status]{'id': 11, 'coordinate': [1241.4647343543186, 771.6636744910969]}
2020-02-08_11:58:26.829[Status]Routing 133: Walk: 127
2020-02-08_11:58:26.942[Battery Energy]72.22
2020-02-08_11:58:26.942[Status]Routing Start.
2020-02-08_11:58:27.063[Status]{'id': 11, 'coordinate': [1251.0104254869962, 774.6435705965879]}
2020-02-08_11:58:27.063[Status]Routing 134: Walk: 128
2020-02-08_11:58:27.182[Battery Energy]72.03
2020-02-08_11:58:27.182[Status]Routing Start.
2020-02-08_11:58:27.310[Status]{'id': 11, 'coordinate': [1260.5561166196737, 777.623466702079]}
2020-02-08_11:58:27.311[Status]Routing 135: Walk: 129
2020-02-08_11:58:27.418[Battery Energy]71.84
2020-02-08_11:58:27.418[Status]Routing Start.
2020-02-08_11:58:27.418[Status]Task Finished.
2020-02-08_11:58:27.518[Battery Energy]71.84
2020-02-08_11:58:27.662[Status]Routing 137: Walk: 129
2020-02-08_11:58:27.774[Battery Energy]71.70
2020-02-08_11:58:27.908[Status]Routing 138: Walk: 129
2020-02-08_11:58:28.022[Battery Energy]71.61
2020-02-08_11:58:28.192[Status]Routing 139: Walk: 129
2020-02-08_11:58:28.308[Battery Energy]71.50
2020-02-08_11:58:28.429[Status]Routing 140: Walk: 129
2020-02-08_11:58:28.542[Battery Energy]71.40
2020-02-08_11:58:28.679[Status]Routing 141: Walk: 129
2020-02-08_11:58:28.780[Battery Energy]71.29
2020-02-08_11:58:28.929[Status]Routing 142: Walk: 129
2020-02-08_11:58:29.034[Battery Energy]71.16
2020-02-08_11:58:29.273[Status]Routing 143: Walk: 129
2020-02-08_11:58:29.386[Battery Energy]71.02
2020-02-08_11:58:29.557[Status]Routing 144: Walk: 129
2020-02-08_11:58:29.657[Battery Energy]70.91
2020-02-08_11:58:29.830[Status]Routing 145: Walk: 129
2020-02-08_11:58:29.942[Battery Energy]70.81
2020-02-08_11:58:30.093[Status]Routing 146: Walk: 129
2020-02-08_11:58:30.205[Battery Energy]70.72
2020-02-08_11:58:30.372[Status]Routing 147: Walk: 129
2020-02-08_11:58:30.486[Battery Energy]70.62
2020-02-08_11:58:30.610[Status]Routing 148: Walk: 129
2020-02-08_11:58:30.711[Battery Energy]70.53
2020-02-08_11:58:30.980[Status]Routing 149: Walk: 129
2020-02-08_11:58:31.080[Battery Energy]70.34
2020-02-08_11:58:31.229[Status]Routing 150: Walk: 129
2020-02-08_11:58:31.340[Battery Energy]70.22
2020-02-08_11:58:31.546[Status]Routing 151: Walk: 129
2020-02-08_11:58:31.646[Battery Energy]70.09
2020-02-08_11:58:31.788[Status]Routing 152: Walk: 129
2020-02-08_11:58:31.917[Battery Energy]69.99
2020-02-08_11:58:32.052[Status]Routing 153: Walk: 129
2020-02-08_11:58:32.152[Battery Energy]69.90
2020-02-08_11:58:32.292[Status]Routing 154: Walk: 129
2020-02-08_11:58:32.393[Battery Energy]69.79
2020-02-08_11:58:32.546[Status]Routing 155: Walk: 129
2020-02-08_11:58:32.666[Battery Energy]69.69
2020-02-08_11:58:32.803[Status]Routing 156: Walk: 129
2020-02-08_11:58:32.913[Battery Energy]69.58
2020-02-08_11:58:33.084[Status]Routing 157: Walk: 129
2020-02-08_11:58:33.184[Battery Energy]69.45
2020-02-08_11:58:33.327[Status]Routing 158: Walk: 129
2020-02-08_11:58:33.433[Battery Energy]69.33
2020-02-08_11:58:33.565[Status]Routing 159: Walk: 129
2020-02-08_11:58:33.665[Battery Energy]69.22
2020-02-08_11:58:33.837[Status]Routing 160: Walk: 129
2020-02-08_11:58:33.942[Battery Energy]69.11
2020-02-08_11:58:34.076[Status]Routing 161: Walk: 129
2020-02-08_11:58:34.178[Battery Energy]69.02
2020-02-08_11:58:34.318[Status]Routing 162: Walk: 129
2020-02-08_11:58:34.420[Battery Energy]68.91
2020-02-08_11:58:34.573[Status]Routing 163: Walk: 129
2020-02-08_11:58:34.673[Battery Energy]68.82
2020-02-08_11:58:34.867[Status]Routing 164: Walk: 129
2020-02-08_11:58:34.968[Battery Energy]68.68
2020-02-08_11:58:35.147[Status]Routing 165: Walk: 129
2020-02-08_11:58:35.258[Battery Energy]68.54
2020-02-08_11:58:35.406[Status]Routing 166: Walk: 129
2020-02-08_11:58:35.518[Battery Energy]68.43
2020-02-08_11:58:35.713[Status]Routing 167: Walk: 129
2020-02-08_11:58:35.813[Battery Energy]68.32
2020-02-08_11:58:35.967[Status]Routing 168: Walk: 129
2020-02-08_11:58:36.074[Battery Energy]68.21
2020-02-08_11:58:36.222[Status]Routing 169: Walk: 129
2020-02-08_11:58:36.326[Battery Energy]68.08
2020-02-08_11:58:36.471[Status]Routing 170: Walk: 129
2020-02-08_11:58:36.584[Battery Energy]67.95
2020-02-08_11:58:36.739[Status]Routing 171: Walk: 129
2020-02-08_11:58:36.857[Battery Energy]67.87
2020-02-08_11:58:36.994[Status]Routing 172: Walk: 129
2020-02-08_11:58:37.110[Battery Energy]67.76
2020-02-08_11:58:37.275[Status]Routing 173: Walk: 129
2020-02-08_11:58:37.382[Battery Energy]67.64
2020-02-08_11:58:37.509[Status]Routing 174: Walk: 129
2020-02-08_11:58:37.610[Battery Energy]67.52
2020-02-08_11:58:37.744[Status]Routing 175: Walk: 129
2020-02-08_11:58:37.845[Battery Energy]67.41
2020-02-08_11:58:37.978[Status]Routing 176: Walk: 129
2020-02-08_11:58:38.093[Battery Energy]67.33
2020-02-08_11:58:38.235[Status]Routing 177: Walk: 129
2020-02-08_11:58:38.338[Battery Energy]67.22
2020-02-08_11:58:38.500[Status]Routing 178: Walk: 129
2020-02-08_11:58:38.604[Battery Energy]67.10
2020-02-08_11:58:38.745[Status]Routing 179: Walk: 129
2020-02-08_11:58:38.854[Battery Energy]66.97
2020-02-08_11:58:38.992[Status]Routing 180: Walk: 129
2020-02-08_11:58:39.109[Battery Energy]66.86
2020-02-08_11:58:39.254[Status]Routing 181: Walk: 129
2020-02-08_11:58:39.354[Battery Energy]66.76
2020-02-08_11:58:39.508[Status]Routing 182: Walk: 129
2020-02-08_11:58:39.614[Battery Energy]66.65
2020-02-08_11:58:39.778[Status]Routing 183: Walk: 129
2020-02-08_11:58:39.881[Battery Energy]66.56
2020-02-08_11:58:40.044[Status]Routing 184: Walk: 129
2020-02-08_11:58:40.160[Battery Energy]66.44
2020-02-08_11:58:40.275[Status]Routing 185: Walk: 129
2020-02-08_11:58:40.389[Battery Energy]66.35
2020-02-08_11:58:40.542[Status]Routing 186: Walk: 129
2020-02-08_11:58:40.658[Battery Energy]66.22
2020-02-08_11:58:40.800[Status]Routing 187: Walk: 129
2020-02-08_11:58:40.906[Battery Energy]66.12
2020-02-08_11:58:41.044[Status]Routing 188: Walk: 129
2020-02-08_11:58:41.158[Battery Energy]66.02
2020-02-08_11:58:41.308[Status]Routing 189: Walk: 129
2020-02-08_11:58:41.418[Battery Energy]65.92
2020-02-08_11:58:41.538[Status]Routing 190: Walk: 129
2020-02-08_11:58:41.641[Battery Energy]65.80
2020-02-08_11:58:41.817[Status]Routing 191: Walk: 129
2020-02-08_11:58:41.917[Battery Energy]65.68
2020-02-08_11:58:42.102[Status]Routing 192: Walk: 129
2020-02-08_11:58:42.202[Battery Energy]65.55
2020-02-08_11:58:42.374[Status]Routing 193: Walk: 129
2020-02-08_11:58:42.474[Battery Energy]65.41
2020-02-08_11:58:42.631[Status]Routing 194: Walk: 129
2020-02-08_11:58:42.742[Battery Energy]65.31
2020-02-08_11:58:42.899[Status]Routing 195: Walk: 129
2020-02-08_11:58:43.009[Battery Energy]65.17
2020-02-08_11:58:43.172[Status]Routing 196: Walk: 129
2020-02-08_11:58:43.282[Battery Energy]65.05
2020-02-08_11:58:43.397[Status]Routing 197: Walk: 129
2020-02-08_11:58:43.497[Battery Energy]64.95
2020-02-08_11:58:43.661[Status]Routing 198: Walk: 129
2020-02-08_11:58:43.766[Battery Energy]64.80
2020-02-08_11:58:43.896[Status]Routing 199: Walk: 129
2020-02-08_11:58:44.010[Battery Energy]64.69
2020-02-08_11:58:44.141[Status]Routing 200: Walk: 129
2020-02-08_11:58:44.245[Battery Energy]64.59
2020-02-08_11:58:44.412[Status]Routing 201: Walk: 129
2020-02-08_11:58:44.512[Battery Energy]64.47
2020-02-08_11:58:44.649[Status]Routing 202: Walk: 129
2020-02-08_11:58:44.754[Battery Energy]64.35
2020-02-08_11:58:44.900[Status]Routing 203: Walk: 129
2020-02-08_11:58:45.001[Battery Energy]64.24
2020-02-08_11:58:45.147[Status]Routing 204: Walk: 129
2020-02-08_11:58:45.254[Battery Energy]64.14
2020-02-08_11:58:45.394[Status]Routing 205: Walk: 129
2020-02-08_11:58:45.494[Battery Energy]64.01
2020-02-08_11:58:45.677[Status]Routing 206: Walk: 129
2020-02-08_11:58:45.777[Battery Energy]63.86
2020-02-08_11:58:45.972[Status]Routing 207: Walk: 129
2020-02-08_11:58:46.082[Battery Energy]63.72
2020-02-08_11:58:46.220[Status]Routing 208: Walk: 129
2020-02-08_11:58:46.326[Battery Energy]63.62
2020-02-08_11:58:46.460[Status]Routing 209: Walk: 129
2020-02-08_11:58:46.574[Battery Energy]63.52
2020-02-08_11:58:46.760[Status]Routing 210: Walk: 129
2020-02-08_11:58:46.870[Battery Energy]63.38
2020-02-08_11:58:46.999[Status]Routing 211: Walk: 129
2020-02-08_11:58:47.109[Battery Energy]63.29
2020-02-08_11:58:47.257[Status]Routing 212: Walk: 129
2020-02-08_11:58:47.372[Battery Energy]63.18
2020-02-08_11:58:47.525[Status]Routing 213: Walk: 129
2020-02-08_11:58:47.626[Battery Energy]63.11
2020-02-08_11:58:47.818[Status]Routing 214: Walk: 129
2020-02-08_11:58:47.922[Battery Energy]63.00
2020-02-08_11:58:48.081[Status]Routing 215: Walk: 129
2020-02-08_11:58:48.190[Battery Energy]62.89
