2020-02-08_11:57:27.223[Status]Start.
2020-02-08_11:57:27.224[Battery Energy]112.00
2020-02-08_11:57:28.325[Battery Energy]111.96
2020-02-08_11:57:29.426[Battery Energy]111.92
2020-02-08_11:57:30.529[Battery Energy]111.88
2020-02-08_11:57:31.630[Battery Energy]111.84
2020-02-08_11:57:32.731[Task]A New Task Released.
2020-02-08_11:57:32.731[Battery Energy]111.80
2020-02-08_11:57:32.731[Status]Selection Start.
2020-02-08_11:57:37.519[Status]Selection End: Do Task 0.
2020-02-08_11:57:37.619[Battery Energy]108.38
2020-02-08_11:57:37.619[Status]Formation Start.
2020-02-08_11:57:37.788[Status]number of tasks is 7
2020-02-08_11:57:37.792[Status]my group tasks is [ 525.  475.]
2020-02-08_11:57:37.795[Status]my group tasks is [ 449.69796037  631.36629649]
2020-02-08_11:57:37.797[Status]my group tasks is [ 280.49581321  669.98558244]
2020-02-08_11:57:37.809[Status]my group tasks is [ 144.80622642  561.77674782]
2020-02-08_11:57:37.814[Status]my group tasks is [ 144.80622642  388.22325218]
2020-02-08_11:57:37.828[Status]my group tasks is [ 280.49581321  280.01441756]
2020-02-08_11:57:37.832[Status]my group tasks is [ 449.69796037  318.63370351]
2020-02-08_11:57:37.866[Status]mygroup_robots_utility is {1: [32.34270563257427, 33.015447405333305, 36.41183291399482, 37.76677699745089, 43.21931157034518, 44.911432074896304, 31.224083421741376], 2: [33.578883331079304, 34.777275466672336, 35.08180709733934, 38.70376869291566, 39.3166064929303, 90.62852086462907, 46.21056593511067], 3: [36.241101572692, 86.32551689736214, 31.79644913093721, 36.28951599327828, 43.10702925605191, 30.335610740626677, 31.82063023331188], 4: [32.75811286405169, 33.75912853365558, 39.90052519340955, 60.242023534647004, 76.66656014195594, 30.451029072349435, 44.482232719450714], 5: [65.23329504061428, 34.24748648342535, 39.42575616318219, 72.27005166467508, 42.527489452626114, 93.58940092670363, 31.995810039765892], 6: [67.66432306200323, 37.563839888011174, 26.87879849395251, 27.766668004073203, 28.93479770700928, 78.9564904347584, 31.587917910348555], 7: [32.819154274475785, 32.13595375241445, 36.38948017615555, 46.830533103974645, 68.62547615919549, 42.82618475323189, 78.81070420220388]}
2020-02-08_11:57:37.867[Status]self.local_queue is [1, 2, 4, 3, 5, 6, 7]
2020-02-08_11:57:37.867[Status]task_chosen index is 5
2020-02-08_11:57:37.867[Status]task_chosen index is 6
2020-02-08_11:57:37.867[Status]task_chosen index is 4
2020-02-08_11:57:37.867[Status]task_chosen index is 1
2020-02-08_11:57:37.867[Status]task_chosen index is 3
2020-02-08_11:57:37.869[Status]task_chosen index is 0
2020-02-08_11:57:37.869[Status]task_chosen index is 2
2020-02-08_11:57:37.869[Status]myindex_in_queue is 2
2020-02-08_11:57:37.869[Status]task destination is [280.4958132087371, 669.9855824363647]
2020-02-08_11:57:37.969[Battery Energy]108.22
2020-02-08_11:57:37.969[Status]Routing Start.
2020-02-08_11:57:38.170[Status]{'coordinate': [141.58821284619899, 628.8401011277743], 'id': 7}
2020-02-08_11:57:38.174[Status]Routing 1: Walk: 1
2020-02-08_11:57:38.276[Battery Energy]107.97
2020-02-08_11:57:38.276[Status]Routing Start.
2020-02-08_11:57:38.451[Status]{'coordinate': [151.17642569239797, 631.6802022555487], 'id': 7}
2020-02-08_11:57:38.451[Status]Routing 2: Walk: 2
2020-02-08_11:57:38.554[Battery Energy]107.76
2020-02-08_11:57:38.554[Status]Routing Start.
2020-02-08_11:57:38.749[Status]{'coordinate': [160.76463853859696, 634.520303383323], 'id': 7}
2020-02-08_11:57:38.750[Status]Routing 3: Walk: 3
2020-02-08_11:57:38.860[Battery Energy]107.52
2020-02-08_11:57:38.860[Status]Routing Start.
2020-02-08_11:57:39.012[Status]{'coordinate': [170.35285138479594, 637.3604045110973], 'id': 7}
2020-02-08_11:57:39.012[Status]Routing 4: Walk: 4
2020-02-08_11:57:39.112[Battery Energy]107.34
2020-02-08_11:57:39.112[Status]Routing Start.
2020-02-08_11:57:39.280[Status]{'coordinate': [179.94106423099493, 640.2005056388716], 'id': 7}
2020-02-08_11:57:39.280[Status]Routing 5: Walk: 5
2020-02-08_11:57:39.390[Battery Energy]107.12
2020-02-08_11:57:39.390[Status]Routing Start.
2020-02-08_11:57:39.518[Status]{'coordinate': [189.5292770771939, 643.0406067666459], 'id': 7}
2020-02-08_11:57:39.518[Status]Routing 6: Walk: 6
2020-02-08_11:57:39.623[Battery Energy]106.90
2020-02-08_11:57:39.623[Status]Routing Start.
2020-02-08_11:57:39.927[Status]{'coordinate': [199.1174899233929, 645.8807078944202], 'id': 7}
2020-02-08_11:57:39.927[Status]Routing 7: Walk: 7
2020-02-08_11:57:40.034[Battery Energy]106.64
2020-02-08_11:57:40.037[Status]Routing Start.
2020-02-08_11:57:40.370[Status]{'coordinate': [208.70570276959188, 648.7208090221945], 'id': 7}
2020-02-08_11:57:40.370[Status]Routing 8: Walk: 8
2020-02-08_11:57:40.482[Battery Energy]106.33
2020-02-08_11:57:40.482[Status]Routing Start.
2020-02-08_11:57:40.804[Status]{'coordinate': [218.29391561579087, 651.5609101499688], 'id': 7}
2020-02-08_11:57:40.806[Status]Routing 9: Walk: 9
2020-02-08_11:57:40.914[Battery Energy]106.03
2020-02-08_11:57:40.914[Status]Routing Start.
2020-02-08_11:57:41.223[Status]{'coordinate': [227.88212846198985, 654.401011277743], 'id': 7}
2020-02-08_11:57:41.223[Status]Routing 10: Walk: 10
2020-02-08_11:57:41.324[Battery Energy]105.74
2020-02-08_11:57:41.324[Status]Routing Start.
2020-02-08_11:57:41.614[Status]{'coordinate': [237.47034130818884, 657.2411124055174], 'id': 7}
2020-02-08_11:57:41.614[Status]Routing 11: Walk: 11
2020-02-08_11:57:41.715[Battery Energy]105.47
2020-02-08_11:57:41.715[Status]Routing Start.
2020-02-08_11:57:42.187[Status]Routing 12: Walk: 11
2020-02-08_11:57:42.288[Battery Energy]105.05
2020-02-08_11:57:42.288[Status]Routing Start.
2020-02-08_11:57:42.610[Status]Routing 13: Walk: 11
2020-02-08_11:57:42.722[Battery Energy]104.79
2020-02-08_11:57:42.722[Status]Routing Start.
2020-02-08_11:57:43.029[Status]Routing 14: Walk: 11
2020-02-08_11:57:43.129[Battery Energy]104.51
2020-02-08_11:57:43.129[Status]Routing Start.
2020-02-08_11:57:43.277[Status]{'coordinate': [247.05855415438782, 660.0812135332916], 'id': 7}
2020-02-08_11:57:43.277[Status]Routing 15: Walk: 12
2020-02-08_11:57:43.387[Battery Energy]104.29
2020-02-08_11:57:43.387[Status]Routing Start.
2020-02-08_11:57:43.731[Status]{'coordinate': [256.6467670005868, 662.9213146610659], 'id': 7}
2020-02-08_11:57:43.731[Status]Routing 16: Walk: 13
2020-02-08_11:57:43.834[Battery Energy]103.99
2020-02-08_11:57:43.834[Status]Routing Start.
2020-02-08_11:57:44.164[Status]{'coordinate': [266.2349798467858, 665.7614157888402], 'id': 7}
2020-02-08_11:57:44.164[Status]Routing 17: Walk: 14
2020-02-08_11:57:44.270[Battery Energy]103.65
2020-02-08_11:57:44.270[Status]Routing Start.
2020-02-08_11:57:44.765[Status]Routing 18: Walk: 14
2020-02-08_11:57:44.865[Battery Energy]103.26
2020-02-08_11:57:44.865[Status]Routing Start.
2020-02-08_11:57:45.269[Status]Routing 19: Walk: 14
2020-02-08_11:57:45.370[Battery Energy]102.88
2020-02-08_11:57:45.370[Status]Routing Start.
2020-02-08_11:57:45.673[Status]Routing 20: Walk: 14
2020-02-08_11:57:45.780[Battery Energy]102.60
2020-02-08_11:57:45.780[Status]Routing Start.
2020-02-08_11:57:46.096[Status]Routing 21: Walk: 14
2020-02-08_11:57:46.196[Battery Energy]102.32
2020-02-08_11:57:46.196[Status]Routing Start.
2020-02-08_11:57:46.340[Status]{'coordinate': [275.8231926929848, 668.6015169166145], 'id': 7}
2020-02-08_11:57:46.342[Status]Routing 22: Walk: 15
2020-02-08_11:57:46.450[Battery Energy]102.13
2020-02-08_11:57:46.450[Status]Routing Start.
2020-02-08_11:57:46.450[Status]Task Finished.
2020-02-08_11:57:46.550[Battery Energy]102.13
2020-02-08_11:57:46.760[Status]Routing 24: Walk: 15
2020-02-08_11:57:46.862[Battery Energy]101.98
2020-02-08_11:57:47.368[Status]Routing 25: Walk: 15
2020-02-08_11:57:47.468[Battery Energy]101.54
2020-02-08_11:57:47.810[Status]Routing 26: Walk: 15
2020-02-08_11:57:47.910[Battery Energy]101.25
2020-02-08_11:57:48.114[Status]Routing 27: Walk: 15
2020-02-08_11:57:48.217[Battery Energy]101.09
2020-02-08_11:57:48.691[Status]Routing 28: Walk: 15
2020-02-08_11:57:48.793[Battery Energy]100.70
2020-02-08_11:57:48.959[Status]Routing 29: Walk: 15
2020-02-08_11:57:49.062[Battery Energy]100.57
2020-02-08_11:57:49.400[Status]Routing 30: Walk: 15
2020-02-08_11:57:49.510[Battery Energy]100.34
2020-02-08_11:57:49.825[Status]Routing 31: Walk: 15
2020-02-08_11:57:49.934[Battery Energy]100.16
2020-02-08_11:57:50.303[Status]Routing 32: Walk: 15
2020-02-08_11:57:50.403[Battery Energy]99.91
2020-02-08_11:57:50.695[Status]Routing 33: Walk: 15
2020-02-08_11:57:50.802[Battery Energy]99.71
2020-02-08_11:57:51.129[Status]Routing 34: Walk: 15
2020-02-08_11:57:51.230[Battery Energy]99.48
2020-02-08_11:57:51.595[Status]Routing 35: Walk: 15
2020-02-08_11:57:51.696[Battery Energy]99.21
2020-02-08_11:57:52.045[Status]Routing 36: Walk: 15
2020-02-08_11:57:52.150[Battery Energy]98.97
2020-02-08_11:57:52.484[Status]Routing 37: Walk: 15
2020-02-08_11:57:52.598[Battery Energy]98.76
2020-02-08_11:57:53.008[Status]Routing 38: Walk: 15
2020-02-08_11:57:53.122[Battery Energy]98.47
2020-02-08_11:57:53.271[Status]Routing 39: Walk: 15
2020-02-08_11:57:53.378[Battery Energy]98.35
2020-02-08_11:57:53.552[Status]Routing 40: Walk: 15
2020-02-08_11:57:53.653[Battery Energy]98.27
2020-02-08_11:57:53.792[Status]Routing 41: Walk: 15
2020-02-08_11:57:53.902[Battery Energy]98.14
2020-02-08_11:57:54.027[Status]Routing 42: Walk: 15
2020-02-08_11:57:54.137[Battery Energy]98.04
2020-02-08_11:57:54.431[Status]Routing 43: Walk: 15
2020-02-08_11:57:54.538[Battery Energy]97.85
2020-02-08_11:57:54.744[Status]Routing 44: Walk: 15
2020-02-08_11:57:54.845[Battery Energy]97.70
2020-02-08_11:57:55.186[Status]Routing 45: Walk: 15
2020-02-08_11:57:55.287[Battery Energy]97.50
2020-02-08_11:57:55.444[Status]Routing 46: Walk: 15
2020-02-08_11:57:55.550[Battery Energy]97.39
2020-02-08_11:57:55.825[Status]Routing 47: Walk: 15
2020-02-08_11:57:55.934[Battery Energy]97.22
2020-02-08_11:57:56.249[Status]Routing 48: Walk: 15
2020-02-08_11:57:56.352[Battery Energy]97.01
2020-02-08_11:57:56.710[Status]Routing 49: Walk: 15
2020-02-08_11:57:56.820[Battery Energy]96.77
2020-02-08_11:57:57.115[Status]Routing 50: Walk: 15
2020-02-08_11:57:57.226[Battery Energy]96.61
2020-02-08_11:57:57.404[Status]Routing 51: Walk: 15
2020-02-08_11:57:57.504[Battery Energy]96.46
2020-02-08_11:57:57.796[Status]Routing 52: Walk: 15
2020-02-08_11:57:57.897[Battery Energy]96.25
2020-02-08_11:57:58.209[Status]Routing 53: Walk: 15
2020-02-08_11:57:58.313[Battery Energy]96.03
2020-02-08_11:57:58.641[Status]Routing 54: Walk: 15
2020-02-08_11:57:58.746[Battery Energy]95.84
2020-02-08_11:57:59.044[Status]Routing 55: Walk: 15
2020-02-08_11:57:59.153[Battery Energy]95.63
2020-02-08_11:57:59.312[Status]Routing 56: Walk: 15
2020-02-08_11:57:59.416[Battery Energy]95.51
2020-02-08_11:57:59.704[Status]Routing 57: Walk: 15
2020-02-08_11:57:59.815[Battery Energy]95.31
2020-02-08_11:57:59.980[Status]Routing 58: Walk: 15
2020-02-08_11:58:00.085[Battery Energy]95.20
2020-02-08_11:58:00.418[Status]Routing 59: Walk: 15
2020-02-08_11:58:00.523[Battery Energy]94.97
2020-02-08_11:58:00.662[Status]Routing 60: Walk: 15
2020-02-08_11:58:00.762[Battery Energy]94.85
2020-02-08_11:58:01.069[Status]Routing 61: Walk: 15
2020-02-08_11:58:01.178[Battery Energy]94.62
2020-02-08_11:58:01.326[Status]Routing 62: Walk: 15
2020-02-08_11:58:01.427[Battery Energy]94.50
2020-02-08_11:58:01.769[Status]Routing 63: Walk: 15
2020-02-08_11:58:01.871[Battery Energy]94.31
2020-02-08_11:58:02.010[Status]Routing 64: Walk: 15
2020-02-08_11:58:02.111[Battery Energy]94.20
2020-02-08_11:58:02.462[Status]Routing 65: Walk: 15
2020-02-08_11:58:02.562[Battery Energy]93.95
2020-02-08_11:58:02.893[Status]Routing 66: Walk: 15
2020-02-08_11:58:03.006[Battery Energy]93.72
2020-02-08_11:58:03.312[Status]Routing 67: Walk: 15
2020-02-08_11:58:03.418[Battery Energy]93.50
2020-02-08_11:58:03.767[Status]Routing 68: Walk: 15
2020-02-08_11:58:03.868[Battery Energy]93.29
2020-02-08_11:58:04.216[Status]Routing 69: Walk: 15
2020-02-08_11:58:04.323[Battery Energy]93.10
2020-02-08_11:58:04.621[Status]Routing 70: Walk: 15
2020-02-08_11:58:04.726[Battery Energy]92.90
2020-02-08_11:58:05.144[Status]Routing 71: Walk: 15
2020-02-08_11:58:05.250[Battery Energy]92.62
2020-02-08_11:58:05.410[Status]Routing 72: Walk: 15
2020-02-08_11:58:05.518[Battery Energy]92.50
2020-02-08_11:58:05.644[Status]Routing 73: Walk: 15
2020-02-08_11:58:05.744[Battery Energy]92.42
2020-02-08_11:58:05.962[Status]Routing 74: Walk: 15
2020-02-08_11:58:06.073[Battery Energy]92.28
2020-02-08_11:58:06.233[Status]Routing 75: Walk: 15
2020-02-08_11:58:06.350[Battery Energy]92.17
2020-02-08_11:58:06.490[Status]Routing 76: Walk: 15
2020-02-08_11:58:06.591[Battery Energy]92.06
2020-02-08_11:58:06.747[Status]Routing 77: Walk: 15
2020-02-08_11:58:06.847[Battery Energy]91.96
2020-02-08_11:58:07.001[Status]Routing 78: Walk: 15
2020-02-08_11:58:07.102[Battery Energy]91.84
2020-02-08_11:58:07.244[Status]Routing 79: Walk: 15
2020-02-08_11:58:07.350[Battery Energy]91.72
2020-02-08_11:58:07.482[Status]Routing 80: Walk: 15
2020-02-08_11:58:07.598[Battery Energy]91.59
2020-02-08_11:58:07.737[Status]Routing 81: Walk: 15
2020-02-08_11:58:07.842[Battery Energy]91.49
2020-02-08_11:58:07.994[Status]Routing 82: Walk: 15
2020-02-08_11:58:08.110[Battery Energy]91.38
2020-02-08_11:58:08.244[Status]Routing 83: Walk: 15
2020-02-08_11:58:08.344[Battery Energy]91.29
2020-02-08_11:58:08.486[Status]Routing 84: Walk: 15
2020-02-08_11:58:08.602[Battery Energy]91.17
2020-02-08_11:58:08.898[Status]Routing 85: Walk: 15
2020-02-08_11:58:08.998[Battery Energy]90.96
2020-02-08_11:58:09.348[Status]Routing 86: Walk: 15
2020-02-08_11:58:09.448[Battery Energy]90.71
2020-02-08_11:58:09.629[Status]Routing 87: Walk: 15
2020-02-08_11:58:09.734[Battery Energy]90.61
2020-02-08_11:58:09.912[Status]Routing 88: Walk: 15
2020-02-08_11:58:10.020[Battery Energy]90.46
2020-02-08_11:58:10.352[Status]Routing 89: Walk: 15
2020-02-08_11:58:10.458[Battery Energy]90.27
2020-02-08_11:58:10.824[Status]Routing 90: Walk: 15
2020-02-08_11:58:10.925[Battery Energy]90.01
2020-02-08_11:58:11.221[Status]Routing 91: Walk: 15
2020-02-08_11:58:11.326[Battery Energy]89.80
2020-02-08_11:58:11.690[Status]Routing 92: Walk: 15
2020-02-08_11:58:11.790[Battery Energy]89.52
2020-02-08_11:58:12.085[Status]Routing 93: Walk: 15
2020-02-08_11:58:12.187[Battery Energy]89.32
2020-02-08_11:58:12.330[Status]Routing 94: Walk: 15
2020-02-08_11:58:12.430[Battery Energy]89.20
2020-02-08_11:58:12.612[Status]Routing 95: Walk: 15
2020-02-08_11:58:12.712[Battery Energy]89.06
2020-02-08_11:58:12.866[Status]Routing 96: Walk: 15
2020-02-08_11:58:12.990[Battery Energy]88.96
2020-02-08_11:58:13.152[Status]Routing 97: Walk: 15
2020-02-08_11:58:13.252[Battery Energy]88.85
2020-02-08_11:58:13.409[Status]Routing 98: Walk: 15
2020-02-08_11:58:13.510[Battery Energy]88.73
2020-02-08_11:58:13.764[Status]Routing 99: Walk: 15
2020-02-08_11:58:13.871[Battery Energy]88.58
2020-02-08_11:58:14.179[Status]Routing 100: Walk: 15
2020-02-08_11:58:14.282[Battery Energy]88.36
2020-02-08_11:58:14.646[Status]Routing 101: Walk: 15
2020-02-08_11:58:14.755[Battery Energy]88.13
2020-02-08_11:58:15.056[Status]Routing 102: Walk: 15
2020-02-08_11:58:15.156[Battery Energy]87.92
2020-02-08_11:58:15.500[Status]Routing 103: Walk: 15
2020-02-08_11:58:15.614[Battery Energy]87.71
2020-02-08_11:58:15.945[Status]Routing 104: Walk: 15
2020-02-08_11:58:16.045[Battery Energy]87.51
2020-02-08_11:58:16.355[Status]Routing 105: Walk: 15
2020-02-08_11:58:16.455[Battery Energy]87.33
2020-02-08_11:58:16.648[Status]Routing 106: Walk: 15
2020-02-08_11:58:16.748[Battery Energy]87.21
2020-02-08_11:58:17.106[Status]Routing 107: Walk: 15
2020-02-08_11:58:17.207[Battery Energy]86.97
2020-02-08_11:58:17.505[Status]Routing 108: Walk: 15
2020-02-08_11:58:17.606[Battery Energy]86.75
2020-02-08_11:58:17.899[Status]Routing 109: Walk: 15
2020-02-08_11:58:17.999[Battery Energy]86.52
2020-02-08_11:58:18.167[Status]Routing 110: Walk: 15
2020-02-08_11:58:18.268[Battery Energy]86.40
2020-02-08_11:58:18.604[Status]Routing 111: Walk: 15
2020-02-08_11:58:18.706[Battery Energy]86.18
2020-02-08_11:58:19.012[Status]Routing 112: Walk: 15
2020-02-08_11:58:19.122[Battery Energy]85.95
2020-02-08_11:58:19.373[Status]Routing 113: Walk: 15
2020-02-08_11:58:19.473[Battery Energy]85.78
2020-02-08_11:58:19.690[Status]Routing 114: Walk: 15
2020-02-08_11:58:19.798[Battery Energy]85.62
2020-02-08_11:58:19.940[Status]Routing 115: Walk: 15
2020-02-08_11:58:20.042[Battery Energy]85.50
2020-02-08_11:58:20.378[Status]Routing 116: Walk: 15
2020-02-08_11:58:20.486[Battery Energy]85.28
2020-02-08_11:58:20.771[Status]Routing 117: Walk: 15
2020-02-08_11:58:20.878[Battery Energy]85.05
2020-02-08_11:58:21.163[Status]Routing 118: Walk: 15
2020-02-08_11:58:21.282[Battery Energy]84.87
2020-02-08_11:58:21.504[Status]Routing 119: Walk: 15
2020-02-08_11:58:21.604[Battery Energy]84.69
2020-02-08_11:58:21.784[Status]Routing 120: Walk: 15
2020-02-08_11:58:21.890[Battery Energy]84.55
2020-02-08_11:58:22.154[Status]Routing 121: Walk: 15
2020-02-08_11:58:22.266[Battery Energy]84.36
2020-02-08_11:58:22.397[Status]Routing 122: Walk: 15
2020-02-08_11:58:22.514[Battery Energy]84.26
2020-02-08_11:58:22.852[Status]Routing 123: Walk: 15
2020-02-08_11:58:22.952[Battery Energy]84.04
2020-02-08_11:58:23.264[Status]Routing 124: Walk: 15
2020-02-08_11:58:23.364[Battery Energy]83.83
2020-02-08_11:58:23.627[Status]Routing 125: Walk: 15
2020-02-08_11:58:23.734[Battery Energy]83.66
2020-02-08_11:58:24.068[Status]Routing 126: Walk: 15
2020-02-08_11:58:24.168[Battery Energy]83.46
2020-02-08_11:58:24.487[Status]Routing 127: Walk: 15
2020-02-08_11:58:24.598[Battery Energy]83.25
2020-02-08_11:58:24.741[Status]Routing 128: Walk: 15
2020-02-08_11:58:24.842[Battery Energy]83.13
2020-02-08_11:58:25.211[Status]Routing 129: Walk: 15
2020-02-08_11:58:25.326[Battery Energy]82.85
2020-02-08_11:58:25.627[Status]Routing 130: Walk: 15
2020-02-08_11:58:25.730[Battery Energy]82.63
2020-02-08_11:58:25.872[Status]Routing 131: Walk: 15
2020-02-08_11:58:25.982[Battery Energy]82.50
2020-02-08_11:58:26.333[Status]Routing 132: Walk: 15
2020-02-08_11:58:26.442[Battery Energy]82.24
2020-02-08_11:58:26.569[Status]Routing 133: Walk: 15
2020-02-08_11:58:26.674[Battery Energy]82.14
2020-02-08_11:58:26.828[Status]Routing 134: Walk: 15
2020-02-08_11:58:26.938[Battery Energy]82.01
2020-02-08_11:58:27.060[Status]Routing 135: Walk: 15
2020-02-08_11:58:27.166[Battery Energy]81.89
2020-02-08_11:58:27.312[Status]Routing 136: Walk: 15
2020-02-08_11:58:27.418[Battery Energy]81.80
2020-02-08_11:58:27.661[Status]Routing 137: Walk: 15
2020-02-08_11:58:27.762[Battery Energy]81.63
2020-02-08_11:58:27.914[Status]Routing 138: Walk: 15
2020-02-08_11:58:28.014[Battery Energy]81.53
2020-02-08_11:58:28.195[Status]Routing 139: Walk: 15
2020-02-08_11:58:28.306[Battery Energy]81.37
2020-02-08_11:58:28.430[Status]Routing 140: Walk: 15
2020-02-08_11:58:28.535[Battery Energy]81.27
2020-02-08_11:58:28.677[Status]Routing 141: Walk: 15
2020-02-08_11:58:28.782[Battery Energy]81.17
2020-02-08_11:58:28.930[Status]Routing 142: Walk: 15
2020-02-08_11:58:29.032[Battery Energy]81.08
2020-02-08_11:58:29.269[Status]Routing 143: Walk: 15
2020-02-08_11:58:29.369[Battery Energy]80.92
2020-02-08_11:58:29.562[Status]Routing 144: Walk: 15
2020-02-08_11:58:29.687[Battery Energy]80.77
2020-02-08_11:58:29.823[Status]Routing 145: Walk: 15
2020-02-08_11:58:29.924[Battery Energy]80.68
2020-02-08_11:58:30.094[Status]Routing 146: Walk: 15
2020-02-08_11:58:30.202[Battery Energy]80.55
2020-02-08_11:58:30.375[Status]Routing 147: Walk: 15
2020-02-08_11:58:30.476[Battery Energy]80.39
2020-02-08_11:58:30.614[Status]Routing 148: Walk: 15
2020-02-08_11:58:30.714[Battery Energy]80.28
2020-02-08_11:58:30.985[Status]Routing 149: Walk: 15
2020-02-08_11:58:31.094[Battery Energy]80.10
2020-02-08_11:58:31.226[Status]Routing 150: Walk: 15
2020-02-08_11:58:31.351[Battery Energy]79.98
2020-02-08_11:58:31.547[Status]Routing 151: Walk: 15
2020-02-08_11:58:31.648[Battery Energy]79.85
2020-02-08_11:58:31.786[Status]Routing 152: Walk: 15
2020-02-08_11:58:31.886[Battery Energy]79.75
2020-02-08_11:58:32.047[Status]Routing 153: Walk: 15
2020-02-08_11:58:32.148[Battery Energy]79.64
2020-02-08_11:58:32.298[Status]Routing 154: Walk: 15
2020-02-08_11:58:32.398[Battery Energy]79.54
2020-02-08_11:58:32.543[Status]Routing 155: Walk: 15
2020-02-08_11:58:32.653[Battery Energy]79.42
2020-02-08_11:58:32.790[Status]Routing 156: Walk: 15
2020-02-08_11:58:32.890[Battery Energy]79.32
2020-02-08_11:58:33.081[Status]Routing 157: Walk: 15
2020-02-08_11:58:33.181[Battery Energy]79.18
2020-02-08_11:58:33.330[Status]Routing 158: Walk: 15
2020-02-08_11:58:33.438[Battery Energy]79.08
2020-02-08_11:58:33.560[Status]Routing 159: Walk: 15
2020-02-08_11:58:33.666[Battery Energy]78.99
2020-02-08_11:58:33.833[Status]Routing 160: Walk: 15
2020-02-08_11:58:33.942[Battery Energy]78.87
2020-02-08_11:58:34.080[Status]Routing 161: Walk: 15
2020-02-08_11:58:34.194[Battery Energy]78.75
2020-02-08_11:58:34.322[Status]Routing 162: Walk: 15
2020-02-08_11:58:34.438[Battery Energy]78.65
2020-02-08_11:58:34.577[Status]Routing 163: Walk: 15
2020-02-08_11:58:34.694[Battery Energy]78.53
2020-02-08_11:58:34.871[Status]Routing 164: Walk: 15
2020-02-08_11:58:34.978[Battery Energy]78.41
2020-02-08_11:58:35.143[Status]Routing 165: Walk: 15
2020-02-08_11:58:35.244[Battery Energy]78.28
2020-02-08_11:58:35.406[Status]Routing 166: Walk: 15
2020-02-08_11:58:35.522[Battery Energy]78.18
2020-02-08_11:58:35.705[Status]Routing 167: Walk: 15
2020-02-08_11:58:35.805[Battery Energy]78.05
2020-02-08_11:58:35.968[Status]Routing 168: Walk: 15
2020-02-08_11:58:36.073[Battery Energy]77.95
2020-02-08_11:58:36.219[Status]Routing 169: Walk: 15
2020-02-08_11:58:36.326[Battery Energy]77.83
2020-02-08_11:58:36.456[Status]Routing 170: Walk: 15
2020-02-08_11:58:36.556[Battery Energy]77.75
2020-02-08_11:58:36.738[Status]Routing 171: Walk: 15
2020-02-08_11:58:36.839[Battery Energy]77.60
2020-02-08_11:58:36.996[Status]Routing 172: Walk: 15
2020-02-08_11:58:37.097[Battery Energy]77.50
2020-02-08_11:58:37.281[Status]Routing 173: Walk: 15
2020-02-08_11:58:37.390[Battery Energy]77.39
2020-02-08_11:58:37.509[Status]Routing 174: Walk: 15
2020-02-08_11:58:37.614[Battery Energy]77.28
2020-02-08_11:58:37.749[Status]Routing 175: Walk: 15
2020-02-08_11:58:37.849[Battery Energy]77.18
2020-02-08_11:58:37.981[Status]Routing 176: Walk: 15
2020-02-08_11:58:38.086[Battery Energy]77.09
2020-02-08_11:58:38.236[Status]Routing 177: Walk: 15
2020-02-08_11:58:38.337[Battery Energy]77.00
2020-02-08_11:58:38.515[Status]Routing 178: Walk: 15
2020-02-08_11:58:38.615[Battery Energy]76.88
2020-02-08_11:58:38.743[Status]Routing 179: Walk: 15
2020-02-08_11:58:38.846[Battery Energy]76.78
2020-02-08_11:58:39.000[Status]Routing 180: Walk: 15
2020-02-08_11:58:39.101[Battery Energy]76.67
2020-02-08_11:58:39.259[Status]Routing 181: Walk: 15
2020-02-08_11:58:39.362[Battery Energy]76.55
2020-02-08_11:58:39.507[Status]Routing 182: Walk: 15
2020-02-08_11:58:39.614[Battery Energy]76.43
2020-02-08_11:58:39.784[Status]Routing 183: Walk: 15
2020-02-08_11:58:39.894[Battery Energy]76.29
2020-02-08_11:58:40.038[Status]Routing 184: Walk: 15
2020-02-08_11:58:40.139[Battery Energy]76.17
2020-02-08_11:58:40.271[Status]Routing 185: Walk: 15
2020-02-08_11:58:40.379[Battery Energy]76.07
2020-02-08_11:58:40.530[Status]Routing 186: Walk: 15
2020-02-08_11:58:40.642[Battery Energy]75.93
2020-02-08_11:58:40.783[Status]Routing 187: Walk: 15
2020-02-08_11:58:40.883[Battery Energy]75.85
2020-02-08_11:58:41.039[Status]Routing 188: Walk: 15
2020-02-08_11:58:41.149[Battery Energy]75.74
2020-02-08_11:58:41.300[Status]Routing 189: Walk: 15
2020-02-08_11:58:41.400[Battery Energy]75.62
2020-02-08_11:58:41.543[Status]Routing 190: Walk: 15
2020-02-08_11:58:41.644[Battery Energy]75.50
2020-02-08_11:58:41.813[Status]Routing 191: Walk: 15
2020-02-08_11:58:41.941[Battery Energy]75.39
2020-02-08_11:58:42.101[Status]Routing 192: Walk: 15
2020-02-08_11:58:42.202[Battery Energy]75.27
2020-02-08_11:58:42.371[Status]Routing 193: Walk: 15
2020-02-08_11:58:42.472[Battery Energy]75.12
2020-02-08_11:58:42.627[Status]Routing 194: Walk: 15
2020-02-08_11:58:42.730[Battery Energy]75.01
2020-02-08_11:58:42.906[Status]Routing 195: Walk: 15
2020-02-08_11:58:43.022[Battery Energy]74.89
2020-02-08_11:58:43.168[Status]Routing 196: Walk: 15
2020-02-08_11:58:43.274[Battery Energy]74.78
2020-02-08_11:58:43.395[Status]Routing 197: Walk: 15
2020-02-08_11:58:43.502[Battery Energy]74.68
2020-02-08_11:58:43.656[Status]Routing 198: Walk: 15
2020-02-08_11:58:43.766[Battery Energy]74.56
2020-02-08_11:58:43.894[Status]Routing 199: Walk: 15
2020-02-08_11:58:43.994[Battery Energy]74.46
2020-02-08_11:58:44.152[Status]Routing 200: Walk: 15
2020-02-08_11:58:44.252[Battery Energy]74.34
2020-02-08_11:58:44.415[Status]Routing 201: Walk: 15
2020-02-08_11:58:44.521[Battery Energy]74.21
2020-02-08_11:58:44.653[Status]Routing 202: Walk: 15
2020-02-08_11:58:44.769[Battery Energy]74.10
2020-02-08_11:58:44.909[Status]Routing 203: Walk: 15
2020-02-08_11:58:45.009[Battery Energy]73.98
2020-02-08_11:58:45.147[Status]Routing 204: Walk: 15
2020-02-08_11:58:45.250[Battery Energy]73.87
2020-02-08_11:58:45.404[Status]Routing 205: Walk: 15
2020-02-08_11:58:45.504[Battery Energy]73.74
2020-02-08_11:58:45.678[Status]Routing 206: Walk: 15
2020-02-08_11:58:45.779[Battery Energy]73.64
2020-02-08_11:58:45.959[Status]Routing 207: Walk: 15
2020-02-08_11:58:46.059[Battery Energy]73.49
2020-02-08_11:58:46.219[Status]Routing 208: Walk: 15
2020-02-08_11:58:46.326[Battery Energy]73.40
2020-02-08_11:58:46.467[Status]Routing 209: Walk: 15
2020-02-08_11:58:46.569[Battery Energy]73.29
2020-02-08_11:58:46.756[Status]Routing 210: Walk: 15
2020-02-08_11:58:46.856[Battery Energy]73.19
2020-02-08_11:58:46.992[Status]Routing 211: Walk: 15
2020-02-08_11:58:47.093[Battery Energy]73.08
2020-02-08_11:58:47.260[Status]Routing 212: Walk: 15
2020-02-08_11:58:47.370[Battery Energy]72.95
2020-02-08_11:58:47.536[Status]Routing 213: Walk: 15
2020-02-08_11:58:47.642[Battery Energy]72.82
2020-02-08_11:58:47.821[Status]Routing 214: Walk: 15
2020-02-08_11:58:47.929[Battery Energy]72.67
2020-02-08_11:58:48.082[Status]Routing 215: Walk: 15
2020-02-08_11:58:48.183[Battery Energy]72.56
