2020-01-29_15:53:13.722[Status]Start.
2020-01-29_15:53:13.722[Battery Energy]118.00
2020-01-29_15:53:14.822[Battery Energy]117.96
2020-01-29_15:53:15.924[Battery Energy]117.92
2020-01-29_15:53:17.025[Battery Energy]117.88
2020-01-29_15:53:18.126[Battery Energy]117.84
2020-01-29_15:53:19.227[Task]A New Task Released.
2020-01-29_15:53:19.227[Battery Energy]117.80
2020-01-29_15:53:19.227[Status]Selection Start.
2020-01-29_15:53:20.843[Status]Selection End: Do Task 2.
2020-01-29_15:53:20.943[Battery Energy]116.74
2020-01-29_15:53:20.943[Status]Formation Start.
2020-01-29_15:53:21.088[Status]number of tasks is 6
2020-01-29_15:53:21.093[Status]my group tasks is [ 1110.           235.62177826]
2020-01-29_15:53:21.097[Status]my group tasks is [ 1040.           235.62177826]
2020-01-29_15:53:21.110[Status]my group tasks is [ 1005.   175.]
2020-01-29_15:53:21.114[Status]my group tasks is [ 1040.           114.37822174]
2020-01-29_15:53:21.118[Status]my group tasks is [ 1110.           114.37822174]
2020-01-29_15:53:21.123[Status]my group tasks is [ 1145.   175.]
2020-01-29_15:53:21.172[Status]mygroup_robots_utility is {16: [16.903073317820045, 17.398843611573398, 18.648986164526303, 19.435881004471078, 37.64042459922909, 17.547957083845578], 17: [19.043733933564518, 17.819250815786404, 18.18965173852832, 19.253358997922135, 16.903073317820045, 17.06838008835575], 18: [16.312917033162773, 17.4213265052023, 35.1568685300114, 33.18382100649012, 15.45402160644371, 15.579003530514882], 19: [32.60645836872729, 17.321823068743257, 34.52323903619288, 16.196334755991494, 15.34422157139463, 15.296340530050085], 20: [16.99637862759414, 17.563718137374206, 18.834276781826734, 17.577977767895163, 39.10084565504815, 18.850663231269667], 15: [19.893430836817895, 35.9141237006315, 18.551960704994883, 19.917013299604474, 20.655408379968353, 18.572401682682443]}
2020-01-29_15:53:21.173[Status]self.local_queue is [15, 16, 17, 18, 19, 20]
2020-01-29_15:53:21.173[Status]task_chosen index is 1
2020-01-29_15:53:21.173[Status]task_chosen index is 4
2020-01-29_15:53:21.173[Status]task_chosen index is 3
2020-01-29_15:53:21.173[Status]myindex_in_queue is 3
2020-01-29_15:53:21.173[Status]task destination is [1005.0, 175.0]
2020-01-29_15:53:21.274[Battery Energy]116.55
2020-01-29_15:53:21.274[Status]Routing Start.
2020-01-29_15:53:21.432[Status]{'id': 17, 'coordinate': [136.20009986827273, 545.0810508533781]}
2020-01-29_15:53:21.432[Status]Routing 1: Walk: 1
2020-01-29_15:53:21.532[Battery Energy]116.33
2020-01-29_15:53:21.532[Status]Routing Start.
2020-01-29_15:53:21.690[Status]{'id': 17, 'coordinate': [145.40019973654546, 541.1621017067562]}
2020-01-29_15:53:21.690[Status]Routing 2: Walk: 2
2020-01-29_15:53:21.806[Battery Energy]116.12
2020-01-29_15:53:21.806[Status]Routing Start.
2020-01-29_15:53:21.941[Status]{'id': 17, 'coordinate': [154.6002996048182, 537.2431525601343]}
2020-01-29_15:53:21.941[Status]Routing 3: Walk: 3
2020-01-29_15:53:22.041[Battery Energy]115.92
2020-01-29_15:53:22.041[Status]Routing Start.
2020-01-29_15:53:22.175[Status]{'id': 17, 'coordinate': [163.80039947309092, 533.3242034135124]}
2020-01-29_15:53:22.176[Status]Routing 4: Walk: 4
2020-01-29_15:53:22.286[Battery Energy]115.70
2020-01-29_15:53:22.286[Status]Routing Start.
2020-01-29_15:53:22.410[Status]{'id': 17, 'coordinate': [173.00049934136365, 529.4052542668904]}
2020-01-29_15:53:22.410[Status]Routing 5: Walk: 5
2020-01-29_15:53:22.514[Battery Energy]115.51
2020-01-29_15:53:22.514[Status]Routing Start.
2020-01-29_15:53:22.798[Status]{'id': 17, 'coordinate': [182.20059920963638, 525.4863051202685]}
2020-01-29_15:53:22.798[Status]Routing 6: Walk: 6
2020-01-29_15:53:22.901[Battery Energy]115.29
2020-01-29_15:53:22.901[Status]Routing Start.
2020-01-29_15:53:23.220[Status]{'id': 17, 'coordinate': [191.4006990779091, 521.5673559736466]}
2020-01-29_15:53:23.220[Status]Routing 7: Walk: 7
2020-01-29_15:53:23.326[Battery Energy]114.97
2020-01-29_15:53:23.326[Status]Routing Start.
2020-01-29_15:53:23.647[Status]{'id': 17, 'coordinate': [200.60079894618184, 517.6484068270247]}
2020-01-29_15:53:23.647[Status]Routing 8: Walk: 8
2020-01-29_15:53:23.747[Battery Energy]114.62
2020-01-29_15:53:23.748[Status]Routing Start.
2020-01-29_15:53:24.043[Status]{'id': 17, 'coordinate': [209.80089881445457, 513.7294576804028]}
2020-01-29_15:53:24.043[Status]Routing 9: Walk: 9
2020-01-29_15:53:24.154[Battery Energy]114.30
2020-01-29_15:53:24.154[Status]Routing Start.
2020-01-29_15:53:24.426[Status]{'id': 17, 'coordinate': [219.0009986827273, 509.81050853378093]}
2020-01-29_15:53:24.426[Status]Routing 10: Walk: 10
2020-01-29_15:53:24.526[Battery Energy]114.00
2020-01-29_15:53:24.526[Status]Routing Start.
2020-01-29_15:53:24.862[Status]{'id': 17, 'coordinate': [228.20109855100003, 505.8915593871591]}
2020-01-29_15:53:24.863[Status]Routing 11: Walk: 11
2020-01-29_15:53:24.966[Battery Energy]113.69
2020-01-29_15:53:24.966[Status]Routing Start.
2020-01-29_15:53:25.254[Status]{'id': 17, 'coordinate': [237.40119841927276, 501.9726102405372]}
2020-01-29_15:53:25.254[Status]Routing 12: Walk: 12
2020-01-29_15:53:25.355[Battery Energy]113.39
2020-01-29_15:53:25.355[Status]Routing Start.
2020-01-29_15:53:25.701[Status]{'id': 17, 'coordinate': [246.6012982875455, 498.05366109391537]}
2020-01-29_15:53:25.702[Status]Routing 13: Walk: 13
2020-01-29_15:53:25.803[Battery Energy]113.05
2020-01-29_15:53:25.803[Status]Routing Start.
2020-01-29_15:53:26.084[Status]{'id': 17, 'coordinate': [255.80139815581822, 494.1347119472935]}
2020-01-29_15:53:26.084[Status]Routing 14: Walk: 14
2020-01-29_15:53:26.186[Battery Energy]112.76
2020-01-29_15:53:26.186[Status]Routing Start.
2020-01-29_15:53:26.477[Status]{'id': 17, 'coordinate': [265.00149802409095, 490.21576280067165]}
2020-01-29_15:53:26.477[Status]Routing 15: Walk: 15
2020-01-29_15:53:26.585[Battery Energy]112.45
2020-01-29_15:53:26.585[Status]Routing Start.
2020-01-29_15:53:26.888[Status]{'id': 17, 'coordinate': [274.2015978923637, 486.2968136540498]}
2020-01-29_15:53:26.888[Status]Routing 16: Walk: 16
2020-01-29_15:53:27.006[Battery Energy]112.12
2020-01-29_15:53:27.006[Status]Routing Start.
2020-01-29_15:53:27.300[Status]{'id': 17, 'coordinate': [283.4016977606364, 482.37786450742794]}
2020-01-29_15:53:27.300[Status]Routing 17: Walk: 17
2020-01-29_15:53:27.400[Battery Energy]111.82
2020-01-29_15:53:27.400[Status]Routing Start.
2020-01-29_15:53:27.692[Status]{'id': 17, 'coordinate': [292.60179762890914, 478.4589153608061]}
2020-01-29_15:53:27.692[Status]Routing 18: Walk: 18
2020-01-29_15:53:27.794[Battery Energy]111.50
2020-01-29_15:53:27.794[Status]Routing Start.
2020-01-29_15:53:28.116[Status]{'id': 17, 'coordinate': [301.80189749718187, 474.53996621418423]}
2020-01-29_15:53:28.116[Status]Routing 19: Walk: 19
2020-01-29_15:53:28.216[Battery Energy]111.18
2020-01-29_15:53:28.216[Status]Routing Start.
2020-01-29_15:53:28.608[Status]{'id': 17, 'coordinate': [311.0019973654546, 470.6210170675624]}
2020-01-29_15:53:28.615[Status]Routing 20: Walk: 20
2020-01-29_15:53:28.722[Battery Energy]110.76
2020-01-29_15:53:28.722[Status]Routing Start.
2020-01-29_15:53:29.007[Status]{'id': 17, 'coordinate': [320.20209723372733, 466.7020679209405]}
2020-01-29_15:53:29.007[Status]Routing 21: Walk: 21
2020-01-29_15:53:29.116[Battery Energy]110.50
2020-01-29_15:53:29.116[Status]Routing Start.
2020-01-29_15:53:29.447[Status]{'id': 17, 'coordinate': [329.40219710200006, 462.78311877431867]}
2020-01-29_15:53:29.447[Status]Routing 22: Walk: 22
2020-01-29_15:53:29.548[Battery Energy]110.19
2020-01-29_15:53:29.548[Status]Routing Start.
2020-01-29_15:53:29.691[Status]{'id': 17, 'coordinate': [338.6022969702728, 458.8641696276968]}
2020-01-29_15:53:29.691[Status]Routing 23: Walk: 23
2020-01-29_15:53:29.801[Battery Energy]109.96
2020-01-29_15:53:29.801[Status]Routing Start.
2020-01-29_15:53:30.104[Status]{'id': 17, 'coordinate': [347.8023968385455, 454.94522048107495]}
2020-01-29_15:53:30.104[Status]Routing 24: Walk: 24
2020-01-29_15:53:30.218[Battery Energy]109.69
2020-01-29_15:53:30.218[Status]Routing Start.
2020-01-29_15:53:30.506[Status]{'id': 17, 'coordinate': [357.00249670681825, 451.0262713344531]}
2020-01-29_15:53:30.506[Status]Routing 25: Walk: 25
2020-01-29_15:53:30.618[Battery Energy]109.38
2020-01-29_15:53:30.618[Status]Routing Start.
2020-01-29_15:53:30.779[Status]{'id': 17, 'coordinate': [366.202596575091, 447.10732218783124]}
2020-01-29_15:53:30.779[Status]Routing 26: Walk: 26
2020-01-29_15:53:30.890[Battery Energy]109.16
2020-01-29_15:53:30.890[Status]Routing Start.
2020-01-29_15:53:31.196[Status]{'id': 17, 'coordinate': [375.4026964433637, 443.1883730412094]}
2020-01-29_15:53:31.196[Status]Routing 27: Walk: 27
2020-01-29_15:53:31.302[Battery Energy]108.83
2020-01-29_15:53:31.302[Status]Routing Start.
2020-01-29_15:53:31.538[Status]{'id': 17, 'coordinate': [384.60279631163644, 439.26942389458753]}
2020-01-29_15:53:31.539[Status]Routing 28: Walk: 28
2020-01-29_15:53:31.640[Battery Energy]108.59
2020-01-29_15:53:31.640[Status]Routing Start.
2020-01-29_15:53:31.939[Status]{'id': 17, 'coordinate': [393.80289617990917, 435.3504747479657]}
2020-01-29_15:53:31.939[Status]Routing 29: Walk: 29
2020-01-29_15:53:32.039[Battery Energy]108.25
2020-01-29_15:53:32.039[Status]Routing Start.
2020-01-29_15:53:32.175[Status]{'id': 17, 'coordinate': [403.0029960481819, 431.4315256013438]}
2020-01-29_15:53:32.175[Status]Routing 30: Walk: 30
2020-01-29_15:53:32.278[Battery Energy]108.02
2020-01-29_15:53:32.278[Status]Routing Start.
2020-01-29_15:53:32.575[Status]{'id': 17, 'coordinate': [412.20309591645463, 427.51257645472197]}
2020-01-29_15:53:32.575[Status]Routing 31: Walk: 31
2020-01-29_15:53:32.682[Battery Energy]107.73
2020-01-29_15:53:32.684[Status]Routing Start.
2020-01-29_15:53:32.823[Status]{'id': 17, 'coordinate': [421.40319578472736, 423.5936273081001]}
2020-01-29_15:53:32.823[Status]Routing 32: Walk: 32
2020-01-29_15:53:32.923[Battery Energy]107.53
2020-01-29_15:53:32.923[Status]Routing Start.
2020-01-29_15:53:33.209[Status]{'id': 17, 'coordinate': [430.6032956530001, 419.67467816147825]}
2020-01-29_15:53:33.209[Status]Routing 33: Walk: 33
2020-01-29_15:53:33.314[Battery Energy]107.23
2020-01-29_15:53:33.314[Status]Routing Start.
2020-01-29_15:53:33.643[Status]{'id': 17, 'coordinate': [439.8033955212728, 415.7557290148564]}
2020-01-29_15:53:33.643[Status]Routing 34: Walk: 34
2020-01-29_15:53:33.743[Battery Energy]106.89
2020-01-29_15:53:33.743[Status]Routing Start.
2020-01-29_15:53:33.907[Status]{'id': 17, 'coordinate': [449.00349538954555, 411.83677986823454]}
2020-01-29_15:53:33.912[Status]Routing 35: Walk: 35
2020-01-29_15:53:34.012[Battery Energy]106.66
2020-01-29_15:53:34.012[Status]Routing Start.
2020-01-29_15:53:34.328[Status]{'id': 17, 'coordinate': [458.2035952578183, 407.9178307216127]}
2020-01-29_15:53:34.330[Status]Routing 36: Walk: 36
2020-01-29_15:53:34.434[Battery Energy]106.36
2020-01-29_15:53:34.434[Status]Routing Start.
2020-01-29_15:53:34.719[Status]{'id': 17, 'coordinate': [467.403695126091, 403.99888157499083]}
2020-01-29_15:53:34.719[Status]Routing 37: Walk: 37
2020-01-29_15:53:34.830[Battery Energy]106.07
2020-01-29_15:53:34.830[Status]Routing Start.
2020-01-29_15:53:35.121[Status]{'id': 17, 'coordinate': [476.60379499436374, 400.079932428369]}
2020-01-29_15:53:35.121[Status]Routing 38: Walk: 38
2020-01-29_15:53:35.228[Battery Energy]105.74
2020-01-29_15:53:35.228[Status]Routing Start.
2020-01-29_15:53:35.360[Status]{'id': 17, 'coordinate': [485.80389486263647, 396.1609832817471]}
2020-01-29_15:53:35.360[Status]Routing 39: Walk: 39
2020-01-29_15:53:35.460[Battery Energy]105.53
2020-01-29_15:53:35.460[Status]Routing Start.
2020-01-29_15:53:35.784[Status]{'id': 17, 'coordinate': [495.0039947309092, 392.24203413512527]}
2020-01-29_15:53:35.784[Status]Routing 40: Walk: 40
2020-01-29_15:53:35.894[Battery Energy]105.24
2020-01-29_15:53:35.894[Status]Routing Start.
2020-01-29_15:53:36.229[Status]{'id': 17, 'coordinate': [504.20409459918193, 388.3230849885034]}
2020-01-29_15:53:36.229[Status]Routing 41: Walk: 41
2020-01-29_15:53:36.329[Battery Energy]104.86
2020-01-29_15:53:36.329[Status]Routing Start.
2020-01-29_15:53:36.647[Status]{'id': 17, 'coordinate': [513.4041944674547, 384.40413584188155]}
2020-01-29_15:53:36.647[Status]Routing 42: Walk: 42
2020-01-29_15:53:36.751[Battery Energy]104.54
2020-01-29_15:53:36.751[Status]Routing Start.
2020-01-29_15:53:37.117[Status]{'id': 17, 'coordinate': [522.6042943357273, 380.4851866952597]}
2020-01-29_15:53:37.117[Status]Routing 43: Walk: 43
2020-01-29_15:53:37.220[Battery Energy]104.20
2020-01-29_15:53:37.220[Status]Routing Start.
2020-01-29_15:53:37.510[Status]{'id': 17, 'coordinate': [531.804394204, 376.56623754863784]}
2020-01-29_15:53:37.510[Status]Routing 44: Walk: 44
2020-01-29_15:53:37.611[Battery Energy]103.92
2020-01-29_15:53:37.611[Status]Routing Start.
2020-01-29_15:53:37.944[Status]{'id': 17, 'coordinate': [541.0044940722727, 372.647288402016]}
2020-01-29_15:53:37.945[Status]Routing 45: Walk: 45
2020-01-29_15:53:38.058[Battery Energy]103.61
2020-01-29_15:53:38.058[Status]Routing Start.
2020-01-29_15:53:38.341[Status]{'id': 17, 'coordinate': [550.2045939405454, 368.72833925539413]}
2020-01-29_15:53:38.342[Status]Routing 46: Walk: 46
2020-01-29_15:53:38.443[Battery Energy]103.30
2020-01-29_15:53:38.443[Status]Routing Start.
2020-01-29_15:53:38.866[Status]{'id': 17, 'coordinate': [559.404693808818, 364.8093901087723]}
2020-01-29_15:53:38.866[Status]Routing 47: Walk: 47
2020-01-29_15:53:38.974[Battery Energy]102.95
2020-01-29_15:53:38.974[Status]Routing Start.
2020-01-29_15:53:39.305[Status]{'id': 17, 'coordinate': [568.6047936770907, 360.8904409621504]}
2020-01-29_15:53:39.305[Status]Routing 48: Walk: 48
2020-01-29_15:53:39.405[Battery Energy]102.65
2020-01-29_15:53:39.405[Status]Routing Start.
2020-01-29_15:53:39.674[Status]{'id': 17, 'coordinate': [577.8048935453634, 356.97149181552857]}
2020-01-29_15:53:39.674[Status]Routing 49: Walk: 49
2020-01-29_15:53:39.775[Battery Energy]102.37
2020-01-29_15:53:39.775[Status]Routing Start.
2020-01-29_15:53:39.932[Status]{'id': 17, 'coordinate': [587.004993413636, 353.0525426689067]}
2020-01-29_15:53:39.932[Status]Routing 50: Walk: 50
2020-01-29_15:53:40.034[Battery Energy]102.14
2020-01-29_15:53:40.034[Status]Routing Start.
2020-01-29_15:53:40.364[Status]{'id': 17, 'coordinate': [596.2050932819087, 349.13359352228485]}
2020-01-29_15:53:40.367[Status]Routing 51: Walk: 51
2020-01-29_15:53:40.470[Battery Energy]101.83
2020-01-29_15:53:40.470[Status]Routing Start.
2020-01-29_15:53:40.770[Status]{'id': 17, 'coordinate': [605.4051931501814, 345.214644375663]}
2020-01-29_15:53:40.770[Status]Routing 52: Walk: 52
2020-01-29_15:53:40.874[Battery Energy]101.53
2020-01-29_15:53:40.874[Status]Routing Start.
2020-01-29_15:53:41.221[Status]{'id': 17, 'coordinate': [614.6052930184541, 341.29569522904114]}
2020-01-29_15:53:41.221[Status]Routing 53: Walk: 53
2020-01-29_15:53:41.321[Battery Energy]101.24
2020-01-29_15:53:41.321[Status]Routing Start.
2020-01-29_15:53:41.613[Status]{'id': 17, 'coordinate': [623.8053928867267, 337.3767460824193]}
2020-01-29_15:53:41.613[Status]Routing 54: Walk: 54
2020-01-29_15:53:41.713[Battery Energy]100.94
2020-01-29_15:53:41.713[Status]Routing Start.
2020-01-29_15:53:42.022[Status]{'id': 17, 'coordinate': [633.0054927549994, 333.45779693579743]}
2020-01-29_15:53:42.025[Status]Routing 55: Walk: 55
2020-01-29_15:53:42.138[Battery Energy]100.69
2020-01-29_15:53:42.138[Status]Routing Start.
2020-01-29_15:53:42.440[Status]{'id': 17, 'coordinate': [642.2055926232721, 329.5388477891756]}
2020-01-29_15:53:42.440[Status]Routing 56: Walk: 56
2020-01-29_15:53:42.542[Battery Energy]100.40
2020-01-29_15:53:42.542[Status]Routing Start.
2020-01-29_15:53:42.874[Status]{'id': 17, 'coordinate': [651.4056924915448, 325.6198986425537]}
2020-01-29_15:53:42.874[Status]Routing 57: Walk: 57
2020-01-29_15:53:42.990[Battery Energy]100.05
2020-01-29_15:53:42.990[Status]Routing Start.
2020-01-29_15:53:43.391[Status]{'id': 17, 'coordinate': [660.6057923598174, 321.70094949593187]}
2020-01-29_15:53:43.391[Status]Routing 58: Walk: 58
2020-01-29_15:53:43.492[Battery Energy]99.68
2020-01-29_15:53:43.492[Status]Routing Start.
2020-01-29_15:53:43.816[Status]{'id': 17, 'coordinate': [669.8058922280901, 317.78200034931]}
2020-01-29_15:53:43.822[Status]Routing 59: Walk: 59
2020-01-29_15:53:43.930[Battery Energy]99.35
2020-01-29_15:53:43.930[Status]Routing Start.
2020-01-29_15:53:44.245[Status]{'id': 17, 'coordinate': [679.0059920963628, 313.86305120268815]}
2020-01-29_15:53:44.245[Status]Routing 60: Walk: 60
2020-01-29_15:53:44.350[Battery Energy]99.04
2020-01-29_15:53:44.350[Status]Routing Start.
2020-01-29_15:53:44.593[Status]{'id': 17, 'coordinate': [688.2060919646354, 309.9441020560663]}
2020-01-29_15:53:44.595[Status]Routing 61: Walk: 61
2020-01-29_15:53:44.696[Battery Energy]98.76
2020-01-29_15:53:44.696[Status]Routing Start.
2020-01-29_15:53:45.061[Status]{'id': 17, 'coordinate': [697.4061918329081, 306.02515290944444]}
2020-01-29_15:53:45.062[Status]Routing 62: Walk: 62
2020-01-29_15:53:45.163[Battery Energy]98.42
2020-01-29_15:53:45.163[Status]Routing Start.
2020-01-29_15:53:45.469[Status]{'id': 17, 'coordinate': [706.6062917011808, 302.1062037628226]}
2020-01-29_15:53:45.469[Status]Routing 63: Walk: 63
2020-01-29_15:53:45.575[Battery Energy]98.10
2020-01-29_15:53:45.575[Status]Routing Start.
2020-01-29_15:53:45.719[Status]{'id': 17, 'coordinate': [715.8063915694535, 298.18725461620073]}
2020-01-29_15:53:45.720[Status]Routing 64: Walk: 64
2020-01-29_15:53:45.826[Battery Energy]97.90
2020-01-29_15:53:45.826[Status]Routing Start.
2020-01-29_15:53:45.963[Status]{'id': 17, 'coordinate': [725.0064914377261, 294.2683054695789]}
2020-01-29_15:53:45.964[Status]Routing 65: Walk: 65
2020-01-29_15:53:46.064[Battery Energy]97.71
2020-01-29_15:53:46.064[Status]Routing Start.
2020-01-29_15:53:46.209[Status]{'id': 17, 'coordinate': [734.2065913059988, 290.349356322957]}
2020-01-29_15:53:46.209[Status]Routing 66: Walk: 66
2020-01-29_15:53:46.309[Battery Energy]97.52
2020-01-29_15:53:46.309[Status]Routing Start.
2020-01-29_15:53:46.462[Status]{'id': 17, 'coordinate': [743.4066911742715, 286.43040717633517]}
2020-01-29_15:53:46.465[Status]Routing 67: Walk: 67
2020-01-29_15:53:46.565[Battery Energy]97.32
2020-01-29_15:53:46.565[Status]Routing Start.
2020-01-29_15:53:46.721[Status]{'id': 17, 'coordinate': [752.6067910425442, 282.5114580297133]}
2020-01-29_15:53:46.725[Status]Routing 68: Walk: 68
2020-01-29_15:53:46.830[Battery Energy]97.12
2020-01-29_15:53:46.830[Status]Routing Start.
2020-01-29_15:53:46.991[Status]{'id': 17, 'coordinate': [761.8068909108168, 278.59250888309145]}
2020-01-29_15:53:46.991[Status]Routing 69: Walk: 69
2020-01-29_15:53:47.091[Battery Energy]96.92
2020-01-29_15:53:47.091[Status]Routing Start.
2020-01-29_15:53:47.242[Status]{'id': 17, 'coordinate': [771.0069907790895, 274.6735597364696]}
2020-01-29_15:53:47.242[Status]Routing 70: Walk: 70
2020-01-29_15:53:47.350[Battery Energy]96.72
2020-01-29_15:53:47.350[Status]Routing Start.
2020-01-29_15:53:47.502[Status]{'id': 17, 'coordinate': [780.2070906473622, 270.75461058984774]}
2020-01-29_15:53:47.502[Status]Routing 71: Walk: 71
2020-01-29_15:53:47.617[Battery Energy]96.51
2020-01-29_15:53:47.617[Status]Routing Start.
2020-01-29_15:53:47.754[Status]{'id': 17, 'coordinate': [789.4071905156349, 266.8356614432259]}
2020-01-29_15:53:47.755[Status]Routing 72: Walk: 72
2020-01-29_15:53:47.855[Battery Energy]96.31
2020-01-29_15:53:47.855[Status]Routing Start.
2020-01-29_15:53:48.167[Status]{'id': 17, 'coordinate': [798.6072903839075, 262.91671229660403]}
2020-01-29_15:53:48.167[Status]Routing 73: Walk: 73
2020-01-29_15:53:48.267[Battery Energy]95.97
2020-01-29_15:53:48.267[Status]Routing Start.
2020-01-29_15:53:48.549[Status]{'id': 17, 'coordinate': [807.8073902521802, 258.9977631499822]}
2020-01-29_15:53:48.549[Status]Routing 74: Walk: 74
2020-01-29_15:53:48.649[Battery Energy]95.65
2020-01-29_15:53:48.649[Status]Routing Start.
2020-01-29_15:53:48.914[Status]{'id': 17, 'coordinate': [817.0074901204529, 255.07881400336032]}
2020-01-29_15:53:48.914[Status]Routing 75: Walk: 75
2020-01-29_15:53:49.022[Battery Energy]95.35
2020-01-29_15:53:49.022[Status]Routing Start.
2020-01-29_15:53:49.276[Status]{'id': 17, 'coordinate': [826.2075899887255, 251.15986485673847]}
2020-01-29_15:53:49.282[Status]Routing 76: Walk: 76
2020-01-29_15:53:49.382[Battery Energy]95.05
2020-01-29_15:53:49.382[Status]Routing Start.
2020-01-29_15:53:49.690[Status]{'id': 17, 'coordinate': [835.4076898569982, 247.2409157101166]}
2020-01-29_15:53:49.690[Status]Routing 77: Walk: 77
2020-01-29_15:53:49.791[Battery Energy]94.72
2020-01-29_15:53:49.791[Status]Routing Start.
2020-01-29_15:53:50.100[Status]{'id': 17, 'coordinate': [844.6077897252709, 243.32196656349475]}
2020-01-29_15:53:50.100[Status]Routing 78: Walk: 78
2020-01-29_15:53:50.206[Battery Energy]94.43
2020-01-29_15:53:50.206[Status]Routing Start.
2020-01-29_15:53:50.491[Status]{'id': 17, 'coordinate': [853.8078895935436, 239.4030174168729]}
2020-01-29_15:53:50.491[Status]Routing 79: Walk: 79
2020-01-29_15:53:50.602[Battery Energy]94.18
2020-01-29_15:53:50.602[Status]Routing Start.
2020-01-29_15:53:50.717[Status]{'id': 17, 'coordinate': [863.0079894618162, 235.48406827025104]}
2020-01-29_15:53:50.717[Status]Routing 80: Walk: 80
2020-01-29_15:53:50.817[Battery Energy]93.98
2020-01-29_15:53:50.817[Status]Routing Start.
2020-01-29_15:53:50.957[Status]{'id': 17, 'coordinate': [872.208089330089, 231.5651191236292]}
2020-01-29_15:53:50.958[Status]Routing 81: Walk: 81
2020-01-29_15:53:51.062[Battery Energy]93.77
2020-01-29_15:53:51.062[Status]Routing Start.
2020-01-29_15:53:51.205[Status]{'id': 17, 'coordinate': [881.4081891983617, 227.64616997700733]}
2020-01-29_15:53:51.205[Status]Routing 82: Walk: 82
2020-01-29_15:53:51.305[Battery Energy]93.54
2020-01-29_15:53:51.305[Status]Routing Start.
2020-01-29_15:53:51.594[Status]Routing 83: Walk: 82
2020-01-29_15:53:51.694[Battery Energy]93.24
2020-01-29_15:53:51.694[Status]Routing Start.
2020-01-29_15:53:51.830[Status]{'id': 17, 'coordinate': [890.6082890666345, 223.72722083038548]}
2020-01-29_15:53:51.830[Status]Routing 84: Walk: 83
2020-01-29_15:53:51.934[Battery Energy]93.04
2020-01-29_15:53:51.934[Status]Routing Start.
2020-01-29_15:53:52.250[Status]Routing 85: Walk: 83
2020-01-29_15:53:52.350[Battery Energy]92.76
2020-01-29_15:53:52.350[Status]Routing Start.
2020-01-29_15:53:52.475[Status]{'id': 17, 'coordinate': [899.8083889349073, 219.80827168376362]}
2020-01-29_15:53:52.475[Status]Routing 86: Walk: 84
2020-01-29_15:53:52.582[Battery Energy]92.57
2020-01-29_15:53:52.582[Status]Routing Start.
2020-01-29_15:53:52.728[Status]{'id': 17, 'coordinate': [909.00848880318, 215.88932253714177]}
2020-01-29_15:53:52.728[Status]Routing 87: Walk: 85
2020-01-29_15:53:52.828[Battery Energy]92.36
2020-01-29_15:53:52.829[Status]Routing Start.
2020-01-29_15:53:52.967[Status]{'id': 17, 'coordinate': [918.2085886714526, 211.9703733905199]}
2020-01-29_15:53:52.967[Status]Routing 88: Walk: 86
2020-01-29_15:53:53.068[Battery Energy]92.15
2020-01-29_15:53:53.068[Status]Routing Start.
2020-01-29_15:53:53.223[Status]{'id': 17, 'coordinate': [927.4086885397254, 208.05142424389805]}
2020-01-29_15:53:53.223[Status]Routing 89: Walk: 87
2020-01-29_15:53:53.329[Battery Energy]91.92
2020-01-29_15:53:53.329[Status]Routing Start.
2020-01-29_15:53:53.484[Status]{'id': 17, 'coordinate': [936.6087884079982, 204.1324750972762]}
2020-01-29_15:53:53.485[Status]Routing 90: Walk: 88
2020-01-29_15:53:53.594[Battery Energy]91.68
2020-01-29_15:53:53.594[Status]Routing Start.
2020-01-29_15:53:53.746[Status]{'id': 17, 'coordinate': [945.808888276271, 200.21352595065434]}
2020-01-29_15:53:53.746[Status]Routing 91: Walk: 89
2020-01-29_15:53:53.849[Battery Energy]91.45
2020-01-29_15:53:53.849[Status]Routing Start.
2020-01-29_15:53:54.013[Status]{'id': 17, 'coordinate': [955.0089881445438, 196.2945768040325]}
2020-01-29_15:53:54.013[Status]Routing 92: Walk: 90
2020-01-29_15:53:54.113[Battery Energy]91.22
2020-01-29_15:53:54.113[Status]Routing Start.
2020-01-29_15:53:54.282[Status]{'id': 17, 'coordinate': [964.2090880128164, 192.37562765741063]}
2020-01-29_15:53:54.282[Status]Routing 93: Walk: 91
2020-01-29_15:53:54.390[Battery Energy]91.00
2020-01-29_15:53:54.390[Status]Routing Start.
2020-01-29_15:53:54.538[Status]{'id': 17, 'coordinate': [973.4091878810892, 188.4566785107888]}
2020-01-29_15:53:54.538[Status]Routing 94: Walk: 92
2020-01-29_15:53:54.639[Battery Energy]90.81
2020-01-29_15:53:54.639[Status]Routing Start.
2020-01-29_15:53:54.785[Status]{'id': 17, 'coordinate': [982.6092877493619, 184.53772936416695]}
2020-01-29_15:53:54.786[Status]Routing 95: Walk: 93
2020-01-29_15:53:54.902[Battery Energy]90.60
2020-01-29_15:53:54.902[Status]Routing Start.
2020-01-29_15:53:55.035[Status]{'id': 17, 'coordinate': [991.8093876176347, 180.61878021754512]}
2020-01-29_15:53:55.035[Status]Routing 96: Walk: 94
2020-01-29_15:53:55.138[Battery Energy]90.40
2020-01-29_15:53:55.138[Status]Routing Start.
2020-01-29_15:53:55.274[Status]{'id': 17, 'coordinate': [1001.0094874859074, 176.69983107092327]}
2020-01-29_15:53:55.275[Status]Routing 97: Walk: 95
2020-01-29_15:53:55.386[Battery Energy]90.19
2020-01-29_15:53:55.386[Status]Routing Start.
2020-01-29_15:53:55.386[Status]Task Finished.
2020-01-29_15:53:55.486[Battery Energy]90.19
2020-01-29_15:53:55.651[Status]Routing 99: Walk: 95
2020-01-29_15:53:55.752[Battery Energy]90.05
2020-01-29_15:53:56.081[Status]Routing 100: Walk: 95
2020-01-29_15:53:56.181[Battery Energy]89.82
2020-01-29_15:53:56.509[Status]Routing 101: Walk: 95
2020-01-29_15:53:56.610[Battery Energy]89.61
2020-01-29_15:53:56.859[Status]Routing 102: Walk: 95
2020-01-29_15:53:56.959[Battery Energy]89.44
2020-01-29_15:53:57.294[Status]Routing 103: Walk: 95
2020-01-29_15:53:57.396[Battery Energy]89.26
2020-01-29_15:53:57.699[Status]Routing 104: Walk: 95
2020-01-29_15:53:57.803[Battery Energy]89.05
2020-01-29_15:53:58.095[Status]Routing 105: Walk: 95
2020-01-29_15:53:58.206[Battery Energy]88.86
2020-01-29_15:53:58.508[Status]Routing 106: Walk: 95
2020-01-29_15:53:58.608[Battery Energy]88.65
2020-01-29_15:53:58.963[Status]Routing 107: Walk: 95
2020-01-29_15:53:59.074[Battery Energy]88.38
2020-01-29_15:53:59.224[Status]Routing 108: Walk: 95
2020-01-29_15:53:59.330[Battery Energy]88.29
2020-01-29_15:53:59.491[Status]Routing 109: Walk: 95
2020-01-29_15:53:59.602[Battery Energy]88.15
2020-01-29_15:53:59.865[Status]Routing 110: Walk: 95
2020-01-29_15:53:59.970[Battery Energy]87.94
2020-01-29_15:54:00.252[Status]Routing 111: Walk: 95
2020-01-29_15:54:00.362[Battery Energy]87.74
2020-01-29_15:54:00.657[Status]Routing 112: Walk: 95
2020-01-29_15:54:00.774[Battery Energy]87.51
2020-01-29_15:54:01.083[Status]Routing 113: Walk: 95
2020-01-29_15:54:01.194[Battery Energy]87.31
2020-01-29_15:54:01.472[Status]Routing 114: Walk: 95
2020-01-29_15:54:01.586[Battery Energy]87.13
2020-01-29_15:54:01.904[Status]Routing 115: Walk: 95
2020-01-29_15:54:02.018[Battery Energy]86.91
2020-01-29_15:54:02.330[Status]Routing 116: Walk: 95
2020-01-29_15:54:02.438[Battery Energy]86.68
2020-01-29_15:54:02.751[Status]Routing 117: Walk: 95
2020-01-29_15:54:02.856[Battery Energy]86.43
2020-01-29_15:54:03.171[Status]Routing 118: Walk: 95
2020-01-29_15:54:03.274[Battery Energy]86.18
2020-01-29_15:54:03.580[Status]Routing 119: Walk: 95
2020-01-29_15:54:03.690[Battery Energy]85.92
2020-01-29_15:54:04.015[Status]Routing 120: Walk: 95
2020-01-29_15:54:04.122[Battery Energy]85.67
2020-01-29_15:54:04.440[Status]Routing 121: Walk: 95
2020-01-29_15:54:04.552[Battery Energy]85.43
2020-01-29_15:54:04.889[Status]Routing 122: Walk: 95
2020-01-29_15:54:05.010[Battery Energy]85.20
2020-01-29_15:54:05.311[Status]Routing 123: Walk: 95
2020-01-29_15:54:05.426[Battery Energy]84.98
2020-01-29_15:54:05.727[Status]Routing 124: Walk: 95
2020-01-29_15:54:05.828[Battery Energy]84.75
2020-01-29_15:54:06.161[Status]Routing 125: Walk: 95
2020-01-29_15:54:06.262[Battery Energy]84.58
2020-01-29_15:54:06.550[Status]Routing 126: Walk: 95
2020-01-29_15:54:06.651[Battery Energy]84.35
2020-01-29_15:54:06.983[Status]Routing 127: Walk: 95
2020-01-29_15:54:07.083[Battery Energy]84.11
2020-01-29_15:54:07.384[Status]Routing 128: Walk: 95
2020-01-29_15:54:07.484[Battery Energy]83.88
2020-01-29_15:54:07.832[Status]Routing 129: Walk: 95
2020-01-29_15:54:07.934[Battery Energy]83.66
2020-01-29_15:54:08.077[Status]Routing 130: Walk: 95
2020-01-29_15:54:08.177[Battery Energy]83.55
2020-01-29_15:54:08.408[Status]Routing 131: Walk: 95
2020-01-29_15:54:08.508[Battery Energy]83.39
2020-01-29_15:54:08.761[Status]Routing 132: Walk: 95
2020-01-29_15:54:08.861[Battery Energy]83.20
2020-01-29_15:54:08.971[Status]Routing 133: Walk: 95
2020-01-29_15:54:09.082[Battery Energy]83.09
2020-01-29_15:54:09.224[Status]Routing 134: Walk: 95
2020-01-29_15:54:09.325[Battery Energy]82.98
2020-01-29_15:54:09.571[Status]Routing 135: Walk: 95
2020-01-29_15:54:09.682[Battery Energy]82.78
2020-01-29_15:54:09.975[Status]Routing 136: Walk: 95
2020-01-29_15:54:10.078[Battery Energy]82.56
2020-01-29_15:54:10.427[Status]Routing 137: Walk: 95
2020-01-29_15:54:10.528[Battery Energy]82.35
2020-01-29_15:54:10.772[Status]Routing 138: Walk: 95
2020-01-29_15:54:10.880[Battery Energy]82.16
2020-01-29_15:54:11.040[Status]Routing 139: Walk: 95
2020-01-29_15:54:11.140[Battery Energy]82.05
2020-01-29_15:54:11.450[Status]Routing 140: Walk: 95
2020-01-29_15:54:11.558[Battery Energy]81.85
2020-01-29_15:54:11.812[Status]Routing 141: Walk: 95
2020-01-29_15:54:11.930[Battery Energy]81.65
2020-01-29_15:54:12.053[Status]Routing 142: Walk: 95
2020-01-29_15:54:12.157[Battery Energy]81.55
2020-01-29_15:54:12.494[Status]Routing 143: Walk: 95
2020-01-29_15:54:12.594[Battery Energy]81.28
2020-01-29_15:54:12.979[Status]Routing 144: Walk: 95
2020-01-29_15:54:13.086[Battery Energy]81.06
2020-01-29_15:54:13.340[Status]Routing 145: Walk: 95
2020-01-29_15:54:13.446[Battery Energy]80.86
2020-01-29_15:54:13.739[Status]Routing 146: Walk: 95
2020-01-29_15:54:13.839[Battery Energy]80.65
2020-01-29_15:54:14.147[Status]Routing 147: Walk: 95
2020-01-29_15:54:14.262[Battery Energy]80.43
2020-01-29_15:54:14.386[Status]Routing 148: Walk: 95
2020-01-29_15:54:14.487[Battery Energy]80.34
2020-01-29_15:54:14.606[Status]Routing 149: Walk: 95
2020-01-29_15:54:14.706[Battery Energy]80.24
2020-01-29_15:54:14.838[Status]Routing 150: Walk: 95
2020-01-29_15:54:14.938[Battery Energy]80.14
2020-01-29_15:54:15.152[Status]Routing 151: Walk: 95
2020-01-29_15:54:15.253[Battery Energy]79.99
2020-01-29_15:54:15.415[Status]Routing 152: Walk: 95
2020-01-29_15:54:15.515[Battery Energy]79.87
2020-01-29_15:54:15.662[Status]Routing 153: Walk: 95
2020-01-29_15:54:15.778[Battery Energy]79.78
2020-01-29_15:54:15.896[Status]Routing 154: Walk: 95
2020-01-29_15:54:16.002[Battery Energy]79.67
2020-01-29_15:54:16.132[Status]Routing 155: Walk: 95
2020-01-29_15:54:16.242[Battery Energy]79.56
2020-01-29_15:54:16.379[Status]Routing 156: Walk: 95
2020-01-29_15:54:16.479[Battery Energy]79.45
2020-01-29_15:54:16.609[Status]Routing 157: Walk: 95
2020-01-29_15:54:16.711[Battery Energy]79.34
2020-01-29_15:54:16.863[Status]Routing 158: Walk: 95
2020-01-29_15:54:16.963[Battery Energy]79.22
2020-01-29_15:54:17.133[Status]Routing 159: Walk: 95
2020-01-29_15:54:17.242[Battery Energy]79.11
2020-01-29_15:54:17.374[Status]Routing 160: Walk: 95
2020-01-29_15:54:17.478[Battery Energy]78.99
2020-01-29_15:54:17.615[Status]Routing 161: Walk: 95
2020-01-29_15:54:17.722[Battery Energy]78.89
2020-01-29_15:54:17.852[Status]Routing 162: Walk: 95
2020-01-29_15:54:17.953[Battery Energy]78.76
2020-01-29_15:54:18.092[Status]Routing 163: Walk: 95
2020-01-29_15:54:18.198[Battery Energy]78.67
2020-01-29_15:54:18.328[Status]Routing 164: Walk: 95
2020-01-29_15:54:18.430[Battery Energy]78.55
2020-01-29_15:54:18.557[Status]Routing 165: Walk: 95
2020-01-29_15:54:18.662[Battery Energy]78.45
2020-01-29_15:54:18.788[Status]Routing 166: Walk: 95
2020-01-29_15:54:18.894[Battery Energy]78.36
2020-01-29_15:54:19.028[Status]Routing 167: Walk: 95
2020-01-29_15:54:19.134[Battery Energy]78.27
2020-01-29_15:54:19.270[Status]Routing 168: Walk: 95
2020-01-29_15:54:19.374[Battery Energy]78.15
2020-01-29_15:54:19.509[Status]Routing 169: Walk: 95
2020-01-29_15:54:19.609[Battery Energy]78.04
2020-01-29_15:54:19.755[Status]Routing 170: Walk: 95
2020-01-29_15:54:19.862[Battery Energy]77.93
2020-01-29_15:54:19.993[Status]Routing 171: Walk: 95
2020-01-29_15:54:20.110[Battery Energy]77.84
2020-01-29_15:54:20.244[Status]Routing 172: Walk: 95
2020-01-29_15:54:20.351[Battery Energy]77.75
2020-01-29_15:54:20.480[Status]Routing 173: Walk: 95
2020-01-29_15:54:20.580[Battery Energy]77.66
2020-01-29_15:54:20.744[Status]Routing 174: Walk: 95
2020-01-29_15:54:20.854[Battery Energy]77.56
2020-01-29_15:54:20.989[Status]Routing 175: Walk: 95
2020-01-29_15:54:21.094[Battery Energy]77.45
2020-01-29_15:54:21.243[Status]Routing 176: Walk: 95
2020-01-29_15:54:21.344[Battery Energy]77.37
2020-01-29_15:54:21.479[Status]Routing 177: Walk: 95
2020-01-29_15:54:21.591[Battery Energy]77.27
2020-01-29_15:54:21.755[Status]Routing 178: Walk: 95
2020-01-29_15:54:21.855[Battery Energy]77.14
2020-01-29_15:54:22.003[Status]Routing 179: Walk: 95
2020-01-29_15:54:22.104[Battery Energy]77.04
2020-01-29_15:54:22.244[Status]Routing 180: Walk: 95
2020-01-29_15:54:22.366[Battery Energy]76.93
2020-01-29_15:54:22.496[Status]Routing 181: Walk: 95
2020-01-29_15:54:22.610[Battery Energy]76.81
2020-01-29_15:54:22.742[Status]Routing 182: Walk: 95
2020-01-29_15:54:22.842[Battery Energy]76.70
2020-01-29_15:54:22.983[Status]Routing 183: Walk: 95
2020-01-29_15:54:23.084[Battery Energy]76.58
2020-01-29_15:54:23.219[Status]Routing 184: Walk: 95
2020-01-29_15:54:23.328[Battery Energy]76.47
2020-01-29_15:54:23.464[Status]Routing 185: Walk: 95
2020-01-29_15:54:23.564[Battery Energy]76.35
2020-01-29_15:54:23.724[Status]Routing 186: Walk: 95
2020-01-29_15:54:23.824[Battery Energy]76.22
2020-01-29_15:54:23.970[Status]Routing 187: Walk: 95
2020-01-29_15:54:24.077[Battery Energy]76.10
2020-01-29_15:54:24.211[Status]Routing 188: Walk: 95
2020-01-29_15:54:24.318[Battery Energy]75.98
2020-01-29_15:54:24.475[Status]Routing 189: Walk: 95
2020-01-29_15:54:24.586[Battery Energy]75.85
2020-01-29_15:54:24.703[Status]Routing 190: Walk: 95
2020-01-29_15:54:24.814[Battery Energy]75.75
2020-01-29_15:54:24.931[Status]Routing 191: Walk: 95
2020-01-29_15:54:25.032[Battery Energy]75.65
2020-01-29_15:54:25.184[Status]Routing 192: Walk: 95
2020-01-29_15:54:25.294[Battery Energy]75.56
2020-01-29_15:54:25.437[Status]Routing 193: Walk: 95
2020-01-29_15:54:25.542[Battery Energy]75.44
2020-01-29_15:54:25.674[Status]Routing 194: Walk: 95
2020-01-29_15:54:25.778[Battery Energy]75.34
2020-01-29_15:54:25.907[Status]Routing 195: Walk: 95
2020-01-29_15:54:26.007[Battery Energy]75.22
2020-01-29_15:54:26.169[Status]Routing 196: Walk: 95
2020-01-29_15:54:26.282[Battery Energy]75.09
2020-01-29_15:54:26.413[Status]Routing 197: Walk: 95
2020-01-29_15:54:26.530[Battery Energy]75.00
2020-01-29_15:54:26.658[Status]Routing 198: Walk: 95
2020-01-29_15:54:26.762[Battery Energy]74.88
2020-01-29_15:54:26.906[Status]Routing 199: Walk: 95
2020-01-29_15:54:27.006[Battery Energy]74.78
2020-01-29_15:54:27.162[Status]Routing 200: Walk: 95
2020-01-29_15:54:27.262[Battery Energy]74.65
2020-01-29_15:54:27.400[Status]Routing 201: Walk: 95
2020-01-29_15:54:27.500[Battery Energy]74.52
2020-01-29_15:54:27.626[Status]Routing 202: Walk: 95
2020-01-29_15:54:27.734[Battery Energy]74.40
2020-01-29_15:54:27.914[Status]Routing 203: Walk: 95
2020-01-29_15:54:28.022[Battery Energy]74.30
2020-01-29_15:54:28.150[Status]Routing 204: Walk: 95
2020-01-29_15:54:28.266[Battery Energy]74.20
2020-01-29_15:54:28.385[Status]Routing 205: Walk: 95
2020-01-29_15:54:28.494[Battery Energy]74.10
2020-01-29_15:54:28.622[Status]Routing 206: Walk: 95
2020-01-29_15:54:28.742[Battery Energy]73.99
2020-01-29_15:54:28.863[Status]Routing 207: Walk: 95
2020-01-29_15:54:28.964[Battery Energy]73.89
2020-01-29_15:54:29.114[Status]Routing 208: Walk: 95
2020-01-29_15:54:29.218[Battery Energy]73.79
2020-01-29_15:54:29.355[Status]Routing 209: Walk: 95
2020-01-29_15:54:29.458[Battery Energy]73.68
2020-01-29_15:54:29.598[Status]Routing 210: Walk: 95
2020-01-29_15:54:29.698[Battery Energy]73.59
2020-01-29_15:54:29.840[Status]Routing 211: Walk: 95
2020-01-29_15:54:29.950[Battery Energy]73.48
2020-01-29_15:54:30.086[Status]Routing 212: Walk: 95
2020-01-29_15:54:30.198[Battery Energy]73.36
2020-01-29_15:54:30.314[Status]Routing 213: Walk: 95
2020-01-29_15:54:30.422[Battery Energy]73.25
2020-01-29_15:54:30.573[Status]Routing 214: Walk: 95
2020-01-29_15:54:30.678[Battery Energy]73.14
2020-01-29_15:54:30.814[Status]Routing 215: Walk: 95
2020-01-29_15:54:30.919[Battery Energy]73.03
2020-01-29_15:54:31.082[Status]Routing 216: Walk: 95
2020-01-29_15:54:31.189[Battery Energy]72.90
2020-01-29_15:54:31.354[Status]Routing 217: Walk: 95
2020-01-29_15:54:31.466[Battery Energy]72.74
2020-01-29_15:54:31.589[Status]Routing 218: Walk: 95
2020-01-29_15:54:31.689[Battery Energy]72.65
2020-01-29_15:54:31.839[Status]Routing 219: Walk: 95
2020-01-29_15:54:31.946[Battery Energy]72.52
2020-01-29_15:54:32.081[Status]Routing 220: Walk: 95
2020-01-29_15:54:32.189[Battery Energy]72.41
2020-01-29_15:54:32.316[Status]Routing 221: Walk: 95
2020-01-29_15:54:32.418[Battery Energy]72.30
2020-01-29_15:54:32.551[Status]Routing 222: Walk: 95
2020-01-29_15:54:32.663[Battery Energy]72.19
2020-01-29_15:54:32.784[Status]Routing 223: Walk: 95
2020-01-29_15:54:32.894[Battery Energy]72.09
2020-01-29_15:54:33.022[Status]Routing 224: Walk: 95
2020-01-29_15:54:33.130[Battery Energy]71.99
2020-01-29_15:54:33.265[Status]Routing 225: Walk: 95
2020-01-29_15:54:33.365[Battery Energy]71.89
2020-01-29_15:54:33.512[Status]Routing 226: Walk: 95
2020-01-29_15:54:33.612[Battery Energy]71.75
2020-01-29_15:54:33.737[Status]Routing 227: Walk: 95
2020-01-29_15:54:33.837[Battery Energy]71.66
2020-01-29_15:54:34.000[Status]Routing 228: Walk: 95
2020-01-29_15:54:34.110[Battery Energy]71.53
2020-01-29_15:54:34.234[Status]Routing 229: Walk: 95
2020-01-29_15:54:34.334[Battery Energy]71.45
2020-01-29_15:54:34.493[Status]Routing 230: Walk: 95
2020-01-29_15:54:34.610[Battery Energy]71.35
2020-01-29_15:54:34.728[Status]Routing 231: Walk: 95
2020-01-29_15:54:34.838[Battery Energy]71.27
2020-01-29_15:54:34.981[Status]Routing 232: Walk: 95
2020-01-29_15:54:35.086[Battery Energy]71.17
2020-01-29_15:54:35.233[Status]Routing 233: Walk: 95
2020-01-29_15:54:35.335[Battery Energy]71.03
2020-01-29_15:54:35.499[Status]Routing 234: Walk: 95
2020-01-29_15:54:35.602[Battery Energy]70.90
2020-01-29_15:54:35.740[Status]Routing 235: Walk: 95
2020-01-29_15:54:35.850[Battery Energy]70.79
2020-01-29_15:54:35.991[Status]Routing 236: Walk: 95
2020-01-29_15:54:36.098[Battery Energy]70.68
2020-01-29_15:54:36.249[Status]Routing 237: Walk: 95
2020-01-29_15:54:36.350[Battery Energy]70.59
2020-01-29_15:54:36.523[Status]Routing 238: Walk: 95
2020-01-29_15:54:36.630[Battery Energy]70.46
2020-01-29_15:54:36.763[Status]Routing 239: Walk: 95
2020-01-29_15:54:36.874[Battery Energy]70.36
2020-01-29_15:54:37.005[Status]Routing 240: Walk: 95
2020-01-29_15:54:37.105[Battery Energy]70.26
2020-01-29_15:54:37.247[Status]Routing 241: Walk: 95
2020-01-29_15:54:37.370[Battery Energy]70.16
2020-01-29_15:54:37.484[Status]Routing 242: Walk: 95
2020-01-29_15:54:37.594[Battery Energy]70.07
2020-01-29_15:54:37.721[Status]Routing 243: Walk: 95
2020-01-29_15:54:37.821[Battery Energy]69.96
2020-01-29_15:54:37.941[Status]Routing 244: Walk: 95
2020-01-29_15:54:38.043[Battery Energy]69.86
2020-01-29_15:54:38.169[Status]Routing 245: Walk: 95
2020-01-29_15:54:38.269[Battery Energy]69.75
2020-01-29_15:54:38.395[Status]Routing 246: Walk: 95
2020-01-29_15:54:38.514[Battery Energy]69.64
2020-01-29_15:54:38.623[Status]Routing 247: Walk: 95
2020-01-29_15:54:38.723[Battery Energy]69.55
2020-01-29_15:54:38.859[Status]Routing 248: Walk: 95
2020-01-29_15:54:38.960[Battery Energy]69.44
2020-01-29_15:54:39.108[Status]Routing 249: Walk: 95
2020-01-29_15:54:39.230[Battery Energy]69.30
2020-01-29_15:54:39.347[Status]Routing 250: Walk: 95
2020-01-29_15:54:39.447[Battery Energy]69.19
2020-01-29_15:54:39.594[Status]Routing 251: Walk: 95
2020-01-29_15:54:39.694[Battery Energy]69.10
2020-01-29_15:54:39.825[Status]Routing 252: Walk: 95
2020-01-29_15:54:39.927[Battery Energy]69.00
2020-01-29_15:54:40.085[Status]Routing 253: Walk: 95
2020-01-29_15:54:40.190[Battery Energy]68.89
2020-01-29_15:54:40.316[Status]Routing 254: Walk: 95
2020-01-29_15:54:40.434[Battery Energy]68.78
2020-01-29_15:54:40.553[Status]Routing 255: Walk: 95
2020-01-29_15:54:40.662[Battery Energy]68.67
2020-01-29_15:54:40.802[Status]Routing 256: Walk: 95
2020-01-29_15:54:40.910[Battery Energy]68.56
2020-01-29_15:54:41.055[Status]Routing 257: Walk: 95
2020-01-29_15:54:41.155[Battery Energy]68.44
2020-01-29_15:54:41.270[Status]Routing 258: Walk: 95
2020-01-29_15:54:41.370[Battery Energy]68.36
2020-01-29_15:54:41.533[Status]Routing 259: Walk: 95
2020-01-29_15:54:41.640[Battery Energy]68.27
2020-01-29_15:54:41.783[Status]Routing 260: Walk: 95
2020-01-29_15:54:41.902[Battery Energy]68.14
2020-01-29_15:54:42.014[Status]Routing 261: Walk: 95
2020-01-29_15:54:42.116[Battery Energy]68.06
2020-01-29_15:54:42.251[Status]Routing 262: Walk: 95
2020-01-29_15:54:42.362[Battery Energy]67.97
2020-01-29_15:54:42.519[Status]Routing 263: Walk: 95
2020-01-29_15:54:42.619[Battery Energy]67.84
2020-01-29_15:54:42.778[Status]Routing 264: Walk: 95
2020-01-29_15:54:42.878[Battery Energy]67.72
2020-01-29_15:54:43.035[Status]Routing 265: Walk: 95
2020-01-29_15:54:43.135[Battery Energy]67.58
2020-01-29_15:54:43.288[Status]Routing 266: Walk: 95
2020-01-29_15:54:43.394[Battery Energy]67.48
2020-01-29_15:54:43.549[Status]Routing 267: Walk: 95
2020-01-29_15:54:43.662[Battery Energy]67.35
2020-01-29_15:54:43.797[Status]Routing 268: Walk: 95
2020-01-29_15:54:43.906[Battery Energy]67.24
2020-01-29_15:54:44.032[Status]Routing 269: Walk: 95
2020-01-29_15:54:44.146[Battery Energy]67.13
2020-01-29_15:54:44.279[Status]Routing 270: Walk: 95
2020-01-29_15:54:44.390[Battery Energy]67.03
2020-01-29_15:54:44.499[Status]Routing 271: Walk: 95
2020-01-29_15:54:44.600[Battery Energy]66.94
2020-01-29_15:54:44.762[Status]Routing 272: Walk: 95
2020-01-29_15:54:44.866[Battery Energy]66.81
2020-01-29_15:54:45.014[Status]Routing 273: Walk: 95
2020-01-29_15:54:45.114[Battery Energy]66.67
2020-01-29_15:54:45.274[Status]Routing 274: Walk: 95
2020-01-29_15:54:45.376[Battery Energy]66.55
2020-01-29_15:54:45.520[Status]Routing 275: Walk: 95
2020-01-29_15:54:45.627[Battery Energy]66.45
2020-01-29_15:54:45.766[Status]Routing 276: Walk: 95
2020-01-29_15:54:45.878[Battery Energy]66.35
2020-01-29_15:54:46.003[Status]Routing 277: Walk: 95
2020-01-29_15:54:46.106[Battery Energy]66.26
2020-01-29_15:54:46.260[Status]Routing 278: Walk: 95
2020-01-29_15:54:46.365[Battery Energy]66.18
2020-01-29_15:54:46.493[Status]Routing 279: Walk: 95
2020-01-29_15:54:46.593[Battery Energy]66.06
2020-01-29_15:54:46.723[Status]Routing 280: Walk: 95
2020-01-29_15:54:46.830[Battery Energy]65.96
2020-01-29_15:54:46.961[Status]Routing 281: Walk: 95
2020-01-29_15:54:47.070[Battery Energy]65.88
2020-01-29_15:54:47.220[Status]Routing 282: Walk: 95
2020-01-29_15:54:47.322[Battery Energy]65.76
2020-01-29_15:54:47.466[Status]Routing 283: Walk: 95
2020-01-29_15:54:47.573[Battery Energy]65.66
2020-01-29_15:54:47.720[Status]Routing 284: Walk: 95
2020-01-29_15:54:47.820[Battery Energy]65.53
2020-01-29_15:54:47.959[Status]Routing 285: Walk: 95
2020-01-29_15:54:48.078[Battery Energy]65.42
2020-01-29_15:54:48.215[Status]Routing 286: Walk: 95
2020-01-29_15:54:48.326[Battery Energy]65.30
2020-01-29_15:54:48.449[Status]Routing 287: Walk: 95
2020-01-29_15:54:48.550[Battery Energy]65.19
2020-01-29_15:54:48.670[Status]Routing 288: Walk: 95
2020-01-29_15:54:48.786[Battery Energy]65.09
2020-01-29_15:54:48.923[Status]Routing 289: Walk: 95
2020-01-29_15:54:49.024[Battery Energy]64.99
2020-01-29_15:54:49.168[Status]Routing 290: Walk: 95
2020-01-29_15:54:49.274[Battery Energy]64.87
2020-01-29_15:54:49.393[Status]Routing 291: Walk: 95
2020-01-29_15:54:49.506[Battery Energy]64.76
2020-01-29_15:54:49.635[Status]Routing 292: Walk: 95
2020-01-29_15:54:49.745[Battery Energy]64.65
2020-01-29_15:54:49.871[Status]Routing 293: Walk: 95
2020-01-29_15:54:49.986[Battery Energy]64.58
2020-01-29_15:54:50.102[Status]Routing 294: Walk: 95
2020-01-29_15:54:50.203[Battery Energy]64.48
2020-01-29_15:54:50.342[Status]Routing 295: Walk: 95
2020-01-29_15:54:50.442[Battery Energy]64.38
2020-01-29_15:54:50.588[Status]Routing 296: Walk: 95
2020-01-29_15:54:50.688[Battery Energy]64.26
2020-01-29_15:54:50.830[Status]Routing 297: Walk: 95
2020-01-29_15:54:50.932[Battery Energy]64.15
2020-01-29_15:54:51.088[Status]Routing 298: Walk: 95
2020-01-29_15:54:51.188[Battery Energy]64.04
2020-01-29_15:54:51.322[Status]Routing 299: Walk: 95
2020-01-29_15:54:51.422[Battery Energy]63.93
2020-01-29_15:54:51.581[Status]Routing 300: Walk: 95
2020-01-29_15:54:51.681[Battery Energy]63.82
2020-01-29_15:54:51.845[Status]Routing 301: Walk: 95
2020-01-29_15:54:51.945[Battery Energy]63.70
2020-01-29_15:54:52.095[Status]Routing 302: Walk: 95
2020-01-29_15:54:52.196[Battery Energy]63.58
2020-01-29_15:54:52.312[Status]Routing 303: Walk: 95
2020-01-29_15:54:52.413[Battery Energy]63.49
2020-01-29_15:54:52.553[Status]Routing 304: Walk: 95
2020-01-29_15:54:52.658[Battery Energy]63.40
2020-01-29_15:54:52.787[Status]Routing 305: Walk: 95
2020-01-29_15:54:52.898[Battery Energy]63.32
2020-01-29_15:54:53.020[Status]Routing 306: Walk: 95
2020-01-29_15:54:53.138[Battery Energy]63.23
2020-01-29_15:54:53.266[Status]Routing 307: Walk: 95
2020-01-29_15:54:53.367[Battery Energy]63.14
2020-01-29_15:54:53.504[Status]Routing 308: Walk: 95
2020-01-29_15:54:53.604[Battery Energy]63.02
2020-01-29_15:54:53.748[Status]Routing 309: Walk: 95
2020-01-29_15:54:53.858[Battery Energy]62.90
2020-01-29_15:54:54.002[Status]Routing 310: Walk: 95
2020-01-29_15:54:54.103[Battery Energy]62.82
2020-01-29_15:54:54.244[Status]Routing 311: Walk: 95
2020-01-29_15:54:54.345[Battery Energy]62.71
2020-01-29_15:54:54.489[Status]Routing 312: Walk: 95
2020-01-29_15:54:54.602[Battery Energy]62.59
2020-01-29_15:54:54.718[Status]Routing 313: Walk: 95
2020-01-29_15:54:54.826[Battery Energy]62.51
2020-01-29_15:54:54.972[Status]Routing 314: Walk: 95
2020-01-29_15:54:55.081[Battery Energy]62.40
2020-01-29_15:54:55.215[Status]Routing 315: Walk: 95
2020-01-29_15:54:55.315[Battery Energy]62.30
2020-01-29_15:54:55.452[Status]Routing 316: Walk: 95
2020-01-29_15:54:55.553[Battery Energy]62.19
2020-01-29_15:54:55.695[Status]Routing 317: Walk: 95
2020-01-29_15:54:55.805[Battery Energy]62.09
2020-01-29_15:54:55.926[Status]Routing 318: Walk: 95
2020-01-29_15:54:56.034[Battery Energy]61.98
2020-01-29_15:54:56.178[Status]Routing 319: Walk: 95
2020-01-29_15:54:56.282[Battery Energy]61.88
2020-01-29_15:54:56.413[Status]Routing 320: Walk: 95
2020-01-29_15:54:56.529[Battery Energy]61.76
2020-01-29_15:54:56.645[Status]Routing 321: Walk: 95
2020-01-29_15:54:56.758[Battery Energy]61.67
2020-01-29_15:54:56.893[Status]Routing 322: Walk: 95
2020-01-29_15:54:57.002[Battery Energy]61.58
2020-01-29_15:54:57.136[Status]Routing 323: Walk: 95
2020-01-29_15:54:57.241[Battery Energy]61.49
2020-01-29_15:54:57.408[Status]Routing 324: Walk: 95
2020-01-29_15:54:57.514[Battery Energy]61.36
2020-01-29_15:54:57.651[Status]Routing 325: Walk: 95
2020-01-29_15:54:57.754[Battery Energy]61.27
2020-01-29_15:54:57.889[Status]Routing 326: Walk: 95
2020-01-29_15:54:57.994[Battery Energy]61.13
2020-01-29_15:54:58.131[Status]Routing 327: Walk: 95
2020-01-29_15:54:58.232[Battery Energy]61.03
2020-01-29_15:54:58.374[Status]Routing 328: Walk: 95
2020-01-29_15:54:58.476[Battery Energy]60.90
2020-01-29_15:54:58.659[Status]Routing 329: Walk: 95
2020-01-29_15:54:58.770[Battery Energy]60.74
2020-01-29_15:54:58.899[Status]Routing 330: Walk: 95
2020-01-29_15:54:58.999[Battery Energy]60.65
2020-01-29_15:54:59.125[Status]Routing 331: Walk: 95
2020-01-29_15:54:59.230[Battery Energy]60.57
2020-01-29_15:54:59.379[Status]Routing 332: Walk: 95
2020-01-29_15:54:59.490[Battery Energy]60.44
2020-01-29_15:54:59.617[Status]Routing 333: Walk: 95
2020-01-29_15:54:59.717[Battery Energy]60.33
2020-01-29_15:54:59.861[Status]Routing 334: Walk: 95
2020-01-29_15:54:59.970[Battery Energy]60.22
2020-01-29_15:55:00.105[Status]Routing 335: Walk: 95
2020-01-29_15:55:00.205[Battery Energy]60.11
2020-01-29_15:55:00.391[Status]Routing 336: Walk: 95
2020-01-29_15:55:00.492[Battery Energy]60.00
2020-01-29_15:55:00.622[Status]Routing 337: Walk: 95
2020-01-29_15:55:00.726[Battery Energy]59.90
2020-01-29_15:55:00.868[Status]Routing 338: Walk: 95
2020-01-29_15:55:00.986[Battery Energy]59.81
2020-01-29_15:55:01.113[Status]Routing 339: Walk: 95
2020-01-29_15:55:01.218[Battery Energy]59.69
2020-01-29_15:55:01.354[Status]Routing 340: Walk: 95
2020-01-29_15:55:01.461[Battery Energy]59.57
2020-01-29_15:55:01.597[Status]Routing 341: Walk: 95
2020-01-29_15:55:01.702[Battery Energy]59.46
2020-01-29_15:55:01.834[Status]Routing 342: Walk: 95
2020-01-29_15:55:01.946[Battery Energy]59.36
2020-01-29_15:55:02.075[Status]Routing 343: Walk: 95
2020-01-29_15:55:02.175[Battery Energy]59.27
2020-01-29_15:55:02.352[Status]Routing 344: Walk: 95
2020-01-29_15:55:02.452[Battery Energy]59.17
2020-01-29_15:55:02.591[Status]Routing 345: Walk: 95
2020-01-29_15:55:02.694[Battery Energy]59.08
2020-01-29_15:55:02.826[Status]Routing 346: Walk: 95
2020-01-29_15:55:02.927[Battery Energy]58.97
2020-01-29_15:55:03.072[Status]Routing 347: Walk: 95
2020-01-29_15:55:03.186[Battery Energy]58.84
2020-01-29_15:55:03.307[Status]Routing 348: Walk: 95
2020-01-29_15:55:03.407[Battery Energy]58.75
2020-01-29_15:55:03.532[Status]Routing 349: Walk: 95
2020-01-29_15:55:03.642[Battery Energy]58.63
2020-01-29_15:55:03.783[Status]Routing 350: Walk: 95
2020-01-29_15:55:03.883[Battery Energy]58.50
2020-01-29_15:55:04.028[Status]Routing 351: Walk: 95
2020-01-29_15:55:04.133[Battery Energy]58.39
2020-01-29_15:55:04.258[Status]Routing 352: Walk: 95
2020-01-29_15:55:04.362[Battery Energy]58.27
2020-01-29_15:55:04.492[Status]Routing 353: Walk: 95
2020-01-29_15:55:04.594[Battery Energy]58.17
2020-01-29_15:55:04.747[Status]Routing 354: Walk: 95
2020-01-29_15:55:04.849[Battery Energy]58.04
2020-01-29_15:55:04.982[Status]Routing 355: Walk: 95
2020-01-29_15:55:05.086[Battery Energy]57.94
2020-01-29_15:55:05.220[Status]Routing 356: Walk: 95
2020-01-29_15:55:05.321[Battery Energy]57.83
2020-01-29_15:55:05.513[Status]Routing 357: Walk: 95
2020-01-29_15:55:05.626[Battery Energy]57.69
2020-01-29_15:55:05.751[Status]Routing 358: Walk: 95
2020-01-29_15:55:05.851[Battery Energy]57.58
2020-01-29_15:55:06.016[Status]Routing 359: Walk: 95
2020-01-29_15:55:06.122[Battery Energy]57.45
2020-01-29_15:55:06.234[Status]Routing 360: Walk: 95
2020-01-29_15:55:06.335[Battery Energy]57.36
2020-01-29_15:55:06.489[Status]Routing 361: Walk: 95
2020-01-29_15:55:06.606[Battery Energy]57.26
2020-01-29_15:55:06.731[Status]Routing 362: Walk: 95
2020-01-29_15:55:06.846[Battery Energy]57.18
2020-01-29_15:55:06.974[Status]Routing 363: Walk: 95
2020-01-29_15:55:07.074[Battery Energy]57.09
2020-01-29_15:55:07.205[Status]Routing 364: Walk: 95
2020-01-29_15:55:07.306[Battery Energy]56.98
2020-01-29_15:55:07.499[Status]Routing 365: Walk: 95
2020-01-29_15:55:07.602[Battery Energy]56.86
2020-01-29_15:55:07.761[Status]Routing 366: Walk: 95
2020-01-29_15:55:07.865[Battery Energy]56.71
2020-01-29_15:55:08.002[Status]Routing 367: Walk: 95
2020-01-29_15:55:08.106[Battery Energy]56.60
2020-01-29_15:55:08.242[Status]Routing 368: Walk: 95
2020-01-29_15:55:08.342[Battery Energy]56.49
2020-01-29_15:55:08.507[Status]Routing 369: Walk: 95
2020-01-29_15:55:08.619[Battery Energy]56.36
2020-01-29_15:55:08.797[Status]Routing 370: Walk: 95
2020-01-29_15:55:08.902[Battery Energy]56.23
