2020-02-08_13:16:33.564[Status]Start.
2020-02-08_13:16:33.565[Battery Energy]116.00
2020-02-08_13:16:34.667[Battery Energy]115.96
2020-02-08_13:16:35.768[Battery Energy]115.92
2020-02-08_13:16:36.870[Battery Energy]115.88
2020-02-08_13:16:37.971[Battery Energy]115.84
2020-02-08_13:16:39.071[Task]A New Task Released.
2020-02-08_13:16:39.072[Battery Energy]115.80
2020-02-08_13:16:39.072[Status]Selection Start.
2020-02-08_13:16:41.698[Status]Selection End: Do Task 2.
2020-02-08_13:16:41.806[Battery Energy]114.05
2020-02-08_13:16:41.806[Status]Formation Start.
2020-02-08_13:16:41.955[Status]Formation End: To Position 3.
2020-02-08_13:16:42.059[Battery Energy]113.91
2020-02-08_13:16:42.059[Status]Routing Start.
2020-02-08_13:16:42.225[Status]{'id': 15, 'coordinate': [130.9990787702587, 163.13573410095373]}
2020-02-08_13:16:42.225[Status]Routing 1: Walk: 1
2020-02-08_13:16:42.330[Battery Energy]113.69
2020-02-08_13:16:42.330[Status]Routing Start.
2020-02-08_13:16:42.475[Status]{'id': 15, 'coordinate': [140.9981575405174, 163.27146820190745]}
2020-02-08_13:16:42.476[Status]Routing 2: Walk: 2
2020-02-08_13:16:42.598[Battery Energy]113.47
2020-02-08_13:16:42.598[Status]Routing Start.
2020-02-08_13:16:42.719[Status]{'id': 15, 'coordinate': [150.99723631077612, 163.40720230286118]}
2020-02-08_13:16:42.719[Status]Routing 3: Walk: 3
2020-02-08_13:16:42.829[Battery Energy]113.26
2020-02-08_13:16:42.829[Status]Routing Start.
2020-02-08_13:16:42.957[Status]{'id': 15, 'coordinate': [160.99631508103482, 163.5429364038149]}
2020-02-08_13:16:42.957[Status]Routing 4: Walk: 4
2020-02-08_13:16:43.059[Battery Energy]113.05
2020-02-08_13:16:43.059[Status]Routing Start.
2020-02-08_13:16:43.224[Status]{'id': 15, 'coordinate': [170.99539385129353, 163.67867050476863]}
2020-02-08_13:16:43.224[Status]Routing 5: Walk: 5
2020-02-08_13:16:43.324[Battery Energy]112.84
2020-02-08_13:16:43.324[Status]Routing Start.
2020-02-08_13:16:43.600[Status]{'id': 15, 'coordinate': [180.99447262155223, 163.81440460572236]}
2020-02-08_13:16:43.604[Status]Routing 6: Walk: 6
2020-02-08_13:16:43.706[Battery Energy]112.50
2020-02-08_13:16:43.706[Status]Routing Start.
2020-02-08_13:16:44.026[Status]{'id': 15, 'coordinate': [190.99355139181094, 163.95013870667609]}
2020-02-08_13:16:44.026[Status]Routing 7: Walk: 7
2020-02-08_13:16:44.126[Battery Energy]112.14
2020-02-08_13:16:44.126[Status]Routing Start.
2020-02-08_13:16:44.338[Status]{'id': 15, 'coordinate': [200.99263016206964, 164.0858728076298]}
2020-02-08_13:16:44.338[Status]Routing 8: Walk: 8
2020-02-08_13:16:44.439[Battery Energy]111.88
2020-02-08_13:16:44.439[Status]Routing Start.
2020-02-08_13:16:44.742[Status]{'id': 15, 'coordinate': [210.99170893232835, 164.22160690858354]}
2020-02-08_13:16:44.743[Status]Routing 9: Walk: 9
2020-02-08_13:16:44.854[Battery Energy]111.59
2020-02-08_13:16:44.854[Status]Routing Start.
2020-02-08_13:16:45.153[Status]{'id': 15, 'coordinate': [220.99078770258706, 164.35734100953727]}
2020-02-08_13:16:45.153[Status]Routing 10: Walk: 10
2020-02-08_13:16:45.253[Battery Energy]111.27
2020-02-08_13:16:45.253[Status]Routing Start.
2020-02-08_13:16:45.574[Status]{'id': 15, 'coordinate': [230.98986647284576, 164.493075110491]}
2020-02-08_13:16:45.574[Status]Routing 11: Walk: 11
2020-02-08_13:16:45.682[Battery Energy]110.92
2020-02-08_13:16:45.682[Status]Routing Start.
2020-02-08_13:16:46.024[Status]{'id': 15, 'coordinate': [240.98894524310447, 164.62880921144472]}
2020-02-08_13:16:46.024[Status]Routing 12: Walk: 12
2020-02-08_13:16:46.131[Battery Energy]110.55
2020-02-08_13:16:46.131[Status]Routing Start.
2020-02-08_13:16:46.471[Status]{'id': 15, 'coordinate': [250.98802401336317, 164.76454331239844]}
2020-02-08_13:16:46.472[Status]Routing 13: Walk: 13
2020-02-08_13:16:46.572[Battery Energy]110.23
2020-02-08_13:16:46.572[Status]Routing Start.
2020-02-08_13:16:46.891[Status]{'id': 15, 'coordinate': [260.9871027836219, 164.90027741335217]}
2020-02-08_13:16:46.891[Status]Routing 14: Walk: 14
2020-02-08_13:16:47.002[Battery Energy]109.92
2020-02-08_13:16:47.002[Status]Routing Start.
2020-02-08_13:16:47.336[Status]{'id': 15, 'coordinate': [270.98618155388056, 165.0360115143059]}
2020-02-08_13:16:47.336[Status]Routing 15: Walk: 15
2020-02-08_13:16:47.436[Battery Energy]109.57
2020-02-08_13:16:47.436[Status]Routing Start.
2020-02-08_13:16:47.755[Status]{'id': 15, 'coordinate': [280.98526032413923, 165.17174561525962]}
2020-02-08_13:16:47.755[Status]Routing 16: Walk: 16
2020-02-08_13:16:47.855[Battery Energy]109.25
2020-02-08_13:16:47.855[Status]Routing Start.
2020-02-08_13:16:48.171[Status]{'id': 15, 'coordinate': [290.9843390943979, 165.30747971621335]}
2020-02-08_13:16:48.171[Status]Routing 17: Walk: 17
2020-02-08_13:16:48.275[Battery Energy]108.96
2020-02-08_13:16:48.275[Status]Routing Start.
2020-02-08_13:16:48.629[Status]{'id': 15, 'coordinate': [300.9834178646566, 165.4432138171671]}
2020-02-08_13:16:48.629[Status]Routing 18: Walk: 18
2020-02-08_13:16:48.742[Battery Energy]108.64
2020-02-08_13:16:48.742[Status]Routing Start.
2020-02-08_13:16:49.054[Status]{'id': 15, 'coordinate': [310.98249663491526, 165.57894791812083]}
2020-02-08_13:16:49.054[Status]Routing 19: Walk: 19
2020-02-08_13:16:49.154[Battery Energy]108.32
2020-02-08_13:16:49.154[Status]Routing Start.
2020-02-08_13:16:49.526[Status]{'id': 15, 'coordinate': [320.98157540517394, 165.7146820190746]}
2020-02-08_13:16:49.529[Status]Routing 20: Walk: 20
2020-02-08_13:16:49.629[Battery Energy]108.00
2020-02-08_13:16:49.629[Status]Routing Start.
2020-02-08_13:16:49.935[Status]{'id': 15, 'coordinate': [330.9806541754326, 165.8504161200283]}
2020-02-08_13:16:49.935[Status]Routing 21: Walk: 21
2020-02-08_13:16:50.035[Battery Energy]107.70
2020-02-08_13:16:50.035[Status]Routing Start.
2020-02-08_13:16:50.191[Status]{'id': 15, 'coordinate': [340.9797329456913, 165.98615022098207]}
2020-02-08_13:16:50.192[Status]Routing 22: Walk: 22
2020-02-08_13:16:50.302[Battery Energy]107.49
2020-02-08_13:16:50.302[Status]Routing Start.
2020-02-08_13:16:50.646[Status]{'id': 15, 'coordinate': [350.97881171595, 166.1218843219358]}
2020-02-08_13:16:50.649[Status]Routing 23: Walk: 23
2020-02-08_13:16:50.758[Battery Energy]107.16
2020-02-08_13:16:50.758[Status]Routing Start.
2020-02-08_13:16:51.086[Status]{'id': 15, 'coordinate': [360.97789048620865, 166.25761842288955]}
2020-02-08_13:16:51.087[Status]Routing 24: Walk: 24
2020-02-08_13:16:51.201[Battery Energy]106.84
2020-02-08_13:16:51.201[Status]Routing Start.
2020-02-08_13:16:51.496[Status]{'id': 15, 'coordinate': [370.9769692564673, 166.39335252384328]}
2020-02-08_13:16:51.496[Status]Routing 25: Walk: 25
2020-02-08_13:16:51.602[Battery Energy]106.56
2020-02-08_13:16:51.602[Status]Routing Start.
2020-02-08_13:16:51.737[Status]{'id': 15, 'coordinate': [380.976048026726, 166.529086624797]}
2020-02-08_13:16:51.737[Status]Routing 26: Walk: 26
2020-02-08_13:16:51.838[Battery Energy]106.37
2020-02-08_13:16:51.838[Status]Routing Start.
2020-02-08_13:16:52.003[Status]{'id': 15, 'coordinate': [390.9751267969847, 166.66482072575076]}
2020-02-08_13:16:52.003[Status]Routing 27: Walk: 27
2020-02-08_13:16:52.114[Battery Energy]106.14
2020-02-08_13:16:52.114[Status]Routing Start.
2020-02-08_13:16:52.250[Status]{'id': 15, 'coordinate': [400.97420556724336, 166.8005548267045]}
2020-02-08_13:16:52.250[Status]Routing 28: Walk: 28
2020-02-08_13:16:52.350[Battery Energy]105.93
2020-02-08_13:16:52.350[Status]Routing Start.
2020-02-08_13:16:52.639[Status]{'id': 15, 'coordinate': [410.97328433750204, 166.93628892765824]}
2020-02-08_13:16:52.639[Status]Routing 29: Walk: 29
2020-02-08_13:16:52.739[Battery Energy]105.63
2020-02-08_13:16:52.739[Status]Routing Start.
2020-02-08_13:16:52.893[Status]{'id': 15, 'coordinate': [420.9723631077607, 167.07202302861197]}
2020-02-08_13:16:52.893[Status]Routing 30: Walk: 30
2020-02-08_13:16:52.993[Battery Energy]105.41
2020-02-08_13:16:52.993[Status]Routing Start.
2020-02-08_13:16:53.177[Status]{'id': 15, 'coordinate': [430.9714418780194, 167.20775712956572]}
2020-02-08_13:16:53.177[Status]Routing 31: Walk: 31
2020-02-08_13:16:53.290[Battery Energy]105.18
2020-02-08_13:16:53.290[Status]Routing Start.
2020-02-08_13:16:53.508[Status]{'id': 15, 'coordinate': [440.97052064827807, 167.34349123051945]}
2020-02-08_13:16:53.508[Status]Routing 32: Walk: 32
2020-02-08_13:16:53.614[Battery Energy]104.93
2020-02-08_13:16:53.614[Status]Routing Start.
2020-02-08_13:16:53.930[Status]{'id': 15, 'coordinate': [450.96959941853675, 167.4792253314732]}
2020-02-08_13:16:53.930[Status]Routing 33: Walk: 33
2020-02-08_13:16:54.036[Battery Energy]104.61
2020-02-08_13:16:54.037[Status]Routing Start.
2020-02-08_13:16:54.373[Status]{'id': 15, 'coordinate': [460.9686781887954, 167.61495943242693]}
2020-02-08_13:16:54.373[Status]Routing 34: Walk: 34
2020-02-08_13:16:54.482[Battery Energy]104.29
2020-02-08_13:16:54.482[Status]Routing Start.
2020-02-08_13:16:54.791[Status]{'id': 15, 'coordinate': [470.9677569590541, 167.75069353338068]}
2020-02-08_13:16:54.791[Status]Routing 35: Walk: 35
2020-02-08_13:16:54.891[Battery Energy]103.98
2020-02-08_13:16:54.891[Status]Routing Start.
2020-02-08_13:16:55.302[Status]{'id': 15, 'coordinate': [480.9668357293128, 167.8864276343344]}
2020-02-08_13:16:55.302[Status]Routing 36: Walk: 36
2020-02-08_13:16:55.410[Battery Energy]103.64
2020-02-08_13:16:55.410[Status]Routing Start.
2020-02-08_13:16:55.558[Status]{'id': 15, 'coordinate': [490.96591449957145, 168.02216173528817]}
2020-02-08_13:16:55.558[Status]Routing 37: Walk: 37
2020-02-08_13:16:55.670[Battery Energy]103.43
2020-02-08_13:16:55.670[Status]Routing Start.
2020-02-08_13:16:55.899[Status]{'id': 15, 'coordinate': [500.96499326983013, 168.1578958362419]}
2020-02-08_13:16:55.899[Status]Routing 38: Walk: 38
2020-02-08_13:16:56.001[Battery Energy]103.17
2020-02-08_13:16:56.001[Status]Routing Start.
2020-02-08_13:16:56.148[Status]{'id': 15, 'coordinate': [510.9640720400888, 168.29362993719565]}
2020-02-08_13:16:56.149[Status]Routing 39: Walk: 39
2020-02-08_13:16:56.259[Battery Energy]102.97
2020-02-08_13:16:56.259[Status]Routing Start.
2020-02-08_13:16:56.536[Status]{'id': 15, 'coordinate': [520.9631508103475, 168.42936403814937]}
2020-02-08_13:16:56.537[Status]Routing 40: Walk: 40
2020-02-08_13:16:56.637[Battery Energy]102.70
2020-02-08_13:16:56.637[Status]Routing Start.
2020-02-08_13:16:56.815[Status]{'id': 15, 'coordinate': [530.9622295806063, 168.56509813910313]}
2020-02-08_13:16:56.819[Status]Routing 41: Walk: 41
2020-02-08_13:16:56.920[Battery Energy]102.49
2020-02-08_13:16:56.920[Status]Routing Start.
2020-02-08_13:16:57.265[Status]{'id': 15, 'coordinate': [540.961308350865, 168.70083224005685]}
2020-02-08_13:16:57.265[Status]Routing 42: Walk: 42
2020-02-08_13:16:57.366[Battery Energy]102.16
2020-02-08_13:16:57.366[Status]Routing Start.
2020-02-08_13:16:57.672[Status]{'id': 15, 'coordinate': [550.9603871211237, 168.8365663410106]}
2020-02-08_13:16:57.672[Status]Routing 43: Walk: 43
2020-02-08_13:16:57.773[Battery Energy]101.88
2020-02-08_13:16:57.773[Status]Routing Start.
2020-02-08_13:16:58.110[Status]{'id': 15, 'coordinate': [560.9594658913825, 168.97230044196434]}
2020-02-08_13:16:58.110[Status]Routing 44: Walk: 44
2020-02-08_13:16:58.226[Battery Energy]101.58
2020-02-08_13:16:58.226[Status]Routing Start.
2020-02-08_13:16:58.513[Status]{'id': 15, 'coordinate': [570.9585446616412, 169.1080345429181]}
2020-02-08_13:16:58.517[Status]Routing 45: Walk: 45
2020-02-08_13:16:58.617[Battery Energy]101.29
2020-02-08_13:16:58.617[Status]Routing Start.
2020-02-08_13:16:58.784[Status]{'id': 15, 'coordinate': [580.9576234319, 169.24376864387182]}
2020-02-08_13:16:58.784[Status]Routing 46: Walk: 46
2020-02-08_13:16:58.884[Battery Energy]101.06
2020-02-08_13:16:58.884[Status]Routing Start.
2020-02-08_13:16:59.238[Status]{'id': 15, 'coordinate': [590.9567022021587, 169.37950274482557]}
2020-02-08_13:16:59.238[Status]Routing 47: Walk: 47
2020-02-08_13:16:59.354[Battery Energy]100.74
2020-02-08_13:16:59.354[Status]Routing Start.
2020-02-08_13:16:59.679[Status]{'id': 15, 'coordinate': [600.9557809724174, 169.51523684577933]}
2020-02-08_13:16:59.679[Status]Routing 48: Walk: 48
2020-02-08_13:16:59.790[Battery Energy]100.40
2020-02-08_13:16:59.790[Status]Routing Start.
2020-02-08_13:17:00.117[Status]{'id': 15, 'coordinate': [610.9548597426761, 169.65097094673305]}
2020-02-08_13:17:00.118[Status]Routing 49: Walk: 49
2020-02-08_13:17:00.222[Battery Energy]100.06
2020-02-08_13:17:00.222[Status]Routing Start.
2020-02-08_13:17:00.512[Status]{'id': 15, 'coordinate': [620.9539385129349, 169.78670504768678]}
2020-02-08_13:17:00.512[Status]Routing 50: Walk: 50
2020-02-08_13:17:00.622[Battery Energy]99.75
2020-02-08_13:17:00.622[Status]Routing Start.
2020-02-08_13:17:00.915[Status]{'id': 15, 'coordinate': [630.9530172831936, 169.92243914864054]}
2020-02-08_13:17:00.915[Status]Routing 51: Walk: 51
2020-02-08_13:17:01.015[Battery Energy]99.47
2020-02-08_13:17:01.015[Status]Routing Start.
2020-02-08_13:17:01.299[Status]{'id': 15, 'coordinate': [640.9520960534524, 170.0581732495943]}
2020-02-08_13:17:01.299[Status]Routing 52: Walk: 52
2020-02-08_13:17:01.399[Battery Energy]99.16
2020-02-08_13:17:01.399[Status]Routing Start.
2020-02-08_13:17:01.699[Status]{'id': 15, 'coordinate': [650.9511748237111, 170.19390735054802]}
2020-02-08_13:17:01.700[Status]Routing 53: Walk: 53
2020-02-08_13:17:01.801[Battery Energy]98.88
2020-02-08_13:17:01.801[Status]Routing Start.
2020-02-08_13:17:02.066[Status]{'id': 15, 'coordinate': [660.9502535939698, 170.32964145150177]}
2020-02-08_13:17:02.066[Status]Routing 54: Walk: 54
2020-02-08_13:17:02.178[Battery Energy]98.59
2020-02-08_13:17:02.178[Status]Routing Start.
2020-02-08_13:17:02.496[Status]{'id': 15, 'coordinate': [670.9493323642286, 170.4653755524555]}
2020-02-08_13:17:02.496[Status]Routing 55: Walk: 55
2020-02-08_13:17:02.596[Battery Energy]98.27
2020-02-08_13:17:02.596[Status]Routing Start.
2020-02-08_13:17:02.997[Status]{'id': 15, 'coordinate': [680.9484111344873, 170.60110965340925]}
2020-02-08_13:17:02.997[Status]Routing 56: Walk: 56
2020-02-08_13:17:03.097[Battery Energy]97.95
2020-02-08_13:17:03.097[Status]Routing Start.
2020-02-08_13:17:03.420[Status]{'id': 15, 'coordinate': [690.947489904746, 170.73684375436298]}
2020-02-08_13:17:03.420[Status]Routing 57: Walk: 57
2020-02-08_13:17:03.538[Battery Energy]97.65
2020-02-08_13:17:03.538[Status]Routing Start.
2020-02-08_13:17:03.846[Status]{'id': 15, 'coordinate': [700.9465686750048, 170.87257785531673]}
2020-02-08_13:17:03.846[Status]Routing 58: Walk: 58
2020-02-08_13:17:03.954[Battery Energy]97.33
2020-02-08_13:17:03.954[Status]Routing Start.
2020-02-08_13:17:04.108[Status]{'id': 15, 'coordinate': [710.9456474452635, 171.00831195627046]}
2020-02-08_13:17:04.109[Status]Routing 59: Walk: 59
2020-02-08_13:17:04.209[Battery Energy]97.12
2020-02-08_13:17:04.209[Status]Routing Start.
2020-02-08_13:17:04.382[Status]{'id': 15, 'coordinate': [720.9447262155222, 171.14404605722422]}
2020-02-08_13:17:04.382[Status]Routing 60: Walk: 60
2020-02-08_13:17:04.488[Battery Energy]96.89
2020-02-08_13:17:04.488[Status]Routing Start.
2020-02-08_13:17:04.793[Status]{'id': 15, 'coordinate': [730.943804985781, 171.27978015817794]}
2020-02-08_13:17:04.793[Status]Routing 61: Walk: 61
2020-02-08_13:17:04.893[Battery Energy]96.57
2020-02-08_13:17:04.893[Status]Routing Start.
2020-02-08_13:17:05.186[Status]{'id': 15, 'coordinate': [740.9428837560397, 171.4155142591317]}
2020-02-08_13:17:05.186[Status]Routing 62: Walk: 62
2020-02-08_13:17:05.287[Battery Energy]96.23
2020-02-08_13:17:05.287[Status]Routing Start.
2020-02-08_13:17:05.430[Status]{'id': 15, 'coordinate': [750.9419625262984, 171.55124836008542]}
2020-02-08_13:17:05.430[Status]Routing 63: Walk: 63
2020-02-08_13:17:05.530[Battery Energy]96.04
2020-02-08_13:17:05.530[Status]Routing Start.
2020-02-08_13:17:05.827[Status]{'id': 15, 'coordinate': [760.9410412965572, 171.68698246103918]}
2020-02-08_13:17:05.828[Status]Routing 64: Walk: 64
2020-02-08_13:17:05.928[Battery Energy]95.76
2020-02-08_13:17:05.928[Status]Routing Start.
2020-02-08_13:17:06.236[Status]{'id': 15, 'coordinate': [770.9401200668159, 171.8227165619929]}
2020-02-08_13:17:06.236[Status]Routing 65: Walk: 65
2020-02-08_13:17:06.337[Battery Energy]95.45
2020-02-08_13:17:06.337[Status]Routing Start.
2020-02-08_13:17:06.668[Status]{'id': 15, 'coordinate': [780.9391988370746, 171.95845066294666]}
2020-02-08_13:17:06.668[Status]Routing 66: Walk: 66
2020-02-08_13:17:06.774[Battery Energy]95.11
2020-02-08_13:17:06.774[Status]Routing Start.
2020-02-08_13:17:07.095[Status]{'id': 15, 'coordinate': [790.9382776073334, 172.0941847639004]}
2020-02-08_13:17:07.095[Status]Routing 67: Walk: 67
2020-02-08_13:17:07.206[Battery Energy]94.82
2020-02-08_13:17:07.206[Status]Routing Start.
2020-02-08_13:17:07.459[Status]{'id': 15, 'coordinate': [800.9373563775921, 172.22991886485414]}
2020-02-08_13:17:07.459[Status]Routing 68: Walk: 68
2020-02-08_13:17:07.564[Battery Energy]94.51
2020-02-08_13:17:07.564[Status]Routing Start.
2020-02-08_13:17:07.901[Status]{'id': 15, 'coordinate': [810.9364351478508, 172.36565296580787]}
2020-02-08_13:17:07.901[Status]Routing 69: Walk: 69
2020-02-08_13:17:08.022[Battery Energy]94.23
2020-02-08_13:17:08.022[Status]Routing Start.
2020-02-08_13:17:08.404[Status]{'id': 15, 'coordinate': [820.9355139181096, 172.50138706676162]}
2020-02-08_13:17:08.404[Status]Routing 70: Walk: 70
2020-02-08_13:17:08.505[Battery Energy]93.92
2020-02-08_13:17:08.505[Status]Routing Start.
2020-02-08_13:17:08.660[Status]{'id': 15, 'coordinate': [830.9345926883683, 172.63712116771535]}
2020-02-08_13:17:08.661[Status]Routing 71: Walk: 71
2020-02-08_13:17:08.761[Battery Energy]93.70
2020-02-08_13:17:08.761[Status]Routing Start.
2020-02-08_13:17:08.947[Status]{'id': 15, 'coordinate': [840.933671458627, 172.7728552686691]}
2020-02-08_13:17:08.947[Status]Routing 72: Walk: 72
2020-02-08_13:17:09.054[Battery Energy]93.46
2020-02-08_13:17:09.054[Status]Routing Start.
2020-02-08_13:17:09.235[Status]{'id': 15, 'coordinate': [850.9327502288858, 172.90858936962283]}
2020-02-08_13:17:09.238[Status]Routing 73: Walk: 73
2020-02-08_13:17:09.342[Battery Energy]93.24
2020-02-08_13:17:09.342[Status]Routing Start.
2020-02-08_13:17:09.494[Status]{'id': 15, 'coordinate': [860.9318289991445, 173.0443234705766]}
2020-02-08_13:17:09.494[Status]Routing 74: Walk: 74
2020-02-08_13:17:09.597[Battery Energy]93.02
2020-02-08_13:17:09.597[Status]Routing Start.
2020-02-08_13:17:09.771[Status]{'id': 15, 'coordinate': [870.9309077694032, 173.1800575715303]}
2020-02-08_13:17:09.771[Status]Routing 75: Walk: 75
2020-02-08_13:17:09.882[Battery Energy]92.81
2020-02-08_13:17:09.882[Status]Routing Start.
2020-02-08_13:17:10.026[Status]{'id': 15, 'coordinate': [880.929986539662, 173.31579167248407]}
2020-02-08_13:17:10.027[Status]Routing 76: Walk: 76
2020-02-08_13:17:10.127[Battery Energy]92.62
2020-02-08_13:17:10.128[Status]Routing Start.
2020-02-08_13:17:10.294[Status]{'id': 15, 'coordinate': [890.9290653099207, 173.4515257734378]}
2020-02-08_13:17:10.294[Status]Routing 77: Walk: 77
2020-02-08_13:17:10.398[Battery Energy]92.43
2020-02-08_13:17:10.398[Status]Routing Start.
2020-02-08_13:17:10.539[Status]{'id': 15, 'coordinate': [900.9281440801794, 173.58725987439155]}
2020-02-08_13:17:10.539[Status]Routing 78: Walk: 78
2020-02-08_13:17:10.642[Battery Energy]92.22
2020-02-08_13:17:10.642[Status]Routing Start.
2020-02-08_13:17:10.773[Status]{'id': 15, 'coordinate': [910.9272228504382, 173.72299397534528]}
2020-02-08_13:17:10.773[Status]Routing 79: Walk: 79
2020-02-08_13:17:10.886[Battery Energy]91.99
2020-02-08_13:17:10.886[Status]Routing Start.
2020-02-08_13:17:11.022[Status]{'id': 15, 'coordinate': [920.9263016206969, 173.85872807629903]}
2020-02-08_13:17:11.022[Status]Routing 80: Walk: 80
2020-02-08_13:17:11.134[Battery Energy]91.78
2020-02-08_13:17:11.134[Status]Routing Start.
2020-02-08_13:17:11.277[Status]{'id': 15, 'coordinate': [930.9253803909556, 173.99446217725279]}
2020-02-08_13:17:11.279[Status]Routing 81: Walk: 81
2020-02-08_13:17:11.386[Battery Energy]91.58
2020-02-08_13:17:11.386[Status]Routing Start.
2020-02-08_13:17:11.521[Status]{'id': 15, 'coordinate': [940.9244591612144, 174.1301962782065]}
2020-02-08_13:17:11.521[Status]Routing 82: Walk: 82
2020-02-08_13:17:11.630[Battery Energy]91.39
2020-02-08_13:17:11.630[Status]Routing Start.
2020-02-08_13:17:11.913[Status]{'id': 15, 'coordinate': [950.9235379314731, 174.26593037916027]}
2020-02-08_13:17:11.913[Status]Routing 83: Walk: 83
2020-02-08_13:17:12.013[Battery Energy]91.05
2020-02-08_13:17:12.014[Status]Routing Start.
2020-02-08_13:17:12.155[Status]{'id': 15, 'coordinate': [960.9226167017318, 174.401664480114]}
2020-02-08_13:17:12.156[Status]Routing 84: Walk: 84
2020-02-08_13:17:12.256[Battery Energy]90.86
2020-02-08_13:17:12.256[Status]Routing Start.
2020-02-08_13:17:12.553[Status]{'id': 15, 'coordinate': [970.9216954719906, 174.53739858106775]}
2020-02-08_13:17:12.553[Status]Routing 85: Walk: 85
2020-02-08_13:17:12.655[Battery Energy]90.58
2020-02-08_13:17:12.655[Status]Routing Start.
2020-02-08_13:17:12.845[Status]{'id': 15, 'coordinate': [980.9207742422493, 174.67313268202147]}
2020-02-08_13:17:12.845[Status]Routing 86: Walk: 86
2020-02-08_13:17:12.950[Battery Energy]90.32
2020-02-08_13:17:12.950[Status]Routing Start.
2020-02-08_13:17:13.105[Status]{'id': 15, 'coordinate': [990.919853012508, 174.80886678297523]}
2020-02-08_13:17:13.106[Status]Routing 87: Walk: 87
2020-02-08_13:17:13.207[Battery Energy]90.12
2020-02-08_13:17:13.207[Status]Routing Start.
2020-02-08_13:17:13.557[Status]{'id': 15, 'coordinate': [1000.9189317827668, 174.94460088392896]}
2020-02-08_13:17:13.557[Status]Routing 88: Walk: 88
2020-02-08_13:17:13.658[Battery Energy]89.82
2020-02-08_13:17:13.658[Status]Routing Start.
2020-02-08_13:17:13.658[Status]Task Finished.
2020-02-08_13:17:13.758[Battery Energy]89.82
2020-02-08_13:17:13.923[Status]Routing 90: Walk: 88
2020-02-08_13:17:14.025[Battery Energy]89.69
2020-02-08_13:17:14.351[Status]Routing 91: Walk: 88
2020-02-08_13:17:14.452[Battery Energy]89.48
2020-02-08_13:17:14.784[Status]Routing 92: Walk: 88
2020-02-08_13:17:14.906[Battery Energy]89.22
2020-02-08_13:17:15.044[Status]Routing 93: Walk: 88
2020-02-08_13:17:15.150[Battery Energy]89.12
2020-02-08_13:17:15.298[Status]Routing 94: Walk: 88
2020-02-08_13:17:15.399[Battery Energy]88.99
2020-02-08_13:17:15.534[Status]Routing 95: Walk: 88
2020-02-08_13:17:15.635[Battery Energy]88.89
2020-02-08_13:17:15.921[Status]Routing 96: Walk: 88
2020-02-08_13:17:16.034[Battery Energy]88.70
2020-02-08_13:17:16.354[Status]Routing 97: Walk: 88
2020-02-08_13:17:16.466[Battery Energy]88.47
2020-02-08_13:17:16.775[Status]Routing 98: Walk: 88
2020-02-08_13:17:16.881[Battery Energy]88.28
2020-02-08_13:17:17.177[Status]Routing 99: Walk: 88
2020-02-08_13:17:17.282[Battery Energy]88.07
2020-02-08_13:17:17.411[Status]Routing 100: Walk: 88
2020-02-08_13:17:17.514[Battery Energy]87.97
2020-02-08_13:17:17.859[Status]Routing 101: Walk: 88
2020-02-08_13:17:17.959[Battery Energy]87.78
2020-02-08_13:17:18.272[Status]Routing 102: Walk: 88
2020-02-08_13:17:18.384[Battery Energy]87.56
2020-02-08_13:17:18.569[Status]Routing 103: Walk: 88
2020-02-08_13:17:18.677[Battery Energy]87.45
2020-02-08_13:17:19.007[Status]Routing 104: Walk: 88
2020-02-08_13:17:19.108[Battery Energy]87.23
2020-02-08_13:17:19.276[Status]Routing 105: Walk: 88
2020-02-08_13:17:19.376[Battery Energy]87.12
2020-02-08_13:17:19.526[Status]Routing 106: Walk: 88
2020-02-08_13:17:19.626[Battery Energy]87.01
2020-02-08_13:17:19.761[Status]Routing 107: Walk: 88
2020-02-08_13:17:19.862[Battery Energy]86.91
2020-02-08_13:17:20.016[Status]Routing 108: Walk: 88
2020-02-08_13:17:20.122[Battery Energy]86.79
2020-02-08_13:17:20.270[Status]Routing 109: Walk: 88
2020-02-08_13:17:20.386[Battery Energy]86.69
2020-02-08_13:17:20.610[Status]Routing 110: Walk: 88
2020-02-08_13:17:20.718[Battery Energy]86.55
2020-02-08_13:17:20.868[Status]Routing 111: Walk: 88
2020-02-08_13:17:20.981[Battery Energy]86.45
2020-02-08_13:17:21.141[Status]Routing 112: Walk: 88
2020-02-08_13:17:21.243[Battery Energy]86.33
2020-02-08_13:17:21.546[Status]Routing 113: Walk: 88
2020-02-08_13:17:21.653[Battery Energy]86.15
2020-02-08_13:17:21.907[Status]Routing 114: Walk: 88
2020-02-08_13:17:22.007[Battery Energy]86.01
2020-02-08_13:17:22.161[Status]Routing 115: Walk: 88
2020-02-08_13:17:22.262[Battery Energy]85.91
2020-02-08_13:17:22.586[Status]Routing 116: Walk: 88
2020-02-08_13:17:22.686[Battery Energy]85.70
2020-02-08_13:17:22.844[Status]Routing 117: Walk: 88
2020-02-08_13:17:22.950[Battery Energy]85.60
2020-02-08_13:17:23.191[Status]Routing 118: Walk: 88
2020-02-08_13:17:23.298[Battery Energy]85.42
2020-02-08_13:17:23.518[Status]Routing 119: Walk: 88
2020-02-08_13:17:23.619[Battery Energy]85.26
2020-02-08_13:17:23.780[Status]Routing 120: Walk: 88
2020-02-08_13:17:23.880[Battery Energy]85.15
2020-02-08_13:17:24.197[Status]Routing 121: Walk: 88
2020-02-08_13:17:24.297[Battery Energy]84.97
2020-02-08_13:17:24.610[Status]Routing 122: Walk: 88
2020-02-08_13:17:24.715[Battery Energy]84.80
2020-02-08_13:17:25.073[Status]Routing 123: Walk: 88
2020-02-08_13:17:25.186[Battery Energy]84.61
2020-02-08_13:17:25.564[Status]Routing 124: Walk: 88
2020-02-08_13:17:25.665[Battery Energy]84.32
2020-02-08_13:17:26.071[Status]Routing 125: Walk: 88
2020-02-08_13:17:26.178[Battery Energy]84.05
2020-02-08_13:17:26.501[Status]Routing 126: Walk: 88
2020-02-08_13:17:26.602[Battery Energy]83.83
2020-02-08_13:17:26.940[Status]Routing 127: Walk: 88
2020-02-08_13:17:27.043[Battery Energy]83.62
2020-02-08_13:17:27.338[Status]Routing 128: Walk: 88
2020-02-08_13:17:27.444[Battery Energy]83.42
2020-02-08_13:17:27.800[Status]Routing 129: Walk: 88
2020-02-08_13:17:27.905[Battery Energy]83.25
2020-02-08_13:17:28.279[Status]Routing 130: Walk: 88
2020-02-08_13:17:28.390[Battery Energy]82.97
2020-02-08_13:17:28.707[Status]Routing 131: Walk: 88
2020-02-08_13:17:28.807[Battery Energy]82.76
2020-02-08_13:17:29.134[Status]Routing 132: Walk: 88
2020-02-08_13:17:29.246[Battery Energy]82.54
2020-02-08_13:17:29.541[Status]Routing 133: Walk: 88
2020-02-08_13:17:29.641[Battery Energy]82.34
2020-02-08_13:17:29.805[Status]Routing 134: Walk: 88
2020-02-08_13:17:29.906[Battery Energy]82.24
2020-02-08_13:17:30.063[Status]Routing 135: Walk: 88
2020-02-08_13:17:30.168[Battery Energy]82.15
2020-02-08_13:17:30.454[Status]Routing 136: Walk: 88
2020-02-08_13:17:30.558[Battery Energy]81.98
2020-02-08_13:17:30.781[Status]Routing 137: Walk: 88
2020-02-08_13:17:30.881[Battery Energy]81.83
2020-02-08_13:17:31.025[Status]Routing 138: Walk: 88
2020-02-08_13:17:31.130[Battery Energy]81.73
2020-02-08_13:17:31.269[Status]Routing 139: Walk: 88
2020-02-08_13:17:31.390[Battery Energy]81.61
2020-02-08_13:17:31.617[Status]Routing 140: Walk: 88
2020-02-08_13:17:31.722[Battery Energy]81.44
2020-02-08_13:17:31.885[Status]Routing 141: Walk: 88
2020-02-08_13:17:31.985[Battery Energy]81.35
2020-02-08_13:17:32.168[Status]Routing 142: Walk: 88
2020-02-08_13:17:32.270[Battery Energy]81.24
2020-02-08_13:17:32.432[Status]Routing 143: Walk: 88
2020-02-08_13:17:32.546[Battery Energy]81.11
2020-02-08_13:17:32.699[Status]Routing 144: Walk: 88
2020-02-08_13:17:32.802[Battery Energy]81.01
2020-02-08_13:17:33.080[Status]Routing 145: Walk: 88
2020-02-08_13:17:33.190[Battery Energy]80.82
2020-02-08_13:17:33.350[Status]Routing 146: Walk: 88
2020-02-08_13:17:33.451[Battery Energy]80.69
2020-02-08_13:17:33.628[Status]Routing 147: Walk: 88
2020-02-08_13:17:33.728[Battery Energy]80.56
2020-02-08_13:17:33.876[Status]Routing 148: Walk: 88
2020-02-08_13:17:33.978[Battery Energy]80.46
2020-02-08_13:17:34.131[Status]Routing 149: Walk: 88
2020-02-08_13:17:34.231[Battery Energy]80.34
2020-02-08_13:17:34.392[Status]Routing 150: Walk: 88
2020-02-08_13:17:34.502[Battery Energy]80.23
2020-02-08_13:17:34.676[Status]Routing 151: Walk: 88
2020-02-08_13:17:34.782[Battery Energy]80.10
2020-02-08_13:17:34.933[Status]Routing 152: Walk: 88
2020-02-08_13:17:35.037[Battery Energy]79.99
2020-02-08_13:17:35.201[Status]Routing 153: Walk: 88
2020-02-08_13:17:35.307[Battery Energy]79.89
2020-02-08_13:17:35.478[Status]Routing 154: Walk: 88
2020-02-08_13:17:35.586[Battery Energy]79.76
2020-02-08_13:17:35.766[Status]Routing 155: Walk: 88
2020-02-08_13:17:35.874[Battery Energy]79.64
2020-02-08_13:17:36.028[Status]Routing 156: Walk: 88
2020-02-08_13:17:36.129[Battery Energy]79.53
2020-02-08_13:17:36.288[Status]Routing 157: Walk: 88
2020-02-08_13:17:36.394[Battery Energy]79.44
2020-02-08_13:17:36.542[Status]Routing 158: Walk: 88
2020-02-08_13:17:36.650[Battery Energy]79.35
2020-02-08_13:17:36.812[Status]Routing 159: Walk: 88
2020-02-08_13:17:36.922[Battery Energy]79.22
2020-02-08_13:17:37.054[Status]Routing 160: Walk: 88
2020-02-08_13:17:37.162[Battery Energy]79.12
2020-02-08_13:17:37.356[Status]Routing 161: Walk: 88
2020-02-08_13:17:37.456[Battery Energy]78.98
2020-02-08_13:17:37.657[Status]Routing 162: Walk: 88
2020-02-08_13:17:37.758[Battery Energy]78.86
2020-02-08_13:17:37.894[Status]Routing 163: Walk: 88
2020-02-08_13:17:37.998[Battery Energy]78.77
2020-02-08_13:17:38.139[Status]Routing 164: Walk: 88
2020-02-08_13:17:38.258[Battery Energy]78.66
2020-02-08_13:17:38.401[Status]Routing 165: Walk: 88
2020-02-08_13:17:38.502[Battery Energy]78.55
2020-02-08_13:17:38.653[Status]Routing 166: Walk: 88
2020-02-08_13:17:38.753[Battery Energy]78.45
2020-02-08_13:17:38.917[Status]Routing 167: Walk: 88
2020-02-08_13:17:39.021[Battery Energy]78.34
2020-02-08_13:17:39.196[Status]Routing 168: Walk: 88
2020-02-08_13:17:39.314[Battery Energy]78.24
2020-02-08_13:17:39.447[Status]Routing 169: Walk: 88
2020-02-08_13:17:39.554[Battery Energy]78.12
2020-02-08_13:17:39.707[Status]Routing 170: Walk: 88
2020-02-08_13:17:39.807[Battery Energy]78.03
2020-02-08_13:17:40.006[Status]Routing 171: Walk: 88
2020-02-08_13:17:40.114[Battery Energy]77.93
2020-02-08_13:17:40.267[Status]Routing 172: Walk: 88
2020-02-08_13:17:40.370[Battery Energy]77.81
2020-02-08_13:17:40.520[Status]Routing 173: Walk: 88
2020-02-08_13:17:40.623[Battery Energy]77.70
2020-02-08_13:17:40.785[Status]Routing 174: Walk: 88
2020-02-08_13:17:40.886[Battery Energy]77.58
2020-02-08_13:17:41.024[Status]Routing 175: Walk: 88
2020-02-08_13:17:41.130[Battery Energy]77.49
2020-02-08_13:17:41.300[Status]Routing 176: Walk: 88
2020-02-08_13:17:41.414[Battery Energy]77.38
2020-02-08_13:17:41.558[Status]Routing 177: Walk: 88
2020-02-08_13:17:41.668[Battery Energy]77.26
2020-02-08_13:17:41.810[Status]Routing 178: Walk: 88
2020-02-08_13:17:41.918[Battery Energy]77.18
2020-02-08_13:17:42.075[Status]Routing 179: Walk: 88
2020-02-08_13:17:42.175[Battery Energy]77.06
2020-02-08_13:17:42.349[Status]Routing 180: Walk: 88
2020-02-08_13:17:42.450[Battery Energy]76.94
2020-02-08_13:17:42.606[Status]Routing 181: Walk: 88
2020-02-08_13:17:42.711[Battery Energy]76.85
2020-02-08_13:17:42.853[Status]Routing 182: Walk: 88
2020-02-08_13:17:42.958[Battery Energy]76.76
2020-02-08_13:17:43.099[Status]Routing 183: Walk: 88
2020-02-08_13:17:43.199[Battery Energy]76.66
2020-02-08_13:17:43.377[Status]Routing 184: Walk: 88
2020-02-08_13:17:43.501[Battery Energy]76.55
2020-02-08_13:17:43.644[Status]Routing 185: Walk: 88
2020-02-08_13:17:43.755[Battery Energy]76.45
2020-02-08_13:17:43.910[Status]Routing 186: Walk: 88
2020-02-08_13:17:44.025[Battery Energy]76.38
2020-02-08_13:17:44.149[Status]Routing 187: Walk: 88
2020-02-08_13:17:44.252[Battery Energy]76.29
2020-02-08_13:17:44.393[Status]Routing 188: Walk: 88
2020-02-08_13:17:44.502[Battery Energy]76.19
2020-02-08_13:17:44.641[Status]Routing 189: Walk: 88
2020-02-08_13:17:44.741[Battery Energy]76.10
2020-02-08_13:17:44.882[Status]Routing 190: Walk: 88
2020-02-08_13:17:44.986[Battery Energy]75.98
2020-02-08_13:17:45.140[Status]Routing 191: Walk: 88
2020-02-08_13:17:45.250[Battery Energy]75.89
2020-02-08_13:17:45.406[Status]Routing 192: Walk: 88
2020-02-08_13:17:45.522[Battery Energy]75.79
2020-02-08_13:17:45.657[Status]Routing 193: Walk: 88
2020-02-08_13:17:45.761[Battery Energy]75.69
2020-02-08_13:17:45.913[Status]Routing 194: Walk: 88
2020-02-08_13:17:46.022[Battery Energy]75.60
2020-02-08_13:17:46.171[Status]Routing 195: Walk: 88
2020-02-08_13:17:46.286[Battery Energy]75.49
2020-02-08_13:17:46.427[Status]Routing 196: Walk: 88
2020-02-08_13:17:46.530[Battery Energy]75.40
2020-02-08_13:17:46.680[Status]Routing 197: Walk: 88
2020-02-08_13:17:46.790[Battery Energy]75.28
2020-02-08_13:17:46.927[Status]Routing 198: Walk: 88
2020-02-08_13:17:47.028[Battery Energy]75.17
2020-02-08_13:17:47.159[Status]Routing 199: Walk: 88
2020-02-08_13:17:47.278[Battery Energy]75.10
2020-02-08_13:17:47.399[Status]Routing 200: Walk: 88
2020-02-08_13:17:47.510[Battery Energy]75.02
2020-02-08_13:17:47.644[Status]Routing 201: Walk: 88
2020-02-08_13:17:47.750[Battery Energy]74.92
2020-02-08_13:17:47.878[Status]Routing 202: Walk: 88
2020-02-08_13:17:47.979[Battery Energy]74.82
2020-02-08_13:17:48.155[Status]Routing 203: Walk: 88
2020-02-08_13:17:48.256[Battery Energy]74.70
2020-02-08_13:17:48.408[Status]Routing 204: Walk: 88
2020-02-08_13:17:48.526[Battery Energy]74.59
2020-02-08_13:17:48.670[Status]Routing 205: Walk: 88
2020-02-08_13:17:48.770[Battery Energy]74.49
2020-02-08_13:17:48.928[Status]Routing 206: Walk: 88
2020-02-08_13:17:49.029[Battery Energy]74.37
2020-02-08_13:17:49.165[Status]Routing 207: Walk: 88
2020-02-08_13:17:49.267[Battery Energy]74.29
2020-02-08_13:17:49.413[Status]Routing 208: Walk: 88
2020-02-08_13:17:49.514[Battery Energy]74.18
2020-02-08_13:17:49.676[Status]Routing 209: Walk: 88
2020-02-08_13:17:49.779[Battery Energy]74.05
2020-02-08_13:17:49.920[Status]Routing 210: Walk: 88
2020-02-08_13:17:50.020[Battery Energy]73.96
2020-02-08_13:17:50.192[Status]Routing 211: Walk: 88
2020-02-08_13:17:50.306[Battery Energy]73.85
2020-02-08_13:17:50.467[Status]Routing 212: Walk: 88
2020-02-08_13:17:50.574[Battery Energy]73.74
2020-02-08_13:17:50.730[Status]Routing 213: Walk: 88
2020-02-08_13:17:50.841[Battery Energy]73.62
2020-02-08_13:17:50.968[Status]Routing 214: Walk: 88
2020-02-08_13:17:51.078[Battery Energy]73.53
2020-02-08_13:17:51.232[Status]Routing 215: Walk: 88
2020-02-08_13:17:51.332[Battery Energy]73.42
2020-02-08_13:17:51.519[Status]Routing 216: Walk: 88
2020-02-08_13:17:51.619[Battery Energy]73.27
2020-02-08_13:17:51.813[Status]Routing 217: Walk: 88
2020-02-08_13:17:51.914[Battery Energy]73.15
2020-02-08_13:17:52.076[Status]Routing 218: Walk: 88
2020-02-08_13:17:52.186[Battery Energy]73.05
2020-02-08_13:17:52.361[Status]Routing 219: Walk: 88
2020-02-08_13:17:52.461[Battery Energy]72.94
2020-02-08_13:17:52.622[Status]Routing 220: Walk: 88
2020-02-08_13:17:52.723[Battery Energy]72.82
2020-02-08_13:17:52.891[Status]Routing 221: Walk: 88
2020-02-08_13:17:52.991[Battery Energy]72.70
