2020-01-30_22:06:56.865[Status]Start.
2020-01-30_22:06:56.866[Battery Energy]90.00
2020-01-30_22:06:57.967[Battery Energy]89.96
2020-01-30_22:06:59.068[Battery Energy]89.92
2020-01-30_22:07:00.172[Battery Energy]89.88
2020-01-30_22:07:01.273[Battery Energy]89.84
2020-01-30_22:07:02.374[Task]A New Task Released.
2020-01-30_22:07:02.374[Battery Energy]89.80
2020-01-30_22:07:02.374[Status]Selection Start.
2020-01-30_22:07:08.863[Status]Selection End: Do Task 0.
2020-01-30_22:07:08.974[Battery Energy]84.72
2020-01-30_22:07:08.974[Status]Formation Start.
2020-01-30_22:07:09.113[Status]number of tasks is 6
2020-01-30_22:07:09.116[Status]my group tasks is [ 525.  475.]
2020-01-30_22:07:09.122[Status]my group tasks is [ 425.          648.20508076]
2020-01-30_22:07:09.123[Status]my group tasks is [ 225.          648.20508076]
2020-01-30_22:07:09.133[Status]my group tasks is [ 125.  475.]
2020-01-30_22:07:09.141[Status]my group tasks is [ 225.          301.79491924]
2020-01-30_22:07:09.142[Status]my group tasks is [ 425.          301.79491924]
2020-01-30_22:07:09.194[Status]mygroup_robots_utility is {1: [32.860743322216955, 33.56368232255527, 62.45871397143412, 38.50930661779807, 46.41824818149337, 79.80914097508051], 2: [33.58103430509932, 99.27463259199536, 70.59225675174675, 40.72711520946685, 41.22632807838551, 35.54527877214211], 3: [32.84899303639, 37.291858012435576, 39.393924200567696, 89.79173883843237, 30.299710860794022, 31.770797094916503], 4: [34.39695862764491, 83.96490440893422, 42.24898135820343, 60.82868738821515, 34.59885760498662, 30.481008578169188], 5: [32.24100614034056, 65.30144151406766, 35.75056817746989, 36.998622043501086, 90.17873625952959, 43.16469887081597], 6: [34.57122367809317, 69.83202300247234, 40.11348873721015, 28.993764993845904, 26.89315882384593, 28.80333515434033]}
2020-01-30_22:07:09.194[Status]self.local_queue is [1, 2, 3, 5, 4, 6]
2020-01-30_22:07:09.194[Status]task_chosen index is 5
2020-01-30_22:07:09.194[Status]task_chosen index is 1
2020-01-30_22:07:09.194[Status]task_chosen index is 3
2020-01-30_22:07:09.194[Status]myindex_in_queue is 3
2020-01-30_22:07:09.195[Status]task destination is [125.0, 475.0]
2020-01-30_22:07:09.295[Battery Energy]84.55
2020-01-30_22:07:09.295[Status]Routing Start.
2020-01-30_22:07:09.491[Status]{'id': 3, 'coordinate': [138.4127797804853, 703.0172562682501]}
2020-01-30_22:07:09.491[Status]Routing 1: Walk: 1
2020-01-30_22:07:09.592[Battery Energy]84.27
2020-01-30_22:07:09.592[Status]Routing Start.
2020-01-30_22:07:09.749[Status]{'id': 3, 'coordinate': [137.8255595609706, 693.0345125365002]}
2020-01-30_22:07:09.749[Status]Routing 2: Walk: 2
2020-01-30_22:07:09.858[Battery Energy]84.07
2020-01-30_22:07:09.858[Status]Routing Start.
2020-01-30_22:07:10.021[Status]{'id': 3, 'coordinate': [137.23833934145588, 683.0517688047503]}
2020-01-30_22:07:10.021[Status]Routing 3: Walk: 3
2020-01-30_22:07:10.134[Battery Energy]83.85
2020-01-30_22:07:10.134[Status]Routing Start.
2020-01-30_22:07:10.241[Status]{'id': 3, 'coordinate': [136.65111912194118, 673.0690250730004]}
2020-01-30_22:07:10.241[Status]Routing 4: Walk: 4
2020-01-30_22:07:10.341[Battery Energy]83.66
2020-01-30_22:07:10.341[Status]Routing Start.
2020-01-30_22:07:10.491[Status]{'id': 3, 'coordinate': [136.06389890242647, 663.0862813412505]}
2020-01-30_22:07:10.493[Status]Routing 5: Walk: 5
2020-01-30_22:07:10.598[Battery Energy]83.45
2020-01-30_22:07:10.598[Status]Routing Start.
2020-01-30_22:07:10.726[Status]{'id': 3, 'coordinate': [135.47667868291177, 653.1035376095006]}
2020-01-30_22:07:10.726[Status]Routing 6: Walk: 6
2020-01-30_22:07:10.834[Battery Energy]83.24
2020-01-30_22:07:10.834[Status]Routing Start.
2020-01-30_22:07:11.293[Status]{'id': 3, 'coordinate': [136.06389890242647, 663.0862813412505]}
2020-01-30_22:07:11.293[Status]Routing 7: Walk: 7
2020-01-30_22:07:11.394[Battery Energy]82.80
2020-01-30_22:07:11.394[Status]Routing Start.
2020-01-30_22:07:11.685[Status]{'id': 3, 'coordinate': [136.65111912194118, 673.0690250730004]}
2020-01-30_22:07:11.685[Status]Routing 8: Walk: 8
2020-01-30_22:07:11.786[Battery Energy]82.46
2020-01-30_22:07:11.786[Status]Routing Start.
2020-01-30_22:07:12.153[Status]{'id': 3, 'coordinate': [137.23833934145588, 683.0517688047503]}
2020-01-30_22:07:12.153[Status]Routing 9: Walk: 9
2020-01-30_22:07:12.253[Battery Energy]82.08
2020-01-30_22:07:12.253[Status]Routing Start.
2020-01-30_22:07:12.597[Status]{'id': 3, 'coordinate': [128.37912325048046, 687.690118754183]}
2020-01-30_22:07:12.597[Status]Routing 10: Walk: 10
2020-01-30_22:07:12.697[Battery Energy]81.66
2020-01-30_22:07:12.697[Status]Routing Start.
2020-01-30_22:07:13.072[Status]{'id': 3, 'coordinate': [128.53797862570815, 697.6888569230601]}
2020-01-30_22:07:13.072[Status]Routing 11: Walk: 11
2020-01-30_22:07:13.173[Battery Energy]81.23
2020-01-30_22:07:13.173[Status]Routing Start.
2020-01-30_22:07:13.316[Status]{'id': 3, 'coordinate': [128.37912325048046, 687.690118754183]}
2020-01-30_22:07:13.316[Status]Routing 12: Walk: 12
2020-01-30_22:07:13.418[Battery Energy]81.01
2020-01-30_22:07:13.418[Status]Routing Start.
2020-01-30_22:07:13.898[Status]{'id': 3, 'coordinate': [128.53797862570815, 697.6888569230601]}
2020-01-30_22:07:13.898[Status]Routing 13: Walk: 13
2020-01-30_22:07:14.002[Battery Energy]80.51
2020-01-30_22:07:14.002[Status]Routing Start.
2020-01-30_22:07:14.122[Status]{'id': 3, 'coordinate': [128.37912325048046, 687.690118754183]}
2020-01-30_22:07:14.123[Status]Routing 14: Walk: 14
2020-01-30_22:07:14.223[Battery Energy]80.31
2020-01-30_22:07:14.223[Status]Routing Start.
2020-01-30_22:07:14.673[Status]{'id': 3, 'coordinate': [128.53797862570815, 697.6888569230601]}
2020-01-30_22:07:14.673[Status]Routing 15: Walk: 15
2020-01-30_22:07:14.773[Battery Energy]79.85
2020-01-30_22:07:14.774[Status]Routing Start.
2020-01-30_22:07:14.912[Status]{'id': 3, 'coordinate': [128.37912325048046, 687.690118754183]}
2020-01-30_22:07:14.912[Status]Routing 16: Walk: 16
2020-01-30_22:07:15.022[Battery Energy]79.63
2020-01-30_22:07:15.022[Status]Routing Start.
2020-01-30_22:07:15.442[Status]{'id': 3, 'coordinate': [118.49247073018701, 689.1914854458927]}
2020-01-30_22:07:15.443[Status]Routing 17: Walk: 17
2020-01-30_22:07:15.543[Battery Energy]79.16
2020-01-30_22:07:15.543[Status]Routing Start.
2020-01-30_22:07:15.687[Status]{'id': 3, 'coordinate': [118.79614890526875, 679.1960975311603]}
2020-01-30_22:07:15.690[Status]Routing 18: Walk: 18
2020-01-30_22:07:15.794[Battery Energy]78.96
2020-01-30_22:07:15.794[Status]Routing Start.
2020-01-30_22:07:16.075[Status]{'id': 3, 'coordinate': [119.0998270803505, 669.2007096164278]}
2020-01-30_22:07:16.075[Status]Routing 19: Walk: 19
2020-01-30_22:07:16.176[Battery Energy]78.67
2020-01-30_22:07:16.176[Status]Routing Start.
2020-01-30_22:07:16.543[Status]{'id': 3, 'coordinate': [119.40350525543224, 659.2053217016954]}
2020-01-30_22:07:16.543[Status]Routing 20: Walk: 20
2020-01-30_22:07:16.648[Battery Energy]78.34
2020-01-30_22:07:16.648[Status]Routing Start.
2020-01-30_22:07:16.935[Status]{'id': 3, 'coordinate': [119.70718343051398, 649.209933786963]}
2020-01-30_22:07:16.935[Status]Routing 21: Walk: 21
2020-01-30_22:07:17.036[Battery Energy]78.02
2020-01-30_22:07:17.036[Status]Routing Start.
2020-01-30_22:07:17.194[Status]{'id': 3, 'coordinate': [120.01086160559572, 639.2145458722306]}
2020-01-30_22:07:17.194[Status]Routing 22: Walk: 22
2020-01-30_22:07:17.306[Battery Energy]77.80
2020-01-30_22:07:17.306[Status]Routing Start.
2020-01-30_22:07:17.459[Status]{'id': 3, 'coordinate': [120.31453978067746, 629.2191579574982]}
2020-01-30_22:07:17.459[Status]Routing 23: Walk: 23
2020-01-30_22:07:17.570[Battery Energy]77.56
2020-01-30_22:07:17.570[Status]Routing Start.
2020-01-30_22:07:17.842[Status]{'id': 3, 'coordinate': [120.6182179557592, 619.2237700427658]}
2020-01-30_22:07:17.842[Status]Routing 24: Walk: 24
2020-01-30_22:07:17.942[Battery Energy]77.25
2020-01-30_22:07:17.942[Status]Routing Start.
2020-01-30_22:07:18.092[Status]{'id': 3, 'coordinate': [120.92189613084095, 609.2283821280333]}
2020-01-30_22:07:18.092[Status]Routing 25: Walk: 25
2020-01-30_22:07:18.198[Battery Energy]77.05
2020-01-30_22:07:18.198[Status]Routing Start.
2020-01-30_22:07:18.329[Status]{'id': 3, 'coordinate': [121.22557430592269, 599.2329942133009]}
2020-01-30_22:07:18.329[Status]Routing 26: Walk: 26
2020-01-30_22:07:18.429[Battery Energy]76.83
2020-01-30_22:07:18.429[Status]Routing Start.
2020-01-30_22:07:18.577[Status]{'id': 3, 'coordinate': [121.52925248100443, 589.2376062985685]}
2020-01-30_22:07:18.583[Status]Routing 27: Walk: 27
2020-01-30_22:07:18.686[Battery Energy]76.63
2020-01-30_22:07:18.686[Status]Routing Start.
2020-01-30_22:07:18.836[Status]{'id': 3, 'coordinate': [121.83293065608618, 579.2422183838361]}
2020-01-30_22:07:18.836[Status]Routing 28: Walk: 28
2020-01-30_22:07:18.936[Battery Energy]76.42
2020-01-30_22:07:18.936[Status]Routing Start.
2020-01-30_22:07:19.069[Status]{'id': 3, 'coordinate': [122.13660883116792, 569.2468304691037]}
2020-01-30_22:07:19.069[Status]Routing 29: Walk: 29
2020-01-30_22:07:19.169[Battery Energy]76.22
2020-01-30_22:07:19.169[Status]Routing Start.
2020-01-30_22:07:19.483[Status]{'id': 3, 'coordinate': [122.44028700624966, 559.2514425543712]}
2020-01-30_22:07:19.483[Status]Routing 30: Walk: 30
2020-01-30_22:07:19.583[Battery Energy]75.93
2020-01-30_22:07:19.583[Status]Routing Start.
2020-01-30_22:07:19.924[Status]{'id': 3, 'coordinate': [122.7439651813314, 549.2560546396388]}
2020-01-30_22:07:19.924[Status]Routing 31: Walk: 31
2020-01-30_22:07:20.024[Battery Energy]75.57
2020-01-30_22:07:20.024[Status]Routing Start.
2020-01-30_22:07:20.321[Status]{'id': 3, 'coordinate': [123.04764335641315, 539.2606667249064]}
2020-01-30_22:07:20.321[Status]Routing 32: Walk: 32
2020-01-30_22:07:20.422[Battery Energy]75.22
2020-01-30_22:07:20.422[Status]Routing Start.
2020-01-30_22:07:20.732[Status]{'id': 3, 'coordinate': [123.35132153149489, 529.265278810174]}
2020-01-30_22:07:20.733[Status]Routing 33: Walk: 33
2020-01-30_22:07:20.838[Battery Energy]74.89
2020-01-30_22:07:20.838[Status]Routing Start.
2020-01-30_22:07:21.132[Status]{'id': 3, 'coordinate': [123.65499970657663, 519.2698908954416]}
2020-01-30_22:07:21.133[Status]Routing 34: Walk: 34
2020-01-30_22:07:21.236[Battery Energy]74.60
2020-01-30_22:07:21.236[Status]Routing Start.
2020-01-30_22:07:21.543[Status]{'id': 3, 'coordinate': [123.95867788165837, 509.27450298070914]}
2020-01-30_22:07:21.543[Status]Routing 35: Walk: 35
2020-01-30_22:07:21.649[Battery Energy]74.27
2020-01-30_22:07:21.649[Status]Routing Start.
2020-01-30_22:07:21.797[Status]{'id': 3, 'coordinate': [124.26235605674012, 499.2791150659767]}
2020-01-30_22:07:21.799[Status]Routing 36: Walk: 36
2020-01-30_22:07:21.910[Battery Energy]74.07
2020-01-30_22:07:21.910[Status]Routing Start.
2020-01-30_22:07:22.273[Status]{'id': 3, 'coordinate': [124.56603423182186, 489.2837271512443]}
2020-01-30_22:07:22.273[Status]Routing 37: Walk: 37
2020-01-30_22:07:22.373[Battery Energy]73.71
2020-01-30_22:07:22.373[Status]Routing Start.
2020-01-30_22:07:22.603[Status]{'id': 3, 'coordinate': [124.8697124069036, 479.2883392365119]}
2020-01-30_22:07:22.604[Status]Routing 38: Walk: 38
2020-01-30_22:07:22.714[Battery Energy]73.44
2020-01-30_22:07:22.714[Status]Routing Start.
2020-01-30_22:07:22.714[Status]Task Finished.
2020-01-30_22:07:22.814[Battery Energy]73.44
2020-01-30_22:07:22.933[Status]Routing 40: Walk: 38
2020-01-30_22:07:23.033[Battery Energy]73.34
2020-01-30_22:07:23.170[Status]Routing 41: Walk: 38
2020-01-30_22:07:23.273[Battery Energy]73.23
2020-01-30_22:07:23.601[Status]Routing 42: Walk: 38
2020-01-30_22:07:23.704[Battery Energy]72.98
2020-01-30_22:07:24.018[Status]Routing 43: Walk: 38
2020-01-30_22:07:24.126[Battery Energy]72.76
2020-01-30_22:07:24.432[Status]Routing 44: Walk: 38
2020-01-30_22:07:24.533[Battery Energy]72.55
2020-01-30_22:07:24.669[Status]Routing 45: Walk: 38
2020-01-30_22:07:24.772[Battery Energy]72.44
2020-01-30_22:07:25.071[Status]Routing 46: Walk: 38
2020-01-30_22:07:25.178[Battery Energy]72.21
2020-01-30_22:07:25.326[Status]Routing 47: Walk: 38
2020-01-30_22:07:25.426[Battery Energy]72.09
2020-01-30_22:07:25.568[Status]Routing 48: Walk: 38
2020-01-30_22:07:25.682[Battery Energy]71.96
2020-01-30_22:07:25.818[Status]Routing 49: Walk: 38
2020-01-30_22:07:25.934[Battery Energy]71.84
2020-01-30_22:07:26.074[Status]Routing 50: Walk: 38
2020-01-30_22:07:26.174[Battery Energy]71.73
2020-01-30_22:07:26.323[Status]Routing 51: Walk: 38
2020-01-30_22:07:26.423[Battery Energy]71.61
2020-01-30_22:07:26.568[Status]Routing 52: Walk: 38
2020-01-30_22:07:26.668[Battery Energy]71.52
2020-01-30_22:07:26.802[Status]Routing 53: Walk: 38
2020-01-30_22:07:26.902[Battery Energy]71.43
2020-01-30_22:07:27.052[Status]Routing 54: Walk: 38
2020-01-30_22:07:27.153[Battery Energy]71.34
2020-01-30_22:07:27.330[Status]Routing 55: Walk: 38
2020-01-30_22:07:27.437[Battery Energy]71.23
2020-01-30_22:07:27.726[Status]Routing 56: Walk: 38
2020-01-30_22:07:27.828[Battery Energy]71.01
2020-01-30_22:07:28.128[Status]Routing 57: Walk: 38
2020-01-30_22:07:28.250[Battery Energy]70.81
2020-01-30_22:07:28.540[Status]Routing 58: Walk: 38
2020-01-30_22:07:28.640[Battery Energy]70.62
2020-01-30_22:07:28.963[Status]Routing 59: Walk: 38
2020-01-30_22:07:29.070[Battery Energy]70.40
2020-01-30_22:07:29.353[Status]Routing 60: Walk: 38
2020-01-30_22:07:29.453[Battery Energy]70.16
2020-01-30_22:07:29.754[Status]Routing 61: Walk: 38
2020-01-30_22:07:29.858[Battery Energy]69.91
2020-01-30_22:07:29.998[Status]Routing 62: Walk: 38
2020-01-30_22:07:30.098[Battery Energy]69.78
2020-01-30_22:07:30.381[Status]Routing 63: Walk: 38
2020-01-30_22:07:30.481[Battery Energy]69.56
2020-01-30_22:07:30.623[Status]Routing 64: Walk: 38
2020-01-30_22:07:30.723[Battery Energy]69.46
2020-01-30_22:07:30.919[Status]Routing 65: Walk: 38
2020-01-30_22:07:31.019[Battery Energy]69.32
2020-01-30_22:07:31.157[Status]Routing 66: Walk: 38
2020-01-30_22:07:31.257[Battery Energy]69.24
2020-01-30_22:07:31.503[Status]Routing 67: Walk: 38
2020-01-30_22:07:31.604[Battery Energy]69.08
2020-01-30_22:07:31.776[Status]Routing 68: Walk: 38
2020-01-30_22:07:31.876[Battery Energy]68.94
2020-01-30_22:07:32.038[Status]Routing 69: Walk: 38
2020-01-30_22:07:32.138[Battery Energy]68.84
2020-01-30_22:07:32.272[Status]Routing 70: Walk: 38
2020-01-30_22:07:32.372[Battery Energy]68.74
2020-01-30_22:07:32.513[Status]Routing 71: Walk: 38
2020-01-30_22:07:32.622[Battery Energy]68.65
2020-01-30_22:07:32.756[Status]Routing 72: Walk: 38
2020-01-30_22:07:32.874[Battery Energy]68.54
2020-01-30_22:07:33.008[Status]Routing 73: Walk: 38
2020-01-30_22:07:33.115[Battery Energy]68.44
2020-01-30_22:07:33.259[Status]Routing 74: Walk: 38
2020-01-30_22:07:33.362[Battery Energy]68.36
2020-01-30_22:07:33.493[Status]Routing 75: Walk: 38
2020-01-30_22:07:33.593[Battery Energy]68.24
2020-01-30_22:07:33.718[Status]Routing 76: Walk: 38
2020-01-30_22:07:33.819[Battery Energy]68.15
2020-01-30_22:07:33.964[Status]Routing 77: Walk: 38
2020-01-30_22:07:34.074[Battery Energy]68.04
2020-01-30_22:07:34.286[Status]Routing 78: Walk: 38
2020-01-30_22:07:34.386[Battery Energy]67.89
2020-01-30_22:07:34.544[Status]Routing 79: Walk: 38
2020-01-30_22:07:34.654[Battery Energy]67.77
2020-01-30_22:07:34.783[Status]Routing 80: Walk: 38
2020-01-30_22:07:34.884[Battery Energy]67.68
2020-01-30_22:07:35.048[Status]Routing 81: Walk: 38
2020-01-30_22:07:35.154[Battery Energy]67.57
2020-01-30_22:07:35.296[Status]Routing 82: Walk: 38
2020-01-30_22:07:35.406[Battery Energy]67.48
2020-01-30_22:07:35.578[Status]Routing 83: Walk: 38
2020-01-30_22:07:35.683[Battery Energy]67.37
2020-01-30_22:07:35.823[Status]Routing 84: Walk: 38
2020-01-30_22:07:35.928[Battery Energy]67.26
2020-01-30_22:07:36.078[Status]Routing 85: Walk: 38
2020-01-30_22:07:36.178[Battery Energy]67.15
2020-01-30_22:07:36.346[Status]Routing 86: Walk: 38
2020-01-30_22:07:36.461[Battery Energy]67.02
2020-01-30_22:07:36.590[Status]Routing 87: Walk: 38
2020-01-30_22:07:36.694[Battery Energy]66.91
2020-01-30_22:07:36.843[Status]Routing 88: Walk: 38
2020-01-30_22:07:36.945[Battery Energy]66.79
2020-01-30_22:07:37.088[Status]Routing 89: Walk: 38
2020-01-30_22:07:37.189[Battery Energy]66.67
2020-01-30_22:07:37.319[Status]Routing 90: Walk: 38
2020-01-30_22:07:37.419[Battery Energy]66.57
2020-01-30_22:07:37.574[Status]Routing 91: Walk: 38
2020-01-30_22:07:37.682[Battery Energy]66.43
2020-01-30_22:07:37.818[Status]Routing 92: Walk: 38
2020-01-30_22:07:37.918[Battery Energy]66.31
2020-01-30_22:07:38.074[Status]Routing 93: Walk: 38
2020-01-30_22:07:38.174[Battery Energy]66.18
2020-01-30_22:07:38.474[Status]Routing 94: Walk: 38
2020-01-30_22:07:38.578[Battery Energy]65.95
2020-01-30_22:07:38.719[Status]Routing 95: Walk: 38
2020-01-30_22:07:38.834[Battery Energy]65.85
2020-01-30_22:07:38.960[Status]Routing 96: Walk: 38
2020-01-30_22:07:39.065[Battery Energy]65.74
2020-01-30_22:07:39.296[Status]Routing 97: Walk: 38
2020-01-30_22:07:39.410[Battery Energy]65.54
2020-01-30_22:07:39.546[Status]Routing 98: Walk: 38
2020-01-30_22:07:39.656[Battery Energy]65.44
2020-01-30_22:07:40.033[Status]Routing 99: Walk: 38
2020-01-30_22:07:40.138[Battery Energy]65.18
2020-01-30_22:07:40.420[Status]Routing 100: Walk: 38
2020-01-30_22:07:40.521[Battery Energy]64.97
2020-01-30_22:07:40.671[Status]Routing 101: Walk: 38
2020-01-30_22:07:40.774[Battery Energy]64.86
2020-01-30_22:07:40.930[Status]Routing 102: Walk: 38
2020-01-30_22:07:41.031[Battery Energy]64.73
2020-01-30_22:07:41.337[Status]Routing 103: Walk: 38
2020-01-30_22:07:41.437[Battery Energy]64.51
2020-01-30_22:07:41.723[Status]Routing 104: Walk: 38
2020-01-30_22:07:41.825[Battery Energy]64.34
2020-01-30_22:07:42.184[Status]Routing 105: Walk: 38
2020-01-30_22:07:42.286[Battery Energy]64.05
2020-01-30_22:07:42.577[Status]Routing 106: Walk: 38
2020-01-30_22:07:42.678[Battery Energy]63.85
2020-01-30_22:07:42.989[Status]Routing 107: Walk: 38
2020-01-30_22:07:43.089[Battery Energy]63.62
2020-01-30_22:07:43.423[Status]Routing 108: Walk: 38
2020-01-30_22:07:43.526[Battery Energy]63.37
2020-01-30_22:07:43.814[Status]Routing 109: Walk: 38
2020-01-30_22:07:43.918[Battery Energy]63.19
2020-01-30_22:07:44.133[Status]Routing 110: Walk: 38
2020-01-30_22:07:44.233[Battery Energy]63.00
2020-01-30_22:07:44.407[Status]Routing 111: Walk: 38
2020-01-30_22:07:44.508[Battery Energy]62.88
2020-01-30_22:07:44.721[Status]Routing 112: Walk: 38
2020-01-30_22:07:44.833[Battery Energy]62.72
2020-01-30_22:07:45.133[Status]Routing 113: Walk: 38
2020-01-30_22:07:45.242[Battery Energy]62.45
2020-01-30_22:07:45.358[Status]Routing 114: Walk: 38
2020-01-30_22:07:45.458[Battery Energy]62.36
2020-01-30_22:07:45.744[Status]Routing 115: Walk: 38
2020-01-30_22:07:45.850[Battery Energy]62.13
2020-01-30_22:07:46.152[Status]Routing 116: Walk: 38
2020-01-30_22:07:46.252[Battery Energy]61.94
2020-01-30_22:07:46.393[Status]Routing 117: Walk: 38
2020-01-30_22:07:46.501[Battery Energy]61.82
2020-01-30_22:07:46.780[Status]Routing 118: Walk: 38
2020-01-30_22:07:46.881[Battery Energy]61.61
2020-01-30_22:07:47.304[Status]Routing 119: Walk: 38
2020-01-30_22:07:47.406[Battery Energy]61.30
2020-01-30_22:07:47.745[Status]Routing 120: Walk: 38
2020-01-30_22:07:47.847[Battery Energy]61.03
2020-01-30_22:07:48.187[Status]Routing 121: Walk: 38
2020-01-30_22:07:48.297[Battery Energy]60.74
2020-01-30_22:07:48.589[Status]Routing 122: Walk: 38
2020-01-30_22:07:48.689[Battery Energy]60.54
2020-01-30_22:07:48.841[Status]Routing 123: Walk: 38
2020-01-30_22:07:48.942[Battery Energy]60.45
2020-01-30_22:07:49.259[Status]Routing 124: Walk: 38
2020-01-30_22:07:49.372[Battery Energy]60.21
2020-01-30_22:07:49.571[Status]Routing 125: Walk: 38
2020-01-30_22:07:49.671[Battery Energy]60.05
2020-01-30_22:07:50.009[Status]Routing 126: Walk: 38
2020-01-30_22:07:50.110[Battery Energy]59.79
2020-01-30_22:07:50.329[Status]Routing 127: Walk: 38
2020-01-30_22:07:50.429[Battery Energy]59.67
2020-01-30_22:07:50.584[Status]Routing 128: Walk: 38
2020-01-30_22:07:50.685[Battery Energy]59.56
2020-01-30_22:07:50.824[Status]Routing 129: Walk: 38
2020-01-30_22:07:50.938[Battery Energy]59.46
2020-01-30_22:07:51.069[Status]Routing 130: Walk: 38
2020-01-30_22:07:51.169[Battery Energy]59.36
2020-01-30_22:07:51.296[Status]Routing 131: Walk: 38
2020-01-30_22:07:51.396[Battery Energy]59.27
2020-01-30_22:07:51.641[Status]Routing 132: Walk: 38
2020-01-30_22:07:51.750[Battery Energy]59.12
2020-01-30_22:07:51.888[Status]Routing 133: Walk: 38
2020-01-30_22:07:51.988[Battery Energy]59.01
2020-01-30_22:07:52.131[Status]Routing 134: Walk: 38
2020-01-30_22:07:52.242[Battery Energy]58.90
2020-01-30_22:07:52.493[Status]Routing 135: Walk: 38
2020-01-30_22:07:52.602[Battery Energy]58.69
2020-01-30_22:07:52.763[Status]Routing 136: Walk: 38
2020-01-30_22:07:52.863[Battery Energy]58.56
2020-01-30_22:07:53.038[Status]Routing 137: Walk: 38
2020-01-30_22:07:53.138[Battery Energy]58.44
2020-01-30_22:07:53.249[Status]Routing 138: Walk: 38
2020-01-30_22:07:53.350[Battery Energy]58.34
2020-01-30_22:07:53.501[Status]Routing 139: Walk: 38
2020-01-30_22:07:53.613[Battery Energy]58.25
2020-01-30_22:07:53.758[Status]Routing 140: Walk: 38
2020-01-30_22:07:53.859[Battery Energy]58.14
2020-01-30_22:07:54.096[Status]Routing 141: Walk: 38
2020-01-30_22:07:54.196[Battery Energy]57.96
2020-01-30_22:07:54.340[Status]Routing 142: Walk: 38
2020-01-30_22:07:54.446[Battery Energy]57.85
2020-01-30_22:07:54.587[Status]Routing 143: Walk: 38
2020-01-30_22:07:54.691[Battery Energy]57.74
2020-01-30_22:07:54.831[Status]Routing 144: Walk: 38
2020-01-30_22:07:54.931[Battery Energy]57.65
2020-01-30_22:07:55.094[Status]Routing 145: Walk: 38
2020-01-30_22:07:55.194[Battery Energy]57.54
2020-01-30_22:07:55.329[Status]Routing 146: Walk: 38
2020-01-30_22:07:55.440[Battery Energy]57.42
2020-01-30_22:07:55.578[Status]Routing 147: Walk: 38
2020-01-30_22:07:55.686[Battery Energy]57.31
2020-01-30_22:07:55.811[Status]Routing 148: Walk: 38
2020-01-30_22:07:55.925[Battery Energy]57.20
2020-01-30_22:07:56.044[Status]Routing 149: Walk: 38
2020-01-30_22:07:56.145[Battery Energy]57.08
2020-01-30_22:07:56.297[Status]Routing 150: Walk: 38
2020-01-30_22:07:56.411[Battery Energy]56.97
2020-01-30_22:07:56.535[Status]Routing 151: Walk: 38
2020-01-30_22:07:56.650[Battery Energy]56.89
2020-01-30_22:07:56.766[Status]Routing 152: Walk: 38
2020-01-30_22:07:56.866[Battery Energy]56.80
2020-01-30_22:07:57.032[Status]Routing 153: Walk: 38
2020-01-30_22:07:57.146[Battery Energy]56.65
2020-01-30_22:07:57.296[Status]Routing 154: Walk: 38
2020-01-30_22:07:57.402[Battery Energy]56.54
2020-01-30_22:07:57.556[Status]Routing 155: Walk: 38
2020-01-30_22:07:57.670[Battery Energy]56.39
2020-01-30_22:07:57.791[Status]Routing 156: Walk: 38
2020-01-30_22:07:57.902[Battery Energy]56.28
2020-01-30_22:07:58.026[Status]Routing 157: Walk: 38
2020-01-30_22:07:58.142[Battery Energy]56.17
2020-01-30_22:07:58.285[Status]Routing 158: Walk: 38
2020-01-30_22:07:58.385[Battery Energy]56.07
2020-01-30_22:07:58.527[Status]Routing 159: Walk: 38
2020-01-30_22:07:58.633[Battery Energy]55.94
2020-01-30_22:07:58.779[Status]Routing 160: Walk: 38
2020-01-30_22:07:58.886[Battery Energy]55.84
2020-01-30_22:07:59.027[Status]Routing 161: Walk: 38
2020-01-30_22:07:59.142[Battery Energy]55.71
2020-01-30_22:07:59.262[Status]Routing 162: Walk: 38
2020-01-30_22:07:59.363[Battery Energy]55.60
2020-01-30_22:07:59.523[Status]Routing 163: Walk: 38
2020-01-30_22:07:59.623[Battery Energy]55.46
2020-01-30_22:07:59.803[Status]Routing 164: Walk: 38
2020-01-30_22:07:59.904[Battery Energy]55.32
2020-01-30_22:08:00.068[Status]Routing 165: Walk: 38
2020-01-30_22:08:00.168[Battery Energy]55.23
2020-01-30_22:08:00.336[Status]Routing 166: Walk: 38
2020-01-30_22:08:00.436[Battery Energy]55.11
2020-01-30_22:08:00.624[Status]Routing 167: Walk: 38
2020-01-30_22:08:00.724[Battery Energy]54.96
2020-01-30_22:08:00.871[Status]Routing 168: Walk: 38
2020-01-30_22:08:00.974[Battery Energy]54.84
2020-01-30_22:08:01.111[Status]Routing 169: Walk: 38
2020-01-30_22:08:01.211[Battery Energy]54.73
2020-01-30_22:08:01.343[Status]Routing 170: Walk: 38
2020-01-30_22:08:01.443[Battery Energy]54.63
2020-01-30_22:08:01.605[Status]Routing 171: Walk: 38
2020-01-30_22:08:01.712[Battery Energy]54.53
2020-01-30_22:08:01.842[Status]Routing 172: Walk: 38
2020-01-30_22:08:01.950[Battery Energy]54.42
2020-01-30_22:08:02.101[Status]Routing 173: Walk: 38
2020-01-30_22:08:02.206[Battery Energy]54.30
2020-01-30_22:08:02.341[Status]Routing 174: Walk: 38
2020-01-30_22:08:02.442[Battery Energy]54.20
2020-01-30_22:08:02.585[Status]Routing 175: Walk: 38
2020-01-30_22:08:02.690[Battery Energy]54.10
2020-01-30_22:08:02.836[Status]Routing 176: Walk: 38
2020-01-30_22:08:02.937[Battery Energy]53.98
2020-01-30_22:08:03.087[Status]Routing 177: Walk: 38
2020-01-30_22:08:03.187[Battery Energy]53.89
2020-01-30_22:08:03.346[Status]Routing 178: Walk: 38
2020-01-30_22:08:03.458[Battery Energy]53.77
2020-01-30_22:08:03.582[Status]Routing 179: Walk: 38
2020-01-30_22:08:03.693[Battery Energy]53.66
2020-01-30_22:08:03.839[Status]Routing 180: Walk: 38
2020-01-30_22:08:03.942[Battery Energy]53.54
2020-01-30_22:08:04.068[Status]Routing 181: Walk: 38
2020-01-30_22:08:04.174[Battery Energy]53.44
2020-01-30_22:08:04.302[Status]Routing 182: Walk: 38
2020-01-30_22:08:04.402[Battery Energy]53.34
2020-01-30_22:08:04.548[Status]Routing 183: Walk: 38
2020-01-30_22:08:04.648[Battery Energy]53.24
2020-01-30_22:08:04.791[Status]Routing 184: Walk: 38
2020-01-30_22:08:04.903[Battery Energy]53.13
2020-01-30_22:08:05.024[Status]Routing 185: Walk: 38
2020-01-30_22:08:05.129[Battery Energy]53.03
2020-01-30_22:08:05.317[Status]Routing 186: Walk: 38
2020-01-30_22:08:05.418[Battery Energy]52.87
2020-01-30_22:08:05.579[Status]Routing 187: Walk: 38
2020-01-30_22:08:05.682[Battery Energy]52.74
2020-01-30_22:08:05.815[Status]Routing 188: Walk: 38
2020-01-30_22:08:05.918[Battery Energy]52.62
2020-01-30_22:08:06.092[Status]Routing 189: Walk: 38
2020-01-30_22:08:06.193[Battery Energy]52.48
2020-01-30_22:08:06.333[Status]Routing 190: Walk: 38
2020-01-30_22:08:06.442[Battery Energy]52.37
2020-01-30_22:08:06.621[Status]Routing 191: Walk: 38
2020-01-30_22:08:06.726[Battery Energy]52.23
2020-01-30_22:08:06.857[Status]Routing 192: Walk: 38
2020-01-30_22:08:06.958[Battery Energy]52.14
2020-01-30_22:08:07.124[Status]Routing 193: Walk: 38
2020-01-30_22:08:07.246[Battery Energy]52.02
2020-01-30_22:08:07.379[Status]Routing 194: Walk: 38
2020-01-30_22:08:07.486[Battery Energy]51.91
2020-01-30_22:08:07.636[Status]Routing 195: Walk: 38
2020-01-30_22:08:07.738[Battery Energy]51.79
2020-01-30_22:08:07.907[Status]Routing 196: Walk: 38
2020-01-30_22:08:08.018[Battery Energy]51.65
2020-01-30_22:08:08.145[Status]Routing 197: Walk: 38
2020-01-30_22:08:08.249[Battery Energy]51.56
2020-01-30_22:08:08.386[Status]Routing 198: Walk: 38
2020-01-30_22:08:08.487[Battery Energy]51.45
2020-01-30_22:08:08.624[Status]Routing 199: Walk: 38
2020-01-30_22:08:08.734[Battery Energy]51.32
2020-01-30_22:08:08.871[Status]Routing 200: Walk: 38
2020-01-30_22:08:08.983[Battery Energy]51.21
2020-01-30_22:08:09.114[Status]Routing 201: Walk: 38
2020-01-30_22:08:09.216[Battery Energy]51.09
2020-01-30_22:08:09.367[Status]Routing 202: Walk: 38
2020-01-30_22:08:09.467[Battery Energy]50.97
2020-01-30_22:08:09.619[Status]Routing 203: Walk: 38
2020-01-30_22:08:09.730[Battery Energy]50.84
2020-01-30_22:08:09.879[Status]Routing 204: Walk: 38
2020-01-30_22:08:09.998[Battery Energy]50.72
2020-01-30_22:08:10.114[Status]Routing 205: Walk: 38
2020-01-30_22:08:10.215[Battery Energy]50.62
2020-01-30_22:08:10.375[Status]Routing 206: Walk: 38
2020-01-30_22:08:10.475[Battery Energy]50.49
2020-01-30_22:08:10.617[Status]Routing 207: Walk: 38
2020-01-30_22:08:10.717[Battery Energy]50.38
2020-01-30_22:08:10.863[Status]Routing 208: Walk: 38
2020-01-30_22:08:10.964[Battery Energy]50.26
2020-01-30_22:08:11.112[Status]Routing 209: Walk: 38
2020-01-30_22:08:11.218[Battery Energy]50.15
2020-01-30_22:08:11.376[Status]Routing 210: Walk: 38
2020-01-30_22:08:11.490[Battery Energy]50.04
2020-01-30_22:08:11.611[Status]Routing 211: Walk: 38
2020-01-30_22:08:11.712[Battery Energy]49.93
2020-01-30_22:08:11.864[Status]Routing 212: Walk: 38
2020-01-30_22:08:11.964[Battery Energy]49.81
2020-01-30_22:08:12.093[Status]Routing 213: Walk: 38
2020-01-30_22:08:12.199[Battery Energy]49.70
2020-01-30_22:08:12.371[Status]Routing 214: Walk: 38
2020-01-30_22:08:12.478[Battery Energy]49.56
2020-01-30_22:08:12.613[Status]Routing 215: Walk: 38
2020-01-30_22:08:12.722[Battery Energy]49.46
2020-01-30_22:08:12.858[Status]Routing 216: Walk: 38
2020-01-30_22:08:12.974[Battery Energy]49.35
2020-01-30_22:08:13.086[Status]Routing 217: Walk: 38
2020-01-30_22:08:13.198[Battery Energy]49.24
2020-01-30_22:08:13.325[Status]Routing 218: Walk: 38
2020-01-30_22:08:13.434[Battery Energy]49.12
2020-01-30_22:08:13.561[Status]Routing 219: Walk: 38
2020-01-30_22:08:13.663[Battery Energy]49.02
2020-01-30_22:08:13.797[Status]Routing 220: Walk: 38
2020-01-30_22:08:13.899[Battery Energy]48.91
2020-01-30_22:08:14.029[Status]Routing 221: Walk: 38
2020-01-30_22:08:14.130[Battery Energy]48.80
2020-01-30_22:08:14.262[Status]Routing 222: Walk: 38
2020-01-30_22:08:14.363[Battery Energy]48.66
2020-01-30_22:08:14.502[Status]Routing 223: Walk: 38
2020-01-30_22:08:14.614[Battery Energy]48.55
2020-01-30_22:08:14.742[Status]Routing 224: Walk: 38
2020-01-30_22:08:14.850[Battery Energy]48.43
2020-01-30_22:08:14.976[Status]Routing 225: Walk: 38
2020-01-30_22:08:15.090[Battery Energy]48.32
2020-01-30_22:08:15.212[Status]Routing 226: Walk: 38
2020-01-30_22:08:15.313[Battery Energy]48.22
2020-01-30_22:08:15.508[Status]Routing 227: Walk: 38
2020-01-30_22:08:15.608[Battery Energy]48.10
2020-01-30_22:08:15.775[Status]Routing 228: Walk: 38
2020-01-30_22:08:15.875[Battery Energy]47.97
2020-01-30_22:08:16.038[Status]Routing 229: Walk: 38
2020-01-30_22:08:16.149[Battery Energy]47.84
2020-01-30_22:08:16.263[Status]Routing 230: Walk: 38
2020-01-30_22:08:16.368[Battery Energy]47.73
2020-01-30_22:08:16.523[Status]Routing 231: Walk: 38
2020-01-30_22:08:16.630[Battery Energy]47.61
2020-01-30_22:08:16.779[Status]Routing 232: Walk: 38
2020-01-30_22:08:16.882[Battery Energy]47.51
2020-01-30_22:08:17.045[Status]Routing 233: Walk: 38
2020-01-30_22:08:17.161[Battery Energy]47.36
2020-01-30_22:08:17.301[Status]Routing 234: Walk: 38
2020-01-30_22:08:17.410[Battery Energy]47.26
2020-01-30_22:08:17.540[Status]Routing 235: Walk: 38
2020-01-30_22:08:17.650[Battery Energy]47.14
2020-01-30_22:08:17.828[Status]Routing 236: Walk: 38
2020-01-30_22:08:17.929[Battery Energy]47.02
2020-01-30_22:08:18.088[Status]Routing 237: Walk: 38
2020-01-30_22:08:18.194[Battery Energy]46.89
2020-01-30_22:08:18.335[Status]Routing 238: Walk: 38
2020-01-30_22:08:18.446[Battery Energy]46.77
2020-01-30_22:08:18.578[Status]Routing 239: Walk: 38
2020-01-30_22:08:18.690[Battery Energy]46.67
2020-01-30_22:08:18.815[Status]Routing 240: Walk: 38
2020-01-30_22:08:18.918[Battery Energy]46.57
2020-01-30_22:08:19.056[Status]Routing 241: Walk: 38
2020-01-30_22:08:19.158[Battery Energy]46.46
2020-01-30_22:08:19.320[Status]Routing 242: Walk: 38
2020-01-30_22:08:19.426[Battery Energy]46.34
2020-01-30_22:08:19.582[Status]Routing 243: Walk: 38
2020-01-30_22:08:19.682[Battery Energy]46.23
2020-01-30_22:08:19.820[Status]Routing 244: Walk: 38
2020-01-30_22:08:19.933[Battery Energy]46.14
2020-01-30_22:08:20.072[Status]Routing 245: Walk: 38
2020-01-30_22:08:20.181[Battery Energy]46.04
2020-01-30_22:08:20.320[Status]Routing 246: Walk: 38
2020-01-30_22:08:20.430[Battery Energy]45.92
2020-01-30_22:08:20.569[Status]Routing 247: Walk: 38
2020-01-30_22:08:20.676[Battery Energy]45.84
2020-01-30_22:08:20.830[Status]Routing 248: Walk: 38
2020-01-30_22:08:20.930[Battery Energy]45.73
2020-01-30_22:08:21.088[Status]Routing 249: Walk: 38
2020-01-30_22:08:21.194[Battery Energy]45.60
2020-01-30_22:08:21.331[Status]Routing 250: Walk: 38
2020-01-30_22:08:21.437[Battery Energy]45.50
2020-01-30_22:08:21.597[Status]Routing 251: Walk: 38
2020-01-30_22:08:21.714[Battery Energy]45.39
2020-01-30_22:08:21.858[Status]Routing 252: Walk: 38
2020-01-30_22:08:21.960[Battery Energy]45.30
2020-01-30_22:08:22.134[Status]Routing 253: Walk: 38
2020-01-30_22:08:22.250[Battery Energy]45.19
2020-01-30_22:08:22.391[Status]Routing 254: Walk: 38
2020-01-30_22:08:22.502[Battery Energy]45.08
