2020-02-08_12:25:39.156[Status]Start.
2020-02-08_12:25:39.156[Battery Energy]116.00
2020-02-08_12:25:40.257[Battery Energy]115.96
2020-02-08_12:25:41.358[Battery Energy]115.92
2020-02-08_12:25:42.459[Battery Energy]115.88
2020-02-08_12:25:43.561[Battery Energy]115.84
2020-02-08_12:25:44.662[Task]A New Task Released.
2020-02-08_12:25:44.662[Battery Energy]115.80
2020-02-08_12:25:44.662[Status]Selection Start.
2020-02-08_12:25:49.820[Status]Selection End: Do Task 0.
2020-02-08_12:25:49.920[Battery Energy]112.09
2020-02-08_12:25:49.920[Status]Formation Start.
2020-02-08_12:25:50.063[Status]number of tasks is 7
2020-02-08_12:25:50.063[Status]my group tasks is [ 525.  475.]
2020-02-08_12:25:50.064[Status]my group tasks is [ 449.69796037  631.36629649]
2020-02-08_12:25:50.065[Status]my group tasks is [ 280.49581321  669.98558244]
2020-02-08_12:25:50.081[Status]my group tasks is [ 144.80622642  561.77674782]
2020-02-08_12:25:50.082[Status]my group tasks is [ 144.80622642  388.22325218]
2020-02-08_12:25:50.089[Status]my group tasks is [ 280.49581321  280.01441756]
2020-02-08_12:25:50.095[Status]my group tasks is [ 449.69796037  318.63370351]
2020-02-08_12:25:50.180[Status]mygroup_robots_utility is {1: [32.34270563257427, 33.015447405333305, 36.41183291399482, 37.76677699745089, 43.21931157034518, 44.911432074896304, 31.224083421741376], 2: [33.578883331079304, 34.777275466672336, 35.08180709733934, 38.70376869291566, 39.3166064929303, 90.62852086462907, 46.21056593511067], 3: [36.241101572692, 86.32551689736214, 31.79644913093721, 36.28951599327828, 43.10702925605191, 30.335610740626677, 31.82063023331188], 4: [32.75811286405169, 33.75912853365558, 39.90052519340955, 60.242023534647004, 76.66656014195594, 30.451029072349435, 44.482232719450714], 5: [65.23329504061428, 34.24748648342535, 39.42575616318219, 72.27005166467508, 42.527489452626114, 93.58940092670363, 31.995810039765892], 6: [67.66432306200323, 37.563839888011174, 26.87879849395251, 27.766668004073203, 28.93479770700928, 78.9564904347584, 31.587917910348555], 7: [32.819154274475785, 32.13595375241445, 36.38948017615555, 46.830533103974645, 68.62547615919549, 42.82618475323189, 78.81070420220388]}
2020-02-08_12:25:50.180[Status]self.local_queue is [1, 2, 3, 4, 5, 6, 7]
2020-02-08_12:25:50.180[Status]task_chosen index is 5
2020-02-08_12:25:50.180[Status]task_chosen index is 6
2020-02-08_12:25:50.180[Status]task_chosen index is 1
2020-02-08_12:25:50.180[Status]myindex_in_queue is 1
2020-02-08_12:25:50.180[Status]task destination is [449.6979603717467, 631.366296493606]
2020-02-08_12:25:50.285[Battery Energy]111.94
2020-02-08_12:25:50.285[Status]Routing Start.
2020-02-08_12:25:50.421[Status]{'coordinate': [148.69434194088674, 707.5464853101797], 'id': 3}
2020-02-08_12:25:50.421[Status]Routing 1: Walk: 1
2020-02-08_12:25:50.526[Battery Energy]111.74
2020-02-08_12:25:50.526[Status]Routing Start.
2020-02-08_12:25:50.663[Status]{'coordinate': [158.3886838817735, 705.0929706203594], 'id': 3}
2020-02-08_12:25:50.664[Status]Routing 2: Walk: 2
2020-02-08_12:25:50.774[Battery Energy]111.53
2020-02-08_12:25:50.774[Status]Routing Start.
2020-02-08_12:25:50.943[Status]{'coordinate': [168.08302582266023, 702.6394559305392], 'id': 3}
2020-02-08_12:25:50.943[Status]Routing 3: Walk: 3
2020-02-08_12:25:51.044[Battery Energy]111.30
2020-02-08_12:25:51.044[Status]Routing Start.
2020-02-08_12:25:51.182[Status]{'coordinate': [177.77736776354698, 700.1859412407189], 'id': 3}
2020-02-08_12:25:51.182[Status]Routing 4: Walk: 4
2020-02-08_12:25:51.292[Battery Energy]111.09
2020-02-08_12:25:51.292[Status]Routing Start.
2020-02-08_12:25:51.469[Status]{'coordinate': [187.47170970443372, 697.7324265508986], 'id': 3}
2020-02-08_12:25:51.469[Status]Routing 5: Walk: 5
2020-02-08_12:25:51.574[Battery Energy]110.86
2020-02-08_12:25:51.574[Status]Routing Start.
2020-02-08_12:25:51.713[Status]{'coordinate': [197.16605164532047, 695.2789118610783], 'id': 3}
2020-02-08_12:25:51.713[Status]Routing 6: Walk: 6
2020-02-08_12:25:51.824[Battery Energy]110.67
2020-02-08_12:25:51.824[Status]Routing Start.
2020-02-08_12:25:52.139[Status]{'coordinate': [206.8603935862072, 692.825397171258], 'id': 3}
2020-02-08_12:25:52.139[Status]Routing 7: Walk: 7
2020-02-08_12:25:52.239[Battery Energy]110.33
2020-02-08_12:25:52.239[Status]Routing Start.
2020-02-08_12:25:52.582[Status]{'coordinate': [216.55473552709395, 690.3718824814378], 'id': 3}
2020-02-08_12:25:52.582[Status]Routing 8: Walk: 8
2020-02-08_12:25:52.682[Battery Energy]110.00
2020-02-08_12:25:52.682[Status]Routing Start.
2020-02-08_12:25:53.028[Status]{'coordinate': [226.2490774679807, 687.9183677916175], 'id': 3}
2020-02-08_12:25:53.028[Status]Routing 9: Walk: 9
2020-02-08_12:25:53.134[Battery Energy]109.67
2020-02-08_12:25:53.134[Status]Routing Start.
2020-02-08_12:25:53.463[Status]{'coordinate': [235.94341940886744, 685.4648531017972], 'id': 3}
2020-02-08_12:25:53.463[Status]Routing 10: Walk: 10
2020-02-08_12:25:53.564[Battery Energy]109.34
2020-02-08_12:25:53.564[Status]Routing Start.
2020-02-08_12:25:53.934[Status]{'coordinate': [245.6377613497542, 683.0113384119769], 'id': 3}
2020-02-08_12:25:53.934[Status]Routing 11: Walk: 11
2020-02-08_12:25:54.034[Battery Energy]109.02
2020-02-08_12:25:54.034[Status]Routing Start.
2020-02-08_12:25:54.559[Status]{'coordinate': [255.33210329064093, 680.5578237221566], 'id': 3}
2020-02-08_12:25:54.559[Status]Routing 12: Walk: 12
2020-02-08_12:25:54.659[Battery Energy]108.54
2020-02-08_12:25:54.659[Status]Routing Start.
2020-02-08_12:25:54.939[Status]{'coordinate': [265.0264452315277, 678.1043090323363], 'id': 3}
2020-02-08_12:25:54.939[Status]Routing 13: Walk: 13
2020-02-08_12:25:55.039[Battery Energy]108.20
2020-02-08_12:25:55.039[Status]Routing Start.
2020-02-08_12:25:55.358[Status]{'coordinate': [274.7207871724145, 675.6507943425161], 'id': 3}
2020-02-08_12:25:55.358[Status]Routing 14: Walk: 14
2020-02-08_12:25:55.459[Battery Energy]107.85
2020-02-08_12:25:55.459[Status]Routing Start.
2020-02-08_12:25:55.624[Status]{'coordinate': [284.41512911330125, 673.1972796526958], 'id': 3}
2020-02-08_12:25:55.624[Status]Routing 15: Walk: 15
2020-02-08_12:25:55.733[Battery Energy]107.64
2020-02-08_12:25:55.733[Status]Routing Start.
2020-02-08_12:25:56.051[Status]{'coordinate': [294.109471054188, 670.7437649628755], 'id': 3}
2020-02-08_12:25:56.054[Status]Routing 16: Walk: 16
2020-02-08_12:25:56.154[Battery Energy]107.32
2020-02-08_12:25:56.154[Status]Routing Start.
2020-02-08_12:25:56.466[Status]{'coordinate': [303.8038129950748, 668.2902502730552], 'id': 3}
2020-02-08_12:25:56.467[Status]Routing 17: Walk: 17
2020-02-08_12:25:56.570[Battery Energy]107.00
2020-02-08_12:25:56.570[Status]Routing Start.
2020-02-08_12:25:56.876[Status]{'coordinate': [313.49815493596157, 665.8367355832348], 'id': 3}
2020-02-08_12:25:56.876[Status]Routing 18: Walk: 18
2020-02-08_12:25:56.976[Battery Energy]106.71
2020-02-08_12:25:56.976[Status]Routing Start.
2020-02-08_12:25:57.307[Status]{'coordinate': [323.19249687684834, 663.3832208934145], 'id': 3}
2020-02-08_12:25:57.307[Status]Routing 19: Walk: 19
2020-02-08_12:25:57.410[Battery Energy]106.40
2020-02-08_12:25:57.410[Status]Routing Start.
2020-02-08_12:25:57.747[Status]{'coordinate': [332.8868388177351, 660.9297062035942], 'id': 3}
2020-02-08_12:25:57.747[Status]Routing 20: Walk: 20
2020-02-08_12:25:57.848[Battery Energy]106.08
2020-02-08_12:25:57.848[Status]Routing Start.
2020-02-08_12:25:58.190[Status]{'coordinate': [342.5811807586219, 658.4761915137738], 'id': 3}
2020-02-08_12:25:58.190[Status]Routing 21: Walk: 21
2020-02-08_12:25:58.294[Battery Energy]105.70
2020-02-08_12:25:58.294[Status]Routing Start.
2020-02-08_12:25:58.601[Status]{'coordinate': [352.27552269950866, 656.0226768239535], 'id': 3}
2020-02-08_12:25:58.602[Status]Routing 22: Walk: 22
2020-02-08_12:25:58.702[Battery Energy]105.37
2020-02-08_12:25:58.702[Status]Routing Start.
2020-02-08_12:25:59.021[Status]{'coordinate': [361.96986464039543, 653.5691621341331], 'id': 3}
2020-02-08_12:25:59.021[Status]Routing 23: Walk: 23
2020-02-08_12:25:59.122[Battery Energy]105.04
2020-02-08_12:25:59.122[Status]Routing Start.
2020-02-08_12:25:59.491[Status]{'coordinate': [371.6642065812822, 651.1156474443128], 'id': 3}
2020-02-08_12:25:59.491[Status]Routing 24: Walk: 24
2020-02-08_12:25:59.591[Battery Energy]104.69
2020-02-08_12:25:59.591[Status]Routing Start.
2020-02-08_12:25:59.908[Status]{'coordinate': [381.358548522169, 648.6621327544924], 'id': 3}
2020-02-08_12:25:59.908[Status]Routing 25: Walk: 25
2020-02-08_12:26:00.008[Battery Energy]104.35
2020-02-08_12:26:00.008[Status]Routing Start.
2020-02-08_12:26:00.307[Status]{'coordinate': [391.05289046305575, 646.2086180646721], 'id': 3}
2020-02-08_12:26:00.307[Status]Routing 26: Walk: 26
2020-02-08_12:26:00.414[Battery Energy]104.05
2020-02-08_12:26:00.414[Status]Routing Start.
2020-02-08_12:26:00.755[Status]{'coordinate': [400.74723240394246, 643.7551033748517], 'id': 3}
2020-02-08_12:26:00.755[Status]Routing 27: Walk: 27
2020-02-08_12:26:00.856[Battery Energy]103.70
2020-02-08_12:26:00.856[Status]Routing Start.
2020-02-08_12:26:01.019[Status]{'coordinate': [410.44157434482923, 641.3015886850314], 'id': 3}
2020-02-08_12:26:01.019[Status]Routing 28: Walk: 28
2020-02-08_12:26:01.134[Battery Energy]103.48
2020-02-08_12:26:01.134[Status]Routing Start.
2020-02-08_12:26:01.414[Status]{'coordinate': [420.135916285716, 638.848073995211], 'id': 3}
2020-02-08_12:26:01.414[Status]Routing 29: Walk: 29
2020-02-08_12:26:01.520[Battery Energy]103.17
2020-02-08_12:26:01.521[Status]Routing Start.
2020-02-08_12:26:01.844[Status]{'coordinate': [429.8302582266028, 636.3945593053908], 'id': 3}
2020-02-08_12:26:01.845[Status]Routing 30: Walk: 30
2020-02-08_12:26:01.949[Battery Energy]102.81
2020-02-08_12:26:01.949[Status]Routing Start.
2020-02-08_12:26:02.284[Status]{'coordinate': [439.5246001674895, 633.9410446155704], 'id': 3}
2020-02-08_12:26:02.284[Status]Routing 31: Walk: 31
2020-02-08_12:26:02.384[Battery Energy]102.48
2020-02-08_12:26:02.384[Status]Routing Start.
2020-02-08_12:26:02.694[Status]{'coordinate': [449.21894210837627, 631.4875299257501], 'id': 3}
2020-02-08_12:26:02.695[Status]Routing 32: Walk: 32
2020-02-08_12:26:02.796[Battery Energy]102.16
2020-02-08_12:26:02.796[Status]Routing Start.
2020-02-08_12:26:02.796[Status]Task Finished.
2020-02-08_12:26:02.896[Battery Energy]102.16
2020-02-08_12:26:03.134[Status]Routing 34: Walk: 32
2020-02-08_12:26:03.238[Battery Energy]102.03
2020-02-08_12:26:03.584[Status]Routing 35: Walk: 32
2020-02-08_12:26:03.686[Battery Energy]101.82
2020-02-08_12:26:03.989[Status]Routing 36: Walk: 32
2020-02-08_12:26:04.089[Battery Energy]101.58
2020-02-08_12:26:04.427[Status]Routing 37: Walk: 32
2020-02-08_12:26:04.530[Battery Energy]101.36
2020-02-08_12:26:04.961[Status]Routing 38: Walk: 32
2020-02-08_12:26:05.061[Battery Energy]101.12
2020-02-08_12:26:05.220[Status]Routing 39: Walk: 32
2020-02-08_12:26:05.322[Battery Energy]100.98
2020-02-08_12:26:05.509[Status]Routing 40: Walk: 32
2020-02-08_12:26:05.609[Battery Energy]100.86
2020-02-08_12:26:05.927[Status]Routing 41: Walk: 32
2020-02-08_12:26:06.028[Battery Energy]100.68
2020-02-08_12:26:06.354[Status]Routing 42: Walk: 32
2020-02-08_12:26:06.458[Battery Energy]100.52
2020-02-08_12:26:06.796[Status]Routing 43: Walk: 32
2020-02-08_12:26:06.902[Battery Energy]100.26
2020-02-08_12:26:07.048[Status]Routing 44: Walk: 32
2020-02-08_12:26:07.149[Battery Energy]100.13
2020-02-08_12:26:07.305[Status]Routing 45: Walk: 32
2020-02-08_12:26:07.405[Battery Energy]100.04
2020-02-08_12:26:07.578[Status]Routing 46: Walk: 32
2020-02-08_12:26:07.690[Battery Energy]99.93
2020-02-08_12:26:07.921[Status]Routing 47: Walk: 32
2020-02-08_12:26:08.021[Battery Energy]99.76
2020-02-08_12:26:08.347[Status]Routing 48: Walk: 32
2020-02-08_12:26:08.447[Battery Energy]99.54
2020-02-08_12:26:08.752[Status]Routing 49: Walk: 32
2020-02-08_12:26:08.866[Battery Energy]99.37
2020-02-08_12:26:09.151[Status]Routing 50: Walk: 32
2020-02-08_12:26:09.252[Battery Energy]99.14
2020-02-08_12:26:09.557[Status]Routing 51: Walk: 32
2020-02-08_12:26:09.662[Battery Energy]98.96
2020-02-08_12:26:10.014[Status]Routing 52: Walk: 32
2020-02-08_12:26:10.114[Battery Energy]98.72
2020-02-08_12:26:10.427[Status]Routing 53: Walk: 32
2020-02-08_12:26:10.534[Battery Energy]98.50
2020-02-08_12:26:10.897[Status]Routing 54: Walk: 32
2020-02-08_12:26:10.997[Battery Energy]98.28
2020-02-08_12:26:11.332[Status]Routing 55: Walk: 32
2020-02-08_12:26:11.435[Battery Energy]98.05
2020-02-08_12:26:11.586[Status]Routing 56: Walk: 32
2020-02-08_12:26:11.686[Battery Energy]97.92
2020-02-08_12:26:11.844[Status]Routing 57: Walk: 32
2020-02-08_12:26:11.944[Battery Energy]97.80
2020-02-08_12:26:12.112[Status]Routing 58: Walk: 32
2020-02-08_12:26:12.218[Battery Energy]97.68
2020-02-08_12:26:12.508[Status]Routing 59: Walk: 32
2020-02-08_12:26:12.609[Battery Energy]97.47
2020-02-08_12:26:12.767[Status]Routing 60: Walk: 32
2020-02-08_12:26:12.890[Battery Energy]97.34
2020-02-08_12:26:13.181[Status]Routing 61: Walk: 32
2020-02-08_12:26:13.282[Battery Energy]97.11
2020-02-08_12:26:13.450[Status]Routing 62: Walk: 32
2020-02-08_12:26:13.560[Battery Energy]97.00
2020-02-08_12:26:13.857[Status]Routing 63: Walk: 32
2020-02-08_12:26:13.957[Battery Energy]96.81
2020-02-08_12:26:14.270[Status]Routing 64: Walk: 32
2020-02-08_12:26:14.386[Battery Energy]96.58
2020-02-08_12:26:14.668[Status]Routing 65: Walk: 32
2020-02-08_12:26:14.778[Battery Energy]96.39
2020-02-08_12:26:14.944[Status]Routing 66: Walk: 32
2020-02-08_12:26:15.058[Battery Energy]96.28
2020-02-08_12:26:15.181[Status]Routing 67: Walk: 32
2020-02-08_12:26:15.290[Battery Energy]96.18
2020-02-08_12:26:15.454[Status]Routing 68: Walk: 32
2020-02-08_12:26:15.565[Battery Energy]96.06
2020-02-08_12:26:15.700[Status]Routing 69: Walk: 32
2020-02-08_12:26:15.806[Battery Energy]95.97
2020-02-08_12:26:16.043[Status]Routing 70: Walk: 32
2020-02-08_12:26:16.144[Battery Energy]95.82
2020-02-08_12:26:16.288[Status]Routing 71: Walk: 32
2020-02-08_12:26:16.398[Battery Energy]95.72
2020-02-08_12:26:16.557[Status]Routing 72: Walk: 32
2020-02-08_12:26:16.670[Battery Energy]95.59
2020-02-08_12:26:16.812[Status]Routing 73: Walk: 32
2020-02-08_12:26:16.920[Battery Energy]95.49
2020-02-08_12:26:17.060[Status]Routing 74: Walk: 32
2020-02-08_12:26:17.166[Battery Energy]95.40
2020-02-08_12:26:17.333[Status]Routing 75: Walk: 32
2020-02-08_12:26:17.438[Battery Energy]95.29
2020-02-08_12:26:17.582[Status]Routing 76: Walk: 32
2020-02-08_12:26:17.687[Battery Energy]95.17
2020-02-08_12:26:17.819[Status]Routing 77: Walk: 32
2020-02-08_12:26:17.925[Battery Energy]95.08
2020-02-08_12:26:18.110[Status]Routing 78: Walk: 32
2020-02-08_12:26:18.211[Battery Energy]94.98
2020-02-08_12:26:18.481[Status]Routing 79: Walk: 32
2020-02-08_12:26:18.582[Battery Energy]94.77
2020-02-08_12:26:18.727[Status]Routing 80: Walk: 32
2020-02-08_12:26:18.829[Battery Energy]94.65
2020-02-08_12:26:19.015[Status]Routing 81: Walk: 32
2020-02-08_12:26:19.137[Battery Energy]94.54
2020-02-08_12:26:19.279[Status]Routing 82: Walk: 32
2020-02-08_12:26:19.386[Battery Energy]94.45
2020-02-08_12:26:19.527[Status]Routing 83: Walk: 32
2020-02-08_12:26:19.638[Battery Energy]94.34
2020-02-08_12:26:19.768[Status]Routing 84: Walk: 32
2020-02-08_12:26:19.868[Battery Energy]94.24
2020-02-08_12:26:20.030[Status]Routing 85: Walk: 32
2020-02-08_12:26:20.134[Battery Energy]94.13
2020-02-08_12:26:20.481[Status]Routing 86: Walk: 32
2020-02-08_12:26:20.584[Battery Energy]93.87
2020-02-08_12:26:20.738[Status]Routing 87: Walk: 32
2020-02-08_12:26:20.850[Battery Energy]93.77
2020-02-08_12:26:21.019[Status]Routing 88: Walk: 32
2020-02-08_12:26:21.130[Battery Energy]93.68
2020-02-08_12:26:21.254[Status]Routing 89: Walk: 32
2020-02-08_12:26:21.356[Battery Energy]93.58
2020-02-08_12:26:21.502[Status]Routing 90: Walk: 32
2020-02-08_12:26:21.606[Battery Energy]93.48
2020-02-08_12:26:21.765[Status]Routing 91: Walk: 32
2020-02-08_12:26:21.865[Battery Energy]93.36
2020-02-08_12:26:22.032[Status]Routing 92: Walk: 32
2020-02-08_12:26:22.142[Battery Energy]93.23
2020-02-08_12:26:22.274[Status]Routing 93: Walk: 32
2020-02-08_12:26:22.386[Battery Energy]93.12
2020-02-08_12:26:22.546[Status]Routing 94: Walk: 32
2020-02-08_12:26:22.649[Battery Energy]93.01
2020-02-08_12:26:22.843[Status]Routing 95: Walk: 32
2020-02-08_12:26:22.949[Battery Energy]92.87
2020-02-08_12:26:23.089[Status]Routing 96: Walk: 32
2020-02-08_12:26:23.191[Battery Energy]92.75
2020-02-08_12:26:23.362[Status]Routing 97: Walk: 32
2020-02-08_12:26:23.470[Battery Energy]92.64
2020-02-08_12:26:23.646[Status]Routing 98: Walk: 32
2020-02-08_12:26:23.750[Battery Energy]92.50
2020-02-08_12:26:23.969[Status]Routing 99: Walk: 32
2020-02-08_12:26:24.069[Battery Energy]92.33
2020-02-08_12:26:24.247[Status]Routing 100: Walk: 32
2020-02-08_12:26:24.355[Battery Energy]92.23
2020-02-08_12:26:24.689[Status]Routing 101: Walk: 32
2020-02-08_12:26:24.790[Battery Energy]91.99
2020-02-08_12:26:25.126[Status]Routing 102: Walk: 32
2020-02-08_12:26:25.227[Battery Energy]91.73
2020-02-08_12:26:25.425[Status]Routing 103: Walk: 32
2020-02-08_12:26:25.530[Battery Energy]91.60
2020-02-08_12:26:25.828[Status]Routing 104: Walk: 32
2020-02-08_12:26:25.932[Battery Energy]91.36
2020-02-08_12:26:26.082[Status]Routing 105: Walk: 32
2020-02-08_12:26:26.194[Battery Energy]91.24
2020-02-08_12:26:26.377[Status]Routing 106: Walk: 32
2020-02-08_12:26:26.482[Battery Energy]91.10
2020-02-08_12:26:26.713[Status]Routing 107: Walk: 32
2020-02-08_12:26:26.818[Battery Energy]90.94
2020-02-08_12:26:27.110[Status]Routing 108: Walk: 32
2020-02-08_12:26:27.211[Battery Energy]90.75
2020-02-08_12:26:27.512[Status]Routing 109: Walk: 32
2020-02-08_12:26:27.628[Battery Energy]90.49
2020-02-08_12:26:27.950[Status]Routing 110: Walk: 32
2020-02-08_12:26:28.058[Battery Energy]90.29
2020-02-08_12:26:28.224[Status]Routing 111: Walk: 32
2020-02-08_12:26:28.324[Battery Energy]90.17
2020-02-08_12:26:28.470[Status]Routing 112: Walk: 32
2020-02-08_12:26:28.570[Battery Energy]90.06
2020-02-08_12:26:28.835[Status]Routing 113: Walk: 32
2020-02-08_12:26:28.950[Battery Energy]89.87
2020-02-08_12:26:29.197[Status]Routing 114: Walk: 32
2020-02-08_12:26:29.302[Battery Energy]89.69
2020-02-08_12:26:29.464[Status]Routing 115: Walk: 32
2020-02-08_12:26:29.566[Battery Energy]89.60
2020-02-08_12:26:29.728[Status]Routing 116: Walk: 32
2020-02-08_12:26:29.842[Battery Energy]89.48
2020-02-08_12:26:30.022[Status]Routing 117: Walk: 32
2020-02-08_12:26:30.126[Battery Energy]89.35
2020-02-08_12:26:30.368[Status]Routing 118: Walk: 32
2020-02-08_12:26:30.474[Battery Energy]89.18
2020-02-08_12:26:30.631[Status]Routing 119: Walk: 32
2020-02-08_12:26:30.742[Battery Energy]89.08
2020-02-08_12:26:30.901[Status]Routing 120: Walk: 32
2020-02-08_12:26:31.006[Battery Energy]88.98
2020-02-08_12:26:31.254[Status]Routing 121: Walk: 32
2020-02-08_12:26:31.354[Battery Energy]88.82
2020-02-08_12:26:31.547[Status]Routing 122: Walk: 32
2020-02-08_12:26:31.654[Battery Energy]88.69
2020-02-08_12:26:31.865[Status]Routing 123: Walk: 32
2020-02-08_12:26:31.965[Battery Energy]88.54
2020-02-08_12:26:32.219[Status]Routing 124: Walk: 32
2020-02-08_12:26:32.326[Battery Energy]88.37
2020-02-08_12:26:32.507[Status]Routing 125: Walk: 32
2020-02-08_12:26:32.608[Battery Energy]88.24
2020-02-08_12:26:32.756[Status]Routing 126: Walk: 32
2020-02-08_12:26:32.866[Battery Energy]88.13
2020-02-08_12:26:33.095[Status]Routing 127: Walk: 32
2020-02-08_12:26:33.198[Battery Energy]88.00
2020-02-08_12:26:33.372[Status]Routing 128: Walk: 32
2020-02-08_12:26:33.472[Battery Energy]87.86
2020-02-08_12:26:33.632[Status]Routing 129: Walk: 32
2020-02-08_12:26:33.738[Battery Energy]87.75
2020-02-08_12:26:33.923[Status]Routing 130: Walk: 32
2020-02-08_12:26:34.037[Battery Energy]87.64
2020-02-08_12:26:34.195[Status]Routing 131: Walk: 32
2020-02-08_12:26:34.306[Battery Energy]87.53
2020-02-08_12:26:34.545[Status]Routing 132: Walk: 32
2020-02-08_12:26:34.646[Battery Energy]87.34
2020-02-08_12:26:34.802[Status]Routing 133: Walk: 32
2020-02-08_12:26:34.910[Battery Energy]87.22
2020-02-08_12:26:35.102[Status]Routing 134: Walk: 32
2020-02-08_12:26:35.202[Battery Energy]87.07
2020-02-08_12:26:35.387[Status]Routing 135: Walk: 32
2020-02-08_12:26:35.487[Battery Energy]86.97
2020-02-08_12:26:35.652[Status]Routing 136: Walk: 32
2020-02-08_12:26:35.756[Battery Energy]86.85
2020-02-08_12:26:35.912[Status]Routing 137: Walk: 32
2020-02-08_12:26:36.012[Battery Energy]86.74
2020-02-08_12:26:36.194[Status]Routing 138: Walk: 32
2020-02-08_12:26:36.295[Battery Energy]86.62
2020-02-08_12:26:36.462[Status]Routing 139: Walk: 32
2020-02-08_12:26:36.574[Battery Energy]86.50
2020-02-08_12:26:36.692[Status]Routing 140: Walk: 32
2020-02-08_12:26:36.792[Battery Energy]86.39
2020-02-08_12:26:36.942[Status]Routing 141: Walk: 32
2020-02-08_12:26:37.042[Battery Energy]86.29
2020-02-08_12:26:37.198[Status]Routing 142: Walk: 32
2020-02-08_12:26:37.300[Battery Energy]86.19
2020-02-08_12:26:37.476[Status]Routing 143: Walk: 32
2020-02-08_12:26:37.577[Battery Energy]86.04
2020-02-08_12:26:37.789[Status]Routing 144: Walk: 32
2020-02-08_12:26:37.890[Battery Energy]85.90
2020-02-08_12:26:38.034[Status]Routing 145: Walk: 32
2020-02-08_12:26:38.166[Battery Energy]85.79
2020-02-08_12:26:38.309[Status]Routing 146: Walk: 32
2020-02-08_12:26:38.410[Battery Energy]85.69
2020-02-08_12:26:38.576[Status]Routing 147: Walk: 32
2020-02-08_12:26:38.686[Battery Energy]85.58
2020-02-08_12:26:38.824[Status]Routing 148: Walk: 32
2020-02-08_12:26:38.932[Battery Energy]85.47
2020-02-08_12:26:39.115[Status]Routing 149: Walk: 32
2020-02-08_12:26:39.226[Battery Energy]85.36
2020-02-08_12:26:39.384[Status]Routing 150: Walk: 32
2020-02-08_12:26:39.488[Battery Energy]85.25
2020-02-08_12:26:39.640[Status]Routing 151: Walk: 32
2020-02-08_12:26:39.746[Battery Energy]85.13
2020-02-08_12:26:39.904[Status]Routing 152: Walk: 32
2020-02-08_12:26:40.014[Battery Energy]85.02
2020-02-08_12:26:40.162[Status]Routing 153: Walk: 32
2020-02-08_12:26:40.282[Battery Energy]84.90
2020-02-08_12:26:40.449[Status]Routing 154: Walk: 32
2020-02-08_12:26:40.549[Battery Energy]84.76
2020-02-08_12:26:40.703[Status]Routing 155: Walk: 32
2020-02-08_12:26:40.804[Battery Energy]84.66
2020-02-08_12:26:40.971[Status]Routing 156: Walk: 32
2020-02-08_12:26:41.071[Battery Energy]84.54
2020-02-08_12:26:41.225[Status]Routing 157: Walk: 32
2020-02-08_12:26:41.325[Battery Energy]84.44
2020-02-08_12:26:41.478[Status]Routing 158: Walk: 32
2020-02-08_12:26:41.579[Battery Energy]84.31
2020-02-08_12:26:41.768[Status]Routing 159: Walk: 32
2020-02-08_12:26:41.870[Battery Energy]84.18
2020-02-08_12:26:42.000[Status]Routing 160: Walk: 32
2020-02-08_12:26:42.100[Battery Energy]84.06
2020-02-08_12:26:42.248[Status]Routing 161: Walk: 32
2020-02-08_12:26:42.356[Battery Energy]83.95
2020-02-08_12:26:42.499[Status]Routing 162: Walk: 32
2020-02-08_12:26:42.600[Battery Energy]83.84
2020-02-08_12:26:42.765[Status]Routing 163: Walk: 32
2020-02-08_12:26:42.866[Battery Energy]83.71
2020-02-08_12:26:42.998[Status]Routing 164: Walk: 32
2020-02-08_12:26:43.106[Battery Energy]83.62
2020-02-08_12:26:43.269[Status]Routing 165: Walk: 32
2020-02-08_12:26:43.378[Battery Energy]83.48
2020-02-08_12:26:43.537[Status]Routing 166: Walk: 32
2020-02-08_12:26:43.646[Battery Energy]83.35
2020-02-08_12:26:43.800[Status]Routing 167: Walk: 32
2020-02-08_12:26:43.900[Battery Energy]83.22
2020-02-08_12:26:44.066[Status]Routing 168: Walk: 32
2020-02-08_12:26:44.174[Battery Energy]83.10
2020-02-08_12:26:44.348[Status]Routing 169: Walk: 32
2020-02-08_12:26:44.448[Battery Energy]82.99
2020-02-08_12:26:44.619[Status]Routing 170: Walk: 32
2020-02-08_12:26:44.719[Battery Energy]82.90
2020-02-08_12:26:44.864[Status]Routing 171: Walk: 32
2020-02-08_12:26:44.964[Battery Energy]82.78
2020-02-08_12:26:45.154[Status]Routing 172: Walk: 32
2020-02-08_12:26:45.258[Battery Energy]82.65
2020-02-08_12:26:45.421[Status]Routing 173: Walk: 32
2020-02-08_12:26:45.521[Battery Energy]82.54
2020-02-08_12:26:45.689[Status]Routing 174: Walk: 32
2020-02-08_12:26:45.792[Battery Energy]82.43
