2020-02-08_12:29:54.795[Status]Start.
2020-02-08_12:29:54.795[Battery Energy]109.00
2020-02-08_12:29:55.897[Battery Energy]108.96
2020-02-08_12:29:56.998[Battery Energy]108.92
2020-02-08_12:29:58.099[Battery Energy]108.88
2020-02-08_12:29:59.200[Battery Energy]108.84
2020-02-08_12:30:00.301[Task]A New Task Released.
2020-02-08_12:30:00.301[Battery Energy]108.80
2020-02-08_12:30:00.301[Status]Selection Start.
2020-02-08_12:30:05.033[Status]Selection End: Do Task 0.
2020-02-08_12:30:05.149[Battery Energy]105.36
2020-02-08_12:30:05.150[Status]Formation Start.
2020-02-08_12:30:05.293[Status]number of tasks is 7
2020-02-08_12:30:05.293[Status]my group tasks is [ 525.  475.]
2020-02-08_12:30:05.302[Status]my group tasks is [ 449.69796037  631.36629649]
2020-02-08_12:30:05.304[Status]my group tasks is [ 280.49581321  669.98558244]
2020-02-08_12:30:05.310[Status]my group tasks is [ 144.80622642  561.77674782]
2020-02-08_12:30:05.316[Status]my group tasks is [ 144.80622642  388.22325218]
2020-02-08_12:30:05.318[Status]my group tasks is [ 280.49581321  280.01441756]
2020-02-08_12:30:05.320[Status]my group tasks is [ 449.69796037  318.63370351]
2020-02-08_12:30:05.356[Status]mygroup_robots_utility is {1: [32.34270563257427, 33.015447405333305, 36.41183291399482, 37.76677699745089, 43.21931157034518, 44.911432074896304, 31.224083421741376], 2: [33.578883331079304, 34.777275466672336, 35.08180709733934, 38.70376869291566, 39.3166064929303, 90.62852086462907, 46.21056593511067], 3: [36.241101572692, 86.32551689736214, 31.79644913093721, 36.28951599327828, 43.10702925605191, 30.335610740626677, 31.82063023331188], 4: [32.75811286405169, 33.75912853365558, 39.90052519340955, 60.242023534647004, 76.66656014195594, 30.451029072349435, 44.482232719450714], 5: [65.23329504061428, 34.24748648342535, 39.42575616318219, 72.27005166467508, 42.527489452626114, 93.58940092670363, 31.995810039765892], 6: [67.66432306200323, 37.563839888011174, 26.87879849395251, 27.766668004073203, 28.93479770700928, 78.9564904347584, 31.587917910348555], 7: [32.819154274475785, 32.13595375241445, 36.38948017615555, 46.830533103974645, 68.62547615919549, 42.82618475323189, 78.81070420220388]}
2020-02-08_12:30:05.356[Status]self.local_queue is [1, 2, 3, 4, 5, 6, 7]
2020-02-08_12:30:05.357[Status]task_chosen index is 5
2020-02-08_12:30:05.357[Status]task_chosen index is 6
2020-02-08_12:30:05.357[Status]task_chosen index is 1
2020-02-08_12:30:05.357[Status]task_chosen index is 4
2020-02-08_12:30:05.357[Status]task_chosen index is 3
2020-02-08_12:30:05.357[Status]task_chosen index is 0
2020-02-08_12:30:05.357[Status]myindex_in_queue is 0
2020-02-08_12:30:05.357[Status]task destination is [525.0, 475.0]
2020-02-08_12:30:05.457[Battery Energy]105.19
2020-02-08_12:30:05.457[Status]Routing Start.
2020-02-08_12:30:05.640[Status]{'id': 6, 'coordinate': [131.3311898239762, 109.80100402623229]}
2020-02-08_12:30:05.640[Status]Routing 1: Walk: 1
2020-02-08_12:30:05.766[Battery Energy]104.96
2020-02-08_12:30:05.767[Status]Routing Start.
2020-02-08_12:30:05.913[Status]{'id': 6, 'coordinate': [138.66237964795238, 116.60200805246458]}
2020-02-08_12:30:05.913[Status]Routing 2: Walk: 2
2020-02-08_12:30:06.013[Battery Energy]104.77
2020-02-08_12:30:06.013[Status]Routing Start.
2020-02-08_12:30:06.160[Status]{'id': 6, 'coordinate': [145.9935694719286, 123.40301207869688]}
2020-02-08_12:30:06.164[Status]Routing 3: Walk: 3
2020-02-08_12:30:06.270[Battery Energy]104.56
2020-02-08_12:30:06.270[Status]Routing Start.
2020-02-08_12:30:06.434[Status]{'id': 6, 'coordinate': [153.3247592959048, 130.20401610492917]}
2020-02-08_12:30:06.435[Status]Routing 4: Walk: 4
2020-02-08_12:30:06.546[Battery Energy]104.33
2020-02-08_12:30:06.546[Status]Routing Start.
2020-02-08_12:30:06.694[Status]{'id': 6, 'coordinate': [160.655949119881, 137.00502013116144]}
2020-02-08_12:30:06.695[Status]Routing 5: Walk: 5
2020-02-08_12:30:06.795[Battery Energy]104.12
2020-02-08_12:30:06.795[Status]Routing Start.
2020-02-08_12:30:07.109[Status]Routing 6: Walk: 5
2020-02-08_12:30:07.210[Battery Energy]103.85
2020-02-08_12:30:07.210[Status]Routing Start.
2020-02-08_12:30:07.386[Status]{'id': 6, 'coordinate': [167.9871389438572, 143.80602415739372]}
2020-02-08_12:30:07.387[Status]Routing 7: Walk: 6
2020-02-08_12:30:07.494[Battery Energy]103.64
2020-02-08_12:30:07.494[Status]Routing Start.
2020-02-08_12:30:07.986[Status]Routing 8: Walk: 6
2020-02-08_12:30:08.087[Battery Energy]103.21
2020-02-08_12:30:08.087[Status]Routing Start.
2020-02-08_12:30:08.426[Status]Routing 9: Walk: 6
2020-02-08_12:30:08.529[Battery Energy]102.95
2020-02-08_12:30:08.529[Status]Routing Start.
2020-02-08_12:30:08.708[Status]{'id': 6, 'coordinate': [175.3183287678334, 150.607028183626]}
2020-02-08_12:30:08.708[Status]Routing 10: Walk: 7
2020-02-08_12:30:08.808[Battery Energy]102.73
2020-02-08_12:30:08.808[Status]Routing Start.
2020-02-08_12:30:09.259[Status]Routing 11: Walk: 7
2020-02-08_12:30:09.359[Battery Energy]102.31
2020-02-08_12:30:09.359[Status]Routing Start.
2020-02-08_12:30:09.534[Status]{'id': 6, 'coordinate': [182.6495185918096, 157.40803220985828]}
2020-02-08_12:30:09.535[Status]Routing 12: Walk: 8
2020-02-08_12:30:09.635[Battery Energy]102.08
2020-02-08_12:30:09.635[Status]Routing Start.
2020-02-08_12:30:10.103[Status]Routing 13: Walk: 8
2020-02-08_12:30:10.206[Battery Energy]101.69
2020-02-08_12:30:10.206[Status]Routing Start.
2020-02-08_12:30:10.586[Status]Routing 14: Walk: 8
2020-02-08_12:30:10.690[Battery Energy]101.38
2020-02-08_12:30:10.690[Status]Routing Start.
2020-02-08_12:30:11.007[Status]Routing 15: Walk: 8
2020-02-08_12:30:11.107[Battery Energy]101.07
2020-02-08_12:30:11.107[Status]Routing Start.
2020-02-08_12:30:11.482[Status]Routing 16: Walk: 8
2020-02-08_12:30:11.586[Battery Energy]100.76
2020-02-08_12:30:11.586[Status]Routing Start.
2020-02-08_12:30:11.728[Status]{'id': 6, 'coordinate': [189.98070841578578, 164.20903623609055]}
2020-02-08_12:30:11.729[Status]Routing 17: Walk: 9
2020-02-08_12:30:11.830[Battery Energy]100.56
2020-02-08_12:30:11.830[Status]Routing Start.
2020-02-08_12:30:12.317[Status]Routing 18: Walk: 9
2020-02-08_12:30:12.418[Battery Energy]100.14
2020-02-08_12:30:12.418[Status]Routing Start.
2020-02-08_12:30:12.591[Status]{'id': 6, 'coordinate': [197.31189823976197, 171.01004026232283]}
2020-02-08_12:30:12.591[Status]Routing 19: Walk: 10
2020-02-08_12:30:12.691[Battery Energy]99.89
2020-02-08_12:30:12.691[Status]Routing Start.
2020-02-08_12:30:12.993[Status]{'id': 6, 'coordinate': [204.64308806373816, 177.8110442885551]}
2020-02-08_12:30:12.996[Status]Routing 20: Walk: 11
2020-02-08_12:30:13.107[Battery Energy]99.55
2020-02-08_12:30:13.107[Status]Routing Start.
2020-02-08_12:30:13.445[Status]{'id': 6, 'coordinate': [211.97427788771435, 184.6120483147874]}
2020-02-08_12:30:13.446[Status]Routing 21: Walk: 12
2020-02-08_12:30:13.554[Battery Energy]99.18
2020-02-08_12:30:13.554[Status]Routing Start.
2020-02-08_12:30:13.836[Status]{'id': 6, 'coordinate': [219.30546771169054, 191.41305234101966]}
2020-02-08_12:30:13.836[Status]Routing 22: Walk: 13
2020-02-08_12:30:13.936[Battery Energy]98.89
2020-02-08_12:30:13.936[Status]Routing Start.
2020-02-08_12:30:14.254[Status]{'id': 6, 'coordinate': [226.63665753566673, 198.21405636725194]}
2020-02-08_12:30:14.254[Status]Routing 23: Walk: 14
2020-02-08_12:30:14.356[Battery Energy]98.58
2020-02-08_12:30:14.356[Status]Routing Start.
2020-02-08_12:30:14.672[Status]{'id': 6, 'coordinate': [233.96784735964292, 205.01506039348422]}
2020-02-08_12:30:14.672[Status]Routing 24: Walk: 15
2020-02-08_12:30:14.772[Battery Energy]98.26
2020-02-08_12:30:14.772[Status]Routing Start.
2020-02-08_12:30:15.068[Status]{'id': 6, 'coordinate': [241.2990371836191, 211.8160644197165]}
2020-02-08_12:30:15.068[Status]Routing 25: Walk: 16
2020-02-08_12:30:15.176[Battery Energy]97.95
2020-02-08_12:30:15.176[Status]Routing Start.
2020-02-08_12:30:15.523[Status]{'id': 6, 'coordinate': [248.6302270075953, 218.61706844594877]}
2020-02-08_12:30:15.526[Status]Routing 26: Walk: 17
2020-02-08_12:30:15.638[Battery Energy]97.62
2020-02-08_12:30:15.638[Status]Routing Start.
2020-02-08_12:30:15.888[Status]{'id': 6, 'coordinate': [255.9614168315715, 225.41807247218105]}
2020-02-08_12:30:15.888[Status]Routing 27: Walk: 18
2020-02-08_12:30:15.988[Battery Energy]97.36
2020-02-08_12:30:15.988[Status]Routing Start.
2020-02-08_12:30:16.173[Status]{'id': 6, 'coordinate': [263.29260665554773, 232.21907649841333]}
2020-02-08_12:30:16.173[Status]Routing 28: Walk: 19
2020-02-08_12:30:16.273[Battery Energy]97.14
2020-02-08_12:30:16.273[Status]Routing Start.
2020-02-08_12:30:16.593[Status]{'id': 6, 'coordinate': [270.62379647952395, 239.0200805246456]}
2020-02-08_12:30:16.593[Status]Routing 29: Walk: 20
2020-02-08_12:30:16.693[Battery Energy]96.82
2020-02-08_12:30:16.693[Status]Routing Start.
2020-02-08_12:30:17.007[Status]{'id': 6, 'coordinate': [277.95498630350016, 245.82108455087788]}
2020-02-08_12:30:17.007[Status]Routing 30: Walk: 21
2020-02-08_12:30:17.107[Battery Energy]96.51
2020-02-08_12:30:17.107[Status]Routing Start.
2020-02-08_12:30:17.437[Status]{'id': 6, 'coordinate': [285.2861761274764, 252.62208857711016]}
2020-02-08_12:30:17.437[Status]Routing 31: Walk: 22
2020-02-08_12:30:17.537[Battery Energy]96.22
2020-02-08_12:30:17.537[Status]Routing Start.
2020-02-08_12:30:17.841[Status]{'id': 6, 'coordinate': [292.6173659514526, 259.42309260334247]}
2020-02-08_12:30:17.841[Status]Routing 32: Walk: 23
2020-02-08_12:30:17.946[Battery Energy]95.92
2020-02-08_12:30:17.946[Status]Routing Start.
2020-02-08_12:30:18.417[Status]{'id': 6, 'coordinate': [299.9485557754288, 266.2240966295748]}
2020-02-08_12:30:18.419[Status]Routing 33: Walk: 24
2020-02-08_12:30:18.519[Battery Energy]95.47
2020-02-08_12:30:18.519[Status]Routing Start.
2020-02-08_12:30:18.846[Status]{'id': 6, 'coordinate': [307.27974559940503, 273.0251006558071]}
2020-02-08_12:30:18.847[Status]Routing 34: Walk: 25
2020-02-08_12:30:18.947[Battery Energy]95.13
2020-02-08_12:30:18.947[Status]Routing Start.
2020-02-08_12:30:19.271[Status]{'id': 6, 'coordinate': [314.61093542338125, 279.8261046820394]}
2020-02-08_12:30:19.271[Status]Routing 35: Walk: 26
2020-02-08_12:30:19.371[Battery Energy]94.80
2020-02-08_12:30:19.371[Status]Routing Start.
2020-02-08_12:30:19.525[Status]{'id': 6, 'coordinate': [321.94212524735747, 286.6271087082717]}
2020-02-08_12:30:19.525[Status]Routing 36: Walk: 27
2020-02-08_12:30:19.638[Battery Energy]94.58
2020-02-08_12:30:19.638[Status]Routing Start.
2020-02-08_12:30:20.037[Status]{'id': 6, 'coordinate': [329.2733150713337, 293.428112734504]}
2020-02-08_12:30:20.037[Status]Routing 37: Walk: 28
2020-02-08_12:30:20.146[Battery Energy]94.22
2020-02-08_12:30:20.146[Status]Routing Start.
2020-02-08_12:30:20.309[Status]{'id': 6, 'coordinate': [336.6045048953099, 300.2291167607363]}
2020-02-08_12:30:20.309[Status]Routing 38: Walk: 29
2020-02-08_12:30:20.426[Battery Energy]94.01
2020-02-08_12:30:20.426[Status]Routing Start.
2020-02-08_12:30:20.560[Status]{'id': 6, 'coordinate': [343.9356947192861, 307.0301207869686]}
2020-02-08_12:30:20.561[Status]Routing 39: Walk: 30
2020-02-08_12:30:20.662[Battery Energy]93.81
2020-02-08_12:30:20.662[Status]Routing Start.
2020-02-08_12:30:20.926[Status]{'id': 6, 'coordinate': [351.26688454326234, 313.8311248132009]}
2020-02-08_12:30:20.926[Status]Routing 40: Walk: 31
2020-02-08_12:30:21.034[Battery Energy]93.54
2020-02-08_12:30:21.034[Status]Routing Start.
2020-02-08_12:30:21.340[Status]{'id': 6, 'coordinate': [358.59807436723855, 320.6321288394332]}
2020-02-08_12:30:21.341[Status]Routing 41: Walk: 32
2020-02-08_12:30:21.450[Battery Energy]93.23
2020-02-08_12:30:21.450[Status]Routing Start.
2020-02-08_12:30:21.749[Status]{'id': 6, 'coordinate': [365.92926419121477, 327.4331328656655]}
2020-02-08_12:30:21.749[Status]Routing 42: Walk: 33
2020-02-08_12:30:21.854[Battery Energy]92.91
2020-02-08_12:30:21.854[Status]Routing Start.
2020-02-08_12:30:21.993[Status]{'id': 6, 'coordinate': [373.260454015191, 334.23413689189783]}
2020-02-08_12:30:21.993[Status]Routing 43: Walk: 34
2020-02-08_12:30:22.094[Battery Energy]92.70
2020-02-08_12:30:22.094[Status]Routing Start.
2020-02-08_12:30:22.287[Status]{'id': 6, 'coordinate': [380.5916438391672, 341.03514091813014]}
2020-02-08_12:30:22.287[Status]Routing 44: Walk: 35
2020-02-08_12:30:22.398[Battery Energy]92.48
2020-02-08_12:30:22.398[Status]Routing Start.
2020-02-08_12:30:22.562[Status]{'id': 6, 'coordinate': [387.9228336631434, 347.83614494436245]}
2020-02-08_12:30:22.562[Status]Routing 45: Walk: 36
2020-02-08_12:30:22.665[Battery Energy]92.26
2020-02-08_12:30:22.665[Status]Routing Start.
2020-02-08_12:30:22.901[Status]{'id': 6, 'coordinate': [395.25402348711964, 354.63714897059475]}
2020-02-08_12:30:22.904[Status]Routing 46: Walk: 37
2020-02-08_12:30:23.010[Battery Energy]91.98
2020-02-08_12:30:23.010[Status]Routing Start.
2020-02-08_12:30:23.343[Status]{'id': 6, 'coordinate': [402.58521331109586, 361.43815299682706]}
2020-02-08_12:30:23.343[Status]Routing 47: Walk: 38
2020-02-08_12:30:23.466[Battery Energy]91.63
2020-02-08_12:30:23.466[Status]Routing Start.
2020-02-08_12:30:23.752[Status]{'id': 6, 'coordinate': [409.9164031350721, 368.23915702305936]}
2020-02-08_12:30:23.752[Status]Routing 48: Walk: 39
2020-02-08_12:30:23.852[Battery Energy]91.38
2020-02-08_12:30:23.853[Status]Routing Start.
2020-02-08_12:30:24.201[Status]{'id': 6, 'coordinate': [417.2475929590483, 375.04016104929167]}
2020-02-08_12:30:24.201[Status]Routing 49: Walk: 40
2020-02-08_12:30:24.301[Battery Energy]91.08
2020-02-08_12:30:24.301[Status]Routing Start.
2020-02-08_12:30:24.638[Status]{'id': 6, 'coordinate': [424.5787827830245, 381.841165075524]}
2020-02-08_12:30:24.639[Status]Routing 50: Walk: 41
2020-02-08_12:30:24.746[Battery Energy]90.78
2020-02-08_12:30:24.746[Status]Routing Start.
2020-02-08_12:30:25.106[Status]{'id': 6, 'coordinate': [431.9099726070007, 388.6421691017563]}
2020-02-08_12:30:25.109[Status]Routing 51: Walk: 42
2020-02-08_12:30:25.210[Battery Energy]90.46
2020-02-08_12:30:25.210[Status]Routing Start.
2020-02-08_12:30:25.531[Status]{'id': 6, 'coordinate': [439.24116243097694, 395.4431731279886]}
2020-02-08_12:30:25.531[Status]Routing 52: Walk: 43
2020-02-08_12:30:25.642[Battery Energy]90.17
2020-02-08_12:30:25.642[Status]Routing Start.
2020-02-08_12:30:25.964[Status]{'id': 6, 'coordinate': [446.57235225495316, 402.2441771542209]}
2020-02-08_12:30:25.964[Status]Routing 53: Walk: 44
2020-02-08_12:30:26.074[Battery Energy]89.84
2020-02-08_12:30:26.074[Status]Routing Start.
2020-02-08_12:30:26.368[Status]{'id': 6, 'coordinate': [453.9035420789294, 409.0451811804532]}
2020-02-08_12:30:26.368[Status]Routing 54: Walk: 45
2020-02-08_12:30:26.478[Battery Energy]89.54
2020-02-08_12:30:26.478[Status]Routing Start.
2020-02-08_12:30:26.614[Status]{'id': 6, 'coordinate': [461.2347319029056, 415.8461852066855]}
2020-02-08_12:30:26.614[Status]Routing 55: Walk: 46
2020-02-08_12:30:26.727[Battery Energy]89.32
2020-02-08_12:30:26.727[Status]Routing Start.
2020-02-08_12:30:26.896[Status]{'id': 6, 'coordinate': [468.5659217268818, 422.6471892329178]}
2020-02-08_12:30:26.896[Status]Routing 56: Walk: 47
2020-02-08_12:30:26.998[Battery Energy]89.09
2020-02-08_12:30:26.998[Status]Routing Start.
2020-02-08_12:30:27.293[Status]Routing 57: Walk: 47
2020-02-08_12:30:27.394[Battery Energy]88.78
2020-02-08_12:30:27.394[Status]Routing Start.
2020-02-08_12:30:27.546[Status]{'id': 6, 'coordinate': [475.897111550858, 429.4481932591501]}
2020-02-08_12:30:27.547[Status]Routing 58: Walk: 48
2020-02-08_12:30:27.652[Battery Energy]88.57
2020-02-08_12:30:27.653[Status]Routing Start.
2020-02-08_12:30:27.964[Status]Routing 59: Walk: 48
2020-02-08_12:30:28.064[Battery Energy]88.26
2020-02-08_12:30:28.064[Status]Routing Start.
2020-02-08_12:30:28.224[Status]{'id': 6, 'coordinate': [483.22830137483425, 436.2491972853824]}
2020-02-08_12:30:28.225[Status]Routing 60: Walk: 49
2020-02-08_12:30:28.330[Battery Energy]88.07
2020-02-08_12:30:28.330[Status]Routing Start.
2020-02-08_12:30:28.679[Status]Routing 61: Walk: 49
2020-02-08_12:30:28.779[Battery Energy]87.77
2020-02-08_12:30:28.780[Status]Routing Start.
2020-02-08_12:30:29.130[Status]Routing 62: Walk: 49
2020-02-08_12:30:29.230[Battery Energy]87.48
2020-02-08_12:30:29.230[Status]Routing Start.
2020-02-08_12:30:29.540[Status]Routing 63: Walk: 49
2020-02-08_12:30:29.641[Battery Energy]87.17
2020-02-08_12:30:29.641[Status]Routing Start.
2020-02-08_12:30:29.774[Status]{'id': 6, 'coordinate': [490.55949119881046, 443.0502013116147]}
2020-02-08_12:30:29.776[Status]Routing 64: Walk: 50
2020-02-08_12:30:29.880[Battery Energy]86.96
2020-02-08_12:30:29.880[Status]Routing Start.
2020-02-08_12:30:30.059[Status]{'id': 6, 'coordinate': [497.8906810227867, 449.85120533784703]}
2020-02-08_12:30:30.060[Status]Routing 65: Walk: 51
2020-02-08_12:30:30.166[Battery Energy]86.76
2020-02-08_12:30:30.166[Status]Routing Start.
2020-02-08_12:30:30.300[Status]{'id': 6, 'coordinate': [505.2218708467629, 456.65220936407934]}
2020-02-08_12:30:30.300[Status]Routing 66: Walk: 52
2020-02-08_12:30:30.417[Battery Energy]86.54
2020-02-08_12:30:30.417[Status]Routing Start.
2020-02-08_12:30:30.570[Status]{'id': 6, 'coordinate': [512.5530606707391, 463.45321339031165]}
2020-02-08_12:30:30.570[Status]Routing 67: Walk: 53
2020-02-08_12:30:30.670[Battery Energy]86.33
2020-02-08_12:30:30.670[Status]Routing Start.
2020-02-08_12:30:30.843[Status]{'id': 6, 'coordinate': [519.8842504947154, 470.2542174165439]}
2020-02-08_12:30:30.844[Status]Routing 68: Walk: 54
2020-02-08_12:30:30.944[Battery Energy]86.12
2020-02-08_12:30:30.944[Status]Routing Start.
2020-02-08_12:30:30.944[Status]Task Finished.
2020-02-08_12:30:31.046[Battery Energy]86.12
2020-02-08_12:30:31.188[Status]Routing 70: Walk: 54
2020-02-08_12:30:31.289[Battery Energy]86.01
2020-02-08_12:30:31.469[Status]Routing 71: Walk: 54
2020-02-08_12:30:31.574[Battery Energy]85.89
2020-02-08_12:30:31.723[Status]Routing 72: Walk: 54
2020-02-08_12:30:31.824[Battery Energy]85.79
2020-02-08_12:30:31.981[Status]Routing 73: Walk: 54
2020-02-08_12:30:32.091[Battery Energy]85.68
2020-02-08_12:30:32.255[Status]Routing 74: Walk: 54
2020-02-08_12:30:32.362[Battery Energy]85.57
2020-02-08_12:30:32.535[Status]Routing 75: Walk: 54
2020-02-08_12:30:32.635[Battery Energy]85.45
2020-02-08_12:30:32.787[Status]Routing 76: Walk: 54
2020-02-08_12:30:32.902[Battery Energy]85.33
2020-02-08_12:30:33.049[Status]Routing 77: Walk: 54
2020-02-08_12:30:33.149[Battery Energy]85.21
2020-02-08_12:30:33.325[Status]Routing 78: Walk: 54
2020-02-08_12:30:33.430[Battery Energy]85.10
2020-02-08_12:30:33.738[Status]Routing 79: Walk: 54
2020-02-08_12:30:33.841[Battery Energy]84.89
2020-02-08_12:30:34.177[Status]Routing 80: Walk: 54
2020-02-08_12:30:34.277[Battery Energy]84.66
2020-02-08_12:30:34.588[Status]Routing 81: Walk: 54
2020-02-08_12:30:34.688[Battery Energy]84.48
2020-02-08_12:30:34.845[Status]Routing 82: Walk: 54
2020-02-08_12:30:34.945[Battery Energy]84.38
2020-02-08_12:30:35.136[Status]Routing 83: Walk: 54
2020-02-08_12:30:35.239[Battery Energy]84.28
2020-02-08_12:30:35.379[Status]Routing 84: Walk: 54
2020-02-08_12:30:35.482[Battery Energy]84.19
2020-02-08_12:30:35.642[Status]Routing 85: Walk: 54
2020-02-08_12:30:35.743[Battery Energy]84.09
2020-02-08_12:30:36.038[Status]Routing 86: Walk: 54
2020-02-08_12:30:36.140[Battery Energy]83.91
2020-02-08_12:30:36.281[Status]Routing 87: Walk: 54
2020-02-08_12:30:36.386[Battery Energy]83.81
2020-02-08_12:30:36.541[Status]Routing 88: Walk: 54
2020-02-08_12:30:36.654[Battery Energy]83.68
2020-02-08_12:30:36.799[Status]Routing 89: Walk: 54
2020-02-08_12:30:36.902[Battery Energy]83.59
2020-02-08_12:30:37.051[Status]Routing 90: Walk: 54
2020-02-08_12:30:37.166[Battery Energy]83.47
2020-02-08_12:30:37.323[Status]Routing 91: Walk: 54
2020-02-08_12:30:37.423[Battery Energy]83.36
2020-02-08_12:30:37.596[Status]Routing 92: Walk: 54
2020-02-08_12:30:37.697[Battery Energy]83.25
2020-02-08_12:30:37.836[Status]Routing 93: Walk: 54
2020-02-08_12:30:37.936[Battery Energy]83.16
2020-02-08_12:30:38.095[Status]Routing 94: Walk: 54
2020-02-08_12:30:38.198[Battery Energy]83.06
2020-02-08_12:30:38.333[Status]Routing 95: Walk: 54
2020-02-08_12:30:38.444[Battery Energy]82.95
2020-02-08_12:30:38.632[Status]Routing 96: Walk: 54
2020-02-08_12:30:38.750[Battery Energy]82.83
2020-02-08_12:30:38.893[Status]Routing 97: Walk: 54
2020-02-08_12:30:39.006[Battery Energy]82.73
2020-02-08_12:30:39.150[Status]Routing 98: Walk: 54
2020-02-08_12:30:39.250[Battery Energy]82.61
2020-02-08_12:30:39.489[Status]Routing 99: Walk: 54
2020-02-08_12:30:39.589[Battery Energy]82.43
2020-02-08_12:30:39.743[Status]Routing 100: Walk: 54
2020-02-08_12:30:39.844[Battery Energy]82.32
2020-02-08_12:30:40.156[Status]Routing 101: Walk: 54
2020-02-08_12:30:40.257[Battery Energy]82.07
2020-02-08_12:30:40.604[Status]Routing 102: Walk: 54
2020-02-08_12:30:40.704[Battery Energy]81.86
2020-02-08_12:30:40.888[Status]Routing 103: Walk: 54
2020-02-08_12:30:40.989[Battery Energy]81.74
2020-02-08_12:30:41.344[Status]Routing 104: Walk: 54
2020-02-08_12:30:41.444[Battery Energy]81.51
2020-02-08_12:30:41.589[Status]Routing 105: Walk: 54
2020-02-08_12:30:41.698[Battery Energy]81.39
2020-02-08_12:30:41.849[Status]Routing 106: Walk: 54
2020-02-08_12:30:41.949[Battery Energy]81.28
2020-02-08_12:30:42.237[Status]Routing 107: Walk: 54
2020-02-08_12:30:42.339[Battery Energy]81.09
2020-02-08_12:30:42.672[Status]Routing 108: Walk: 54
2020-02-08_12:30:42.773[Battery Energy]80.87
2020-02-08_12:30:43.068[Status]Routing 109: Walk: 54
2020-02-08_12:30:43.169[Battery Energy]80.67
2020-02-08_12:30:43.481[Status]Routing 110: Walk: 54
2020-02-08_12:30:43.586[Battery Energy]80.47
2020-02-08_12:30:43.944[Status]Routing 111: Walk: 54
2020-02-08_12:30:44.050[Battery Energy]80.23
2020-02-08_12:30:44.210[Status]Routing 112: Walk: 54
2020-02-08_12:30:44.314[Battery Energy]80.12
2020-02-08_12:30:44.558[Status]Routing 113: Walk: 54
2020-02-08_12:30:44.659[Battery Energy]79.94
2020-02-08_12:30:44.891[Status]Routing 114: Walk: 54
2020-02-08_12:30:44.992[Battery Energy]79.78
2020-02-08_12:30:45.184[Status]Routing 115: Walk: 54
2020-02-08_12:30:45.285[Battery Energy]79.65
2020-02-08_12:30:45.413[Status]Routing 116: Walk: 54
2020-02-08_12:30:45.513[Battery Energy]79.53
2020-02-08_12:30:45.671[Status]Routing 117: Walk: 54
2020-02-08_12:30:45.771[Battery Energy]79.41
2020-02-08_12:30:45.921[Status]Routing 118: Walk: 54
2020-02-08_12:30:46.023[Battery Energy]79.31
2020-02-08_12:30:46.156[Status]Routing 119: Walk: 54
2020-02-08_12:30:46.256[Battery Energy]79.21
2020-02-08_12:30:46.446[Status]Routing 120: Walk: 54
2020-02-08_12:30:46.550[Battery Energy]79.06
2020-02-08_12:30:46.792[Status]Routing 121: Walk: 54
2020-02-08_12:30:46.902[Battery Energy]78.89
2020-02-08_12:30:47.041[Status]Routing 122: Walk: 54
2020-02-08_12:30:47.142[Battery Energy]78.77
2020-02-08_12:30:47.432[Status]Routing 123: Walk: 54
2020-02-08_12:30:47.533[Battery Energy]78.57
2020-02-08_12:30:47.849[Status]Routing 124: Walk: 54
2020-02-08_12:30:47.949[Battery Energy]78.36
2020-02-08_12:30:48.261[Status]Routing 125: Walk: 54
2020-02-08_12:30:48.374[Battery Energy]78.13
2020-02-08_12:30:48.521[Status]Routing 126: Walk: 54
2020-02-08_12:30:48.621[Battery Energy]78.02
2020-02-08_12:30:48.844[Status]Routing 127: Walk: 54
2020-02-08_12:30:48.949[Battery Energy]77.86
2020-02-08_12:30:49.083[Status]Routing 128: Walk: 54
2020-02-08_12:30:49.184[Battery Energy]77.74
2020-02-08_12:30:49.545[Status]Routing 129: Walk: 54
2020-02-08_12:30:49.655[Battery Energy]77.50
2020-02-08_12:30:50.005[Status]Routing 130: Walk: 54
2020-02-08_12:30:50.114[Battery Energy]77.25
2020-02-08_12:30:50.431[Status]Routing 131: Walk: 54
2020-02-08_12:30:50.531[Battery Energy]77.02
2020-02-08_12:30:50.675[Status]Routing 132: Walk: 54
2020-02-08_12:30:50.782[Battery Energy]76.91
2020-02-08_12:30:51.109[Status]Routing 133: Walk: 54
2020-02-08_12:30:51.214[Battery Energy]76.72
2020-02-08_12:30:51.515[Status]Routing 134: Walk: 54
2020-02-08_12:30:51.616[Battery Energy]76.52
2020-02-08_12:30:51.919[Status]Routing 135: Walk: 54
2020-02-08_12:30:52.030[Battery Energy]76.36
2020-02-08_12:30:52.334[Status]Routing 136: Walk: 54
2020-02-08_12:30:52.450[Battery Energy]76.11
2020-02-08_12:30:52.767[Status]Routing 137: Walk: 54
2020-02-08_12:30:52.890[Battery Energy]75.92
2020-02-08_12:30:53.039[Status]Routing 138: Walk: 54
2020-02-08_12:30:53.140[Battery Energy]75.82
2020-02-08_12:30:53.334[Status]Routing 139: Walk: 54
2020-02-08_12:30:53.447[Battery Energy]75.70
2020-02-08_12:30:53.775[Status]Routing 140: Walk: 54
2020-02-08_12:30:53.878[Battery Energy]75.44
2020-02-08_12:30:54.018[Status]Routing 141: Walk: 54
2020-02-08_12:30:54.119[Battery Energy]75.35
2020-02-08_12:30:54.281[Status]Routing 142: Walk: 54
2020-02-08_12:30:54.386[Battery Energy]75.23
2020-02-08_12:30:54.535[Status]Routing 143: Walk: 54
2020-02-08_12:30:54.638[Battery Energy]75.10
2020-02-08_12:30:54.793[Status]Routing 144: Walk: 54
2020-02-08_12:30:54.894[Battery Energy]74.98
2020-02-08_12:30:55.042[Status]Routing 145: Walk: 54
2020-02-08_12:30:55.154[Battery Energy]74.87
2020-02-08_12:30:55.280[Status]Routing 146: Walk: 54
2020-02-08_12:30:55.390[Battery Energy]74.75
2020-02-08_12:30:55.544[Status]Routing 147: Walk: 54
2020-02-08_12:30:55.645[Battery Energy]74.62
2020-02-08_12:30:55.777[Status]Routing 148: Walk: 54
2020-02-08_12:30:55.879[Battery Energy]74.50
2020-02-08_12:30:56.071[Status]Routing 149: Walk: 54
2020-02-08_12:30:56.182[Battery Energy]74.36
2020-02-08_12:30:56.319[Status]Routing 150: Walk: 54
2020-02-08_12:30:56.426[Battery Energy]74.23
2020-02-08_12:30:56.579[Status]Routing 151: Walk: 54
2020-02-08_12:30:56.682[Battery Energy]74.12
2020-02-08_12:30:56.821[Status]Routing 152: Walk: 54
2020-02-08_12:30:56.933[Battery Energy]74.01
2020-02-08_12:30:57.069[Status]Routing 153: Walk: 54
2020-02-08_12:30:57.178[Battery Energy]73.89
2020-02-08_12:30:57.371[Status]Routing 154: Walk: 54
2020-02-08_12:30:57.472[Battery Energy]73.78
2020-02-08_12:30:57.650[Status]Routing 155: Walk: 54
2020-02-08_12:30:57.754[Battery Energy]73.67
2020-02-08_12:30:57.945[Status]Routing 156: Walk: 54
2020-02-08_12:30:58.051[Battery Energy]73.51
2020-02-08_12:30:58.215[Status]Routing 157: Walk: 54
2020-02-08_12:30:58.315[Battery Energy]73.39
2020-02-08_12:30:58.497[Status]Routing 158: Walk: 54
2020-02-08_12:30:58.610[Battery Energy]73.24
2020-02-08_12:30:58.786[Status]Routing 159: Walk: 54
2020-02-08_12:30:58.894[Battery Energy]73.11
2020-02-08_12:30:59.045[Status]Routing 160: Walk: 54
2020-02-08_12:30:59.145[Battery Energy]73.01
2020-02-08_12:30:59.300[Status]Routing 161: Walk: 54
2020-02-08_12:30:59.410[Battery Energy]72.91
2020-02-08_12:30:59.548[Status]Routing 162: Walk: 54
2020-02-08_12:30:59.649[Battery Energy]72.80
2020-02-08_12:30:59.809[Status]Routing 163: Walk: 54
2020-02-08_12:30:59.909[Battery Energy]72.69
2020-02-08_12:31:00.103[Status]Routing 164: Walk: 54
2020-02-08_12:31:00.203[Battery Energy]72.58
2020-02-08_12:31:00.363[Status]Routing 165: Walk: 54
2020-02-08_12:31:00.478[Battery Energy]72.49
2020-02-08_12:31:00.654[Status]Routing 166: Walk: 54
2020-02-08_12:31:00.766[Battery Energy]72.36
2020-02-08_12:31:00.925[Status]Routing 167: Walk: 54
2020-02-08_12:31:01.038[Battery Energy]72.26
2020-02-08_12:31:01.196[Status]Routing 168: Walk: 54
2020-02-08_12:31:01.306[Battery Energy]72.16
2020-02-08_12:31:01.504[Status]Routing 169: Walk: 54
2020-02-08_12:31:01.610[Battery Energy]72.00
2020-02-08_12:31:01.751[Status]Routing 170: Walk: 54
2020-02-08_12:31:01.851[Battery Energy]71.90
2020-02-08_12:31:02.015[Status]Routing 171: Walk: 54
2020-02-08_12:31:02.122[Battery Energy]71.79
2020-02-08_12:31:02.273[Status]Routing 172: Walk: 54
2020-02-08_12:31:02.386[Battery Energy]71.68
2020-02-08_12:31:02.535[Status]Routing 173: Walk: 54
2020-02-08_12:31:02.639[Battery Energy]71.55
2020-02-08_12:31:02.816[Status]Routing 174: Walk: 54
2020-02-08_12:31:02.917[Battery Energy]71.45
2020-02-08_12:31:03.112[Status]Routing 175: Walk: 54
2020-02-08_12:31:03.218[Battery Energy]71.36
2020-02-08_12:31:03.371[Status]Routing 176: Walk: 54
2020-02-08_12:31:03.471[Battery Energy]71.25
