2020-02-08_12:29:56.830[Status]Start.
2020-02-08_12:29:56.832[Battery Energy]109.00
2020-02-08_12:29:57.934[Battery Energy]108.96
2020-02-08_12:29:59.036[Battery Energy]108.92
2020-02-08_12:30:00.137[Battery Energy]108.88
2020-02-08_12:30:01.238[Battery Energy]108.84
2020-02-08_12:30:02.338[Task]A New Task Released.
2020-02-08_12:30:02.338[Battery Energy]108.80
2020-02-08_12:30:02.338[Status]Selection Start.
2020-02-08_12:30:05.027[Status]Selection End: Do Task 2.
2020-02-08_12:30:05.134[Battery Energy]107.19
2020-02-08_12:30:05.134[Status]Formation Start.
2020-02-08_12:30:05.307[Status]number of tasks is 6
2020-02-08_12:30:05.308[Status]my group tasks is [ 1110.           235.62177826]
2020-02-08_12:30:05.319[Status]my group tasks is [ 1040.           235.62177826]
2020-02-08_12:30:05.319[Status]my group tasks is [ 1005.   175.]
2020-02-08_12:30:05.320[Status]my group tasks is [ 1040.           114.37822174]
2020-02-08_12:30:05.334[Status]my group tasks is [ 1110.           114.37822174]
2020-02-08_12:30:05.335[Status]my group tasks is [ 1145.   175.]
2020-02-08_12:30:05.378[Status]mygroup_robots_utility is {16: [16.899543875093258, 17.39211541909519, 18.641267461769633, 19.43122322955455, 37.63870522089948, 17.54720908897988], 17: [19.062210944438565, 17.835424611680363, 18.21305556544804, 19.27593116232401, 16.920507555065182, 17.08903888130168], 18: [16.329180747691364, 17.439779868583354, 35.20055867934586, 33.22838042897634, 15.47111658350878, 15.598791070999749], 19: [32.65399753388602, 17.348524708602785, 34.582204196017024, 16.225052456803148, 15.367811367341428, 15.322150260099468], 20: [16.995976969885344, 17.560237499550578, 18.830277438849027, 17.58060743249172, 39.099783870270166, 18.853685419502597], 15: [19.888826463508746, 35.913018996709674, 18.547969076698227, 19.920267515574007, 20.65467242188638, 18.575221980521594]}
2020-02-08_12:30:05.378[Status]self.local_queue is [15, 16, 17, 18, 20, 19]
2020-02-08_12:30:05.378[Status]task_chosen index is 1
2020-02-08_12:30:05.378[Status]myindex_in_queue is 1
2020-02-08_12:30:05.378[Status]task destination is [1110.0, 235.6217782649107]
2020-02-08_12:30:05.479[Battery Energy]107.02
2020-02-08_12:30:05.479[Status]Routing Start.
2020-02-08_12:30:05.631[Status]{'coordinate': [130.9731490749018, 163.73232337787707], 'id': 15}
2020-02-08_12:30:05.641[Status]Routing 1: Walk: 1
2020-02-08_12:30:05.770[Battery Energy]106.79
2020-02-08_12:30:05.770[Status]Routing Start.
2020-02-08_12:30:05.909[Status]{'coordinate': [140.94629814980362, 164.46464675575413], 'id': 15}
2020-02-08_12:30:05.910[Status]Routing 2: Walk: 2
2020-02-08_12:30:06.010[Battery Energy]106.59
2020-02-08_12:30:06.010[Status]Routing Start.
2020-02-08_12:30:06.160[Status]{'coordinate': [150.91944722470544, 165.1969701336312], 'id': 15}
2020-02-08_12:30:06.160[Status]Routing 3: Walk: 3
2020-02-08_12:30:06.268[Battery Energy]106.38
2020-02-08_12:30:06.268[Status]Routing Start.
2020-02-08_12:30:06.430[Status]{'coordinate': [160.89259629960725, 165.92929351150826], 'id': 15}
2020-02-08_12:30:06.431[Status]Routing 4: Walk: 4
2020-02-08_12:30:06.531[Battery Energy]106.19
2020-02-08_12:30:06.531[Status]Routing Start.
2020-02-08_12:30:06.696[Status]{'coordinate': [170.86574537450906, 166.66161688938533], 'id': 15}
2020-02-08_12:30:06.696[Status]Routing 5: Walk: 5
2020-02-08_12:30:06.802[Battery Energy]105.98
2020-02-08_12:30:06.802[Status]Routing Start.
2020-02-08_12:30:07.110[Status]{'coordinate': [180.83889444941087, 167.3939402672624], 'id': 15}
2020-02-08_12:30:07.110[Status]Routing 6: Walk: 6
2020-02-08_12:30:07.215[Battery Energy]105.63
2020-02-08_12:30:07.215[Status]Routing Start.
2020-02-08_12:30:07.380[Status]{'coordinate': [190.81204352431268, 168.12626364513946], 'id': 15}
2020-02-08_12:30:07.380[Status]Routing 7: Walk: 7
2020-02-08_12:30:07.481[Battery Energy]105.42
2020-02-08_12:30:07.481[Status]Routing Start.
2020-02-08_12:30:08.001[Status]{'coordinate': [200.7851925992145, 168.85858702301653], 'id': 15}
2020-02-08_12:30:08.002[Status]Routing 8: Walk: 8
2020-02-08_12:30:08.102[Battery Energy]104.96
2020-02-08_12:30:08.102[Status]Routing Start.
2020-02-08_12:30:08.280[Status]{'coordinate': [210.7583416741163, 169.5909104008936], 'id': 15}
2020-02-08_12:30:08.280[Status]Routing 9: Walk: 9
2020-02-08_12:30:08.382[Battery Energy]104.70
2020-02-08_12:30:08.382[Status]Routing Start.
2020-02-08_12:30:08.687[Status]{'coordinate': [220.73149074901812, 170.32323377877066], 'id': 15}
2020-02-08_12:30:08.687[Status]Routing 10: Walk: 10
2020-02-08_12:30:08.798[Battery Energy]104.37
2020-02-08_12:30:08.798[Status]Routing Start.
2020-02-08_12:30:09.097[Status]{'coordinate': [230.70463982391993, 171.05555715664772], 'id': 15}
2020-02-08_12:30:09.097[Status]Routing 11: Walk: 11
2020-02-08_12:30:09.202[Battery Energy]104.04
2020-02-08_12:30:09.202[Status]Routing Start.
2020-02-08_12:30:09.529[Status]{'coordinate': [240.67778889882175, 171.7878805345248], 'id': 15}
2020-02-08_12:30:09.531[Status]Routing 12: Walk: 12
2020-02-08_12:30:09.631[Battery Energy]103.70
2020-02-08_12:30:09.631[Status]Routing Start.
2020-02-08_12:30:09.937[Status]{'coordinate': [250.65093797372356, 172.52020391240185], 'id': 15}
2020-02-08_12:30:09.937[Status]Routing 13: Walk: 13
2020-02-08_12:30:10.042[Battery Energy]103.37
2020-02-08_12:30:10.042[Status]Routing Start.
2020-02-08_12:30:10.411[Status]{'coordinate': [260.62408704862537, 173.25252729027892], 'id': 15}
2020-02-08_12:30:10.411[Status]Routing 14: Walk: 14
2020-02-08_12:30:10.514[Battery Energy]103.00
2020-02-08_12:30:10.514[Status]Routing Start.
2020-02-08_12:30:10.845[Status]{'coordinate': [270.5972361235272, 173.98485066815599], 'id': 15}
2020-02-08_12:30:10.845[Status]Routing 15: Walk: 15
2020-02-08_12:30:10.945[Battery Energy]102.72
2020-02-08_12:30:10.945[Status]Routing Start.
2020-02-08_12:30:11.297[Status]{'coordinate': [280.570385198429, 174.71717404603305], 'id': 15}
2020-02-08_12:30:11.298[Status]Routing 16: Walk: 16
2020-02-08_12:30:11.406[Battery Energy]102.38
2020-02-08_12:30:11.406[Status]Routing Start.
2020-02-08_12:30:11.739[Status]{'coordinate': [290.5435342733308, 175.44949742391012], 'id': 15}
2020-02-08_12:30:11.739[Status]Routing 17: Walk: 17
2020-02-08_12:30:11.840[Battery Energy]102.06
2020-02-08_12:30:11.840[Status]Routing Start.
2020-02-08_12:30:12.161[Status]{'coordinate': [300.5166833482326, 176.18182080178718], 'id': 15}
2020-02-08_12:30:12.161[Status]Routing 18: Walk: 18
2020-02-08_12:30:12.261[Battery Energy]101.74
2020-02-08_12:30:12.261[Status]Routing Start.
2020-02-08_12:30:12.599[Status]{'coordinate': [310.48983242313443, 176.91414417966425], 'id': 15}
2020-02-08_12:30:12.599[Status]Routing 19: Walk: 19
2020-02-08_12:30:12.699[Battery Energy]101.40
2020-02-08_12:30:12.700[Status]Routing Start.
2020-02-08_12:30:12.993[Status]{'coordinate': [320.46298149803624, 177.6464675575413], 'id': 15}
2020-02-08_12:30:12.994[Status]Routing 20: Walk: 20
2020-02-08_12:30:13.106[Battery Energy]101.08
2020-02-08_12:30:13.106[Status]Routing Start.
2020-02-08_12:30:13.430[Status]{'coordinate': [330.43613057293805, 178.37879093541838], 'id': 15}
2020-02-08_12:30:13.431[Status]Routing 21: Walk: 21
2020-02-08_12:30:13.531[Battery Energy]100.73
2020-02-08_12:30:13.531[Status]Routing Start.
2020-02-08_12:30:13.838[Status]{'coordinate': [340.40927964783987, 179.11111431329545], 'id': 15}
2020-02-08_12:30:13.838[Status]Routing 22: Walk: 22
2020-02-08_12:30:13.953[Battery Energy]100.46
2020-02-08_12:30:13.953[Status]Routing Start.
2020-02-08_12:30:14.268[Status]{'coordinate': [350.3824287227417, 179.8434376911725], 'id': 15}
2020-02-08_12:30:14.268[Status]Routing 23: Walk: 23
2020-02-08_12:30:14.368[Battery Energy]100.13
2020-02-08_12:30:14.368[Status]Routing Start.
2020-02-08_12:30:14.669[Status]{'coordinate': [360.3555777976435, 180.57576106904958], 'id': 15}
2020-02-08_12:30:14.670[Status]Routing 24: Walk: 24
2020-02-08_12:30:14.774[Battery Energy]99.86
2020-02-08_12:30:14.774[Status]Routing Start.
2020-02-08_12:30:15.067[Status]{'coordinate': [370.3287268725453, 181.30808444692664], 'id': 15}
2020-02-08_12:30:15.067[Status]Routing 25: Walk: 25
2020-02-08_12:30:15.167[Battery Energy]99.55
2020-02-08_12:30:15.167[Status]Routing Start.
2020-02-08_12:30:15.523[Status]{'coordinate': [380.3018759474471, 182.0404078248037], 'id': 15}
2020-02-08_12:30:15.523[Status]Routing 26: Walk: 26
2020-02-08_12:30:15.634[Battery Energy]99.26
2020-02-08_12:30:15.634[Status]Routing Start.
2020-02-08_12:30:15.883[Status]{'coordinate': [390.2750250223489, 182.77273120268077], 'id': 15}
2020-02-08_12:30:15.888[Status]Routing 27: Walk: 27
2020-02-08_12:30:15.997[Battery Energy]98.96
2020-02-08_12:30:15.997[Status]Routing Start.
2020-02-08_12:30:16.176[Status]{'coordinate': [400.24817409725074, 183.50505458055784], 'id': 15}
2020-02-08_12:30:16.176[Status]Routing 28: Walk: 28
2020-02-08_12:30:16.277[Battery Energy]98.77
2020-02-08_12:30:16.277[Status]Routing Start.
2020-02-08_12:30:16.595[Status]{'coordinate': [410.22132317215255, 184.2373779584349], 'id': 15}
2020-02-08_12:30:16.595[Status]Routing 29: Walk: 29
2020-02-08_12:30:16.701[Battery Energy]98.43
2020-02-08_12:30:16.701[Status]Routing Start.
2020-02-08_12:30:17.010[Status]{'coordinate': [420.19447224705436, 184.96970133631197], 'id': 15}
2020-02-08_12:30:17.010[Status]Routing 30: Walk: 30
2020-02-08_12:30:17.110[Battery Energy]98.13
2020-02-08_12:30:17.110[Status]Routing Start.
2020-02-08_12:30:17.415[Status]{'coordinate': [430.1676213219562, 185.70202471418904], 'id': 15}
2020-02-08_12:30:17.415[Status]Routing 31: Walk: 31
2020-02-08_12:30:17.522[Battery Energy]97.82
2020-02-08_12:30:17.522[Status]Routing Start.
2020-02-08_12:30:17.846[Status]{'coordinate': [440.140770396858, 186.4343480920661], 'id': 15}
2020-02-08_12:30:17.846[Status]Routing 32: Walk: 32
2020-02-08_12:30:17.946[Battery Energy]97.49
2020-02-08_12:30:17.946[Status]Routing Start.
2020-02-08_12:30:18.244[Status]{'coordinate': [450.1139194717598, 187.16667146994317], 'id': 15}
2020-02-08_12:30:18.244[Status]Routing 33: Walk: 33
2020-02-08_12:30:18.346[Battery Energy]97.20
2020-02-08_12:30:18.347[Status]Routing Start.
2020-02-08_12:30:18.657[Status]{'coordinate': [460.0870685466616, 187.89899484782023], 'id': 15}
2020-02-08_12:30:18.673[Status]Routing 34: Walk: 34
2020-02-08_12:30:18.773[Battery Energy]96.90
2020-02-08_12:30:18.773[Status]Routing Start.
2020-02-08_12:30:19.078[Status]{'coordinate': [470.0602176215634, 188.6313182256973], 'id': 15}
2020-02-08_12:30:19.078[Status]Routing 35: Walk: 35
2020-02-08_12:30:19.186[Battery Energy]96.62
2020-02-08_12:30:19.186[Status]Routing Start.
2020-02-08_12:30:19.521[Status]{'coordinate': [480.03336669646524, 189.36364160357437], 'id': 15}
2020-02-08_12:30:19.521[Status]Routing 36: Walk: 36
2020-02-08_12:30:19.621[Battery Energy]96.26
2020-02-08_12:30:19.622[Status]Routing Start.
2020-02-08_12:30:20.041[Status]{'coordinate': [490.00651577136705, 190.09596498145143], 'id': 15}
2020-02-08_12:30:20.041[Status]Routing 37: Walk: 37
2020-02-08_12:30:20.146[Battery Energy]95.88
2020-02-08_12:30:20.146[Status]Routing Start.
2020-02-08_12:30:20.304[Status]{'coordinate': [499.97966484626886, 190.8282883593285], 'id': 15}
2020-02-08_12:30:20.304[Status]Routing 38: Walk: 38
2020-02-08_12:30:20.418[Battery Energy]95.68
2020-02-08_12:30:20.418[Status]Routing Start.
2020-02-08_12:30:20.562[Status]{'coordinate': [509.9528139211707, 191.56061173720556], 'id': 15}
2020-02-08_12:30:20.562[Status]Routing 39: Walk: 39
2020-02-08_12:30:20.666[Battery Energy]95.47
2020-02-08_12:30:20.666[Status]Routing Start.
2020-02-08_12:30:20.936[Status]{'coordinate': [519.9259629960725, 192.29293511508263], 'id': 15}
2020-02-08_12:30:20.937[Status]Routing 40: Walk: 40
2020-02-08_12:30:21.037[Battery Energy]95.20
2020-02-08_12:30:21.037[Status]Routing Start.
2020-02-08_12:30:21.337[Status]{'coordinate': [529.8991120709743, 193.0252584929597], 'id': 15}
2020-02-08_12:30:21.338[Status]Routing 41: Walk: 41
2020-02-08_12:30:21.445[Battery Energy]94.87
2020-02-08_12:30:21.445[Status]Routing Start.
2020-02-08_12:30:21.746[Status]{'coordinate': [539.8722611458761, 193.75758187083676], 'id': 15}
2020-02-08_12:30:21.750[Status]Routing 42: Walk: 42
2020-02-08_12:30:21.858[Battery Energy]94.58
2020-02-08_12:30:21.858[Status]Routing Start.
2020-02-08_12:30:21.996[Status]{'coordinate': [549.8454102207779, 194.48990524871382], 'id': 15}
2020-02-08_12:30:21.996[Status]Routing 43: Walk: 43
2020-02-08_12:30:22.102[Battery Energy]94.38
2020-02-08_12:30:22.102[Status]Routing Start.
2020-02-08_12:30:22.282[Status]{'coordinate': [559.8185592956797, 195.2222286265909], 'id': 15}
2020-02-08_12:30:22.282[Status]Routing 44: Walk: 44
2020-02-08_12:30:22.394[Battery Energy]94.14
2020-02-08_12:30:22.394[Status]Routing Start.
2020-02-08_12:30:22.561[Status]{'coordinate': [569.7917083705815, 195.95455200446796], 'id': 15}
2020-02-08_12:30:22.563[Status]Routing 45: Walk: 45
2020-02-08_12:30:22.664[Battery Energy]93.94
2020-02-08_12:30:22.664[Status]Routing Start.
2020-02-08_12:30:22.907[Status]{'coordinate': [579.7648574454834, 196.68687538234502], 'id': 15}
2020-02-08_12:30:22.907[Status]Routing 46: Walk: 46
2020-02-08_12:30:23.018[Battery Energy]93.68
2020-02-08_12:30:23.018[Status]Routing Start.
2020-02-08_12:30:23.336[Status]{'coordinate': [589.7380065203852, 197.4191987602221], 'id': 15}
2020-02-08_12:30:23.336[Status]Routing 47: Walk: 47
2020-02-08_12:30:23.436[Battery Energy]93.36
2020-02-08_12:30:23.436[Status]Routing Start.
2020-02-08_12:30:23.753[Status]{'coordinate': [599.711155595287, 198.15152213809915], 'id': 15}
2020-02-08_12:30:23.753[Status]Routing 48: Walk: 48
2020-02-08_12:30:23.866[Battery Energy]93.07
2020-02-08_12:30:23.866[Status]Routing Start.
2020-02-08_12:30:24.153[Status]{'coordinate': [609.6843046701888, 198.88384551597622], 'id': 15}
2020-02-08_12:30:24.153[Status]Routing 49: Walk: 49
2020-02-08_12:30:24.253[Battery Energy]92.82
2020-02-08_12:30:24.253[Status]Routing Start.
2020-02-08_12:30:24.641[Status]{'coordinate': [619.6574537450906, 199.61616889385328], 'id': 15}
2020-02-08_12:30:24.641[Status]Routing 50: Walk: 50
2020-02-08_12:30:24.741[Battery Energy]92.49
2020-02-08_12:30:24.741[Status]Routing Start.
2020-02-08_12:30:25.106[Status]{'coordinate': [629.6306028199924, 200.34849227173035], 'id': 15}
2020-02-08_12:30:25.106[Status]Routing 51: Walk: 51
2020-02-08_12:30:25.206[Battery Energy]92.15
2020-02-08_12:30:25.206[Status]Routing Start.
2020-02-08_12:30:25.527[Status]{'coordinate': [639.6037518948942, 201.08081564960742], 'id': 15}
2020-02-08_12:30:25.527[Status]Routing 52: Walk: 52
2020-02-08_12:30:25.627[Battery Energy]91.84
2020-02-08_12:30:25.627[Status]Routing Start.
2020-02-08_12:30:25.967[Status]{'coordinate': [649.576900969796, 201.81313902748448], 'id': 15}
2020-02-08_12:30:25.967[Status]Routing 53: Walk: 53
2020-02-08_12:30:26.078[Battery Energy]91.53
2020-02-08_12:30:26.078[Status]Routing Start.
2020-02-08_12:30:26.366[Status]{'coordinate': [659.5500500446979, 202.54546240536155], 'id': 15}
2020-02-08_12:30:26.366[Status]Routing 54: Walk: 54
2020-02-08_12:30:26.478[Battery Energy]91.20
2020-02-08_12:30:26.478[Status]Routing Start.
2020-02-08_12:30:26.624[Status]{'coordinate': [669.5231991195997, 203.2777857832386], 'id': 15}
2020-02-08_12:30:26.624[Status]Routing 55: Walk: 55
2020-02-08_12:30:26.725[Battery Energy]91.03
2020-02-08_12:30:26.725[Status]Routing Start.
2020-02-08_12:30:26.895[Status]{'coordinate': [679.4963481945015, 204.01010916111568], 'id': 15}
2020-02-08_12:30:26.895[Status]Routing 56: Walk: 56
2020-02-08_12:30:26.995[Battery Energy]90.84
2020-02-08_12:30:26.995[Status]Routing Start.
2020-02-08_12:30:27.135[Status]{'coordinate': [689.4694972694033, 204.74243253899274], 'id': 15}
2020-02-08_12:30:27.138[Status]Routing 57: Walk: 57
2020-02-08_12:30:27.242[Battery Energy]90.64
2020-02-08_12:30:27.242[Status]Routing Start.
2020-02-08_12:30:27.548[Status]{'coordinate': [699.4426463443051, 205.4747559168698], 'id': 15}
2020-02-08_12:30:27.548[Status]Routing 58: Walk: 58
2020-02-08_12:30:27.658[Battery Energy]90.34
2020-02-08_12:30:27.658[Status]Routing Start.
2020-02-08_12:30:27.814[Status]{'coordinate': [709.4157954192069, 206.20707929474688], 'id': 15}
2020-02-08_12:30:27.818[Status]Routing 59: Walk: 59
2020-02-08_12:30:27.921[Battery Energy]90.11
2020-02-08_12:30:27.921[Status]Routing Start.
2020-02-08_12:30:28.227[Status]{'coordinate': [719.3889444941087, 206.93940267262394], 'id': 15}
2020-02-08_12:30:28.227[Status]Routing 60: Walk: 60
2020-02-08_12:30:28.327[Battery Energy]89.83
2020-02-08_12:30:28.327[Status]Routing Start.
2020-02-08_12:30:28.532[Status]{'coordinate': [729.3620935690105, 207.671726050501], 'id': 15}
2020-02-08_12:30:28.532[Status]Routing 61: Walk: 61
2020-02-08_12:30:28.632[Battery Energy]89.61
2020-02-08_12:30:28.632[Status]Routing Start.
2020-02-08_12:30:28.974[Status]{'coordinate': [739.3352426439124, 208.40404942837807], 'id': 15}
2020-02-08_12:30:28.974[Status]Routing 62: Walk: 62
2020-02-08_12:30:29.074[Battery Energy]89.32
2020-02-08_12:30:29.074[Status]Routing Start.
2020-02-08_12:30:29.376[Status]{'coordinate': [749.3083917188142, 209.13637280625514], 'id': 15}
2020-02-08_12:30:29.377[Status]Routing 63: Walk: 63
2020-02-08_12:30:29.486[Battery Energy]89.01
2020-02-08_12:30:29.486[Status]Routing Start.
2020-02-08_12:30:29.778[Status]{'coordinate': [759.281540793716, 209.8686961841322], 'id': 15}
2020-02-08_12:30:29.778[Status]Routing 64: Walk: 64
2020-02-08_12:30:29.889[Battery Energy]88.71
2020-02-08_12:30:29.889[Status]Routing Start.
2020-02-08_12:30:30.057[Status]{'coordinate': [769.2546898686178, 210.60101956200927], 'id': 15}
2020-02-08_12:30:30.057[Status]Routing 65: Walk: 65
2020-02-08_12:30:30.162[Battery Energy]88.50
2020-02-08_12:30:30.162[Status]Routing Start.
2020-02-08_12:30:30.296[Status]{'coordinate': [779.2278389435196, 211.33334293988634], 'id': 15}
2020-02-08_12:30:30.296[Status]Routing 66: Walk: 66
2020-02-08_12:30:30.396[Battery Energy]88.29
2020-02-08_12:30:30.396[Status]Routing Start.
2020-02-08_12:30:30.574[Status]{'coordinate': [789.2009880184214, 212.0656663177634], 'id': 15}
2020-02-08_12:30:30.574[Status]Routing 67: Walk: 67
2020-02-08_12:30:30.674[Battery Energy]88.10
2020-02-08_12:30:30.674[Status]Routing Start.
2020-02-08_12:30:30.840[Status]{'coordinate': [799.1741370933232, 212.79798969564047], 'id': 15}
2020-02-08_12:30:30.840[Status]Routing 68: Walk: 68
2020-02-08_12:30:30.940[Battery Energy]87.88
2020-02-08_12:30:30.940[Status]Routing Start.
2020-02-08_12:30:31.201[Status]{'coordinate': [809.147286168225, 213.53031307351753], 'id': 15}
2020-02-08_12:30:31.201[Status]Routing 69: Walk: 69
2020-02-08_12:30:31.301[Battery Energy]87.61
2020-02-08_12:30:31.310[Status]Routing Start.
2020-02-08_12:30:31.469[Status]{'coordinate': [819.1204352431268, 214.2626364513946], 'id': 15}
2020-02-08_12:30:31.469[Status]Routing 70: Walk: 70
2020-02-08_12:30:31.571[Battery Energy]87.42
2020-02-08_12:30:31.571[Status]Routing Start.
2020-02-08_12:30:31.723[Status]{'coordinate': [829.0935843180287, 214.99495982927166], 'id': 15}
2020-02-08_12:30:31.723[Status]Routing 71: Walk: 71
2020-02-08_12:30:31.823[Battery Energy]87.22
2020-02-08_12:30:31.823[Status]Routing Start.
2020-02-08_12:30:31.976[Status]{'coordinate': [839.0667333929305, 215.72728320714873], 'id': 15}
2020-02-08_12:30:31.976[Status]Routing 72: Walk: 72
2020-02-08_12:30:32.082[Battery Energy]87.03
2020-02-08_12:30:32.082[Status]Routing Start.
2020-02-08_12:30:32.255[Status]{'coordinate': [849.0398824678323, 216.4596065850258], 'id': 15}
2020-02-08_12:30:32.255[Status]Routing 73: Walk: 73
2020-02-08_12:30:32.366[Battery Energy]86.81
2020-02-08_12:30:32.366[Status]Routing Start.
2020-02-08_12:30:32.526[Status]{'coordinate': [859.0130315427341, 217.19192996290286], 'id': 15}
2020-02-08_12:30:32.526[Status]Routing 74: Walk: 74
2020-02-08_12:30:32.629[Battery Energy]86.57
2020-02-08_12:30:32.629[Status]Routing Start.
2020-02-08_12:30:32.779[Status]{'coordinate': [868.9861806176359, 217.92425334077993], 'id': 15}
2020-02-08_12:30:32.779[Status]Routing 75: Walk: 75
2020-02-08_12:30:32.894[Battery Energy]86.37
2020-02-08_12:30:32.894[Status]Routing Start.
2020-02-08_12:30:33.044[Status]{'coordinate': [878.9593296925377, 218.656576718657], 'id': 15}
2020-02-08_12:30:33.044[Status]Routing 76: Walk: 76
2020-02-08_12:30:33.158[Battery Energy]86.19
2020-02-08_12:30:33.158[Status]Routing Start.
2020-02-08_12:30:33.334[Status]{'coordinate': [888.9324787674395, 219.38890009653406], 'id': 15}
2020-02-08_12:30:33.334[Status]Routing 77: Walk: 77
2020-02-08_12:30:33.446[Battery Energy]85.96
2020-02-08_12:30:33.446[Status]Routing Start.
2020-02-08_12:30:33.748[Status]{'coordinate': [898.9056278423413, 220.12122347441112], 'id': 15}
2020-02-08_12:30:33.748[Status]Routing 78: Walk: 78
2020-02-08_12:30:33.848[Battery Energy]85.67
2020-02-08_12:30:33.848[Status]Routing Start.
2020-02-08_12:30:34.169[Status]{'coordinate': [908.8787769172432, 220.8535468522882], 'id': 15}
2020-02-08_12:30:34.169[Status]Routing 79: Walk: 79
2020-02-08_12:30:34.290[Battery Energy]85.35
2020-02-08_12:30:34.290[Status]Routing Start.
2020-02-08_12:30:34.590[Status]{'coordinate': [918.851925992145, 221.58587023016526], 'id': 15}
2020-02-08_12:30:34.592[Status]Routing 80: Walk: 80
2020-02-08_12:30:34.693[Battery Energy]85.03
2020-02-08_12:30:34.693[Status]Routing Start.
2020-02-08_12:30:34.844[Status]{'coordinate': [928.8250750670468, 222.31819360804232], 'id': 15}
2020-02-08_12:30:34.846[Status]Routing 81: Walk: 81
2020-02-08_12:30:34.947[Battery Energy]84.82
2020-02-08_12:30:34.947[Status]Routing Start.
2020-02-08_12:30:35.135[Status]{'coordinate': [938.7982241419486, 223.0505169859194], 'id': 15}
2020-02-08_12:30:35.138[Status]Routing 82: Walk: 82
2020-02-08_12:30:35.239[Battery Energy]84.59
2020-02-08_12:30:35.239[Status]Routing Start.
2020-02-08_12:30:35.381[Status]{'coordinate': [948.7713732168504, 223.78284036379645], 'id': 15}
2020-02-08_12:30:35.382[Status]Routing 83: Walk: 83
2020-02-08_12:30:35.486[Battery Energy]84.39
2020-02-08_12:30:35.486[Status]Routing Start.
2020-02-08_12:30:35.645[Status]{'coordinate': [958.7445222917522, 224.51516374167352], 'id': 15}
2020-02-08_12:30:35.645[Status]Routing 84: Walk: 84
2020-02-08_12:30:35.754[Battery Energy]84.17
2020-02-08_12:30:35.754[Status]Routing Start.
2020-02-08_12:30:36.042[Status]{'coordinate': [968.717671366654, 225.24748711955058], 'id': 15}
2020-02-08_12:30:36.042[Status]Routing 85: Walk: 85
2020-02-08_12:30:36.158[Battery Energy]83.92
2020-02-08_12:30:36.158[Status]Routing Start.
2020-02-08_12:30:36.284[Status]{'coordinate': [978.6908204415558, 225.97981049742765], 'id': 15}
2020-02-08_12:30:36.284[Status]Routing 86: Walk: 86
2020-02-08_12:30:36.390[Battery Energy]83.72
2020-02-08_12:30:36.390[Status]Routing Start.
2020-02-08_12:30:36.546[Status]{'coordinate': [988.6639695164577, 226.71213387530472], 'id': 15}
2020-02-08_12:30:36.546[Status]Routing 87: Walk: 87
2020-02-08_12:30:36.658[Battery Energy]83.49
2020-02-08_12:30:36.658[Status]Routing Start.
2020-02-08_12:30:36.797[Status]{'coordinate': [998.6371185913595, 227.44445725318178], 'id': 15}
2020-02-08_12:30:36.797[Status]Routing 88: Walk: 88
2020-02-08_12:30:36.897[Battery Energy]83.27
2020-02-08_12:30:36.897[Status]Routing Start.
2020-02-08_12:30:37.050[Status]{'coordinate': [1008.6102676662613, 228.17678063105885], 'id': 15}
2020-02-08_12:30:37.050[Status]Routing 89: Walk: 89
2020-02-08_12:30:37.153[Battery Energy]83.04
2020-02-08_12:30:37.153[Status]Routing Start.
2020-02-08_12:30:37.322[Status]{'coordinate': [1018.5834167411631, 228.9091040089359], 'id': 15}
2020-02-08_12:30:37.322[Status]Routing 90: Walk: 90
2020-02-08_12:30:37.429[Battery Energy]82.83
2020-02-08_12:30:37.429[Status]Routing Start.
2020-02-08_12:30:37.593[Status]{'coordinate': [1028.556565816065, 229.64142738681298], 'id': 15}
2020-02-08_12:30:37.593[Status]Routing 91: Walk: 91
2020-02-08_12:30:37.693[Battery Energy]82.60
2020-02-08_12:30:37.693[Status]Routing Start.
2020-02-08_12:30:37.855[Status]{'coordinate': [1038.5297148909667, 230.37375076469004], 'id': 15}
2020-02-08_12:30:37.855[Status]Routing 92: Walk: 92
2020-02-08_12:30:37.962[Battery Energy]82.38
2020-02-08_12:30:37.962[Status]Routing Start.
2020-02-08_12:30:38.092[Status]{'coordinate': [1048.5028639658685, 231.1060741425671], 'id': 15}
2020-02-08_12:30:38.092[Status]Routing 93: Walk: 93
2020-02-08_12:30:38.192[Battery Energy]82.19
2020-02-08_12:30:38.193[Status]Routing Start.
2020-02-08_12:30:38.341[Status]{'coordinate': [1058.4760130407703, 231.83839752044418], 'id': 15}
2020-02-08_12:30:38.341[Status]Routing 94: Walk: 94
2020-02-08_12:30:38.441[Battery Energy]81.99
2020-02-08_12:30:38.441[Status]Routing Start.
2020-02-08_12:30:38.628[Status]{'coordinate': [1068.4491621156722, 232.57072089832124], 'id': 15}
2020-02-08_12:30:38.629[Status]Routing 95: Walk: 95
2020-02-08_12:30:38.738[Battery Energy]81.78
2020-02-08_12:30:38.738[Status]Routing Start.
2020-02-08_12:30:38.903[Status]{'coordinate': [1078.422311190574, 233.3030442761983], 'id': 15}
2020-02-08_12:30:38.904[Status]Routing 96: Walk: 96
2020-02-08_12:30:39.010[Battery Energy]81.55
2020-02-08_12:30:39.010[Status]Routing Start.
2020-02-08_12:30:39.159[Status]{'coordinate': [1088.3954602654758, 234.0353676540754], 'id': 15}
2020-02-08_12:30:39.159[Status]Routing 97: Walk: 97
2020-02-08_12:30:39.270[Battery Energy]81.35
2020-02-08_12:30:39.270[Status]Routing Start.
2020-02-08_12:30:39.480[Status]{'coordinate': [1098.3686093403776, 234.76769103195247], 'id': 15}
2020-02-08_12:30:39.480[Status]Routing 98: Walk: 98
2020-02-08_12:30:39.582[Battery Energy]81.11
2020-02-08_12:30:39.582[Status]Routing Start.
2020-02-08_12:30:39.742[Status]{'coordinate': [1108.3417584152794, 235.50001440982956], 'id': 15}
2020-02-08_12:30:39.742[Status]Routing 99: Walk: 99
2020-02-08_12:30:39.842[Battery Energy]80.90
2020-02-08_12:30:39.842[Status]Routing Start.
2020-02-08_12:30:39.842[Status]Task Finished.
2020-02-08_12:30:39.943[Battery Energy]80.90
2020-02-08_12:30:40.153[Status]Routing 101: Walk: 99
2020-02-08_12:30:40.253[Battery Energy]80.75
2020-02-08_12:30:40.608[Status]Routing 102: Walk: 99
2020-02-08_12:30:40.709[Battery Energy]80.52
2020-02-08_12:30:40.888[Status]Routing 103: Walk: 99
2020-02-08_12:30:40.998[Battery Energy]80.39
2020-02-08_12:30:41.342[Status]Routing 104: Walk: 99
2020-02-08_12:30:41.448[Battery Energy]80.17
2020-02-08_12:30:41.587[Status]Routing 105: Walk: 99
2020-02-08_12:30:41.690[Battery Energy]80.08
2020-02-08_12:30:41.853[Status]Routing 106: Walk: 99
2020-02-08_12:30:41.954[Battery Energy]79.96
2020-02-08_12:30:42.251[Status]Routing 107: Walk: 99
2020-02-08_12:30:42.354[Battery Energy]79.77
2020-02-08_12:30:42.663[Status]Routing 108: Walk: 99
2020-02-08_12:30:42.772[Battery Energy]79.56
2020-02-08_12:30:43.072[Status]Routing 109: Walk: 99
2020-02-08_12:30:43.173[Battery Energy]79.37
2020-02-08_12:30:43.481[Status]Routing 110: Walk: 99
2020-02-08_12:30:43.582[Battery Energy]79.16
2020-02-08_12:30:43.944[Status]Routing 111: Walk: 99
2020-02-08_12:30:44.044[Battery Energy]78.91
2020-02-08_12:30:44.213[Status]Routing 112: Walk: 99
2020-02-08_12:30:44.314[Battery Energy]78.78
2020-02-08_12:30:44.563[Status]Routing 113: Walk: 99
2020-02-08_12:30:44.670[Battery Energy]78.62
2020-02-08_12:30:44.903[Status]Routing 114: Walk: 99
2020-02-08_12:30:45.010[Battery Energy]78.44
2020-02-08_12:30:45.169[Status]Routing 115: Walk: 99
2020-02-08_12:30:45.269[Battery Energy]78.31
2020-02-08_12:30:45.408[Status]Routing 116: Walk: 99
2020-02-08_12:30:45.526[Battery Energy]78.21
2020-02-08_12:30:45.674[Status]Routing 117: Walk: 99
2020-02-08_12:30:45.794[Battery Energy]78.09
2020-02-08_12:30:45.922[Status]Routing 118: Walk: 99
2020-02-08_12:30:46.023[Battery Energy]78.00
2020-02-08_12:30:46.162[Status]Routing 119: Walk: 99
2020-02-08_12:30:46.269[Battery Energy]77.89
2020-02-08_12:30:46.441[Status]Routing 120: Walk: 99
2020-02-08_12:30:46.542[Battery Energy]77.77
2020-02-08_12:30:46.788[Status]Routing 121: Walk: 99
2020-02-08_12:30:46.889[Battery Energy]77.58
2020-02-08_12:30:47.039[Status]Routing 122: Walk: 99
2020-02-08_12:30:47.150[Battery Energy]77.46
2020-02-08_12:30:47.433[Status]Routing 123: Walk: 99
2020-02-08_12:30:47.542[Battery Energy]77.28
2020-02-08_12:30:47.863[Status]Routing 124: Walk: 99
2020-02-08_12:30:47.964[Battery Energy]77.06
2020-02-08_12:30:48.259[Status]Routing 125: Walk: 99
2020-02-08_12:30:48.359[Battery Energy]76.87
2020-02-08_12:30:48.523[Status]Routing 126: Walk: 99
2020-02-08_12:30:48.634[Battery Energy]76.75
2020-02-08_12:30:48.844[Status]Routing 127: Walk: 99
2020-02-08_12:30:48.944[Battery Energy]76.60
2020-02-08_12:30:49.085[Status]Routing 128: Walk: 99
2020-02-08_12:30:49.190[Battery Energy]76.51
2020-02-08_12:30:49.541[Status]Routing 129: Walk: 99
2020-02-08_12:30:49.646[Battery Energy]76.27
2020-02-08_12:30:50.005[Status]Routing 130: Walk: 99
2020-02-08_12:30:50.110[Battery Energy]76.02
2020-02-08_12:30:50.427[Status]Routing 131: Walk: 99
2020-02-08_12:30:50.530[Battery Energy]75.80
2020-02-08_12:30:50.790[Status]Routing 132: Walk: 99
2020-02-08_12:30:50.890[Battery Energy]75.51
2020-02-08_12:30:51.253[Status]Routing 133: Walk: 99
2020-02-08_12:30:51.354[Battery Energy]75.22
2020-02-08_12:30:51.657[Status]Routing 134: Walk: 99
2020-02-08_12:30:51.758[Battery Energy]74.92
2020-02-08_12:30:52.095[Status]Routing 135: Walk: 99
2020-02-08_12:30:52.195[Battery Energy]74.57
2020-02-08_12:30:52.526[Status]Routing 136: Walk: 99
2020-02-08_12:30:52.627[Battery Energy]74.23
2020-02-08_12:30:52.767[Status]Routing 137: Walk: 99
2020-02-08_12:30:52.868[Battery Energy]74.12
2020-02-08_12:30:53.040[Status]Routing 138: Walk: 99
2020-02-08_12:30:53.146[Battery Energy]73.98
2020-02-08_12:30:53.333[Status]Routing 139: Walk: 99
2020-02-08_12:30:53.444[Battery Energy]73.83
2020-02-08_12:30:53.787[Status]Routing 140: Walk: 99
2020-02-08_12:30:53.894[Battery Energy]73.62
2020-02-08_12:30:54.020[Status]Routing 141: Walk: 99
2020-02-08_12:30:54.120[Battery Energy]73.52
2020-02-08_12:30:54.283[Status]Routing 142: Walk: 99
2020-02-08_12:30:54.383[Battery Energy]73.39
2020-02-08_12:30:54.529[Status]Routing 143: Walk: 99
2020-02-08_12:30:54.630[Battery Energy]73.28
2020-02-08_12:30:54.796[Status]Routing 144: Walk: 99
2020-02-08_12:30:54.910[Battery Energy]73.17
2020-02-08_12:30:55.041[Status]Routing 145: Walk: 99
2020-02-08_12:30:55.141[Battery Energy]73.05
2020-02-08_12:30:55.281[Status]Routing 146: Walk: 99
2020-02-08_12:30:55.382[Battery Energy]72.95
2020-02-08_12:30:55.541[Status]Routing 147: Walk: 99
2020-02-08_12:30:55.654[Battery Energy]72.82
2020-02-08_12:30:55.787[Status]Routing 148: Walk: 99
2020-02-08_12:30:55.898[Battery Energy]72.70
2020-02-08_12:30:56.072[Status]Routing 149: Walk: 99
2020-02-08_12:30:56.181[Battery Energy]72.56
2020-02-08_12:30:56.327[Status]Routing 150: Walk: 99
2020-02-08_12:30:56.428[Battery Energy]72.45
2020-02-08_12:30:56.583[Status]Routing 151: Walk: 99
2020-02-08_12:30:56.698[Battery Energy]72.34
2020-02-08_12:30:56.833[Status]Routing 152: Walk: 99
2020-02-08_12:30:56.936[Battery Energy]72.23
2020-02-08_12:30:57.070[Status]Routing 153: Walk: 99
2020-02-08_12:30:57.171[Battery Energy]72.13
2020-02-08_12:30:57.376[Status]Routing 154: Walk: 99
2020-02-08_12:30:57.478[Battery Energy]72.00
2020-02-08_12:30:57.653[Status]Routing 155: Walk: 99
2020-02-08_12:30:57.753[Battery Energy]71.87
2020-02-08_12:30:57.946[Status]Routing 156: Walk: 99
2020-02-08_12:30:58.048[Battery Energy]71.76
2020-02-08_12:30:58.222[Status]Routing 157: Walk: 99
2020-02-08_12:30:58.330[Battery Energy]71.65
2020-02-08_12:30:58.501[Status]Routing 158: Walk: 99
2020-02-08_12:30:58.602[Battery Energy]71.54
2020-02-08_12:30:58.781[Status]Routing 159: Walk: 99
2020-02-08_12:30:58.881[Battery Energy]71.39
2020-02-08_12:30:59.033[Status]Routing 160: Walk: 99
2020-02-08_12:30:59.142[Battery Energy]71.29
2020-02-08_12:30:59.304[Status]Routing 161: Walk: 99
2020-02-08_12:30:59.420[Battery Energy]71.14
2020-02-08_12:30:59.554[Status]Routing 162: Walk: 99
2020-02-08_12:30:59.658[Battery Energy]71.04
2020-02-08_12:30:59.808[Status]Routing 163: Walk: 99
2020-02-08_12:30:59.922[Battery Energy]70.92
2020-02-08_12:31:00.084[Status]Routing 164: Walk: 99
2020-02-08_12:31:00.185[Battery Energy]70.80
2020-02-08_12:31:00.361[Status]Routing 165: Walk: 99
2020-02-08_12:31:00.461[Battery Energy]70.71
2020-02-08_12:31:00.656[Status]Routing 166: Walk: 99
2020-02-08_12:31:00.770[Battery Energy]70.58
2020-02-08_12:31:00.923[Status]Routing 167: Walk: 99
2020-02-08_12:31:01.034[Battery Energy]70.47
2020-02-08_12:31:01.194[Status]Routing 168: Walk: 99
2020-02-08_12:31:01.297[Battery Energy]70.37
2020-02-08_12:31:01.499[Status]Routing 169: Walk: 99
2020-02-08_12:31:01.606[Battery Energy]70.23
2020-02-08_12:31:01.749[Status]Routing 170: Walk: 99
2020-02-08_12:31:01.851[Battery Energy]70.13
2020-02-08_12:31:02.018[Status]Routing 171: Walk: 99
2020-02-08_12:31:02.126[Battery Energy]70.03
2020-02-08_12:31:02.271[Status]Routing 172: Walk: 99
2020-02-08_12:31:02.373[Battery Energy]69.90
2020-02-08_12:31:02.526[Status]Routing 173: Walk: 99
2020-02-08_12:31:02.627[Battery Energy]69.82
2020-02-08_12:31:02.820[Status]Routing 174: Walk: 99
2020-02-08_12:31:02.920[Battery Energy]69.72
2020-02-08_12:31:03.110[Status]Routing 175: Walk: 99
2020-02-08_12:31:03.222[Battery Energy]69.59
2020-02-08_12:31:03.378[Status]Routing 176: Walk: 99
2020-02-08_12:31:03.490[Battery Energy]69.47
