2020-01-30_22:18:39.894[Status]Start.
2020-01-30_22:18:39.900[Battery Energy]90.00
2020-01-30_22:18:41.002[Battery Energy]89.96
2020-01-30_22:18:42.103[Battery Energy]89.92
2020-01-30_22:18:43.205[Battery Energy]89.88
2020-01-30_22:18:44.306[Battery Energy]89.84
2020-01-30_22:18:45.406[Task]A New Task Released.
2020-01-30_22:18:45.406[Battery Energy]89.80
2020-01-30_22:18:45.406[Status]Selection Start.
2020-01-30_22:18:48.891[Status]Selection End: Do Task 1.
2020-01-30_22:18:49.010[Battery Energy]87.56
2020-01-30_22:18:49.010[Status]Formation Start.
2020-01-30_22:18:49.162[Status]number of tasks is 7
2020-01-30_22:18:49.173[Status]my group tasks is [ 1177.7479066    602.50720878]
2020-01-30_22:18:49.175[Status]my group tasks is [ 1262.34898019   621.81685175]
2020-01-30_22:18:49.183[Status]my group tasks is [ 1300.   700.]
2020-01-30_22:18:49.187[Status]my group tasks is [ 1262.34898019   778.18314825]
2020-01-30_22:18:49.193[Status]my group tasks is [ 1177.7479066    797.49279122]
2020-01-30_22:18:49.203[Status]my group tasks is [ 1109.90311321   743.38837391]
2020-01-30_22:18:49.214[Status]my group tasks is [ 1109.90311321   656.61162609]
2020-01-30_22:18:49.239[Status]mygroup_robots_utility is {16: [14.639804404410512, 12.649591920084408, 15.284178522016514, 12.612663284472738, 13.524090264726857, 14.72666162457653, 13.431171225350475], 18: [16.252656006182722, 17.24637911033418, 17.375254027804548, 29.51902195095303, 29.866971391533063, 14.33500418305983, 15.999800575411927], 6: [16.163977577961173, 14.328647542832524, 26.780339132382775, 15.456444474477236, 13.330155978594297, 14.177373739652111, 15.598281633210082], 8: [16.242018181208127, 16.185871586829574, 17.42420628124733, 17.39556563248832, 29.88685978183383, 14.409133035463206, 29.8096540465072], 11: [16.46180332958129, 33.75850859191522, 14.661207585461264, 15.989686684499338, 13.890089908851, 14.089721147847598, 15.164531365222594], 13: [16.558060077748394, 33.383286077069826, 14.27745145958291, 17.309605814519596, 15.188153426974903, 14.333583305306089, 15.33000051821332], 14: [32.23434342206816, 15.564781494448349, 15.401121986984439, 28.600505200207344, 13.357502287210435, 14.125660049179572, 13.288227395461178]}
2020-01-30_22:18:49.239[Status]self.local_queue is [8, 16, 11, 18, 6, 14, 13]
2020-01-30_22:18:49.239[Status]task_chosen index is 4
2020-01-30_22:18:49.239[Status]task_chosen index is 2
2020-01-30_22:18:49.239[Status]task_chosen index is 1
2020-01-30_22:18:49.239[Status]task_chosen index is 3
2020-01-30_22:18:49.239[Status]task_chosen index is 0
2020-01-30_22:18:49.239[Status]task_chosen index is 5
2020-01-30_22:18:49.240[Status]myindex_in_queue is 5
2020-01-30_22:18:49.240[Status]task destination is [1177.7479066043686, 602.5072087818177]
2020-01-30_22:18:49.340[Battery Energy]87.40
2020-01-30_22:18:49.340[Status]Routing Start.
2020-01-30_22:18:49.500[Status]{'coordinate': [67.50886898566836, 241.09538537397114], 'id': 14}
2020-01-30_22:18:49.500[Status]Routing 1: Walk: 1
2020-01-30_22:18:49.609[Battery Energy]87.17
2020-01-30_22:18:49.610[Status]Routing Start.
2020-01-30_22:18:49.769[Status]{'coordinate': [77.01773797133671, 244.19077074794228], 'id': 14}
2020-01-30_22:18:49.769[Status]Routing 2: Walk: 2
2020-01-30_22:18:49.882[Battery Energy]86.96
2020-01-30_22:18:49.882[Status]Routing Start.
2020-01-30_22:18:50.062[Status]{'coordinate': [86.52660695700507, 247.28615612191342], 'id': 14}
2020-01-30_22:18:50.062[Status]Routing 3: Walk: 3
2020-01-30_22:18:50.174[Battery Energy]86.72
2020-01-30_22:18:50.174[Status]Routing Start.
2020-01-30_22:18:50.301[Status]{'coordinate': [96.03547594267343, 250.38154149588456], 'id': 14}
2020-01-30_22:18:50.301[Status]Routing 4: Walk: 4
2020-01-30_22:18:50.406[Battery Energy]86.52
2020-01-30_22:18:50.406[Status]Routing Start.
2020-01-30_22:18:50.699[Status]{'coordinate': [105.54434492834179, 253.4769268698557], 'id': 14}
2020-01-30_22:18:50.699[Status]Routing 5: Walk: 5
2020-01-30_22:18:50.800[Battery Energy]86.21
2020-01-30_22:18:50.800[Status]Routing Start.
2020-01-30_22:18:51.104[Status]{'coordinate': [115.05321391401014, 256.57231224382684], 'id': 14}
2020-01-30_22:18:51.104[Status]Routing 6: Walk: 6
2020-01-30_22:18:51.204[Battery Energy]85.90
2020-01-30_22:18:51.204[Status]Routing Start.
2020-01-30_22:18:51.503[Status]{'coordinate': [124.5620828996785, 259.667697617798], 'id': 14}
2020-01-30_22:18:51.503[Status]Routing 7: Walk: 7
2020-01-30_22:18:51.606[Battery Energy]85.61
2020-01-30_22:18:51.606[Status]Routing Start.
2020-01-30_22:18:51.930[Status]{'coordinate': [134.07095188534686, 262.7630829917692], 'id': 14}
2020-01-30_22:18:51.931[Status]Routing 8: Walk: 8
2020-01-30_22:18:52.031[Battery Energy]85.28
2020-01-30_22:18:52.031[Status]Routing Start.
2020-01-30_22:18:52.319[Status]{'coordinate': [143.57982087101522, 265.85846836574035], 'id': 14}
2020-01-30_22:18:52.321[Status]Routing 9: Walk: 9
2020-01-30_22:18:52.421[Battery Energy]84.94
2020-01-30_22:18:52.421[Status]Routing Start.
2020-01-30_22:18:52.726[Status]{'coordinate': [153.08868985668357, 268.9538537397115], 'id': 14}
2020-01-30_22:18:52.726[Status]Routing 10: Walk: 10
2020-01-30_22:18:52.834[Battery Energy]84.61
2020-01-30_22:18:52.834[Status]Routing Start.
2020-01-30_22:18:53.129[Status]{'coordinate': [162.59755884235193, 272.04923911368263], 'id': 14}
2020-01-30_22:18:53.129[Status]Routing 11: Walk: 11
2020-01-30_22:18:53.242[Battery Energy]84.31
2020-01-30_22:18:53.242[Status]Routing Start.
2020-01-30_22:18:53.532[Status]{'coordinate': [172.1064278280203, 275.14462448765374], 'id': 14}
2020-01-30_22:18:53.534[Status]Routing 12: Walk: 12
2020-01-30_22:18:53.638[Battery Energy]83.97
2020-01-30_22:18:53.638[Status]Routing Start.
2020-01-30_22:18:54.123[Status]{'coordinate': [172.92104081393722, 285.1113895437377], 'id': 14}
2020-01-30_22:18:54.123[Status]Routing 13: Walk: 13
2020-01-30_22:18:54.224[Battery Energy]83.51
2020-01-30_22:18:54.224[Status]Routing Start.
2020-01-30_22:18:54.504[Status]{'coordinate': [182.4566437899287, 288.12341143679595], 'id': 14}
2020-01-30_22:18:54.504[Status]Routing 14: Walk: 14
2020-01-30_22:18:54.605[Battery Energy]83.15
2020-01-30_22:18:54.605[Status]Routing Start.
2020-01-30_22:18:54.937[Status]{'coordinate': [191.99224676592019, 291.1354333298542], 'id': 14}
2020-01-30_22:18:54.937[Status]Routing 15: Walk: 15
2020-01-30_22:18:55.037[Battery Energy]82.77
2020-01-30_22:18:55.037[Status]Routing Start.
2020-01-30_22:18:55.460[Status]{'coordinate': [201.52784974191167, 294.14745522291247], 'id': 14}
2020-01-30_22:18:55.460[Status]Routing 16: Walk: 16
2020-01-30_22:18:55.561[Battery Energy]82.32
2020-01-30_22:18:55.561[Status]Routing Start.
2020-01-30_22:18:55.860[Status]{'coordinate': [211.06345271790315, 297.15947711597073], 'id': 14}
2020-01-30_22:18:55.860[Status]Routing 17: Walk: 17
2020-01-30_22:18:55.960[Battery Energy]81.94
2020-01-30_22:18:55.960[Status]Routing Start.
2020-01-30_22:18:56.084[Status]{'coordinate': [220.59905569389463, 300.171499009029], 'id': 14}
2020-01-30_22:18:56.084[Status]Routing 18: Walk: 18
2020-01-30_22:18:56.184[Battery Energy]81.74
2020-01-30_22:18:56.185[Status]Routing Start.
2020-01-30_22:18:56.464[Status]{'coordinate': [230.1346586698861, 303.18352090208725], 'id': 14}
2020-01-30_22:18:56.464[Status]Routing 19: Walk: 19
2020-01-30_22:18:56.564[Battery Energy]81.43
2020-01-30_22:18:56.565[Status]Routing Start.
2020-01-30_22:18:56.891[Status]{'coordinate': [239.6702616458776, 306.1955427951455], 'id': 14}
2020-01-30_22:18:56.891[Status]Routing 20: Walk: 20
2020-01-30_22:18:57.002[Battery Energy]81.11
2020-01-30_22:18:57.002[Status]Routing Start.
2020-01-30_22:18:57.283[Status]{'coordinate': [249.20586462186907, 309.2075646882038], 'id': 14}
2020-01-30_22:18:57.283[Status]Routing 21: Walk: 21
2020-01-30_22:18:57.394[Battery Energy]80.81
2020-01-30_22:18:57.394[Status]Routing Start.
2020-01-30_22:18:57.884[Status]Routing 22: Walk: 21
2020-01-30_22:18:57.985[Battery Energy]80.39
2020-01-30_22:18:57.985[Status]Routing Start.
2020-01-30_22:18:58.348[Status]Routing 23: Walk: 21
2020-01-30_22:18:58.448[Battery Energy]80.06
2020-01-30_22:18:58.448[Status]Routing Start.
2020-01-30_22:18:58.727[Status]Routing 24: Walk: 21
2020-01-30_22:18:58.827[Battery Energy]79.77
2020-01-30_22:18:58.827[Status]Routing Start.
2020-01-30_22:18:59.156[Status]Routing 25: Walk: 21
2020-01-30_22:18:59.262[Battery Energy]79.48
2020-01-30_22:18:59.262[Status]Routing Start.
2020-01-30_22:18:59.578[Status]Routing 26: Walk: 21
2020-01-30_22:18:59.678[Battery Energy]79.19
2020-01-30_22:18:59.678[Status]Routing Start.
2020-01-30_22:19:00.004[Status]Routing 27: Walk: 21
2020-01-30_22:19:00.105[Battery Energy]78.87
2020-01-30_22:19:00.105[Status]Routing Start.
2020-01-30_22:19:00.468[Status]{'coordinate': [258.74146759786055, 312.21958658126204], 'id': 14}
2020-01-30_22:19:00.468[Status]Routing 28: Walk: 22
2020-01-30_22:19:00.568[Battery Energy]78.45
2020-01-30_22:19:00.568[Status]Routing Start.
2020-01-30_22:19:00.772[Status]{'coordinate': [268.27707057385203, 315.2316084743203], 'id': 14}
2020-01-30_22:19:00.773[Status]Routing 29: Walk: 23
2020-01-30_22:19:00.875[Battery Energy]78.17
2020-01-30_22:19:00.875[Status]Routing Start.
2020-01-30_22:19:01.330[Status]Routing 30: Walk: 23
2020-01-30_22:19:01.439[Battery Energy]77.78
2020-01-30_22:19:01.439[Status]Routing Start.
2020-01-30_22:19:01.813[Status]Routing 31: Walk: 23
2020-01-30_22:19:01.914[Battery Energy]77.40
2020-01-30_22:19:01.914[Status]Routing Start.
2020-01-30_22:19:02.229[Status]Routing 32: Walk: 23
2020-01-30_22:19:02.330[Battery Energy]77.06
2020-01-30_22:19:02.330[Status]Routing Start.
2020-01-30_22:19:02.662[Status]Routing 33: Walk: 23
2020-01-30_22:19:02.762[Battery Energy]76.75
2020-01-30_22:19:02.762[Status]Routing Start.
2020-01-30_22:19:03.112[Status]Routing 34: Walk: 23
2020-01-30_22:19:03.214[Battery Energy]76.42
2020-01-30_22:19:03.214[Status]Routing Start.
2020-01-30_22:19:03.577[Status]Routing 35: Walk: 23
2020-01-30_22:19:03.677[Battery Energy]76.06
2020-01-30_22:19:03.677[Status]Routing Start.
2020-01-30_22:19:03.997[Status]Routing 36: Walk: 23
2020-01-30_22:19:04.100[Battery Energy]75.74
2020-01-30_22:19:04.100[Status]Routing Start.
2020-01-30_22:19:04.439[Status]Routing 37: Walk: 23
2020-01-30_22:19:04.541[Battery Energy]75.39
2020-01-30_22:19:04.541[Status]Routing Start.
2020-01-30_22:19:04.905[Status]Routing 38: Walk: 23
2020-01-30_22:19:05.009[Battery Energy]75.05
2020-01-30_22:19:05.009[Status]Routing Start.
2020-01-30_22:19:05.317[Status]Routing 39: Walk: 23
2020-01-30_22:19:05.422[Battery Energy]74.77
2020-01-30_22:19:05.422[Status]Routing Start.
2020-01-30_22:19:05.767[Status]Routing 40: Walk: 23
2020-01-30_22:19:05.867[Battery Energy]74.46
2020-01-30_22:19:05.867[Status]Routing Start.
2020-01-30_22:19:06.170[Status]Routing 41: Walk: 23
2020-01-30_22:19:06.270[Battery Energy]74.14
2020-01-30_22:19:06.270[Status]Routing Start.
2020-01-30_22:19:06.620[Status]Routing 42: Walk: 23
2020-01-30_22:19:06.721[Battery Energy]73.82
2020-01-30_22:19:06.721[Status]Routing Start.
2020-01-30_22:19:07.042[Status]Routing 43: Walk: 23
2020-01-30_22:19:07.146[Battery Energy]73.51
2020-01-30_22:19:07.146[Status]Routing Start.
2020-01-30_22:19:07.452[Status]Routing 44: Walk: 23
2020-01-30_22:19:07.552[Battery Energy]73.20
2020-01-30_22:19:07.553[Status]Routing Start.
2020-01-30_22:19:07.875[Status]{'coordinate': [261.3005039809707, 322.39593109234164], 'id': 14}
2020-01-30_22:19:07.875[Status]Routing 45: Walk: 24
2020-01-30_22:19:07.975[Battery Energy]72.86
2020-01-30_22:19:07.975[Status]Routing Start.
2020-01-30_22:19:08.366[Status]Routing 46: Walk: 24
2020-01-30_22:19:08.469[Battery Energy]72.47
2020-01-30_22:19:08.469[Status]Routing Start.
2020-01-30_22:19:08.609[Status]{'coordinate': [270.86376978551806, 325.3189341972963], 'id': 14}
2020-01-30_22:19:08.609[Status]Routing 47: Walk: 25
2020-01-30_22:19:08.711[Battery Energy]72.26
2020-01-30_22:19:08.711[Status]Routing Start.
2020-01-30_22:19:09.244[Status]Routing 48: Walk: 25
2020-01-30_22:19:09.345[Battery Energy]71.86
2020-01-30_22:19:09.345[Status]Routing Start.
2020-01-30_22:19:09.690[Status]Routing 49: Walk: 25
2020-01-30_22:19:09.791[Battery Energy]71.49
2020-01-30_22:19:09.791[Status]Routing Start.
2020-01-30_22:19:10.094[Status]Routing 50: Walk: 25
2020-01-30_22:19:10.195[Battery Energy]71.21
2020-01-30_22:19:10.195[Status]Routing Start.
2020-01-30_22:19:10.521[Status]{'coordinate': [280.42703559006543, 328.24193730225096], 'id': 14}
2020-01-30_22:19:10.521[Status]Routing 51: Walk: 26
2020-01-30_22:19:10.621[Battery Energy]70.83
2020-01-30_22:19:10.621[Status]Routing Start.
2020-01-30_22:19:10.952[Status]Routing 52: Walk: 26
2020-01-30_22:19:11.056[Battery Energy]70.53
2020-01-30_22:19:11.056[Status]Routing Start.
2020-01-30_22:19:11.381[Status]{'coordinate': [289.9903013946128, 331.1649404072056], 'id': 14}
2020-01-30_22:19:11.381[Status]Routing 53: Walk: 27
2020-01-30_22:19:11.481[Battery Energy]70.16
2020-01-30_22:19:11.481[Status]Routing Start.
2020-01-30_22:19:11.783[Status]Routing 54: Walk: 27
2020-01-30_22:19:11.883[Battery Energy]69.87
2020-01-30_22:19:11.883[Status]Routing Start.
2020-01-30_22:19:12.250[Status]{'coordinate': [299.55356719916017, 334.0879435121603], 'id': 14}
2020-01-30_22:19:12.250[Status]Routing 55: Walk: 28
2020-01-30_22:19:12.350[Battery Energy]69.47
2020-01-30_22:19:12.350[Status]Routing Start.
2020-01-30_22:19:12.666[Status]Routing 56: Walk: 28
2020-01-30_22:19:12.766[Battery Energy]69.18
2020-01-30_22:19:12.766[Status]Routing Start.
2020-01-30_22:19:13.093[Status]{'coordinate': [309.11683300370754, 337.01094661711494], 'id': 14}
2020-01-30_22:19:13.100[Status]Routing 57: Walk: 29
2020-01-30_22:19:13.200[Battery Energy]68.79
2020-01-30_22:19:13.200[Status]Routing Start.
2020-01-30_22:19:13.523[Status]Routing 58: Walk: 29
2020-01-30_22:19:13.625[Battery Energy]68.48
2020-01-30_22:19:13.625[Status]Routing Start.
2020-01-30_22:19:13.926[Status]{'coordinate': [318.6800988082549, 339.9339497220696], 'id': 14}
2020-01-30_22:19:13.940[Status]Routing 59: Walk: 30
2020-01-30_22:19:14.047[Battery Energy]68.11
2020-01-30_22:19:14.047[Status]Routing Start.
2020-01-30_22:19:14.358[Status]Routing 60: Walk: 30
2020-01-30_22:19:14.458[Battery Energy]67.80
2020-01-30_22:19:14.458[Status]Routing Start.
2020-01-30_22:19:14.839[Status]{'coordinate': [328.2433646128023, 342.85695282702426], 'id': 14}
2020-01-30_22:19:14.839[Status]Routing 61: Walk: 31
2020-01-30_22:19:14.941[Battery Energy]67.38
2020-01-30_22:19:14.941[Status]Routing Start.
2020-01-30_22:19:15.283[Status]Routing 62: Walk: 31
2020-01-30_22:19:15.383[Battery Energy]67.05
2020-01-30_22:19:15.383[Status]Routing Start.
2020-01-30_22:19:15.695[Status]{'coordinate': [337.80663041734965, 345.7799559319789], 'id': 14}
2020-01-30_22:19:15.700[Status]Routing 63: Walk: 32
2020-01-30_22:19:15.800[Battery Energy]66.70
2020-01-30_22:19:15.800[Status]Routing Start.
2020-01-30_22:19:16.105[Status]Routing 64: Walk: 32
2020-01-30_22:19:16.207[Battery Energy]66.43
2020-01-30_22:19:16.207[Status]Routing Start.
2020-01-30_22:19:16.497[Status]{'coordinate': [347.369896221897, 348.7029590369336], 'id': 14}
2020-01-30_22:19:16.504[Status]Routing 65: Walk: 33
2020-01-30_22:19:16.604[Battery Energy]66.09
2020-01-30_22:19:16.604[Status]Routing Start.
2020-01-30_22:19:16.770[Status]{'coordinate': [356.9331620264444, 351.62596214188824], 'id': 14}
2020-01-30_22:19:16.770[Status]Routing 66: Walk: 34
2020-01-30_22:19:16.878[Battery Energy]65.88
2020-01-30_22:19:16.878[Status]Routing Start.
2020-01-30_22:19:17.237[Status]{'coordinate': [366.49642783099176, 354.5489652468429], 'id': 14}
2020-01-30_22:19:17.238[Status]Routing 67: Walk: 35
2020-01-30_22:19:17.344[Battery Energy]65.56
2020-01-30_22:19:17.344[Status]Routing Start.
2020-01-30_22:19:17.640[Status]{'coordinate': [376.05969363553913, 357.47196835179756], 'id': 14}
2020-01-30_22:19:17.640[Status]Routing 68: Walk: 36
2020-01-30_22:19:17.740[Battery Energy]65.25
2020-01-30_22:19:17.740[Status]Routing Start.
2020-01-30_22:19:18.044[Status]{'coordinate': [385.6229594400865, 360.3949714567522], 'id': 14}
2020-01-30_22:19:18.045[Status]Routing 69: Walk: 37
2020-01-30_22:19:18.153[Battery Energy]64.90
2020-01-30_22:19:18.153[Status]Routing Start.
2020-01-30_22:19:18.467[Status]{'coordinate': [395.1862252446339, 363.3179745617069], 'id': 14}
2020-01-30_22:19:18.467[Status]Routing 70: Walk: 38
2020-01-30_22:19:18.567[Battery Energy]64.58
2020-01-30_22:19:18.567[Status]Routing Start.
2020-01-30_22:19:18.727[Status]{'coordinate': [404.74949104918124, 366.24097766666154], 'id': 14}
2020-01-30_22:19:18.727[Status]Routing 71: Walk: 39
2020-01-30_22:19:18.828[Battery Energy]64.36
2020-01-30_22:19:18.828[Status]Routing Start.
2020-01-30_22:19:19.148[Status]{'coordinate': [414.3127568537286, 369.1639807716162], 'id': 14}
2020-01-30_22:19:19.149[Status]Routing 72: Walk: 40
2020-01-30_22:19:19.253[Battery Energy]64.05
2020-01-30_22:19:19.253[Status]Routing Start.
2020-01-30_22:19:19.399[Status]{'coordinate': [423.876022658276, 372.08698387657086], 'id': 14}
2020-01-30_22:19:19.399[Status]Routing 73: Walk: 41
2020-01-30_22:19:19.502[Battery Energy]63.82
2020-01-30_22:19:19.502[Status]Routing Start.
2020-01-30_22:19:19.791[Status]{'coordinate': [433.43928846282336, 375.0099869815255], 'id': 14}
2020-01-30_22:19:19.792[Status]Routing 74: Walk: 42
2020-01-30_22:19:19.895[Battery Energy]63.52
2020-01-30_22:19:19.895[Status]Routing Start.
2020-01-30_22:19:20.048[Status]{'coordinate': [443.0025542673707, 377.9329900864802], 'id': 14}
2020-01-30_22:19:20.048[Status]Routing 75: Walk: 43
2020-01-30_22:19:20.149[Battery Energy]63.31
2020-01-30_22:19:20.150[Status]Routing Start.
2020-01-30_22:19:20.311[Status]{'coordinate': [452.5658200719181, 380.85599319143483], 'id': 14}
2020-01-30_22:19:20.311[Status]Routing 76: Walk: 44
2020-01-30_22:19:20.411[Battery Energy]63.08
2020-01-30_22:19:20.411[Status]Routing Start.
2020-01-30_22:19:20.548[Status]{'coordinate': [462.12908587646547, 383.7789962963895], 'id': 14}
2020-01-30_22:19:20.549[Status]Routing 77: Walk: 45
2020-01-30_22:19:20.662[Battery Energy]62.86
2020-01-30_22:19:20.662[Status]Routing Start.
2020-01-30_22:19:20.775[Status]{'coordinate': [471.69235168101284, 386.70199940134415], 'id': 14}
2020-01-30_22:19:20.777[Status]Routing 78: Walk: 46
2020-01-30_22:19:20.884[Battery Energy]62.66
2020-01-30_22:19:20.886[Status]Routing Start.
2020-01-30_22:19:21.039[Status]{'coordinate': [481.2556174855602, 389.6250025062988], 'id': 14}
2020-01-30_22:19:21.039[Status]Routing 79: Walk: 47
2020-01-30_22:19:21.142[Battery Energy]62.45
2020-01-30_22:19:21.142[Status]Routing Start.
2020-01-30_22:19:21.298[Status]{'coordinate': [490.8188832901076, 392.5480056112535], 'id': 14}
2020-01-30_22:19:21.298[Status]Routing 80: Walk: 48
2020-01-30_22:19:21.399[Battery Energy]62.22
2020-01-30_22:19:21.399[Status]Routing Start.
2020-01-30_22:19:21.613[Status]{'coordinate': [500.38214909465495, 395.47100871620813], 'id': 14}
2020-01-30_22:19:21.613[Status]Routing 81: Walk: 49
2020-01-30_22:19:21.713[Battery Energy]61.96
2020-01-30_22:19:21.713[Status]Routing Start.
2020-01-30_22:19:21.867[Status]{'coordinate': [509.9454148992023, 398.3940118211628], 'id': 14}
2020-01-30_22:19:21.867[Status]Routing 82: Walk: 50
2020-01-30_22:19:21.974[Battery Energy]61.75
2020-01-30_22:19:21.974[Status]Routing Start.
2020-01-30_22:19:22.108[Status]{'coordinate': [519.5086807037497, 401.31701492611745], 'id': 14}
2020-01-30_22:19:22.109[Status]Routing 83: Walk: 51
2020-01-30_22:19:22.210[Battery Energy]61.56
2020-01-30_22:19:22.210[Status]Routing Start.
2020-01-30_22:19:22.355[Status]{'coordinate': [529.0719465082972, 404.2400180310721], 'id': 14}
2020-01-30_22:19:22.355[Status]Routing 84: Walk: 52
2020-01-30_22:19:22.460[Battery Energy]61.34
2020-01-30_22:19:22.460[Status]Routing Start.
2020-01-30_22:19:22.604[Status]{'coordinate': [538.6352123128446, 407.16302113602677], 'id': 14}
2020-01-30_22:19:22.604[Status]Routing 85: Walk: 53
2020-01-30_22:19:22.704[Battery Energy]61.13
2020-01-30_22:19:22.704[Status]Routing Start.
2020-01-30_22:19:22.845[Status]{'coordinate': [548.198478117392, 410.08602424098143], 'id': 14}
2020-01-30_22:19:22.845[Status]Routing 86: Walk: 54
2020-01-30_22:19:22.945[Battery Energy]60.92
2020-01-30_22:19:22.945[Status]Routing Start.
2020-01-30_22:19:23.167[Status]{'coordinate': [557.7617439219395, 413.0090273459361], 'id': 14}
2020-01-30_22:19:23.167[Status]Routing 87: Walk: 55
2020-01-30_22:19:23.274[Battery Energy]60.67
2020-01-30_22:19:23.274[Status]Routing Start.
2020-01-30_22:19:23.433[Status]{'coordinate': [567.3250097264869, 415.93203045089075], 'id': 14}
2020-01-30_22:19:23.433[Status]Routing 88: Walk: 56
2020-01-30_22:19:23.542[Battery Energy]60.46
2020-01-30_22:19:23.542[Status]Routing Start.
2020-01-30_22:19:23.651[Status]{'coordinate': [576.8882755310343, 418.8550335558454], 'id': 14}
2020-01-30_22:19:23.651[Status]Routing 89: Walk: 57
2020-01-30_22:19:23.760[Battery Energy]60.27
2020-01-30_22:19:23.760[Status]Routing Start.
2020-01-30_22:19:23.947[Status]{'coordinate': [586.4515413355817, 421.77803666080007], 'id': 14}
2020-01-30_22:19:23.947[Status]Routing 90: Walk: 58
2020-01-30_22:19:24.049[Battery Energy]60.04
2020-01-30_22:19:24.049[Status]Routing Start.
2020-01-30_22:19:24.183[Status]{'coordinate': [596.0148071401292, 424.7010397657548], 'id': 14}
2020-01-30_22:19:24.183[Status]Routing 91: Walk: 59
2020-01-30_22:19:24.283[Battery Energy]59.82
2020-01-30_22:19:24.283[Status]Routing Start.
2020-01-30_22:19:24.430[Status]{'coordinate': [605.5780729446766, 427.62404287070945], 'id': 14}
2020-01-30_22:19:24.430[Status]Routing 92: Walk: 60
2020-01-30_22:19:24.538[Battery Energy]59.61
2020-01-30_22:19:24.538[Status]Routing Start.
2020-01-30_22:19:24.845[Status]{'coordinate': [615.141338749224, 430.54704597566416], 'id': 14}
2020-01-30_22:19:24.845[Status]Routing 93: Walk: 61
2020-01-30_22:19:24.945[Battery Energy]59.29
2020-01-30_22:19:24.945[Status]Routing Start.
2020-01-30_22:19:25.209[Status]{'coordinate': [624.7046045537714, 433.4700490806189], 'id': 14}
2020-01-30_22:19:25.209[Status]Routing 94: Walk: 62
2020-01-30_22:19:25.309[Battery Energy]59.01
2020-01-30_22:19:25.309[Status]Routing Start.
2020-01-30_22:19:25.627[Status]{'coordinate': [634.2678703583189, 436.39305218557354], 'id': 14}
2020-01-30_22:19:25.627[Status]Routing 95: Walk: 63
2020-01-30_22:19:25.728[Battery Energy]58.70
2020-01-30_22:19:25.728[Status]Routing Start.
2020-01-30_22:19:25.883[Status]{'coordinate': [643.8311361628663, 439.31605529052825], 'id': 14}
2020-01-30_22:19:25.890[Status]Routing 96: Walk: 64
2020-01-30_22:19:25.990[Battery Energy]58.50
2020-01-30_22:19:25.990[Status]Routing Start.
2020-01-30_22:19:26.138[Status]{'coordinate': [653.3944019674137, 442.23905839548297], 'id': 14}
2020-01-30_22:19:26.138[Status]Routing 97: Walk: 65
2020-01-30_22:19:26.245[Battery Energy]58.29
2020-01-30_22:19:26.245[Status]Routing Start.
2020-01-30_22:19:26.387[Status]{'coordinate': [662.9576677719612, 445.1620615004377], 'id': 14}
2020-01-30_22:19:26.390[Status]Routing 98: Walk: 66
2020-01-30_22:19:26.506[Battery Energy]58.09
2020-01-30_22:19:26.506[Status]Routing Start.
2020-01-30_22:19:26.633[Status]{'coordinate': [672.5209335765086, 448.08506460539235], 'id': 14}
2020-01-30_22:19:26.633[Status]Routing 99: Walk: 67
2020-01-30_22:19:26.733[Battery Energy]57.88
2020-01-30_22:19:26.733[Status]Routing Start.
2020-01-30_22:19:26.895[Status]{'coordinate': [682.084199381056, 451.00806771034706], 'id': 14}
2020-01-30_22:19:26.895[Status]Routing 100: Walk: 68
2020-01-30_22:19:27.002[Battery Energy]57.65
2020-01-30_22:19:27.002[Status]Routing Start.
2020-01-30_22:19:27.216[Status]{'coordinate': [691.6474651856034, 453.9310708153018], 'id': 14}
2020-01-30_22:19:27.217[Status]Routing 101: Walk: 69
2020-01-30_22:19:27.322[Battery Energy]57.41
2020-01-30_22:19:27.322[Status]Routing Start.
2020-01-30_22:19:27.456[Status]{'coordinate': [701.2107309901509, 456.8540739202565], 'id': 14}
2020-01-30_22:19:27.456[Status]Routing 102: Walk: 70
2020-01-30_22:19:27.556[Battery Energy]57.19
2020-01-30_22:19:27.556[Status]Routing Start.
2020-01-30_22:19:27.688[Status]{'coordinate': [710.7739967946983, 459.77707702521116], 'id': 14}
2020-01-30_22:19:27.688[Status]Routing 103: Walk: 71
2020-01-30_22:19:27.794[Battery Energy]56.97
2020-01-30_22:19:27.794[Status]Routing Start.
2020-01-30_22:19:27.976[Status]{'coordinate': [720.3372625992457, 462.7000801301659], 'id': 14}
2020-01-30_22:19:27.976[Status]Routing 104: Walk: 72
2020-01-30_22:19:28.082[Battery Energy]56.76
2020-01-30_22:19:28.082[Status]Routing Start.
2020-01-30_22:19:28.234[Status]{'coordinate': [729.9005284037931, 465.6230832351206], 'id': 14}
2020-01-30_22:19:28.234[Status]Routing 105: Walk: 73
2020-01-30_22:19:28.342[Battery Energy]56.54
2020-01-30_22:19:28.342[Status]Routing Start.
2020-01-30_22:19:28.472[Status]{'coordinate': [739.4637942083406, 468.54608634007525], 'id': 14}
2020-01-30_22:19:28.473[Status]Routing 106: Walk: 74
2020-01-30_22:19:28.590[Battery Energy]56.33
2020-01-30_22:19:28.590[Status]Routing Start.
2020-01-30_22:19:28.831[Status]{'coordinate': [749.027060012888, 471.46908944502997], 'id': 14}
2020-01-30_22:19:28.831[Status]Routing 107: Walk: 75
2020-01-30_22:19:28.938[Battery Energy]56.09
2020-01-30_22:19:28.938[Status]Routing Start.
2020-01-30_22:19:29.153[Status]{'coordinate': [758.5903258174354, 474.3920925499847], 'id': 14}
2020-01-30_22:19:29.153[Status]Routing 108: Walk: 76
2020-01-30_22:19:29.253[Battery Energy]55.83
2020-01-30_22:19:29.254[Status]Routing Start.
2020-01-30_22:19:29.414[Status]{'coordinate': [768.1535916219829, 477.3150956549394], 'id': 14}
2020-01-30_22:19:29.414[Status]Routing 109: Walk: 77
2020-01-30_22:19:29.526[Battery Energy]55.62
2020-01-30_22:19:29.526[Status]Routing Start.
2020-01-30_22:19:29.838[Status]{'coordinate': [777.7168574265303, 480.2380987598941], 'id': 14}
2020-01-30_22:19:29.839[Status]Routing 110: Walk: 78
2020-01-30_22:19:29.942[Battery Energy]55.28
2020-01-30_22:19:29.942[Status]Routing Start.
2020-01-30_22:19:30.092[Status]{'coordinate': [787.2801232310777, 483.1611018648488], 'id': 14}
2020-01-30_22:19:30.092[Status]Routing 111: Walk: 79
2020-01-30_22:19:30.206[Battery Energy]55.05
2020-01-30_22:19:30.206[Status]Routing Start.
2020-01-30_22:19:30.335[Status]{'coordinate': [796.8433890356251, 486.0841049698035], 'id': 14}
2020-01-30_22:19:30.335[Status]Routing 112: Walk: 80
2020-01-30_22:19:30.442[Battery Energy]54.85
2020-01-30_22:19:30.442[Status]Routing Start.
2020-01-30_22:19:30.579[Status]{'coordinate': [806.4066548401726, 489.0071080747582], 'id': 14}
2020-01-30_22:19:30.579[Status]Routing 113: Walk: 81
2020-01-30_22:19:30.690[Battery Energy]54.62
2020-01-30_22:19:30.690[Status]Routing Start.
2020-01-30_22:19:30.826[Status]{'coordinate': [815.96992064472, 491.9301111797129], 'id': 14}
2020-01-30_22:19:30.826[Status]Routing 114: Walk: 82
2020-01-30_22:19:30.942[Battery Energy]54.40
2020-01-30_22:19:30.942[Status]Routing Start.
2020-01-30_22:19:31.085[Status]{'coordinate': [825.5331864492674, 494.8531142846676], 'id': 14}
2020-01-30_22:19:31.085[Status]Routing 115: Walk: 83
2020-01-30_22:19:31.190[Battery Energy]54.21
2020-01-30_22:19:31.190[Status]Routing Start.
2020-01-30_22:19:31.340[Status]{'coordinate': [835.0964522538148, 497.7761173896223], 'id': 14}
2020-01-30_22:19:31.340[Status]Routing 116: Walk: 84
2020-01-30_22:19:31.440[Battery Energy]54.00
2020-01-30_22:19:31.440[Status]Routing Start.
2020-01-30_22:19:31.702[Status]{'coordinate': [844.6597180583623, 500.699120494577], 'id': 14}
2020-01-30_22:19:31.702[Status]Routing 117: Walk: 85
2020-01-30_22:19:31.818[Battery Energy]53.69
2020-01-30_22:19:31.818[Status]Routing Start.
2020-01-30_22:19:31.955[Status]{'coordinate': [854.2229838629097, 503.62212359953173], 'id': 14}
2020-01-30_22:19:31.955[Status]Routing 118: Walk: 86
2020-01-30_22:19:32.058[Battery Energy]53.48
2020-01-30_22:19:32.058[Status]Routing Start.
2020-01-30_22:19:32.216[Status]{'coordinate': [863.7862496674571, 506.5451267044864], 'id': 14}
2020-01-30_22:19:32.216[Status]Routing 119: Walk: 87
2020-01-30_22:19:32.326[Battery Energy]53.25
2020-01-30_22:19:32.326[Status]Routing Start.
2020-01-30_22:19:32.487[Status]{'coordinate': [873.3495154720046, 509.4681298094411], 'id': 14}
2020-01-30_22:19:32.488[Status]Routing 120: Walk: 88
2020-01-30_22:19:32.588[Battery Energy]53.03
2020-01-30_22:19:32.588[Status]Routing Start.
2020-01-30_22:19:32.901[Status]{'coordinate': [882.912781276552, 512.3911329143958], 'id': 14}
2020-01-30_22:19:32.902[Status]Routing 121: Walk: 89
2020-01-30_22:19:33.003[Battery Energy]52.71
2020-01-30_22:19:33.003[Status]Routing Start.
2020-01-30_22:19:33.289[Status]{'coordinate': [892.4760470810994, 515.3141360193505], 'id': 14}
2020-01-30_22:19:33.289[Status]Routing 122: Walk: 90
2020-01-30_22:19:33.399[Battery Energy]52.42
2020-01-30_22:19:33.399[Status]Routing Start.
2020-01-30_22:19:33.716[Status]{'coordinate': [902.0393128856468, 518.2371391243051], 'id': 14}
2020-01-30_22:19:33.718[Status]Routing 123: Walk: 91
2020-01-30_22:19:33.819[Battery Energy]52.04
2020-01-30_22:19:33.819[Status]Routing Start.
2020-01-30_22:19:34.143[Status]{'coordinate': [911.6025786901943, 521.1601422292598], 'id': 14}
2020-01-30_22:19:34.144[Status]Routing 124: Walk: 92
2020-01-30_22:19:34.245[Battery Energy]51.73
2020-01-30_22:19:34.245[Status]Routing Start.
2020-01-30_22:19:34.529[Status]{'coordinate': [921.1658444947417, 524.0831453342145], 'id': 14}
2020-01-30_22:19:34.536[Status]Routing 125: Walk: 93
2020-01-30_22:19:34.636[Battery Energy]51.42
2020-01-30_22:19:34.636[Status]Routing Start.
2020-01-30_22:19:34.872[Status]{'coordinate': [930.7291102992891, 527.0061484391691], 'id': 14}
2020-01-30_22:19:34.872[Status]Routing 126: Walk: 94
2020-01-30_22:19:34.982[Battery Energy]51.15
2020-01-30_22:19:34.982[Status]Routing Start.
2020-01-30_22:19:35.271[Status]{'coordinate': [940.2923761038365, 529.9291515441238], 'id': 14}
2020-01-30_22:19:35.272[Status]Routing 127: Walk: 95
2020-01-30_22:19:35.372[Battery Energy]50.84
2020-01-30_22:19:35.372[Status]Routing Start.
2020-01-30_22:19:35.689[Status]{'coordinate': [949.855641908384, 532.8521546490784], 'id': 14}
2020-01-30_22:19:35.690[Status]Routing 128: Walk: 96
2020-01-30_22:19:35.793[Battery Energy]50.51
2020-01-30_22:19:35.793[Status]Routing Start.
2020-01-30_22:19:36.067[Status]{'coordinate': [959.4189077129314, 535.7751577540331], 'id': 14}
2020-01-30_22:19:36.067[Status]Routing 129: Walk: 97
2020-01-30_22:19:36.168[Battery Energy]50.22
2020-01-30_22:19:36.168[Status]Routing Start.
2020-01-30_22:19:36.485[Status]{'coordinate': [968.9821735174788, 538.6981608589878], 'id': 14}
2020-01-30_22:19:36.487[Status]Routing 130: Walk: 98
2020-01-30_22:19:36.590[Battery Energy]49.89
2020-01-30_22:19:36.590[Status]Routing Start.
2020-01-30_22:19:36.912[Status]{'coordinate': [978.5454393220263, 541.6211639639424], 'id': 14}
2020-01-30_22:19:36.912[Status]Routing 131: Walk: 99
2020-01-30_22:19:37.017[Battery Energy]49.55
2020-01-30_22:19:37.017[Status]Routing Start.
2020-01-30_22:19:37.313[Status]{'coordinate': [988.1087051265737, 544.5441670688971], 'id': 14}
2020-01-30_22:19:37.313[Status]Routing 132: Walk: 100
2020-01-30_22:19:37.413[Battery Energy]49.28
2020-01-30_22:19:37.413[Status]Routing Start.
2020-01-30_22:19:37.661[Status]{'coordinate': [997.6719709311211, 547.4671701738517], 'id': 14}
2020-01-30_22:19:37.661[Status]Routing 133: Walk: 101
2020-01-30_22:19:37.770[Battery Energy]48.99
2020-01-30_22:19:37.770[Status]Routing Start.
2020-01-30_22:19:37.900[Status]{'coordinate': [1007.2352367356685, 550.3901732788064], 'id': 14}
2020-01-30_22:19:37.900[Status]Routing 134: Walk: 102
2020-01-30_22:19:38.000[Battery Energy]48.78
2020-01-30_22:19:38.000[Status]Routing Start.
2020-01-30_22:19:38.141[Status]{'coordinate': [1016.7985025402158, 553.3131763837612], 'id': 14}
2020-01-30_22:19:38.142[Status]Routing 135: Walk: 103
2020-01-30_22:19:38.243[Battery Energy]48.56
2020-01-30_22:19:38.243[Status]Routing Start.
2020-01-30_22:19:38.383[Status]{'coordinate': [1026.3617683447633, 556.2361794887158], 'id': 14}
2020-01-30_22:19:38.383[Status]Routing 136: Walk: 104
2020-01-30_22:19:38.502[Battery Energy]48.34
2020-01-30_22:19:38.502[Status]Routing Start.
2020-01-30_22:19:38.625[Status]{'coordinate': [1035.9250341493107, 559.1591825936706], 'id': 14}
2020-01-30_22:19:38.625[Status]Routing 137: Walk: 105
2020-01-30_22:19:38.726[Battery Energy]48.13
2020-01-30_22:19:38.726[Status]Routing Start.
2020-01-30_22:19:38.863[Status]{'coordinate': [1045.4882999538581, 562.0821856986253], 'id': 14}
2020-01-30_22:19:38.863[Status]Routing 138: Walk: 106
2020-01-30_22:19:38.970[Battery Energy]47.91
2020-01-30_22:19:38.970[Status]Routing Start.
2020-01-30_22:19:39.123[Status]{'coordinate': [1055.0515657584056, 565.00518880358], 'id': 14}
2020-01-30_22:19:39.123[Status]Routing 139: Walk: 107
2020-01-30_22:19:39.226[Battery Energy]47.71
2020-01-30_22:19:39.226[Status]Routing Start.
2020-01-30_22:19:39.401[Status]{'coordinate': [1064.614831562953, 567.9281919085347], 'id': 14}
2020-01-30_22:19:39.401[Status]Routing 140: Walk: 108
2020-01-30_22:19:39.501[Battery Energy]47.47
2020-01-30_22:19:39.501[Status]Routing Start.
2020-01-30_22:19:39.664[Status]{'coordinate': [1074.1780973675004, 570.8511950134895], 'id': 14}
2020-01-30_22:19:39.664[Status]Routing 141: Walk: 109
2020-01-30_22:19:39.764[Battery Energy]47.24
2020-01-30_22:19:39.764[Status]Routing Start.
2020-01-30_22:19:40.064[Status]{'coordinate': [1083.7413631720478, 573.7741981184442], 'id': 14}
2020-01-30_22:19:40.064[Status]Routing 142: Walk: 110
2020-01-30_22:19:40.177[Battery Energy]46.94
2020-01-30_22:19:40.177[Status]Routing Start.
2020-01-30_22:19:40.313[Status]{'coordinate': [1093.3046289765953, 576.6972012233989], 'id': 14}
2020-01-30_22:19:40.313[Status]Routing 143: Walk: 111
2020-01-30_22:19:40.417[Battery Energy]46.72
2020-01-30_22:19:40.417[Status]Routing Start.
2020-01-30_22:19:40.650[Status]{'coordinate': [1102.8678947811427, 579.6202043283537], 'id': 14}
2020-01-30_22:19:40.652[Status]Routing 144: Walk: 112
2020-01-30_22:19:40.752[Battery Energy]46.43
2020-01-30_22:19:40.752[Status]Routing Start.
2020-01-30_22:19:40.908[Status]{'coordinate': [1112.4311605856901, 582.5432074333085], 'id': 14}
2020-01-30_22:19:40.908[Status]Routing 145: Walk: 113
2020-01-30_22:19:41.013[Battery Energy]46.21
2020-01-30_22:19:41.013[Status]Routing Start.
2020-01-30_22:19:41.157[Status]{'coordinate': [1121.9944263902375, 585.4662105382631], 'id': 14}
2020-01-30_22:19:41.157[Status]Routing 146: Walk: 114
2020-01-30_22:19:41.262[Battery Energy]45.99
2020-01-30_22:19:41.262[Status]Routing Start.
2020-01-30_22:19:41.422[Status]{'coordinate': [1131.557692194785, 588.3892136432179], 'id': 14}
2020-01-30_22:19:41.422[Status]Routing 147: Walk: 115
2020-01-30_22:19:41.523[Battery Energy]45.76
2020-01-30_22:19:41.523[Status]Routing Start.
2020-01-30_22:19:41.669[Status]{'coordinate': [1141.1209579993324, 591.3122167481727], 'id': 14}
2020-01-30_22:19:41.669[Status]Routing 148: Walk: 116
2020-01-30_22:19:41.769[Battery Energy]45.54
2020-01-30_22:19:41.769[Status]Routing Start.
2020-01-30_22:19:42.008[Status]{'coordinate': [1150.6842238038798, 594.2352198531273], 'id': 14}
2020-01-30_22:19:42.011[Status]Routing 149: Walk: 117
2020-01-30_22:19:42.112[Battery Energy]45.26
2020-01-30_22:19:42.112[Status]Routing Start.
2020-01-30_22:19:42.374[Status]{'coordinate': [1160.2474896084273, 597.1582229580821], 'id': 14}
2020-01-30_22:19:42.375[Status]Routing 150: Walk: 118
2020-01-30_22:19:42.475[Battery Energy]45.00
2020-01-30_22:19:42.475[Status]Routing Start.
2020-01-30_22:19:42.620[Status]{'coordinate': [1169.8107554129747, 600.0812260630369], 'id': 14}
2020-01-30_22:19:42.622[Status]Routing 151: Walk: 119
2020-01-30_22:19:42.723[Battery Energy]44.80
2020-01-30_22:19:42.723[Status]Routing Start.
2020-01-30_22:19:42.723[Status]Task Finished.
2020-01-30_22:19:42.823[Battery Energy]44.80
2020-01-30_22:19:42.962[Status]Routing 153: Walk: 119
2020-01-30_22:19:43.067[Battery Energy]44.70
2020-01-30_22:19:43.190[Status]Routing 154: Walk: 119
2020-01-30_22:19:43.291[Battery Energy]44.60
2020-01-30_22:19:43.436[Status]Routing 155: Walk: 119
2020-01-30_22:19:43.549[Battery Energy]44.48
2020-01-30_22:19:43.684[Status]Routing 156: Walk: 119
2020-01-30_22:19:43.784[Battery Energy]44.36
2020-01-30_22:19:43.919[Status]Routing 157: Walk: 119
2020-01-30_22:19:44.030[Battery Energy]44.25
2020-01-30_22:19:44.153[Status]Routing 158: Walk: 119
2020-01-30_22:19:44.259[Battery Energy]44.14
2020-01-30_22:19:44.408[Status]Routing 159: Walk: 119
2020-01-30_22:19:44.510[Battery Energy]44.03
2020-01-30_22:19:44.650[Status]Routing 160: Walk: 119
2020-01-30_22:19:44.762[Battery Energy]43.94
2020-01-30_22:19:44.893[Status]Routing 161: Walk: 119
2020-01-30_22:19:45.006[Battery Energy]43.84
2020-01-30_22:19:45.156[Status]Routing 162: Walk: 119
2020-01-30_22:19:45.257[Battery Energy]43.73
2020-01-30_22:19:45.592[Status]Routing 163: Walk: 119
2020-01-30_22:19:45.692[Battery Energy]43.41
2020-01-30_22:19:46.019[Status]Routing 164: Walk: 119
2020-01-30_22:19:46.120[Battery Energy]43.09
2020-01-30_22:19:46.249[Status]Routing 165: Walk: 119
2020-01-30_22:19:46.349[Battery Energy]42.99
2020-01-30_22:19:46.697[Status]Routing 166: Walk: 119
2020-01-30_22:19:46.797[Battery Energy]42.68
2020-01-30_22:19:47.131[Status]Routing 167: Walk: 119
2020-01-30_22:19:47.232[Battery Energy]42.36
2020-01-30_22:19:47.372[Status]Routing 168: Walk: 119
2020-01-30_22:19:47.482[Battery Energy]42.25
2020-01-30_22:19:47.605[Status]Routing 169: Walk: 119
2020-01-30_22:19:47.705[Battery Energy]42.13
2020-01-30_22:19:48.059[Status]Routing 170: Walk: 119
2020-01-30_22:19:48.159[Battery Energy]41.82
2020-01-30_22:19:48.285[Status]Routing 171: Walk: 119
2020-01-30_22:19:48.394[Battery Energy]41.72
2020-01-30_22:19:48.534[Status]Routing 172: Walk: 119
2020-01-30_22:19:48.650[Battery Energy]41.62
2020-01-30_22:19:48.775[Status]Routing 173: Walk: 119
2020-01-30_22:19:48.880[Battery Energy]41.54
2020-01-30_22:19:49.012[Status]Routing 174: Walk: 119
2020-01-30_22:19:49.112[Battery Energy]41.42
2020-01-30_22:19:49.281[Status]Routing 175: Walk: 119
2020-01-30_22:19:49.382[Battery Energy]41.33
2020-01-30_22:19:49.539[Status]Routing 176: Walk: 119
2020-01-30_22:19:49.646[Battery Energy]41.22
2020-01-30_22:19:49.806[Status]Routing 177: Walk: 119
2020-01-30_22:19:49.909[Battery Energy]41.09
2020-01-30_22:19:50.062[Status]Routing 178: Walk: 119
2020-01-30_22:19:50.163[Battery Energy]40.96
2020-01-30_22:19:50.316[Status]Routing 179: Walk: 119
2020-01-30_22:19:50.417[Battery Energy]40.84
2020-01-30_22:19:50.640[Status]Routing 180: Walk: 119
2020-01-30_22:19:50.754[Battery Energy]40.67
2020-01-30_22:19:50.892[Status]Routing 181: Walk: 119
2020-01-30_22:19:51.005[Battery Energy]40.57
2020-01-30_22:19:51.141[Status]Routing 182: Walk: 119
2020-01-30_22:19:51.241[Battery Energy]40.46
2020-01-30_22:19:51.383[Status]Routing 183: Walk: 119
2020-01-30_22:19:51.488[Battery Energy]40.36
2020-01-30_22:19:51.649[Status]Routing 184: Walk: 119
2020-01-30_22:19:51.758[Battery Energy]40.24
2020-01-30_22:19:51.890[Status]Routing 185: Walk: 119
2020-01-30_22:19:51.993[Battery Energy]40.13
2020-01-30_22:19:52.131[Status]Routing 186: Walk: 119
2020-01-30_22:19:52.233[Battery Energy]40.03
2020-01-30_22:19:52.373[Status]Routing 187: Walk: 119
2020-01-30_22:19:52.486[Battery Energy]39.92
2020-01-30_22:19:52.601[Status]Routing 188: Walk: 119
2020-01-30_22:19:52.701[Battery Energy]39.82
2020-01-30_22:19:52.854[Status]Routing 189: Walk: 119
2020-01-30_22:19:52.970[Battery Energy]39.69
2020-01-30_22:19:53.103[Status]Routing 190: Walk: 119
2020-01-30_22:19:53.203[Battery Energy]39.61
2020-01-30_22:19:53.385[Status]Routing 191: Walk: 119
2020-01-30_22:19:53.494[Battery Energy]39.49
2020-01-30_22:19:53.617[Status]Routing 192: Walk: 119
2020-01-30_22:19:53.717[Battery Energy]39.39
2020-01-30_22:19:53.857[Status]Routing 193: Walk: 119
2020-01-30_22:19:53.970[Battery Energy]39.30
2020-01-30_22:19:54.088[Status]Routing 194: Walk: 119
2020-01-30_22:19:54.198[Battery Energy]39.20
2020-01-30_22:19:54.326[Status]Routing 195: Walk: 119
2020-01-30_22:19:54.427[Battery Energy]39.11
2020-01-30_22:19:54.579[Status]Routing 196: Walk: 119
2020-01-30_22:19:54.686[Battery Energy]38.97
2020-01-30_22:19:54.813[Status]Routing 197: Walk: 119
2020-01-30_22:19:54.913[Battery Energy]38.84
2020-01-30_22:19:55.055[Status]Routing 198: Walk: 119
2020-01-30_22:19:55.164[Battery Energy]38.72
2020-01-30_22:19:55.317[Status]Routing 199: Walk: 119
2020-01-30_22:19:55.426[Battery Energy]38.61
2020-01-30_22:19:55.550[Status]Routing 200: Walk: 119
2020-01-30_22:19:55.650[Battery Energy]38.50
2020-01-30_22:19:55.803[Status]Routing 201: Walk: 119
2020-01-30_22:19:55.907[Battery Energy]38.40
2020-01-30_22:19:56.056[Status]Routing 202: Walk: 119
2020-01-30_22:19:56.166[Battery Energy]38.27
2020-01-30_22:19:56.438[Status]Routing 203: Walk: 119
2020-01-30_22:19:56.543[Battery Energy]38.05
2020-01-30_22:19:56.682[Status]Routing 204: Walk: 119
2020-01-30_22:19:56.794[Battery Energy]37.97
2020-01-30_22:19:56.923[Status]Routing 205: Walk: 119
2020-01-30_22:19:57.023[Battery Energy]37.88
2020-01-30_22:19:57.146[Status]Routing 206: Walk: 119
2020-01-30_22:19:57.248[Battery Energy]37.78
2020-01-30_22:19:57.389[Status]Routing 207: Walk: 119
2020-01-30_22:19:57.494[Battery Energy]37.68
2020-01-30_22:19:57.627[Status]Routing 208: Walk: 119
2020-01-30_22:19:57.727[Battery Energy]37.59
2020-01-30_22:19:57.872[Status]Routing 209: Walk: 119
2020-01-30_22:19:57.973[Battery Energy]37.48
2020-01-30_22:19:58.152[Status]Routing 210: Walk: 119
2020-01-30_22:19:58.252[Battery Energy]37.36
2020-01-30_22:19:58.364[Status]Routing 211: Walk: 119
2020-01-30_22:19:58.473[Battery Energy]37.25
2020-01-30_22:19:58.624[Status]Routing 212: Walk: 119
2020-01-30_22:19:58.724[Battery Energy]37.14
2020-01-30_22:19:58.883[Status]Routing 213: Walk: 119
2020-01-30_22:19:58.986[Battery Energy]37.01
2020-01-30_22:19:59.136[Status]Routing 214: Walk: 119
2020-01-30_22:19:59.238[Battery Energy]36.89
2020-01-30_22:19:59.389[Status]Routing 215: Walk: 119
2020-01-30_22:19:59.498[Battery Energy]36.80
2020-01-30_22:19:59.656[Status]Routing 216: Walk: 119
2020-01-30_22:19:59.766[Battery Energy]36.67
2020-01-30_22:19:59.906[Status]Routing 217: Walk: 119
2020-01-30_22:20:00.008[Battery Energy]36.58
2020-01-30_22:20:00.173[Status]Routing 218: Walk: 119
2020-01-30_22:20:00.286[Battery Energy]36.46
2020-01-30_22:20:00.403[Status]Routing 219: Walk: 119
2020-01-30_22:20:00.504[Battery Energy]36.38
2020-01-30_22:20:00.647[Status]Routing 220: Walk: 119
2020-01-30_22:20:00.754[Battery Energy]36.29
2020-01-30_22:20:00.901[Status]Routing 221: Walk: 119
2020-01-30_22:20:01.001[Battery Energy]36.17
2020-01-30_22:20:01.165[Status]Routing 222: Walk: 119
2020-01-30_22:20:01.282[Battery Energy]36.07
2020-01-30_22:20:01.403[Status]Routing 223: Walk: 119
2020-01-30_22:20:01.514[Battery Energy]35.96
2020-01-30_22:20:01.654[Status]Routing 224: Walk: 119
2020-01-30_22:20:01.754[Battery Energy]35.83
2020-01-30_22:20:01.896[Status]Routing 225: Walk: 119
2020-01-30_22:20:02.006[Battery Energy]35.72
2020-01-30_22:20:02.149[Status]Routing 226: Walk: 119
2020-01-30_22:20:02.258[Battery Energy]35.60
2020-01-30_22:20:02.387[Status]Routing 227: Walk: 119
2020-01-30_22:20:02.493[Battery Energy]35.48
2020-01-30_22:20:02.615[Status]Routing 228: Walk: 119
2020-01-30_22:20:02.726[Battery Energy]35.39
2020-01-30_22:20:02.862[Status]Routing 229: Walk: 119
2020-01-30_22:20:02.970[Battery Energy]35.29
2020-01-30_22:20:03.145[Status]Routing 230: Walk: 119
2020-01-30_22:20:03.254[Battery Energy]35.16
2020-01-30_22:20:03.413[Status]Routing 231: Walk: 119
2020-01-30_22:20:03.514[Battery Energy]35.03
2020-01-30_22:20:03.705[Status]Routing 232: Walk: 119
2020-01-30_22:20:03.807[Battery Energy]34.90
2020-01-30_22:20:03.948[Status]Routing 233: Walk: 119
2020-01-30_22:20:04.054[Battery Energy]34.80
2020-01-30_22:20:04.178[Status]Routing 234: Walk: 119
2020-01-30_22:20:04.286[Battery Energy]34.68
2020-01-30_22:20:04.423[Status]Routing 235: Walk: 119
2020-01-30_22:20:04.524[Battery Energy]34.55
2020-01-30_22:20:04.682[Status]Routing 236: Walk: 119
2020-01-30_22:20:04.794[Battery Energy]34.42
2020-01-30_22:20:04.928[Status]Routing 237: Walk: 119
2020-01-30_22:20:05.029[Battery Energy]34.31
2020-01-30_22:20:05.184[Status]Routing 238: Walk: 119
2020-01-30_22:20:05.284[Battery Energy]34.20
2020-01-30_22:20:05.439[Status]Routing 239: Walk: 119
2020-01-30_22:20:05.560[Battery Energy]34.09
2020-01-30_22:20:05.698[Status]Routing 240: Walk: 119
2020-01-30_22:20:05.801[Battery Energy]33.98
2020-01-30_22:20:05.974[Status]Routing 241: Walk: 119
2020-01-30_22:20:06.077[Battery Energy]33.85
2020-01-30_22:20:06.231[Status]Routing 242: Walk: 119
2020-01-30_22:20:06.353[Battery Energy]33.72
2020-01-30_22:20:06.461[Status]Routing 243: Walk: 119
2020-01-30_22:20:06.563[Battery Energy]33.63
2020-01-30_22:20:06.703[Status]Routing 244: Walk: 119
2020-01-30_22:20:06.803[Battery Energy]33.52
2020-01-30_22:20:06.985[Status]Routing 245: Walk: 119
2020-01-30_22:20:07.090[Battery Energy]33.38
2020-01-30_22:20:07.240[Status]Routing 246: Walk: 119
2020-01-30_22:20:07.350[Battery Energy]33.26
2020-01-30_22:20:07.484[Status]Routing 247: Walk: 119
2020-01-30_22:20:07.589[Battery Energy]33.16
2020-01-30_22:20:07.756[Status]Routing 248: Walk: 119
2020-01-30_22:20:07.857[Battery Energy]33.03
2020-01-30_22:20:07.997[Status]Routing 249: Walk: 119
2020-01-30_22:20:08.098[Battery Energy]32.92
2020-01-30_22:20:08.251[Status]Routing 250: Walk: 119
2020-01-30_22:20:08.353[Battery Energy]32.79
2020-01-30_22:20:08.494[Status]Routing 251: Walk: 119
2020-01-30_22:20:08.598[Battery Energy]32.68
2020-01-30_22:20:08.704[Status]Routing 252: Walk: 119
2020-01-30_22:20:08.805[Battery Energy]32.57
2020-01-30_22:20:08.941[Status]Routing 253: Walk: 119
2020-01-30_22:20:09.041[Battery Energy]32.47
2020-01-30_22:20:09.197[Status]Routing 254: Walk: 119
2020-01-30_22:20:09.297[Battery Energy]32.36
2020-01-30_22:20:09.436[Status]Routing 255: Walk: 119
2020-01-30_22:20:09.546[Battery Energy]32.24
2020-01-30_22:20:09.670[Status]Routing 256: Walk: 119
2020-01-30_22:20:09.782[Battery Energy]32.12
2020-01-30_22:20:09.905[Status]Routing 257: Walk: 119
2020-01-30_22:20:10.006[Battery Energy]32.02
2020-01-30_22:20:10.131[Status]Routing 258: Walk: 119
2020-01-30_22:20:10.236[Battery Energy]31.90
2020-01-30_22:20:10.383[Status]Routing 259: Walk: 119
2020-01-30_22:20:10.490[Battery Energy]31.79
2020-01-30_22:20:10.637[Status]Routing 260: Walk: 119
2020-01-30_22:20:10.746[Battery Energy]31.67
2020-01-30_22:20:10.893[Status]Routing 261: Walk: 119
2020-01-30_22:20:10.994[Battery Energy]31.56
2020-01-30_22:20:11.119[Status]Routing 262: Walk: 119
2020-01-30_22:20:11.219[Battery Energy]31.45
2020-01-30_22:20:11.393[Status]Routing 263: Walk: 119
2020-01-30_22:20:11.502[Battery Energy]31.34
2020-01-30_22:20:11.637[Status]Routing 264: Walk: 119
2020-01-30_22:20:11.737[Battery Energy]31.22
2020-01-30_22:20:11.920[Status]Routing 265: Walk: 119
2020-01-30_22:20:12.037[Battery Energy]31.08
2020-01-30_22:20:12.162[Status]Routing 266: Walk: 119
2020-01-30_22:20:12.277[Battery Energy]30.97
2020-01-30_22:20:12.416[Status]Routing 267: Walk: 119
2020-01-30_22:20:12.540[Battery Energy]30.85
2020-01-30_22:20:12.657[Status]Routing 268: Walk: 119
2020-01-30_22:20:12.757[Battery Energy]30.76
2020-01-30_22:20:12.922[Status]Routing 269: Walk: 119
2020-01-30_22:20:13.022[Battery Energy]30.65
2020-01-30_22:20:13.168[Status]Routing 270: Walk: 119
2020-01-30_22:20:13.275[Battery Energy]30.55
2020-01-30_22:20:13.411[Status]Routing 271: Walk: 119
2020-01-30_22:20:13.528[Battery Energy]30.42
2020-01-30_22:20:13.657[Status]Routing 272: Walk: 119
2020-01-30_22:20:13.762[Battery Energy]30.32
2020-01-30_22:20:13.880[Status]Routing 273: Walk: 119
2020-01-30_22:20:13.983[Battery Energy]30.22
2020-01-30_22:20:14.116[Status]Routing 274: Walk: 119
2020-01-30_22:20:14.217[Battery Energy]30.11
2020-01-30_22:20:14.345[Status]Routing 275: Walk: 119
2020-01-30_22:20:14.446[Battery Energy]29.99
2020-01-30_22:20:14.614[Status]Routing 276: Walk: 119
2020-01-30_22:20:14.715[Battery Energy]29.86
2020-01-30_22:20:14.852[Status]Routing 277: Walk: 119
2020-01-30_22:20:14.954[Battery Energy]29.78
2020-01-30_22:20:15.094[Status]Routing 278: Walk: 119
2020-01-30_22:20:15.205[Battery Energy]29.69
2020-01-30_22:20:15.377[Status]Routing 279: Walk: 119
2020-01-30_22:20:15.487[Battery Energy]29.56
2020-01-30_22:20:15.607[Status]Routing 280: Walk: 119
2020-01-30_22:20:15.707[Battery Energy]29.45
2020-01-30_22:20:15.865[Status]Routing 281: Walk: 119
2020-01-30_22:20:15.974[Battery Energy]29.33
2020-01-30_22:20:16.113[Status]Routing 282: Walk: 119
2020-01-30_22:20:16.230[Battery Energy]29.21
2020-01-30_22:20:16.370[Status]Routing 283: Walk: 119
2020-01-30_22:20:16.471[Battery Energy]29.11
2020-01-30_22:20:16.613[Status]Routing 284: Walk: 119
2020-01-30_22:20:16.726[Battery Energy]29.01
2020-01-30_22:20:16.863[Status]Routing 285: Walk: 119
2020-01-30_22:20:16.970[Battery Energy]28.91
2020-01-30_22:20:17.106[Status]Routing 286: Walk: 119
2020-01-30_22:20:17.209[Battery Energy]28.78
2020-01-30_22:20:17.357[Status]Routing 287: Walk: 119
2020-01-30_22:20:17.466[Battery Energy]28.66
2020-01-30_22:20:17.608[Status]Routing 288: Walk: 119
2020-01-30_22:20:17.718[Battery Energy]28.55
2020-01-30_22:20:17.871[Status]Routing 289: Walk: 119
2020-01-30_22:20:17.978[Battery Energy]28.42
2020-01-30_22:20:18.109[Status]Routing 290: Walk: 119
2020-01-30_22:20:18.214[Battery Energy]28.31
2020-01-30_22:20:18.347[Status]Routing 291: Walk: 119
2020-01-30_22:20:18.454[Battery Energy]28.20
2020-01-30_22:20:18.611[Status]Routing 292: Walk: 119
2020-01-30_22:20:18.712[Battery Energy]28.07
2020-01-30_22:20:18.889[Status]Routing 293: Walk: 119
2020-01-30_22:20:18.994[Battery Energy]27.95
2020-01-30_22:20:19.133[Status]Routing 294: Walk: 119
2020-01-30_22:20:19.234[Battery Energy]27.82
2020-01-30_22:20:19.395[Status]Routing 295: Walk: 119
2020-01-30_22:20:19.495[Battery Energy]27.72
2020-01-30_22:20:19.646[Status]Routing 296: Walk: 119
2020-01-30_22:20:19.762[Battery Energy]27.59
2020-01-30_22:20:19.894[Status]Routing 297: Walk: 119
2020-01-30_22:20:19.995[Battery Energy]27.50
2020-01-30_22:20:20.144[Status]Routing 298: Walk: 119
2020-01-30_22:20:20.264[Battery Energy]27.40
2020-01-30_22:20:20.404[Status]Routing 299: Walk: 119
2020-01-30_22:20:20.514[Battery Energy]27.30
2020-01-30_22:20:20.671[Status]Routing 300: Walk: 119
2020-01-30_22:20:20.772[Battery Energy]27.18
2020-01-30_22:20:20.922[Status]Routing 301: Walk: 119
2020-01-30_22:20:21.034[Battery Energy]27.06
2020-01-30_22:20:21.168[Status]Routing 302: Walk: 119
2020-01-30_22:20:21.270[Battery Energy]26.97
2020-01-30_22:20:21.448[Status]Routing 303: Walk: 119
2020-01-30_22:20:21.548[Battery Energy]26.87
2020-01-30_22:20:21.747[Status]Routing 304: Walk: 119
2020-01-30_22:20:21.850[Battery Energy]26.74
