2020-01-30_22:13:26.296[Status]Start.
2020-01-30_22:13:26.296[Battery Energy]88.00
2020-01-30_22:13:27.396[Battery Energy]87.96
2020-01-30_22:13:28.498[Battery Energy]87.92
2020-01-30_22:13:29.599[Battery Energy]87.88
2020-01-30_22:13:30.700[Battery Energy]87.84
2020-01-30_22:13:31.801[Task]A New Task Released.
2020-01-30_22:13:31.801[Battery Energy]87.80
2020-01-30_22:13:31.801[Status]Selection Start.
2020-01-30_22:13:35.302[Status]Selection End: Do Task 1.
2020-01-30_22:13:35.415[Battery Energy]85.58
2020-01-30_22:13:35.415[Status]Formation Start.
2020-01-30_22:13:35.553[Status]number of tasks is 7
2020-01-30_22:13:35.556[Status]my group tasks is [ 1109.90311321   656.61162609]
2020-01-30_22:13:35.566[Status]my group tasks is [ 1300.   700.]
2020-01-30_22:13:35.570[Status]my group tasks is [ 1262.34898019   621.81685175]
2020-01-30_22:13:35.579[Status]my group tasks is [ 1262.34898019   778.18314825]
2020-01-30_22:13:35.584[Status]my group tasks is [ 1177.7479066    797.49279122]
2020-01-30_22:13:35.590[Status]my group tasks is [ 1109.90311321   743.38837391]
2020-01-30_22:13:35.601[Status]my group tasks is [ 1177.7479066    602.50720878]
2020-01-30_22:13:35.637[Status]mygroup_robots_utility is {17: [16.028066268604, 16.98433817886867, 18.60158131207501, 36.716615257072, 17.46001846161857, 15.322829546807071, 15.701768795661284], 18: [16.252656006182722, 17.375254027804548, 14.33500418305983, 17.24637911033418, 29.866971391533063, 14.759510975476514, 15.999800575411927], 19: [16.129832674508126, 17.551601070802516, 18.638858665509243, 17.290647319531853, 15.490394481908043, 18.77258569115706, 15.951138549605293], 6: [16.163977577961173, 15.598281633210082, 15.456444474477236, 28.354747479304223, 13.390169566191387, 14.328647542832524, 13.330155978594297], 10: [32.07168855721209, 17.87860025172552, 14.713560574695641, 16.94858395036171, 17.415489652521043, 14.90969407155665, 15.540148804807208], 11: [32.92360665916258, 33.75850859191522, 14.661207585461264, 15.989686684499338, 13.890089908851, 14.089721147847598, 15.164531365222594], 2: [16.623629957334604, 17.334537282789743, 18.378599502796316, 15.899725825631828, 18.016170429416512, 30.248524064375776, 15.410740219661509]}
2020-01-30_22:13:35.638[Status]self.local_queue is [2, 6, 11, 18, 19, 10, 17]
2020-01-30_22:13:35.638[Status]task_chosen index is 5
2020-01-30_22:13:35.638[Status]task_chosen index is 3
2020-01-30_22:13:35.638[Status]task_chosen index is 1
2020-01-30_22:13:35.638[Status]task_chosen index is 4
2020-01-30_22:13:35.638[Status]task_chosen index is 2
2020-01-30_22:13:35.638[Status]myindex_in_queue is 2
2020-01-30_22:13:35.639[Status]task destination is [1177.7479066043686, 797.4927912181823]
2020-01-30_22:13:35.739[Battery Energy]85.42
2020-01-30_22:13:35.739[Status]Routing Start.
2020-01-30_22:13:35.910[Status]{'coordinate': [140.99875893859175, 781.1575426543245], 'id': 19}
2020-01-30_22:13:35.910[Status]Routing 1: Walk: 1
2020-01-30_22:13:36.018[Battery Energy]85.19
2020-01-30_22:13:36.018[Status]Routing Start.
2020-01-30_22:13:36.180[Status]{'coordinate': [150.9975178771835, 781.315085308649], 'id': 19}
2020-01-30_22:13:36.181[Status]Routing 2: Walk: 2
2020-01-30_22:13:36.288[Battery Energy]84.96
2020-01-30_22:13:36.288[Status]Routing Start.
2020-01-30_22:13:36.462[Status]{'coordinate': [160.99627681577525, 781.4726279629735], 'id': 19}
2020-01-30_22:13:36.463[Status]Routing 3: Walk: 3
2020-01-30_22:13:36.570[Battery Energy]84.74
2020-01-30_22:13:36.570[Status]Routing Start.
2020-01-30_22:13:36.725[Status]{'coordinate': [170.995035754367, 781.6301706172981], 'id': 19}
2020-01-30_22:13:36.725[Status]Routing 4: Walk: 4
2020-01-30_22:13:36.828[Battery Energy]84.52
2020-01-30_22:13:36.828[Status]Routing Start.
2020-01-30_22:13:36.977[Status]{'coordinate': [180.99379469295874, 781.7877132716226], 'id': 19}
2020-01-30_22:13:36.977[Status]Routing 5: Walk: 5
2020-01-30_22:13:37.085[Battery Energy]84.30
2020-01-30_22:13:37.086[Status]Routing Start.
2020-01-30_22:13:37.222[Status]{'coordinate': [190.9925536315505, 781.9452559259471], 'id': 19}
2020-01-30_22:13:37.222[Status]Routing 6: Walk: 6
2020-01-30_22:13:37.323[Battery Energy]84.09
2020-01-30_22:13:37.323[Status]Routing Start.
2020-01-30_22:13:37.540[Status]{'coordinate': [200.99131257014224, 782.1027985802716], 'id': 19}
2020-01-30_22:13:37.540[Status]Routing 7: Walk: 7
2020-01-30_22:13:37.640[Battery Energy]83.86
2020-01-30_22:13:37.640[Status]Routing Start.
2020-01-30_22:13:37.971[Status]{'coordinate': [210.990071508734, 782.2603412345961], 'id': 19}
2020-01-30_22:13:37.972[Status]Routing 8: Walk: 8
2020-01-30_22:13:38.082[Battery Energy]83.53
2020-01-30_22:13:38.082[Status]Routing Start.
2020-01-30_22:13:38.405[Status]{'coordinate': [220.98883044732574, 782.4178838889206], 'id': 19}
2020-01-30_22:13:38.406[Status]Routing 9: Walk: 9
2020-01-30_22:13:38.506[Battery Energy]83.19
2020-01-30_22:13:38.506[Status]Routing Start.
2020-01-30_22:13:38.815[Status]{'coordinate': [230.9875893859175, 782.5754265432452], 'id': 19}
2020-01-30_22:13:38.815[Status]Routing 10: Walk: 10
2020-01-30_22:13:38.915[Battery Energy]82.87
2020-01-30_22:13:38.915[Status]Routing Start.
2020-01-30_22:13:39.281[Status]{'coordinate': [240.98634832450924, 782.7329691975697], 'id': 19}
2020-01-30_22:13:39.281[Status]Routing 11: Walk: 11
2020-01-30_22:13:39.381[Battery Energy]82.53
2020-01-30_22:13:39.381[Status]Routing Start.
2020-01-30_22:13:39.690[Status]{'coordinate': [250.98510726310099, 782.8905118518942], 'id': 19}
2020-01-30_22:13:39.690[Status]Routing 12: Walk: 12
2020-01-30_22:13:39.794[Battery Energy]82.19
2020-01-30_22:13:39.794[Status]Routing Start.
2020-01-30_22:13:40.097[Status]{'coordinate': [260.9838662016927, 783.0480545062187], 'id': 19}
2020-01-30_22:13:40.098[Status]Routing 13: Walk: 13
2020-01-30_22:13:40.200[Battery Energy]81.88
2020-01-30_22:13:40.200[Status]Routing Start.
2020-01-30_22:13:40.577[Status]{'coordinate': [270.9826251402844, 783.2055971605432], 'id': 19}
2020-01-30_22:13:40.578[Status]Routing 14: Walk: 14
2020-01-30_22:13:40.679[Battery Energy]81.54
2020-01-30_22:13:40.679[Status]Routing Start.
2020-01-30_22:13:40.973[Status]{'coordinate': [280.98138407887615, 783.3631398148677], 'id': 19}
2020-01-30_22:13:40.973[Status]Routing 15: Walk: 15
2020-01-30_22:13:41.073[Battery Energy]81.25
2020-01-30_22:13:41.073[Status]Routing Start.
2020-01-30_22:13:41.412[Status]{'coordinate': [290.98014301746787, 783.5206824691923], 'id': 19}
2020-01-30_22:13:41.412[Status]Routing 16: Walk: 16
2020-01-30_22:13:41.512[Battery Energy]80.97
2020-01-30_22:13:41.512[Status]Routing Start.
2020-01-30_22:13:41.815[Status]{'coordinate': [300.9789019560596, 783.6782251235168], 'id': 19}
2020-01-30_22:13:41.816[Status]Routing 17: Walk: 17
2020-01-30_22:13:41.919[Battery Energy]80.67
2020-01-30_22:13:41.919[Status]Routing Start.
2020-01-30_22:13:42.240[Status]{'coordinate': [310.9776608946513, 783.8357677778413], 'id': 19}
2020-01-30_22:13:42.240[Status]Routing 18: Walk: 18
2020-01-30_22:13:42.349[Battery Energy]80.35
2020-01-30_22:13:42.349[Status]Routing Start.
2020-01-30_22:13:42.634[Status]{'coordinate': [320.9764198332431, 783.9933104321658], 'id': 19}
2020-01-30_22:13:42.635[Status]Routing 19: Walk: 19
2020-01-30_22:13:42.742[Battery Energy]80.07
2020-01-30_22:13:42.742[Status]Routing Start.
2020-01-30_22:13:43.083[Status]{'coordinate': [330.9751787718348, 784.1508530864903], 'id': 19}
2020-01-30_22:13:43.083[Status]Routing 20: Walk: 20
2020-01-30_22:13:43.183[Battery Energy]79.75
2020-01-30_22:13:43.183[Status]Routing Start.
2020-01-30_22:13:43.428[Status]{'coordinate': [340.9739377104265, 784.3083957408148], 'id': 19}
2020-01-30_22:13:43.430[Status]Routing 21: Walk: 21
2020-01-30_22:13:43.534[Battery Energy]79.48
2020-01-30_22:13:43.534[Status]Routing Start.
2020-01-30_22:13:43.826[Status]{'coordinate': [350.97269664901825, 784.4659383951393], 'id': 19}
2020-01-30_22:13:43.827[Status]Routing 22: Walk: 22
2020-01-30_22:13:43.928[Battery Energy]79.16
2020-01-30_22:13:43.928[Status]Routing Start.
2020-01-30_22:13:44.252[Status]{'coordinate': [360.97145558760997, 784.6234810494639], 'id': 19}
2020-01-30_22:13:44.252[Status]Routing 23: Walk: 23
2020-01-30_22:13:44.362[Battery Energy]78.83
2020-01-30_22:13:44.362[Status]Routing Start.
2020-01-30_22:13:44.726[Status]{'coordinate': [370.97021452620174, 784.7810237037884], 'id': 19}
2020-01-30_22:13:44.726[Status]Routing 24: Walk: 24
2020-01-30_22:13:44.830[Battery Energy]78.48
2020-01-30_22:13:44.830[Status]Routing Start.
2020-01-30_22:13:45.156[Status]{'coordinate': [380.96897346479346, 784.9385663581129], 'id': 19}
2020-01-30_22:13:45.156[Status]Routing 25: Walk: 25
2020-01-30_22:13:45.270[Battery Energy]78.11
2020-01-30_22:13:45.270[Status]Routing Start.
2020-01-30_22:13:45.589[Status]{'coordinate': [390.9677324033852, 785.0961090124375], 'id': 19}
2020-01-30_22:13:45.589[Status]Routing 26: Walk: 26
2020-01-30_22:13:45.702[Battery Energy]77.81
2020-01-30_22:13:45.702[Status]Routing Start.
2020-01-30_22:13:46.032[Status]{'coordinate': [400.9664913419769, 785.253651666762], 'id': 19}
2020-01-30_22:13:46.032[Status]Routing 27: Walk: 27
2020-01-30_22:13:46.134[Battery Energy]77.49
2020-01-30_22:13:46.134[Status]Routing Start.
2020-01-30_22:13:46.455[Status]{'coordinate': [410.9652502805686, 785.4111943210867], 'id': 19}
2020-01-30_22:13:46.455[Status]Routing 28: Walk: 28
2020-01-30_22:13:46.562[Battery Energy]77.14
2020-01-30_22:13:46.562[Status]Routing Start.
2020-01-30_22:13:46.893[Status]{'coordinate': [420.9640092191604, 785.5687369754112], 'id': 19}
2020-01-30_22:13:46.893[Status]Routing 29: Walk: 29
2020-01-30_22:13:46.994[Battery Energy]76.81
2020-01-30_22:13:46.994[Status]Routing Start.
2020-01-30_22:13:47.150[Status]{'coordinate': [430.9627681577521, 785.7262796297358], 'id': 19}
2020-01-30_22:13:47.150[Status]Routing 30: Walk: 30
2020-01-30_22:13:47.250[Battery Energy]76.59
2020-01-30_22:13:47.250[Status]Routing Start.
2020-01-30_22:13:47.571[Status]{'coordinate': [440.96152709634384, 785.8838222840603], 'id': 19}
2020-01-30_22:13:47.571[Status]Routing 31: Walk: 31
2020-01-30_22:13:47.671[Battery Energy]76.27
2020-01-30_22:13:47.671[Status]Routing Start.
2020-01-30_22:13:47.820[Status]{'coordinate': [450.9602860349356, 786.041364938385], 'id': 19}
2020-01-30_22:13:47.820[Status]Routing 32: Walk: 32
2020-01-30_22:13:47.920[Battery Energy]76.06
2020-01-30_22:13:47.920[Status]Routing Start.
2020-01-30_22:13:48.082[Status]{'coordinate': [460.95904497352734, 786.1989075927095], 'id': 19}
2020-01-30_22:13:48.082[Status]Routing 33: Walk: 33
2020-01-30_22:13:48.182[Battery Energy]75.87
2020-01-30_22:13:48.182[Status]Routing Start.
2020-01-30_22:13:48.321[Status]{'coordinate': [470.95780391211906, 786.3564502470341], 'id': 19}
2020-01-30_22:13:48.323[Status]Routing 34: Walk: 34
2020-01-30_22:13:48.434[Battery Energy]75.65
2020-01-30_22:13:48.434[Status]Routing Start.
2020-01-30_22:13:48.733[Status]{'coordinate': [480.9565628507108, 786.5139929013586], 'id': 19}
2020-01-30_22:13:48.733[Status]Routing 35: Walk: 35
2020-01-30_22:13:48.841[Battery Energy]75.30
2020-01-30_22:13:48.841[Status]Routing Start.
2020-01-30_22:13:49.167[Status]{'coordinate': [490.9553217893025, 786.6715355556832], 'id': 19}
2020-01-30_22:13:49.167[Status]Routing 36: Walk: 36
2020-01-30_22:13:49.267[Battery Energy]75.01
2020-01-30_22:13:49.267[Status]Routing Start.
2020-01-30_22:13:49.397[Status]{'coordinate': [500.9540807278943, 786.8290782100078], 'id': 19}
2020-01-30_22:13:49.398[Status]Routing 37: Walk: 37
2020-01-30_22:13:49.510[Battery Energy]74.80
2020-01-30_22:13:49.510[Status]Routing Start.
2020-01-30_22:13:49.640[Status]{'coordinate': [510.95283966648606, 786.9866208643324], 'id': 19}
2020-01-30_22:13:49.640[Status]Routing 38: Walk: 38
2020-01-30_22:13:49.741[Battery Energy]74.61
2020-01-30_22:13:49.741[Status]Routing Start.
2020-01-30_22:13:49.896[Status]{'coordinate': [520.9515986050778, 787.1441635186569], 'id': 19}
2020-01-30_22:13:49.896[Status]Routing 39: Walk: 39
2020-01-30_22:13:50.007[Battery Energy]74.39
2020-01-30_22:13:50.007[Status]Routing Start.
2020-01-30_22:13:50.134[Status]{'coordinate': [530.9503575436696, 787.3017061729815], 'id': 19}
2020-01-30_22:13:50.135[Status]Routing 40: Walk: 40
2020-01-30_22:13:50.242[Battery Energy]74.18
2020-01-30_22:13:50.242[Status]Routing Start.
2020-01-30_22:13:50.364[Status]{'coordinate': [540.9491164822614, 787.459248827306], 'id': 19}
2020-01-30_22:13:50.364[Status]Routing 41: Walk: 41
2020-01-30_22:13:50.466[Battery Energy]73.98
2020-01-30_22:13:50.466[Status]Routing Start.
2020-01-30_22:13:50.638[Status]{'coordinate': [550.9478754208532, 787.6167914816307], 'id': 19}
2020-01-30_22:13:50.642[Status]Routing 42: Walk: 42
2020-01-30_22:13:50.743[Battery Energy]73.77
2020-01-30_22:13:50.743[Status]Routing Start.
2020-01-30_22:13:50.992[Status]{'coordinate': [560.9466343594449, 787.7743341359552], 'id': 19}
2020-01-30_22:13:50.992[Status]Routing 43: Walk: 43
2020-01-30_22:13:51.094[Battery Energy]73.53
2020-01-30_22:13:51.094[Status]Routing Start.
2020-01-30_22:13:51.245[Status]{'coordinate': [570.9453932980367, 787.9318767902798], 'id': 19}
2020-01-30_22:13:51.245[Status]Routing 44: Walk: 44
2020-01-30_22:13:51.350[Battery Energy]73.31
2020-01-30_22:13:51.350[Status]Routing Start.
2020-01-30_22:13:51.514[Status]{'coordinate': [580.9441522366285, 788.0894194446043], 'id': 19}
2020-01-30_22:13:51.516[Status]Routing 45: Walk: 45
2020-01-30_22:13:51.623[Battery Energy]73.10
2020-01-30_22:13:51.623[Status]Routing Start.
2020-01-30_22:13:51.761[Status]{'coordinate': [590.9429111752203, 788.246962098929], 'id': 19}
2020-01-30_22:13:51.761[Status]Routing 46: Walk: 46
2020-01-30_22:13:51.874[Battery Energy]72.89
2020-01-30_22:13:51.874[Status]Routing Start.
2020-01-30_22:13:52.163[Status]{'coordinate': [600.941670113812, 788.4045047532535], 'id': 19}
2020-01-30_22:13:52.168[Status]Routing 47: Walk: 47
2020-01-30_22:13:52.274[Battery Energy]72.58
2020-01-30_22:13:52.274[Status]Routing Start.
2020-01-30_22:13:52.577[Status]{'coordinate': [610.9404290524038, 788.5620474075781], 'id': 19}
2020-01-30_22:13:52.577[Status]Routing 48: Walk: 48
2020-01-30_22:13:52.677[Battery Energy]72.30
2020-01-30_22:13:52.677[Status]Routing Start.
2020-01-30_22:13:52.821[Status]{'coordinate': [620.9391879909956, 788.7195900619026], 'id': 19}
2020-01-30_22:13:52.821[Status]Routing 49: Walk: 49
2020-01-30_22:13:52.931[Battery Energy]72.08
2020-01-30_22:13:52.931[Status]Routing Start.
2020-01-30_22:13:53.056[Status]{'coordinate': [630.9379469295874, 788.8771327162273], 'id': 19}
2020-01-30_22:13:53.056[Status]Routing 50: Walk: 50
2020-01-30_22:13:53.157[Battery Energy]71.89
2020-01-30_22:13:53.157[Status]Routing Start.
2020-01-30_22:13:53.316[Status]{'coordinate': [640.9367058681792, 789.0346753705518], 'id': 19}
2020-01-30_22:13:53.316[Status]Routing 51: Walk: 51
2020-01-30_22:13:53.416[Battery Energy]71.68
2020-01-30_22:13:53.417[Status]Routing Start.
2020-01-30_22:13:53.557[Status]{'coordinate': [650.9354648067709, 789.1922180248764], 'id': 19}
2020-01-30_22:13:53.558[Status]Routing 52: Walk: 52
2020-01-30_22:13:53.670[Battery Energy]71.48
2020-01-30_22:13:53.670[Status]Routing Start.
2020-01-30_22:13:53.797[Status]{'coordinate': [660.9342237453627, 789.3497606792009], 'id': 19}
2020-01-30_22:13:53.799[Status]Routing 53: Walk: 53
2020-01-30_22:13:53.906[Battery Energy]71.29
2020-01-30_22:13:53.906[Status]Routing Start.
2020-01-30_22:13:54.266[Status]{'coordinate': [670.9329826839545, 789.5073033335256], 'id': 19}
2020-01-30_22:13:54.266[Status]Routing 54: Walk: 54
2020-01-30_22:13:54.370[Battery Energy]70.93
2020-01-30_22:13:54.370[Status]Routing Start.
2020-01-30_22:13:54.506[Status]{'coordinate': [680.9317416225463, 789.6648459878501], 'id': 19}
2020-01-30_22:13:54.506[Status]Routing 55: Walk: 55
2020-01-30_22:13:54.606[Battery Energy]70.72
2020-01-30_22:13:54.606[Status]Routing Start.
2020-01-30_22:13:54.755[Status]{'coordinate': [690.930500561138, 789.8223886421747], 'id': 19}
2020-01-30_22:13:54.756[Status]Routing 56: Walk: 56
2020-01-30_22:13:54.860[Battery Energy]70.51
2020-01-30_22:13:54.860[Status]Routing Start.
2020-01-30_22:13:55.211[Status]{'coordinate': [700.9292594997298, 789.9799312964992], 'id': 19}
2020-01-30_22:13:55.212[Status]Routing 57: Walk: 57
2020-01-30_22:13:55.313[Battery Energy]70.22
2020-01-30_22:13:55.313[Status]Routing Start.
2020-01-30_22:13:55.616[Status]{'coordinate': [710.9280184383216, 790.1374739508238], 'id': 19}
2020-01-30_22:13:55.618[Status]Routing 58: Walk: 58
2020-01-30_22:13:55.719[Battery Energy]69.93
2020-01-30_22:13:55.719[Status]Routing Start.
2020-01-30_22:13:56.037[Status]{'coordinate': [720.9267773769134, 790.2950166051484], 'id': 19}
2020-01-30_22:13:56.037[Status]Routing 59: Walk: 59
2020-01-30_22:13:56.142[Battery Energy]69.59
2020-01-30_22:13:56.142[Status]Routing Start.
2020-01-30_22:13:56.273[Status]{'coordinate': [730.9255363155052, 790.452559259473], 'id': 19}
2020-01-30_22:13:56.273[Status]Routing 60: Walk: 60
2020-01-30_22:13:56.373[Battery Energy]69.38
2020-01-30_22:13:56.373[Status]Routing Start.
2020-01-30_22:13:56.523[Status]{'coordinate': [740.9242952540969, 790.6101019137975], 'id': 19}
2020-01-30_22:13:56.523[Status]Routing 61: Walk: 61
2020-01-30_22:13:56.638[Battery Energy]69.16
2020-01-30_22:13:56.638[Status]Routing Start.
2020-01-30_22:13:56.774[Status]{'coordinate': [750.9230541926887, 790.7676445681221], 'id': 19}
2020-01-30_22:13:56.774[Status]Routing 62: Walk: 62
2020-01-30_22:13:56.886[Battery Energy]68.94
2020-01-30_22:13:56.886[Status]Routing Start.
2020-01-30_22:13:57.049[Status]{'coordinate': [760.9218131312805, 790.9251872224467], 'id': 19}
2020-01-30_22:13:57.051[Status]Routing 63: Walk: 63
2020-01-30_22:13:57.151[Battery Energy]68.72
2020-01-30_22:13:57.151[Status]Routing Start.
2020-01-30_22:13:57.293[Status]{'coordinate': [770.9205720698723, 791.0827298767713], 'id': 19}
2020-01-30_22:13:57.293[Status]Routing 64: Walk: 64
2020-01-30_22:13:57.393[Battery Energy]68.51
2020-01-30_22:13:57.393[Status]Routing Start.
2020-01-30_22:13:57.564[Status]{'coordinate': [780.919331008464, 791.2402725310958], 'id': 19}
2020-01-30_22:13:57.564[Status]Routing 65: Walk: 65
2020-01-30_22:13:57.670[Battery Energy]68.30
2020-01-30_22:13:57.670[Status]Routing Start.
2020-01-30_22:13:57.860[Status]{'coordinate': [790.9180899470558, 791.3978151854204], 'id': 19}
2020-01-30_22:13:57.860[Status]Routing 66: Walk: 66
2020-01-30_22:13:57.966[Battery Energy]68.06
2020-01-30_22:13:57.966[Status]Routing Start.
2020-01-30_22:13:58.099[Status]{'coordinate': [800.9168488856476, 791.5553578397449], 'id': 19}
2020-01-30_22:13:58.100[Status]Routing 67: Walk: 67
2020-01-30_22:13:58.218[Battery Energy]67.84
2020-01-30_22:13:58.218[Status]Routing Start.
2020-01-30_22:13:58.365[Status]{'coordinate': [810.9156078242394, 791.7129004940696], 'id': 19}
2020-01-30_22:13:58.365[Status]Routing 68: Walk: 68
2020-01-30_22:13:58.470[Battery Energy]67.63
2020-01-30_22:13:58.470[Status]Routing Start.
2020-01-30_22:13:58.692[Status]{'coordinate': [820.9143667628312, 791.8704431483941], 'id': 19}
2020-01-30_22:13:58.692[Status]Routing 69: Walk: 69
2020-01-30_22:13:58.793[Battery Energy]67.36
2020-01-30_22:13:58.793[Status]Routing Start.
2020-01-30_22:13:58.967[Status]{'coordinate': [830.9131257014229, 792.0279858027187], 'id': 19}
2020-01-30_22:13:58.967[Status]Routing 70: Walk: 70
2020-01-30_22:13:59.067[Battery Energy]67.14
2020-01-30_22:13:59.067[Status]Routing Start.
2020-01-30_22:13:59.192[Status]{'coordinate': [840.9118846400147, 792.1855284570432], 'id': 19}
2020-01-30_22:13:59.192[Status]Routing 71: Walk: 71
2020-01-30_22:13:59.298[Battery Energy]66.94
2020-01-30_22:13:59.298[Status]Routing Start.
2020-01-30_22:13:59.461[Status]{'coordinate': [850.9106435786065, 792.3430711113679], 'id': 19}
2020-01-30_22:13:59.461[Status]Routing 72: Walk: 72
2020-01-30_22:13:59.561[Battery Energy]66.72
2020-01-30_22:13:59.561[Status]Routing Start.
2020-01-30_22:13:59.897[Status]{'coordinate': [860.9094025171983, 792.5006137656924], 'id': 19}
2020-01-30_22:13:59.897[Status]Routing 73: Walk: 73
2020-01-30_22:13:59.997[Battery Energy]66.37
2020-01-30_22:13:59.997[Status]Routing Start.
2020-01-30_22:14:00.288[Status]{'coordinate': [870.90816145579, 792.658156420017], 'id': 19}
2020-01-30_22:14:00.288[Status]Routing 74: Walk: 74
2020-01-30_22:14:00.389[Battery Energy]66.06
2020-01-30_22:14:00.389[Status]Routing Start.
2020-01-30_22:14:00.515[Status]{'coordinate': [880.9069203943818, 792.8156990743415], 'id': 19}
2020-01-30_22:14:00.515[Status]Routing 75: Walk: 75
2020-01-30_22:14:00.622[Battery Energy]65.85
2020-01-30_22:14:00.622[Status]Routing Start.
2020-01-30_22:14:00.964[Status]{'coordinate': [890.9056793329736, 792.9732417286662], 'id': 19}
2020-01-30_22:14:00.964[Status]Routing 76: Walk: 76
2020-01-30_22:14:01.064[Battery Energy]65.54
2020-01-30_22:14:01.064[Status]Routing Start.
2020-01-30_22:14:01.215[Status]{'coordinate': [900.9044382715654, 793.1307843829907], 'id': 19}
2020-01-30_22:14:01.215[Status]Routing 77: Walk: 77
2020-01-30_22:14:01.316[Battery Energy]65.31
2020-01-30_22:14:01.316[Status]Routing Start.
2020-01-30_22:14:01.485[Status]{'coordinate': [910.9031972101571, 793.2883270373153], 'id': 19}
2020-01-30_22:14:01.485[Status]Routing 78: Walk: 78
2020-01-30_22:14:01.594[Battery Energy]65.08
2020-01-30_22:14:01.594[Status]Routing Start.
2020-01-30_22:14:01.743[Status]{'coordinate': [920.9019561487489, 793.4458696916398], 'id': 19}
2020-01-30_22:14:01.743[Status]Routing 79: Walk: 79
2020-01-30_22:14:01.850[Battery Energy]64.88
2020-01-30_22:14:01.850[Status]Routing Start.
2020-01-30_22:14:01.997[Status]{'coordinate': [930.9007150873407, 793.6034123459644], 'id': 19}
2020-01-30_22:14:01.997[Status]Routing 80: Walk: 80
2020-01-30_22:14:02.097[Battery Energy]64.67
2020-01-30_22:14:02.098[Status]Routing Start.
2020-01-30_22:14:02.248[Status]{'coordinate': [940.8994740259325, 793.760955000289], 'id': 19}
2020-01-30_22:14:02.249[Status]Routing 81: Walk: 81
2020-01-30_22:14:02.349[Battery Energy]64.49
2020-01-30_22:14:02.349[Status]Routing Start.
2020-01-30_22:14:02.515[Status]{'coordinate': [950.8982329645243, 793.9184976546136], 'id': 19}
2020-01-30_22:14:02.515[Status]Routing 82: Walk: 82
2020-01-30_22:14:02.615[Battery Energy]64.26
2020-01-30_22:14:02.615[Status]Routing Start.
2020-01-30_22:14:02.774[Status]{'coordinate': [960.896991903116, 794.0760403089381], 'id': 19}
2020-01-30_22:14:02.774[Status]Routing 83: Walk: 83
2020-01-30_22:14:02.880[Battery Energy]64.05
2020-01-30_22:14:02.880[Status]Routing Start.
2020-01-30_22:14:03.009[Status]{'coordinate': [970.8957508417078, 794.2335829632627], 'id': 19}
2020-01-30_22:14:03.009[Status]Routing 84: Walk: 84
2020-01-30_22:14:03.109[Battery Energy]63.85
2020-01-30_22:14:03.109[Status]Routing Start.
2020-01-30_22:14:03.247[Status]{'coordinate': [980.8945097802996, 794.3911256175872], 'id': 19}
2020-01-30_22:14:03.248[Status]Routing 85: Walk: 85
2020-01-30_22:14:03.349[Battery Energy]63.65
2020-01-30_22:14:03.349[Status]Routing Start.
2020-01-30_22:14:03.489[Status]{'coordinate': [990.8932687188914, 794.5486682719119], 'id': 19}
2020-01-30_22:14:03.489[Status]Routing 86: Walk: 86
2020-01-30_22:14:03.594[Battery Energy]63.44
2020-01-30_22:14:03.594[Status]Routing Start.
2020-01-30_22:14:03.790[Status]{'coordinate': [1000.8920276574831, 794.7062109262364], 'id': 19}
2020-01-30_22:14:03.790[Status]Routing 87: Walk: 87
2020-01-30_22:14:03.906[Battery Energy]63.20
2020-01-30_22:14:03.906[Status]Routing Start.
2020-01-30_22:14:04.032[Status]{'coordinate': [1010.8907865960749, 794.863753580561], 'id': 19}
2020-01-30_22:14:04.032[Status]Routing 88: Walk: 88
2020-01-30_22:14:04.141[Battery Energy]63.00
2020-01-30_22:14:04.142[Status]Routing Start.
2020-01-30_22:14:04.290[Status]{'coordinate': [1020.8895455346667, 795.0212962348855], 'id': 19}
2020-01-30_22:14:04.290[Status]Routing 89: Walk: 89
2020-01-30_22:14:04.399[Battery Energy]62.80
2020-01-30_22:14:04.399[Status]Routing Start.
2020-01-30_22:14:04.567[Status]{'coordinate': [1030.8883044732584, 795.1788388892102], 'id': 19}
2020-01-30_22:14:04.567[Status]Routing 90: Walk: 90
2020-01-30_22:14:04.674[Battery Energy]62.56
2020-01-30_22:14:04.674[Status]Routing Start.
2020-01-30_22:14:04.805[Status]{'coordinate': [1040.88706341185, 795.3363815435347], 'id': 19}
2020-01-30_22:14:04.805[Status]Routing 91: Walk: 91
2020-01-30_22:14:04.905[Battery Energy]62.37
2020-01-30_22:14:04.905[Status]Routing Start.
2020-01-30_22:14:05.045[Status]{'coordinate': [1050.8858223504417, 795.4939241978593], 'id': 19}
2020-01-30_22:14:05.046[Status]Routing 92: Walk: 92
2020-01-30_22:14:05.147[Battery Energy]62.19
2020-01-30_22:14:05.147[Status]Routing Start.
2020-01-30_22:14:05.297[Status]{'coordinate': [1060.8845812890333, 795.6514668521838], 'id': 19}
2020-01-30_22:14:05.297[Status]Routing 93: Walk: 93
2020-01-30_22:14:05.402[Battery Energy]61.98
2020-01-30_22:14:05.402[Status]Routing Start.
2020-01-30_22:14:05.652[Status]{'coordinate': [1070.883340227625, 795.8090095065085], 'id': 19}
2020-01-30_22:14:05.652[Status]Routing 94: Walk: 94
2020-01-30_22:14:05.758[Battery Energy]61.69
2020-01-30_22:14:05.758[Status]Routing Start.
2020-01-30_22:14:05.901[Status]{'coordinate': [1080.8820991662167, 795.966552160833], 'id': 19}
2020-01-30_22:14:05.901[Status]Routing 95: Walk: 95
2020-01-30_22:14:06.010[Battery Energy]61.48
2020-01-30_22:14:06.010[Status]Routing Start.
2020-01-30_22:14:06.132[Status]{'coordinate': [1090.8808581048083, 796.1240948151576], 'id': 19}
2020-01-30_22:14:06.132[Status]Routing 96: Walk: 96
2020-01-30_22:14:06.232[Battery Energy]61.28
2020-01-30_22:14:06.232[Status]Routing Start.
2020-01-30_22:14:06.568[Status]{'coordinate': [1100.8796170434, 796.2816374694821], 'id': 19}
2020-01-30_22:14:06.568[Status]Routing 97: Walk: 97
2020-01-30_22:14:06.673[Battery Energy]61.02
2020-01-30_22:14:06.673[Status]Routing Start.
2020-01-30_22:14:06.988[Status]{'coordinate': [1110.8783759819917, 796.4391801238068], 'id': 19}
2020-01-30_22:14:06.988[Status]Routing 98: Walk: 98
2020-01-30_22:14:07.088[Battery Energy]60.67
2020-01-30_22:14:07.088[Status]Routing Start.
2020-01-30_22:14:07.411[Status]{'coordinate': [1120.8771349205833, 796.5967227781313], 'id': 19}
2020-01-30_22:14:07.411[Status]Routing 99: Walk: 99
2020-01-30_22:14:07.517[Battery Energy]60.38
2020-01-30_22:14:07.517[Status]Routing Start.
2020-01-30_22:14:07.874[Status]{'coordinate': [1130.875893859175, 796.7542654324559], 'id': 19}
2020-01-30_22:14:07.874[Status]Routing 100: Walk: 100
2020-01-30_22:14:07.977[Battery Energy]60.05
2020-01-30_22:14:07.978[Status]Routing Start.
2020-01-30_22:14:08.274[Status]{'coordinate': [1140.8746527977667, 796.9118080867804], 'id': 19}
2020-01-30_22:14:08.274[Status]Routing 101: Walk: 101
2020-01-30_22:14:08.382[Battery Energy]59.76
2020-01-30_22:14:08.382[Status]Routing Start.
2020-01-30_22:14:08.513[Status]{'coordinate': [1150.8734117363583, 797.069350741105], 'id': 19}
2020-01-30_22:14:08.523[Status]Routing 102: Walk: 102
2020-01-30_22:14:08.630[Battery Energy]59.54
2020-01-30_22:14:08.630[Status]Routing Start.
2020-01-30_22:14:08.925[Status]{'coordinate': [1160.87217067495, 797.2268933954296], 'id': 19}
2020-01-30_22:14:08.925[Status]Routing 103: Walk: 103
2020-01-30_22:14:09.025[Battery Energy]59.26
2020-01-30_22:14:09.025[Status]Routing Start.
2020-01-30_22:14:09.201[Status]{'coordinate': [1170.8709296135416, 797.3844360497542], 'id': 19}
2020-01-30_22:14:09.201[Status]Routing 104: Walk: 104
2020-01-30_22:14:09.306[Battery Energy]59.03
2020-01-30_22:14:09.306[Status]Routing Start.
2020-01-30_22:14:09.306[Status]Task Finished.
2020-01-30_22:14:09.406[Battery Energy]59.03
2020-01-30_22:14:09.539[Status]Routing 106: Walk: 104
2020-01-30_22:14:09.642[Battery Energy]58.93
2020-01-30_22:14:09.962[Status]Routing 107: Walk: 104
2020-01-30_22:14:10.062[Battery Energy]58.74
2020-01-30_22:14:10.298[Status]Routing 108: Walk: 104
2020-01-30_22:14:10.398[Battery Energy]58.59
2020-01-30_22:14:10.712[Status]Routing 109: Walk: 104
2020-01-30_22:14:10.818[Battery Energy]58.38
2020-01-30_22:14:11.141[Status]Routing 110: Walk: 104
2020-01-30_22:14:11.241[Battery Energy]58.19
2020-01-30_22:14:11.569[Status]Routing 111: Walk: 104
2020-01-30_22:14:11.678[Battery Energy]57.96
2020-01-30_22:14:11.830[Status]Routing 112: Walk: 104
2020-01-30_22:14:11.938[Battery Energy]57.83
2020-01-30_22:14:12.246[Status]Routing 113: Walk: 104
2020-01-30_22:14:12.356[Battery Energy]57.67
2020-01-30_22:14:12.607[Status]Routing 114: Walk: 104
2020-01-30_22:14:12.707[Battery Energy]57.49
2020-01-30_22:14:13.013[Status]Routing 115: Walk: 104
2020-01-30_22:14:13.121[Battery Energy]57.29
2020-01-30_22:14:13.274[Status]Routing 116: Walk: 104
2020-01-30_22:14:13.374[Battery Energy]57.18
2020-01-30_22:14:13.550[Status]Routing 117: Walk: 104
2020-01-30_22:14:13.670[Battery Energy]57.07
2020-01-30_22:14:13.810[Status]Routing 118: Walk: 104
2020-01-30_22:14:13.910[Battery Energy]56.96
2020-01-30_22:14:14.068[Status]Routing 119: Walk: 104
2020-01-30_22:14:14.178[Battery Energy]56.86
2020-01-30_22:14:14.312[Status]Routing 120: Walk: 104
2020-01-30_22:14:14.422[Battery Energy]56.76
2020-01-30_22:14:14.670[Status]Routing 121: Walk: 104
2020-01-30_22:14:14.770[Battery Energy]56.59
2020-01-30_22:14:14.920[Status]Routing 122: Walk: 104
2020-01-30_22:14:15.026[Battery Energy]56.49
2020-01-30_22:14:15.168[Status]Routing 123: Walk: 104
2020-01-30_22:14:15.272[Battery Energy]56.38
2020-01-30_22:14:15.432[Status]Routing 124: Walk: 104
2020-01-30_22:14:15.533[Battery Energy]56.28
2020-01-30_22:14:15.661[Status]Routing 125: Walk: 104
2020-01-30_22:14:15.766[Battery Energy]56.18
2020-01-30_22:14:16.010[Status]Routing 126: Walk: 104
2020-01-30_22:14:16.117[Battery Energy]56.00
2020-01-30_22:14:16.256[Status]Routing 127: Walk: 104
2020-01-30_22:14:16.356[Battery Energy]55.90
2020-01-30_22:14:16.525[Status]Routing 128: Walk: 104
2020-01-30_22:14:16.625[Battery Energy]55.77
2020-01-30_22:14:16.887[Status]Routing 129: Walk: 104
2020-01-30_22:14:16.990[Battery Energy]55.58
2020-01-30_22:14:17.262[Status]Routing 130: Walk: 104
2020-01-30_22:14:17.365[Battery Energy]55.37
2020-01-30_22:14:17.581[Status]Routing 131: Walk: 104
2020-01-30_22:14:17.688[Battery Energy]55.24
2020-01-30_22:14:17.839[Status]Routing 132: Walk: 104
2020-01-30_22:14:17.941[Battery Energy]55.11
2020-01-30_22:14:18.097[Status]Routing 133: Walk: 104
2020-01-30_22:14:18.202[Battery Energy]54.98
2020-01-30_22:14:18.343[Status]Routing 134: Walk: 104
2020-01-30_22:14:18.450[Battery Energy]54.85
2020-01-30_22:14:18.617[Status]Routing 135: Walk: 104
2020-01-30_22:14:18.722[Battery Energy]54.71
2020-01-30_22:14:18.849[Status]Routing 136: Walk: 104
2020-01-30_22:14:18.954[Battery Energy]54.60
2020-01-30_22:14:19.101[Status]Routing 137: Walk: 104
2020-01-30_22:14:19.201[Battery Energy]54.48
2020-01-30_22:14:19.387[Status]Routing 138: Walk: 104
2020-01-30_22:14:19.488[Battery Energy]54.35
2020-01-30_22:14:19.642[Status]Routing 139: Walk: 104
2020-01-30_22:14:19.766[Battery Energy]54.24
2020-01-30_22:14:19.908[Status]Routing 140: Walk: 104
2020-01-30_22:14:20.014[Battery Energy]54.12
2020-01-30_22:14:20.158[Status]Routing 141: Walk: 104
2020-01-30_22:14:20.266[Battery Energy]54.02
2020-01-30_22:14:20.425[Status]Routing 142: Walk: 104
2020-01-30_22:14:20.528[Battery Energy]53.90
2020-01-30_22:14:20.679[Status]Routing 143: Walk: 104
2020-01-30_22:14:20.783[Battery Energy]53.82
2020-01-30_22:14:20.925[Status]Routing 144: Walk: 104
2020-01-30_22:14:21.025[Battery Energy]53.71
2020-01-30_22:14:21.177[Status]Routing 145: Walk: 104
2020-01-30_22:14:21.282[Battery Energy]53.59
2020-01-30_22:14:21.423[Status]Routing 146: Walk: 104
2020-01-30_22:14:21.537[Battery Energy]53.48
2020-01-30_22:14:21.675[Status]Routing 147: Walk: 104
2020-01-30_22:14:21.790[Battery Energy]53.37
2020-01-30_22:14:21.926[Status]Routing 148: Walk: 104
2020-01-30_22:14:22.027[Battery Energy]53.25
2020-01-30_22:14:22.159[Status]Routing 149: Walk: 104
2020-01-30_22:14:22.259[Battery Energy]53.15
2020-01-30_22:14:22.399[Status]Routing 150: Walk: 104
2020-01-30_22:14:22.501[Battery Energy]53.02
2020-01-30_22:14:22.655[Status]Routing 151: Walk: 104
2020-01-30_22:14:22.766[Battery Energy]52.91
2020-01-30_22:14:22.892[Status]Routing 152: Walk: 104
2020-01-30_22:14:22.992[Battery Energy]52.81
2020-01-30_22:14:23.175[Status]Routing 153: Walk: 104
2020-01-30_22:14:23.276[Battery Energy]52.71
2020-01-30_22:14:23.426[Status]Routing 154: Walk: 104
2020-01-30_22:14:23.538[Battery Energy]52.59
2020-01-30_22:14:23.685[Status]Routing 155: Walk: 104
2020-01-30_22:14:23.802[Battery Energy]52.46
2020-01-30_22:14:23.957[Status]Routing 156: Walk: 104
2020-01-30_22:14:24.058[Battery Energy]52.36
2020-01-30_22:14:24.213[Status]Routing 157: Walk: 104
2020-01-30_22:14:24.325[Battery Energy]52.26
2020-01-30_22:14:24.455[Status]Routing 158: Walk: 104
2020-01-30_22:14:24.562[Battery Energy]52.16
2020-01-30_22:14:24.698[Status]Routing 159: Walk: 104
2020-01-30_22:14:24.810[Battery Energy]52.04
2020-01-30_22:14:24.997[Status]Routing 160: Walk: 104
2020-01-30_22:14:25.106[Battery Energy]51.93
2020-01-30_22:14:25.225[Status]Routing 161: Walk: 104
2020-01-30_22:14:25.326[Battery Energy]51.83
2020-01-30_22:14:25.467[Status]Routing 162: Walk: 104
2020-01-30_22:14:25.582[Battery Energy]51.72
2020-01-30_22:14:25.704[Status]Routing 163: Walk: 104
2020-01-30_22:14:25.813[Battery Energy]51.63
2020-01-30_22:14:25.944[Status]Routing 164: Walk: 104
2020-01-30_22:14:26.054[Battery Energy]51.53
2020-01-30_22:14:26.174[Status]Routing 165: Walk: 104
2020-01-30_22:14:26.285[Battery Energy]51.43
2020-01-30_22:14:26.420[Status]Routing 166: Walk: 104
2020-01-30_22:14:26.520[Battery Energy]51.32
2020-01-30_22:14:26.663[Status]Routing 167: Walk: 104
2020-01-30_22:14:26.766[Battery Energy]51.22
2020-01-30_22:14:26.916[Status]Routing 168: Walk: 104
2020-01-30_22:14:27.022[Battery Energy]51.09
2020-01-30_22:14:27.160[Status]Routing 169: Walk: 104
2020-01-30_22:14:27.274[Battery Energy]50.98
2020-01-30_22:14:27.402[Status]Routing 170: Walk: 104
2020-01-30_22:14:27.503[Battery Energy]50.87
2020-01-30_22:14:27.653[Status]Routing 171: Walk: 104
2020-01-30_22:14:27.753[Battery Energy]50.75
2020-01-30_22:14:27.925[Status]Routing 172: Walk: 104
2020-01-30_22:14:28.034[Battery Energy]50.67
2020-01-30_22:14:28.171[Status]Routing 173: Walk: 104
2020-01-30_22:14:28.272[Battery Energy]50.59
2020-01-30_22:14:28.413[Status]Routing 174: Walk: 104
2020-01-30_22:14:28.515[Battery Energy]50.47
2020-01-30_22:14:28.723[Status]Routing 175: Walk: 104
2020-01-30_22:14:28.823[Battery Energy]50.36
2020-01-30_22:14:29.000[Status]Routing 176: Walk: 104
2020-01-30_22:14:29.106[Battery Energy]50.24
2020-01-30_22:14:29.242[Status]Routing 177: Walk: 104
2020-01-30_22:14:29.354[Battery Energy]50.13
