2020-01-30_22:13:22.337[Status]Start.
2020-01-30_22:13:22.337[Battery Energy]89.00
2020-01-30_22:13:23.438[Battery Energy]88.96
2020-01-30_22:13:24.540[Battery Energy]88.92
2020-01-30_22:13:25.641[Battery Energy]88.88
2020-01-30_22:13:26.743[Battery Energy]88.84
2020-01-30_22:13:27.844[Task]A New Task Released.
2020-01-30_22:13:27.844[Battery Energy]88.80
2020-01-30_22:13:27.845[Status]Selection Start.
2020-01-30_22:13:35.300[Status]Selection End: Do Task 1.
2020-01-30_22:13:35.408[Battery Energy]83.07
2020-01-30_22:13:35.408[Status]Formation Start.
2020-01-30_22:13:35.549[Status]number of tasks is 7
2020-01-30_22:13:35.557[Status]my group tasks is [ 1109.90311321   656.61162609]
2020-01-30_22:13:35.559[Status]my group tasks is [ 1300.   700.]
2020-01-30_22:13:35.569[Status]my group tasks is [ 1262.34898019   621.81685175]
2020-01-30_22:13:35.575[Status]my group tasks is [ 1262.34898019   778.18314825]
2020-01-30_22:13:35.580[Status]my group tasks is [ 1177.7479066    797.49279122]
2020-01-30_22:13:35.588[Status]my group tasks is [ 1109.90311321   743.38837391]
2020-01-30_22:13:35.591[Status]my group tasks is [ 1177.7479066    602.50720878]
2020-01-30_22:13:35.637[Status]mygroup_robots_utility is {17: [16.028066268604, 16.98433817886867, 18.60158131207501, 36.716615257072, 17.46001846161857, 15.322829546807071, 15.701768795661284], 2: [16.623629957334604, 17.334537282789743, 18.378599502796316, 15.899725825631828, 18.016170429416512, 30.248524064375776, 15.410740219661509], 19: [16.129832674508126, 17.551601070802516, 18.638858665509243, 17.290647319531853, 15.490394481908043, 18.77258569115706, 15.951138549605293], 6: [16.163977577961173, 15.598281633210082, 15.456444474477236, 28.354747479304223, 13.390169566191387, 14.328647542832524, 13.330155978594297], 10: [32.07168855721209, 17.87860025172552, 14.713560574695641, 16.94858395036171, 17.415489652521043, 14.90969407155665, 15.540148804807208], 11: [32.92360665916258, 33.75850859191522, 14.661207585461264, 15.989686684499338, 13.890089908851, 14.089721147847598, 15.164531365222594], 18: [16.252656006182722, 17.375254027804548, 14.33500418305983, 17.24637911033418, 29.866971391533063, 14.759510975476514, 15.999800575411927]}
2020-01-30_22:13:35.638[Status]self.local_queue is [2, 6, 11, 18, 19, 10, 17]
2020-01-30_22:13:35.638[Status]task_chosen index is 5
2020-01-30_22:13:35.638[Status]myindex_in_queue is 5
2020-01-30_22:13:35.639[Status]task destination is [1177.7479066043686, 602.5072087818177]
2020-01-30_22:13:35.754[Battery Energy]82.90
2020-01-30_22:13:35.754[Status]Routing Start.
2020-01-30_22:13:35.910[Status]{'coordinate': [136.91905943863665, 469.2697479485289], 'id': 2}
2020-01-30_22:13:35.910[Status]Routing 1: Walk: 1
2020-01-30_22:13:36.021[Battery Energy]82.66
2020-01-30_22:13:36.022[Status]Routing Start.
2020-01-30_22:13:36.181[Status]{'coordinate': [146.8381188772733, 470.5394958970578], 'id': 2}
2020-01-30_22:13:36.181[Status]Routing 2: Walk: 2
2020-01-30_22:13:36.292[Battery Energy]82.41
2020-01-30_22:13:36.292[Status]Routing Start.
2020-01-30_22:13:36.462[Status]{'coordinate': [156.75717831590995, 471.8092438455867], 'id': 2}
2020-01-30_22:13:36.462[Status]Routing 3: Walk: 3
2020-01-30_22:13:36.565[Battery Energy]82.19
2020-01-30_22:13:36.565[Status]Routing Start.
2020-01-30_22:13:36.718[Status]{'coordinate': [166.6762377545466, 473.0789917941156], 'id': 2}
2020-01-30_22:13:36.719[Status]Routing 4: Walk: 4
2020-01-30_22:13:36.822[Battery Energy]81.98
2020-01-30_22:13:36.822[Status]Routing Start.
2020-01-30_22:13:36.978[Status]{'coordinate': [176.59529719318326, 474.3487397426445], 'id': 2}
2020-01-30_22:13:36.978[Status]Routing 5: Walk: 5
2020-01-30_22:13:37.082[Battery Energy]81.79
2020-01-30_22:13:37.082[Status]Routing Start.
2020-01-30_22:13:37.218[Status]{'coordinate': [186.5143566318199, 475.6184876911734], 'id': 2}
2020-01-30_22:13:37.221[Status]Routing 6: Walk: 6
2020-01-30_22:13:37.342[Battery Energy]81.57
2020-01-30_22:13:37.342[Status]Routing Start.
2020-01-30_22:13:37.537[Status]{'coordinate': [196.43341607045656, 476.8882356397023], 'id': 2}
2020-01-30_22:13:37.538[Status]Routing 7: Walk: 7
2020-01-30_22:13:37.642[Battery Energy]81.32
2020-01-30_22:13:37.642[Status]Routing Start.
2020-01-30_22:13:37.973[Status]{'coordinate': [206.3524755090932, 478.1579835882312], 'id': 2}
2020-01-30_22:13:37.978[Status]Routing 8: Walk: 8
2020-01-30_22:13:38.094[Battery Energy]80.96
2020-01-30_22:13:38.094[Status]Routing Start.
2020-01-30_22:13:38.398[Status]{'coordinate': [216.27153494772986, 479.4277315367601], 'id': 2}
2020-01-30_22:13:38.398[Status]Routing 9: Walk: 9
2020-01-30_22:13:38.499[Battery Energy]80.63
2020-01-30_22:13:38.499[Status]Routing Start.
2020-01-30_22:13:38.802[Status]{'coordinate': [226.1905943863665, 480.697479485289], 'id': 2}
2020-01-30_22:13:38.802[Status]Routing 10: Walk: 10
2020-01-30_22:13:38.902[Battery Energy]80.34
2020-01-30_22:13:38.902[Status]Routing Start.
2020-01-30_22:13:39.273[Status]{'coordinate': [236.10965382500316, 481.9672274338179], 'id': 2}
2020-01-30_22:13:39.273[Status]Routing 11: Walk: 11
2020-01-30_22:13:39.375[Battery Energy]79.98
2020-01-30_22:13:39.375[Status]Routing Start.
2020-01-30_22:13:39.692[Status]{'coordinate': [246.02871326363982, 483.2369753823468], 'id': 2}
2020-01-30_22:13:39.694[Status]Routing 12: Walk: 12
2020-01-30_22:13:39.802[Battery Energy]79.65
2020-01-30_22:13:39.802[Status]Routing Start.
2020-01-30_22:13:40.097[Status]{'coordinate': [255.94777270227647, 484.50672333087573], 'id': 2}
2020-01-30_22:13:40.097[Status]Routing 13: Walk: 13
2020-01-30_22:13:40.197[Battery Energy]79.31
2020-01-30_22:13:40.197[Status]Routing Start.
2020-01-30_22:13:40.561[Status]{'coordinate': [265.8668321409131, 485.77647127940463], 'id': 2}
2020-01-30_22:13:40.561[Status]Routing 14: Walk: 14
2020-01-30_22:13:40.666[Battery Energy]78.95
2020-01-30_22:13:40.666[Status]Routing Start.
2020-01-30_22:13:40.977[Status]{'coordinate': [275.78589157954974, 487.04621922793353], 'id': 2}
2020-01-30_22:13:40.978[Status]Routing 15: Walk: 15
2020-01-30_22:13:41.086[Battery Energy]78.59
2020-01-30_22:13:41.086[Status]Routing Start.
2020-01-30_22:13:41.402[Status]{'coordinate': [285.70495101818636, 488.31596717646244], 'id': 2}
2020-01-30_22:13:41.402[Status]Routing 16: Walk: 16
2020-01-30_22:13:41.504[Battery Energy]78.24
2020-01-30_22:13:41.504[Status]Routing Start.
2020-01-30_22:13:41.812[Status]{'coordinate': [295.624010456823, 489.58571512499134], 'id': 2}
2020-01-30_22:13:41.812[Status]Routing 17: Walk: 17
2020-01-30_22:13:41.921[Battery Energy]77.93
2020-01-30_22:13:41.921[Status]Routing Start.
2020-01-30_22:13:42.239[Status]{'coordinate': [305.5430698954596, 490.85546307352024], 'id': 2}
2020-01-30_22:13:42.241[Status]Routing 18: Walk: 18
2020-01-30_22:13:42.349[Battery Energy]77.59
2020-01-30_22:13:42.349[Status]Routing Start.
2020-01-30_22:13:42.637[Status]{'coordinate': [315.46212933409623, 492.12521102204914], 'id': 2}
2020-01-30_22:13:42.638[Status]Routing 19: Walk: 19
2020-01-30_22:13:42.739[Battery Energy]77.27
2020-01-30_22:13:42.739[Status]Routing Start.
2020-01-30_22:13:43.052[Status]{'coordinate': [325.38118877273286, 493.39495897057805], 'id': 2}
2020-01-30_22:13:43.052[Status]Routing 20: Walk: 20
2020-01-30_22:13:43.162[Battery Energy]76.96
2020-01-30_22:13:43.162[Status]Routing Start.
2020-01-30_22:13:43.436[Status]{'coordinate': [335.3002482113695, 494.66470691910695], 'id': 2}
2020-01-30_22:13:43.439[Status]Routing 21: Walk: 21
2020-01-30_22:13:43.545[Battery Energy]76.66
2020-01-30_22:13:43.550[Status]Routing Start.
2020-01-30_22:13:43.843[Status]{'coordinate': [345.2193076500061, 495.93445486763585], 'id': 2}
2020-01-30_22:13:43.843[Status]Routing 22: Walk: 22
2020-01-30_22:13:43.944[Battery Energy]76.35
2020-01-30_22:13:43.945[Status]Routing Start.
2020-01-30_22:13:44.252[Status]{'coordinate': [355.1383670886427, 497.20420281616475], 'id': 2}
2020-01-30_22:13:44.252[Status]Routing 23: Walk: 23
2020-01-30_22:13:44.357[Battery Energy]76.00
2020-01-30_22:13:44.358[Status]Routing Start.
2020-01-30_22:13:44.723[Status]{'coordinate': [365.05742652727935, 498.47395076469365], 'id': 2}
2020-01-30_22:13:44.723[Status]Routing 24: Walk: 24
2020-01-30_22:13:44.823[Battery Energy]75.62
2020-01-30_22:13:44.823[Status]Routing Start.
2020-01-30_22:13:45.155[Status]{'coordinate': [374.97648596591597, 499.74369871322256], 'id': 2}
2020-01-30_22:13:45.155[Status]Routing 25: Walk: 25
2020-01-30_22:13:45.256[Battery Energy]75.24
2020-01-30_22:13:45.257[Status]Routing Start.
2020-01-30_22:13:45.587[Status]{'coordinate': [384.8955454045526, 501.01344666175146], 'id': 2}
2020-01-30_22:13:45.587[Status]Routing 26: Walk: 26
2020-01-30_22:13:45.702[Battery Energy]74.91
2020-01-30_22:13:45.702[Status]Routing Start.
2020-01-30_22:13:46.026[Status]{'coordinate': [394.8146048431892, 502.28319461028036], 'id': 2}
2020-01-30_22:13:46.026[Status]Routing 27: Walk: 27
2020-01-30_22:13:46.126[Battery Energy]74.55
2020-01-30_22:13:46.126[Status]Routing Start.
2020-01-30_22:13:46.454[Status]{'coordinate': [404.73366428182584, 503.55294255880926], 'id': 2}
2020-01-30_22:13:46.454[Status]Routing 28: Walk: 28
2020-01-30_22:13:46.555[Battery Energy]74.20
2020-01-30_22:13:46.555[Status]Routing Start.
2020-01-30_22:13:46.897[Status]{'coordinate': [414.65272372046246, 504.82269050733817], 'id': 2}
2020-01-30_22:13:46.897[Status]Routing 29: Walk: 29
2020-01-30_22:13:47.000[Battery Energy]73.86
2020-01-30_22:13:47.000[Status]Routing Start.
2020-01-30_22:13:47.152[Status]{'coordinate': [424.5717831590991, 506.0924384558671], 'id': 2}
2020-01-30_22:13:47.152[Status]Routing 30: Walk: 30
2020-01-30_22:13:47.253[Battery Energy]73.64
2020-01-30_22:13:47.254[Status]Routing Start.
2020-01-30_22:13:47.566[Status]{'coordinate': [434.4908425977357, 507.362186404396], 'id': 2}
2020-01-30_22:13:47.567[Status]Routing 31: Walk: 31
2020-01-30_22:13:47.667[Battery Energy]73.31
2020-01-30_22:13:47.667[Status]Routing Start.
2020-01-30_22:13:47.828[Status]{'coordinate': [444.40990203637233, 508.631934352925], 'id': 2}
2020-01-30_22:13:47.828[Status]Routing 32: Walk: 32
2020-01-30_22:13:47.930[Battery Energy]73.10
2020-01-30_22:13:47.930[Status]Routing Start.
2020-01-30_22:13:48.084[Status]{'coordinate': [454.32896147500895, 509.9016823014539], 'id': 2}
2020-01-30_22:13:48.084[Status]Routing 33: Walk: 33
2020-01-30_22:13:48.194[Battery Energy]72.88
2020-01-30_22:13:48.194[Status]Routing Start.
2020-01-30_22:13:48.317[Status]{'coordinate': [464.2480209136456, 511.1714302499828], 'id': 2}
2020-01-30_22:13:48.318[Status]Routing 34: Walk: 34
2020-01-30_22:13:48.423[Battery Energy]72.66
2020-01-30_22:13:48.424[Status]Routing Start.
2020-01-30_22:13:48.743[Status]{'coordinate': [474.1670803522822, 512.4411781985117], 'id': 2}
2020-01-30_22:13:48.743[Status]Routing 35: Walk: 35
2020-01-30_22:13:48.850[Battery Energy]72.36
2020-01-30_22:13:48.850[Status]Routing Start.
2020-01-30_22:13:49.167[Status]{'coordinate': [484.0861397909188, 513.7109261470406], 'id': 2}
2020-01-30_22:13:49.167[Status]Routing 36: Walk: 36
2020-01-30_22:13:49.277[Battery Energy]72.03
2020-01-30_22:13:49.277[Status]Routing Start.
2020-01-30_22:13:49.395[Status]{'coordinate': [494.00519922955544, 514.9806740955695], 'id': 2}
2020-01-30_22:13:49.395[Status]Routing 37: Walk: 37
2020-01-30_22:13:49.498[Battery Energy]71.82
2020-01-30_22:13:49.498[Status]Routing Start.
2020-01-30_22:13:49.644[Status]{'coordinate': [503.92425866819207, 516.2504220440984], 'id': 2}
2020-01-30_22:13:49.644[Status]Routing 38: Walk: 38
2020-01-30_22:13:49.753[Battery Energy]71.62
2020-01-30_22:13:49.753[Status]Routing Start.
2020-01-30_22:13:49.884[Status]{'coordinate': [513.8433181068287, 517.5201699926273], 'id': 2}
2020-01-30_22:13:49.884[Status]Routing 39: Walk: 39
2020-01-30_22:13:49.984[Battery Energy]71.40
2020-01-30_22:13:49.984[Status]Routing Start.
2020-01-30_22:13:50.133[Status]{'coordinate': [523.7623775454654, 518.7899179411562], 'id': 2}
2020-01-30_22:13:50.133[Status]Routing 40: Walk: 40
2020-01-30_22:13:50.233[Battery Energy]71.21
2020-01-30_22:13:50.233[Status]Routing Start.
2020-01-30_22:13:50.359[Status]{'coordinate': [533.681436984102, 520.0596658896851], 'id': 2}
2020-01-30_22:13:50.359[Status]Routing 41: Walk: 41
2020-01-30_22:13:50.463[Battery Energy]71.02
2020-01-30_22:13:50.463[Status]Routing Start.
2020-01-30_22:13:50.643[Status]{'coordinate': [543.6004964227386, 521.329413838214], 'id': 2}
2020-01-30_22:13:50.643[Status]Routing 42: Walk: 42
2020-01-30_22:13:50.751[Battery Energy]70.77
2020-01-30_22:13:50.752[Status]Routing Start.
2020-01-30_22:13:50.989[Status]{'coordinate': [553.5195558613752, 522.5991617867429], 'id': 2}
2020-01-30_22:13:50.989[Status]Routing 43: Walk: 43
2020-01-30_22:13:51.089[Battery Energy]70.48
2020-01-30_22:13:51.089[Status]Routing Start.
2020-01-30_22:13:51.251[Status]{'coordinate': [563.4386153000119, 523.8689097352718], 'id': 2}
2020-01-30_22:13:51.251[Status]Routing 44: Walk: 44
2020-01-30_22:13:51.351[Battery Energy]70.27
2020-01-30_22:13:51.351[Status]Routing Start.
2020-01-30_22:13:51.512[Status]{'coordinate': [573.3576747386485, 525.1386576838007], 'id': 2}
2020-01-30_22:13:51.512[Status]Routing 45: Walk: 45
2020-01-30_22:13:51.622[Battery Energy]70.06
2020-01-30_22:13:51.622[Status]Routing Start.
2020-01-30_22:13:51.934[Status]{'coordinate': [583.2767341772851, 526.4084056323296], 'id': 2}
2020-01-30_22:13:51.936[Status]Routing 46: Walk: 46
2020-01-30_22:13:52.038[Battery Energy]69.66
2020-01-30_22:13:52.038[Status]Routing Start.
2020-01-30_22:13:52.167[Status]{'coordinate': [593.1957936159217, 527.6781535808585], 'id': 2}
2020-01-30_22:13:52.167[Status]Routing 47: Walk: 47
2020-01-30_22:13:52.269[Battery Energy]69.47
2020-01-30_22:13:52.269[Status]Routing Start.
2020-01-30_22:13:52.573[Status]{'coordinate': [603.1148530545584, 528.9479015293874], 'id': 2}
2020-01-30_22:13:52.573[Status]Routing 48: Walk: 48
2020-01-30_22:13:52.681[Battery Energy]69.18
2020-01-30_22:13:52.681[Status]Routing Start.
2020-01-30_22:13:52.822[Status]{'coordinate': [613.033912493195, 530.2176494779163], 'id': 2}
2020-01-30_22:13:52.822[Status]Routing 49: Walk: 49
2020-01-30_22:13:52.923[Battery Energy]68.96
2020-01-30_22:13:52.923[Status]Routing Start.
2020-01-30_22:13:53.057[Status]{'coordinate': [622.9529719318316, 531.4873974264452], 'id': 2}
2020-01-30_22:13:53.058[Status]Routing 50: Walk: 50
2020-01-30_22:13:53.170[Battery Energy]68.75
2020-01-30_22:13:53.170[Status]Routing Start.
2020-01-30_22:13:53.314[Status]{'coordinate': [632.8720313704682, 532.7571453749741], 'id': 2}
2020-01-30_22:13:53.315[Status]Routing 51: Walk: 51
2020-01-30_22:13:53.422[Battery Energy]68.53
2020-01-30_22:13:53.422[Status]Routing Start.
2020-01-30_22:13:53.549[Status]{'coordinate': [642.7910908091048, 534.026893323503], 'id': 2}
2020-01-30_22:13:53.549[Status]Routing 52: Walk: 52
2020-01-30_22:13:53.649[Battery Energy]68.32
2020-01-30_22:13:53.649[Status]Routing Start.
2020-01-30_22:13:53.809[Status]{'coordinate': [652.7101502477415, 535.2966412720319], 'id': 2}
2020-01-30_22:13:53.809[Status]Routing 53: Walk: 53
2020-01-30_22:13:53.912[Battery Energy]68.11
2020-01-30_22:13:53.912[Status]Routing Start.
2020-01-30_22:13:54.255[Status]{'coordinate': [662.6292096863781, 536.5663892205608], 'id': 2}
2020-01-30_22:13:54.255[Status]Routing 54: Walk: 54
2020-01-30_22:13:54.366[Battery Energy]67.79
2020-01-30_22:13:54.366[Status]Routing Start.
2020-01-30_22:13:54.501[Status]{'coordinate': [672.5482691250147, 537.8361371690897], 'id': 2}
2020-01-30_22:13:54.501[Status]Routing 55: Walk: 55
2020-01-30_22:13:54.603[Battery Energy]67.60
2020-01-30_22:13:54.603[Status]Routing Start.
2020-01-30_22:13:54.761[Status]{'coordinate': [682.4673285636513, 539.1058851176186], 'id': 2}
2020-01-30_22:13:54.761[Status]Routing 56: Walk: 56
2020-01-30_22:13:54.861[Battery Energy]67.39
2020-01-30_22:13:54.861[Status]Routing Start.
2020-01-30_22:13:55.208[Status]{'coordinate': [692.386388002288, 540.3756330661475], 'id': 2}
2020-01-30_22:13:55.208[Status]Routing 57: Walk: 57
2020-01-30_22:13:55.308[Battery Energy]67.01
2020-01-30_22:13:55.308[Status]Routing Start.
2020-01-30_22:13:55.621[Status]{'coordinate': [702.3054474409246, 541.6453810146764], 'id': 2}
2020-01-30_22:13:55.621[Status]Routing 58: Walk: 58
2020-01-30_22:13:55.728[Battery Energy]66.70
2020-01-30_22:13:55.728[Status]Routing Start.
2020-01-30_22:13:56.033[Status]{'coordinate': [712.2245068795612, 542.9151289632053], 'id': 2}
2020-01-30_22:13:56.033[Status]Routing 59: Walk: 59
2020-01-30_22:13:56.139[Battery Energy]66.35
2020-01-30_22:13:56.139[Status]Routing Start.
2020-01-30_22:13:56.269[Status]{'coordinate': [722.1435663181978, 544.1848769117342], 'id': 2}
2020-01-30_22:13:56.269[Status]Routing 60: Walk: 60
2020-01-30_22:13:56.370[Battery Energy]66.15
2020-01-30_22:13:56.370[Status]Routing Start.
2020-01-30_22:13:56.525[Status]{'coordinate': [732.0626257568344, 545.4546248602632], 'id': 2}
2020-01-30_22:13:56.526[Status]Routing 61: Walk: 61
2020-01-30_22:13:56.629[Battery Energy]65.95
2020-01-30_22:13:56.629[Status]Routing Start.
2020-01-30_22:13:56.775[Status]{'coordinate': [741.9816851954711, 546.724372808792], 'id': 2}
2020-01-30_22:13:56.775[Status]Routing 62: Walk: 62
2020-01-30_22:13:56.875[Battery Energy]65.75
2020-01-30_22:13:56.875[Status]Routing Start.
2020-01-30_22:13:57.047[Status]{'coordinate': [751.9007446341077, 547.994120757321], 'id': 2}
2020-01-30_22:13:57.047[Status]Routing 63: Walk: 63
2020-01-30_22:13:57.154[Battery Energy]65.53
2020-01-30_22:13:57.154[Status]Routing Start.
2020-01-30_22:13:57.292[Status]{'coordinate': [761.8198040727443, 549.2638687058499], 'id': 2}
2020-01-30_22:13:57.293[Status]Routing 64: Walk: 64
2020-01-30_22:13:57.396[Battery Energy]65.32
2020-01-30_22:13:57.396[Status]Routing Start.
2020-01-30_22:13:57.565[Status]{'coordinate': [771.7388635113809, 550.5336166543788], 'id': 2}
2020-01-30_22:13:57.565[Status]Routing 65: Walk: 65
2020-01-30_22:13:57.666[Battery Energy]65.09
2020-01-30_22:13:57.666[Status]Routing Start.
2020-01-30_22:13:57.860[Status]{'coordinate': [781.6579229500176, 551.8033646029077], 'id': 2}
2020-01-30_22:13:57.860[Status]Routing 66: Walk: 66
2020-01-30_22:13:57.962[Battery Energy]64.83
2020-01-30_22:13:57.962[Status]Routing Start.
2020-01-30_22:13:58.096[Status]{'coordinate': [791.5769823886542, 553.0731125514366], 'id': 2}
2020-01-30_22:13:58.096[Status]Routing 67: Walk: 67
2020-01-30_22:13:58.199[Battery Energy]64.64
2020-01-30_22:13:58.199[Status]Routing Start.
2020-01-30_22:13:58.364[Status]{'coordinate': [801.4960418272908, 554.3428604999655], 'id': 2}
2020-01-30_22:13:58.364[Status]Routing 68: Walk: 68
2020-01-30_22:13:58.470[Battery Energy]64.42
2020-01-30_22:13:58.470[Status]Routing Start.
2020-01-30_22:13:58.694[Status]{'coordinate': [811.4151012659274, 555.6126084484944], 'id': 2}
2020-01-30_22:13:58.694[Status]Routing 69: Walk: 69
2020-01-30_22:13:58.800[Battery Energy]64.15
2020-01-30_22:13:58.800[Status]Routing Start.
2020-01-30_22:13:58.964[Status]{'coordinate': [821.334160704564, 556.8823563970233], 'id': 2}
2020-01-30_22:13:58.964[Status]Routing 70: Walk: 70
2020-01-30_22:13:59.074[Battery Energy]63.94
2020-01-30_22:13:59.074[Status]Routing Start.
2020-01-30_22:13:59.189[Status]{'coordinate': [831.2532201432007, 558.1521043455522], 'id': 2}
2020-01-30_22:13:59.189[Status]Routing 71: Walk: 71
2020-01-30_22:13:59.290[Battery Energy]63.74
2020-01-30_22:13:59.290[Status]Routing Start.
2020-01-30_22:13:59.462[Status]{'coordinate': [841.1722795818373, 559.4218522940812], 'id': 2}
2020-01-30_22:13:59.463[Status]Routing 72: Walk: 72
2020-01-30_22:13:59.570[Battery Energy]63.52
2020-01-30_22:13:59.570[Status]Routing Start.
2020-01-30_22:13:59.889[Status]{'coordinate': [851.0913390204739, 560.6916002426101], 'id': 2}
2020-01-30_22:13:59.889[Status]Routing 73: Walk: 73
2020-01-30_22:13:59.998[Battery Energy]63.18
2020-01-30_22:13:59.998[Status]Routing Start.
2020-01-30_22:14:00.287[Status]{'coordinate': [861.0103984591105, 561.961348191139], 'id': 2}
2020-01-30_22:14:00.287[Status]Routing 74: Walk: 74
2020-01-30_22:14:00.398[Battery Energy]62.85
2020-01-30_22:14:00.398[Status]Routing Start.
2020-01-30_22:14:00.513[Status]{'coordinate': [870.9294578977472, 563.231096139668], 'id': 2}
2020-01-30_22:14:00.514[Status]Routing 75: Walk: 75
2020-01-30_22:14:00.615[Battery Energy]62.66
2020-01-30_22:14:00.616[Status]Routing Start.
2020-01-30_22:14:00.962[Status]{'coordinate': [880.8485173363838, 564.5008440881969], 'id': 2}
2020-01-30_22:14:00.965[Status]Routing 76: Walk: 76
2020-01-30_22:14:01.070[Battery Energy]62.32
2020-01-30_22:14:01.070[Status]Routing Start.
2020-01-30_22:14:01.218[Status]{'coordinate': [890.7675767750204, 565.7705920367259], 'id': 2}
2020-01-30_22:14:01.218[Status]Routing 77: Walk: 77
2020-01-30_22:14:01.329[Battery Energy]62.11
2020-01-30_22:14:01.329[Status]Routing Start.
2020-01-30_22:14:01.486[Status]{'coordinate': [900.686636213657, 567.0403399852548], 'id': 2}
2020-01-30_22:14:01.487[Status]Routing 78: Walk: 78
2020-01-30_22:14:01.602[Battery Energy]61.91
2020-01-30_22:14:01.602[Status]Routing Start.
2020-01-30_22:14:01.742[Status]{'coordinate': [910.6056956522937, 568.3100879337838], 'id': 2}
2020-01-30_22:14:01.742[Status]Routing 79: Walk: 79
2020-01-30_22:14:01.850[Battery Energy]61.70
2020-01-30_22:14:01.850[Status]Routing Start.
2020-01-30_22:14:01.998[Status]{'coordinate': [920.5247550909303, 569.5798358823128], 'id': 2}
2020-01-30_22:14:01.998[Status]Routing 80: Walk: 80
2020-01-30_22:14:02.102[Battery Energy]61.47
2020-01-30_22:14:02.102[Status]Routing Start.
2020-01-30_22:14:02.257[Status]{'coordinate': [930.4438145295669, 570.8495838308418], 'id': 2}
2020-01-30_22:14:02.258[Status]Routing 81: Walk: 81
2020-01-30_22:14:02.362[Battery Energy]61.26
2020-01-30_22:14:02.362[Status]Routing Start.
2020-01-30_22:14:02.516[Status]{'coordinate': [940.3628739682035, 572.1193317793707], 'id': 2}
2020-01-30_22:14:02.518[Status]Routing 82: Walk: 82
2020-01-30_22:14:02.619[Battery Energy]61.05
2020-01-30_22:14:02.619[Status]Routing Start.
2020-01-30_22:14:02.774[Status]{'coordinate': [950.2819334068402, 573.3890797278997], 'id': 2}
2020-01-30_22:14:02.775[Status]Routing 83: Walk: 83
2020-01-30_22:14:02.878[Battery Energy]60.83
2020-01-30_22:14:02.878[Status]Routing Start.
2020-01-30_22:14:03.009[Status]{'coordinate': [960.2009928454768, 574.6588276764286], 'id': 2}
2020-01-30_22:14:03.010[Status]Routing 84: Walk: 84
2020-01-30_22:14:03.112[Battery Energy]60.63
2020-01-30_22:14:03.112[Status]Routing Start.
2020-01-30_22:14:03.244[Status]{'coordinate': [970.1200522841134, 575.9285756249576], 'id': 2}
2020-01-30_22:14:03.244[Status]Routing 85: Walk: 85
2020-01-30_22:14:03.345[Battery Energy]60.43
2020-01-30_22:14:03.345[Status]Routing Start.
2020-01-30_22:14:03.486[Status]{'coordinate': [980.03911172275, 577.1983235734865], 'id': 2}
2020-01-30_22:14:03.487[Status]Routing 86: Walk: 86
2020-01-30_22:14:03.588[Battery Energy]60.24
2020-01-30_22:14:03.588[Status]Routing Start.
2020-01-30_22:14:03.789[Status]{'coordinate': [989.9581711613866, 578.4680715220155], 'id': 2}
2020-01-30_22:14:03.789[Status]Routing 87: Walk: 87
2020-01-30_22:14:03.893[Battery Energy]60.00
2020-01-30_22:14:03.893[Status]Routing Start.
2020-01-30_22:14:04.035[Status]{'coordinate': [999.8772306000233, 579.7378194705444], 'id': 2}
2020-01-30_22:14:04.035[Status]Routing 88: Walk: 88
2020-01-30_22:14:04.139[Battery Energy]59.81
2020-01-30_22:14:04.139[Status]Routing Start.
2020-01-30_22:14:04.286[Status]{'coordinate': [1009.7962900386599, 581.0075674190734], 'id': 2}
2020-01-30_22:14:04.287[Status]Routing 89: Walk: 89
2020-01-30_22:14:04.390[Battery Energy]59.59
2020-01-30_22:14:04.390[Status]Routing Start.
2020-01-30_22:14:04.563[Status]{'coordinate': [1019.7153494772965, 582.2773153676023], 'id': 2}
2020-01-30_22:14:04.563[Status]Routing 90: Walk: 90
2020-01-30_22:14:04.670[Battery Energy]59.35
2020-01-30_22:14:04.670[Status]Routing Start.
2020-01-30_22:14:04.801[Status]{'coordinate': [1029.6344089159331, 583.5470633161314], 'id': 2}
2020-01-30_22:14:04.801[Status]Routing 91: Walk: 91
2020-01-30_22:14:04.905[Battery Energy]59.15
2020-01-30_22:14:04.905[Status]Routing Start.
2020-01-30_22:14:05.051[Status]{'coordinate': [1039.5534683545698, 584.8168112646603], 'id': 2}
2020-01-30_22:14:05.051[Status]Routing 92: Walk: 92
2020-01-30_22:14:05.151[Battery Energy]58.94
2020-01-30_22:14:05.151[Status]Routing Start.
2020-01-30_22:14:05.300[Status]{'coordinate': [1049.4725277932064, 586.0865592131893], 'id': 2}
2020-01-30_22:14:05.300[Status]Routing 93: Walk: 93
2020-01-30_22:14:05.400[Battery Energy]58.73
2020-01-30_22:14:05.400[Status]Routing Start.
2020-01-30_22:14:05.648[Status]{'coordinate': [1059.391587231843, 587.3563071617182], 'id': 2}
2020-01-30_22:14:05.649[Status]Routing 94: Walk: 94
2020-01-30_22:14:05.758[Battery Energy]58.48
2020-01-30_22:14:05.758[Status]Routing Start.
2020-01-30_22:14:05.898[Status]{'coordinate': [1069.3106466704796, 588.6260551102472], 'id': 2}
2020-01-30_22:14:05.900[Status]Routing 95: Walk: 95
2020-01-30_22:14:06.004[Battery Energy]58.26
2020-01-30_22:14:06.004[Status]Routing Start.
2020-01-30_22:14:06.286[Status]{'coordinate': [1071.8515597703176, 598.2978574561945], 'id': 2}
2020-01-30_22:14:06.294[Status]Routing 96: Walk: 96
2020-01-30_22:14:06.394[Battery Energy]57.92
2020-01-30_22:14:06.394[Status]Routing Start.
2020-01-30_22:14:06.724[Status]{'coordinate': [1081.8436689143282, 598.6950411091586], 'id': 2}
2020-01-30_22:14:06.730[Status]Routing 97: Walk: 97
2020-01-30_22:14:06.831[Battery Energy]57.56
2020-01-30_22:14:06.831[Status]Routing Start.
2020-01-30_22:14:07.151[Status]{'coordinate': [1091.8357780583387, 599.0922247621229], 'id': 2}
2020-01-30_22:14:07.152[Status]Routing 98: Walk: 98
2020-01-30_22:14:07.252[Battery Energy]57.17
2020-01-30_22:14:07.252[Status]Routing Start.
2020-01-30_22:14:07.605[Status]{'coordinate': [1101.8278872023493, 599.489408415087], 'id': 2}
2020-01-30_22:14:07.605[Status]Routing 99: Walk: 99
2020-01-30_22:14:07.706[Battery Energy]56.79
2020-01-30_22:14:07.706[Status]Routing Start.
2020-01-30_22:14:08.035[Status]{'coordinate': [1111.8199963463599, 599.8865920680513], 'id': 2}
2020-01-30_22:14:08.035[Status]Routing 100: Walk: 100
2020-01-30_22:14:08.136[Battery Energy]56.43
2020-01-30_22:14:08.136[Status]Routing Start.
2020-01-30_22:14:08.269[Status]{'coordinate': [1121.8121054903704, 600.2837757210154], 'id': 2}
2020-01-30_22:14:08.269[Status]Routing 101: Walk: 101
2020-01-30_22:14:08.369[Battery Energy]56.22
2020-01-30_22:14:08.369[Status]Routing Start.
2020-01-30_22:14:08.513[Status]{'coordinate': [1131.804214634381, 600.6809593739797], 'id': 2}
2020-01-30_22:14:08.513[Status]Routing 102: Walk: 102
2020-01-30_22:14:08.613[Battery Energy]56.02
2020-01-30_22:14:08.613[Status]Routing Start.
2020-01-30_22:14:08.925[Status]{'coordinate': [1141.7963237783915, 601.0781430269438], 'id': 2}
2020-01-30_22:14:08.926[Status]Routing 103: Walk: 103
2020-01-30_22:14:09.026[Battery Energy]55.71
2020-01-30_22:14:09.026[Status]Routing Start.
2020-01-30_22:14:09.206[Status]{'coordinate': [1151.788432922402, 601.4753266799081], 'id': 2}
2020-01-30_22:14:09.207[Status]Routing 104: Walk: 104
2020-01-30_22:14:09.310[Battery Energy]55.48
2020-01-30_22:14:09.310[Status]Routing Start.
2020-01-30_22:14:09.538[Status]{'coordinate': [1161.7805420664126, 601.8725103328723], 'id': 2}
2020-01-30_22:14:09.538[Status]Routing 105: Walk: 105
2020-01-30_22:14:09.638[Battery Energy]55.21
2020-01-30_22:14:09.638[Status]Routing Start.
2020-01-30_22:14:09.954[Status]{'coordinate': [1171.7726512104232, 602.2696939858365], 'id': 2}
2020-01-30_22:14:09.954[Status]Routing 106: Walk: 106
2020-01-30_22:14:10.065[Battery Energy]54.85
2020-01-30_22:14:10.065[Status]Routing Start.
2020-01-30_22:14:10.066[Status]Task Finished.
2020-01-30_22:14:10.166[Battery Energy]54.85
2020-01-30_22:14:10.299[Status]Routing 108: Walk: 106
2020-01-30_22:14:10.400[Battery Energy]54.74
2020-01-30_22:14:10.875[Status]Routing 109: Walk: 106
2020-01-30_22:14:10.975[Battery Energy]54.29
2020-01-30_22:14:11.145[Status]Routing 110: Walk: 106
2020-01-30_22:14:11.250[Battery Energy]54.17
2020-01-30_22:14:11.570[Status]Routing 111: Walk: 106
2020-01-30_22:14:11.681[Battery Energy]53.92
2020-01-30_22:14:11.825[Status]Routing 112: Walk: 106
2020-01-30_22:14:11.926[Battery Energy]53.79
2020-01-30_22:14:12.252[Status]Routing 113: Walk: 106
2020-01-30_22:14:12.352[Battery Energy]53.58
2020-01-30_22:14:12.600[Status]Routing 114: Walk: 106
2020-01-30_22:14:12.706[Battery Energy]53.41
2020-01-30_22:14:13.010[Status]Routing 115: Walk: 106
2020-01-30_22:14:13.110[Battery Energy]53.19
2020-01-30_22:14:13.272[Status]Routing 116: Walk: 106
2020-01-30_22:14:13.382[Battery Energy]53.07
2020-01-30_22:14:13.549[Status]Routing 117: Walk: 106
2020-01-30_22:14:13.662[Battery Energy]52.94
2020-01-30_22:14:13.819[Status]Routing 118: Walk: 106
2020-01-30_22:14:13.919[Battery Energy]52.83
2020-01-30_22:14:14.069[Status]Routing 119: Walk: 106
2020-01-30_22:14:14.178[Battery Energy]52.73
2020-01-30_22:14:14.318[Status]Routing 120: Walk: 106
2020-01-30_22:14:14.425[Battery Energy]52.63
2020-01-30_22:14:14.670[Status]Routing 121: Walk: 106
2020-01-30_22:14:14.774[Battery Energy]52.43
2020-01-30_22:14:14.920[Status]Routing 122: Walk: 106
2020-01-30_22:14:15.026[Battery Energy]52.31
2020-01-30_22:14:15.171[Status]Routing 123: Walk: 106
2020-01-30_22:14:15.271[Battery Energy]52.20
2020-01-30_22:14:15.426[Status]Routing 124: Walk: 106
2020-01-30_22:14:15.534[Battery Energy]52.07
2020-01-30_22:14:15.663[Status]Routing 125: Walk: 106
2020-01-30_22:14:15.770[Battery Energy]51.98
2020-01-30_22:14:16.013[Status]Routing 126: Walk: 106
2020-01-30_22:14:16.118[Battery Energy]51.80
2020-01-30_22:14:16.255[Status]Routing 127: Walk: 106
2020-01-30_22:14:16.363[Battery Energy]51.69
2020-01-30_22:14:16.528[Status]Routing 128: Walk: 106
2020-01-30_22:14:16.642[Battery Energy]51.57
2020-01-30_22:14:16.878[Status]Routing 129: Walk: 106
2020-01-30_22:14:16.978[Battery Energy]51.38
2020-01-30_22:14:17.260[Status]Routing 130: Walk: 106
2020-01-30_22:14:17.365[Battery Energy]51.17
2020-01-30_22:14:17.578[Status]Routing 131: Walk: 106
2020-01-30_22:14:17.690[Battery Energy]51.03
2020-01-30_22:14:17.844[Status]Routing 132: Walk: 106
2020-01-30_22:14:17.958[Battery Energy]50.93
2020-01-30_22:14:18.096[Status]Routing 133: Walk: 106
2020-01-30_22:14:18.196[Battery Energy]50.82
2020-01-30_22:14:18.345[Status]Routing 134: Walk: 106
2020-01-30_22:14:18.445[Battery Energy]50.72
2020-01-30_22:14:18.612[Status]Routing 135: Walk: 106
2020-01-30_22:14:18.715[Battery Energy]50.59
2020-01-30_22:14:18.847[Status]Routing 136: Walk: 106
2020-01-30_22:14:18.962[Battery Energy]50.48
2020-01-30_22:14:19.105[Status]Routing 137: Walk: 106
2020-01-30_22:14:19.213[Battery Energy]50.37
2020-01-30_22:14:19.383[Status]Routing 138: Walk: 106
2020-01-30_22:14:19.486[Battery Energy]50.24
2020-01-30_22:14:19.631[Status]Routing 139: Walk: 106
2020-01-30_22:14:19.739[Battery Energy]50.12
2020-01-30_22:14:19.910[Status]Routing 140: Walk: 106
2020-01-30_22:14:20.019[Battery Energy]50.00
2020-01-30_22:14:20.156[Status]Routing 141: Walk: 106
2020-01-30_22:14:20.262[Battery Energy]49.92
2020-01-30_22:14:20.427[Status]Routing 142: Walk: 106
2020-01-30_22:14:20.533[Battery Energy]49.78
2020-01-30_22:14:20.684[Status]Routing 143: Walk: 106
2020-01-30_22:14:20.790[Battery Energy]49.67
2020-01-30_22:14:20.930[Status]Routing 144: Walk: 106
2020-01-30_22:14:21.034[Battery Energy]49.57
2020-01-30_22:14:21.174[Status]Routing 145: Walk: 106
2020-01-30_22:14:21.274[Battery Energy]49.46
2020-01-30_22:14:21.422[Status]Routing 146: Walk: 106
2020-01-30_22:14:21.531[Battery Energy]49.34
2020-01-30_22:14:21.676[Status]Routing 147: Walk: 106
2020-01-30_22:14:21.785[Battery Energy]49.23
2020-01-30_22:14:21.924[Status]Routing 148: Walk: 106
2020-01-30_22:14:22.024[Battery Energy]49.15
2020-01-30_22:14:22.162[Status]Routing 149: Walk: 106
2020-01-30_22:14:22.270[Battery Energy]49.05
2020-01-30_22:14:22.409[Status]Routing 150: Walk: 106
2020-01-30_22:14:22.518[Battery Energy]48.92
2020-01-30_22:14:22.659[Status]Routing 151: Walk: 106
2020-01-30_22:14:22.770[Battery Energy]48.81
2020-01-30_22:14:22.893[Status]Routing 152: Walk: 106
2020-01-30_22:14:23.002[Battery Energy]48.72
2020-01-30_22:14:23.171[Status]Routing 153: Walk: 106
2020-01-30_22:14:23.282[Battery Energy]48.61
2020-01-30_22:14:23.425[Status]Routing 154: Walk: 106
2020-01-30_22:14:23.526[Battery Energy]48.49
2020-01-30_22:14:23.688[Status]Routing 155: Walk: 106
2020-01-30_22:14:23.790[Battery Energy]48.38
2020-01-30_22:14:23.962[Status]Routing 156: Walk: 106
2020-01-30_22:14:24.073[Battery Energy]48.25
2020-01-30_22:14:24.214[Status]Routing 157: Walk: 106
2020-01-30_22:14:24.322[Battery Energy]48.13
2020-01-30_22:14:24.458[Status]Routing 158: Walk: 106
2020-01-30_22:14:24.570[Battery Energy]48.03
2020-01-30_22:14:24.697[Status]Routing 159: Walk: 106
2020-01-30_22:14:24.805[Battery Energy]47.94
2020-01-30_22:14:25.001[Status]Routing 160: Walk: 106
2020-01-30_22:14:25.110[Battery Energy]47.79
2020-01-30_22:14:25.223[Status]Routing 161: Walk: 106
2020-01-30_22:14:25.324[Battery Energy]47.68
2020-01-30_22:14:25.462[Status]Routing 162: Walk: 106
2020-01-30_22:14:25.569[Battery Energy]47.58
2020-01-30_22:14:25.696[Status]Routing 163: Walk: 106
2020-01-30_22:14:25.800[Battery Energy]47.47
2020-01-30_22:14:25.949[Status]Routing 164: Walk: 106
2020-01-30_22:14:26.051[Battery Energy]47.38
2020-01-30_22:14:26.176[Status]Routing 165: Walk: 106
2020-01-30_22:14:26.283[Battery Energy]47.28
2020-01-30_22:14:26.431[Status]Routing 166: Walk: 106
2020-01-30_22:14:26.534[Battery Energy]47.16
2020-01-30_22:14:26.665[Status]Routing 167: Walk: 106
2020-01-30_22:14:26.774[Battery Energy]47.06
2020-01-30_22:14:26.911[Status]Routing 168: Walk: 106
2020-01-30_22:14:27.029[Battery Energy]46.94
2020-01-30_22:14:27.157[Status]Routing 169: Walk: 106
2020-01-30_22:14:27.258[Battery Energy]46.85
2020-01-30_22:14:27.409[Status]Routing 170: Walk: 106
2020-01-30_22:14:27.514[Battery Energy]46.72
2020-01-30_22:14:27.650[Status]Routing 171: Walk: 106
2020-01-30_22:14:27.751[Battery Energy]46.62
2020-01-30_22:14:27.917[Status]Routing 172: Walk: 106
2020-01-30_22:14:28.026[Battery Energy]46.53
2020-01-30_22:14:28.173[Status]Routing 173: Walk: 106
2020-01-30_22:14:28.273[Battery Energy]46.43
2020-01-30_22:14:28.416[Status]Routing 174: Walk: 106
2020-01-30_22:14:28.517[Battery Energy]46.31
2020-01-30_22:14:28.714[Status]Routing 175: Walk: 106
2020-01-30_22:14:28.815[Battery Energy]46.17
2020-01-30_22:14:28.995[Status]Routing 176: Walk: 106
2020-01-30_22:14:29.102[Battery Energy]46.05
2020-01-30_22:14:29.246[Status]Routing 177: Walk: 106
