2020-01-30_22:13:25.843[Status]Start.
2020-01-30_22:13:25.847[Battery Energy]88.00
2020-01-30_22:13:26.948[Battery Energy]87.96
2020-01-30_22:13:28.049[Battery Energy]87.92
2020-01-30_22:13:29.150[Battery Energy]87.88
2020-01-30_22:13:30.250[Battery Energy]87.84
2020-01-30_22:13:31.351[Task]A New Task Released.
2020-01-30_22:13:31.351[Battery Energy]87.80
2020-01-30_22:13:31.351[Status]Selection Start.
2020-01-30_22:13:35.298[Status]Selection End: Do Task 1.
2020-01-30_22:13:35.398[Battery Energy]85.48
2020-01-30_22:13:35.398[Status]Formation Start.
2020-01-30_22:13:35.551[Status]number of tasks is 7
2020-01-30_22:13:35.552[Status]my group tasks is [ 1109.90311321   656.61162609]
2020-01-30_22:13:35.577[Status]my group tasks is [ 1300.   700.]
2020-01-30_22:13:35.578[Status]my group tasks is [ 1262.34898019   621.81685175]
2020-01-30_22:13:35.589[Status]my group tasks is [ 1262.34898019   778.18314825]
2020-01-30_22:13:35.589[Status]my group tasks is [ 1177.7479066    797.49279122]
2020-01-30_22:13:35.590[Status]my group tasks is [ 1109.90311321   743.38837391]
2020-01-30_22:13:35.591[Status]my group tasks is [ 1177.7479066    602.50720878]
2020-01-30_22:13:35.636[Status]mygroup_robots_utility is {17: [16.028066268604, 16.98433817886867, 18.60158131207501, 36.716615257072, 17.46001846161857, 15.322829546807071, 15.701768795661284], 18: [16.252656006182722, 17.375254027804548, 14.33500418305983, 17.24637911033418, 29.866971391533063, 14.759510975476514, 15.999800575411927], 19: [16.129832674508126, 17.551601070802516, 18.638858665509243, 17.290647319531853, 15.490394481908043, 18.77258569115706, 15.951138549605293], 6: [16.163977577961173, 15.598281633210082, 15.456444474477236, 28.354747479304223, 13.390169566191387, 14.328647542832524, 13.330155978594297], 10: [32.07168855721209, 17.87860025172552, 14.713560574695641, 16.94858395036171, 17.415489652521043, 14.90969407155665, 15.540148804807208], 11: [32.92360665916258, 33.75850859191522, 14.661207585461264, 15.989686684499338, 13.890089908851, 14.089721147847598, 15.164531365222594], 2: [16.623629957334604, 17.334537282789743, 18.378599502796316, 15.899725825631828, 18.016170429416512, 30.248524064375776, 15.410740219661509]}
2020-01-30_22:13:35.636[Status]self.local_queue is [2, 6, 11, 18, 19, 10, 17]
2020-01-30_22:13:35.636[Status]task_chosen index is 5
2020-01-30_22:13:35.636[Status]task_chosen index is 3
2020-01-30_22:13:35.636[Status]task_chosen index is 1
2020-01-30_22:13:35.636[Status]task_chosen index is 4
2020-01-30_22:13:35.637[Status]myindex_in_queue is 4
2020-01-30_22:13:35.637[Status]task destination is [1109.903113209758, 656.6116260882442]
2020-01-30_22:13:35.737[Battery Energy]85.33
2020-01-30_22:13:35.737[Status]Routing Start.
2020-01-30_22:13:35.909[Status]{'id': 18, 'coordinate': [63.98984952756331, 609.4504513476983]}
2020-01-30_22:13:35.909[Status]Routing 1: Walk: 1
2020-01-30_22:13:36.018[Battery Energy]85.10
2020-01-30_22:13:36.018[Status]Routing Start.
2020-01-30_22:13:36.183[Status]{'id': 18, 'coordinate': [73.97969905512662, 609.9009026953966]}
2020-01-30_22:13:36.184[Status]Routing 2: Walk: 2
2020-01-30_22:13:36.298[Battery Energy]84.91
2020-01-30_22:13:36.298[Status]Routing Start.
2020-01-30_22:13:36.461[Status]{'id': 18, 'coordinate': [83.96954858268992, 610.3513540430948]}
2020-01-30_22:13:36.462[Status]Routing 3: Walk: 3
2020-01-30_22:13:36.565[Battery Energy]84.67
2020-01-30_22:13:36.565[Status]Routing Start.
2020-01-30_22:13:36.719[Status]{'id': 18, 'coordinate': [93.95939811025323, 610.8018053907931]}
2020-01-30_22:13:36.719[Status]Routing 4: Walk: 4
2020-01-30_22:13:36.823[Battery Energy]84.47
2020-01-30_22:13:36.823[Status]Routing Start.
2020-01-30_22:13:36.979[Status]{'id': 18, 'coordinate': [103.94924763781654, 611.2522567384914]}
2020-01-30_22:13:36.979[Status]Routing 5: Walk: 5
2020-01-30_22:13:37.079[Battery Energy]84.26
2020-01-30_22:13:37.079[Status]Routing Start.
2020-01-30_22:13:37.227[Status]{'id': 18, 'coordinate': [113.93909716537985, 611.7027080861897]}
2020-01-30_22:13:37.227[Status]Routing 6: Walk: 6
2020-01-30_22:13:37.338[Battery Energy]84.05
2020-01-30_22:13:37.338[Status]Routing Start.
2020-01-30_22:13:37.542[Status]{'id': 18, 'coordinate': [123.92894669294316, 612.1531594338879]}
2020-01-30_22:13:37.542[Status]Routing 7: Walk: 7
2020-01-30_22:13:37.650[Battery Energy]83.80
2020-01-30_22:13:37.650[Status]Routing Start.
2020-01-30_22:13:37.970[Status]{'id': 18, 'coordinate': [133.91879622050647, 612.6036107815862]}
2020-01-30_22:13:37.970[Status]Routing 8: Walk: 8
2020-01-30_22:13:38.072[Battery Energy]83.47
2020-01-30_22:13:38.072[Status]Routing Start.
2020-01-30_22:13:38.409[Status]{'id': 18, 'coordinate': [143.90864574806977, 613.0540621292845]}
2020-01-30_22:13:38.413[Status]Routing 9: Walk: 9
2020-01-30_22:13:38.514[Battery Energy]83.15
2020-01-30_22:13:38.514[Status]Routing Start.
2020-01-30_22:13:38.805[Status]{'id': 18, 'coordinate': [153.89849527563308, 613.5045134769828]}
2020-01-30_22:13:38.805[Status]Routing 10: Walk: 10
2020-01-30_22:13:38.916[Battery Energy]82.87
2020-01-30_22:13:38.916[Status]Routing Start.
2020-01-30_22:13:39.270[Status]{'id': 18, 'coordinate': [163.8883448031964, 613.954964824681]}
2020-01-30_22:13:39.272[Status]Routing 11: Walk: 11
2020-01-30_22:13:39.372[Battery Energy]82.53
2020-01-30_22:13:39.372[Status]Routing Start.
2020-01-30_22:13:39.694[Status]{'id': 18, 'coordinate': [173.8781943307597, 614.4054161723793]}
2020-01-30_22:13:39.694[Status]Routing 12: Walk: 12
2020-01-30_22:13:39.794[Battery Energy]82.23
2020-01-30_22:13:39.794[Status]Routing Start.
2020-01-30_22:13:40.100[Status]{'id': 18, 'coordinate': [183.868043858323, 614.8558675200776]}
2020-01-30_22:13:40.101[Status]Routing 13: Walk: 13
2020-01-30_22:13:40.215[Battery Energy]81.92
2020-01-30_22:13:40.215[Status]Routing Start.
2020-01-30_22:13:40.562[Status]{'id': 18, 'coordinate': [193.8578933858863, 615.3063188677759]}
2020-01-30_22:13:40.574[Status]Routing 14: Walk: 14
2020-01-30_22:13:40.682[Battery Energy]81.58
2020-01-30_22:13:40.682[Status]Routing Start.
2020-01-30_22:13:40.995[Status]{'id': 18, 'coordinate': [203.84774291344962, 615.7567702154741]}
2020-01-30_22:13:41.002[Status]Routing 15: Walk: 15
2020-01-30_22:13:41.106[Battery Energy]81.26
2020-01-30_22:13:41.106[Status]Routing Start.
2020-01-30_22:13:41.406[Status]{'id': 18, 'coordinate': [213.83759244101293, 616.2072215631724]}
2020-01-30_22:13:41.406[Status]Routing 16: Walk: 16
2020-01-30_22:13:41.510[Battery Energy]80.94
2020-01-30_22:13:41.510[Status]Routing Start.
2020-01-30_22:13:41.812[Status]{'id': 18, 'coordinate': [223.82744196857624, 616.6576729108707]}
2020-01-30_22:13:41.812[Status]Routing 17: Walk: 17
2020-01-30_22:13:41.914[Battery Energy]80.63
2020-01-30_22:13:41.914[Status]Routing Start.
2020-01-30_22:13:42.241[Status]{'id': 18, 'coordinate': [233.81729149613955, 617.108124258569]}
2020-01-30_22:13:42.241[Status]Routing 18: Walk: 18
2020-01-30_22:13:42.354[Battery Energy]80.34
2020-01-30_22:13:42.354[Status]Routing Start.
2020-01-30_22:13:42.641[Status]{'id': 18, 'coordinate': [243.80714102370285, 617.5585756062673]}
2020-01-30_22:13:42.641[Status]Routing 19: Walk: 19
2020-01-30_22:13:42.741[Battery Energy]80.03
2020-01-30_22:13:42.741[Status]Routing Start.
2020-01-30_22:13:43.052[Status]{'id': 18, 'coordinate': [253.79699055126616, 618.0090269539655]}
2020-01-30_22:13:43.052[Status]Routing 20: Walk: 20
2020-01-30_22:13:43.158[Battery Energy]79.70
2020-01-30_22:13:43.158[Status]Routing Start.
2020-01-30_22:13:43.431[Status]{'id': 18, 'coordinate': [263.78684007882947, 618.4594783016638]}
2020-01-30_22:13:43.431[Status]Routing 21: Walk: 21
2020-01-30_22:13:43.532[Battery Energy]79.40
2020-01-30_22:13:43.532[Status]Routing Start.
2020-01-30_22:13:43.833[Status]{'id': 18, 'coordinate': [273.7766896063928, 618.9099296493621]}
2020-01-30_22:13:43.833[Status]Routing 22: Walk: 22
2020-01-30_22:13:43.937[Battery Energy]79.09
2020-01-30_22:13:43.937[Status]Routing Start.
2020-01-30_22:13:44.253[Status]{'id': 18, 'coordinate': [283.7665391339561, 619.3603809970604]}
2020-01-30_22:13:44.253[Status]Routing 23: Walk: 23
2020-01-30_22:13:44.358[Battery Energy]78.79
2020-01-30_22:13:44.358[Status]Routing Start.
2020-01-30_22:13:44.716[Status]{'id': 18, 'coordinate': [293.7563886615194, 619.8108323447586]}
2020-01-30_22:13:44.716[Status]Routing 24: Walk: 24
2020-01-30_22:13:44.817[Battery Energy]78.40
2020-01-30_22:13:44.817[Status]Routing Start.
2020-01-30_22:13:45.178[Status]{'id': 18, 'coordinate': [303.7462381890827, 620.2612836924569]}
2020-01-30_22:13:45.178[Status]Routing 25: Walk: 25
2020-01-30_22:13:45.282[Battery Energy]78.07
2020-01-30_22:13:45.282[Status]Routing Start.
2020-01-30_22:13:45.585[Status]{'id': 18, 'coordinate': [313.736087716646, 620.7117350401552]}
2020-01-30_22:13:45.585[Status]Routing 26: Walk: 26
2020-01-30_22:13:45.685[Battery Energy]77.74
2020-01-30_22:13:45.685[Status]Routing Start.
2020-01-30_22:13:46.050[Status]{'id': 18, 'coordinate': [323.7259372442093, 621.1621863878535]}
2020-01-30_22:13:46.052[Status]Routing 27: Walk: 27
2020-01-30_22:13:46.158[Battery Energy]77.36
2020-01-30_22:13:46.158[Status]Routing Start.
2020-01-30_22:13:46.459[Status]{'id': 18, 'coordinate': [333.7157867717726, 621.6126377355517]}
2020-01-30_22:13:46.459[Status]Routing 28: Walk: 28
2020-01-30_22:13:46.560[Battery Energy]77.05
2020-01-30_22:13:46.560[Status]Routing Start.
2020-01-30_22:13:46.901[Status]{'id': 18, 'coordinate': [343.70563629933594, 622.06308908325]}
2020-01-30_22:13:46.901[Status]Routing 29: Walk: 29
2020-01-30_22:13:47.001[Battery Energy]76.69
2020-01-30_22:13:47.001[Status]Routing Start.
2020-01-30_22:13:47.160[Status]{'id': 18, 'coordinate': [353.69548582689924, 622.5135404309483]}
2020-01-30_22:13:47.160[Status]Routing 30: Walk: 30
2020-01-30_22:13:47.260[Battery Energy]76.47
2020-01-30_22:13:47.260[Status]Routing Start.
2020-01-30_22:13:47.571[Status]{'id': 18, 'coordinate': [363.68533535446255, 622.9639917786466]}
2020-01-30_22:13:47.571[Status]Routing 31: Walk: 31
2020-01-30_22:13:47.690[Battery Energy]76.17
2020-01-30_22:13:47.690[Status]Routing Start.
2020-01-30_22:13:47.829[Status]{'id': 18, 'coordinate': [373.67518488202586, 623.4144431263448]}
2020-01-30_22:13:47.829[Status]Routing 32: Walk: 32
2020-01-30_22:13:47.942[Battery Energy]75.95
2020-01-30_22:13:47.942[Status]Routing Start.
2020-01-30_22:13:48.083[Status]{'id': 18, 'coordinate': [383.66503440958917, 623.8648944740431]}
2020-01-30_22:13:48.083[Status]Routing 33: Walk: 33
2020-01-30_22:13:48.183[Battery Energy]75.74
2020-01-30_22:13:48.183[Status]Routing Start.
2020-01-30_22:13:48.323[Status]{'id': 18, 'coordinate': [393.6548839371525, 624.3153458217414]}
2020-01-30_22:13:48.323[Status]Routing 34: Walk: 34
2020-01-30_22:13:48.423[Battery Energy]75.54
2020-01-30_22:13:48.424[Status]Routing Start.
2020-01-30_22:13:48.741[Status]{'id': 18, 'coordinate': [403.6447334647158, 624.7657971694397]}
2020-01-30_22:13:48.742[Status]Routing 35: Walk: 35
2020-01-30_22:13:48.845[Battery Energy]75.21
2020-01-30_22:13:48.845[Status]Routing Start.
2020-01-30_22:13:49.167[Status]{'id': 18, 'coordinate': [413.6345829922791, 625.216248517138]}
2020-01-30_22:13:49.167[Status]Routing 36: Walk: 36
2020-01-30_22:13:49.274[Battery Energy]74.92
2020-01-30_22:13:49.274[Status]Routing Start.
2020-01-30_22:13:49.396[Status]{'id': 18, 'coordinate': [423.6244325198424, 625.6666998648362]}
2020-01-30_22:13:49.396[Status]Routing 37: Walk: 37
2020-01-30_22:13:49.502[Battery Energy]74.71
2020-01-30_22:13:49.502[Status]Routing Start.
2020-01-30_22:13:49.639[Status]{'id': 18, 'coordinate': [433.6142820474057, 626.1171512125345]}
2020-01-30_22:13:49.639[Status]Routing 38: Walk: 38
2020-01-30_22:13:49.740[Battery Energy]74.51
2020-01-30_22:13:49.741[Status]Routing Start.
2020-01-30_22:13:49.889[Status]{'id': 18, 'coordinate': [443.604131574969, 626.5676025602328]}
2020-01-30_22:13:49.889[Status]Routing 39: Walk: 39
2020-01-30_22:13:49.992[Battery Energy]74.30
2020-01-30_22:13:49.992[Status]Routing Start.
2020-01-30_22:13:50.132[Status]{'id': 18, 'coordinate': [453.5939811025323, 627.0180539079311]}
2020-01-30_22:13:50.132[Status]Routing 40: Walk: 40
2020-01-30_22:13:50.234[Battery Energy]74.07
2020-01-30_22:13:50.234[Status]Routing Start.
2020-01-30_22:13:50.365[Status]{'id': 18, 'coordinate': [463.58383063009563, 627.4685052556293]}
2020-01-30_22:13:50.366[Status]Routing 41: Walk: 41
2020-01-30_22:13:50.469[Battery Energy]73.87
2020-01-30_22:13:50.469[Status]Routing Start.
2020-01-30_22:13:50.644[Status]{'id': 18, 'coordinate': [473.57368015765894, 627.9189566033276]}
2020-01-30_22:13:50.644[Status]Routing 42: Walk: 42
2020-01-30_22:13:50.760[Battery Energy]73.66
2020-01-30_22:13:50.760[Status]Routing Start.
2020-01-30_22:13:50.988[Status]{'id': 18, 'coordinate': [483.56352968522225, 628.3694079510259]}
2020-01-30_22:13:50.988[Status]Routing 43: Walk: 43
2020-01-30_22:13:51.094[Battery Energy]73.39
2020-01-30_22:13:51.094[Status]Routing Start.
2020-01-30_22:13:51.252[Status]{'id': 18, 'coordinate': [493.55337921278556, 628.8198592987242]}
2020-01-30_22:13:51.253[Status]Routing 44: Walk: 44
2020-01-30_22:13:51.353[Battery Energy]73.18
2020-01-30_22:13:51.353[Status]Routing Start.
2020-01-30_22:13:51.513[Status]{'id': 18, 'coordinate': [503.54322874034887, 629.2703106464224]}
2020-01-30_22:13:51.513[Status]Routing 45: Walk: 45
2020-01-30_22:13:51.626[Battery Energy]72.96
2020-01-30_22:13:51.626[Status]Routing Start.
2020-01-30_22:13:51.770[Status]{'id': 18, 'coordinate': [513.5330782679122, 629.7207619941207]}
2020-01-30_22:13:51.770[Status]Routing 46: Walk: 46
2020-01-30_22:13:51.870[Battery Energy]72.75
2020-01-30_22:13:51.870[Status]Routing Start.
2020-01-30_22:13:52.171[Status]{'id': 18, 'coordinate': [523.5229277954754, 630.171213341819]}
2020-01-30_22:13:52.171[Status]Routing 47: Walk: 47
2020-01-30_22:13:52.286[Battery Energy]72.45
2020-01-30_22:13:52.286[Status]Routing Start.
2020-01-30_22:13:52.578[Status]{'id': 18, 'coordinate': [533.5127773230387, 630.6216646895173]}
2020-01-30_22:13:52.579[Status]Routing 48: Walk: 48
2020-01-30_22:13:52.679[Battery Energy]72.17
2020-01-30_22:13:52.679[Status]Routing Start.
2020-01-30_22:13:52.821[Status]{'id': 18, 'coordinate': [543.5026268506019, 631.0721160372156]}
2020-01-30_22:13:52.821[Status]Routing 49: Walk: 49
2020-01-30_22:13:52.922[Battery Energy]71.97
2020-01-30_22:13:52.922[Status]Routing Start.
2020-01-30_22:13:53.059[Status]{'id': 18, 'coordinate': [553.4924763781652, 631.5225673849138]}
2020-01-30_22:13:53.059[Status]Routing 50: Walk: 50
2020-01-30_22:13:53.170[Battery Energy]71.78
2020-01-30_22:13:53.170[Status]Routing Start.
2020-01-30_22:13:53.317[Status]{'id': 18, 'coordinate': [563.4823259057284, 631.9730187326121]}
2020-01-30_22:13:53.317[Status]Routing 51: Walk: 51
2020-01-30_22:13:53.430[Battery Energy]71.57
2020-01-30_22:13:53.430[Status]Routing Start.
2020-01-30_22:13:53.555[Status]{'id': 18, 'coordinate': [573.4721754332917, 632.4234700803104]}
2020-01-30_22:13:53.555[Status]Routing 52: Walk: 52
2020-01-30_22:13:53.661[Battery Energy]71.37
2020-01-30_22:13:53.661[Status]Routing Start.
2020-01-30_22:13:53.809[Status]{'id': 18, 'coordinate': [583.4620249608549, 632.8739214280087]}
2020-01-30_22:13:53.809[Status]Routing 53: Walk: 53
2020-01-30_22:13:53.909[Battery Energy]71.16
2020-01-30_22:13:53.909[Status]Routing Start.
2020-01-30_22:13:54.258[Status]{'id': 18, 'coordinate': [593.4518744884182, 633.3243727757069]}
2020-01-30_22:13:54.259[Status]Routing 54: Walk: 54
2020-01-30_22:13:54.374[Battery Energy]70.82
2020-01-30_22:13:54.374[Status]Routing Start.
2020-01-30_22:13:54.509[Status]{'id': 18, 'coordinate': [603.4417240159814, 633.7748241234052]}
2020-01-30_22:13:54.509[Status]Routing 55: Walk: 55
2020-01-30_22:13:54.609[Battery Energy]70.62
2020-01-30_22:13:54.609[Status]Routing Start.
2020-01-30_22:13:54.754[Status]{'id': 18, 'coordinate': [613.4315735435447, 634.2252754711035]}
2020-01-30_22:13:54.754[Status]Routing 56: Walk: 56
2020-01-30_22:13:54.858[Battery Energy]70.39
2020-01-30_22:13:54.858[Status]Routing Start.
2020-01-30_22:13:55.209[Status]{'id': 18, 'coordinate': [623.4214230711079, 634.6757268188018]}
2020-01-30_22:13:55.209[Status]Routing 57: Walk: 57
2020-01-30_22:13:55.312[Battery Energy]70.05
2020-01-30_22:13:55.312[Status]Routing Start.
2020-01-30_22:13:55.619[Status]{'id': 18, 'coordinate': [633.4112725986712, 635.1261781665]}
2020-01-30_22:13:55.619[Status]Routing 58: Walk: 58
2020-01-30_22:13:55.722[Battery Energy]69.74
2020-01-30_22:13:55.722[Status]Routing Start.
2020-01-30_22:13:56.041[Status]{'id': 18, 'coordinate': [643.4011221262344, 635.5766295141983]}
2020-01-30_22:13:56.041[Status]Routing 59: Walk: 59
2020-01-30_22:13:56.142[Battery Energy]69.43
2020-01-30_22:13:56.142[Status]Routing Start.
2020-01-30_22:13:56.279[Status]{'id': 18, 'coordinate': [653.3909716537977, 636.0270808618966]}
2020-01-30_22:13:56.279[Status]Routing 60: Walk: 60
2020-01-30_22:13:56.390[Battery Energy]69.22
2020-01-30_22:13:56.390[Status]Routing Start.
2020-01-30_22:13:56.522[Status]{'id': 18, 'coordinate': [663.380821181361, 636.4775322095949]}
2020-01-30_22:13:56.522[Status]Routing 61: Walk: 61
2020-01-30_22:13:56.630[Battery Energy]69.03
2020-01-30_22:13:56.630[Status]Routing Start.
2020-01-30_22:13:56.769[Status]{'id': 18, 'coordinate': [673.3706707089242, 636.9279835572931]}
2020-01-30_22:13:56.770[Status]Routing 62: Walk: 62
2020-01-30_22:13:56.878[Battery Energy]68.82
2020-01-30_22:13:56.878[Status]Routing Start.
2020-01-30_22:13:57.049[Status]{'id': 18, 'coordinate': [683.3605202364874, 637.3784349049915]}
2020-01-30_22:13:57.049[Status]Routing 63: Walk: 63
2020-01-30_22:13:57.158[Battery Energy]68.61
2020-01-30_22:13:57.158[Status]Routing Start.
2020-01-30_22:13:57.294[Status]{'id': 18, 'coordinate': [693.3503697640507, 637.8288862526898]}
2020-01-30_22:13:57.296[Status]Routing 64: Walk: 64
2020-01-30_22:13:57.397[Battery Energy]68.41
2020-01-30_22:13:57.397[Status]Routing Start.
2020-01-30_22:13:57.572[Status]{'id': 18, 'coordinate': [703.340219291614, 638.2793376003882]}
2020-01-30_22:13:57.573[Status]Routing 65: Walk: 65
2020-01-30_22:13:57.673[Battery Energy]68.18
2020-01-30_22:13:57.673[Status]Routing Start.
2020-01-30_22:13:57.851[Status]{'id': 18, 'coordinate': [713.3300688191772, 638.7297889480865]}
2020-01-30_22:13:57.852[Status]Routing 66: Walk: 66
2020-01-30_22:13:57.952[Battery Energy]67.94
2020-01-30_22:13:57.952[Status]Routing Start.
2020-01-30_22:13:58.099[Status]{'id': 18, 'coordinate': [723.3199183467405, 639.1802402957849]}
2020-01-30_22:13:58.099[Status]Routing 67: Walk: 67
2020-01-30_22:13:58.207[Battery Energy]67.76
2020-01-30_22:13:58.207[Status]Routing Start.
2020-01-30_22:13:58.361[Status]{'id': 18, 'coordinate': [733.3097678743037, 639.6306916434831]}
2020-01-30_22:13:58.361[Status]Routing 68: Walk: 68
2020-01-30_22:13:58.461[Battery Energy]67.56
2020-01-30_22:13:58.461[Status]Routing Start.
2020-01-30_22:13:58.683[Status]{'id': 18, 'coordinate': [743.299617401867, 640.0811429911815]}
2020-01-30_22:13:58.683[Status]Routing 69: Walk: 69
2020-01-30_22:13:58.783[Battery Energy]67.29
2020-01-30_22:13:58.783[Status]Routing Start.
2020-01-30_22:13:58.965[Status]{'id': 18, 'coordinate': [753.2894669294302, 640.5315943388798]}
2020-01-30_22:13:58.965[Status]Routing 70: Walk: 70
2020-01-30_22:13:59.070[Battery Energy]67.11
2020-01-30_22:13:59.070[Status]Routing Start.
2020-01-30_22:13:59.194[Status]{'id': 18, 'coordinate': [763.2793164569935, 640.9820456865782]}
2020-01-30_22:13:59.194[Status]Routing 71: Walk: 71
2020-01-30_22:13:59.302[Battery Energy]66.89
2020-01-30_22:13:59.302[Status]Routing Start.
2020-01-30_22:13:59.463[Status]{'id': 18, 'coordinate': [773.2691659845567, 641.4324970342765]}
2020-01-30_22:13:59.463[Status]Routing 72: Walk: 72
2020-01-30_22:13:59.570[Battery Energy]66.66
2020-01-30_22:13:59.570[Status]Routing Start.
2020-01-30_22:13:59.899[Status]{'id': 18, 'coordinate': [783.25901551212, 641.8829483819749]}
2020-01-30_22:13:59.899[Status]Routing 73: Walk: 73
2020-01-30_22:14:00.010[Battery Energy]66.33
2020-01-30_22:14:00.010[Status]Routing Start.
2020-01-30_22:14:00.286[Status]{'id': 18, 'coordinate': [793.2488650396832, 642.3333997296731]}
2020-01-30_22:14:00.286[Status]Routing 74: Walk: 74
2020-01-30_22:14:00.386[Battery Energy]66.01
2020-01-30_22:14:00.386[Status]Routing Start.
2020-01-30_22:14:00.520[Status]{'id': 18, 'coordinate': [803.2387145672465, 642.7838510773715]}
2020-01-30_22:14:00.521[Status]Routing 75: Walk: 75
2020-01-30_22:14:00.626[Battery Energy]65.81
2020-01-30_22:14:00.626[Status]Routing Start.
2020-01-30_22:14:00.966[Status]{'id': 18, 'coordinate': [813.2285640948097, 643.2343024250698]}
2020-01-30_22:14:00.966[Status]Routing 76: Walk: 76
2020-01-30_22:14:01.078[Battery Energy]65.45
2020-01-30_22:14:01.078[Status]Routing Start.
2020-01-30_22:14:01.217[Status]{'id': 18, 'coordinate': [823.218413622373, 643.6847537727681]}
2020-01-30_22:14:01.218[Status]Routing 77: Walk: 77
2020-01-30_22:14:01.334[Battery Energy]65.25
2020-01-30_22:14:01.334[Status]Routing Start.
2020-01-30_22:14:01.483[Status]{'id': 18, 'coordinate': [833.2082631499362, 644.1352051204665]}
2020-01-30_22:14:01.483[Status]Routing 78: Walk: 78
2020-01-30_22:14:01.586[Battery Energy]65.03
2020-01-30_22:14:01.586[Status]Routing Start.
2020-01-30_22:14:01.740[Status]{'id': 18, 'coordinate': [843.1981126774995, 644.5856564681648]}
2020-01-30_22:14:01.740[Status]Routing 79: Walk: 79
2020-01-30_22:14:01.841[Battery Energy]64.82
2020-01-30_22:14:01.841[Status]Routing Start.
2020-01-30_22:14:02.002[Status]{'id': 18, 'coordinate': [853.1879622050627, 645.0361078158631]}
2020-01-30_22:14:02.002[Status]Routing 80: Walk: 80
2020-01-30_22:14:02.118[Battery Energy]64.61
2020-01-30_22:14:02.118[Status]Routing Start.
2020-01-30_22:14:02.259[Status]{'id': 18, 'coordinate': [863.177811732626, 645.4865591635614]}
2020-01-30_22:14:02.259[Status]Routing 81: Walk: 81
2020-01-30_22:14:02.359[Battery Energy]64.42
2020-01-30_22:14:02.359[Status]Routing Start.
2020-01-30_22:14:02.516[Status]{'id': 18, 'coordinate': [873.1676612601892, 645.9370105112598]}
2020-01-30_22:14:02.516[Status]Routing 82: Walk: 82
2020-01-30_22:14:02.622[Battery Energy]64.21
2020-01-30_22:14:02.622[Status]Routing Start.
2020-01-30_22:14:02.771[Status]{'id': 18, 'coordinate': [883.1575107877525, 646.3874618589581]}
2020-01-30_22:14:02.771[Status]Routing 83: Walk: 83
2020-01-30_22:14:02.872[Battery Energy]63.99
2020-01-30_22:14:02.872[Status]Routing Start.
2020-01-30_22:14:03.014[Status]{'id': 18, 'coordinate': [893.1473603153157, 646.8379132066565]}
2020-01-30_22:14:03.014[Status]Routing 84: Walk: 84
2020-01-30_22:14:03.122[Battery Energy]63.78
2020-01-30_22:14:03.122[Status]Routing Start.
2020-01-30_22:14:03.250[Status]{'id': 18, 'coordinate': [903.137209842879, 647.2883645543548]}
2020-01-30_22:14:03.250[Status]Routing 85: Walk: 85
2020-01-30_22:14:03.354[Battery Energy]63.58
2020-01-30_22:14:03.354[Status]Routing Start.
2020-01-30_22:14:03.490[Status]{'id': 18, 'coordinate': [913.1270593704422, 647.7388159020531]}
2020-01-30_22:14:03.490[Status]Routing 86: Walk: 86
2020-01-30_22:14:03.598[Battery Energy]63.39
2020-01-30_22:14:03.598[Status]Routing Start.
2020-01-30_22:14:03.793[Status]{'id': 18, 'coordinate': [923.1169088980055, 648.1892672497514]}
2020-01-30_22:14:03.793[Status]Routing 87: Walk: 87
2020-01-30_22:14:03.902[Battery Energy]63.15
2020-01-30_22:14:03.902[Status]Routing Start.
2020-01-30_22:14:04.036[Status]{'id': 18, 'coordinate': [933.1067584255687, 648.6397185974498]}
2020-01-30_22:14:04.036[Status]Routing 88: Walk: 88
2020-01-30_22:14:04.142[Battery Energy]62.95
2020-01-30_22:14:04.142[Status]Routing Start.
2020-01-30_22:14:04.287[Status]{'id': 18, 'coordinate': [943.096607953132, 649.0901699451481]}
2020-01-30_22:14:04.287[Status]Routing 89: Walk: 89
2020-01-30_22:14:04.390[Battery Energy]62.73
2020-01-30_22:14:04.390[Status]Routing Start.
2020-01-30_22:14:04.563[Status]{'id': 18, 'coordinate': [953.0864574806952, 649.5406212928465]}
2020-01-30_22:14:04.563[Status]Routing 90: Walk: 90
2020-01-30_22:14:04.670[Battery Energy]62.51
2020-01-30_22:14:04.670[Status]Routing Start.
2020-01-30_22:14:04.803[Status]{'id': 18, 'coordinate': [963.0763070082585, 649.9910726405448]}
2020-01-30_22:14:04.803[Status]Routing 91: Walk: 91
2020-01-30_22:14:04.913[Battery Energy]62.32
2020-01-30_22:14:04.913[Status]Routing Start.
2020-01-30_22:14:05.048[Status]{'id': 18, 'coordinate': [973.0661565358217, 650.4415239882431]}
2020-01-30_22:14:05.048[Status]Routing 92: Walk: 92
2020-01-30_22:14:05.148[Battery Energy]62.12
2020-01-30_22:14:05.148[Status]Routing Start.
2020-01-30_22:14:05.300[Status]{'id': 18, 'coordinate': [983.056006063385, 650.8919753359414]}
2020-01-30_22:14:05.300[Status]Routing 93: Walk: 93
2020-01-30_22:14:05.404[Battery Energy]61.90
2020-01-30_22:14:05.404[Status]Routing Start.
2020-01-30_22:14:05.650[Status]{'id': 18, 'coordinate': [993.0458555909482, 651.3424266836398]}
2020-01-30_22:14:05.650[Status]Routing 94: Walk: 94
2020-01-30_22:14:05.758[Battery Energy]61.62
2020-01-30_22:14:05.758[Status]Routing Start.
2020-01-30_22:14:05.899[Status]{'id': 18, 'coordinate': [1003.0357051185115, 651.7928780313381]}
2020-01-30_22:14:05.899[Status]Routing 95: Walk: 95
2020-01-30_22:14:06.002[Battery Energy]61.40
2020-01-30_22:14:06.002[Status]Routing Start.
2020-01-30_22:14:06.136[Status]{'id': 18, 'coordinate': [1013.0255546460747, 652.2433293790365]}
2020-01-30_22:14:06.136[Status]Routing 96: Walk: 96
2020-01-30_22:14:06.236[Battery Energy]61.18
2020-01-30_22:14:06.236[Status]Routing Start.
2020-01-30_22:14:06.553[Status]{'id': 18, 'coordinate': [1023.015404173638, 652.6937807267348]}
2020-01-30_22:14:06.555[Status]Routing 97: Walk: 97
2020-01-30_22:14:06.662[Battery Energy]60.88
2020-01-30_22:14:06.662[Status]Routing Start.
2020-01-30_22:14:07.005[Status]{'id': 18, 'coordinate': [1033.0052537012014, 653.1442320744331]}
2020-01-30_22:14:07.005[Status]Routing 98: Walk: 98
2020-01-30_22:14:07.118[Battery Energy]60.56
2020-01-30_22:14:07.118[Status]Routing Start.
2020-01-30_22:14:07.562[Status]{'id': 18, 'coordinate': [1035.1419635242867, 662.913288893386]}
2020-01-30_22:14:07.563[Status]Routing 99: Walk: 99
2020-01-30_22:14:07.664[Battery Energy]60.12
2020-01-30_22:14:07.664[Status]Routing Start.
2020-01-30_22:14:07.862[Status]{'id': 18, 'coordinate': [1045.1066271758154, 662.0733613299019]}
2020-01-30_22:14:07.862[Status]Routing 100: Walk: 100
2020-01-30_22:14:07.965[Battery Energy]59.86
2020-01-30_22:14:07.965[Status]Routing Start.
2020-01-30_22:14:08.275[Status]{'id': 18, 'coordinate': [1055.0712908273442, 661.2334337664178]}
2020-01-30_22:14:08.276[Status]Routing 101: Walk: 101
2020-01-30_22:14:08.376[Battery Energy]59.56
2020-01-30_22:14:08.376[Status]Routing Start.
2020-01-30_22:14:08.691[Status]{'id': 18, 'coordinate': [1058.556028444299, 670.6066191236472]}
2020-01-30_22:14:08.691[Status]Routing 102: Walk: 102
2020-01-30_22:14:08.791[Battery Energy]59.19
2020-01-30_22:14:08.792[Status]Routing Start.
2020-01-30_22:14:08.925[Status]{'id': 18, 'coordinate': [1068.204084238079, 667.976976676449]}
2020-01-30_22:14:08.925[Status]Routing 103: Walk: 103
2020-01-30_22:14:09.025[Battery Energy]58.98
2020-01-30_22:14:09.025[Status]Routing Start.
2020-01-30_22:14:09.204[Status]{'id': 18, 'coordinate': [1077.852140031859, 665.3473342292509]}
2020-01-30_22:14:09.204[Status]Routing 104: Walk: 104
2020-01-30_22:14:09.306[Battery Energy]58.78
2020-01-30_22:14:09.306[Status]Routing Start.
2020-01-30_22:14:09.716[Status]{'id': 18, 'coordinate': [1080.7497799026607, 674.9183155362613]}
2020-01-30_22:14:09.716[Status]Routing 105: Walk: 105
2020-01-30_22:14:09.816[Battery Energy]58.34
2020-01-30_22:14:09.816[Status]Routing Start.
2020-01-30_22:14:09.953[Status]{'id': 18, 'coordinate': [1089.218534828267, 669.6004033510122]}
2020-01-30_22:14:09.953[Status]Routing 106: Walk: 106
2020-01-30_22:14:10.053[Battery Energy]58.11
2020-01-30_22:14:10.053[Status]Routing Start.
2020-01-30_22:14:10.463[Status]{'id': 18, 'coordinate': [1093.1251925773984, 678.8057292676299]}
2020-01-30_22:14:10.464[Status]Routing 107: Walk: 107
2020-01-30_22:14:10.566[Battery Energy]57.68
2020-01-30_22:14:10.566[Status]Routing Start.
2020-01-30_22:14:10.719[Status]{'id': 18, 'coordinate': [1099.1555922938844, 670.8286195617649]}
2020-01-30_22:14:10.719[Status]Routing 108: Walk: 108
2020-01-30_22:14:10.819[Battery Energy]57.45
2020-01-30_22:14:10.819[Status]Routing Start.
2020-01-30_22:14:11.270[Status]{'id': 18, 'coordinate': [1102.3203713458274, 680.3146183785675]}
2020-01-30_22:14:11.270[Status]Routing 109: Walk: 109
2020-01-30_22:14:11.370[Battery Energy]56.97
2020-01-30_22:14:11.371[Status]Routing Start.
2020-01-30_22:14:11.571[Status]{'id': 18, 'coordinate': [1105.36732099035, 670.7901185038369]}
2020-01-30_22:14:11.571[Status]Routing 110: Walk: 110
2020-01-30_22:14:11.671[Battery Energy]56.73
2020-01-30_22:14:11.671[Status]Routing Start.
2020-01-30_22:14:11.998[Status]{'id': 18, 'coordinate': [1114.210109458326, 675.4597107891044]}
2020-01-30_22:14:11.998[Status]Routing 111: Walk: 111
2020-01-30_22:14:12.099[Battery Energy]56.38
2020-01-30_22:14:12.099[Status]Routing Start.
2020-01-30_22:14:12.252[Status]{'id': 18, 'coordinate': [1111.9824205288708, 665.7109979492684]}
2020-01-30_22:14:12.252[Status]Routing 112: Walk: 112
2020-01-30_22:14:12.364[Battery Energy]56.17
2020-01-30_22:14:12.365[Status]Routing Start.
2020-01-30_22:14:12.370[Status]Task Finished.
2020-01-30_22:14:12.470[Battery Energy]56.17
2020-01-30_22:14:12.775[Status]Routing 114: Walk: 112
2020-01-30_22:14:12.875[Battery Energy]55.86
2020-01-30_22:14:13.009[Status]Routing 115: Walk: 112
2020-01-30_22:14:13.109[Battery Energy]55.77
2020-01-30_22:14:13.273[Status]Routing 116: Walk: 112
2020-01-30_22:14:13.386[Battery Energy]55.64
2020-01-30_22:14:13.546[Status]Routing 117: Walk: 112
2020-01-30_22:14:13.646[Battery Energy]55.51
2020-01-30_22:14:13.819[Status]Routing 118: Walk: 112
2020-01-30_22:14:13.924[Battery Energy]55.36
2020-01-30_22:14:14.070[Status]Routing 119: Walk: 112
2020-01-30_22:14:14.171[Battery Energy]55.25
2020-01-30_22:14:14.309[Status]Routing 120: Walk: 112
2020-01-30_22:14:14.410[Battery Energy]55.13
2020-01-30_22:14:14.671[Status]Routing 121: Walk: 112
2020-01-30_22:14:14.776[Battery Energy]54.94
2020-01-30_22:14:14.922[Status]Routing 122: Walk: 112
2020-01-30_22:14:15.023[Battery Energy]54.83
2020-01-30_22:14:15.164[Status]Routing 123: Walk: 112
2020-01-30_22:14:15.267[Battery Energy]54.74
2020-01-30_22:14:15.431[Status]Routing 124: Walk: 112
2020-01-30_22:14:15.538[Battery Energy]54.63
2020-01-30_22:14:15.662[Status]Routing 125: Walk: 112
2020-01-30_22:14:15.770[Battery Energy]54.52
2020-01-30_22:14:16.012[Status]Routing 126: Walk: 112
2020-01-30_22:14:16.112[Battery Energy]54.35
2020-01-30_22:14:16.254[Status]Routing 127: Walk: 112
2020-01-30_22:14:16.355[Battery Energy]54.25
2020-01-30_22:14:16.529[Status]Routing 128: Walk: 112
2020-01-30_22:14:16.636[Battery Energy]54.15
2020-01-30_22:14:16.876[Status]Routing 129: Walk: 112
2020-01-30_22:14:16.977[Battery Energy]54.01
2020-01-30_22:14:17.264[Status]Routing 130: Walk: 112
2020-01-30_22:14:17.378[Battery Energy]53.79
2020-01-30_22:14:17.582[Status]Routing 131: Walk: 112
2020-01-30_22:14:17.702[Battery Energy]53.63
2020-01-30_22:14:17.847[Status]Routing 132: Walk: 112
2020-01-30_22:14:17.966[Battery Energy]53.55
2020-01-30_22:14:18.095[Status]Routing 133: Walk: 112
2020-01-30_22:14:18.198[Battery Energy]53.46
2020-01-30_22:14:18.337[Status]Routing 134: Walk: 112
2020-01-30_22:14:18.439[Battery Energy]53.35
2020-01-30_22:14:18.606[Status]Routing 135: Walk: 112
2020-01-30_22:14:18.718[Battery Energy]53.24
2020-01-30_22:14:18.844[Status]Routing 136: Walk: 112
2020-01-30_22:14:18.945[Battery Energy]53.13
2020-01-30_22:14:19.104[Status]Routing 137: Walk: 112
2020-01-30_22:14:19.210[Battery Energy]53.02
2020-01-30_22:14:19.392[Status]Routing 138: Walk: 112
2020-01-30_22:14:19.496[Battery Energy]52.92
2020-01-30_22:14:19.636[Status]Routing 139: Walk: 112
2020-01-30_22:14:19.736[Battery Energy]52.82
2020-01-30_22:14:19.909[Status]Routing 140: Walk: 112
2020-01-30_22:14:20.022[Battery Energy]52.70
2020-01-30_22:14:20.159[Status]Routing 141: Walk: 112
2020-01-30_22:14:20.274[Battery Energy]52.60
2020-01-30_22:14:20.425[Status]Routing 142: Walk: 112
2020-01-30_22:14:20.534[Battery Energy]52.49
2020-01-30_22:14:20.685[Status]Routing 143: Walk: 112
2020-01-30_22:14:20.794[Battery Energy]52.37
2020-01-30_22:14:20.924[Status]Routing 144: Walk: 112
2020-01-30_22:14:21.025[Battery Energy]52.27
2020-01-30_22:14:21.174[Status]Routing 145: Walk: 112
2020-01-30_22:14:21.276[Battery Energy]52.15
2020-01-30_22:14:21.419[Status]Routing 146: Walk: 112
2020-01-30_22:14:21.519[Battery Energy]52.05
2020-01-30_22:14:21.678[Status]Routing 147: Walk: 112
2020-01-30_22:14:21.792[Battery Energy]51.94
2020-01-30_22:14:21.930[Status]Routing 148: Walk: 112
2020-01-30_22:14:22.037[Battery Energy]51.84
2020-01-30_22:14:22.160[Status]Routing 149: Walk: 112
2020-01-30_22:14:22.260[Battery Energy]51.75
2020-01-30_22:14:22.409[Status]Routing 150: Walk: 112
2020-01-30_22:14:22.514[Battery Energy]51.64
2020-01-30_22:14:22.659[Status]Routing 151: Walk: 112
2020-01-30_22:14:22.762[Battery Energy]51.54
2020-01-30_22:14:22.895[Status]Routing 152: Walk: 112
2020-01-30_22:14:22.998[Battery Energy]51.42
2020-01-30_22:14:23.159[Status]Routing 153: Walk: 112
2020-01-30_22:14:23.270[Battery Energy]51.30
2020-01-30_22:14:23.418[Status]Routing 154: Walk: 112
2020-01-30_22:14:23.518[Battery Energy]51.19
2020-01-30_22:14:23.683[Status]Routing 155: Walk: 112
2020-01-30_22:14:23.789[Battery Energy]51.08
2020-01-30_22:14:23.960[Status]Routing 156: Walk: 112
2020-01-30_22:14:24.070[Battery Energy]50.95
2020-01-30_22:14:24.219[Status]Routing 157: Walk: 112
2020-01-30_22:14:24.323[Battery Energy]50.86
2020-01-30_22:14:24.461[Status]Routing 158: Walk: 112
2020-01-30_22:14:24.561[Battery Energy]50.76
2020-01-30_22:14:24.704[Status]Routing 159: Walk: 112
2020-01-30_22:14:24.818[Battery Energy]50.65
2020-01-30_22:14:24.992[Status]Routing 160: Walk: 112
2020-01-30_22:14:25.092[Battery Energy]50.52
2020-01-30_22:14:25.229[Status]Routing 161: Walk: 112
2020-01-30_22:14:25.342[Battery Energy]50.43
2020-01-30_22:14:25.460[Status]Routing 162: Walk: 112
2020-01-30_22:14:25.566[Battery Energy]50.33
2020-01-30_22:14:25.694[Status]Routing 163: Walk: 112
2020-01-30_22:14:25.806[Battery Energy]50.21
2020-01-30_22:14:25.945[Status]Routing 164: Walk: 112
2020-01-30_22:14:26.050[Battery Energy]50.10
2020-01-30_22:14:26.177[Status]Routing 165: Walk: 112
2020-01-30_22:14:26.286[Battery Energy]50.01
2020-01-30_22:14:26.421[Status]Routing 166: Walk: 112
2020-01-30_22:14:26.522[Battery Energy]49.90
2020-01-30_22:14:26.669[Status]Routing 167: Walk: 112
2020-01-30_22:14:26.774[Battery Energy]49.81
2020-01-30_22:14:26.908[Status]Routing 168: Walk: 112
2020-01-30_22:14:27.009[Battery Energy]49.72
2020-01-30_22:14:27.164[Status]Routing 169: Walk: 112
2020-01-30_22:14:27.279[Battery Energy]49.60
2020-01-30_22:14:27.408[Status]Routing 170: Walk: 112
2020-01-30_22:14:27.518[Battery Energy]49.50
2020-01-30_22:14:27.655[Status]Routing 171: Walk: 112
2020-01-30_22:14:27.766[Battery Energy]49.40
2020-01-30_22:14:27.918[Status]Routing 172: Walk: 112
2020-01-30_22:14:28.034[Battery Energy]49.31
2020-01-30_22:14:28.167[Status]Routing 173: Walk: 112
2020-01-30_22:14:28.271[Battery Energy]49.23
2020-01-30_22:14:28.420[Status]Routing 174: Walk: 112
2020-01-30_22:14:28.522[Battery Energy]49.12
2020-01-30_22:14:28.719[Status]Routing 175: Walk: 112
2020-01-30_22:14:28.819[Battery Energy]48.98
2020-01-30_22:14:28.998[Status]Routing 176: Walk: 112
2020-01-30_22:14:29.106[Battery Energy]48.88
2020-01-30_22:14:29.240[Status]Routing 177: Walk: 112
2020-01-30_22:14:29.340[Battery Energy]48.75
