2020-01-30_22:13:24.230[Status]Start.
2020-01-30_22:13:24.230[Battery Energy]89.00
2020-01-30_22:13:25.332[Battery Energy]88.96
2020-01-30_22:13:26.433[Battery Energy]88.92
2020-01-30_22:13:27.534[Battery Energy]88.88
2020-01-30_22:13:28.635[Battery Energy]88.84
2020-01-30_22:13:29.736[Task]A New Task Released.
2020-01-30_22:13:29.736[Battery Energy]88.80
2020-01-30_22:13:29.736[Status]Selection Start.
2020-01-30_22:13:35.299[Status]Selection End: Do Task 1.
2020-01-30_22:13:35.399[Battery Energy]84.93
2020-01-30_22:13:35.399[Status]Formation Start.
2020-01-30_22:13:35.536[Status]number of tasks is 7
2020-01-30_22:13:35.537[Status]my group tasks is [ 1109.90311321   656.61162609]
2020-01-30_22:13:35.553[Status]my group tasks is [ 1300.   700.]
2020-01-30_22:13:35.561[Status]my group tasks is [ 1262.34898019   621.81685175]
2020-01-30_22:13:35.564[Status]my group tasks is [ 1262.34898019   778.18314825]
2020-01-30_22:13:35.568[Status]my group tasks is [ 1177.7479066    797.49279122]
2020-01-30_22:13:35.572[Status]my group tasks is [ 1109.90311321   743.38837391]
2020-01-30_22:13:35.589[Status]my group tasks is [ 1177.7479066    602.50720878]
2020-01-30_22:13:35.656[Status]mygroup_robots_utility is {17: [16.028066268604, 16.98433817886867, 18.60158131207501, 36.716615257072, 17.46001846161857, 15.322829546807071, 15.701768795661284], 18: [16.252656006182722, 17.375254027804548, 14.33500418305983, 17.24637911033418, 29.866971391533063, 14.759510975476514, 15.999800575411927], 19: [16.129832674508126, 17.551601070802516, 18.638858665509243, 17.290647319531853, 15.490394481908043, 18.77258569115706, 15.951138549605293], 6: [16.163977577961173, 15.598281633210082, 15.456444474477236, 28.354747479304223, 13.390169566191387, 14.328647542832524, 13.330155978594297], 10: [32.07168855721209, 17.87860025172552, 14.713560574695641, 16.94858395036171, 17.415489652521043, 14.90969407155665, 15.540148804807208], 11: [32.92360665916258, 33.75850859191522, 14.661207585461264, 15.989686684499338, 13.890089908851, 14.089721147847598, 15.164531365222594], 2: [16.623629957334604, 17.334537282789743, 18.378599502796316, 15.899725825631828, 18.016170429416512, 30.248524064375776, 15.410740219661509]}
2020-01-30_22:13:35.656[Status]self.local_queue is [2, 6, 11, 18, 19, 10, 17]
2020-01-30_22:13:35.656[Status]task_chosen index is 5
2020-01-30_22:13:35.656[Status]task_chosen index is 3
2020-01-30_22:13:35.656[Status]task_chosen index is 1
2020-01-30_22:13:35.657[Status]myindex_in_queue is 1
2020-01-30_22:13:35.657[Status]task destination is [1262.3489801858734, 778.183148246803]
2020-01-30_22:13:35.762[Battery Energy]84.75
2020-01-30_22:13:35.762[Status]Routing Start.
2020-01-30_22:13:35.907[Status]{'coordinate': [68.50079255485977, 386.1200866701938], 'id': 11}
2020-01-30_22:13:35.907[Status]Routing 1: Walk: 1
2020-01-30_22:13:36.014[Battery Energy]84.53
2020-01-30_22:13:36.014[Status]Routing Start.
2020-01-30_22:13:36.186[Status]{'coordinate': [78.00158510971954, 389.2401733403876], 'id': 11}
2020-01-30_22:13:36.186[Status]Routing 2: Walk: 2
2020-01-30_22:13:36.286[Battery Energy]84.31
2020-01-30_22:13:36.286[Status]Routing Start.
2020-01-30_22:13:36.465[Status]{'coordinate': [87.50237766457931, 392.36026001058144], 'id': 11}
2020-01-30_22:13:36.465[Status]Routing 3: Walk: 3
2020-01-30_22:13:36.574[Battery Energy]84.07
2020-01-30_22:13:36.574[Status]Routing Start.
2020-01-30_22:13:36.717[Status]{'coordinate': [97.00317021943908, 395.48034668077526], 'id': 11}
2020-01-30_22:13:36.718[Status]Routing 4: Walk: 4
2020-01-30_22:13:36.819[Battery Energy]83.86
2020-01-30_22:13:36.819[Status]Routing Start.
2020-01-30_22:13:36.980[Status]{'coordinate': [106.50396277429886, 398.60043335096907], 'id': 11}
2020-01-30_22:13:36.980[Status]Routing 5: Walk: 5
2020-01-30_22:13:37.089[Battery Energy]83.66
2020-01-30_22:13:37.089[Status]Routing Start.
2020-01-30_22:13:37.221[Status]{'coordinate': [116.00475532915863, 401.7205200211629], 'id': 11}
2020-01-30_22:13:37.221[Status]Routing 6: Walk: 6
2020-01-30_22:13:37.321[Battery Energy]83.45
2020-01-30_22:13:37.321[Status]Routing Start.
2020-01-30_22:13:37.538[Status]{'coordinate': [125.5055478840184, 404.8406066913567], 'id': 11}
2020-01-30_22:13:37.538[Status]Routing 7: Walk: 7
2020-01-30_22:13:37.646[Battery Energy]83.20
2020-01-30_22:13:37.646[Status]Routing Start.
2020-01-30_22:13:38.115[Status]{'coordinate': [135.00634043887817, 407.9606933615505], 'id': 11}
2020-01-30_22:13:38.117[Status]Routing 8: Walk: 8
2020-01-30_22:13:38.218[Battery Energy]82.70
2020-01-30_22:13:38.218[Status]Routing Start.
2020-01-30_22:13:38.559[Status]{'coordinate': [144.50713299373794, 411.0807800317443], 'id': 11}
2020-01-30_22:13:38.559[Status]Routing 9: Walk: 9
2020-01-30_22:13:38.659[Battery Energy]82.32
2020-01-30_22:13:38.660[Status]Routing Start.
2020-01-30_22:13:39.035[Status]Routing 10: Walk: 9
2020-01-30_22:13:39.142[Battery Energy]81.99
2020-01-30_22:13:39.142[Status]Routing Start.
2020-01-30_22:13:39.449[Status]Routing 11: Walk: 9
2020-01-30_22:13:39.558[Battery Energy]81.67
2020-01-30_22:13:39.558[Status]Routing Start.
2020-01-30_22:13:39.846[Status]{'coordinate': [154.0079255485977, 414.20086670193814], 'id': 11}
2020-01-30_22:13:39.846[Status]Routing 12: Walk: 10
2020-01-30_22:13:39.946[Battery Energy]81.34
2020-01-30_22:13:39.946[Status]Routing Start.
2020-01-30_22:13:40.094[Status]{'coordinate': [163.50871810345748, 417.32095337213195], 'id': 11}
2020-01-30_22:13:40.094[Status]Routing 13: Walk: 11
2020-01-30_22:13:40.206[Battery Energy]81.14
2020-01-30_22:13:40.206[Status]Routing Start.
2020-01-30_22:13:40.564[Status]{'coordinate': [173.00951065831725, 420.44104004232577], 'id': 11}
2020-01-30_22:13:40.564[Status]Routing 14: Walk: 12
2020-01-30_22:13:40.670[Battery Energy]80.77
2020-01-30_22:13:40.670[Status]Routing Start.
2020-01-30_22:13:40.979[Status]{'coordinate': [182.51030321317702, 423.5611267125196], 'id': 11}
2020-01-30_22:13:40.979[Status]Routing 15: Walk: 13
2020-01-30_22:13:41.079[Battery Energy]80.42
2020-01-30_22:13:41.080[Status]Routing Start.
2020-01-30_22:13:41.402[Status]{'coordinate': [192.0110957680368, 426.6812133827134], 'id': 11}
2020-01-30_22:13:41.402[Status]Routing 16: Walk: 14
2020-01-30_22:13:41.503[Battery Energy]80.07
2020-01-30_22:13:41.503[Status]Routing Start.
2020-01-30_22:13:41.818[Status]{'coordinate': [201.51188832289657, 429.8013000529072], 'id': 11}
2020-01-30_22:13:41.818[Status]Routing 17: Walk: 15
2020-01-30_22:13:41.922[Battery Energy]79.74
2020-01-30_22:13:41.922[Status]Routing Start.
2020-01-30_22:13:42.240[Status]{'coordinate': [211.01268087775634, 432.921386723101], 'id': 11}
2020-01-30_22:13:42.240[Status]Routing 18: Walk: 16
2020-01-30_22:13:42.346[Battery Energy]79.40
2020-01-30_22:13:42.346[Status]Routing Start.
2020-01-30_22:13:42.635[Status]{'coordinate': [220.5134734326161, 436.04147339329484], 'id': 11}
2020-01-30_22:13:42.635[Status]Routing 19: Walk: 17
2020-01-30_22:13:42.746[Battery Energy]79.09
2020-01-30_22:13:42.746[Status]Routing Start.
2020-01-30_22:13:43.055[Status]{'coordinate': [230.01426598747588, 439.16156006348865], 'id': 11}
2020-01-30_22:13:43.055[Status]Routing 20: Walk: 18
2020-01-30_22:13:43.155[Battery Energy]78.80
2020-01-30_22:13:43.155[Status]Routing Start.
2020-01-30_22:13:43.433[Status]{'coordinate': [239.51505854233565, 442.28164673368246], 'id': 11}
2020-01-30_22:13:43.434[Status]Routing 21: Walk: 19
2020-01-30_22:13:43.535[Battery Energy]78.48
2020-01-30_22:13:43.536[Status]Routing Start.
2020-01-30_22:13:43.828[Status]{'coordinate': [249.01585109719542, 445.4017334038763], 'id': 11}
2020-01-30_22:13:43.828[Status]Routing 22: Walk: 20
2020-01-30_22:13:43.928[Battery Energy]78.16
2020-01-30_22:13:43.928[Status]Routing Start.
2020-01-30_22:13:44.243[Status]{'coordinate': [258.51664365205517, 448.5218200740701], 'id': 11}
2020-01-30_22:13:44.243[Status]Routing 23: Walk: 21
2020-01-30_22:13:44.343[Battery Energy]77.84
2020-01-30_22:13:44.344[Status]Routing Start.
2020-01-30_22:13:44.718[Status]{'coordinate': [268.0174362069149, 451.6419067442639], 'id': 11}
2020-01-30_22:13:44.718[Status]Routing 24: Walk: 22
2020-01-30_22:13:44.830[Battery Energy]77.46
2020-01-30_22:13:44.830[Status]Routing Start.
2020-01-30_22:13:45.165[Status]{'coordinate': [277.51822876177465, 454.7619934144577], 'id': 11}
2020-01-30_22:13:45.170[Status]Routing 25: Walk: 23
2020-01-30_22:13:45.271[Battery Energy]77.10
2020-01-30_22:13:45.271[Status]Routing Start.
2020-01-30_22:13:45.592[Status]{'coordinate': [287.0190213166344, 457.88208008465153], 'id': 11}
2020-01-30_22:13:45.592[Status]Routing 26: Walk: 24
2020-01-30_22:13:45.702[Battery Energy]76.78
2020-01-30_22:13:45.702[Status]Routing Start.
2020-01-30_22:13:46.031[Status]{'coordinate': [296.5198138714942, 461.00216675484535], 'id': 11}
2020-01-30_22:13:46.031[Status]Routing 27: Walk: 25
2020-01-30_22:13:46.131[Battery Energy]76.45
2020-01-30_22:13:46.131[Status]Routing Start.
2020-01-30_22:13:46.454[Status]{'coordinate': [306.020606426354, 464.12225342503916], 'id': 11}
2020-01-30_22:13:46.454[Status]Routing 28: Walk: 26
2020-01-30_22:13:46.557[Battery Energy]76.12
2020-01-30_22:13:46.557[Status]Routing Start.
2020-01-30_22:13:46.896[Status]{'coordinate': [315.5213989812138, 467.242340095233], 'id': 11}
2020-01-30_22:13:46.897[Status]Routing 29: Walk: 27
2020-01-30_22:13:47.006[Battery Energy]75.79
2020-01-30_22:13:47.006[Status]Routing Start.
2020-01-30_22:13:47.156[Status]{'coordinate': [325.0221915360736, 470.3624267654268], 'id': 11}
2020-01-30_22:13:47.156[Status]Routing 30: Walk: 28
2020-01-30_22:13:47.256[Battery Energy]75.56
2020-01-30_22:13:47.256[Status]Routing Start.
2020-01-30_22:13:47.568[Status]{'coordinate': [334.52298409093333, 473.4825134356206], 'id': 11}
2020-01-30_22:13:47.568[Status]Routing 31: Walk: 29
2020-01-30_22:13:47.678[Battery Energy]75.22
2020-01-30_22:13:47.678[Status]Routing Start.
2020-01-30_22:13:47.841[Status]{'coordinate': [344.0237766457931, 476.6026001058144], 'id': 11}
2020-01-30_22:13:47.842[Status]Routing 32: Walk: 30
2020-01-30_22:13:47.946[Battery Energy]74.98
2020-01-30_22:13:47.946[Status]Routing Start.
2020-01-30_22:13:48.085[Status]{'coordinate': [353.5245692006528, 479.72268677600823], 'id': 11}
2020-01-30_22:13:48.085[Status]Routing 33: Walk: 31
2020-01-30_22:13:48.185[Battery Energy]74.77
2020-01-30_22:13:48.185[Status]Routing Start.
2020-01-30_22:13:48.324[Status]{'coordinate': [363.02536175551256, 482.84277344620205], 'id': 11}
2020-01-30_22:13:48.324[Status]Routing 34: Walk: 32
2020-01-30_22:13:48.438[Battery Energy]74.56
2020-01-30_22:13:48.438[Status]Routing Start.
2020-01-30_22:13:48.736[Status]{'coordinate': [372.52615431037236, 485.96286011639586], 'id': 11}
2020-01-30_22:13:48.736[Status]Routing 35: Walk: 33
2020-01-30_22:13:48.837[Battery Energy]74.22
2020-01-30_22:13:48.837[Status]Routing Start.
2020-01-30_22:13:49.165[Status]{'coordinate': [382.0269468652321, 489.0829467865897], 'id': 11}
2020-01-30_22:13:49.165[Status]Routing 36: Walk: 34
2020-01-30_22:13:49.274[Battery Energy]73.91
2020-01-30_22:13:49.274[Status]Routing Start.
2020-01-30_22:13:49.399[Status]{'coordinate': [391.52773942009185, 492.2030334567835], 'id': 11}
2020-01-30_22:13:49.399[Status]Routing 37: Walk: 35
2020-01-30_22:13:49.514[Battery Energy]73.71
2020-01-30_22:13:49.514[Status]Routing Start.
2020-01-30_22:13:49.641[Status]{'coordinate': [401.0285319749516, 495.3231201269773], 'id': 11}
2020-01-30_22:13:49.642[Status]Routing 38: Walk: 36
2020-01-30_22:13:49.750[Battery Energy]73.50
2020-01-30_22:13:49.750[Status]Routing Start.
2020-01-30_22:13:49.894[Status]{'coordinate': [410.52932452981133, 498.4432067971711], 'id': 11}
2020-01-30_22:13:49.894[Status]Routing 39: Walk: 37
2020-01-30_22:13:50.002[Battery Energy]73.28
2020-01-30_22:13:50.002[Status]Routing Start.
2020-01-30_22:13:50.134[Status]{'coordinate': [420.0301170846711, 501.56329346736493], 'id': 11}
2020-01-30_22:13:50.135[Status]Routing 40: Walk: 38
2020-01-30_22:13:50.246[Battery Energy]73.07
2020-01-30_22:13:50.246[Status]Routing Start.
2020-01-30_22:13:50.359[Status]{'coordinate': [429.5309096395308, 504.68338013755874], 'id': 11}
2020-01-30_22:13:50.359[Status]Routing 41: Walk: 39
2020-01-30_22:13:50.460[Battery Energy]72.88
2020-01-30_22:13:50.460[Status]Routing Start.
2020-01-30_22:13:50.637[Status]{'coordinate': [439.0317021943906, 507.80346680775256], 'id': 11}
2020-01-30_22:13:50.638[Status]Routing 42: Walk: 40
2020-01-30_22:13:50.740[Battery Energy]72.63
2020-01-30_22:13:50.740[Status]Routing Start.
2020-01-30_22:13:50.988[Status]{'coordinate': [448.5324947492504, 510.92355347794637], 'id': 11}
2020-01-30_22:13:50.988[Status]Routing 43: Walk: 41
2020-01-30_22:13:51.094[Battery Energy]72.35
2020-01-30_22:13:51.094[Status]Routing Start.
2020-01-30_22:13:51.246[Status]{'coordinate': [458.03328730411016, 514.0436401481402], 'id': 11}
2020-01-30_22:13:51.247[Status]Routing 44: Walk: 42
2020-01-30_22:13:51.358[Battery Energy]72.13
2020-01-30_22:13:51.358[Status]Routing Start.
2020-01-30_22:13:51.506[Status]{'coordinate': [467.5340798589699, 517.163726818334], 'id': 11}
2020-01-30_22:13:51.506[Status]Routing 45: Walk: 43
2020-01-30_22:13:51.606[Battery Energy]71.94
2020-01-30_22:13:51.606[Status]Routing Start.
2020-01-30_22:13:51.765[Status]{'coordinate': [477.03487241382965, 520.2838134885278], 'id': 11}
2020-01-30_22:13:51.765[Status]Routing 46: Walk: 44
2020-01-30_22:13:51.878[Battery Energy]71.72
2020-01-30_22:13:51.878[Status]Routing Start.
2020-01-30_22:13:52.160[Status]{'coordinate': [486.5356649686894, 523.4039001587216], 'id': 11}
2020-01-30_22:13:52.166[Status]Routing 47: Walk: 45
2020-01-30_22:13:52.267[Battery Energy]71.42
2020-01-30_22:13:52.267[Status]Routing Start.
2020-01-30_22:13:52.583[Status]{'coordinate': [496.03645752354913, 526.5239868289154], 'id': 11}
2020-01-30_22:13:52.583[Status]Routing 48: Walk: 46
2020-01-30_22:13:52.690[Battery Energy]71.16
2020-01-30_22:13:52.690[Status]Routing Start.
2020-01-30_22:13:52.826[Status]{'coordinate': [505.5372500784089, 529.6440734991093], 'id': 11}
2020-01-30_22:13:52.827[Status]Routing 49: Walk: 47
2020-01-30_22:13:52.938[Battery Energy]70.96
2020-01-30_22:13:52.938[Status]Routing Start.
2020-01-30_22:13:53.063[Status]{'coordinate': [515.0380426332687, 532.7641601693031], 'id': 11}
2020-01-30_22:13:53.063[Status]Routing 50: Walk: 48
2020-01-30_22:13:53.164[Battery Energy]70.76
2020-01-30_22:13:53.164[Status]Routing Start.
2020-01-30_22:13:53.310[Status]{'coordinate': [524.5388351881285, 535.8842468394969], 'id': 11}
2020-01-30_22:13:53.310[Status]Routing 51: Walk: 49
2020-01-30_22:13:53.410[Battery Energy]70.54
2020-01-30_22:13:53.410[Status]Routing Start.
2020-01-30_22:13:53.553[Status]{'coordinate': [534.0396277429883, 539.0043335096907], 'id': 11}
2020-01-30_22:13:53.553[Status]Routing 52: Walk: 50
2020-01-30_22:13:53.661[Battery Energy]70.34
2020-01-30_22:13:53.661[Status]Routing Start.
2020-01-30_22:13:53.807[Status]{'coordinate': [543.5404202978481, 542.1244201798845], 'id': 11}
2020-01-30_22:13:53.807[Status]Routing 53: Walk: 51
2020-01-30_22:13:53.907[Battery Energy]70.16
2020-01-30_22:13:53.907[Status]Routing Start.
2020-01-30_22:13:54.254[Status]{'coordinate': [553.0412128527079, 545.2445068500783], 'id': 11}
2020-01-30_22:13:54.255[Status]Routing 54: Walk: 52
2020-01-30_22:13:54.355[Battery Energy]69.83
2020-01-30_22:13:54.355[Status]Routing Start.
2020-01-30_22:13:54.501[Status]{'coordinate': [562.5420054075677, 548.3645935202721], 'id': 11}
2020-01-30_22:13:54.503[Status]Routing 55: Walk: 53
2020-01-30_22:13:54.610[Battery Energy]69.62
2020-01-30_22:13:54.610[Status]Routing Start.
2020-01-30_22:13:54.759[Status]{'coordinate': [572.0427979624275, 551.484680190466], 'id': 11}
2020-01-30_22:13:54.759[Status]Routing 56: Walk: 54
2020-01-30_22:13:54.870[Battery Energy]69.42
2020-01-30_22:13:54.870[Status]Routing Start.
2020-01-30_22:13:55.206[Status]{'coordinate': [581.5435905172873, 554.6047668606598], 'id': 11}
2020-01-30_22:13:55.206[Status]Routing 57: Walk: 55
2020-01-30_22:13:55.314[Battery Energy]69.08
2020-01-30_22:13:55.314[Status]Routing Start.
2020-01-30_22:13:55.612[Status]{'coordinate': [591.0443830721471, 557.7248535308536], 'id': 11}
2020-01-30_22:13:55.613[Status]Routing 58: Walk: 56
2020-01-30_22:13:55.716[Battery Energy]68.79
2020-01-30_22:13:55.716[Status]Routing Start.
2020-01-30_22:13:56.038[Status]{'coordinate': [600.5451756270069, 560.8449402010474], 'id': 11}
2020-01-30_22:13:56.038[Status]Routing 59: Walk: 57
2020-01-30_22:13:56.149[Battery Energy]68.47
2020-01-30_22:13:56.149[Status]Routing Start.
2020-01-30_22:13:56.277[Status]{'coordinate': [610.0459681818667, 563.9650268712412], 'id': 11}
2020-01-30_22:13:56.277[Status]Routing 60: Walk: 58
2020-01-30_22:13:56.377[Battery Energy]68.26
2020-01-30_22:13:56.377[Status]Routing Start.
2020-01-30_22:13:56.528[Status]{'coordinate': [619.5467607367265, 567.085113541435], 'id': 11}
2020-01-30_22:13:56.528[Status]Routing 61: Walk: 59
2020-01-30_22:13:56.638[Battery Energy]68.06
2020-01-30_22:13:56.638[Status]Routing Start.
2020-01-30_22:13:56.767[Status]{'coordinate': [629.0475532915863, 570.2052002116288], 'id': 11}
2020-01-30_22:13:56.768[Status]Routing 62: Walk: 60
2020-01-30_22:13:56.869[Battery Energy]67.86
2020-01-30_22:13:56.869[Status]Routing Start.
2020-01-30_22:13:57.048[Status]{'coordinate': [638.5483458464461, 573.3252868818226], 'id': 11}
2020-01-30_22:13:57.049[Status]Routing 63: Walk: 61
2020-01-30_22:13:57.149[Battery Energy]67.65
2020-01-30_22:13:57.149[Status]Routing Start.
2020-01-30_22:13:57.299[Status]{'coordinate': [648.0491384013059, 576.4453735520165], 'id': 11}
2020-01-30_22:13:57.299[Status]Routing 64: Walk: 62
2020-01-30_22:13:57.399[Battery Energy]67.46
2020-01-30_22:13:57.399[Status]Routing Start.
2020-01-30_22:13:57.573[Status]{'coordinate': [657.5499309561657, 579.5654602222103], 'id': 11}
2020-01-30_22:13:57.574[Status]Routing 65: Walk: 63
2020-01-30_22:13:57.683[Battery Energy]67.25
2020-01-30_22:13:57.683[Status]Routing Start.
2020-01-30_22:13:57.850[Status]{'coordinate': [667.0507235110255, 582.6855468924041], 'id': 11}
2020-01-30_22:13:57.858[Status]Routing 66: Walk: 64
2020-01-30_22:13:57.962[Battery Energy]67.02
2020-01-30_22:13:57.962[Status]Routing Start.
2020-01-30_22:13:58.097[Status]{'coordinate': [676.5515160658853, 585.8056335625979], 'id': 11}
2020-01-30_22:13:58.100[Status]Routing 67: Walk: 65
2020-01-30_22:13:58.222[Battery Energy]66.80
2020-01-30_22:13:58.222[Status]Routing Start.
2020-01-30_22:13:58.360[Status]{'coordinate': [686.0523086207451, 588.9257202327917], 'id': 11}
2020-01-30_22:13:58.360[Status]Routing 68: Walk: 66
2020-01-30_22:13:58.470[Battery Energy]66.60
2020-01-30_22:13:58.470[Status]Routing Start.
2020-01-30_22:13:58.691[Status]{'coordinate': [695.5531011756049, 592.0458069029855], 'id': 11}
2020-01-30_22:13:58.691[Status]Routing 69: Walk: 67
2020-01-30_22:13:58.791[Battery Energy]66.32
2020-01-30_22:13:58.792[Status]Routing Start.
2020-01-30_22:13:58.966[Status]{'coordinate': [705.0538937304647, 595.1658935731793], 'id': 11}
2020-01-30_22:13:58.966[Status]Routing 70: Walk: 68
2020-01-30_22:13:59.078[Battery Energy]66.10
2020-01-30_22:13:59.078[Status]Routing Start.
2020-01-30_22:13:59.192[Status]{'coordinate': [714.5546862853245, 598.2859802433732], 'id': 11}
2020-01-30_22:13:59.192[Status]Routing 71: Walk: 69
2020-01-30_22:13:59.293[Battery Energy]65.91
2020-01-30_22:13:59.293[Status]Routing Start.
2020-01-30_22:13:59.463[Status]{'coordinate': [724.0554788401843, 601.406066913567], 'id': 11}
2020-01-30_22:13:59.465[Status]Routing 72: Walk: 70
2020-01-30_22:13:59.578[Battery Energy]65.70
2020-01-30_22:13:59.578[Status]Routing Start.
2020-01-30_22:13:59.891[Status]{'coordinate': [733.5562713950441, 604.5261535837608], 'id': 11}
2020-01-30_22:13:59.891[Status]Routing 73: Walk: 71
2020-01-30_22:13:59.998[Battery Energy]65.41
2020-01-30_22:13:59.998[Status]Routing Start.
2020-01-30_22:14:00.294[Status]{'coordinate': [743.0570639499039, 607.6462402539546], 'id': 11}
2020-01-30_22:14:00.294[Status]Routing 74: Walk: 72
2020-01-30_22:14:00.398[Battery Energy]65.10
2020-01-30_22:14:00.398[Status]Routing Start.
2020-01-30_22:14:00.519[Status]{'coordinate': [752.5578565047637, 610.7663269241484], 'id': 11}
2020-01-30_22:14:00.519[Status]Routing 75: Walk: 73
2020-01-30_22:14:00.619[Battery Energy]64.89
2020-01-30_22:14:00.619[Status]Routing Start.
2020-01-30_22:14:00.974[Status]{'coordinate': [762.0586490596235, 613.8864135943422], 'id': 11}
2020-01-30_22:14:00.974[Status]Routing 76: Walk: 74
2020-01-30_22:14:01.082[Battery Energy]64.55
2020-01-30_22:14:01.082[Status]Routing Start.
2020-01-30_22:14:01.219[Status]{'coordinate': [771.5594416144833, 617.006500264536], 'id': 11}
2020-01-30_22:14:01.219[Status]Routing 77: Walk: 75
2020-01-30_22:14:01.319[Battery Energy]64.32
2020-01-30_22:14:01.320[Status]Routing Start.
2020-01-30_22:14:01.486[Status]{'coordinate': [781.0602341693431, 620.1265869347299], 'id': 11}
2020-01-30_22:14:01.487[Status]Routing 78: Walk: 76
2020-01-30_22:14:01.594[Battery Energy]64.07
2020-01-30_22:14:01.594[Status]Routing Start.
2020-01-30_22:14:01.740[Status]{'coordinate': [790.5610267242029, 623.2466736049237], 'id': 11}
2020-01-30_22:14:01.740[Status]Routing 79: Walk: 77
2020-01-30_22:14:01.840[Battery Energy]63.87
2020-01-30_22:14:01.840[Status]Routing Start.
2020-01-30_22:14:01.999[Status]{'coordinate': [800.0618192790627, 626.3667602751175], 'id': 11}
2020-01-30_22:14:02.001[Status]Routing 80: Walk: 78
2020-01-30_22:14:02.114[Battery Energy]63.66
2020-01-30_22:14:02.114[Status]Routing Start.
2020-01-30_22:14:02.283[Status]{'coordinate': [809.5626118339225, 629.4868469453113], 'id': 11}
2020-01-30_22:14:02.283[Status]Routing 81: Walk: 79
2020-01-30_22:14:02.384[Battery Energy]63.42
2020-01-30_22:14:02.384[Status]Routing Start.
2020-01-30_22:14:02.517[Status]{'coordinate': [819.0634043887823, 632.6069336155051], 'id': 11}
2020-01-30_22:14:02.518[Status]Routing 82: Walk: 80
2020-01-30_22:14:02.618[Battery Energy]63.23
2020-01-30_22:14:02.618[Status]Routing Start.
2020-01-30_22:14:02.773[Status]{'coordinate': [828.5641969436421, 635.7270202856989], 'id': 11}
2020-01-30_22:14:02.773[Status]Routing 83: Walk: 81
2020-01-30_22:14:02.886[Battery Energy]63.02
2020-01-30_22:14:02.886[Status]Routing Start.
2020-01-30_22:14:03.008[Status]{'coordinate': [838.0649894985019, 638.8471069558927], 'id': 11}
2020-01-30_22:14:03.010[Status]Routing 84: Walk: 82
2020-01-30_22:14:03.118[Battery Energy]62.81
2020-01-30_22:14:03.118[Status]Routing Start.
2020-01-30_22:14:03.244[Status]{'coordinate': [847.5657820533617, 641.9671936260866], 'id': 11}
2020-01-30_22:14:03.244[Status]Routing 85: Walk: 83
2020-01-30_22:14:03.344[Battery Energy]62.62
2020-01-30_22:14:03.344[Status]Routing Start.
2020-01-30_22:14:03.495[Status]{'coordinate': [857.0665746082215, 645.0872802962804], 'id': 11}
2020-01-30_22:14:03.495[Status]Routing 86: Walk: 84
2020-01-30_22:14:03.595[Battery Energy]62.41
2020-01-30_22:14:03.596[Status]Routing Start.
2020-01-30_22:14:03.786[Status]{'coordinate': [866.5673671630813, 648.2073669664742], 'id': 11}
2020-01-30_22:14:03.787[Status]Routing 87: Walk: 85
2020-01-30_22:14:03.890[Battery Energy]62.17
2020-01-30_22:14:03.890[Status]Routing Start.
2020-01-30_22:14:04.028[Status]{'coordinate': [876.0681597179411, 651.327453636668], 'id': 11}
2020-01-30_22:14:04.028[Status]Routing 88: Walk: 86
2020-01-30_22:14:04.128[Battery Energy]61.95
2020-01-30_22:14:04.128[Status]Routing Start.
2020-01-30_22:14:04.284[Status]{'coordinate': [885.5689522728009, 654.4475403068618], 'id': 11}
2020-01-30_22:14:04.290[Status]Routing 89: Walk: 87
2020-01-30_22:14:04.390[Battery Energy]61.75
2020-01-30_22:14:04.390[Status]Routing Start.
2020-01-30_22:14:04.564[Status]{'coordinate': [895.0697448276607, 657.5676269770556], 'id': 11}
2020-01-30_22:14:04.565[Status]Routing 90: Walk: 88
2020-01-30_22:14:04.666[Battery Energy]61.52
2020-01-30_22:14:04.666[Status]Routing Start.
2020-01-30_22:14:04.811[Status]{'coordinate': [904.5705373825205, 660.6877136472494], 'id': 11}
2020-01-30_22:14:04.811[Status]Routing 91: Walk: 89
2020-01-30_22:14:04.922[Battery Energy]61.31
2020-01-30_22:14:04.922[Status]Routing Start.
2020-01-30_22:14:05.048[Status]{'coordinate': [914.0713299373803, 663.8078003174433], 'id': 11}
2020-01-30_22:14:05.048[Status]Routing 92: Walk: 90
2020-01-30_22:14:05.158[Battery Energy]61.10
2020-01-30_22:14:05.158[Status]Routing Start.
2020-01-30_22:14:05.298[Status]{'coordinate': [923.57212249224, 666.9278869876371], 'id': 11}
2020-01-30_22:14:05.299[Status]Routing 93: Walk: 91
2020-01-30_22:14:05.406[Battery Energy]60.89
2020-01-30_22:14:05.406[Status]Routing Start.
2020-01-30_22:14:05.648[Status]{'coordinate': [933.0729150470999, 670.0479736578309], 'id': 11}
2020-01-30_22:14:05.648[Status]Routing 94: Walk: 92
2020-01-30_22:14:05.748[Battery Energy]60.60
2020-01-30_22:14:05.748[Status]Routing Start.
2020-01-30_22:14:05.900[Status]{'coordinate': [942.5737076019597, 673.1680603280247], 'id': 11}
2020-01-30_22:14:05.900[Status]Routing 95: Walk: 93
2020-01-30_22:14:06.004[Battery Energy]60.38
2020-01-30_22:14:06.004[Status]Routing Start.
2020-01-30_22:14:06.156[Status]{'coordinate': [952.0745001568195, 676.2881469982185], 'id': 11}
2020-01-30_22:14:06.157[Status]Routing 96: Walk: 94
2020-01-30_22:14:06.259[Battery Energy]60.17
2020-01-30_22:14:06.260[Status]Routing Start.
2020-01-30_22:14:06.542[Status]{'coordinate': [961.5752927116793, 679.4082336684123], 'id': 11}
2020-01-30_22:14:06.542[Status]Routing 97: Walk: 95
2020-01-30_22:14:06.642[Battery Energy]59.87
2020-01-30_22:14:06.642[Status]Routing Start.
2020-01-30_22:14:07.001[Status]{'coordinate': [971.076085266539, 682.5283203386061], 'id': 11}
2020-01-30_22:14:07.001[Status]Routing 98: Walk: 96
2020-01-30_22:14:07.109[Battery Energy]59.54
2020-01-30_22:14:07.109[Status]Routing Start.
2020-01-30_22:14:07.399[Status]{'coordinate': [980.5768778213989, 685.6484070088], 'id': 11}
2020-01-30_22:14:07.400[Status]Routing 99: Walk: 97
2020-01-30_22:14:07.500[Battery Energy]59.25
2020-01-30_22:14:07.500[Status]Routing Start.
2020-01-30_22:14:07.872[Status]{'coordinate': [990.0776703762587, 688.7684936789938], 'id': 11}
2020-01-30_22:14:07.882[Status]Routing 100: Walk: 98
2020-01-30_22:14:07.984[Battery Energy]58.93
2020-01-30_22:14:07.984[Status]Routing Start.
2020-01-30_22:14:08.268[Status]{'coordinate': [999.5784629311185, 691.8885803491876], 'id': 11}
2020-01-30_22:14:08.268[Status]Routing 101: Walk: 99
2020-01-30_22:14:08.368[Battery Energy]58.63
2020-01-30_22:14:08.368[Status]Routing Start.
2020-01-30_22:14:08.512[Status]{'coordinate': [1009.0792554859783, 695.0086670193814], 'id': 11}
2020-01-30_22:14:08.515[Status]Routing 102: Walk: 100
2020-01-30_22:14:08.628[Battery Energy]58.39
2020-01-30_22:14:08.628[Status]Routing Start.
2020-01-30_22:14:08.933[Status]{'coordinate': [1018.580048040838, 698.1287536895752], 'id': 11}
2020-01-30_22:14:08.933[Status]Routing 103: Walk: 101
2020-01-30_22:14:09.042[Battery Energy]58.07
2020-01-30_22:14:09.042[Status]Routing Start.
2020-01-30_22:14:09.206[Status]{'coordinate': [1028.0808405956977, 701.248840359769], 'id': 11}
2020-01-30_22:14:09.207[Status]Routing 104: Walk: 102
2020-01-30_22:14:09.314[Battery Energy]57.83
2020-01-30_22:14:09.314[Status]Routing Start.
2020-01-30_22:14:09.541[Status]{'coordinate': [1037.5816331505575, 704.3689270299628], 'id': 11}
2020-01-30_22:14:09.541[Status]Routing 105: Walk: 103
2020-01-30_22:14:09.646[Battery Energy]57.57
2020-01-30_22:14:09.646[Status]Routing Start.
2020-01-30_22:14:09.954[Status]{'coordinate': [1047.0824257054173, 707.4890137001566], 'id': 11}
2020-01-30_22:14:09.954[Status]Routing 106: Walk: 104
2020-01-30_22:14:10.062[Battery Energy]57.22
2020-01-30_22:14:10.062[Status]Routing Start.
2020-01-30_22:14:10.298[Status]{'coordinate': [1056.5832182602771, 710.6091003703505], 'id': 11}
2020-01-30_22:14:10.298[Status]Routing 107: Walk: 105
2020-01-30_22:14:10.403[Battery Energy]56.93
2020-01-30_22:14:10.403[Status]Routing Start.
2020-01-30_22:14:10.711[Status]{'coordinate': [1066.084010815137, 713.7291870405443], 'id': 11}
2020-01-30_22:14:10.711[Status]Routing 108: Walk: 106
2020-01-30_22:14:10.814[Battery Energy]56.57
2020-01-30_22:14:10.814[Status]Routing Start.
2020-01-30_22:14:11.146[Status]{'coordinate': [1075.5848033699967, 716.8492737107381], 'id': 11}
2020-01-30_22:14:11.146[Status]Routing 109: Walk: 107
2020-01-30_22:14:11.246[Battery Energy]56.25
2020-01-30_22:14:11.246[Status]Routing Start.
2020-01-30_22:14:11.563[Status]{'coordinate': [1085.0855959248565, 719.9693603809319], 'id': 11}
2020-01-30_22:14:11.563[Status]Routing 110: Walk: 108
2020-01-30_22:14:11.663[Battery Energy]55.91
2020-01-30_22:14:11.663[Status]Routing Start.
2020-01-30_22:14:11.830[Status]{'coordinate': [1094.5863884797163, 723.0894470511257], 'id': 11}
2020-01-30_22:14:11.833[Status]Routing 111: Walk: 109
2020-01-30_22:14:11.950[Battery Energy]55.70
2020-01-30_22:14:11.950[Status]Routing Start.
2020-01-30_22:14:12.253[Status]{'coordinate': [1104.0871810345761, 726.2095337213196], 'id': 11}
2020-01-30_22:14:12.253[Status]Routing 112: Walk: 110
2020-01-30_22:14:12.365[Battery Energy]55.39
2020-01-30_22:14:12.365[Status]Routing Start.
2020-01-30_22:14:12.601[Status]{'coordinate': [1113.587973589436, 729.3296203915136], 'id': 11}
2020-01-30_22:14:12.604[Status]Routing 113: Walk: 111
2020-01-30_22:14:12.714[Battery Energy]55.09
2020-01-30_22:14:12.714[Status]Routing Start.
2020-01-30_22:14:13.010[Status]{'coordinate': [1123.0887661442957, 732.4497070617074], 'id': 11}
2020-01-30_22:14:13.012[Status]Routing 114: Walk: 112
2020-01-30_22:14:13.114[Battery Energy]54.81
2020-01-30_22:14:13.114[Status]Routing Start.
2020-01-30_22:14:13.279[Status]{'coordinate': [1132.5895586991555, 735.5697937319013], 'id': 11}
2020-01-30_22:14:13.279[Status]Routing 115: Walk: 113
2020-01-30_22:14:13.394[Battery Energy]54.61
2020-01-30_22:14:13.394[Status]Routing Start.
2020-01-30_22:14:13.549[Status]{'coordinate': [1142.0903512540153, 738.6898804020952], 'id': 11}
2020-01-30_22:14:13.550[Status]Routing 116: Walk: 114
2020-01-30_22:14:13.654[Battery Energy]54.37
2020-01-30_22:14:13.654[Status]Routing Start.
2020-01-30_22:14:13.816[Status]{'coordinate': [1151.5911438088751, 741.809967072289], 'id': 11}
2020-01-30_22:14:13.817[Status]Routing 117: Walk: 115
2020-01-30_22:14:13.918[Battery Energy]54.14
2020-01-30_22:14:13.918[Status]Routing Start.
2020-01-30_22:14:14.065[Status]{'coordinate': [1161.091936363735, 744.930053742483], 'id': 11}
2020-01-30_22:14:14.069[Status]Routing 118: Walk: 116
2020-01-30_22:14:14.178[Battery Energy]53.95
2020-01-30_22:14:14.178[Status]Routing Start.
2020-01-30_22:14:14.311[Status]{'coordinate': [1170.5927289185947, 748.0501404126769], 'id': 11}
2020-01-30_22:14:14.311[Status]Routing 119: Walk: 117
2020-01-30_22:14:14.411[Battery Energy]53.75
2020-01-30_22:14:14.411[Status]Routing Start.
2020-01-30_22:14:14.672[Status]{'coordinate': [1180.0935214734545, 751.1702270828707], 'id': 11}
2020-01-30_22:14:14.672[Status]Routing 120: Walk: 118
2020-01-30_22:14:14.773[Battery Energy]53.48
2020-01-30_22:14:14.773[Status]Routing Start.
2020-01-30_22:14:14.920[Status]{'coordinate': [1189.5943140283143, 754.2903137530647], 'id': 11}
2020-01-30_22:14:14.920[Status]Routing 121: Walk: 119
2020-01-30_22:14:15.022[Battery Energy]53.28
2020-01-30_22:14:15.022[Status]Routing Start.
2020-01-30_22:14:15.163[Status]{'coordinate': [1199.0951065831741, 757.4104004232585], 'id': 11}
2020-01-30_22:14:15.163[Status]Routing 122: Walk: 120
2020-01-30_22:14:15.278[Battery Energy]53.06
2020-01-30_22:14:15.278[Status]Routing Start.
2020-01-30_22:14:15.434[Status]{'coordinate': [1208.595899138034, 760.5304870934524], 'id': 11}
2020-01-30_22:14:15.434[Status]Routing 123: Walk: 121
2020-01-30_22:14:15.545[Battery Energy]52.83
2020-01-30_22:14:15.545[Status]Routing Start.
2020-01-30_22:14:15.670[Status]{'coordinate': [1218.0966916928937, 763.6505737636463], 'id': 11}
2020-01-30_22:14:15.670[Status]Routing 124: Walk: 122
2020-01-30_22:14:15.770[Battery Energy]52.65
2020-01-30_22:14:15.770[Status]Routing Start.
2020-01-30_22:14:16.014[Status]{'coordinate': [1227.5974842477535, 766.7706604338401], 'id': 11}
2020-01-30_22:14:16.014[Status]Routing 125: Walk: 123
2020-01-30_22:14:16.115[Battery Energy]52.37
2020-01-30_22:14:16.115[Status]Routing Start.
2020-01-30_22:14:16.249[Status]{'coordinate': [1237.0982768026133, 769.8907471040341], 'id': 11}
2020-01-30_22:14:16.251[Status]Routing 126: Walk: 124
2020-01-30_22:14:16.352[Battery Energy]52.18
2020-01-30_22:14:16.352[Status]Routing Start.
2020-01-30_22:14:16.525[Status]{'coordinate': [1246.5990693574731, 773.010833774228], 'id': 11}
2020-01-30_22:14:16.525[Status]Routing 127: Walk: 125
2020-01-30_22:14:16.629[Battery Energy]51.95
2020-01-30_22:14:16.629[Status]Routing Start.
2020-01-30_22:14:16.893[Status]{'coordinate': [1256.099861912333, 776.1309204444218], 'id': 11}
2020-01-30_22:14:16.893[Status]Routing 128: Walk: 126
2020-01-30_22:14:16.993[Battery Energy]51.68
2020-01-30_22:14:16.993[Status]Routing Start.
2020-01-30_22:14:16.993[Status]Task Finished.
2020-01-30_22:14:17.093[Battery Energy]51.68
2020-01-30_22:14:17.261[Status]Routing 130: Walk: 126
2020-01-30_22:14:17.370[Battery Energy]51.55
2020-01-30_22:14:17.577[Status]Routing 131: Walk: 126
2020-01-30_22:14:17.677[Battery Energy]51.41
2020-01-30_22:14:17.845[Status]Routing 132: Walk: 126
2020-01-30_22:14:17.958[Battery Energy]51.29
2020-01-30_22:14:18.097[Status]Routing 133: Walk: 126
2020-01-30_22:14:18.206[Battery Energy]51.20
2020-01-30_22:14:18.340[Status]Routing 134: Walk: 126
2020-01-30_22:14:18.444[Battery Energy]51.11
2020-01-30_22:14:18.613[Status]Routing 135: Walk: 126
2020-01-30_22:14:18.713[Battery Energy]51.03
2020-01-30_22:14:18.851[Status]Routing 136: Walk: 126
2020-01-30_22:14:18.958[Battery Energy]50.92
2020-01-30_22:14:19.106[Status]Routing 137: Walk: 126
2020-01-30_22:14:19.214[Battery Energy]50.81
2020-01-30_22:14:19.383[Status]Routing 138: Walk: 126
2020-01-30_22:14:19.490[Battery Energy]50.70
2020-01-30_22:14:19.630[Status]Routing 139: Walk: 126
2020-01-30_22:14:19.730[Battery Energy]50.60
2020-01-30_22:14:19.911[Status]Routing 140: Walk: 126
2020-01-30_22:14:20.030[Battery Energy]50.47
2020-01-30_22:14:20.155[Status]Routing 141: Walk: 126
2020-01-30_22:14:20.256[Battery Energy]50.36
2020-01-30_22:14:20.428[Status]Routing 142: Walk: 126
2020-01-30_22:14:20.537[Battery Energy]50.26
2020-01-30_22:14:20.685[Status]Routing 143: Walk: 126
2020-01-30_22:14:20.795[Battery Energy]50.16
2020-01-30_22:14:20.924[Status]Routing 144: Walk: 126
2020-01-30_22:14:21.030[Battery Energy]50.05
2020-01-30_22:14:21.176[Status]Routing 145: Walk: 126
2020-01-30_22:14:21.279[Battery Energy]49.94
2020-01-30_22:14:21.424[Status]Routing 146: Walk: 126
2020-01-30_22:14:21.543[Battery Energy]49.81
2020-01-30_22:14:21.674[Status]Routing 147: Walk: 126
2020-01-30_22:14:21.779[Battery Energy]49.70
2020-01-30_22:14:21.929[Status]Routing 148: Walk: 126
2020-01-30_22:14:22.042[Battery Energy]49.58
2020-01-30_22:14:22.151[Status]Routing 149: Walk: 126
2020-01-30_22:14:22.251[Battery Energy]49.48
2020-01-30_22:14:22.403[Status]Routing 150: Walk: 126
2020-01-30_22:14:22.504[Battery Energy]49.36
2020-01-30_22:14:22.655[Status]Routing 151: Walk: 126
2020-01-30_22:14:22.759[Battery Energy]49.23
2020-01-30_22:14:22.894[Status]Routing 152: Walk: 126
2020-01-30_22:14:23.003[Battery Energy]49.12
2020-01-30_22:14:23.161[Status]Routing 153: Walk: 126
2020-01-30_22:14:23.274[Battery Energy]49.00
2020-01-30_22:14:23.417[Status]Routing 154: Walk: 126
2020-01-30_22:14:23.519[Battery Energy]48.90
2020-01-30_22:14:23.708[Status]Routing 155: Walk: 126
2020-01-30_22:14:23.809[Battery Energy]48.81
2020-01-30_22:14:23.958[Status]Routing 156: Walk: 126
2020-01-30_22:14:24.065[Battery Energy]48.71
2020-01-30_22:14:24.210[Status]Routing 157: Walk: 126
2020-01-30_22:14:24.318[Battery Energy]48.62
2020-01-30_22:14:24.453[Status]Routing 158: Walk: 126
2020-01-30_22:14:24.555[Battery Energy]48.52
2020-01-30_22:14:24.697[Status]Routing 159: Walk: 126
2020-01-30_22:14:24.802[Battery Energy]48.41
2020-01-30_22:14:24.998[Status]Routing 160: Walk: 126
2020-01-30_22:14:25.102[Battery Energy]48.27
2020-01-30_22:14:25.226[Status]Routing 161: Walk: 126
2020-01-30_22:14:25.334[Battery Energy]48.18
2020-01-30_22:14:25.462[Status]Routing 162: Walk: 126
2020-01-30_22:14:25.574[Battery Energy]48.08
2020-01-30_22:14:25.699[Status]Routing 163: Walk: 126
2020-01-30_22:14:25.802[Battery Energy]47.98
2020-01-30_22:14:25.942[Status]Routing 164: Walk: 126
2020-01-30_22:14:26.043[Battery Energy]47.89
2020-01-30_22:14:26.173[Status]Routing 165: Walk: 126
2020-01-30_22:14:26.273[Battery Energy]47.79
2020-01-30_22:14:26.421[Status]Routing 166: Walk: 126
2020-01-30_22:14:26.522[Battery Energy]47.67
2020-01-30_22:14:26.670[Status]Routing 167: Walk: 126
2020-01-30_22:14:26.770[Battery Energy]47.55
2020-01-30_22:14:26.916[Status]Routing 168: Walk: 126
2020-01-30_22:14:27.026[Battery Energy]47.46
2020-01-30_22:14:27.155[Status]Routing 169: Walk: 126
2020-01-30_22:14:27.255[Battery Energy]47.37
2020-01-30_22:14:27.408[Status]Routing 170: Walk: 126
2020-01-30_22:14:27.522[Battery Energy]47.25
2020-01-30_22:14:27.650[Status]Routing 171: Walk: 126
2020-01-30_22:14:27.758[Battery Energy]47.16
2020-01-30_22:14:27.923[Status]Routing 172: Walk: 126
2020-01-30_22:14:28.023[Battery Energy]47.05
2020-01-30_22:14:28.173[Status]Routing 173: Walk: 126
2020-01-30_22:14:28.282[Battery Energy]46.93
2020-01-30_22:14:28.414[Status]Routing 174: Walk: 126
2020-01-30_22:14:28.514[Battery Energy]46.82
2020-01-30_22:14:28.731[Status]Routing 175: Walk: 126
2020-01-30_22:14:28.834[Battery Energy]46.69
2020-01-30_22:14:28.998[Status]Routing 176: Walk: 126
2020-01-30_22:14:29.098[Battery Energy]46.58
2020-01-30_22:14:29.241[Status]Routing 177: Walk: 126
2020-01-30_22:14:29.350[Battery Energy]46.46
