2020-02-08_11:42:57.608[Status]Start.
2020-02-08_11:42:57.609[Battery Energy]123.00
2020-02-08_11:42:58.710[Battery Energy]122.96
2020-02-08_11:42:59.811[Battery Energy]122.92
2020-02-08_11:43:00.914[Battery Energy]122.88
2020-02-08_11:43:02.015[Battery Energy]122.84
2020-02-08_11:43:03.122[Task]A New Task Released.
2020-02-08_11:43:03.122[Battery Energy]122.80
2020-02-08_11:43:03.122[Status]Selection Start.
2020-02-08_11:43:04.468[Status]Selection End: Do Task 2.
2020-02-08_11:43:04.574[Battery Energy]121.96
2020-02-08_11:43:04.574[Status]Formation Start.
2020-02-08_11:43:04.716[Status]number of tasks is 6
2020-02-08_11:43:04.717[Status]my group tasks is [ 1110.           235.62177826]
2020-02-08_11:43:04.749[Status]my group tasks is [ 1040.           235.62177826]
2020-02-08_11:43:04.750[Status]my group tasks is [ 1005.   175.]
2020-02-08_11:43:04.761[Status]my group tasks is [ 1040.           114.37822174]
2020-02-08_11:43:04.762[Status]my group tasks is [ 1110.           114.37822174]
2020-02-08_11:43:04.763[Status]my group tasks is [ 1145.   175.]
2020-02-08_11:43:04.791[Status]mygroup_robots_utility is {16: [16.899543875093258, 17.39211541909519, 18.641267461769633, 19.43122322955455, 37.63870522089948, 17.54720908897988], 17: [19.062210944438565, 17.835424611680363, 18.21305556544804, 19.27593116232401, 16.920507555065182, 17.08903888130168], 18: [16.329180747691364, 17.439779868583354, 35.20055867934586, 33.22838042897634, 15.47111658350878, 15.598791070999749], 19: [32.65399753388602, 17.348524708602785, 34.582204196017024, 16.225052456803148, 15.367811367341428, 15.322150260099468], 20: [16.995976969885344, 17.560237499550578, 18.830277438849027, 17.58060743249172, 39.099783870270166, 18.853685419502597], 15: [19.888826463508746, 35.913018996709674, 18.547969076698227, 19.920267515574007, 20.65467242188638, 18.575221980521594]}
2020-02-08_11:43:04.791[Status]self.local_queue is [16, 15, 17, 18, 19, 20]
2020-02-08_11:43:04.791[Status]task_chosen index is 4
2020-02-08_11:43:04.791[Status]task_chosen index is 1
2020-02-08_11:43:04.791[Status]task_chosen index is 3
2020-02-08_11:43:04.791[Status]task_chosen index is 2
2020-02-08_11:43:04.791[Status]task_chosen index is 0
2020-02-08_11:43:04.791[Status]myindex_in_queue is 0
2020-02-08_11:43:04.791[Status]task destination is [1145.0, 175.0]
2020-02-08_11:43:04.892[Battery Energy]121.85
2020-02-08_11:43:04.892[Status]Routing Start.
2020-02-08_11:43:05.064[Status]{'coordinate': [139.59505695394245, 772.8887383202887], 'id': 19}
2020-02-08_11:43:05.064[Status]Routing 1: Walk: 1
2020-02-08_11:43:05.182[Battery Energy]121.63
2020-02-08_11:43:05.182[Status]Routing Start.
2020-02-08_11:43:05.346[Status]{'coordinate': [148.1901139078849, 767.7774766405773], 'id': 19}
2020-02-08_11:43:05.346[Status]Routing 2: Walk: 2
2020-02-08_11:43:05.454[Battery Energy]121.43
2020-02-08_11:43:05.454[Status]Routing Start.
2020-02-08_11:43:05.579[Status]{'coordinate': [156.78517086182734, 762.666214960866], 'id': 19}
2020-02-08_11:43:05.579[Status]Routing 3: Walk: 3
2020-02-08_11:43:05.685[Battery Energy]121.26
2020-02-08_11:43:05.685[Status]Routing Start.
2020-02-08_11:43:05.834[Status]{'coordinate': [165.38022781576979, 757.5549532811547], 'id': 19}
2020-02-08_11:43:05.835[Status]Routing 4: Walk: 4
2020-02-08_11:43:05.935[Battery Energy]121.05
2020-02-08_11:43:05.935[Status]Routing Start.
2020-02-08_11:43:06.108[Status]{'coordinate': [173.97528476971223, 752.4436916014433], 'id': 19}
2020-02-08_11:43:06.108[Status]Routing 5: Walk: 5
2020-02-08_11:43:06.208[Battery Energy]120.83
2020-02-08_11:43:06.208[Status]Routing Start.
2020-02-08_11:43:06.357[Status]{'coordinate': [182.57034172365468, 747.332429921732], 'id': 19}
2020-02-08_11:43:06.357[Status]Routing 6: Walk: 6
2020-02-08_11:43:06.457[Battery Energy]120.63
2020-02-08_11:43:06.457[Status]Routing Start.
2020-02-08_11:43:06.783[Status]{'coordinate': [191.16539867759712, 742.2211682420207], 'id': 19}
2020-02-08_11:43:06.783[Status]Routing 7: Walk: 7
2020-02-08_11:43:06.889[Battery Energy]120.28
2020-02-08_11:43:06.889[Status]Routing Start.
2020-02-08_11:43:07.243[Status]{'coordinate': [199.76045563153957, 737.1099065623093], 'id': 19}
2020-02-08_11:43:07.243[Status]Routing 8: Walk: 8
2020-02-08_11:43:07.346[Battery Energy]119.93
2020-02-08_11:43:07.346[Status]Routing Start.
2020-02-08_11:43:07.680[Status]{'coordinate': [208.35551258548202, 731.998644882598], 'id': 19}
2020-02-08_11:43:07.696[Status]Routing 9: Walk: 9
2020-02-08_11:43:07.802[Battery Energy]119.64
2020-02-08_11:43:07.802[Status]Routing Start.
2020-02-08_11:43:08.112[Status]{'coordinate': [216.95056953942446, 726.8873832028867], 'id': 19}
2020-02-08_11:43:08.117[Status]Routing 10: Walk: 10
2020-02-08_11:43:08.217[Battery Energy]119.36
2020-02-08_11:43:08.217[Status]Routing Start.
2020-02-08_11:43:08.563[Status]{'coordinate': [225.5456264933669, 721.7761215231753], 'id': 19}
2020-02-08_11:43:08.563[Status]Routing 11: Walk: 11
2020-02-08_11:43:08.668[Battery Energy]119.00
2020-02-08_11:43:08.668[Status]Routing Start.
2020-02-08_11:43:09.006[Status]{'coordinate': [234.14068344730936, 716.664859843464], 'id': 19}
2020-02-08_11:43:09.006[Status]Routing 12: Walk: 12
2020-02-08_11:43:09.106[Battery Energy]118.67
2020-02-08_11:43:09.106[Status]Routing Start.
2020-02-08_11:43:09.445[Status]{'coordinate': [242.7357404012518, 711.5535981637527], 'id': 19}
2020-02-08_11:43:09.446[Status]Routing 13: Walk: 13
2020-02-08_11:43:09.550[Battery Energy]118.37
2020-02-08_11:43:09.550[Status]Routing Start.
2020-02-08_11:43:09.860[Status]{'coordinate': [251.33079735519425, 706.4423364840413], 'id': 19}
2020-02-08_11:43:09.860[Status]Routing 14: Walk: 14
2020-02-08_11:43:09.961[Battery Energy]118.07
2020-02-08_11:43:09.961[Status]Routing Start.
2020-02-08_11:43:10.318[Status]{'coordinate': [259.9258543091367, 701.33107480433], 'id': 19}
2020-02-08_11:43:10.318[Status]Routing 15: Walk: 15
2020-02-08_11:43:10.430[Battery Energy]117.77
2020-02-08_11:43:10.430[Status]Routing Start.
2020-02-08_11:43:10.770[Status]{'coordinate': [268.52091126307914, 696.2198131246187], 'id': 19}
2020-02-08_11:43:10.770[Status]Routing 16: Walk: 16
2020-02-08_11:43:10.886[Battery Energy]117.45
2020-02-08_11:43:10.886[Status]Routing Start.
2020-02-08_11:43:11.196[Status]{'coordinate': [277.1159682170216, 691.1085514449073], 'id': 19}
2020-02-08_11:43:11.196[Status]Routing 17: Walk: 17
2020-02-08_11:43:11.310[Battery Energy]117.13
2020-02-08_11:43:11.310[Status]Routing Start.
2020-02-08_11:43:11.811[Status]{'coordinate': [285.71102517096404, 685.997289765196], 'id': 19}
2020-02-08_11:43:11.811[Status]Routing 18: Walk: 18
2020-02-08_11:43:11.912[Battery Energy]116.71
2020-02-08_11:43:11.912[Status]Routing Start.
2020-02-08_11:43:12.257[Status]{'coordinate': [294.3060821249065, 680.8860280854847], 'id': 19}
2020-02-08_11:43:12.258[Status]Routing 19: Walk: 19
2020-02-08_11:43:12.358[Battery Energy]116.36
2020-02-08_11:43:12.358[Status]Routing Start.
2020-02-08_11:43:12.678[Status]{'coordinate': [302.9011390788489, 675.7747664057733], 'id': 19}
2020-02-08_11:43:12.678[Status]Routing 20: Walk: 20
2020-02-08_11:43:12.783[Battery Energy]116.00
2020-02-08_11:43:12.783[Status]Routing Start.
2020-02-08_11:43:12.945[Status]{'coordinate': [311.4961960327914, 670.663504726062], 'id': 19}
2020-02-08_11:43:12.945[Status]Routing 21: Walk: 21
2020-02-08_11:43:13.045[Battery Energy]115.79
2020-02-08_11:43:13.045[Status]Routing Start.
2020-02-08_11:43:13.383[Status]{'coordinate': [320.0912529867338, 665.5522430463507], 'id': 19}
2020-02-08_11:43:13.383[Status]Routing 22: Walk: 22
2020-02-08_11:43:13.494[Battery Energy]115.47
2020-02-08_11:43:13.494[Status]Routing Start.
2020-02-08_11:43:13.802[Status]{'coordinate': [328.68630994067627, 660.4409813666393], 'id': 19}
2020-02-08_11:43:13.802[Status]Routing 23: Walk: 23
2020-02-08_11:43:13.911[Battery Energy]115.13
2020-02-08_11:43:13.911[Status]Routing Start.
2020-02-08_11:43:14.266[Status]{'coordinate': [337.2813668946187, 655.329719686928], 'id': 19}
2020-02-08_11:43:14.266[Status]Routing 24: Walk: 24
2020-02-08_11:43:14.370[Battery Energy]114.75
2020-02-08_11:43:14.370[Status]Routing Start.
2020-02-08_11:43:14.663[Status]{'coordinate': [345.87642384856116, 650.2184580072167], 'id': 19}
2020-02-08_11:43:14.663[Status]Routing 25: Walk: 25
2020-02-08_11:43:14.770[Battery Energy]114.45
2020-02-08_11:43:14.770[Status]Routing Start.
2020-02-08_11:43:15.129[Status]{'coordinate': [354.4714808025036, 645.1071963275053], 'id': 19}
2020-02-08_11:43:15.129[Status]Routing 26: Walk: 26
2020-02-08_11:43:15.229[Battery Energy]114.10
2020-02-08_11:43:15.229[Status]Routing Start.
2020-02-08_11:43:15.560[Status]{'coordinate': [363.06653775644605, 639.995934647794], 'id': 19}
2020-02-08_11:43:15.560[Status]Routing 27: Walk: 27
2020-02-08_11:43:15.660[Battery Energy]113.73
2020-02-08_11:43:15.661[Status]Routing Start.
2020-02-08_11:43:15.962[Status]{'coordinate': [371.6615947103885, 634.8846729680827], 'id': 19}
2020-02-08_11:43:15.962[Status]Routing 28: Walk: 28
2020-02-08_11:43:16.074[Battery Energy]113.42
2020-02-08_11:43:16.074[Status]Routing Start.
2020-02-08_11:43:16.381[Status]{'coordinate': [380.25665166433095, 629.7734112883713], 'id': 19}
2020-02-08_11:43:16.381[Status]Routing 29: Walk: 29
2020-02-08_11:43:16.481[Battery Energy]113.10
2020-02-08_11:43:16.481[Status]Routing Start.
2020-02-08_11:43:16.840[Status]{'coordinate': [388.8517086182734, 624.66214960866], 'id': 19}
2020-02-08_11:43:16.840[Status]Routing 30: Walk: 30
2020-02-08_11:43:16.957[Battery Energy]112.75
2020-02-08_11:43:16.957[Status]Routing Start.
2020-02-08_11:43:17.314[Status]{'coordinate': [397.44676557221584, 619.5508879289487], 'id': 19}
2020-02-08_11:43:17.315[Status]Routing 31: Walk: 31
2020-02-08_11:43:17.415[Battery Energy]112.44
2020-02-08_11:43:17.415[Status]Routing Start.
2020-02-08_11:43:17.579[Status]{'coordinate': [406.0418225261583, 614.4396262492373], 'id': 19}
2020-02-08_11:43:17.579[Status]Routing 32: Walk: 32
2020-02-08_11:43:17.680[Battery Energy]112.23
2020-02-08_11:43:17.680[Status]Routing Start.
2020-02-08_11:43:17.974[Status]{'coordinate': [414.63687948010073, 609.328364569526], 'id': 19}
2020-02-08_11:43:17.975[Status]Routing 33: Walk: 33
2020-02-08_11:43:18.075[Battery Energy]111.95
2020-02-08_11:43:18.075[Status]Routing Start.
2020-02-08_11:43:18.389[Status]{'coordinate': [423.2319364340432, 604.2171028898147], 'id': 19}
2020-02-08_11:43:18.392[Status]Routing 34: Walk: 34
2020-02-08_11:43:18.493[Battery Energy]111.64
2020-02-08_11:43:18.493[Status]Routing Start.
2020-02-08_11:43:18.816[Status]{'coordinate': [431.8269933879856, 599.1058412101033], 'id': 19}
2020-02-08_11:43:18.816[Status]Routing 35: Walk: 35
2020-02-08_11:43:18.918[Battery Energy]111.36
2020-02-08_11:43:18.918[Status]Routing Start.
2020-02-08_11:43:19.248[Status]{'coordinate': [440.42205034192807, 593.994579530392], 'id': 19}
2020-02-08_11:43:19.248[Status]Routing 36: Walk: 36
2020-02-08_11:43:19.350[Battery Energy]111.01
2020-02-08_11:43:19.350[Status]Routing Start.
2020-02-08_11:43:19.769[Status]{'coordinate': [449.0171072958705, 588.8833178506807], 'id': 19}
2020-02-08_11:43:19.769[Status]Routing 37: Walk: 37
2020-02-08_11:43:19.870[Battery Energy]110.61
2020-02-08_11:43:19.870[Status]Routing Start.
2020-02-08_11:43:20.162[Status]{'coordinate': [457.61216424981296, 583.7720561709693], 'id': 19}
2020-02-08_11:43:20.162[Status]Routing 38: Walk: 38
2020-02-08_11:43:20.274[Battery Energy]110.32
2020-02-08_11:43:20.274[Status]Routing Start.
2020-02-08_11:43:20.593[Status]{'coordinate': [466.2072212037554, 578.660794491258], 'id': 19}
2020-02-08_11:43:20.594[Status]Routing 39: Walk: 39
2020-02-08_11:43:20.698[Battery Energy]110.03
2020-02-08_11:43:20.698[Status]Routing Start.
2020-02-08_11:43:20.853[Status]{'coordinate': [474.80227815769786, 573.5495328115467], 'id': 19}
2020-02-08_11:43:20.853[Status]Routing 40: Walk: 40
2020-02-08_11:43:20.953[Battery Energy]109.80
2020-02-08_11:43:20.953[Status]Routing Start.
2020-02-08_11:43:21.090[Status]{'coordinate': [483.3973351116403, 568.4382711318353], 'id': 19}
2020-02-08_11:43:21.090[Status]Routing 41: Walk: 41
2020-02-08_11:43:21.190[Battery Energy]109.60
2020-02-08_11:43:21.190[Status]Routing Start.
2020-02-08_11:43:21.334[Status]{'coordinate': [491.99239206558275, 563.327009452124], 'id': 19}
2020-02-08_11:43:21.334[Status]Routing 42: Walk: 42
2020-02-08_11:43:21.438[Battery Energy]109.40
2020-02-08_11:43:21.438[Status]Routing Start.
2020-02-08_11:43:21.582[Status]{'coordinate': [500.5874490195252, 558.2157477724127], 'id': 19}
2020-02-08_11:43:21.582[Status]Routing 43: Walk: 43
2020-02-08_11:43:21.690[Battery Energy]109.19
2020-02-08_11:43:21.690[Status]Routing Start.
2020-02-08_11:43:21.846[Status]{'coordinate': [509.18250597346764, 553.1044860927013], 'id': 19}
2020-02-08_11:43:21.846[Status]Routing 44: Walk: 44
2020-02-08_11:43:21.947[Battery Energy]108.98
2020-02-08_11:43:21.947[Status]Routing Start.
2020-02-08_11:43:22.098[Status]{'coordinate': [517.7775629274101, 547.99322441299], 'id': 19}
2020-02-08_11:43:22.098[Status]Routing 45: Walk: 45
2020-02-08_11:43:22.202[Battery Energy]108.75
2020-02-08_11:43:22.202[Status]Routing Start.
2020-02-08_11:43:22.439[Status]{'coordinate': [526.3726198813526, 542.8819627332787], 'id': 19}
2020-02-08_11:43:22.440[Status]Routing 46: Walk: 46
2020-02-08_11:43:22.550[Battery Energy]108.48
2020-02-08_11:43:22.550[Status]Routing Start.
2020-02-08_11:43:22.700[Status]{'coordinate': [534.9676768352952, 537.7707010535673], 'id': 19}
2020-02-08_11:43:22.700[Status]Routing 47: Walk: 47
2020-02-08_11:43:22.801[Battery Energy]108.27
2020-02-08_11:43:22.801[Status]Routing Start.
2020-02-08_11:43:22.960[Status]{'coordinate': [543.5627337892377, 532.659439373856], 'id': 19}
2020-02-08_11:43:22.960[Status]Routing 48: Walk: 48
2020-02-08_11:43:23.062[Battery Energy]108.07
2020-02-08_11:43:23.062[Status]Routing Start.
2020-02-08_11:43:23.396[Status]{'coordinate': [552.1577907431802, 527.5481776941447], 'id': 19}
2020-02-08_11:43:23.396[Status]Routing 49: Walk: 49
2020-02-08_11:43:23.498[Battery Energy]107.73
2020-02-08_11:43:23.498[Status]Routing Start.
2020-02-08_11:43:23.642[Status]{'coordinate': [560.7528476971227, 522.4369160144333], 'id': 19}
2020-02-08_11:43:23.642[Status]Routing 50: Walk: 50
2020-02-08_11:43:23.762[Battery Energy]107.50
2020-02-08_11:43:23.762[Status]Routing Start.
2020-02-08_11:43:24.203[Status]{'coordinate': [569.3479046510652, 517.325654334722], 'id': 19}
2020-02-08_11:43:24.203[Status]Routing 51: Walk: 51
2020-02-08_11:43:24.303[Battery Energy]107.07
2020-02-08_11:43:24.303[Status]Routing Start.
2020-02-08_11:43:24.613[Status]{'coordinate': [577.9429616050077, 512.2143926550107], 'id': 19}
2020-02-08_11:43:24.613[Status]Routing 52: Walk: 52
2020-02-08_11:43:24.713[Battery Energy]106.68
2020-02-08_11:43:24.713[Status]Routing Start.
2020-02-08_11:43:25.039[Status]{'coordinate': [586.5380185589502, 507.10313097529934], 'id': 19}
2020-02-08_11:43:25.039[Status]Routing 53: Walk: 53
2020-02-08_11:43:25.140[Battery Energy]106.29
2020-02-08_11:43:25.140[Status]Routing Start.
2020-02-08_11:43:25.315[Status]{'coordinate': [595.1330755128926, 501.991869295588], 'id': 19}
2020-02-08_11:43:25.315[Status]Routing 54: Walk: 54
2020-02-08_11:43:25.422[Battery Energy]106.08
2020-02-08_11:43:25.422[Status]Routing Start.
2020-02-08_11:43:25.874[Status]{'coordinate': [603.728132466835, 496.88060761587667], 'id': 19}
2020-02-08_11:43:25.874[Status]Routing 55: Walk: 55
2020-02-08_11:43:25.975[Battery Energy]105.64
2020-02-08_11:43:25.975[Status]Routing Start.
2020-02-08_11:43:26.122[Status]{'coordinate': [612.3231894207775, 491.76934593616534], 'id': 19}
2020-02-08_11:43:26.122[Status]Routing 56: Walk: 56
2020-02-08_11:43:26.230[Battery Energy]105.46
2020-02-08_11:43:26.230[Status]Routing Start.
2020-02-08_11:43:26.500[Status]{'coordinate': [620.9182463747198, 486.658084256454], 'id': 19}
2020-02-08_11:43:26.500[Status]Routing 57: Walk: 57
2020-02-08_11:43:26.614[Battery Energy]105.17
2020-02-08_11:43:26.614[Status]Routing Start.
2020-02-08_11:43:26.760[Status]{'coordinate': [629.5133033286622, 481.54682257674267], 'id': 19}
2020-02-08_11:43:26.761[Status]Routing 58: Walk: 58
2020-02-08_11:43:26.870[Battery Energy]104.94
2020-02-08_11:43:26.870[Status]Routing Start.
2020-02-08_11:43:27.173[Status]{'coordinate': [638.1083602826047, 476.43556089703134], 'id': 19}
2020-02-08_11:43:27.174[Status]Routing 59: Walk: 59
2020-02-08_11:43:27.278[Battery Energy]104.62
2020-02-08_11:43:27.278[Status]Routing Start.
2020-02-08_11:43:27.459[Status]{'coordinate': [646.7034172365471, 471.32429921732], 'id': 19}
2020-02-08_11:43:27.459[Status]Routing 60: Walk: 60
2020-02-08_11:43:27.566[Battery Energy]104.40
2020-02-08_11:43:27.566[Status]Routing Start.
2020-02-08_11:43:27.841[Status]{'coordinate': [655.2984741904895, 466.21303753760867], 'id': 19}
2020-02-08_11:43:27.841[Status]Routing 61: Walk: 61
2020-02-08_11:43:27.946[Battery Energy]104.11
2020-02-08_11:43:27.946[Status]Routing Start.
2020-02-08_11:43:28.259[Status]{'coordinate': [663.893531144432, 461.10177585789734], 'id': 19}
2020-02-08_11:43:28.262[Status]Routing 62: Walk: 62
2020-02-08_11:43:28.364[Battery Energy]103.79
2020-02-08_11:43:28.364[Status]Routing Start.
2020-02-08_11:43:28.667[Status]{'coordinate': [672.4885880983744, 455.990514178186], 'id': 19}
2020-02-08_11:43:28.667[Status]Routing 63: Walk: 63
2020-02-08_11:43:28.767[Battery Energy]103.52
2020-02-08_11:43:28.767[Status]Routing Start.
2020-02-08_11:43:29.062[Status]{'coordinate': [681.0836450523168, 450.87925249847467], 'id': 19}
2020-02-08_11:43:29.062[Status]Routing 64: Walk: 64
2020-02-08_11:43:29.162[Battery Energy]103.21
2020-02-08_11:43:29.163[Status]Routing Start.
2020-02-08_11:43:29.655[Status]{'coordinate': [689.6787020062593, 445.76799081876334], 'id': 19}
2020-02-08_11:43:29.661[Status]Routing 65: Walk: 65
2020-02-08_11:43:29.762[Battery Energy]102.72
2020-02-08_11:43:29.762[Status]Routing Start.
2020-02-08_11:43:30.058[Status]{'coordinate': [698.2737589602018, 440.656729139052], 'id': 19}
2020-02-08_11:43:30.060[Status]Routing 66: Walk: 66
2020-02-08_11:43:30.160[Battery Energy]102.36
2020-02-08_11:43:30.160[Status]Routing Start.
2020-02-08_11:43:30.586[Status]{'coordinate': [706.8688159141442, 435.54546745934067], 'id': 19}
2020-02-08_11:43:30.586[Status]Routing 67: Walk: 67
2020-02-08_11:43:30.687[Battery Energy]101.93
2020-02-08_11:43:30.687[Status]Routing Start.
2020-02-08_11:43:30.819[Status]{'coordinate': [715.4638728680866, 430.43420577962934], 'id': 19}
2020-02-08_11:43:30.819[Status]Routing 68: Walk: 68
2020-02-08_11:43:30.919[Battery Energy]101.75
2020-02-08_11:43:30.920[Status]Routing Start.
2020-02-08_11:43:31.061[Status]{'coordinate': [724.058929822029, 425.322944099918], 'id': 19}
2020-02-08_11:43:31.061[Status]Routing 69: Walk: 69
2020-02-08_11:43:31.161[Battery Energy]101.53
2020-02-08_11:43:31.161[Status]Routing Start.
2020-02-08_11:43:31.340[Status]{'coordinate': [732.6539867759714, 420.21168242020667], 'id': 19}
2020-02-08_11:43:31.340[Status]Routing 70: Walk: 70
2020-02-08_11:43:31.447[Battery Energy]101.30
2020-02-08_11:43:31.447[Status]Routing Start.
2020-02-08_11:43:31.584[Status]{'coordinate': [741.2490437299139, 415.10042074049534], 'id': 19}
2020-02-08_11:43:31.584[Status]Routing 71: Walk: 71
2020-02-08_11:43:31.690[Battery Energy]101.09
2020-02-08_11:43:31.690[Status]Routing Start.
2020-02-08_11:43:31.828[Status]{'coordinate': [749.8441006838564, 409.989159060784], 'id': 19}
2020-02-08_11:43:31.828[Status]Routing 72: Walk: 72
2020-02-08_11:43:31.930[Battery Energy]100.89
2020-02-08_11:43:31.930[Status]Routing Start.
2020-02-08_11:43:32.059[Status]{'coordinate': [758.4391576377988, 404.87789738107267], 'id': 19}
2020-02-08_11:43:32.059[Status]Routing 73: Walk: 73
2020-02-08_11:43:32.162[Battery Energy]100.70
2020-02-08_11:43:32.162[Status]Routing Start.
2020-02-08_11:43:32.321[Status]{'coordinate': [767.0342145917411, 399.76663570136134], 'id': 19}
2020-02-08_11:43:32.321[Status]Routing 74: Walk: 74
2020-02-08_11:43:32.434[Battery Energy]100.47
2020-02-08_11:43:32.434[Status]Routing Start.
2020-02-08_11:43:32.575[Status]{'coordinate': [775.6292715456837, 394.65537402165], 'id': 19}
2020-02-08_11:43:32.575[Status]Routing 75: Walk: 75
2020-02-08_11:43:32.682[Battery Energy]100.25
2020-02-08_11:43:32.682[Status]Routing Start.
2020-02-08_11:43:32.835[Status]{'coordinate': [784.224328499626, 389.54411234193867], 'id': 19}
2020-02-08_11:43:32.835[Status]Routing 76: Walk: 76
2020-02-08_11:43:32.945[Battery Energy]100.05
2020-02-08_11:43:32.945[Status]Routing Start.
2020-02-08_11:43:33.079[Status]{'coordinate': [792.8193854535684, 384.43285066222734], 'id': 19}
2020-02-08_11:43:33.079[Status]Routing 77: Walk: 77
2020-02-08_11:43:33.186[Battery Energy]99.84
2020-02-08_11:43:33.186[Status]Routing Start.
2020-02-08_11:43:33.333[Status]{'coordinate': [801.4144424075108, 379.321588982516], 'id': 19}
2020-02-08_11:43:33.333[Status]Routing 78: Walk: 78
2020-02-08_11:43:33.439[Battery Energy]99.62
2020-02-08_11:43:33.439[Status]Routing Start.
2020-02-08_11:43:33.599[Status]{'coordinate': [810.0094993614532, 374.21032730280467], 'id': 19}
2020-02-08_11:43:33.599[Status]Routing 79: Walk: 79
2020-02-08_11:43:33.702[Battery Energy]99.41
2020-02-08_11:43:33.702[Status]Routing Start.
2020-02-08_11:43:33.910[Status]{'coordinate': [818.6045563153957, 369.09906562309334], 'id': 19}
2020-02-08_11:43:33.910[Status]Routing 80: Walk: 80
2020-02-08_11:43:34.024[Battery Energy]99.14
2020-02-08_11:43:34.024[Status]Routing Start.
2020-02-08_11:43:34.185[Status]{'coordinate': [827.1996132693382, 363.987803943382], 'id': 19}
2020-02-08_11:43:34.185[Status]Routing 81: Walk: 81
2020-02-08_11:43:34.291[Battery Energy]98.92
2020-02-08_11:43:34.291[Status]Routing Start.
2020-02-08_11:43:34.458[Status]{'coordinate': [835.7946702232806, 358.8765422636707], 'id': 19}
2020-02-08_11:43:34.458[Status]Routing 82: Walk: 82
2020-02-08_11:43:34.558[Battery Energy]98.69
2020-02-08_11:43:34.558[Status]Routing Start.
2020-02-08_11:43:34.691[Status]{'coordinate': [844.389727177223, 353.76528058395934], 'id': 19}
2020-02-08_11:43:34.692[Status]Routing 83: Walk: 83
2020-02-08_11:43:34.793[Battery Energy]98.47
2020-02-08_11:43:34.793[Status]Routing Start.
2020-02-08_11:43:35.156[Status]{'coordinate': [852.9847841311654, 348.654018904248], 'id': 19}
2020-02-08_11:43:35.156[Status]Routing 84: Walk: 84
2020-02-08_11:43:35.256[Battery Energy]98.18
2020-02-08_11:43:35.256[Status]Routing Start.
2020-02-08_11:43:35.543[Status]{'coordinate': [861.5798410851078, 343.5427572245367], 'id': 19}
2020-02-08_11:43:35.543[Status]Routing 85: Walk: 85
2020-02-08_11:43:35.643[Battery Energy]97.87
2020-02-08_11:43:35.644[Status]Routing Start.
2020-02-08_11:43:35.814[Status]{'coordinate': [870.1748980390503, 338.43149554482534], 'id': 19}
2020-02-08_11:43:35.814[Status]Routing 86: Walk: 86
2020-02-08_11:43:35.926[Battery Energy]97.65
2020-02-08_11:43:35.926[Status]Routing Start.
2020-02-08_11:43:36.062[Status]{'coordinate': [878.7699549929927, 333.320233865114], 'id': 19}
2020-02-08_11:43:36.062[Status]Routing 87: Walk: 87
2020-02-08_11:43:36.163[Battery Energy]97.45
2020-02-08_11:43:36.163[Status]Routing Start.
2020-02-08_11:43:36.485[Status]{'coordinate': [887.365011946935, 328.2089721854027], 'id': 19}
2020-02-08_11:43:36.485[Status]Routing 88: Walk: 88
2020-02-08_11:43:36.585[Battery Energy]97.13
2020-02-08_11:43:36.585[Status]Routing Start.
2020-02-08_11:43:36.916[Status]{'coordinate': [895.9600689008774, 323.09771050569134], 'id': 19}
2020-02-08_11:43:36.916[Status]Routing 89: Walk: 89
2020-02-08_11:43:37.026[Battery Energy]96.80
2020-02-08_11:43:37.026[Status]Routing Start.
2020-02-08_11:43:37.386[Status]{'coordinate': [904.5551258548198, 317.98644882598], 'id': 19}
2020-02-08_11:43:37.386[Status]Routing 90: Walk: 90
2020-02-08_11:43:37.490[Battery Energy]96.45
2020-02-08_11:43:37.490[Status]Routing Start.
2020-02-08_11:43:37.647[Status]{'coordinate': [913.1501828087623, 312.8751871462687], 'id': 19}
2020-02-08_11:43:37.647[Status]Routing 91: Walk: 91
2020-02-08_11:43:37.749[Battery Energy]96.22
2020-02-08_11:43:37.749[Status]Routing Start.
2020-02-08_11:43:37.895[Status]{'coordinate': [921.7452397627048, 307.76392546655734], 'id': 19}
2020-02-08_11:43:37.895[Status]Routing 92: Walk: 92
2020-02-08_11:43:38.006[Battery Energy]96.01
2020-02-08_11:43:38.006[Status]Routing Start.
2020-02-08_11:43:38.140[Status]{'coordinate': [930.3402967166472, 302.652663786846], 'id': 19}
2020-02-08_11:43:38.140[Status]Routing 93: Walk: 93
2020-02-08_11:43:38.245[Battery Energy]95.80
2020-02-08_11:43:38.245[Status]Routing Start.
2020-02-08_11:43:38.399[Status]{'coordinate': [938.9353536705896, 297.5414021071347], 'id': 19}
2020-02-08_11:43:38.400[Status]Routing 94: Walk: 94
2020-02-08_11:43:38.501[Battery Energy]95.60
2020-02-08_11:43:38.501[Status]Routing Start.
2020-02-08_11:43:38.636[Status]{'coordinate': [947.5304106245321, 292.43014042742334], 'id': 19}
2020-02-08_11:43:38.637[Status]Routing 95: Walk: 95
2020-02-08_11:43:38.746[Battery Energy]95.41
2020-02-08_11:43:38.746[Status]Routing Start.
2020-02-08_11:43:38.981[Status]{'coordinate': [956.1254675784745, 287.318878747712], 'id': 19}
2020-02-08_11:43:38.982[Status]Routing 96: Walk: 96
2020-02-08_11:43:39.090[Battery Energy]95.14
2020-02-08_11:43:39.090[Status]Routing Start.
2020-02-08_11:43:39.267[Status]{'coordinate': [964.7205245324169, 282.2076170680007], 'id': 19}
2020-02-08_11:43:39.268[Status]Routing 97: Walk: 97
2020-02-08_11:43:39.374[Battery Energy]94.92
2020-02-08_11:43:39.375[Status]Routing Start.
2020-02-08_11:43:39.611[Status]{'coordinate': [973.3155814863594, 277.09635538828934], 'id': 19}
2020-02-08_11:43:39.612[Status]Routing 98: Walk: 98
2020-02-08_11:43:39.712[Battery Energy]94.69
2020-02-08_11:43:39.712[Status]Routing Start.
2020-02-08_11:43:40.023[Status]{'coordinate': [981.9106384403019, 271.985093708578], 'id': 19}
2020-02-08_11:43:40.023[Status]Routing 99: Walk: 99
2020-02-08_11:43:40.124[Battery Energy]94.38
2020-02-08_11:43:40.124[Status]Routing Start.
2020-02-08_11:43:40.476[Status]{'coordinate': [990.5056953942443, 266.8738320288667], 'id': 19}
2020-02-08_11:43:40.476[Status]Routing 100: Walk: 100
2020-02-08_11:43:40.576[Battery Energy]94.11
2020-02-08_11:43:40.576[Status]Routing Start.
2020-02-08_11:43:40.893[Status]{'coordinate': [999.1007523481867, 261.76257034915534], 'id': 19}
2020-02-08_11:43:40.893[Status]Routing 101: Walk: 101
2020-02-08_11:43:41.002[Battery Energy]93.80
2020-02-08_11:43:41.002[Status]Routing Start.
2020-02-08_11:43:41.300[Status]{'coordinate': [1007.6958093021292, 256.651308669444], 'id': 19}
2020-02-08_11:43:41.300[Status]Routing 102: Walk: 102
2020-02-08_11:43:41.401[Battery Energy]93.49
2020-02-08_11:43:41.401[Status]Routing Start.
2020-02-08_11:43:41.708[Status]{'coordinate': [1016.2908662560716, 251.54004698973267], 'id': 19}
2020-02-08_11:43:41.708[Status]Routing 103: Walk: 103
2020-02-08_11:43:41.809[Battery Energy]93.17
2020-02-08_11:43:41.809[Status]Routing Start.
2020-02-08_11:43:42.128[Status]{'coordinate': [1024.885923210014, 246.42878531002134], 'id': 19}
2020-02-08_11:43:42.129[Status]Routing 104: Walk: 104
2020-02-08_11:43:42.238[Battery Energy]92.90
2020-02-08_11:43:42.238[Status]Routing Start.
2020-02-08_11:43:42.368[Status]{'coordinate': [1033.4809801639565, 241.31752363031], 'id': 19}
2020-02-08_11:43:42.368[Status]Routing 105: Walk: 105
2020-02-08_11:43:42.478[Battery Energy]92.69
2020-02-08_11:43:42.478[Status]Routing Start.
2020-02-08_11:43:42.778[Status]{'coordinate': [1042.076037117899, 236.20626195059867], 'id': 19}
2020-02-08_11:43:42.778[Status]Routing 106: Walk: 106
2020-02-08_11:43:42.878[Battery Energy]92.40
2020-02-08_11:43:42.878[Status]Routing Start.
2020-02-08_11:43:43.175[Status]{'coordinate': [1050.6710940718415, 231.09500027088734], 'id': 19}
2020-02-08_11:43:43.176[Status]Routing 107: Walk: 107
2020-02-08_11:43:43.285[Battery Energy]92.09
2020-02-08_11:43:43.285[Status]Routing Start.
2020-02-08_11:43:43.601[Status]{'coordinate': [1059.266151025784, 225.98373859117598], 'id': 19}
2020-02-08_11:43:43.601[Status]Routing 108: Walk: 108
2020-02-08_11:43:43.701[Battery Energy]91.76
2020-02-08_11:43:43.701[Status]Routing Start.
2020-02-08_11:43:43.848[Status]{'coordinate': [1067.8612079797265, 220.87247691146462], 'id': 19}
2020-02-08_11:43:43.848[Status]Routing 109: Walk: 109
2020-02-08_11:43:43.966[Battery Energy]91.58
2020-02-08_11:43:43.966[Status]Routing Start.
2020-02-08_11:43:44.277[Status]{'coordinate': [1076.456264933669, 215.76121523175325], 'id': 19}
2020-02-08_11:43:44.277[Status]Routing 110: Walk: 110
2020-02-08_11:43:44.390[Battery Energy]91.26
2020-02-08_11:43:44.390[Status]Routing Start.
2020-02-08_11:43:44.643[Status]{'coordinate': [1085.0513218876115, 210.6499535520419], 'id': 19}
2020-02-08_11:43:44.645[Status]Routing 111: Walk: 111
2020-02-08_11:43:44.758[Battery Energy]90.98
2020-02-08_11:43:44.758[Status]Routing Start.
2020-02-08_11:43:44.992[Status]{'coordinate': [1093.646378841554, 205.53869187233053], 'id': 19}
2020-02-08_11:43:44.992[Status]Routing 112: Walk: 112
2020-02-08_11:43:45.094[Battery Energy]90.73
2020-02-08_11:43:45.094[Status]Routing Start.
2020-02-08_11:43:45.336[Status]{'coordinate': [1102.2414357954965, 200.42743019261917], 'id': 19}
2020-02-08_11:43:45.336[Status]Routing 113: Walk: 113
2020-02-08_11:43:45.437[Battery Energy]90.43
2020-02-08_11:43:45.437[Status]Routing Start.
2020-02-08_11:43:45.600[Status]{'coordinate': [1110.836492749439, 195.3161685129078], 'id': 19}
2020-02-08_11:43:45.600[Status]Routing 114: Walk: 114
2020-02-08_11:43:45.710[Battery Energy]90.22
2020-02-08_11:43:45.710[Status]Routing Start.
2020-02-08_11:43:46.044[Status]{'coordinate': [1119.4315497033815, 190.20490683319642], 'id': 19}
2020-02-08_11:43:46.044[Status]Routing 115: Walk: 115
2020-02-08_11:43:46.158[Battery Energy]89.93
2020-02-08_11:43:46.158[Status]Routing Start.
2020-02-08_11:43:46.474[Status]{'coordinate': [1128.026606657324, 185.09364515348503], 'id': 19}
2020-02-08_11:43:46.474[Status]Routing 116: Walk: 116
2020-02-08_11:43:46.582[Battery Energy]89.59
2020-02-08_11:43:46.582[Status]Routing Start.
2020-02-08_11:43:46.895[Status]{'coordinate': [1136.6216636112665, 179.9823834737736], 'id': 19}
2020-02-08_11:43:46.896[Status]Routing 117: Walk: 117
2020-02-08_11:43:47.010[Battery Energy]89.32
2020-02-08_11:43:47.010[Status]Routing Start.
2020-02-08_11:43:47.010[Status]Task Finished.
2020-02-08_11:43:47.110[Battery Energy]89.32
2020-02-08_11:43:47.275[Status]Routing 119: Walk: 117
2020-02-08_11:43:47.377[Battery Energy]89.23
2020-02-08_11:43:47.521[Status]Routing 120: Walk: 117
2020-02-08_11:43:47.621[Battery Energy]89.12
2020-02-08_11:43:47.964[Status]Routing 121: Walk: 117
2020-02-08_11:43:48.065[Battery Energy]88.92
2020-02-08_11:43:48.225[Status]Routing 122: Walk: 117
2020-02-08_11:43:48.338[Battery Energy]88.78
2020-02-08_11:43:48.628[Status]Routing 123: Walk: 117
2020-02-08_11:43:48.730[Battery Energy]88.57
2020-02-08_11:43:49.036[Status]Routing 124: Walk: 117
2020-02-08_11:43:49.137[Battery Energy]88.35
2020-02-08_11:43:49.419[Status]Routing 125: Walk: 117
2020-02-08_11:43:49.519[Battery Energy]88.15
2020-02-08_11:43:49.905[Status]Routing 126: Walk: 117
2020-02-08_11:43:50.013[Battery Energy]87.90
2020-02-08_11:43:50.385[Status]Routing 127: Walk: 117
2020-02-08_11:43:50.487[Battery Energy]87.66
2020-02-08_11:43:50.825[Status]Routing 128: Walk: 117
2020-02-08_11:43:50.925[Battery Energy]87.44
2020-02-08_11:43:51.288[Status]Routing 129: Walk: 117
2020-02-08_11:43:51.392[Battery Energy]87.20
2020-02-08_11:43:51.698[Status]Routing 130: Walk: 117
2020-02-08_11:43:51.799[Battery Energy]87.00
2020-02-08_11:43:52.125[Status]Routing 131: Walk: 117
2020-02-08_11:43:52.226[Battery Energy]86.83
2020-02-08_11:43:52.378[Status]Routing 132: Walk: 117
2020-02-08_11:43:52.489[Battery Energy]86.72
2020-02-08_11:43:52.627[Status]Routing 133: Walk: 117
2020-02-08_11:43:52.738[Battery Energy]86.62
2020-02-08_11:43:52.871[Status]Routing 134: Walk: 117
2020-02-08_11:43:52.971[Battery Energy]86.52
2020-02-08_11:43:53.141[Status]Routing 135: Walk: 117
2020-02-08_11:43:53.246[Battery Energy]86.40
2020-02-08_11:43:53.501[Status]Routing 136: Walk: 117
2020-02-08_11:43:53.610[Battery Energy]86.22
2020-02-08_11:43:53.753[Status]Routing 137: Walk: 117
2020-02-08_11:43:53.853[Battery Energy]86.13
2020-02-08_11:43:54.035[Status]Routing 138: Walk: 117
2020-02-08_11:43:54.150[Battery Energy]86.02
2020-02-08_11:43:54.292[Status]Routing 139: Walk: 117
2020-02-08_11:43:54.392[Battery Energy]85.90
2020-02-08_11:43:54.556[Status]Routing 140: Walk: 117
2020-02-08_11:43:54.662[Battery Energy]85.77
2020-02-08_11:43:54.832[Status]Routing 141: Walk: 117
2020-02-08_11:43:54.932[Battery Energy]85.65
2020-02-08_11:43:55.081[Status]Routing 142: Walk: 117
2020-02-08_11:43:55.194[Battery Energy]85.55
2020-02-08_11:43:55.342[Status]Routing 143: Walk: 117
2020-02-08_11:43:55.458[Battery Energy]85.44
2020-02-08_11:43:55.600[Status]Routing 144: Walk: 117
2020-02-08_11:43:55.714[Battery Energy]85.33
2020-02-08_11:43:55.835[Status]Routing 145: Walk: 117
2020-02-08_11:43:55.935[Battery Energy]85.24
2020-02-08_11:43:56.078[Status]Routing 146: Walk: 117
2020-02-08_11:43:56.182[Battery Energy]85.15
2020-02-08_11:43:56.345[Status]Routing 147: Walk: 117
2020-02-08_11:43:56.449[Battery Energy]85.02
2020-02-08_11:43:56.617[Status]Routing 148: Walk: 117
2020-02-08_11:43:56.719[Battery Energy]84.90
2020-02-08_11:43:56.960[Status]Routing 149: Walk: 117
2020-02-08_11:43:57.060[Battery Energy]84.73
2020-02-08_11:43:57.253[Status]Routing 150: Walk: 117
2020-02-08_11:43:57.358[Battery Energy]84.61
2020-02-08_11:43:57.480[Status]Routing 151: Walk: 117
2020-02-08_11:43:57.580[Battery Energy]84.52
2020-02-08_11:43:57.716[Status]Routing 152: Walk: 117
2020-02-08_11:43:57.818[Battery Energy]84.43
2020-02-08_11:43:57.967[Status]Routing 153: Walk: 117
2020-02-08_11:43:58.078[Battery Energy]84.30
2020-02-08_11:43:58.251[Status]Routing 154: Walk: 117
2020-02-08_11:43:58.351[Battery Energy]84.17
2020-02-08_11:43:58.521[Status]Routing 155: Walk: 117
2020-02-08_11:43:58.630[Battery Energy]84.05
2020-02-08_11:43:58.803[Status]Routing 156: Walk: 117
2020-02-08_11:43:58.903[Battery Energy]83.95
2020-02-08_11:43:59.061[Status]Routing 157: Walk: 117
2020-02-08_11:43:59.162[Battery Energy]83.84
2020-02-08_11:43:59.316[Status]Routing 158: Walk: 117
2020-02-08_11:43:59.416[Battery Energy]83.74
2020-02-08_11:43:59.631[Status]Routing 159: Walk: 117
2020-02-08_11:43:59.742[Battery Energy]83.60
2020-02-08_11:43:59.890[Status]Routing 160: Walk: 117
2020-02-08_11:43:59.990[Battery Energy]83.51
2020-02-08_11:44:00.162[Status]Routing 161: Walk: 117
2020-02-08_11:44:00.270[Battery Energy]83.39
2020-02-08_11:44:00.413[Status]Routing 162: Walk: 117
2020-02-08_11:44:00.513[Battery Energy]83.28
2020-02-08_11:44:00.662[Status]Routing 163: Walk: 117
2020-02-08_11:44:00.782[Battery Energy]83.17
2020-02-08_11:44:00.947[Status]Routing 164: Walk: 117
2020-02-08_11:44:01.047[Battery Energy]83.07
2020-02-08_11:44:01.180[Status]Routing 165: Walk: 117
2020-02-08_11:44:01.283[Battery Energy]82.97
2020-02-08_11:44:01.467[Status]Routing 166: Walk: 117
2020-02-08_11:44:01.582[Battery Energy]82.84
2020-02-08_11:44:01.729[Status]Routing 167: Walk: 117
2020-02-08_11:44:01.830[Battery Energy]82.73
2020-02-08_11:44:02.003[Status]Routing 168: Walk: 117
2020-02-08_11:44:02.115[Battery Energy]82.59
2020-02-08_11:44:02.231[Status]Routing 169: Walk: 117
2020-02-08_11:44:02.332[Battery Energy]82.50
2020-02-08_11:44:02.471[Status]Routing 170: Walk: 117
2020-02-08_11:44:02.574[Battery Energy]82.39
2020-02-08_11:44:02.702[Status]Routing 171: Walk: 117
2020-02-08_11:44:02.802[Battery Energy]82.28
2020-02-08_11:44:02.961[Status]Routing 172: Walk: 117
2020-02-08_11:44:03.061[Battery Energy]82.16
2020-02-08_11:44:03.217[Status]Routing 173: Walk: 117
2020-02-08_11:44:03.329[Battery Energy]82.07
2020-02-08_11:44:03.472[Status]Routing 174: Walk: 117
2020-02-08_11:44:03.594[Battery Energy]81.98
2020-02-08_11:44:03.718[Status]Routing 175: Walk: 117
2020-02-08_11:44:03.821[Battery Energy]81.90
2020-02-08_11:44:03.959[Status]Routing 176: Walk: 117
2020-02-08_11:44:04.062[Battery Energy]81.79
2020-02-08_11:44:04.188[Status]Routing 177: Walk: 117
2020-02-08_11:44:04.289[Battery Energy]81.69
2020-02-08_11:44:04.424[Status]Routing 178: Walk: 117
2020-02-08_11:44:04.528[Battery Energy]81.58
2020-02-08_11:44:04.671[Status]Routing 179: Walk: 117
2020-02-08_11:44:04.774[Battery Energy]81.47
2020-02-08_11:44:04.908[Status]Routing 180: Walk: 117
2020-02-08_11:44:05.026[Battery Energy]81.37
2020-02-08_11:44:05.183[Status]Routing 181: Walk: 117
2020-02-08_11:44:05.294[Battery Energy]81.26
2020-02-08_11:44:05.429[Status]Routing 182: Walk: 117
2020-02-08_11:44:05.530[Battery Energy]81.15
2020-02-08_11:44:05.662[Status]Routing 183: Walk: 117
2020-02-08_11:44:05.763[Battery Energy]81.05
2020-02-08_11:44:05.920[Status]Routing 184: Walk: 117
2020-02-08_11:44:06.030[Battery Energy]80.94
2020-02-08_11:44:06.146[Status]Routing 185: Walk: 117
2020-02-08_11:44:06.249[Battery Energy]80.82
2020-02-08_11:44:06.397[Status]Routing 186: Walk: 117
2020-02-08_11:44:06.506[Battery Energy]80.70
2020-02-08_11:44:06.640[Status]Routing 187: Walk: 117
2020-02-08_11:44:06.740[Battery Energy]80.60
2020-02-08_11:44:06.890[Status]Routing 188: Walk: 117
2020-02-08_11:44:06.990[Battery Energy]80.48
2020-02-08_11:44:07.131[Status]Routing 189: Walk: 117
2020-02-08_11:44:07.246[Battery Energy]80.37
2020-02-08_11:44:07.380[Status]Routing 190: Walk: 117
2020-02-08_11:44:07.506[Battery Energy]80.26
2020-02-08_11:44:07.649[Status]Routing 191: Walk: 117
2020-02-08_11:44:07.753[Battery Energy]80.16
2020-02-08_11:44:07.879[Status]Routing 192: Walk: 117
2020-02-08_11:44:07.986[Battery Energy]80.08
2020-02-08_11:44:08.141[Status]Routing 193: Walk: 117
2020-02-08_11:44:08.254[Battery Energy]79.98
2020-02-08_11:44:08.370[Status]Routing 194: Walk: 117
2020-02-08_11:44:08.474[Battery Energy]79.89
2020-02-08_11:44:08.617[Status]Routing 195: Walk: 117
2020-02-08_11:44:08.730[Battery Energy]79.78
2020-02-08_11:44:08.883[Status]Routing 196: Walk: 117
2020-02-08_11:44:08.986[Battery Energy]79.66
2020-02-08_11:44:09.137[Status]Routing 197: Walk: 117
2020-02-08_11:44:09.242[Battery Energy]79.55
2020-02-08_11:44:09.432[Status]Routing 198: Walk: 117
2020-02-08_11:44:09.536[Battery Energy]79.44
2020-02-08_11:44:09.695[Status]Routing 199: Walk: 117
2020-02-08_11:44:09.795[Battery Energy]79.33
