2020-02-08_11:42:57.041[Status]Start.
2020-02-08_11:42:57.043[Battery Energy]123.00
2020-02-08_11:42:58.144[Battery Energy]122.96
2020-02-08_11:42:59.246[Battery Energy]122.92
2020-02-08_11:43:00.346[Battery Energy]122.88
2020-02-08_11:43:01.454[Battery Energy]122.84
2020-02-08_11:43:02.555[Task]A New Task Released.
2020-02-08_11:43:02.555[Battery Energy]122.80
2020-02-08_11:43:02.555[Status]Selection Start.
2020-02-08_11:43:04.459[Status]Selection End: Do Task 2.
2020-02-08_11:43:04.570[Battery Energy]121.52
2020-02-08_11:43:04.570[Status]Formation Start.
2020-02-08_11:43:04.721[Status]number of tasks is 6
2020-02-08_11:43:04.727[Status]my group tasks is [ 1110.           235.62177826]
2020-02-08_11:43:04.739[Status]my group tasks is [ 1040.           235.62177826]
2020-02-08_11:43:04.750[Status]my group tasks is [ 1005.   175.]
2020-02-08_11:43:04.750[Status]my group tasks is [ 1040.           114.37822174]
2020-02-08_11:43:04.752[Status]my group tasks is [ 1110.           114.37822174]
2020-02-08_11:43:04.752[Status]my group tasks is [ 1145.   175.]
2020-02-08_11:43:04.818[Status]mygroup_robots_utility is {16: [16.899543875093258, 17.39211541909519, 18.641267461769633, 19.43122322955455, 37.63870522089948, 17.54720908897988], 17: [19.062210944438565, 17.835424611680363, 18.21305556544804, 19.27593116232401, 16.920507555065182, 17.08903888130168], 18: [16.329180747691364, 17.439779868583354, 35.20055867934586, 33.22838042897634, 15.47111658350878, 15.598791070999749], 19: [32.65399753388602, 17.348524708602785, 34.582204196017024, 16.225052456803148, 15.367811367341428, 15.322150260099468], 20: [16.995976969885344, 17.560237499550578, 18.830277438849027, 17.58060743249172, 39.099783870270166, 18.853685419502597], 15: [19.888826463508746, 35.913018996709674, 18.547969076698227, 19.920267515574007, 20.65467242188638, 18.575221980521594]}
2020-02-08_11:43:04.818[Status]self.local_queue is [16, 15, 17, 18, 19, 20]
2020-02-08_11:43:04.818[Status]task_chosen index is 4
2020-02-08_11:43:04.818[Status]myindex_in_queue is 4
2020-02-08_11:43:04.819[Status]task destination is [1040.0, 114.37822173508931]
2020-02-08_11:43:04.932[Battery Energy]121.33
2020-02-08_11:43:04.933[Status]Routing Start.
2020-02-08_11:43:05.059[Status]{'id': 16, 'coordinate': [72.99859517299835, 98.16761433856986]}
2020-02-08_11:43:05.059[Status]Routing 1: Walk: 1
2020-02-08_11:43:05.160[Battery Energy]121.15
2020-02-08_11:43:05.160[Status]Routing Start.
2020-02-08_11:43:05.347[Status]{'id': 16, 'coordinate': [82.9971903459967, 98.33522867713972]}
2020-02-08_11:43:05.347[Status]Routing 2: Walk: 2
2020-02-08_11:43:05.458[Battery Energy]120.91
2020-02-08_11:43:05.458[Status]Routing Start.
2020-02-08_11:43:05.576[Status]{'id': 16, 'coordinate': [92.99578551899505, 98.50284301570959]}
2020-02-08_11:43:05.577[Status]Routing 3: Walk: 3
2020-02-08_11:43:05.679[Battery Energy]120.72
2020-02-08_11:43:05.679[Status]Routing Start.
2020-02-08_11:43:05.837[Status]{'id': 16, 'coordinate': [102.9943806919934, 98.67045735427945]}
2020-02-08_11:43:05.837[Status]Routing 4: Walk: 4
2020-02-08_11:43:05.946[Battery Energy]120.50
2020-02-08_11:43:05.946[Status]Routing Start.
2020-02-08_11:43:06.113[Status]{'id': 16, 'coordinate': [112.99297586499175, 98.83807169284931]}
2020-02-08_11:43:06.113[Status]Routing 5: Walk: 5
2020-02-08_11:43:06.213[Battery Energy]120.29
2020-02-08_11:43:06.213[Status]Routing Start.
2020-02-08_11:43:06.361[Status]{'id': 16, 'coordinate': [122.9915710379901, 99.00568603141917]}
2020-02-08_11:43:06.362[Status]Routing 6: Walk: 6
2020-02-08_11:43:06.462[Battery Energy]120.11
2020-02-08_11:43:06.462[Status]Routing Start.
2020-02-08_11:43:06.778[Status]{'id': 16, 'coordinate': [132.99016621098843, 99.17330036998904]}
2020-02-08_11:43:06.778[Status]Routing 7: Walk: 7
2020-02-08_11:43:06.882[Battery Energy]119.82
2020-02-08_11:43:06.882[Status]Routing Start.
2020-02-08_11:43:07.245[Status]{'id': 16, 'coordinate': [142.98876138398677, 99.3409147085589]}
2020-02-08_11:43:07.245[Status]Routing 8: Walk: 8
2020-02-08_11:43:07.354[Battery Energy]119.50
2020-02-08_11:43:07.354[Status]Routing Start.
2020-02-08_11:43:07.688[Status]{'id': 16, 'coordinate': [152.9873565569851, 99.50852904712876]}
2020-02-08_11:43:07.688[Status]Routing 9: Walk: 9
2020-02-08_11:43:07.788[Battery Energy]119.16
2020-02-08_11:43:07.788[Status]Routing Start.
2020-02-08_11:43:08.110[Status]{'id': 16, 'coordinate': [162.98595172998344, 99.67614338569862]}
2020-02-08_11:43:08.110[Status]Routing 10: Walk: 10
2020-02-08_11:43:08.214[Battery Energy]118.87
2020-02-08_11:43:08.214[Status]Routing Start.
2020-02-08_11:43:08.554[Status]{'id': 16, 'coordinate': [172.98454690298178, 99.84375772426849]}
2020-02-08_11:43:08.554[Status]Routing 11: Walk: 11
2020-02-08_11:43:08.654[Battery Energy]118.54
2020-02-08_11:43:08.654[Status]Routing Start.
2020-02-08_11:43:09.010[Status]{'id': 16, 'coordinate': [182.9831420759801, 100.01137206283835]}
2020-02-08_11:43:09.011[Status]Routing 12: Walk: 12
2020-02-08_11:43:09.114[Battery Energy]118.25
2020-02-08_11:43:09.114[Status]Routing Start.
2020-02-08_11:43:09.441[Status]{'id': 16, 'coordinate': [192.98173724897845, 100.17898640140821]}
2020-02-08_11:43:09.442[Status]Routing 13: Walk: 13
2020-02-08_11:43:09.558[Battery Energy]117.90
2020-02-08_11:43:09.558[Status]Routing Start.
2020-02-08_11:43:09.858[Status]{'id': 16, 'coordinate': [202.98033242197678, 100.34660073997807]}
2020-02-08_11:43:09.858[Status]Routing 14: Walk: 14
2020-02-08_11:43:09.970[Battery Energy]117.60
2020-02-08_11:43:09.970[Status]Routing Start.
2020-02-08_11:43:10.311[Status]{'id': 16, 'coordinate': [212.97892759497512, 100.51421507854793]}
2020-02-08_11:43:10.311[Status]Routing 15: Walk: 15
2020-02-08_11:43:10.417[Battery Energy]117.25
2020-02-08_11:43:10.417[Status]Routing Start.
2020-02-08_11:43:10.778[Status]{'id': 16, 'coordinate': [222.97752276797345, 100.6818294171178]}
2020-02-08_11:43:10.779[Status]Routing 16: Walk: 16
2020-02-08_11:43:10.882[Battery Energy]116.91
2020-02-08_11:43:10.882[Status]Routing Start.
2020-02-08_11:43:11.200[Status]{'id': 16, 'coordinate': [232.9761179409718, 100.84944375568766]}
2020-02-08_11:43:11.200[Status]Routing 17: Walk: 17
2020-02-08_11:43:11.305[Battery Energy]116.60
2020-02-08_11:43:11.305[Status]Routing Start.
2020-02-08_11:43:11.652[Status]{'id': 16, 'coordinate': [242.97471311397013, 101.01705809425752]}
2020-02-08_11:43:11.653[Status]Routing 18: Walk: 18
2020-02-08_11:43:11.753[Battery Energy]116.31
2020-02-08_11:43:11.753[Status]Routing Start.
2020-02-08_11:43:12.072[Status]{'id': 16, 'coordinate': [252.97330828696846, 101.18467243282738]}
2020-02-08_11:43:12.073[Status]Routing 19: Walk: 19
2020-02-08_11:43:12.178[Battery Energy]115.98
2020-02-08_11:43:12.178[Status]Routing Start.
2020-02-08_11:43:12.516[Status]{'id': 16, 'coordinate': [262.9719034599668, 101.35228677139725]}
2020-02-08_11:43:12.517[Status]Routing 20: Walk: 20
2020-02-08_11:43:12.617[Battery Energy]115.66
2020-02-08_11:43:12.617[Status]Routing Start.
2020-02-08_11:43:12.935[Status]{'id': 16, 'coordinate': [272.9704986329652, 101.51990110996711]}
2020-02-08_11:43:12.938[Status]Routing 21: Walk: 21
2020-02-08_11:43:13.040[Battery Energy]115.34
2020-02-08_11:43:13.040[Status]Routing Start.
2020-02-08_11:43:13.378[Status]{'id': 16, 'coordinate': [282.96909380596355, 101.68751544853697]}
2020-02-08_11:43:13.378[Status]Routing 22: Walk: 22
2020-02-08_11:43:13.490[Battery Energy]115.02
2020-02-08_11:43:13.490[Status]Routing Start.
2020-02-08_11:43:13.813[Status]{'id': 16, 'coordinate': [292.9676889789619, 101.85512978710683]}
2020-02-08_11:43:13.814[Status]Routing 23: Walk: 23
2020-02-08_11:43:13.917[Battery Energy]114.69
2020-02-08_11:43:13.917[Status]Routing Start.
2020-02-08_11:43:14.261[Status]{'id': 16, 'coordinate': [302.9662841519603, 102.0227441256767]}
2020-02-08_11:43:14.261[Status]Routing 24: Walk: 24
2020-02-08_11:43:14.365[Battery Energy]114.33
2020-02-08_11:43:14.365[Status]Routing Start.
2020-02-08_11:43:14.669[Status]{'id': 16, 'coordinate': [312.96487932495864, 102.19035846424656]}
2020-02-08_11:43:14.672[Status]Routing 25: Walk: 25
2020-02-08_11:43:14.772[Battery Energy]114.01
2020-02-08_11:43:14.772[Status]Routing Start.
2020-02-08_11:43:15.129[Status]{'id': 16, 'coordinate': [322.963474497957, 102.35797280281642]}
2020-02-08_11:43:15.129[Status]Routing 26: Walk: 26
2020-02-08_11:43:15.234[Battery Energy]113.69
2020-02-08_11:43:15.234[Status]Routing Start.
2020-02-08_11:43:15.549[Status]{'id': 16, 'coordinate': [332.9620696709554, 102.5255871413863]}
2020-02-08_11:43:15.551[Status]Routing 27: Walk: 27
2020-02-08_11:43:15.658[Battery Energy]113.36
2020-02-08_11:43:15.658[Status]Routing Start.
2020-02-08_11:43:15.956[Status]{'id': 16, 'coordinate': [342.96066484395374, 102.69320147995616]}
2020-02-08_11:43:15.957[Status]Routing 28: Walk: 28
2020-02-08_11:43:16.061[Battery Energy]113.04
2020-02-08_11:43:16.061[Status]Routing Start.
2020-02-08_11:43:16.382[Status]{'id': 16, 'coordinate': [352.9592600169521, 102.86081581852604]}
2020-02-08_11:43:16.382[Status]Routing 29: Walk: 29
2020-02-08_11:43:16.494[Battery Energy]112.73
2020-02-08_11:43:16.494[Status]Routing Start.
2020-02-08_11:43:16.835[Status]{'id': 16, 'coordinate': [362.95785518995046, 103.0284301570959]}
2020-02-08_11:43:16.835[Status]Routing 30: Walk: 30
2020-02-08_11:43:16.935[Battery Energy]112.41
2020-02-08_11:43:16.935[Status]Routing Start.
2020-02-08_11:43:17.332[Status]{'id': 16, 'coordinate': [372.95645036294883, 103.19604449566577]}
2020-02-08_11:43:17.333[Status]Routing 31: Walk: 31
2020-02-08_11:43:17.433[Battery Energy]112.00
2020-02-08_11:43:17.433[Status]Routing Start.
2020-02-08_11:43:17.555[Status]{'id': 16, 'coordinate': [382.9550455359472, 103.36365883423564]}
2020-02-08_11:43:17.555[Status]Routing 32: Walk: 32
2020-02-08_11:43:17.655[Battery Energy]111.79
2020-02-08_11:43:17.655[Status]Routing Start.
2020-02-08_11:43:17.956[Status]{'id': 16, 'coordinate': [392.95364070894556, 103.53127317280551]}
2020-02-08_11:43:17.956[Status]Routing 33: Walk: 33
2020-02-08_11:43:18.062[Battery Energy]111.49
2020-02-08_11:43:18.062[Status]Routing Start.
2020-02-08_11:43:18.437[Status]{'id': 16, 'coordinate': [402.9522358819439, 103.69888751137537]}
2020-02-08_11:43:18.441[Status]Routing 34: Walk: 34
2020-02-08_11:43:18.541[Battery Energy]111.15
2020-02-08_11:43:18.541[Status]Routing Start.
2020-02-08_11:43:18.817[Status]{'id': 16, 'coordinate': [412.9508310549423, 103.86650184994525]}
2020-02-08_11:43:18.817[Status]Routing 35: Walk: 35
2020-02-08_11:43:18.917[Battery Energy]110.86
2020-02-08_11:43:18.917[Status]Routing Start.
2020-02-08_11:43:19.240[Status]{'id': 16, 'coordinate': [422.94942622794065, 104.03411618851511]}
2020-02-08_11:43:19.240[Status]Routing 36: Walk: 36
2020-02-08_11:43:19.341[Battery Energy]110.54
2020-02-08_11:43:19.341[Status]Routing Start.
2020-02-08_11:43:19.766[Status]{'id': 16, 'coordinate': [432.948021400939, 104.20173052708499]}
2020-02-08_11:43:19.766[Status]Routing 37: Walk: 37
2020-02-08_11:43:19.866[Battery Energy]110.16
2020-02-08_11:43:19.866[Status]Routing Start.
2020-02-08_11:43:20.168[Status]{'id': 16, 'coordinate': [442.9466165739374, 104.36934486565485]}
2020-02-08_11:43:20.168[Status]Routing 38: Walk: 38
2020-02-08_11:43:20.274[Battery Energy]109.83
2020-02-08_11:43:20.274[Status]Routing Start.
2020-02-08_11:43:20.594[Status]{'id': 16, 'coordinate': [452.94521174693574, 104.53695920422473]}
2020-02-08_11:43:20.594[Status]Routing 39: Walk: 39
2020-02-08_11:43:20.702[Battery Energy]109.53
2020-02-08_11:43:20.702[Status]Routing Start.
2020-02-08_11:43:20.847[Status]{'id': 16, 'coordinate': [462.9438069199341, 104.70457354279459]}
2020-02-08_11:43:20.848[Status]Routing 40: Walk: 40
2020-02-08_11:43:20.954[Battery Energy]109.34
2020-02-08_11:43:20.954[Status]Routing Start.
2020-02-08_11:43:21.091[Status]{'id': 16, 'coordinate': [472.94240209293247, 104.87218788136447]}
2020-02-08_11:43:21.091[Status]Routing 41: Walk: 41
2020-02-08_11:43:21.207[Battery Energy]109.11
2020-02-08_11:43:21.207[Status]Routing Start.
2020-02-08_11:43:21.343[Status]{'id': 16, 'coordinate': [482.94099726593083, 105.03980221993433]}
2020-02-08_11:43:21.343[Status]Routing 42: Walk: 42
2020-02-08_11:43:21.450[Battery Energy]108.89
2020-02-08_11:43:21.450[Status]Routing Start.
2020-02-08_11:43:21.582[Status]{'id': 16, 'coordinate': [492.9395924389292, 105.2074165585042]}
2020-02-08_11:43:21.582[Status]Routing 43: Walk: 43
2020-02-08_11:43:21.694[Battery Energy]108.67
2020-02-08_11:43:21.694[Status]Routing Start.
2020-02-08_11:43:21.853[Status]{'id': 16, 'coordinate': [502.93818761192756, 105.37503089707407]}
2020-02-08_11:43:21.853[Status]Routing 44: Walk: 44
2020-02-08_11:43:21.953[Battery Energy]108.44
2020-02-08_11:43:21.953[Status]Routing Start.
2020-02-08_11:43:22.096[Status]{'id': 16, 'coordinate': [512.9367827849259, 105.54264523564395]}
2020-02-08_11:43:22.097[Status]Routing 45: Walk: 45
2020-02-08_11:43:22.198[Battery Energy]108.24
2020-02-08_11:43:22.198[Status]Routing Start.
2020-02-08_11:43:22.454[Status]{'id': 16, 'coordinate': [522.9353779579242, 105.71025957421381]}
2020-02-08_11:43:22.454[Status]Routing 46: Walk: 46
2020-02-08_11:43:22.558[Battery Energy]107.98
2020-02-08_11:43:22.558[Status]Routing Start.
2020-02-08_11:43:22.699[Status]{'id': 16, 'coordinate': [532.9339731309225, 105.87787391278368]}
2020-02-08_11:43:22.701[Status]Routing 47: Walk: 47
2020-02-08_11:43:22.822[Battery Energy]107.75
2020-02-08_11:43:22.822[Status]Routing Start.
2020-02-08_11:43:22.957[Status]{'id': 16, 'coordinate': [542.9325683039208, 106.04548825135355]}
2020-02-08_11:43:22.957[Status]Routing 48: Walk: 48
2020-02-08_11:43:23.058[Battery Energy]107.57
2020-02-08_11:43:23.058[Status]Routing Start.
2020-02-08_11:43:23.399[Status]{'id': 16, 'coordinate': [552.9311634769191, 106.21310258992342]}
2020-02-08_11:43:23.399[Status]Routing 49: Walk: 49
2020-02-08_11:43:23.502[Battery Energy]107.25
2020-02-08_11:43:23.502[Status]Routing Start.
2020-02-08_11:43:23.641[Status]{'id': 16, 'coordinate': [562.9297586499174, 106.38071692849329]}
2020-02-08_11:43:23.641[Status]Routing 50: Walk: 50
2020-02-08_11:43:23.758[Battery Energy]107.03
2020-02-08_11:43:23.758[Status]Routing Start.
2020-02-08_11:43:24.052[Status]{'id': 16, 'coordinate': [572.9283538229157, 106.54833126706316]}
2020-02-08_11:43:24.052[Status]Routing 51: Walk: 51
2020-02-08_11:43:24.152[Battery Energy]106.74
2020-02-08_11:43:24.152[Status]Routing Start.
2020-02-08_11:43:24.461[Status]{'id': 16, 'coordinate': [582.926948995914, 106.71594560563302]}
2020-02-08_11:43:24.461[Status]Routing 52: Walk: 52
2020-02-08_11:43:24.570[Battery Energy]106.45
2020-02-08_11:43:24.570[Status]Routing Start.
2020-02-08_11:43:24.911[Status]{'id': 16, 'coordinate': [592.9255441689123, 106.8835599442029]}
2020-02-08_11:43:24.912[Status]Routing 53: Walk: 53
2020-02-08_11:43:25.013[Battery Energy]106.11
2020-02-08_11:43:25.013[Status]Routing Start.
2020-02-08_11:43:25.328[Status]{'id': 16, 'coordinate': [602.9241393419106, 107.05117428277276]}
2020-02-08_11:43:25.328[Status]Routing 54: Walk: 54
2020-02-08_11:43:25.429[Battery Energy]105.83
2020-02-08_11:43:25.429[Status]Routing Start.
2020-02-08_11:43:25.698[Status]{'id': 16, 'coordinate': [612.9227345149089, 107.21878862134264]}
2020-02-08_11:43:25.698[Status]Routing 55: Walk: 55
2020-02-08_11:43:25.810[Battery Energy]105.52
2020-02-08_11:43:25.810[Status]Routing Start.
2020-02-08_11:43:26.121[Status]{'id': 16, 'coordinate': [622.9213296879072, 107.3864029599125]}
2020-02-08_11:43:26.121[Status]Routing 56: Walk: 56
2020-02-08_11:43:26.226[Battery Energy]105.23
2020-02-08_11:43:26.226[Status]Routing Start.
2020-02-08_11:43:26.496[Status]{'id': 16, 'coordinate': [632.9199248609056, 107.55401729848236]}
2020-02-08_11:43:26.498[Status]Routing 57: Walk: 57
2020-02-08_11:43:26.602[Battery Energy]104.95
2020-02-08_11:43:26.602[Status]Routing Start.
2020-02-08_11:43:26.763[Status]{'id': 16, 'coordinate': [642.9185200339039, 107.72163163705224]}
2020-02-08_11:43:26.763[Status]Routing 58: Walk: 58
2020-02-08_11:43:26.864[Battery Energy]104.73
2020-02-08_11:43:26.864[Status]Routing Start.
2020-02-08_11:43:27.172[Status]{'id': 16, 'coordinate': [652.9171152069022, 107.8892459756221]}
2020-02-08_11:43:27.172[Status]Routing 59: Walk: 59
2020-02-08_11:43:27.273[Battery Energy]104.38
2020-02-08_11:43:27.273[Status]Routing Start.
2020-02-08_11:43:27.458[Status]{'id': 16, 'coordinate': [662.9157103799005, 108.05686031419198]}
2020-02-08_11:43:27.459[Status]Routing 60: Walk: 60
2020-02-08_11:43:27.566[Battery Energy]104.15
2020-02-08_11:43:27.566[Status]Routing Start.
2020-02-08_11:43:27.835[Status]{'id': 16, 'coordinate': [672.9143055528988, 108.22447465276184]}
2020-02-08_11:43:27.838[Status]Routing 61: Walk: 61
2020-02-08_11:43:27.942[Battery Energy]103.86
2020-02-08_11:43:27.942[Status]Routing Start.
2020-02-08_11:43:28.260[Status]{'id': 16, 'coordinate': [682.9129007258971, 108.39208899133172]}
2020-02-08_11:43:28.260[Status]Routing 62: Walk: 62
2020-02-08_11:43:28.362[Battery Energy]103.54
2020-02-08_11:43:28.362[Status]Routing Start.
2020-02-08_11:43:28.672[Status]{'id': 16, 'coordinate': [692.9114958988954, 108.55970332990158]}
2020-02-08_11:43:28.673[Status]Routing 63: Walk: 63
2020-02-08_11:43:28.776[Battery Energy]103.24
2020-02-08_11:43:28.776[Status]Routing Start.
2020-02-08_11:43:29.071[Status]{'id': 16, 'coordinate': [702.9100910718937, 108.72731766847146]}
2020-02-08_11:43:29.071[Status]Routing 64: Walk: 64
2020-02-08_11:43:29.171[Battery Energy]102.95
2020-02-08_11:43:29.171[Status]Routing Start.
2020-02-08_11:43:29.506[Status]{'id': 16, 'coordinate': [712.908686244892, 108.89493200704132]}
2020-02-08_11:43:29.506[Status]Routing 65: Walk: 65
2020-02-08_11:43:29.607[Battery Energy]102.64
2020-02-08_11:43:29.607[Status]Routing Start.
2020-02-08_11:43:29.918[Status]{'id': 16, 'coordinate': [722.9072814178903, 109.0625463456112]}
2020-02-08_11:43:29.919[Status]Routing 66: Walk: 66
2020-02-08_11:43:30.019[Battery Energy]102.34
2020-02-08_11:43:30.019[Status]Routing Start.
2020-02-08_11:43:30.367[Status]{'id': 16, 'coordinate': [732.9058765908886, 109.23016068418106]}
2020-02-08_11:43:30.374[Status]Routing 67: Walk: 67
2020-02-08_11:43:30.482[Battery Energy]101.99
2020-02-08_11:43:30.482[Status]Routing Start.
2020-02-08_11:43:30.813[Status]{'id': 16, 'coordinate': [742.9044717638869, 109.39777502275092]}
2020-02-08_11:43:30.814[Status]Routing 68: Walk: 68
2020-02-08_11:43:30.915[Battery Energy]101.68
2020-02-08_11:43:30.916[Status]Routing Start.
2020-02-08_11:43:31.056[Status]{'id': 16, 'coordinate': [752.9030669368852, 109.5653893613208]}
2020-02-08_11:43:31.056[Status]Routing 69: Walk: 69
2020-02-08_11:43:31.156[Battery Energy]101.46
2020-02-08_11:43:31.156[Status]Routing Start.
2020-02-08_11:43:31.343[Status]{'id': 16, 'coordinate': [762.9016621098835, 109.73300369989066]}
2020-02-08_11:43:31.343[Status]Routing 70: Walk: 70
2020-02-08_11:43:31.444[Battery Energy]101.25
2020-02-08_11:43:31.444[Status]Routing Start.
2020-02-08_11:43:31.580[Status]{'id': 16, 'coordinate': [772.9002572828819, 109.90061803846054]}
2020-02-08_11:43:31.580[Status]Routing 71: Walk: 71
2020-02-08_11:43:31.690[Battery Energy]101.06
2020-02-08_11:43:31.690[Status]Routing Start.
2020-02-08_11:43:31.831[Status]{'id': 16, 'coordinate': [782.8988524558802, 110.0682323770304]}
2020-02-08_11:43:31.832[Status]Routing 72: Walk: 72
2020-02-08_11:43:31.934[Battery Energy]100.84
2020-02-08_11:43:31.935[Status]Routing Start.
2020-02-08_11:43:32.063[Status]{'id': 16, 'coordinate': [792.8974476288785, 110.23584671560027]}
2020-02-08_11:43:32.063[Status]Routing 73: Walk: 73
2020-02-08_11:43:32.163[Battery Energy]100.63
2020-02-08_11:43:32.163[Status]Routing Start.
2020-02-08_11:43:32.322[Status]{'id': 16, 'coordinate': [802.8960428018768, 110.40346105417014]}
2020-02-08_11:43:32.322[Status]Routing 74: Walk: 74
2020-02-08_11:43:32.430[Battery Energy]100.41
2020-02-08_11:43:32.430[Status]Routing Start.
2020-02-08_11:43:32.576[Status]{'id': 16, 'coordinate': [812.8946379748751, 110.57107539274001]}
2020-02-08_11:43:32.576[Status]Routing 75: Walk: 75
2020-02-08_11:43:32.686[Battery Energy]100.20
2020-02-08_11:43:32.686[Status]Routing Start.
2020-02-08_11:43:32.829[Status]{'id': 16, 'coordinate': [822.8932331478734, 110.73868973130988]}
2020-02-08_11:43:32.832[Status]Routing 76: Walk: 76
2020-02-08_11:43:32.938[Battery Energy]99.97
2020-02-08_11:43:32.938[Status]Routing Start.
2020-02-08_11:43:33.080[Status]{'id': 16, 'coordinate': [832.8918283208717, 110.90630406987975]}
2020-02-08_11:43:33.080[Status]Routing 77: Walk: 77
2020-02-08_11:43:33.188[Battery Energy]99.78
2020-02-08_11:43:33.188[Status]Routing Start.
2020-02-08_11:43:33.336[Status]{'id': 16, 'coordinate': [842.89042349387, 111.07391840844961]}
2020-02-08_11:43:33.336[Status]Routing 78: Walk: 78
2020-02-08_11:43:33.436[Battery Energy]99.59
2020-02-08_11:43:33.436[Status]Routing Start.
2020-02-08_11:43:33.598[Status]{'id': 16, 'coordinate': [852.8890186668683, 111.24153274701948]}
2020-02-08_11:43:33.598[Status]Routing 79: Walk: 79
2020-02-08_11:43:33.699[Battery Energy]99.37
2020-02-08_11:43:33.699[Status]Routing Start.
2020-02-08_11:43:33.910[Status]{'id': 16, 'coordinate': [862.8876138398666, 111.40914708558935]}
2020-02-08_11:43:33.911[Status]Routing 80: Walk: 80
2020-02-08_11:43:34.022[Battery Energy]99.15
2020-02-08_11:43:34.022[Status]Routing Start.
2020-02-08_11:43:34.183[Status]{'id': 16, 'coordinate': [872.8862090128649, 111.57676142415922]}
2020-02-08_11:43:34.183[Status]Routing 81: Walk: 81
2020-02-08_11:43:34.291[Battery Energy]98.91
2020-02-08_11:43:34.291[Status]Routing Start.
2020-02-08_11:43:34.459[Status]{'id': 16, 'coordinate': [882.8848041858632, 111.74437576272909]}
2020-02-08_11:43:34.459[Status]Routing 82: Walk: 82
2020-02-08_11:43:34.562[Battery Energy]98.69
2020-02-08_11:43:34.562[Status]Routing Start.
2020-02-08_11:43:34.692[Status]{'id': 16, 'coordinate': [892.8833993588615, 111.91199010129895]}
2020-02-08_11:43:34.692[Status]Routing 83: Walk: 83
2020-02-08_11:43:34.792[Battery Energy]98.49
2020-02-08_11:43:34.793[Status]Routing Start.
2020-02-08_11:43:35.312[Status]{'id': 16, 'coordinate': [902.8819945318598, 112.07960443986883]}
2020-02-08_11:43:35.312[Status]Routing 84: Walk: 84
2020-02-08_11:43:35.412[Battery Energy]98.03
2020-02-08_11:43:35.412[Status]Routing Start.
2020-02-08_11:43:35.540[Status]{'id': 16, 'coordinate': [912.8805897048582, 112.2472187784387]}
2020-02-08_11:43:35.540[Status]Routing 85: Walk: 85
2020-02-08_11:43:35.640[Battery Energy]97.83
2020-02-08_11:43:35.640[Status]Routing Start.
2020-02-08_11:43:35.816[Status]{'id': 16, 'coordinate': [922.8791848778565, 112.41483311700857]}
2020-02-08_11:43:35.816[Status]Routing 86: Walk: 86
2020-02-08_11:43:35.926[Battery Energy]97.61
2020-02-08_11:43:35.926[Status]Routing Start.
2020-02-08_11:43:36.060[Status]{'id': 16, 'coordinate': [932.8777800508548, 112.58244745557843]}
2020-02-08_11:43:36.060[Status]Routing 87: Walk: 87
2020-02-08_11:43:36.166[Battery Energy]97.43
2020-02-08_11:43:36.166[Status]Routing Start.
2020-02-08_11:43:36.479[Status]{'id': 16, 'coordinate': [942.8763752238531, 112.75006179414831]}
2020-02-08_11:43:36.479[Status]Routing 88: Walk: 88
2020-02-08_11:43:36.599[Battery Energy]97.12
2020-02-08_11:43:36.599[Status]Routing Start.
2020-02-08_11:43:36.911[Status]{'id': 16, 'coordinate': [952.8749703968514, 112.91767613271817]}
2020-02-08_11:43:36.912[Status]Routing 89: Walk: 89
2020-02-08_11:43:37.018[Battery Energy]96.82
2020-02-08_11:43:37.018[Status]Routing Start.
2020-02-08_11:43:37.388[Status]{'id': 16, 'coordinate': [962.8735655698497, 113.08529047128805]}
2020-02-08_11:43:37.388[Status]Routing 90: Walk: 90
2020-02-08_11:43:37.488[Battery Energy]96.50
2020-02-08_11:43:37.488[Status]Routing Start.
2020-02-08_11:43:37.644[Status]{'id': 16, 'coordinate': [972.872160742848, 113.25290480985791]}
2020-02-08_11:43:37.644[Status]Routing 91: Walk: 91
2020-02-08_11:43:37.744[Battery Energy]96.29
2020-02-08_11:43:37.744[Status]Routing Start.
2020-02-08_11:43:37.896[Status]{'id': 16, 'coordinate': [982.8707559158463, 113.42051914842777]}
2020-02-08_11:43:37.896[Status]Routing 92: Walk: 92
2020-02-08_11:43:38.018[Battery Energy]96.08
2020-02-08_11:43:38.018[Status]Routing Start.
2020-02-08_11:43:38.144[Status]{'id': 16, 'coordinate': [992.8693510888446, 113.58813348699765]}
2020-02-08_11:43:38.144[Status]Routing 93: Walk: 93
2020-02-08_11:43:38.245[Battery Energy]95.87
2020-02-08_11:43:38.245[Status]Routing Start.
2020-02-08_11:43:38.394[Status]{'id': 16, 'coordinate': [1002.8679462618429, 113.75574782556751]}
2020-02-08_11:43:38.394[Status]Routing 94: Walk: 94
2020-02-08_11:43:38.498[Battery Energy]95.64
2020-02-08_11:43:38.498[Status]Routing Start.
2020-02-08_11:43:38.644[Status]{'id': 16, 'coordinate': [1012.8665414348412, 113.92336216413739]}
2020-02-08_11:43:38.644[Status]Routing 95: Walk: 95
2020-02-08_11:43:38.750[Battery Energy]95.45
2020-02-08_11:43:38.750[Status]Routing Start.
2020-02-08_11:43:38.990[Status]{'id': 16, 'coordinate': [1022.8651366078395, 114.09097650270725]}
2020-02-08_11:43:38.990[Status]Routing 96: Walk: 96
2020-02-08_11:43:39.090[Battery Energy]95.21
2020-02-08_11:43:39.090[Status]Routing Start.
2020-02-08_11:43:39.274[Status]{'id': 16, 'coordinate': [1032.863731780838, 114.25859084127713]}
2020-02-08_11:43:39.274[Status]Routing 97: Walk: 97
2020-02-08_11:43:39.378[Battery Energy]94.98
2020-02-08_11:43:39.378[Status]Routing Start.
2020-02-08_11:43:39.378[Status]Task Finished.
2020-02-08_11:43:39.479[Battery Energy]94.98
2020-02-08_11:43:39.607[Status]Routing 99: Walk: 97
2020-02-08_11:43:39.708[Battery Energy]94.86
2020-02-08_11:43:40.157[Status]Routing 100: Walk: 97
2020-02-08_11:43:40.257[Battery Energy]94.46
2020-02-08_11:43:40.652[Status]Routing 101: Walk: 97
2020-02-08_11:43:40.754[Battery Energy]94.10
2020-02-08_11:43:40.902[Status]Routing 102: Walk: 97
2020-02-08_11:43:41.003[Battery Energy]93.99
2020-02-08_11:43:41.427[Status]Routing 103: Walk: 97
2020-02-08_11:43:41.527[Battery Energy]93.68
2020-02-08_11:43:41.700[Status]Routing 104: Walk: 97
2020-02-08_11:43:41.800[Battery Energy]93.56
2020-02-08_11:43:42.128[Status]Routing 105: Walk: 97
2020-02-08_11:43:42.238[Battery Energy]93.36
2020-02-08_11:43:42.364[Status]Routing 106: Walk: 97
2020-02-08_11:43:42.464[Battery Energy]93.26
2020-02-08_11:43:42.782[Status]Routing 107: Walk: 97
2020-02-08_11:43:42.898[Battery Energy]93.06
2020-02-08_11:43:43.174[Status]Routing 108: Walk: 97
2020-02-08_11:43:43.294[Battery Energy]92.82
2020-02-08_11:43:43.601[Status]Routing 109: Walk: 97
2020-02-08_11:43:43.702[Battery Energy]92.62
2020-02-08_11:43:43.846[Status]Routing 110: Walk: 97
2020-02-08_11:43:43.962[Battery Energy]92.51
2020-02-08_11:43:44.273[Status]Routing 111: Walk: 97
2020-02-08_11:43:44.382[Battery Energy]92.31
2020-02-08_11:43:44.645[Status]Routing 112: Walk: 97
2020-02-08_11:43:44.750[Battery Energy]92.14
2020-02-08_11:43:44.991[Status]Routing 113: Walk: 97
2020-02-08_11:43:45.092[Battery Energy]91.96
2020-02-08_11:43:45.339[Status]Routing 114: Walk: 97
2020-02-08_11:43:45.439[Battery Energy]91.79
2020-02-08_11:43:45.605[Status]Routing 115: Walk: 97
2020-02-08_11:43:45.705[Battery Energy]91.67
2020-02-08_11:43:46.040[Status]Routing 116: Walk: 97
2020-02-08_11:43:46.146[Battery Energy]91.47
2020-02-08_11:43:46.468[Status]Routing 117: Walk: 97
2020-02-08_11:43:46.569[Battery Energy]91.25
2020-02-08_11:43:46.893[Status]Routing 118: Walk: 97
2020-02-08_11:43:46.993[Battery Energy]91.06
2020-02-08_11:43:47.276[Status]Routing 119: Walk: 97
2020-02-08_11:43:47.390[Battery Energy]90.92
2020-02-08_11:43:47.526[Status]Routing 120: Walk: 97
2020-02-08_11:43:47.634[Battery Energy]90.80
2020-02-08_11:43:47.966[Status]Routing 121: Walk: 97
2020-02-08_11:43:48.070[Battery Energy]90.58
2020-02-08_11:43:48.222[Status]Routing 122: Walk: 97
2020-02-08_11:43:48.324[Battery Energy]90.47
2020-02-08_11:43:48.635[Status]Routing 123: Walk: 97
2020-02-08_11:43:48.738[Battery Energy]90.25
2020-02-08_11:43:49.036[Status]Routing 124: Walk: 97
2020-02-08_11:43:49.146[Battery Energy]90.02
2020-02-08_11:43:49.441[Status]Routing 125: Walk: 97
2020-02-08_11:43:49.546[Battery Energy]89.81
2020-02-08_11:43:49.907[Status]Routing 126: Walk: 97
2020-02-08_11:43:50.014[Battery Energy]89.58
2020-02-08_11:43:50.386[Status]Routing 127: Walk: 97
2020-02-08_11:43:50.498[Battery Energy]89.31
2020-02-08_11:43:50.827[Status]Routing 128: Walk: 97
2020-02-08_11:43:50.927[Battery Energy]89.12
2020-02-08_11:43:51.290[Status]Routing 129: Walk: 97
2020-02-08_11:43:51.397[Battery Energy]88.86
2020-02-08_11:43:51.709[Status]Routing 130: Walk: 97
2020-02-08_11:43:51.809[Battery Energy]88.64
2020-02-08_11:43:52.118[Status]Routing 131: Walk: 97
2020-02-08_11:43:52.218[Battery Energy]88.44
2020-02-08_11:43:52.376[Status]Routing 132: Walk: 97
2020-02-08_11:43:52.477[Battery Energy]88.32
2020-02-08_11:43:52.647[Status]Routing 133: Walk: 97
2020-02-08_11:43:52.747[Battery Energy]88.20
2020-02-08_11:43:52.871[Status]Routing 134: Walk: 97
2020-02-08_11:43:52.990[Battery Energy]88.10
2020-02-08_11:43:53.140[Status]Routing 135: Walk: 97
2020-02-08_11:43:53.242[Battery Energy]87.99
2020-02-08_11:43:53.501[Status]Routing 136: Walk: 97
2020-02-08_11:43:53.606[Battery Energy]87.81
2020-02-08_11:43:53.766[Status]Routing 137: Walk: 97
2020-02-08_11:43:53.866[Battery Energy]87.72
2020-02-08_11:43:54.034[Status]Routing 138: Walk: 97
2020-02-08_11:43:54.154[Battery Energy]87.59
2020-02-08_11:43:54.279[Status]Routing 139: Walk: 97
2020-02-08_11:43:54.386[Battery Energy]87.47
2020-02-08_11:43:54.550[Status]Routing 140: Walk: 97
2020-02-08_11:43:54.666[Battery Energy]87.37
2020-02-08_11:43:54.830[Status]Routing 141: Walk: 97
2020-02-08_11:43:54.936[Battery Energy]87.26
2020-02-08_11:43:55.082[Status]Routing 142: Walk: 97
2020-02-08_11:43:55.190[Battery Energy]87.14
2020-02-08_11:43:55.338[Status]Routing 143: Walk: 97
2020-02-08_11:43:55.441[Battery Energy]87.02
2020-02-08_11:43:55.596[Status]Routing 144: Walk: 97
2020-02-08_11:43:55.703[Battery Energy]86.89
2020-02-08_11:43:55.841[Status]Routing 145: Walk: 97
2020-02-08_11:43:55.946[Battery Energy]86.78
2020-02-08_11:43:56.073[Status]Routing 146: Walk: 97
2020-02-08_11:43:56.182[Battery Energy]86.69
2020-02-08_11:43:56.334[Status]Routing 147: Walk: 97
2020-02-08_11:43:56.434[Battery Energy]86.58
2020-02-08_11:43:56.614[Status]Routing 148: Walk: 97
2020-02-08_11:43:56.714[Battery Energy]86.47
2020-02-08_11:43:56.973[Status]Routing 149: Walk: 97
2020-02-08_11:43:57.094[Battery Energy]86.28
2020-02-08_11:43:57.243[Status]Routing 150: Walk: 97
2020-02-08_11:43:57.358[Battery Energy]86.14
2020-02-08_11:43:57.489[Status]Routing 151: Walk: 97
2020-02-08_11:43:57.589[Battery Energy]86.04
2020-02-08_11:43:57.720[Status]Routing 152: Walk: 97
2020-02-08_11:43:57.823[Battery Energy]85.93
2020-02-08_11:43:57.977[Status]Routing 153: Walk: 97
2020-02-08_11:43:58.090[Battery Energy]85.83
2020-02-08_11:43:58.257[Status]Routing 154: Walk: 97
2020-02-08_11:43:58.370[Battery Energy]85.69
2020-02-08_11:43:58.523[Status]Routing 155: Walk: 97
2020-02-08_11:43:58.630[Battery Energy]85.57
2020-02-08_11:43:58.802[Status]Routing 156: Walk: 97
2020-02-08_11:43:58.902[Battery Energy]85.44
2020-02-08_11:43:59.061[Status]Routing 157: Walk: 97
2020-02-08_11:43:59.178[Battery Energy]85.31
2020-02-08_11:43:59.304[Status]Routing 158: Walk: 97
2020-02-08_11:43:59.406[Battery Energy]85.23
2020-02-08_11:43:59.626[Status]Routing 159: Walk: 97
2020-02-08_11:43:59.742[Battery Energy]85.09
2020-02-08_11:43:59.899[Status]Routing 160: Walk: 97
2020-02-08_11:44:00.010[Battery Energy]84.99
2020-02-08_11:44:00.153[Status]Routing 161: Walk: 97
2020-02-08_11:44:00.253[Battery Energy]84.90
2020-02-08_11:44:00.427[Status]Routing 162: Walk: 97
2020-02-08_11:44:00.538[Battery Energy]84.76
2020-02-08_11:44:00.653[Status]Routing 163: Walk: 97
2020-02-08_11:44:00.766[Battery Energy]84.68
2020-02-08_11:44:00.948[Status]Routing 164: Walk: 97
2020-02-08_11:44:01.058[Battery Energy]84.58
2020-02-08_11:44:01.186[Status]Routing 165: Walk: 97
2020-02-08_11:44:01.294[Battery Energy]84.47
2020-02-08_11:44:01.469[Status]Routing 166: Walk: 97
2020-02-08_11:44:01.570[Battery Energy]84.36
2020-02-08_11:44:01.729[Status]Routing 167: Walk: 97
2020-02-08_11:44:01.829[Battery Energy]84.22
2020-02-08_11:44:01.997[Status]Routing 168: Walk: 97
2020-02-08_11:44:02.099[Battery Energy]84.12
2020-02-08_11:44:02.236[Status]Routing 169: Walk: 97
2020-02-08_11:44:02.353[Battery Energy]84.00
2020-02-08_11:44:02.480[Status]Routing 170: Walk: 97
2020-02-08_11:44:02.590[Battery Energy]83.90
2020-02-08_11:44:02.713[Status]Routing 171: Walk: 97
2020-02-08_11:44:02.817[Battery Energy]83.79
2020-02-08_11:44:02.961[Status]Routing 172: Walk: 97
2020-02-08_11:44:03.078[Battery Energy]83.69
2020-02-08_11:44:03.217[Status]Routing 173: Walk: 97
2020-02-08_11:44:03.322[Battery Energy]83.58
2020-02-08_11:44:03.469[Status]Routing 174: Walk: 97
2020-02-08_11:44:03.570[Battery Energy]83.46
2020-02-08_11:44:03.720[Status]Routing 175: Walk: 97
2020-02-08_11:44:03.830[Battery Energy]83.37
2020-02-08_11:44:03.959[Status]Routing 176: Walk: 97
2020-02-08_11:44:04.062[Battery Energy]83.26
2020-02-08_11:44:04.191[Status]Routing 177: Walk: 97
2020-02-08_11:44:04.298[Battery Energy]83.17
2020-02-08_11:44:04.426[Status]Routing 178: Walk: 97
2020-02-08_11:44:04.538[Battery Energy]83.07
2020-02-08_11:44:04.671[Status]Routing 179: Walk: 97
2020-02-08_11:44:04.790[Battery Energy]82.96
2020-02-08_11:44:04.915[Status]Routing 180: Walk: 97
2020-02-08_11:44:05.022[Battery Energy]82.87
2020-02-08_11:44:05.181[Status]Routing 181: Walk: 97
2020-02-08_11:44:05.293[Battery Energy]82.75
2020-02-08_11:44:05.424[Status]Routing 182: Walk: 97
2020-02-08_11:44:05.530[Battery Energy]82.64
2020-02-08_11:44:05.677[Status]Routing 183: Walk: 97
2020-02-08_11:44:05.784[Battery Energy]82.54
2020-02-08_11:44:05.918[Status]Routing 184: Walk: 97
2020-02-08_11:44:06.033[Battery Energy]82.47
2020-02-08_11:44:06.143[Status]Routing 185: Walk: 97
2020-02-08_11:44:06.253[Battery Energy]82.38
2020-02-08_11:44:06.394[Status]Routing 186: Walk: 97
2020-02-08_11:44:06.510[Battery Energy]82.28
2020-02-08_11:44:06.639[Status]Routing 187: Walk: 97
2020-02-08_11:44:06.744[Battery Energy]82.18
2020-02-08_11:44:06.884[Status]Routing 188: Walk: 97
2020-02-08_11:44:06.998[Battery Energy]82.09
2020-02-08_11:44:07.123[Status]Routing 189: Walk: 97
2020-02-08_11:44:07.224[Battery Energy]82.00
2020-02-08_11:44:07.377[Status]Routing 190: Walk: 97
2020-02-08_11:44:07.486[Battery Energy]81.87
2020-02-08_11:44:07.638[Status]Routing 191: Walk: 97
2020-02-08_11:44:07.750[Battery Energy]81.76
2020-02-08_11:44:07.881[Status]Routing 192: Walk: 97
2020-02-08_11:44:07.981[Battery Energy]81.66
2020-02-08_11:44:08.135[Status]Routing 193: Walk: 97
2020-02-08_11:44:08.246[Battery Energy]81.58
2020-02-08_11:44:08.369[Status]Routing 194: Walk: 97
2020-02-08_11:44:08.470[Battery Energy]81.48
2020-02-08_11:44:08.615[Status]Routing 195: Walk: 97
2020-02-08_11:44:08.716[Battery Energy]81.37
2020-02-08_11:44:08.880[Status]Routing 196: Walk: 97
2020-02-08_11:44:08.986[Battery Energy]81.25
2020-02-08_11:44:09.137[Status]Routing 197: Walk: 97
2020-02-08_11:44:09.255[Battery Energy]81.17
2020-02-08_11:44:09.443[Status]Routing 198: Walk: 97
2020-02-08_11:44:09.544[Battery Energy]81.06
2020-02-08_11:44:09.697[Status]Routing 199: Walk: 97
2020-02-08_11:44:09.810[Battery Energy]80.94
